 0.480900E-01   0.000000E+00   0.000000E+00   0.000000E+00   0.100000E-01
 0.500419E-01   0.929268E-03   0.295228E+01   0.919839E-03   0.104079E-01
 0.519938E-01   0.250907E-02   0.409175E+01   0.248444E-02   0.108158E-01
 0.539457E-01   0.439823E-02   0.491118E+01   0.435644E-02   0.112237E-01
 0.558976E-01   0.647524E-02   0.556241E+01   0.641567E-02   0.116315E-01
 0.578495E-01   0.866798E-02   0.610404E+01   0.859073E-02   0.120393E-01
 0.598015E-01   0.109906E-01   0.658004E+01   0.108957E-01   0.124471E-01
 0.617534E-01   0.132867E-01   0.698068E+01   0.131755E-01   0.128548E-01
 0.637053E-01   0.156437E-01   0.734205E+01   0.155168E-01   0.132624E-01
 0.656572E-01   0.179943E-01   0.766258E+01   0.178528E-01   0.136699E-01
 0.676091E-01   0.203637E-01   0.795460E+01   0.202085E-01   0.140774E-01
 0.695610E-01   0.228317E-01   0.823451E+01   0.226631E-01   0.144847E-01
 0.715129E-01   0.251817E-01   0.847606E+01   0.250014E-01   0.148920E-01
 0.734648E-01   0.275801E-01   0.870589E+01   0.273888E-01   0.152991E-01
 0.754167E-01   0.299489E-01   0.891643E+01   0.297477E-01   0.157061E-01
 0.773686E-01   0.321802E-01   0.909800E+01   0.319706E-01   0.161130E-01
 0.793206E-01   0.345685E-01   0.928598E+01   0.343505E-01   0.165197E-01
 0.812725E-01   0.369226E-01   0.945964E+01   0.366972E-01   0.169262E-01
 0.832244E-01   0.392344E-01   0.961964E+01   0.390026E-01   0.173326E-01
 0.851763E-01   0.415364E-01   0.977045E+01   0.412990E-01   0.177388E-01
 0.871282E-01   0.438203E-01   0.991208E+01   0.435782E-01   0.181448E-01
 0.890801E-01   0.461448E-01   0.100507E+02   0.458985E-01   0.185506E-01
 0.910320E-01   0.484278E-01   0.101791E+02   0.481781E-01   0.189562E-01
 0.929839E-01   0.506919E-01   0.103000E+02   0.504396E-01   0.193616E-01
 0.949358E-01   0.530168E-01   0.104208E+02   0.527623E-01   0.197668E-01
 0.968878E-01   0.553078E-01   0.105334E+02   0.550520E-01   0.201717E-01
 0.988397E-01   0.575474E-01   0.106369E+02   0.572910E-01   0.205764E-01
 0.100792E+00   0.598829E-01   0.107438E+02   0.596263E-01   0.209808E-01
 0.102743E+00   0.621617E-01   0.108418E+02   0.619056E-01   0.213850E-01
 0.104695E+00   0.644512E-01   0.109369E+02   0.641962E-01   0.217890E-01
 0.106647E+00   0.667405E-01   0.110284E+02   0.664871E-01   0.221929E-01
 0.108599E+00   0.690394E-01   0.111173E+02   0.687881E-01   0.225965E-01
 0.110551E+00   0.711687E-01   0.111904E+02   0.709203E-01   0.230000E-01
 0.112503E+00   0.733952E-01   0.112681E+02   0.731500E-01   0.234032E-01
 0.114455E+00   0.756684E-01   0.113466E+02   0.754268E-01   0.238064E-01
 0.116407E+00   0.779375E-01   0.114223E+02   0.777001E-01   0.242094E-01
 0.118359E+00   0.803298E-01   0.115043E+02   0.800970E-01   0.246122E-01
 0.120311E+00   0.825100E-01   0.115691E+02   0.822823E-01   0.250150E-01
 0.122263E+00   0.847409E-01   0.116355E+02   0.845188E-01   0.254176E-01
 0.124214E+00   0.872017E-01   0.117158E+02   0.869857E-01   0.258201E-01
 0.126166E+00   0.893891E-01   0.117755E+02   0.891795E-01   0.262225E-01
 0.128118E+00   0.915867E-01   0.118344E+02   0.913839E-01   0.266249E-01
 0.130070E+00   0.939876E-01   0.119052E+02   0.937923E-01   0.270272E-01
 0.132022E+00   0.961066E-01   0.119561E+02   0.959189E-01   0.274294E-01
 0.133974E+00   0.983031E-01   0.120109E+02   0.981234E-01   0.278316E-01
 0.135926E+00   0.100451E+00   0.120614E+02   0.100279E+00   0.282337E-01
 0.137878E+00   0.102905E+00   0.121306E+02   0.102743E+00   0.286358E-01
 0.139830E+00   0.105034E+00   0.121781E+02   0.104881E+00   0.290379E-01
 0.141782E+00   0.107192E+00   0.122268E+02   0.107049E+00   0.294400E-01
 0.143734E+00   0.109401E+00   0.122780E+02   0.109268E+00   0.298421E-01
 0.145685E+00   0.111531E+00   0.123239E+02   0.111408E+00   0.302442E-01
 0.147637E+00   0.113640E+00   0.123682E+02   0.113528E+00   0.306464E-01
 0.149589E+00   0.115818E+00   0.124164E+02   0.115717E+00   0.310485E-01
 0.151541E+00   0.117970E+00   0.124628E+02   0.117880E+00   0.314506E-01
 0.153493E+00   0.119975E+00   0.125002E+02   0.119897E+00   0.318528E-01
 0.155445E+00   0.122084E+00   0.125437E+02   0.122018E+00   0.322549E-01
 0.157397E+00   0.124223E+00   0.125889E+02   0.124169E+00   0.326570E-01
 0.159349E+00   0.126329E+00   0.126322E+02   0.126288E+00   0.330591E-01
 0.161301E+00   0.128095E+00   0.126555E+02   0.128066E+00   0.334611E-01
 0.163253E+00   0.130215E+00   0.126996E+02   0.130199E+00   0.338631E-01
 0.165205E+00   0.132050E+00   0.127273E+02   0.132047E+00   0.342651E-01
 0.167157E+00   0.134184E+00   0.127723E+02   0.134195E+00   0.346669E-01
 0.169108E+00   0.135918E+00   0.127945E+02   0.135941E+00   0.350688E-01
 0.171060E+00   0.137918E+00   0.128321E+02   0.137956E+00   0.354705E-01
 0.173012E+00   0.139685E+00   0.128566E+02   0.139735E+00   0.358722E-01
 0.174964E+00   0.141583E+00   0.128887E+02   0.141648E+00   0.362738E-01
 0.176916E+00   0.143412E+00   0.129172E+02   0.143491E+00   0.366754E-01
 0.178868E+00   0.145118E+00   0.129389E+02   0.145210E+00   0.370768E-01
 0.180820E+00   0.147186E+00   0.129811E+02   0.147295E+00   0.374781E-01
 0.182772E+00   0.148906E+00   0.130041E+02   0.149029E+00   0.378793E-01
 0.184724E+00   0.150553E+00   0.130233E+02   0.150690E+00   0.382804E-01
 0.186676E+00   0.152183E+00   0.130418E+02   0.152334E+00   0.386813E-01
 0.188628E+00   0.154162E+00   0.130797E+02   0.154329E+00   0.390821E-01
 0.190579E+00   0.155664E+00   0.130917E+02   0.155846E+00   0.394828E-01
 0.192531E+00   0.157363E+00   0.131147E+02   0.157560E+00   0.398833E-01
 0.194483E+00   0.159184E+00   0.131444E+02   0.159397E+00   0.402837E-01
 0.196435E+00   0.161007E+00   0.131744E+02   0.161237E+00   0.406839E-01
 0.198387E+00   0.162422E+00   0.131826E+02   0.162665E+00   0.410840E-01
 0.200339E+00   0.163999E+00   0.131997E+02   0.164258E+00   0.414840E-01
 0.202291E+00   0.165884E+00   0.132335E+02   0.166161E+00   0.418838E-01
 0.204243E+00   0.167203E+00   0.132372E+02   0.167493E+00   0.422835E-01
 0.206195E+00   0.168846E+00   0.132584E+02   0.169153E+00   0.426830E-01
 0.208147E+00   0.170493E+00   0.132800E+02   0.170817E+00   0.430825E-01
 0.210099E+00   0.172109E+00   0.133001E+02   0.172449E+00   0.434818E-01
 0.212050E+00   0.173535E+00   0.133103E+02   0.173891E+00   0.438811E-01
 0.214002E+00   0.175159E+00   0.133311E+02   0.175531E+00   0.442803E-01
 0.215954E+00   0.176782E+00   0.133521E+02   0.177172E+00   0.446793E-01
 0.217906E+00   0.178204E+00   0.133627E+02   0.178610E+00   0.450783E-01
 0.219858E+00   0.179558E+00   0.133698E+02   0.179978E+00   0.454773E-01
 0.221810E+00   0.181274E+00   0.133961E+02   0.181713E+00   0.458762E-01
 0.223762E+00   0.182637E+00   0.134042E+02   0.183092E+00   0.462750E-01
 0.225714E+00   0.184327E+00   0.134294E+02   0.184801E+00   0.466737E-01
 0.227666E+00   0.185828E+00   0.134449E+02   0.186319E+00   0.470725E-01
 0.229618E+00   0.187229E+00   0.134555E+02   0.187736E+00   0.474712E-01
 0.231570E+00   0.188653E+00   0.134674E+02   0.189177E+00   0.478698E-01
 0.233521E+00   0.190093E+00   0.134803E+02   0.190634E+00   0.482685E-01
 0.235473E+00   0.191421E+00   0.134876E+02   0.191978E+00   0.486671E-01
 0.237425E+00   0.192877E+00   0.135017E+02   0.193451E+00   0.490657E-01
 0.239377E+00   0.194380E+00   0.135184E+02   0.194973E+00   0.494644E-01
 0.241329E+00   0.195812E+00   0.135317E+02   0.196423E+00   0.498630E-01
 0.243281E+00   0.197134E+00   0.135394E+02   0.197761E+00   0.502616E-01
 0.245233E+00   0.198324E+00   0.135407E+02   0.198967E+00   0.506603E-01
 0.247185E+00   0.199886E+00   0.135612E+02   0.200549E+00   0.510589E-01
 0.249137E+00   0.201265E+00   0.135724E+02   0.201945E+00   0.514576E-01
 0.251089E+00   0.202375E+00   0.135703E+02   0.203069E+00   0.518563E-01
 0.253041E+00   0.203972E+00   0.135931E+02   0.204687E+00   0.522549E-01
 0.254992E+00   0.205191E+00   0.135969E+02   0.205923E+00   0.526536E-01
 0.256944E+00   0.206368E+00   0.135988E+02   0.207115E+00   0.530522E-01
 0.258896E+00   0.207864E+00   0.136170E+02   0.208631E+00   0.534508E-01
 0.260848E+00   0.209182E+00   0.136264E+02   0.209967E+00   0.538494E-01
 0.262800E+00   0.210541E+00   0.136382E+02   0.211345E+00   0.542480E-01
 0.264752E+00   0.211678E+00   0.136389E+02   0.212497E+00   0.546465E-01
 0.266704E+00   0.212810E+00   0.136397E+02   0.213645E+00   0.550450E-01
 0.268656E+00   0.214055E+00   0.136463E+02   0.214908E+00   0.554434E-01
 0.270608E+00   0.215404E+00   0.136584E+02   0.216276E+00   0.558418E-01
 0.272560E+00   0.216875E+00   0.136768E+02   0.217768E+00   0.562402E-01
 0.274512E+00   0.217826E+00   0.136693E+02   0.218732E+00   0.566384E-01
 0.276463E+00   0.219096E+00   0.136781E+02   0.220021E+00   0.570367E-01
 0.278415E+00   0.220441E+00   0.136908E+02   0.221385E+00   0.574348E-01
 0.280367E+00   0.221605E+00   0.136947E+02   0.222567E+00   0.578329E-01
 0.282319E+00   0.222825E+00   0.137016E+02   0.223805E+00   0.582309E-01
 0.284271E+00   0.224235E+00   0.137181E+02   0.225236E+00   0.586289E-01
 0.286223E+00   0.225358E+00   0.137206E+02   0.226376E+00   0.590267E-01
 0.288175E+00   0.226403E+00   0.137195E+02   0.227437E+00   0.594245E-01
 0.290127E+00   0.227853E+00   0.137386E+02   0.228909E+00   0.598221E-01
 0.292079E+00   0.228929E+00   0.137394E+02   0.230002E+00   0.602197E-01
 0.294031E+00   0.229988E+00   0.137396E+02   0.231078E+00   0.606172E-01
 0.295983E+00   0.231001E+00   0.137377E+02   0.232107E+00   0.610146E-01
 0.297934E+00   0.232165E+00   0.137435E+02   0.233289E+00   0.614118E-01
 0.299886E+00   0.233450E+00   0.137555E+02   0.234594E+00   0.618090E-01
 0.301838E+00   0.234561E+00   0.137590E+02   0.235723E+00   0.622061E-01
 0.303790E+00   0.235665E+00   0.137625E+02   0.236844E+00   0.626032E-01
 0.305742E+00   0.236721E+00   0.137638E+02   0.237918E+00   0.630001E-01
 0.307694E+00   0.237859E+00   0.137693E+02   0.239075E+00   0.633970E-01
 0.309646E+00   0.239111E+00   0.137806E+02   0.240347E+00   0.637939E-01
 0.311598E+00   0.240328E+00   0.137904E+02   0.241584E+00   0.641906E-01
 0.313550E+00   0.241267E+00   0.137867E+02   0.242539E+00   0.645873E-01
 0.315502E+00   0.242443E+00   0.137949E+02   0.243735E+00   0.649840E-01
 0.317454E+00   0.243329E+00   0.137889E+02   0.244635E+00   0.653806E-01
 0.319405E+00   0.244630E+00   0.138036E+02   0.245959E+00   0.657771E-01
 0.321357E+00   0.245603E+00   0.138023E+02   0.246948E+00   0.661737E-01
 0.323309E+00   0.246739E+00   0.138092E+02   0.248103E+00   0.665701E-01
 0.325261E+00   0.247755E+00   0.138105E+02   0.249137E+00   0.669666E-01
 0.327213E+00   0.248757E+00   0.138112E+02   0.250157E+00   0.673630E-01
 0.329165E+00   0.249800E+00   0.138141E+02   0.251218E+00   0.677594E-01
 0.331117E+00   0.250958E+00   0.138228E+02   0.252396E+00   0.681557E-01
 0.333069E+00   0.251868E+00   0.138196E+02   0.253323E+00   0.685521E-01
 0.335021E+00   0.253048E+00   0.138297E+02   0.254524E+00   0.689484E-01
 0.336973E+00   0.254048E+00   0.138312E+02   0.255541E+00   0.693447E-01
 0.338925E+00   0.254876E+00   0.138245E+02   0.256384E+00   0.697410E-01
 0.340876E+00   0.256087E+00   0.138367E+02   0.257617E+00   0.701374E-01
 0.342828E+00   0.256867E+00   0.138280E+02   0.258411E+00   0.705337E-01
 0.344780E+00   0.258205E+00   0.138467E+02   0.259774E+00   0.709300E-01
 0.346732E+00   0.259095E+00   0.138437E+02   0.260681E+00   0.713263E-01
 0.348684E+00   0.260192E+00   0.138509E+02   0.261798E+00   0.717226E-01
 0.350636E+00   0.261159E+00   0.138520E+02   0.262783E+00   0.721188E-01
 0.352588E+00   0.261862E+00   0.138404E+02   0.263499E+00   0.725151E-01
 0.354540E+00   0.263019E+00   0.138511E+02   0.264678E+00   0.729113E-01
 0.356492E+00   0.264078E+00   0.138572E+02   0.265756E+00   0.733075E-01
 0.358444E+00   0.264902E+00   0.138520E+02   0.266597E+00   0.737037E-01
 0.360396E+00   0.265849E+00   0.138529E+02   0.267561E+00   0.740999E-01
 0.362348E+00   0.267004E+00   0.138642E+02   0.268739E+00   0.744960E-01
 0.364299E+00   0.267959E+00   0.138659E+02   0.269712E+00   0.748920E-01
 0.366251E+00   0.268728E+00   0.138586E+02   0.270496E+00   0.752880E-01
 0.368203E+00   0.269661E+00   0.138596E+02   0.271448E+00   0.756840E-01
 0.370155E+00   0.270584E+00   0.138602E+02   0.272389E+00   0.760799E-01
 0.372107E+00   0.271709E+00   0.138708E+02   0.273536E+00   0.764758E-01
 0.374059E+00   0.272552E+00   0.138678E+02   0.274396E+00   0.768716E-01
 0.376011E+00   0.273467E+00   0.138685E+02   0.275329E+00   0.772673E-01
 0.377963E+00   0.274453E+00   0.138728E+02   0.276334E+00   0.776630E-01
 0.379915E+00   0.275416E+00   0.138762E+02   0.277317E+00   0.780585E-01
 0.381867E+00   0.276117E+00   0.138670E+02   0.278032E+00   0.784541E-01
 0.383819E+00   0.277103E+00   0.138717E+02   0.279038E+00   0.788495E-01
 0.385770E+00   0.278065E+00   0.138755E+02   0.280020E+00   0.792448E-01
 0.387722E+00   0.278740E+00   0.138655E+02   0.280709E+00   0.796401E-01
 0.389674E+00   0.279669E+00   0.138680E+02   0.281657E+00   0.800353E-01
 0.391626E+00   0.280628E+00   0.138721E+02   0.282636E+00   0.804304E-01
 0.393578E+00   0.281496E+00   0.138719E+02   0.283521E+00   0.808253E-01
 0.395530E+00   0.282510E+00   0.138790E+02   0.284557E+00   0.812202E-01
 0.397482E+00   0.283137E+00   0.138675E+02   0.285198E+00   0.816151E-01
 0.399434E+00   0.284293E+00   0.138817E+02   0.286377E+00   0.820098E-01
 0.401386E+00   0.285011E+00   0.138749E+02   0.287111E+00   0.824044E-01
 0.403338E+00   0.285909E+00   0.138770E+02   0.288028E+00   0.827990E-01
 0.405290E+00   0.286642E+00   0.138711E+02   0.288776E+00   0.831936E-01
 0.407241E+00   0.287535E+00   0.138732E+02   0.289688E+00   0.835880E-01
 0.409193E+00   0.288416E+00   0.138749E+02   0.290589E+00   0.839824E-01
 0.411145E+00   0.289346E+00   0.138791E+02   0.291539E+00   0.843767E-01
 0.413097E+00   0.290308E+00   0.138850E+02   0.292522E+00   0.847710E-01
 0.415049E+00   0.291035E+00   0.138796E+02   0.293265E+00   0.851652E-01
 0.417001E+00   0.291925E+00   0.138822E+02   0.294174E+00   0.855594E-01
 0.418953E+00   0.292735E+00   0.138811E+02   0.295002E+00   0.859536E-01
 0.420905E+00   0.293369E+00   0.138717E+02   0.295650E+00   0.863477E-01
 0.422857E+00   0.294412E+00   0.138822E+02   0.296717E+00   0.867417E-01
 0.424809E+00   0.295272E+00   0.138839E+02   0.297595E+00   0.871358E-01
 0.426761E+00   0.295845E+00   0.138719E+02   0.298182E+00   0.875298E-01
 0.428712E+00   0.296727E+00   0.138750E+02   0.299083E+00   0.879238E-01
 0.430664E+00   0.297556E+00   0.138756E+02   0.299930E+00   0.883177E-01
 0.432616E+00   0.298378E+00   0.138761E+02   0.300772E+00   0.887117E-01
 0.434568E+00   0.299057E+00   0.138698E+02   0.301466E+00   0.891056E-01
 0.436520E+00   0.299854E+00   0.138693E+02   0.302281E+00   0.894995E-01
 0.438472E+00   0.300628E+00   0.138678E+02   0.303073E+00   0.898934E-01
 0.440424E+00   0.301469E+00   0.138696E+02   0.303933E+00   0.902874E-01
 0.442376E+00   0.302266E+00   0.138695E+02   0.304749E+00   0.906813E-01
 0.444328E+00   0.303084E+00   0.138706E+02   0.305585E+00   0.910752E-01
 0.446280E+00   0.303882E+00   0.138708E+02   0.306402E+00   0.914691E-01
 0.448232E+00   0.304639E+00   0.138691E+02   0.307177E+00   0.918629E-01
 0.450183E+00   0.305543E+00   0.138746E+02   0.308102E+00   0.922568E-01
 0.452135E+00   0.306317E+00   0.138740E+02   0.308894E+00   0.926506E-01
 0.454087E+00   0.306981E+00   0.138682E+02   0.309574E+00   0.930445E-01
 0.456039E+00   0.307868E+00   0.138733E+02   0.310482E+00   0.934382E-01
 0.457991E+00   0.308501E+00   0.138663E+02   0.311130E+00   0.938320E-01
 0.459943E+00   0.309267E+00   0.138658E+02   0.311914E+00   0.942257E-01
 0.461895E+00   0.310029E+00   0.138652E+02   0.312694E+00   0.946194E-01
 0.463847E+00   0.310772E+00   0.138639E+02   0.313456E+00   0.950130E-01
 0.465799E+00   0.311507E+00   0.138622E+02   0.314208E+00   0.954066E-01
 0.467751E+00   0.312272E+00   0.138622E+02   0.314992E+00   0.958002E-01
 0.469703E+00   0.313021E+00   0.138615E+02   0.315759E+00   0.961937E-01
 0.471654E+00   0.313866E+00   0.138655E+02   0.316624E+00   0.965871E-01
 0.473606E+00   0.314597E+00   0.138642E+02   0.317373E+00   0.969805E-01
 0.475558E+00   0.315224E+00   0.138579E+02   0.318015E+00   0.973738E-01
 0.477510E+00   0.316039E+00   0.138609E+02   0.318851E+00   0.977671E-01
 0.479462E+00   0.316768E+00   0.138599E+02   0.319598E+00   0.981603E-01
 0.481414E+00   0.317359E+00   0.138522E+02   0.320203E+00   0.985534E-01
 0.483366E+00   0.318056E+00   0.138498E+02   0.320918E+00   0.989465E-01
 0.485318E+00   0.318837E+00   0.138517E+02   0.321718E+00   0.993394E-01
 0.487270E+00   0.319619E+00   0.138536E+02   0.322520E+00   0.997323E-01
 0.489222E+00   0.320294E+00   0.138506E+02   0.323212E+00   0.100125E+00
 0.491174E+00   0.320935E+00   0.138460E+02   0.323869E+00   0.100518E+00
 0.493125E+00   0.321611E+00   0.138432E+02   0.324563E+00   0.100910E+00
 0.495077E+00   0.322419E+00   0.138469E+02   0.325390E+00   0.101303E+00
 0.497029E+00   0.323099E+00   0.138445E+02   0.326088E+00   0.101695E+00
 0.498981E+00   0.323713E+00   0.138390E+02   0.326718E+00   0.102088E+00
 0.500933E+00   0.324637E+00   0.138488E+02   0.327666E+00   0.102480E+00
 0.502885E+00   0.325088E+00   0.138356E+02   0.328128E+00   0.102872E+00
 0.504837E+00   0.326023E+00   0.138461E+02   0.329087E+00   0.103265E+00
 0.506789E+00   0.326705E+00   0.138443E+02   0.329787E+00   0.103657E+00
 0.508741E+00   0.327344E+00   0.138406E+02   0.330442E+00   0.104049E+00
 0.510693E+00   0.328026E+00   0.138391E+02   0.331142E+00   0.104441E+00
 0.512645E+00   0.328511E+00   0.138281E+02   0.331640E+00   0.104833E+00
 0.514596E+00   0.329480E+00   0.138408E+02   0.332634E+00   0.105224E+00
 0.516548E+00   0.330135E+00   0.138383E+02   0.333307E+00   0.105616E+00
 0.518500E+00   0.330678E+00   0.138304E+02   0.333864E+00   0.106008E+00
 0.520452E+00   0.331349E+00   0.138289E+02   0.334553E+00   0.106400E+00
 0.522404E+00   0.332002E+00   0.138266E+02   0.335224E+00   0.106791E+00
 0.524356E+00   0.332678E+00   0.138255E+02   0.335917E+00   0.107183E+00
 0.526308E+00   0.333389E+00   0.138263E+02   0.336647E+00   0.107575E+00
 0.528260E+00   0.333907E+00   0.138176E+02   0.337179E+00   0.107966E+00
 0.530212E+00   0.334640E+00   0.138196E+02   0.337931E+00   0.108358E+00
 0.532164E+00   0.335202E+00   0.138134E+02   0.338509E+00   0.108749E+00
 0.534116E+00   0.335943E+00   0.138159E+02   0.339269E+00   0.109141E+00
 0.536067E+00   0.336569E+00   0.138130E+02   0.339913E+00   0.109532E+00
 0.538019E+00   0.337153E+00   0.138081E+02   0.340512E+00   0.109924E+00
 0.539971E+00   0.338020E+00   0.138171E+02   0.341403E+00   0.110315E+00
 0.541923E+00   0.338600E+00   0.138122E+02   0.341999E+00   0.110706E+00
 0.543875E+00   0.339341E+00   0.138153E+02   0.342761E+00   0.111098E+00
 0.545827E+00   0.339990E+00   0.138139E+02   0.343427E+00   0.111489E+00
 0.547779E+00   0.340616E+00   0.138115E+02   0.344070E+00   0.111881E+00
 0.549731E+00   0.341222E+00   0.138082E+02   0.344693E+00   0.112272E+00
 0.551683E+00   0.341759E+00   0.138016E+02   0.345245E+00   0.112663E+00
 0.553635E+00   0.342322E+00   0.137964E+02   0.345823E+00   0.113054E+00
 0.555587E+00   0.343057E+00   0.137997E+02   0.346579E+00   0.113446E+00
 0.557539E+00   0.343584E+00   0.137930E+02   0.347121E+00   0.113837E+00
 0.559490E+00   0.344187E+00   0.137900E+02   0.347741E+00   0.114228E+00
 0.561442E+00   0.345025E+00   0.137986E+02   0.348602E+00   0.114619E+00
 0.563394E+00   0.345623E+00   0.137956E+02   0.349217E+00   0.115010E+00
 0.565346E+00   0.346067E+00   0.137851E+02   0.349673E+00   0.115402E+00
 0.567298E+00   0.346639E+00   0.137810E+02   0.350261E+00   0.115793E+00
 0.569250E+00   0.347400E+00   0.137863E+02   0.351044E+00   0.116184E+00
 0.571202E+00   0.348082E+00   0.137877E+02   0.351745E+00   0.116575E+00
 0.573154E+00   0.348616E+00   0.137820E+02   0.352294E+00   0.116966E+00
 0.575106E+00   0.349185E+00   0.137782E+02   0.352880E+00   0.117357E+00
 0.577058E+00   0.349780E+00   0.137757E+02   0.353492E+00   0.117748E+00
 0.579010E+00   0.350409E+00   0.137750E+02   0.354139E+00   0.118139E+00
 0.580961E+00   0.351031E+00   0.137740E+02   0.354779E+00   0.118530E+00
 0.582913E+00   0.351607E+00   0.137708E+02   0.355372E+00   0.118921E+00
 0.584865E+00   0.352165E+00   0.137669E+02   0.355945E+00   0.119312E+00
 0.586817E+00   0.352738E+00   0.137638E+02   0.356535E+00   0.119703E+00
 0.588769E+00   0.353463E+00   0.137683E+02   0.357281E+00   0.120094E+00
 0.590721E+00   0.354041E+00   0.137657E+02   0.357876E+00   0.120485E+00
 0.592673E+00   0.354622E+00   0.137633E+02   0.358474E+00   0.120876E+00
 0.594625E+00   0.355163E+00   0.137590E+02   0.359032E+00   0.121267E+00
 0.596577E+00   0.355796E+00   0.137594E+02   0.359683E+00   0.121657E+00
 0.598529E+00   0.356264E+00   0.137516E+02   0.360164E+00   0.122048E+00
 0.600481E+00   0.356937E+00   0.137542E+02   0.360858E+00   0.122439E+00
 0.602432E+00   0.357490E+00   0.137509E+02   0.361427E+00   0.122830E+00
 0.604384E+00   0.358030E+00   0.137470E+02   0.361983E+00   0.123220E+00
 0.606336E+00   0.358564E+00   0.137430E+02   0.362533E+00   0.123611E+00
 0.608288E+00   0.359090E+00   0.137386E+02   0.363075E+00   0.124002E+00
 0.610240E+00   0.359850E+00   0.137459E+02   0.363858E+00   0.124392E+00
 0.612192E+00   0.360209E+00   0.137335E+02   0.364227E+00   0.124783E+00
 0.614144E+00   0.360897E+00   0.137374E+02   0.364936E+00   0.125173E+00
 0.616096E+00   0.361453E+00   0.137349E+02   0.365509E+00   0.125563E+00
 0.618048E+00   0.362095E+00   0.137367E+02   0.366170E+00   0.125954E+00
 0.620000E+00   0.362572E+00   0.137304E+02   0.366661E+00   0.126344E+00
 0.621952E+00   0.363024E+00   0.137230E+02   0.367127E+00   0.126734E+00
 0.623903E+00   0.363553E+00   0.137195E+02   0.367673E+00   0.127124E+00
 0.625855E+00   0.364109E+00   0.137174E+02   0.368245E+00   0.127515E+00
 0.627807E+00   0.364885E+00   0.137263E+02   0.369045E+00   0.127905E+00
 0.629759E+00   0.365393E+00   0.137220E+02   0.369569E+00   0.128295E+00
 0.631711E+00   0.365896E+00   0.137175E+02   0.370087E+00   0.128684E+00
 0.633663E+00   0.366470E+00   0.137166E+02   0.370679E+00   0.129074E+00
 0.635615E+00   0.366963E+00   0.137118E+02   0.371187E+00   0.129464E+00
 0.637567E+00   0.367472E+00   0.137079E+02   0.371712E+00   0.129854E+00
 0.639519E+00   0.368003E+00   0.137051E+02   0.372259E+00   0.130243E+00
 0.641471E+00   0.368552E+00   0.137033E+02   0.372825E+00   0.130633E+00
 0.643423E+00   0.369034E+00   0.136982E+02   0.373322E+00   0.131022E+00
 0.645374E+00   0.369647E+00   0.136998E+02   0.373954E+00   0.131412E+00
 0.647326E+00   0.370079E+00   0.136924E+02   0.374400E+00   0.131801E+00
 0.649278E+00   0.370812E+00   0.137001E+02   0.375156E+00   0.132190E+00
 0.651230E+00   0.371308E+00   0.136960E+02   0.375667E+00   0.132579E+00
 0.653182E+00   0.371802E+00   0.136920E+02   0.376177E+00   0.132968E+00
 0.655134E+00   0.372376E+00   0.136920E+02   0.376769E+00   0.133357E+00
 0.657086E+00   0.372822E+00   0.136856E+02   0.377229E+00   0.133746E+00
 0.659038E+00   0.373397E+00   0.136859E+02   0.377823E+00   0.134135E+00
 0.660990E+00   0.373985E+00   0.136867E+02   0.378428E+00   0.134524E+00
 0.662942E+00   0.374379E+00   0.136781E+02   0.378835E+00   0.134913E+00
 0.664894E+00   0.374926E+00   0.136771E+02   0.379400E+00   0.135302E+00
 0.666845E+00   0.375569E+00   0.136810E+02   0.380064E+00   0.135690E+00
 0.668797E+00   0.375928E+00   0.136708E+02   0.380434E+00   0.136079E+00
 0.670749E+00   0.376393E+00   0.136659E+02   0.380914E+00   0.136467E+00
 0.672701E+00   0.376915E+00   0.136640E+02   0.381453E+00   0.136856E+00
 0.674653E+00   0.377397E+00   0.136601E+02   0.381950E+00   0.137245E+00
 0.676605E+00   0.378130E+00   0.136688E+02   0.382706E+00   0.137633E+00
 0.678557E+00   0.378561E+00   0.136626E+02   0.383152E+00   0.138022E+00
 0.680509E+00   0.379010E+00   0.136573E+02   0.383615E+00   0.138410E+00
 0.682461E+00   0.379589E+00   0.136585E+02   0.384213E+00   0.138798E+00
 0.684413E+00   0.379977E+00   0.136503E+02   0.384614E+00   0.139187E+00
 0.686365E+00   0.380463E+00   0.136471E+02   0.385116E+00   0.139575E+00
 0.688316E+00   0.381161E+00   0.136545E+02   0.385836E+00   0.139963E+00
 0.690268E+00   0.381644E+00   0.136513E+02   0.386335E+00   0.140352E+00
 0.692220E+00   0.382141E+00   0.136488E+02   0.386849E+00   0.140740E+00
 0.694172E+00   0.382459E+00   0.136374E+02   0.387177E+00   0.141128E+00
 0.696124E+00   0.383104E+00   0.136425E+02   0.387843E+00   0.141517E+00
 0.698076E+00   0.383570E+00   0.136386E+02   0.388324E+00   0.141905E+00
 0.700028E+00   0.384040E+00   0.136350E+02   0.388810E+00   0.142293E+00
 0.701980E+00   0.384508E+00   0.136314E+02   0.389293E+00   0.142681E+00
 0.703932E+00   0.384967E+00   0.136275E+02   0.389768E+00   0.143070E+00
 0.705884E+00   0.385461E+00   0.136253E+02   0.390278E+00   0.143458E+00
 0.707836E+00   0.385909E+00   0.136209E+02   0.390741E+00   0.143846E+00
 0.709787E+00   0.386384E+00   0.136179E+02   0.391232E+00   0.144234E+00
 0.711739E+00   0.387071E+00   0.136256E+02   0.391942E+00   0.144622E+00
 0.713691E+00   0.387406E+00   0.136156E+02   0.392288E+00   0.145010E+00
 0.715643E+00   0.387872E+00   0.136124E+02   0.392770E+00   0.145398E+00
 0.717595E+00   0.388344E+00   0.136095E+02   0.393258E+00   0.145786E+00
 0.719547E+00   0.388925E+00   0.136121E+02   0.393858E+00   0.146174E+00
 0.721499E+00   0.389260E+00   0.136025E+02   0.394205E+00   0.146562E+00
 0.723451E+00   0.389855E+00   0.136059E+02   0.394820E+00   0.146950E+00
 0.725403E+00   0.390309E+00   0.136023E+02   0.395289E+00   0.147338E+00
 0.727355E+00   0.390855E+00   0.136035E+02   0.395854E+00   0.147726E+00
 0.729307E+00   0.391315E+00   0.136003E+02   0.396329E+00   0.148114E+00
 0.731259E+00   0.391677E+00   0.135922E+02   0.396703E+00   0.148502E+00
 0.733210E+00   0.392227E+00   0.135937E+02   0.397272E+00   0.148890E+00
 0.735162E+00   0.392643E+00   0.135885E+02   0.397702E+00   0.149277E+00
 0.737114E+00   0.393131E+00   0.135870E+02   0.398208E+00   0.149665E+00
 0.739066E+00   0.393587E+00   0.135840E+02   0.398680E+00   0.150053E+00
 0.741018E+00   0.394017E+00   0.135796E+02   0.399124E+00   0.150441E+00
 0.742970E+00   0.394639E+00   0.135850E+02   0.399768E+00   0.150828E+00
 0.744922E+00   0.395092E+00   0.135820E+02   0.400236E+00   0.151216E+00
 0.746874E+00   0.395366E+00   0.135699E+02   0.400520E+00   0.151603E+00
 0.748826E+00   0.396007E+00   0.135764E+02   0.401182E+00   0.151991E+00
 0.750778E+00   0.396486E+00   0.135749E+02   0.401679E+00   0.152378E+00
 0.752730E+00   0.396824E+00   0.135662E+02   0.402028E+00   0.152766E+00
 0.754681E+00   0.397283E+00   0.135637E+02   0.402503E+00   0.153153E+00
 0.756633E+00   0.397864E+00   0.135675E+02   0.403104E+00   0.153541E+00
 0.758585E+00   0.398213E+00   0.135596E+02   0.403466E+00   0.153928E+00
 0.760537E+00   0.398627E+00   0.135550E+02   0.403894E+00   0.154316E+00
 0.762489E+00   0.399121E+00   0.135545E+02   0.404406E+00   0.154703E+00
 0.764441E+00   0.399500E+00   0.135483E+02   0.404798E+00   0.155090E+00
 0.766393E+00   0.399979E+00   0.135472E+02   0.405294E+00   0.155478E+00
 0.768345E+00   0.400570E+00   0.135519E+02   0.405906E+00   0.155865E+00
 0.770297E+00   0.400825E+00   0.135395E+02   0.406170E+00   0.156252E+00
 0.772249E+00   0.401307E+00   0.135388E+02   0.406669E+00   0.156639E+00
 0.774200E+00   0.401741E+00   0.135356E+02   0.407118E+00   0.157026E+00
 0.776152E+00   0.402340E+00   0.135410E+02   0.407738E+00   0.157413E+00
 0.778104E+00   0.402704E+00   0.135344E+02   0.408115E+00   0.157800E+00
 0.780056E+00   0.403224E+00   0.135359E+02   0.408654E+00   0.158187E+00
 0.782008E+00   0.403652E+00   0.135327E+02   0.409097E+00   0.158574E+00
 0.783960E+00   0.403815E+00   0.135162E+02   0.409266E+00   0.158961E+00
 0.785912E+00   0.404310E+00   0.135166E+02   0.409779E+00   0.159348E+00
 0.787864E+00   0.404658E+00   0.135095E+02   0.410139E+00   0.159735E+00
 0.789816E+00   0.405339E+00   0.135196E+02   0.410845E+00   0.160122E+00
 0.791768E+00   0.405768E+00   0.135168E+02   0.411289E+00   0.160509E+00
 0.793720E+00   0.405997E+00   0.135039E+02   0.411526E+00   0.160896E+00
 0.795672E+00   0.406344E+00   0.134971E+02   0.411886E+00   0.161282E+00
 0.797623E+00   0.407022E+00   0.135073E+02   0.412589E+00   0.161669E+00
 0.799575E+00   0.407250E+00   0.134945E+02   0.412825E+00   0.162056E+00
 0.801527E+00   0.407992E+00   0.135081E+02   0.413594E+00   0.162443E+00
 0.803479E+00   0.408174E+00   0.134931E+02   0.413782E+00   0.162829E+00
 0.805431E+00   0.408780E+00   0.134999E+02   0.414410E+00   0.163216E+00
 0.807383E+00   0.409087E+00   0.134914E+02   0.414728E+00   0.163602E+00
 0.809335E+00   0.409684E+00   0.134979E+02   0.415347E+00   0.163989E+00
 0.811287E+00   0.409991E+00   0.134895E+02   0.415665E+00   0.164375E+00
 0.813239E+00   0.410240E+00   0.134782E+02   0.415924E+00   0.164762E+00
 0.815191E+00   0.410868E+00   0.134865E+02   0.416575E+00   0.165148E+00
 0.817143E+00   0.411052E+00   0.134719E+02   0.416765E+00   0.165535E+00
 0.819094E+00   0.411447E+00   0.134683E+02   0.417175E+00   0.165921E+00
 0.821046E+00   0.412060E+00   0.134759E+02   0.417810E+00   0.166308E+00
 0.822998E+00   0.412522E+00   0.134758E+02   0.418289E+00   0.166694E+00
 0.824950E+00   0.412925E+00   0.134728E+02   0.418708E+00   0.167081E+00
 0.826902E+00   0.413237E+00   0.134651E+02   0.419031E+00   0.167467E+00
 0.828854E+00   0.413830E+00   0.134719E+02   0.419646E+00   0.167853E+00
 0.830806E+00   0.413946E+00   0.134542E+02   0.419767E+00   0.168240E+00
 0.832758E+00   0.414643E+00   0.134665E+02   0.420490E+00   0.168626E+00
 0.834710E+00   0.414924E+00   0.134574E+02   0.420781E+00   0.169012E+00
 0.836662E+00   0.415314E+00   0.134539E+02   0.421185E+00   0.169399E+00
 0.838614E+00   0.415643E+00   0.134473E+02   0.421526E+00   0.169785E+00
 0.840565E+00   0.416217E+00   0.134535E+02   0.422123E+00   0.170171E+00
 0.842517E+00   0.416598E+00   0.134497E+02   0.422518E+00   0.170558E+00
 0.844469E+00   0.416851E+00   0.134393E+02   0.422780E+00   0.170944E+00
 0.846421E+00   0.417222E+00   0.134351E+02   0.423165E+00   0.171330E+00
 0.848373E+00   0.417864E+00   0.134449E+02   0.423831E+00   0.171716E+00
 0.850325E+00   0.417999E+00   0.134286E+02   0.423972E+00   0.172102E+00
 0.852277E+00   0.418426E+00   0.134274E+02   0.424415E+00   0.172489E+00
 0.854229E+00   0.418804E+00   0.134237E+02   0.424807E+00   0.172875E+00
 0.856181E+00   0.419414E+00   0.134320E+02   0.425440E+00   0.173261E+00
 0.858133E+00   0.419539E+00   0.134154E+02   0.425570E+00   0.173647E+00
 0.860085E+00   0.420196E+00   0.134262E+02   0.426252E+00   0.174033E+00
 0.862036E+00   0.420582E+00   0.134231E+02   0.426653E+00   0.174419E+00
 0.863988E+00   0.420951E+00   0.134192E+02   0.427036E+00   0.174805E+00
 0.865940E+00   0.421177E+00   0.134079E+02   0.427270E+00   0.175191E+00
 0.867892E+00   0.421841E+00   0.134193E+02   0.427960E+00   0.175576E+00
 0.869844E+00   0.421944E+00   0.134017E+02   0.428066E+00   0.175962E+00
 0.871796E+00   0.422496E+00   0.134075E+02   0.428640E+00   0.176348E+00
 0.873748E+00   0.422879E+00   0.134045E+02   0.429037E+00   0.176733E+00
 0.875700E+00   0.423259E+00   0.134014E+02   0.429432E+00   0.177119E+00
 0.877652E+00   0.423561E+00   0.133944E+02   0.429746E+00   0.177504E+00
 0.879604E+00   0.424016E+00   0.133953E+02   0.430219E+00   0.177890E+00
 0.881556E+00   0.424402E+00   0.133926E+02   0.430619E+00   0.178275E+00
 0.883507E+00   0.424941E+00   0.133980E+02   0.431180E+00   0.178660E+00
 0.885459E+00   0.425247E+00   0.133913E+02   0.431498E+00   0.179045E+00
 0.887411E+00   0.425462E+00   0.133800E+02   0.431721E+00   0.179430E+00
 0.889363E+00   0.426065E+00   0.133888E+02   0.432347E+00   0.179815E+00
 0.891315E+00   0.426446E+00   0.133862E+02   0.432743E+00   0.180200E+00
 0.893267E+00   0.426576E+00   0.133705E+02   0.432878E+00   0.180585E+00
 0.895219E+00   0.427016E+00   0.133711E+02   0.433336E+00   0.180969E+00
 0.897171E+00   0.427319E+00   0.133646E+02   0.433650E+00   0.181354E+00
 0.899123E+00   0.427757E+00   0.133651E+02   0.434105E+00   0.181738E+00
 0.901075E+00   0.428070E+00   0.133592E+02   0.434431E+00   0.182123E+00
 0.903027E+00   0.428750E+00   0.133724E+02   0.435137E+00   0.182507E+00
 0.904979E+00   0.429032E+00   0.133650E+02   0.435431E+00   0.182891E+00
 0.906930E+00   0.429505E+00   0.133676E+02   0.435922E+00   0.183276E+00
 0.908882E+00   0.429692E+00   0.133552E+02   0.436116E+00   0.183660E+00
 0.910834E+00   0.430127E+00   0.133560E+02   0.436569E+00   0.184044E+00
 0.912786E+00   0.430327E+00   0.133444E+02   0.436777E+00   0.184428E+00
 0.914738E+00   0.430937E+00   0.133544E+02   0.437411E+00   0.184812E+00
 0.916690E+00   0.431151E+00   0.133436E+02   0.437633E+00   0.185196E+00
 0.918642E+00   0.431658E+00   0.133483E+02   0.438161E+00   0.185580E+00
 0.920594E+00   0.432018E+00   0.133453E+02   0.438535E+00   0.185964E+00
 0.922546E+00   0.432374E+00   0.133422E+02   0.438905E+00   0.186348E+00
 0.924498E+00   0.432652E+00   0.133350E+02   0.439195E+00   0.186732E+00
 0.926449E+00   0.433008E+00   0.133320E+02   0.439565E+00   0.187116E+00
 0.928401E+00   0.433366E+00   0.133291E+02   0.439937E+00   0.187500E+00
 0.930353E+00   0.433844E+00   0.133325E+02   0.440434E+00   0.187885E+00
 0.932305E+00   0.434166E+00   0.133278E+02   0.440770E+00   0.188269E+00
 0.934257E+00   0.434365E+00   0.133167E+02   0.440976E+00   0.188653E+00
 0.936209E+00   0.434911E+00   0.133238E+02   0.441544E+00   0.189037E+00
 0.938161E+00   0.435294E+00   0.133224E+02   0.441942E+00   0.189421E+00
 0.940113E+00   0.435442E+00   0.133088E+02   0.442096E+00   0.189806E+00
 0.942065E+00   0.435926E+00   0.133128E+02   0.442601E+00   0.190190E+00
 0.944017E+00   0.436445E+00   0.133188E+02   0.443141E+00   0.190574E+00
 0.945969E+00   0.436796E+00   0.133159E+02   0.443506E+00   0.190959E+00
 0.947921E+00   0.436974E+00   0.133039E+02   0.443690E+00   0.191344E+00
 0.949872E+00   0.437241E+00   0.132967E+02   0.443968E+00   0.191728E+00
 0.951824E+00   0.437587E+00   0.132937E+02   0.444329E+00   0.192113E+00
 0.953776E+00   0.438089E+00   0.132990E+02   0.444851E+00   0.192497E+00
 0.955728E+00   0.438532E+00   0.133012E+02   0.445312E+00   0.192882E+00
 0.957680E+00   0.438724E+00   0.132902E+02   0.445512E+00   0.193267E+00
 0.959632E+00   0.438972E+00   0.132822E+02   0.445770E+00   0.193651E+00
 0.961584E+00   0.439405E+00   0.132840E+02   0.446221E+00   0.194036E+00
 0.963536E+00   0.439889E+00   0.132886E+02   0.446725E+00   0.194420E+00
 0.965488E+00   0.440079E+00   0.132776E+02   0.446923E+00   0.194805E+00
 0.967440E+00   0.440419E+00   0.132746E+02   0.447276E+00   0.195189E+00
 0.969392E+00   0.440939E+00   0.132812E+02   0.447818E+00   0.195574E+00
 0.971343E+00   0.441110E+00   0.132694E+02   0.447996E+00   0.195958E+00
 0.973295E+00   0.441592E+00   0.132741E+02   0.448498E+00   0.196343E+00
 0.975247E+00   0.441929E+00   0.132711E+02   0.448849E+00   0.196727E+00
 0.977199E+00   0.442154E+00   0.132623E+02   0.449083E+00   0.197111E+00
 0.979151E+00   0.442456E+00   0.132576E+02   0.449398E+00   0.197495E+00
 0.981103E+00   0.442792E+00   0.132547E+02   0.449747E+00   0.197879E+00
 0.983055E+00   0.443143E+00   0.132527E+02   0.450113E+00   0.198263E+00
 0.985007E+00   0.443611E+00   0.132569E+02   0.450601E+00   0.198646E+00
 0.986959E+00   0.443864E+00   0.132497E+02   0.450865E+00   0.199030E+00
 0.988911E+00   0.444437E+00   0.132596E+02   0.451461E+00   0.199413E+00
 0.990863E+00   0.444755E+00   0.132560E+02   0.451792E+00   0.199796E+00
 0.992814E+00   0.444888E+00   0.132426E+02   0.451931E+00   0.200179E+00
 0.994766E+00   0.445428E+00   0.132509E+02   0.452493E+00   0.200562E+00
 0.996718E+00   0.445744E+00   0.132473E+02   0.452822E+00   0.200945E+00
 0.998670E+00   0.445830E+00   0.132315E+02   0.452912E+00   0.201328E+00
 0.100062E+01   0.446421E+00   0.132427E+02   0.453529E+00   0.201710E+00
 0.100257E+01   0.446602E+00   0.132320E+02   0.453717E+00   0.202092E+00
 0.100453E+01   0.447058E+00   0.132360E+02   0.454192E+00   0.202475E+00
 0.100648E+01   0.447382E+00   0.132331E+02   0.454530E+00   0.202857E+00
 0.100843E+01   0.447724E+00   0.132311E+02   0.454886E+00   0.203239E+00
 0.101038E+01   0.448030E+00   0.132273E+02   0.455206E+00   0.203620E+00
 0.101233E+01   0.448208E+00   0.132167E+02   0.455391E+00   0.204002E+00
 0.101429E+01   0.448683E+00   0.132220E+02   0.455886E+00   0.204384E+00
 0.101624E+01   0.448857E+00   0.132112E+02   0.456067E+00   0.204766E+00
 0.101819E+01   0.449381E+00   0.132192E+02   0.456614E+00   0.205148E+00
 0.102014E+01   0.449641E+00   0.132131E+02   0.456885E+00   0.205529E+00
 0.102209E+01   0.449969E+00   0.132106E+02   0.457226E+00   0.205911E+00
 0.102404E+01   0.450186E+00   0.132023E+02   0.457453E+00   0.206292E+00
 0.102600E+01   0.450697E+00   0.132097E+02   0.457986E+00   0.206674E+00
 0.102795E+01   0.450987E+00   0.132054E+02   0.458289E+00   0.207056E+00
 0.102990E+01   0.451242E+00   0.131992E+02   0.458554E+00   0.207437E+00
 0.103185E+01   0.451425E+00   0.131893E+02   0.458745E+00   0.207819E+00
 0.103380E+01   0.451903E+00   0.131951E+02   0.459244E+00   0.208201E+00
 0.103576E+01   0.452253E+00   0.131941E+02   0.459609E+00   0.208583E+00
 0.103771E+01   0.452643E+00   0.131953E+02   0.460015E+00   0.208964E+00
 0.103966E+01   0.452816E+00   0.131849E+02   0.460196E+00   0.209346E+00
 0.104161E+01   0.453134E+00   0.131823E+02   0.460527E+00   0.209728E+00
 0.104356E+01   0.453373E+00   0.131755E+02   0.460777E+00   0.210110E+00
 0.104552E+01   0.453686E+00   0.131727E+02   0.461104E+00   0.210493E+00
 0.104747E+01   0.454139E+00   0.131774E+02   0.461575E+00   0.210875E+00
 0.104942E+01   0.454452E+00   0.131747E+02   0.461902E+00   0.211257E+00
 0.105137E+01   0.454835E+00   0.131758E+02   0.462302E+00   0.211640E+00
 0.105332E+01   0.455177E+00   0.131746E+02   0.462659E+00   0.212022E+00
 0.105528E+01   0.455322E+00   0.131630E+02   0.462810E+00   0.212405E+00
 0.105723E+01   0.455791E+00   0.131688E+02   0.463300E+00   0.212788E+00
 0.105918E+01   0.456110E+00   0.131665E+02   0.463632E+00   0.213170E+00
 0.106113E+01   0.456255E+00   0.131550E+02   0.463784E+00   0.213553E+00
 0.106308E+01   0.456726E+00   0.131610E+02   0.464276E+00   0.213936E+00
 0.106504E+01   0.456993E+00   0.131561E+02   0.464554E+00   0.214319E+00
 0.106699E+01   0.457182E+00   0.131470E+02   0.464751E+00   0.214702E+00
 0.106894E+01   0.457483E+00   0.131439E+02   0.465065E+00   0.215085E+00
 0.107089E+01   0.457776E+00   0.131405E+02   0.465371E+00   0.215468E+00
 0.107284E+01   0.458079E+00   0.131377E+02   0.465687E+00   0.215851E+00
 0.107479E+01   0.458394E+00   0.131355E+02   0.466016E+00   0.216234E+00
 0.107675E+01   0.458868E+00   0.131420E+02   0.466511E+00   0.216616E+00
 0.107870E+01   0.459124E+00   0.131367E+02   0.466779E+00   0.216999E+00
 0.108065E+01   0.459447E+00   0.131351E+02   0.467116E+00   0.217382E+00
 0.108260E+01   0.459757E+00   0.131328E+02   0.467440E+00   0.217765E+00
 0.108455E+01   0.459895E+00   0.131213E+02   0.467584E+00   0.218148E+00
 0.108651E+01   0.460229E+00   0.131204E+02   0.467932E+00   0.218531E+00
 0.108846E+01   0.460693E+00   0.131265E+02   0.468417E+00   0.218914E+00
 0.109041E+01   0.460976E+00   0.131229E+02   0.468712E+00   0.219296E+00
 0.109236E+01   0.461277E+00   0.131204E+02   0.469027E+00   0.219679E+00
 0.109431E+01   0.461576E+00   0.131177E+02   0.469339E+00   0.220061E+00
 0.109627E+01   0.461777E+00   0.131098E+02   0.469549E+00   0.220444E+00
 0.109822E+01   0.462116E+00   0.131094E+02   0.469903E+00   0.220826E+00
 0.110017E+01   0.462364E+00   0.131041E+02   0.470162E+00   0.221209E+00
 0.110212E+01   0.462636E+00   0.131002E+02   0.470446E+00   0.221591E+00
 0.110407E+01   0.463117E+00   0.131076E+02   0.470949E+00   0.221974E+00
 0.110603E+01   0.463217E+00   0.130944E+02   0.471053E+00   0.222356E+00
 0.110798E+01   0.463715E+00   0.131028E+02   0.471574E+00   0.222738E+00
 0.110993E+01   0.464022E+00   0.131008E+02   0.471895E+00   0.223120E+00
 0.111188E+01   0.464190E+00   0.130914E+02   0.472070E+00   0.223503E+00
 0.111383E+01   0.464482E+00   0.130887E+02   0.472375E+00   0.223885E+00
 0.111578E+01   0.464746E+00   0.130846E+02   0.472651E+00   0.224267E+00
 0.111774E+01   0.465068E+00   0.130835E+02   0.472987E+00   0.224650E+00
 0.111969E+01   0.465491E+00   0.130881E+02   0.473430E+00   0.225032E+00
 0.112164E+01   0.465659E+00   0.130788E+02   0.473605E+00   0.225415E+00
 0.112359E+01   0.465947E+00   0.130760E+02   0.473906E+00   0.225797E+00
 0.112554E+01   0.466236E+00   0.130734E+02   0.474208E+00   0.226180E+00
 0.112750E+01   0.466653E+00   0.130777E+02   0.474644E+00   0.226563E+00
 0.112945E+01   0.466937E+00   0.130748E+02   0.474941E+00   0.226945E+00
 0.113140E+01   0.467248E+00   0.130734E+02   0.475266E+00   0.227328E+00
 0.113335E+01   0.467411E+00   0.130639E+02   0.475436E+00   0.227711E+00
 0.113530E+01   0.467803E+00   0.130670E+02   0.475847E+00   0.228094E+00
 0.113726E+01   0.467959E+00   0.130572E+02   0.476009E+00   0.228478E+00
 0.113921E+01   0.468341E+00   0.130598E+02   0.476409E+00   0.228861E+00
 0.114116E+01   0.468685E+00   0.130603E+02   0.476769E+00   0.229245E+00
 0.114311E+01   0.468898E+00   0.130537E+02   0.476992E+00   0.229629E+00
 0.114506E+01   0.469200E+00   0.130519E+02   0.477307E+00   0.230012E+00
 0.114702E+01   0.469412E+00   0.130453E+02   0.477529E+00   0.230397E+00
 0.114897E+01   0.469754E+00   0.130458E+02   0.477887E+00   0.230781E+00
 0.115092E+01   0.470171E+00   0.130504E+02   0.478323E+00   0.231165E+00
 0.115287E+01   0.470334E+00   0.130411E+02   0.478493E+00   0.231550E+00
 0.115482E+01   0.470547E+00   0.130346E+02   0.478716E+00   0.231934E+00
 0.115677E+01   0.471039E+00   0.130434E+02   0.479231E+00   0.232319E+00
 0.115873E+01   0.471113E+00   0.130293E+02   0.479308E+00   0.232703E+00
 0.116068E+01   0.471520E+00   0.130335E+02   0.479733E+00   0.233088E+00
 0.116263E+01   0.471762E+00   0.130287E+02   0.479987E+00   0.233472E+00
 0.116458E+01   0.471945E+00   0.130207E+02   0.480179E+00   0.233856E+00
 0.116653E+01   0.472223E+00   0.130179E+02   0.480469E+00   0.234241E+00
 0.116849E+01   0.472640E+00   0.130228E+02   0.480905E+00   0.234625E+00
 0.117044E+01   0.473015E+00   0.130254E+02   0.481299E+00   0.235008E+00
 0.117239E+01   0.473265E+00   0.130212E+02   0.481560E+00   0.235392E+00
 0.117434E+01   0.473468E+00   0.130145E+02   0.481773E+00   0.235775E+00
 0.117629E+01   0.473873E+00   0.130189E+02   0.482197E+00   0.236158E+00
 0.117825E+01   0.474149E+00   0.130163E+02   0.482485E+00   0.236541E+00
 0.118020E+01   0.474301E+00   0.130068E+02   0.482645E+00   0.236923E+00
 0.118215E+01   0.474681E+00   0.130100E+02   0.483042E+00   0.237305E+00
 0.118410E+01   0.474946E+00   0.130069E+02   0.483320E+00   0.237686E+00
 0.118605E+01   0.475233E+00   0.130051E+02   0.483620E+00   0.238067E+00
 0.118801E+01   0.475388E+00   0.129960E+02   0.483782E+00   0.238448E+00
 0.118996E+01   0.475643E+00   0.129925E+02   0.484049E+00   0.238828E+00
 0.119191E+01   0.475990E+00   0.129942E+02   0.484413E+00   0.239207E+00
 0.119386E+01   0.476190E+00   0.129877E+02   0.484622E+00   0.239586E+00
 0.119581E+01   0.476472E+00   0.129859E+02   0.484917E+00   0.239964E+00
 0.119776E+01   0.476851E+00   0.129895E+02   0.485315E+00   0.240341E+00
 0.119972E+01   0.477002E+00   0.129806E+02   0.485473E+00   0.240718E+00
 0.120167E+01   0.477271E+00   0.129782E+02   0.485754E+00   0.241095E+00
 0.120362E+01   0.477476E+00   0.129724E+02   0.485969E+00   0.241470E+00
 0.120557E+01   0.477910E+00   0.129792E+02   0.486423E+00   0.241846E+00
 0.120752E+01   0.478059E+00   0.129704E+02   0.486580E+00   0.242221E+00
 0.120948E+01   0.478278E+00   0.129654E+02   0.486809E+00   0.242595E+00
 0.121143E+01   0.478556E+00   0.129638E+02   0.487100E+00   0.242970E+00
 0.121338E+01   0.478800E+00   0.129603E+02   0.487356E+00   0.243344E+00
 0.121533E+01   0.479224E+00   0.129669E+02   0.487800E+00   0.243718E+00
 0.121728E+01   0.479366E+00   0.129578E+02   0.487949E+00   0.244092E+00
 0.121924E+01   0.479817E+00   0.129659E+02   0.488422E+00   0.244465E+00
 0.122119E+01   0.479954E+00   0.129567E+02   0.488565E+00   0.244839E+00
 0.122314E+01   0.480165E+00   0.129515E+02   0.488786E+00   0.245213E+00
 0.122509E+01   0.480499E+00   0.129532E+02   0.489136E+00   0.245587E+00
 0.122704E+01   0.480728E+00   0.129491E+02   0.489376E+00   0.245961E+00
 0.122900E+01   0.480986E+00   0.129466E+02   0.489646E+00   0.246335E+00
 0.123095E+01   0.481245E+00   0.129442E+02   0.489918E+00   0.246709E+00
 0.123290E+01   0.481541E+00   0.129439E+02   0.490228E+00   0.247084E+00
 0.123485E+01   0.481865E+00   0.129451E+02   0.490567E+00   0.247459E+00
 0.123680E+01   0.481936E+00   0.129323E+02   0.490642E+00   0.247835E+00
 0.123876E+01   0.482383E+00   0.129404E+02   0.491110E+00   0.248211E+00
 0.124071E+01   0.482538E+00   0.129322E+02   0.491273E+00   0.248587E+00
 0.124266E+01   0.482889E+00   0.129350E+02   0.491641E+00   0.248965E+00
 0.124461E+01   0.483029E+00   0.129260E+02   0.491787E+00   0.249342E+00
 0.124656E+01   0.483357E+00   0.129275E+02   0.492132E+00   0.249721E+00
 0.124851E+01   0.483550E+00   0.129214E+02   0.492334E+00   0.250100E+00
 0.125047E+01   0.483846E+00   0.129211E+02   0.492644E+00   0.250480E+00
 0.125242E+01   0.484194E+00   0.129237E+02   0.493008E+00   0.250861E+00
 0.125437E+01   0.484476E+00   0.129226E+02   0.493304E+00   0.251242E+00
 0.125632E+01   0.484675E+00   0.129168E+02   0.493513E+00   0.251624E+00
 0.125827E+01   0.484830E+00   0.129086E+02   0.493676E+00   0.252007E+00
 0.126023E+01   0.485191E+00   0.129120E+02   0.494054E+00   0.252389E+00
 0.126218E+01   0.485339E+00   0.129034E+02   0.494209E+00   0.252773E+00
 0.126413E+01   0.485708E+00   0.129072E+02   0.494597E+00   0.253156E+00
 0.126608E+01   0.485959E+00   0.129043E+02   0.494859E+00   0.253540E+00
 0.126803E+01   0.486087E+00   0.128947E+02   0.494993E+00   0.253925E+00
 0.126999E+01   0.486396E+00   0.128952E+02   0.495317E+00   0.254309E+00
 0.127194E+01   0.486727E+00   0.128969E+02   0.495664E+00   0.254693E+00
 0.127389E+01   0.487021E+00   0.128967E+02   0.495974E+00   0.255078E+00
 0.127584E+01   0.487152E+00   0.128872E+02   0.496111E+00   0.255462E+00
 0.127779E+01   0.487381E+00   0.128833E+02   0.496350E+00   0.255847E+00
 0.127975E+01   0.487745E+00   0.128871E+02   0.496733E+00   0.256231E+00
 0.128170E+01   0.488093E+00   0.128899E+02   0.497097E+00   0.256615E+00
 0.128365E+01   0.488349E+00   0.128877E+02   0.497366E+00   0.256999E+00
 0.128560E+01   0.488499E+00   0.128795E+02   0.497523E+00   0.257382E+00
 0.128755E+01   0.488739E+00   0.128764E+02   0.497775E+00   0.257765E+00
 0.128950E+01   0.489103E+00   0.128804E+02   0.498157E+00   0.258147E+00
 0.129146E+01   0.489282E+00   0.128740E+02   0.498346E+00   0.258530E+00
 0.129341E+01   0.489601E+00   0.128756E+02   0.498680E+00   0.258911E+00
 0.129536E+01   0.489736E+00   0.128668E+02   0.498822E+00   0.259292E+00
 0.129731E+01   0.490084E+00   0.128701E+02   0.499187E+00   0.259672E+00
 0.129926E+01   0.490332E+00   0.128678E+02   0.499447E+00   0.260051E+00
 0.130122E+01   0.490457E+00   0.128587E+02   0.499579E+00   0.260430E+00
 0.130317E+01   0.490821E+00   0.128631E+02   0.499960E+00   0.260808E+00
 0.130512E+01   0.490883E+00   0.128505E+02   0.500025E+00   0.261185E+00
 0.130707E+01   0.491301E+00   0.128580E+02   0.500464E+00   0.261561E+00
 0.130902E+01   0.491428E+00   0.128492E+02   0.500598E+00   0.261937E+00
 0.131098E+01   0.491780E+00   0.128531E+02   0.500967E+00   0.262313E+00
 0.131293E+01   0.492046E+00   0.128523E+02   0.501247E+00   0.262688E+00
 0.131488E+01   0.492257E+00   0.128484E+02   0.501468E+00   0.263063E+00
 0.131683E+01   0.492382E+00   0.128396E+02   0.501599E+00   0.263437E+00
 0.131878E+01   0.492682E+00   0.128408E+02   0.501915E+00   0.263811E+00
 0.132074E+01   0.492859E+00   0.128350E+02   0.502100E+00   0.264185E+00
 0.132269E+01   0.493099E+00   0.128329E+02   0.502351E+00   0.264558E+00
 0.132464E+01   0.493327E+00   0.128301E+02   0.502591E+00   0.264932E+00
 0.132659E+01   0.493710E+00   0.128361E+02   0.502994E+00   0.265306E+00
 0.132854E+01   0.493946E+00   0.128338E+02   0.503242E+00   0.265679E+00
 0.133049E+01   0.494034E+00   0.128231E+02   0.503333E+00   0.266053E+00
 0.133245E+01   0.494375E+00   0.128268E+02   0.503692E+00   0.266427E+00
 0.133440E+01   0.494488E+00   0.128175E+02   0.503810E+00   0.266801E+00
 0.133635E+01   0.494832E+00   0.128214E+02   0.504172E+00   0.267175E+00
 0.133830E+01   0.494995E+00   0.128150E+02   0.504343E+00   0.267550E+00
 0.134025E+01   0.495343E+00   0.128192E+02   0.504708E+00   0.267925E+00
 0.134221E+01   0.495526E+00   0.128139E+02   0.504901E+00   0.268301E+00
 0.134416E+01   0.495808E+00   0.128143E+02   0.505197E+00   0.268677E+00
 0.134611E+01   0.495991E+00   0.128090E+02   0.505389E+00   0.269053E+00
 0.134806E+01   0.496222E+00   0.128065E+02   0.505632E+00   0.269431E+00
 0.135001E+01   0.496353E+00   0.127983E+02   0.505770E+00   0.269809E+00
 0.135197E+01   0.496729E+00   0.128040E+02   0.506165E+00   0.270188E+00
 0.135392E+01   0.496974E+00   0.128022E+02   0.506422E+00   0.270567E+00
 0.135587E+01   0.497210E+00   0.127999E+02   0.506670E+00   0.270947E+00
 0.135782E+01   0.497402E+00   0.127951E+02   0.506871E+00   0.271328E+00
 0.135977E+01   0.497530E+00   0.127866E+02   0.507006E+00   0.271710E+00
 0.136173E+01   0.497873E+00   0.127905E+02   0.507367E+00   0.272091E+00
 0.136368E+01   0.498098E+00   0.127875E+02   0.507603E+00   0.272474E+00
 0.136563E+01   0.498326E+00   0.127847E+02   0.507842E+00   0.272857E+00
 0.136758E+01   0.498571E+00   0.127829E+02   0.508100E+00   0.273240E+00
 0.136953E+01   0.498739E+00   0.127767E+02   0.508276E+00   0.273624E+00
 0.137148E+01   0.499032E+00   0.127777E+02   0.508584E+00   0.274007E+00
 0.137344E+01   0.499311E+00   0.127779E+02   0.508878E+00   0.274392E+00
 0.137539E+01   0.499608E+00   0.127791E+02   0.509190E+00   0.274776E+00
 0.137734E+01   0.499723E+00   0.127700E+02   0.509311E+00   0.275160E+00
 0.137929E+01   0.499904E+00   0.127646E+02   0.509501E+00   0.275544E+00
 0.138124E+01   0.500238E+00   0.127680E+02   0.509852E+00   0.275929E+00
 0.138320E+01   0.500366E+00   0.127597E+02   0.509987E+00   0.276313E+00
 0.138515E+01   0.500591E+00   0.127569E+02   0.510223E+00   0.276697E+00
 0.138710E+01   0.500890E+00   0.127583E+02   0.510537E+00   0.277081E+00
 0.138905E+01   0.501058E+00   0.127524E+02   0.510715E+00   0.277465E+00
 0.139100E+01   0.501354E+00   0.127538E+02   0.511026E+00   0.277848E+00
 0.139296E+01   0.501516E+00   0.127475E+02   0.511196E+00   0.278231E+00
 0.139491E+01   0.501929E+00   0.127557E+02   0.511630E+00   0.278614E+00
 0.139686E+01   0.502129E+00   0.127517E+02   0.511841E+00   0.278996E+00
 0.139881E+01   0.502357E+00   0.127494E+02   0.512081E+00   0.279378E+00
 0.140076E+01   0.502481E+00   0.127411E+02   0.512211E+00   0.279759E+00
 0.140272E+01   0.502705E+00   0.127386E+02   0.512447E+00   0.280139E+00
 0.140467E+01   0.502980E+00   0.127391E+02   0.512736E+00   0.280519E+00
 0.140662E+01   0.503304E+00   0.127425E+02   0.513076E+00   0.280899E+00
 0.140857E+01   0.503377E+00   0.127315E+02   0.513153E+00   0.281277E+00
 0.141052E+01   0.503612E+00   0.127298E+02   0.513400E+00   0.281655E+00
 0.141248E+01   0.503923E+00   0.127326E+02   0.513728E+00   0.282033E+00
 0.141443E+01   0.504143E+00   0.127302E+02   0.513960E+00   0.282410E+00
 0.141638E+01   0.504365E+00   0.127279E+02   0.514193E+00   0.282787E+00
 0.141833E+01   0.504533E+00   0.127226E+02   0.514370E+00   0.283163E+00
 0.142028E+01   0.504715E+00   0.127181E+02   0.514562E+00   0.283539E+00
 0.142223E+01   0.505056E+00   0.127228E+02   0.514920E+00   0.283914E+00
 0.142419E+01   0.505241E+00   0.127186E+02   0.515115E+00   0.284289E+00
 0.142614E+01   0.505356E+00   0.127104E+02   0.515236E+00   0.284664E+00
 0.142809E+01   0.505622E+00   0.127109E+02   0.515516E+00   0.285039E+00
 0.143004E+01   0.505892E+00   0.127116E+02   0.515800E+00   0.285413E+00
 0.143199E+01   0.506130E+00   0.127106E+02   0.516051E+00   0.285787E+00
 0.143395E+01   0.506245E+00   0.127025E+02   0.516171E+00   0.286161E+00
 0.143590E+01   0.506448E+00   0.126995E+02   0.516385E+00   0.286535E+00
 0.143785E+01   0.506754E+00   0.127024E+02   0.516707E+00   0.286909E+00
 0.143980E+01   0.506967E+00   0.127001E+02   0.516932E+00   0.287282E+00
 0.144175E+01   0.507127E+00   0.126947E+02   0.517100E+00   0.287656E+00
 0.144371E+01   0.507316E+00   0.126910E+02   0.517299E+00   0.288029E+00
 0.144566E+01   0.507511E+00   0.126876E+02   0.517505E+00   0.288403E+00
 0.144761E+01   0.507817E+00   0.126907E+02   0.517826E+00   0.288776E+00
 0.144956E+01   0.508035E+00   0.126888E+02   0.518056E+00   0.289150E+00
 0.145151E+01   0.508191E+00   0.126832E+02   0.518220E+00   0.289524E+00
 0.145347E+01   0.508501E+00   0.126866E+02   0.518547E+00   0.289898E+00
 0.145542E+01   0.508769E+00   0.126876E+02   0.518829E+00   0.290272E+00
 0.145737E+01   0.508981E+00   0.126854E+02   0.519052E+00   0.290646E+00
 0.145932E+01   0.509185E+00   0.126827E+02   0.519267E+00   0.291020E+00
 0.146127E+01   0.509397E+00   0.126805E+02   0.519490E+00   0.291395E+00
 0.146322E+01   0.509510E+00   0.126725E+02   0.519609E+00   0.291769E+00
 0.146518E+01   0.509719E+00   0.126702E+02   0.519830E+00   0.292144E+00
 0.146713E+01   0.509975E+00   0.126706E+02   0.520099E+00   0.292519E+00
 0.146908E+01   0.510185E+00   0.126684E+02   0.520321E+00   0.292894E+00
 0.147103E+01   0.510450E+00   0.126693E+02   0.520599E+00   0.293269E+00
 0.147298E+01   0.510653E+00   0.126667E+02   0.520813E+00   0.293645E+00
 0.147494E+01   0.510872E+00   0.126650E+02   0.521044E+00   0.294020E+00
 0.147689E+01   0.511077E+00   0.126625E+02   0.521260E+00   0.294396E+00
 0.147884E+01   0.511191E+00   0.126548E+02   0.521380E+00   0.294771E+00
 0.148079E+01   0.511399E+00   0.126525E+02   0.521599E+00   0.295147E+00
 0.148274E+01   0.511550E+00   0.126469E+02   0.521758E+00   0.295522E+00
 0.148470E+01   0.511819E+00   0.126483E+02   0.522042E+00   0.295898E+00
 0.148665E+01   0.512062E+00   0.126481E+02   0.522298E+00   0.296274E+00
 0.148860E+01   0.512316E+00   0.126486E+02   0.522566E+00   0.296650E+00
 0.149055E+01   0.512438E+00   0.126414E+02   0.522694E+00   0.297025E+00
 0.149250E+01   0.512772E+00   0.126466E+02   0.523046E+00   0.297401E+00
 0.149446E+01   0.512936E+00   0.126419E+02   0.523219E+00   0.297777E+00
 0.149641E+01   0.513160E+00   0.126407E+02   0.523454E+00   0.298153E+00
 0.149836E+01   0.513345E+00   0.126373E+02   0.523649E+00   0.298529E+00
 0.150031E+01   0.513590E+00   0.126374E+02   0.523907E+00   0.298905E+00
 0.150226E+01   0.513793E+00   0.126351E+02   0.524122E+00   0.299281E+00
 0.150421E+01   0.513840E+00   0.126236E+02   0.524172E+00   0.299656E+00
 0.150617E+01   0.514166E+00   0.126285E+02   0.524515E+00   0.300032E+00
 0.150812E+01   0.514278E+00   0.126209E+02   0.524633E+00   0.300408E+00
 0.151007E+01   0.514473E+00   0.126182E+02   0.524838E+00   0.300783E+00
 0.151202E+01   0.514816E+00   0.126242E+02   0.525201E+00   0.301159E+00
 0.151397E+01   0.514900E+00   0.126150E+02   0.525289E+00   0.301535E+00
 0.151593E+01   0.515087E+00   0.126118E+02   0.525486E+00   0.301910E+00
 0.151788E+01   0.515287E+00   0.126095E+02   0.525697E+00   0.302286E+00
 0.151983E+01   0.515532E+00   0.126097E+02   0.525955E+00   0.302661E+00
 0.152178E+01   0.515698E+00   0.126054E+02   0.526129E+00   0.303037E+00
 0.152373E+01   0.516028E+00   0.126107E+02   0.526478E+00   0.303412E+00
 0.152569E+01   0.516207E+00   0.126072E+02   0.526667E+00   0.303787E+00
 0.152764E+01   0.516389E+00   0.126039E+02   0.526859E+00   0.304163E+00
 0.152959E+01   0.516595E+00   0.126020E+02   0.527075E+00   0.304538E+00
 0.153154E+01   0.516786E+00   0.125993E+02   0.527277E+00   0.304913E+00
 0.153349E+01   0.516890E+00   0.125914E+02   0.527387E+00   0.305289E+00
 0.153545E+01   0.517230E+00   0.125975E+02   0.527746E+00   0.305664E+00
 0.153740E+01   0.517291E+00   0.125871E+02   0.527810E+00   0.306039E+00
 0.153935E+01   0.517529E+00   0.125872E+02   0.528061E+00   0.306415E+00
 0.154130E+01   0.517691E+00   0.125829E+02   0.528231E+00   0.306790E+00
 0.154325E+01   0.518040E+00   0.125895E+02   0.528600E+00   0.307165E+00
 0.154520E+01   0.518108E+00   0.125796E+02   0.528671E+00   0.307540E+00
 0.154716E+01   0.518372E+00   0.125814E+02   0.528950E+00   0.307916E+00
 0.154911E+01   0.518590E+00   0.125803E+02   0.529179E+00   0.308291E+00
 0.155106E+01   0.518767E+00   0.125770E+02   0.529367E+00   0.308666E+00
 0.155301E+01   0.518884E+00   0.125700E+02   0.529490E+00   0.309041E+00
 0.155496E+01   0.519255E+00   0.125781E+02   0.529882E+00   0.309416E+00
 0.155692E+01   0.519366E+00   0.125709E+02   0.529998E+00   0.309792E+00
 0.155887E+01   0.519554E+00   0.125682E+02   0.530197E+00   0.310167E+00
 0.156082E+01   0.519781E+00   0.125678E+02   0.530436E+00   0.310542E+00
 0.156277E+01   0.519986E+00   0.125662E+02   0.530652E+00   0.310917E+00
 0.156472E+01   0.520093E+00   0.125588E+02   0.530765E+00   0.311293E+00
 0.156668E+01   0.520326E+00   0.125588E+02   0.531011E+00   0.311668E+00
 0.156863E+01   0.520612E+00   0.125621E+02   0.531314E+00   0.312043E+00
 0.157058E+01   0.520704E+00   0.125538E+02   0.531410E+00   0.312419E+00
 0.157253E+01   0.520864E+00   0.125496E+02   0.531579E+00   0.312794E+00
 0.157448E+01   0.521047E+00   0.125467E+02   0.531772E+00   0.313169E+00
 0.157644E+01   0.521404E+00   0.125542E+02   0.532149E+00   0.313545E+00
 0.157839E+01   0.521543E+00   0.125488E+02   0.532295E+00   0.313920E+00
 0.158034E+01   0.521783E+00   0.125494E+02   0.532549E+00   0.314295E+00
 0.158229E+01   0.521835E+00   0.125389E+02   0.532604E+00   0.314671E+00
 0.158424E+01   0.522176E+00   0.125455E+02   0.532963E+00   0.315046E+00
 0.158620E+01   0.522224E+00   0.125347E+02   0.533014E+00   0.315421E+00
 0.158815E+01   0.522566E+00   0.125415E+02   0.533376E+00   0.315797E+00
 0.159010E+01   0.522775E+00   0.125403E+02   0.533596E+00   0.316172E+00
 0.159205E+01   0.522970E+00   0.125384E+02   0.533802E+00   0.316548E+00
 0.159400E+01   0.522988E+00   0.125259E+02   0.533821E+00   0.316923E+00
 0.159595E+01   0.523268E+00   0.125290E+02   0.534116E+00   0.317298E+00
 0.159791E+01   0.523462E+00   0.125270E+02   0.534322E+00   0.317674E+00
 0.159986E+01   0.523697E+00   0.125275E+02   0.534570E+00   0.318049E+00
 0.160181E+01   0.523798E+00   0.125201E+02   0.534676E+00   0.318425E+00
 0.160376E+01   0.524006E+00   0.125190E+02   0.534895E+00   0.318800E+00
 0.160571E+01   0.524178E+00   0.125158E+02   0.535077E+00   0.319176E+00
 0.160767E+01   0.524496E+00   0.125213E+02   0.535413E+00   0.319551E+00
 0.160962E+01   0.524684E+00   0.125191E+02   0.535612E+00   0.319927E+00
 0.161157E+01   0.524848E+00   0.125154E+02   0.535785E+00   0.320302E+00
 0.161352E+01   0.525040E+00   0.125135E+02   0.535987E+00   0.320677E+00
 0.161547E+01   0.525123E+00   0.125051E+02   0.536075E+00   0.321053E+00
 0.161743E+01   0.525426E+00   0.125098E+02   0.536396E+00   0.321429E+00
 0.161938E+01   0.525599E+00   0.125068E+02   0.536579E+00   0.321804E+00
 0.162133E+01   0.525829E+00   0.125072E+02   0.536821E+00   0.322179E+00
 0.162328E+01   0.526013E+00   0.125049E+02   0.537015E+00   0.322555E+00
 0.162523E+01   0.526147E+00   0.124996E+02   0.537157E+00   0.322931E+00
 0.162719E+01   0.526332E+00   0.124973E+02   0.537352E+00   0.323306E+00
 0.162914E+01   0.526451E+00   0.124912E+02   0.537478E+00   0.323681E+00
 0.163109E+01   0.526640E+00   0.124893E+02   0.537678E+00   0.324057E+00
 0.163304E+01   0.526895E+00   0.124913E+02   0.537947E+00   0.324432E+00
 0.163499E+01   0.526985E+00   0.124835E+02   0.538043E+00   0.324808E+00
 0.163694E+01   0.527198E+00   0.124830E+02   0.538267E+00   0.325183E+00
 0.163890E+01   0.527485E+00   0.124870E+02   0.538571E+00   0.325559E+00
 0.164085E+01   0.527637E+00   0.124829E+02   0.538731E+00   0.325934E+00
 0.164280E+01   0.527845E+00   0.124822E+02   0.538951E+00   0.326309E+00
 0.164475E+01   0.528011E+00   0.124790E+02   0.539126E+00   0.326685E+00
 0.164670E+01   0.528097E+00   0.124711E+02   0.539218E+00   0.327060E+00
 0.164866E+01   0.528379E+00   0.124749E+02   0.539515E+00   0.327435E+00
 0.165061E+01   0.528461E+00   0.124667E+02   0.539601E+00   0.327811E+00
 0.165256E+01   0.528807E+00   0.124744E+02   0.539967E+00   0.328186E+00
 0.165451E+01   0.528843E+00   0.124635E+02   0.540006E+00   0.328561E+00
 0.165646E+01   0.529041E+00   0.124623E+02   0.540215E+00   0.328936E+00
 0.165842E+01   0.529301E+00   0.124649E+02   0.540489E+00   0.329311E+00
 0.166037E+01   0.529374E+00   0.124563E+02   0.540567E+00   0.329686E+00
 0.166232E+01   0.529566E+00   0.124548E+02   0.540770E+00   0.330061E+00
 0.166427E+01   0.529844E+00   0.124585E+02   0.541064E+00   0.330436E+00
 0.166622E+01   0.530015E+00   0.124558E+02   0.541244E+00   0.330811E+00
 0.166818E+01   0.530155E+00   0.124513E+02   0.541392E+00   0.331186E+00
 0.167013E+01   0.530308E+00   0.124476E+02   0.541554E+00   0.331561E+00
 0.167208E+01   0.530620E+00   0.124534E+02   0.541884E+00   0.331936E+00
 0.167403E+01   0.530659E+00   0.124428E+02   0.541925E+00   0.332311E+00
 0.167598E+01   0.530906E+00   0.124448E+02   0.542187E+00   0.332686E+00
 0.167793E+01   0.531161E+00   0.124473E+02   0.542456E+00   0.333061E+00
 0.167989E+01   0.531264E+00   0.124406E+02   0.542565E+00   0.333436E+00
 0.168184E+01   0.531446E+00   0.124387E+02   0.542757E+00   0.333811E+00
 0.168379E+01   0.531610E+00   0.124358E+02   0.542931E+00   0.334186E+00
 0.168574E+01   0.531792E+00   0.124339E+02   0.543124E+00   0.334561E+00
 0.168769E+01   0.531969E+00   0.124317E+02   0.543310E+00   0.334936E+00
 0.168965E+01   0.532165E+00   0.124308E+02   0.543518E+00   0.335311E+00
 0.169160E+01   0.532409E+00   0.124327E+02   0.543776E+00   0.335686E+00
 0.169355E+01   0.532508E+00   0.124259E+02   0.543881E+00   0.336061E+00
 0.169550E+01   0.532766E+00   0.124287E+02   0.544153E+00   0.336437E+00
 0.169745E+01   0.532891E+00   0.124235E+02   0.544286E+00   0.336812E+00
 0.169941E+01   0.532983E+00   0.124163E+02   0.544383E+00   0.337188E+00
 0.170136E+01   0.533208E+00   0.124171E+02   0.544621E+00   0.337564E+00
 0.170331E+01   0.533380E+00   0.124148E+02   0.544803E+00   0.337939E+00
 0.170526E+01   0.533643E+00   0.124180E+02   0.545082E+00   0.338315E+00
 0.170721E+01   0.533754E+00   0.124120E+02   0.545198E+00   0.338691E+00
 0.170917E+01   0.533919E+00   0.124093E+02   0.545374E+00   0.339068E+00
 0.171112E+01   0.534117E+00   0.124085E+02   0.545583E+00   0.339444E+00
 0.171307E+01   0.534284E+00   0.124060E+02   0.545760E+00   0.339820E+00
 0.171502E+01   0.534556E+00   0.124097E+02   0.546047E+00   0.340197E+00
 0.171697E+01   0.534613E+00   0.124005E+02   0.546108E+00   0.340574E+00
 0.171892E+01   0.534794E+00   0.123988E+02   0.546299E+00   0.340951E+00
 0.172088E+01   0.534963E+00   0.123964E+02   0.546478E+00   0.341328E+00
 0.172283E+01   0.535227E+00   0.123998E+02   0.546758E+00   0.341705E+00
 0.172478E+01   0.535348E+00   0.123945E+02   0.546886E+00   0.342082E+00
 0.172673E+01   0.535507E+00   0.123915E+02   0.547054E+00   0.342459E+00
 0.172868E+01   0.535667E+00   0.123886E+02   0.547224E+00   0.342836E+00
 0.173064E+01   0.535750E+00   0.123810E+02   0.547311E+00   0.343213E+00
 0.173259E+01   0.535919E+00   0.123787E+02   0.547490E+00   0.343590E+00
 0.173454E+01   0.536214E+00   0.123840E+02   0.547802E+00   0.343967E+00
 0.173649E+01   0.536430E+00   0.123846E+02   0.548031E+00   0.344344E+00
 0.173844E+01   0.536638E+00   0.123847E+02   0.548251E+00   0.344720E+00
 0.174040E+01   0.536646E+00   0.123727E+02   0.548259E+00   0.345097E+00
 0.174235E+01   0.536877E+00   0.123743E+02   0.548504E+00   0.345473E+00
 0.174430E+01   0.536964E+00   0.123671E+02   0.548596E+00   0.345848E+00
 0.174625E+01   0.537316E+00   0.123761E+02   0.548969E+00   0.346224E+00
 0.174820E+01   0.537460E+00   0.123724E+02   0.549122E+00   0.346599E+00
 0.175016E+01   0.537557E+00   0.123659E+02   0.549224E+00   0.346974E+00
 0.175211E+01   0.537814E+00   0.123692E+02   0.549497E+00   0.347348E+00
 0.175406E+01   0.537837E+00   0.123583E+02   0.549521E+00   0.347723E+00
 0.175601E+01   0.538108E+00   0.123625E+02   0.549808E+00   0.348096E+00
 0.175796E+01   0.538152E+00   0.123529E+02   0.549854E+00   0.348469E+00
 0.175992E+01   0.538508E+00   0.123623E+02   0.550231E+00   0.348842E+00
 0.176187E+01   0.538487E+00   0.123489E+02   0.550209E+00   0.349214E+00
 0.176382E+01   0.538821E+00   0.123571E+02   0.550563E+00   0.349586E+00
 0.176577E+01   0.539003E+00   0.123560E+02   0.550756E+00   0.349956E+00
 0.176772E+01   0.539014E+00   0.123446E+02   0.550767E+00   0.350327E+00
 0.176967E+01   0.539222E+00   0.123451E+02   0.550987E+00   0.350697E+00
 0.177163E+01   0.539346E+00   0.123407E+02   0.551118E+00   0.351066E+00
 0.177358E+01   0.539590E+00   0.123436E+02   0.551378E+00   0.351435E+00
 0.177553E+01   0.539637E+00   0.123344E+02   0.551427E+00   0.351803E+00
 0.177748E+01   0.539962E+00   0.123423E+02   0.551771E+00   0.352171E+00
 0.177943E+01   0.540043E+00   0.123353E+02   0.551858E+00   0.352538E+00
 0.178139E+01   0.540285E+00   0.123382E+02   0.552114E+00   0.352906E+00
 0.178334E+01   0.540328E+00   0.123289E+02   0.552159E+00   0.353273E+00
 0.178529E+01   0.540569E+00   0.123318E+02   0.552414E+00   0.353640E+00
 0.178724E+01   0.540634E+00   0.123239E+02   0.552483E+00   0.354007E+00
 0.178919E+01   0.540892E+00   0.123278E+02   0.552757E+00   0.354373E+00
 0.179115E+01   0.540971E+00   0.123208E+02   0.552841E+00   0.354740E+00
 0.179310E+01   0.541207E+00   0.123234E+02   0.553091E+00   0.355107E+00
 0.179505E+01   0.541268E+00   0.123153E+02   0.553155E+00   0.355474E+00
 0.179700E+01   0.541663E+00   0.123277E+02   0.553574E+00   0.355841E+00
 0.179895E+01   0.541668E+00   0.123162E+02   0.553579E+00   0.356208E+00
 0.180091E+01   0.541858E+00   0.123161E+02   0.553781E+00   0.356575E+00
 0.180286E+01   0.541941E+00   0.123093E+02   0.553868E+00   0.356943E+00
 0.180481E+01   0.542101E+00   0.123074E+02   0.554038E+00   0.357311E+00
 0.180676E+01   0.542385E+00   0.123129E+02   0.554339E+00   0.357679E+00
 0.180871E+01   0.542566E+00   0.123122E+02   0.554531E+00   0.358048E+00
 0.181066E+01   0.542704E+00   0.123089E+02   0.554677E+00   0.358417E+00
 0.181262E+01   0.542950E+00   0.123122E+02   0.554938E+00   0.358787E+00
 0.181457E+01   0.542905E+00   0.122976E+02   0.554891E+00   0.359157E+00
 0.181652E+01   0.543108E+00   0.122982E+02   0.555105E+00   0.359528E+00
 0.181847E+01   0.543422E+00   0.123057E+02   0.555439E+00   0.359899E+00
 0.182042E+01   0.543543E+00   0.123012E+02   0.555567E+00   0.360272E+00
 0.182238E+01   0.543684E+00   0.122980E+02   0.555716E+00   0.360645E+00
 0.182433E+01   0.543789E+00   0.122925E+02   0.555827E+00   0.361019E+00
 0.182628E+01   0.543873E+00   0.122858E+02   0.555916E+00   0.361393E+00
 0.182823E+01   0.544049E+00   0.122847E+02   0.556103E+00   0.361768E+00
 0.183018E+01   0.544269E+00   0.122864E+02   0.556337E+00   0.362143E+00
 0.183214E+01   0.544560E+00   0.122924E+02   0.556645E+00   0.362519E+00
 0.183409E+01   0.544538E+00   0.122791E+02   0.556622E+00   0.362895E+00
 0.183604E+01   0.544675E+00   0.122756E+02   0.556767E+00   0.363271E+00
 0.183799E+01   0.544995E+00   0.122834E+02   0.557106E+00   0.363648E+00
 0.183994E+01   0.545078E+00   0.122766E+02   0.557194E+00   0.364024E+00
 0.184190E+01   0.545362E+00   0.122822E+02   0.557495E+00   0.364401E+00
 0.184385E+01   0.545362E+00   0.122703E+02   0.557496E+00   0.364778E+00
 0.184580E+01   0.545635E+00   0.122753E+02   0.557785E+00   0.365155E+00
 0.184775E+01   0.545719E+00   0.122686E+02   0.557874E+00   0.365532E+00
 0.184970E+01   0.545928E+00   0.122696E+02   0.558095E+00   0.365909E+00
 0.185165E+01   0.546042E+00   0.122648E+02   0.558216E+00   0.366286E+00
 0.185361E+01   0.546165E+00   0.122606E+02   0.558347E+00   0.366663E+00
 0.185556E+01   0.546484E+00   0.122685E+02   0.558686E+00   0.367039E+00
 0.185751E+01   0.546481E+00   0.122566E+02   0.558683E+00   0.367415E+00
 0.185946E+01   0.546642E+00   0.122547E+02   0.558853E+00   0.367791E+00
 0.186141E+01   0.546909E+00   0.122595E+02   0.559136E+00   0.368166E+00
 0.186337E+01   0.547108E+00   0.122601E+02   0.559347E+00   0.368540E+00
 0.186532E+01   0.547191E+00   0.122536E+02   0.559435E+00   0.368915E+00
 0.186727E+01   0.547268E+00   0.122467E+02   0.559517E+00   0.369288E+00
 0.186922E+01   0.547523E+00   0.122509E+02   0.559788E+00   0.369661E+00
 0.187117E+01   0.547659E+00   0.122478E+02   0.559932E+00   0.370033E+00
 0.187313E+01   0.547813E+00   0.122458E+02   0.560095E+00   0.370405E+00
 0.187508E+01   0.547889E+00   0.122391E+02   0.560176E+00   0.370775E+00
 0.187703E+01   0.548044E+00   0.122372E+02   0.560341E+00   0.371145E+00
 0.187898E+01   0.548310E+00   0.122422E+02   0.560622E+00   0.371515E+00
 0.188093E+01   0.548425E+00   0.122380E+02   0.560744E+00   0.371884E+00
 0.188289E+01   0.548613E+00   0.122383E+02   0.560944E+00   0.372252E+00
 0.188484E+01   0.548821E+00   0.122399E+02   0.561165E+00   0.372620E+00
 0.188679E+01   0.548882E+00   0.122324E+02   0.561230E+00   0.372988E+00
 0.188874E+01   0.549036E+00   0.122306E+02   0.561393E+00   0.373355E+00
 0.189069E+01   0.549265E+00   0.122336E+02   0.561636E+00   0.373722E+00
 0.189265E+01   0.549432E+00   0.122327E+02   0.561814E+00   0.374089E+00
 0.189460E+01   0.549414E+00   0.122204E+02   0.561794E+00   0.374456E+00
 0.189655E+01   0.549635E+00   0.122229E+02   0.562029E+00   0.374822E+00
 0.189850E+01   0.549784E+00   0.122209E+02   0.562187E+00   0.375189E+00
 0.190045E+01   0.549937E+00   0.122193E+02   0.562350E+00   0.375556E+00
 0.190240E+01   0.550120E+00   0.122195E+02   0.562545E+00   0.375922E+00
 0.190436E+01   0.550243E+00   0.122160E+02   0.562675E+00   0.376289E+00
 0.190631E+01   0.550308E+00   0.122088E+02   0.562743E+00   0.376656E+00
 0.190826E+01   0.550531E+00   0.122115E+02   0.562980E+00   0.377023E+00
 0.191021E+01   0.550624E+00   0.122062E+02   0.563079E+00   0.377391E+00
 0.191216E+01   0.550904E+00   0.122124E+02   0.563376E+00   0.377759E+00
 0.191412E+01   0.550907E+00   0.122014E+02   0.563379E+00   0.378127E+00
 0.191607E+01   0.551055E+00   0.121994E+02   0.563536E+00   0.378496E+00
 0.191802E+01   0.551350E+00   0.122067E+02   0.563850E+00   0.378865E+00
 0.191997E+01   0.551446E+00   0.122015E+02   0.563952E+00   0.379235E+00
 0.192192E+01   0.551540E+00   0.121961E+02   0.564052E+00   0.379605E+00
 0.192388E+01   0.551660E+00   0.121924E+02   0.564179E+00   0.379976E+00
 0.192583E+01   0.551804E+00   0.121902E+02   0.564332E+00   0.380348E+00
 0.192778E+01   0.552136E+00   0.121996E+02   0.564684E+00   0.380721E+00
 0.192973E+01   0.552134E+00   0.121882E+02   0.564682E+00   0.381094E+00
 0.193168E+01   0.552398E+00   0.121934E+02   0.564963E+00   0.381468E+00
 0.193364E+01   0.552474E+00   0.121869E+02   0.565044E+00   0.381842E+00
 0.193559E+01   0.552660E+00   0.121872E+02   0.565241E+00   0.382217E+00
 0.193754E+01   0.552852E+00   0.121879E+02   0.565445E+00   0.382592E+00
 0.193949E+01   0.552999E+00   0.121858E+02   0.565601E+00   0.382968E+00
 0.194144E+01   0.553078E+00   0.121795E+02   0.565685E+00   0.383344E+00
 0.194339E+01   0.553372E+00   0.121866E+02   0.565998E+00   0.383720E+00
 0.194535E+01   0.553377E+00   0.121756E+02   0.566002E+00   0.384096E+00
 0.194730E+01   0.553491E+00   0.121714E+02   0.566123E+00   0.384473E+00
 0.194925E+01   0.553705E+00   0.121736E+02   0.566352E+00   0.384850E+00
 0.195120E+01   0.553826E+00   0.121698E+02   0.566479E+00   0.385227E+00
 0.195315E+01   0.554012E+00   0.121703E+02   0.566677E+00   0.385604E+00
 0.195511E+01   0.554200E+00   0.121708E+02   0.566877E+00   0.385981E+00
 0.195706E+01   0.554226E+00   0.121611E+02   0.566904E+00   0.386357E+00
 0.195901E+01   0.554425E+00   0.121624E+02   0.567116E+00   0.386734E+00
 0.196096E+01   0.554608E+00   0.121627E+02   0.567310E+00   0.387111E+00
 0.196291E+01   0.554796E+00   0.121633E+02   0.567510E+00   0.387487E+00
 0.196487E+01   0.554900E+00   0.121587E+02   0.567621E+00   0.387863E+00
 0.196682E+01   0.555094E+00   0.121597E+02   0.567827E+00   0.388239E+00
 0.196877E+01   0.555306E+00   0.121619E+02   0.568052E+00   0.388614E+00
 0.197072E+01   0.555344E+00   0.121532E+02   0.568093E+00   0.388989E+00
 0.197267E+01   0.555457E+00   0.121492E+02   0.568213E+00   0.389363E+00
 0.197463E+01   0.555637E+00   0.121494E+02   0.568405E+00   0.389737E+00
 0.197658E+01   0.555782E+00   0.121475E+02   0.568558E+00   0.390110E+00
 0.197853E+01   0.556043E+00   0.121530E+02   0.568836E+00   0.390483E+00
 0.198048E+01   0.556144E+00   0.121484E+02   0.568944E+00   0.390855E+00
 0.198243E+01   0.556146E+00   0.121375E+02   0.568945E+00   0.391227E+00
 0.198438E+01   0.556491E+00   0.121484E+02   0.569312E+00   0.391598E+00
 0.198634E+01   0.556575E+00   0.121428E+02   0.569402E+00   0.391968E+00
 0.198829E+01   0.556716E+00   0.121408E+02   0.569551E+00   0.392338E+00
 0.199024E+01   0.556858E+00   0.121389E+02   0.569702E+00   0.392708E+00
 0.199219E+01   0.556898E+00   0.121306E+02   0.569745E+00   0.393077E+00
 0.199414E+01   0.557003E+00   0.121264E+02   0.569857E+00   0.393446E+00
 0.199610E+01   0.557282E+00   0.121332E+02   0.570153E+00   0.393814E+00
 0.199805E+01   0.557467E+00   0.121342E+02   0.570350E+00   0.394182E+00
