 0.100000E+00   0.213793E+00   0.401371E+02   0.213861E+00   0.208293E-01
 0.107900E+00   0.216313E+00   0.399293E+02   0.216415E+00   0.224788E-01
 0.115800E+00   0.219259E+00   0.404495E+02   0.219418E+00   0.241141E-01
 0.123700E+00   0.222282E+00   0.423267E+02   0.222513E+00   0.257393E-01
 0.131600E+00   0.225793E+00   0.411976E+02   0.226110E+00   0.273585E-01
 0.139500E+00   0.230220E+00   0.402531E+02   0.230635E+00   0.289756E-01
 0.147400E+00   0.235378E+00   0.399139E+02   0.235899E+00   0.305949E-01
 0.155300E+00   0.240680E+00   0.397523E+02   0.241305E+00   0.322181E-01
 0.163200E+00   0.245798E+00   0.395846E+02   0.246523E+00   0.338441E-01
 0.171100E+00   0.250613E+00   0.386360E+02   0.251434E+00   0.354716E-01
 0.179000E+00   0.255121E+00   0.380358E+02   0.256034E+00   0.370992E-01
 0.186900E+00   0.259373E+00   0.375831E+02   0.260375E+00   0.387255E-01
 0.194800E+00   0.263448E+00   0.370039E+02   0.264537E+00   0.403491E-01
 0.202700E+00   0.267418E+00   0.362321E+02   0.268595E+00   0.419693E-01
 0.210600E+00   0.271309E+00   0.355033E+02   0.272573E+00   0.435866E-01
 0.218500E+00   0.275140E+00   0.348230E+02   0.276492E+00   0.452017E-01
 0.226400E+00   0.278922E+00   0.341808E+02   0.280363E+00   0.468153E-01
 0.234300E+00   0.282660E+00   0.335820E+02   0.284188E+00   0.484281E-01
 0.242200E+00   0.286345E+00   0.330186E+02   0.287963E+00   0.500408E-01
 0.250100E+00   0.289966E+00   0.324888E+02   0.291671E+00   0.516539E-01
 0.258000E+00   0.293516E+00   0.319978E+02   0.295308E+00   0.532672E-01
 0.265900E+00   0.296991E+00   0.315311E+02   0.298870E+00   0.548803E-01
 0.273800E+00   0.300392E+00   0.310919E+02   0.302356E+00   0.564928E-01
 0.281700E+00   0.303720E+00   0.306781E+02   0.305768E+00   0.581045E-01
 0.289600E+00   0.306978E+00   0.302862E+02   0.309111E+00   0.597148E-01
 0.297500E+00   0.310171E+00   0.299136E+02   0.312387E+00   0.613235E-01
 0.305400E+00   0.313304E+00   0.295672E+02   0.315604E+00   0.629307E-01
 0.313300E+00   0.316381E+00   0.292339E+02   0.318763E+00   0.645367E-01
 0.321200E+00   0.319404E+00   0.289098E+02   0.321869E+00   0.661418E-01
 0.329100E+00   0.322377E+00   0.286019E+02   0.324923E+00   0.677462E-01
 0.337000E+00   0.325301E+00   0.283170E+02   0.327929E+00   0.693503E-01
 0.344900E+00   0.328178E+00   0.280332E+02   0.330886E+00   0.709543E-01
 0.352800E+00   0.331008E+00   0.277691E+02   0.333797E+00   0.725581E-01
 0.360700E+00   0.333793E+00   0.275125E+02   0.336661E+00   0.741616E-01
 0.368600E+00   0.336533E+00   0.272635E+02   0.339481E+00   0.757645E-01
 0.376500E+00   0.339230E+00   0.270217E+02   0.342256E+00   0.773664E-01
 0.384400E+00   0.341883E+00   0.267933E+02   0.344988E+00   0.789673E-01
 0.392300E+00   0.344496E+00   0.265784E+02   0.347679E+00   0.805667E-01
 0.400200E+00   0.347068E+00   0.263674E+02   0.350328E+00   0.821647E-01
 0.408100E+00   0.349601E+00   0.261591E+02   0.352939E+00   0.837615E-01
 0.416000E+00   0.352097E+00   0.259651E+02   0.355512E+00   0.853573E-01
 0.423900E+00   0.354557E+00   0.257741E+02   0.358048E+00   0.869524E-01
 0.431800E+00   0.356982E+00   0.255799E+02   0.360549E+00   0.885469E-01
 0.439700E+00   0.359373E+00   0.254057E+02   0.363017E+00   0.901413E-01
 0.447600E+00   0.361733E+00   0.252312E+02   0.365451E+00   0.917355E-01
 0.455500E+00   0.364060E+00   0.250664E+02   0.367853E+00   0.933295E-01
 0.463400E+00   0.366356E+00   0.248968E+02   0.370224E+00   0.949229E-01
 0.471300E+00   0.368620E+00   0.247429E+02   0.372563E+00   0.965157E-01
 0.479200E+00   0.370855E+00   0.245880E+02   0.374871E+00   0.981075E-01
 0.487100E+00   0.373058E+00   0.244303E+02   0.377148E+00   0.996981E-01
 0.495000E+00   0.375233E+00   0.242867E+02   0.379395E+00   0.101287E+00
 0.502900E+00   0.377378E+00   0.241482E+02   0.381613E+00   0.102875E+00
 0.510800E+00   0.379496E+00   0.240113E+02   0.383803E+00   0.104462E+00
 0.518700E+00   0.381587E+00   0.238769E+02   0.385967E+00   0.106048E+00
 0.526600E+00   0.383654E+00   0.237453E+02   0.388105E+00   0.107633E+00
 0.534500E+00   0.385696E+00   0.236177E+02   0.390218E+00   0.109218E+00
 0.542400E+00   0.387716E+00   0.234908E+02   0.392309E+00   0.110802E+00
 0.550300E+00   0.389713E+00   0.233637E+02   0.394377E+00   0.112386E+00
 0.558200E+00   0.391688E+00   0.232447E+02   0.396422E+00   0.113969E+00
 0.566100E+00   0.393639E+00   0.231349E+02   0.398443E+00   0.115553E+00
 0.574000E+00   0.395568E+00   0.230139E+02   0.400441E+00   0.117136E+00
 0.581900E+00   0.397473E+00   0.229055E+02   0.402416E+00   0.118718E+00
 0.589800E+00   0.399354E+00   0.228017E+02   0.404366E+00   0.120300E+00
 0.597700E+00   0.401211E+00   0.226915E+02   0.406291E+00   0.121882E+00
 0.605600E+00   0.403045E+00   0.225877E+02   0.408194E+00   0.123464E+00
 0.613500E+00   0.404857E+00   0.224837E+02   0.410074E+00   0.125044E+00
 0.621400E+00   0.406648E+00   0.223846E+02   0.411932E+00   0.126624E+00
 0.629300E+00   0.408418E+00   0.222913E+02   0.413769E+00   0.128203E+00
 0.637200E+00   0.410168E+00   0.221951E+02   0.415586E+00   0.129780E+00
 0.645100E+00   0.411900E+00   0.221078E+02   0.417384E+00   0.131357E+00
 0.653000E+00   0.413613E+00   0.220141E+02   0.419163E+00   0.132932E+00
 0.660900E+00   0.415308E+00   0.219206E+02   0.420923E+00   0.134506E+00
 0.668800E+00   0.416985E+00   0.218356E+02   0.422666E+00   0.136079E+00
 0.676700E+00   0.418644E+00   0.217499E+02   0.424391E+00   0.137652E+00
 0.684600E+00   0.420287E+00   0.216613E+02   0.426098E+00   0.139224E+00
 0.692500E+00   0.421913E+00   0.215786E+02   0.427789E+00   0.140796E+00
 0.700400E+00   0.423523E+00   0.214990E+02   0.429463E+00   0.142367E+00
 0.708300E+00   0.425117E+00   0.214183E+02   0.431121E+00   0.143938E+00
 0.716200E+00   0.426696E+00   0.213446E+02   0.432764E+00   0.145509E+00
 0.724100E+00   0.428261E+00   0.212580E+02   0.434392E+00   0.147079E+00
 0.732000E+00   0.429812E+00   0.211824E+02   0.436007E+00   0.148649E+00
 0.739900E+00   0.431350E+00   0.211084E+02   0.437608E+00   0.150218E+00
 0.747800E+00   0.432875E+00   0.210333E+02   0.439196E+00   0.151787E+00
 0.755700E+00   0.434387E+00   0.209618E+02   0.440770E+00   0.153356E+00
 0.763600E+00   0.435884E+00   0.208945E+02   0.442330E+00   0.154923E+00
 0.771500E+00   0.437367E+00   0.208211E+02   0.443875E+00   0.156491E+00
 0.779400E+00   0.438834E+00   0.207523E+02   0.445404E+00   0.158057E+00
 0.787300E+00   0.440286E+00   0.206811E+02   0.446917E+00   0.159623E+00
 0.795200E+00   0.441721E+00   0.206220E+02   0.448413E+00   0.161189E+00
 0.803100E+00   0.443140E+00   0.205553E+02   0.449893E+00   0.162754E+00
 0.811000E+00   0.444544E+00   0.204830E+02   0.451358E+00   0.164319E+00
 0.818900E+00   0.445935E+00   0.204199E+02   0.452809E+00   0.165883E+00
 0.826800E+00   0.447314E+00   0.203649E+02   0.454247E+00   0.167447E+00
 0.834700E+00   0.448681E+00   0.202953E+02   0.455674E+00   0.169010E+00
 0.842600E+00   0.450038E+00   0.202387E+02   0.457090E+00   0.170574E+00
 0.850500E+00   0.451386E+00   0.201758E+02   0.458497E+00   0.172137E+00
 0.858400E+00   0.452723E+00   0.201180E+02   0.459894E+00   0.173700E+00
 0.866300E+00   0.454050E+00   0.200599E+02   0.461280E+00   0.175262E+00
 0.874200E+00   0.455366E+00   0.199961E+02   0.462655E+00   0.176823E+00
 0.882100E+00   0.456671E+00   0.199479E+02   0.464018E+00   0.178382E+00
 0.890000E+00   0.457965E+00   0.198833E+02   0.465370E+00   0.179941E+00
 0.897900E+00   0.459246E+00   0.198294E+02   0.466710E+00   0.181498E+00
 0.905800E+00   0.460517E+00   0.197753E+02   0.468037E+00   0.183053E+00
 0.913700E+00   0.461775E+00   0.197192E+02   0.469354E+00   0.184608E+00
 0.921600E+00   0.463023E+00   0.196656E+02   0.470659E+00   0.186162E+00
 0.929500E+00   0.464260E+00   0.196190E+02   0.471953E+00   0.187717E+00
 0.937400E+00   0.465487E+00   0.195681E+02   0.473236E+00   0.189271E+00
 0.945300E+00   0.466703E+00   0.195089E+02   0.474509E+00   0.190827E+00
 0.953200E+00   0.467910E+00   0.194662E+02   0.475772E+00   0.192384E+00
 0.961100E+00   0.469106E+00   0.194170E+02   0.477024E+00   0.193941E+00
 0.969000E+00   0.470293E+00   0.193596E+02   0.478266E+00   0.195497E+00
 0.976900E+00   0.471469E+00   0.193159E+02   0.479498E+00   0.197052E+00
 0.984800E+00   0.472636E+00   0.192644E+02   0.480720E+00   0.198606E+00
 0.992700E+00   0.473792E+00   0.192173E+02   0.481932E+00   0.200157E+00
 0.100060E+01   0.474939E+00   0.191704E+02   0.483133E+00   0.201706E+00
 0.100850E+01   0.476076E+00   0.191270E+02   0.484325E+00   0.203252E+00
 0.101640E+01   0.477204E+00   0.190798E+02   0.485507E+00   0.204798E+00
 0.102430E+01   0.478323E+00   0.190300E+02   0.486680E+00   0.206342E+00
 0.103220E+01   0.479434E+00   0.189846E+02   0.487845E+00   0.207887E+00
 0.104010E+01   0.480536E+00   0.189467E+02   0.489001E+00   0.209432E+00
 0.104800E+01   0.481631E+00   0.188985E+02   0.490149E+00   0.210979E+00
 0.105590E+01   0.482718E+00   0.188598E+02   0.491290E+00   0.212527E+00
 0.106380E+01   0.483797E+00   0.188189E+02   0.492422E+00   0.214077E+00
 0.107170E+01   0.484869E+00   0.187717E+02   0.493546E+00   0.215626E+00
 0.107960E+01   0.485932E+00   0.187275E+02   0.494662E+00   0.217176E+00
 0.108750E+01   0.486986E+00   0.186882E+02   0.495769E+00   0.218726E+00
 0.109540E+01   0.488032E+00   0.186522E+02   0.496867E+00   0.220274E+00
 0.110330E+01   0.489069E+00   0.186110E+02   0.497956E+00   0.221822E+00
 0.111120E+01   0.490099E+00   0.185637E+02   0.499038E+00   0.223369E+00
 0.111910E+01   0.491122E+00   0.185280E+02   0.500112E+00   0.224917E+00
 0.112700E+01   0.492138E+00   0.184873E+02   0.501180E+00   0.226465E+00
 0.113490E+01   0.493149E+00   0.184485E+02   0.502242E+00   0.228015E+00
 0.114280E+01   0.494155E+00   0.184060E+02   0.503299E+00   0.229567E+00
 0.115070E+01   0.495157E+00   0.183688E+02   0.504353E+00   0.231122E+00
 0.115860E+01   0.496154E+00   0.183366E+02   0.505401E+00   0.232678E+00
 0.116650E+01   0.497144E+00   0.182925E+02   0.506443E+00   0.234234E+00
 0.117440E+01   0.498127E+00   0.182599E+02   0.507476E+00   0.235786E+00
 0.118230E+01   0.499100E+00   0.182256E+02   0.508500E+00   0.237334E+00
 0.119020E+01   0.500062E+00   0.181866E+02   0.509512E+00   0.238875E+00
 0.119810E+01   0.501011E+00   0.181485E+02   0.510511E+00   0.240406E+00
 0.120600E+01   0.501948E+00   0.181175E+02   0.511497E+00   0.241928E+00
 0.121390E+01   0.502874E+00   0.180803E+02   0.512472E+00   0.243443E+00
 0.122180E+01   0.503792E+00   0.180479E+02   0.513439E+00   0.244956E+00
 0.122970E+01   0.504704E+00   0.180084E+02   0.514400E+00   0.246470E+00
 0.123760E+01   0.505613E+00   0.179787E+02   0.515357E+00   0.247988E+00
 0.124550E+01   0.506521E+00   0.179474E+02   0.516313E+00   0.249515E+00
 0.125340E+01   0.507430E+00   0.179052E+02   0.517271E+00   0.251052E+00
 0.126130E+01   0.508339E+00   0.178784E+02   0.518229E+00   0.252600E+00
 0.126920E+01   0.509246E+00   0.178379E+02   0.519185E+00   0.254154E+00
 0.127710E+01   0.510148E+00   0.178088E+02   0.520135E+00   0.255710E+00
 0.128500E+01   0.511042E+00   0.177760E+02   0.521078E+00   0.257264E+00
 0.129290E+01   0.511927E+00   0.177409E+02   0.522011E+00   0.258812E+00
 0.130080E+01   0.512800E+00   0.177125E+02   0.522931E+00   0.260349E+00
 0.130870E+01   0.513659E+00   0.176800E+02   0.523837E+00   0.261875E+00
 0.131660E+01   0.514507E+00   0.176444E+02   0.524732E+00   0.263392E+00
 0.132450E+01   0.515347E+00   0.176226E+02   0.525619E+00   0.264905E+00
 0.133240E+01   0.516182E+00   0.175835E+02   0.526500E+00   0.266418E+00
 0.134030E+01   0.517014E+00   0.175566E+02   0.527377E+00   0.267934E+00
 0.134820E+01   0.517845E+00   0.175228E+02   0.528255E+00   0.269457E+00
 0.135610E+01   0.518679E+00   0.174969E+02   0.529135E+00   0.270992E+00
 0.136400E+01   0.519514E+00   0.174666E+02   0.530016E+00   0.272537E+00
 0.137190E+01   0.520348E+00   0.174318E+02   0.530897E+00   0.274089E+00
 0.137980E+01   0.521180E+00   0.174077E+02   0.531776E+00   0.275644E+00
 0.138770E+01   0.522006E+00   0.173775E+02   0.532649E+00   0.277199E+00
 0.139560E+01   0.522826E+00   0.173515E+02   0.533515E+00   0.278749E+00
 0.140350E+01   0.523636E+00   0.173141E+02   0.534371E+00   0.280292E+00
 0.141140E+01   0.524436E+00   0.172908E+02   0.535216E+00   0.281825E+00
 0.141930E+01   0.525226E+00   0.172582E+02   0.536051E+00   0.283350E+00
 0.142720E+01   0.526008E+00   0.172343E+02   0.536878E+00   0.284868E+00
 0.143510E+01   0.526782E+00   0.172111E+02   0.537697E+00   0.286382E+00
 0.144300E+01   0.527550E+00   0.171805E+02   0.538509E+00   0.287894E+00
 0.145090E+01   0.528314E+00   0.171479E+02   0.539316E+00   0.289406E+00
 0.145880E+01   0.529073E+00   0.171300E+02   0.540119E+00   0.290920E+00
 0.146670E+01   0.529828E+00   0.171025E+02   0.540919E+00   0.292437E+00
 0.147460E+01   0.530580E+00   0.170727E+02   0.541714E+00   0.293955E+00
 0.148250E+01   0.531328E+00   0.170481E+02   0.542506E+00   0.295475E+00
 0.149040E+01   0.532072E+00   0.170181E+02   0.543293E+00   0.296996E+00
 0.149830E+01   0.532811E+00   0.169940E+02   0.544076E+00   0.298517E+00
 0.150620E+01   0.533547E+00   0.169646E+02   0.544855E+00   0.300038E+00
 0.151410E+01   0.534278E+00   0.169430E+02   0.545629E+00   0.301559E+00
 0.152200E+01   0.535005E+00   0.169119E+02   0.546399E+00   0.303079E+00
 0.152990E+01   0.535728E+00   0.168877E+02   0.547164E+00   0.304598E+00
 0.153780E+01   0.536446E+00   0.168691E+02   0.547926E+00   0.306117E+00
 0.154570E+01   0.537161E+00   0.168425E+02   0.548683E+00   0.307635E+00
 0.155360E+01   0.537872E+00   0.168179E+02   0.549436E+00   0.309154E+00
 0.156150E+01   0.538579E+00   0.167878E+02   0.550186E+00   0.310673E+00
 0.156940E+01   0.539283E+00   0.167649E+02   0.550932E+00   0.312192E+00
 0.157730E+01   0.539983E+00   0.167421E+02   0.551673E+00   0.313711E+00
 0.158520E+01   0.540679E+00   0.167220E+02   0.552411E+00   0.315230E+00
 0.159310E+01   0.541371E+00   0.166966E+02   0.553145E+00   0.316749E+00
 0.160100E+01   0.542060E+00   0.166700E+02   0.553876E+00   0.318269E+00
 0.160890E+01   0.542745E+00   0.166469E+02   0.554602E+00   0.319788E+00
 0.161680E+01   0.543425E+00   0.166195E+02   0.555324E+00   0.321308E+00
 0.162470E+01   0.544102E+00   0.166032E+02   0.556042E+00   0.322828E+00
 0.163260E+01   0.544775E+00   0.165767E+02   0.556755E+00   0.324348E+00
 0.164050E+01   0.545444E+00   0.165575E+02   0.557465E+00   0.325867E+00
 0.164840E+01   0.546108E+00   0.165351E+02   0.558171E+00   0.327386E+00
 0.165630E+01   0.546769E+00   0.165130E+02   0.558872E+00   0.328905E+00
 0.166420E+01   0.547426E+00   0.164848E+02   0.559570E+00   0.330423E+00
 0.167210E+01   0.548079E+00   0.164682E+02   0.560263E+00   0.331940E+00
 0.168000E+01   0.548729E+00   0.164370E+02   0.560953E+00   0.333457E+00
 0.168790E+01   0.549375E+00   0.164150E+02   0.561639E+00   0.334975E+00
 0.169580E+01   0.550018E+00   0.163940E+02   0.562322E+00   0.336494E+00
 0.170370E+01   0.550659E+00   0.163800E+02   0.563003E+00   0.338015E+00
 0.171160E+01   0.551297E+00   0.163563E+02   0.563680E+00   0.339537E+00
 0.171950E+01   0.551932E+00   0.163366E+02   0.564356E+00   0.341062E+00
 0.172740E+01   0.552565E+00   0.163131E+02   0.565028E+00   0.342588E+00
 0.173530E+01   0.553194E+00   0.162849E+02   0.565697E+00   0.344114E+00
 0.174320E+01   0.553819E+00   0.162674E+02   0.566361E+00   0.345637E+00
 0.175110E+01   0.554438E+00   0.162484E+02   0.567020E+00   0.347155E+00
 0.175900E+01   0.555052E+00   0.162234E+02   0.567672E+00   0.348667E+00
 0.176690E+01   0.555658E+00   0.162094E+02   0.568317E+00   0.350171E+00
 0.177480E+01   0.556258E+00   0.161820E+02   0.568955E+00   0.351665E+00
 0.178270E+01   0.556851E+00   0.161640E+02   0.569587E+00   0.353153E+00
 0.179060E+01   0.557440E+00   0.161409E+02   0.570213E+00   0.354638E+00
 0.179850E+01   0.558026E+00   0.161211E+02   0.570837E+00   0.356122E+00
 0.180640E+01   0.558611E+00   0.161038E+02   0.571460E+00   0.357611E+00
 0.181430E+01   0.559196E+00   0.160817E+02   0.572082E+00   0.359106E+00
 0.182220E+01   0.559782E+00   0.160683E+02   0.572706E+00   0.360611E+00
 0.183010E+01   0.560370E+00   0.160443E+02   0.573332E+00   0.362127E+00
 0.183800E+01   0.560958E+00   0.160270E+02   0.573958E+00   0.363649E+00
 0.184590E+01   0.561544E+00   0.160090E+02   0.574582E+00   0.365175E+00
 0.185380E+01   0.562127E+00   0.159896E+02   0.575203E+00   0.366700E+00
 0.186170E+01   0.562705E+00   0.159699E+02   0.575818E+00   0.368221E+00
 0.186960E+01   0.563277E+00   0.159453E+02   0.576427E+00   0.369733E+00
 0.187750E+01   0.563840E+00   0.159253E+02   0.577028E+00   0.371234E+00
 0.188540E+01   0.564397E+00   0.159076E+02   0.577621E+00   0.372726E+00
 0.189330E+01   0.564949E+00   0.158907E+02   0.578209E+00   0.374212E+00
 0.190120E+01   0.565496E+00   0.158745E+02   0.578793E+00   0.375696E+00
 0.190910E+01   0.566042E+00   0.158584E+02   0.579374E+00   0.377181E+00
 0.191700E+01   0.566587E+00   0.158321E+02   0.579955E+00   0.378672E+00
 0.192490E+01   0.567133E+00   0.158172E+02   0.580538E+00   0.380171E+00
 0.193280E+01   0.567681E+00   0.157960E+02   0.581122E+00   0.381682E+00
 0.194070E+01   0.568230E+00   0.157786E+02   0.581707E+00   0.383201E+00
 0.194860E+01   0.568778E+00   0.157593E+02   0.582292E+00   0.384724E+00
 0.195650E+01   0.569324E+00   0.157477E+02   0.582875E+00   0.386250E+00
 0.196440E+01   0.569867E+00   0.157288E+02   0.583454E+00   0.387773E+00
 0.197230E+01   0.570406E+00   0.157065E+02   0.584028E+00   0.389292E+00
 0.198020E+01   0.570938E+00   0.156946E+02   0.584597E+00   0.390802E+00
 0.198810E+01   0.571464E+00   0.156700E+02   0.585158E+00   0.392302E+00
 0.199600E+01   0.571985E+00   0.156546E+02   0.585714E+00   0.393796E+00
 0.200390E+01   0.572501E+00   0.156427E+02   0.586265E+00   0.395284E+00
 0.201180E+01   0.573013E+00   0.156218E+02   0.586812E+00   0.396769E+00
 0.201970E+01   0.573523E+00   0.156078E+02   0.587356E+00   0.398253E+00
 0.202760E+01   0.574029E+00   0.155922E+02   0.587897E+00   0.399737E+00
 0.203550E+01   0.574535E+00   0.155724E+02   0.588437E+00   0.401223E+00
 0.204340E+01   0.575038E+00   0.155559E+02   0.588975E+00   0.402711E+00
 0.205130E+01   0.575540E+00   0.155422E+02   0.589511E+00   0.404202E+00
 0.205920E+01   0.576040E+00   0.155214E+02   0.590045E+00   0.405693E+00
 0.206710E+01   0.576538E+00   0.155018E+02   0.590577E+00   0.407185E+00
 0.207500E+01   0.577034E+00   0.154843E+02   0.591107E+00   0.408678E+00
 0.208290E+01   0.577527E+00   0.154759E+02   0.591634E+00   0.410170E+00
 0.209080E+01   0.578018E+00   0.154556E+02   0.592159E+00   0.411662E+00
 0.209870E+01   0.578507E+00   0.154368E+02   0.592682E+00   0.413153E+00
 0.210660E+01   0.578993E+00   0.154186E+02   0.593201E+00   0.414643E+00
 0.211450E+01   0.579477E+00   0.154023E+02   0.593718E+00   0.416133E+00
 0.212240E+01   0.579958E+00   0.153942E+02   0.594233E+00   0.417623E+00
 0.213030E+01   0.580436E+00   0.153712E+02   0.594744E+00   0.419113E+00
 0.213820E+01   0.580912E+00   0.153586E+02   0.595253E+00   0.420604E+00
 0.214610E+01   0.581385E+00   0.153449E+02   0.595759E+00   0.422094E+00
 0.215400E+01   0.581856E+00   0.153221E+02   0.596263E+00   0.423584E+00
 0.216190E+01   0.582325E+00   0.153095E+02   0.596765E+00   0.425075E+00
 0.216980E+01   0.582792E+00   0.152956E+02   0.597264E+00   0.426566E+00
 0.217770E+01   0.583256E+00   0.152769E+02   0.597761E+00   0.428056E+00
 0.218560E+01   0.583719E+00   0.152644E+02   0.598257E+00   0.429547E+00
 0.219350E+01   0.584180E+00   0.152520E+02   0.598750E+00   0.431038E+00
 0.220140E+01   0.584640E+00   0.152321E+02   0.599242E+00   0.432528E+00
 0.220930E+01   0.585098E+00   0.152182E+02   0.599733E+00   0.434019E+00
 0.221720E+01   0.585554E+00   0.152083E+02   0.600221E+00   0.435510E+00
 0.222510E+01   0.586008E+00   0.151851E+02   0.600707E+00   0.437000E+00
 0.223300E+01   0.586460E+00   0.151683E+02   0.601191E+00   0.438491E+00
 0.224090E+01   0.586910E+00   0.151578E+02   0.601673E+00   0.439981E+00
 0.224880E+01   0.587357E+00   0.151442E+02   0.602152E+00   0.441472E+00
 0.225670E+01   0.587802E+00   0.151280E+02   0.602628E+00   0.442962E+00
 0.226460E+01   0.588244E+00   0.151095E+02   0.603102E+00   0.444452E+00
 0.227250E+01   0.588684E+00   0.151033E+02   0.603573E+00   0.445943E+00
 0.228040E+01   0.589120E+00   0.150875E+02   0.604041E+00   0.447434E+00
 0.228830E+01   0.589554E+00   0.150691E+02   0.604506E+00   0.448924E+00
 0.229620E+01   0.589986E+00   0.150553E+02   0.604968E+00   0.450415E+00
 0.230410E+01   0.590414E+00   0.150446E+02   0.605427E+00   0.451906E+00
 0.231200E+01   0.590840E+00   0.150300E+02   0.605884E+00   0.453397E+00
 0.231990E+01   0.591265E+00   0.150152E+02   0.606340E+00   0.454888E+00
 0.232780E+01   0.591690E+00   0.149977E+02   0.606795E+00   0.456379E+00
 0.233570E+01   0.592114E+00   0.149873E+02   0.607251E+00   0.457869E+00
 0.234360E+01   0.592540E+00   0.149698E+02   0.607707E+00   0.459359E+00
 0.235150E+01   0.592967E+00   0.149575E+02   0.608165E+00   0.460848E+00
 0.235940E+01   0.593395E+00   0.149384E+02   0.608624E+00   0.462337E+00
 0.236730E+01   0.593823E+00   0.149306E+02   0.609083E+00   0.463826E+00
 0.237520E+01   0.594249E+00   0.149148E+02   0.609540E+00   0.465315E+00
 0.238310E+01   0.594671E+00   0.148959E+02   0.609994E+00   0.466806E+00
 0.239100E+01   0.595090E+00   0.148896E+02   0.610443E+00   0.468298E+00
 0.239890E+01   0.595502E+00   0.148737E+02   0.610886E+00   0.469792E+00
 0.240680E+01   0.595908E+00   0.148616E+02   0.611321E+00   0.471288E+00
 0.241470E+01   0.596307E+00   0.148405E+02   0.611750E+00   0.472785E+00
 0.242260E+01   0.596702E+00   0.148290E+02   0.612174E+00   0.474282E+00
 0.243050E+01   0.597094E+00   0.148188E+02   0.612594E+00   0.475776E+00
 0.243840E+01   0.597483E+00   0.148065E+02   0.613013E+00   0.477265E+00
 0.244630E+01   0.597873E+00   0.147936E+02   0.613432E+00   0.478748E+00
 0.245420E+01   0.598264E+00   0.147778E+02   0.613852E+00   0.480223E+00
 0.246210E+01   0.598657E+00   0.147651E+02   0.614274E+00   0.481690E+00
 0.247000E+01   0.599051E+00   0.147485E+02   0.614697E+00   0.483150E+00
 0.247790E+01   0.599446E+00   0.147444E+02   0.615121E+00   0.484607E+00
 0.248580E+01   0.599840E+00   0.147283E+02   0.615545E+00   0.486065E+00
 0.249370E+01   0.600232E+00   0.147125E+02   0.615966E+00   0.487525E+00
 0.250160E+01   0.600622E+00   0.147045E+02   0.616385E+00   0.488992E+00
 0.250950E+01   0.601008E+00   0.146867E+02   0.616800E+00   0.490468E+00
 0.251740E+01   0.601390E+00   0.146755E+02   0.617211E+00   0.491955E+00
 0.252530E+01   0.601768E+00   0.146638E+02   0.617618E+00   0.493448E+00
 0.253320E+01   0.602143E+00   0.146463E+02   0.618021E+00   0.494944E+00
 0.254110E+01   0.602515E+00   0.146411E+02   0.618420E+00   0.496441E+00
 0.254900E+01   0.602883E+00   0.146300E+02   0.618817E+00   0.497934E+00
 0.255690E+01   0.603248E+00   0.146162E+02   0.619210E+00   0.499420E+00
 0.256480E+01   0.603611E+00   0.145972E+02   0.619600E+00   0.500895E+00
 0.257270E+01   0.603972E+00   0.145862E+02   0.619989E+00   0.502361E+00
 0.258060E+01   0.604332E+00   0.145802E+02   0.620376E+00   0.503821E+00
 0.258850E+01   0.604692E+00   0.145695E+02   0.620763E+00   0.505278E+00
 0.259640E+01   0.605052E+00   0.145533E+02   0.621151E+00   0.506735E+00
 0.260430E+01   0.605414E+00   0.145379E+02   0.621540E+00   0.508196E+00
 0.261220E+01   0.605778E+00   0.145280E+02   0.621932E+00   0.509664E+00
 0.262010E+01   0.606145E+00   0.145193E+02   0.622327E+00   0.511143E+00
 0.262800E+01   0.606513E+00   0.145063E+02   0.622724E+00   0.512630E+00
 0.263590E+01   0.606882E+00   0.144931E+02   0.623120E+00   0.514124E+00
 0.264380E+01   0.607249E+00   0.144776E+02   0.623516E+00   0.515620E+00
 0.265170E+01   0.607612E+00   0.144632E+02   0.623907E+00   0.517116E+00
 0.265960E+01   0.607971E+00   0.144559E+02   0.624293E+00   0.518608E+00
 0.266750E+01   0.608322E+00   0.144400E+02   0.624672E+00   0.520094E+00
 0.267540E+01   0.608666E+00   0.144312E+02   0.625042E+00   0.521571E+00
 0.268330E+01   0.609003E+00   0.144169E+02   0.625405E+00   0.523040E+00
 0.269120E+01   0.609335E+00   0.144067E+02   0.625764E+00   0.524503E+00
 0.269910E+01   0.609666E+00   0.143926E+02   0.626119E+00   0.525962E+00
 0.270700E+01   0.609995E+00   0.143821E+02   0.626475E+00   0.527419E+00
 0.271490E+01   0.610326E+00   0.143741E+02   0.626831E+00   0.528875E+00
 0.272280E+01   0.610660E+00   0.143656E+02   0.627191E+00   0.530332E+00
 0.273070E+01   0.610998E+00   0.143490E+02   0.627555E+00   0.531792E+00
 0.273860E+01   0.611338E+00   0.143360E+02   0.627923E+00   0.533253E+00
 0.274650E+01   0.611680E+00   0.143254E+02   0.628291E+00   0.534717E+00
 0.275440E+01   0.612021E+00   0.143145E+02   0.628658E+00   0.536181E+00
 0.276230E+01   0.612359E+00   0.143094E+02   0.629024E+00   0.537645E+00
 0.277020E+01   0.612694E+00   0.142933E+02   0.629385E+00   0.539110E+00
 0.277810E+01   0.613024E+00   0.142885E+02   0.629741E+00   0.540575E+00
 0.278600E+01   0.613349E+00   0.142714E+02   0.630091E+00   0.542038E+00
 0.279390E+01   0.613669E+00   0.142613E+02   0.630436E+00   0.543502E+00
 0.280180E+01   0.613985E+00   0.142471E+02   0.630777E+00   0.544964E+00
 0.280970E+01   0.614299E+00   0.142368E+02   0.631116E+00   0.546427E+00
 0.281760E+01   0.614612E+00   0.142263E+02   0.631454E+00   0.547890E+00
 0.282550E+01   0.614924E+00   0.142161E+02   0.631791E+00   0.549352E+00
 0.283340E+01   0.615238E+00   0.142099E+02   0.632129E+00   0.550815E+00
 0.284130E+01   0.615552E+00   0.141957E+02   0.632469E+00   0.552277E+00
 0.284920E+01   0.615867E+00   0.141910E+02   0.632808E+00   0.553740E+00
 0.285710E+01   0.616181E+00   0.141766E+02   0.633148E+00   0.555203E+00
 0.286500E+01   0.616494E+00   0.141615E+02   0.633486E+00   0.556666E+00
 0.287290E+01   0.616806E+00   0.141519E+02   0.633823E+00   0.558129E+00
 0.288080E+01   0.617116E+00   0.141447E+02   0.634157E+00   0.559593E+00
 0.288870E+01   0.617422E+00   0.141347E+02   0.634488E+00   0.561056E+00
 0.289660E+01   0.617726E+00   0.141225E+02   0.634816E+00   0.562519E+00
 0.290450E+01   0.618028E+00   0.141159E+02   0.635142E+00   0.563982E+00
 0.291240E+01   0.618328E+00   0.140989E+02   0.635466E+00   0.565445E+00
 0.292030E+01   0.618628E+00   0.140909E+02   0.635790E+00   0.566907E+00
 0.292820E+01   0.618926E+00   0.140849E+02   0.636112E+00   0.568370E+00
 0.293610E+01   0.619225E+00   0.140754E+02   0.636435E+00   0.569833E+00
 0.294400E+01   0.619524E+00   0.140657E+02   0.636758E+00   0.571296E+00
 0.295190E+01   0.619823E+00   0.140484E+02   0.637082E+00   0.572759E+00
 0.295980E+01   0.620122E+00   0.140400E+02   0.637405E+00   0.574222E+00
 0.296770E+01   0.620420E+00   0.140285E+02   0.637727E+00   0.575685E+00
 0.297560E+01   0.620717E+00   0.140214E+02   0.638048E+00   0.577148E+00
 0.298350E+01   0.621012E+00   0.140089E+02   0.638367E+00   0.578611E+00
 0.299140E+01   0.621305E+00   0.140053E+02   0.638684E+00   0.580074E+00
 0.299930E+01   0.621596E+00   0.139935E+02   0.638998E+00   0.581537E+00
 0.300720E+01   0.621884E+00   0.139838E+02   0.639310E+00   0.583000E+00
 0.301510E+01   0.622171E+00   0.139678E+02   0.639620E+00   0.584463E+00
 0.302300E+01   0.622456E+00   0.139573E+02   0.639928E+00   0.585926E+00
 0.303090E+01   0.622741E+00   0.139471E+02   0.640236E+00   0.587389E+00
 0.303880E+01   0.623025E+00   0.139373E+02   0.640544E+00   0.588852E+00
 0.304670E+01   0.623309E+00   0.139341E+02   0.640851E+00   0.590315E+00
 0.305460E+01   0.623594E+00   0.139188E+02   0.641159E+00   0.591778E+00
 0.306250E+01   0.623879E+00   0.139132E+02   0.641467E+00   0.593242E+00
 0.307040E+01   0.624163E+00   0.139000E+02   0.641774E+00   0.594705E+00
 0.307830E+01   0.624446E+00   0.138914E+02   0.642081E+00   0.596168E+00
 0.308620E+01   0.624728E+00   0.138786E+02   0.642386E+00   0.597631E+00
 0.309410E+01   0.625009E+00   0.138695E+02   0.642691E+00   0.599093E+00
 0.310200E+01   0.625288E+00   0.138663E+02   0.642993E+00   0.600555E+00
 0.310990E+01   0.625566E+00   0.138482E+02   0.643293E+00   0.602016E+00
 0.311780E+01   0.625841E+00   0.138431E+02   0.643591E+00   0.603478E+00
 0.312570E+01   0.626115E+00   0.138348E+02   0.643888E+00   0.604939E+00
 0.313360E+01   0.626387E+00   0.138253E+02   0.644182E+00   0.606402E+00
 0.314150E+01   0.626658E+00   0.138138E+02   0.644476E+00   0.607866E+00
 0.314940E+01   0.626927E+00   0.138053E+02   0.644767E+00   0.609331E+00
 0.315730E+01   0.627195E+00   0.137963E+02   0.645057E+00   0.610799E+00
 0.316520E+01   0.627462E+00   0.137874E+02   0.645346E+00   0.612269E+00
 0.317310E+01   0.627727E+00   0.137769E+02   0.645634E+00   0.613738E+00
 0.318100E+01   0.627992E+00   0.137680E+02   0.645920E+00   0.615205E+00
 0.318890E+01   0.628254E+00   0.137594E+02   0.646205E+00   0.616669E+00
 0.319680E+01   0.628516E+00   0.137481E+02   0.646488E+00   0.618127E+00
 0.320470E+01   0.628776E+00   0.137420E+02   0.646770E+00   0.619579E+00
 0.321260E+01   0.629034E+00   0.137291E+02   0.647050E+00   0.621022E+00
 0.322050E+01   0.629291E+00   0.137227E+02   0.647329E+00   0.622458E+00
 0.322840E+01   0.629547E+00   0.137107E+02   0.647606E+00   0.623890E+00
 0.323630E+01   0.629803E+00   0.137054E+02   0.647883E+00   0.625321E+00
 0.324420E+01   0.630057E+00   0.136934E+02   0.648160E+00   0.626753E+00
 0.325210E+01   0.630312E+00   0.136900E+02   0.648436E+00   0.628189E+00
 0.326000E+01   0.630566E+00   0.136809E+02   0.648712E+00   0.629633E+00
 0.326790E+01   0.630821E+00   0.136675E+02   0.648988E+00   0.631086E+00
 0.327580E+01   0.631076E+00   0.136602E+02   0.649264E+00   0.632548E+00
 0.328370E+01   0.631330E+00   0.136498E+02   0.649539E+00   0.634015E+00
 0.329160E+01   0.631582E+00   0.136433E+02   0.649813E+00   0.635484E+00
 0.329950E+01   0.631833E+00   0.136309E+02   0.650086E+00   0.636952E+00
 0.330740E+01   0.632082E+00   0.136271E+02   0.650355E+00   0.638416E+00
 0.331530E+01   0.632328E+00   0.136103E+02   0.650622E+00   0.639871E+00
 0.332320E+01   0.632570E+00   0.136043E+02   0.650885E+00   0.641317E+00
 0.333110E+01   0.632810E+00   0.135994E+02   0.651146E+00   0.642754E+00
 0.333900E+01   0.633048E+00   0.135933E+02   0.651404E+00   0.644187E+00
 0.334690E+01   0.633285E+00   0.135767E+02   0.651661E+00   0.645617E+00
 0.335480E+01   0.633521E+00   0.135735E+02   0.651917E+00   0.647048E+00
 0.336270E+01   0.633758E+00   0.135651E+02   0.652174E+00   0.648484E+00
 0.337060E+01   0.633996E+00   0.135571E+02   0.652433E+00   0.649927E+00
 0.337850E+01   0.634235E+00   0.135465E+02   0.652693E+00   0.651379E+00
 0.338640E+01   0.634476E+00   0.135414E+02   0.652954E+00   0.652840E+00
 0.339430E+01   0.634717E+00   0.135320E+02   0.653216E+00   0.654306E+00
 0.340220E+01   0.634958E+00   0.135235E+02   0.653478E+00   0.655774E+00
 0.341010E+01   0.635199E+00   0.135119E+02   0.653739E+00   0.657242E+00
 0.341800E+01   0.635437E+00   0.135078E+02   0.653998E+00   0.658707E+00
 0.342590E+01   0.635674E+00   0.134995E+02   0.654255E+00   0.660166E+00
 0.343380E+01   0.635908E+00   0.134823E+02   0.654509E+00   0.661617E+00
 0.344170E+01   0.636139E+00   0.134797E+02   0.654761E+00   0.663061E+00
 0.344960E+01   0.636368E+00   0.134676E+02   0.655010E+00   0.664499E+00
 0.345750E+01   0.636595E+00   0.134595E+02   0.655256E+00   0.665932E+00
 0.346540E+01   0.636820E+00   0.134552E+02   0.655501E+00   0.667362E+00
 0.347330E+01   0.637043E+00   0.134450E+02   0.655743E+00   0.668790E+00
 0.348120E+01   0.637265E+00   0.134397E+02   0.655984E+00   0.670217E+00
 0.348910E+01   0.637485E+00   0.134341E+02   0.656224E+00   0.671644E+00
 0.349700E+01   0.637705E+00   0.134173E+02   0.656462E+00   0.673073E+00
 0.350490E+01   0.637924E+00   0.134155E+02   0.656700E+00   0.674504E+00
 0.351280E+01   0.638143E+00   0.134098E+02   0.656938E+00   0.675939E+00
 0.352070E+01   0.638362E+00   0.133936E+02   0.657177E+00   0.677379E+00
 0.352860E+01   0.638582E+00   0.133860E+02   0.657416E+00   0.678824E+00
 0.353650E+01   0.638803E+00   0.133864E+02   0.657656E+00   0.680276E+00
 0.354440E+01   0.639025E+00   0.133692E+02   0.657898E+00   0.681736E+00
 0.355230E+01   0.639248E+00   0.133635E+02   0.658140E+00   0.683200E+00
 0.356020E+01   0.639471E+00   0.133602E+02   0.658382E+00   0.684667E+00
 0.356810E+01   0.639693E+00   0.133454E+02   0.658624E+00   0.686134E+00
 0.357600E+01   0.639914E+00   0.133374E+02   0.658865E+00   0.687600E+00
 0.358390E+01   0.640133E+00   0.133365E+02   0.659103E+00   0.689060E+00
 0.359180E+01   0.640350E+00   0.133271E+02   0.659339E+00   0.690514E+00
 0.359970E+01   0.640564E+00   0.133176E+02   0.659571E+00   0.691961E+00
 0.360760E+01   0.640775E+00   0.133106E+02   0.659802E+00   0.693401E+00
 0.361550E+01   0.640985E+00   0.133041E+02   0.660030E+00   0.694837E+00
 0.362340E+01   0.641194E+00   0.132934E+02   0.660257E+00   0.696269E+00
 0.363130E+01   0.641402E+00   0.132901E+02   0.660484E+00   0.697700E+00
 0.363920E+01   0.641610E+00   0.132813E+02   0.660710E+00   0.699130E+00
 0.364710E+01   0.641818E+00   0.132667E+02   0.660937E+00   0.700562E+00
 0.365500E+01   0.642026E+00   0.132589E+02   0.661164E+00   0.701996E+00
 0.366290E+01   0.642235E+00   0.132522E+02   0.661391E+00   0.703431E+00
 0.367080E+01   0.642443E+00   0.132461E+02   0.661618E+00   0.704868E+00
 0.367870E+01   0.642652E+00   0.132400E+02   0.661845E+00   0.706305E+00
 0.368660E+01   0.642859E+00   0.132305E+02   0.662071E+00   0.707743E+00
 0.369450E+01   0.643065E+00   0.132232E+02   0.662295E+00   0.709181E+00
 0.370240E+01   0.643271E+00   0.132182E+02   0.662519E+00   0.710619E+00
 0.371030E+01   0.643475E+00   0.132116E+02   0.662741E+00   0.712056E+00
 0.371820E+01   0.643677E+00   0.132049E+02   0.662962E+00   0.713492E+00
 0.372610E+01   0.643879E+00   0.131983E+02   0.663181E+00   0.714928E+00
 0.373400E+01   0.644079E+00   0.131837E+02   0.663400E+00   0.716364E+00
 0.374190E+01   0.644278E+00   0.131826E+02   0.663617E+00   0.717800E+00
 0.374980E+01   0.644477E+00   0.131690E+02   0.663833E+00   0.719236E+00
 0.375770E+01   0.644675E+00   0.131624E+02   0.664049E+00   0.720673E+00
 0.376560E+01   0.644871E+00   0.131565E+02   0.664263E+00   0.722109E+00
 0.377350E+01   0.645067E+00   0.131501E+02   0.664477E+00   0.723546E+00
 0.378140E+01   0.645263E+00   0.131416E+02   0.664690E+00   0.724983E+00
 0.378930E+01   0.645457E+00   0.131345E+02   0.664901E+00   0.726419E+00
 0.379720E+01   0.645650E+00   0.131309E+02   0.665112E+00   0.727856E+00
 0.380510E+01   0.645842E+00   0.131240E+02   0.665321E+00   0.729291E+00
 0.381300E+01   0.646033E+00   0.131102E+02   0.665529E+00   0.730727E+00
 0.382090E+01   0.646222E+00   0.131057E+02   0.665736E+00   0.732162E+00
 0.382880E+01   0.646411E+00   0.131001E+02   0.665942E+00   0.733597E+00
 0.383670E+01   0.646599E+00   0.130966E+02   0.666147E+00   0.735032E+00
 0.384460E+01   0.646787E+00   0.130869E+02   0.666352E+00   0.736468E+00
 0.385250E+01   0.646974E+00   0.130828E+02   0.666556E+00   0.737905E+00
 0.386040E+01   0.647161E+00   0.130698E+02   0.666760E+00   0.739344E+00
 0.386830E+01   0.647348E+00   0.130642E+02   0.666964E+00   0.740784E+00
 0.387620E+01   0.647535E+00   0.130532E+02   0.667168E+00   0.742226E+00
 0.388410E+01   0.647721E+00   0.130512E+02   0.667371E+00   0.743668E+00
 0.389200E+01   0.647908E+00   0.130455E+02   0.667575E+00   0.745109E+00
 0.389990E+01   0.648094E+00   0.130393E+02   0.667778E+00   0.746546E+00
 0.390780E+01   0.648280E+00   0.130305E+02   0.667980E+00   0.747979E+00
 0.391570E+01   0.648465E+00   0.130220E+02   0.668182E+00   0.749406E+00
 0.392360E+01   0.648649E+00   0.130171E+02   0.668383E+00   0.750826E+00
 0.393150E+01   0.648832E+00   0.130110E+02   0.668584E+00   0.752239E+00
 0.393940E+01   0.649014E+00   0.129997E+02   0.668783E+00   0.753648E+00
 0.394730E+01   0.649196E+00   0.129971E+02   0.668981E+00   0.755055E+00
 0.395520E+01   0.649376E+00   0.129898E+02   0.669178E+00   0.756461E+00
 0.396310E+01   0.649555E+00   0.129748E+02   0.669373E+00   0.757870E+00
 0.397100E+01   0.649733E+00   0.129692E+02   0.669568E+00   0.759282E+00
 0.397890E+01   0.649910E+00   0.129671E+02   0.669761E+00   0.760701E+00
 0.398680E+01   0.650086E+00   0.129607E+02   0.669953E+00   0.762127E+00
 0.399470E+01   0.650261E+00   0.129522E+02   0.670143E+00   0.763559E+00
 0.400260E+01   0.650435E+00   0.129479E+02   0.670334E+00   0.764995E+00
 0.401050E+01   0.650608E+00   0.129406E+02   0.670523E+00   0.766435E+00
 0.401840E+01   0.650782E+00   0.129343E+02   0.670713E+00   0.767878E+00
 0.402630E+01   0.650956E+00   0.129287E+02   0.670903E+00   0.769323E+00
 0.403420E+01   0.651130E+00   0.129176E+02   0.671093E+00   0.770768E+00
 0.404210E+01   0.651304E+00   0.129159E+02   0.671283E+00   0.772213E+00
 0.405000E+01   0.651478E+00   0.129094E+02   0.671474E+00   0.773656E+00
 0.405790E+01   0.651652E+00   0.128960E+02   0.671664E+00   0.775097E+00
 0.406580E+01   0.651825E+00   0.128917E+02   0.671852E+00   0.776533E+00
 0.407370E+01   0.651996E+00   0.128853E+02   0.672040E+00   0.777964E+00
 0.408160E+01   0.652166E+00   0.128813E+02   0.672225E+00   0.779389E+00
 0.408950E+01   0.652334E+00   0.128725E+02   0.672409E+00   0.780806E+00
 0.409740E+01   0.652500E+00   0.128662E+02   0.672590E+00   0.782217E+00
 0.410530E+01   0.652664E+00   0.128585E+02   0.672770E+00   0.783624E+00
 0.411320E+01   0.652827E+00   0.128545E+02   0.672948E+00   0.785029E+00
 0.412110E+01   0.652990E+00   0.128450E+02   0.673126E+00   0.786435E+00
 0.412900E+01   0.653153E+00   0.128357E+02   0.673305E+00   0.787845E+00
 0.413690E+01   0.653317E+00   0.128332E+02   0.673483E+00   0.789262E+00
 0.414480E+01   0.653482E+00   0.128272E+02   0.673664E+00   0.790687E+00
 0.415270E+01   0.653647E+00   0.128166E+02   0.673845E+00   0.792120E+00
 0.416060E+01   0.653814E+00   0.128148E+02   0.674027E+00   0.793560E+00
 0.416850E+01   0.653980E+00   0.128094E+02   0.674209E+00   0.795002E+00
 0.417640E+01   0.654146E+00   0.128045E+02   0.674390E+00   0.796443E+00
 0.418430E+01   0.654311E+00   0.127909E+02   0.674571E+00   0.797882E+00
 0.419220E+01   0.654475E+00   0.127854E+02   0.674750E+00   0.799314E+00
 0.420010E+01   0.654637E+00   0.127818E+02   0.674927E+00   0.800737E+00
 0.420800E+01   0.654797E+00   0.127761E+02   0.675102E+00   0.802151E+00
 0.421590E+01   0.654955E+00   0.127704E+02   0.675276E+00   0.803559E+00
 0.422380E+01   0.655112E+00   0.127578E+02   0.675448E+00   0.804964E+00
 0.423170E+01   0.655269E+00   0.127527E+02   0.675619E+00   0.806369E+00
 0.423960E+01   0.655425E+00   0.127516E+02   0.675789E+00   0.807777E+00
 0.424750E+01   0.655580E+00   0.127375E+02   0.675959E+00   0.809191E+00
 0.425540E+01   0.655736E+00   0.127327E+02   0.676130E+00   0.810614E+00
 0.426330E+01   0.655892E+00   0.127251E+02   0.676301E+00   0.812046E+00
 0.427120E+01   0.656048E+00   0.127253E+02   0.676471E+00   0.813485E+00
 0.427910E+01   0.656204E+00   0.127182E+02   0.676642E+00   0.814927E+00
 0.428700E+01   0.656359E+00   0.127069E+02   0.676812E+00   0.816369E+00
 0.429490E+01   0.656514E+00   0.127028E+02   0.676982E+00   0.817808E+00
 0.430280E+01   0.656668E+00   0.126982E+02   0.677151E+00   0.819242E+00
 0.431070E+01   0.656822E+00   0.126959E+02   0.677319E+00   0.820666E+00
 0.431860E+01   0.656974E+00   0.126814E+02   0.677485E+00   0.822081E+00
 0.432650E+01   0.657125E+00   0.126760E+02   0.677651E+00   0.823489E+00
 0.433440E+01   0.657276E+00   0.126726E+02   0.677816E+00   0.824895E+00
 0.434230E+01   0.657426E+00   0.126688E+02   0.677981E+00   0.826299E+00
 0.435020E+01   0.657577E+00   0.126641E+02   0.678145E+00   0.827707E+00
 0.435810E+01   0.657727E+00   0.126580E+02   0.678310E+00   0.829120E+00
 0.436600E+01   0.657877E+00   0.126535E+02   0.678475E+00   0.830541E+00
 0.437390E+01   0.658028E+00   0.126474E+02   0.678640E+00   0.831971E+00
 0.438180E+01   0.658178E+00   0.126321E+02   0.678805E+00   0.833408E+00
 0.438970E+01   0.658328E+00   0.126351E+02   0.678969E+00   0.834849E+00
 0.439760E+01   0.658477E+00   0.126199E+02   0.679133E+00   0.836291E+00
 0.440550E+01   0.658626E+00   0.126146E+02   0.679295E+00   0.837731E+00
 0.441340E+01   0.658773E+00   0.126112E+02   0.679456E+00   0.839167E+00
 0.442130E+01   0.658918E+00   0.126096E+02   0.679616E+00   0.840596E+00
 0.442920E+01   0.659062E+00   0.126037E+02   0.679774E+00   0.842017E+00
 0.443710E+01   0.659205E+00   0.125899E+02   0.679930E+00   0.843432E+00
 0.444500E+01   0.659347E+00   0.125842E+02   0.680085E+00   0.844842E+00
 0.445290E+01   0.659488E+00   0.125805E+02   0.680240E+00   0.846248E+00
 0.446080E+01   0.659629E+00   0.125790E+02   0.680395E+00   0.847653E+00
 0.446870E+01   0.659770E+00   0.125693E+02   0.680549E+00   0.849057E+00
 0.447660E+01   0.659911E+00   0.125675E+02   0.680704E+00   0.850463E+00
 0.448450E+01   0.660053E+00   0.125562E+02   0.680860E+00   0.851871E+00
 0.449240E+01   0.660195E+00   0.125530E+02   0.681016E+00   0.853280E+00
 0.450030E+01   0.660337E+00   0.125478E+02   0.681171E+00   0.854691E+00
 0.450820E+01   0.660478E+00   0.125422E+02   0.681326E+00   0.856103E+00
 0.451610E+01   0.660618E+00   0.125307E+02   0.681479E+00   0.857515E+00
 0.452400E+01   0.660757E+00   0.125315E+02   0.681632E+00   0.858927E+00
 0.453190E+01   0.660894E+00   0.125258E+02   0.681782E+00   0.860340E+00
 0.453980E+01   0.661029E+00   0.125222E+02   0.681931E+00   0.861751E+00
 0.454770E+01   0.661163E+00   0.125074E+02   0.682078E+00   0.863162E+00
 0.455560E+01   0.661296E+00   0.125019E+02   0.682224E+00   0.864573E+00
 0.456350E+01   0.661429E+00   0.124993E+02   0.682369E+00   0.865983E+00
 0.457140E+01   0.661561E+00   0.124955E+02   0.682515E+00   0.867394E+00
 0.457930E+01   0.661694E+00   0.124862E+02   0.682660E+00   0.868804E+00
 0.458720E+01   0.661828E+00   0.124801E+02   0.682807E+00   0.870214E+00
 0.459510E+01   0.661963E+00   0.124775E+02   0.682955E+00   0.871625E+00
 0.460300E+01   0.662098E+00   0.124734E+02   0.683104E+00   0.873035E+00
 0.461090E+01   0.662234E+00   0.124712E+02   0.683253E+00   0.874446E+00
 0.461880E+01   0.662370E+00   0.124647E+02   0.683402E+00   0.875857E+00
 0.462670E+01   0.662505E+00   0.124533E+02   0.683550E+00   0.877268E+00
 0.463460E+01   0.662639E+00   0.124486E+02   0.683697E+00   0.878679E+00
 0.464250E+01   0.662772E+00   0.124433E+02   0.683843E+00   0.880089E+00
 0.465040E+01   0.662903E+00   0.124376E+02   0.683987E+00   0.881500E+00
 0.465830E+01   0.663032E+00   0.124334E+02   0.684129E+00   0.882911E+00
 0.466620E+01   0.663161E+00   0.124308E+02   0.684270E+00   0.884322E+00
 0.467410E+01   0.663288E+00   0.124180E+02   0.684411E+00   0.885732E+00
 0.468200E+01   0.663416E+00   0.124185E+02   0.684550E+00   0.887143E+00
 0.468990E+01   0.663542E+00   0.124123E+02   0.684689E+00   0.888554E+00
 0.469780E+01   0.663669E+00   0.124006E+02   0.684829E+00   0.889964E+00
 0.470570E+01   0.663796E+00   0.124037E+02   0.684968E+00   0.891375E+00
 0.471360E+01   0.663924E+00   0.123898E+02   0.685108E+00   0.892786E+00
 0.472150E+01   0.664051E+00   0.123934E+02   0.685248E+00   0.894197E+00
 0.472940E+01   0.664178E+00   0.123795E+02   0.685388E+00   0.895607E+00
 0.473730E+01   0.664305E+00   0.123742E+02   0.685527E+00   0.897018E+00
 0.474520E+01   0.664432E+00   0.123704E+02   0.685666E+00   0.898429E+00
 0.475310E+01   0.664558E+00   0.123669E+02   0.685805E+00   0.899839E+00
 0.476100E+01   0.664683E+00   0.123629E+02   0.685943E+00   0.901250E+00
 0.476890E+01   0.664808E+00   0.123524E+02   0.686080E+00   0.902660E+00
 0.477680E+01   0.664932E+00   0.123545E+02   0.686216E+00   0.904071E+00
 0.478470E+01   0.665055E+00   0.123419E+02   0.686351E+00   0.905482E+00
 0.479260E+01   0.665177E+00   0.123357E+02   0.686486E+00   0.906892E+00
 0.480050E+01   0.665299E+00   0.123324E+02   0.686620E+00   0.908303E+00
 0.480840E+01   0.665421E+00   0.123327E+02   0.686753E+00   0.909714E+00
 0.481630E+01   0.665541E+00   0.123218E+02   0.686886E+00   0.911125E+00
 0.482420E+01   0.665662E+00   0.123226E+02   0.687018E+00   0.912536E+00
 0.483210E+01   0.665781E+00   0.123162E+02   0.687150E+00   0.913948E+00
 0.484000E+01   0.665901E+00   0.123041E+02   0.687281E+00   0.915359E+00
 0.484790E+01   0.666020E+00   0.123029E+02   0.687412E+00   0.916769E+00
 0.485580E+01   0.666139E+00   0.122939E+02   0.687543E+00   0.918180E+00
 0.486370E+01   0.666258E+00   0.122888E+02   0.687674E+00   0.919590E+00
 0.487160E+01   0.666377E+00   0.122844E+02   0.687805E+00   0.920999E+00
 0.487950E+01   0.666496E+00   0.122847E+02   0.687936E+00   0.922408E+00
 0.488740E+01   0.666615E+00   0.122765E+02   0.688066E+00   0.923817E+00
 0.489530E+01   0.666733E+00   0.122716E+02   0.688197E+00   0.925227E+00
 0.490320E+01   0.666852E+00   0.122664E+02   0.688327E+00   0.926637E+00
 0.491110E+01   0.666969E+00   0.122576E+02   0.688456E+00   0.928049E+00
 0.491900E+01   0.667087E+00   0.122572E+02   0.688586E+00   0.929463E+00
 0.492690E+01   0.667204E+00   0.122529E+02   0.688714E+00   0.930878E+00
 0.493480E+01   0.667320E+00   0.122475E+02   0.688842E+00   0.932295E+00
 0.494270E+01   0.667435E+00   0.122369E+02   0.688969E+00   0.933711E+00
 0.495060E+01   0.667550E+00   0.122336E+02   0.689096E+00   0.935126E+00
 0.495850E+01   0.667665E+00   0.122284E+02   0.689222E+00   0.936538E+00
 0.496640E+01   0.667779E+00   0.122269E+02   0.689347E+00   0.937945E+00
 0.497430E+01   0.667893E+00   0.122228E+02   0.689472E+00   0.939346E+00
 0.498220E+01   0.668006E+00   0.122087E+02   0.689597E+00   0.940740E+00
 0.499010E+01   0.668119E+00   0.122041E+02   0.689721E+00   0.942127E+00
 0.499800E+01   0.668231E+00   0.121993E+02   0.689845E+00   0.943509E+00
 0.500590E+01   0.668343E+00   0.121941E+02   0.689968E+00   0.944890E+00
 0.501380E+01   0.668455E+00   0.121923E+02   0.690091E+00   0.946271E+00
 0.502170E+01   0.668566E+00   0.121880E+02   0.690213E+00   0.947655E+00
 0.502960E+01   0.668676E+00   0.121784E+02   0.690335E+00   0.949045E+00
 0.503750E+01   0.668786E+00   0.121729E+02   0.690457E+00   0.950443E+00
 0.504540E+01   0.668896E+00   0.121687E+02   0.690577E+00   0.951850E+00
 0.505330E+01   0.669005E+00   0.121723E+02   0.690698E+00   0.953263E+00
 0.506120E+01   0.669114E+00   0.121587E+02   0.690817E+00   0.954679E+00
 0.506910E+01   0.669222E+00   0.121587E+02   0.690936E+00   0.956095E+00
 0.507700E+01   0.669330E+00   0.121555E+02   0.691055E+00   0.957509E+00
 0.508490E+01   0.669437E+00   0.121448E+02   0.691173E+00   0.958918E+00
 0.509280E+01   0.669544E+00   0.121423E+02   0.691291E+00   0.960318E+00
 0.510070E+01   0.669650E+00   0.121378E+02   0.691408E+00   0.961710E+00
 0.510860E+01   0.669755E+00   0.121334E+02   0.691524E+00   0.963095E+00
 0.511650E+01   0.669861E+00   0.121286E+02   0.691640E+00   0.964476E+00
 0.512440E+01   0.669966E+00   0.121266E+02   0.691756E+00   0.965856E+00
 0.513230E+01   0.670071E+00   0.121218E+02   0.691871E+00   0.967237E+00
 0.514020E+01   0.670176E+00   0.121112E+02   0.691987E+00   0.968624E+00
 0.514810E+01   0.670280E+00   0.121110E+02   0.692102E+00   0.970018E+00
 0.515600E+01   0.670385E+00   0.121061E+02   0.692218E+00   0.971421E+00
 0.516390E+01   0.670490E+00   0.121019E+02   0.692333E+00   0.972832E+00
 0.517180E+01   0.670594E+00   0.120976E+02   0.692448E+00   0.974247E+00
 0.517970E+01   0.670699E+00   0.120855E+02   0.692563E+00   0.975664E+00
 0.518760E+01   0.670802E+00   0.120834E+02   0.692678E+00   0.977079E+00
 0.519550E+01   0.670906E+00   0.120743E+02   0.692792E+00   0.978490E+00
 0.520340E+01   0.671009E+00   0.120781E+02   0.692905E+00   0.979894E+00
 0.521130E+01   0.671111E+00   0.120666E+02   0.693018E+00   0.981288E+00
 0.521920E+01   0.671213E+00   0.120627E+02   0.693130E+00   0.982675E+00
 0.522710E+01   0.671314E+00   0.120553E+02   0.693242E+00   0.984057E+00
 0.523500E+01   0.671415E+00   0.120500E+02   0.693353E+00   0.985437E+00
 0.524290E+01   0.671516E+00   0.120485E+02   0.693464E+00   0.986818E+00
 0.525080E+01   0.671616E+00   0.120462E+02   0.693575E+00   0.988202E+00
 0.525870E+01   0.671717E+00   0.120395E+02   0.693686E+00   0.989593E+00
 0.526660E+01   0.671818E+00   0.120320E+02   0.693797E+00   0.990994E+00
 0.527450E+01   0.671919E+00   0.120278E+02   0.693909E+00   0.992402E+00
 0.528240E+01   0.672019E+00   0.120247E+02   0.694020E+00   0.993816E+00
 0.529030E+01   0.672120E+00   0.120222E+02   0.694131E+00   0.995233E+00
 0.529820E+01   0.672220E+00   0.120177E+02   0.694241E+00   0.996649E+00
 0.530610E+01   0.672319E+00   0.120082E+02   0.694351E+00   0.998062E+00
 0.531400E+01   0.672418E+00   0.120042E+02   0.694459E+00   0.999468E+00
 0.532190E+01   0.672516E+00   0.120021E+02   0.694567E+00   0.100087E+01
 0.532980E+01   0.672612E+00   0.119944E+02   0.694674E+00   0.100225E+01
 0.533770E+01   0.672708E+00   0.119944E+02   0.694780E+00   0.100364E+01
 0.534560E+01   0.672804E+00   0.119902E+02   0.694885E+00   0.100502E+01
 0.535350E+01   0.672899E+00   0.119861E+02   0.694990E+00   0.100640E+01
 0.536140E+01   0.672993E+00   0.119777E+02   0.695094E+00   0.100778E+01
 0.536930E+01   0.673088E+00   0.119779E+02   0.695198E+00   0.100917E+01
 0.537720E+01   0.673182E+00   0.119682E+02   0.695303E+00   0.101057E+01
 0.538510E+01   0.673277E+00   0.119648E+02   0.695407E+00   0.101197E+01
 0.539300E+01   0.673372E+00   0.119608E+02   0.695512E+00   0.101338E+01
 0.540090E+01   0.673467E+00   0.119511E+02   0.695616E+00   0.101480E+01
 0.540880E+01   0.673561E+00   0.119482E+02   0.695721E+00   0.101621E+01
 0.541670E+01   0.673655E+00   0.119457E+02   0.695825E+00   0.101763E+01
 0.542460E+01   0.673749E+00   0.119410E+02   0.695929E+00   0.101904E+01
 0.543250E+01   0.673843E+00   0.119330E+02   0.696032E+00   0.102044E+01
 0.544040E+01   0.673936E+00   0.119274E+02   0.696134E+00   0.102184E+01
 0.544830E+01   0.674028E+00   0.119272E+02   0.696237E+00   0.102323E+01
 0.545620E+01   0.674120E+00   0.119186E+02   0.696338E+00   0.102462E+01
 0.546410E+01   0.674212E+00   0.119184E+02   0.696439E+00   0.102600E+01
 0.547200E+01   0.674303E+00   0.119110E+02   0.696540E+00   0.102738E+01
 0.547990E+01   0.674394E+00   0.119066E+02   0.696641E+00   0.102876E+01
 0.548780E+01   0.674484E+00   0.119042E+02   0.696741E+00   0.103014E+01
 0.549570E+01   0.674575E+00   0.118995E+02   0.696840E+00   0.103152E+01
 0.550360E+01   0.674665E+00   0.119005E+02   0.696940E+00   0.103291E+01
 0.551150E+01   0.674754E+00   0.118909E+02   0.697039E+00   0.103429E+01
 0.551940E+01   0.674843E+00   0.118858E+02   0.697137E+00   0.103568E+01
 0.552730E+01   0.674932E+00   0.118823E+02   0.697235E+00   0.103707E+01
 0.553520E+01   0.675021E+00   0.118744E+02   0.697333E+00   0.103845E+01
 0.554310E+01   0.675109E+00   0.118743E+02   0.697430E+00   0.103984E+01
 0.555100E+01   0.675196E+00   0.118703E+02   0.697527E+00   0.104123E+01
 0.555890E+01   0.675283E+00   0.118663E+02   0.697623E+00   0.104262E+01
 0.556680E+01   0.675370E+00   0.118626E+02   0.697719E+00   0.104400E+01
 0.557470E+01   0.675456E+00   0.118575E+02   0.697815E+00   0.104539E+01
 0.558260E+01   0.675543E+00   0.118553E+02   0.697910E+00   0.104677E+01
 0.559050E+01   0.675629E+00   0.118464E+02   0.698005E+00   0.104816E+01
 0.559840E+01   0.675715E+00   0.118380E+02   0.698101E+00   0.104954E+01
 0.560630E+01   0.675801E+00   0.118391E+02   0.698196E+00   0.105093E+01
 0.561420E+01   0.675887E+00   0.118350E+02   0.698291E+00   0.105232E+01
 0.562210E+01   0.675973E+00   0.118259E+02   0.698386E+00   0.105370E+01
 0.563000E+01   0.676059E+00   0.118263E+02   0.698481E+00   0.105509E+01
 0.563790E+01   0.676145E+00   0.118176E+02   0.698576E+00   0.105647E+01
 0.564580E+01   0.676230E+00   0.118136E+02   0.698670E+00   0.105786E+01
 0.565370E+01   0.676315E+00   0.118104E+02   0.698764E+00   0.105925E+01
 0.566160E+01   0.676400E+00   0.118038E+02   0.698858E+00   0.106063E+01
 0.566950E+01   0.676484E+00   0.118009E+02   0.698951E+00   0.106202E+01
 0.567740E+01   0.676568E+00   0.117969E+02   0.699043E+00   0.106340E+01
 0.568530E+01   0.676651E+00   0.117976E+02   0.699136E+00   0.106479E+01
 0.569320E+01   0.676734E+00   0.117905E+02   0.699228E+00   0.106618E+01
 0.570110E+01   0.676817E+00   0.117851E+02   0.699319E+00   0.106756E+01
 0.570900E+01   0.676899E+00   0.117805E+02   0.699410E+00   0.106895E+01
 0.571690E+01   0.676982E+00   0.117778E+02   0.699501E+00   0.107033E+01
 0.572480E+01   0.677063E+00   0.117742E+02   0.699592E+00   0.107172E+01
 0.573270E+01   0.677145E+00   0.117695E+02   0.699682E+00   0.107311E+01
 0.574060E+01   0.677226E+00   0.117659E+02   0.699772E+00   0.107449E+01
 0.574850E+01   0.677307E+00   0.117610E+02   0.699861E+00   0.107588E+01
 0.575640E+01   0.677387E+00   0.117605E+02   0.699950E+00   0.107726E+01
 0.576430E+01   0.677468E+00   0.117468E+02   0.700039E+00   0.107865E+01
 0.577220E+01   0.677547E+00   0.117457E+02   0.700127E+00   0.108004E+01
 0.578010E+01   0.677627E+00   0.117406E+02   0.700215E+00   0.108142E+01
 0.578800E+01   0.677706E+00   0.117339E+02   0.700302E+00   0.108281E+01
 0.579590E+01   0.677784E+00   0.117389E+02   0.700389E+00   0.108419E+01
 0.580380E+01   0.677863E+00   0.117353E+02   0.700476E+00   0.108558E+01
 0.581170E+01   0.677941E+00   0.117306E+02   0.700563E+00   0.108696E+01
 0.581960E+01   0.678019E+00   0.117235E+02   0.700649E+00   0.108835E+01
 0.582750E+01   0.678097E+00   0.117139E+02   0.700736E+00   0.108974E+01
 0.583540E+01   0.678175E+00   0.117113E+02   0.700822E+00   0.109112E+01
 0.584330E+01   0.678254E+00   0.117070E+02   0.700909E+00   0.109251E+01
 0.585120E+01   0.678332E+00   0.117068E+02   0.700995E+00   0.109390E+01
 0.585910E+01   0.678409E+00   0.116962E+02   0.701081E+00   0.109528E+01
 0.586700E+01   0.678487E+00   0.116977E+02   0.701167E+00   0.109667E+01
 0.587490E+01   0.678565E+00   0.116961E+02   0.701253E+00   0.109805E+01
 0.588280E+01   0.678642E+00   0.116875E+02   0.701338E+00   0.109944E+01
 0.589070E+01   0.678718E+00   0.116877E+02   0.701423E+00   0.110082E+01
 0.589860E+01   0.678795E+00   0.116817E+02   0.701508E+00   0.110221E+01
 0.590650E+01   0.678871E+00   0.116725E+02   0.701592E+00   0.110359E+01
 0.591440E+01   0.678946E+00   0.116742E+02   0.701676E+00   0.110498E+01
 0.592230E+01   0.679022E+00   0.116651E+02   0.701759E+00   0.110636E+01
 0.593020E+01   0.679097E+00   0.116670E+02   0.701842E+00   0.110775E+01
 0.593810E+01   0.679171E+00   0.116629E+02   0.701925E+00   0.110914E+01
 0.594600E+01   0.679246E+00   0.116536E+02   0.702008E+00   0.111053E+01
 0.595390E+01   0.679320E+00   0.116504E+02   0.702090E+00   0.111192E+01
 0.596180E+01   0.679394E+00   0.116472E+02   0.702172E+00   0.111331E+01
 0.596970E+01   0.679468E+00   0.116434E+02   0.702253E+00   0.111470E+01
 0.597760E+01   0.679541E+00   0.116402E+02   0.702335E+00   0.111609E+01
 0.598550E+01   0.679614E+00   0.116336E+02   0.702416E+00   0.111747E+01
 0.599340E+01   0.679687E+00   0.116283E+02   0.702496E+00   0.111885E+01
 0.600130E+01   0.679759E+00   0.116316E+02   0.702576E+00   0.112023E+01
 0.600920E+01   0.679831E+00   0.116238E+02   0.702656E+00   0.112159E+01
 0.601710E+01   0.679903E+00   0.116165E+02   0.702736E+00   0.112295E+01
 0.602500E+01   0.679974E+00   0.116124E+02   0.702815E+00   0.112431E+01
 0.603290E+01   0.680045E+00   0.116088E+02   0.702894E+00   0.112567E+01
 0.604080E+01   0.680116E+00   0.116077E+02   0.702972E+00   0.112703E+01
 0.604870E+01   0.680187E+00   0.116065E+02   0.703051E+00   0.112839E+01
 0.605660E+01   0.680258E+00   0.116025E+02   0.703130E+00   0.112976E+01
 0.606450E+01   0.680329E+00   0.115993E+02   0.703208E+00   0.113113E+01
 0.607240E+01   0.680400E+00   0.115955E+02   0.703287E+00   0.113251E+01
 0.608030E+01   0.680471E+00   0.115914E+02   0.703365E+00   0.113389E+01
 0.608820E+01   0.680541E+00   0.115883E+02   0.703443E+00   0.113528E+01
 0.609610E+01   0.680612E+00   0.115744E+02   0.703521E+00   0.113667E+01
 0.610400E+01   0.680682E+00   0.115743E+02   0.703599E+00   0.113806E+01
 0.611190E+01   0.680752E+00   0.115677E+02   0.703677E+00   0.113945E+01
 0.611980E+01   0.680822E+00   0.115660E+02   0.703755E+00   0.114085E+01
 0.612770E+01   0.680892E+00   0.115627E+02   0.703832E+00   0.114224E+01
 0.613560E+01   0.680961E+00   0.115611E+02   0.703909E+00   0.114363E+01
 0.614350E+01   0.681030E+00   0.115563E+02   0.703985E+00   0.114502E+01
 0.615140E+01   0.681098E+00   0.115484E+02   0.704061E+00   0.114641E+01
 0.615930E+01   0.681166E+00   0.115444E+02   0.704136E+00   0.114779E+01
 0.616720E+01   0.681233E+00   0.115424E+02   0.704211E+00   0.114917E+01
 0.617510E+01   0.681300E+00   0.115396E+02   0.704285E+00   0.115054E+01
 0.618300E+01   0.681366E+00   0.115354E+02   0.704358E+00   0.115190E+01
 0.619090E+01   0.681432E+00   0.115338E+02   0.704431E+00   0.115326E+01
 0.619880E+01   0.681497E+00   0.115303E+02   0.704503E+00   0.115462E+01
 0.620670E+01   0.681562E+00   0.115280E+02   0.704576E+00   0.115597E+01
 0.621460E+01   0.681627E+00   0.115259E+02   0.704648E+00   0.115733E+01
 0.622250E+01   0.681692E+00   0.115201E+02   0.704720E+00   0.115870E+01
 0.623040E+01   0.681758E+00   0.115082E+02   0.704793E+00   0.116007E+01
 0.623830E+01   0.681824E+00   0.115072E+02   0.704866E+00   0.116145E+01
 0.624620E+01   0.681890E+00   0.115022E+02   0.704939E+00   0.116284E+01
 0.625410E+01   0.681956E+00   0.115014E+02   0.705013E+00   0.116423E+01
 0.626200E+01   0.682022E+00   0.114981E+02   0.705087E+00   0.116562E+01
 0.626990E+01   0.682088E+00   0.114904E+02   0.705160E+00   0.116701E+01
 0.627780E+01   0.682154E+00   0.114915E+02   0.705232E+00   0.116839E+01
 0.628570E+01   0.682219E+00   0.114906E+02   0.705305E+00   0.116977E+01
 0.629360E+01   0.682283E+00   0.114783E+02   0.705376E+00   0.117114E+01
 0.630150E+01   0.682347E+00   0.114832E+02   0.705446E+00   0.117251E+01
 0.630940E+01   0.682410E+00   0.114702E+02   0.705516E+00   0.117387E+01
 0.631730E+01   0.682472E+00   0.114678E+02   0.705586E+00   0.117522E+01
 0.632520E+01   0.682535E+00   0.114659E+02   0.705655E+00   0.117658E+01
 0.633310E+01   0.682597E+00   0.114614E+02   0.705724E+00   0.117794E+01
 0.634100E+01   0.682659E+00   0.114583E+02   0.705794E+00   0.117931E+01
 0.634890E+01   0.682722E+00   0.114582E+02   0.705863E+00   0.118068E+01
 0.635680E+01   0.682784E+00   0.114528E+02   0.705932E+00   0.118206E+01
 0.636470E+01   0.682847E+00   0.114517E+02   0.706002E+00   0.118345E+01
 0.637260E+01   0.682910E+00   0.114422E+02   0.706071E+00   0.118484E+01
 0.638050E+01   0.682972E+00   0.114409E+02   0.706141E+00   0.118623E+01
 0.638840E+01   0.683034E+00   0.114393E+02   0.706209E+00   0.118762E+01
 0.639630E+01   0.683095E+00   0.114341E+02   0.706278E+00   0.118900E+01
 0.640420E+01   0.683156E+00   0.114309E+02   0.706346E+00   0.119038E+01
 0.641210E+01   0.683217E+00   0.114261E+02   0.706413E+00   0.119176E+01
 0.642000E+01   0.683277E+00   0.114175E+02   0.706479E+00   0.119313E+01
 0.642790E+01   0.683336E+00   0.114155E+02   0.706545E+00   0.119449E+01
 0.643580E+01   0.683395E+00   0.114183E+02   0.706611E+00   0.119585E+01
 0.644370E+01   0.683454E+00   0.114161E+02   0.706677E+00   0.119721E+01
 0.645160E+01   0.683513E+00   0.114118E+02   0.706742E+00   0.119856E+01
 0.645950E+01   0.683572E+00   0.114050E+02   0.706807E+00   0.119991E+01
 0.646740E+01   0.683630E+00   0.114052E+02   0.706872E+00   0.120127E+01
 0.647530E+01   0.683689E+00   0.113948E+02   0.706937E+00   0.120262E+01
 0.648320E+01   0.683747E+00   0.113914E+02   0.707002E+00   0.120398E+01
 0.649110E+01   0.683806E+00   0.113871E+02   0.707067E+00   0.120534E+01
 0.649900E+01   0.683865E+00   0.113861E+02   0.707133E+00   0.120670E+01
 0.650690E+01   0.683923E+00   0.113847E+02   0.707198E+00   0.120807E+01
 0.651480E+01   0.683982E+00   0.113798E+02   0.707263E+00   0.120944E+01
 0.652270E+01   0.684040E+00   0.113705E+02   0.707328E+00   0.121082E+01
 0.653060E+01   0.684099E+00   0.113730E+02   0.707393E+00   0.121221E+01
 0.653850E+01   0.684158E+00   0.113652E+02   0.707458E+00   0.121359E+01
 0.654640E+01   0.684216E+00   0.113615E+02   0.707523E+00   0.121498E+01
 0.655430E+01   0.684274E+00   0.113589E+02   0.707587E+00   0.121637E+01
 0.656220E+01   0.684331E+00   0.113548E+02   0.707651E+00   0.121776E+01
 0.657010E+01   0.684389E+00   0.113523E+02   0.707715E+00   0.121914E+01
 0.657800E+01   0.684445E+00   0.113495E+02   0.707778E+00   0.122052E+01
 0.658590E+01   0.684501E+00   0.113497E+02   0.707841E+00   0.122189E+01
 0.659380E+01   0.684557E+00   0.113462E+02   0.707903E+00   0.122326E+01
 0.660170E+01   0.684613E+00   0.113346E+02   0.707964E+00   0.122462E+01
 0.660960E+01   0.684668E+00   0.113382E+02   0.708025E+00   0.122598E+01
 0.661750E+01   0.684723E+00   0.113362E+02   0.708087E+00   0.122734E+01
 0.662540E+01   0.684777E+00   0.113240E+02   0.708148E+00   0.122869E+01
 0.663330E+01   0.684832E+00   0.113290E+02   0.708209E+00   0.123005E+01
 0.664120E+01   0.684887E+00   0.113217E+02   0.708270E+00   0.123141E+01
 0.664910E+01   0.684942E+00   0.113163E+02   0.708331E+00   0.123277E+01
 0.665700E+01   0.684997E+00   0.113133E+02   0.708392E+00   0.123413E+01
 0.666490E+01   0.685052E+00   0.113097E+02   0.708453E+00   0.123550E+01
 0.667280E+01   0.685106E+00   0.113095E+02   0.708513E+00   0.123686E+01
 0.668070E+01   0.685161E+00   0.113032E+02   0.708574E+00   0.123822E+01
 0.668860E+01   0.685215E+00   0.112991E+02   0.708634E+00   0.123959E+01
 0.669650E+01   0.685269E+00   0.112951E+02   0.708694E+00   0.124095E+01
 0.670440E+01   0.685323E+00   0.112977E+02   0.708754E+00   0.124231E+01
 0.671230E+01   0.685376E+00   0.112854E+02   0.708814E+00   0.124367E+01
 0.672020E+01   0.685429E+00   0.112870E+02   0.708873E+00   0.124504E+01
 0.672810E+01   0.685482E+00   0.112820E+02   0.708932E+00   0.124640E+01
 0.673600E+01   0.685535E+00   0.112747E+02   0.708990E+00   0.124776E+01
 0.674390E+01   0.685588E+00   0.112752E+02   0.709049E+00   0.124912E+01
 0.675180E+01   0.685640E+00   0.112708E+02   0.709107E+00   0.125048E+01
 0.675970E+01   0.685692E+00   0.112711E+02   0.709165E+00   0.125184E+01
 0.676760E+01   0.685744E+00   0.112687E+02   0.709223E+00   0.125321E+01
 0.677550E+01   0.685796E+00   0.112654E+02   0.709281E+00   0.125457E+01
 0.678340E+01   0.685847E+00   0.112565E+02   0.709338E+00   0.125593E+01
 0.679130E+01   0.685899E+00   0.112530E+02   0.709395E+00   0.125729E+01
 0.679920E+01   0.685950E+00   0.112495E+02   0.709452E+00   0.125866E+01
 0.680710E+01   0.686001E+00   0.112529E+02   0.709509E+00   0.126002E+01
 0.681500E+01   0.686051E+00   0.112455E+02   0.709565E+00   0.126138E+01
 0.682290E+01   0.686102E+00   0.112421E+02   0.709621E+00   0.126274E+01
 0.683080E+01   0.686152E+00   0.112333E+02   0.709677E+00   0.126410E+01
 0.683870E+01   0.686202E+00   0.112362E+02   0.709733E+00   0.126547E+01
 0.684660E+01   0.686252E+00   0.112301E+02   0.709788E+00   0.126683E+01
 0.685450E+01   0.686302E+00   0.112269E+02   0.709844E+00   0.126819E+01
 0.686240E+01   0.686351E+00   0.112291E+02   0.709899E+00   0.126955E+01
 0.687030E+01   0.686401E+00   0.112256E+02   0.709955E+00   0.127091E+01
 0.687820E+01   0.686451E+00   0.112224E+02   0.710010E+00   0.127228E+01
 0.688610E+01   0.686501E+00   0.112095E+02   0.710066E+00   0.127364E+01
 0.689400E+01   0.686551E+00   0.112074E+02   0.710121E+00   0.127500E+01
 0.690190E+01   0.686600E+00   0.112034E+02   0.710176E+00   0.127636E+01
 0.690980E+01   0.686649E+00   0.112010E+02   0.710231E+00   0.127772E+01
 0.691770E+01   0.686698E+00   0.112021E+02   0.710285E+00   0.127909E+01
 0.692560E+01   0.686747E+00   0.111994E+02   0.710339E+00   0.128045E+01
 0.693350E+01   0.686795E+00   0.111924E+02   0.710393E+00   0.128181E+01
 0.694140E+01   0.686842E+00   0.111876E+02   0.710446E+00   0.128317E+01
 0.694930E+01   0.686890E+00   0.111847E+02   0.710499E+00   0.128453E+01
 0.695720E+01   0.686937E+00   0.111822E+02   0.710551E+00   0.128590E+01
 0.696510E+01   0.686984E+00   0.111829E+02   0.710603E+00   0.128726E+01
 0.697300E+01   0.687030E+00   0.111729E+02   0.710655E+00   0.128862E+01
 0.698090E+01   0.687077E+00   0.111727E+02   0.710707E+00   0.128998E+01
 0.698880E+01   0.687124E+00   0.111691E+02   0.710759E+00   0.129134E+01
 0.699670E+01   0.687170E+00   0.111677E+02   0.710811E+00   0.129271E+01
 0.700460E+01   0.687217E+00   0.111598E+02   0.710863E+00   0.129407E+01
 0.701250E+01   0.687264E+00   0.111621E+02   0.710915E+00   0.129543E+01
 0.702040E+01   0.687310E+00   0.111573E+02   0.710967E+00   0.129679E+01
 0.702830E+01   0.687357E+00   0.111544E+02   0.711019E+00   0.129815E+01
 0.703620E+01   0.687403E+00   0.111535E+02   0.711071E+00   0.129952E+01
 0.704410E+01   0.687450E+00   0.111495E+02   0.711123E+00   0.130088E+01
 0.705200E+01   0.687496E+00   0.111412E+02   0.711175E+00   0.130224E+01
 0.705990E+01   0.687543E+00   0.111444E+02   0.711227E+00   0.130360E+01
 0.706780E+01   0.687589E+00   0.111344E+02   0.711278E+00   0.130497E+01
 0.707570E+01   0.687635E+00   0.111390E+02   0.711329E+00   0.130633E+01
 0.708360E+01   0.687681E+00   0.111268E+02   0.711380E+00   0.130769E+01
 0.709150E+01   0.687726E+00   0.111244E+02   0.711431E+00   0.130905E+01
 0.709940E+01   0.687771E+00   0.111227E+02   0.711481E+00   0.131041E+01
 0.710730E+01   0.687816E+00   0.111199E+02   0.711531E+00   0.131177E+01
 0.711520E+01   0.687860E+00   0.111168E+02   0.711580E+00   0.131313E+01
 0.712310E+01   0.687904E+00   0.111195E+02   0.711629E+00   0.131450E+01
 0.713100E+01   0.687948E+00   0.111122E+02   0.711678E+00   0.131586E+01
 0.713890E+01   0.687991E+00   0.111107E+02   0.711727E+00   0.131722E+01
 0.714680E+01   0.688035E+00   0.111028E+02   0.711775E+00   0.131858E+01
 0.715470E+01   0.688079E+00   0.111020E+02   0.711824E+00   0.131995E+01
 0.716260E+01   0.688122E+00   0.110966E+02   0.711873E+00   0.132131E+01
 0.717050E+01   0.688166E+00   0.110967E+02   0.711922E+00   0.132268E+01
 0.717840E+01   0.688210E+00   0.110913E+02   0.711970E+00   0.132405E+01
 0.718630E+01   0.688253E+00   0.110860E+02   0.712019E+00   0.132541E+01
 0.719420E+01   0.688297E+00   0.110876E+02   0.712067E+00   0.132678E+01
 0.720210E+01   0.688340E+00   0.110858E+02   0.712115E+00   0.132813E+01
 0.721000E+01   0.688383E+00   0.110822E+02   0.712163E+00   0.132949E+01
 0.721790E+01   0.688425E+00   0.110789E+02   0.712210E+00   0.133083E+01
 0.722580E+01   0.688467E+00   0.110778E+02   0.712257E+00   0.133218E+01
 0.723370E+01   0.688508E+00   0.110651E+02   0.712303E+00   0.133351E+01
 0.724160E+01   0.688549E+00   0.110705E+02   0.712349E+00   0.133485E+01
 0.724950E+01   0.688590E+00   0.110626E+02   0.712395E+00   0.133618E+01
 0.725740E+01   0.688631E+00   0.110588E+02   0.712441E+00   0.133752E+01
 0.726530E+01   0.688673E+00   0.110567E+02   0.712487E+00   0.133886E+01
 0.727320E+01   0.688714E+00   0.110531E+02   0.712533E+00   0.134020E+01
 0.728110E+01   0.688755E+00   0.110509E+02   0.712579E+00   0.134155E+01
 0.728900E+01   0.688797E+00   0.110503E+02   0.712626E+00   0.134291E+01
 0.729690E+01   0.688839E+00   0.110472E+02   0.712672E+00   0.134427E+01
 0.730480E+01   0.688880E+00   0.110441E+02   0.712719E+00   0.134563E+01
 0.731270E+01   0.688922E+00   0.110426E+02   0.712765E+00   0.134700E+01
 0.732060E+01   0.688963E+00   0.110323E+02   0.712811E+00   0.134837E+01
 0.732850E+01   0.689004E+00   0.110280E+02   0.712857E+00   0.134974E+01
 0.733640E+01   0.689045E+00   0.110249E+02   0.712903E+00   0.135111E+01
 0.734430E+01   0.689085E+00   0.110223E+02   0.712948E+00   0.135248E+01
 0.735220E+01   0.689125E+00   0.110205E+02   0.712992E+00   0.135385E+01
 0.736010E+01   0.689165E+00   0.110202E+02   0.713036E+00   0.135521E+01
 0.736800E+01   0.689204E+00   0.110161E+02   0.713080E+00   0.135657E+01
 0.737590E+01   0.689244E+00   0.110142E+02   0.713124E+00   0.135793E+01
 0.738380E+01   0.689283E+00   0.110113E+02   0.713168E+00   0.135928E+01
 0.739170E+01   0.689321E+00   0.110087E+02   0.713211E+00   0.136063E+01
 0.739960E+01   0.689360E+00   0.110020E+02   0.713254E+00   0.136197E+01
 0.740750E+01   0.689398E+00   0.109982E+02   0.713297E+00   0.136331E+01
 0.741540E+01   0.689437E+00   0.110013E+02   0.713340E+00   0.136464E+01
 0.742330E+01   0.689475E+00   0.109904E+02   0.713383E+00   0.136597E+01
 0.743120E+01   0.689513E+00   0.109876E+02   0.713426E+00   0.136731E+01
 0.743910E+01   0.689552E+00   0.109896E+02   0.713468E+00   0.136865E+01
 0.744700E+01   0.689590E+00   0.109900E+02   0.713511E+00   0.137000E+01
 0.745490E+01   0.689628E+00   0.109865E+02   0.713554E+00   0.137136E+01
 0.746280E+01   0.689667E+00   0.109748E+02   0.713597E+00   0.137272E+01
 0.747070E+01   0.689705E+00   0.109805E+02   0.713639E+00   0.137408E+01
 0.747860E+01   0.689743E+00   0.109714E+02   0.713682E+00   0.137545E+01
 0.748650E+01   0.689781E+00   0.109666E+02   0.713724E+00   0.137682E+01
 0.749440E+01   0.689818E+00   0.109670E+02   0.713766E+00   0.137818E+01
 0.750230E+01   0.689856E+00   0.109638E+02   0.713808E+00   0.137954E+01
 0.751020E+01   0.689892E+00   0.109574E+02   0.713849E+00   0.138089E+01
 0.751810E+01   0.689929E+00   0.109541E+02   0.713890E+00   0.138223E+01
 0.752600E+01   0.689965E+00   0.109532E+02   0.713930E+00   0.138357E+01
 0.753390E+01   0.690001E+00   0.109522E+02   0.713971E+00   0.138490E+01
 0.754180E+01   0.690037E+00   0.109464E+02   0.714011E+00   0.138623E+01
 0.754970E+01   0.690073E+00   0.109470E+02   0.714051E+00   0.138757E+01
 0.755760E+01   0.690109E+00   0.109412E+02   0.714091E+00   0.138891E+01
 0.756550E+01   0.690145E+00   0.109414E+02   0.714131E+00   0.139026E+01
 0.757340E+01   0.690181E+00   0.109403E+02   0.714172E+00   0.139161E+01
 0.758130E+01   0.690218E+00   0.109319E+02   0.714212E+00   0.139297E+01
 0.758920E+01   0.690254E+00   0.109339E+02   0.714253E+00   0.139434E+01
 0.759710E+01   0.690290E+00   0.109322E+02   0.714294E+00   0.139570E+01
 0.760500E+01   0.690327E+00   0.109243E+02   0.714334E+00   0.139707E+01
 0.761290E+01   0.690363E+00   0.109259E+02   0.714375E+00   0.139843E+01
 0.762080E+01   0.690398E+00   0.109148E+02   0.714415E+00   0.139979E+01
 0.762870E+01   0.690434E+00   0.109205E+02   0.714454E+00   0.140115E+01
 0.763660E+01   0.690469E+00   0.109179E+02   0.714494E+00   0.140250E+01
 0.764450E+01   0.690504E+00   0.109152E+02   0.714532E+00   0.140384E+01
 0.765240E+01   0.690538E+00   0.109057E+02   0.714571E+00   0.140518E+01
 0.766030E+01   0.690573E+00   0.109009E+02   0.714609E+00   0.140651E+01
 0.766820E+01   0.690607E+00   0.109023E+02   0.714648E+00   0.140784E+01
 0.767610E+01   0.690641E+00   0.109005E+02   0.714685E+00   0.140917E+01
 0.768400E+01   0.690674E+00   0.108982E+02   0.714723E+00   0.141051E+01
 0.769190E+01   0.690708E+00   0.108963E+02   0.714761E+00   0.141184E+01
 0.769980E+01   0.690742E+00   0.108946E+02   0.714799E+00   0.141317E+01
 0.770770E+01   0.690775E+00   0.108919E+02   0.714836E+00   0.141450E+01
 0.771560E+01   0.690809E+00   0.108803E+02   0.714873E+00   0.141584E+01
 0.772350E+01   0.690842E+00   0.108849E+02   0.714911E+00   0.141718E+01
 0.773140E+01   0.690875E+00   0.108759E+02   0.714948E+00   0.141853E+01
 0.773930E+01   0.690908E+00   0.108758E+02   0.714985E+00   0.141988E+01
 0.774720E+01   0.690942E+00   0.108731E+02   0.715022E+00   0.142124E+01
 0.775510E+01   0.690975E+00   0.108697E+02   0.715059E+00   0.142260E+01
 0.776300E+01   0.691008E+00   0.108624E+02   0.715096E+00   0.142396E+01
 0.777090E+01   0.691041E+00   0.108658E+02   0.715133E+00   0.142533E+01
 0.777880E+01   0.691074E+00   0.108629E+02   0.715170E+00   0.142670E+01
 0.778670E+01   0.691107E+00   0.108543E+02   0.715207E+00   0.142806E+01
 0.779460E+01   0.691139E+00   0.108512E+02   0.715244E+00   0.142942E+01
 0.780250E+01   0.691172E+00   0.108508E+02   0.715280E+00   0.143077E+01
 0.781040E+01   0.691204E+00   0.108520E+02   0.715316E+00   0.143212E+01
 0.781830E+01   0.691236E+00   0.108468E+02   0.715352E+00   0.143346E+01
 0.782620E+01   0.691268E+00   0.108464E+02   0.715388E+00   0.143480E+01
 0.783410E+01   0.691300E+00   0.108442E+02   0.715424E+00   0.143613E+01
 0.784200E+01   0.691332E+00   0.108416E+02   0.715459E+00   0.143747E+01
 0.784990E+01   0.691363E+00   0.108336E+02   0.715494E+00   0.143880E+01
 0.785780E+01   0.691395E+00   0.108332E+02   0.715530E+00   0.144014E+01
 0.786570E+01   0.691426E+00   0.108332E+02   0.715565E+00   0.144147E+01
 0.787360E+01   0.691457E+00   0.108308E+02   0.715599E+00   0.144281E+01
 0.788150E+01   0.691488E+00   0.108189E+02   0.715634E+00   0.144415E+01
 0.788940E+01   0.691519E+00   0.108182E+02   0.715669E+00   0.144549E+01
 0.789730E+01   0.691550E+00   0.108165E+02   0.715703E+00   0.144683E+01
 0.790520E+01   0.691581E+00   0.108129E+02   0.715738E+00   0.144817E+01
 0.791310E+01   0.691611E+00   0.108103E+02   0.715772E+00   0.144951E+01
 0.792100E+01   0.691642E+00   0.108089E+02   0.715806E+00   0.145085E+01
 0.792890E+01   0.691672E+00   0.108104E+02   0.715840E+00   0.145219E+01
 0.793680E+01   0.691702E+00   0.108046E+02   0.715873E+00   0.145353E+01
 0.794470E+01   0.691732E+00   0.108012E+02   0.715907E+00   0.145487E+01
 0.795260E+01   0.691762E+00   0.107985E+02   0.715941E+00   0.145620E+01
 0.796050E+01   0.691792E+00   0.108001E+02   0.715974E+00   0.145754E+01
 0.796840E+01   0.691821E+00   0.107949E+02   0.716007E+00   0.145888E+01
 0.797630E+01   0.691851E+00   0.107918E+02   0.716040E+00   0.146022E+01
 0.798420E+01   0.691880E+00   0.107847E+02   0.716073E+00   0.146156E+01
 0.799210E+01   0.691909E+00   0.107818E+02   0.716106E+00   0.146290E+01
