 0.000000E+00   0.126000E+01   0.103020E+00   0.254990E+00   0.254990E+00
 0.100034E-01   0.126000E+01   0.103020E+00   0.254990E+00   0.254990E+00
 0.203561E-01   0.126000E+01   0.103020E+00   0.254990E+00   0.254990E+00
 0.308685E-01   0.126000E+01   0.103019E+00   0.254990E+00   0.254990E+00
 0.410947E-01   0.125999E+01   0.103018E+00   0.254989E+00   0.254990E+00
 0.514152E-01   0.125999E+01   0.103017E+00   0.254989E+00   0.254990E+00
 0.622052E-01   0.125999E+01   0.103015E+00   0.254988E+00   0.254990E+00
 0.732009E-01   0.125998E+01   0.103014E+00   0.254987E+00   0.254990E+00
 0.841470E-01   0.125997E+01   0.103012E+00   0.254985E+00   0.254990E+00
 0.947954E-01   0.125997E+01   0.103009E+00   0.254984E+00   0.254990E+00
 0.104907E+00   0.125996E+01   0.103007E+00   0.254983E+00   0.254990E+00
 0.115641E+00   0.125995E+01   0.103004E+00   0.254981E+00   0.254990E+00
 0.127015E+00   0.125994E+01   0.103001E+00   0.254979E+00   0.254990E+00
 0.137496E+00   0.125993E+01   0.102998E+00   0.254977E+00   0.254990E+00
 0.148480E+00   0.125992E+01   0.102994E+00   0.254975E+00   0.254990E+00
 0.159977E+00   0.125990E+01   0.102990E+00   0.254972E+00   0.254990E+00
 0.170249E+00   0.125989E+01   0.102986E+00   0.254970E+00   0.254990E+00
 0.180902E+00   0.125987E+01   0.102982E+00   0.254967E+00   0.254990E+00
 0.191951E+00   0.125986E+01   0.102977E+00   0.254964E+00   0.254990E+00
 0.203389E+00   0.125984E+01   0.102972E+00   0.254961E+00   0.254990E+00
 0.215233E+00   0.125982E+01   0.102966E+00   0.254957E+00   0.254990E+00
 0.225412E+00   0.125981E+01   0.102961E+00   0.254954E+00   0.254990E+00
 0.235875E+00   0.125979E+01   0.102955E+00   0.254951E+00   0.254990E+00
 0.246621E+00   0.125977E+01   0.102949E+00   0.254947E+00   0.254990E+00
 0.257661E+00   0.125975E+01   0.102942E+00   0.254943E+00   0.254990E+00
 0.268988E+00   0.125972E+01   0.102936E+00   0.254939E+00   0.254990E+00
 0.280614E+00   0.125970E+01   0.102928E+00   0.254934E+00   0.254990E+00
 0.292537E+00   0.125967E+01   0.102920E+00   0.254929E+00   0.254990E+00
 0.304757E+00   0.125964E+01   0.102912E+00   0.254924E+00   0.254990E+00
 0.317278E+00   0.125961E+01   0.102902E+00   0.254918E+00   0.254990E+00
 0.327512E+00   0.125959E+01   0.102895E+00   0.254914E+00   0.254990E+00
 0.337943E+00   0.125956E+01   0.102887E+00   0.254909E+00   0.254990E+00
 0.348571E+00   0.125954E+01   0.102878E+00   0.254903E+00   0.254990E+00
 0.359397E+00   0.125951E+01   0.102869E+00   0.254898E+00   0.254990E+00
 0.370421E+00   0.125947E+01   0.102860E+00   0.254892E+00   0.254990E+00
 0.381646E+00   0.125944E+01   0.102850E+00   0.254886E+00   0.254990E+00
 0.393073E+00   0.125941E+01   0.102840E+00   0.254880E+00   0.254990E+00
 0.404704E+00   0.125937E+01   0.102829E+00   0.254873E+00   0.254990E+00
 0.416541E+00   0.125934E+01   0.102817E+00   0.254866E+00   0.254990E+00
 0.428582E+00   0.125930E+01   0.102806E+00   0.254859E+00   0.254990E+00
 0.440829E+00   0.125926E+01   0.102793E+00   0.254851E+00   0.254990E+00
 0.453283E+00   0.125921E+01   0.102780E+00   0.254843E+00   0.254990E+00
 0.465945E+00   0.125917E+01   0.102767E+00   0.254835E+00   0.254990E+00
 0.478819E+00   0.125912E+01   0.102752E+00   0.254826E+00   0.254990E+00
 0.491903E+00   0.125907E+01   0.102738E+00   0.254817E+00   0.254990E+00
 0.505197E+00   0.125902E+01   0.102722E+00   0.254808E+00   0.254990E+00
 0.515308E+00   0.125898E+01   0.102710E+00   0.254800E+00   0.254990E+00
 0.525542E+00   0.125894E+01   0.102698E+00   0.254793E+00   0.254990E+00
 0.535895E+00   0.125890E+01   0.102685E+00   0.254785E+00   0.254990E+00
 0.546371E+00   0.125886E+01   0.102672E+00   0.254777E+00   0.254990E+00
 0.556966E+00   0.125881E+01   0.102658E+00   0.254768E+00   0.254990E+00
 0.567683E+00   0.125877E+01   0.102644E+00   0.254760E+00   0.254990E+00
 0.578525E+00   0.125872E+01   0.102630E+00   0.254751E+00   0.254990E+00
 0.589486E+00   0.125867E+01   0.102615E+00   0.254742E+00   0.254990E+00
 0.600572E+00   0.125862E+01   0.102599E+00   0.254732E+00   0.254990E+00
 0.611780E+00   0.125857E+01   0.102583E+00   0.254722E+00   0.254990E+00
 0.623112E+00   0.125851E+01   0.102567E+00   0.254712E+00   0.254990E+00
 0.634576E+00   0.125846E+01   0.102550E+00   0.254702E+00   0.254990E+00
 0.646161E+00   0.125840E+01   0.102533E+00   0.254691E+00   0.254990E+00
 0.657868E+00   0.125834E+01   0.102515E+00   0.254680E+00   0.254990E+00
 0.669707E+00   0.125828E+01   0.102497E+00   0.254669E+00   0.254990E+00
 0.681666E+00   0.125822E+01   0.102478E+00   0.254658E+00   0.254990E+00
 0.693758E+00   0.125816E+01   0.102459E+00   0.254646E+00   0.254990E+00
 0.705975E+00   0.125809E+01   0.102439E+00   0.254633E+00   0.254990E+00
 0.718321E+00   0.125802E+01   0.102418E+00   0.254621E+00   0.254990E+00
 0.730795E+00   0.125796E+01   0.102397E+00   0.254608E+00   0.254990E+00
 0.743396E+00   0.125788E+01   0.102376E+00   0.254594E+00   0.254990E+00
 0.756126E+00   0.125781E+01   0.102353E+00   0.254581E+00   0.254990E+00
 0.768984E+00   0.125774E+01   0.102330E+00   0.254567E+00   0.254990E+00
 0.781972E+00   0.125766E+01   0.102307E+00   0.254552E+00   0.254990E+00
 0.795092E+00   0.125758E+01   0.102283E+00   0.254537E+00   0.254990E+00
 0.808343E+00   0.125750E+01   0.102258E+00   0.254522E+00   0.254990E+00
 0.821726E+00   0.125741E+01   0.102233E+00   0.254507E+00   0.254990E+00
 0.835237E+00   0.125733E+01   0.102207E+00   0.254490E+00   0.254990E+00
 0.848881E+00   0.125724E+01   0.102180E+00   0.254474E+00   0.254990E+00
 0.862658E+00   0.125715E+01   0.102153E+00   0.254457E+00   0.254990E+00
 0.876567E+00   0.125706E+01   0.102124E+00   0.254440E+00   0.254990E+00
 0.890607E+00   0.125696E+01   0.102096E+00   0.254422E+00   0.254990E+00
 0.904782E+00   0.125686E+01   0.102066E+00   0.254404E+00   0.254990E+00
 0.919090E+00   0.125676E+01   0.102036E+00   0.254385E+00   0.254990E+00
 0.933531E+00   0.125666E+01   0.102004E+00   0.254366E+00   0.254990E+00
 0.948108E+00   0.125656E+01   0.101973E+00   0.254346E+00   0.254990E+00
 0.962817E+00   0.125645E+01   0.101940E+00   0.254326E+00   0.254990E+00
 0.977663E+00   0.125634E+01   0.101906E+00   0.254305E+00   0.254990E+00
 0.992643E+00   0.125623E+01   0.101872E+00   0.254284E+00   0.254990E+00
 0.100270E+01   0.125615E+01   0.101849E+00   0.254269E+00   0.254990E+00
 0.101283E+01   0.125607E+01   0.101825E+00   0.254255E+00   0.254990E+00
 0.102301E+01   0.125599E+01   0.101801E+00   0.254240E+00   0.254990E+00
 0.103325E+01   0.125591E+01   0.101777E+00   0.254225E+00   0.254990E+00
 0.104355E+01   0.125583E+01   0.101752E+00   0.254209E+00   0.254990E+00
 0.105392E+01   0.125574E+01   0.101726E+00   0.254194E+00   0.254990E+00
 0.106435E+01   0.125566E+01   0.101701E+00   0.254178E+00   0.254990E+00
 0.107483E+01   0.125557E+01   0.101675E+00   0.254162E+00   0.254990E+00
 0.108538E+01   0.125549E+01   0.101648E+00   0.254145E+00   0.254990E+00
 0.109598E+01   0.125540E+01   0.101621E+00   0.254129E+00   0.254990E+00
 0.110665E+01   0.125531E+01   0.101594E+00   0.254112E+00   0.254990E+00
 0.111739E+01   0.125521E+01   0.101566E+00   0.254095E+00   0.254990E+00
 0.112818E+01   0.125512E+01   0.101538E+00   0.254077E+00   0.254990E+00
 0.113903E+01   0.125503E+01   0.101510E+00   0.254060E+00   0.254990E+00
 0.114995E+01   0.125493E+01   0.101481E+00   0.254042E+00   0.254990E+00
 0.116093E+01   0.125483E+01   0.101451E+00   0.254023E+00   0.254990E+00
 0.117197E+01   0.125474E+01   0.101421E+00   0.254005E+00   0.254990E+00
 0.118307E+01   0.125463E+01   0.101391E+00   0.253986E+00   0.254990E+00
 0.119424E+01   0.125453E+01   0.101360E+00   0.253967E+00   0.254990E+00
 0.120546E+01   0.125443E+01   0.101329E+00   0.253948E+00   0.254990E+00
 0.121675E+01   0.125432E+01   0.101297E+00   0.253928E+00   0.254990E+00
 0.122810E+01   0.125422E+01   0.101265E+00   0.253908E+00   0.254990E+00
 0.123952E+01   0.125411E+01   0.101232E+00   0.253888E+00   0.254990E+00
 0.125099E+01   0.125400E+01   0.101199E+00   0.253867E+00   0.254990E+00
 0.126253E+01   0.125389E+01   0.101166E+00   0.253846E+00   0.254990E+00
 0.127413E+01   0.125378E+01   0.101132E+00   0.253825E+00   0.254990E+00
 0.128579E+01   0.125366E+01   0.101097E+00   0.253804E+00   0.254990E+00
 0.129752E+01   0.125354E+01   0.101062E+00   0.253782E+00   0.254990E+00
 0.130931E+01   0.125343E+01   0.101026E+00   0.253760E+00   0.254990E+00
 0.132116E+01   0.125331E+01   0.100990E+00   0.253737E+00   0.254990E+00
 0.133307E+01   0.125318E+01   0.100954E+00   0.253714E+00   0.254990E+00
 0.134505E+01   0.125306E+01   0.100916E+00   0.253691E+00   0.254990E+00
 0.135709E+01   0.125294E+01   0.100879E+00   0.253668E+00   0.254990E+00
 0.136920E+01   0.125281E+01   0.100841E+00   0.253644E+00   0.254990E+00
 0.138137E+01   0.125268E+01   0.100802E+00   0.253620E+00   0.254990E+00
 0.139360E+01   0.125255E+01   0.100763E+00   0.253595E+00   0.254990E+00
 0.140589E+01   0.125242E+01   0.100723E+00   0.253571E+00   0.254990E+00
 0.141825E+01   0.125228E+01   0.100682E+00   0.253545E+00   0.254990E+00
 0.143067E+01   0.125215E+01   0.100641E+00   0.253520E+00   0.254990E+00
 0.144315E+01   0.125201E+01   0.100600E+00   0.253494E+00   0.254990E+00
 0.145570E+01   0.125187E+01   0.100558E+00   0.253468E+00   0.254990E+00
 0.146832E+01   0.125173E+01   0.100515E+00   0.253441E+00   0.254990E+00
 0.148100E+01   0.125158E+01   0.100472E+00   0.253414E+00   0.254990E+00
 0.149374E+01   0.125144E+01   0.100428E+00   0.253387E+00   0.254990E+00
 0.150654E+01   0.125129E+01   0.100384E+00   0.253359E+00   0.254990E+00
 0.151941E+01   0.125114E+01   0.100339E+00   0.253331E+00   0.254990E+00
 0.153234E+01   0.125099E+01   0.100293E+00   0.253303E+00   0.254990E+00
 0.154534E+01   0.125083E+01   0.100247E+00   0.253274E+00   0.254990E+00
 0.155841E+01   0.125068E+01   0.100200E+00   0.253244E+00   0.254990E+00
 0.157153E+01   0.125052E+01   0.100153E+00   0.253215E+00   0.254990E+00
 0.158472E+01   0.125036E+01   0.100105E+00   0.253185E+00   0.254990E+00
 0.159798E+01   0.125020E+01   0.100056E+00   0.253154E+00   0.254990E+00
 0.161130E+01   0.125003E+01   0.100007E+00   0.253123E+00   0.254990E+00
 0.162469E+01   0.124986E+01   0.999567E-01   0.253092E+00   0.254990E+00
 0.163813E+01   0.124970E+01   0.999061E-01   0.253060E+00   0.254990E+00
 0.165165E+01   0.124952E+01   0.998549E-01   0.253028E+00   0.254990E+00
 0.166523E+01   0.124935E+01   0.998029E-01   0.252996E+00   0.254990E+00
 0.167887E+01   0.124917E+01   0.997504E-01   0.252963E+00   0.254990E+00
 0.169258E+01   0.124900E+01   0.996971E-01   0.252929E+00   0.254990E+00
 0.170635E+01   0.124882E+01   0.996432E-01   0.252895E+00   0.254990E+00
 0.172019E+01   0.124863E+01   0.995886E-01   0.252861E+00   0.254990E+00
 0.173409E+01   0.124845E+01   0.995333E-01   0.252826E+00   0.254990E+00
 0.174806E+01   0.124826E+01   0.994773E-01   0.252791E+00   0.254990E+00
 0.176209E+01   0.124807E+01   0.994206E-01   0.252755E+00   0.254990E+00
 0.177619E+01   0.124788E+01   0.993632E-01   0.252719E+00   0.254990E+00
 0.179036E+01   0.124768E+01   0.993050E-01   0.252683E+00   0.254990E+00
 0.180459E+01   0.124748E+01   0.992462E-01   0.252646E+00   0.254990E+00
 0.181888E+01   0.124728E+01   0.991866E-01   0.252608E+00   0.254990E+00
 0.183324E+01   0.124708E+01   0.991263E-01   0.252570E+00   0.254990E+00
 0.184767E+01   0.124688E+01   0.990653E-01   0.252532E+00   0.254990E+00
 0.186216E+01   0.124667E+01   0.990035E-01   0.252493E+00   0.254990E+00
 0.187672E+01   0.124646E+01   0.989410E-01   0.252453E+00   0.254990E+00
 0.189134E+01   0.124625E+01   0.988777E-01   0.252413E+00   0.254990E+00
 0.190603E+01   0.124603E+01   0.988137E-01   0.252373E+00   0.254990E+00
 0.192078E+01   0.124581E+01   0.987489E-01   0.252332E+00   0.254990E+00
 0.193560E+01   0.124559E+01   0.986833E-01   0.252290E+00   0.254990E+00
 0.195049E+01   0.124537E+01   0.986169E-01   0.252248E+00   0.254990E+00
 0.196544E+01   0.124514E+01   0.985498E-01   0.252206E+00   0.254990E+00
 0.198046E+01   0.124491E+01   0.984818E-01   0.252163E+00   0.254990E+00
 0.199554E+01   0.124468E+01   0.984131E-01   0.252119E+00   0.254990E+00
 0.201069E+01   0.124444E+01   0.983435E-01   0.252075E+00   0.254990E+00
 0.202590E+01   0.124421E+01   0.982732E-01   0.252031E+00   0.254990E+00
 0.204119E+01   0.124397E+01   0.982020E-01   0.251986E+00   0.254990E+00
 0.205654E+01   0.124372E+01   0.981300E-01   0.251940E+00   0.254990E+00
 0.207195E+01   0.124348E+01   0.980571E-01   0.251894E+00   0.254990E+00
 0.208743E+01   0.124323E+01   0.979835E-01   0.251847E+00   0.254990E+00
 0.210297E+01   0.124297E+01   0.979089E-01   0.251799E+00   0.254990E+00
 0.211859E+01   0.124272E+01   0.978336E-01   0.251751E+00   0.254990E+00
 0.213426E+01   0.124246E+01   0.977573E-01   0.251703E+00   0.254990E+00
 0.215001E+01   0.124220E+01   0.976802E-01   0.251654E+00   0.254990E+00
 0.216582E+01   0.124194E+01   0.976023E-01   0.251604E+00   0.254990E+00
 0.218170E+01   0.124167E+01   0.975234E-01   0.251554E+00   0.254990E+00
 0.219765E+01   0.124140E+01   0.974437E-01   0.251503E+00   0.254990E+00
 0.221365E+01   0.124112E+01   0.973631E-01   0.251451E+00   0.254990E+00
 0.222973E+01   0.124085E+01   0.972816E-01   0.251399E+00   0.254990E+00
 0.224587E+01   0.124057E+01   0.971992E-01   0.251347E+00   0.254990E+00
 0.226208E+01   0.124028E+01   0.971159E-01   0.251293E+00   0.254990E+00
 0.227836E+01   0.123999E+01   0.970317E-01   0.251240E+00   0.254990E+00
 0.229470E+01   0.123970E+01   0.969465E-01   0.251185E+00   0.254990E+00
 0.231110E+01   0.123941E+01   0.968604E-01   0.251130E+00   0.254990E+00
 0.232758E+01   0.123911E+01   0.967734E-01   0.251074E+00   0.254990E+00
 0.234412E+01   0.123881E+01   0.966855E-01   0.251018E+00   0.254990E+00
 0.236078E+01   0.123851E+01   0.965963E-01   0.250960E+00   0.254990E+00
 0.237745E+01   0.123820E+01   0.965064E-01   0.250903E+00   0.254990E+00
 0.239419E+01   0.123789E+01   0.964156E-01   0.250844E+00   0.254990E+00
 0.241100E+01   0.123758E+01   0.963238E-01   0.250785E+00   0.254990E+00
 0.242787E+01   0.123726E+01   0.962311E-01   0.250725E+00   0.254990E+00
 0.244481E+01   0.123694E+01   0.961374E-01   0.250665E+00   0.254990E+00
 0.246182E+01   0.123661E+01   0.960426E-01   0.250604E+00   0.254990E+00
 0.247889E+01   0.123629E+01   0.959469E-01   0.250542E+00   0.254990E+00
 0.249603E+01   0.123595E+01   0.958502E-01   0.250480E+00   0.254990E+00
 0.251324E+01   0.123562E+01   0.957525E-01   0.250417E+00   0.254990E+00
 0.253051E+01   0.123528E+01   0.956538E-01   0.250353E+00   0.254990E+00
 0.254785E+01   0.123494E+01   0.955540E-01   0.250288E+00   0.254990E+00
 0.256525E+01   0.123459E+01   0.954533E-01   0.250223E+00   0.254990E+00
 0.258272E+01   0.123424E+01   0.953515E-01   0.250157E+00   0.254990E+00
 0.260026E+01   0.123388E+01   0.952486E-01   0.250090E+00   0.254990E+00
 0.261787E+01   0.123352E+01   0.951447E-01   0.250023E+00   0.254990E+00
 0.263554E+01   0.123316E+01   0.950398E-01   0.249955E+00   0.254990E+00
 0.265328E+01   0.123280E+01   0.949338E-01   0.249886E+00   0.254990E+00
 0.267108E+01   0.123243E+01   0.948267E-01   0.249816E+00   0.254990E+00
 0.268895E+01   0.123205E+01   0.947186E-01   0.249746E+00   0.254990E+00
 0.270689E+01   0.123167E+01   0.946094E-01   0.249674E+00   0.254990E+00
 0.272490E+01   0.123129E+01   0.944991E-01   0.249602E+00   0.254990E+00
 0.274297E+01   0.123090E+01   0.943877E-01   0.249530E+00   0.254990E+00
 0.276110E+01   0.123051E+01   0.942753E-01   0.249456E+00   0.254990E+00
 0.277931E+01   0.123012E+01   0.941617E-01   0.249382E+00   0.254990E+00
 0.279757E+01   0.122972E+01   0.940470E-01   0.249307E+00   0.254990E+00
 0.281591E+01   0.122932E+01   0.939312E-01   0.249231E+00   0.254990E+00
 0.283431E+01   0.122891E+01   0.938143E-01   0.249154E+00   0.254990E+00
 0.285277E+01   0.122850E+01   0.936963E-01   0.249077E+00   0.254990E+00
 0.287131E+01   0.122808E+01   0.935771E-01   0.248999E+00   0.254990E+00
 0.288991E+01   0.122766E+01   0.934568E-01   0.248919E+00   0.254990E+00
 0.290857E+01   0.122724E+01   0.933354E-01   0.248839E+00   0.254990E+00
 0.292731E+01   0.122681E+01   0.932127E-01   0.248759E+00   0.254990E+00
 0.294610E+01   0.122638E+01   0.930890E-01   0.248677E+00   0.254990E+00
 0.296497E+01   0.122594E+01   0.929640E-01   0.248595E+00   0.254990E+00
 0.298389E+01   0.122550E+01   0.928380E-01   0.248511E+00   0.254990E+00
 0.300289E+01   0.122505E+01   0.927107E-01   0.248427E+00   0.254990E+00
 0.302195E+01   0.122460E+01   0.925822E-01   0.248342E+00   0.254990E+00
 0.304107E+01   0.122414E+01   0.924526E-01   0.248256E+00   0.254990E+00
 0.306026E+01   0.122368E+01   0.923218E-01   0.248169E+00   0.254990E+00
 0.307952E+01   0.122322E+01   0.921898E-01   0.248081E+00   0.254990E+00
 0.309885E+01   0.122275E+01   0.920565E-01   0.247993E+00   0.254990E+00
 0.311823E+01   0.122227E+01   0.919221E-01   0.247903E+00   0.254990E+00
 0.313769E+01   0.122180E+01   0.917864E-01   0.247813E+00   0.254990E+00
 0.315721E+01   0.122131E+01   0.916495E-01   0.247722E+00   0.254990E+00
 0.317679E+01   0.122082E+01   0.915114E-01   0.247629E+00   0.254990E+00
 0.319644E+01   0.122033E+01   0.913721E-01   0.247536E+00   0.254990E+00
 0.321616E+01   0.121983E+01   0.912315E-01   0.247442E+00   0.254990E+00
 0.323594E+01   0.121933E+01   0.910897E-01   0.247347E+00   0.254990E+00
 0.325578E+01   0.121882E+01   0.909466E-01   0.247251E+00   0.254990E+00
 0.327569E+01   0.121830E+01   0.908023E-01   0.247154E+00   0.254990E+00
 0.329567E+01   0.121779E+01   0.906567E-01   0.247056E+00   0.254990E+00
 0.330568E+01   0.121752E+01   0.905834E-01   0.247007E+00   0.254990E+00
 0.331571E+01   0.121726E+01   0.905098E-01   0.246957E+00   0.254990E+00
 0.332575E+01   0.121700E+01   0.904359E-01   0.246907E+00   0.254990E+00
 0.333581E+01   0.121673E+01   0.903617E-01   0.246857E+00   0.254990E+00
 0.334589E+01   0.121647E+01   0.902871E-01   0.246807E+00   0.254990E+00
 0.335598E+01   0.121620E+01   0.902122E-01   0.246757E+00   0.254990E+00
 0.336609E+01   0.121593E+01   0.901370E-01   0.246706E+00   0.254990E+00
 0.337622E+01   0.121566E+01   0.900615E-01   0.246655E+00   0.254990E+00
 0.338636E+01   0.121539E+01   0.899857E-01   0.246603E+00   0.254990E+00
 0.339652E+01   0.121512E+01   0.899096E-01   0.246552E+00   0.254990E+00
 0.340669E+01   0.121484E+01   0.898331E-01   0.246500E+00   0.254990E+00
 0.341688E+01   0.121457E+01   0.897563E-01   0.246448E+00   0.254990E+00
 0.342709E+01   0.121429E+01   0.896791E-01   0.246396E+00   0.254990E+00
 0.343731E+01   0.121401E+01   0.896017E-01   0.246343E+00   0.254990E+00
 0.344755E+01   0.121373E+01   0.895239E-01   0.246290E+00   0.254990E+00
 0.345780E+01   0.121345E+01   0.894458E-01   0.246237E+00   0.254990E+00
 0.346807E+01   0.121317E+01   0.893674E-01   0.246184E+00   0.254990E+00
 0.347836E+01   0.121289E+01   0.892886E-01   0.246130E+00   0.254990E+00
 0.348866E+01   0.121260E+01   0.892095E-01   0.246077E+00   0.254990E+00
 0.349898E+01   0.121231E+01   0.891301E-01   0.246022E+00   0.254990E+00
 0.350931E+01   0.121203E+01   0.890504E-01   0.245968E+00   0.254990E+00
 0.351997E+01   0.121173E+01   0.889679E-01   0.245912E+00   0.254990E+00
 0.353035E+01   0.121144E+01   0.888874E-01   0.245857E+00   0.254990E+00
 0.354074E+01   0.121115E+01   0.888066E-01   0.245802E+00   0.254990E+00
 0.355114E+01   0.121085E+01   0.887255E-01   0.245746E+00   0.254990E+00
 0.356157E+01   0.121056E+01   0.886440E-01   0.245691E+00   0.254990E+00
 0.357200E+01   0.121026E+01   0.885622E-01   0.245635E+00   0.254990E+00
 0.358246E+01   0.120997E+01   0.884800E-01   0.245578E+00   0.254990E+00
 0.359293E+01   0.120967E+01   0.883975E-01   0.245522E+00   0.254990E+00
 0.360342E+01   0.120937E+01   0.883147E-01   0.245465E+00   0.254990E+00
 0.361392E+01   0.120906E+01   0.882315E-01   0.245408E+00   0.254990E+00
 0.362444E+01   0.120876E+01   0.881481E-01   0.245351E+00   0.254990E+00
 0.363497E+01   0.120846E+01   0.880642E-01   0.245293E+00   0.254990E+00
 0.364552E+01   0.120815E+01   0.879801E-01   0.245235E+00   0.254990E+00
 0.365609E+01   0.120784E+01   0.878956E-01   0.245177E+00   0.254990E+00
 0.366667E+01   0.120753E+01   0.878107E-01   0.245118E+00   0.254990E+00
 0.367727E+01   0.120722E+01   0.877255E-01   0.245060E+00   0.254990E+00
 0.368788E+01   0.120691E+01   0.876400E-01   0.245001E+00   0.254990E+00
 0.369851E+01   0.120660E+01   0.875541E-01   0.244941E+00   0.254990E+00
 0.370916E+01   0.120628E+01   0.874679E-01   0.244882E+00   0.254990E+00
 0.371982E+01   0.120597E+01   0.873814E-01   0.244822E+00   0.254990E+00
 0.373050E+01   0.120565E+01   0.872945E-01   0.244762E+00   0.254990E+00
 0.374119E+01   0.120533E+01   0.872072E-01   0.244702E+00   0.254990E+00
 0.375190E+01   0.120501E+01   0.871196E-01   0.244641E+00   0.254990E+00
 0.376262E+01   0.120469E+01   0.870317E-01   0.244580E+00   0.254990E+00
 0.377336E+01   0.120437E+01   0.869434E-01   0.244519E+00   0.254990E+00
 0.378412E+01   0.120404E+01   0.868548E-01   0.244457E+00   0.254990E+00
 0.379489E+01   0.120372E+01   0.867658E-01   0.244395E+00   0.254990E+00
 0.380568E+01   0.120339E+01   0.866765E-01   0.244333E+00   0.254990E+00
 0.381648E+01   0.120306E+01   0.865869E-01   0.244271E+00   0.254990E+00
 0.382730E+01   0.120273E+01   0.864969E-01   0.244208E+00   0.254990E+00
 0.383814E+01   0.120239E+01   0.864065E-01   0.244145E+00   0.254990E+00
 0.384899E+01   0.120206E+01   0.863158E-01   0.244082E+00   0.254990E+00
 0.385985E+01   0.120173E+01   0.862248E-01   0.244018E+00   0.254990E+00
 0.387073E+01   0.120139E+01   0.861334E-01   0.243955E+00   0.254990E+00
 0.388163E+01   0.120105E+01   0.860416E-01   0.243890E+00   0.254990E+00
 0.389255E+01   0.120071E+01   0.859495E-01   0.243826E+00   0.254990E+00
 0.390348E+01   0.120037E+01   0.858570E-01   0.243761E+00   0.254990E+00
 0.391442E+01   0.120002E+01   0.857642E-01   0.243696E+00   0.254990E+00
 0.392538E+01   0.119968E+01   0.856711E-01   0.243631E+00   0.254990E+00
 0.393636E+01   0.119933E+01   0.855776E-01   0.243565E+00   0.254990E+00
 0.394735E+01   0.119899E+01   0.854837E-01   0.243499E+00   0.254990E+00
 0.395835E+01   0.119864E+01   0.853895E-01   0.243433E+00   0.254990E+00
 0.396938E+01   0.119828E+01   0.852949E-01   0.243366E+00   0.254990E+00
 0.398041E+01   0.119793E+01   0.852000E-01   0.243300E+00   0.254990E+00
 0.399147E+01   0.119758E+01   0.851047E-01   0.243232E+00   0.254990E+00
 0.400253E+01   0.119722E+01   0.850091E-01   0.243165E+00   0.254990E+00
 0.401362E+01   0.119686E+01   0.849131E-01   0.243097E+00   0.254990E+00
 0.402472E+01   0.119651E+01   0.848167E-01   0.243029E+00   0.254990E+00
 0.403584E+01   0.119615E+01   0.847200E-01   0.242961E+00   0.254990E+00
 0.404697E+01   0.119578E+01   0.846229E-01   0.242892E+00   0.254990E+00
 0.405811E+01   0.119542E+01   0.845255E-01   0.242823E+00   0.254990E+00
 0.406927E+01   0.119505E+01   0.844277E-01   0.242754E+00   0.254990E+00
 0.408045E+01   0.119469E+01   0.843296E-01   0.242684E+00   0.254990E+00
 0.409164E+01   0.119432E+01   0.842311E-01   0.242614E+00   0.254990E+00
 0.410285E+01   0.119395E+01   0.841323E-01   0.242544E+00   0.254990E+00
 0.411407E+01   0.119358E+01   0.840330E-01   0.242473E+00   0.254990E+00
 0.412531E+01   0.119320E+01   0.839335E-01   0.242402E+00   0.254990E+00
 0.413656E+01   0.119283E+01   0.838335E-01   0.242331E+00   0.254990E+00
 0.414783E+01   0.119245E+01   0.837332E-01   0.242259E+00   0.254990E+00
 0.415911E+01   0.119207E+01   0.836326E-01   0.242188E+00   0.254990E+00
 0.417041E+01   0.119169E+01   0.835316E-01   0.242115E+00   0.254990E+00
 0.418173E+01   0.119131E+01   0.834302E-01   0.242043E+00   0.254990E+00
 0.419306E+01   0.119093E+01   0.833284E-01   0.241970E+00   0.254990E+00
 0.420440E+01   0.119054E+01   0.832263E-01   0.241897E+00   0.254990E+00
 0.421576E+01   0.119015E+01   0.831239E-01   0.241823E+00   0.254990E+00
 0.422714E+01   0.118976E+01   0.830210E-01   0.241749E+00   0.254990E+00
 0.423852E+01   0.118937E+01   0.829179E-01   0.241675E+00   0.254990E+00
 0.424993E+01   0.118898E+01   0.828143E-01   0.241601E+00   0.254990E+00
 0.426135E+01   0.118859E+01   0.827104E-01   0.241526E+00   0.254990E+00
 0.427278E+01   0.118819E+01   0.826061E-01   0.241451E+00   0.254990E+00
 0.428423E+01   0.118780E+01   0.825015E-01   0.241375E+00   0.254990E+00
 0.429570E+01   0.118740E+01   0.823965E-01   0.241300E+00   0.254990E+00
 0.430717E+01   0.118700E+01   0.822911E-01   0.241223E+00   0.254990E+00
 0.431867E+01   0.118659E+01   0.821854E-01   0.241147E+00   0.254990E+00
 0.433018E+01   0.118619E+01   0.820793E-01   0.241070E+00   0.254990E+00
 0.434170E+01   0.118578E+01   0.819728E-01   0.240993E+00   0.254990E+00
 0.435329E+01   0.118537E+01   0.818655E-01   0.240915E+00   0.254990E+00
 0.436486E+01   0.118496E+01   0.817582E-01   0.240837E+00   0.254990E+00
 0.437645E+01   0.118455E+01   0.816504E-01   0.240759E+00   0.254990E+00
 0.438805E+01   0.118414E+01   0.815423E-01   0.240680E+00   0.254990E+00
 0.439967E+01   0.118372E+01   0.814339E-01   0.240601E+00   0.254990E+00
 0.441130E+01   0.118330E+01   0.813250E-01   0.240522E+00   0.254990E+00
 0.442295E+01   0.118289E+01   0.812158E-01   0.240442E+00   0.254990E+00
 0.443462E+01   0.118246E+01   0.811062E-01   0.240362E+00   0.254990E+00
 0.444629E+01   0.118204E+01   0.809962E-01   0.240281E+00   0.254990E+00
 0.445799E+01   0.118162E+01   0.808859E-01   0.240201E+00   0.254990E+00
 0.446969E+01   0.118119E+01   0.807752E-01   0.240120E+00   0.254990E+00
 0.448141E+01   0.118076E+01   0.806641E-01   0.240038E+00   0.254990E+00
 0.449315E+01   0.118033E+01   0.805527E-01   0.239956E+00   0.254990E+00
 0.450490E+01   0.117990E+01   0.804409E-01   0.239874E+00   0.254990E+00
 0.451667E+01   0.117947E+01   0.803287E-01   0.239792E+00   0.254990E+00
 0.452845E+01   0.117903E+01   0.802162E-01   0.239709E+00   0.254990E+00
 0.454024E+01   0.117859E+01   0.801033E-01   0.239625E+00   0.254990E+00
 0.455205E+01   0.117815E+01   0.799900E-01   0.239542E+00   0.254990E+00
 0.456388E+01   0.117771E+01   0.798763E-01   0.239458E+00   0.254990E+00
 0.457572E+01   0.117727E+01   0.797623E-01   0.239373E+00   0.254990E+00
 0.458757E+01   0.117683E+01   0.796479E-01   0.239289E+00   0.254990E+00
 0.459943E+01   0.117638E+01   0.795332E-01   0.239204E+00   0.254990E+00
 0.461132E+01   0.117593E+01   0.794180E-01   0.239118E+00   0.254990E+00
 0.462321E+01   0.117548E+01   0.793025E-01   0.239032E+00   0.254990E+00
 0.463512E+01   0.117503E+01   0.791866E-01   0.238946E+00   0.254990E+00
 0.464705E+01   0.117457E+01   0.790704E-01   0.238860E+00   0.254990E+00
 0.465899E+01   0.117412E+01   0.789538E-01   0.238773E+00   0.254990E+00
 0.467094E+01   0.117366E+01   0.788368E-01   0.238685E+00   0.254990E+00
 0.468291E+01   0.117320E+01   0.787194E-01   0.238598E+00   0.254990E+00
 0.469489E+01   0.117274E+01   0.786017E-01   0.238510E+00   0.254990E+00
 0.470689E+01   0.117227E+01   0.784836E-01   0.238421E+00   0.254990E+00
 0.471890E+01   0.117181E+01   0.783651E-01   0.238332E+00   0.254990E+00
 0.473092E+01   0.117134E+01   0.782463E-01   0.238243E+00   0.254990E+00
 0.474296E+01   0.117087E+01   0.781271E-01   0.238154E+00   0.254990E+00
 0.475501E+01   0.117040E+01   0.780075E-01   0.238064E+00   0.254990E+00
 0.476708E+01   0.116992E+01   0.778876E-01   0.237973E+00   0.254990E+00
 0.477916E+01   0.116945E+01   0.777672E-01   0.237883E+00   0.254990E+00
 0.479126E+01   0.116897E+01   0.776465E-01   0.237791E+00   0.254990E+00
 0.480337E+01   0.116849E+01   0.775255E-01   0.237700E+00   0.254990E+00
 0.481549E+01   0.116801E+01   0.774040E-01   0.237608E+00   0.254990E+00
 0.482763E+01   0.116753E+01   0.772822E-01   0.237516E+00   0.254990E+00
 0.483978E+01   0.116704E+01   0.771600E-01   0.237423E+00   0.254990E+00
 0.485194E+01   0.116655E+01   0.770375E-01   0.237330E+00   0.254990E+00
 0.486412E+01   0.116606E+01   0.769146E-01   0.237237E+00   0.254990E+00
 0.487632E+01   0.116557E+01   0.767913E-01   0.237143E+00   0.254990E+00
 0.488852E+01   0.116508E+01   0.766676E-01   0.237048E+00   0.254990E+00
 0.490074E+01   0.116458E+01   0.765436E-01   0.236954E+00   0.254990E+00
 0.491298E+01   0.116408E+01   0.764192E-01   0.236859E+00   0.254990E+00
 0.492523E+01   0.116358E+01   0.762944E-01   0.236763E+00   0.254990E+00
 0.493749E+01   0.116308E+01   0.761693E-01   0.236667E+00   0.254990E+00
 0.494976E+01   0.116258E+01   0.760438E-01   0.236571E+00   0.254990E+00
 0.496205E+01   0.116207E+01   0.759179E-01   0.236475E+00   0.254990E+00
 0.497436E+01   0.116156E+01   0.757916E-01   0.236377E+00   0.254990E+00
 0.498667E+01   0.116105E+01   0.756650E-01   0.236280E+00   0.254990E+00
 0.499900E+01   0.116054E+01   0.755381E-01   0.236182E+00   0.254990E+00
 0.501135E+01   0.116003E+01   0.754107E-01   0.236084E+00   0.254990E+00
 0.502370E+01   0.115951E+01   0.752830E-01   0.235985E+00   0.254990E+00
 0.503658E+01   0.115897E+01   0.751496E-01   0.235882E+00   0.254990E+00
 0.504900E+01   0.115845E+01   0.750208E-01   0.235782E+00   0.254990E+00
 0.506144E+01   0.115792E+01   0.748916E-01   0.235682E+00   0.254990E+00
 0.507389E+01   0.115740E+01   0.747619E-01   0.235581E+00   0.254990E+00
 0.508635E+01   0.115687E+01   0.746320E-01   0.235480E+00   0.254990E+00
 0.509882E+01   0.115634E+01   0.745016E-01   0.235379E+00   0.254990E+00
 0.511132E+01   0.115580E+01   0.743709E-01   0.235277E+00   0.254990E+00
 0.512382E+01   0.115527E+01   0.742398E-01   0.235174E+00   0.254990E+00
 0.513633E+01   0.115473E+01   0.741084E-01   0.235072E+00   0.254990E+00
 0.514886E+01   0.115419E+01   0.739766E-01   0.234968E+00   0.254990E+00
 0.516141E+01   0.115365E+01   0.738444E-01   0.234865E+00   0.254990E+00
 0.517396E+01   0.115311E+01   0.737118E-01   0.234761E+00   0.254990E+00
 0.518653E+01   0.115256E+01   0.735789E-01   0.234656E+00   0.254990E+00
 0.519911E+01   0.115201E+01   0.734456E-01   0.234551E+00   0.254990E+00
 0.521171E+01   0.115146E+01   0.733119E-01   0.234446E+00   0.254990E+00
 0.522432E+01   0.115091E+01   0.731779E-01   0.234340E+00   0.254990E+00
 0.523694E+01   0.115035E+01   0.730435E-01   0.234234E+00   0.254990E+00
 0.524958E+01   0.114980E+01   0.729087E-01   0.234127E+00   0.254990E+00
 0.526223E+01   0.114924E+01   0.727736E-01   0.234020E+00   0.254990E+00
 0.527489E+01   0.114868E+01   0.726381E-01   0.233912E+00   0.254990E+00
 0.528756E+01   0.114811E+01   0.725023E-01   0.233804E+00   0.254990E+00
 0.530025E+01   0.114755E+01   0.723661E-01   0.233696E+00   0.254990E+00
 0.531294E+01   0.114698E+01   0.722295E-01   0.233587E+00   0.254990E+00
 0.532566E+01   0.114641E+01   0.720926E-01   0.233478E+00   0.254990E+00
 0.533838E+01   0.114583E+01   0.719553E-01   0.233368E+00   0.254990E+00
 0.535112E+01   0.114526E+01   0.718176E-01   0.233258E+00   0.254990E+00
 0.536387E+01   0.114468E+01   0.716796E-01   0.233147E+00   0.254990E+00
 0.537663E+01   0.114410E+01   0.715413E-01   0.233036E+00   0.254990E+00
 0.538940E+01   0.114352E+01   0.714025E-01   0.232924E+00   0.254990E+00
 0.540219E+01   0.114294E+01   0.712634E-01   0.232812E+00   0.254990E+00
 0.541499E+01   0.114235E+01   0.711240E-01   0.232700E+00   0.254990E+00
 0.542781E+01   0.114176E+01   0.709841E-01   0.232587E+00   0.254990E+00
 0.544063E+01   0.114117E+01   0.708440E-01   0.232473E+00   0.254990E+00
 0.545347E+01   0.114057E+01   0.707035E-01   0.232359E+00   0.254990E+00
 0.546632E+01   0.113998E+01   0.705626E-01   0.232245E+00   0.254990E+00
 0.547918E+01   0.113938E+01   0.704213E-01   0.232130E+00   0.254990E+00
 0.549205E+01   0.113878E+01   0.702798E-01   0.232015E+00   0.254990E+00
 0.550494E+01   0.113818E+01   0.701378E-01   0.231899E+00   0.254990E+00
 0.551784E+01   0.113757E+01   0.699955E-01   0.231783E+00   0.254990E+00
 0.553074E+01   0.113696E+01   0.698529E-01   0.231666E+00   0.254990E+00
 0.554367E+01   0.113635E+01   0.697099E-01   0.231549E+00   0.254990E+00
 0.555660E+01   0.113574E+01   0.695666E-01   0.231432E+00   0.254990E+00
 0.556955E+01   0.113513E+01   0.694229E-01   0.231314E+00   0.254990E+00
 0.558250E+01   0.113451E+01   0.692788E-01   0.231195E+00   0.254990E+00
 0.559548E+01   0.113389E+01   0.691344E-01   0.231076E+00   0.254990E+00
 0.560846E+01   0.113327E+01   0.689896E-01   0.230956E+00   0.254990E+00
 0.562139E+01   0.113264E+01   0.688452E-01   0.230837E+00   0.254990E+00
 0.563446E+01   0.113201E+01   0.686991E-01   0.230716E+00   0.254990E+00
 0.564755E+01   0.113138E+01   0.685525E-01   0.230594E+00   0.254990E+00
 0.566064E+01   0.113075E+01   0.684056E-01   0.230472E+00   0.254990E+00
 0.567375E+01   0.113011E+01   0.682584E-01   0.230350E+00   0.254990E+00
 0.568687E+01   0.112947E+01   0.681108E-01   0.230227E+00   0.254990E+00
 0.570000E+01   0.112883E+01   0.679629E-01   0.230103E+00   0.254990E+00
 0.571315E+01   0.112818E+01   0.678146E-01   0.229979E+00   0.254990E+00
 0.572630E+01   0.112753E+01   0.676660E-01   0.229855E+00   0.254990E+00
 0.573947E+01   0.112688E+01   0.675170E-01   0.229729E+00   0.254990E+00
 0.575264E+01   0.112623E+01   0.673677E-01   0.229604E+00   0.254990E+00
 0.576583E+01   0.112557E+01   0.672181E-01   0.229478E+00   0.254990E+00
 0.577903E+01   0.112492E+01   0.670681E-01   0.229351E+00   0.254990E+00
 0.579224E+01   0.112426E+01   0.669178E-01   0.229224E+00   0.254990E+00
 0.580546E+01   0.112359E+01   0.667671E-01   0.229097E+00   0.254990E+00
 0.581870E+01   0.112293E+01   0.666162E-01   0.228969E+00   0.254990E+00
 0.583194E+01   0.112226E+01   0.664648E-01   0.228840E+00   0.254990E+00
 0.584519E+01   0.112159E+01   0.663132E-01   0.228711E+00   0.254990E+00
 0.585846E+01   0.112092E+01   0.661612E-01   0.228581E+00   0.254990E+00
 0.587174E+01   0.112024E+01   0.660089E-01   0.228451E+00   0.254990E+00
 0.588502E+01   0.111956E+01   0.658562E-01   0.228321E+00   0.254990E+00
 0.589832E+01   0.111888E+01   0.657032E-01   0.228190E+00   0.254990E+00
 0.591163E+01   0.111820E+01   0.655499E-01   0.228058E+00   0.254990E+00
 0.592495E+01   0.111751E+01   0.653963E-01   0.227926E+00   0.254990E+00
 0.593828E+01   0.111682E+01   0.652424E-01   0.227793E+00   0.254990E+00
 0.595162E+01   0.111613E+01   0.650881E-01   0.227660E+00   0.254990E+00
 0.596497E+01   0.111544E+01   0.649334E-01   0.227526E+00   0.254990E+00
 0.597833E+01   0.111474E+01   0.647785E-01   0.227392E+00   0.254990E+00
 0.599170E+01   0.111404E+01   0.646233E-01   0.227257E+00   0.254990E+00
 0.600508E+01   0.111334E+01   0.644677E-01   0.227122E+00   0.254990E+00
 0.601847E+01   0.111264E+01   0.643118E-01   0.226986E+00   0.254990E+00
 0.603188E+01   0.111193E+01   0.641556E-01   0.226850E+00   0.254990E+00
 0.604529E+01   0.111122E+01   0.639991E-01   0.226713E+00   0.254990E+00
 0.605871E+01   0.111051E+01   0.638422E-01   0.226575E+00   0.254990E+00
 0.607214E+01   0.110979E+01   0.636851E-01   0.226437E+00   0.254990E+00
 0.608558E+01   0.110908E+01   0.635276E-01   0.226299E+00   0.254990E+00
 0.609904E+01   0.110836E+01   0.633698E-01   0.226160E+00   0.254990E+00
 0.611250E+01   0.110763E+01   0.632117E-01   0.226020E+00   0.254990E+00
 0.612597E+01   0.110691E+01   0.630533E-01   0.225880E+00   0.254990E+00
 0.613988E+01   0.110615E+01   0.628895E-01   0.225735E+00   0.254990E+00
 0.615348E+01   0.110542E+01   0.627293E-01   0.225592E+00   0.254990E+00
 0.616709E+01   0.110468E+01   0.625687E-01   0.225450E+00   0.254990E+00
 0.618071E+01   0.110393E+01   0.624078E-01   0.225306E+00   0.254990E+00
 0.619433E+01   0.110319E+01   0.622466E-01   0.225162E+00   0.254990E+00
 0.620797E+01   0.110244E+01   0.620852E-01   0.225017E+00   0.254990E+00
 0.622161E+01   0.110169E+01   0.619234E-01   0.224872E+00   0.254990E+00
 0.623526E+01   0.110094E+01   0.617613E-01   0.224727E+00   0.254990E+00
 0.624893E+01   0.110018E+01   0.615989E-01   0.224580E+00   0.254990E+00
 0.626260E+01   0.109942E+01   0.614362E-01   0.224433E+00   0.254990E+00
 0.627628E+01   0.109866E+01   0.612733E-01   0.224286E+00   0.254990E+00
 0.628997E+01   0.109789E+01   0.611100E-01   0.224138E+00   0.254990E+00
 0.630367E+01   0.109712E+01   0.609465E-01   0.223990E+00   0.254990E+00
 0.631737E+01   0.109635E+01   0.607827E-01   0.223840E+00   0.254990E+00
 0.633108E+01   0.109558E+01   0.606186E-01   0.223691E+00   0.254990E+00
 0.634481E+01   0.109480E+01   0.604542E-01   0.223540E+00   0.254990E+00
 0.635854E+01   0.109402E+01   0.602895E-01   0.223390E+00   0.254990E+00
 0.637228E+01   0.109324E+01   0.601245E-01   0.223238E+00   0.254990E+00
 0.638603E+01   0.109246E+01   0.599593E-01   0.223086E+00   0.254990E+00
 0.639979E+01   0.109167E+01   0.597937E-01   0.222934E+00   0.254990E+00
 0.641355E+01   0.109088E+01   0.596279E-01   0.222780E+00   0.254990E+00
 0.642732E+01   0.109008E+01   0.594619E-01   0.222627E+00   0.254990E+00
 0.644110E+01   0.108929E+01   0.592956E-01   0.222472E+00   0.254990E+00
 0.645489E+01   0.108849E+01   0.591290E-01   0.222318E+00   0.254990E+00
 0.646869E+01   0.108768E+01   0.589621E-01   0.222162E+00   0.254990E+00
 0.648249E+01   0.108688E+01   0.587950E-01   0.222006E+00   0.254990E+00
 0.649630E+01   0.108607E+01   0.586276E-01   0.221849E+00   0.254990E+00
 0.651012E+01   0.108526E+01   0.584599E-01   0.221692E+00   0.254990E+00
 0.652395E+01   0.108444E+01   0.582920E-01   0.221534E+00   0.254990E+00
 0.653778E+01   0.108363E+01   0.581239E-01   0.221376E+00   0.254990E+00
 0.655162E+01   0.108280E+01   0.579554E-01   0.221216E+00   0.254990E+00
 0.656547E+01   0.108198E+01   0.577867E-01   0.221057E+00   0.254990E+00
 0.657933E+01   0.108116E+01   0.576178E-01   0.220896E+00   0.254990E+00
 0.659209E+01   0.108039E+01   0.574621E-01   0.220748E+00   0.254990E+00
 0.660611E+01   0.107955E+01   0.572908E-01   0.220585E+00   0.254990E+00
 0.662015E+01   0.107871E+01   0.571192E-01   0.220421E+00   0.254990E+00
 0.663419E+01   0.107786E+01   0.569473E-01   0.220257E+00   0.254990E+00
 0.664824E+01   0.107701E+01   0.567752E-01   0.220092E+00   0.254990E+00
 0.666229E+01   0.107615E+01   0.566029E-01   0.219926E+00   0.254990E+00
 0.667635E+01   0.107530E+01   0.564303E-01   0.219759E+00   0.254990E+00
 0.669042E+01   0.107444E+01   0.562576E-01   0.219592E+00   0.254990E+00
 0.670449E+01   0.107357E+01   0.560846E-01   0.219425E+00   0.254990E+00
 0.671857E+01   0.107271E+01   0.559113E-01   0.219256E+00   0.254990E+00
 0.673265E+01   0.107184E+01   0.557379E-01   0.219088E+00   0.254990E+00
 0.674674E+01   0.107097E+01   0.555642E-01   0.218918E+00   0.254990E+00
 0.676083E+01   0.107009E+01   0.553903E-01   0.218748E+00   0.254990E+00
 0.677493E+01   0.106921E+01   0.552162E-01   0.218577E+00   0.254990E+00
 0.678904E+01   0.106833E+01   0.550419E-01   0.218406E+00   0.254990E+00
 0.680315E+01   0.106744E+01   0.548673E-01   0.218234E+00   0.254990E+00
 0.681726E+01   0.106656E+01   0.546926E-01   0.218061E+00   0.254990E+00
 0.683138E+01   0.106567E+01   0.545177E-01   0.217888E+00   0.254990E+00
 0.684550E+01   0.106477E+01   0.543425E-01   0.217714E+00   0.254990E+00
 0.685963E+01   0.106387E+01   0.541672E-01   0.217539E+00   0.254990E+00
 0.687376E+01   0.106297E+01   0.539917E-01   0.217364E+00   0.254990E+00
 0.688790E+01   0.106207E+01   0.538160E-01   0.217188E+00   0.254990E+00
 0.690204E+01   0.106116E+01   0.536400E-01   0.217012E+00   0.254990E+00
 0.691618E+01   0.106025E+01   0.534639E-01   0.216835E+00   0.254990E+00
 0.693033E+01   0.105934E+01   0.532876E-01   0.216657E+00   0.254990E+00
 0.694448E+01   0.105842E+01   0.531112E-01   0.216478E+00   0.254990E+00
 0.695864E+01   0.105751E+01   0.529346E-01   0.216299E+00   0.254990E+00
 0.697280E+01   0.105658E+01   0.527577E-01   0.216120E+00   0.254990E+00
 0.699622E+01   0.105505E+01   0.524649E-01   0.215821E+00   0.254990E+00
 0.701038E+01   0.105412E+01   0.522878E-01   0.215640E+00   0.254990E+00
 0.702452E+01   0.105319E+01   0.521108E-01   0.215458E+00   0.254990E+00
 0.703864E+01   0.105225E+01   0.519339E-01   0.215276E+00   0.254990E+00
 0.705273E+01   0.105132E+01   0.517572E-01   0.215093E+00   0.254990E+00
 0.706681E+01   0.105038E+01   0.515805E-01   0.214911E+00   0.254990E+00
 0.708087E+01   0.104944E+01   0.514041E-01   0.214728E+00   0.254990E+00
 0.709490E+01   0.104850E+01   0.512277E-01   0.214544E+00   0.254990E+00
 0.710892E+01   0.104756E+01   0.510515E-01   0.214360E+00   0.254990E+00
 0.712292E+01   0.104662E+01   0.508754E-01   0.214176E+00   0.254990E+00
 0.713689E+01   0.104567E+01   0.506995E-01   0.213992E+00   0.254990E+00
 0.715085E+01   0.104472E+01   0.505237E-01   0.213807E+00   0.254990E+00
 0.716479E+01   0.104378E+01   0.503481E-01   0.213622E+00   0.254990E+00
 0.717871E+01   0.104282E+01   0.501726E-01   0.213436E+00   0.254990E+00
 0.719261E+01   0.104187E+01   0.499972E-01   0.213250E+00   0.254990E+00
 0.720649E+01   0.104092E+01   0.498220E-01   0.213064E+00   0.254990E+00
 0.722035E+01   0.103996E+01   0.496469E-01   0.212877E+00   0.254990E+00
 0.723419E+01   0.103901E+01   0.494720E-01   0.212690E+00   0.254990E+00
 0.724801E+01   0.103805E+01   0.492973E-01   0.212503E+00   0.254990E+00
 0.726181E+01   0.103709E+01   0.491226E-01   0.212315E+00   0.254990E+00
 0.727560E+01   0.103612E+01   0.489481E-01   0.212127E+00   0.254990E+00
 0.728936E+01   0.103516E+01   0.487738E-01   0.211938E+00   0.254990E+00
 0.730311E+01   0.103419E+01   0.485996E-01   0.211749E+00   0.254990E+00
 0.731684E+01   0.103323E+01   0.484255E-01   0.211560E+00   0.254990E+00
 0.733055E+01   0.103226E+01   0.482516E-01   0.211370E+00   0.254990E+00
 0.734424E+01   0.103128E+01   0.480779E-01   0.211180E+00   0.254990E+00
 0.735792E+01   0.103031E+01   0.479043E-01   0.210990E+00   0.254990E+00
 0.737169E+01   0.102933E+01   0.477293E-01   0.210798E+00   0.254990E+00
 0.738527E+01   0.102835E+01   0.475567E-01   0.210607E+00   0.254990E+00
 0.739884E+01   0.102738E+01   0.473843E-01   0.210416E+00   0.254990E+00
 0.741238E+01   0.102640E+01   0.472121E-01   0.210225E+00   0.254990E+00
 0.742590E+01   0.102543E+01   0.470401E-01   0.210034E+00   0.254990E+00
 0.743939E+01   0.102445E+01   0.468683E-01   0.209842E+00   0.254990E+00
 0.745287E+01   0.102347E+01   0.466967E-01   0.209650E+00   0.254990E+00
 0.746633E+01   0.102249E+01   0.465253E-01   0.209458E+00   0.254990E+00
 0.747976E+01   0.102150E+01   0.463541E-01   0.209265E+00   0.254990E+00
 0.749318E+01   0.102052E+01   0.461831E-01   0.209072E+00   0.254990E+00
 0.750657E+01   0.101953E+01   0.460122E-01   0.208878E+00   0.254990E+00
 0.751994E+01   0.101854E+01   0.458416E-01   0.208685E+00   0.254990E+00
 0.753330E+01   0.101755E+01   0.456712E-01   0.208490E+00   0.254990E+00
 0.754663E+01   0.101656E+01   0.455010E-01   0.208296E+00   0.254990E+00
 0.755995E+01   0.101557E+01   0.453310E-01   0.208101E+00   0.254990E+00
 0.757324E+01   0.101457E+01   0.451612E-01   0.207906E+00   0.254990E+00
 0.758651E+01   0.101357E+01   0.449916E-01   0.207710E+00   0.254990E+00
 0.759977E+01   0.101258E+01   0.448221E-01   0.207514E+00   0.254990E+00
 0.761300E+01   0.101158E+01   0.446529E-01   0.207318E+00   0.254990E+00
 0.762622E+01   0.101057E+01   0.444839E-01   0.207122E+00   0.254990E+00
 0.763942E+01   0.100957E+01   0.443151E-01   0.206925E+00   0.254990E+00
 0.765259E+01   0.100857E+01   0.441465E-01   0.206727E+00   0.254990E+00
 0.766575E+01   0.100756E+01   0.439781E-01   0.206529E+00   0.254990E+00
 0.767889E+01   0.100655E+01   0.438099E-01   0.206331E+00   0.254990E+00
 0.769201E+01   0.100554E+01   0.436419E-01   0.206133E+00   0.254990E+00
 0.771293E+01   0.100392E+01   0.433738E-01   0.205815E+00   0.254990E+00
 0.772602E+01   0.100291E+01   0.432062E-01   0.205616E+00   0.254990E+00
 0.773900E+01   0.100190E+01   0.430399E-01   0.205417E+00   0.254990E+00
 0.775196E+01   0.100088E+01   0.428738E-01   0.205218E+00   0.254990E+00
 0.776489E+01   0.999871E+00   0.427079E-01   0.205019E+00   0.254990E+00
 0.777781E+01   0.998856E+00   0.425423E-01   0.204819E+00   0.254990E+00
 0.779070E+01   0.997839E+00   0.423770E-01   0.204619E+00   0.254990E+00
 0.780358E+01   0.996821E+00   0.422119E-01   0.204419E+00   0.254990E+00
 0.781643E+01   0.995802E+00   0.420471E-01   0.204218E+00   0.254990E+00
 0.782926E+01   0.994781E+00   0.418825E-01   0.204017E+00   0.254990E+00
 0.784207E+01   0.993758E+00   0.417181E-01   0.203816E+00   0.254990E+00
 0.785486E+01   0.992734E+00   0.415540E-01   0.203614E+00   0.254990E+00
 0.786762E+01   0.991708E+00   0.413901E-01   0.203412E+00   0.254990E+00
 0.788037E+01   0.990681E+00   0.412265E-01   0.203210E+00   0.254990E+00
 0.789310E+01   0.989652E+00   0.410631E-01   0.203007E+00   0.254990E+00
 0.790581E+01   0.988622E+00   0.409000E-01   0.202805E+00   0.254990E+00
 0.791849E+01   0.987590E+00   0.407371E-01   0.202601E+00   0.254990E+00
 0.793116E+01   0.986556E+00   0.405745E-01   0.202398E+00   0.254990E+00
 0.794381E+01   0.985521E+00   0.404121E-01   0.202194E+00   0.254990E+00
 0.795644E+01   0.984484E+00   0.402499E-01   0.201989E+00   0.254990E+00
 0.796905E+01   0.983446E+00   0.400880E-01   0.201784E+00   0.254990E+00
 0.798164E+01   0.982406E+00   0.399264E-01   0.201579E+00   0.254990E+00
 0.799420E+01   0.981364E+00   0.397649E-01   0.201374E+00   0.254990E+00
 0.800676E+01   0.980320E+00   0.396038E-01   0.201168E+00   0.254990E+00
 0.802924E+01   0.978443E+00   0.393151E-01   0.200798E+00   0.254990E+00
 0.804165E+01   0.977403E+00   0.391557E-01   0.200593E+00   0.254990E+00
 0.805403E+01   0.976361E+00   0.389966E-01   0.200387E+00   0.254990E+00
 0.806640E+01   0.975318E+00   0.388379E-01   0.200181E+00   0.254990E+00
 0.807874E+01   0.974273E+00   0.386794E-01   0.199975E+00   0.254990E+00
 0.809106E+01   0.973227E+00   0.385212E-01   0.199768E+00   0.254990E+00
 0.810336E+01   0.972179E+00   0.383632E-01   0.199561E+00   0.254990E+00
 0.811564E+01   0.971130E+00   0.382056E-01   0.199354E+00   0.254990E+00
 0.812790E+01   0.970080E+00   0.380482E-01   0.199147E+00   0.254990E+00
 0.814013E+01   0.969028E+00   0.378912E-01   0.198939E+00   0.254990E+00
 0.815235E+01   0.967974E+00   0.377344E-01   0.198731E+00   0.254990E+00
 0.816454E+01   0.966920E+00   0.375779E-01   0.198522E+00   0.254990E+00
 0.817672E+01   0.965863E+00   0.374217E-01   0.198314E+00   0.254990E+00
 0.818887E+01   0.964806E+00   0.372657E-01   0.198105E+00   0.254990E+00
 0.820100E+01   0.963746E+00   0.371100E-01   0.197895E+00   0.254990E+00
 0.821311E+01   0.962685E+00   0.369547E-01   0.197685E+00   0.254990E+00
 0.822521E+01   0.961623E+00   0.367996E-01   0.197475E+00   0.254990E+00
 0.823728E+01   0.960559E+00   0.366447E-01   0.197265E+00   0.254990E+00
 0.824933E+01   0.959494E+00   0.364902E-01   0.197054E+00   0.254990E+00
 0.826136E+01   0.958427E+00   0.363360E-01   0.196843E+00   0.254990E+00
 0.827337E+01   0.957358E+00   0.361820E-01   0.196631E+00   0.254990E+00
 0.828537E+01   0.956288E+00   0.360282E-01   0.196420E+00   0.254990E+00
 0.829734E+01   0.955216E+00   0.358748E-01   0.196207E+00   0.254990E+00
 0.830930E+01   0.954142E+00   0.357216E-01   0.195995E+00   0.254990E+00
 0.832126E+01   0.953065E+00   0.355684E-01   0.195782E+00   0.254990E+00
 0.833307E+01   0.951998E+00   0.354172E-01   0.195570E+00   0.254990E+00
 0.834485E+01   0.950930E+00   0.352663E-01   0.195359E+00   0.254990E+00
 0.835662E+01   0.949860E+00   0.351157E-01   0.195147E+00   0.254990E+00
 0.836836E+01   0.948790E+00   0.349654E-01   0.194935E+00   0.254990E+00
 0.838008E+01   0.947718E+00   0.348155E-01   0.194722E+00   0.254990E+00
 0.839178E+01   0.946644E+00   0.346658E-01   0.194509E+00   0.254990E+00
 0.840346E+01   0.945569E+00   0.345165E-01   0.194296E+00   0.254990E+00
 0.841511E+01   0.944493E+00   0.343675E-01   0.194083E+00   0.254990E+00
 0.842675E+01   0.943415E+00   0.342187E-01   0.193869E+00   0.254990E+00
 0.843836E+01   0.942336E+00   0.340703E-01   0.193655E+00   0.254990E+00
 0.844996E+01   0.941256E+00   0.339222E-01   0.193441E+00   0.254990E+00
 0.846153E+01   0.940174E+00   0.337745E-01   0.193226E+00   0.254990E+00
 0.847308E+01   0.939091E+00   0.336270E-01   0.193011E+00   0.254990E+00
 0.848461E+01   0.938006E+00   0.334798E-01   0.192796E+00   0.254990E+00
 0.849612E+01   0.936920E+00   0.333330E-01   0.192581E+00   0.254990E+00
 0.850762E+01   0.935832E+00   0.331864E-01   0.192365E+00   0.254990E+00
 0.851909E+01   0.934743E+00   0.330401E-01   0.192148E+00   0.254990E+00
 0.853054E+01   0.933652E+00   0.328942E-01   0.191932E+00   0.254990E+00
 0.854197E+01   0.932560E+00   0.327485E-01   0.191715E+00   0.254990E+00
 0.855338E+01   0.931466E+00   0.326032E-01   0.191498E+00   0.254990E+00
 0.856478E+01   0.930371E+00   0.324581E-01   0.191280E+00   0.254990E+00
 0.857615E+01   0.929274E+00   0.323133E-01   0.191062E+00   0.254990E+00
 0.858774E+01   0.928152E+00   0.321659E-01   0.190839E+00   0.254990E+00
 0.859896E+01   0.927064E+00   0.320232E-01   0.190623E+00   0.254990E+00
 0.861015E+01   0.925975E+00   0.318810E-01   0.190406E+00   0.254990E+00
 0.862131E+01   0.924885E+00   0.317392E-01   0.190190E+00   0.254990E+00
 0.863245E+01   0.923794E+00   0.315977E-01   0.189973E+00   0.254990E+00
 0.864357E+01   0.922701E+00   0.314565E-01   0.189756E+00   0.254990E+00
 0.865467E+01   0.921607E+00   0.313156E-01   0.189538E+00   0.254990E+00
 0.866575E+01   0.920512E+00   0.311751E-01   0.189320E+00   0.254990E+00
 0.867680E+01   0.919416E+00   0.310349E-01   0.189102E+00   0.254990E+00
 0.868784E+01   0.918318E+00   0.308951E-01   0.188884E+00   0.254990E+00
 0.869885E+01   0.917219E+00   0.307556E-01   0.188665E+00   0.254990E+00
 0.870984E+01   0.916118E+00   0.306164E-01   0.188446E+00   0.254990E+00
 0.872082E+01   0.915017E+00   0.304775E-01   0.188227E+00   0.254990E+00
 0.873177E+01   0.913913E+00   0.303389E-01   0.188007E+00   0.254990E+00
 0.874270E+01   0.912809E+00   0.302007E-01   0.187787E+00   0.254990E+00
 0.875362E+01   0.911702E+00   0.300627E-01   0.187567E+00   0.254990E+00
 0.876451E+01   0.910595E+00   0.299252E-01   0.187346E+00   0.254990E+00
 0.877538E+01   0.909486E+00   0.297879E-01   0.187125E+00   0.254990E+00
 0.878624E+01   0.908376E+00   0.296509E-01   0.186904E+00   0.254990E+00
 0.879707E+01   0.907264E+00   0.295143E-01   0.186682E+00   0.254990E+00
 0.880789E+01   0.906150E+00   0.293779E-01   0.186460E+00   0.254990E+00
 0.881868E+01   0.905035E+00   0.292419E-01   0.186238E+00   0.254990E+00
 0.882946E+01   0.903918E+00   0.291062E-01   0.186016E+00   0.254990E+00
 0.884022E+01   0.902801E+00   0.289708E-01   0.185793E+00   0.254990E+00
 0.885097E+01   0.901680E+00   0.288357E-01   0.185569E+00   0.254990E+00
 0.886154E+01   0.900575E+00   0.287028E-01   0.185349E+00   0.254990E+00
 0.887208E+01   0.899469E+00   0.285703E-01   0.185128E+00   0.254990E+00
 0.888260E+01   0.898362E+00   0.284382E-01   0.184907E+00   0.254990E+00
 0.889311E+01   0.897253E+00   0.283064E-01   0.184686E+00   0.254990E+00
 0.890359E+01   0.896143E+00   0.281749E-01   0.184465E+00   0.254990E+00
 0.891405E+01   0.895032E+00   0.280438E-01   0.184243E+00   0.254990E+00
 0.892449E+01   0.893920E+00   0.279131E-01   0.184021E+00   0.254990E+00
 0.893491E+01   0.892806E+00   0.277826E-01   0.183799E+00   0.254990E+00
 0.894531E+01   0.891692E+00   0.276526E-01   0.183576E+00   0.254990E+00
 0.895569E+01   0.890575E+00   0.275228E-01   0.183353E+00   0.254990E+00
 0.896605E+01   0.889458E+00   0.273933E-01   0.183130E+00   0.254990E+00
 0.897639E+01   0.888339E+00   0.272642E-01   0.182906E+00   0.254990E+00
 0.898670E+01   0.887219E+00   0.271355E-01   0.182683E+00   0.254990E+00
 0.899700E+01   0.886097E+00   0.270070E-01   0.182458E+00   0.254990E+00
 0.900728E+01   0.884974E+00   0.268789E-01   0.182234E+00   0.254990E+00
 0.901754E+01   0.883850E+00   0.267511E-01   0.182009E+00   0.254990E+00
 0.902779E+01   0.882724E+00   0.266237E-01   0.181784E+00   0.254990E+00
 0.903801E+01   0.881597E+00   0.264965E-01   0.181559E+00   0.254990E+00
 0.904821E+01   0.880468E+00   0.263697E-01   0.181333E+00   0.254990E+00
 0.905840E+01   0.879338E+00   0.262432E-01   0.181107E+00   0.254990E+00
 0.907335E+01   0.877672E+00   0.260577E-01   0.180774E+00   0.254990E+00
 0.909326E+01   0.875442E+00   0.258109E-01   0.180328E+00   0.254990E+00
 0.911310E+01   0.873207E+00   0.255655E-01   0.179881E+00   0.254990E+00
 0.913284E+01   0.870968E+00   0.253215E-01   0.179432E+00   0.254990E+00
 0.915251E+01   0.868723E+00   0.250788E-01   0.178983E+00   0.254990E+00
 0.917210E+01   0.866474E+00   0.248375E-01   0.178533E+00   0.254990E+00
 0.919161E+01   0.864220E+00   0.245976E-01   0.178081E+00   0.254990E+00
 0.921104E+01   0.861960E+00   0.243589E-01   0.177628E+00   0.254990E+00
 0.923039E+01   0.859695E+00   0.241216E-01   0.177174E+00   0.254990E+00
 0.924967E+01   0.857425E+00   0.238856E-01   0.176719E+00   0.254990E+00
 0.926887E+01   0.855149E+00   0.236510E-01   0.176263E+00   0.254990E+00
 0.928800E+01   0.852868E+00   0.234176E-01   0.175805E+00   0.254990E+00
 0.930649E+01   0.850650E+00   0.231925E-01   0.175360E+00   0.254990E+00
 0.932508E+01   0.848405E+00   0.229664E-01   0.174909E+00   0.254990E+00
 0.934360E+01   0.846155E+00   0.227416E-01   0.174458E+00   0.254990E+00
 0.936204E+01   0.843900E+00   0.225182E-01   0.174005E+00   0.254990E+00
 0.938040E+01   0.841641E+00   0.222962E-01   0.173551E+00   0.254990E+00
 0.939869E+01   0.839377E+00   0.220754E-01   0.173096E+00   0.254990E+00
 0.941690E+01   0.837108E+00   0.218560E-01   0.172640E+00   0.254990E+00
 0.943503E+01   0.834834E+00   0.216379E-01   0.172183E+00   0.254990E+00
 0.945310E+01   0.832554E+00   0.214211E-01   0.171725E+00   0.254990E+00
 0.947109E+01   0.830269E+00   0.212056E-01   0.171265E+00   0.254990E+00
 0.948901E+01   0.827979E+00   0.209913E-01   0.170805E+00   0.254990E+00
 0.950632E+01   0.825753E+00   0.207847E-01   0.170357E+00   0.254990E+00
 0.952368E+01   0.823506E+00   0.205780E-01   0.169904E+00   0.254990E+00
 0.954096E+01   0.821255E+00   0.203725E-01   0.169451E+00   0.254990E+00
 0.955817E+01   0.818999E+00   0.201684E-01   0.168997E+00   0.254990E+00
 0.957531E+01   0.816739E+00   0.199655E-01   0.168542E+00   0.254990E+00
 0.959237E+01   0.814475E+00   0.197639E-01   0.168086E+00   0.254990E+00
 0.960936E+01   0.812205E+00   0.195637E-01   0.167628E+00   0.254990E+00
 0.962628E+01   0.809931E+00   0.193646E-01   0.167170E+00   0.254990E+00
 0.964313E+01   0.807652E+00   0.191669E-01   0.166710E+00   0.254990E+00
 0.965990E+01   0.805367E+00   0.189704E-01   0.166250E+00   0.254990E+00
 0.967661E+01   0.803077E+00   0.187751E-01   0.165788E+00   0.254990E+00
 0.969322E+01   0.800787E+00   0.185814E-01   0.165326E+00   0.254990E+00
 0.970935E+01   0.798548E+00   0.183937E-01   0.164874E+00   0.254990E+00
 0.972541E+01   0.796305E+00   0.182073E-01   0.164421E+00   0.254990E+00
 0.974140E+01   0.794058E+00   0.180221E-01   0.163968E+00   0.254990E+00
 0.975732E+01   0.791806E+00   0.178381E-01   0.163513E+00   0.254990E+00
 0.977317E+01   0.789550E+00   0.176554E-01   0.163057E+00   0.254990E+00
 0.978895E+01   0.787289E+00   0.174739E-01   0.162601E+00   0.254990E+00
 0.980466E+01   0.785024E+00   0.172936E-01   0.162143E+00   0.254990E+00
 0.982030E+01   0.782754E+00   0.171145E-01   0.161684E+00   0.254990E+00
 0.983587E+01   0.780479E+00   0.169366E-01   0.161224E+00   0.254990E+00
 0.985146E+01   0.778188E+00   0.167591E-01   0.160761E+00   0.254990E+00
 0.986646E+01   0.775969E+00   0.165886E-01   0.160312E+00   0.254990E+00
 0.988139E+01   0.773746E+00   0.164193E-01   0.159862E+00   0.254990E+00
 0.989625E+01   0.771519E+00   0.162512E-01   0.159412E+00   0.254990E+00
 0.991104E+01   0.769289E+00   0.160843E-01   0.158960E+00   0.254990E+00
 0.992577E+01   0.767054E+00   0.159185E-01   0.158508E+00   0.254990E+00
 0.994043E+01   0.764815E+00   0.157539E-01   0.158055E+00   0.254990E+00
 0.995502E+01   0.762572E+00   0.155905E-01   0.157600E+00   0.254990E+00
 0.996955E+01   0.760324E+00   0.154281E-01   0.157145E+00   0.254990E+00
 0.998402E+01   0.758071E+00   0.152670E-01   0.156689E+00   0.254990E+00
 0.999842E+01   0.755814E+00   0.151069E-01   0.156231E+00   0.254990E+00
 0.100128E+02   0.753552E+00   0.149480E-01   0.155773E+00   0.254990E+00
 0.100266E+02   0.751357E+00   0.147951E-01   0.155328E+00   0.254990E+00
 0.100404E+02   0.749158E+00   0.146433E-01   0.154882E+00   0.254990E+00
 0.100541E+02   0.746955E+00   0.144926E-01   0.154435E+00   0.254990E+00
 0.100677E+02   0.744749E+00   0.143431E-01   0.153988E+00   0.254990E+00
 0.100813E+02   0.742539E+00   0.141946E-01   0.153539E+00   0.254990E+00
 0.100948E+02   0.740325E+00   0.140472E-01   0.153090E+00   0.254990E+00
 0.101082E+02   0.738106E+00   0.139009E-01   0.152640E+00   0.254990E+00
 0.101216E+02   0.735884E+00   0.137556E-01   0.152189E+00   0.254990E+00
 0.101349E+02   0.733657E+00   0.136114E-01   0.151737E+00   0.254990E+00
 0.101482E+02   0.731426E+00   0.134683E-01   0.151283E+00   0.254990E+00
 0.101597E+02   0.729473E+00   0.133440E-01   0.150887E+00   0.254990E+00
 0.101725E+02   0.727304E+00   0.132073E-01   0.150446E+00   0.254990E+00
 0.101851E+02   0.725135E+00   0.130718E-01   0.150006E+00   0.254990E+00
 0.101977E+02   0.722963E+00   0.129373E-01   0.149564E+00   0.254990E+00
 0.102103E+02   0.720787E+00   0.128038E-01   0.149122E+00   0.254990E+00
 0.102227E+02   0.718608E+00   0.126713E-01   0.148679E+00   0.254990E+00
 0.102352E+02   0.716425E+00   0.125398E-01   0.148235E+00   0.254990E+00
 0.102475E+02   0.714238E+00   0.124093E-01   0.147790E+00   0.254990E+00
 0.102598E+02   0.712047E+00   0.122798E-01   0.147345E+00   0.254990E+00
 0.102721E+02   0.709852E+00   0.121513E-01   0.146898E+00   0.254990E+00
 0.102843E+02   0.707654E+00   0.120238E-01   0.146451E+00   0.254990E+00
 0.102964E+02   0.705451E+00   0.118972E-01   0.146002E+00   0.254990E+00
 0.103083E+02   0.703281E+00   0.117737E-01   0.145561E+00   0.254990E+00
 0.103199E+02   0.701148E+00   0.116534E-01   0.145126E+00   0.254990E+00
 0.103314E+02   0.699011E+00   0.115339E-01   0.144691E+00   0.254990E+00
 0.103429E+02   0.696871E+00   0.114155E-01   0.144256E+00   0.254990E+00
 0.103543E+02   0.694728E+00   0.112979E-01   0.143819E+00   0.254990E+00
 0.103657E+02   0.692581E+00   0.111813E-01   0.143382E+00   0.254990E+00
 0.103770E+02   0.690431E+00   0.110656E-01   0.142944E+00   0.254990E+00
 0.103883E+02   0.688276E+00   0.109508E-01   0.142505E+00   0.254990E+00
 0.103995E+02   0.686119E+00   0.108369E-01   0.142065E+00   0.254990E+00
 0.104106E+02   0.683957E+00   0.107238E-01   0.141624E+00   0.254990E+00
 0.104218E+02   0.681792E+00   0.106117E-01   0.141183E+00   0.254990E+00
 0.104345E+02   0.679285E+00   0.104832E-01   0.140671E+00   0.254990E+00
 0.104451E+02   0.677186E+00   0.103767E-01   0.140243E+00   0.254990E+00
 0.104557E+02   0.675084E+00   0.102711E-01   0.139815E+00   0.254990E+00
 0.104662E+02   0.672979E+00   0.101662E-01   0.139385E+00   0.254990E+00
 0.104767E+02   0.670871E+00   0.100623E-01   0.138955E+00   0.254990E+00
 0.104871E+02   0.668760E+00   0.995915E-02   0.138524E+00   0.254990E+00
 0.104974E+02   0.666645E+00   0.985684E-02   0.138093E+00   0.254990E+00
 0.105077E+02   0.664528E+00   0.975537E-02   0.137660E+00   0.254990E+00
 0.105180E+02   0.662406E+00   0.965470E-02   0.137227E+00   0.254990E+00
 0.105282E+02   0.660282E+00   0.955484E-02   0.136793E+00   0.254990E+00
 0.105384E+02   0.658153E+00   0.945577E-02   0.136359E+00   0.254990E+00
 0.105493E+02   0.655854E+00   0.934982E-02   0.135889E+00   0.254990E+00
 0.105638E+02   0.652771E+00   0.920949E-02   0.135259E+00   0.254990E+00
 0.105781E+02   0.649680E+00   0.907081E-02   0.134627E+00   0.254990E+00
 0.105924E+02   0.646584E+00   0.893384E-02   0.133995E+00   0.254990E+00
 0.106066E+02   0.643481E+00   0.879856E-02   0.133360E+00   0.254990E+00
 0.106207E+02   0.640372E+00   0.866495E-02   0.132724E+00   0.254990E+00
 0.106346E+02   0.637256E+00   0.853299E-02   0.132087E+00   0.254990E+00
 0.106485E+02   0.634133E+00   0.840266E-02   0.131448E+00   0.254990E+00
 0.106623E+02   0.631002E+00   0.827393E-02   0.130808E+00   0.254990E+00
 0.106761E+02   0.627828E+00   0.814531E-02   0.130158E+00   0.254990E+00
 0.106893E+02   0.624757E+00   0.802272E-02   0.129530E+00   0.254990E+00
 0.107024E+02   0.621681E+00   0.790167E-02   0.128900E+00   0.254990E+00
 0.107155E+02   0.618598E+00   0.778213E-02   0.128269E+00   0.254990E+00
 0.107284E+02   0.615510E+00   0.766409E-02   0.127636E+00   0.254990E+00
 0.107413E+02   0.612414E+00   0.754752E-02   0.127002E+00   0.254990E+00
 0.107540E+02   0.609312E+00   0.743240E-02   0.126367E+00   0.254990E+00
 0.107653E+02   0.606536E+00   0.733077E-02   0.125798E+00   0.254990E+00
 0.107772E+02   0.603586E+00   0.722425E-02   0.125193E+00   0.254990E+00
 0.107891E+02   0.600632E+00   0.711910E-02   0.124588E+00   0.254990E+00
 0.108008E+02   0.597675E+00   0.701530E-02   0.123982E+00   0.254990E+00
 0.108124E+02   0.594714E+00   0.691283E-02   0.123374E+00   0.254990E+00
 0.108240E+02   0.591748E+00   0.681170E-02   0.122766E+00   0.254990E+00
 0.108354E+02   0.588777E+00   0.671186E-02   0.122157E+00   0.254990E+00
 0.108468E+02   0.585802E+00   0.661331E-02   0.121546E+00   0.254990E+00
 0.108605E+02   0.582171E+00   0.649502E-02   0.120801E+00   0.254990E+00
 0.108729E+02   0.578855E+00   0.638878E-02   0.120121E+00   0.254990E+00
 0.108853E+02   0.575516E+00   0.628346E-02   0.119435E+00   0.254990E+00
 0.108976E+02   0.572161E+00   0.617927E-02   0.118746E+00   0.254990E+00
 0.109098E+02   0.568792E+00   0.607622E-02   0.118055E+00   0.254990E+00
 0.109220E+02   0.565412E+00   0.597430E-02   0.117361E+00   0.254990E+00
 0.109342E+02   0.562021E+00   0.587350E-02   0.116664E+00   0.254990E+00
 0.109446E+02   0.559098E+00   0.578773E-02   0.116063E+00   0.254990E+00
 0.109555E+02   0.555993E+00   0.569773E-02   0.115426E+00   0.254990E+00
 0.109687E+02   0.552219E+00   0.558985E-02   0.114650E+00   0.254990E+00
 0.109818E+02   0.548450E+00   0.548386E-02   0.113875E+00   0.254990E+00
 0.109948E+02   0.544686E+00   0.537976E-02   0.113101E+00   0.254990E+00
 0.110076E+02   0.540926E+00   0.527750E-02   0.112328E+00   0.254990E+00
 0.110203E+02   0.537166E+00   0.517704E-02   0.111555E+00   0.254990E+00
 0.110310E+02   0.533955E+00   0.509262E-02   0.110894E+00   0.254990E+00
 0.110428E+02   0.530373E+00   0.499997E-02   0.110157E+00   0.254990E+00
 0.110546E+02   0.526792E+00   0.490897E-02   0.109420E+00   0.254990E+00
 0.110662E+02   0.523212E+00   0.481961E-02   0.108684E+00   0.254990E+00
 0.110776E+02   0.519630E+00   0.473186E-02   0.107946E+00   0.254990E+00
 0.110890E+02   0.516046E+00   0.464570E-02   0.107208E+00   0.254990E+00
 0.111002E+02   0.512459E+00   0.456109E-02   0.106470E+00   0.254990E+00
 0.111114E+02   0.508819E+00   0.447686E-02   0.105720E+00   0.254990E+00
 0.111231E+02   0.505015E+00   0.439057E-02   0.104936E+00   0.254990E+00
 0.111346E+02   0.501198E+00   0.430572E-02   0.104150E+00   0.254990E+00
 0.111460E+02   0.497371E+00   0.422228E-02   0.103362E+00   0.254990E+00
 0.111573E+02   0.493535E+00   0.414022E-02   0.102571E+00   0.254990E+00
 0.111685E+02   0.489690E+00   0.405951E-02   0.101778E+00   0.254990E+00
 0.111792E+02   0.486005E+00   0.398355E-02   0.101019E+00   0.254990E+00
 0.111902E+02   0.482172E+00   0.390595E-02   0.100229E+00   0.254990E+00
 0.112015E+02   0.478164E+00   0.382641E-02   0.994024E-01   0.254990E+00
 0.112127E+02   0.474163E+00   0.374876E-02   0.985774E-01   0.254990E+00
 0.112237E+02   0.470164E+00   0.367296E-02   0.977526E-01   0.254990E+00
 0.112345E+02   0.466165E+00   0.359895E-02   0.969273E-01   0.254990E+00
 0.112452E+02   0.462160E+00   0.352671E-02   0.961006E-01   0.254990E+00
 0.112568E+02   0.457759E+00   0.344936E-02   0.951915E-01   0.254990E+00
 0.112683E+02   0.453293E+00   0.337267E-02   0.942688E-01   0.254990E+00
 0.112796E+02   0.448925E+00   0.329898E-02   0.933665E-01   0.254990E+00
 0.112905E+02   0.444646E+00   0.322769E-02   0.924830E-01   0.254990E+00
 0.113013E+02   0.440451E+00   0.315835E-02   0.916175E-01   0.254990E+00
 0.113127E+02   0.436051E+00   0.308596E-02   0.907108E-01   0.254990E+00
 0.113229E+02   0.432117E+00   0.302181E-02   0.899009E-01   0.254990E+00
 0.113343E+02   0.427648E+00   0.295089E-02   0.889805E-01   0.254990E+00
 0.113453E+02   0.423163E+00   0.288295E-02   0.880553E-01   0.254990E+00
 0.113559E+02   0.418621E+00   0.281813E-02   0.871154E-01   0.254990E+00
 0.113662E+02   0.413987E+00   0.275635E-02   0.861518E-01   0.254990E+00
 0.113765E+02   0.409049E+00   0.269505E-02   0.851190E-01   0.254990E+00
 0.113876E+02   0.403493E+00   0.262981E-02   0.839531E-01   0.254990E+00
 0.113982E+02   0.398108E+00   0.256855E-02   0.828244E-01   0.254990E+00
 0.114087E+02   0.392786E+00   0.250862E-02   0.817161E-01   0.254990E+00
 0.114198E+02   0.387224E+00   0.244607E-02   0.805664E-01   0.254990E+00
 0.114299E+02   0.382209E+00   0.239024E-02   0.795309E-01   0.254990E+00
 0.114400E+02   0.377214E+00   0.233467E-02   0.784976E-01   0.254990E+00
 0.114502E+02   0.372439E+00   0.228019E-02   0.775096E-01   0.254990E+00
 0.114609E+02   0.367276E+00   0.222290E-02   0.764417E-01   0.254990E+00
 0.114709E+02   0.361872E+00   0.217041E-02   0.753236E-01   0.254990E+00
 0.114814E+02   0.356000E+00   0.211670E-02   0.741086E-01   0.254990E+00
 0.114922E+02   0.350517E+00   0.206182E-02   0.729738E-01   0.254990E+00
 0.115024E+02   0.345665E+00   0.201076E-02   0.719695E-01   0.254990E+00
 0.115128E+02   0.340690E+00   0.196009E-02   0.709398E-01   0.254990E+00
 0.115229E+02   0.335747E+00   0.191082E-02   0.699163E-01   0.254990E+00
 0.115330E+02   0.330947E+00   0.186303E-02   0.689223E-01   0.254990E+00
 0.115435E+02   0.325944E+00   0.181368E-02   0.678861E-01   0.254990E+00
 0.115536E+02   0.321153E+00   0.176716E-02   0.668938E-01   0.254990E+00
 0.115640E+02   0.316249E+00   0.171968E-02   0.658777E-01   0.254990E+00
 0.115748E+02   0.311261E+00   0.167152E-02   0.648443E-01   0.254990E+00
 0.115855E+02   0.306225E+00   0.162477E-02   0.638006E-01   0.254990E+00
 0.115956E+02   0.301289E+00   0.158114E-02   0.627778E-01   0.254990E+00
 0.116062E+02   0.296212E+00   0.153615E-02   0.617254E-01   0.254990E+00
 0.116171E+02   0.291214E+00   0.149052E-02   0.606890E-01   0.254990E+00
 0.116278E+02   0.286421E+00   0.144690E-02   0.596952E-01   0.254990E+00
 0.116383E+02   0.281695E+00   0.140485E-02   0.587150E-01   0.254990E+00
 0.116483E+02   0.277175E+00   0.136512E-02   0.577777E-01   0.254990E+00
 0.116590E+02   0.272448E+00   0.132380E-02   0.567969E-01   0.254990E+00
 0.116697E+02   0.267702E+00   0.128277E-02   0.558121E-01   0.254990E+00
 0.116807E+02   0.262880E+00   0.124169E-02   0.548117E-01   0.254990E+00
 0.116917E+02   0.258099E+00   0.120148E-02   0.538195E-01   0.254990E+00
 0.117020E+02   0.253675E+00   0.116468E-02   0.529012E-01   0.254990E+00
 0.117120E+02   0.249346E+00   0.112909E-02   0.520024E-01   0.254990E+00
 0.117234E+02   0.244477E+00   0.108960E-02   0.509915E-01   0.254990E+00
 0.117334E+02   0.240236E+00   0.105564E-02   0.501108E-01   0.254990E+00
 0.117445E+02   0.235595E+00   0.101892E-02   0.491467E-01   0.254990E+00
 0.117556E+02   0.230976E+00   0.982865E-03   0.481873E-01   0.254990E+00
 0.117658E+02   0.226742E+00   0.950296E-03   0.473078E-01   0.254990E+00
 0.117760E+02   0.222530E+00   0.918345E-03   0.464328E-01   0.254990E+00
 0.117864E+02   0.218259E+00   0.886394E-03   0.455452E-01   0.254990E+00
 0.117973E+02   0.213804E+00   0.853547E-03   0.446191E-01   0.254990E+00
 0.118084E+02   0.209306E+00   0.820897E-03   0.436841E-01   0.254990E+00
 0.118190E+02   0.205086E+00   0.790740E-03   0.428065E-01   0.254990E+00
 0.118299E+02   0.200728E+00   0.760107E-03   0.419004E-01   0.254990E+00
 0.118402E+02   0.196633E+00   0.731796E-03   0.410488E-01   0.254990E+00
 0.118504E+02   0.192609E+00   0.704423E-03   0.402117E-01   0.254990E+00
 0.118611E+02   0.188396E+00   0.676246E-03   0.393353E-01   0.254990E+00
 0.118713E+02   0.184411E+00   0.650091E-03   0.385062E-01   0.254990E+00
 0.118821E+02   0.180209E+00   0.623082E-03   0.376318E-01   0.254990E+00
 0.118924E+02   0.176211E+00   0.597920E-03   0.367998E-01   0.254990E+00
 0.119034E+02   0.171937E+00   0.571528E-03   0.359102E-01   0.254990E+00
 0.119141E+02   0.167825E+00   0.546604E-03   0.350543E-01   0.254990E+00
 0.119246E+02   0.163826E+00   0.522839E-03   0.342216E-01   0.254990E+00
 0.119353E+02   0.159763E+00   0.499224E-03   0.333755E-01   0.254990E+00
 0.119457E+02   0.155844E+00   0.476970E-03   0.325594E-01   0.254990E+00
 0.119559E+02   0.152000E+00   0.455642E-03   0.317585E-01   0.254990E+00
 0.119659E+02   0.148215E+00   0.435127E-03   0.309700E-01   0.254990E+00
 0.119768E+02   0.144132E+00   0.413522E-03   0.301192E-01   0.254990E+00
 0.119872E+02   0.140278E+00   0.393633E-03   0.293161E-01   0.254990E+00
 0.119977E+02   0.136334E+00   0.373819E-03   0.284942E-01   0.254990E+00
 0.120086E+02   0.132280E+00   0.354065E-03   0.276491E-01   0.254990E+00
 0.120195E+02   0.128226E+00   0.334926E-03   0.268040E-01   0.254990E+00
 0.120297E+02   0.124467E+00   0.317680E-03   0.260203E-01   0.254990E+00
 0.120402E+02   0.120599E+00   0.300401E-03   0.252135E-01   0.254990E+00
 0.120504E+02   0.116830E+00   0.284057E-03   0.244275E-01   0.254990E+00
 0.120612E+02   0.112893E+00   0.267523E-03   0.236062E-01   0.254990E+00
 0.120716E+02   0.109091E+00   0.252105E-03   0.228131E-01   0.254990E+00
 0.120817E+02   0.105387E+00   0.237612E-03   0.220403E-01   0.254990E+00
 0.120920E+02   0.101620E+00   0.223399E-03   0.212543E-01   0.254990E+00
 0.121026E+02   0.977440E-01   0.209296E-03   0.204452E-01   0.254990E+00
 0.121132E+02   0.939102E-01   0.195837E-03   0.196449E-01   0.254990E+00
 0.121237E+02   0.901335E-01   0.183041E-03   0.188564E-01   0.254990E+00
 0.121339E+02   0.864772E-01   0.171095E-03   0.180930E-01   0.254990E+00
 0.121441E+02   0.828515E-01   0.159681E-03   0.173359E-01   0.254990E+00
 0.121545E+02   0.791898E-01   0.148620E-03   0.165712E-01   0.254990E+00
 0.121648E+02   0.755525E-01   0.138120E-03   0.158115E-01   0.254990E+00
 0.121749E+02   0.719812E-01   0.128268E-03   0.150654E-01   0.254990E+00
 0.121849E+02   0.684973E-01   0.119045E-03   0.143374E-01   0.254990E+00
 0.121951E+02   0.650252E-01   0.110195E-03   0.136117E-01   0.254990E+00
 0.122052E+02   0.616078E-01   0.101789E-03   0.128975E-01   0.254990E+00
 0.122157E+02   0.581513E-01   0.935717E-04   0.121751E-01   0.254990E+00
 0.122260E+02   0.548606E-01   0.860103E-04   0.114876E-01   0.254990E+00
 0.122363E+02   0.516069E-01   0.788702E-04   0.108076E-01   0.254990E+00
 0.122465E+02   0.484038E-01   0.722515E-04   0.101374E-01   0.254990E+00
 0.122567E+02   0.453034E-01   0.660671E-04   0.948885E-02   0.254990E+00
 0.122668E+02   0.417808E-01   0.603504E-04   0.874781E-02   0.254990E+00
 0.122768E+02   0.368970E-01   0.552363E-04   0.772993E-02   0.254990E+00
 0.122869E+02   0.332637E-01   0.507022E-04   0.697498E-02   0.254990E+00
 0.122971E+02   0.310274E-01   0.464888E-04   0.650676E-02   0.254990E+00
 0.123073E+02   0.294612E-01   0.425198E-04   0.617794E-02   0.254990E+00
 0.123173E+02   0.280818E-01   0.388268E-04   0.588809E-02   0.254990E+00
 0.123275E+02   0.264935E-01   0.352653E-04   0.555437E-02   0.254990E+00
 0.123377E+02   0.247032E-01   0.319387E-04   0.517861E-02   0.254990E+00
 0.123477E+02   0.229056E-01   0.288785E-04   0.480188E-02   0.254990E+00
 0.123578E+02   0.212142E-01   0.260638E-04   0.444803E-02   0.254990E+00
 0.123679E+02   0.196137E-01   0.234338E-04   0.411356E-02   0.254990E+00
 0.123782E+02   0.180668E-01   0.209746E-04   0.379019E-02   0.254990E+00
 0.123882E+02   0.166122E-01   0.187674E-04   0.348568E-02   0.254990E+00
 0.123985E+02   0.151919E-01   0.167136E-04   0.318792E-02   0.254990E+00
 0.124086E+02   0.138544E-01   0.148655E-04   0.290723E-02   0.254990E+00
 0.124189E+02   0.125586E-01   0.131541E-04   0.263515E-02   0.254990E+00
 0.124291E+02   0.113391E-01   0.116221E-04   0.237914E-02   0.254990E+00
 0.124391E+02   0.102024E-01   0.102665E-04   0.214069E-02   0.254990E+00
 0.124492E+02   0.911768E-02   0.904280E-05   0.191329E-02   0.254990E+00
 0.124592E+02   0.810659E-02   0.796663E-05   0.170139E-02   0.254990E+00
 0.124693E+02   0.715456E-02   0.701163E-05   0.150179E-02   0.254990E+00
 0.124793E+02   0.626529E-02   0.617283E-05   0.131511E-02   0.254990E+00
 0.124895E+02   0.542734E-02   0.543093E-05   0.113909E-02   0.254990E+00
 0.124997E+02   0.465486E-02   0.479348E-05   0.977507E-03   0.254990E+00
 0.125098E+02   0.395973E-02   0.425722E-05   0.831938E-03   0.254990E+00
 0.125199E+02   0.332810E-02   0.380188E-05   0.699220E-03   0.254990E+00
 0.125299E+02   0.276454E-02   0.342471E-05   0.581104E-03   0.254990E+00
 0.125401E+02   0.226532E-02   0.311081E-05   0.476177E-03   0.254990E+00
 0.125503E+02   0.183915E-02   0.285500E-05   0.386717E-03   0.254990E+00
 0.125603E+02   0.149718E-02   0.264964E-05   0.314931E-03   0.254990E+00
 0.125704E+02   0.123972E-02   0.248025E-05   0.260979E-03   0.254990E+00
 0.125805E+02   0.119081E-02   0.233259E-05   0.250559E-03   0.254990E+00
 0.125906E+02   0.115144E-02   0.218762E-05   0.242222E-03   0.254990E+00
 0.126010E+02   0.107588E-02   0.204654E-05   0.226339E-03   0.254990E+00
 0.126111E+02   0.994442E-03   0.191896E-05   0.209303E-03   0.254990E+00
 0.126213E+02   0.922473E-03   0.180080E-05   0.194236E-03   0.254990E+00
 0.126316E+02   0.864180E-03   0.168882E-05   0.181995E-03   0.254990E+00
 0.126421E+02   0.816318E-03   0.158266E-05   0.171932E-03   0.254990E+00
 0.126526E+02   0.775721E-03   0.148191E-05   0.163398E-03   0.254990E+00
 0.126630E+02   0.740037E-03   0.138653E-05   0.155903E-03   0.254990E+00
 0.126731E+02   0.707759E-03   0.129843E-05   0.149130E-03   0.254990E+00
 0.126834E+02   0.674952E-03   0.121304E-05   0.142247E-03   0.254990E+00
 0.126937E+02   0.640514E-03   0.113198E-05   0.135014E-03   0.254990E+00
 0.127039E+02   0.603536E-03   0.105566E-05   0.127231E-03   0.254990E+00
 0.127140E+02   0.564822E-03   0.985493E-06   0.119061E-03   0.254990E+00
 0.127243E+02   0.526336E-03   0.918489E-06   0.110949E-03   0.254990E+00
 0.127344E+02   0.492694E-03   0.857445E-06   0.103893E-03   0.254990E+00
 0.127446E+02   0.461007E-03   0.799778E-06   0.972358E-04   0.254990E+00
 0.127547E+02   0.430999E-03   0.746187E-06   0.908998E-04   0.254990E+00
 0.127647E+02   0.403694E-03   0.696599E-06   0.851264E-04   0.254990E+00
 0.127749E+02   0.379037E-03   0.649465E-06   0.799219E-04   0.254990E+00
 0.127854E+02   0.357086E-03   0.604059E-06   0.753052E-04   0.254990E+00
 0.127955E+02   0.338288E-03   0.562745E-06   0.713601E-04   0.254990E+00
 0.128056E+02   0.321045E-03   0.523873E-06   0.677421E-04   0.254990E+00
 0.128160E+02   0.303960E-03   0.485573E-06   0.641523E-04   0.254990E+00
 0.128261E+02   0.287877E-03   0.450620E-06   0.607642E-04   0.254990E+00
 0.128365E+02   0.271636E-03   0.416650E-06   0.573357E-04   0.254990E+00
 0.128468E+02   0.256004E-03   0.385091E-06   0.540329E-04   0.254990E+00
 0.128569E+02   0.241005E-03   0.355771E-06   0.508659E-04   0.254990E+00
 0.128675E+02   0.225959E-03   0.327190E-06   0.476941E-04   0.254990E+00
 0.128778E+02   0.211914E-03   0.300899E-06   0.447370E-04   0.254990E+00
 0.128881E+02   0.198884E-03   0.276447E-06   0.419932E-04   0.254990E+00
 0.128981E+02   0.187187E-03   0.254140E-06   0.395274E-04   0.254990E+00
 0.129081E+02   0.176273E-03   0.233172E-06   0.372234E-04   0.254990E+00
 0.129183E+02   0.165223E-03   0.213151E-06   0.348894E-04   0.254990E+00
 0.129286E+02   0.153608E-03   0.194387E-06   0.324375E-04   0.254990E+00
 0.129387E+02   0.141429E-03   0.177198E-06   0.298704E-04   0.254990E+00
 0.129490E+02   0.129427E-03   0.161295E-06   0.273429E-04   0.254990E+00
 0.129591E+02   0.119020E-03   0.147006E-06   0.251487E-04   0.254990E+00
 0.129695E+02   0.110076E-03   0.133439E-06   0.232592E-04   0.254990E+00
 0.129796E+02   0.102483E-03   0.121150E-06   0.216540E-04   0.254990E+00
 0.129897E+02   0.954938E-04   0.109793E-06   0.201773E-04   0.254990E+00
 0.130000E+02   0.885970E-04   0.990699E-07   0.187223E-04   0.254990E+00
 0.130101E+02   0.818288E-04   0.893000E-07   0.172953E-04   0.254990E+00
 0.130203E+02   0.750217E-04   0.803113E-07   0.158589E-04   0.254990E+00
 0.130305E+02   0.682688E-04   0.720810E-07   0.144316E-04   0.254990E+00
 0.130406E+02   0.621333E-04   0.646913E-07   0.131348E-04   0.254990E+00
 0.130508E+02   0.567437E-04   0.578537E-07   0.119979E-04   0.254990E+00
 0.130610E+02   0.520830E-04   0.516264E-07   0.110157E-04   0.254990E+00
 0.130713E+02   0.477638E-04   0.458604E-07   0.101037E-04   0.254990E+00
 0.130814E+02   0.437317E-04   0.406895E-07   0.924951E-05   0.254990E+00
 0.130915E+02   0.398918E-04   0.359970E-07   0.843575E-05   0.254990E+00
 0.131016E+02   0.362142E-04   0.317058E-07   0.765941E-05   0.254990E+00
 0.131119E+02   0.327402E-04   0.277721E-07   0.692864E-05   0.254990E+00
 0.131222E+02   0.296182E-04   0.242320E-07   0.627035E-05   0.254990E+00
 0.131323E+02   0.268169E-04   0.210768E-07   0.567649E-05   0.254990E+00
 0.131424E+02   0.239853E-04   0.182336E-07   0.507534E-05   0.254990E+00
 0.131526E+02   0.210417E-04   0.157021E-07   0.445220E-05   0.254990E+00
 0.131626E+02   0.184466E-04   0.135198E-07   0.390363E-05   0.254990E+00
 0.131727E+02   0.163181E-04   0.115980E-07   0.345339E-05   0.254990E+00
 0.131828E+02   0.144916E-04   0.988766E-08   0.306690E-05   0.254990E+00
 0.131929E+02   0.128676E-04   0.837871E-08   0.272333E-05   0.254990E+00
 0.132031E+02   0.113556E-04   0.702626E-08   0.240359E-05   0.254990E+00
 0.132131E+02   0.996187E-05   0.585809E-08   0.210899E-05   0.254990E+00
 0.132233E+02   0.862616E-05   0.483410E-08   0.182662E-05   0.254990E+00
 0.132333E+02   0.736798E-05   0.395842E-08   0.156047E-05   0.254990E+00
 0.132434E+02   0.622329E-05   0.321356E-08   0.131812E-05   0.254990E+00
 0.132536E+02   0.527667E-05   0.258161E-08   0.111763E-05   0.254990E+00
 0.132637E+02   0.454826E-05   0.204622E-08   0.963343E-06   0.254990E+00
 0.132737E+02   0.374414E-05   0.159424E-08   0.793064E-06   0.254990E+00
 0.132838E+02   0.283381E-05   0.124214E-08   0.600350E-06   0.254990E+00
 0.132939E+02   0.236531E-05   0.961283E-09   0.501124E-06   0.254990E+00
 0.133039E+02   0.192996E-05   0.728965E-09   0.408925E-06   0.254990E+00
 0.133140E+02   0.154331E-05   0.541601E-09   0.327012E-06   0.254990E+00
 0.133241E+02   0.123088E-05   0.392285E-09   0.260783E-06   0.254990E+00
 0.133342E+02   0.937900E-06   0.275948E-09   0.198725E-06   0.254990E+00
 0.133442E+02   0.684047E-06   0.189412E-09   0.145001E-06   0.254990E+00
 0.133543E+02   0.507327E-06   0.125933E-09   0.107543E-06   0.254990E+00
 0.133643E+02   0.365126E-06   0.797427E-10   0.774023E-07   0.254990E+00
 0.133744E+02   0.248782E-06   0.472042E-10   0.527541E-07   0.254990E+00
 0.133844E+02   0.161192E-06   0.256810E-10   0.341813E-07   0.254990E+00
 0.133944E+02   0.946780E-07   0.122615E-10   0.200713E-07   0.254990E+00
 0.134045E+02   0.490547E-07   0.484499E-11   0.104010E-07   0.254990E+00
 0.134145E+02   0.193328E-07   0.129119E-11   0.409976E-08   0.254990E+00
 0.134245E+02   0.436874E-08   0.138317E-12   0.926395E-09   0.254990E+00
