 0.000000E+00   0.136800E+01   0.139362E+00   0.274945E+00   0.274945E+00
 0.101489E-01   0.136800E+01   0.139362E+00   0.274945E+00   0.274945E+00
 0.203112E-01   0.136800E+01   0.139361E+00   0.274944E+00   0.274945E+00
 0.303881E-01   0.136800E+01   0.139361E+00   0.274944E+00   0.274945E+00
 0.407178E-01   0.136799E+01   0.139359E+00   0.274944E+00   0.274945E+00
 0.511839E-01   0.136799E+01   0.139358E+00   0.274943E+00   0.274945E+00
 0.611898E-01   0.136799E+01   0.139356E+00   0.274942E+00   0.274945E+00
 0.712343E-01   0.136798E+01   0.139354E+00   0.274941E+00   0.274945E+00
 0.822093E-01   0.136797E+01   0.139352E+00   0.274940E+00   0.274945E+00
 0.929081E-01   0.136797E+01   0.139349E+00   0.274938E+00   0.274945E+00
 0.103091E+00   0.136796E+01   0.139346E+00   0.274937E+00   0.274945E+00
 0.113915E+00   0.136795E+01   0.139343E+00   0.274935E+00   0.274945E+00
 0.123925E+00   0.136794E+01   0.139339E+00   0.274934E+00   0.274945E+00
 0.134446E+00   0.136793E+01   0.139335E+00   0.274932E+00   0.274945E+00
 0.145488E+00   0.136792E+01   0.139331E+00   0.274929E+00   0.274945E+00
 0.157061E+00   0.136790E+01   0.139326E+00   0.274927E+00   0.274945E+00
 0.167409E+00   0.136789E+01   0.139321E+00   0.274924E+00   0.274945E+00
 0.178154E+00   0.136787E+01   0.139315E+00   0.274922E+00   0.274945E+00
 0.189302E+00   0.136786E+01   0.139309E+00   0.274919E+00   0.274945E+00
 0.200859E+00   0.136784E+01   0.139303E+00   0.274915E+00   0.274945E+00
 0.212830E+00   0.136782E+01   0.139295E+00   0.274912E+00   0.274945E+00
 0.223127E+00   0.136780E+01   0.139289E+00   0.274908E+00   0.274945E+00
 0.233716E+00   0.136778E+01   0.139282E+00   0.274905E+00   0.274945E+00
 0.244601E+00   0.136776E+01   0.139274E+00   0.274901E+00   0.274945E+00
 0.255790E+00   0.136774E+01   0.139266E+00   0.274897E+00   0.274945E+00
 0.267280E+00   0.136771E+01   0.139257E+00   0.274893E+00   0.274945E+00
 0.279072E+00   0.136769E+01   0.139247E+00   0.274888E+00   0.274945E+00
 0.291170E+00   0.136766E+01   0.139237E+00   0.274883E+00   0.274945E+00
 0.303580E+00   0.136763E+01   0.139226E+00   0.274878E+00   0.274945E+00
 0.313734E+00   0.136761E+01   0.139217E+00   0.274873E+00   0.274945E+00
 0.324087E+00   0.136758E+01   0.139208E+00   0.274868E+00   0.274945E+00
 0.334645E+00   0.136755E+01   0.139197E+00   0.274863E+00   0.274945E+00
 0.345408E+00   0.136752E+01   0.139187E+00   0.274858E+00   0.274945E+00
 0.356377E+00   0.136749E+01   0.139175E+00   0.274852E+00   0.274945E+00
 0.367551E+00   0.136746E+01   0.139163E+00   0.274846E+00   0.274945E+00
 0.378933E+00   0.136743E+01   0.139151E+00   0.274840E+00   0.274945E+00
 0.390522E+00   0.136739E+01   0.139138E+00   0.274833E+00   0.274945E+00
 0.402320E+00   0.136735E+01   0.139124E+00   0.274827E+00   0.274945E+00
 0.414330E+00   0.136731E+01   0.139110E+00   0.274819E+00   0.274945E+00
 0.426553E+00   0.136727E+01   0.139095E+00   0.274812E+00   0.274945E+00
 0.438986E+00   0.136723E+01   0.139079E+00   0.274804E+00   0.274945E+00
 0.451636E+00   0.136718E+01   0.139062E+00   0.274796E+00   0.274945E+00
 0.464505E+00   0.136714E+01   0.139045E+00   0.274787E+00   0.274945E+00
 0.477594E+00   0.136709E+01   0.139027E+00   0.274778E+00   0.274945E+00
 0.490898E+00   0.136704E+01   0.139008E+00   0.274769E+00   0.274945E+00
 0.501018E+00   0.136700E+01   0.138993E+00   0.274762E+00   0.274945E+00
 0.511265E+00   0.136695E+01   0.138978E+00   0.274754E+00   0.274945E+00
 0.521635E+00   0.136691E+01   0.138962E+00   0.274746E+00   0.274945E+00
 0.532130E+00   0.136687E+01   0.138946E+00   0.274738E+00   0.274945E+00
 0.542750E+00   0.136682E+01   0.138929E+00   0.274730E+00   0.274945E+00
 0.553498E+00   0.136677E+01   0.138912E+00   0.274721E+00   0.274945E+00
 0.564372E+00   0.136673E+01   0.138894E+00   0.274712E+00   0.274945E+00
 0.575369E+00   0.136668E+01   0.138876E+00   0.274703E+00   0.274945E+00
 0.586497E+00   0.136662E+01   0.138857E+00   0.274694E+00   0.274945E+00
 0.597754E+00   0.136657E+01   0.138837E+00   0.274684E+00   0.274945E+00
 0.609137E+00   0.136652E+01   0.138817E+00   0.274674E+00   0.274945E+00
 0.620650E+00   0.136646E+01   0.138796E+00   0.274664E+00   0.274945E+00
 0.632294E+00   0.136640E+01   0.138775E+00   0.274653E+00   0.274945E+00
 0.644067E+00   0.136634E+01   0.138753E+00   0.274642E+00   0.274945E+00
 0.655970E+00   0.136628E+01   0.138730E+00   0.274631E+00   0.274945E+00
 0.668003E+00   0.136621E+01   0.138707E+00   0.274619E+00   0.274945E+00
 0.680167E+00   0.136615E+01   0.138683E+00   0.274607E+00   0.274945E+00
 0.692462E+00   0.136608E+01   0.138658E+00   0.274595E+00   0.274945E+00
 0.704891E+00   0.136601E+01   0.138632E+00   0.274582E+00   0.274945E+00
 0.717449E+00   0.136594E+01   0.138606E+00   0.274569E+00   0.274945E+00
 0.730143E+00   0.136587E+01   0.138579E+00   0.274556E+00   0.274945E+00
 0.742969E+00   0.136579E+01   0.138552E+00   0.274542E+00   0.274945E+00
 0.755929E+00   0.136571E+01   0.138523E+00   0.274528E+00   0.274945E+00
 0.769026E+00   0.136563E+01   0.138494E+00   0.274513E+00   0.274945E+00
 0.782255E+00   0.136555E+01   0.138464E+00   0.274498E+00   0.274945E+00
 0.795618E+00   0.136547E+01   0.138433E+00   0.274483E+00   0.274945E+00
 0.809117E+00   0.136538E+01   0.138401E+00   0.274467E+00   0.274945E+00
 0.822752E+00   0.136529E+01   0.138368E+00   0.274450E+00   0.274945E+00
 0.836521E+00   0.136520E+01   0.138335E+00   0.274434E+00   0.274945E+00
 0.850430E+00   0.136511E+01   0.138301E+00   0.274417E+00   0.274945E+00
 0.864476E+00   0.136501E+01   0.138265E+00   0.274399E+00   0.274945E+00
 0.878658E+00   0.136491E+01   0.138229E+00   0.274381E+00   0.274945E+00
 0.892978E+00   0.136481E+01   0.138192E+00   0.274362E+00   0.274945E+00
 0.907435E+00   0.136470E+01   0.138154E+00   0.274343E+00   0.274945E+00
 0.922032E+00   0.136460E+01   0.138115E+00   0.274324E+00   0.274945E+00
 0.936766E+00   0.136449E+01   0.138075E+00   0.274304E+00   0.274945E+00
 0.951641E+00   0.136437E+01   0.138033E+00   0.274283E+00   0.274945E+00
 0.966658E+00   0.136426E+01   0.137991E+00   0.274262E+00   0.274945E+00
 0.976746E+00   0.136418E+01   0.137963E+00   0.274248E+00   0.274945E+00
 0.986895E+00   0.136410E+01   0.137933E+00   0.274233E+00   0.274945E+00
 0.997109E+00   0.136402E+01   0.137904E+00   0.274218E+00   0.274945E+00
 0.100738E+01   0.136394E+01   0.137874E+00   0.274203E+00   0.274945E+00
 0.101772E+01   0.136385E+01   0.137843E+00   0.274188E+00   0.274945E+00
 0.102812E+01   0.136377E+01   0.137812E+00   0.274172E+00   0.274945E+00
 0.103858E+01   0.136368E+01   0.137780E+00   0.274157E+00   0.274945E+00
 0.104911E+01   0.136359E+01   0.137748E+00   0.274141E+00   0.274945E+00
 0.105970E+01   0.136350E+01   0.137715E+00   0.274124E+00   0.274945E+00
 0.107036E+01   0.136341E+01   0.137682E+00   0.274108E+00   0.274945E+00
 0.108107E+01   0.136332E+01   0.137648E+00   0.274091E+00   0.274945E+00
 0.109186E+01   0.136323E+01   0.137614E+00   0.274074E+00   0.274945E+00
 0.110270E+01   0.136313E+01   0.137579E+00   0.274056E+00   0.274945E+00
 0.111361E+01   0.136303E+01   0.137544E+00   0.274038E+00   0.274945E+00
 0.112458E+01   0.136294E+01   0.137508E+00   0.274021E+00   0.274945E+00
 0.113562E+01   0.136284E+01   0.137472E+00   0.274002E+00   0.274945E+00
 0.114671E+01   0.136273E+01   0.137435E+00   0.273984E+00   0.274945E+00
 0.115788E+01   0.136263E+01   0.137397E+00   0.273965E+00   0.274945E+00
 0.116910E+01   0.136253E+01   0.137359E+00   0.273946E+00   0.274945E+00
 0.118040E+01   0.136242E+01   0.137320E+00   0.273926E+00   0.274945E+00
 0.119175E+01   0.136231E+01   0.137281E+00   0.273907E+00   0.274945E+00
 0.120317E+01   0.136220E+01   0.137241E+00   0.273887E+00   0.274945E+00
 0.121466E+01   0.136209E+01   0.137200E+00   0.273866E+00   0.274945E+00
 0.122621E+01   0.136198E+01   0.137159E+00   0.273846E+00   0.274945E+00
 0.123782E+01   0.136186E+01   0.137117E+00   0.273825E+00   0.274945E+00
 0.124950E+01   0.136175E+01   0.137075E+00   0.273803E+00   0.274945E+00
 0.126124E+01   0.136163E+01   0.137032E+00   0.273782E+00   0.274945E+00
 0.127305E+01   0.136151E+01   0.136988E+00   0.273760E+00   0.274945E+00
 0.128492E+01   0.136139E+01   0.136944E+00   0.273738E+00   0.274945E+00
 0.129686E+01   0.136126E+01   0.136899E+00   0.273715E+00   0.274945E+00
 0.130887E+01   0.136114E+01   0.136853E+00   0.273692E+00   0.274945E+00
 0.132094E+01   0.136101E+01   0.136807E+00   0.273669E+00   0.274945E+00
 0.133307E+01   0.136088E+01   0.136760E+00   0.273645E+00   0.274945E+00
 0.134527E+01   0.136075E+01   0.136713E+00   0.273621E+00   0.274945E+00
 0.135753E+01   0.136062E+01   0.136664E+00   0.273597E+00   0.274945E+00
 0.136986E+01   0.136048E+01   0.136615E+00   0.273572E+00   0.274945E+00
 0.138226E+01   0.136035E+01   0.136565E+00   0.273547E+00   0.274945E+00
 0.139473E+01   0.136021E+01   0.136515E+00   0.273522E+00   0.274945E+00
 0.140726E+01   0.136007E+01   0.136464E+00   0.273496E+00   0.274945E+00
 0.141985E+01   0.135992E+01   0.136412E+00   0.273470E+00   0.274945E+00
 0.143251E+01   0.135978E+01   0.136359E+00   0.273443E+00   0.274945E+00
 0.144524E+01   0.135963E+01   0.136306E+00   0.273417E+00   0.274945E+00
 0.145804E+01   0.135948E+01   0.136252E+00   0.273389E+00   0.274945E+00
 0.147090E+01   0.135933E+01   0.136197E+00   0.273362E+00   0.274945E+00
 0.148383E+01   0.135918E+01   0.136142E+00   0.273334E+00   0.274945E+00
 0.149682E+01   0.135902E+01   0.136085E+00   0.273305E+00   0.274945E+00
 0.150988E+01   0.135886E+01   0.136028E+00   0.273276E+00   0.274945E+00
 0.152301E+01   0.135870E+01   0.135970E+00   0.273247E+00   0.274945E+00
 0.153620E+01   0.135854E+01   0.135911E+00   0.273218E+00   0.274945E+00
 0.154946E+01   0.135838E+01   0.135852E+00   0.273188E+00   0.274945E+00
 0.156279E+01   0.135821E+01   0.135792E+00   0.273157E+00   0.274945E+00
 0.157618E+01   0.135804E+01   0.135730E+00   0.273126E+00   0.274945E+00
 0.158964E+01   0.135787E+01   0.135669E+00   0.273095E+00   0.274945E+00
 0.160317E+01   0.135770E+01   0.135606E+00   0.273063E+00   0.274945E+00
 0.161677E+01   0.135752E+01   0.135542E+00   0.273031E+00   0.274945E+00
 0.163043E+01   0.135734E+01   0.135478E+00   0.272998E+00   0.274945E+00
 0.164416E+01   0.135716E+01   0.135412E+00   0.272965E+00   0.274945E+00
 0.165796E+01   0.135698E+01   0.135346E+00   0.272932E+00   0.274945E+00
 0.167182E+01   0.135679E+01   0.135279E+00   0.272898E+00   0.274945E+00
 0.168576E+01   0.135661E+01   0.135211E+00   0.272864E+00   0.274945E+00
 0.169975E+01   0.135642E+01   0.135143E+00   0.272829E+00   0.274945E+00
 0.171382E+01   0.135622E+01   0.135073E+00   0.272793E+00   0.274945E+00
 0.172795E+01   0.135603E+01   0.135002E+00   0.272758E+00   0.274945E+00
 0.174215E+01   0.135583E+01   0.134931E+00   0.272721E+00   0.274945E+00
 0.175643E+01   0.135563E+01   0.134858E+00   0.272685E+00   0.274945E+00
 0.177077E+01   0.135542E+01   0.134785E+00   0.272647E+00   0.274945E+00
 0.178517E+01   0.135522E+01   0.134711E+00   0.272610E+00   0.274945E+00
 0.179964E+01   0.135501E+01   0.134636E+00   0.272571E+00   0.274945E+00
 0.181419E+01   0.135480E+01   0.134560E+00   0.272533E+00   0.274945E+00
 0.182880E+01   0.135458E+01   0.134483E+00   0.272494E+00   0.274945E+00
 0.184348E+01   0.135437E+01   0.134405E+00   0.272454E+00   0.274945E+00
 0.185822E+01   0.135415E+01   0.134326E+00   0.272414E+00   0.274945E+00
 0.187304E+01   0.135392E+01   0.134245E+00   0.272373E+00   0.274945E+00
 0.188792E+01   0.135370E+01   0.134165E+00   0.272332E+00   0.274945E+00
 0.190287E+01   0.135347E+01   0.134083E+00   0.272290E+00   0.274945E+00
 0.191789E+01   0.135324E+01   0.134000E+00   0.272248E+00   0.274945E+00
 0.193298E+01   0.135301E+01   0.133916E+00   0.272205E+00   0.274945E+00
 0.194814E+01   0.135277E+01   0.133831E+00   0.272162E+00   0.274945E+00
 0.196336E+01   0.135253E+01   0.133745E+00   0.272118E+00   0.274945E+00
 0.197865E+01   0.135229E+01   0.133657E+00   0.272073E+00   0.274945E+00
 0.199402E+01   0.135204E+01   0.133569E+00   0.272028E+00   0.274945E+00
 0.200944E+01   0.135179E+01   0.133480E+00   0.271983E+00   0.274945E+00
 0.202494E+01   0.135154E+01   0.133390E+00   0.271936E+00   0.274945E+00
 0.204051E+01   0.135129E+01   0.133299E+00   0.271890E+00   0.274945E+00
 0.205615E+01   0.135103E+01   0.133206E+00   0.271842E+00   0.274945E+00
 0.207185E+01   0.135077E+01   0.133113E+00   0.271795E+00   0.274945E+00
 0.208763E+01   0.135050E+01   0.133018E+00   0.271746E+00   0.274945E+00
 0.210347E+01   0.135023E+01   0.132922E+00   0.271697E+00   0.274945E+00
 0.211938E+01   0.134996E+01   0.132826E+00   0.271648E+00   0.274945E+00
 0.213536E+01   0.134969E+01   0.132728E+00   0.271597E+00   0.274945E+00
 0.215142E+01   0.134941E+01   0.132629E+00   0.271546E+00   0.274945E+00
 0.216753E+01   0.134913E+01   0.132528E+00   0.271495E+00   0.274945E+00
 0.218372E+01   0.134885E+01   0.132427E+00   0.271443E+00   0.274945E+00
 0.219998E+01   0.134856E+01   0.132325E+00   0.271390E+00   0.274945E+00
 0.221630E+01   0.134827E+01   0.132221E+00   0.271337E+00   0.274945E+00
 0.223270E+01   0.134797E+01   0.132116E+00   0.271283E+00   0.274945E+00
 0.224916E+01   0.134768E+01   0.132010E+00   0.271228E+00   0.274945E+00
 0.226569E+01   0.134737E+01   0.131903E+00   0.271173E+00   0.274945E+00
 0.228229E+01   0.134707E+01   0.131794E+00   0.271117E+00   0.274945E+00
 0.229896E+01   0.134676E+01   0.131685E+00   0.271061E+00   0.274945E+00
 0.231570E+01   0.134645E+01   0.131574E+00   0.271004E+00   0.274945E+00
 0.233251E+01   0.134613E+01   0.131462E+00   0.270946E+00   0.274945E+00
 0.234939E+01   0.134581E+01   0.131349E+00   0.270887E+00   0.274945E+00
 0.236633E+01   0.134549E+01   0.131234E+00   0.270828E+00   0.274945E+00
 0.238335E+01   0.134516E+01   0.131118E+00   0.270768E+00   0.274945E+00
 0.240044E+01   0.134483E+01   0.131001E+00   0.270707E+00   0.274945E+00
 0.241760E+01   0.134450E+01   0.130883E+00   0.270646E+00   0.274945E+00
 0.243482E+01   0.134416E+01   0.130763E+00   0.270584E+00   0.274945E+00
 0.245211E+01   0.134382E+01   0.130642E+00   0.270521E+00   0.274945E+00
 0.246948E+01   0.134348E+01   0.130520E+00   0.270458E+00   0.274945E+00
 0.248691E+01   0.134313E+01   0.130396E+00   0.270394E+00   0.274945E+00
 0.250441E+01   0.134277E+01   0.130272E+00   0.270329E+00   0.274945E+00
 0.252198E+01   0.134242E+01   0.130145E+00   0.270264E+00   0.274945E+00
 0.253962E+01   0.134205E+01   0.130018E+00   0.270197E+00   0.274945E+00
 0.255733E+01   0.134169E+01   0.129889E+00   0.270130E+00   0.274945E+00
 0.257511E+01   0.134132E+01   0.129759E+00   0.270062E+00   0.274945E+00
 0.259296E+01   0.134095E+01   0.129627E+00   0.269994E+00   0.274945E+00
 0.261087E+01   0.134057E+01   0.129494E+00   0.269924E+00   0.274945E+00
 0.262886E+01   0.134019E+01   0.129360E+00   0.269854E+00   0.274945E+00
 0.264692E+01   0.133980E+01   0.129225E+00   0.269783E+00   0.274945E+00
 0.266504E+01   0.133941E+01   0.129087E+00   0.269712E+00   0.274945E+00
 0.268324E+01   0.133902E+01   0.128949E+00   0.269639E+00   0.274945E+00
 0.270150E+01   0.133862E+01   0.128809E+00   0.269566E+00   0.274945E+00
 0.271983E+01   0.133821E+01   0.128668E+00   0.269492E+00   0.274945E+00
 0.273823E+01   0.133781E+01   0.128525E+00   0.269417E+00   0.274945E+00
 0.275671E+01   0.133739E+01   0.128381E+00   0.269342E+00   0.274945E+00
 0.277525E+01   0.133698E+01   0.128235E+00   0.269265E+00   0.274945E+00
 0.279386E+01   0.133656E+01   0.128088E+00   0.269188E+00   0.274945E+00
 0.281253E+01   0.133613E+01   0.127940E+00   0.269110E+00   0.274945E+00
 0.283128E+01   0.133570E+01   0.127790E+00   0.269031E+00   0.274945E+00
 0.285009E+01   0.133527E+01   0.127638E+00   0.268951E+00   0.274945E+00
 0.286898E+01   0.133483E+01   0.127485E+00   0.268870E+00   0.274945E+00
 0.288793E+01   0.133439E+01   0.127331E+00   0.268789E+00   0.274945E+00
 0.290695E+01   0.133394E+01   0.127175E+00   0.268706E+00   0.274945E+00
 0.292605E+01   0.133349E+01   0.127017E+00   0.268623E+00   0.274945E+00
 0.294521E+01   0.133303E+01   0.126858E+00   0.268539E+00   0.274945E+00
 0.296444E+01   0.133257E+01   0.126698E+00   0.268454E+00   0.274945E+00
 0.298374E+01   0.133210E+01   0.126536E+00   0.268368E+00   0.274945E+00
 0.300310E+01   0.133163E+01   0.126372E+00   0.268281E+00   0.274945E+00
 0.302254E+01   0.133115E+01   0.126207E+00   0.268194E+00   0.274945E+00
 0.304204E+01   0.133067E+01   0.126040E+00   0.268105E+00   0.274945E+00
 0.306162E+01   0.133019E+01   0.125872E+00   0.268016E+00   0.274945E+00
 0.308126E+01   0.132969E+01   0.125702E+00   0.267925E+00   0.274945E+00
 0.310097E+01   0.132920E+01   0.125531E+00   0.267834E+00   0.274945E+00
 0.312075E+01   0.132870E+01   0.125357E+00   0.267742E+00   0.274945E+00
 0.314059E+01   0.132819E+01   0.125183E+00   0.267648E+00   0.274945E+00
 0.316051E+01   0.132768E+01   0.125006E+00   0.267554E+00   0.274945E+00
 0.318049E+01   0.132716E+01   0.124829E+00   0.267459E+00   0.274945E+00
 0.319051E+01   0.132690E+01   0.124739E+00   0.267411E+00   0.274945E+00
 0.320054E+01   0.132664E+01   0.124649E+00   0.267363E+00   0.274945E+00
 0.321059E+01   0.132638E+01   0.124559E+00   0.267314E+00   0.274945E+00
 0.322066E+01   0.132611E+01   0.124468E+00   0.267266E+00   0.274945E+00
 0.323075E+01   0.132585E+01   0.124377E+00   0.267217E+00   0.274945E+00
 0.324085E+01   0.132558E+01   0.124285E+00   0.267168E+00   0.274945E+00
 0.325097E+01   0.132531E+01   0.124193E+00   0.267118E+00   0.274945E+00
 0.326111E+01   0.132504E+01   0.124101E+00   0.267068E+00   0.274945E+00
 0.327126E+01   0.132477E+01   0.124008E+00   0.267019E+00   0.274945E+00
 0.328144E+01   0.132450E+01   0.123914E+00   0.266968E+00   0.274945E+00
 0.329162E+01   0.132423E+01   0.123821E+00   0.266918E+00   0.274945E+00
 0.330183E+01   0.132395E+01   0.123727E+00   0.266867E+00   0.274945E+00
 0.331205E+01   0.132367E+01   0.123632E+00   0.266816E+00   0.274945E+00
 0.332229E+01   0.132340E+01   0.123537E+00   0.266765E+00   0.274945E+00
 0.333254E+01   0.132312E+01   0.123442E+00   0.266714E+00   0.274945E+00
 0.334282E+01   0.132284E+01   0.123346E+00   0.266662E+00   0.274945E+00
 0.335311E+01   0.132256E+01   0.123250E+00   0.266610E+00   0.274945E+00
 0.336341E+01   0.132227E+01   0.123153E+00   0.266558E+00   0.274945E+00
 0.337374E+01   0.132199E+01   0.123056E+00   0.266506E+00   0.274945E+00
 0.338408E+01   0.132170E+01   0.122959E+00   0.266453E+00   0.274945E+00
 0.339443E+01   0.132142E+01   0.122861E+00   0.266400E+00   0.274945E+00
 0.340481E+01   0.132113E+01   0.122762E+00   0.266347E+00   0.274945E+00
 0.341519E+01   0.132084E+01   0.122664E+00   0.266293E+00   0.274945E+00
 0.342560E+01   0.132055E+01   0.122564E+00   0.266239E+00   0.274945E+00
 0.343603E+01   0.132025E+01   0.122465E+00   0.266185E+00   0.274945E+00
 0.344647E+01   0.131996E+01   0.122365E+00   0.266131E+00   0.274945E+00
 0.345693E+01   0.131966E+01   0.122264E+00   0.266077E+00   0.274945E+00
 0.346740E+01   0.131937E+01   0.122163E+00   0.266022E+00   0.274945E+00
 0.347789E+01   0.131907E+01   0.122062E+00   0.265967E+00   0.274945E+00
 0.348860E+01   0.131876E+01   0.121958E+00   0.265910E+00   0.274945E+00
 0.349913E+01   0.131846E+01   0.121856E+00   0.265855E+00   0.274945E+00
 0.350968E+01   0.131816E+01   0.121753E+00   0.265799E+00   0.274945E+00
 0.352024E+01   0.131785E+01   0.121650E+00   0.265743E+00   0.274945E+00
 0.353082E+01   0.131755E+01   0.121547E+00   0.265686E+00   0.274945E+00
 0.354142E+01   0.131724E+01   0.121443E+00   0.265629E+00   0.274945E+00
 0.355204E+01   0.131693E+01   0.121338E+00   0.265572E+00   0.274945E+00
 0.356267E+01   0.131662E+01   0.121233E+00   0.265515E+00   0.274945E+00
 0.357332E+01   0.131631E+01   0.121128E+00   0.265458E+00   0.274945E+00
 0.358398E+01   0.131600E+01   0.121022E+00   0.265400E+00   0.274945E+00
 0.359466E+01   0.131568E+01   0.120916E+00   0.265342E+00   0.274945E+00
 0.360536E+01   0.131537E+01   0.120809E+00   0.265283E+00   0.274945E+00
 0.361608E+01   0.131505E+01   0.120702E+00   0.265225E+00   0.274945E+00
 0.362681E+01   0.131473E+01   0.120594E+00   0.265166E+00   0.274945E+00
 0.363756E+01   0.131441E+01   0.120486E+00   0.265106E+00   0.274945E+00
 0.364833E+01   0.131409E+01   0.120378E+00   0.265047E+00   0.274945E+00
 0.365911E+01   0.131376E+01   0.120269E+00   0.264987E+00   0.274945E+00
 0.366991E+01   0.131344E+01   0.120160E+00   0.264927E+00   0.274945E+00
 0.368072E+01   0.131311E+01   0.120050E+00   0.264867E+00   0.274945E+00
 0.369155E+01   0.131278E+01   0.119940E+00   0.264806E+00   0.274945E+00
 0.370240E+01   0.131245E+01   0.119829E+00   0.264745E+00   0.274945E+00
 0.371327E+01   0.131212E+01   0.119718E+00   0.264684E+00   0.274945E+00
 0.372415E+01   0.131179E+01   0.119606E+00   0.264622E+00   0.274945E+00
 0.373505E+01   0.131146E+01   0.119494E+00   0.264560E+00   0.274945E+00
 0.374596E+01   0.131112E+01   0.119381E+00   0.264498E+00   0.274945E+00
 0.375690E+01   0.131078E+01   0.119268E+00   0.264436E+00   0.274945E+00
 0.376784E+01   0.131044E+01   0.119155E+00   0.264373E+00   0.274945E+00
 0.377881E+01   0.131010E+01   0.119041E+00   0.264310E+00   0.274945E+00
 0.378979E+01   0.130976E+01   0.118927E+00   0.264247E+00   0.274945E+00
 0.380079E+01   0.130942E+01   0.118812E+00   0.264183E+00   0.274945E+00
 0.381180E+01   0.130907E+01   0.118697E+00   0.264119E+00   0.274945E+00
 0.382283E+01   0.130872E+01   0.118581E+00   0.264055E+00   0.274945E+00
 0.383388E+01   0.130838E+01   0.118465E+00   0.263991E+00   0.274945E+00
 0.384494E+01   0.130803E+01   0.118348E+00   0.263926E+00   0.274945E+00
 0.385603E+01   0.130767E+01   0.118231E+00   0.263861E+00   0.274945E+00
 0.386712E+01   0.130732E+01   0.118113E+00   0.263796E+00   0.274945E+00
 0.387824E+01   0.130697E+01   0.117995E+00   0.263730E+00   0.274945E+00
 0.388937E+01   0.130661E+01   0.117877E+00   0.263664E+00   0.274945E+00
 0.390051E+01   0.130625E+01   0.117758E+00   0.263598E+00   0.274945E+00
 0.391168E+01   0.130589E+01   0.117638E+00   0.263531E+00   0.274945E+00
 0.392286E+01   0.130553E+01   0.117518E+00   0.263464E+00   0.274945E+00
 0.393405E+01   0.130517E+01   0.117398E+00   0.263397E+00   0.274945E+00
 0.394526E+01   0.130480E+01   0.117277E+00   0.263329E+00   0.274945E+00
 0.395649E+01   0.130444E+01   0.117156E+00   0.263261E+00   0.274945E+00
 0.396773E+01   0.130407E+01   0.117034E+00   0.263193E+00   0.274945E+00
 0.397899E+01   0.130370E+01   0.116912E+00   0.263125E+00   0.274945E+00
 0.399027E+01   0.130333E+01   0.116789E+00   0.263056E+00   0.274945E+00
 0.400156E+01   0.130295E+01   0.116666E+00   0.262987E+00   0.274945E+00
 0.401287E+01   0.130258E+01   0.116542E+00   0.262918E+00   0.274945E+00
 0.402420E+01   0.130220E+01   0.116418E+00   0.262848E+00   0.274945E+00
 0.403554E+01   0.130182E+01   0.116293E+00   0.262778E+00   0.274945E+00
 0.404690E+01   0.130144E+01   0.116168E+00   0.262707E+00   0.274945E+00
 0.405827E+01   0.130106E+01   0.116043E+00   0.262637E+00   0.274945E+00
 0.406966E+01   0.130068E+01   0.115917E+00   0.262566E+00   0.274945E+00
 0.408107E+01   0.130029E+01   0.115790E+00   0.262494E+00   0.274945E+00
 0.409249E+01   0.129991E+01   0.115663E+00   0.262423E+00   0.274945E+00
 0.410392E+01   0.129952E+01   0.115536E+00   0.262351E+00   0.274945E+00
 0.411538E+01   0.129913E+01   0.115408E+00   0.262278E+00   0.274945E+00
 0.412685E+01   0.129874E+01   0.115279E+00   0.262206E+00   0.274945E+00
 0.413833E+01   0.129834E+01   0.115150E+00   0.262133E+00   0.274945E+00
 0.414984E+01   0.129795E+01   0.115021E+00   0.262060E+00   0.274945E+00
 0.416135E+01   0.129755E+01   0.114891E+00   0.261986E+00   0.274945E+00
 0.417289E+01   0.129715E+01   0.114761E+00   0.261912E+00   0.274945E+00
 0.418444E+01   0.129675E+01   0.114630E+00   0.261838E+00   0.274945E+00
 0.419600E+01   0.129635E+01   0.114499E+00   0.261763E+00   0.274945E+00
 0.420759E+01   0.129595E+01   0.114367E+00   0.261688E+00   0.274945E+00
 0.421919E+01   0.129554E+01   0.114235E+00   0.261613E+00   0.274945E+00
 0.423080E+01   0.129513E+01   0.114102E+00   0.261537E+00   0.274945E+00
 0.424243E+01   0.129472E+01   0.113969E+00   0.261461E+00   0.274945E+00
 0.425408E+01   0.129431E+01   0.113835E+00   0.261385E+00   0.274945E+00
 0.426574E+01   0.129390E+01   0.113701E+00   0.261308E+00   0.274945E+00
 0.427742E+01   0.129349E+01   0.113566E+00   0.261231E+00   0.274945E+00
 0.428911E+01   0.129307E+01   0.113431E+00   0.261154E+00   0.274945E+00
 0.430082E+01   0.129265E+01   0.113295E+00   0.261076E+00   0.274945E+00
 0.431254E+01   0.129223E+01   0.113159E+00   0.260998E+00   0.274945E+00
 0.432428E+01   0.129181E+01   0.113022E+00   0.260920E+00   0.274945E+00
 0.433605E+01   0.129139E+01   0.112885E+00   0.260841E+00   0.274945E+00
 0.434784E+01   0.129096E+01   0.112747E+00   0.260762E+00   0.274945E+00
 0.435963E+01   0.129053E+01   0.112609E+00   0.260682E+00   0.274945E+00
 0.437145E+01   0.129010E+01   0.112470E+00   0.260603E+00   0.274945E+00
 0.438329E+01   0.128967E+01   0.112331E+00   0.260522E+00   0.274945E+00
 0.439513E+01   0.128924E+01   0.112191E+00   0.260442E+00   0.274945E+00
 0.440700E+01   0.128880E+01   0.112051E+00   0.260361E+00   0.274945E+00
 0.441888E+01   0.128836E+01   0.111910E+00   0.260280E+00   0.274945E+00
 0.443077E+01   0.128792E+01   0.111769E+00   0.260198E+00   0.274945E+00
 0.444269E+01   0.128748E+01   0.111627E+00   0.260116E+00   0.274945E+00
 0.445461E+01   0.128704E+01   0.111485E+00   0.260034E+00   0.274945E+00
 0.446655E+01   0.128660E+01   0.111343E+00   0.259951E+00   0.274945E+00
 0.447851E+01   0.128615E+01   0.111199E+00   0.259868E+00   0.274945E+00
 0.449049E+01   0.128570E+01   0.111056E+00   0.259784E+00   0.274945E+00
 0.450248E+01   0.128525E+01   0.110912E+00   0.259701E+00   0.274945E+00
 0.451448E+01   0.128480E+01   0.110767E+00   0.259617E+00   0.274945E+00
 0.452650E+01   0.128434E+01   0.110622E+00   0.259532E+00   0.274945E+00
 0.453854E+01   0.128389E+01   0.110476E+00   0.259447E+00   0.274945E+00
 0.455059E+01   0.128343E+01   0.110330E+00   0.259362E+00   0.274945E+00
 0.456265E+01   0.128297E+01   0.110183E+00   0.259276E+00   0.274945E+00
 0.457474E+01   0.128251E+01   0.110036E+00   0.259190E+00   0.274945E+00
 0.458683E+01   0.128204E+01   0.109888E+00   0.259104E+00   0.274945E+00
 0.459894E+01   0.128158E+01   0.109740E+00   0.259017E+00   0.274945E+00
 0.461107E+01   0.128111E+01   0.109592E+00   0.258930E+00   0.274945E+00
 0.462321E+01   0.128064E+01   0.109443E+00   0.258842E+00   0.274945E+00
 0.463537E+01   0.128017E+01   0.109293E+00   0.258755E+00   0.274945E+00
 0.464755E+01   0.127969E+01   0.109143E+00   0.258666E+00   0.274945E+00
 0.465973E+01   0.127922E+01   0.108992E+00   0.258578E+00   0.274945E+00
 0.467194E+01   0.127874E+01   0.108841E+00   0.258489E+00   0.274945E+00
 0.468416E+01   0.127826E+01   0.108690E+00   0.258399E+00   0.274945E+00
 0.469639E+01   0.127778E+01   0.108537E+00   0.258310E+00   0.274945E+00
 0.470864E+01   0.127729E+01   0.108385E+00   0.258219E+00   0.274945E+00
 0.472090E+01   0.127681E+01   0.108232E+00   0.258129E+00   0.274945E+00
 0.473318E+01   0.127632E+01   0.108078E+00   0.258038E+00   0.274945E+00
 0.474547E+01   0.127583E+01   0.107924E+00   0.257947E+00   0.274945E+00
 0.475778E+01   0.127534E+01   0.107770E+00   0.257855E+00   0.274945E+00
 0.477010E+01   0.127484E+01   0.107614E+00   0.257763E+00   0.274945E+00
 0.478244E+01   0.127435E+01   0.107459E+00   0.257670E+00   0.274945E+00
 0.479479E+01   0.127385E+01   0.107303E+00   0.257578E+00   0.274945E+00
 0.480716E+01   0.127335E+01   0.107146E+00   0.257484E+00   0.274945E+00
 0.481954E+01   0.127285E+01   0.106989E+00   0.257391E+00   0.274945E+00
 0.483194E+01   0.127234E+01   0.106832E+00   0.257297E+00   0.274945E+00
 0.484435E+01   0.127184E+01   0.106674E+00   0.257202E+00   0.274945E+00
 0.485678E+01   0.127133E+01   0.106515E+00   0.257107E+00   0.274945E+00
 0.486923E+01   0.127082E+01   0.106356E+00   0.257012E+00   0.274945E+00
 0.488169E+01   0.127031E+01   0.106196E+00   0.256916E+00   0.274945E+00
 0.489416E+01   0.126979E+01   0.106036E+00   0.256820E+00   0.274945E+00
 0.490665E+01   0.126927E+01   0.105876E+00   0.256724E+00   0.274945E+00
 0.491914E+01   0.126876E+01   0.105715E+00   0.256627E+00   0.274945E+00
 0.493166E+01   0.126824E+01   0.105553E+00   0.256530E+00   0.274945E+00
 0.494419E+01   0.126771E+01   0.105391E+00   0.256432E+00   0.274945E+00
 0.495673E+01   0.126719E+01   0.105228E+00   0.256334E+00   0.274945E+00
 0.496929E+01   0.126666E+01   0.105065E+00   0.256235E+00   0.274945E+00
 0.498186E+01   0.126613E+01   0.104902E+00   0.256136E+00   0.274945E+00
 0.499445E+01   0.126560E+01   0.104738E+00   0.256037E+00   0.274945E+00
 0.500705E+01   0.126506E+01   0.104573E+00   0.255937E+00   0.274945E+00
 0.501969E+01   0.126453E+01   0.104408E+00   0.255837E+00   0.274945E+00
 0.503235E+01   0.126399E+01   0.104242E+00   0.255736E+00   0.274945E+00
 0.504502E+01   0.126345E+01   0.104076E+00   0.255635E+00   0.274945E+00
 0.505771E+01   0.126290E+01   0.103909E+00   0.255533E+00   0.274945E+00
 0.507042E+01   0.126236E+01   0.103741E+00   0.255431E+00   0.274945E+00
 0.508314E+01   0.126181E+01   0.103573E+00   0.255329E+00   0.274945E+00
 0.509587E+01   0.126126E+01   0.103405E+00   0.255226E+00   0.274945E+00
 0.510861E+01   0.126071E+01   0.103236E+00   0.255123E+00   0.274945E+00
 0.512137E+01   0.126015E+01   0.103066E+00   0.255019E+00   0.274945E+00
 0.513415E+01   0.125960E+01   0.102897E+00   0.254915E+00   0.274945E+00
 0.514694E+01   0.125904E+01   0.102726E+00   0.254810E+00   0.274945E+00
 0.515974E+01   0.125847E+01   0.102555E+00   0.254705E+00   0.274945E+00
 0.517256E+01   0.125791E+01   0.102384E+00   0.254600E+00   0.274945E+00
 0.518539E+01   0.125735E+01   0.102212E+00   0.254494E+00   0.274945E+00
 0.519823E+01   0.125678E+01   0.102040E+00   0.254387E+00   0.274945E+00
 0.521109E+01   0.125621E+01   0.101867E+00   0.254281E+00   0.274945E+00
 0.522396E+01   0.125563E+01   0.101693E+00   0.254173E+00   0.274945E+00
 0.523685E+01   0.125506E+01   0.101519E+00   0.254066E+00   0.274945E+00
 0.524975E+01   0.125448E+01   0.101345E+00   0.253957E+00   0.274945E+00
 0.526267E+01   0.125390E+01   0.101170E+00   0.253849E+00   0.274945E+00
 0.527560E+01   0.125332E+01   0.100995E+00   0.253740E+00   0.274945E+00
 0.528854E+01   0.125274E+01   0.100819E+00   0.253630E+00   0.274945E+00
 0.530150E+01   0.125215E+01   0.100642E+00   0.253521E+00   0.274945E+00
 0.531447E+01   0.125156E+01   0.100466E+00   0.253410E+00   0.274945E+00
 0.532745E+01   0.125097E+01   0.100288E+00   0.253299E+00   0.274945E+00
 0.534045E+01   0.125038E+01   0.100110E+00   0.253188E+00   0.274945E+00
 0.535346E+01   0.124978E+01   0.999320E-01   0.253077E+00   0.274945E+00
 0.536648E+01   0.124918E+01   0.997531E-01   0.252964E+00   0.274945E+00
 0.537952E+01   0.124858E+01   0.995738E-01   0.252852E+00   0.274945E+00
 0.539258E+01   0.124798E+01   0.993940E-01   0.252739E+00   0.274945E+00
 0.540564E+01   0.124738E+01   0.992137E-01   0.252625E+00   0.274945E+00
 0.541872E+01   0.124677E+01   0.990329E-01   0.252511E+00   0.274945E+00
 0.543181E+01   0.124616E+01   0.988516E-01   0.252397E+00   0.274945E+00
 0.544491E+01   0.124555E+01   0.986699E-01   0.252282E+00   0.274945E+00
 0.545803E+01   0.124493E+01   0.984876E-01   0.252167E+00   0.274945E+00
 0.547116E+01   0.124431E+01   0.983049E-01   0.252051E+00   0.274945E+00
 0.548431E+01   0.124370E+01   0.981217E-01   0.251935E+00   0.274945E+00
 0.549747E+01   0.124307E+01   0.979379E-01   0.251818E+00   0.274945E+00
 0.551064E+01   0.124245E+01   0.977537E-01   0.251701E+00   0.274945E+00
 0.552382E+01   0.124182E+01   0.975691E-01   0.251583E+00   0.274945E+00
 0.553702E+01   0.124119E+01   0.973839E-01   0.251465E+00   0.274945E+00
 0.555023E+01   0.124056E+01   0.971983E-01   0.251346E+00   0.274945E+00
 0.556345E+01   0.123993E+01   0.970122E-01   0.251227E+00   0.274945E+00
 0.557669E+01   0.123929E+01   0.968255E-01   0.251107E+00   0.274945E+00
 0.558994E+01   0.123865E+01   0.966384E-01   0.250987E+00   0.274945E+00
 0.560341E+01   0.123800E+01   0.964479E-01   0.250865E+00   0.274945E+00
 0.561673E+01   0.123736E+01   0.962592E-01   0.250744E+00   0.274945E+00
 0.563007E+01   0.123671E+01   0.960700E-01   0.250622E+00   0.274945E+00
 0.564341E+01   0.123606E+01   0.958803E-01   0.250499E+00   0.274945E+00
 0.565677E+01   0.123540E+01   0.956901E-01   0.250376E+00   0.274945E+00
 0.567015E+01   0.123475E+01   0.954995E-01   0.250253E+00   0.274945E+00
 0.568353E+01   0.123409E+01   0.953084E-01   0.250129E+00   0.274945E+00
 0.569693E+01   0.123343E+01   0.951168E-01   0.250005E+00   0.274945E+00
 0.571034E+01   0.123276E+01   0.949248E-01   0.249880E+00   0.274945E+00
 0.572376E+01   0.123210E+01   0.947322E-01   0.249755E+00   0.274945E+00
 0.573720E+01   0.123143E+01   0.945392E-01   0.249629E+00   0.274945E+00
 0.575065E+01   0.123076E+01   0.943457E-01   0.249502E+00   0.274945E+00
 0.576410E+01   0.123009E+01   0.941518E-01   0.249375E+00   0.274945E+00
 0.577758E+01   0.122941E+01   0.939574E-01   0.249248E+00   0.274945E+00
 0.579106E+01   0.122873E+01   0.937625E-01   0.249120E+00   0.274945E+00
 0.580456E+01   0.122805E+01   0.935671E-01   0.248992E+00   0.274945E+00
 0.581807E+01   0.122737E+01   0.933713E-01   0.248863E+00   0.274945E+00
 0.583159E+01   0.122668E+01   0.931750E-01   0.248734E+00   0.274945E+00
 0.584512E+01   0.122599E+01   0.929783E-01   0.248604E+00   0.274945E+00
 0.585867E+01   0.122530E+01   0.927810E-01   0.248474E+00   0.274945E+00
 0.587222E+01   0.122460E+01   0.925834E-01   0.248343E+00   0.274945E+00
 0.588579E+01   0.122391E+01   0.923852E-01   0.248211E+00   0.274945E+00
 0.589937E+01   0.122321E+01   0.921866E-01   0.248079E+00   0.274945E+00
 0.591297E+01   0.122251E+01   0.919876E-01   0.247947E+00   0.274945E+00
 0.592657E+01   0.122180E+01   0.917880E-01   0.247814E+00   0.274945E+00
 0.594019E+01   0.122109E+01   0.915881E-01   0.247681E+00   0.274945E+00
 0.595381E+01   0.122038E+01   0.913877E-01   0.247547E+00   0.274945E+00
 0.596745E+01   0.121967E+01   0.911868E-01   0.247412E+00   0.274945E+00
 0.598110E+01   0.121896E+01   0.909855E-01   0.247277E+00   0.274945E+00
 0.599476E+01   0.121824E+01   0.907837E-01   0.247142E+00   0.274945E+00
 0.600844E+01   0.121752E+01   0.905815E-01   0.247006E+00   0.274945E+00
 0.602212E+01   0.121679E+01   0.903788E-01   0.246869E+00   0.274945E+00
 0.603582E+01   0.121607E+01   0.901757E-01   0.246732E+00   0.274945E+00
 0.604953E+01   0.121534E+01   0.899721E-01   0.246594E+00   0.274945E+00
 0.606325E+01   0.121461E+01   0.897681E-01   0.246456E+00   0.274945E+00
 0.607697E+01   0.121387E+01   0.895636E-01   0.246317E+00   0.274945E+00
 0.609072E+01   0.121314E+01   0.893587E-01   0.246178E+00   0.274945E+00
 0.610447E+01   0.121240E+01   0.891534E-01   0.246038E+00   0.274945E+00
 0.611823E+01   0.121166E+01   0.889476E-01   0.245898E+00   0.274945E+00
 0.613192E+01   0.121092E+01   0.887427E-01   0.245758E+00   0.274945E+00
 0.614579E+01   0.121016E+01   0.885347E-01   0.245616E+00   0.274945E+00
 0.615967E+01   0.120941E+01   0.883264E-01   0.245473E+00   0.274945E+00
 0.617356E+01   0.120865E+01   0.881177E-01   0.245330E+00   0.274945E+00
 0.618746E+01   0.120789E+01   0.879085E-01   0.245186E+00   0.274945E+00
 0.620137E+01   0.120713E+01   0.876988E-01   0.245041E+00   0.274945E+00
 0.621529E+01   0.120636E+01   0.874888E-01   0.244896E+00   0.274945E+00
 0.622922E+01   0.120559E+01   0.872783E-01   0.244751E+00   0.274945E+00
 0.624316E+01   0.120482E+01   0.870674E-01   0.244605E+00   0.274945E+00
 0.625712E+01   0.120405E+01   0.868561E-01   0.244458E+00   0.274945E+00
 0.627108E+01   0.120327E+01   0.866443E-01   0.244311E+00   0.274945E+00
 0.628505E+01   0.120249E+01   0.864322E-01   0.244163E+00   0.274945E+00
 0.629903E+01   0.120171E+01   0.862196E-01   0.244015E+00   0.274945E+00
 0.631302E+01   0.120092E+01   0.860066E-01   0.243866E+00   0.274945E+00
 0.632703E+01   0.120013E+01   0.857932E-01   0.243716E+00   0.274945E+00
 0.634104E+01   0.119934E+01   0.855793E-01   0.243566E+00   0.274945E+00
 0.635507E+01   0.119855E+01   0.853650E-01   0.243416E+00   0.274945E+00
 0.636910E+01   0.119775E+01   0.851504E-01   0.243265E+00   0.274945E+00
 0.638314E+01   0.119695E+01   0.849353E-01   0.243113E+00   0.274945E+00
 0.639719E+01   0.119615E+01   0.847199E-01   0.242961E+00   0.274945E+00
 0.641125E+01   0.119534E+01   0.845040E-01   0.242808E+00   0.274945E+00
 0.642532E+01   0.119453E+01   0.842878E-01   0.242654E+00   0.274945E+00
 0.643940E+01   0.119372E+01   0.840711E-01   0.242500E+00   0.274945E+00
 0.645349E+01   0.119290E+01   0.838541E-01   0.242346E+00   0.274945E+00
 0.646759E+01   0.119209E+01   0.836367E-01   0.242190E+00   0.274945E+00
 0.648170E+01   0.119127E+01   0.834188E-01   0.242035E+00   0.274945E+00
 0.649581E+01   0.119044E+01   0.832006E-01   0.241878E+00   0.274945E+00
 0.650994E+01   0.118962E+01   0.829819E-01   0.241721E+00   0.274945E+00
 0.652407E+01   0.118879E+01   0.827630E-01   0.241564E+00   0.274945E+00
 0.653822E+01   0.118796E+01   0.825436E-01   0.241406E+00   0.274945E+00
 0.655237E+01   0.118712E+01   0.823238E-01   0.241247E+00   0.274945E+00
 0.656653E+01   0.118628E+01   0.821037E-01   0.241088E+00   0.274945E+00
 0.657774E+01   0.118562E+01   0.819292E-01   0.240961E+00   0.274945E+00
 0.658937E+01   0.118492E+01   0.817481E-01   0.240830E+00   0.274945E+00
 0.660368E+01   0.118407E+01   0.815251E-01   0.240668E+00   0.274945E+00
 0.661799E+01   0.118322E+01   0.813018E-01   0.240505E+00   0.274945E+00
 0.663231E+01   0.118236E+01   0.810781E-01   0.240341E+00   0.274945E+00
 0.664663E+01   0.118149E+01   0.808540E-01   0.240177E+00   0.274945E+00
 0.666097E+01   0.118063E+01   0.806296E-01   0.240013E+00   0.274945E+00
 0.667531E+01   0.117976E+01   0.804048E-01   0.239848E+00   0.274945E+00
 0.668966E+01   0.117889E+01   0.801796E-01   0.239682E+00   0.274945E+00
 0.670402E+01   0.117802E+01   0.799542E-01   0.239515E+00   0.274945E+00
 0.671839E+01   0.117714E+01   0.797283E-01   0.239348E+00   0.274945E+00
 0.673276E+01   0.117626E+01   0.795021E-01   0.239181E+00   0.274945E+00
 0.674714E+01   0.117538E+01   0.792756E-01   0.239012E+00   0.274945E+00
 0.676152E+01   0.117449E+01   0.790488E-01   0.238843E+00   0.274945E+00
 0.677592E+01   0.117360E+01   0.788216E-01   0.238674E+00   0.274945E+00
 0.679032E+01   0.117271E+01   0.785940E-01   0.238504E+00   0.274945E+00
 0.680473E+01   0.117181E+01   0.783661E-01   0.238333E+00   0.274945E+00
 0.681914E+01   0.117091E+01   0.781379E-01   0.238162E+00   0.274945E+00
 0.683357E+01   0.117001E+01   0.779094E-01   0.237990E+00   0.274945E+00
 0.684800E+01   0.116910E+01   0.776805E-01   0.237817E+00   0.274945E+00
 0.686243E+01   0.116820E+01   0.774513E-01   0.237644E+00   0.274945E+00
 0.687688E+01   0.116729E+01   0.772218E-01   0.237470E+00   0.274945E+00
 0.689132E+01   0.116637E+01   0.769920E-01   0.237295E+00   0.274945E+00
 0.690578E+01   0.116545E+01   0.767618E-01   0.237120E+00   0.274945E+00
 0.692024E+01   0.116453E+01   0.765314E-01   0.236944E+00   0.274945E+00
 0.693471E+01   0.116361E+01   0.763006E-01   0.236768E+00   0.274945E+00
 0.694919E+01   0.116268E+01   0.760695E-01   0.236591E+00   0.274945E+00
 0.696367E+01   0.116175E+01   0.758381E-01   0.236413E+00   0.274945E+00
 0.697816E+01   0.116082E+01   0.756064E-01   0.236235E+00   0.274945E+00
 0.699265E+01   0.115988E+01   0.753745E-01   0.236056E+00   0.274945E+00
 0.700715E+01   0.115894E+01   0.751422E-01   0.235876E+00   0.274945E+00
 0.702225E+01   0.115796E+01   0.749001E-01   0.235689E+00   0.274945E+00
 0.703693E+01   0.115700E+01   0.746645E-01   0.235505E+00   0.274945E+00
 0.705162E+01   0.115604E+01   0.744287E-01   0.235322E+00   0.274945E+00
 0.706631E+01   0.115508E+01   0.741925E-01   0.235137E+00   0.274945E+00
 0.708100E+01   0.115411E+01   0.739562E-01   0.234952E+00   0.274945E+00
 0.709570E+01   0.115314E+01   0.737195E-01   0.234767E+00   0.274945E+00
 0.711040E+01   0.115216E+01   0.734826E-01   0.234580E+00   0.274945E+00
 0.712511E+01   0.115119E+01   0.732454E-01   0.234393E+00   0.274945E+00
 0.713982E+01   0.115021E+01   0.730080E-01   0.234206E+00   0.274945E+00
 0.715454E+01   0.114922E+01   0.727703E-01   0.234017E+00   0.274945E+00
 0.716925E+01   0.114824E+01   0.725325E-01   0.233828E+00   0.274945E+00
 0.718397E+01   0.114725E+01   0.722943E-01   0.233639E+00   0.274945E+00
 0.719870E+01   0.114625E+01   0.720559E-01   0.233448E+00   0.274945E+00
 0.721343E+01   0.114526E+01   0.718173E-01   0.233257E+00   0.274945E+00
 0.722816E+01   0.114426E+01   0.715784E-01   0.233066E+00   0.274945E+00
 0.724288E+01   0.114326E+01   0.713396E-01   0.232874E+00   0.274945E+00
 0.725758E+01   0.114225E+01   0.711010E-01   0.232681E+00   0.274945E+00
 0.727226E+01   0.114125E+01   0.708625E-01   0.232488E+00   0.274945E+00
 0.728692E+01   0.114024E+01   0.706241E-01   0.232295E+00   0.274945E+00
 0.730156E+01   0.113923E+01   0.703858E-01   0.232101E+00   0.274945E+00
 0.731619E+01   0.113822E+01   0.701477E-01   0.231907E+00   0.274945E+00
 0.733080E+01   0.113721E+01   0.699097E-01   0.231713E+00   0.274945E+00
 0.734539E+01   0.113619E+01   0.696719E-01   0.231518E+00   0.274945E+00
 0.735996E+01   0.113517E+01   0.694341E-01   0.231323E+00   0.274945E+00
 0.737452E+01   0.113415E+01   0.691965E-01   0.231127E+00   0.274945E+00
 0.739854E+01   0.113247E+01   0.688040E-01   0.230803E+00   0.274945E+00
 0.741301E+01   0.113145E+01   0.685674E-01   0.230607E+00   0.274945E+00
 0.742746E+01   0.113042E+01   0.683310E-01   0.230410E+00   0.274945E+00
 0.744189E+01   0.112940E+01   0.680948E-01   0.230213E+00   0.274945E+00
 0.745630E+01   0.112837E+01   0.678588E-01   0.230016E+00   0.274945E+00
 0.747069E+01   0.112734E+01   0.676229E-01   0.229818E+00   0.274945E+00
 0.748506E+01   0.112632E+01   0.673873E-01   0.229620E+00   0.274945E+00
 0.749941E+01   0.112528E+01   0.671519E-01   0.229422E+00   0.274945E+00
 0.751374E+01   0.112425E+01   0.669166E-01   0.229223E+00   0.274945E+00
 0.752805E+01   0.112322E+01   0.666816E-01   0.229024E+00   0.274945E+00
 0.754234E+01   0.112218E+01   0.664467E-01   0.228825E+00   0.274945E+00
 0.755661E+01   0.112114E+01   0.662121E-01   0.228625E+00   0.274945E+00
 0.757086E+01   0.112010E+01   0.659776E-01   0.228425E+00   0.274945E+00
 0.758509E+01   0.111906E+01   0.657434E-01   0.228224E+00   0.274945E+00
 0.759931E+01   0.111802E+01   0.655093E-01   0.228023E+00   0.274945E+00
 0.761350E+01   0.111697E+01   0.652755E-01   0.227822E+00   0.274945E+00
 0.762768E+01   0.111593E+01   0.650418E-01   0.227620E+00   0.274945E+00
 0.764183E+01   0.111488E+01   0.648084E-01   0.227418E+00   0.274945E+00
 0.765597E+01   0.111383E+01   0.645751E-01   0.227215E+00   0.274945E+00
 0.767009E+01   0.111278E+01   0.643421E-01   0.227012E+00   0.274945E+00
 0.768419E+01   0.111172E+01   0.641093E-01   0.226809E+00   0.274945E+00
 0.769827E+01   0.111067E+01   0.638767E-01   0.226606E+00   0.274945E+00
 0.771233E+01   0.110961E+01   0.636443E-01   0.226401E+00   0.274945E+00
 0.772638E+01   0.110855E+01   0.634121E-01   0.226197E+00   0.274945E+00
 0.774040E+01   0.110749E+01   0.631801E-01   0.225992E+00   0.274945E+00
 0.775446E+01   0.110642E+01   0.629476E-01   0.225786E+00   0.274945E+00
 0.776839E+01   0.110536E+01   0.627170E-01   0.225581E+00   0.274945E+00
 0.778231E+01   0.110430E+01   0.624866E-01   0.225376E+00   0.274945E+00
 0.779620E+01   0.110323E+01   0.622564E-01   0.225171E+00   0.274945E+00
 0.781008E+01   0.110217E+01   0.620266E-01   0.224965E+00   0.274945E+00
 0.782393E+01   0.110110E+01   0.617969E-01   0.224759E+00   0.274945E+00
 0.783776E+01   0.110003E+01   0.615676E-01   0.224552E+00   0.274945E+00
 0.785158E+01   0.109896E+01   0.613385E-01   0.224345E+00   0.274945E+00
 0.786537E+01   0.109789E+01   0.611097E-01   0.224138E+00   0.274945E+00
 0.787914E+01   0.109682E+01   0.608812E-01   0.223930E+00   0.274945E+00
 0.789289E+01   0.109574E+01   0.606529E-01   0.223722E+00   0.274945E+00
 0.790662E+01   0.109466E+01   0.604249E-01   0.223514E+00   0.274945E+00
 0.792033E+01   0.109359E+01   0.601972E-01   0.223305E+00   0.274945E+00
 0.793402E+01   0.109251E+01   0.599698E-01   0.223096E+00   0.274945E+00
 0.794769E+01   0.109142E+01   0.597426E-01   0.222886E+00   0.274945E+00
 0.796134E+01   0.109034E+01   0.595157E-01   0.222677E+00   0.274945E+00
 0.797497E+01   0.108925E+01   0.592891E-01   0.222466E+00   0.274945E+00
 0.798858E+01   0.108817E+01   0.590628E-01   0.222256E+00   0.274945E+00
 0.800217E+01   0.108708E+01   0.588367E-01   0.222045E+00   0.274945E+00
 0.801574E+01   0.108599E+01   0.586109E-01   0.221834E+00   0.274945E+00
 0.802930E+01   0.108490E+01   0.583853E-01   0.221622E+00   0.274945E+00
 0.804283E+01   0.108380E+01   0.581601E-01   0.221410E+00   0.274945E+00
 0.805635E+01   0.108271E+01   0.579351E-01   0.221197E+00   0.274945E+00
 0.806984E+01   0.108161E+01   0.577104E-01   0.220984E+00   0.274945E+00
 0.808374E+01   0.108047E+01   0.574789E-01   0.220764E+00   0.274945E+00
 0.809714E+01   0.107938E+01   0.572559E-01   0.220552E+00   0.274945E+00
 0.811051E+01   0.107828E+01   0.570331E-01   0.220339E+00   0.274945E+00
 0.812385E+01   0.107718E+01   0.568108E-01   0.220126E+00   0.274945E+00
 0.813718E+01   0.107608E+01   0.565887E-01   0.219912E+00   0.274945E+00
 0.815048E+01   0.107498E+01   0.563670E-01   0.219698E+00   0.274945E+00
 0.816376E+01   0.107388E+01   0.561457E-01   0.219484E+00   0.274945E+00
 0.817703E+01   0.107277E+01   0.559247E-01   0.219269E+00   0.274945E+00
 0.819026E+01   0.107167E+01   0.557040E-01   0.219055E+00   0.274945E+00
 0.820348E+01   0.107056E+01   0.554836E-01   0.218839E+00   0.274945E+00
 0.821668E+01   0.106945E+01   0.552636E-01   0.218624E+00   0.274945E+00
 0.822986E+01   0.106834E+01   0.550439E-01   0.218408E+00   0.274945E+00
 0.824302E+01   0.106723E+01   0.548245E-01   0.218191E+00   0.274945E+00
 0.825615E+01   0.106611E+01   0.546054E-01   0.217975E+00   0.274945E+00
 0.826927E+01   0.106500E+01   0.543867E-01   0.217758E+00   0.274945E+00
 0.828237E+01   0.106388E+01   0.541683E-01   0.217540E+00   0.274945E+00
 0.829544E+01   0.106276E+01   0.539502E-01   0.217323E+00   0.274945E+00
 0.830850E+01   0.106164E+01   0.537325E-01   0.217105E+00   0.274945E+00
 0.832153E+01   0.106052E+01   0.535151E-01   0.216886E+00   0.274945E+00
 0.833455E+01   0.105939E+01   0.532980E-01   0.216667E+00   0.274945E+00
 0.834755E+01   0.105827E+01   0.530812E-01   0.216448E+00   0.274945E+00
 0.836052E+01   0.105714E+01   0.528648E-01   0.216228E+00   0.274945E+00
 0.837348E+01   0.105601E+01   0.526487E-01   0.216009E+00   0.274945E+00
 0.838642E+01   0.105488E+01   0.524330E-01   0.215788E+00   0.274945E+00
 0.839927E+01   0.105376E+01   0.522187E-01   0.215569E+00   0.274945E+00
 0.841208E+01   0.105263E+01   0.520050E-01   0.215349E+00   0.274945E+00
 0.842488E+01   0.105150E+01   0.517917E-01   0.215129E+00   0.274945E+00
 0.843765E+01   0.105037E+01   0.515788E-01   0.214909E+00   0.274945E+00
 0.845039E+01   0.104924E+01   0.513662E-01   0.214688E+00   0.274945E+00
 0.846312E+01   0.104811E+01   0.511541E-01   0.214468E+00   0.274945E+00
 0.847583E+01   0.104697E+01   0.509423E-01   0.214246E+00   0.274945E+00
 0.848851E+01   0.104584E+01   0.507309E-01   0.214025E+00   0.274945E+00
 0.850117E+01   0.104470E+01   0.505199E-01   0.213803E+00   0.274945E+00
 0.851381E+01   0.104357E+01   0.503093E-01   0.213581E+00   0.274945E+00
 0.852643E+01   0.104243E+01   0.500990E-01   0.213358E+00   0.274945E+00
 0.853903E+01   0.104128E+01   0.498891E-01   0.213135E+00   0.274945E+00
 0.855161E+01   0.104014E+01   0.496796E-01   0.212912E+00   0.274945E+00
 0.856416E+01   0.103900E+01   0.494705E-01   0.212688E+00   0.274945E+00
 0.857670E+01   0.103785E+01   0.492617E-01   0.212465E+00   0.274945E+00
 0.858922E+01   0.103670E+01   0.490533E-01   0.212240E+00   0.274945E+00
 0.860172E+01   0.103555E+01   0.488452E-01   0.212016E+00   0.274945E+00
 0.861419E+01   0.103440E+01   0.486376E-01   0.211791E+00   0.274945E+00
 0.862665E+01   0.103325E+01   0.484303E-01   0.211565E+00   0.274945E+00
 0.863908E+01   0.103210E+01   0.482234E-01   0.211340E+00   0.274945E+00
 0.865150E+01   0.103094E+01   0.480169E-01   0.211113E+00   0.274945E+00
 0.867091E+01   0.102913E+01   0.476941E-01   0.210759E+00   0.274945E+00
 0.868317E+01   0.102798E+01   0.474902E-01   0.210534E+00   0.274945E+00
 0.869542E+01   0.102683E+01   0.472867E-01   0.210308E+00   0.274945E+00
 0.870764E+01   0.102567E+01   0.470837E-01   0.210082E+00   0.274945E+00
 0.871983E+01   0.102452E+01   0.468810E-01   0.209856E+00   0.274945E+00
 0.873201E+01   0.102337E+01   0.466788E-01   0.209630E+00   0.274945E+00
 0.874416E+01   0.102221E+01   0.464770E-01   0.209403E+00   0.274945E+00
 0.875630E+01   0.102105E+01   0.462756E-01   0.209176E+00   0.274945E+00
 0.876841E+01   0.101989E+01   0.460746E-01   0.208949E+00   0.274945E+00
 0.878049E+01   0.101873E+01   0.458740E-01   0.208721E+00   0.274945E+00
 0.879256E+01   0.101757E+01   0.456738E-01   0.208493E+00   0.274945E+00
 0.880461E+01   0.101640E+01   0.454741E-01   0.208265E+00   0.274945E+00
 0.881664E+01   0.101524E+01   0.452747E-01   0.208036E+00   0.274945E+00
 0.882865E+01   0.101407E+01   0.450758E-01   0.207807E+00   0.274945E+00
 0.884063E+01   0.101290E+01   0.448772E-01   0.207578E+00   0.274945E+00
 0.885259E+01   0.101173E+01   0.446791E-01   0.207349E+00   0.274945E+00
 0.886454E+01   0.101056E+01   0.444814E-01   0.207119E+00   0.274945E+00
 0.887646E+01   0.100939E+01   0.442841E-01   0.206888E+00   0.274945E+00
 0.888836E+01   0.100821E+01   0.440872E-01   0.206658E+00   0.274945E+00
 0.890025E+01   0.100704E+01   0.438907E-01   0.206427E+00   0.274945E+00
 0.891211E+01   0.100586E+01   0.436945E-01   0.206195E+00   0.274945E+00
 0.892235E+01   0.100484E+01   0.435253E-01   0.205995E+00   0.274945E+00
 0.893421E+01   0.100365E+01   0.433295E-01   0.205762E+00   0.274945E+00
 0.894590E+01   0.100248E+01   0.431365E-01   0.205532E+00   0.274945E+00
 0.895756E+01   0.100131E+01   0.429440E-01   0.205302E+00   0.274945E+00
 0.896920E+01   0.100014E+01   0.427518E-01   0.205071E+00   0.274945E+00
 0.898082E+01   0.998966E+00   0.425602E-01   0.204840E+00   0.274945E+00
 0.899242E+01   0.997790E+00   0.423690E-01   0.204609E+00   0.274945E+00
 0.900400E+01   0.996613E+00   0.421783E-01   0.204378E+00   0.274945E+00
 0.901555E+01   0.995435E+00   0.419879E-01   0.204146E+00   0.274945E+00
 0.902708E+01   0.994256E+00   0.417981E-01   0.203914E+00   0.274945E+00
 0.903860E+01   0.993075E+00   0.416086E-01   0.203681E+00   0.274945E+00
 0.905009E+01   0.991893E+00   0.414196E-01   0.203449E+00   0.274945E+00
 0.906156E+01   0.990709E+00   0.412310E-01   0.203216E+00   0.274945E+00
 0.907300E+01   0.989524E+00   0.410429E-01   0.202982E+00   0.274945E+00
 0.908443E+01   0.988338E+00   0.408551E-01   0.202749E+00   0.274945E+00
 0.909584E+01   0.987150E+00   0.406679E-01   0.202515E+00   0.274945E+00
 0.910723E+01   0.985961E+00   0.404810E-01   0.202280E+00   0.274945E+00
 0.911860E+01   0.984770E+00   0.402945E-01   0.202045E+00   0.274945E+00
 0.912994E+01   0.983577E+00   0.401085E-01   0.201810E+00   0.274945E+00
 0.914127E+01   0.982384E+00   0.399230E-01   0.201575E+00   0.274945E+00
 0.915258E+01   0.981188E+00   0.397378E-01   0.201339E+00   0.274945E+00
 0.916386E+01   0.979991E+00   0.395530E-01   0.201103E+00   0.274945E+00
 0.917720E+01   0.978573E+00   0.393349E-01   0.200824E+00   0.274945E+00
 0.918830E+01   0.977388E+00   0.391534E-01   0.200590E+00   0.274945E+00
 0.919938E+01   0.976202E+00   0.389724E-01   0.200356E+00   0.274945E+00
 0.921044E+01   0.975014E+00   0.387917E-01   0.200121E+00   0.274945E+00
 0.922148E+01   0.973825E+00   0.386116E-01   0.199886E+00   0.274945E+00
 0.923250E+01   0.972635E+00   0.384319E-01   0.199651E+00   0.274945E+00
 0.924349E+01   0.971443E+00   0.382526E-01   0.199416E+00   0.274945E+00
 0.925447E+01   0.970250E+00   0.380738E-01   0.199181E+00   0.274945E+00
 0.926542E+01   0.969056E+00   0.378954E-01   0.198945E+00   0.274945E+00
 0.927635E+01   0.967861E+00   0.377175E-01   0.198708E+00   0.274945E+00
 0.928726E+01   0.966664E+00   0.375401E-01   0.198472E+00   0.274945E+00
 0.929815E+01   0.965467E+00   0.373631E-01   0.198235E+00   0.274945E+00
 0.930902E+01   0.964267E+00   0.371865E-01   0.197998E+00   0.274945E+00
 0.931987E+01   0.963066E+00   0.370104E-01   0.197761E+00   0.274945E+00
 0.933070E+01   0.961864E+00   0.368347E-01   0.197523E+00   0.274945E+00
 0.934151E+01   0.960661E+00   0.366595E-01   0.197285E+00   0.274945E+00
 0.935230E+01   0.959456E+00   0.364847E-01   0.197046E+00   0.274945E+00
 0.936307E+01   0.958249E+00   0.363104E-01   0.196808E+00   0.274945E+00
 0.937381E+01   0.957041E+00   0.361364E-01   0.196569E+00   0.274945E+00
 0.938454E+01   0.955832E+00   0.359630E-01   0.196329E+00   0.274945E+00
 0.939525E+01   0.954621E+00   0.357899E-01   0.196090E+00   0.274945E+00
 0.940627E+01   0.953372E+00   0.356120E-01   0.195842E+00   0.274945E+00
 0.941677E+01   0.952177E+00   0.354425E-01   0.195606E+00   0.274945E+00
 0.942726E+01   0.950980E+00   0.352734E-01   0.195369E+00   0.274945E+00
 0.943773E+01   0.949782E+00   0.351046E-01   0.195131E+00   0.274945E+00
 0.944818E+01   0.948582E+00   0.349364E-01   0.194894E+00   0.274945E+00
 0.945861E+01   0.947382E+00   0.347687E-01   0.194656E+00   0.274945E+00
 0.946901E+01   0.946181E+00   0.346014E-01   0.194417E+00   0.274945E+00
 0.947939E+01   0.944978E+00   0.344346E-01   0.194179E+00   0.274945E+00
 0.948976E+01   0.943774E+00   0.342682E-01   0.193940E+00   0.274945E+00
 0.950010E+01   0.942568E+00   0.341022E-01   0.193701E+00   0.274945E+00
 0.951042E+01   0.941362E+00   0.339367E-01   0.193462E+00   0.274945E+00
 0.952072E+01   0.940154E+00   0.337717E-01   0.193222E+00   0.274945E+00
 0.953100E+01   0.938945E+00   0.336071E-01   0.192982E+00   0.274945E+00
 0.954126E+01   0.937734E+00   0.334430E-01   0.192742E+00   0.274945E+00
 0.955150E+01   0.936522E+00   0.332793E-01   0.192502E+00   0.274945E+00
 0.956172E+01   0.935309E+00   0.331161E-01   0.192261E+00   0.274945E+00
 0.957193E+01   0.934094E+00   0.329533E-01   0.192020E+00   0.274945E+00
 0.958211E+01   0.932878E+00   0.327909E-01   0.191778E+00   0.274945E+00
 0.959227E+01   0.931661E+00   0.326290E-01   0.191536E+00   0.274945E+00
 0.960241E+01   0.930442E+00   0.324675E-01   0.191294E+00   0.274945E+00
 0.961254E+01   0.929222E+00   0.323065E-01   0.191052E+00   0.274945E+00
 0.962264E+01   0.928000E+00   0.321459E-01   0.190809E+00   0.274945E+00
 0.964167E+01   0.925690E+00   0.318438E-01   0.190350E+00   0.274945E+00
 0.966139E+01   0.923281E+00   0.315313E-01   0.189871E+00   0.274945E+00
 0.968102E+01   0.920867E+00   0.312207E-01   0.189391E+00   0.274945E+00
 0.970057E+01   0.918450E+00   0.309118E-01   0.188910E+00   0.274945E+00
 0.972004E+01   0.916027E+00   0.306048E-01   0.188428E+00   0.274945E+00
 0.973944E+01   0.913599E+00   0.302995E-01   0.187944E+00   0.274945E+00
 0.975875E+01   0.911166E+00   0.299960E-01   0.187460E+00   0.274945E+00
 0.977799E+01   0.908727E+00   0.296943E-01   0.186974E+00   0.274945E+00
 0.979715E+01   0.906284E+00   0.293943E-01   0.186487E+00   0.274945E+00
 0.981624E+01   0.903835E+00   0.290961E-01   0.185999E+00   0.274945E+00
 0.983506E+01   0.901405E+00   0.288026E-01   0.185514E+00   0.274945E+00
 0.985360E+01   0.898996E+00   0.285139E-01   0.185034E+00   0.274945E+00
 0.987207E+01   0.896582E+00   0.282269E-01   0.184552E+00   0.274945E+00
 0.989046E+01   0.894164E+00   0.279418E-01   0.184070E+00   0.274945E+00
 0.990877E+01   0.891742E+00   0.276584E-01   0.183586E+00   0.274945E+00
 0.992700E+01   0.889315E+00   0.273768E-01   0.183101E+00   0.274945E+00
 0.994516E+01   0.886882E+00   0.270969E-01   0.182615E+00   0.274945E+00
 0.996324E+01   0.884445E+00   0.268187E-01   0.182128E+00   0.274945E+00
 0.998125E+01   0.882003E+00   0.265423E-01   0.181640E+00   0.274945E+00
 0.999918E+01   0.879556E+00   0.262676E-01   0.181151E+00   0.274945E+00
 0.100119E+02   0.877814E+00   0.260734E-01   0.180802E+00   0.274945E+00
 0.100286E+02   0.875504E+00   0.258177E-01   0.180340E+00   0.274945E+00
 0.100460E+02   0.873100E+00   0.255538E-01   0.179859E+00   0.274945E+00
 0.100632E+02   0.870692E+00   0.252916E-01   0.179377E+00   0.274945E+00
 0.100804E+02   0.868280E+00   0.250311E-01   0.178894E+00   0.274945E+00
 0.100975E+02   0.865863E+00   0.247723E-01   0.178410E+00   0.274945E+00
 0.101145E+02   0.863442E+00   0.245152E-01   0.177925E+00   0.274945E+00
 0.101315E+02   0.861016E+00   0.242598E-01   0.177439E+00   0.274945E+00
 0.101483E+02   0.858585E+00   0.240060E-01   0.176952E+00   0.274945E+00
 0.101651E+02   0.856150E+00   0.237539E-01   0.176463E+00   0.274945E+00
 0.101819E+02   0.853709E+00   0.235034E-01   0.175974E+00   0.274945E+00
 0.101979E+02   0.851361E+00   0.232645E-01   0.175503E+00   0.274945E+00
 0.102141E+02   0.848974E+00   0.230236E-01   0.175024E+00   0.274945E+00
 0.102302E+02   0.846583E+00   0.227843E-01   0.174544E+00   0.274945E+00
 0.102462E+02   0.844188E+00   0.225467E-01   0.174063E+00   0.274945E+00
 0.102621E+02   0.841789E+00   0.223107E-01   0.173581E+00   0.274945E+00
 0.102780E+02   0.839386E+00   0.220763E-01   0.173098E+00   0.274945E+00
 0.102938E+02   0.836978E+00   0.218435E-01   0.172614E+00   0.274945E+00
 0.103096E+02   0.834565E+00   0.216123E-01   0.172129E+00   0.274945E+00
 0.103253E+02   0.832148E+00   0.213827E-01   0.171643E+00   0.274945E+00
 0.103409E+02   0.829726E+00   0.211546E-01   0.171156E+00   0.274945E+00
 0.103577E+02   0.827105E+00   0.209100E-01   0.170629E+00   0.274945E+00
 0.103727E+02   0.824741E+00   0.206915E-01   0.170153E+00   0.274945E+00
 0.103877E+02   0.822375E+00   0.204745E-01   0.169677E+00   0.274945E+00
 0.104025E+02   0.820004E+00   0.202591E-01   0.169199E+00   0.274945E+00
 0.104174E+02   0.817629E+00   0.200452E-01   0.168721E+00   0.274945E+00
 0.104321E+02   0.815251E+00   0.198328E-01   0.168242E+00   0.274945E+00
 0.104468E+02   0.812868E+00   0.196220E-01   0.167762E+00   0.274945E+00
 0.104614E+02   0.810481E+00   0.194126E-01   0.167281E+00   0.274945E+00
 0.104760E+02   0.808090E+00   0.192048E-01   0.166799E+00   0.274945E+00
 0.104905E+02   0.805694E+00   0.189984E-01   0.166316E+00   0.274945E+00
 0.105038E+02   0.803475E+00   0.188089E-01   0.165868E+00   0.274945E+00
 0.105178E+02   0.801145E+00   0.186116E-01   0.165398E+00   0.274945E+00
 0.105316E+02   0.798810E+00   0.184156E-01   0.164927E+00   0.274945E+00
 0.105454E+02   0.796471E+00   0.182211E-01   0.164455E+00   0.274945E+00
 0.105592E+02   0.794129E+00   0.180279E-01   0.163982E+00   0.274945E+00
 0.105729E+02   0.791783E+00   0.178363E-01   0.163508E+00   0.274945E+00
 0.105865E+02   0.789433E+00   0.176460E-01   0.163034E+00   0.274945E+00
 0.106000E+02   0.787079E+00   0.174571E-01   0.162558E+00   0.274945E+00
 0.106135E+02   0.784721E+00   0.172696E-01   0.162081E+00   0.274945E+00
 0.106269E+02   0.782358E+00   0.170835E-01   0.161604E+00   0.274945E+00
 0.106403E+02   0.779992E+00   0.168987E-01   0.161126E+00   0.274945E+00
 0.106558E+02   0.777222E+00   0.166847E-01   0.160565E+00   0.274945E+00
 0.106686E+02   0.774923E+00   0.165088E-01   0.160100E+00   0.274945E+00
 0.106814E+02   0.772621E+00   0.163342E-01   0.159635E+00   0.274945E+00
 0.106941E+02   0.770316E+00   0.161609E-01   0.159168E+00   0.274945E+00
 0.107067E+02   0.768007E+00   0.159890E-01   0.158701E+00   0.274945E+00
 0.107193E+02   0.765694E+00   0.158184E-01   0.158233E+00   0.274945E+00
 0.107318E+02   0.763378E+00   0.156490E-01   0.157764E+00   0.274945E+00
 0.107442E+02   0.761057E+00   0.154810E-01   0.157294E+00   0.274945E+00
 0.107566E+02   0.758734E+00   0.153142E-01   0.156823E+00   0.274945E+00
 0.107689E+02   0.756406E+00   0.151487E-01   0.156351E+00   0.274945E+00
 0.107836E+02   0.753617E+00   0.149525E-01   0.155786E+00   0.274945E+00
 0.107952E+02   0.751385E+00   0.147970E-01   0.155334E+00   0.274945E+00
 0.108069E+02   0.749125E+00   0.146410E-01   0.154875E+00   0.274945E+00
 0.108186E+02   0.746861E+00   0.144862E-01   0.154416E+00   0.274945E+00
 0.108302E+02   0.744594E+00   0.143326E-01   0.153956E+00   0.274945E+00
 0.108418E+02   0.742323E+00   0.141802E-01   0.153496E+00   0.274945E+00
 0.108533E+02   0.740050E+00   0.140290E-01   0.153034E+00   0.274945E+00
 0.108647E+02   0.737773E+00   0.138790E-01   0.152572E+00   0.274945E+00
 0.108761E+02   0.735492E+00   0.137301E-01   0.152109E+00   0.274945E+00
 0.108875E+02   0.733207E+00   0.135824E-01   0.151645E+00   0.274945E+00
 0.108988E+02   0.730919E+00   0.134359E-01   0.151180E+00   0.274945E+00
 0.109118E+02   0.728256E+00   0.132672E-01   0.150640E+00   0.274945E+00
 0.109226E+02   0.726040E+00   0.131281E-01   0.150189E+00   0.274945E+00
 0.109333E+02   0.723821E+00   0.129902E-01   0.149738E+00   0.274945E+00
 0.109440E+02   0.721599E+00   0.128534E-01   0.149287E+00   0.274945E+00
 0.109546E+02   0.719374E+00   0.127177E-01   0.148835E+00   0.274945E+00
 0.109651E+02   0.717146E+00   0.125831E-01   0.148382E+00   0.274945E+00
 0.109757E+02   0.714914E+00   0.124495E-01   0.147928E+00   0.274945E+00
 0.109861E+02   0.712679E+00   0.123171E-01   0.147473E+00   0.274945E+00
 0.109965E+02   0.710441E+00   0.121857E-01   0.147018E+00   0.274945E+00
 0.110069E+02   0.708200E+00   0.120553E-01   0.146562E+00   0.274945E+00
 0.110172E+02   0.705955E+00   0.119260E-01   0.146105E+00   0.274945E+00
 0.110296E+02   0.703240E+00   0.117713E-01   0.145552E+00   0.274945E+00
 0.110443E+02   0.699981E+00   0.115880E-01   0.144889E+00   0.274945E+00
 0.110589E+02   0.696717E+00   0.114070E-01   0.144224E+00   0.274945E+00
 0.110734E+02   0.693446E+00   0.112282E-01   0.143558E+00   0.274945E+00
 0.110878E+02   0.690169E+00   0.110516E-01   0.142890E+00   0.274945E+00
 0.111021E+02   0.686885E+00   0.108772E-01   0.142221E+00   0.274945E+00
 0.111163E+02   0.683594E+00   0.107049E-01   0.141550E+00   0.274945E+00
 0.111274E+02   0.680975E+00   0.105697E-01   0.141016E+00   0.274945E+00
 0.111413E+02   0.677701E+00   0.104027E-01   0.140348E+00   0.274945E+00
 0.111547E+02   0.674505E+00   0.102421E-01   0.139696E+00   0.274945E+00
 0.111680E+02   0.671303E+00   0.100835E-01   0.139043E+00   0.274945E+00
 0.111812E+02   0.668095E+00   0.992686E-02   0.138388E+00   0.274945E+00
 0.111943E+02   0.664880E+00   0.977220E-02   0.137732E+00   0.274945E+00
 0.112073E+02   0.661660E+00   0.961949E-02   0.137075E+00   0.274945E+00
 0.112202E+02   0.658433E+00   0.946872E-02   0.136416E+00   0.274945E+00
 0.112319E+02   0.655484E+00   0.933290E-02   0.135813E+00   0.274945E+00
 0.112439E+02   0.652406E+00   0.919301E-02   0.135184E+00   0.274945E+00
 0.112561E+02   0.649282E+00   0.905308E-02   0.134546E+00   0.274945E+00
 0.112681E+02   0.646154E+00   0.891495E-02   0.133907E+00   0.274945E+00
 0.112801E+02   0.643020E+00   0.877860E-02   0.133266E+00   0.274945E+00
 0.112919E+02   0.639880E+00   0.864399E-02   0.132624E+00   0.274945E+00
 0.113037E+02   0.636734E+00   0.851110E-02   0.131981E+00   0.274945E+00
 0.113154E+02   0.633583E+00   0.837993E-02   0.131336E+00   0.274945E+00
 0.113286E+02   0.629971E+00   0.823194E-02   0.130597E+00   0.274945E+00
 0.113398E+02   0.626879E+00   0.810725E-02   0.129964E+00   0.274945E+00
 0.113510E+02   0.623783E+00   0.798419E-02   0.129330E+00   0.274945E+00
 0.113620E+02   0.620681E+00   0.786271E-02   0.128695E+00   0.274945E+00
 0.113730E+02   0.617575E+00   0.774282E-02   0.128059E+00   0.274945E+00
 0.113839E+02   0.614463E+00   0.762447E-02   0.127422E+00   0.274945E+00
 0.113947E+02   0.611345E+00   0.750765E-02   0.126783E+00   0.274945E+00
 0.114054E+02   0.608222E+00   0.739234E-02   0.126143E+00   0.274945E+00
 0.114163E+02   0.604996E+00   0.727499E-02   0.125482E+00   0.274945E+00
 0.114263E+02   0.602025E+00   0.716848E-02   0.124873E+00   0.274945E+00
 0.114395E+02   0.598058E+00   0.702865E-02   0.124060E+00   0.274945E+00
 0.114526E+02   0.594086E+00   0.689130E-02   0.123246E+00   0.274945E+00
 0.114655E+02   0.590107E+00   0.675638E-02   0.122430E+00   0.274945E+00
 0.114783E+02   0.586121E+00   0.662383E-02   0.121612E+00   0.274945E+00
 0.114910E+02   0.582131E+00   0.649371E-02   0.120793E+00   0.274945E+00
 0.115014E+02   0.578808E+00   0.638728E-02   0.120111E+00   0.274945E+00
 0.115118E+02   0.575470E+00   0.628203E-02   0.119426E+00   0.274945E+00
 0.115221E+02   0.572117E+00   0.617794E-02   0.118738E+00   0.274945E+00
 0.115323E+02   0.568752E+00   0.607501E-02   0.118047E+00   0.274945E+00
 0.115425E+02   0.565376E+00   0.597322E-02   0.117353E+00   0.274945E+00
 0.115527E+02   0.561989E+00   0.587257E-02   0.116657E+00   0.274945E+00
 0.115636E+02   0.558335E+00   0.576551E-02   0.115907E+00   0.274945E+00
 0.115748E+02   0.554535E+00   0.565586E-02   0.115126E+00   0.274945E+00
 0.115859E+02   0.550743E+00   0.554815E-02   0.114346E+00   0.274945E+00
 0.115969E+02   0.546958E+00   0.544239E-02   0.113568E+00   0.274945E+00
 0.116078E+02   0.543179E+00   0.533856E-02   0.112791E+00   0.274945E+00
 0.116185E+02   0.539403E+00   0.523661E-02   0.112015E+00   0.274945E+00
 0.116291E+02   0.535631E+00   0.513651E-02   0.111239E+00   0.274945E+00
 0.116411E+02   0.531344E+00   0.502491E-02   0.110357E+00   0.274945E+00
 0.116535E+02   0.526847E+00   0.491036E-02   0.109432E+00   0.274945E+00
 0.116656E+02   0.522354E+00   0.479845E-02   0.108507E+00   0.274945E+00
 0.116777E+02   0.517861E+00   0.468912E-02   0.107582E+00   0.274945E+00
 0.116895E+02   0.513365E+00   0.458230E-02   0.106656E+00   0.274945E+00
 0.117013E+02   0.508819E+00   0.447685E-02   0.105720E+00   0.274945E+00
 0.117135E+02   0.504063E+00   0.436925E-02   0.104740E+00   0.274945E+00
 0.117256E+02   0.499289E+00   0.426390E-02   0.103757E+00   0.274945E+00
 0.117375E+02   0.494501E+00   0.416074E-02   0.102770E+00   0.274945E+00
 0.117493E+02   0.489701E+00   0.405974E-02   0.101781E+00   0.274945E+00
 0.117604E+02   0.485122E+00   0.396554E-02   0.100837E+00   0.274945E+00
 0.117720E+02   0.480277E+00   0.386814E-02   0.998382E-01   0.274945E+00
 0.117833E+02   0.475451E+00   0.377357E-02   0.988430E-01   0.274945E+00
 0.117945E+02   0.470634E+00   0.368176E-02   0.978495E-01   0.274945E+00
 0.118055E+02   0.465818E+00   0.359262E-02   0.968557E-01   0.274945E+00
 0.118173E+02   0.460525E+00   0.349773E-02   0.957628E-01   0.274945E+00
 0.118274E+02   0.455886E+00   0.341701E-02   0.948047E-01   0.274945E+00
 0.118391E+02   0.450495E+00   0.332534E-02   0.936908E-01   0.274945E+00
 0.118504E+02   0.445256E+00   0.323780E-02   0.926088E-01   0.274945E+00
 0.118614E+02   0.440152E+00   0.315343E-02   0.915559E-01   0.274945E+00
 0.118722E+02   0.435209E+00   0.307214E-02   0.905373E-01   0.274945E+00
 0.118832E+02   0.430121E+00   0.298980E-02   0.894899E-01   0.274945E+00
 0.118938E+02   0.425054E+00   0.291115E-02   0.884456E-01   0.274945E+00
 0.119041E+02   0.419943E+00   0.283656E-02   0.873893E-01   0.274945E+00
 0.119149E+02   0.414146E+00   0.275840E-02   0.861851E-01   0.274945E+00
 0.119261E+02   0.407732E+00   0.267931E-02   0.848428E-01   0.274945E+00
 0.119366E+02   0.401465E+00   0.260659E-02   0.835275E-01   0.274945E+00
 0.119476E+02   0.394765E+00   0.253091E-02   0.821271E-01   0.274945E+00
 0.119587E+02   0.388153E+00   0.245648E-02   0.807579E-01   0.274945E+00
 0.119690E+02   0.382026E+00   0.238821E-02   0.794931E-01   0.274945E+00
 0.119795E+02   0.375904E+00   0.231990E-02   0.782266E-01   0.274945E+00
 0.119901E+02   0.369990E+00   0.225235E-02   0.770031E-01   0.274945E+00
 0.120002E+02   0.363851E+00   0.218880E-02   0.757332E-01   0.274945E+00
 0.120104E+02   0.357002E+00   0.212605E-02   0.743159E-01   0.274945E+00
 0.120208E+02   0.350647E+00   0.206318E-02   0.730007E-01   0.274945E+00
 0.120313E+02   0.344684E+00   0.200061E-02   0.717665E-01   0.274945E+00
 0.120419E+02   0.338586E+00   0.193908E-02   0.705042E-01   0.274945E+00
 0.120527E+02   0.332365E+00   0.187713E-02   0.692160E-01   0.274945E+00
 0.120629E+02   0.326628E+00   0.182037E-02   0.680278E-01   0.274945E+00
 0.120737E+02   0.320496E+00   0.176080E-02   0.667576E-01   0.274945E+00
 0.120839E+02   0.314837E+00   0.170598E-02   0.655852E-01   0.274945E+00
 0.120945E+02   0.308943E+00   0.164965E-02   0.643638E-01   0.274945E+00
 0.121048E+02   0.303032E+00   0.159644E-02   0.631390E-01   0.274945E+00
 0.121150E+02   0.297132E+00   0.154442E-02   0.619161E-01   0.274945E+00
 0.121258E+02   0.291219E+00   0.149057E-02   0.606901E-01   0.274945E+00
 0.121369E+02   0.285264E+00   0.143653E-02   0.594553E-01   0.274945E+00
 0.121479E+02   0.279372E+00   0.138440E-02   0.582334E-01   0.274945E+00
 0.121583E+02   0.273827E+00   0.133581E-02   0.570830E-01   0.274945E+00
 0.121693E+02   0.268035E+00   0.128563E-02   0.558813E-01   0.274945E+00
 0.121799E+02   0.262477E+00   0.123828E-02   0.547280E-01   0.274945E+00
 0.121902E+02   0.257150E+00   0.119355E-02   0.536225E-01   0.274945E+00
 0.122012E+02   0.251497E+00   0.114672E-02   0.524491E-01   0.274945E+00
 0.122114E+02   0.246257E+00   0.110397E-02   0.513612E-01   0.274945E+00
 0.122225E+02   0.240636E+00   0.105883E-02   0.501938E-01   0.274945E+00
 0.122326E+02   0.235567E+00   0.101870E-02   0.491410E-01   0.274945E+00
 0.122430E+02   0.230373E+00   0.978200E-03   0.480621E-01   0.274945E+00
 0.122539E+02   0.224989E+00   0.936941E-03   0.469436E-01   0.274945E+00
 0.122649E+02   0.219597E+00   0.896353E-03   0.458232E-01   0.274945E+00
 0.122752E+02   0.214565E+00   0.859117E-03   0.447772E-01   0.274945E+00
 0.122860E+02   0.209354E+00   0.821241E-03   0.436940E-01   0.274945E+00
 0.122969E+02   0.204091E+00   0.783705E-03   0.425998E-01   0.274945E+00
 0.123072E+02   0.199189E+00   0.749413E-03   0.415803E-01   0.274945E+00
 0.123179E+02   0.194120E+00   0.714651E-03   0.405261E-01   0.274945E+00
 0.123281E+02   0.189318E+00   0.682374E-03   0.395272E-01   0.274945E+00
 0.123386E+02   0.184427E+00   0.650198E-03   0.385096E-01   0.274945E+00
 0.123490E+02   0.179568E+00   0.619013E-03   0.374984E-01   0.274945E+00
 0.123597E+02   0.174602E+00   0.587927E-03   0.364650E-01   0.274945E+00
 0.123703E+02   0.169696E+00   0.557884E-03   0.354437E-01   0.274945E+00
 0.123809E+02   0.164844E+00   0.528839E-03   0.344335E-01   0.274945E+00
 0.123912E+02   0.160155E+00   0.501476E-03   0.334571E-01   0.274945E+00
 0.124016E+02   0.155453E+00   0.474779E-03   0.324779E-01   0.274945E+00
 0.124118E+02   0.150857E+00   0.449394E-03   0.315204E-01   0.274945E+00
 0.124218E+02   0.146351E+00   0.425199E-03   0.305817E-01   0.274945E+00
 0.124324E+02   0.141572E+00   0.400256E-03   0.295858E-01   0.274945E+00
 0.124428E+02   0.136935E+00   0.376799E-03   0.286193E-01   0.274945E+00
 0.124536E+02   0.132133E+00   0.353363E-03   0.276186E-01   0.274945E+00
 0.124642E+02   0.127420E+00   0.331189E-03   0.266359E-01   0.274945E+00
 0.124747E+02   0.122741E+00   0.309910E-03   0.256603E-01   0.274945E+00
 0.124854E+02   0.118038E+00   0.289238E-03   0.246793E-01   0.274945E+00
 0.124957E+02   0.113465E+00   0.269889E-03   0.237255E-01   0.274945E+00
 0.125063E+02   0.108841E+00   0.251112E-03   0.227610E-01   0.274945E+00
 0.125167E+02   0.104249E+00   0.233262E-03   0.218028E-01   0.274945E+00
 0.125268E+02   0.998007E-01   0.216715E-03   0.208745E-01   0.274945E+00
 0.125370E+02   0.953656E-01   0.200891E-03   0.199488E-01   0.274945E+00
 0.125474E+02   0.908370E-01   0.185390E-03   0.190033E-01   0.274945E+00
 0.125575E+02   0.864828E-01   0.171113E-03   0.180941E-01   0.274945E+00
 0.125679E+02   0.820299E-01   0.157157E-03   0.171643E-01   0.274945E+00
 0.125783E+02   0.776075E-01   0.143993E-03   0.162407E-01   0.274945E+00
 0.125883E+02   0.733602E-01   0.132021E-03   0.153535E-01   0.274945E+00
 0.125985E+02   0.690754E-01   0.120551E-03   0.144582E-01   0.274945E+00
 0.126087E+02   0.648536E-01   0.109766E-03   0.135759E-01   0.274945E+00
 0.126189E+02   0.607446E-01   0.997103E-04   0.127171E-01   0.274945E+00
 0.126291E+02   0.567383E-01   0.902911E-04   0.118799E-01   0.274945E+00
 0.126393E+02   0.528149E-01   0.814751E-04   0.110602E-01   0.274945E+00
 0.126496E+02   0.489147E-01   0.732780E-04   0.102444E-01   0.274945E+00
 0.126597E+02   0.452115E-01   0.658722E-04   0.946973E-02   0.274945E+00
 0.126699E+02   0.405401E-01   0.589697E-04   0.848661E-02   0.274945E+00
 0.126799E+02   0.349947E-01   0.530982E-04   0.733568E-02   0.274945E+00
 0.126902E+02   0.316386E-01   0.478043E-04   0.663493E-02   0.274945E+00
 0.127005E+02   0.296077E-01   0.429183E-04   0.620872E-02   0.274945E+00
 0.127107E+02   0.278971E-01   0.383666E-04   0.584927E-02   0.274945E+00
 0.127209E+02   0.258979E-01   0.341077E-04   0.542931E-02   0.274945E+00
 0.127314E+02   0.236174E-01   0.300732E-04   0.495099E-02   0.274945E+00
 0.127415E+02   0.215096E-01   0.265545E-04   0.450978E-02   0.274945E+00
 0.127518E+02   0.195361E-01   0.233082E-04   0.409735E-02   0.274945E+00
 0.127621E+02   0.176828E-01   0.203814E-04   0.370986E-02   0.274945E+00
 0.127723E+02   0.159069E-01   0.177353E-04   0.333785E-02   0.274945E+00
 0.127826E+02   0.142281E-01   0.153738E-04   0.298569E-02   0.274945E+00
 0.127928E+02   0.126516E-01   0.132741E-04   0.265468E-02   0.274945E+00
 0.128030E+02   0.111850E-01   0.114341E-04   0.234679E-02   0.274945E+00
 0.128131E+02   0.981080E-02   0.981656E-05   0.205858E-02   0.274945E+00
 0.128233E+02   0.852052E-02   0.839966E-05   0.178814E-02   0.274945E+00
 0.128333E+02   0.733994E-02   0.719299E-05   0.154067E-02   0.274945E+00
 0.128433E+02   0.625651E-02   0.616481E-05   0.131327E-02   0.274945E+00
 0.128535E+02   0.525352E-02   0.528351E-05   0.110265E-02   0.274945E+00
 0.128637E+02   0.434275E-02   0.454850E-05   0.912269E-03   0.274945E+00
 0.128738E+02   0.353883E-02   0.395005E-05   0.743452E-03   0.274945E+00
 0.128838E+02   0.283777E-02   0.347215E-05   0.596471E-03   0.274945E+00
 0.128938E+02   0.223482E-02   0.309200E-05   0.469775E-03   0.274945E+00
 0.129039E+02   0.173322E-02   0.279418E-05   0.364424E-03   0.274945E+00
 0.129139E+02   0.137515E-02   0.256323E-05   0.289524E-03   0.274945E+00
 0.129239E+02   0.119151E-02   0.237626E-05   0.250709E-03   0.274945E+00
 0.129341E+02   0.115589E-02   0.219817E-05   0.243163E-03   0.274945E+00
 0.129444E+02   0.106403E-02   0.202741E-05   0.223856E-03   0.274945E+00
 0.129546E+02   0.965778E-03   0.187372E-05   0.203308E-03   0.274945E+00
 0.129648E+02   0.886963E-03   0.173470E-05   0.186782E-03   0.274945E+00
 0.129751E+02   0.825630E-03   0.160439E-05   0.173890E-03   0.274945E+00
 0.129853E+02   0.776311E-03   0.148344E-05   0.163522E-03   0.274945E+00
 0.129955E+02   0.734161E-03   0.137045E-05   0.154670E-03   0.274945E+00
 0.130056E+02   0.695009E-03   0.126447E-05   0.146455E-03   0.274945E+00
 0.130157E+02   0.654419E-03   0.116354E-05   0.137936E-03   0.274945E+00
 0.130259E+02   0.610540E-03   0.106931E-05   0.128707E-03   0.274945E+00
 0.130360E+02   0.563207E-03   0.982680E-06   0.118720E-03   0.274945E+00
 0.130461E+02   0.517606E-03   0.902903E-06   0.109115E-03   0.274945E+00
 0.130563E+02   0.477145E-03   0.828941E-06   0.100631E-03   0.274945E+00
 0.130666E+02   0.439158E-03   0.760764E-06   0.926243E-04   0.274945E+00
 0.130769E+02   0.404277E-03   0.697678E-06   0.852496E-04   0.274945E+00
 0.130874E+02   0.373602E-03   0.638564E-06   0.787773E-04   0.274945E+00
 0.130975E+02   0.348620E-03   0.585670E-06   0.735280E-04   0.274945E+00
 0.131078E+02   0.326398E-03   0.535971E-06   0.688655E-04   0.274945E+00
 0.131180E+02   0.305580E-03   0.489166E-06   0.644931E-04   0.274945E+00
 0.131284E+02   0.285343E-03   0.445237E-06   0.602297E-04   0.274945E+00
 0.131385E+02   0.266056E-03   0.405261E-06   0.561567E-04   0.274945E+00
 0.131489E+02   0.246911E-03   0.367209E-06   0.521125E-04   0.274945E+00
 0.131589E+02   0.229011E-03   0.332936E-06   0.483372E-04   0.274945E+00
 0.131695E+02   0.211369E-03   0.299879E-06   0.446221E-04   0.274945E+00
 0.131799E+02   0.195264E-03   0.269593E-06   0.412304E-04   0.274945E+00
 0.131900E+02   0.181197E-03   0.242571E-06   0.382633E-04   0.274945E+00
 0.132001E+02   0.167843E-03   0.217725E-06   0.354428E-04   0.274945E+00
 0.132103E+02   0.153612E-03   0.194392E-06   0.324382E-04   0.274945E+00
 0.132204E+02   0.138788E-03   0.173674E-06   0.293142E-04   0.274945E+00
 0.132305E+02   0.124576E-03   0.154770E-06   0.263206E-04   0.274945E+00
 0.132408E+02   0.112766E-03   0.137655E-06   0.238277E-04   0.274945E+00
 0.132509E+02   0.103205E-03   0.122333E-06   0.218067E-04   0.274945E+00
 0.132609E+02   0.946508E-04   0.108448E-06   0.199994E-04   0.274945E+00
 0.132710E+02   0.863479E-04   0.957332E-07   0.182481E-04   0.274945E+00
 0.132810E+02   0.780518E-04   0.842088E-07   0.164986E-04   0.274945E+00
 0.132912E+02   0.696106E-04   0.736889E-07   0.147153E-04   0.274945E+00
 0.133014E+02   0.618818E-04   0.643826E-07   0.130817E-04   0.274945E+00
 0.133114E+02   0.554919E-04   0.561987E-07   0.117341E-04   0.274945E+00
 0.133217E+02   0.499142E-04   0.487130E-07   0.105581E-04   0.274945E+00
 0.133319E+02   0.448021E-04   0.420376E-07   0.947647E-05   0.274945E+00
 0.133421E+02   0.399235E-04   0.360348E-07   0.844245E-05   0.274945E+00
 0.133521E+02   0.354379E-04   0.308212E-07   0.749604E-05   0.274945E+00
 0.133622E+02   0.313433E-04   0.261946E-07   0.663451E-05   0.274945E+00
 0.133724E+02   0.277240E-04   0.220757E-07   0.586904E-05   0.274945E+00
 0.133825E+02   0.242195E-04   0.184510E-07   0.512502E-05   0.274945E+00
 0.133926E+02   0.206446E-04   0.153733E-07   0.436824E-05   0.274945E+00
 0.134026E+02   0.175796E-04   0.127517E-07   0.372027E-05   0.274945E+00
 0.134127E+02   0.151465E-04   0.105028E-07   0.320548E-05   0.274945E+00
 0.134229E+02   0.130559E-04   0.855135E-08   0.276314E-05   0.274945E+00
 0.134330E+02   0.111905E-04   0.688321E-08   0.236869E-05   0.274945E+00
 0.134431E+02   0.946582E-05   0.546634E-08   0.200414E-05   0.274945E+00
 0.134532E+02   0.785779E-05   0.428937E-08   0.166411E-05   0.274945E+00
 0.134634E+02   0.636671E-05   0.330659E-08   0.134850E-05   0.274945E+00
 0.134735E+02   0.519316E-05   0.252320E-08   0.109994E-05   0.274945E+00
 0.134835E+02   0.431464E-05   0.188210E-08   0.913865E-06   0.274945E+00
 0.134935E+02   0.314690E-05   0.137617E-08   0.666640E-06   0.274945E+00
 0.135036E+02   0.243696E-05   0.100543E-08   0.516299E-06   0.274945E+00
 0.135136E+02   0.189866E-05   0.713560E-09   0.402295E-06   0.274945E+00
 0.135237E+02   0.143751E-05   0.490043E-09   0.304586E-06   0.274945E+00
 0.135338E+02   0.106452E-05   0.322568E-09   0.225531E-06   0.274945E+00
 0.135439E+02   0.723258E-06   0.203325E-09   0.153306E-06   0.274945E+00
 0.135539E+02   0.498339E-06   0.122823E-09   0.105638E-06   0.274945E+00
 0.135639E+02   0.326520E-06   0.684207E-10   0.692236E-07   0.274945E+00
 0.135739E+02   0.196732E-06   0.341052E-10   0.417204E-07   0.274945E+00
 0.135839E+02   0.106206E-06   0.143342E-10   0.225158E-07   0.274945E+00
 0.135939E+02   0.473063E-07   0.457805E-11   0.100303E-07   0.274945E+00
 0.136039E+02   0.136545E-07   0.768119E-12   0.289607E-08   0.274945E+00
 0.136139E+02   0.580162E-09   0.544213E-14   0.123092E-09   0.274945E+00
