 0.000000E+00   0.146700E+01   0.178445E+00   0.292782E+00   0.292782E+00
 0.103069E-01   0.146700E+01   0.178445E+00   0.292782E+00   0.292782E+00
 0.206896E-01   0.146700E+01   0.178444E+00   0.292782E+00   0.292782E+00
 0.309973E-01   0.146700E+01   0.178443E+00   0.292782E+00   0.292782E+00
 0.415703E-01   0.146699E+01   0.178442E+00   0.292781E+00   0.292782E+00
 0.522852E-01   0.146699E+01   0.178440E+00   0.292780E+00   0.292782E+00
 0.625321E-01   0.146698E+01   0.178438E+00   0.292779E+00   0.292782E+00
 0.728236E-01   0.146698E+01   0.178436E+00   0.292778E+00   0.292782E+00
 0.829015E-01   0.146697E+01   0.178433E+00   0.292777E+00   0.292782E+00
 0.937766E-01   0.146696E+01   0.178429E+00   0.292776E+00   0.292782E+00
 0.104130E+00   0.146695E+01   0.178426E+00   0.292774E+00   0.292782E+00
 0.115141E+00   0.146694E+01   0.178421E+00   0.292772E+00   0.292782E+00
 0.125329E+00   0.146693E+01   0.178417E+00   0.292770E+00   0.292782E+00
 0.136038E+00   0.146692E+01   0.178412E+00   0.292768E+00   0.292782E+00
 0.147277E+00   0.146691E+01   0.178406E+00   0.292766E+00   0.292782E+00
 0.157345E+00   0.146689E+01   0.178401E+00   0.292764E+00   0.292782E+00
 0.167813E+00   0.146688E+01   0.178394E+00   0.292761E+00   0.292782E+00
 0.178692E+00   0.146686E+01   0.178388E+00   0.292758E+00   0.292782E+00
 0.189985E+00   0.146685E+01   0.178380E+00   0.292755E+00   0.292782E+00
 0.201697E+00   0.146683E+01   0.178372E+00   0.292751E+00   0.292782E+00
 0.211781E+00   0.146681E+01   0.178364E+00   0.292748E+00   0.292782E+00
 0.222165E+00   0.146679E+01   0.178356E+00   0.292745E+00   0.292782E+00
 0.232847E+00   0.146677E+01   0.178348E+00   0.292741E+00   0.292782E+00
 0.243830E+00   0.146675E+01   0.178338E+00   0.292737E+00   0.292782E+00
 0.255121E+00   0.146672E+01   0.178328E+00   0.292733E+00   0.292782E+00
 0.266717E+00   0.146670E+01   0.178317E+00   0.292728E+00   0.292782E+00
 0.278624E+00   0.146667E+01   0.178305E+00   0.292723E+00   0.292782E+00
 0.290845E+00   0.146664E+01   0.178293E+00   0.292718E+00   0.292782E+00
 0.300849E+00   0.146661E+01   0.178282E+00   0.292714E+00   0.292782E+00
 0.311060E+00   0.146659E+01   0.178271E+00   0.292709E+00   0.292782E+00
 0.321476E+00   0.146656E+01   0.178259E+00   0.292704E+00   0.292782E+00
 0.332097E+00   0.146653E+01   0.178247E+00   0.292699E+00   0.292782E+00
 0.342930E+00   0.146650E+01   0.178234E+00   0.292693E+00   0.292782E+00
 0.353969E+00   0.146647E+01   0.178220E+00   0.292687E+00   0.292782E+00
 0.365220E+00   0.146643E+01   0.178205E+00   0.292681E+00   0.292782E+00
 0.376681E+00   0.146639E+01   0.178190E+00   0.292675E+00   0.292782E+00
 0.388357E+00   0.146636E+01   0.178174E+00   0.292668E+00   0.292782E+00
 0.400248E+00   0.146632E+01   0.178157E+00   0.292661E+00   0.292782E+00
 0.412353E+00   0.146627E+01   0.178139E+00   0.292653E+00   0.292782E+00
 0.424678E+00   0.146623E+01   0.178121E+00   0.292645E+00   0.292782E+00
 0.437219E+00   0.146618E+01   0.178101E+00   0.292637E+00   0.292782E+00
 0.449981E+00   0.146614E+01   0.178081E+00   0.292628E+00   0.292782E+00
 0.462963E+00   0.146608E+01   0.178060E+00   0.292619E+00   0.292782E+00
 0.476166E+00   0.146603E+01   0.178037E+00   0.292610E+00   0.292782E+00
 0.486216E+00   0.146599E+01   0.178020E+00   0.292603E+00   0.292782E+00
 0.496392E+00   0.146595E+01   0.178002E+00   0.292595E+00   0.292782E+00
 0.506694E+00   0.146590E+01   0.177984E+00   0.292587E+00   0.292782E+00
 0.517123E+00   0.146586E+01   0.177964E+00   0.292579E+00   0.292782E+00
 0.527681E+00   0.146581E+01   0.177945E+00   0.292571E+00   0.292782E+00
 0.538366E+00   0.146576E+01   0.177924E+00   0.292562E+00   0.292782E+00
 0.549180E+00   0.146571E+01   0.177903E+00   0.292553E+00   0.292782E+00
 0.560124E+00   0.146566E+01   0.177881E+00   0.292544E+00   0.292782E+00
 0.571195E+00   0.146561E+01   0.177859E+00   0.292534E+00   0.292782E+00
 0.582400E+00   0.146555E+01   0.177835E+00   0.292525E+00   0.292782E+00
 0.593735E+00   0.146549E+01   0.177811E+00   0.292514E+00   0.292782E+00
 0.605201E+00   0.146544E+01   0.177787E+00   0.292504E+00   0.292782E+00
 0.616798E+00   0.146538E+01   0.177761E+00   0.292493E+00   0.292782E+00
 0.628525E+00   0.146531E+01   0.177735E+00   0.292482E+00   0.292782E+00
 0.640385E+00   0.146525E+01   0.177708E+00   0.292471E+00   0.292782E+00
 0.652378E+00   0.146518E+01   0.177680E+00   0.292459E+00   0.292782E+00
 0.664507E+00   0.146511E+01   0.177652E+00   0.292447E+00   0.292782E+00
 0.676767E+00   0.146504E+01   0.177622E+00   0.292434E+00   0.292782E+00
 0.689165E+00   0.146497E+01   0.177592E+00   0.292421E+00   0.292782E+00
 0.701695E+00   0.146490E+01   0.177560E+00   0.292408E+00   0.292782E+00
 0.714363E+00   0.146482E+01   0.177528E+00   0.292394E+00   0.292782E+00
 0.727166E+00   0.146474E+01   0.177495E+00   0.292380E+00   0.292782E+00
 0.740101E+00   0.146466E+01   0.177461E+00   0.292366E+00   0.292782E+00
 0.753176E+00   0.146458E+01   0.177426E+00   0.292351E+00   0.292782E+00
 0.766386E+00   0.146449E+01   0.177390E+00   0.292336E+00   0.292782E+00
 0.779734E+00   0.146440E+01   0.177353E+00   0.292320E+00   0.292782E+00
 0.793222E+00   0.146431E+01   0.177315E+00   0.292304E+00   0.292782E+00
 0.806847E+00   0.146422E+01   0.177276E+00   0.292287E+00   0.292782E+00
 0.820611E+00   0.146412E+01   0.177236E+00   0.292270E+00   0.292782E+00
 0.834517E+00   0.146403E+01   0.177194E+00   0.292253E+00   0.292782E+00
 0.848560E+00   0.146393E+01   0.177152E+00   0.292235E+00   0.292782E+00
 0.862746E+00   0.146382E+01   0.177108E+00   0.292216E+00   0.292782E+00
 0.877067E+00   0.146371E+01   0.177064E+00   0.292198E+00   0.292782E+00
 0.891529E+00   0.146361E+01   0.177018E+00   0.292178E+00   0.292782E+00
 0.906134E+00   0.146349E+01   0.176971E+00   0.292158E+00   0.292782E+00
 0.920882E+00   0.146338E+01   0.176923E+00   0.292138E+00   0.292782E+00
 0.935772E+00   0.146326E+01   0.176873E+00   0.292117E+00   0.292782E+00
 0.945778E+00   0.146318E+01   0.176839E+00   0.292102E+00   0.292782E+00
 0.955845E+00   0.146310E+01   0.176805E+00   0.292088E+00   0.292782E+00
 0.965978E+00   0.146301E+01   0.176770E+00   0.292073E+00   0.292782E+00
 0.976173E+00   0.146293E+01   0.176735E+00   0.292058E+00   0.292782E+00
 0.986432E+00   0.146284E+01   0.176699E+00   0.292042E+00   0.292782E+00
 0.996757E+00   0.146276E+01   0.176662E+00   0.292027E+00   0.292782E+00
 0.100714E+01   0.146267E+01   0.176625E+00   0.292011E+00   0.292782E+00
 0.101760E+01   0.146258E+01   0.176587E+00   0.291995E+00   0.292782E+00
 0.102811E+01   0.146249E+01   0.176548E+00   0.291979E+00   0.292782E+00
 0.103869E+01   0.146239E+01   0.176509E+00   0.291962E+00   0.292782E+00
 0.104934E+01   0.146230E+01   0.176469E+00   0.291945E+00   0.292782E+00
 0.106005E+01   0.146220E+01   0.176429E+00   0.291928E+00   0.292782E+00
 0.107082E+01   0.146210E+01   0.176388E+00   0.291910E+00   0.292782E+00
 0.108166E+01   0.146200E+01   0.176346E+00   0.291893E+00   0.292782E+00
 0.109256E+01   0.146190E+01   0.176304E+00   0.291874E+00   0.292782E+00
 0.110353E+01   0.146180E+01   0.176261E+00   0.291856E+00   0.292782E+00
 0.111456E+01   0.146169E+01   0.176217E+00   0.291838E+00   0.292782E+00
 0.112566E+01   0.146159E+01   0.176172E+00   0.291819E+00   0.292782E+00
 0.113682E+01   0.146148E+01   0.176127E+00   0.291799E+00   0.292782E+00
 0.114805E+01   0.146137E+01   0.176081E+00   0.291780E+00   0.292782E+00
 0.115934E+01   0.146126E+01   0.176035E+00   0.291760E+00   0.292782E+00
 0.117070E+01   0.146115E+01   0.175987E+00   0.291740E+00   0.292782E+00
 0.118213E+01   0.146103E+01   0.175939E+00   0.291719E+00   0.292782E+00
 0.119362E+01   0.146091E+01   0.175890E+00   0.291699E+00   0.292782E+00
 0.120517E+01   0.146080E+01   0.175841E+00   0.291677E+00   0.292782E+00
 0.121680E+01   0.146068E+01   0.175791E+00   0.291656E+00   0.292782E+00
 0.122849E+01   0.146055E+01   0.175740E+00   0.291634E+00   0.292782E+00
 0.124024E+01   0.146043E+01   0.175688E+00   0.291612E+00   0.292782E+00
 0.125207E+01   0.146030E+01   0.175635E+00   0.291590E+00   0.292782E+00
 0.126395E+01   0.146018E+01   0.175582E+00   0.291567E+00   0.292782E+00
 0.127591E+01   0.146005E+01   0.175527E+00   0.291544E+00   0.292782E+00
 0.128793E+01   0.145991E+01   0.175472E+00   0.291520E+00   0.292782E+00
 0.130002E+01   0.145978E+01   0.175416E+00   0.291496E+00   0.292782E+00
 0.131218E+01   0.145964E+01   0.175360E+00   0.291472E+00   0.292782E+00
 0.132440E+01   0.145951E+01   0.175302E+00   0.291448E+00   0.292782E+00
 0.133669E+01   0.145937E+01   0.175244E+00   0.291423E+00   0.292782E+00
 0.134904E+01   0.145922E+01   0.175185E+00   0.291397E+00   0.292782E+00
 0.136147E+01   0.145908E+01   0.175125E+00   0.291372E+00   0.292782E+00
 0.137396E+01   0.145893E+01   0.175064E+00   0.291346E+00   0.292782E+00
 0.138652E+01   0.145879E+01   0.175002E+00   0.291319E+00   0.292782E+00
 0.139915E+01   0.145864E+01   0.174939E+00   0.291292E+00   0.292782E+00
 0.141184E+01   0.145848E+01   0.174876E+00   0.291265E+00   0.292782E+00
 0.142460E+01   0.145833E+01   0.174811E+00   0.291238E+00   0.292782E+00
 0.143743E+01   0.145817E+01   0.174746E+00   0.291210E+00   0.292782E+00
 0.145033E+01   0.145801E+01   0.174679E+00   0.291181E+00   0.292782E+00
 0.146329E+01   0.145785E+01   0.174612E+00   0.291152E+00   0.292782E+00
 0.147632E+01   0.145769E+01   0.174544E+00   0.291123E+00   0.292782E+00
 0.148943E+01   0.145752E+01   0.174474E+00   0.291094E+00   0.292782E+00
 0.150260E+01   0.145735E+01   0.174404E+00   0.291063E+00   0.292782E+00
 0.151583E+01   0.145718E+01   0.174333E+00   0.291033E+00   0.292782E+00
 0.152913E+01   0.145701E+01   0.174261E+00   0.291002E+00   0.292782E+00
 0.154250E+01   0.145683E+01   0.174188E+00   0.290971E+00   0.292782E+00
 0.155595E+01   0.145665E+01   0.174114E+00   0.290939E+00   0.292782E+00
 0.156946E+01   0.145647E+01   0.174039E+00   0.290907E+00   0.292782E+00
 0.158304E+01   0.145629E+01   0.173963E+00   0.290874E+00   0.292782E+00
 0.159668E+01   0.145610E+01   0.173885E+00   0.290841E+00   0.292782E+00
 0.161040E+01   0.145592E+01   0.173807E+00   0.290807E+00   0.292782E+00
 0.162419E+01   0.145573E+01   0.173728E+00   0.290773E+00   0.292782E+00
 0.163804E+01   0.145553E+01   0.173648E+00   0.290739E+00   0.292782E+00
 0.165196E+01   0.145534E+01   0.173566E+00   0.290704E+00   0.292782E+00
 0.166595E+01   0.145514E+01   0.173484E+00   0.290668E+00   0.292782E+00
 0.168001E+01   0.145494E+01   0.173400E+00   0.290632E+00   0.292782E+00
 0.169414E+01   0.145473E+01   0.173315E+00   0.290596E+00   0.292782E+00
 0.170833E+01   0.145453E+01   0.173230E+00   0.290559E+00   0.292782E+00
 0.172260E+01   0.145432E+01   0.173143E+00   0.290522E+00   0.292782E+00
 0.173694E+01   0.145410E+01   0.173055E+00   0.290484E+00   0.292782E+00
 0.175134E+01   0.145389E+01   0.172966E+00   0.290445E+00   0.292782E+00
 0.176581E+01   0.145367E+01   0.172875E+00   0.290406E+00   0.292782E+00
 0.178036E+01   0.145345E+01   0.172784E+00   0.290367E+00   0.292782E+00
 0.179498E+01   0.145323E+01   0.172691E+00   0.290327E+00   0.292782E+00
 0.180966E+01   0.145300E+01   0.172597E+00   0.290287E+00   0.292782E+00
 0.182441E+01   0.145277E+01   0.172502E+00   0.290246E+00   0.292782E+00
 0.183924E+01   0.145254E+01   0.172406E+00   0.290204E+00   0.292782E+00
 0.185413E+01   0.145230E+01   0.172309E+00   0.290162E+00   0.292782E+00
 0.186909E+01   0.145206E+01   0.172210E+00   0.290119E+00   0.292782E+00
 0.188412E+01   0.145182E+01   0.172110E+00   0.290076E+00   0.292782E+00
 0.189923E+01   0.145158E+01   0.172009E+00   0.290033E+00   0.292782E+00
 0.191440E+01   0.145133E+01   0.171907E+00   0.289988E+00   0.292782E+00
 0.192964E+01   0.145108E+01   0.171803E+00   0.289943E+00   0.292782E+00
 0.194495E+01   0.145082E+01   0.171698E+00   0.289898E+00   0.292782E+00
 0.196033E+01   0.145057E+01   0.171592E+00   0.289852E+00   0.292782E+00
 0.197579E+01   0.145031E+01   0.171484E+00   0.289806E+00   0.292782E+00
 0.199131E+01   0.145004E+01   0.171375E+00   0.289758E+00   0.292782E+00
 0.200690E+01   0.144978E+01   0.171265E+00   0.289711E+00   0.292782E+00
 0.202257E+01   0.144950E+01   0.171154E+00   0.289662E+00   0.292782E+00
 0.203830E+01   0.144923E+01   0.171041E+00   0.289613E+00   0.292782E+00
 0.205411E+01   0.144895E+01   0.170927E+00   0.289564E+00   0.292782E+00
 0.206998E+01   0.144867E+01   0.170811E+00   0.289514E+00   0.292782E+00
 0.208593E+01   0.144839E+01   0.170694E+00   0.289463E+00   0.292782E+00
 0.210195E+01   0.144810E+01   0.170576E+00   0.289412E+00   0.292782E+00
 0.211803E+01   0.144781E+01   0.170456E+00   0.289360E+00   0.292782E+00
 0.213419E+01   0.144752E+01   0.170335E+00   0.289307E+00   0.292782E+00
 0.215042E+01   0.144722E+01   0.170213E+00   0.289254E+00   0.292782E+00
 0.216671E+01   0.144692E+01   0.170089E+00   0.289200E+00   0.292782E+00
 0.218308E+01   0.144661E+01   0.169963E+00   0.289145E+00   0.292782E+00
 0.219952E+01   0.144630E+01   0.169837E+00   0.289090E+00   0.292782E+00
 0.221603E+01   0.144599E+01   0.169708E+00   0.289034E+00   0.292782E+00
 0.223261E+01   0.144567E+01   0.169579E+00   0.288977E+00   0.292782E+00
 0.224926E+01   0.144535E+01   0.169447E+00   0.288920E+00   0.292782E+00
 0.226599E+01   0.144503E+01   0.169315E+00   0.288862E+00   0.292782E+00
 0.228278E+01   0.144470E+01   0.169180E+00   0.288803E+00   0.292782E+00
 0.229965E+01   0.144437E+01   0.169044E+00   0.288744E+00   0.292782E+00
 0.231658E+01   0.144404E+01   0.168907E+00   0.288684E+00   0.292782E+00
 0.233358E+01   0.144370E+01   0.168768E+00   0.288623E+00   0.292782E+00
 0.235066E+01   0.144335E+01   0.168628E+00   0.288562E+00   0.292782E+00
 0.236781E+01   0.144301E+01   0.168486E+00   0.288500E+00   0.292782E+00
 0.238502E+01   0.144265E+01   0.168343E+00   0.288437E+00   0.292782E+00
 0.240231E+01   0.144230E+01   0.168198E+00   0.288373E+00   0.292782E+00
 0.241967E+01   0.144194E+01   0.168051E+00   0.288309E+00   0.292782E+00
 0.243710E+01   0.144158E+01   0.167903E+00   0.288244E+00   0.292782E+00
 0.245460E+01   0.144121E+01   0.167753E+00   0.288178E+00   0.292782E+00
 0.247217E+01   0.144084E+01   0.167601E+00   0.288111E+00   0.292782E+00
 0.248981E+01   0.144046E+01   0.167448E+00   0.288044E+00   0.292782E+00
 0.250753E+01   0.144008E+01   0.167293E+00   0.287976E+00   0.292782E+00
 0.252531E+01   0.143970E+01   0.167137E+00   0.287907E+00   0.292782E+00
 0.254316E+01   0.143931E+01   0.166979E+00   0.287838E+00   0.292782E+00
 0.256109E+01   0.143892E+01   0.166819E+00   0.287767E+00   0.292782E+00
 0.257909E+01   0.143852E+01   0.166657E+00   0.287696E+00   0.292782E+00
 0.259715E+01   0.143812E+01   0.166494E+00   0.287624E+00   0.292782E+00
 0.261529E+01   0.143771E+01   0.166329E+00   0.287551E+00   0.292782E+00
 0.263350E+01   0.143730E+01   0.166163E+00   0.287477E+00   0.292782E+00
 0.265178E+01   0.143688E+01   0.165994E+00   0.287403E+00   0.292782E+00
 0.267014E+01   0.143646E+01   0.165824E+00   0.287328E+00   0.292782E+00
 0.268856E+01   0.143604E+01   0.165652E+00   0.287252E+00   0.292782E+00
 0.270705E+01   0.143561E+01   0.165478E+00   0.287175E+00   0.292782E+00
 0.272562E+01   0.143518E+01   0.165303E+00   0.287097E+00   0.292782E+00
 0.274425E+01   0.143474E+01   0.165126E+00   0.287018E+00   0.292782E+00
 0.276296E+01   0.143430E+01   0.164947E+00   0.286939E+00   0.292782E+00
 0.278174E+01   0.143385E+01   0.164766E+00   0.286858E+00   0.292782E+00
 0.280058E+01   0.143340E+01   0.164583E+00   0.286777E+00   0.292782E+00
 0.281950E+01   0.143294E+01   0.164398E+00   0.286695E+00   0.292782E+00
 0.283849E+01   0.143248E+01   0.164212E+00   0.286612E+00   0.292782E+00
 0.285756E+01   0.143201E+01   0.164024E+00   0.286528E+00   0.292782E+00
 0.287669E+01   0.143154E+01   0.163834E+00   0.286443E+00   0.292782E+00
 0.289589E+01   0.143106E+01   0.163642E+00   0.286358E+00   0.292782E+00
 0.291516E+01   0.143058E+01   0.163448E+00   0.286271E+00   0.292782E+00
 0.293450E+01   0.143009E+01   0.163252E+00   0.286184E+00   0.292782E+00
 0.295392E+01   0.142960E+01   0.163054E+00   0.286095E+00   0.292782E+00
 0.297340E+01   0.142910E+01   0.162855E+00   0.286006E+00   0.292782E+00
 0.299296E+01   0.142860E+01   0.162653E+00   0.285916E+00   0.292782E+00
 0.301259E+01   0.142809E+01   0.162449E+00   0.285824E+00   0.292782E+00
 0.303230E+01   0.142758E+01   0.162244E+00   0.285732E+00   0.292782E+00
 0.305207E+01   0.142706E+01   0.162036E+00   0.285639E+00   0.292782E+00
 0.307191E+01   0.142653E+01   0.161827E+00   0.285545E+00   0.292782E+00
 0.309182E+01   0.142601E+01   0.161616E+00   0.285450E+00   0.292782E+00
 0.311181E+01   0.142547E+01   0.161402E+00   0.285354E+00   0.292782E+00
 0.312182E+01   0.142520E+01   0.161295E+00   0.285305E+00   0.292782E+00
 0.313186E+01   0.142493E+01   0.161187E+00   0.285257E+00   0.292782E+00
 0.314191E+01   0.142466E+01   0.161078E+00   0.285208E+00   0.292782E+00
 0.315198E+01   0.142439E+01   0.160969E+00   0.285159E+00   0.292782E+00
 0.316206E+01   0.142411E+01   0.160860E+00   0.285109E+00   0.292782E+00
 0.317217E+01   0.142384E+01   0.160750E+00   0.285059E+00   0.292782E+00
 0.318229E+01   0.142356E+01   0.160639E+00   0.285010E+00   0.292782E+00
 0.319243E+01   0.142328E+01   0.160528E+00   0.284959E+00   0.292782E+00
 0.320259E+01   0.142300E+01   0.160417E+00   0.284909E+00   0.292782E+00
 0.321277E+01   0.142272E+01   0.160305E+00   0.284858E+00   0.292782E+00
 0.322296E+01   0.142243E+01   0.160192E+00   0.284807E+00   0.292782E+00
 0.323317E+01   0.142215E+01   0.160079E+00   0.284756E+00   0.292782E+00
 0.324340E+01   0.142186E+01   0.159965E+00   0.284705E+00   0.292782E+00
 0.325364E+01   0.142158E+01   0.159851E+00   0.284653E+00   0.292782E+00
 0.326391E+01   0.142129E+01   0.159736E+00   0.284601E+00   0.292782E+00
 0.327419E+01   0.142100E+01   0.159621E+00   0.284549E+00   0.292782E+00
 0.328449E+01   0.142071E+01   0.159506E+00   0.284496E+00   0.292782E+00
 0.329480E+01   0.142041E+01   0.159389E+00   0.284444E+00   0.292782E+00
 0.330513E+01   0.142012E+01   0.159273E+00   0.284391E+00   0.292782E+00
 0.331548E+01   0.141982E+01   0.159155E+00   0.284337E+00   0.292782E+00
 0.332585E+01   0.141953E+01   0.159038E+00   0.284284E+00   0.292782E+00
 0.333624E+01   0.141923E+01   0.158919E+00   0.284230E+00   0.292782E+00
 0.334664E+01   0.141893E+01   0.158801E+00   0.284176E+00   0.292782E+00
 0.335705E+01   0.141863E+01   0.158681E+00   0.284122E+00   0.292782E+00
 0.336749E+01   0.141832E+01   0.158561E+00   0.284067E+00   0.292782E+00
 0.337795E+01   0.141802E+01   0.158441E+00   0.284012E+00   0.292782E+00
 0.338842E+01   0.141771E+01   0.158320E+00   0.283957E+00   0.292782E+00
 0.339891E+01   0.141740E+01   0.158198E+00   0.283901E+00   0.292782E+00
 0.340941E+01   0.141709E+01   0.158076E+00   0.283846E+00   0.292782E+00
 0.341994E+01   0.141678E+01   0.157954E+00   0.283790E+00   0.292782E+00
 0.343048E+01   0.141647E+01   0.157831E+00   0.283733E+00   0.292782E+00
 0.344104E+01   0.141616E+01   0.157707E+00   0.283677E+00   0.292782E+00
 0.345162E+01   0.141584E+01   0.157583E+00   0.283620E+00   0.292782E+00
 0.346221E+01   0.141553E+01   0.157458E+00   0.283563E+00   0.292782E+00
 0.347282E+01   0.141521E+01   0.157333E+00   0.283506E+00   0.292782E+00
 0.348344E+01   0.141489E+01   0.157207E+00   0.283448E+00   0.292782E+00
 0.349409E+01   0.141457E+01   0.157080E+00   0.283390E+00   0.292782E+00
 0.350475E+01   0.141424E+01   0.156953E+00   0.283332E+00   0.292782E+00
 0.351543E+01   0.141392E+01   0.156826E+00   0.283273E+00   0.292782E+00
 0.352613E+01   0.141359E+01   0.156698E+00   0.283215E+00   0.292782E+00
 0.353684E+01   0.141327E+01   0.156569E+00   0.283156E+00   0.292782E+00
 0.354757E+01   0.141294E+01   0.156440E+00   0.283096E+00   0.292782E+00
 0.355832E+01   0.141261E+01   0.156311E+00   0.283037E+00   0.292782E+00
 0.356909E+01   0.141228E+01   0.156180E+00   0.282977E+00   0.292782E+00
 0.357987E+01   0.141194E+01   0.156049E+00   0.282917E+00   0.292782E+00
 0.359067E+01   0.141161E+01   0.155918E+00   0.282856E+00   0.292782E+00
 0.360149E+01   0.141127E+01   0.155786E+00   0.282795E+00   0.292782E+00
 0.361233E+01   0.141093E+01   0.155654E+00   0.282734E+00   0.292782E+00
 0.362318E+01   0.141059E+01   0.155521E+00   0.282673E+00   0.292782E+00
 0.363405E+01   0.141025E+01   0.155387E+00   0.282611E+00   0.292782E+00
 0.364493E+01   0.140991E+01   0.155253E+00   0.282549E+00   0.292782E+00
 0.365584E+01   0.140956E+01   0.155118E+00   0.282487E+00   0.292782E+00
 0.366676E+01   0.140922E+01   0.154983E+00   0.282424E+00   0.292782E+00
 0.367770E+01   0.140887E+01   0.154847E+00   0.282362E+00   0.292782E+00
 0.368865E+01   0.140852E+01   0.154711E+00   0.282299E+00   0.292782E+00
 0.369963E+01   0.140817E+01   0.154574E+00   0.282235E+00   0.292782E+00
 0.371061E+01   0.140781E+01   0.154436E+00   0.282171E+00   0.292782E+00
 0.372162E+01   0.140746E+01   0.154298E+00   0.282107E+00   0.292782E+00
 0.373264E+01   0.140710E+01   0.154159E+00   0.282043E+00   0.292782E+00
 0.374368E+01   0.140674E+01   0.154020E+00   0.281978E+00   0.292782E+00
 0.375474E+01   0.140639E+01   0.153880E+00   0.281913E+00   0.292782E+00
 0.376581E+01   0.140602E+01   0.153740E+00   0.281848E+00   0.292782E+00
 0.377690E+01   0.140566E+01   0.153599E+00   0.281783E+00   0.292782E+00
 0.378801E+01   0.140530E+01   0.153457E+00   0.281717E+00   0.292782E+00
 0.379914E+01   0.140493E+01   0.153315E+00   0.281650E+00   0.292782E+00
 0.381028E+01   0.140456E+01   0.153172E+00   0.281584E+00   0.292782E+00
 0.382144E+01   0.140419E+01   0.153029E+00   0.281517E+00   0.292782E+00
 0.383261E+01   0.140382E+01   0.152885E+00   0.281450E+00   0.292782E+00
 0.384380E+01   0.140345E+01   0.152741E+00   0.281383E+00   0.292782E+00
 0.385501E+01   0.140307E+01   0.152596E+00   0.281315E+00   0.292782E+00
 0.386624E+01   0.140270E+01   0.152450E+00   0.281247E+00   0.292782E+00
 0.387748E+01   0.140232E+01   0.152304E+00   0.281179E+00   0.292782E+00
 0.388874E+01   0.140194E+01   0.152157E+00   0.281110E+00   0.292782E+00
 0.390002E+01   0.140156E+01   0.152010E+00   0.281041E+00   0.292782E+00
 0.391131E+01   0.140118E+01   0.151862E+00   0.280971E+00   0.292782E+00
 0.392315E+01   0.140077E+01   0.151706E+00   0.280899E+00   0.292782E+00
 0.393449E+01   0.140039E+01   0.151557E+00   0.280829E+00   0.292782E+00
 0.394584E+01   0.140000E+01   0.151407E+00   0.280758E+00   0.292782E+00
 0.395721E+01   0.139961E+01   0.151257E+00   0.280688E+00   0.292782E+00
 0.396859E+01   0.139921E+01   0.151106E+00   0.280617E+00   0.292782E+00
 0.398000E+01   0.139882E+01   0.150954E+00   0.280545E+00   0.292782E+00
 0.399141E+01   0.139843E+01   0.150802E+00   0.280474E+00   0.292782E+00
 0.400285E+01   0.139803E+01   0.150649E+00   0.280402E+00   0.292782E+00
 0.401430E+01   0.139763E+01   0.150496E+00   0.280329E+00   0.292782E+00
 0.402577E+01   0.139723E+01   0.150342E+00   0.280257E+00   0.292782E+00
 0.403726E+01   0.139682E+01   0.150187E+00   0.280184E+00   0.292782E+00
 0.404876E+01   0.139642E+01   0.150032E+00   0.280111E+00   0.292782E+00
 0.406028E+01   0.139601E+01   0.149876E+00   0.280037E+00   0.292782E+00
 0.407182E+01   0.139561E+01   0.149720E+00   0.279963E+00   0.292782E+00
 0.408337E+01   0.139519E+01   0.149563E+00   0.279889E+00   0.292782E+00
 0.409494E+01   0.139478E+01   0.149406E+00   0.279814E+00   0.292782E+00
 0.410652E+01   0.139437E+01   0.149247E+00   0.279739E+00   0.292782E+00
 0.411813E+01   0.139395E+01   0.149089E+00   0.279664E+00   0.292782E+00
 0.412975E+01   0.139354E+01   0.148929E+00   0.279588E+00   0.292782E+00
 0.414138E+01   0.139312E+01   0.148769E+00   0.279512E+00   0.292782E+00
 0.415303E+01   0.139270E+01   0.148609E+00   0.279436E+00   0.292782E+00
 0.416470E+01   0.139227E+01   0.148447E+00   0.279359E+00   0.292782E+00
 0.417639E+01   0.139185E+01   0.148286E+00   0.279282E+00   0.292782E+00
 0.418809E+01   0.139142E+01   0.148123E+00   0.279205E+00   0.292782E+00
 0.419980E+01   0.139099E+01   0.147960E+00   0.279127E+00   0.292782E+00
 0.421154E+01   0.139056E+01   0.147797E+00   0.279049E+00   0.292782E+00
 0.422329E+01   0.139013E+01   0.147632E+00   0.278971E+00   0.292782E+00
 0.423506E+01   0.138970E+01   0.147468E+00   0.278892E+00   0.292782E+00
 0.424684E+01   0.138926E+01   0.147302E+00   0.278813E+00   0.292782E+00
 0.425864E+01   0.138882E+01   0.147136E+00   0.278733E+00   0.292782E+00
 0.427046E+01   0.138838E+01   0.146969E+00   0.278654E+00   0.292782E+00
 0.428229E+01   0.138794E+01   0.146802E+00   0.278573E+00   0.292782E+00
 0.429414E+01   0.138750E+01   0.146634E+00   0.278493E+00   0.292782E+00
 0.430601E+01   0.138705E+01   0.146466E+00   0.278412E+00   0.292782E+00
 0.431789E+01   0.138661E+01   0.146297E+00   0.278331E+00   0.292782E+00
 0.432978E+01   0.138616E+01   0.146127E+00   0.278249E+00   0.292782E+00
 0.434170E+01   0.138571E+01   0.145956E+00   0.278167E+00   0.292782E+00
 0.435363E+01   0.138525E+01   0.145786E+00   0.278085E+00   0.292782E+00
 0.436557E+01   0.138480E+01   0.145614E+00   0.278002E+00   0.292782E+00
 0.437754E+01   0.138434E+01   0.145442E+00   0.277919E+00   0.292782E+00
 0.438952E+01   0.138388E+01   0.145269E+00   0.277836E+00   0.292782E+00
 0.440151E+01   0.138342E+01   0.145095E+00   0.277752E+00   0.292782E+00
 0.441352E+01   0.138296E+01   0.144921E+00   0.277668E+00   0.292782E+00
 0.442555E+01   0.138249E+01   0.144747E+00   0.277584E+00   0.292782E+00
 0.443759E+01   0.138203E+01   0.144571E+00   0.277499E+00   0.292782E+00
 0.444965E+01   0.138156E+01   0.144396E+00   0.277413E+00   0.292782E+00
 0.446172E+01   0.138109E+01   0.144219E+00   0.277328E+00   0.292782E+00
 0.447382E+01   0.138061E+01   0.144042E+00   0.277242E+00   0.292782E+00
 0.448592E+01   0.138014E+01   0.143864E+00   0.277156E+00   0.292782E+00
 0.449805E+01   0.137966E+01   0.143686E+00   0.277069E+00   0.292782E+00
 0.451019E+01   0.137918E+01   0.143507E+00   0.276982E+00   0.292782E+00
 0.452234E+01   0.137870E+01   0.143327E+00   0.276894E+00   0.292782E+00
 0.453451E+01   0.137822E+01   0.143147E+00   0.276806E+00   0.292782E+00
 0.454670E+01   0.137773E+01   0.142966E+00   0.276718E+00   0.292782E+00
 0.455891E+01   0.137725E+01   0.142784E+00   0.276630E+00   0.292782E+00
 0.457113E+01   0.137676E+01   0.142602E+00   0.276541E+00   0.292782E+00
 0.458336E+01   0.137627E+01   0.142419E+00   0.276451E+00   0.292782E+00
 0.459561E+01   0.137577E+01   0.142236E+00   0.276362E+00   0.292782E+00
 0.460788E+01   0.137528E+01   0.142052E+00   0.276271E+00   0.292782E+00
 0.462016E+01   0.137478E+01   0.141867E+00   0.276181E+00   0.292782E+00
 0.463245E+01   0.137428E+01   0.141682E+00   0.276090E+00   0.292782E+00
 0.464477E+01   0.137378E+01   0.141496E+00   0.275999E+00   0.292782E+00
 0.465710E+01   0.137328E+01   0.141310E+00   0.275907E+00   0.292782E+00
 0.466946E+01   0.137277E+01   0.141122E+00   0.275815E+00   0.292782E+00
 0.468184E+01   0.137226E+01   0.140934E+00   0.275722E+00   0.292782E+00
 0.469423E+01   0.137175E+01   0.140746E+00   0.275629E+00   0.292782E+00
 0.470664E+01   0.137124E+01   0.140556E+00   0.275536E+00   0.292782E+00
 0.471906E+01   0.137073E+01   0.140366E+00   0.275442E+00   0.292782E+00
 0.473150E+01   0.137021E+01   0.140176E+00   0.275348E+00   0.292782E+00
 0.474395E+01   0.136969E+01   0.139985E+00   0.275253E+00   0.292782E+00
 0.475643E+01   0.136917E+01   0.139793E+00   0.275158E+00   0.292782E+00
 0.476891E+01   0.136865E+01   0.139600E+00   0.275063E+00   0.292782E+00
 0.478141E+01   0.136812E+01   0.139407E+00   0.274967E+00   0.292782E+00
 0.479393E+01   0.136760E+01   0.139214E+00   0.274871E+00   0.292782E+00
 0.480646E+01   0.136707E+01   0.139019E+00   0.274775E+00   0.292782E+00
 0.481901E+01   0.136654E+01   0.138824E+00   0.274678E+00   0.292782E+00
 0.483157E+01   0.136600E+01   0.138629E+00   0.274580E+00   0.292782E+00
 0.484415E+01   0.136547E+01   0.138433E+00   0.274482E+00   0.292782E+00
 0.485674E+01   0.136493E+01   0.138236E+00   0.274384E+00   0.292782E+00
 0.486935E+01   0.136439E+01   0.138038E+00   0.274286E+00   0.292782E+00
 0.488197E+01   0.136385E+01   0.137840E+00   0.274187E+00   0.292782E+00
 0.489461E+01   0.136330E+01   0.137641E+00   0.274087E+00   0.292782E+00
 0.490727E+01   0.136275E+01   0.137442E+00   0.273987E+00   0.292782E+00
 0.491994E+01   0.136221E+01   0.137242E+00   0.273887E+00   0.292782E+00
 0.493262E+01   0.136165E+01   0.137041E+00   0.273786E+00   0.292782E+00
 0.494532E+01   0.136110E+01   0.136840E+00   0.273685E+00   0.292782E+00
 0.495803E+01   0.136055E+01   0.136638E+00   0.273584E+00   0.292782E+00
 0.497076E+01   0.135999E+01   0.136436E+00   0.273482E+00   0.292782E+00
 0.498351E+01   0.135943E+01   0.136232E+00   0.273380E+00   0.292782E+00
 0.499626E+01   0.135887E+01   0.136029E+00   0.273277E+00   0.292782E+00
 0.500904E+01   0.135830E+01   0.135824E+00   0.273174E+00   0.292782E+00
 0.502183E+01   0.135773E+01   0.135619E+00   0.273070E+00   0.292782E+00
 0.503463E+01   0.135717E+01   0.135414E+00   0.272966E+00   0.292782E+00
 0.504745E+01   0.135659E+01   0.135207E+00   0.272861E+00   0.292782E+00
 0.506029E+01   0.135602E+01   0.135000E+00   0.272757E+00   0.292782E+00
 0.507313E+01   0.135545E+01   0.134793E+00   0.272651E+00   0.292782E+00
 0.508600E+01   0.135487E+01   0.134584E+00   0.272545E+00   0.292782E+00
 0.509888E+01   0.135429E+01   0.134376E+00   0.272439E+00   0.292782E+00
 0.511177E+01   0.135370E+01   0.134166E+00   0.272333E+00   0.292782E+00
 0.512468E+01   0.135312E+01   0.133956E+00   0.272226E+00   0.292782E+00
 0.513760E+01   0.135253E+01   0.133745E+00   0.272118E+00   0.292782E+00
 0.515054E+01   0.135194E+01   0.133534E+00   0.272010E+00   0.292782E+00
 0.516349E+01   0.135135E+01   0.133322E+00   0.271902E+00   0.292782E+00
 0.517646E+01   0.135076E+01   0.133109E+00   0.271793E+00   0.292782E+00
 0.518944E+01   0.135016E+01   0.132896E+00   0.271684E+00   0.292782E+00
 0.520243E+01   0.134956E+01   0.132682E+00   0.271574E+00   0.292782E+00
 0.521544E+01   0.134896E+01   0.132468E+00   0.271464E+00   0.292782E+00
 0.522846E+01   0.134836E+01   0.132253E+00   0.271353E+00   0.292782E+00
 0.524150E+01   0.134775E+01   0.132037E+00   0.271242E+00   0.292782E+00
 0.525455E+01   0.134714E+01   0.131820E+00   0.271131E+00   0.292782E+00
 0.526762E+01   0.134653E+01   0.131603E+00   0.271019E+00   0.292782E+00
 0.528070E+01   0.134592E+01   0.131386E+00   0.270906E+00   0.292782E+00
 0.529394E+01   0.134530E+01   0.131165E+00   0.270792E+00   0.292782E+00
 0.530708E+01   0.134468E+01   0.130946E+00   0.270679E+00   0.292782E+00
 0.532023E+01   0.134406E+01   0.130726E+00   0.270565E+00   0.292782E+00
 0.533340E+01   0.134343E+01   0.130505E+00   0.270450E+00   0.292782E+00
 0.534659E+01   0.134281E+01   0.130284E+00   0.270335E+00   0.292782E+00
 0.535978E+01   0.134218E+01   0.130062E+00   0.270220E+00   0.292782E+00
 0.537300E+01   0.134155E+01   0.129839E+00   0.270104E+00   0.292782E+00
 0.538622E+01   0.134091E+01   0.129616E+00   0.269988E+00   0.292782E+00
 0.539946E+01   0.134028E+01   0.129392E+00   0.269871E+00   0.292782E+00
 0.541272E+01   0.133964E+01   0.129168E+00   0.269754E+00   0.292782E+00
 0.542599E+01   0.133900E+01   0.128943E+00   0.269636E+00   0.292782E+00
 0.543927E+01   0.133835E+01   0.128717E+00   0.269518E+00   0.292782E+00
 0.545257E+01   0.133771E+01   0.128491E+00   0.269399E+00   0.292782E+00
 0.546587E+01   0.133706E+01   0.128264E+00   0.269280E+00   0.292782E+00
 0.547920E+01   0.133641E+01   0.128036E+00   0.269160E+00   0.292782E+00
 0.549253E+01   0.133576E+01   0.127808E+00   0.269040E+00   0.292782E+00
 0.550588E+01   0.133510E+01   0.127579E+00   0.268920E+00   0.292782E+00
 0.551925E+01   0.133444E+01   0.127350E+00   0.268799E+00   0.292782E+00
 0.553262E+01   0.133378E+01   0.127120E+00   0.268677E+00   0.292782E+00
 0.554601E+01   0.133312E+01   0.126889E+00   0.268555E+00   0.292782E+00
 0.555942E+01   0.133245E+01   0.126658E+00   0.268433E+00   0.292782E+00
 0.557283E+01   0.133179E+01   0.126426E+00   0.268310E+00   0.292782E+00
 0.558626E+01   0.133111E+01   0.126194E+00   0.268187E+00   0.292782E+00
 0.559971E+01   0.133044E+01   0.125961E+00   0.268063E+00   0.292782E+00
 0.561317E+01   0.132977E+01   0.125727E+00   0.267938E+00   0.292782E+00
 0.562665E+01   0.132909E+01   0.125493E+00   0.267814E+00   0.292782E+00
 0.564013E+01   0.132841E+01   0.125258E+00   0.267688E+00   0.292782E+00
 0.565363E+01   0.132772E+01   0.125022E+00   0.267562E+00   0.292782E+00
 0.566715E+01   0.132704E+01   0.124786E+00   0.267436E+00   0.292782E+00
 0.568068E+01   0.132635E+01   0.124549E+00   0.267309E+00   0.292782E+00
 0.569421E+01   0.132566E+01   0.124312E+00   0.267182E+00   0.292782E+00
 0.570776E+01   0.132496E+01   0.124074E+00   0.267054E+00   0.292782E+00
 0.572133E+01   0.132427E+01   0.123835E+00   0.266926E+00   0.292782E+00
 0.573491E+01   0.132357E+01   0.123596E+00   0.266797E+00   0.292782E+00
 0.574850E+01   0.132287E+01   0.123356E+00   0.266668E+00   0.292782E+00
 0.576210E+01   0.132216E+01   0.123116E+00   0.266538E+00   0.292782E+00
 0.577571E+01   0.132146E+01   0.122875E+00   0.266408E+00   0.292782E+00
 0.578934E+01   0.132075E+01   0.122633E+00   0.266277E+00   0.292782E+00
 0.580299E+01   0.132004E+01   0.122391E+00   0.266145E+00   0.292782E+00
 0.581664E+01   0.131932E+01   0.122148E+00   0.266014E+00   0.292782E+00
 0.583031E+01   0.131861E+01   0.121905E+00   0.265881E+00   0.292782E+00
 0.584408E+01   0.131788E+01   0.121659E+00   0.265747E+00   0.292782E+00
 0.585783E+01   0.131716E+01   0.121414E+00   0.265614E+00   0.292782E+00
 0.587159E+01   0.131643E+01   0.121168E+00   0.265479E+00   0.292782E+00
 0.588535E+01   0.131570E+01   0.120921E+00   0.265344E+00   0.292782E+00
 0.589914E+01   0.131497E+01   0.120674E+00   0.265209E+00   0.292782E+00
 0.591293E+01   0.131423E+01   0.120426E+00   0.265073E+00   0.292782E+00
 0.592673E+01   0.131349E+01   0.120177E+00   0.264937E+00   0.292782E+00
 0.594055E+01   0.131275E+01   0.119928E+00   0.264800E+00   0.292782E+00
 0.595438E+01   0.131201E+01   0.119679E+00   0.264662E+00   0.292782E+00
 0.596822E+01   0.131126E+01   0.119429E+00   0.264524E+00   0.292782E+00
 0.598208E+01   0.131051E+01   0.119178E+00   0.264386E+00   0.292782E+00
 0.599594E+01   0.130976E+01   0.118927E+00   0.264247E+00   0.292782E+00
 0.600982E+01   0.130901E+01   0.118675E+00   0.264107E+00   0.292782E+00
 0.602371E+01   0.130825E+01   0.118422E+00   0.263967E+00   0.292782E+00
 0.603761E+01   0.130749E+01   0.118169E+00   0.263827E+00   0.292782E+00
 0.605153E+01   0.130673E+01   0.117915E+00   0.263685E+00   0.292782E+00
 0.606546E+01   0.130596E+01   0.117661E+00   0.263544E+00   0.292782E+00
 0.607940E+01   0.130519E+01   0.117406E+00   0.263401E+00   0.292782E+00
 0.609335E+01   0.130442E+01   0.117151E+00   0.263259E+00   0.292782E+00
 0.610731E+01   0.130365E+01   0.116895E+00   0.263115E+00   0.292782E+00
 0.612128E+01   0.130287E+01   0.116638E+00   0.262972E+00   0.292782E+00
 0.613527E+01   0.130209E+01   0.116381E+00   0.262827E+00   0.292782E+00
 0.614927E+01   0.130131E+01   0.116123E+00   0.262682E+00   0.292782E+00
 0.616327E+01   0.130052E+01   0.115865E+00   0.262537E+00   0.292782E+00
 0.617729E+01   0.129974E+01   0.115606E+00   0.262391E+00   0.292782E+00
 0.619132E+01   0.129895E+01   0.115347E+00   0.262244E+00   0.292782E+00
 0.620537E+01   0.129815E+01   0.115087E+00   0.262097E+00   0.292782E+00
 0.621942E+01   0.129736E+01   0.114827E+00   0.261949E+00   0.292782E+00
 0.623349E+01   0.129656E+01   0.114566E+00   0.261801E+00   0.292782E+00
 0.624756E+01   0.129576E+01   0.114304E+00   0.261652E+00   0.292782E+00
 0.626165E+01   0.129495E+01   0.114042E+00   0.261503E+00   0.292782E+00
 0.627575E+01   0.129414E+01   0.113779E+00   0.261353E+00   0.292782E+00
 0.628986E+01   0.129333E+01   0.113516E+00   0.261203E+00   0.292782E+00
 0.630398E+01   0.129252E+01   0.113252E+00   0.261052E+00   0.292782E+00
 0.631811E+01   0.129170E+01   0.112988E+00   0.260900E+00   0.292782E+00
 0.633158E+01   0.129092E+01   0.112736E+00   0.260755E+00   0.292782E+00
 0.634581E+01   0.129010E+01   0.112469E+00   0.260602E+00   0.292782E+00
 0.636005E+01   0.128927E+01   0.112202E+00   0.260448E+00   0.292782E+00
 0.637430E+01   0.128844E+01   0.111934E+00   0.260293E+00   0.292782E+00
 0.638856E+01   0.128760E+01   0.111665E+00   0.260138E+00   0.292782E+00
 0.640282E+01   0.128676E+01   0.111397E+00   0.259982E+00   0.292782E+00
 0.641710E+01   0.128592E+01   0.111127E+00   0.259826E+00   0.292782E+00
 0.643139E+01   0.128508E+01   0.110857E+00   0.259669E+00   0.292782E+00
 0.644569E+01   0.128423E+01   0.110587E+00   0.259512E+00   0.292782E+00
 0.646000E+01   0.128338E+01   0.110316E+00   0.259354E+00   0.292782E+00
 0.647432E+01   0.128253E+01   0.110044E+00   0.259195E+00   0.292782E+00
 0.648865E+01   0.128168E+01   0.109772E+00   0.259036E+00   0.292782E+00
 0.650299E+01   0.128082E+01   0.109500E+00   0.258876E+00   0.292782E+00
 0.651734E+01   0.127996E+01   0.109227E+00   0.258716E+00   0.292782E+00
 0.653170E+01   0.127909E+01   0.108953E+00   0.258555E+00   0.292782E+00
 0.654607E+01   0.127823E+01   0.108679E+00   0.258393E+00   0.292782E+00
 0.656045E+01   0.127736E+01   0.108404E+00   0.258231E+00   0.292782E+00
 0.657484E+01   0.127648E+01   0.108129E+00   0.258068E+00   0.292782E+00
 0.658924E+01   0.127561E+01   0.107854E+00   0.257905E+00   0.292782E+00
 0.660364E+01   0.127473E+01   0.107578E+00   0.257741E+00   0.292782E+00
 0.661806E+01   0.127385E+01   0.107301E+00   0.257576E+00   0.292782E+00
 0.663249E+01   0.127296E+01   0.107024E+00   0.257411E+00   0.292782E+00
 0.664692E+01   0.127207E+01   0.106746E+00   0.257246E+00   0.292782E+00
 0.666137E+01   0.127118E+01   0.106468E+00   0.257079E+00   0.292782E+00
 0.667582E+01   0.127029E+01   0.106190E+00   0.256912E+00   0.292782E+00
 0.669029E+01   0.126939E+01   0.105911E+00   0.256745E+00   0.292782E+00
 0.670476E+01   0.126849E+01   0.105631E+00   0.256577E+00   0.292782E+00
 0.671924E+01   0.126758E+01   0.105351E+00   0.256408E+00   0.292782E+00
 0.673373E+01   0.126668E+01   0.105071E+00   0.256239E+00   0.292782E+00
 0.674823E+01   0.126577E+01   0.104790E+00   0.256069E+00   0.292782E+00
 0.676274E+01   0.126486E+01   0.104509E+00   0.255898E+00   0.292782E+00
 0.677650E+01   0.126399E+01   0.104242E+00   0.255736E+00   0.292782E+00
 0.679114E+01   0.126306E+01   0.103957E+00   0.255563E+00   0.292782E+00
 0.680578E+01   0.126213E+01   0.103672E+00   0.255389E+00   0.292782E+00
 0.682043E+01   0.126120E+01   0.103387E+00   0.255215E+00   0.292782E+00
 0.683510E+01   0.126027E+01   0.103101E+00   0.255040E+00   0.292782E+00
 0.684976E+01   0.125933E+01   0.102815E+00   0.254865E+00   0.292782E+00
 0.686444E+01   0.125839E+01   0.102528E+00   0.254688E+00   0.292782E+00
 0.687913E+01   0.125744E+01   0.102241E+00   0.254512E+00   0.292782E+00
 0.689382E+01   0.125649E+01   0.101953E+00   0.254334E+00   0.292782E+00
 0.690851E+01   0.125554E+01   0.101665E+00   0.254156E+00   0.292782E+00
 0.692322E+01   0.125459E+01   0.101377E+00   0.253977E+00   0.292782E+00
 0.693794E+01   0.125363E+01   0.101088E+00   0.253798E+00   0.292782E+00
 0.695266E+01   0.125267E+01   0.100799E+00   0.253618E+00   0.292782E+00
 0.696739E+01   0.125171E+01   0.100509E+00   0.253438E+00   0.292782E+00
 0.698212E+01   0.125074E+01   0.100219E+00   0.253256E+00   0.292782E+00
 0.699686E+01   0.124977E+01   0.999287E-01   0.253074E+00   0.292782E+00
 0.701161E+01   0.124880E+01   0.996377E-01   0.252892E+00   0.292782E+00
 0.702637E+01   0.124782E+01   0.993464E-01   0.252709E+00   0.292782E+00
 0.704113E+01   0.124684E+01   0.990547E-01   0.252525E+00   0.292782E+00
 0.705590E+01   0.124586E+01   0.987626E-01   0.252341E+00   0.292782E+00
 0.707068E+01   0.124487E+01   0.984701E-01   0.252156E+00   0.292782E+00
 0.708546E+01   0.124388E+01   0.981772E-01   0.251970E+00   0.292782E+00
 0.710025E+01   0.124289E+01   0.978839E-01   0.251783E+00   0.292782E+00
 0.711504E+01   0.124189E+01   0.975903E-01   0.251596E+00   0.292782E+00
 0.712985E+01   0.124090E+01   0.972962E-01   0.251409E+00   0.292782E+00
 0.714465E+01   0.123989E+01   0.970018E-01   0.251220E+00   0.292782E+00
 0.715947E+01   0.123889E+01   0.967070E-01   0.251031E+00   0.292782E+00
 0.717429E+01   0.123788E+01   0.964118E-01   0.250842E+00   0.292782E+00
 0.719003E+01   0.123680E+01   0.960981E-01   0.250640E+00   0.292782E+00
 0.720500E+01   0.123578E+01   0.957993E-01   0.250447E+00   0.292782E+00
 0.721998E+01   0.123475E+01   0.955002E-01   0.250253E+00   0.292782E+00
 0.723497E+01   0.123372E+01   0.952008E-01   0.250059E+00   0.292782E+00
 0.724995E+01   0.123268E+01   0.949011E-01   0.249864E+00   0.292782E+00
 0.726495E+01   0.123164E+01   0.946010E-01   0.249669E+00   0.292782E+00
 0.727994E+01   0.123060E+01   0.943006E-01   0.249473E+00   0.292782E+00
 0.729494E+01   0.122956E+01   0.939999E-01   0.249276E+00   0.292782E+00
 0.730995E+01   0.122851E+01   0.936988E-01   0.249079E+00   0.292782E+00
 0.732496E+01   0.122746E+01   0.933975E-01   0.248880E+00   0.292782E+00
 0.733997E+01   0.122640E+01   0.930958E-01   0.248682E+00   0.292782E+00
 0.735499E+01   0.122534E+01   0.927939E-01   0.248482E+00   0.292782E+00
 0.737001E+01   0.122428E+01   0.924917E-01   0.248282E+00   0.292782E+00
 0.738503E+01   0.122322E+01   0.921891E-01   0.248081E+00   0.292782E+00
 0.740006E+01   0.122215E+01   0.918863E-01   0.247880E+00   0.292782E+00
 0.741509E+01   0.122108E+01   0.915832E-01   0.247677E+00   0.292782E+00
 0.743012E+01   0.122000E+01   0.912798E-01   0.247474E+00   0.292782E+00
 0.744514E+01   0.121892E+01   0.909765E-01   0.247271E+00   0.292782E+00
 0.746014E+01   0.121785E+01   0.906734E-01   0.247067E+00   0.292782E+00
 0.747513E+01   0.121676E+01   0.903704E-01   0.246863E+00   0.292782E+00
 0.749010E+01   0.121568E+01   0.900675E-01   0.246659E+00   0.292782E+00
 0.750505E+01   0.121460E+01   0.897648E-01   0.246454E+00   0.292782E+00
 0.751998E+01   0.121351E+01   0.894622E-01   0.246248E+00   0.292782E+00
 0.753490E+01   0.121242E+01   0.891598E-01   0.246043E+00   0.292782E+00
 0.754980E+01   0.121133E+01   0.888576E-01   0.245836E+00   0.292782E+00
 0.756605E+01   0.121014E+01   0.885276E-01   0.245611E+00   0.292782E+00
 0.758088E+01   0.120905E+01   0.882264E-01   0.245404E+00   0.292782E+00
 0.759569E+01   0.120795E+01   0.879254E-01   0.245197E+00   0.292782E+00
 0.761048E+01   0.120686E+01   0.876246E-01   0.244990E+00   0.292782E+00
 0.762525E+01   0.120576E+01   0.873241E-01   0.244782E+00   0.292782E+00
 0.764000E+01   0.120466E+01   0.870238E-01   0.244574E+00   0.292782E+00
 0.765473E+01   0.120356E+01   0.867237E-01   0.244366E+00   0.292782E+00
 0.766944E+01   0.120246E+01   0.864238E-01   0.244157E+00   0.292782E+00
 0.768414E+01   0.120135E+01   0.861242E-01   0.243948E+00   0.292782E+00
 0.769881E+01   0.120025E+01   0.858247E-01   0.243739E+00   0.292782E+00
 0.771347E+01   0.119914E+01   0.855255E-01   0.243529E+00   0.292782E+00
 0.772811E+01   0.119803E+01   0.852266E-01   0.243318E+00   0.292782E+00
 0.774273E+01   0.119692E+01   0.849278E-01   0.243108E+00   0.292782E+00
 0.775733E+01   0.119581E+01   0.846293E-01   0.242896E+00   0.292782E+00
 0.777191E+01   0.119469E+01   0.843311E-01   0.242685E+00   0.292782E+00
 0.778647E+01   0.119358E+01   0.840330E-01   0.242473E+00   0.292782E+00
 0.780102E+01   0.119246E+01   0.837352E-01   0.242261E+00   0.292782E+00
 0.781554E+01   0.119134E+01   0.834377E-01   0.242048E+00   0.292782E+00
 0.783005E+01   0.119022E+01   0.831403E-01   0.241835E+00   0.292782E+00
 0.784454E+01   0.118909E+01   0.828433E-01   0.241622E+00   0.292782E+00
 0.785902E+01   0.118797E+01   0.825464E-01   0.241408E+00   0.292782E+00
 0.787347E+01   0.118684E+01   0.822498E-01   0.241194E+00   0.292782E+00
 0.788791E+01   0.118571E+01   0.819535E-01   0.240979E+00   0.292782E+00
 0.790307E+01   0.118452E+01   0.816421E-01   0.240753E+00   0.292782E+00
 0.791743E+01   0.118339E+01   0.813472E-01   0.240538E+00   0.292782E+00
 0.793176E+01   0.118226E+01   0.810526E-01   0.240323E+00   0.292782E+00
 0.794608E+01   0.118113E+01   0.807583E-01   0.240107E+00   0.292782E+00
 0.796037E+01   0.117999E+01   0.804643E-01   0.239891E+00   0.292782E+00
 0.797465E+01   0.117886E+01   0.801706E-01   0.239675E+00   0.292782E+00
 0.798890E+01   0.117772E+01   0.798773E-01   0.239458E+00   0.292782E+00
 0.800314E+01   0.117658E+01   0.795842E-01   0.239241E+00   0.292782E+00
 0.801735E+01   0.117544E+01   0.792915E-01   0.239024E+00   0.292782E+00
 0.803155E+01   0.117429E+01   0.789990E-01   0.238806E+00   0.292782E+00
 0.804572E+01   0.117315E+01   0.787069E-01   0.238588E+00   0.292782E+00
 0.805988E+01   0.117200E+01   0.784151E-01   0.238370E+00   0.292782E+00
 0.807401E+01   0.117086E+01   0.781237E-01   0.238151E+00   0.292782E+00
 0.808813E+01   0.116971E+01   0.778325E-01   0.237932E+00   0.292782E+00
 0.810223E+01   0.116855E+01   0.775417E-01   0.237712E+00   0.292782E+00
 0.811631E+01   0.116740E+01   0.772511E-01   0.237492E+00   0.292782E+00
 0.813037E+01   0.116625E+01   0.769609E-01   0.237272E+00   0.292782E+00
 0.814441E+01   0.116509E+01   0.766710E-01   0.237051E+00   0.292782E+00
 0.815843E+01   0.116393E+01   0.763815E-01   0.236830E+00   0.292782E+00
 0.817243E+01   0.116277E+01   0.760923E-01   0.236608E+00   0.292782E+00
 0.818641E+01   0.116161E+01   0.758034E-01   0.236387E+00   0.292782E+00
 0.820038E+01   0.116045E+01   0.755148E-01   0.236164E+00   0.292782E+00
 0.822414E+01   0.115846E+01   0.750237E-01   0.235784E+00   0.292782E+00
 0.823800E+01   0.115730E+01   0.747370E-01   0.235562E+00   0.292782E+00
 0.825184E+01   0.115613E+01   0.744509E-01   0.235339E+00   0.292782E+00
 0.826565E+01   0.115496E+01   0.741651E-01   0.235116E+00   0.292782E+00
 0.827945E+01   0.115380E+01   0.738798E-01   0.234893E+00   0.292782E+00
 0.829322E+01   0.115263E+01   0.735949E-01   0.234669E+00   0.292782E+00
 0.830697E+01   0.115146E+01   0.733103E-01   0.234445E+00   0.292782E+00
 0.832070E+01   0.115028E+01   0.730261E-01   0.234220E+00   0.292782E+00
 0.833441E+01   0.114911E+01   0.727424E-01   0.233995E+00   0.292782E+00
 0.834810E+01   0.114793E+01   0.724590E-01   0.233770E+00   0.292782E+00
 0.836177E+01   0.114675E+01   0.721760E-01   0.233544E+00   0.292782E+00
 0.837542E+01   0.114558E+01   0.718934E-01   0.233318E+00   0.292782E+00
 0.838905E+01   0.114439E+01   0.716112E-01   0.233092E+00   0.292782E+00
 0.840266E+01   0.114321E+01   0.713294E-01   0.232865E+00   0.292782E+00
 0.841625E+01   0.114203E+01   0.710480E-01   0.232638E+00   0.292782E+00
 0.842982E+01   0.114084E+01   0.707669E-01   0.232411E+00   0.292782E+00
 0.844337E+01   0.113966E+01   0.704863E-01   0.232183E+00   0.292782E+00
 0.845690E+01   0.113847E+01   0.702061E-01   0.231955E+00   0.292782E+00
 0.847041E+01   0.113728E+01   0.699262E-01   0.231726E+00   0.292782E+00
 0.848390E+01   0.113608E+01   0.696468E-01   0.231498E+00   0.292782E+00
 0.849737E+01   0.113489E+01   0.693677E-01   0.231268E+00   0.292782E+00
 0.851082E+01   0.113369E+01   0.690890E-01   0.231039E+00   0.292782E+00
 0.852425E+01   0.113250E+01   0.688108E-01   0.230808E+00   0.292782E+00
 0.853904E+01   0.113117E+01   0.685045E-01   0.230554E+00   0.292782E+00
 0.855236E+01   0.112998E+01   0.682286E-01   0.230325E+00   0.292782E+00
 0.856565E+01   0.112878E+01   0.679531E-01   0.230095E+00   0.292782E+00
 0.857893E+01   0.112759E+01   0.676781E-01   0.229865E+00   0.292782E+00
 0.859218E+01   0.112639E+01   0.674036E-01   0.229634E+00   0.292782E+00
 0.860541E+01   0.112519E+01   0.671296E-01   0.229403E+00   0.292782E+00
 0.861862E+01   0.112398E+01   0.668560E-01   0.229172E+00   0.292782E+00
 0.863181E+01   0.112278E+01   0.665828E-01   0.228940E+00   0.292782E+00
 0.864498E+01   0.112158E+01   0.663101E-01   0.228708E+00   0.292782E+00
 0.865813E+01   0.112037E+01   0.660379E-01   0.228476E+00   0.292782E+00
 0.867125E+01   0.111916E+01   0.657661E-01   0.228244E+00   0.292782E+00
 0.868436E+01   0.111795E+01   0.654947E-01   0.228011E+00   0.292782E+00
 0.869744E+01   0.111674E+01   0.652238E-01   0.227777E+00   0.292782E+00
 0.871050E+01   0.111553E+01   0.649534E-01   0.227544E+00   0.292782E+00
 0.872355E+01   0.111432E+01   0.646835E-01   0.227309E+00   0.292782E+00
 0.873657E+01   0.111310E+01   0.644139E-01   0.227075E+00   0.292782E+00
 0.874957E+01   0.111188E+01   0.641449E-01   0.226840E+00   0.292782E+00
 0.876256E+01   0.111066E+01   0.638763E-01   0.226605E+00   0.292782E+00
 0.877552E+01   0.110944E+01   0.636081E-01   0.226370E+00   0.292782E+00
 0.878846E+01   0.110822E+01   0.633404E-01   0.226134E+00   0.292782E+00
 0.880880E+01   0.110629E+01   0.629199E-01   0.225762E+00   0.292782E+00
 0.882161E+01   0.110508E+01   0.626551E-01   0.225526E+00   0.292782E+00
 0.883439E+01   0.110386E+01   0.623908E-01   0.225291E+00   0.292782E+00
 0.884715E+01   0.110264E+01   0.621271E-01   0.225055E+00   0.292782E+00
 0.885989E+01   0.110141E+01   0.618639E-01   0.224819E+00   0.292782E+00
 0.887261E+01   0.110019E+01   0.616012E-01   0.224582E+00   0.292782E+00
 0.888530E+01   0.109896E+01   0.613390E-01   0.224346E+00   0.292782E+00
 0.889797E+01   0.109774E+01   0.610773E-01   0.224108E+00   0.292782E+00
 0.891063E+01   0.109651E+01   0.608161E-01   0.223871E+00   0.292782E+00
 0.892326E+01   0.109528E+01   0.605554E-01   0.223633E+00   0.292782E+00
 0.893587E+01   0.109405E+01   0.602952E-01   0.223395E+00   0.292782E+00
 0.894845E+01   0.109282E+01   0.600355E-01   0.223156E+00   0.292782E+00
 0.896102E+01   0.109158E+01   0.597763E-01   0.222918E+00   0.292782E+00
 0.897357E+01   0.109035E+01   0.595176E-01   0.222678E+00   0.292782E+00
 0.898609E+01   0.108911E+01   0.592594E-01   0.222439E+00   0.292782E+00
 0.899860E+01   0.108787E+01   0.590017E-01   0.222199E+00   0.292782E+00
 0.901108E+01   0.108663E+01   0.587445E-01   0.221959E+00   0.292782E+00
 0.902355E+01   0.108539E+01   0.584878E-01   0.221718E+00   0.292782E+00
 0.903599E+01   0.108415E+01   0.582316E-01   0.221477E+00   0.292782E+00
 0.904842E+01   0.108290E+01   0.579758E-01   0.221236E+00   0.292782E+00
 0.906082E+01   0.108166E+01   0.577206E-01   0.220994E+00   0.292782E+00
 0.907323E+01   0.108041E+01   0.574654E-01   0.220752E+00   0.292782E+00
 0.908549E+01   0.107917E+01   0.572133E-01   0.220511E+00   0.292782E+00
 0.909773E+01   0.107793E+01   0.569618E-01   0.220271E+00   0.292782E+00
 0.910994E+01   0.107669E+01   0.567108E-01   0.220030E+00   0.292782E+00
 0.912213E+01   0.107545E+01   0.564604E-01   0.219788E+00   0.292782E+00
 0.913430E+01   0.107420E+01   0.562105E-01   0.219547E+00   0.292782E+00
 0.914645E+01   0.107296E+01   0.559612E-01   0.219305E+00   0.292782E+00
 0.915858E+01   0.107171E+01   0.557124E-01   0.219063E+00   0.292782E+00
 0.917068E+01   0.107046E+01   0.554641E-01   0.218820E+00   0.292782E+00
 0.918276E+01   0.106921E+01   0.552164E-01   0.218577E+00   0.292782E+00
 0.919482E+01   0.106796E+01   0.549692E-01   0.218334E+00   0.292782E+00
 0.920687E+01   0.106671E+01   0.547226E-01   0.218091E+00   0.292782E+00
 0.921889E+01   0.106546E+01   0.544765E-01   0.217847E+00   0.292782E+00
 0.923088E+01   0.106420E+01   0.542309E-01   0.217603E+00   0.292782E+00
 0.924286E+01   0.106294E+01   0.539858E-01   0.217358E+00   0.292782E+00
 0.925482E+01   0.106169E+01   0.537413E-01   0.217113E+00   0.292782E+00
 0.926676E+01   0.106043E+01   0.534973E-01   0.216868E+00   0.292782E+00
 0.927867E+01   0.105917E+01   0.532538E-01   0.216623E+00   0.292782E+00
 0.929057E+01   0.105790E+01   0.530109E-01   0.216377E+00   0.292782E+00
 0.930244E+01   0.105664E+01   0.527685E-01   0.216130E+00   0.292782E+00
 0.932051E+01   0.105471E+01   0.523999E-01   0.215754E+00   0.292782E+00
 0.933222E+01   0.105345E+01   0.521613E-01   0.215510E+00   0.292782E+00
 0.934390E+01   0.105220E+01   0.519233E-01   0.215265E+00   0.292782E+00
 0.935555E+01   0.105094E+01   0.516858E-01   0.215020E+00   0.292782E+00
 0.936719E+01   0.104968E+01   0.514490E-01   0.214774E+00   0.292782E+00
 0.937880E+01   0.104842E+01   0.512127E-01   0.214529E+00   0.292782E+00
 0.939040E+01   0.104716E+01   0.509769E-01   0.214282E+00   0.292782E+00
 0.940197E+01   0.104590E+01   0.507417E-01   0.214036E+00   0.292782E+00
 0.941352E+01   0.104463E+01   0.505071E-01   0.213789E+00   0.292782E+00
 0.942504E+01   0.104337E+01   0.502731E-01   0.213543E+00   0.292782E+00
 0.943655E+01   0.104210E+01   0.500397E-01   0.213295E+00   0.292782E+00
 0.944803E+01   0.104084E+01   0.498067E-01   0.213048E+00   0.292782E+00
 0.945949E+01   0.103957E+01   0.495744E-01   0.212800E+00   0.292782E+00
 0.947094E+01   0.103830E+01   0.493426E-01   0.212551E+00   0.292782E+00
 0.948236E+01   0.103702E+01   0.491113E-01   0.212303E+00   0.292782E+00
 0.949376E+01   0.103575E+01   0.488806E-01   0.212054E+00   0.292782E+00
 0.950514E+01   0.103448E+01   0.486505E-01   0.211805E+00   0.292782E+00
 0.951650E+01   0.103320E+01   0.484209E-01   0.211555E+00   0.292782E+00
 0.952784E+01   0.103192E+01   0.481918E-01   0.211305E+00   0.292782E+00
 0.953916E+01   0.103064E+01   0.479633E-01   0.211055E+00   0.292782E+00
 0.955047E+01   0.102936E+01   0.477353E-01   0.210804E+00   0.292782E+00
 0.956134E+01   0.102813E+01   0.475161E-01   0.210562E+00   0.292782E+00
 0.957245E+01   0.102686E+01   0.472922E-01   0.210314E+00   0.292782E+00
 0.958355E+01   0.102559E+01   0.470687E-01   0.210066E+00   0.292782E+00
 0.959462E+01   0.102432E+01   0.468459E-01   0.209817E+00   0.292782E+00
 0.960567E+01   0.102305E+01   0.466237E-01   0.209568E+00   0.292782E+00
 0.961671E+01   0.102178E+01   0.464020E-01   0.209319E+00   0.292782E+00
 0.962772E+01   0.102050E+01   0.461809E-01   0.209069E+00   0.292782E+00
 0.963870E+01   0.101923E+01   0.459603E-01   0.208819E+00   0.292782E+00
 0.964967E+01   0.101795E+01   0.457404E-01   0.208569E+00   0.292782E+00
 0.966062E+01   0.101668E+01   0.455210E-01   0.208319E+00   0.292782E+00
 0.967154E+01   0.101540E+01   0.453022E-01   0.208068E+00   0.292782E+00
 0.968245E+01   0.101412E+01   0.450840E-01   0.207817E+00   0.292782E+00
 0.969333E+01   0.101284E+01   0.448663E-01   0.207566E+00   0.292782E+00
 0.970419E+01   0.101155E+01   0.446492E-01   0.207314E+00   0.292782E+00
 0.971504E+01   0.101027E+01   0.444326E-01   0.207062E+00   0.292782E+00
 0.972586E+01   0.100898E+01   0.442166E-01   0.206809E+00   0.292782E+00
 0.973666E+01   0.100770E+01   0.440012E-01   0.206557E+00   0.292782E+00
 0.974744E+01   0.100641E+01   0.437863E-01   0.206304E+00   0.292782E+00
 0.975821E+01   0.100512E+01   0.435720E-01   0.206050E+00   0.292782E+00
 0.976895E+01   0.100383E+01   0.433582E-01   0.205797E+00   0.292782E+00
 0.977986E+01   0.100251E+01   0.431413E-01   0.205538E+00   0.292782E+00
 0.979041E+01   0.100124E+01   0.429318E-01   0.205287E+00   0.292782E+00
 0.980093E+01   0.999962E+00   0.427229E-01   0.205037E+00   0.292782E+00
 0.981143E+01   0.998685E+00   0.425146E-01   0.204785E+00   0.292782E+00
 0.982191E+01   0.997407E+00   0.423069E-01   0.204534E+00   0.292782E+00
 0.983237E+01   0.996128E+00   0.420998E-01   0.204282E+00   0.292782E+00
 0.984280E+01   0.994847E+00   0.418932E-01   0.204030E+00   0.292782E+00
 0.985322E+01   0.993566E+00   0.416872E-01   0.203778E+00   0.292782E+00
 0.986361E+01   0.992283E+00   0.414819E-01   0.203526E+00   0.292782E+00
 0.987399E+01   0.990999E+00   0.412771E-01   0.203273E+00   0.292782E+00
 0.988434E+01   0.989713E+00   0.410728E-01   0.203020E+00   0.292782E+00
 0.989467E+01   0.988427E+00   0.408692E-01   0.202766E+00   0.292782E+00
 0.990499E+01   0.987139E+00   0.406660E-01   0.202512E+00   0.292782E+00
 0.991528E+01   0.985849E+00   0.404635E-01   0.202258E+00   0.292782E+00
 0.992555E+01   0.984559E+00   0.402616E-01   0.202004E+00   0.292782E+00
 0.993580E+01   0.983267E+00   0.400601E-01   0.201749E+00   0.292782E+00
 0.994604E+01   0.981973E+00   0.398593E-01   0.201494E+00   0.292782E+00
 0.995625E+01   0.980678E+00   0.396590E-01   0.201239E+00   0.292782E+00
 0.996644E+01   0.979382E+00   0.394593E-01   0.200983E+00   0.292782E+00
 0.997752E+01   0.977969E+00   0.392424E-01   0.200704E+00   0.292782E+00
 0.999747E+01   0.975414E+00   0.388525E-01   0.200200E+00   0.292782E+00
 0.100173E+02   0.972855E+00   0.384651E-01   0.199695E+00   0.292782E+00
 0.100371E+02   0.970292E+00   0.380800E-01   0.199189E+00   0.292782E+00
 0.100568E+02   0.967724E+00   0.376972E-01   0.198681E+00   0.292782E+00
 0.100764E+02   0.965152E+00   0.373167E-01   0.198173E+00   0.292782E+00
 0.100959E+02   0.962574E+00   0.369384E-01   0.197663E+00   0.292782E+00
 0.101154E+02   0.959991E+00   0.365624E-01   0.197152E+00   0.292782E+00
 0.101347E+02   0.957404E+00   0.361886E-01   0.196640E+00   0.292782E+00
 0.101540E+02   0.954811E+00   0.358169E-01   0.196127E+00   0.292782E+00
 0.101680E+02   0.952923E+00   0.355483E-01   0.195753E+00   0.292782E+00
 0.101868E+02   0.950366E+00   0.351868E-01   0.195247E+00   0.292782E+00
 0.102055E+02   0.947810E+00   0.348285E-01   0.194741E+00   0.292782E+00
 0.102242E+02   0.945251E+00   0.344723E-01   0.194233E+00   0.292782E+00
 0.102427E+02   0.942687E+00   0.341185E-01   0.193725E+00   0.292782E+00
 0.102612E+02   0.940118E+00   0.337668E-01   0.193215E+00   0.292782E+00
 0.102796E+02   0.937545E+00   0.334174E-01   0.192705E+00   0.292782E+00
 0.102979E+02   0.934967E+00   0.330701E-01   0.192193E+00   0.292782E+00
 0.103161E+02   0.932383E+00   0.327250E-01   0.191680E+00   0.292782E+00
 0.103343E+02   0.929795E+00   0.323821E-01   0.191166E+00   0.292782E+00
 0.103472E+02   0.927940E+00   0.321380E-01   0.190797E+00   0.292782E+00
 0.103649E+02   0.925403E+00   0.318066E-01   0.190293E+00   0.292782E+00
 0.103824E+02   0.922860E+00   0.314770E-01   0.189787E+00   0.292782E+00
 0.103999E+02   0.920312E+00   0.311495E-01   0.189280E+00   0.292782E+00
 0.104173E+02   0.917760E+00   0.308242E-01   0.188773E+00   0.292782E+00
 0.104346E+02   0.915204E+00   0.305011E-01   0.188264E+00   0.292782E+00
 0.104519E+02   0.912643E+00   0.301800E-01   0.187754E+00   0.292782E+00
 0.104691E+02   0.910078E+00   0.298611E-01   0.187243E+00   0.292782E+00
 0.104862E+02   0.907507E+00   0.295442E-01   0.186731E+00   0.292782E+00
 0.105032E+02   0.904932E+00   0.292294E-01   0.186218E+00   0.292782E+00
 0.105174E+02   0.902775E+00   0.289677E-01   0.185788E+00   0.292782E+00
 0.105342E+02   0.900216E+00   0.286598E-01   0.185277E+00   0.292782E+00
 0.105506E+02   0.897691E+00   0.283584E-01   0.184774E+00   0.292782E+00
 0.105669E+02   0.895163E+00   0.280592E-01   0.184269E+00   0.292782E+00
 0.105832E+02   0.892630E+00   0.277620E-01   0.183763E+00   0.292782E+00
 0.105994E+02   0.890093E+00   0.274668E-01   0.183257E+00   0.292782E+00
 0.106156E+02   0.887551E+00   0.271737E-01   0.182749E+00   0.292782E+00
 0.106316E+02   0.885005E+00   0.268825E-01   0.182240E+00   0.292782E+00
 0.106476E+02   0.882455E+00   0.265933E-01   0.181731E+00   0.292782E+00
 0.106635E+02   0.879900E+00   0.263061E-01   0.181220E+00   0.292782E+00
 0.106770E+02   0.877726E+00   0.260637E-01   0.180785E+00   0.292782E+00
 0.106923E+02   0.875236E+00   0.257883E-01   0.180287E+00   0.292782E+00
 0.107076E+02   0.872738E+00   0.255142E-01   0.179787E+00   0.292782E+00
 0.107229E+02   0.870235E+00   0.252421E-01   0.179286E+00   0.292782E+00
 0.107380E+02   0.867729E+00   0.249719E-01   0.178784E+00   0.292782E+00
 0.107531E+02   0.865219E+00   0.247036E-01   0.178281E+00   0.292782E+00
 0.107682E+02   0.862704E+00   0.244373E-01   0.177777E+00   0.292782E+00
 0.107831E+02   0.860186E+00   0.241729E-01   0.177273E+00   0.292782E+00
 0.107980E+02   0.857663E+00   0.239103E-01   0.176767E+00   0.292782E+00
 0.108128E+02   0.855135E+00   0.236495E-01   0.176260E+00   0.292782E+00
 0.108276E+02   0.852604E+00   0.233907E-01   0.175752E+00   0.292782E+00
 0.108419E+02   0.850139E+00   0.231409E-01   0.175257E+00   0.292782E+00
 0.108561E+02   0.847673E+00   0.228931E-01   0.174762E+00   0.292782E+00
 0.108702E+02   0.845202E+00   0.226470E-01   0.174266E+00   0.292782E+00
 0.108843E+02   0.842729E+00   0.224028E-01   0.173770E+00   0.292782E+00
 0.108983E+02   0.840251E+00   0.221604E-01   0.173272E+00   0.292782E+00
 0.109123E+02   0.837770E+00   0.219199E-01   0.172773E+00   0.292782E+00
 0.109261E+02   0.835284E+00   0.216810E-01   0.172274E+00   0.292782E+00
 0.109400E+02   0.832795E+00   0.214439E-01   0.171773E+00   0.292782E+00
 0.109537E+02   0.830301E+00   0.212086E-01   0.171272E+00   0.292782E+00
 0.109674E+02   0.827803E+00   0.209749E-01   0.170769E+00   0.292782E+00
 0.109810E+02   0.825304E+00   0.207433E-01   0.170266E+00   0.292782E+00
 0.109942E+02   0.822876E+00   0.205203E-01   0.169778E+00   0.292782E+00
 0.110072E+02   0.820444E+00   0.202989E-01   0.169288E+00   0.292782E+00
 0.110203E+02   0.818008E+00   0.200792E-01   0.168797E+00   0.292782E+00
 0.110332E+02   0.815569E+00   0.198611E-01   0.168306E+00   0.292782E+00
 0.110461E+02   0.813127E+00   0.196448E-01   0.167814E+00   0.292782E+00
 0.110590E+02   0.810680E+00   0.194300E-01   0.167321E+00   0.292782E+00
 0.110717E+02   0.808229E+00   0.192168E-01   0.166827E+00   0.292782E+00
 0.110845E+02   0.805775E+00   0.190053E-01   0.166332E+00   0.292782E+00
 0.110966E+02   0.803421E+00   0.188043E-01   0.165857E+00   0.292782E+00
 0.111088E+02   0.801042E+00   0.186029E-01   0.165377E+00   0.292782E+00
 0.111209E+02   0.798657E+00   0.184028E-01   0.164896E+00   0.292782E+00
 0.111330E+02   0.796268E+00   0.182042E-01   0.164414E+00   0.292782E+00
 0.111450E+02   0.793876E+00   0.180072E-01   0.163931E+00   0.292782E+00
 0.111570E+02   0.791481E+00   0.178117E-01   0.163447E+00   0.292782E+00
 0.111689E+02   0.789082E+00   0.176177E-01   0.162963E+00   0.292782E+00
 0.111807E+02   0.786680E+00   0.174252E-01   0.162477E+00   0.292782E+00
 0.111925E+02   0.784274E+00   0.172343E-01   0.161991E+00   0.292782E+00
 0.112043E+02   0.781864E+00   0.170448E-01   0.161504E+00   0.292782E+00
 0.112159E+02   0.779450E+00   0.168567E-01   0.161016E+00   0.292782E+00
 0.112276E+02   0.777036E+00   0.166704E-01   0.160528E+00   0.292782E+00
 0.112387E+02   0.774697E+00   0.164915E-01   0.160055E+00   0.292782E+00
 0.112499E+02   0.772355E+00   0.163141E-01   0.159581E+00   0.292782E+00
 0.112609E+02   0.770010E+00   0.161380E-01   0.159106E+00   0.292782E+00
 0.112719E+02   0.767662E+00   0.159634E-01   0.158631E+00   0.292782E+00
 0.112829E+02   0.765310E+00   0.157902E-01   0.158155E+00   0.292782E+00
 0.112938E+02   0.762956E+00   0.156184E-01   0.157678E+00   0.292782E+00
 0.113047E+02   0.760598E+00   0.154479E-01   0.157201E+00   0.292782E+00
 0.113155E+02   0.758237E+00   0.152788E-01   0.156722E+00   0.292782E+00
 0.113262E+02   0.755872E+00   0.151110E-01   0.156243E+00   0.292782E+00
 0.113369E+02   0.753504E+00   0.149446E-01   0.155763E+00   0.292782E+00
 0.113472E+02   0.751214E+00   0.147852E-01   0.155299E+00   0.292782E+00
 0.113574E+02   0.748922E+00   0.146271E-01   0.154834E+00   0.292782E+00
 0.113676E+02   0.746627E+00   0.144703E-01   0.154369E+00   0.292782E+00
 0.113777E+02   0.744329E+00   0.143147E-01   0.153903E+00   0.292782E+00
 0.113878E+02   0.742029E+00   0.141605E-01   0.153436E+00   0.292782E+00
 0.113978E+02   0.739725E+00   0.140075E-01   0.152968E+00   0.292782E+00
 0.114127E+02   0.736264E+00   0.137804E-01   0.152266E+00   0.292782E+00
 0.114275E+02   0.732795E+00   0.135560E-01   0.151562E+00   0.292782E+00
 0.114394E+02   0.729997E+00   0.133773E-01   0.150993E+00   0.292782E+00
 0.114534E+02   0.726675E+00   0.131678E-01   0.150318E+00   0.292782E+00
 0.114674E+02   0.723310E+00   0.129587E-01   0.149635E+00   0.292782E+00
 0.114813E+02   0.719940E+00   0.127521E-01   0.148950E+00   0.292782E+00
 0.114951E+02   0.716563E+00   0.125480E-01   0.148263E+00   0.292782E+00
 0.115088E+02   0.713179E+00   0.123466E-01   0.147575E+00   0.292782E+00
 0.115223E+02   0.709789E+00   0.121476E-01   0.146885E+00   0.292782E+00
 0.115358E+02   0.706393E+00   0.119511E-01   0.146194E+00   0.292782E+00
 0.115462E+02   0.703763E+00   0.118010E-01   0.145659E+00   0.292782E+00
 0.115590E+02   0.700478E+00   0.116158E-01   0.144990E+00   0.292782E+00
 0.115717E+02   0.697186E+00   0.114329E-01   0.144320E+00   0.292782E+00
 0.115843E+02   0.693890E+00   0.112523E-01   0.143648E+00   0.292782E+00
 0.115969E+02   0.690588E+00   0.110740E-01   0.142976E+00   0.292782E+00
 0.116093E+02   0.687279E+00   0.108980E-01   0.142301E+00   0.292782E+00
 0.116216E+02   0.683965E+00   0.107242E-01   0.141626E+00   0.292782E+00
 0.116332E+02   0.680826E+00   0.105620E-01   0.140986E+00   0.292782E+00
 0.116470E+02   0.677054E+00   0.103700E-01   0.140216E+00   0.292782E+00
 0.116586E+02   0.673835E+00   0.102087E-01   0.139560E+00   0.292782E+00
 0.116701E+02   0.670612E+00   0.100495E-01   0.138902E+00   0.292782E+00
 0.116816E+02   0.667382E+00   0.989239E-02   0.138243E+00   0.292782E+00
 0.116929E+02   0.664148E+00   0.973727E-02   0.137583E+00   0.292782E+00
 0.117042E+02   0.660908E+00   0.958415E-02   0.136921E+00   0.292782E+00
 0.117154E+02   0.657662E+00   0.943302E-02   0.136258E+00   0.292782E+00
 0.117258E+02   0.654610E+00   0.929295E-02   0.135635E+00   0.292782E+00
 0.117364E+02   0.651472E+00   0.915097E-02   0.134994E+00   0.292782E+00
 0.117469E+02   0.648331E+00   0.901086E-02   0.134352E+00   0.292782E+00
 0.117573E+02   0.645185E+00   0.887259E-02   0.133709E+00   0.292782E+00
 0.117677E+02   0.642034E+00   0.873614E-02   0.133064E+00   0.292782E+00
 0.117779E+02   0.638879E+00   0.860147E-02   0.132419E+00   0.292782E+00
 0.117881E+02   0.635718E+00   0.846859E-02   0.131773E+00   0.292782E+00
 0.117982E+02   0.632552E+00   0.833743E-02   0.131125E+00   0.292782E+00
 0.118100E+02   0.628841E+00   0.818616E-02   0.130366E+00   0.292782E+00
 0.118229E+02   0.624699E+00   0.802042E-02   0.129518E+00   0.292782E+00
 0.118357E+02   0.620550E+00   0.785760E-02   0.128668E+00   0.292782E+00
 0.118483E+02   0.616392E+00   0.769764E-02   0.127817E+00   0.292782E+00
 0.118609E+02   0.612226E+00   0.754048E-02   0.126964E+00   0.292782E+00
 0.118733E+02   0.608051E+00   0.738607E-02   0.126108E+00   0.292782E+00
 0.118850E+02   0.604061E+00   0.724133E-02   0.125291E+00   0.292782E+00
 0.118965E+02   0.600084E+00   0.709973E-02   0.124475E+00   0.292782E+00
 0.119079E+02   0.596102E+00   0.696069E-02   0.123659E+00   0.292782E+00
 0.119192E+02   0.592115E+00   0.682413E-02   0.122841E+00   0.292782E+00
 0.119304E+02   0.588122E+00   0.669002E-02   0.122022E+00   0.292782E+00
 0.119414E+02   0.584123E+00   0.655834E-02   0.121202E+00   0.292782E+00
 0.119528E+02   0.579919E+00   0.642267E-02   0.120339E+00   0.292782E+00
 0.119648E+02   0.575480E+00   0.628234E-02   0.119428E+00   0.292782E+00
 0.119767E+02   0.571016E+00   0.614409E-02   0.118511E+00   0.292782E+00
 0.119884E+02   0.566532E+00   0.600789E-02   0.117591E+00   0.292782E+00
 0.120001E+02   0.562029E+00   0.587374E-02   0.116666E+00   0.292782E+00
 0.120109E+02   0.557870E+00   0.575201E-02   0.115811E+00   0.292782E+00
 0.120230E+02   0.553103E+00   0.561497E-02   0.114831E+00   0.292782E+00
 0.120350E+02   0.548353E+00   0.548116E-02   0.113855E+00   0.292782E+00
 0.120468E+02   0.543615E+00   0.535044E-02   0.112881E+00   0.292782E+00
 0.120585E+02   0.538884E+00   0.522273E-02   0.111908E+00   0.292782E+00
 0.120694E+02   0.534395E+00   0.510410E-02   0.110985E+00   0.292782E+00
 0.120812E+02   0.529482E+00   0.497717E-02   0.109974E+00   0.292782E+00
 0.120919E+02   0.524975E+00   0.486342E-02   0.109047E+00   0.292782E+00
 0.121024E+02   0.520472E+00   0.475234E-02   0.108120E+00   0.292782E+00
 0.121128E+02   0.515969E+00   0.464386E-02   0.107193E+00   0.292782E+00
 0.121230E+02   0.511465E+00   0.453791E-02   0.106265E+00   0.292782E+00
 0.121339E+02   0.506565E+00   0.442552E-02   0.105256E+00   0.292782E+00
 0.121444E+02   0.501803E+00   0.431905E-02   0.104275E+00   0.292782E+00
 0.121548E+02   0.497026E+00   0.421482E-02   0.103290E+00   0.292782E+00
 0.121650E+02   0.492236E+00   0.411278E-02   0.102303E+00   0.292782E+00
 0.121752E+02   0.487435E+00   0.401286E-02   0.101314E+00   0.292782E+00
 0.121858E+02   0.482336E+00   0.390924E-02   0.100263E+00   0.292782E+00
 0.121974E+02   0.476681E+00   0.379743E-02   0.990967E-01   0.292782E+00
 0.122088E+02   0.471044E+00   0.368948E-02   0.979341E-01   0.292782E+00
 0.122199E+02   0.465413E+00   0.358525E-02   0.967722E-01   0.292782E+00
 0.122306E+02   0.459889E+00   0.348654E-02   0.956315E-01   0.292782E+00
 0.122412E+02   0.454273E+00   0.338938E-02   0.944714E-01   0.292782E+00
 0.122513E+02   0.448862E+00   0.329793E-02   0.933535E-01   0.292782E+00
 0.122627E+02   0.442751E+00   0.319631E-02   0.920918E-01   0.292782E+00
 0.122737E+02   0.436905E+00   0.309999E-02   0.908866E-01   0.292782E+00
 0.122842E+02   0.431293E+00   0.300854E-02   0.897312E-01   0.292782E+00
 0.122946E+02   0.425633E+00   0.291993E-02   0.885652E-01   0.292782E+00
 0.123055E+02   0.419361E+00   0.282840E-02   0.872687E-01   0.292782E+00
 0.123156E+02   0.413037E+00   0.274423E-02   0.859538E-01   0.292782E+00
 0.123266E+02   0.405686E+00   0.265523E-02   0.844134E-01   0.292782E+00
 0.123375E+02   0.398092E+00   0.256837E-02   0.828210E-01   0.292782E+00
 0.123481E+02   0.390695E+00   0.248507E-02   0.812832E-01   0.292782E+00
 0.123583E+02   0.383728E+00   0.240708E-02   0.798448E-01   0.292782E+00
 0.123683E+02   0.376943E+00   0.233162E-02   0.784415E-01   0.292782E+00
 0.123784E+02   0.370383E+00   0.225675E-02   0.770843E-01   0.292782E+00
 0.123888E+02   0.363023E+00   0.218103E-02   0.755618E-01   0.292782E+00
 0.123991E+02   0.355124E+00   0.210835E-02   0.739273E-01   0.292782E+00
 0.124091E+02   0.348344E+00   0.203893E-02   0.725241E-01   0.292782E+00
 0.124191E+02   0.341752E+00   0.197077E-02   0.711597E-01   0.292782E+00
 0.124292E+02   0.334993E+00   0.190331E-02   0.697602E-01   0.292782E+00
 0.124393E+02   0.328369E+00   0.183750E-02   0.683884E-01   0.292782E+00
 0.124495E+02   0.321710E+00   0.177253E-02   0.670090E-01   0.292782E+00
 0.124595E+02   0.315248E+00   0.170997E-02   0.656704E-01   0.292782E+00
 0.124702E+02   0.308410E+00   0.164471E-02   0.642534E-01   0.292782E+00
 0.124803E+02   0.301607E+00   0.158393E-02   0.628437E-01   0.292782E+00
 0.124904E+02   0.295022E+00   0.152537E-02   0.614786E-01   0.292782E+00
 0.125006E+02   0.288653E+00   0.146709E-02   0.601580E-01   0.292782E+00
 0.125114E+02   0.281941E+00   0.140702E-02   0.587661E-01   0.292782E+00
 0.125215E+02   0.275710E+00   0.135228E-02   0.574737E-01   0.292782E+00
 0.125321E+02   0.269243E+00   0.129603E-02   0.561320E-01   0.292782E+00
 0.125425E+02   0.262936E+00   0.124217E-02   0.548233E-01   0.292782E+00
 0.125527E+02   0.256781E+00   0.119047E-02   0.535459E-01   0.292782E+00
 0.125633E+02   0.250514E+00   0.113865E-02   0.522450E-01   0.292782E+00
 0.125743E+02   0.243989E+00   0.108567E-02   0.508902E-01   0.292782E+00
 0.125851E+02   0.237682E+00   0.103538E-02   0.495803E-01   0.292782E+00
 0.125952E+02   0.231852E+00   0.989668E-03   0.483694E-01   0.292782E+00
 0.126061E+02   0.225602E+00   0.941604E-03   0.470710E-01   0.292782E+00
 0.126167E+02   0.219545E+00   0.895967E-03   0.458124E-01   0.292782E+00
 0.126276E+02   0.213414E+00   0.850690E-03   0.445379E-01   0.292782E+00
 0.126377E+02   0.207758E+00   0.809783E-03   0.433622E-01   0.292782E+00
 0.126481E+02   0.202020E+00   0.769136E-03   0.421690E-01   0.292782E+00
 0.126588E+02   0.196134E+00   0.728378E-03   0.409450E-01   0.292782E+00
 0.126696E+02   0.190232E+00   0.688465E-03   0.397173E-01   0.292782E+00
 0.126803E+02   0.184429E+00   0.650208E-03   0.385099E-01   0.292782E+00
 0.126911E+02   0.178590E+00   0.612838E-03   0.372951E-01   0.292782E+00
 0.127012E+02   0.173151E+00   0.578979E-03   0.361630E-01   0.292782E+00
 0.127113E+02   0.167774E+00   0.546293E-03   0.350435E-01   0.292782E+00
 0.127216E+02   0.162304E+00   0.513928E-03   0.339047E-01   0.292782E+00
 0.127321E+02   0.156771E+00   0.482183E-03   0.327523E-01   0.292782E+00
 0.127426E+02   0.151300E+00   0.451813E-03   0.316128E-01   0.292782E+00
 0.127526E+02   0.146045E+00   0.423576E-03   0.305178E-01   0.292782E+00
 0.127632E+02   0.140530E+00   0.394917E-03   0.293686E-01   0.292782E+00
 0.127734E+02   0.135276E+00   0.368605E-03   0.282737E-01   0.292782E+00
 0.127835E+02   0.130000E+00   0.343231E-03   0.271739E-01   0.292782E+00
 0.127939E+02   0.124664E+00   0.318574E-03   0.260614E-01   0.292782E+00
 0.128040E+02   0.119437E+00   0.295310E-03   0.249712E-01   0.292782E+00
 0.128141E+02   0.114308E+00   0.273401E-03   0.239014E-01   0.292782E+00
 0.128242E+02   0.109118E+00   0.252214E-03   0.228188E-01   0.292782E+00
 0.128343E+02   0.103984E+00   0.232256E-03   0.217475E-01   0.292782E+00
 0.128445E+02   0.987722E-01   0.212987E-03   0.206599E-01   0.292782E+00
 0.128545E+02   0.936780E-01   0.195037E-03   0.195964E-01   0.292782E+00
 0.128648E+02   0.885274E-01   0.177740E-03   0.185210E-01   0.292782E+00
 0.128749E+02   0.834824E-01   0.161635E-03   0.174676E-01   0.292782E+00
 0.128852E+02   0.783972E-01   0.146291E-03   0.164057E-01   0.292782E+00
 0.128954E+02   0.733612E-01   0.132024E-03   0.153537E-01   0.292782E+00
 0.129057E+02   0.683154E-01   0.118573E-03   0.142994E-01   0.292782E+00
 0.129159E+02   0.634096E-01   0.106185E-03   0.132741E-01   0.292782E+00
 0.129261E+02   0.586857E-01   0.948242E-04   0.122868E-01   0.292782E+00
 0.129362E+02   0.541038E-01   0.843155E-04   0.113295E-01   0.292782E+00
 0.129464E+02   0.496047E-01   0.746823E-04   0.103888E-01   0.292782E+00
 0.129565E+02   0.452275E-01   0.659063E-04   0.947307E-02   0.292782E+00
 0.129667E+02   0.396000E-01   0.579914E-04   0.829028E-02   0.292782E+00
 0.129768E+02   0.336862E-01   0.513409E-04   0.706318E-02   0.292782E+00
 0.129870E+02   0.305660E-01   0.454025E-04   0.640996E-02   0.292782E+00
 0.129970E+02   0.285460E-01   0.400310E-04   0.598564E-02   0.292782E+00
 0.130072E+02   0.263478E-01   0.349759E-04   0.552377E-02   0.292782E+00
 0.130175E+02   0.237554E-01   0.303067E-04   0.497990E-02   0.292782E+00
 0.130276E+02   0.213142E-01   0.262299E-04   0.446894E-02   0.292782E+00
 0.130376E+02   0.190928E-01   0.225944E-04   0.400470E-02   0.292782E+00
 0.130478E+02   0.169760E-01   0.193093E-04   0.356188E-02   0.292782E+00
 0.130579E+02   0.149828E-01   0.164193E-04   0.314406E-02   0.292782E+00
 0.130680E+02   0.131097E-01   0.138719E-04   0.275087E-02   0.292782E+00
 0.130781E+02   0.113884E-01   0.116825E-04   0.238948E-02   0.292782E+00
 0.130882E+02   0.977868E-02   0.978006E-05   0.205185E-02   0.292782E+00
 0.130982E+02   0.830641E-02   0.817436E-05   0.174326E-02   0.292782E+00
 0.131082E+02   0.695142E-02   0.681547E-05   0.145917E-02   0.292782E+00
 0.131182E+02   0.573092E-02   0.569387E-05   0.120282E-02   0.292782E+00
 0.131283E+02   0.462802E-02   0.477214E-05   0.971901E-03   0.292782E+00
 0.131384E+02   0.366333E-02   0.403939E-05   0.769622E-03   0.292782E+00
 0.131485E+02   0.282608E-02   0.346455E-05   0.594018E-03   0.292782E+00
 0.131585E+02   0.213483E-02   0.303063E-05   0.448798E-03   0.292782E+00
 0.131685E+02   0.158507E-02   0.270632E-05   0.333304E-03   0.292782E+00
 0.131785E+02   0.121308E-02   0.246196E-05   0.255299E-03   0.292782E+00
 0.131885E+02   0.117533E-02   0.225276E-05   0.247275E-03   0.292782E+00
 0.131986E+02   0.108006E-02   0.205338E-05   0.227213E-03   0.292782E+00
 0.132087E+02   0.966267E-03   0.187451E-05   0.203410E-03   0.292782E+00
 0.132189E+02   0.875217E-03   0.171140E-05   0.184314E-03   0.292782E+00
 0.132292E+02   0.807226E-03   0.156093E-05   0.170020E-03   0.292782E+00
 0.132395E+02   0.752991E-03   0.142173E-05   0.158623E-03   0.292782E+00
 0.132495E+02   0.706516E-03   0.129509E-05   0.148870E-03   0.292782E+00
 0.132596E+02   0.659726E-03   0.117601E-05   0.139050E-03   0.292782E+00
 0.132697E+02   0.608922E-03   0.106612E-05   0.128366E-03   0.292782E+00
 0.132797E+02   0.553406E-03   0.965676E-06   0.116651E-03   0.292782E+00
 0.132900E+02   0.501083E-03   0.872851E-06   0.105651E-03   0.292782E+00
 0.133000E+02   0.456022E-03   0.790852E-06   0.961848E-04   0.292782E+00
 0.133103E+02   0.413388E-03   0.714409E-06   0.871756E-04   0.292782E+00
 0.133204E+02   0.377620E-03   0.646645E-06   0.796234E-04   0.292782E+00
 0.133305E+02   0.347733E-03   0.583720E-06   0.733418E-04   0.292782E+00
 0.133407E+02   0.322084E-03   0.526222E-06   0.679603E-04   0.292782E+00
 0.133507E+02   0.298451E-03   0.473448E-06   0.629928E-04   0.292782E+00
 0.133607E+02   0.275520E-03   0.424659E-06   0.581560E-04   0.292782E+00
 0.133710E+02   0.252876E-03   0.378902E-06   0.533722E-04   0.292782E+00
 0.133812E+02   0.231261E-03   0.337186E-06   0.488113E-04   0.292782E+00
 0.133916E+02   0.210641E-03   0.298519E-06   0.444690E-04   0.292782E+00
 0.134017E+02   0.192441E-03   0.264220E-06   0.406353E-04   0.292782E+00
 0.134119E+02   0.176094E-03   0.232835E-06   0.371857E-04   0.292782E+00
 0.134220E+02   0.159892E-03   0.204227E-06   0.337638E-04   0.292782E+00
 0.134322E+02   0.142505E-03   0.178646E-06   0.300971E-04   0.292782E+00
 0.134423E+02   0.125466E-03   0.155980E-06   0.265081E-04   0.292782E+00
 0.134526E+02   0.111575E-03   0.135801E-06   0.235761E-04   0.292782E+00
 0.134626E+02   0.100621E-03   0.118103E-06   0.212604E-04   0.292782E+00
 0.134726E+02   0.906645E-04   0.102211E-06   0.191583E-04   0.292782E+00
 0.134827E+02   0.807782E-04   0.878576E-07   0.170738E-04   0.292782E+00
 0.134930E+02   0.706707E-04   0.749646E-07   0.149394E-04   0.292782E+00
 0.135032E+02   0.615052E-04   0.639188E-07   0.130022E-04   0.292782E+00
 0.135134E+02   0.540474E-04   0.542687E-07   0.114298E-04   0.292782E+00
 0.135236E+02   0.476893E-04   0.457626E-07   0.100880E-04   0.292782E+00
 0.135338E+02   0.417738E-04   0.382691E-07   0.883439E-05   0.292782E+00
 0.135438E+02   0.363573E-04   0.318694E-07   0.768953E-05   0.292782E+00
 0.135542E+02   0.312823E-04   0.261255E-07   0.662166E-05   0.292782E+00
 0.135643E+02   0.270374E-04   0.213165E-07   0.572331E-05   0.292782E+00
 0.135744E+02   0.228497E-04   0.172229E-07   0.483469E-05   0.292782E+00
 0.135845E+02   0.187887E-04   0.138161E-07   0.397595E-05   0.292782E+00
 0.135947E+02   0.156583E-04   0.109828E-07   0.331377E-05   0.292782E+00
 0.136048E+02   0.131374E-04   0.862638E-08   0.278040E-05   0.292782E+00
 0.136149E+02   0.109455E-04   0.667304E-08   0.231690E-05   0.292782E+00
 0.136250E+02   0.892211E-05   0.505249E-08   0.188919E-05   0.292782E+00
 0.136351E+02   0.706237E-05   0.375745E-08   0.149578E-05   0.292782E+00
 0.136452E+02   0.551362E-05   0.274427E-08   0.116782E-05   0.292782E+00
 0.136552E+02   0.441598E-05   0.194997E-08   0.935326E-06   0.292782E+00
 0.136652E+02   0.306089E-05   0.134301E-08   0.648432E-06   0.292782E+00
 0.136752E+02   0.229798E-05   0.921857E-09   0.486866E-06   0.292782E+00
 0.136852E+02   0.167644E-05   0.605850E-09   0.355221E-06   0.292782E+00
 0.136953E+02   0.119678E-05   0.377213E-09   0.253556E-06   0.292782E+00
 0.137054E+02   0.773685E-06   0.220687E-09   0.163981E-06   0.292782E+00
 0.137154E+02   0.494301E-06   0.121433E-09   0.104781E-06   0.292782E+00
 0.137254E+02   0.294539E-06   0.594417E-10   0.624486E-07   0.292782E+00
 0.137354E+02   0.156356E-06   0.245879E-10   0.331551E-07   0.292782E+00
 0.137455E+02   0.663694E-07   0.754511E-11   0.140710E-07   0.292782E+00
 0.137555E+02   0.183175E-07   0.119932E-11   0.388457E-08   0.292782E+00
 0.137655E+02   0.636521E-09   0.639263E-14   0.135052E-09   0.292782E+00
