 0.000000E+00   0.157500E+01   0.226866E+00   0.311733E+00   0.311733E+00
 0.102960E-01   0.157500E+01   0.226866E+00   0.311733E+00   0.311733E+00
 0.207574E-01   0.157500E+01   0.226865E+00   0.311733E+00   0.311733E+00
 0.311650E-01   0.157500E+01   0.226864E+00   0.311732E+00   0.311733E+00
 0.418449E-01   0.157499E+01   0.226862E+00   0.311732E+00   0.311733E+00
 0.526785E-01   0.157499E+01   0.226860E+00   0.311731E+00   0.311733E+00
 0.630387E-01   0.157498E+01   0.226857E+00   0.311730E+00   0.311733E+00
 0.734478E-01   0.157497E+01   0.226854E+00   0.311729E+00   0.311733E+00
 0.836452E-01   0.157497E+01   0.226851E+00   0.311727E+00   0.311733E+00
 0.946593E-01   0.157496E+01   0.226846E+00   0.311726E+00   0.311733E+00
 0.105140E+00   0.157495E+01   0.226842E+00   0.311724E+00   0.311733E+00
 0.116290E+00   0.157494E+01   0.226836E+00   0.311722E+00   0.311733E+00
 0.126607E+00   0.157492E+01   0.226831E+00   0.311720E+00   0.311733E+00
 0.137459E+00   0.157491E+01   0.226824E+00   0.311718E+00   0.311733E+00
 0.148851E+00   0.157490E+01   0.226817E+00   0.311715E+00   0.311733E+00
 0.159053E+00   0.157488E+01   0.226810E+00   0.311713E+00   0.311733E+00
 0.169668E+00   0.157487E+01   0.226802E+00   0.311710E+00   0.311733E+00
 0.180693E+00   0.157485E+01   0.226794E+00   0.311707E+00   0.311733E+00
 0.192138E+00   0.157483E+01   0.226784E+00   0.311703E+00   0.311733E+00
 0.204009E+00   0.157481E+01   0.226774E+00   0.311699E+00   0.311733E+00
 0.214231E+00   0.157479E+01   0.226764E+00   0.311696E+00   0.311733E+00
 0.224754E+00   0.157476E+01   0.226754E+00   0.311692E+00   0.311733E+00
 0.235584E+00   0.157474E+01   0.226743E+00   0.311688E+00   0.311733E+00
 0.246719E+00   0.157472E+01   0.226731E+00   0.311684E+00   0.311733E+00
 0.258166E+00   0.157469E+01   0.226718E+00   0.311679E+00   0.311733E+00
 0.269925E+00   0.157466E+01   0.226705E+00   0.311674E+00   0.311733E+00
 0.282000E+00   0.157463E+01   0.226690E+00   0.311669E+00   0.311733E+00
 0.294395E+00   0.157459E+01   0.226674E+00   0.311663E+00   0.311733E+00
 0.304541E+00   0.157457E+01   0.226660E+00   0.311658E+00   0.311733E+00
 0.314898E+00   0.157454E+01   0.226646E+00   0.311653E+00   0.311733E+00
 0.325465E+00   0.157450E+01   0.226631E+00   0.311647E+00   0.311733E+00
 0.336238E+00   0.157447E+01   0.226615E+00   0.311642E+00   0.311733E+00
 0.347225E+00   0.157444E+01   0.226599E+00   0.311635E+00   0.311733E+00
 0.358423E+00   0.157440E+01   0.226581E+00   0.311629E+00   0.311733E+00
 0.369834E+00   0.157436E+01   0.226563E+00   0.311622E+00   0.311733E+00
 0.381459E+00   0.157432E+01   0.226543E+00   0.311615E+00   0.311733E+00
 0.393300E+00   0.157428E+01   0.226523E+00   0.311608E+00   0.311733E+00
 0.405362E+00   0.157423E+01   0.226502E+00   0.311600E+00   0.311733E+00
 0.417645E+00   0.157418E+01   0.226479E+00   0.311592E+00   0.311733E+00
 0.430148E+00   0.157413E+01   0.226456E+00   0.311583E+00   0.311733E+00
 0.442872E+00   0.157408E+01   0.226431E+00   0.311574E+00   0.311733E+00
 0.455820E+00   0.157403E+01   0.226405E+00   0.311565E+00   0.311733E+00
 0.468994E+00   0.157397E+01   0.226378E+00   0.311555E+00   0.311733E+00
 0.479020E+00   0.157393E+01   0.226357E+00   0.311547E+00   0.311733E+00
 0.489173E+00   0.157388E+01   0.226336E+00   0.311539E+00   0.311733E+00
 0.499456E+00   0.157383E+01   0.226313E+00   0.311531E+00   0.311733E+00
 0.509868E+00   0.157378E+01   0.226290E+00   0.311523E+00   0.311733E+00
 0.520408E+00   0.157373E+01   0.226266E+00   0.311514E+00   0.311733E+00
 0.531079E+00   0.157368E+01   0.226241E+00   0.311505E+00   0.311733E+00
 0.541879E+00   0.157363E+01   0.226215E+00   0.311495E+00   0.311733E+00
 0.552809E+00   0.157357E+01   0.226189E+00   0.311486E+00   0.311733E+00
 0.563872E+00   0.157351E+01   0.226161E+00   0.311476E+00   0.311733E+00
 0.575064E+00   0.157345E+01   0.226133E+00   0.311465E+00   0.311733E+00
 0.586389E+00   0.157339E+01   0.226104E+00   0.311455E+00   0.311733E+00
 0.597845E+00   0.157333E+01   0.226074E+00   0.311444E+00   0.311733E+00
 0.609435E+00   0.157326E+01   0.226043E+00   0.311432E+00   0.311733E+00
 0.621160E+00   0.157319E+01   0.226011E+00   0.311421E+00   0.311733E+00
 0.633017E+00   0.157313E+01   0.225978E+00   0.311409E+00   0.311733E+00
 0.645010E+00   0.157305E+01   0.225944E+00   0.311396E+00   0.311733E+00
 0.657138E+00   0.157298E+01   0.225909E+00   0.311383E+00   0.311733E+00
 0.669402E+00   0.157290E+01   0.225873E+00   0.311370E+00   0.311733E+00
 0.681802E+00   0.157282E+01   0.225836E+00   0.311357E+00   0.311733E+00
 0.694335E+00   0.157274E+01   0.225798E+00   0.311343E+00   0.311733E+00
 0.707007E+00   0.157266E+01   0.225758E+00   0.311328E+00   0.311733E+00
 0.719816E+00   0.157258E+01   0.225718E+00   0.311313E+00   0.311733E+00
 0.732762E+00   0.157249E+01   0.225676E+00   0.311298E+00   0.311733E+00
 0.745850E+00   0.157240E+01   0.225633E+00   0.311283E+00   0.311733E+00
 0.759073E+00   0.157230E+01   0.225589E+00   0.311266E+00   0.311733E+00
 0.772436E+00   0.157221E+01   0.225544E+00   0.311250E+00   0.311733E+00
 0.785937E+00   0.157211E+01   0.225498E+00   0.311233E+00   0.311733E+00
 0.799579E+00   0.157201E+01   0.225450E+00   0.311215E+00   0.311733E+00
 0.813363E+00   0.157190E+01   0.225400E+00   0.311197E+00   0.311733E+00
 0.827285E+00   0.157180E+01   0.225350E+00   0.311179E+00   0.311733E+00
 0.841352E+00   0.157169E+01   0.225298E+00   0.311160E+00   0.311733E+00
 0.855559E+00   0.157157E+01   0.225245E+00   0.311140E+00   0.311733E+00
 0.869907E+00   0.157146E+01   0.225190E+00   0.311120E+00   0.311733E+00
 0.884398E+00   0.157134E+01   0.225134E+00   0.311100E+00   0.311733E+00
 0.899030E+00   0.157122E+01   0.225076E+00   0.311078E+00   0.311733E+00
 0.913809E+00   0.157109E+01   0.225017E+00   0.311057E+00   0.311733E+00
 0.928730E+00   0.157096E+01   0.224956E+00   0.311034E+00   0.311733E+00
 0.938757E+00   0.157088E+01   0.224915E+00   0.311019E+00   0.311733E+00
 0.948848E+00   0.157079E+01   0.224873E+00   0.311004E+00   0.311733E+00
 0.959004E+00   0.157070E+01   0.224830E+00   0.310988E+00   0.311733E+00
 0.969223E+00   0.157060E+01   0.224786E+00   0.310972E+00   0.311733E+00
 0.979508E+00   0.157051E+01   0.224742E+00   0.310956E+00   0.311733E+00
 0.989859E+00   0.157042E+01   0.224697E+00   0.310939E+00   0.311733E+00
 0.100028E+01   0.157032E+01   0.224651E+00   0.310923E+00   0.311733E+00
 0.101076E+01   0.157022E+01   0.224605E+00   0.310905E+00   0.311733E+00
 0.102130E+01   0.157012E+01   0.224557E+00   0.310888E+00   0.311733E+00
 0.103191E+01   0.157002E+01   0.224509E+00   0.310870E+00   0.311733E+00
 0.104259E+01   0.156991E+01   0.224460E+00   0.310853E+00   0.311733E+00
 0.105333E+01   0.156981E+01   0.224411E+00   0.310834E+00   0.311733E+00
 0.106414E+01   0.156970E+01   0.224360E+00   0.310816E+00   0.311733E+00
 0.107501E+01   0.156959E+01   0.224309E+00   0.310797E+00   0.311733E+00
 0.108595E+01   0.156948E+01   0.224257E+00   0.310778E+00   0.311733E+00
 0.109695E+01   0.156937E+01   0.224204E+00   0.310758E+00   0.311733E+00
 0.110802E+01   0.156926E+01   0.224150E+00   0.310738E+00   0.311733E+00
 0.111916E+01   0.156914E+01   0.224095E+00   0.310718E+00   0.311733E+00
 0.113036E+01   0.156902E+01   0.224039E+00   0.310698E+00   0.311733E+00
 0.114162E+01   0.156890E+01   0.223983E+00   0.310677E+00   0.311733E+00
 0.115296E+01   0.156878E+01   0.223926E+00   0.310656E+00   0.311733E+00
 0.116436E+01   0.156866E+01   0.223867E+00   0.310635E+00   0.311733E+00
 0.117583E+01   0.156853E+01   0.223808E+00   0.310613E+00   0.311733E+00
 0.118737E+01   0.156840E+01   0.223748E+00   0.310591E+00   0.311733E+00
 0.119897E+01   0.156827E+01   0.223687E+00   0.310568E+00   0.311733E+00
 0.121063E+01   0.156814E+01   0.223625E+00   0.310546E+00   0.311733E+00
 0.122237E+01   0.156801E+01   0.223562E+00   0.310522E+00   0.311733E+00
 0.123417E+01   0.156787E+01   0.223498E+00   0.310499E+00   0.311733E+00
 0.124604E+01   0.156774E+01   0.223433E+00   0.310475E+00   0.311733E+00
 0.125798E+01   0.156760E+01   0.223367E+00   0.310451E+00   0.311733E+00
 0.126998E+01   0.156745E+01   0.223301E+00   0.310426E+00   0.311733E+00
 0.128206E+01   0.156731E+01   0.223233E+00   0.310401E+00   0.311733E+00
 0.129419E+01   0.156716E+01   0.223164E+00   0.310376E+00   0.311733E+00
 0.130640E+01   0.156701E+01   0.223094E+00   0.310350E+00   0.311733E+00
 0.131867E+01   0.156686E+01   0.223023E+00   0.310324E+00   0.311733E+00
 0.133101E+01   0.156671E+01   0.222951E+00   0.310297E+00   0.311733E+00
 0.134342E+01   0.156656E+01   0.222878E+00   0.310270E+00   0.311733E+00
 0.135590E+01   0.156640E+01   0.222804E+00   0.310243E+00   0.311733E+00
 0.136845E+01   0.156624E+01   0.222729E+00   0.310215E+00   0.311733E+00
 0.138106E+01   0.156608E+01   0.222652E+00   0.310187E+00   0.311733E+00
 0.139374E+01   0.156591E+01   0.222575E+00   0.310159E+00   0.311733E+00
 0.140649E+01   0.156574E+01   0.222497E+00   0.310130E+00   0.311733E+00
 0.141931E+01   0.156557E+01   0.222417E+00   0.310100E+00   0.311733E+00
 0.143220E+01   0.156540E+01   0.222336E+00   0.310070E+00   0.311733E+00
 0.144516E+01   0.156523E+01   0.222254E+00   0.310040E+00   0.311733E+00
 0.145818E+01   0.156505E+01   0.222171E+00   0.310010E+00   0.311733E+00
 0.147127E+01   0.156487E+01   0.222087E+00   0.309978E+00   0.311733E+00
 0.148443E+01   0.156469E+01   0.222001E+00   0.309947E+00   0.311733E+00
 0.149767E+01   0.156450E+01   0.221915E+00   0.309915E+00   0.311733E+00
 0.151097E+01   0.156432E+01   0.221827E+00   0.309882E+00   0.311733E+00
 0.152434E+01   0.156413E+01   0.221738E+00   0.309849E+00   0.311733E+00
 0.153778E+01   0.156394E+01   0.221647E+00   0.309816E+00   0.311733E+00
 0.155129E+01   0.156374E+01   0.221556E+00   0.309782E+00   0.311733E+00
 0.156486E+01   0.156354E+01   0.221463E+00   0.309748E+00   0.311733E+00
 0.157851E+01   0.156334E+01   0.221369E+00   0.309713E+00   0.311733E+00
 0.159222E+01   0.156314E+01   0.221274E+00   0.309678E+00   0.311733E+00
 0.160601E+01   0.156293E+01   0.221177E+00   0.309642E+00   0.311733E+00
 0.161987E+01   0.156272E+01   0.221079E+00   0.309606E+00   0.311733E+00
 0.163379E+01   0.156251E+01   0.220979E+00   0.309569E+00   0.311733E+00
 0.164779E+01   0.156230E+01   0.220879E+00   0.309531E+00   0.311733E+00
 0.166185E+01   0.156208E+01   0.220777E+00   0.309494E+00   0.311733E+00
 0.167599E+01   0.156186E+01   0.220673E+00   0.309455E+00   0.311733E+00
 0.169019E+01   0.156163E+01   0.220569E+00   0.309416E+00   0.311733E+00
 0.170447E+01   0.156141E+01   0.220463E+00   0.309377E+00   0.311733E+00
 0.171881E+01   0.156118E+01   0.220355E+00   0.309337E+00   0.311733E+00
 0.173323E+01   0.156094E+01   0.220246E+00   0.309297E+00   0.311733E+00
 0.174772E+01   0.156071E+01   0.220136E+00   0.309256E+00   0.311733E+00
 0.176227E+01   0.156047E+01   0.220024E+00   0.309214E+00   0.311733E+00
 0.177690E+01   0.156023E+01   0.219911E+00   0.309172E+00   0.311733E+00
 0.179160E+01   0.155998E+01   0.219796E+00   0.309130E+00   0.311733E+00
 0.180636E+01   0.155973E+01   0.219680E+00   0.309086E+00   0.311733E+00
 0.182120E+01   0.155948E+01   0.219562E+00   0.309043E+00   0.311733E+00
 0.183611E+01   0.155923E+01   0.219443E+00   0.308998E+00   0.311733E+00
 0.185109E+01   0.155897E+01   0.219323E+00   0.308953E+00   0.311733E+00
 0.186615E+01   0.155871E+01   0.219200E+00   0.308908E+00   0.311733E+00
 0.188127E+01   0.155844E+01   0.219077E+00   0.308862E+00   0.311733E+00
 0.189646E+01   0.155817E+01   0.218951E+00   0.308815E+00   0.311733E+00
 0.191172E+01   0.155790E+01   0.218825E+00   0.308768E+00   0.311733E+00
 0.192706E+01   0.155762E+01   0.218696E+00   0.308720E+00   0.311733E+00
 0.194246E+01   0.155735E+01   0.218566E+00   0.308672E+00   0.311733E+00
 0.195794E+01   0.155706E+01   0.218435E+00   0.308623E+00   0.311733E+00
 0.197348E+01   0.155678E+01   0.218301E+00   0.308573E+00   0.311733E+00
 0.198910E+01   0.155649E+01   0.218166E+00   0.308522E+00   0.311733E+00
 0.200479E+01   0.155619E+01   0.218030E+00   0.308471E+00   0.311733E+00
 0.202056E+01   0.155590E+01   0.217892E+00   0.308420E+00   0.311733E+00
 0.203639E+01   0.155560E+01   0.217752E+00   0.308368E+00   0.311733E+00
 0.205229E+01   0.155529E+01   0.217610E+00   0.308315E+00   0.311733E+00
 0.206827E+01   0.155498E+01   0.217467E+00   0.308261E+00   0.311733E+00
 0.208431E+01   0.155467E+01   0.217322E+00   0.308207E+00   0.311733E+00
 0.210043E+01   0.155436E+01   0.217176E+00   0.308152E+00   0.311733E+00
 0.211662E+01   0.155404E+01   0.217027E+00   0.308096E+00   0.311733E+00
 0.213288E+01   0.155371E+01   0.216877E+00   0.308040E+00   0.311733E+00
 0.214921E+01   0.155339E+01   0.216725E+00   0.307983E+00   0.311733E+00
 0.216562E+01   0.155306E+01   0.216571E+00   0.307926E+00   0.311733E+00
 0.218209E+01   0.155272E+01   0.216416E+00   0.307867E+00   0.311733E+00
 0.219864E+01   0.155238E+01   0.216258E+00   0.307808E+00   0.311733E+00
 0.221526E+01   0.155204E+01   0.216099E+00   0.307748E+00   0.311733E+00
 0.223195E+01   0.155169E+01   0.215938E+00   0.307688E+00   0.311733E+00
 0.224871E+01   0.155134E+01   0.215775E+00   0.307627E+00   0.311733E+00
 0.226555E+01   0.155098E+01   0.215611E+00   0.307565E+00   0.311733E+00
 0.228246E+01   0.155062E+01   0.215444E+00   0.307502E+00   0.311733E+00
 0.229943E+01   0.155026E+01   0.215276E+00   0.307439E+00   0.311733E+00
 0.231649E+01   0.154989E+01   0.215105E+00   0.307375E+00   0.311733E+00
 0.233361E+01   0.154952E+01   0.214933E+00   0.307310E+00   0.311733E+00
 0.235080E+01   0.154914E+01   0.214759E+00   0.307244E+00   0.311733E+00
 0.236807E+01   0.154876E+01   0.214583E+00   0.307178E+00   0.311733E+00
 0.238541E+01   0.154837E+01   0.214404E+00   0.307111E+00   0.311733E+00
 0.240282E+01   0.154798E+01   0.214224E+00   0.307043E+00   0.311733E+00
 0.242030E+01   0.154759E+01   0.214042E+00   0.306974E+00   0.311733E+00
 0.243786E+01   0.154719E+01   0.213858E+00   0.306904E+00   0.311733E+00
 0.245549E+01   0.154679E+01   0.213672E+00   0.306834E+00   0.311733E+00
 0.247318E+01   0.154638E+01   0.213484E+00   0.306763E+00   0.311733E+00
 0.249095E+01   0.154597E+01   0.213293E+00   0.306691E+00   0.311733E+00
 0.250879E+01   0.154555E+01   0.213101E+00   0.306618E+00   0.311733E+00
 0.252670E+01   0.154513E+01   0.212907E+00   0.306544E+00   0.311733E+00
 0.254469E+01   0.154470E+01   0.212710E+00   0.306470E+00   0.311733E+00
 0.256275E+01   0.154427E+01   0.212512E+00   0.306395E+00   0.311733E+00
 0.258088E+01   0.154383E+01   0.212311E+00   0.306319E+00   0.311733E+00
 0.259908E+01   0.154339E+01   0.212108E+00   0.306242E+00   0.311733E+00
 0.261735E+01   0.154294E+01   0.211903E+00   0.306164E+00   0.311733E+00
 0.263570E+01   0.154249E+01   0.211696E+00   0.306085E+00   0.311733E+00
 0.265412E+01   0.154204E+01   0.211487E+00   0.306005E+00   0.311733E+00
 0.267261E+01   0.154158E+01   0.211275E+00   0.305925E+00   0.311733E+00
 0.269117E+01   0.154111E+01   0.211062E+00   0.305844E+00   0.311733E+00
 0.270980E+01   0.154064E+01   0.210846E+00   0.305761E+00   0.311733E+00
 0.272851E+01   0.154016E+01   0.210628E+00   0.305678E+00   0.311733E+00
 0.274729E+01   0.153968E+01   0.210407E+00   0.305594E+00   0.311733E+00
 0.276614E+01   0.153919E+01   0.210185E+00   0.305509E+00   0.311733E+00
 0.278507E+01   0.153870E+01   0.209960E+00   0.305423E+00   0.311733E+00
 0.280406E+01   0.153821E+01   0.209733E+00   0.305336E+00   0.311733E+00
 0.282313E+01   0.153770E+01   0.209503E+00   0.305249E+00   0.311733E+00
 0.284227E+01   0.153720E+01   0.209271E+00   0.305160E+00   0.311733E+00
 0.286148E+01   0.153668E+01   0.209037E+00   0.305070E+00   0.311733E+00
 0.288076E+01   0.153616E+01   0.208801E+00   0.304980E+00   0.311733E+00
 0.290012E+01   0.153564E+01   0.208562E+00   0.304888E+00   0.311733E+00
 0.291954E+01   0.153511E+01   0.208321E+00   0.304796E+00   0.311733E+00
 0.293904E+01   0.153458E+01   0.208077E+00   0.304702E+00   0.311733E+00
 0.295861E+01   0.153404E+01   0.207831E+00   0.304608E+00   0.311733E+00
 0.297825E+01   0.153349E+01   0.207583E+00   0.304512E+00   0.311733E+00
 0.299796E+01   0.153294E+01   0.207332E+00   0.304416E+00   0.311733E+00
 0.301774E+01   0.153238E+01   0.207079E+00   0.304318E+00   0.311733E+00
 0.303760E+01   0.153182E+01   0.206823E+00   0.304220E+00   0.311733E+00
 0.305752E+01   0.153125E+01   0.206565E+00   0.304120E+00   0.311733E+00
 0.307752E+01   0.153067E+01   0.206305E+00   0.304020E+00   0.311733E+00
 0.308755E+01   0.153038E+01   0.206173E+00   0.303969E+00   0.311733E+00
 0.309759E+01   0.153009E+01   0.206041E+00   0.303918E+00   0.311733E+00
 0.310765E+01   0.152980E+01   0.205909E+00   0.303867E+00   0.311733E+00
 0.311773E+01   0.152951E+01   0.205776E+00   0.303815E+00   0.311733E+00
 0.312783E+01   0.152921E+01   0.205642E+00   0.303764E+00   0.311733E+00
 0.313794E+01   0.152891E+01   0.205508E+00   0.303712E+00   0.311733E+00
 0.314808E+01   0.152862E+01   0.205373E+00   0.303659E+00   0.311733E+00
 0.315823E+01   0.152832E+01   0.205237E+00   0.303607E+00   0.311733E+00
 0.316840E+01   0.152801E+01   0.205101E+00   0.303554E+00   0.311733E+00
 0.317859E+01   0.152771E+01   0.204964E+00   0.303501E+00   0.311733E+00
 0.318879E+01   0.152741E+01   0.204826E+00   0.303448E+00   0.311733E+00
 0.319901E+01   0.152710E+01   0.204688E+00   0.303394E+00   0.311733E+00
 0.320925E+01   0.152679E+01   0.204550E+00   0.303340E+00   0.311733E+00
 0.321951E+01   0.152649E+01   0.204410E+00   0.303286E+00   0.311733E+00
 0.322979E+01   0.152617E+01   0.204270E+00   0.303232E+00   0.311733E+00
 0.324008E+01   0.152586E+01   0.204129E+00   0.303177E+00   0.311733E+00
 0.325039E+01   0.152555E+01   0.203988E+00   0.303122E+00   0.311733E+00
 0.326072E+01   0.152523E+01   0.203846E+00   0.303067E+00   0.311733E+00
 0.327107E+01   0.152492E+01   0.203703E+00   0.303011E+00   0.311733E+00
 0.328143E+01   0.152460E+01   0.203560E+00   0.302956E+00   0.311733E+00
 0.329181E+01   0.152428E+01   0.203416E+00   0.302899E+00   0.311733E+00
 0.330221E+01   0.152396E+01   0.203271E+00   0.302843E+00   0.311733E+00
 0.331263E+01   0.152364E+01   0.203126E+00   0.302787E+00   0.311733E+00
 0.332307E+01   0.152331E+01   0.202980E+00   0.302730E+00   0.311733E+00
 0.333352E+01   0.152298E+01   0.202833E+00   0.302672E+00   0.311733E+00
 0.334399E+01   0.152266E+01   0.202686E+00   0.302615E+00   0.311733E+00
 0.335448E+01   0.152233E+01   0.202538E+00   0.302557E+00   0.311733E+00
 0.336498E+01   0.152200E+01   0.202389E+00   0.302499E+00   0.311733E+00
 0.337551E+01   0.152166E+01   0.202240E+00   0.302441E+00   0.311733E+00
 0.338605E+01   0.152133E+01   0.202090E+00   0.302382E+00   0.311733E+00
 0.339661E+01   0.152099E+01   0.201940E+00   0.302323E+00   0.311733E+00
 0.340719E+01   0.152066E+01   0.201788E+00   0.302264E+00   0.311733E+00
 0.341778E+01   0.152032E+01   0.201636E+00   0.302205E+00   0.311733E+00
 0.342839E+01   0.151998E+01   0.201484E+00   0.302145E+00   0.311733E+00
 0.343902E+01   0.151964E+01   0.201330E+00   0.302085E+00   0.311733E+00
 0.344967E+01   0.151929E+01   0.201176E+00   0.302025E+00   0.311733E+00
 0.346033E+01   0.151895E+01   0.201022E+00   0.301964E+00   0.311733E+00
 0.347102E+01   0.151860E+01   0.200866E+00   0.301903E+00   0.311733E+00
 0.348171E+01   0.151825E+01   0.200710E+00   0.301842E+00   0.311733E+00
 0.349243E+01   0.151790E+01   0.200554E+00   0.301780E+00   0.311733E+00
 0.350317E+01   0.151755E+01   0.200396E+00   0.301718E+00   0.311733E+00
 0.351392E+01   0.151719E+01   0.200238E+00   0.301656E+00   0.311733E+00
 0.352469E+01   0.151684E+01   0.200080E+00   0.301594E+00   0.311733E+00
 0.353548E+01   0.151648E+01   0.199920E+00   0.301531E+00   0.311733E+00
 0.354628E+01   0.151612E+01   0.199760E+00   0.301468E+00   0.311733E+00
 0.355710E+01   0.151576E+01   0.199599E+00   0.301405E+00   0.311733E+00
 0.356794E+01   0.151540E+01   0.199438E+00   0.301341E+00   0.311733E+00
 0.357880E+01   0.151504E+01   0.199276E+00   0.301277E+00   0.311733E+00
 0.358967E+01   0.151467E+01   0.199113E+00   0.301213E+00   0.311733E+00
 0.360057E+01   0.151430E+01   0.198949E+00   0.301148E+00   0.311733E+00
 0.361148E+01   0.151394E+01   0.198785E+00   0.301084E+00   0.311733E+00
 0.362240E+01   0.151356E+01   0.198620E+00   0.301018E+00   0.311733E+00
 0.363335E+01   0.151319E+01   0.198454E+00   0.300953E+00   0.311733E+00
 0.364437E+01   0.151282E+01   0.198287E+00   0.300887E+00   0.311733E+00
 0.365535E+01   0.151244E+01   0.198120E+00   0.300821E+00   0.311733E+00
 0.366635E+01   0.151206E+01   0.197952E+00   0.300754E+00   0.311733E+00
 0.367738E+01   0.151168E+01   0.197783E+00   0.300687E+00   0.311733E+00
 0.368841E+01   0.151130E+01   0.197614E+00   0.300620E+00   0.311733E+00
 0.369947E+01   0.151092E+01   0.197444E+00   0.300553E+00   0.311733E+00
 0.371054E+01   0.151053E+01   0.197273E+00   0.300485E+00   0.311733E+00
 0.372163E+01   0.151015E+01   0.197102E+00   0.300417E+00   0.311733E+00
 0.373273E+01   0.150976E+01   0.196930E+00   0.300349E+00   0.311733E+00
 0.374385E+01   0.150937E+01   0.196757E+00   0.300280E+00   0.311733E+00
 0.375499E+01   0.150898E+01   0.196583E+00   0.300211E+00   0.311733E+00
 0.376615E+01   0.150858E+01   0.196409E+00   0.300142E+00   0.311733E+00
 0.377733E+01   0.150819E+01   0.196234E+00   0.300072E+00   0.311733E+00
 0.378852E+01   0.150779E+01   0.196058E+00   0.300002E+00   0.311733E+00
 0.379973E+01   0.150739E+01   0.195882E+00   0.299932E+00   0.311733E+00
 0.381096E+01   0.150699E+01   0.195705E+00   0.299861E+00   0.311733E+00
 0.382220E+01   0.150659E+01   0.195527E+00   0.299790E+00   0.311733E+00
 0.383346E+01   0.150618E+01   0.195348E+00   0.299719E+00   0.311733E+00
 0.384474E+01   0.150578E+01   0.195169E+00   0.299648E+00   0.311733E+00
 0.385603E+01   0.150537E+01   0.194989E+00   0.299576E+00   0.311733E+00
 0.386734E+01   0.150496E+01   0.194808E+00   0.299503E+00   0.311733E+00
 0.387867E+01   0.150455E+01   0.194627E+00   0.299431E+00   0.311733E+00
 0.389002E+01   0.150413E+01   0.194445E+00   0.299358E+00   0.311733E+00
 0.390139E+01   0.150372E+01   0.194262E+00   0.299285E+00   0.311733E+00
 0.391277E+01   0.150330E+01   0.194078E+00   0.299211E+00   0.311733E+00
 0.392417E+01   0.150288E+01   0.193893E+00   0.299137E+00   0.311733E+00
 0.393558E+01   0.150246E+01   0.193708E+00   0.299063E+00   0.311733E+00
 0.394701E+01   0.150204E+01   0.193522E+00   0.298988E+00   0.311733E+00
 0.395846E+01   0.150161E+01   0.193336E+00   0.298913E+00   0.311733E+00
 0.396993E+01   0.150118E+01   0.193148E+00   0.298838E+00   0.311733E+00
 0.398141E+01   0.150075E+01   0.192960E+00   0.298762E+00   0.311733E+00
 0.399291E+01   0.150032E+01   0.192771E+00   0.298686E+00   0.311733E+00
 0.400443E+01   0.149989E+01   0.192582E+00   0.298610E+00   0.311733E+00
 0.401597E+01   0.149946E+01   0.192391E+00   0.298533E+00   0.311733E+00
 0.402752E+01   0.149902E+01   0.192200E+00   0.298456E+00   0.311733E+00
 0.403909E+01   0.149858E+01   0.192009E+00   0.298379E+00   0.311733E+00
 0.405067E+01   0.149814E+01   0.191816E+00   0.298301E+00   0.311733E+00
 0.406228E+01   0.149770E+01   0.191623E+00   0.298223E+00   0.311733E+00
 0.407390E+01   0.149726E+01   0.191429E+00   0.298145E+00   0.311733E+00
 0.408553E+01   0.149681E+01   0.191234E+00   0.298066E+00   0.311733E+00
 0.409719E+01   0.149636E+01   0.191038E+00   0.297987E+00   0.311733E+00
 0.410886E+01   0.149591E+01   0.190842E+00   0.297908E+00   0.311733E+00
 0.412055E+01   0.149546E+01   0.190645E+00   0.297828E+00   0.311733E+00
 0.413225E+01   0.149501E+01   0.190447E+00   0.297748E+00   0.311733E+00
 0.414397E+01   0.149455E+01   0.190248E+00   0.297667E+00   0.311733E+00
 0.415571E+01   0.149409E+01   0.190049E+00   0.297586E+00   0.311733E+00
 0.416747E+01   0.149363E+01   0.189849E+00   0.297505E+00   0.311733E+00
 0.417923E+01   0.149317E+01   0.189648E+00   0.297423E+00   0.311733E+00
 0.419102E+01   0.149271E+01   0.189447E+00   0.297341E+00   0.311733E+00
 0.420282E+01   0.149224E+01   0.189244E+00   0.297259E+00   0.311733E+00
 0.421464E+01   0.149177E+01   0.189041E+00   0.297176E+00   0.311733E+00
 0.422648E+01   0.149130E+01   0.188837E+00   0.297093E+00   0.311733E+00
 0.423834E+01   0.149083E+01   0.188633E+00   0.297010E+00   0.311733E+00
 0.425021E+01   0.149036E+01   0.188427E+00   0.296926E+00   0.311733E+00
 0.426209E+01   0.148988E+01   0.188221E+00   0.296842E+00   0.311733E+00
 0.427399E+01   0.148940E+01   0.188014E+00   0.296757E+00   0.311733E+00
 0.428592E+01   0.148892E+01   0.187807E+00   0.296672E+00   0.311733E+00
 0.429785E+01   0.148844E+01   0.187598E+00   0.296587E+00   0.311733E+00
 0.430981E+01   0.148796E+01   0.187389E+00   0.296501E+00   0.311733E+00
 0.432178E+01   0.148747E+01   0.187179E+00   0.296415E+00   0.311733E+00
 0.433377E+01   0.148698E+01   0.186968E+00   0.296329E+00   0.311733E+00
 0.434577E+01   0.148649E+01   0.186757E+00   0.296242E+00   0.311733E+00
 0.435779E+01   0.148600E+01   0.186545E+00   0.296155E+00   0.311733E+00
 0.436983E+01   0.148551E+01   0.186332E+00   0.296068E+00   0.311733E+00
 0.438188E+01   0.148501E+01   0.186118E+00   0.295980E+00   0.311733E+00
 0.439428E+01   0.148450E+01   0.185897E+00   0.295889E+00   0.311733E+00
 0.440637E+01   0.148400E+01   0.185682E+00   0.295800E+00   0.311733E+00
 0.441848E+01   0.148349E+01   0.185466E+00   0.295711E+00   0.311733E+00
 0.443062E+01   0.148299E+01   0.185248E+00   0.295622E+00   0.311733E+00
 0.444276E+01   0.148248E+01   0.185031E+00   0.295532E+00   0.311733E+00
 0.445492E+01   0.148197E+01   0.184812E+00   0.295441E+00   0.311733E+00
 0.446711E+01   0.148146E+01   0.184592E+00   0.295351E+00   0.311733E+00
 0.447930E+01   0.148095E+01   0.184372E+00   0.295260E+00   0.311733E+00
 0.449151E+01   0.148043E+01   0.184151E+00   0.295168E+00   0.311733E+00
 0.450374E+01   0.147991E+01   0.183929E+00   0.295076E+00   0.311733E+00
 0.451598E+01   0.147939E+01   0.183707E+00   0.294984E+00   0.311733E+00
 0.452825E+01   0.147887E+01   0.183484E+00   0.294891E+00   0.311733E+00
 0.454052E+01   0.147835E+01   0.183259E+00   0.294798E+00   0.311733E+00
 0.455281E+01   0.147782E+01   0.183035E+00   0.294705E+00   0.311733E+00
 0.456512E+01   0.147729E+01   0.182809E+00   0.294611E+00   0.311733E+00
 0.457744E+01   0.147676E+01   0.182582E+00   0.294517E+00   0.311733E+00
 0.458978E+01   0.147623E+01   0.182355E+00   0.294422E+00   0.311733E+00
 0.460214E+01   0.147569E+01   0.182127E+00   0.294327E+00   0.311733E+00
 0.461451E+01   0.147516E+01   0.181898E+00   0.294232E+00   0.311733E+00
 0.462690E+01   0.147462E+01   0.181669E+00   0.294136E+00   0.311733E+00
 0.463931E+01   0.147407E+01   0.181439E+00   0.294040E+00   0.311733E+00
 0.465173E+01   0.147353E+01   0.181207E+00   0.293943E+00   0.311733E+00
 0.466417E+01   0.147298E+01   0.180975E+00   0.293846E+00   0.311733E+00
 0.467662E+01   0.147244E+01   0.180743E+00   0.293749E+00   0.311733E+00
 0.468909E+01   0.147188E+01   0.180509E+00   0.293651E+00   0.311733E+00
 0.470157E+01   0.147133E+01   0.180275E+00   0.293553E+00   0.311733E+00
 0.471407E+01   0.147078E+01   0.180040E+00   0.293454E+00   0.311733E+00
 0.472658E+01   0.147022E+01   0.179804E+00   0.293355E+00   0.311733E+00
 0.473911E+01   0.146966E+01   0.179568E+00   0.293255E+00   0.311733E+00
 0.475166E+01   0.146910E+01   0.179330E+00   0.293155E+00   0.311733E+00
 0.476422E+01   0.146853E+01   0.179092E+00   0.293055E+00   0.311733E+00
 0.477680E+01   0.146797E+01   0.178853E+00   0.292954E+00   0.311733E+00
 0.478940E+01   0.146740E+01   0.178613E+00   0.292853E+00   0.311733E+00
 0.480201E+01   0.146683E+01   0.178373E+00   0.292752E+00   0.311733E+00
 0.481463E+01   0.146626E+01   0.178131E+00   0.292650E+00   0.311733E+00
 0.482728E+01   0.146568E+01   0.177889E+00   0.292547E+00   0.311733E+00
 0.483994E+01   0.146510E+01   0.177646E+00   0.292444E+00   0.311733E+00
 0.485261E+01   0.146452E+01   0.177402E+00   0.292341E+00   0.311733E+00
 0.486530E+01   0.146394E+01   0.177158E+00   0.292237E+00   0.311733E+00
 0.487800E+01   0.146335E+01   0.176913E+00   0.292133E+00   0.311733E+00
 0.489072E+01   0.146277E+01   0.176667E+00   0.292029E+00   0.311733E+00
 0.490346E+01   0.146218E+01   0.176420E+00   0.291924E+00   0.311733E+00
 0.491621E+01   0.146159E+01   0.176172E+00   0.291818E+00   0.311733E+00
 0.492898E+01   0.146099E+01   0.175924E+00   0.291713E+00   0.311733E+00
 0.494176E+01   0.146040E+01   0.175674E+00   0.291606E+00   0.311733E+00
 0.495455E+01   0.145980E+01   0.175424E+00   0.291500E+00   0.311733E+00
 0.496736E+01   0.145920E+01   0.175174E+00   0.291393E+00   0.311733E+00
 0.498019E+01   0.145859E+01   0.174922E+00   0.291285E+00   0.311733E+00
 0.499304E+01   0.145799E+01   0.174670E+00   0.291177E+00   0.311733E+00
 0.500590E+01   0.145738E+01   0.174416E+00   0.291069E+00   0.311733E+00
 0.501877E+01   0.145677E+01   0.174162E+00   0.290960E+00   0.311733E+00
 0.503160E+01   0.145616E+01   0.173909E+00   0.290851E+00   0.311733E+00
 0.504453E+01   0.145554E+01   0.173653E+00   0.290741E+00   0.311733E+00
 0.505747E+01   0.145493E+01   0.173396E+00   0.290631E+00   0.311733E+00
 0.507042E+01   0.145431E+01   0.173139E+00   0.290520E+00   0.311733E+00
 0.508339E+01   0.145368E+01   0.172880E+00   0.290409E+00   0.311733E+00
 0.509637E+01   0.145306E+01   0.172621E+00   0.290297E+00   0.311733E+00
 0.510937E+01   0.145243E+01   0.172361E+00   0.290185E+00   0.311733E+00
 0.512238E+01   0.145180E+01   0.172101E+00   0.290072E+00   0.311733E+00
 0.513541E+01   0.145117E+01   0.171839E+00   0.289959E+00   0.311733E+00
 0.514846E+01   0.145053E+01   0.171577E+00   0.289846E+00   0.311733E+00
 0.516152E+01   0.144989E+01   0.171314E+00   0.289732E+00   0.311733E+00
 0.517459E+01   0.144925E+01   0.171050E+00   0.289617E+00   0.311733E+00
 0.518768E+01   0.144861E+01   0.170785E+00   0.289502E+00   0.311733E+00
 0.520078E+01   0.144797E+01   0.170520E+00   0.289387E+00   0.311733E+00
 0.521390E+01   0.144732E+01   0.170254E+00   0.289271E+00   0.311733E+00
 0.522703E+01   0.144667E+01   0.169987E+00   0.289155E+00   0.311733E+00
 0.524018E+01   0.144602E+01   0.169719E+00   0.289039E+00   0.311733E+00
 0.525335E+01   0.144536E+01   0.169450E+00   0.288921E+00   0.311733E+00
 0.526652E+01   0.144470E+01   0.169181E+00   0.288804E+00   0.311733E+00
 0.527972E+01   0.144404E+01   0.168911E+00   0.288686E+00   0.311733E+00
 0.529292E+01   0.144338E+01   0.168640E+00   0.288567E+00   0.311733E+00
 0.530614E+01   0.144272E+01   0.168368E+00   0.288448E+00   0.311733E+00
 0.531938E+01   0.144205E+01   0.168096E+00   0.288329E+00   0.311733E+00
 0.533263E+01   0.144138E+01   0.167823E+00   0.288209E+00   0.311733E+00
 0.534590E+01   0.144071E+01   0.167548E+00   0.288088E+00   0.311733E+00
 0.535917E+01   0.144003E+01   0.167274E+00   0.287967E+00   0.311733E+00
 0.537247E+01   0.143936E+01   0.166998E+00   0.287846E+00   0.311733E+00
 0.538578E+01   0.143868E+01   0.166722E+00   0.287724E+00   0.311733E+00
 0.539910E+01   0.143799E+01   0.166444E+00   0.287602E+00   0.311733E+00
 0.541244E+01   0.143731E+01   0.166166E+00   0.287479E+00   0.311733E+00
 0.542579E+01   0.143662E+01   0.165888E+00   0.287356E+00   0.311733E+00
 0.543915E+01   0.143593E+01   0.165608E+00   0.287232E+00   0.311733E+00
 0.545253E+01   0.143524E+01   0.165328E+00   0.287108E+00   0.311733E+00
 0.546592E+01   0.143454E+01   0.165047E+00   0.286983E+00   0.311733E+00
 0.547933E+01   0.143385E+01   0.164765E+00   0.286858E+00   0.311733E+00
 0.549275E+01   0.143315E+01   0.164482E+00   0.286732E+00   0.311733E+00
 0.550619E+01   0.143244E+01   0.164199E+00   0.286606E+00   0.311733E+00
 0.551964E+01   0.143174E+01   0.163915E+00   0.286480E+00   0.311733E+00
 0.553310E+01   0.143103E+01   0.163630E+00   0.286352E+00   0.311733E+00
 0.554658E+01   0.143032E+01   0.163344E+00   0.286225E+00   0.311733E+00
 0.556007E+01   0.142961E+01   0.163058E+00   0.286097E+00   0.311733E+00
 0.557358E+01   0.142889E+01   0.162770E+00   0.285968E+00   0.311733E+00
 0.558708E+01   0.142817E+01   0.162483E+00   0.285839E+00   0.311733E+00
 0.560065E+01   0.142745E+01   0.162193E+00   0.285709E+00   0.311733E+00
 0.561423E+01   0.142672E+01   0.161903E+00   0.285579E+00   0.311733E+00
 0.562782E+01   0.142600E+01   0.161612E+00   0.285448E+00   0.311733E+00
 0.564143E+01   0.142527E+01   0.161320E+00   0.285317E+00   0.311733E+00
 0.565505E+01   0.142453E+01   0.161027E+00   0.285185E+00   0.311733E+00
 0.566868E+01   0.142380E+01   0.160734E+00   0.285052E+00   0.311733E+00
 0.568233E+01   0.142306E+01   0.160440E+00   0.284920E+00   0.311733E+00
 0.569599E+01   0.142232E+01   0.160145E+00   0.284786E+00   0.311733E+00
 0.570966E+01   0.142157E+01   0.159850E+00   0.284652E+00   0.311733E+00
 0.572335E+01   0.142083E+01   0.159553E+00   0.284518E+00   0.311733E+00
 0.573706E+01   0.142008E+01   0.159256E+00   0.284383E+00   0.311733E+00
 0.575077E+01   0.141932E+01   0.158958E+00   0.284248E+00   0.311733E+00
 0.576450E+01   0.141857E+01   0.158659E+00   0.284112E+00   0.311733E+00
 0.577824E+01   0.141781E+01   0.158360E+00   0.283975E+00   0.311733E+00
 0.579199E+01   0.141705E+01   0.158060E+00   0.283838E+00   0.311733E+00
 0.580576E+01   0.141629E+01   0.157759E+00   0.283701E+00   0.311733E+00
 0.581955E+01   0.141552E+01   0.157457E+00   0.283563E+00   0.311733E+00
 0.583334E+01   0.141476E+01   0.157155E+00   0.283424E+00   0.311733E+00
 0.584715E+01   0.141399E+01   0.156852E+00   0.283285E+00   0.311733E+00
 0.586097E+01   0.141321E+01   0.156548E+00   0.283146E+00   0.311733E+00
 0.587480E+01   0.141244E+01   0.156243E+00   0.283006E+00   0.311733E+00
 0.588865E+01   0.141166E+01   0.155938E+00   0.282865E+00   0.311733E+00
 0.590251E+01   0.141087E+01   0.155631E+00   0.282724E+00   0.311733E+00
 0.591638E+01   0.141009E+01   0.155324E+00   0.282582E+00   0.311733E+00
 0.593027E+01   0.140930E+01   0.155017E+00   0.282440E+00   0.311733E+00
 0.594416E+01   0.140851E+01   0.154708E+00   0.282297E+00   0.311733E+00
 0.595807E+01   0.140772E+01   0.154399E+00   0.282154E+00   0.311733E+00
 0.597200E+01   0.140692E+01   0.154089E+00   0.282010E+00   0.311733E+00
 0.598593E+01   0.140612E+01   0.153779E+00   0.281866E+00   0.311733E+00
 0.599988E+01   0.140532E+01   0.153467E+00   0.281721E+00   0.311733E+00
 0.601384E+01   0.140452E+01   0.153155E+00   0.281576E+00   0.311733E+00
 0.602781E+01   0.140371E+01   0.152842E+00   0.281430E+00   0.311733E+00
 0.604180E+01   0.140290E+01   0.152529E+00   0.281284E+00   0.311733E+00
 0.605580E+01   0.140209E+01   0.152215E+00   0.281137E+00   0.311733E+00
 0.606981E+01   0.140127E+01   0.151900E+00   0.280989E+00   0.311733E+00
 0.608391E+01   0.140045E+01   0.151582E+00   0.280840E+00   0.311733E+00
 0.609799E+01   0.139963E+01   0.151265E+00   0.280691E+00   0.311733E+00
 0.611209E+01   0.139880E+01   0.150947E+00   0.280542E+00   0.311733E+00
 0.612620E+01   0.139797E+01   0.150628E+00   0.280391E+00   0.311733E+00
 0.614032E+01   0.139714E+01   0.150308E+00   0.280241E+00   0.311733E+00
 0.615445E+01   0.139630E+01   0.149987E+00   0.280089E+00   0.311733E+00
 0.616860E+01   0.139546E+01   0.149666E+00   0.279937E+00   0.311733E+00
 0.618275E+01   0.139462E+01   0.149344E+00   0.279785E+00   0.311733E+00
 0.619692E+01   0.139378E+01   0.149022E+00   0.279632E+00   0.311733E+00
 0.621110E+01   0.139293E+01   0.148699E+00   0.279479E+00   0.311733E+00
 0.622529E+01   0.139208E+01   0.148375E+00   0.279325E+00   0.311733E+00
 0.623950E+01   0.139123E+01   0.148050E+00   0.279170E+00   0.311733E+00
 0.625371E+01   0.139037E+01   0.147725E+00   0.279015E+00   0.311733E+00
 0.626794E+01   0.138952E+01   0.147399E+00   0.278859E+00   0.311733E+00
 0.628218E+01   0.138865E+01   0.147072E+00   0.278703E+00   0.311733E+00
 0.629643E+01   0.138779E+01   0.146744E+00   0.278546E+00   0.311733E+00
 0.631069E+01   0.138692E+01   0.146416E+00   0.278388E+00   0.311733E+00
 0.632496E+01   0.138605E+01   0.146087E+00   0.278230E+00   0.311733E+00
 0.633924E+01   0.138518E+01   0.145758E+00   0.278072E+00   0.311733E+00
 0.635354E+01   0.138430E+01   0.145428E+00   0.277913E+00   0.311733E+00
 0.636784E+01   0.138342E+01   0.145097E+00   0.277753E+00   0.311733E+00
 0.638216E+01   0.138254E+01   0.144765E+00   0.277593E+00   0.311733E+00
 0.639649E+01   0.138166E+01   0.144433E+00   0.277432E+00   0.311733E+00
 0.641083E+01   0.138077E+01   0.144100E+00   0.277270E+00   0.311733E+00
 0.642518E+01   0.137988E+01   0.143767E+00   0.277108E+00   0.311733E+00
 0.643954E+01   0.137898E+01   0.143432E+00   0.276946E+00   0.311733E+00
 0.645391E+01   0.137809E+01   0.143098E+00   0.276782E+00   0.311733E+00
 0.646830E+01   0.137719E+01   0.142762E+00   0.276619E+00   0.311733E+00
 0.648269E+01   0.137628E+01   0.142426E+00   0.276454E+00   0.311733E+00
 0.649709E+01   0.137538E+01   0.142089E+00   0.276289E+00   0.311733E+00
 0.651150E+01   0.137447E+01   0.141751E+00   0.276124E+00   0.311733E+00
 0.652593E+01   0.137356E+01   0.141413E+00   0.275958E+00   0.311733E+00
 0.653983E+01   0.137268E+01   0.141087E+00   0.275797E+00   0.311733E+00
 0.655436E+01   0.137175E+01   0.140746E+00   0.275629E+00   0.311733E+00
 0.656888E+01   0.137083E+01   0.140404E+00   0.275461E+00   0.311733E+00
 0.658342E+01   0.136990E+01   0.140061E+00   0.275291E+00   0.311733E+00
 0.659797E+01   0.136897E+01   0.139718E+00   0.275122E+00   0.311733E+00
 0.661252E+01   0.136803E+01   0.139375E+00   0.274951E+00   0.311733E+00
 0.662709E+01   0.136710E+01   0.139030E+00   0.274780E+00   0.311733E+00
 0.664167E+01   0.136616E+01   0.138685E+00   0.274608E+00   0.311733E+00
 0.665625E+01   0.136521E+01   0.138340E+00   0.274436E+00   0.311733E+00
 0.667085E+01   0.136427E+01   0.137994E+00   0.274263E+00   0.311733E+00
 0.668546E+01   0.136332E+01   0.137647E+00   0.274090E+00   0.311733E+00
 0.670008E+01   0.136236E+01   0.137299E+00   0.273916E+00   0.311733E+00
 0.671470E+01   0.136141E+01   0.136951E+00   0.273741E+00   0.311733E+00
 0.672934E+01   0.136045E+01   0.136603E+00   0.273566E+00   0.311733E+00
 0.674398E+01   0.135949E+01   0.136253E+00   0.273390E+00   0.311733E+00
 0.675864E+01   0.135852E+01   0.135903E+00   0.273214E+00   0.311733E+00
 0.677330E+01   0.135755E+01   0.135553E+00   0.273036E+00   0.311733E+00
 0.678797E+01   0.135658E+01   0.135202E+00   0.272859E+00   0.311733E+00
 0.680265E+01   0.135560E+01   0.134850E+00   0.272680E+00   0.311733E+00
 0.681734E+01   0.135463E+01   0.134498E+00   0.272501E+00   0.311733E+00
 0.683204E+01   0.135365E+01   0.134145E+00   0.272322E+00   0.311733E+00
 0.684675E+01   0.135266E+01   0.133792E+00   0.272142E+00   0.311733E+00
 0.686147E+01   0.135167E+01   0.133438E+00   0.271961E+00   0.311733E+00
 0.687619E+01   0.135068E+01   0.133083E+00   0.271780E+00   0.311733E+00
 0.689093E+01   0.134969E+01   0.132728E+00   0.271598E+00   0.311733E+00
 0.690567E+01   0.134869E+01   0.132372E+00   0.271415E+00   0.311733E+00
 0.692042E+01   0.134769E+01   0.132016E+00   0.271232E+00   0.311733E+00
 0.693518E+01   0.134669E+01   0.131659E+00   0.271048E+00   0.311733E+00
 0.694995E+01   0.134568E+01   0.131302E+00   0.270863E+00   0.311733E+00
 0.696468E+01   0.134468E+01   0.130945E+00   0.270679E+00   0.311733E+00
 0.697957E+01   0.134366E+01   0.130584E+00   0.270491E+00   0.311733E+00
 0.699446E+01   0.134263E+01   0.130223E+00   0.270304E+00   0.311733E+00
 0.700936E+01   0.134161E+01   0.129861E+00   0.270115E+00   0.311733E+00
 0.702426E+01   0.134058E+01   0.129499E+00   0.269927E+00   0.311733E+00
 0.703918E+01   0.133955E+01   0.129136E+00   0.269737E+00   0.311733E+00
 0.705410E+01   0.133851E+01   0.128772E+00   0.269547E+00   0.311733E+00
 0.706903E+01   0.133747E+01   0.128408E+00   0.269356E+00   0.311733E+00
 0.708397E+01   0.133643E+01   0.128043E+00   0.269164E+00   0.311733E+00
 0.709891E+01   0.133538E+01   0.127678E+00   0.268972E+00   0.311733E+00
 0.711387E+01   0.133434E+01   0.127313E+00   0.268779E+00   0.311733E+00
 0.712883E+01   0.133328E+01   0.126947E+00   0.268586E+00   0.311733E+00
 0.714379E+01   0.133223E+01   0.126580E+00   0.268392E+00   0.311733E+00
 0.715876E+01   0.133117E+01   0.126213E+00   0.268197E+00   0.311733E+00
 0.717374E+01   0.133011E+01   0.125845E+00   0.268002E+00   0.311733E+00
 0.718873E+01   0.132904E+01   0.125477E+00   0.267805E+00   0.311733E+00
 0.720372E+01   0.132798E+01   0.125109E+00   0.267609E+00   0.311733E+00
 0.721871E+01   0.132690E+01   0.124740E+00   0.267411E+00   0.311733E+00
 0.723372E+01   0.132583E+01   0.124370E+00   0.267213E+00   0.311733E+00
 0.724873E+01   0.132475E+01   0.124001E+00   0.267015E+00   0.311733E+00
 0.726374E+01   0.132367E+01   0.123630E+00   0.266815E+00   0.311733E+00
 0.727877E+01   0.132258E+01   0.123259E+00   0.266615E+00   0.311733E+00
 0.729380E+01   0.132150E+01   0.122888E+00   0.266415E+00   0.311733E+00
 0.730883E+01   0.132041E+01   0.122516E+00   0.266213E+00   0.311733E+00
 0.732387E+01   0.131931E+01   0.122144E+00   0.266011E+00   0.311733E+00
 0.733892E+01   0.131821E+01   0.121772E+00   0.265809E+00   0.311733E+00
 0.735413E+01   0.131710E+01   0.121395E+00   0.265603E+00   0.311733E+00
 0.736932E+01   0.131599E+01   0.121018E+00   0.265397E+00   0.311733E+00
 0.738452E+01   0.131487E+01   0.120641E+00   0.265191E+00   0.311733E+00
 0.739972E+01   0.131375E+01   0.120263E+00   0.264984E+00   0.311733E+00
 0.741493E+01   0.131262E+01   0.119885E+00   0.264776E+00   0.311733E+00
 0.743014E+01   0.131149E+01   0.119507E+00   0.264567E+00   0.311733E+00
 0.744536E+01   0.131036E+01   0.119128E+00   0.264358E+00   0.311733E+00
 0.746058E+01   0.130923E+01   0.118749E+00   0.264148E+00   0.311733E+00
 0.747580E+01   0.130809E+01   0.118369E+00   0.263938E+00   0.311733E+00
 0.749103E+01   0.130695E+01   0.117989E+00   0.263727E+00   0.311733E+00
 0.750626E+01   0.130580E+01   0.117609E+00   0.263515E+00   0.311733E+00
 0.752149E+01   0.130465E+01   0.117228E+00   0.263302E+00   0.311733E+00
 0.753673E+01   0.130350E+01   0.116847E+00   0.263089E+00   0.311733E+00
 0.755198E+01   0.130235E+01   0.116466E+00   0.262875E+00   0.311733E+00
 0.756722E+01   0.130119E+01   0.116085E+00   0.262660E+00   0.311733E+00
 0.758246E+01   0.130003E+01   0.115703E+00   0.262445E+00   0.311733E+00
 0.759769E+01   0.129887E+01   0.115321E+00   0.262229E+00   0.311733E+00
 0.761290E+01   0.129770E+01   0.114940E+00   0.262013E+00   0.311733E+00
 0.762809E+01   0.129653E+01   0.114558E+00   0.261797E+00   0.311733E+00
 0.764327E+01   0.129537E+01   0.114177E+00   0.261580E+00   0.311733E+00
 0.765843E+01   0.129419E+01   0.113796E+00   0.261363E+00   0.311733E+00
 0.767358E+01   0.129302E+01   0.113415E+00   0.261145E+00   0.311733E+00
 0.768447E+01   0.129218E+01   0.113141E+00   0.260988E+00   0.311733E+00
 0.769988E+01   0.129098E+01   0.112753E+00   0.260765E+00   0.311733E+00
 0.771495E+01   0.128980E+01   0.112374E+00   0.260547E+00   0.311733E+00
 0.773001E+01   0.128863E+01   0.111995E+00   0.260328E+00   0.311733E+00
 0.774504E+01   0.128745E+01   0.111615E+00   0.260109E+00   0.311733E+00
 0.776006E+01   0.128627E+01   0.111237E+00   0.259890E+00   0.311733E+00
 0.777506E+01   0.128508E+01   0.110858E+00   0.259670E+00   0.311733E+00
 0.779004E+01   0.128390E+01   0.110480E+00   0.259449E+00   0.311733E+00
 0.780501E+01   0.128271E+01   0.110102E+00   0.259228E+00   0.311733E+00
 0.781995E+01   0.128152E+01   0.109724E+00   0.259007E+00   0.311733E+00
 0.783488E+01   0.128033E+01   0.109346E+00   0.258786E+00   0.311733E+00
 0.784979E+01   0.127914E+01   0.108969E+00   0.258564E+00   0.311733E+00
 0.786469E+01   0.127795E+01   0.108592E+00   0.258342E+00   0.311733E+00
 0.787956E+01   0.127676E+01   0.108215E+00   0.258119E+00   0.311733E+00
 0.789442E+01   0.127556E+01   0.107839E+00   0.257896E+00   0.311733E+00
 0.790926E+01   0.127436E+01   0.107462E+00   0.257672E+00   0.311733E+00
 0.792408E+01   0.127316E+01   0.107086E+00   0.257449E+00   0.311733E+00
 0.793889E+01   0.127196E+01   0.106711E+00   0.257224E+00   0.311733E+00
 0.795367E+01   0.127075E+01   0.106335E+00   0.257000E+00   0.311733E+00
 0.796844E+01   0.126955E+01   0.105960E+00   0.256775E+00   0.311733E+00
 0.798320E+01   0.126834E+01   0.105585E+00   0.256549E+00   0.311733E+00
 0.799794E+01   0.126713E+01   0.105211E+00   0.256323E+00   0.311733E+00
 0.801266E+01   0.126592E+01   0.104837E+00   0.256097E+00   0.311733E+00
 0.803164E+01   0.126435E+01   0.104354E+00   0.255804E+00   0.311733E+00
 0.804627E+01   0.126314E+01   0.103982E+00   0.255578E+00   0.311733E+00
 0.806089E+01   0.126193E+01   0.103609E+00   0.255351E+00   0.311733E+00
 0.807549E+01   0.126071E+01   0.103237E+00   0.255124E+00   0.311733E+00
 0.809007E+01   0.125950E+01   0.102866E+00   0.254896E+00   0.311733E+00
 0.810464E+01   0.125828E+01   0.102495E+00   0.254668E+00   0.311733E+00
 0.811918E+01   0.125706E+01   0.102124E+00   0.254440E+00   0.311733E+00
 0.813370E+01   0.125583E+01   0.101754E+00   0.254211E+00   0.311733E+00
 0.814821E+01   0.125461E+01   0.101384E+00   0.253982E+00   0.311733E+00
 0.816269E+01   0.125339E+01   0.101014E+00   0.253752E+00   0.311733E+00
 0.817716E+01   0.125216E+01   0.100645E+00   0.253522E+00   0.311733E+00
 0.819161E+01   0.125093E+01   0.100276E+00   0.253292E+00   0.311733E+00
 0.820604E+01   0.124970E+01   0.999076E-01   0.253061E+00   0.311733E+00
 0.822045E+01   0.124847E+01   0.995395E-01   0.252830E+00   0.311733E+00
 0.823484E+01   0.124723E+01   0.991718E-01   0.252599E+00   0.311733E+00
 0.824922E+01   0.124600E+01   0.988045E-01   0.252367E+00   0.311733E+00
 0.826357E+01   0.124476E+01   0.984374E-01   0.252135E+00   0.311733E+00
 0.827791E+01   0.124352E+01   0.980709E-01   0.251902E+00   0.311733E+00
 0.829223E+01   0.124228E+01   0.977047E-01   0.251669E+00   0.311733E+00
 0.830653E+01   0.124104E+01   0.973389E-01   0.251436E+00   0.311733E+00
 0.832081E+01   0.123980E+01   0.969735E-01   0.251202E+00   0.311733E+00
 0.833508E+01   0.123855E+01   0.966084E-01   0.250968E+00   0.311733E+00
 0.834893E+01   0.123734E+01   0.962539E-01   0.250740E+00   0.311733E+00
 0.836311E+01   0.123609E+01   0.958908E-01   0.250506E+00   0.311733E+00
 0.837727E+01   0.123485E+01   0.955283E-01   0.250272E+00   0.311733E+00
 0.839141E+01   0.123360E+01   0.951662E-01   0.250037E+00   0.311733E+00
 0.840553E+01   0.123235E+01   0.948045E-01   0.249802E+00   0.311733E+00
 0.841963E+01   0.123110E+01   0.944433E-01   0.249566E+00   0.311733E+00
 0.843372E+01   0.122984E+01   0.940825E-01   0.249330E+00   0.311733E+00
 0.844778E+01   0.122859E+01   0.937222E-01   0.249094E+00   0.311733E+00
 0.846182E+01   0.122733E+01   0.933624E-01   0.248857E+00   0.311733E+00
 0.847584E+01   0.122608E+01   0.930030E-01   0.248620E+00   0.311733E+00
 0.848984E+01   0.122482E+01   0.926441E-01   0.248383E+00   0.311733E+00
 0.850383E+01   0.122356E+01   0.922857E-01   0.248145E+00   0.311733E+00
 0.851779E+01   0.122229E+01   0.919277E-01   0.247907E+00   0.311733E+00
 0.853173E+01   0.122103E+01   0.915702E-01   0.247669E+00   0.311733E+00
 0.854566E+01   0.121977E+01   0.912132E-01   0.247430E+00   0.311733E+00
 0.855957E+01   0.121850E+01   0.908566E-01   0.247191E+00   0.311733E+00
 0.857345E+01   0.121723E+01   0.905005E-01   0.246951E+00   0.311733E+00
 0.858732E+01   0.121596E+01   0.901449E-01   0.246711E+00   0.311733E+00
 0.860117E+01   0.121469E+01   0.897897E-01   0.246471E+00   0.311733E+00
 0.861500E+01   0.121341E+01   0.894350E-01   0.246230E+00   0.311733E+00
 0.862881E+01   0.121214E+01   0.890808E-01   0.245989E+00   0.311733E+00
 0.864270E+01   0.121085E+01   0.887245E-01   0.245746E+00   0.311733E+00
 0.865641E+01   0.120958E+01   0.883730E-01   0.245505E+00   0.311733E+00
 0.867010E+01   0.120830E+01   0.880219E-01   0.245264E+00   0.311733E+00
 0.868376E+01   0.120703E+01   0.876715E-01   0.245022E+00   0.311733E+00
 0.869741E+01   0.120575E+01   0.873216E-01   0.244781E+00   0.311733E+00
 0.871103E+01   0.120447E+01   0.869722E-01   0.244539E+00   0.311733E+00
 0.872463E+01   0.120319E+01   0.866234E-01   0.244296E+00   0.311733E+00
 0.873821E+01   0.120191E+01   0.862751E-01   0.244054E+00   0.311733E+00
 0.875177E+01   0.120063E+01   0.859273E-01   0.243810E+00   0.311733E+00
 0.876532E+01   0.119934E+01   0.855801E-01   0.243567E+00   0.311733E+00
 0.877884E+01   0.119806E+01   0.852334E-01   0.243323E+00   0.311733E+00
 0.879234E+01   0.119677E+01   0.848873E-01   0.243079E+00   0.311733E+00
 0.880582E+01   0.119548E+01   0.845418E-01   0.242834E+00   0.311733E+00
 0.881928E+01   0.119419E+01   0.841968E-01   0.242590E+00   0.311733E+00
 0.883272E+01   0.119290E+01   0.838523E-01   0.242344E+00   0.311733E+00
 0.884614E+01   0.119160E+01   0.835083E-01   0.242099E+00   0.311733E+00
 0.885954E+01   0.119031E+01   0.831649E-01   0.241853E+00   0.311733E+00
 0.887292E+01   0.118901E+01   0.828221E-01   0.241606E+00   0.311733E+00
 0.888628E+01   0.118771E+01   0.824797E-01   0.241360E+00   0.311733E+00
 0.889963E+01   0.118641E+01   0.821379E-01   0.241113E+00   0.311733E+00
 0.891661E+01   0.118475E+01   0.817029E-01   0.240797E+00   0.311733E+00
 0.892984E+01   0.118346E+01   0.813643E-01   0.240550E+00   0.311733E+00
 0.894304E+01   0.118216E+01   0.810264E-01   0.240304E+00   0.311733E+00
 0.895622E+01   0.118086E+01   0.806890E-01   0.240056E+00   0.311733E+00
 0.896937E+01   0.117956E+01   0.803523E-01   0.239809E+00   0.311733E+00
 0.898251E+01   0.117826E+01   0.800161E-01   0.239561E+00   0.311733E+00
 0.899563E+01   0.117695E+01   0.796806E-01   0.239313E+00   0.311733E+00
 0.900872E+01   0.117565E+01   0.793457E-01   0.239064E+00   0.311733E+00
 0.902179E+01   0.117434E+01   0.790114E-01   0.238816E+00   0.311733E+00
 0.903485E+01   0.117303E+01   0.786777E-01   0.238566E+00   0.311733E+00
 0.904788E+01   0.117173E+01   0.783445E-01   0.238317E+00   0.311733E+00
 0.906089E+01   0.117042E+01   0.780121E-01   0.238067E+00   0.311733E+00
 0.907388E+01   0.116910E+01   0.776802E-01   0.237817E+00   0.311733E+00
 0.908684E+01   0.116779E+01   0.773490E-01   0.237566E+00   0.311733E+00
 0.909979E+01   0.116648E+01   0.770183E-01   0.237315E+00   0.311733E+00
 0.911272E+01   0.116516E+01   0.766882E-01   0.237064E+00   0.311733E+00
 0.912563E+01   0.116384E+01   0.763588E-01   0.236813E+00   0.311733E+00
 0.913852E+01   0.116252E+01   0.760299E-01   0.236561E+00   0.311733E+00
 0.915139E+01   0.116120E+01   0.757016E-01   0.236308E+00   0.311733E+00
 0.916424E+01   0.115988E+01   0.753740E-01   0.236056E+00   0.311733E+00
 0.917706E+01   0.115855E+01   0.750469E-01   0.235802E+00   0.311733E+00
 0.919053E+01   0.115716E+01   0.747038E-01   0.235536E+00   0.311733E+00
 0.920323E+01   0.115584E+01   0.743803E-01   0.235284E+00   0.311733E+00
 0.921589E+01   0.115452E+01   0.740577E-01   0.235032E+00   0.311733E+00
 0.922854E+01   0.115320E+01   0.737356E-01   0.234779E+00   0.311733E+00
 0.924117E+01   0.115188E+01   0.734142E-01   0.234526E+00   0.311733E+00
 0.925378E+01   0.115056E+01   0.730935E-01   0.234273E+00   0.311733E+00
 0.926636E+01   0.114924E+01   0.727734E-01   0.234020E+00   0.311733E+00
 0.927892E+01   0.114791E+01   0.724540E-01   0.233766E+00   0.311733E+00
 0.929147E+01   0.114658E+01   0.721352E-01   0.233512E+00   0.311733E+00
 0.930399E+01   0.114526E+01   0.718171E-01   0.233257E+00   0.311733E+00
 0.931649E+01   0.114393E+01   0.714996E-01   0.233002E+00   0.311733E+00
 0.932897E+01   0.114260E+01   0.711828E-01   0.232747E+00   0.311733E+00
 0.934142E+01   0.114126E+01   0.708667E-01   0.232492E+00   0.311733E+00
 0.935386E+01   0.113993E+01   0.705512E-01   0.232236E+00   0.311733E+00
 0.936628E+01   0.113859E+01   0.702363E-01   0.231980E+00   0.311733E+00
 0.937867E+01   0.113726E+01   0.699222E-01   0.231723E+00   0.311733E+00
 0.939105E+01   0.113592E+01   0.696087E-01   0.231466E+00   0.311733E+00
 0.940340E+01   0.113458E+01   0.692958E-01   0.231209E+00   0.311733E+00
 0.942549E+01   0.113218E+01   0.687368E-01   0.230747E+00   0.311733E+00
 0.943769E+01   0.113084E+01   0.684284E-01   0.230491E+00   0.311733E+00
 0.944986E+01   0.112951E+01   0.681207E-01   0.230235E+00   0.311733E+00
 0.946200E+01   0.112818E+01   0.678138E-01   0.229978E+00   0.311733E+00
 0.947413E+01   0.112684E+01   0.675075E-01   0.229721E+00   0.311733E+00
 0.948623E+01   0.112550E+01   0.672020E-01   0.229464E+00   0.311733E+00
 0.949831E+01   0.112417E+01   0.668971E-01   0.229207E+00   0.311733E+00
 0.951037E+01   0.112283E+01   0.665930E-01   0.228949E+00   0.311733E+00
 0.952241E+01   0.112149E+01   0.662895E-01   0.228691E+00   0.311733E+00
 0.953443E+01   0.112014E+01   0.659868E-01   0.228433E+00   0.311733E+00
 0.954642E+01   0.111880E+01   0.656847E-01   0.228174E+00   0.311733E+00
 0.955840E+01   0.111746E+01   0.653834E-01   0.227915E+00   0.311733E+00
 0.957035E+01   0.111611E+01   0.650827E-01   0.227655E+00   0.311733E+00
 0.958228E+01   0.111476E+01   0.647827E-01   0.227396E+00   0.311733E+00
 0.959419E+01   0.111341E+01   0.644834E-01   0.227136E+00   0.311733E+00
 0.960608E+01   0.111206E+01   0.641848E-01   0.226875E+00   0.311733E+00
 0.961795E+01   0.111071E+01   0.638868E-01   0.226614E+00   0.311733E+00
 0.962980E+01   0.110936E+01   0.635896E-01   0.226353E+00   0.311733E+00
 0.964163E+01   0.110800E+01   0.632930E-01   0.226092E+00   0.311733E+00
 0.965398E+01   0.110659E+01   0.629836E-01   0.225818E+00   0.311733E+00
 0.966563E+01   0.110524E+01   0.626919E-01   0.225559E+00   0.311733E+00
 0.967727E+01   0.110390E+01   0.624005E-01   0.225300E+00   0.311733E+00
 0.968889E+01   0.110256E+01   0.621099E-01   0.225040E+00   0.311733E+00
 0.970049E+01   0.110121E+01   0.618199E-01   0.224779E+00   0.311733E+00
 0.971206E+01   0.109986E+01   0.615307E-01   0.224519E+00   0.311733E+00
 0.972362E+01   0.109851E+01   0.612423E-01   0.224258E+00   0.311733E+00
 0.973515E+01   0.109716E+01   0.609545E-01   0.223997E+00   0.311733E+00
 0.974666E+01   0.109581E+01   0.606675E-01   0.223735E+00   0.311733E+00
 0.975815E+01   0.109446E+01   0.603811E-01   0.223474E+00   0.311733E+00
 0.976962E+01   0.109310E+01   0.600955E-01   0.223212E+00   0.311733E+00
 0.978106E+01   0.109175E+01   0.598106E-01   0.222949E+00   0.311733E+00
 0.979249E+01   0.109039E+01   0.595264E-01   0.222687E+00   0.311733E+00
 0.980390E+01   0.108903E+01   0.592429E-01   0.222423E+00   0.311733E+00
 0.981529E+01   0.108767E+01   0.589601E-01   0.222160E+00   0.311733E+00
 0.982665E+01   0.108631E+01   0.586780E-01   0.221896E+00   0.311733E+00
 0.983799E+01   0.108495E+01   0.583966E-01   0.221632E+00   0.311733E+00
 0.984932E+01   0.108359E+01   0.581159E-01   0.221368E+00   0.311733E+00
 0.986062E+01   0.108222E+01   0.578359E-01   0.221103E+00   0.311733E+00
 0.987278E+01   0.108075E+01   0.575351E-01   0.220818E+00   0.311733E+00
 0.988389E+01   0.107940E+01   0.572601E-01   0.220556E+00   0.311733E+00
 0.989499E+01   0.107805E+01   0.569858E-01   0.220294E+00   0.311733E+00
 0.990607E+01   0.107670E+01   0.567122E-01   0.220031E+00   0.311733E+00
 0.991712E+01   0.107534E+01   0.564394E-01   0.219768E+00   0.311733E+00
 0.992816E+01   0.107399E+01   0.561673E-01   0.219505E+00   0.311733E+00
 0.993917E+01   0.107263E+01   0.558959E-01   0.219242E+00   0.311733E+00
 0.995016E+01   0.107127E+01   0.556253E-01   0.218978E+00   0.311733E+00
 0.996112E+01   0.106991E+01   0.553554E-01   0.218714E+00   0.311733E+00
 0.997207E+01   0.106855E+01   0.550861E-01   0.218449E+00   0.311733E+00
 0.998300E+01   0.106719E+01   0.548177E-01   0.218185E+00   0.311733E+00
 0.999391E+01   0.106583E+01   0.545499E-01   0.217920E+00   0.311733E+00
 0.100048E+02   0.106447E+01   0.542828E-01   0.217654E+00   0.311733E+00
 0.100157E+02   0.106310E+01   0.540165E-01   0.217389E+00   0.311733E+00
 0.100265E+02   0.106174E+01   0.537509E-01   0.217123E+00   0.311733E+00
 0.100373E+02   0.106037E+01   0.534860E-01   0.216857E+00   0.311733E+00
 0.100481E+02   0.105900E+01   0.532218E-01   0.216590E+00   0.311733E+00
 0.100589E+02   0.105763E+01   0.529583E-01   0.216323E+00   0.311733E+00
 0.100697E+02   0.105626E+01   0.526955E-01   0.216056E+00   0.311733E+00
 0.100804E+02   0.105488E+01   0.524334E-01   0.215789E+00   0.311733E+00
 0.100911E+02   0.105352E+01   0.521734E-01   0.215522E+00   0.311733E+00
 0.101016E+02   0.105216E+01   0.519166E-01   0.215258E+00   0.311733E+00
 0.101122E+02   0.105081E+01   0.516604E-01   0.214993E+00   0.311733E+00
 0.101227E+02   0.104945E+01   0.514050E-01   0.214729E+00   0.311733E+00
 0.101331E+02   0.104809E+01   0.511504E-01   0.214464E+00   0.311733E+00
 0.101436E+02   0.104673E+01   0.508966E-01   0.214198E+00   0.311733E+00
 0.101540E+02   0.104537E+01   0.506434E-01   0.213933E+00   0.311733E+00
 0.101645E+02   0.104401E+01   0.503909E-01   0.213667E+00   0.311733E+00
 0.101749E+02   0.104264E+01   0.501392E-01   0.213401E+00   0.311733E+00
 0.101852E+02   0.104128E+01   0.498882E-01   0.213134E+00   0.311733E+00
 0.101956E+02   0.103991E+01   0.496379E-01   0.212868E+00   0.311733E+00
 0.102059E+02   0.103855E+01   0.493883E-01   0.212600E+00   0.311733E+00
 0.102162E+02   0.103718E+01   0.491394E-01   0.212333E+00   0.311733E+00
 0.102265E+02   0.103581E+01   0.488913E-01   0.212065E+00   0.311733E+00
 0.102368E+02   0.103444E+01   0.486438E-01   0.211797E+00   0.311733E+00
 0.102471E+02   0.103307E+01   0.483971E-01   0.211529E+00   0.311733E+00
 0.102573E+02   0.103169E+01   0.481510E-01   0.211260E+00   0.311733E+00
 0.102675E+02   0.103032E+01   0.479056E-01   0.210991E+00   0.311733E+00
 0.102778E+02   0.102893E+01   0.476591E-01   0.210720E+00   0.311733E+00
 0.102878E+02   0.102758E+01   0.474192E-01   0.210455E+00   0.311733E+00
 0.103078E+02   0.102487E+01   0.469417E-01   0.209924E+00   0.311733E+00
 0.103276E+02   0.102215E+01   0.464671E-01   0.209392E+00   0.311733E+00
 0.103474E+02   0.101943E+01   0.459954E-01   0.208859E+00   0.311733E+00
 0.103671E+02   0.101671E+01   0.455264E-01   0.208325E+00   0.311733E+00
 0.103867E+02   0.101398E+01   0.450604E-01   0.207790E+00   0.311733E+00
 0.104063E+02   0.101125E+01   0.445971E-01   0.207253E+00   0.311733E+00
 0.104258E+02   0.100851E+01   0.441366E-01   0.206716E+00   0.311733E+00
 0.104451E+02   0.100576E+01   0.436788E-01   0.206177E+00   0.311733E+00
 0.104592E+02   0.100376E+01   0.433466E-01   0.205783E+00   0.311733E+00
 0.104780E+02   0.100107E+01   0.429044E-01   0.205255E+00   0.311733E+00
 0.104968E+02   0.998368E+00   0.424629E-01   0.204723E+00   0.311733E+00
 0.105156E+02   0.995659E+00   0.420241E-01   0.204190E+00   0.311733E+00
 0.105342E+02   0.992947E+00   0.415881E-01   0.203656E+00   0.311733E+00
 0.105528E+02   0.990231E+00   0.411549E-01   0.203121E+00   0.311733E+00
 0.105713E+02   0.987509E+00   0.407244E-01   0.202585E+00   0.311733E+00
 0.105897E+02   0.984783E+00   0.402967E-01   0.202048E+00   0.311733E+00
 0.106081E+02   0.982053E+00   0.398716E-01   0.201510E+00   0.311733E+00
 0.106263E+02   0.979317E+00   0.394492E-01   0.200970E+00   0.311733E+00
 0.106443E+02   0.976606E+00   0.390341E-01   0.200435E+00   0.311733E+00
 0.106621E+02   0.973920E+00   0.386259E-01   0.199905E+00   0.311733E+00
 0.106797E+02   0.971229E+00   0.382205E-01   0.199374E+00   0.311733E+00
 0.106973E+02   0.968535E+00   0.378178E-01   0.198842E+00   0.311733E+00
 0.107148E+02   0.965836E+00   0.374176E-01   0.198308E+00   0.311733E+00
 0.107322E+02   0.963133E+00   0.370201E-01   0.197774E+00   0.311733E+00
 0.107496E+02   0.960425E+00   0.366253E-01   0.197238E+00   0.311733E+00
 0.107668E+02   0.957713E+00   0.362331E-01   0.196702E+00   0.311733E+00
 0.107840E+02   0.954996E+00   0.358434E-01   0.196164E+00   0.311733E+00
 0.107962E+02   0.953070E+00   0.355692E-01   0.195783E+00   0.311733E+00
 0.108125E+02   0.950476E+00   0.352023E-01   0.195269E+00   0.311733E+00
 0.108291E+02   0.947811E+00   0.348285E-01   0.194741E+00   0.311733E+00
 0.108456E+02   0.945142E+00   0.344573E-01   0.194212E+00   0.311733E+00
 0.108621E+02   0.942469E+00   0.340886E-01   0.193682E+00   0.311733E+00
 0.108785E+02   0.939792E+00   0.337224E-01   0.193151E+00   0.311733E+00
 0.108948E+02   0.937111E+00   0.333588E-01   0.192619E+00   0.311733E+00
 0.109110E+02   0.934426E+00   0.329976E-01   0.192085E+00   0.311733E+00
 0.109272E+02   0.931736E+00   0.326390E-01   0.191551E+00   0.311733E+00
 0.109433E+02   0.929042E+00   0.322828E-01   0.191016E+00   0.311733E+00
 0.109593E+02   0.926355E+00   0.319307E-01   0.190482E+00   0.311733E+00
 0.109749E+02   0.923721E+00   0.315883E-01   0.189958E+00   0.311733E+00
 0.109904E+02   0.921084E+00   0.312484E-01   0.189434E+00   0.311733E+00
 0.110058E+02   0.918442E+00   0.309108E-01   0.188908E+00   0.311733E+00
 0.110211E+02   0.915796E+00   0.305757E-01   0.188382E+00   0.311733E+00
 0.110364E+02   0.913146E+00   0.302429E-01   0.187854E+00   0.311733E+00
 0.110517E+02   0.910493E+00   0.299125E-01   0.187326E+00   0.311733E+00
 0.110668E+02   0.907835E+00   0.295845E-01   0.186796E+00   0.311733E+00
 0.110819E+02   0.905173E+00   0.292587E-01   0.186266E+00   0.311733E+00
 0.110969E+02   0.902506E+00   0.289352E-01   0.185734E+00   0.311733E+00
 0.111115E+02   0.899908E+00   0.286228E-01   0.185216E+00   0.311733E+00
 0.111259E+02   0.897307E+00   0.283128E-01   0.184697E+00   0.311733E+00
 0.111403E+02   0.894702E+00   0.280050E-01   0.184177E+00   0.311733E+00
 0.111547E+02   0.892094E+00   0.276994E-01   0.183656E+00   0.311733E+00
 0.111690E+02   0.889482E+00   0.273961E-01   0.183135E+00   0.311733E+00
 0.111832E+02   0.886866E+00   0.270950E-01   0.182612E+00   0.311733E+00
 0.111973E+02   0.884246E+00   0.267961E-01   0.182089E+00   0.311733E+00
 0.112114E+02   0.881622E+00   0.264994E-01   0.181564E+00   0.311733E+00
 0.112254E+02   0.878994E+00   0.262048E-01   0.181038E+00   0.311733E+00
 0.112390E+02   0.876439E+00   0.259210E-01   0.180527E+00   0.311733E+00
 0.112525E+02   0.873879E+00   0.256391E-01   0.180015E+00   0.311733E+00
 0.112659E+02   0.871317E+00   0.253594E-01   0.179502E+00   0.311733E+00
 0.112793E+02   0.868751E+00   0.250818E-01   0.178989E+00   0.311733E+00
 0.112926E+02   0.866182E+00   0.248063E-01   0.178474E+00   0.311733E+00
 0.113058E+02   0.863609E+00   0.245328E-01   0.177959E+00   0.311733E+00
 0.113190E+02   0.861032E+00   0.242615E-01   0.177442E+00   0.311733E+00
 0.113321E+02   0.858452E+00   0.239921E-01   0.176925E+00   0.311733E+00
 0.113452E+02   0.855867E+00   0.237248E-01   0.176407E+00   0.311733E+00
 0.113574E+02   0.853433E+00   0.234752E-01   0.175918E+00   0.311733E+00
 0.113728E+02   0.850338E+00   0.231609E-01   0.175297E+00   0.311733E+00
 0.113853E+02   0.847821E+00   0.229080E-01   0.174792E+00   0.311733E+00
 0.113977E+02   0.845302E+00   0.226570E-01   0.174287E+00   0.311733E+00
 0.114101E+02   0.842779E+00   0.224079E-01   0.173780E+00   0.311733E+00
 0.114224E+02   0.840253E+00   0.221607E-01   0.173272E+00   0.311733E+00
 0.114346E+02   0.837724E+00   0.219154E-01   0.172764E+00   0.311733E+00
 0.114468E+02   0.835191E+00   0.216720E-01   0.172255E+00   0.311733E+00
 0.114589E+02   0.832654E+00   0.214305E-01   0.171745E+00   0.311733E+00
 0.114710E+02   0.830113E+00   0.211909E-01   0.171234E+00   0.311733E+00
 0.114828E+02   0.827618E+00   0.209577E-01   0.170732E+00   0.311733E+00
 0.114943E+02   0.825152E+00   0.207293E-01   0.170236E+00   0.311733E+00
 0.115058E+02   0.822683E+00   0.205027E-01   0.169739E+00   0.311733E+00
 0.115173E+02   0.820211E+00   0.202778E-01   0.169241E+00   0.311733E+00
 0.115287E+02   0.817736E+00   0.200548E-01   0.168743E+00   0.311733E+00
 0.115400E+02   0.815258E+00   0.198334E-01   0.168243E+00   0.311733E+00
 0.115513E+02   0.812776E+00   0.196139E-01   0.167743E+00   0.311733E+00
 0.115626E+02   0.810292E+00   0.193961E-01   0.167243E+00   0.311733E+00
 0.115738E+02   0.807803E+00   0.191800E-01   0.166741E+00   0.311733E+00
 0.115849E+02   0.805312E+00   0.189656E-01   0.166239E+00   0.311733E+00
 0.115957E+02   0.802868E+00   0.187573E-01   0.165746E+00   0.311733E+00
 0.116064E+02   0.800453E+00   0.185533E-01   0.165258E+00   0.311733E+00
 0.116170E+02   0.798034E+00   0.183509E-01   0.164770E+00   0.311733E+00
 0.116275E+02   0.795614E+00   0.181502E-01   0.164282E+00   0.311733E+00
 0.116380E+02   0.793190E+00   0.179510E-01   0.163792E+00   0.311733E+00
 0.116485E+02   0.790764E+00   0.177535E-01   0.163302E+00   0.311733E+00
 0.116589E+02   0.788334E+00   0.175576E-01   0.162812E+00   0.311733E+00
 0.116692E+02   0.785900E+00   0.173632E-01   0.162320E+00   0.311733E+00
 0.116795E+02   0.783464E+00   0.171704E-01   0.161827E+00   0.311733E+00
 0.116898E+02   0.781024E+00   0.169791E-01   0.161334E+00   0.311733E+00
 0.117044E+02   0.777521E+00   0.167077E-01   0.160626E+00   0.311733E+00
 0.117190E+02   0.773975E+00   0.164366E-01   0.159909E+00   0.311733E+00
 0.117335E+02   0.770423E+00   0.161689E-01   0.159190E+00   0.311733E+00
 0.117480E+02   0.766864E+00   0.159045E-01   0.158470E+00   0.311733E+00
 0.117623E+02   0.763299E+00   0.156433E-01   0.157748E+00   0.311733E+00
 0.117765E+02   0.759728E+00   0.153854E-01   0.157024E+00   0.311733E+00
 0.117906E+02   0.756149E+00   0.151306E-01   0.156299E+00   0.311733E+00
 0.118031E+02   0.752947E+00   0.149057E-01   0.155650E+00   0.311733E+00
 0.118165E+02   0.749481E+00   0.146655E-01   0.154948E+00   0.311733E+00
 0.118298E+02   0.746010E+00   0.144284E-01   0.154244E+00   0.311733E+00
 0.118431E+02   0.742533E+00   0.141942E-01   0.153538E+00   0.311733E+00
 0.118562E+02   0.739050E+00   0.139630E-01   0.152831E+00   0.311733E+00
 0.118692E+02   0.735561E+00   0.137347E-01   0.152123E+00   0.311733E+00
 0.118821E+02   0.732066E+00   0.135092E-01   0.151414E+00   0.311733E+00
 0.118961E+02   0.728245E+00   0.132665E-01   0.150637E+00   0.311733E+00
 0.119083E+02   0.724860E+00   0.130546E-01   0.149950E+00   0.311733E+00
 0.119205E+02   0.721470E+00   0.128455E-01   0.149261E+00   0.311733E+00
 0.119326E+02   0.718074E+00   0.126390E-01   0.148570E+00   0.311733E+00
 0.119445E+02   0.714673E+00   0.124352E-01   0.147879E+00   0.311733E+00
 0.119564E+02   0.711266E+00   0.122339E-01   0.147186E+00   0.311733E+00
 0.119682E+02   0.707853E+00   0.120353E-01   0.146491E+00   0.311733E+00
 0.119799E+02   0.704434E+00   0.118392E-01   0.145795E+00   0.311733E+00
 0.119906E+02   0.701274E+00   0.116605E-01   0.145152E+00   0.311733E+00
 0.120017E+02   0.697967E+00   0.114760E-01   0.144479E+00   0.311733E+00
 0.120127E+02   0.694655E+00   0.112940E-01   0.143804E+00   0.311733E+00
 0.120237E+02   0.691338E+00   0.111143E-01   0.143128E+00   0.311733E+00
 0.120345E+02   0.688015E+00   0.109369E-01   0.142451E+00   0.311733E+00
 0.120453E+02   0.684687E+00   0.107619E-01   0.141773E+00   0.311733E+00
 0.120560E+02   0.681353E+00   0.105891E-01   0.141093E+00   0.311733E+00
 0.120677E+02   0.677646E+00   0.104000E-01   0.140337E+00   0.311733E+00
 0.120779E+02   0.674414E+00   0.102376E-01   0.139678E+00   0.311733E+00
 0.120879E+02   0.671178E+00   0.100773E-01   0.139018E+00   0.311733E+00
 0.121012E+02   0.666855E+00   0.986696E-02   0.138135E+00   0.311733E+00
 0.121144E+02   0.662525E+00   0.966029E-02   0.137251E+00   0.311733E+00
 0.121274E+02   0.658185E+00   0.945723E-02   0.136365E+00   0.311733E+00
 0.121375E+02   0.654768E+00   0.930018E-02   0.135667E+00   0.311733E+00
 0.121498E+02   0.650570E+00   0.911051E-02   0.134809E+00   0.311733E+00
 0.121620E+02   0.646365E+00   0.892422E-02   0.133950E+00   0.311733E+00
 0.121740E+02   0.642153E+00   0.874125E-02   0.133089E+00   0.311733E+00
 0.121859E+02   0.637933E+00   0.856151E-02   0.132226E+00   0.311733E+00
 0.121977E+02   0.633705E+00   0.838497E-02   0.131361E+00   0.311733E+00
 0.122098E+02   0.629307E+00   0.820500E-02   0.130461E+00   0.311733E+00
 0.122211E+02   0.625155E+00   0.803849E-02   0.129611E+00   0.311733E+00
 0.122322E+02   0.620997E+00   0.787498E-02   0.128760E+00   0.311733E+00
 0.122433E+02   0.616831E+00   0.771440E-02   0.127907E+00   0.311733E+00
 0.122542E+02   0.612659E+00   0.755668E-02   0.127052E+00   0.311733E+00
 0.122650E+02   0.608478E+00   0.740174E-02   0.126196E+00   0.311733E+00
 0.122774E+02   0.603592E+00   0.722447E-02   0.125194E+00   0.311733E+00
 0.122875E+02   0.599604E+00   0.708285E-02   0.124377E+00   0.311733E+00
 0.122998E+02   0.594615E+00   0.690944E-02   0.123354E+00   0.311733E+00
 0.123121E+02   0.589618E+00   0.673997E-02   0.122329E+00   0.311733E+00
 0.123241E+02   0.584614E+00   0.657437E-02   0.121302E+00   0.311733E+00
 0.123364E+02   0.579415E+00   0.640659E-02   0.120236E+00   0.311733E+00
 0.123468E+02   0.574982E+00   0.626680E-02   0.119326E+00   0.311733E+00
 0.123570E+02   0.570527E+00   0.612910E-02   0.118411E+00   0.311733E+00
 0.123672E+02   0.566051E+00   0.599345E-02   0.117492E+00   0.311733E+00
 0.123774E+02   0.561558E+00   0.585984E-02   0.116569E+00   0.311733E+00
 0.123878E+02   0.556907E+00   0.572410E-02   0.115613E+00   0.311733E+00
 0.123984E+02   0.552133E+00   0.558743E-02   0.114632E+00   0.311733E+00
 0.124088E+02   0.547375E+00   0.545395E-02   0.113654E+00   0.311733E+00
 0.124190E+02   0.542629E+00   0.532360E-02   0.112678E+00   0.311733E+00
 0.124292E+02   0.537892E+00   0.519629E-02   0.111704E+00   0.311733E+00
 0.124395E+02   0.532974E+00   0.506709E-02   0.110692E+00   0.311733E+00
 0.124508E+02   0.527549E+00   0.492808E-02   0.109576E+00   0.311733E+00
 0.124619E+02   0.522134E+00   0.479304E-02   0.108462E+00   0.311733E+00
 0.124727E+02   0.516723E+00   0.466183E-02   0.107348E+00   0.311733E+00
 0.124834E+02   0.511310E+00   0.453432E-02   0.106233E+00   0.311733E+00
 0.124938E+02   0.505975E+00   0.441219E-02   0.105134E+00   0.311733E+00
 0.125047E+02   0.500260E+00   0.428512E-02   0.103957E+00   0.311733E+00
 0.125155E+02   0.494526E+00   0.416126E-02   0.102775E+00   0.311733E+00
 0.125261E+02   0.488774E+00   0.404051E-02   0.101590E+00   0.311733E+00
 0.125372E+02   0.482661E+00   0.391576E-02   0.100330E+00   0.311733E+00
 0.125473E+02   0.476989E+00   0.380342E-02   0.991601E-01   0.311733E+00
 0.125586E+02   0.470532E+00   0.367985E-02   0.978285E-01   0.311733E+00
 0.125696E+02   0.464084E+00   0.356119E-02   0.964979E-01   0.311733E+00
 0.125798E+02   0.457954E+00   0.345275E-02   0.952319E-01   0.311733E+00
 0.125905E+02   0.451429E+00   0.334109E-02   0.938838E-01   0.311733E+00
 0.126007E+02   0.445171E+00   0.323640E-02   0.925914E-01   0.311733E+00
 0.126119E+02   0.438281E+00   0.312261E-02   0.911701E-01   0.311733E+00
 0.126227E+02   0.431684E+00   0.301483E-02   0.898118E-01   0.311733E+00
 0.126335E+02   0.424861E+00   0.290824E-02   0.884058E-01   0.311733E+00
 0.126438E+02   0.417975E+00   0.280925E-02   0.869814E-01   0.311733E+00
 0.126541E+02   0.410407E+00   0.271152E-02   0.854037E-01   0.311733E+00
 0.126641E+02   0.402480E+00   0.261818E-02   0.837404E-01   0.311733E+00
 0.126743E+02   0.394322E+00   0.252592E-02   0.820348E-01   0.311733E+00
 0.126846E+02   0.386132E+00   0.243385E-02   0.803410E-01   0.311733E+00
 0.126948E+02   0.378133E+00   0.234496E-02   0.786878E-01   0.311733E+00
 0.127052E+02   0.370350E+00   0.225639E-02   0.770776E-01   0.311733E+00
 0.127153E+02   0.362065E+00   0.217218E-02   0.753636E-01   0.311733E+00
 0.127258E+02   0.352983E+00   0.208723E-02   0.734844E-01   0.311733E+00
 0.127360E+02   0.345248E+00   0.200644E-02   0.718833E-01   0.311733E+00
 0.127462E+02   0.337391E+00   0.192718E-02   0.702568E-01   0.311733E+00
 0.127566E+02   0.329526E+00   0.184893E-02   0.686280E-01   0.311733E+00
 0.127672E+02   0.321525E+00   0.177075E-02   0.669707E-01   0.311733E+00
 0.127775E+02   0.313902E+00   0.169691E-02   0.653914E-01   0.311733E+00
 0.127881E+02   0.306022E+00   0.162295E-02   0.637586E-01   0.311733E+00
 0.127986E+02   0.297894E+00   0.155122E-02   0.620740E-01   0.311733E+00
 0.128092E+02   0.290190E+00   0.148113E-02   0.604768E-01   0.311733E+00
 0.128192E+02   0.283013E+00   0.141650E-02   0.589884E-01   0.311733E+00
 0.128297E+02   0.275564E+00   0.135100E-02   0.574435E-01   0.311733E+00
 0.128404E+02   0.268052E+00   0.128578E-02   0.558848E-01   0.311733E+00
 0.128507E+02   0.260875E+00   0.122477E-02   0.543956E-01   0.311733E+00
 0.128607E+02   0.253932E+00   0.116680E-02   0.529545E-01   0.311733E+00
 0.128709E+02   0.247014E+00   0.111010E-02   0.515183E-01   0.311733E+00
 0.128812E+02   0.240044E+00   0.105412E-02   0.500709E-01   0.311733E+00
 0.128914E+02   0.233240E+00   0.100047E-02   0.486576E-01   0.311733E+00
 0.129020E+02   0.226204E+00   0.946190E-03   0.471961E-01   0.311733E+00
 0.129122E+02   0.219536E+00   0.895898E-03   0.458105E-01   0.311733E+00
 0.129224E+02   0.212857E+00   0.846626E-03   0.444222E-01   0.311733E+00
 0.129328E+02   0.206176E+00   0.798489E-03   0.430333E-01   0.311733E+00
 0.129430E+02   0.199700E+00   0.752960E-03   0.416867E-01   0.311733E+00
 0.129534E+02   0.193126E+00   0.707913E-03   0.403192E-01   0.311733E+00
 0.129637E+02   0.186660E+00   0.664793E-03   0.389742E-01   0.311733E+00
 0.129740E+02   0.180196E+00   0.623003E-03   0.376293E-01   0.311733E+00
 0.129843E+02   0.173791E+00   0.582916E-03   0.362961E-01   0.311733E+00
 0.129949E+02   0.167262E+00   0.543223E-03   0.349369E-01   0.311733E+00
 0.130053E+02   0.160953E+00   0.506082E-03   0.336233E-01   0.311733E+00
 0.130156E+02   0.154685E+00   0.470488E-03   0.323180E-01   0.311733E+00
 0.130257E+02   0.148599E+00   0.437184E-03   0.310499E-01   0.311733E+00
 0.130360E+02   0.142369E+00   0.404360E-03   0.297517E-01   0.311733E+00
 0.130465E+02   0.136066E+00   0.372496E-03   0.284384E-01   0.311733E+00
 0.130570E+02   0.129776E+00   0.342176E-03   0.271272E-01   0.311733E+00
 0.130674E+02   0.123604E+00   0.313784E-03   0.258403E-01   0.311733E+00
 0.130778E+02   0.117418E+00   0.286573E-03   0.245501E-01   0.311733E+00
 0.130878E+02   0.111500E+00   0.261813E-03   0.233157E-01   0.311733E+00
 0.130982E+02   0.105363E+00   0.237519E-03   0.220352E-01   0.311733E+00
 0.131085E+02   0.992856E-01   0.214843E-03   0.207670E-01   0.311733E+00
 0.131189E+02   0.932003E-01   0.193397E-03   0.194967E-01   0.311733E+00
 0.131293E+02   0.871629E-01   0.173302E-03   0.182361E-01   0.311733E+00
 0.131396E+02   0.812106E-01   0.154664E-03   0.169932E-01   0.311733E+00
 0.131498E+02   0.753574E-01   0.137571E-03   0.157707E-01   0.311733E+00
 0.131598E+02   0.696654E-01   0.122097E-03   0.145815E-01   0.311733E+00
 0.131701E+02   0.639555E-01   0.107532E-03   0.133882E-01   0.311733E+00
 0.131801E+02   0.585230E-01   0.944422E-04   0.122528E-01   0.311733E+00
 0.131902E+02   0.532825E-01   0.824986E-04   0.111579E-01   0.311733E+00
 0.132003E+02   0.480927E-01   0.716317E-04   0.100722E-01   0.311733E+00
 0.132104E+02   0.431687E-01   0.618894E-04   0.904301E-02   0.311733E+00
 0.132205E+02   0.354135E-01   0.536023E-04   0.742265E-02   0.311733E+00
 0.132306E+02   0.310690E-01   0.465829E-04   0.651550E-02   0.311733E+00
 0.132407E+02   0.286285E-01   0.402513E-04   0.600298E-02   0.311733E+00
 0.132507E+02   0.260845E-01   0.344636E-04   0.546850E-02   0.311733E+00
 0.132609E+02   0.231159E-01   0.292301E-04   0.484592E-02   0.311733E+00
 0.132711E+02   0.203387E-01   0.246173E-04   0.426505E-02   0.311733E+00
 0.132811E+02   0.178435E-01   0.206287E-04   0.374347E-02   0.311733E+00
 0.132912E+02   0.154866E-01   0.171318E-04   0.324974E-02   0.311733E+00
 0.133013E+02   0.132929E-01   0.141139E-04   0.278935E-02   0.311733E+00
 0.133114E+02   0.112745E-01   0.115431E-04   0.236558E-02   0.311733E+00
 0.133214E+02   0.943447E-02   0.939282E-05   0.197969E-02   0.311733E+00
 0.133315E+02   0.776046E-02   0.761268E-05   0.162884E-02   0.311733E+00
 0.133415E+02   0.625680E-02   0.616508E-05   0.131333E-02   0.311733E+00
 0.133515E+02   0.493041E-02   0.501566E-05   0.103506E-02   0.311733E+00
 0.133616E+02   0.377548E-02   0.412098E-05   0.793204E-03   0.311733E+00
 0.133716E+02   0.279753E-02   0.344602E-05   0.588027E-03   0.311733E+00
 0.133817E+02   0.200806E-02   0.295400E-05   0.422205E-03   0.311733E+00
 0.133918E+02   0.143516E-02   0.260599E-05   0.302020E-03   0.311733E+00
 0.134018E+02   0.119168E-02   0.234666E-05   0.250745E-03   0.311733E+00
 0.134118E+02   0.111297E-02   0.210998E-05   0.234120E-03   0.311733E+00
 0.134219E+02   0.979669E-03   0.189583E-05   0.206214E-03   0.311733E+00
 0.134322E+02   0.870930E-03   0.170271E-05   0.183413E-03   0.311733E+00
 0.134426E+02   0.794159E-03   0.152884E-05   0.167273E-03   0.311733E+00
 0.134528E+02   0.734035E-03   0.137010E-05   0.154644E-03   0.311733E+00
 0.134629E+02   0.680446E-03   0.122685E-05   0.143400E-03   0.311733E+00
 0.134731E+02   0.622420E-03   0.109330E-05   0.131208E-03   0.311733E+00
 0.134832E+02   0.557469E-03   0.972717E-06   0.117508E-03   0.311733E+00
 0.134934E+02   0.497241E-03   0.865802E-06   0.104846E-03   0.311733E+00
 0.135036E+02   0.444091E-03   0.769562E-06   0.936665E-04   0.311733E+00
 0.135138E+02   0.397139E-03   0.684364E-06   0.837412E-04   0.311733E+00
 0.135239E+02   0.358828E-03   0.607790E-06   0.756711E-04   0.311733E+00
 0.135342E+02   0.327306E-03   0.538024E-06   0.690562E-04   0.311733E+00
 0.135442E+02   0.299330E-03   0.475374E-06   0.631780E-04   0.311733E+00
 0.135543E+02   0.272494E-03   0.418413E-06   0.575169E-04   0.311733E+00
 0.135645E+02   0.246294E-03   0.366009E-06   0.519823E-04   0.311733E+00
 0.135747E+02   0.221659E-03   0.319123E-06   0.467886E-04   0.311733E+00
 0.135848E+02   0.199166E-03   0.276979E-06   0.420526E-04   0.311733E+00
 0.135950E+02   0.179488E-03   0.239289E-06   0.379025E-04   0.311733E+00
 0.136051E+02   0.160749E-03   0.205627E-06   0.339448E-04   0.311733E+00
 0.136151E+02   0.140579E-03   0.176060E-06   0.296915E-04   0.311733E+00
 0.136252E+02   0.121234E-03   0.150150E-06   0.256157E-04   0.311733E+00
 0.136354E+02   0.106470E-03   0.127653E-06   0.224968E-04   0.311733E+00
 0.136454E+02   0.944062E-04   0.108059E-06   0.199477E-04   0.311733E+00
 0.136555E+02   0.828662E-04   0.907439E-07   0.175141E-04   0.311733E+00
 0.136655E+02   0.712888E-04   0.757118E-07   0.150701E-04   0.311733E+00
 0.136756E+02   0.606657E-04   0.628782E-07   0.128250E-04   0.311733E+00
 0.136857E+02   0.522645E-04   0.518708E-07   0.110540E-04   0.311733E+00
 0.136959E+02   0.450347E-04   0.423329E-07   0.952579E-05   0.311733E+00
 0.137060E+02   0.383735E-04   0.342022E-07   0.811470E-05   0.311733E+00
 0.137161E+02   0.323533E-04   0.273356E-07   0.684721E-05   0.311733E+00
 0.137262E+02   0.272943E-04   0.215983E-07   0.577783E-05   0.311733E+00
 0.137362E+02   0.223875E-04   0.168273E-07   0.473684E-05   0.311733E+00
 0.137463E+02   0.178214E-04   0.129682E-07   0.377140E-05   0.311733E+00
 0.137563E+02   0.144975E-04   0.989325E-08   0.306816E-05   0.311733E+00
 0.137664E+02   0.117568E-04   0.737830E-08   0.248841E-05   0.311733E+00
 0.137764E+02   0.934873E-05   0.537583E-08   0.197938E-05   0.311733E+00
 0.137865E+02   0.712973E-05   0.380148E-08   0.151004E-05   0.311733E+00
 0.137965E+02   0.534597E-05   0.262962E-08   0.113231E-05   0.311733E+00
 0.138065E+02   0.406757E-05   0.173991E-08   0.861543E-06   0.311733E+00
 0.138166E+02   0.262216E-05   0.112289E-08   0.555525E-06   0.311733E+00
 0.138266E+02   0.186740E-05   0.698257E-09   0.395674E-06   0.311733E+00
 0.138367E+02   0.126182E-05   0.406279E-09   0.267341E-06   0.311733E+00
 0.138467E+02   0.762612E-06   0.216927E-09   0.161638E-06   0.311733E+00
 0.138568E+02   0.447253E-06   0.105597E-09   0.948074E-07   0.311733E+00
 0.138668E+02   0.233222E-06   0.431994E-10   0.494564E-07   0.311733E+00
 0.138768E+02   0.995839E-07   0.131312E-10   0.211115E-07   0.311733E+00
 0.138868E+02   0.282757E-07   0.210751E-11   0.599543E-08   0.311733E+00
 0.138968E+02   0.114397E-08   0.158939E-13   0.242743E-09   0.311733E+00
