 0.000000E+00   0.170100E+01   0.290036E+00   0.333173E+00   0.333173E+00
 0.101096E-01   0.170100E+01   0.290035E+00   0.333173E+00   0.333173E+00
 0.205029E-01   0.170100E+01   0.290035E+00   0.333173E+00   0.333173E+00
 0.308651E-01   0.170099E+01   0.290033E+00   0.333172E+00   0.333173E+00
 0.415162E-01   0.170099E+01   0.290031E+00   0.333171E+00   0.333173E+00
 0.523330E-01   0.170099E+01   0.290028E+00   0.333171E+00   0.333173E+00
 0.626856E-01   0.170098E+01   0.290025E+00   0.333169E+00   0.333173E+00
 0.730870E-01   0.170097E+01   0.290021E+00   0.333168E+00   0.333173E+00
 0.832850E-01   0.170096E+01   0.290016E+00   0.333167E+00   0.333173E+00
 0.942936E-01   0.170095E+01   0.290011E+00   0.333165E+00   0.333173E+00
 0.104777E+00   0.170094E+01   0.290005E+00   0.333163E+00   0.333173E+00
 0.115934E+00   0.170093E+01   0.289998E+00   0.333161E+00   0.333173E+00
 0.126260E+00   0.170092E+01   0.289991E+00   0.333159E+00   0.333173E+00
 0.137122E+00   0.170090E+01   0.289983E+00   0.333156E+00   0.333173E+00
 0.148527E+00   0.170088E+01   0.289974E+00   0.333153E+00   0.333173E+00
 0.158743E+00   0.170087E+01   0.289965E+00   0.333151E+00   0.333173E+00
 0.169364E+00   0.170085E+01   0.289955E+00   0.333147E+00   0.333173E+00
 0.180406E+00   0.170083E+01   0.289945E+00   0.333144E+00   0.333173E+00
 0.191872E+00   0.170080E+01   0.289933E+00   0.333140E+00   0.333173E+00
 0.203763E+00   0.170078E+01   0.289920E+00   0.333136E+00   0.333173E+00
 0.214005E+00   0.170076E+01   0.289908E+00   0.333132E+00   0.333173E+00
 0.224549E+00   0.170073E+01   0.289895E+00   0.333128E+00   0.333173E+00
 0.235402E+00   0.170071E+01   0.289881E+00   0.333124E+00   0.333173E+00
 0.246560E+00   0.170068E+01   0.289866E+00   0.333119E+00   0.333173E+00
 0.258033E+00   0.170065E+01   0.289850E+00   0.333114E+00   0.333173E+00
 0.269819E+00   0.170061E+01   0.289832E+00   0.333108E+00   0.333173E+00
 0.281921E+00   0.170058E+01   0.289814E+00   0.333102E+00   0.333173E+00
 0.294346E+00   0.170054E+01   0.289794E+00   0.333096E+00   0.333173E+00
 0.304520E+00   0.170051E+01   0.289777E+00   0.333091E+00   0.333173E+00
 0.314898E+00   0.170047E+01   0.289759E+00   0.333085E+00   0.333173E+00
 0.325484E+00   0.170044E+01   0.289740E+00   0.333079E+00   0.333173E+00
 0.336288E+00   0.170040E+01   0.289720E+00   0.333073E+00   0.333173E+00
 0.347303E+00   0.170036E+01   0.289699E+00   0.333066E+00   0.333173E+00
 0.358532E+00   0.170032E+01   0.289677E+00   0.333059E+00   0.333173E+00
 0.369977E+00   0.170027E+01   0.289653E+00   0.333051E+00   0.333173E+00
 0.381637E+00   0.170023E+01   0.289629E+00   0.333044E+00   0.333173E+00
 0.393514E+00   0.170018E+01   0.289603E+00   0.333035E+00   0.333173E+00
 0.405612E+00   0.170013E+01   0.289576E+00   0.333027E+00   0.333173E+00
 0.417932E+00   0.170007E+01   0.289548E+00   0.333018E+00   0.333173E+00
 0.430467E+00   0.170002E+01   0.289518E+00   0.333008E+00   0.333173E+00
 0.443227E+00   0.169996E+01   0.289487E+00   0.332999E+00   0.333173E+00
 0.456215E+00   0.169990E+01   0.289454E+00   0.332988E+00   0.333173E+00
 0.469426E+00   0.169983E+01   0.289420E+00   0.332977E+00   0.333173E+00
 0.479486E+00   0.169978E+01   0.289393E+00   0.332969E+00   0.333173E+00
 0.489672E+00   0.169973E+01   0.289366E+00   0.332960E+00   0.333173E+00
 0.499990E+00   0.169967E+01   0.289337E+00   0.332951E+00   0.333173E+00
 0.510434E+00   0.169962E+01   0.289308E+00   0.332942E+00   0.333173E+00
 0.521006E+00   0.169956E+01   0.289278E+00   0.332932E+00   0.333173E+00
 0.531710E+00   0.169950E+01   0.289246E+00   0.332922E+00   0.333173E+00
 0.542547E+00   0.169944E+01   0.289214E+00   0.332912E+00   0.333173E+00
 0.553513E+00   0.169938E+01   0.289180E+00   0.332901E+00   0.333173E+00
 0.564610E+00   0.169931E+01   0.289145E+00   0.332890E+00   0.333173E+00
 0.575842E+00   0.169924E+01   0.289110E+00   0.332879E+00   0.333173E+00
 0.587206E+00   0.169917E+01   0.289073E+00   0.332867E+00   0.333173E+00
 0.598704E+00   0.169910E+01   0.289035E+00   0.332855E+00   0.333173E+00
 0.610335E+00   0.169902E+01   0.288996E+00   0.332842E+00   0.333173E+00
 0.622099E+00   0.169895E+01   0.288955E+00   0.332829E+00   0.333173E+00
 0.634000E+00   0.169887E+01   0.288913E+00   0.332816E+00   0.333173E+00
 0.646035E+00   0.169879E+01   0.288870E+00   0.332802E+00   0.333173E+00
 0.658204E+00   0.169870E+01   0.288826E+00   0.332788E+00   0.333173E+00
 0.670510E+00   0.169862E+01   0.288781E+00   0.332774E+00   0.333173E+00
 0.682955E+00   0.169853E+01   0.288734E+00   0.332759E+00   0.333173E+00
 0.695536E+00   0.169843E+01   0.288685E+00   0.332743E+00   0.333173E+00
 0.708253E+00   0.169834E+01   0.288635E+00   0.332728E+00   0.333173E+00
 0.721107E+00   0.169824E+01   0.288584E+00   0.332711E+00   0.333173E+00
 0.734100E+00   0.169814E+01   0.288532E+00   0.332695E+00   0.333173E+00
 0.747232E+00   0.169804E+01   0.288477E+00   0.332677E+00   0.333173E+00
 0.760506E+00   0.169793E+01   0.288421E+00   0.332659E+00   0.333173E+00
 0.773920E+00   0.169782E+01   0.288364E+00   0.332641E+00   0.333173E+00
 0.787473E+00   0.169771E+01   0.288305E+00   0.332622E+00   0.333173E+00
 0.801170E+00   0.169760E+01   0.288245E+00   0.332603E+00   0.333173E+00
 0.815006E+00   0.169748E+01   0.288182E+00   0.332583E+00   0.333173E+00
 0.828983E+00   0.169736E+01   0.288118E+00   0.332563E+00   0.333173E+00
 0.843103E+00   0.169723E+01   0.288052E+00   0.332542E+00   0.333173E+00
 0.857363E+00   0.169710E+01   0.287985E+00   0.332520E+00   0.333173E+00
 0.871767E+00   0.169697E+01   0.287916E+00   0.332498E+00   0.333173E+00
 0.886315E+00   0.169683E+01   0.287844E+00   0.332476E+00   0.333173E+00
 0.901005E+00   0.169670E+01   0.287771E+00   0.332452E+00   0.333173E+00
 0.915842E+00   0.169655E+01   0.287696E+00   0.332428E+00   0.333173E+00
 0.930822E+00   0.169641E+01   0.287619E+00   0.332404E+00   0.333173E+00
 0.940890E+00   0.169631E+01   0.287567E+00   0.332387E+00   0.333173E+00
 0.951020E+00   0.169620E+01   0.287513E+00   0.332370E+00   0.333173E+00
 0.961216E+00   0.169610E+01   0.287459E+00   0.332353E+00   0.333173E+00
 0.971477E+00   0.169600E+01   0.287404E+00   0.332335E+00   0.333173E+00
 0.981802E+00   0.169589E+01   0.287348E+00   0.332317E+00   0.333173E+00
 0.992193E+00   0.169578E+01   0.287291E+00   0.332299E+00   0.333173E+00
 0.100265E+01   0.169567E+01   0.287233E+00   0.332280E+00   0.333173E+00
 0.101317E+01   0.169556E+01   0.287174E+00   0.332262E+00   0.333173E+00
 0.102376E+01   0.169544E+01   0.287114E+00   0.332242E+00   0.333173E+00
 0.103441E+01   0.169533E+01   0.287053E+00   0.332223E+00   0.333173E+00
 0.104513E+01   0.169521E+01   0.286991E+00   0.332203E+00   0.333173E+00
 0.105591E+01   0.169509E+01   0.286928E+00   0.332183E+00   0.333173E+00
 0.106676E+01   0.169497E+01   0.286864E+00   0.332163E+00   0.333173E+00
 0.107768E+01   0.169484E+01   0.286799E+00   0.332142E+00   0.333173E+00
 0.108866E+01   0.169472E+01   0.286733E+00   0.332121E+00   0.333173E+00
 0.109971E+01   0.169459E+01   0.286666E+00   0.332099E+00   0.333173E+00
 0.111082E+01   0.169446E+01   0.286597E+00   0.332077E+00   0.333173E+00
 0.112201E+01   0.169433E+01   0.286528E+00   0.332055E+00   0.333173E+00
 0.113325E+01   0.169419E+01   0.286458E+00   0.332033E+00   0.333173E+00
 0.114456E+01   0.169406E+01   0.286386E+00   0.332010E+00   0.333173E+00
 0.115594E+01   0.169392E+01   0.286313E+00   0.331987E+00   0.333173E+00
 0.116739E+01   0.169378E+01   0.286239E+00   0.331963E+00   0.333173E+00
 0.117891E+01   0.169363E+01   0.286164E+00   0.331939E+00   0.333173E+00
 0.119049E+01   0.169349E+01   0.286088E+00   0.331915E+00   0.333173E+00
 0.120214E+01   0.169334E+01   0.286011E+00   0.331890E+00   0.333173E+00
 0.121385E+01   0.169319E+01   0.285932E+00   0.331865E+00   0.333173E+00
 0.122563E+01   0.169304E+01   0.285853E+00   0.331839E+00   0.333173E+00
 0.123748E+01   0.169288E+01   0.285772E+00   0.331813E+00   0.333173E+00
 0.124940E+01   0.169273E+01   0.285689E+00   0.331787E+00   0.333173E+00
 0.126138E+01   0.169257E+01   0.285606E+00   0.331760E+00   0.333173E+00
 0.127344E+01   0.169240E+01   0.285521E+00   0.331733E+00   0.333173E+00
 0.128556E+01   0.169224E+01   0.285435E+00   0.331705E+00   0.333173E+00
 0.129775E+01   0.169207E+01   0.285348E+00   0.331677E+00   0.333173E+00
 0.131001E+01   0.169190E+01   0.285259E+00   0.331649E+00   0.333173E+00
 0.132234E+01   0.169173E+01   0.285169E+00   0.331620E+00   0.333173E+00
 0.133473E+01   0.169156E+01   0.285078E+00   0.331591E+00   0.333173E+00
 0.134719E+01   0.169138E+01   0.284986E+00   0.331561E+00   0.333173E+00
 0.135972E+01   0.169120E+01   0.284892E+00   0.331531E+00   0.333173E+00
 0.137232E+01   0.169102E+01   0.284796E+00   0.331501E+00   0.333173E+00
 0.138498E+01   0.169083E+01   0.284700E+00   0.331470E+00   0.333173E+00
 0.139772E+01   0.169065E+01   0.284601E+00   0.331438E+00   0.333173E+00
 0.141052E+01   0.169046E+01   0.284502E+00   0.331406E+00   0.333173E+00
 0.142340E+01   0.169026E+01   0.284401E+00   0.331374E+00   0.333173E+00
 0.143634E+01   0.169007E+01   0.284299E+00   0.331341E+00   0.333173E+00
 0.144935E+01   0.168987E+01   0.284195E+00   0.331308E+00   0.333173E+00
 0.146243E+01   0.168967E+01   0.284089E+00   0.331274E+00   0.333173E+00
 0.147558E+01   0.168946E+01   0.283982E+00   0.331239E+00   0.333173E+00
 0.148880E+01   0.168926E+01   0.283874E+00   0.331205E+00   0.333173E+00
 0.150209E+01   0.168904E+01   0.283764E+00   0.331169E+00   0.333173E+00
 0.151545E+01   0.168883E+01   0.283653E+00   0.331133E+00   0.333173E+00
 0.152888E+01   0.168862E+01   0.283540E+00   0.331097E+00   0.333173E+00
 0.154237E+01   0.168840E+01   0.283425E+00   0.331060E+00   0.333173E+00
 0.155594E+01   0.168817E+01   0.283309E+00   0.331023E+00   0.333173E+00
 0.156958E+01   0.168795E+01   0.283192E+00   0.330985E+00   0.333173E+00
 0.158328E+01   0.168772E+01   0.283072E+00   0.330947E+00   0.333173E+00
 0.159706E+01   0.168749E+01   0.282951E+00   0.330908E+00   0.333173E+00
 0.161091E+01   0.168725E+01   0.282829E+00   0.330868E+00   0.333173E+00
 0.162482E+01   0.168701E+01   0.282704E+00   0.330828E+00   0.333173E+00
 0.163881E+01   0.168677E+01   0.282578E+00   0.330788E+00   0.333173E+00
 0.165286E+01   0.168653E+01   0.282451E+00   0.330747E+00   0.333173E+00
 0.166699E+01   0.168628E+01   0.282321E+00   0.330705E+00   0.333173E+00
 0.168119E+01   0.168603E+01   0.282190E+00   0.330663E+00   0.333173E+00
 0.169546E+01   0.168577E+01   0.282058E+00   0.330620E+00   0.333173E+00
 0.170980E+01   0.168552E+01   0.281923E+00   0.330576E+00   0.333173E+00
 0.172421E+01   0.168525E+01   0.281787E+00   0.330532E+00   0.333173E+00
 0.173869E+01   0.168499E+01   0.281649E+00   0.330488E+00   0.333173E+00
 0.175324E+01   0.168472E+01   0.281509E+00   0.330443E+00   0.333173E+00
 0.176786E+01   0.168445E+01   0.281367E+00   0.330397E+00   0.333173E+00
 0.178255E+01   0.168417E+01   0.281223E+00   0.330351E+00   0.333173E+00
 0.179732E+01   0.168389E+01   0.281078E+00   0.330304E+00   0.333173E+00
 0.181215E+01   0.168361E+01   0.280931E+00   0.330256E+00   0.333173E+00
 0.182705E+01   0.168332E+01   0.280782E+00   0.330208E+00   0.333173E+00
 0.184203E+01   0.168303E+01   0.280630E+00   0.330159E+00   0.333173E+00
 0.185708E+01   0.168274E+01   0.280477E+00   0.330109E+00   0.333173E+00
 0.187220E+01   0.168244E+01   0.280323E+00   0.330059E+00   0.333173E+00
 0.188738E+01   0.168214E+01   0.280166E+00   0.330009E+00   0.333173E+00
 0.190264E+01   0.168183E+01   0.280007E+00   0.329957E+00   0.333173E+00
 0.191797E+01   0.168152E+01   0.279846E+00   0.329905E+00   0.333173E+00
 0.193338E+01   0.168121E+01   0.279683E+00   0.329852E+00   0.333173E+00
 0.194885E+01   0.168089E+01   0.279518E+00   0.329799E+00   0.333173E+00
 0.196440E+01   0.168057E+01   0.279351E+00   0.329745E+00   0.333173E+00
 0.198001E+01   0.168024E+01   0.279183E+00   0.329690E+00   0.333173E+00
 0.199570E+01   0.167991E+01   0.279012E+00   0.329635E+00   0.333173E+00
 0.201146E+01   0.167958E+01   0.278839E+00   0.329578E+00   0.333173E+00
 0.202729E+01   0.167924E+01   0.278663E+00   0.329522E+00   0.333173E+00
 0.204320E+01   0.167890E+01   0.278486E+00   0.329464E+00   0.333173E+00
 0.205917E+01   0.167855E+01   0.278307E+00   0.329406E+00   0.333173E+00
 0.207522E+01   0.167820E+01   0.278125E+00   0.329347E+00   0.333173E+00
 0.209134E+01   0.167785E+01   0.277941E+00   0.329287E+00   0.333173E+00
 0.210753E+01   0.167749E+01   0.277755E+00   0.329227E+00   0.333173E+00
 0.212379E+01   0.167713E+01   0.277567E+00   0.329165E+00   0.333173E+00
 0.214012E+01   0.167676E+01   0.277377E+00   0.329103E+00   0.333173E+00
 0.215653E+01   0.167639E+01   0.277184E+00   0.329041E+00   0.333173E+00
 0.217301E+01   0.167601E+01   0.276989E+00   0.328977E+00   0.333173E+00
 0.218956E+01   0.167563E+01   0.276792E+00   0.328913E+00   0.333173E+00
 0.220618E+01   0.167524E+01   0.276593E+00   0.328848E+00   0.333173E+00
 0.222287E+01   0.167485E+01   0.276391E+00   0.328782E+00   0.333173E+00
 0.223964E+01   0.167446E+01   0.276187E+00   0.328716E+00   0.333173E+00
 0.225648E+01   0.167406E+01   0.275980E+00   0.328648E+00   0.333173E+00
 0.227339E+01   0.167365E+01   0.275772E+00   0.328580E+00   0.333173E+00
 0.229037E+01   0.167324E+01   0.275560E+00   0.328511E+00   0.333173E+00
 0.230742E+01   0.167283E+01   0.275347E+00   0.328442E+00   0.333173E+00
 0.232454E+01   0.167241E+01   0.275131E+00   0.328371E+00   0.333173E+00
 0.234174E+01   0.167199E+01   0.274912E+00   0.328299E+00   0.333173E+00
 0.235902E+01   0.167156E+01   0.274692E+00   0.328227E+00   0.333173E+00
 0.237636E+01   0.167113E+01   0.274468E+00   0.328154E+00   0.333173E+00
 0.239377E+01   0.167069E+01   0.274242E+00   0.328080E+00   0.333173E+00
 0.241126E+01   0.167024E+01   0.274014E+00   0.328005E+00   0.333173E+00
 0.242882E+01   0.166980E+01   0.273783E+00   0.327930E+00   0.333173E+00
 0.244646E+01   0.166934E+01   0.273550E+00   0.327853E+00   0.333173E+00
 0.246416E+01   0.166888E+01   0.273314E+00   0.327776E+00   0.333173E+00
 0.248193E+01   0.166842E+01   0.273075E+00   0.327698E+00   0.333173E+00
 0.249978E+01   0.166795E+01   0.272834E+00   0.327618E+00   0.333173E+00
 0.251770E+01   0.166748E+01   0.272591E+00   0.327538E+00   0.333173E+00
 0.253570E+01   0.166700E+01   0.272344E+00   0.327457E+00   0.333173E+00
 0.255376E+01   0.166651E+01   0.272095E+00   0.327376E+00   0.333173E+00
 0.257190E+01   0.166602E+01   0.271844E+00   0.327293E+00   0.333173E+00
 0.259011E+01   0.166553E+01   0.271589E+00   0.327209E+00   0.333173E+00
 0.260839E+01   0.166503E+01   0.271332E+00   0.327124E+00   0.333173E+00
 0.262675E+01   0.166452E+01   0.271073E+00   0.327039E+00   0.333173E+00
 0.264518E+01   0.166401E+01   0.270810E+00   0.326952E+00   0.333173E+00
 0.266367E+01   0.166349E+01   0.270545E+00   0.326865E+00   0.333173E+00
 0.268225E+01   0.166297E+01   0.270277E+00   0.326776E+00   0.333173E+00
 0.270089E+01   0.166244E+01   0.270007E+00   0.326687E+00   0.333173E+00
 0.271961E+01   0.166190E+01   0.269733E+00   0.326597E+00   0.333173E+00
 0.273840E+01   0.166136E+01   0.269457E+00   0.326505E+00   0.333173E+00
 0.275726E+01   0.166082E+01   0.269177E+00   0.326413E+00   0.333173E+00
 0.277619E+01   0.166026E+01   0.268895E+00   0.326320E+00   0.333173E+00
 0.279519E+01   0.165971E+01   0.268611E+00   0.326225E+00   0.333173E+00
 0.281427E+01   0.165914E+01   0.268323E+00   0.326130E+00   0.333173E+00
 0.283342E+01   0.165857E+01   0.268032E+00   0.326033E+00   0.333173E+00
 0.285269E+01   0.165800E+01   0.267738E+00   0.325936E+00   0.333173E+00
 0.287198E+01   0.165742E+01   0.267441E+00   0.325837E+00   0.333173E+00
 0.289135E+01   0.165683E+01   0.267142E+00   0.325738E+00   0.333173E+00
 0.291079E+01   0.165623E+01   0.266839E+00   0.325637E+00   0.333173E+00
 0.293030E+01   0.165563E+01   0.266534E+00   0.325536E+00   0.333173E+00
 0.294988E+01   0.165503E+01   0.266225E+00   0.325433E+00   0.333173E+00
 0.296954E+01   0.165442E+01   0.265914E+00   0.325329E+00   0.333173E+00
 0.298927E+01   0.165380E+01   0.265599E+00   0.325224E+00   0.333173E+00
 0.300907E+01   0.165317E+01   0.265281E+00   0.325119E+00   0.333173E+00
 0.302894E+01   0.165254E+01   0.264961E+00   0.325012E+00   0.333173E+00
 0.304888E+01   0.165190E+01   0.264637E+00   0.324903E+00   0.333173E+00
 0.306890E+01   0.165126E+01   0.264310E+00   0.324794E+00   0.333173E+00
 0.307893E+01   0.165093E+01   0.264146E+00   0.324739E+00   0.333173E+00
 0.308899E+01   0.165061E+01   0.263980E+00   0.324684E+00   0.333173E+00
 0.309906E+01   0.165028E+01   0.263814E+00   0.324628E+00   0.333173E+00
 0.310915E+01   0.164995E+01   0.263647E+00   0.324572E+00   0.333173E+00
 0.311925E+01   0.164962E+01   0.263479E+00   0.324516E+00   0.333173E+00
 0.312938E+01   0.164929E+01   0.263311E+00   0.324460E+00   0.333173E+00
 0.313952E+01   0.164895E+01   0.263141E+00   0.324403E+00   0.333173E+00
 0.314968E+01   0.164862E+01   0.262971E+00   0.324346E+00   0.333173E+00
 0.315986E+01   0.164828E+01   0.262800E+00   0.324289E+00   0.333173E+00
 0.317005E+01   0.164794E+01   0.262629E+00   0.324231E+00   0.333173E+00
 0.318027E+01   0.164760E+01   0.262456E+00   0.324173E+00   0.333173E+00
 0.319050E+01   0.164725E+01   0.262283E+00   0.324115E+00   0.333173E+00
 0.320075E+01   0.164691E+01   0.262109E+00   0.324057E+00   0.333173E+00
 0.321102E+01   0.164656E+01   0.261934E+00   0.323998E+00   0.333173E+00
 0.322130E+01   0.164622E+01   0.261758E+00   0.323939E+00   0.333173E+00
 0.323160E+01   0.164587E+01   0.261581E+00   0.323879E+00   0.333173E+00
 0.324193E+01   0.164552E+01   0.261404E+00   0.323820E+00   0.333173E+00
 0.325226E+01   0.164516E+01   0.261226E+00   0.323760E+00   0.333173E+00
 0.326262E+01   0.164481E+01   0.261047E+00   0.323700E+00   0.333173E+00
 0.327300E+01   0.164445E+01   0.260867E+00   0.323639E+00   0.333173E+00
 0.328339E+01   0.164409E+01   0.260686E+00   0.323578E+00   0.333173E+00
 0.329380E+01   0.164373E+01   0.260505E+00   0.323517E+00   0.333173E+00
 0.330422E+01   0.164337E+01   0.260323E+00   0.323456E+00   0.333173E+00
 0.331467E+01   0.164301E+01   0.260140E+00   0.323394E+00   0.333173E+00
 0.332513E+01   0.164264E+01   0.259956E+00   0.323332E+00   0.333173E+00
 0.333562E+01   0.164228E+01   0.259771E+00   0.323269E+00   0.333173E+00
 0.334611E+01   0.164191E+01   0.259585E+00   0.323207E+00   0.333173E+00
 0.335663E+01   0.164154E+01   0.259399E+00   0.323144E+00   0.333173E+00
 0.336716E+01   0.164116E+01   0.259212E+00   0.323081E+00   0.333173E+00
 0.337771E+01   0.164079E+01   0.259024E+00   0.323017E+00   0.333173E+00
 0.338828E+01   0.164042E+01   0.258835E+00   0.322953E+00   0.333173E+00
 0.339887E+01   0.164004E+01   0.258645E+00   0.322889E+00   0.333173E+00
 0.340948E+01   0.163966E+01   0.258454E+00   0.322824E+00   0.333173E+00
 0.342010E+01   0.163928E+01   0.258263E+00   0.322760E+00   0.333173E+00
 0.343074E+01   0.163889E+01   0.258070E+00   0.322694E+00   0.333173E+00
 0.344140E+01   0.163851E+01   0.257877E+00   0.322629E+00   0.333173E+00
 0.345208E+01   0.163812E+01   0.257683E+00   0.322563E+00   0.333173E+00
 0.346277E+01   0.163773E+01   0.257488E+00   0.322497E+00   0.333173E+00
 0.347348E+01   0.163734E+01   0.257293E+00   0.322431E+00   0.333173E+00
 0.348421E+01   0.163695E+01   0.257096E+00   0.322364E+00   0.333173E+00
 0.349495E+01   0.163656E+01   0.256899E+00   0.322297E+00   0.333173E+00
 0.350572E+01   0.163616E+01   0.256700E+00   0.322230E+00   0.333173E+00
 0.351650E+01   0.163577E+01   0.256501E+00   0.322162E+00   0.333173E+00
 0.352730E+01   0.163537E+01   0.256301E+00   0.322094E+00   0.333173E+00
 0.353812E+01   0.163496E+01   0.256100E+00   0.322026E+00   0.333173E+00
 0.354895E+01   0.163456E+01   0.255899E+00   0.321957E+00   0.333173E+00
 0.355980E+01   0.163416E+01   0.255696E+00   0.321888E+00   0.333173E+00
 0.357067E+01   0.163375E+01   0.255493E+00   0.321819E+00   0.333173E+00
 0.358156E+01   0.163334E+01   0.255288E+00   0.321749E+00   0.333173E+00
 0.359247E+01   0.163293E+01   0.255083E+00   0.321679E+00   0.333173E+00
 0.360339E+01   0.163252E+01   0.254877E+00   0.321609E+00   0.333173E+00
 0.361433E+01   0.163210E+01   0.254670E+00   0.321538E+00   0.333173E+00
 0.362529E+01   0.163169E+01   0.254462E+00   0.321467E+00   0.333173E+00
 0.363626E+01   0.163127E+01   0.254253E+00   0.321396E+00   0.333173E+00
 0.364725E+01   0.163085E+01   0.254044E+00   0.321324E+00   0.333173E+00
 0.365826E+01   0.163043E+01   0.253833E+00   0.321252E+00   0.333173E+00
 0.366929E+01   0.163000E+01   0.253622E+00   0.321180E+00   0.333173E+00
 0.368033E+01   0.162958E+01   0.253410E+00   0.321107E+00   0.333173E+00
 0.369140E+01   0.162915E+01   0.253197E+00   0.321034E+00   0.333173E+00
 0.370248E+01   0.162872E+01   0.252983E+00   0.320961E+00   0.333173E+00
 0.371377E+01   0.162828E+01   0.252764E+00   0.320886E+00   0.333173E+00
 0.372489E+01   0.162784E+01   0.252548E+00   0.320812E+00   0.333173E+00
 0.373603E+01   0.162741E+01   0.252331E+00   0.320738E+00   0.333173E+00
 0.374718E+01   0.162697E+01   0.252113E+00   0.320663E+00   0.333173E+00
 0.375836E+01   0.162653E+01   0.251895E+00   0.320588E+00   0.333173E+00
 0.376954E+01   0.162609E+01   0.251675E+00   0.320513E+00   0.333173E+00
 0.378075E+01   0.162565E+01   0.251455E+00   0.320437E+00   0.333173E+00
 0.379197E+01   0.162520E+01   0.251233E+00   0.320361E+00   0.333173E+00
 0.380321E+01   0.162475E+01   0.251011E+00   0.320284E+00   0.333173E+00
 0.381447E+01   0.162430E+01   0.250788E+00   0.320207E+00   0.333173E+00
 0.382574E+01   0.162385E+01   0.250564E+00   0.320130E+00   0.333173E+00
 0.383704E+01   0.162340E+01   0.250339E+00   0.320053E+00   0.333173E+00
 0.384835E+01   0.162294E+01   0.250113E+00   0.319975E+00   0.333173E+00
 0.385967E+01   0.162248E+01   0.249887E+00   0.319897E+00   0.333173E+00
 0.387102E+01   0.162202E+01   0.249659E+00   0.319818E+00   0.333173E+00
 0.388238E+01   0.162156E+01   0.249430E+00   0.319739E+00   0.333173E+00
 0.389376E+01   0.162110E+01   0.249201E+00   0.319660E+00   0.333173E+00
 0.390515E+01   0.162063E+01   0.248971E+00   0.319580E+00   0.333173E+00
 0.391656E+01   0.162016E+01   0.248739E+00   0.319500E+00   0.333173E+00
 0.392799E+01   0.161969E+01   0.248507E+00   0.319420E+00   0.333173E+00
 0.393944E+01   0.161922E+01   0.248274E+00   0.319339E+00   0.333173E+00
 0.395090E+01   0.161875E+01   0.248040E+00   0.319258E+00   0.333173E+00
 0.396239E+01   0.161827E+01   0.247805E+00   0.319177E+00   0.333173E+00
 0.397388E+01   0.161779E+01   0.247569E+00   0.319095E+00   0.333173E+00
 0.398540E+01   0.161731E+01   0.247332E+00   0.319013E+00   0.333173E+00
 0.399693E+01   0.161683E+01   0.247094E+00   0.318930E+00   0.333173E+00
 0.400848E+01   0.161635E+01   0.246855E+00   0.318847E+00   0.333173E+00
 0.402005E+01   0.161586E+01   0.246616E+00   0.318764E+00   0.333173E+00
 0.403163E+01   0.161537E+01   0.246375E+00   0.318680E+00   0.333173E+00
 0.404323E+01   0.161488E+01   0.246134E+00   0.318596E+00   0.333173E+00
 0.405485E+01   0.161439E+01   0.245891E+00   0.318512E+00   0.333173E+00
 0.406648E+01   0.161389E+01   0.245648E+00   0.318427E+00   0.333173E+00
 0.407813E+01   0.161339E+01   0.245403E+00   0.318342E+00   0.333173E+00
 0.408980E+01   0.161289E+01   0.245158E+00   0.318256E+00   0.333173E+00
 0.410149E+01   0.161239E+01   0.244912E+00   0.318170E+00   0.333173E+00
 0.411319E+01   0.161189E+01   0.244665E+00   0.318084E+00   0.333173E+00
 0.412491E+01   0.161138E+01   0.244417E+00   0.317998E+00   0.333173E+00
 0.413665E+01   0.161088E+01   0.244168E+00   0.317911E+00   0.333173E+00
 0.414840E+01   0.161037E+01   0.243918E+00   0.317823E+00   0.333173E+00
 0.416017E+01   0.160985E+01   0.243667E+00   0.317735E+00   0.333173E+00
 0.417196E+01   0.160934E+01   0.243415E+00   0.317647E+00   0.333173E+00
 0.418376E+01   0.160882E+01   0.243162E+00   0.317559E+00   0.333173E+00
 0.419558E+01   0.160830E+01   0.242908E+00   0.317470E+00   0.333173E+00
 0.420742E+01   0.160778E+01   0.242654E+00   0.317380E+00   0.333173E+00
 0.421927E+01   0.160726E+01   0.242398E+00   0.317291E+00   0.333173E+00
 0.423115E+01   0.160673E+01   0.242141E+00   0.317200E+00   0.333173E+00
 0.424303E+01   0.160621E+01   0.241884E+00   0.317110E+00   0.333173E+00
 0.425494E+01   0.160568E+01   0.241625E+00   0.317019E+00   0.333173E+00
 0.426686E+01   0.160515E+01   0.241366E+00   0.316928E+00   0.333173E+00
 0.427880E+01   0.160461E+01   0.241105E+00   0.316836E+00   0.333173E+00
 0.429075E+01   0.160407E+01   0.240844E+00   0.316744E+00   0.333173E+00
 0.430272E+01   0.160354E+01   0.240582E+00   0.316651E+00   0.333173E+00
 0.431471E+01   0.160300E+01   0.240318E+00   0.316559E+00   0.333173E+00
 0.432672E+01   0.160245E+01   0.240054E+00   0.316465E+00   0.333173E+00
 0.433874E+01   0.160191E+01   0.239789E+00   0.316372E+00   0.333173E+00
 0.435078E+01   0.160136E+01   0.239523E+00   0.316278E+00   0.333173E+00
 0.436283E+01   0.160081E+01   0.239255E+00   0.316183E+00   0.333173E+00
 0.437490E+01   0.160026E+01   0.238987E+00   0.316088E+00   0.333173E+00
 0.438699E+01   0.159970E+01   0.238718E+00   0.315993E+00   0.333173E+00
 0.439910E+01   0.159915E+01   0.238448E+00   0.315897E+00   0.333173E+00
 0.441123E+01   0.159859E+01   0.238177E+00   0.315801E+00   0.333173E+00
 0.442337E+01   0.159803E+01   0.237905E+00   0.315704E+00   0.333173E+00
 0.443554E+01   0.159746E+01   0.237631E+00   0.315608E+00   0.333173E+00
 0.444772E+01   0.159690E+01   0.237357E+00   0.315510E+00   0.333173E+00
 0.445991E+01   0.159633E+01   0.237082E+00   0.315412E+00   0.333173E+00
 0.447212E+01   0.159576E+01   0.236806E+00   0.315314E+00   0.333173E+00
 0.448434E+01   0.159518E+01   0.236529E+00   0.315216E+00   0.333173E+00
 0.449659E+01   0.159461E+01   0.236251E+00   0.315117E+00   0.333173E+00
 0.450885E+01   0.159403E+01   0.235972E+00   0.315017E+00   0.333173E+00
 0.452113E+01   0.159345E+01   0.235692E+00   0.314917E+00   0.333173E+00
 0.453342E+01   0.159287E+01   0.235411E+00   0.314817E+00   0.333173E+00
 0.454573E+01   0.159228E+01   0.235130E+00   0.314716E+00   0.333173E+00
 0.455805E+01   0.159170E+01   0.234847E+00   0.314615E+00   0.333173E+00
 0.457039E+01   0.159111E+01   0.234563E+00   0.314514E+00   0.333173E+00
 0.458275E+01   0.159052E+01   0.234278E+00   0.314412E+00   0.333173E+00
 0.459512E+01   0.158992E+01   0.233992E+00   0.314309E+00   0.333173E+00
 0.460752E+01   0.158932E+01   0.233705E+00   0.314207E+00   0.333173E+00
 0.461992E+01   0.158873E+01   0.233418E+00   0.314103E+00   0.333173E+00
 0.463234E+01   0.158812E+01   0.233129E+00   0.314000E+00   0.333173E+00
 0.464478E+01   0.158752E+01   0.232839E+00   0.313896E+00   0.333173E+00
 0.465723E+01   0.158692E+01   0.232549E+00   0.313791E+00   0.333173E+00
 0.466970E+01   0.158631E+01   0.232257E+00   0.313686E+00   0.333173E+00
 0.468219E+01   0.158570E+01   0.231964E+00   0.313581E+00   0.333173E+00
 0.469469E+01   0.158508E+01   0.231671E+00   0.313475E+00   0.333173E+00
 0.470721E+01   0.158447E+01   0.231376E+00   0.313369E+00   0.333173E+00
 0.471974E+01   0.158385E+01   0.231080E+00   0.313262E+00   0.333173E+00
 0.473229E+01   0.158323E+01   0.230784E+00   0.313155E+00   0.333173E+00
 0.474486E+01   0.158261E+01   0.230486E+00   0.313048E+00   0.333173E+00
 0.475744E+01   0.158198E+01   0.230188E+00   0.312940E+00   0.333173E+00
 0.477004E+01   0.158135E+01   0.229888E+00   0.312831E+00   0.333173E+00
 0.478265E+01   0.158072E+01   0.229588E+00   0.312722E+00   0.333173E+00
 0.479528E+01   0.158009E+01   0.229286E+00   0.312613E+00   0.333173E+00
 0.480793E+01   0.157946E+01   0.228984E+00   0.312503E+00   0.333173E+00
 0.482059E+01   0.157882E+01   0.228680E+00   0.312393E+00   0.333173E+00
 0.483326E+01   0.157818E+01   0.228376E+00   0.312283E+00   0.333173E+00
 0.484595E+01   0.157754E+01   0.228070E+00   0.312172E+00   0.333173E+00
 0.485866E+01   0.157689E+01   0.227764E+00   0.312060E+00   0.333173E+00
 0.487138E+01   0.157624E+01   0.227457E+00   0.311948E+00   0.333173E+00
 0.488412E+01   0.157559E+01   0.227148E+00   0.311836E+00   0.333173E+00
 0.489688E+01   0.157494E+01   0.226839E+00   0.311723E+00   0.333173E+00
 0.490965E+01   0.157429E+01   0.226528E+00   0.311610E+00   0.333173E+00
 0.492243E+01   0.157363E+01   0.226217E+00   0.311496E+00   0.333173E+00
 0.493523E+01   0.157297E+01   0.225905E+00   0.311382E+00   0.333173E+00
 0.494805E+01   0.157231E+01   0.225592E+00   0.311267E+00   0.333173E+00
 0.496088E+01   0.157164E+01   0.225277E+00   0.311152E+00   0.333173E+00
 0.497373E+01   0.157098E+01   0.224962E+00   0.311037E+00   0.333173E+00
 0.498659E+01   0.157031E+01   0.224646E+00   0.310921E+00   0.333173E+00
 0.499987E+01   0.156961E+01   0.224319E+00   0.310800E+00   0.333173E+00
 0.501278E+01   0.156894E+01   0.224000E+00   0.310683E+00   0.333173E+00
 0.502570E+01   0.156826E+01   0.223680E+00   0.310566E+00   0.333173E+00
 0.503864E+01   0.156758E+01   0.223360E+00   0.310448E+00   0.333173E+00
 0.505160E+01   0.156690E+01   0.223038E+00   0.310329E+00   0.333173E+00
 0.506456E+01   0.156621E+01   0.222715E+00   0.310210E+00   0.333173E+00
 0.507755E+01   0.156552E+01   0.222392E+00   0.310091E+00   0.333173E+00
 0.509055E+01   0.156483E+01   0.222067E+00   0.309971E+00   0.333173E+00
 0.510357E+01   0.156414E+01   0.221742E+00   0.309851E+00   0.333173E+00
 0.511660E+01   0.156344E+01   0.221415E+00   0.309730E+00   0.333173E+00
 0.512964E+01   0.156274E+01   0.221088E+00   0.309609E+00   0.333173E+00
 0.514270E+01   0.156204E+01   0.220759E+00   0.309487E+00   0.333173E+00
 0.515578E+01   0.156134E+01   0.220430E+00   0.309365E+00   0.333173E+00
 0.516887E+01   0.156063E+01   0.220099E+00   0.309242E+00   0.333173E+00
 0.518197E+01   0.155992E+01   0.219768E+00   0.309119E+00   0.333173E+00
 0.519509E+01   0.155921E+01   0.219436E+00   0.308995E+00   0.333173E+00
 0.520823E+01   0.155849E+01   0.219102E+00   0.308871E+00   0.333173E+00
 0.522138E+01   0.155778E+01   0.218768E+00   0.308747E+00   0.333173E+00
 0.523455E+01   0.155706E+01   0.218432E+00   0.308622E+00   0.333173E+00
 0.524773E+01   0.155634E+01   0.218096E+00   0.308496E+00   0.333173E+00
 0.526092E+01   0.155561E+01   0.217759E+00   0.308370E+00   0.333173E+00
 0.527414E+01   0.155488E+01   0.217420E+00   0.308244E+00   0.333173E+00
 0.528736E+01   0.155415E+01   0.217081E+00   0.308117E+00   0.333173E+00
 0.530060E+01   0.155342E+01   0.216741E+00   0.307989E+00   0.333173E+00
 0.531386E+01   0.155268E+01   0.216399E+00   0.307861E+00   0.333173E+00
 0.532713E+01   0.155195E+01   0.216057E+00   0.307733E+00   0.333173E+00
 0.534041E+01   0.155121E+01   0.215714E+00   0.307604E+00   0.333173E+00
 0.535371E+01   0.155046E+01   0.215370E+00   0.307474E+00   0.333173E+00
 0.536702E+01   0.154972E+01   0.215024E+00   0.307344E+00   0.333173E+00
 0.538035E+01   0.154897E+01   0.214678E+00   0.307214E+00   0.333173E+00
 0.539369E+01   0.154822E+01   0.214331E+00   0.307083E+00   0.333173E+00
 0.540705E+01   0.154746E+01   0.213983E+00   0.306952E+00   0.333173E+00
 0.542042E+01   0.154671E+01   0.213634E+00   0.306820E+00   0.333173E+00
 0.543380E+01   0.154595E+01   0.213284E+00   0.306687E+00   0.333173E+00
 0.544720E+01   0.154518E+01   0.212933E+00   0.306554E+00   0.333173E+00
 0.546061E+01   0.154442E+01   0.212581E+00   0.306421E+00   0.333173E+00
 0.547404E+01   0.154365E+01   0.212228E+00   0.306287E+00   0.333173E+00
 0.548748E+01   0.154288E+01   0.211874E+00   0.306153E+00   0.333173E+00
 0.550094E+01   0.154211E+01   0.211519E+00   0.306018E+00   0.333173E+00
 0.551440E+01   0.154133E+01   0.211164E+00   0.305882E+00   0.333173E+00
 0.552796E+01   0.154055E+01   0.210805E+00   0.305746E+00   0.333173E+00
 0.554148E+01   0.153977E+01   0.210447E+00   0.305609E+00   0.333173E+00
 0.555502E+01   0.153898E+01   0.210087E+00   0.305472E+00   0.333173E+00
 0.556857E+01   0.153819E+01   0.209727E+00   0.305334E+00   0.333173E+00
 0.558213E+01   0.153740E+01   0.209366E+00   0.305196E+00   0.333173E+00
 0.559571E+01   0.153661E+01   0.209003E+00   0.305057E+00   0.333173E+00
 0.560931E+01   0.153581E+01   0.208640E+00   0.304918E+00   0.333173E+00
 0.562291E+01   0.153501E+01   0.208276E+00   0.304778E+00   0.333173E+00
 0.563653E+01   0.153421E+01   0.207911E+00   0.304638E+00   0.333173E+00
 0.565017E+01   0.153340E+01   0.207545E+00   0.304497E+00   0.333173E+00
 0.566382E+01   0.153260E+01   0.207177E+00   0.304356E+00   0.333173E+00
 0.567748E+01   0.153179E+01   0.206810E+00   0.304214E+00   0.333173E+00
 0.569115E+01   0.153097E+01   0.206441E+00   0.304072E+00   0.333173E+00
 0.570484E+01   0.153016E+01   0.206071E+00   0.303929E+00   0.333173E+00
 0.571854E+01   0.152934E+01   0.205700E+00   0.303786E+00   0.333173E+00
 0.573226E+01   0.152852E+01   0.205328E+00   0.303642E+00   0.333173E+00
 0.574599E+01   0.152769E+01   0.204955E+00   0.303498E+00   0.333173E+00
 0.575973E+01   0.152687E+01   0.204581E+00   0.303353E+00   0.333173E+00
 0.577349E+01   0.152603E+01   0.204207E+00   0.303207E+00   0.333173E+00
 0.578726E+01   0.152520E+01   0.203831E+00   0.303061E+00   0.333173E+00
 0.580104E+01   0.152437E+01   0.203455E+00   0.302915E+00   0.333173E+00
 0.581484E+01   0.152353E+01   0.203077E+00   0.302768E+00   0.333173E+00
 0.582865E+01   0.152269E+01   0.202699E+00   0.302620E+00   0.333173E+00
 0.584247E+01   0.152184E+01   0.202319E+00   0.302472E+00   0.333173E+00
 0.585631E+01   0.152099E+01   0.201939E+00   0.302323E+00   0.333173E+00
 0.587016E+01   0.152014E+01   0.201558E+00   0.302174E+00   0.333173E+00
 0.588402E+01   0.151929E+01   0.201176E+00   0.302024E+00   0.333173E+00
 0.589789E+01   0.151844E+01   0.200793E+00   0.301874E+00   0.333173E+00
 0.591178E+01   0.151758E+01   0.200409E+00   0.301723E+00   0.333173E+00
 0.592568E+01   0.151672E+01   0.200024E+00   0.301572E+00   0.333173E+00
 0.593960E+01   0.151585E+01   0.199638E+00   0.301420E+00   0.333173E+00
 0.595353E+01   0.151498E+01   0.199251E+00   0.301268E+00   0.333173E+00
 0.596747E+01   0.151411E+01   0.198864E+00   0.301115E+00   0.333173E+00
 0.598142E+01   0.151324E+01   0.198475E+00   0.300961E+00   0.333173E+00
 0.599523E+01   0.151237E+01   0.198090E+00   0.300809E+00   0.333173E+00
 0.600925E+01   0.151149E+01   0.197698E+00   0.300654E+00   0.333173E+00
 0.602328E+01   0.151061E+01   0.197306E+00   0.300498E+00   0.333173E+00
 0.603732E+01   0.150972E+01   0.196913E+00   0.300342E+00   0.333173E+00
 0.605137E+01   0.150883E+01   0.196519E+00   0.300185E+00   0.333173E+00
 0.606544E+01   0.150794E+01   0.196124E+00   0.300028E+00   0.333173E+00
 0.607952E+01   0.150704E+01   0.195728E+00   0.299871E+00   0.333173E+00
 0.609361E+01   0.150614E+01   0.195331E+00   0.299712E+00   0.333173E+00
 0.610771E+01   0.150524E+01   0.194933E+00   0.299553E+00   0.333173E+00
 0.612182E+01   0.150434E+01   0.194534E+00   0.299394E+00   0.333173E+00
 0.613595E+01   0.150343E+01   0.194135E+00   0.299234E+00   0.333173E+00
 0.615009E+01   0.150252E+01   0.193734E+00   0.299073E+00   0.333173E+00
 0.616424E+01   0.150160E+01   0.193333E+00   0.298912E+00   0.333173E+00
 0.617841E+01   0.150069E+01   0.192931E+00   0.298751E+00   0.333173E+00
 0.619258E+01   0.149977E+01   0.192528E+00   0.298588E+00   0.333173E+00
 0.620677E+01   0.149885E+01   0.192124E+00   0.298426E+00   0.333173E+00
 0.622097E+01   0.149792E+01   0.191719E+00   0.298262E+00   0.333173E+00
 0.623518E+01   0.149699E+01   0.191313E+00   0.298098E+00   0.333173E+00
 0.624940E+01   0.149606E+01   0.190907E+00   0.297934E+00   0.333173E+00
 0.626364E+01   0.149512E+01   0.190499E+00   0.297769E+00   0.333173E+00
 0.627789E+01   0.149419E+01   0.190091E+00   0.297603E+00   0.333173E+00
 0.629215E+01   0.149325E+01   0.189681E+00   0.297437E+00   0.333173E+00
 0.630642E+01   0.149230E+01   0.189271E+00   0.297270E+00   0.333173E+00
 0.632070E+01   0.149136E+01   0.188860E+00   0.297103E+00   0.333173E+00
 0.633499E+01   0.149041E+01   0.188449E+00   0.296935E+00   0.333173E+00
 0.634930E+01   0.148945E+01   0.188036E+00   0.296766E+00   0.333173E+00
 0.636361E+01   0.148850E+01   0.187623E+00   0.296597E+00   0.333173E+00
 0.637794E+01   0.148754E+01   0.187208E+00   0.296427E+00   0.333173E+00
 0.639228E+01   0.148658E+01   0.186793E+00   0.296257E+00   0.333173E+00
 0.640663E+01   0.148561E+01   0.186377E+00   0.296086E+00   0.333173E+00
 0.642099E+01   0.148464E+01   0.185960E+00   0.295915E+00   0.333173E+00
 0.643536E+01   0.148367E+01   0.185542E+00   0.295743E+00   0.333173E+00
 0.644980E+01   0.148270E+01   0.185122E+00   0.295570E+00   0.333173E+00
 0.646425E+01   0.148172E+01   0.184701E+00   0.295396E+00   0.333173E+00
 0.647871E+01   0.148073E+01   0.184280E+00   0.295221E+00   0.333173E+00
 0.649318E+01   0.147975E+01   0.183857E+00   0.295046E+00   0.333173E+00
 0.650766E+01   0.147876E+01   0.183434E+00   0.294871E+00   0.333173E+00
 0.652215E+01   0.147776E+01   0.183010E+00   0.294695E+00   0.333173E+00
 0.653666E+01   0.147677E+01   0.182585E+00   0.294518E+00   0.333173E+00
 0.655117E+01   0.147577E+01   0.182159E+00   0.294340E+00   0.333173E+00
 0.656569E+01   0.147476E+01   0.181732E+00   0.294162E+00   0.333173E+00
 0.658022E+01   0.147376E+01   0.181305E+00   0.293984E+00   0.333173E+00
 0.659477E+01   0.147275E+01   0.180877E+00   0.293805E+00   0.333173E+00
 0.660932E+01   0.147174E+01   0.180448E+00   0.293625E+00   0.333173E+00
 0.662388E+01   0.147072E+01   0.180018E+00   0.293445E+00   0.333173E+00
 0.663846E+01   0.146971E+01   0.179587E+00   0.293264E+00   0.333173E+00
 0.665304E+01   0.146869E+01   0.179156E+00   0.293082E+00   0.333173E+00
 0.666764E+01   0.146766E+01   0.178724E+00   0.292900E+00   0.333173E+00
 0.668224E+01   0.146663E+01   0.178291E+00   0.292717E+00   0.333173E+00
 0.669686E+01   0.146560E+01   0.177857E+00   0.292534E+00   0.333173E+00
 0.671148E+01   0.146457E+01   0.177423E+00   0.292350E+00   0.333173E+00
 0.672612E+01   0.146353E+01   0.176988E+00   0.292165E+00   0.333173E+00
 0.674076E+01   0.146249E+01   0.176552E+00   0.291980E+00   0.333173E+00
 0.675542E+01   0.146145E+01   0.176115E+00   0.291794E+00   0.333173E+00
 0.677008E+01   0.146040E+01   0.175677E+00   0.291608E+00   0.333173E+00
 0.678475E+01   0.145935E+01   0.175239E+00   0.291421E+00   0.333173E+00
 0.679944E+01   0.145830E+01   0.174800E+00   0.291233E+00   0.333173E+00
 0.681413E+01   0.145725E+01   0.174360E+00   0.291045E+00   0.333173E+00
 0.682883E+01   0.145619E+01   0.173920E+00   0.290856E+00   0.333173E+00
 0.684478E+01   0.145504E+01   0.173442E+00   0.290650E+00   0.333173E+00
 0.685957E+01   0.145397E+01   0.172998E+00   0.290459E+00   0.333173E+00
 0.687437E+01   0.145289E+01   0.172553E+00   0.290267E+00   0.333173E+00
 0.688918E+01   0.145181E+01   0.172107E+00   0.290075E+00   0.333173E+00
 0.690400E+01   0.145073E+01   0.171661E+00   0.289882E+00   0.333173E+00
 0.691883E+01   0.144965E+01   0.171214E+00   0.289688E+00   0.333173E+00
 0.693367E+01   0.144856E+01   0.170766E+00   0.289494E+00   0.333173E+00
 0.694851E+01   0.144747E+01   0.170318E+00   0.289299E+00   0.333173E+00
 0.696337E+01   0.144638E+01   0.169869E+00   0.289104E+00   0.333173E+00
 0.697823E+01   0.144528E+01   0.169419E+00   0.288908E+00   0.333173E+00
 0.699310E+01   0.144419E+01   0.168969E+00   0.288711E+00   0.333173E+00
 0.700798E+01   0.144308E+01   0.168517E+00   0.288513E+00   0.333173E+00
 0.702287E+01   0.144198E+01   0.168066E+00   0.288315E+00   0.333173E+00
 0.703776E+01   0.144087E+01   0.167613E+00   0.288117E+00   0.333173E+00
 0.705267E+01   0.143975E+01   0.167160E+00   0.287917E+00   0.333173E+00
 0.706758E+01   0.143864E+01   0.166706E+00   0.287717E+00   0.333173E+00
 0.708250E+01   0.143752E+01   0.166252E+00   0.287517E+00   0.333173E+00
 0.709743E+01   0.143640E+01   0.165797E+00   0.287316E+00   0.333173E+00
 0.711236E+01   0.143527E+01   0.165341E+00   0.287114E+00   0.333173E+00
 0.712730E+01   0.143414E+01   0.164885E+00   0.286911E+00   0.333173E+00
 0.714226E+01   0.143301E+01   0.164428E+00   0.286708E+00   0.333173E+00
 0.715721E+01   0.143187E+01   0.163970E+00   0.286504E+00   0.333173E+00
 0.717218E+01   0.143074E+01   0.163512E+00   0.286300E+00   0.333173E+00
 0.718715E+01   0.142959E+01   0.163053E+00   0.286095E+00   0.333173E+00
 0.720214E+01   0.142845E+01   0.162593E+00   0.285889E+00   0.333173E+00
 0.721574E+01   0.142741E+01   0.162176E+00   0.285702E+00   0.333173E+00
 0.723083E+01   0.142625E+01   0.161712E+00   0.285493E+00   0.333173E+00
 0.724593E+01   0.142509E+01   0.161248E+00   0.285284E+00   0.333173E+00
 0.726103E+01   0.142392E+01   0.160783E+00   0.285075E+00   0.333173E+00
 0.727614E+01   0.142275E+01   0.160318E+00   0.284864E+00   0.333173E+00
 0.729126E+01   0.142158E+01   0.159852E+00   0.284653E+00   0.333173E+00
 0.730638E+01   0.142040E+01   0.159385E+00   0.284442E+00   0.333173E+00
 0.732151E+01   0.141922E+01   0.158918E+00   0.284229E+00   0.333173E+00
 0.733665E+01   0.141804E+01   0.158451E+00   0.284017E+00   0.333173E+00
 0.735179E+01   0.141686E+01   0.157983E+00   0.283803E+00   0.333173E+00
 0.736694E+01   0.141567E+01   0.157514E+00   0.283589E+00   0.333173E+00
 0.738209E+01   0.141448E+01   0.157045E+00   0.283374E+00   0.333173E+00
 0.739725E+01   0.141328E+01   0.156575E+00   0.283158E+00   0.333173E+00
 0.741241E+01   0.141208E+01   0.156105E+00   0.282942E+00   0.333173E+00
 0.742759E+01   0.141088E+01   0.155634E+00   0.282725E+00   0.333173E+00
 0.744276E+01   0.140967E+01   0.155162E+00   0.282507E+00   0.333173E+00
 0.745794E+01   0.140847E+01   0.154691E+00   0.282289E+00   0.333173E+00
 0.747313E+01   0.140725E+01   0.154218E+00   0.282070E+00   0.333173E+00
 0.748832E+01   0.140604E+01   0.153745E+00   0.281851E+00   0.333173E+00
 0.750352E+01   0.140482E+01   0.153272E+00   0.281630E+00   0.333173E+00
 0.751872E+01   0.140360E+01   0.152798E+00   0.281410E+00   0.333173E+00
 0.753393E+01   0.140237E+01   0.152324E+00   0.281188E+00   0.333173E+00
 0.754914E+01   0.140114E+01   0.151850E+00   0.280966E+00   0.333173E+00
 0.756446E+01   0.139990E+01   0.151371E+00   0.280741E+00   0.333173E+00
 0.757981E+01   0.139866E+01   0.150891E+00   0.280516E+00   0.333173E+00
 0.759516E+01   0.139741E+01   0.150411E+00   0.280290E+00   0.333173E+00
 0.761051E+01   0.139616E+01   0.149931E+00   0.280063E+00   0.333173E+00
 0.762587E+01   0.139490E+01   0.149450E+00   0.279835E+00   0.333173E+00
 0.764123E+01   0.139364E+01   0.148969E+00   0.279607E+00   0.333173E+00
 0.765660E+01   0.139238E+01   0.148487E+00   0.279378E+00   0.333173E+00
 0.767197E+01   0.139111E+01   0.148005E+00   0.279149E+00   0.333173E+00
 0.768732E+01   0.138984E+01   0.147523E+00   0.278919E+00   0.333173E+00
 0.770265E+01   0.138858E+01   0.147042E+00   0.278688E+00   0.333173E+00
 0.771797E+01   0.138730E+01   0.146561E+00   0.278458E+00   0.333173E+00
 0.773327E+01   0.138603E+01   0.146079E+00   0.278226E+00   0.333173E+00
 0.774856E+01   0.138476E+01   0.145599E+00   0.277995E+00   0.333173E+00
 0.776383E+01   0.138348E+01   0.145118E+00   0.277763E+00   0.333173E+00
 0.777909E+01   0.138220E+01   0.144637E+00   0.277531E+00   0.333173E+00
 0.779433E+01   0.138092E+01   0.144157E+00   0.277298E+00   0.333173E+00
 0.780956E+01   0.137964E+01   0.143677E+00   0.277065E+00   0.333173E+00
 0.782477E+01   0.137836E+01   0.143197E+00   0.276831E+00   0.333173E+00
 0.783997E+01   0.137707E+01   0.142718E+00   0.276597E+00   0.333173E+00
 0.785515E+01   0.137578E+01   0.142239E+00   0.276363E+00   0.333173E+00
 0.787031E+01   0.137449E+01   0.141760E+00   0.276128E+00   0.333173E+00
 0.788102E+01   0.137358E+01   0.141421E+00   0.275962E+00   0.333173E+00
 0.789365E+01   0.137250E+01   0.141022E+00   0.275765E+00   0.333173E+00
 0.790875E+01   0.137121E+01   0.140544E+00   0.275530E+00   0.333173E+00
 0.792383E+01   0.136992E+01   0.140067E+00   0.275294E+00   0.333173E+00
 0.793889E+01   0.136862E+01   0.139590E+00   0.275058E+00   0.333173E+00
 0.795394E+01   0.136732E+01   0.139114E+00   0.274822E+00   0.333173E+00
 0.796897E+01   0.136603E+01   0.138638E+00   0.274585E+00   0.333173E+00
 0.798398E+01   0.136473E+01   0.138162E+00   0.274347E+00   0.333173E+00
 0.799898E+01   0.136342E+01   0.137686E+00   0.274110E+00   0.333173E+00
 0.801396E+01   0.136212E+01   0.137211E+00   0.273872E+00   0.333173E+00
 0.802893E+01   0.136082E+01   0.136736E+00   0.273633E+00   0.333173E+00
 0.804387E+01   0.135951E+01   0.136262E+00   0.273394E+00   0.333173E+00
 0.805880E+01   0.135820E+01   0.135788E+00   0.273155E+00   0.333173E+00
 0.807372E+01   0.135689E+01   0.135314E+00   0.272915E+00   0.333173E+00
 0.808861E+01   0.135558E+01   0.134840E+00   0.272675E+00   0.333173E+00
 0.810349E+01   0.135426E+01   0.134367E+00   0.272435E+00   0.333173E+00
 0.811836E+01   0.135295E+01   0.133895E+00   0.272194E+00   0.333173E+00
 0.813320E+01   0.135163E+01   0.133422E+00   0.271953E+00   0.333173E+00
 0.814803E+01   0.135031E+01   0.132950E+00   0.271711E+00   0.333173E+00
 0.816285E+01   0.134899E+01   0.132479E+00   0.271470E+00   0.333173E+00
 0.817764E+01   0.134767E+01   0.132008E+00   0.271227E+00   0.333173E+00
 0.819243E+01   0.134634E+01   0.131537E+00   0.270984E+00   0.333173E+00
 0.820734E+01   0.134501E+01   0.131062E+00   0.270739E+00   0.333173E+00
 0.822205E+01   0.134368E+01   0.130593E+00   0.270496E+00   0.333173E+00
 0.823675E+01   0.134235E+01   0.130124E+00   0.270252E+00   0.333173E+00
 0.825142E+01   0.134103E+01   0.129656E+00   0.270009E+00   0.333173E+00
 0.826608E+01   0.133970E+01   0.129189E+00   0.269765E+00   0.333173E+00
 0.828072E+01   0.133837E+01   0.128722E+00   0.269520E+00   0.333173E+00
 0.829535E+01   0.133704E+01   0.128255E+00   0.269275E+00   0.333173E+00
 0.830995E+01   0.133570E+01   0.127789E+00   0.269030E+00   0.333173E+00
 0.832454E+01   0.133437E+01   0.127323E+00   0.268785E+00   0.333173E+00
 0.833910E+01   0.133303E+01   0.126858E+00   0.268539E+00   0.333173E+00
 0.835365E+01   0.133169E+01   0.126393E+00   0.268293E+00   0.333173E+00
 0.836819E+01   0.133035E+01   0.125929E+00   0.268046E+00   0.333173E+00
 0.838270E+01   0.132901E+01   0.125465E+00   0.267799E+00   0.333173E+00
 0.839720E+01   0.132766E+01   0.125002E+00   0.267552E+00   0.333173E+00
 0.841168E+01   0.132632E+01   0.124539E+00   0.267304E+00   0.333173E+00
 0.842614E+01   0.132497E+01   0.124077E+00   0.267056E+00   0.333173E+00
 0.844059E+01   0.132362E+01   0.123615E+00   0.266807E+00   0.333173E+00
 0.845501E+01   0.132227E+01   0.123153E+00   0.266558E+00   0.333173E+00
 0.846942E+01   0.132092E+01   0.122693E+00   0.266309E+00   0.333173E+00
 0.848382E+01   0.131957E+01   0.122232E+00   0.266059E+00   0.333173E+00
 0.849819E+01   0.131821E+01   0.121772E+00   0.265809E+00   0.333173E+00
 0.851204E+01   0.131691E+01   0.121329E+00   0.265568E+00   0.333173E+00
 0.852633E+01   0.131555E+01   0.120872E+00   0.265317E+00   0.333173E+00
 0.854061E+01   0.131420E+01   0.120415E+00   0.265067E+00   0.333173E+00
 0.855486E+01   0.131284E+01   0.119959E+00   0.264816E+00   0.333173E+00
 0.856910E+01   0.131148E+01   0.119503E+00   0.264565E+00   0.333173E+00
 0.858332E+01   0.131012E+01   0.119048E+00   0.264314E+00   0.333173E+00
 0.859752E+01   0.130876E+01   0.118593E+00   0.264062E+00   0.333173E+00
 0.861170E+01   0.130740E+01   0.118139E+00   0.263810E+00   0.333173E+00
 0.862586E+01   0.130604E+01   0.117686E+00   0.263558E+00   0.333173E+00
 0.864000E+01   0.130467E+01   0.117233E+00   0.263305E+00   0.333173E+00
 0.865413E+01   0.130330E+01   0.116781E+00   0.263052E+00   0.333173E+00
 0.866823E+01   0.130193E+01   0.116329E+00   0.262798E+00   0.333173E+00
 0.868232E+01   0.130056E+01   0.115878E+00   0.262544E+00   0.333173E+00
 0.869639E+01   0.129919E+01   0.115428E+00   0.262290E+00   0.333173E+00
 0.871044E+01   0.129782E+01   0.114978E+00   0.262035E+00   0.333173E+00
 0.872447E+01   0.129644E+01   0.114529E+00   0.261780E+00   0.333173E+00
 0.873849E+01   0.129507E+01   0.114080E+00   0.261525E+00   0.333173E+00
 0.875248E+01   0.129369E+01   0.113632E+00   0.261269E+00   0.333173E+00
 0.876646E+01   0.129231E+01   0.113184E+00   0.261013E+00   0.333173E+00
 0.878042E+01   0.129093E+01   0.112737E+00   0.260756E+00   0.333173E+00
 0.879433E+01   0.128955E+01   0.112292E+00   0.260500E+00   0.333173E+00
 0.880819E+01   0.128817E+01   0.111848E+00   0.260244E+00   0.333173E+00
 0.882204E+01   0.128679E+01   0.111405E+00   0.259987E+00   0.333173E+00
 0.883586E+01   0.128541E+01   0.110963E+00   0.259730E+00   0.333173E+00
 0.884967E+01   0.128403E+01   0.110521E+00   0.259473E+00   0.333173E+00
 0.886345E+01   0.128264E+01   0.110080E+00   0.259216E+00   0.333173E+00
 0.887722E+01   0.128126E+01   0.109639E+00   0.258958E+00   0.333173E+00
 0.889096E+01   0.127987E+01   0.109199E+00   0.258700E+00   0.333173E+00
 0.890469E+01   0.127848E+01   0.108760E+00   0.258441E+00   0.333173E+00
 0.891840E+01   0.127709E+01   0.108322E+00   0.258182E+00   0.333173E+00
 0.893208E+01   0.127570E+01   0.107884E+00   0.257923E+00   0.333173E+00
 0.894575E+01   0.127431E+01   0.107447E+00   0.257663E+00   0.333173E+00
 0.895940E+01   0.127292E+01   0.107010E+00   0.257403E+00   0.333173E+00
 0.897303E+01   0.127152E+01   0.106575E+00   0.257143E+00   0.333173E+00
 0.898664E+01   0.127012E+01   0.106139E+00   0.256882E+00   0.333173E+00
 0.900023E+01   0.126873E+01   0.105705E+00   0.256621E+00   0.333173E+00
 0.901381E+01   0.126733E+01   0.105271E+00   0.256360E+00   0.333173E+00
 0.902736E+01   0.126592E+01   0.104838E+00   0.256098E+00   0.333173E+00
 0.904370E+01   0.126423E+01   0.104316E+00   0.255781E+00   0.333173E+00
 0.905713E+01   0.126283E+01   0.103887E+00   0.255520E+00   0.333173E+00
 0.907055E+01   0.126144E+01   0.103459E+00   0.255259E+00   0.333173E+00
 0.908395E+01   0.126004E+01   0.103031E+00   0.254997E+00   0.333173E+00
 0.909733E+01   0.125863E+01   0.102604E+00   0.254735E+00   0.333173E+00
 0.911069E+01   0.125723E+01   0.102178E+00   0.254472E+00   0.333173E+00
 0.912402E+01   0.125583E+01   0.101752E+00   0.254210E+00   0.333173E+00
 0.913734E+01   0.125442E+01   0.101327E+00   0.253947E+00   0.333173E+00
 0.915064E+01   0.125302E+01   0.100903E+00   0.253683E+00   0.333173E+00
 0.916391E+01   0.125161E+01   0.100480E+00   0.253419E+00   0.333173E+00
 0.917717E+01   0.125020E+01   0.100058E+00   0.253155E+00   0.333173E+00
 0.919040E+01   0.124879E+01   0.996358E-01   0.252891E+00   0.333173E+00
 0.920362E+01   0.124738E+01   0.992148E-01   0.252626E+00   0.333173E+00
 0.921682E+01   0.124597E+01   0.987945E-01   0.252361E+00   0.333173E+00
 0.922999E+01   0.124455E+01   0.983750E-01   0.252095E+00   0.333173E+00
 0.924315E+01   0.124314E+01   0.979563E-01   0.251829E+00   0.333173E+00
 0.925629E+01   0.124172E+01   0.975383E-01   0.251563E+00   0.333173E+00
 0.926941E+01   0.124030E+01   0.971211E-01   0.251297E+00   0.333173E+00
 0.928251E+01   0.123888E+01   0.967045E-01   0.251030E+00   0.333173E+00
 0.929559E+01   0.123746E+01   0.962887E-01   0.250763E+00   0.333173E+00
 0.930892E+01   0.123600E+01   0.958650E-01   0.250489E+00   0.333173E+00
 0.932188E+01   0.123459E+01   0.954533E-01   0.250223E+00   0.333173E+00
 0.933482E+01   0.123317E+01   0.950424E-01   0.249956E+00   0.333173E+00
 0.934774E+01   0.123175E+01   0.946324E-01   0.249689E+00   0.333173E+00
 0.936063E+01   0.123033E+01   0.942232E-01   0.249422E+00   0.333173E+00
 0.937351E+01   0.122891E+01   0.938148E-01   0.249155E+00   0.333173E+00
 0.938636E+01   0.122749E+01   0.934073E-01   0.248887E+00   0.333173E+00
 0.939919E+01   0.122607E+01   0.930005E-01   0.248619E+00   0.333173E+00
 0.941201E+01   0.122464E+01   0.925946E-01   0.248350E+00   0.333173E+00
 0.942480E+01   0.122322E+01   0.921895E-01   0.248081E+00   0.333173E+00
 0.943757E+01   0.122179E+01   0.917852E-01   0.247812E+00   0.333173E+00
 0.945032E+01   0.122036E+01   0.913816E-01   0.247543E+00   0.333173E+00
 0.946305E+01   0.121893E+01   0.909789E-01   0.247273E+00   0.333173E+00
 0.947576E+01   0.121750E+01   0.905769E-01   0.247002E+00   0.333173E+00
 0.948845E+01   0.121607E+01   0.901758E-01   0.246732E+00   0.333173E+00
 0.950113E+01   0.121464E+01   0.897755E-01   0.246461E+00   0.333173E+00
 0.951378E+01   0.121320E+01   0.893760E-01   0.246190E+00   0.333173E+00
 0.953408E+01   0.121089E+01   0.887352E-01   0.245753E+00   0.333173E+00
 0.954682E+01   0.120943E+01   0.883336E-01   0.245478E+00   0.333173E+00
 0.955929E+01   0.120801E+01   0.879403E-01   0.245208E+00   0.333173E+00
 0.957175E+01   0.120658E+01   0.875478E-01   0.244937E+00   0.333173E+00
 0.958418E+01   0.120515E+01   0.871562E-01   0.244666E+00   0.333173E+00
 0.959659E+01   0.120371E+01   0.867655E-01   0.244395E+00   0.333173E+00
 0.960898E+01   0.120228E+01   0.863757E-01   0.244124E+00   0.333173E+00
 0.962135E+01   0.120085E+01   0.859867E-01   0.243852E+00   0.333173E+00
 0.963370E+01   0.119941E+01   0.855986E-01   0.243580E+00   0.333173E+00
 0.964603E+01   0.119797E+01   0.852114E-01   0.243308E+00   0.333173E+00
 0.965833E+01   0.119654E+01   0.848250E-01   0.243035E+00   0.333173E+00
 0.967062E+01   0.119510E+01   0.844395E-01   0.242762E+00   0.333173E+00
 0.968288E+01   0.119366E+01   0.840548E-01   0.242489E+00   0.333173E+00
 0.969513E+01   0.119222E+01   0.836710E-01   0.242215E+00   0.333173E+00
 0.970735E+01   0.119077E+01   0.832880E-01   0.241941E+00   0.333173E+00
 0.971956E+01   0.118933E+01   0.829059E-01   0.241667E+00   0.333173E+00
 0.973174E+01   0.118788E+01   0.825245E-01   0.241392E+00   0.333173E+00
 0.974391E+01   0.118644E+01   0.821441E-01   0.241117E+00   0.333173E+00
 0.975824E+01   0.118473E+01   0.816960E-01   0.240792E+00   0.333173E+00
 0.977024E+01   0.118329E+01   0.813211E-01   0.240519E+00   0.333173E+00
 0.978223E+01   0.118185E+01   0.809469E-01   0.240245E+00   0.333173E+00
 0.979420E+01   0.118041E+01   0.805736E-01   0.239972E+00   0.333173E+00
 0.980614E+01   0.117897E+01   0.802012E-01   0.239698E+00   0.333173E+00
 0.981806E+01   0.117753E+01   0.798296E-01   0.239423E+00   0.333173E+00
 0.982996E+01   0.117609E+01   0.794590E-01   0.239149E+00   0.333173E+00
 0.984184E+01   0.117465E+01   0.790893E-01   0.238874E+00   0.333173E+00
 0.985370E+01   0.117320E+01   0.787204E-01   0.238598E+00   0.333173E+00
 0.986554E+01   0.117176E+01   0.783525E-01   0.238323E+00   0.333173E+00
 0.987735E+01   0.117031E+01   0.779854E-01   0.238047E+00   0.333173E+00
 0.988915E+01   0.116886E+01   0.776193E-01   0.237771E+00   0.333173E+00
 0.990092E+01   0.116741E+01   0.772540E-01   0.237494E+00   0.333173E+00
 0.991268E+01   0.116596E+01   0.768896E-01   0.237218E+00   0.333173E+00
 0.992441E+01   0.116451E+01   0.765260E-01   0.236940E+00   0.333173E+00
 0.993613E+01   0.116306E+01   0.761633E-01   0.236663E+00   0.333173E+00
 0.994782E+01   0.116160E+01   0.758016E-01   0.236385E+00   0.333173E+00
 0.995950E+01   0.116015E+01   0.754406E-01   0.236107E+00   0.333173E+00
 0.997214E+01   0.115857E+01   0.750500E-01   0.235805E+00   0.333173E+00
 0.998364E+01   0.115713E+01   0.746951E-01   0.235529E+00   0.333173E+00
 0.999512E+01   0.115568E+01   0.743409E-01   0.235253E+00   0.333173E+00
 0.100066E+02   0.115424E+01   0.739876E-01   0.234977E+00   0.333173E+00
 0.100180E+02   0.115279E+01   0.736352E-01   0.234700E+00   0.333173E+00
 0.100294E+02   0.115135E+01   0.732838E-01   0.234424E+00   0.333173E+00
 0.100408E+02   0.114990E+01   0.729333E-01   0.234147E+00   0.333173E+00
 0.100522E+02   0.114845E+01   0.725837E-01   0.233869E+00   0.333173E+00
 0.100636E+02   0.114700E+01   0.722350E-01   0.233591E+00   0.333173E+00
 0.100749E+02   0.114555E+01   0.718872E-01   0.233313E+00   0.333173E+00
 0.100862E+02   0.114410E+01   0.715403E-01   0.233035E+00   0.333173E+00
 0.100975E+02   0.114264E+01   0.711943E-01   0.232756E+00   0.333173E+00
 0.101088E+02   0.114119E+01   0.708492E-01   0.232478E+00   0.333173E+00
 0.101200E+02   0.113973E+01   0.705050E-01   0.232198E+00   0.333173E+00
 0.101312E+02   0.113828E+01   0.701616E-01   0.231919E+00   0.333173E+00
 0.101424E+02   0.113682E+01   0.698192E-01   0.231639E+00   0.333173E+00
 0.101536E+02   0.113536E+01   0.694776E-01   0.231359E+00   0.333173E+00
 0.101648E+02   0.113390E+01   0.691370E-01   0.231078E+00   0.333173E+00
 0.101761E+02   0.113241E+01   0.687918E-01   0.230793E+00   0.333173E+00
 0.101871E+02   0.113097E+01   0.684570E-01   0.230515E+00   0.333173E+00
 0.101981E+02   0.112952E+01   0.681234E-01   0.230237E+00   0.333173E+00
 0.102090E+02   0.112808E+01   0.677907E-01   0.229959E+00   0.333173E+00
 0.102199E+02   0.112663E+01   0.674590E-01   0.229681E+00   0.333173E+00
 0.102308E+02   0.112518E+01   0.671282E-01   0.229402E+00   0.333173E+00
 0.102417E+02   0.112373E+01   0.667982E-01   0.229123E+00   0.333173E+00
 0.102526E+02   0.112228E+01   0.664693E-01   0.228844E+00   0.333173E+00
 0.102634E+02   0.112083E+01   0.661412E-01   0.228564E+00   0.333173E+00
 0.102742E+02   0.111938E+01   0.658140E-01   0.228285E+00   0.333173E+00
 0.102850E+02   0.111792E+01   0.654878E-01   0.228005E+00   0.333173E+00
 0.102958E+02   0.111647E+01   0.651625E-01   0.227724E+00   0.333173E+00
 0.103066E+02   0.111501E+01   0.648380E-01   0.227444E+00   0.333173E+00
 0.103173E+02   0.111355E+01   0.645144E-01   0.227163E+00   0.333173E+00
 0.103280E+02   0.111209E+01   0.641917E-01   0.226881E+00   0.333173E+00
 0.103387E+02   0.111064E+01   0.638700E-01   0.226600E+00   0.333173E+00
 0.103494E+02   0.110917E+01   0.635491E-01   0.226318E+00   0.333173E+00
 0.103600E+02   0.110771E+01   0.632291E-01   0.226036E+00   0.333173E+00
 0.103707E+02   0.110625E+01   0.629100E-01   0.225753E+00   0.333173E+00
 0.103811E+02   0.110481E+01   0.625973E-01   0.225475E+00   0.333173E+00
 0.103915E+02   0.110336E+01   0.622846E-01   0.225196E+00   0.333173E+00
 0.104020E+02   0.110192E+01   0.619729E-01   0.224917E+00   0.333173E+00
 0.104124E+02   0.110047E+01   0.616621E-01   0.224637E+00   0.333173E+00
 0.104227E+02   0.109903E+01   0.613522E-01   0.224357E+00   0.333173E+00
 0.104331E+02   0.109758E+01   0.610432E-01   0.224077E+00   0.333173E+00
 0.104434E+02   0.109613E+01   0.607351E-01   0.223797E+00   0.333173E+00
 0.104537E+02   0.109468E+01   0.604280E-01   0.223517E+00   0.333173E+00
 0.104640E+02   0.109323E+01   0.601217E-01   0.223236E+00   0.333173E+00
 0.104743E+02   0.109177E+01   0.598163E-01   0.222954E+00   0.333173E+00
 0.104845E+02   0.109032E+01   0.595118E-01   0.222673E+00   0.333173E+00
 0.104948E+02   0.108887E+01   0.592082E-01   0.222391E+00   0.333173E+00
 0.105050E+02   0.108741E+01   0.589055E-01   0.222109E+00   0.333173E+00
 0.105152E+02   0.108595E+01   0.586037E-01   0.221827E+00   0.333173E+00
 0.105254E+02   0.108449E+01   0.583028E-01   0.221544E+00   0.333173E+00
 0.105355E+02   0.108304E+01   0.580027E-01   0.221261E+00   0.333173E+00
 0.105456E+02   0.108157E+01   0.577035E-01   0.220978E+00   0.333173E+00
 0.105653E+02   0.107873E+01   0.571234E-01   0.220425E+00   0.333173E+00
 0.105851E+02   0.107585E+01   0.565412E-01   0.219866E+00   0.333173E+00
 0.106048E+02   0.107296E+01   0.559626E-01   0.219306E+00   0.333173E+00
 0.106244E+02   0.107008E+01   0.553875E-01   0.218745E+00   0.333173E+00
 0.106440E+02   0.106718E+01   0.548160E-01   0.218183E+00   0.333173E+00
 0.106635E+02   0.106429E+01   0.542480E-01   0.217620E+00   0.333173E+00
 0.106829E+02   0.106139E+01   0.536835E-01   0.217055E+00   0.333173E+00
 0.107022E+02   0.105848E+01   0.531224E-01   0.216490E+00   0.333173E+00
 0.107167E+02   0.105629E+01   0.527016E-01   0.216062E+00   0.333173E+00
 0.107270E+02   0.105472E+01   0.524015E-01   0.215756E+00   0.333173E+00
 0.107458E+02   0.105186E+01   0.518587E-01   0.215198E+00   0.333173E+00
 0.107645E+02   0.104899E+01   0.513193E-01   0.214640E+00   0.333173E+00
 0.107832E+02   0.104612E+01   0.507834E-01   0.214080E+00   0.333173E+00
 0.108017E+02   0.104325E+01   0.502509E-01   0.213519E+00   0.333173E+00
 0.108202E+02   0.104037E+01   0.497218E-01   0.212957E+00   0.333173E+00
 0.108386E+02   0.103749E+01   0.491961E-01   0.212394E+00   0.333173E+00
 0.108569E+02   0.103460E+01   0.486737E-01   0.211830E+00   0.333173E+00
 0.108751E+02   0.103171E+01   0.481547E-01   0.211264E+00   0.333173E+00
 0.108930E+02   0.102886E+01   0.476463E-01   0.210706E+00   0.333173E+00
 0.109108E+02   0.102602E+01   0.471445E-01   0.210150E+00   0.333173E+00
 0.109284E+02   0.102318E+01   0.466461E-01   0.209593E+00   0.333173E+00
 0.109460E+02   0.102033E+01   0.461510E-01   0.209036E+00   0.333173E+00
 0.109635E+02   0.101748E+01   0.456592E-01   0.208477E+00   0.333173E+00
 0.109809E+02   0.101463E+01   0.451707E-01   0.207917E+00   0.333173E+00
 0.109982E+02   0.101177E+01   0.446855E-01   0.207356E+00   0.333173E+00
 0.110155E+02   0.100891E+01   0.442033E-01   0.206794E+00   0.333173E+00
 0.110327E+02   0.100604E+01   0.437245E-01   0.206231E+00   0.333173E+00
 0.110466E+02   0.100371E+01   0.433381E-01   0.205773E+00   0.333173E+00
 0.110633E+02   0.100090E+01   0.428763E-01   0.205221E+00   0.333173E+00
 0.110799E+02   0.998086E+00   0.424171E-01   0.204668E+00   0.333173E+00
 0.110964E+02   0.995269E+00   0.419611E-01   0.204113E+00   0.333173E+00
 0.111129E+02   0.992447E+00   0.415081E-01   0.203558E+00   0.333173E+00
 0.111293E+02   0.989622E+00   0.410583E-01   0.203001E+00   0.333173E+00
 0.111456E+02   0.986792E+00   0.406116E-01   0.202444E+00   0.333173E+00
 0.111619E+02   0.983959E+00   0.401679E-01   0.201886E+00   0.333173E+00
 0.111781E+02   0.981121E+00   0.397273E-01   0.201326E+00   0.333173E+00
 0.111942E+02   0.978278E+00   0.392897E-01   0.200765E+00   0.333173E+00
 0.112097E+02   0.975516E+00   0.388680E-01   0.200220E+00   0.333173E+00
 0.112253E+02   0.972735E+00   0.384470E-01   0.199671E+00   0.333173E+00
 0.112409E+02   0.969952E+00   0.380291E-01   0.199122E+00   0.333173E+00
 0.112563E+02   0.967164E+00   0.376141E-01   0.198571E+00   0.333173E+00
 0.112717E+02   0.964373E+00   0.372021E-01   0.198019E+00   0.333173E+00
 0.112870E+02   0.961577E+00   0.367929E-01   0.197466E+00   0.333173E+00
 0.113022E+02   0.958778E+00   0.363866E-01   0.196912E+00   0.333173E+00
 0.113174E+02   0.955974E+00   0.359832E-01   0.196357E+00   0.333173E+00
 0.113282E+02   0.953983E+00   0.356989E-01   0.195963E+00   0.333173E+00
 0.113386E+02   0.952029E+00   0.354215E-01   0.195576E+00   0.333173E+00
 0.113533E+02   0.949289E+00   0.350355E-01   0.195034E+00   0.333173E+00
 0.113678E+02   0.946546E+00   0.346522E-01   0.194490E+00   0.333173E+00
 0.113823E+02   0.943800E+00   0.342717E-01   0.193945E+00   0.333173E+00
 0.113967E+02   0.941050E+00   0.338940E-01   0.193400E+00   0.333173E+00
 0.114111E+02   0.938296E+00   0.335191E-01   0.192854E+00   0.333173E+00
 0.114254E+02   0.935538E+00   0.331469E-01   0.192306E+00   0.333173E+00
 0.114396E+02   0.932777E+00   0.327774E-01   0.191758E+00   0.333173E+00
 0.114538E+02   0.930011E+00   0.324106E-01   0.191209E+00   0.333173E+00
 0.114698E+02   0.926868E+00   0.319977E-01   0.190584E+00   0.333173E+00
 0.114835E+02   0.924172E+00   0.316466E-01   0.190048E+00   0.333173E+00
 0.114971E+02   0.921471E+00   0.312982E-01   0.189511E+00   0.333173E+00
 0.115106E+02   0.918768E+00   0.309523E-01   0.188973E+00   0.333173E+00
 0.115240E+02   0.916061E+00   0.306091E-01   0.188434E+00   0.333173E+00
 0.115374E+02   0.913351E+00   0.302684E-01   0.187895E+00   0.333173E+00
 0.115508E+02   0.910636E+00   0.299303E-01   0.187354E+00   0.333173E+00
 0.115641E+02   0.907918E+00   0.295947E-01   0.186813E+00   0.333173E+00
 0.115773E+02   0.905196E+00   0.292615E-01   0.186270E+00   0.333173E+00
 0.115904E+02   0.902470E+00   0.289309E-01   0.185727E+00   0.333173E+00
 0.116032E+02   0.899820E+00   0.286124E-01   0.185198E+00   0.333173E+00
 0.116158E+02   0.897168E+00   0.282963E-01   0.184669E+00   0.333173E+00
 0.116284E+02   0.894512E+00   0.279826E-01   0.184139E+00   0.333173E+00
 0.116409E+02   0.891853E+00   0.276713E-01   0.183608E+00   0.333173E+00
 0.116534E+02   0.889191E+00   0.273624E-01   0.183076E+00   0.333173E+00
 0.116658E+02   0.886525E+00   0.270559E-01   0.182544E+00   0.333173E+00
 0.116782E+02   0.883855E+00   0.267518E-01   0.182010E+00   0.333173E+00
 0.116905E+02   0.881182E+00   0.264499E-01   0.181476E+00   0.333173E+00
 0.117019E+02   0.878691E+00   0.261711E-01   0.180978E+00   0.333173E+00
 0.117165E+02   0.875486E+00   0.258158E-01   0.180337E+00   0.333173E+00
 0.117282E+02   0.872884E+00   0.255302E-01   0.179816E+00   0.333173E+00
 0.117399E+02   0.870279E+00   0.252469E-01   0.179295E+00   0.333173E+00
 0.117516E+02   0.867671E+00   0.249657E-01   0.178772E+00   0.333173E+00
 0.117632E+02   0.865060E+00   0.246868E-01   0.178249E+00   0.333173E+00
 0.117747E+02   0.862446E+00   0.244101E-01   0.177726E+00   0.333173E+00
 0.117862E+02   0.859828E+00   0.241355E-01   0.177201E+00   0.333173E+00
 0.117976E+02   0.857206E+00   0.238630E-01   0.176675E+00   0.333173E+00
 0.118090E+02   0.854582E+00   0.235927E-01   0.176149E+00   0.333173E+00
 0.118215E+02   0.851677E+00   0.232965E-01   0.175566E+00   0.333173E+00
 0.118324E+02   0.849129E+00   0.230391E-01   0.175055E+00   0.333173E+00
 0.118432E+02   0.846578E+00   0.227837E-01   0.174543E+00   0.333173E+00
 0.118540E+02   0.844024E+00   0.225304E-01   0.174030E+00   0.333173E+00
 0.118648E+02   0.841467E+00   0.222791E-01   0.173516E+00   0.333173E+00
 0.118755E+02   0.838907E+00   0.220299E-01   0.173002E+00   0.333173E+00
 0.118861E+02   0.836344E+00   0.217826E-01   0.172487E+00   0.333173E+00
 0.118967E+02   0.833778E+00   0.215373E-01   0.171971E+00   0.333173E+00
 0.119072E+02   0.831209E+00   0.212940E-01   0.171454E+00   0.333173E+00
 0.119194E+02   0.828207E+00   0.210126E-01   0.170851E+00   0.333173E+00
 0.119295E+02   0.825715E+00   0.207813E-01   0.170349E+00   0.333173E+00
 0.119396E+02   0.823220E+00   0.205518E-01   0.169847E+00   0.333173E+00
 0.119545E+02   0.819473E+00   0.202111E-01   0.169093E+00   0.333173E+00
 0.119694E+02   0.815720E+00   0.198746E-01   0.168337E+00   0.333173E+00
 0.119841E+02   0.811960E+00   0.195421E-01   0.167579E+00   0.333173E+00
 0.119987E+02   0.808193E+00   0.192137E-01   0.166820E+00   0.333173E+00
 0.120133E+02   0.804419E+00   0.188893E-01   0.166059E+00   0.333173E+00
 0.120260E+02   0.801072E+00   0.186054E-01   0.165383E+00   0.333173E+00
 0.120399E+02   0.797413E+00   0.182992E-01   0.164645E+00   0.333173E+00
 0.120536E+02   0.793749E+00   0.179968E-01   0.163905E+00   0.333173E+00
 0.120672E+02   0.790079E+00   0.176981E-01   0.163164E+00   0.333173E+00
 0.120808E+02   0.786403E+00   0.174032E-01   0.162421E+00   0.333173E+00
 0.120942E+02   0.782720E+00   0.171119E-01   0.161677E+00   0.333173E+00
 0.121049E+02   0.779765E+00   0.168811E-01   0.161080E+00   0.333173E+00
 0.121174E+02   0.776274E+00   0.166120E-01   0.160374E+00   0.333173E+00
 0.121301E+02   0.772701E+00   0.163402E-01   0.159651E+00   0.333173E+00
 0.121427E+02   0.769123E+00   0.160719E-01   0.158927E+00   0.333173E+00
 0.121552E+02   0.765538E+00   0.158069E-01   0.158201E+00   0.333173E+00
 0.121676E+02   0.761949E+00   0.155453E-01   0.157474E+00   0.333173E+00
 0.121799E+02   0.758353E+00   0.152870E-01   0.156746E+00   0.333173E+00
 0.121921E+02   0.754751E+00   0.150320E-01   0.156016E+00   0.333173E+00
 0.122041E+02   0.751184E+00   0.147831E-01   0.155293E+00   0.333173E+00
 0.122157E+02   0.747697E+00   0.145432E-01   0.154586E+00   0.333173E+00
 0.122273E+02   0.744204E+00   0.143063E-01   0.153877E+00   0.333173E+00
 0.122387E+02   0.740706E+00   0.140725E-01   0.153168E+00   0.333173E+00
 0.122500E+02   0.737203E+00   0.138417E-01   0.152457E+00   0.333173E+00
 0.122613E+02   0.733694E+00   0.136138E-01   0.151744E+00   0.333173E+00
 0.122725E+02   0.730179E+00   0.133889E-01   0.151030E+00   0.333173E+00
 0.122831E+02   0.726794E+00   0.131753E-01   0.150343E+00   0.333173E+00
 0.122937E+02   0.723391E+00   0.129637E-01   0.149651E+00   0.333173E+00
 0.123043E+02   0.719984E+00   0.127548E-01   0.148959E+00   0.333173E+00
 0.123147E+02   0.716572E+00   0.125486E-01   0.148265E+00   0.333173E+00
 0.123251E+02   0.713155E+00   0.123452E-01   0.147570E+00   0.333173E+00
 0.123354E+02   0.709733E+00   0.121443E-01   0.146874E+00   0.333173E+00
 0.123456E+02   0.706305E+00   0.119461E-01   0.146176E+00   0.333173E+00
 0.123564E+02   0.702632E+00   0.117369E-01   0.145429E+00   0.333173E+00
 0.123693E+02   0.698208E+00   0.114893E-01   0.144528E+00   0.333173E+00
 0.123820E+02   0.693776E+00   0.112461E-01   0.143625E+00   0.333173E+00
 0.123946E+02   0.689336E+00   0.110071E-01   0.142720E+00   0.333173E+00
 0.124071E+02   0.684887E+00   0.107723E-01   0.141814E+00   0.333173E+00
 0.124175E+02   0.681151E+00   0.105787E-01   0.141052E+00   0.333173E+00
 0.124285E+02   0.677125E+00   0.103736E-01   0.140231E+00   0.333173E+00
 0.124402E+02   0.672802E+00   0.101575E-01   0.139349E+00   0.333173E+00
 0.124518E+02   0.668472E+00   0.994514E-02   0.138465E+00   0.333173E+00
 0.124633E+02   0.664134E+00   0.973659E-02   0.137580E+00   0.333173E+00
 0.124746E+02   0.659788E+00   0.953176E-02   0.136692E+00   0.333173E+00
 0.124859E+02   0.655433E+00   0.933054E-02   0.135803E+00   0.333173E+00
 0.124961E+02   0.651394E+00   0.914746E-02   0.134978E+00   0.333173E+00
 0.125067E+02   0.647180E+00   0.896006E-02   0.134116E+00   0.333173E+00
 0.125172E+02   0.642961E+00   0.877605E-02   0.133254E+00   0.333173E+00
 0.125276E+02   0.638734E+00   0.859536E-02   0.132390E+00   0.333173E+00
 0.125378E+02   0.634500E+00   0.841791E-02   0.131524E+00   0.333173E+00
 0.125487E+02   0.629958E+00   0.823140E-02   0.130594E+00   0.333173E+00
 0.125609E+02   0.624759E+00   0.802280E-02   0.129530E+00   0.333173E+00
 0.125730E+02   0.619552E+00   0.781891E-02   0.128464E+00   0.333173E+00
 0.125849E+02   0.614334E+00   0.761961E-02   0.127395E+00   0.333173E+00
 0.125966E+02   0.609105E+00   0.742478E-02   0.126324E+00   0.333173E+00
 0.126078E+02   0.604047E+00   0.724081E-02   0.125288E+00   0.333173E+00
 0.126187E+02   0.599053E+00   0.706348E-02   0.124264E+00   0.333173E+00
 0.126294E+02   0.594055E+00   0.689026E-02   0.123239E+00   0.333173E+00
 0.126400E+02   0.589052E+00   0.672102E-02   0.122213E+00   0.333173E+00
 0.126504E+02   0.584040E+00   0.655564E-02   0.121185E+00   0.333173E+00
 0.126624E+02   0.578216E+00   0.636850E-02   0.119990E+00   0.333173E+00
 0.126735E+02   0.572677E+00   0.619521E-02   0.118852E+00   0.333173E+00
 0.126846E+02   0.567105E+00   0.602515E-02   0.117708E+00   0.333173E+00
 0.126956E+02   0.561505E+00   0.585828E-02   0.116558E+00   0.333173E+00
 0.127071E+02   0.555563E+00   0.568534E-02   0.115337E+00   0.333173E+00
 0.127180E+02   0.549830E+00   0.552247E-02   0.114159E+00   0.333173E+00
 0.127288E+02   0.544119E+00   0.536422E-02   0.112985E+00   0.333173E+00
 0.127394E+02   0.538424E+00   0.521045E-02   0.111813E+00   0.333173E+00
 0.127508E+02   0.532165E+00   0.504611E-02   0.110526E+00   0.333173E+00
 0.127622E+02   0.525828E+00   0.488473E-02   0.109222E+00   0.333173E+00
 0.127733E+02   0.519503E+00   0.472877E-02   0.107920E+00   0.333173E+00
 0.127842E+02   0.513182E+00   0.457800E-02   0.106619E+00   0.333173E+00
 0.127949E+02   0.506885E+00   0.443278E-02   0.105322E+00   0.333173E+00
 0.128059E+02   0.500225E+00   0.428434E-02   0.103950E+00   0.333173E+00
 0.128168E+02   0.493538E+00   0.414028E-02   0.102572E+00   0.333173E+00
 0.128275E+02   0.486830E+00   0.400044E-02   0.101189E+00   0.333173E+00
 0.128379E+02   0.480172E+00   0.386605E-02   0.998165E-01   0.333173E+00
 0.128491E+02   0.472882E+00   0.372428E-02   0.983132E-01   0.333173E+00
 0.128599E+02   0.465615E+00   0.358893E-02   0.968139E-01   0.333173E+00
 0.128711E+02   0.457920E+00   0.345216E-02   0.952248E-01   0.333173E+00
 0.128817E+02   0.450402E+00   0.332377E-02   0.936716E-01   0.333173E+00
 0.128918E+02   0.443250E+00   0.320456E-02   0.921949E-01   0.333173E+00
 0.129021E+02   0.435983E+00   0.308483E-02   0.906967E-01   0.333173E+00
 0.129126E+02   0.428517E+00   0.296446E-02   0.891595E-01   0.333173E+00
 0.129233E+02   0.420508E+00   0.284455E-02   0.875064E-01   0.333173E+00
 0.129334E+02   0.412222E+00   0.273397E-02   0.857835E-01   0.333173E+00
 0.129440E+02   0.402646E+00   0.262008E-02   0.837753E-01   0.333173E+00
 0.129546E+02   0.392748E+00   0.250820E-02   0.817082E-01   0.333173E+00
 0.129647E+02   0.383599E+00   0.240564E-02   0.798180E-01   0.333173E+00
 0.129751E+02   0.374319E+00   0.230183E-02   0.778987E-01   0.333173E+00
 0.129852E+02   0.365353E+00   0.220330E-02   0.760438E-01   0.333173E+00
 0.129953E+02   0.355068E+00   0.210782E-02   0.739158E-01   0.333173E+00
 0.130054E+02   0.346153E+00   0.201585E-02   0.720707E-01   0.333173E+00
 0.130155E+02   0.337201E+00   0.192529E-02   0.702175E-01   0.333173E+00
 0.130256E+02   0.328327E+00   0.183709E-02   0.683797E-01   0.333173E+00
 0.130357E+02   0.319573E+00   0.175188E-02   0.665665E-01   0.333173E+00
 0.130460E+02   0.310831E+00   0.166742E-02   0.647551E-01   0.333173E+00
 0.130564E+02   0.301642E+00   0.158424E-02   0.628509E-01   0.333173E+00
 0.130668E+02   0.292690E+00   0.150406E-02   0.609952E-01   0.333173E+00
 0.130771E+02   0.284165E+00   0.142673E-02   0.592273E-01   0.333173E+00
 0.130872E+02   0.275857E+00   0.135357E-02   0.575043E-01   0.333173E+00
 0.130975E+02   0.267504E+00   0.128107E-02   0.557711E-01   0.333173E+00
 0.131075E+02   0.259464E+00   0.121291E-02   0.541027E-01   0.333173E+00
 0.131177E+02   0.251388E+00   0.114582E-02   0.524263E-01   0.333173E+00
 0.131279E+02   0.243388E+00   0.108084E-02   0.507654E-01   0.333173E+00
 0.131380E+02   0.235564E+00   0.101867E-02   0.491403E-01   0.333173E+00
 0.131486E+02   0.227369E+00   0.955086E-03   0.474380E-01   0.333173E+00
 0.131589E+02   0.219607E+00   0.896425E-03   0.458252E-01   0.333173E+00
 0.131692E+02   0.211833E+00   0.839172E-03   0.442093E-01   0.333173E+00
 0.131798E+02   0.203986E+00   0.782966E-03   0.425780E-01   0.333173E+00
 0.131904E+02   0.196232E+00   0.729050E-03   0.409654E-01   0.333173E+00
 0.132004E+02   0.188920E+00   0.679725E-03   0.394444E-01   0.333173E+00
 0.132106E+02   0.181554E+00   0.631662E-03   0.379118E-01   0.333173E+00
 0.132208E+02   0.174183E+00   0.585337E-03   0.363778E-01   0.333173E+00
 0.132313E+02   0.166763E+00   0.540241E-03   0.348331E-01   0.333173E+00
 0.132414E+02   0.159600E+00   0.498289E-03   0.333416E-01   0.333173E+00
 0.132517E+02   0.152389E+00   0.457779E-03   0.318396E-01   0.333173E+00
 0.132619E+02   0.145256E+00   0.419418E-03   0.303535E-01   0.333173E+00
 0.132723E+02   0.138003E+00   0.382136E-03   0.288421E-01   0.333173E+00
 0.132825E+02   0.130950E+00   0.347721E-03   0.273719E-01   0.333173E+00
 0.132928E+02   0.123848E+00   0.314883E-03   0.258912E-01   0.333173E+00
 0.133031E+02   0.116787E+00   0.283869E-03   0.244183E-01   0.333173E+00
 0.133132E+02   0.109853E+00   0.255152E-03   0.229720E-01   0.333173E+00
 0.133235E+02   0.102774E+00   0.227698E-03   0.214951E-01   0.333173E+00
 0.133337E+02   0.958289E-01   0.202514E-03   0.200455E-01   0.333173E+00
 0.133440E+02   0.888724E-01   0.178872E-03   0.185931E-01   0.333173E+00
 0.133541E+02   0.821293E-01   0.157461E-03   0.171851E-01   0.333173E+00
 0.133643E+02   0.753391E-01   0.137519E-03   0.157669E-01   0.333173E+00
 0.133744E+02   0.686926E-01   0.119553E-03   0.143782E-01   0.333173E+00
 0.133845E+02   0.621616E-01   0.103131E-03   0.130132E-01   0.333173E+00
 0.133946E+02   0.559366E-01   0.884512E-04   0.117124E-01   0.333173E+00
 0.134048E+02   0.498567E-01   0.752002E-04   0.104415E-01   0.333173E+00
 0.134149E+02   0.441178E-01   0.635886E-04   0.924226E-02   0.333173E+00
 0.134250E+02   0.355127E-01   0.537182E-04   0.744323E-02   0.333173E+00
 0.134351E+02   0.306659E-01   0.456444E-04   0.643092E-02   0.333173E+00
 0.134451E+02   0.279402E-01   0.384730E-04   0.585833E-02   0.333173E+00
 0.134552E+02   0.247266E-01   0.319798E-04   0.518352E-02   0.333173E+00
 0.134653E+02   0.213617E-01   0.263087E-04   0.447885E-02   0.333173E+00
 0.134753E+02   0.183885E-01   0.214772E-04   0.385746E-02   0.333173E+00
 0.134854E+02   0.156239E-01   0.173280E-04   0.327853E-02   0.333173E+00
 0.134955E+02   0.130737E-01   0.138246E-04   0.274333E-02   0.333173E+00
 0.135056E+02   0.107698E-01   0.109343E-04   0.225969E-02   0.333173E+00
 0.135157E+02   0.868047E-02   0.856979E-05   0.182166E-02   0.333173E+00
 0.135258E+02   0.682537E-02   0.669512E-05   0.143272E-02   0.333173E+00
 0.135358E+02   0.521409E-02   0.525039E-05   0.109439E-02   0.333173E+00
 0.135459E+02   0.384106E-02   0.416916E-05   0.806992E-03   0.333173E+00
 0.135559E+02   0.271086E-02   0.339021E-05   0.569831E-03   0.333173E+00
 0.135659E+02   0.183533E-02   0.285281E-05   0.385914E-03   0.333173E+00
 0.135759E+02   0.125595E-02   0.248937E-05   0.264437E-03   0.333173E+00
 0.135860E+02   0.115834E-02   0.220421E-05   0.243681E-03   0.333173E+00
 0.135961E+02   0.101002E-02   0.194311E-05   0.212560E-03   0.333173E+00
 0.136065E+02   0.875858E-03   0.171269E-05   0.184449E-03   0.333173E+00
 0.136168E+02   0.787084E-03   0.151105E-05   0.165786E-03   0.333173E+00
 0.136269E+02   0.719853E-03   0.133126E-05   0.151668E-03   0.333173E+00
 0.136369E+02   0.656620E-03   0.116868E-05   0.138398E-03   0.333173E+00
 0.136471E+02   0.584445E-03   0.102019E-05   0.123204E-03   0.333173E+00
 0.136572E+02   0.510964E-03   0.890893E-06   0.107722E-03   0.333173E+00
 0.136673E+02   0.448410E-03   0.777263E-06   0.945786E-04   0.333173E+00
 0.136776E+02   0.393187E-03   0.676899E-06   0.829066E-04   0.333173E+00
 0.136877E+02   0.350309E-03   0.589372E-06   0.738825E-04   0.333173E+00
 0.136978E+02   0.315525E-03   0.511421E-06   0.665831E-04   0.333173E+00
 0.137079E+02   0.283530E-03   0.441403E-06   0.598471E-04   0.333173E+00
 0.137179E+02   0.252816E-03   0.378783E-06   0.533594E-04   0.333173E+00
 0.137281E+02   0.223728E-03   0.323001E-06   0.472243E-04   0.333173E+00
 0.137382E+02   0.197512E-03   0.273854E-06   0.417042E-04   0.333173E+00
 0.137483E+02   0.174871E-03   0.230537E-06   0.369274E-04   0.333173E+00
 0.137585E+02   0.152263E-03   0.192375E-06   0.321538E-04   0.333173E+00
 0.137685E+02   0.128545E-03   0.160120E-06   0.271570E-04   0.333173E+00
 0.137787E+02   0.109506E-03   0.132534E-06   0.231387E-04   0.333173E+00
 0.137887E+02   0.949911E-04   0.108990E-06   0.200712E-04   0.333173E+00
 0.137988E+02   0.814531E-04   0.887818E-07   0.172161E-04   0.333173E+00
 0.138088E+02   0.679846E-04   0.717410E-07   0.143715E-04   0.333173E+00
 0.138190E+02   0.564279E-04   0.574380E-07   0.119314E-04   0.333173E+00
 0.138291E+02   0.475103E-04   0.455279E-07   0.100501E-04   0.333173E+00
 0.138392E+02   0.395375E-04   0.355752E-07   0.836077E-05   0.333173E+00
 0.138494E+02   0.323484E-04   0.273301E-07   0.684619E-05   0.333173E+00
 0.138595E+02   0.264571E-04   0.206909E-07   0.560009E-05   0.333173E+00
 0.138695E+02   0.206395E-04   0.153691E-07   0.436718E-05   0.333173E+00
 0.138795E+02   0.159859E-04   0.112889E-07   0.338308E-05   0.333173E+00
 0.138895E+02   0.125660E-04   0.810379E-08   0.265953E-05   0.333173E+00
 0.138996E+02   0.965982E-05   0.561795E-08   0.204514E-05   0.333173E+00
 0.139096E+02   0.705455E-05   0.375235E-08   0.149413E-05   0.333173E+00
 0.139196E+02   0.504138E-05   0.241531E-08   0.106779E-05   0.333173E+00
 0.139297E+02   0.338096E-05   0.146099E-08   0.716187E-06   0.333173E+00
 0.139397E+02   0.219208E-05   0.863233E-09   0.464439E-06   0.333173E+00
 0.139497E+02   0.139832E-05   0.470940E-09   0.296279E-06   0.333173E+00
 0.139597E+02   0.798656E-06   0.229092E-09   0.169266E-06   0.333173E+00
 0.139698E+02   0.423492E-06   0.978736E-10   0.897709E-07   0.333173E+00
 0.139798E+02   0.189862E-06   0.324381E-10   0.402634E-07   0.333173E+00
 0.139898E+02   0.599070E-07   0.652435E-11   0.127013E-07   0.333173E+00
 0.139998E+02   0.665749E-08   0.260888E-12   0.141199E-08   0.333173E+00
