 0.000000E+00   0.450900E+01   0.232583E+01   0.688370E+00   0.688370E+00
 0.102589E-01   0.450899E+01   0.232582E+01   0.688369E+00   0.688370E+00
 0.203829E-01   0.450898E+01   0.232581E+01   0.688368E+00   0.688370E+00
 0.308582E-01   0.450895E+01   0.232579E+01   0.688365E+00   0.688370E+00
 0.413222E-01   0.450891E+01   0.232575E+01   0.688361E+00   0.688370E+00
 0.513550E-01   0.450886E+01   0.232571E+01   0.688356E+00   0.688370E+00
 0.618732E-01   0.450879E+01   0.232566E+01   0.688349E+00   0.688370E+00
 0.726424E-01   0.450872E+01   0.232560E+01   0.688341E+00   0.688370E+00
 0.834487E-01   0.450863E+01   0.232553E+01   0.688332E+00   0.688370E+00
 0.940596E-01   0.450853E+01   0.232545E+01   0.688322E+00   0.688370E+00
 0.104274E+00   0.450842E+01   0.232536E+01   0.688311E+00   0.688370E+00
 0.115129E+00   0.450829E+01   0.232526E+01   0.688298E+00   0.688370E+00
 0.125323E+00   0.450816E+01   0.232515E+01   0.688285E+00   0.688370E+00
 0.136044E+00   0.450801E+01   0.232503E+01   0.688270E+00   0.688370E+00
 0.147294E+00   0.450784E+01   0.232490E+01   0.688253E+00   0.688370E+00
 0.157586E+00   0.450767E+01   0.232476E+01   0.688236E+00   0.688370E+00
 0.168300E+00   0.450748E+01   0.232461E+01   0.688217E+00   0.688370E+00
 0.179438E+00   0.450728E+01   0.232445E+01   0.688196E+00   0.688370E+00
 0.191009E+00   0.450705E+01   0.232426E+01   0.688173E+00   0.688370E+00
 0.201274E+00   0.450683E+01   0.232409E+01   0.688151E+00   0.688370E+00
 0.211863E+00   0.450660E+01   0.232390E+01   0.688128E+00   0.688370E+00
 0.222780E+00   0.450634E+01   0.232370E+01   0.688102E+00   0.688370E+00
 0.234028E+00   0.450607E+01   0.232348E+01   0.688074E+00   0.688370E+00
 0.245610E+00   0.450577E+01   0.232324E+01   0.688044E+00   0.688370E+00
 0.257532E+00   0.450545E+01   0.232299E+01   0.688012E+00   0.688370E+00
 0.267722E+00   0.450516E+01   0.232276E+01   0.687983E+00   0.688370E+00
 0.278154E+00   0.450486E+01   0.232251E+01   0.687952E+00   0.688370E+00
 0.288827E+00   0.450453E+01   0.232225E+01   0.687920E+00   0.688370E+00
 0.299742E+00   0.450419E+01   0.232198E+01   0.687885E+00   0.688370E+00
 0.310899E+00   0.450382E+01   0.232169E+01   0.687848E+00   0.688370E+00
 0.322301E+00   0.450344E+01   0.232138E+01   0.687810E+00   0.688370E+00
 0.333952E+00   0.450303E+01   0.232105E+01   0.687768E+00   0.688370E+00
 0.345851E+00   0.450260E+01   0.232071E+01   0.687725E+00   0.688370E+00
 0.357999E+00   0.450214E+01   0.232034E+01   0.687679E+00   0.688370E+00
 0.370397E+00   0.450166E+01   0.231995E+01   0.687630E+00   0.688370E+00
 0.380501E+00   0.450125E+01   0.231963E+01   0.687589E+00   0.688370E+00
 0.390769E+00   0.450083E+01   0.231929E+01   0.687546E+00   0.688370E+00
 0.401200E+00   0.450039E+01   0.231894E+01   0.687502E+00   0.688370E+00
 0.411793E+00   0.449993E+01   0.231857E+01   0.687455E+00   0.688370E+00
 0.422555E+00   0.449945E+01   0.231819E+01   0.687407E+00   0.688370E+00
 0.433483E+00   0.449895E+01   0.231779E+01   0.687357E+00   0.688370E+00
 0.444579E+00   0.449843E+01   0.231737E+01   0.687304E+00   0.688370E+00
 0.455839E+00   0.449789E+01   0.231694E+01   0.687250E+00   0.688370E+00
 0.467271E+00   0.449732E+01   0.231649E+01   0.687193E+00   0.688370E+00
 0.478874E+00   0.449674E+01   0.231602E+01   0.687134E+00   0.688370E+00
 0.490645E+00   0.449613E+01   0.231553E+01   0.687072E+00   0.688370E+00
 0.502588E+00   0.449549E+01   0.231503E+01   0.687008E+00   0.688370E+00
 0.514704E+00   0.449484E+01   0.231450E+01   0.686942E+00   0.688370E+00
 0.526990E+00   0.449415E+01   0.231395E+01   0.686873E+00   0.688370E+00
 0.539449E+00   0.449344E+01   0.231339E+01   0.686802E+00   0.688370E+00
 0.552083E+00   0.449271E+01   0.231280E+01   0.686728E+00   0.688370E+00
 0.564893E+00   0.449195E+01   0.231219E+01   0.686651E+00   0.688370E+00
 0.577879E+00   0.449116E+01   0.231156E+01   0.686571E+00   0.688370E+00
 0.591040E+00   0.449034E+01   0.231090E+01   0.686488E+00   0.688370E+00
 0.604377E+00   0.448949E+01   0.231022E+01   0.686402E+00   0.688370E+00
 0.614496E+00   0.448883E+01   0.230970E+01   0.686336E+00   0.688370E+00
 0.624713E+00   0.448816E+01   0.230916E+01   0.686268E+00   0.688370E+00
 0.635032E+00   0.448746E+01   0.230861E+01   0.686198E+00   0.688370E+00
 0.645452E+00   0.448675E+01   0.230804E+01   0.686126E+00   0.688370E+00
 0.655975E+00   0.448603E+01   0.230746E+01   0.686053E+00   0.688370E+00
 0.666597E+00   0.448528E+01   0.230686E+01   0.685977E+00   0.688370E+00
 0.677322E+00   0.448451E+01   0.230625E+01   0.685900E+00   0.688370E+00
 0.688146E+00   0.448373E+01   0.230562E+01   0.685821E+00   0.688370E+00
 0.699072E+00   0.448292E+01   0.230497E+01   0.685739E+00   0.688370E+00
 0.710103E+00   0.448209E+01   0.230431E+01   0.685656E+00   0.688370E+00
 0.721236E+00   0.448125E+01   0.230364E+01   0.685570E+00   0.688370E+00
 0.732470E+00   0.448038E+01   0.230294E+01   0.685483E+00   0.688370E+00
 0.743806E+00   0.447949E+01   0.230223E+01   0.685393E+00   0.688370E+00
 0.755248E+00   0.447858E+01   0.230151E+01   0.685301E+00   0.688370E+00
 0.766791E+00   0.447765E+01   0.230076E+01   0.685206E+00   0.688370E+00
 0.778437E+00   0.447669E+01   0.230000E+01   0.685110E+00   0.688370E+00
 0.790191E+00   0.447572E+01   0.229922E+01   0.685011E+00   0.688370E+00
 0.802045E+00   0.447472E+01   0.229842E+01   0.684910E+00   0.688370E+00
 0.814006E+00   0.447369E+01   0.229760E+01   0.684806E+00   0.688370E+00
 0.826072E+00   0.447264E+01   0.229676E+01   0.684700E+00   0.688370E+00
 0.838243E+00   0.447157E+01   0.229590E+01   0.684592E+00   0.688370E+00
 0.850522E+00   0.447047E+01   0.229503E+01   0.684481E+00   0.688370E+00
 0.862902E+00   0.446935E+01   0.229413E+01   0.684367E+00   0.688370E+00
 0.875388E+00   0.446820E+01   0.229321E+01   0.684251E+00   0.688370E+00
 0.887980E+00   0.446703E+01   0.229227E+01   0.684132E+00   0.688370E+00
 0.900678E+00   0.446583E+01   0.229131E+01   0.684010E+00   0.688370E+00
 0.913481E+00   0.446460E+01   0.229033E+01   0.683886E+00   0.688370E+00
 0.926390E+00   0.446334E+01   0.228933E+01   0.683759E+00   0.688370E+00
 0.939407E+00   0.446206E+01   0.228831E+01   0.683629E+00   0.688370E+00
 0.952531E+00   0.446075E+01   0.228726E+01   0.683496E+00   0.688370E+00
 0.965762E+00   0.445941E+01   0.228619E+01   0.683361E+00   0.688370E+00
 0.979100E+00   0.445804E+01   0.228510E+01   0.683222E+00   0.688370E+00
 0.992545E+00   0.445664E+01   0.228398E+01   0.683081E+00   0.688370E+00
 0.100610E+01   0.445522E+01   0.228284E+01   0.682936E+00   0.688370E+00
 0.101976E+01   0.445376E+01   0.228168E+01   0.682788E+00   0.688370E+00
 0.103352E+01   0.445227E+01   0.228049E+01   0.682637E+00   0.688370E+00
 0.104740E+01   0.445075E+01   0.227927E+01   0.682483E+00   0.688370E+00
 0.106138E+01   0.444920E+01   0.227804E+01   0.682326E+00   0.688370E+00
 0.107547E+01   0.444762E+01   0.227677E+01   0.682165E+00   0.688370E+00
 0.108967E+01   0.444600E+01   0.227548E+01   0.682001E+00   0.688370E+00
 0.110398E+01   0.444435E+01   0.227417E+01   0.681834E+00   0.688370E+00
 0.111840E+01   0.444267E+01   0.227282E+01   0.681663E+00   0.688370E+00
 0.113292E+01   0.444096E+01   0.227145E+01   0.681489E+00   0.688370E+00
 0.114756E+01   0.443921E+01   0.227006E+01   0.681312E+00   0.688370E+00
 0.116230E+01   0.443742E+01   0.226863E+01   0.681130E+00   0.688370E+00
 0.117716E+01   0.443560E+01   0.226718E+01   0.680946E+00   0.688370E+00
 0.119211E+01   0.443375E+01   0.226570E+01   0.680757E+00   0.688370E+00
 0.120215E+01   0.443249E+01   0.226469E+01   0.680629E+00   0.688370E+00
 0.121223E+01   0.443122E+01   0.226368E+01   0.680500E+00   0.688370E+00
 0.122236E+01   0.442993E+01   0.226265E+01   0.680369E+00   0.688370E+00
 0.123254E+01   0.442862E+01   0.226161E+01   0.680236E+00   0.688370E+00
 0.124277E+01   0.442730E+01   0.226055E+01   0.680102E+00   0.688370E+00
 0.125305E+01   0.442596E+01   0.225948E+01   0.679965E+00   0.688370E+00
 0.126338E+01   0.442460E+01   0.225840E+01   0.679827E+00   0.688370E+00
 0.127375E+01   0.442323E+01   0.225731E+01   0.679688E+00   0.688370E+00
 0.128418E+01   0.442184E+01   0.225620E+01   0.679546E+00   0.688370E+00
 0.129465E+01   0.442043E+01   0.225507E+01   0.679403E+00   0.688370E+00
 0.130517E+01   0.441901E+01   0.225394E+01   0.679258E+00   0.688370E+00
 0.131575E+01   0.441756E+01   0.225278E+01   0.679111E+00   0.688370E+00
 0.132637E+01   0.441610E+01   0.225162E+01   0.678962E+00   0.688370E+00
 0.133704E+01   0.441462E+01   0.225044E+01   0.678812E+00   0.688370E+00
 0.134776E+01   0.441313E+01   0.224925E+01   0.678659E+00   0.688370E+00
 0.135853E+01   0.441161E+01   0.224804E+01   0.678505E+00   0.688370E+00
 0.136934E+01   0.441008E+01   0.224682E+01   0.678349E+00   0.688370E+00
 0.138021E+01   0.440853E+01   0.224558E+01   0.678191E+00   0.688370E+00
 0.139112E+01   0.440696E+01   0.224433E+01   0.678031E+00   0.688370E+00
 0.140208E+01   0.440537E+01   0.224306E+01   0.677869E+00   0.688370E+00
 0.141310E+01   0.440376E+01   0.224178E+01   0.677705E+00   0.688370E+00
 0.142416E+01   0.440214E+01   0.224048E+01   0.677539E+00   0.688370E+00
 0.143527E+01   0.440049E+01   0.223917E+01   0.677371E+00   0.688370E+00
 0.144642E+01   0.439883E+01   0.223784E+01   0.677201E+00   0.688370E+00
 0.145763E+01   0.439714E+01   0.223650E+01   0.677030E+00   0.688370E+00
 0.146889E+01   0.439544E+01   0.223514E+01   0.676856E+00   0.688370E+00
 0.148020E+01   0.439372E+01   0.223377E+01   0.676680E+00   0.688370E+00
 0.149156E+01   0.439197E+01   0.223238E+01   0.676502E+00   0.688370E+00
 0.150296E+01   0.439021E+01   0.223097E+01   0.676322E+00   0.688370E+00
 0.151442E+01   0.438843E+01   0.222955E+01   0.676140E+00   0.688370E+00
 0.152592E+01   0.438662E+01   0.222811E+01   0.675955E+00   0.688370E+00
 0.153747E+01   0.438480E+01   0.222666E+01   0.675769E+00   0.688370E+00
 0.154908E+01   0.438296E+01   0.222519E+01   0.675580E+00   0.688370E+00
 0.156073E+01   0.438109E+01   0.222370E+01   0.675390E+00   0.688370E+00
 0.157243E+01   0.437921E+01   0.222220E+01   0.675197E+00   0.688370E+00
 0.158418E+01   0.437730E+01   0.222068E+01   0.675002E+00   0.688370E+00
 0.159598E+01   0.437537E+01   0.221915E+01   0.674804E+00   0.688370E+00
 0.160783E+01   0.437342E+01   0.221759E+01   0.674605E+00   0.688370E+00
 0.161972E+01   0.437145E+01   0.221602E+01   0.674403E+00   0.688370E+00
 0.163167E+01   0.436946E+01   0.221444E+01   0.674199E+00   0.688370E+00
 0.164366E+01   0.436745E+01   0.221283E+01   0.673993E+00   0.688370E+00
 0.165571E+01   0.436541E+01   0.221121E+01   0.673785E+00   0.688370E+00
 0.166780E+01   0.436335E+01   0.220957E+01   0.673574E+00   0.688370E+00
 0.167995E+01   0.436128E+01   0.220792E+01   0.673361E+00   0.688370E+00
 0.169214E+01   0.435917E+01   0.220625E+01   0.673145E+00   0.688370E+00
 0.170438E+01   0.435705E+01   0.220456E+01   0.672928E+00   0.688370E+00
 0.171667E+01   0.435491E+01   0.220285E+01   0.672708E+00   0.688370E+00
 0.172900E+01   0.435274E+01   0.220112E+01   0.672485E+00   0.688370E+00
 0.174139E+01   0.435055E+01   0.219938E+01   0.672260E+00   0.688370E+00
 0.175383E+01   0.434833E+01   0.219761E+01   0.672033E+00   0.688370E+00
 0.176631E+01   0.434610E+01   0.219583E+01   0.671803E+00   0.688370E+00
 0.177885E+01   0.434383E+01   0.219403E+01   0.671571E+00   0.688370E+00
 0.179143E+01   0.434155E+01   0.219222E+01   0.671337E+00   0.688370E+00
 0.180406E+01   0.433925E+01   0.219038E+01   0.671100E+00   0.688370E+00
 0.181675E+01   0.433692E+01   0.218853E+01   0.670860E+00   0.688370E+00
 0.182948E+01   0.433456E+01   0.218665E+01   0.670618E+00   0.688370E+00
 0.184225E+01   0.433218E+01   0.218476E+01   0.670374E+00   0.688370E+00
 0.185508E+01   0.432978E+01   0.218285E+01   0.670127E+00   0.688370E+00
 0.186796E+01   0.432736E+01   0.218092E+01   0.669877E+00   0.688370E+00
 0.188089E+01   0.432491E+01   0.217897E+01   0.669625E+00   0.688370E+00
 0.189386E+01   0.432243E+01   0.217701E+01   0.669370E+00   0.688370E+00
 0.190689E+01   0.431994E+01   0.217502E+01   0.669113E+00   0.688370E+00
 0.191996E+01   0.431741E+01   0.217301E+01   0.668853E+00   0.688370E+00
 0.193308E+01   0.431487E+01   0.217099E+01   0.668590E+00   0.688370E+00
 0.194625E+01   0.431229E+01   0.216894E+01   0.668325E+00   0.688370E+00
 0.195947E+01   0.430970E+01   0.216688E+01   0.668057E+00   0.688370E+00
 0.197273E+01   0.430708E+01   0.216479E+01   0.667787E+00   0.688370E+00
 0.198605E+01   0.430443E+01   0.216269E+01   0.667514E+00   0.688370E+00
 0.199941E+01   0.430176E+01   0.216057E+01   0.667238E+00   0.688370E+00
 0.201282E+01   0.429906E+01   0.215842E+01   0.666959E+00   0.688370E+00
 0.202628E+01   0.429634E+01   0.215626E+01   0.666678E+00   0.688370E+00
 0.203979E+01   0.429359E+01   0.215407E+01   0.666394E+00   0.688370E+00
 0.205334E+01   0.429082E+01   0.215187E+01   0.666108E+00   0.688370E+00
 0.206695E+01   0.428802E+01   0.214965E+01   0.665818E+00   0.688370E+00
 0.208061E+01   0.428519E+01   0.214740E+01   0.665526E+00   0.688370E+00
 0.209431E+01   0.428234E+01   0.214514E+01   0.665231E+00   0.688370E+00
 0.210806E+01   0.427946E+01   0.214285E+01   0.664933E+00   0.688370E+00
 0.212186E+01   0.427656E+01   0.214054E+01   0.664632E+00   0.688370E+00
 0.213571E+01   0.427363E+01   0.213822E+01   0.664328E+00   0.688370E+00
 0.214960E+01   0.427067E+01   0.213587E+01   0.664022E+00   0.688370E+00
 0.216354E+01   0.426769E+01   0.213350E+01   0.663713E+00   0.688370E+00
 0.217753E+01   0.426468E+01   0.213111E+01   0.663401E+00   0.688370E+00
 0.219157E+01   0.426164E+01   0.212870E+01   0.663086E+00   0.688370E+00
 0.220566E+01   0.425858E+01   0.212627E+01   0.662768E+00   0.688370E+00
 0.221979E+01   0.425549E+01   0.212381E+01   0.662447E+00   0.688370E+00
 0.223397E+01   0.425237E+01   0.212134E+01   0.662123E+00   0.688370E+00
 0.224820E+01   0.424922E+01   0.211884E+01   0.661796E+00   0.688370E+00
 0.226248E+01   0.424605E+01   0.211633E+01   0.661466E+00   0.688370E+00
 0.227680E+01   0.424285E+01   0.211379E+01   0.661134E+00   0.688370E+00
 0.229117E+01   0.423963E+01   0.211123E+01   0.660798E+00   0.688370E+00
 0.230559E+01   0.423637E+01   0.210865E+01   0.660460E+00   0.688370E+00
 0.232005E+01   0.423309E+01   0.210605E+01   0.660118E+00   0.688370E+00
 0.233456E+01   0.422978E+01   0.210342E+01   0.659773E+00   0.688370E+00
 0.234913E+01   0.422644E+01   0.210078E+01   0.659425E+00   0.688370E+00
 0.236373E+01   0.422308E+01   0.209811E+01   0.659075E+00   0.688370E+00
 0.237839E+01   0.421969E+01   0.209542E+01   0.658721E+00   0.688370E+00
 0.239309E+01   0.421626E+01   0.209270E+01   0.658364E+00   0.688370E+00
 0.240784E+01   0.421281E+01   0.208997E+01   0.658004E+00   0.688370E+00
 0.242264E+01   0.420934E+01   0.208721E+01   0.657641E+00   0.688370E+00
 0.243748E+01   0.420583E+01   0.208444E+01   0.657274E+00   0.688370E+00
 0.245237E+01   0.420230E+01   0.208164E+01   0.656905E+00   0.688370E+00
 0.246730E+01   0.419873E+01   0.207881E+01   0.656533E+00   0.688370E+00
 0.248228E+01   0.419514E+01   0.207597E+01   0.656157E+00   0.688370E+00
 0.249732E+01   0.419152E+01   0.207310E+01   0.655778E+00   0.688370E+00
 0.251239E+01   0.418788E+01   0.207021E+01   0.655396E+00   0.688370E+00
 0.252751E+01   0.418420E+01   0.206730E+01   0.655011E+00   0.688370E+00
 0.254268E+01   0.418049E+01   0.206437E+01   0.654623E+00   0.688370E+00
 0.255789E+01   0.417676E+01   0.206141E+01   0.654231E+00   0.688370E+00
 0.257315E+01   0.417299E+01   0.205843E+01   0.653836E+00   0.688370E+00
 0.258845E+01   0.416920E+01   0.205543E+01   0.653438E+00   0.688370E+00
 0.260381E+01   0.416538E+01   0.205241E+01   0.653037E+00   0.688370E+00
 0.261920E+01   0.416153E+01   0.204936E+01   0.652632E+00   0.688370E+00
 0.263464E+01   0.415765E+01   0.204629E+01   0.652225E+00   0.688370E+00
 0.265013E+01   0.415374E+01   0.204320E+01   0.651814E+00   0.688370E+00
 0.266566E+01   0.414980E+01   0.204009E+01   0.651399E+00   0.688370E+00
 0.268124E+01   0.414584E+01   0.203695E+01   0.650982E+00   0.688370E+00
 0.269687E+01   0.414184E+01   0.203379E+01   0.650561E+00   0.688370E+00
 0.271254E+01   0.413781E+01   0.203061E+01   0.650136E+00   0.688370E+00
 0.272826E+01   0.413376E+01   0.202740E+01   0.649709E+00   0.688370E+00
 0.274402E+01   0.412967E+01   0.202417E+01   0.649278E+00   0.688370E+00
 0.275983E+01   0.412556E+01   0.202092E+01   0.648844E+00   0.688370E+00
 0.277568E+01   0.412141E+01   0.201765E+01   0.648406E+00   0.688370E+00
 0.279158E+01   0.411724E+01   0.201435E+01   0.647965E+00   0.688370E+00
 0.280752E+01   0.411304E+01   0.201103E+01   0.647521E+00   0.688370E+00
 0.282350E+01   0.410880E+01   0.200769E+01   0.647073E+00   0.688370E+00
 0.283953E+01   0.410454E+01   0.200432E+01   0.646622E+00   0.688370E+00
 0.285561E+01   0.410025E+01   0.200093E+01   0.646167E+00   0.688370E+00
 0.287174E+01   0.409592E+01   0.199752E+01   0.645709E+00   0.688370E+00
 0.288790E+01   0.409157E+01   0.199408E+01   0.645248E+00   0.688370E+00
 0.290411E+01   0.408719E+01   0.199063E+01   0.644783E+00   0.688370E+00
 0.292036E+01   0.408278E+01   0.198714E+01   0.644315E+00   0.688370E+00
 0.293665E+01   0.407833E+01   0.198364E+01   0.643843E+00   0.688370E+00
 0.295299E+01   0.407386E+01   0.198011E+01   0.643368E+00   0.688370E+00
 0.296937E+01   0.406936E+01   0.197657E+01   0.642890E+00   0.688370E+00
 0.298580E+01   0.406483E+01   0.197299E+01   0.642408E+00   0.688370E+00
 0.300227E+01   0.406027E+01   0.196940E+01   0.641923E+00   0.688370E+00
 0.301878E+01   0.405568E+01   0.196578E+01   0.641434E+00   0.688370E+00
 0.303534E+01   0.405106E+01   0.196214E+01   0.640941E+00   0.688370E+00
 0.305195E+01   0.404641E+01   0.195847E+01   0.640445E+00   0.688370E+00
 0.306860E+01   0.404172E+01   0.195478E+01   0.639946E+00   0.688370E+00
 0.308528E+01   0.403701E+01   0.195107E+01   0.639443E+00   0.688370E+00
 0.310201E+01   0.403227E+01   0.194734E+01   0.638937E+00   0.688370E+00
 0.311879E+01   0.402750E+01   0.194359E+01   0.638427E+00   0.688370E+00
 0.313560E+01   0.402270E+01   0.193981E+01   0.637913E+00   0.688370E+00
 0.315246E+01   0.401787E+01   0.193601E+01   0.637396E+00   0.688370E+00
 0.316936E+01   0.401301E+01   0.193218E+01   0.636876E+00   0.688370E+00
 0.318630E+01   0.400812E+01   0.192833E+01   0.636352E+00   0.688370E+00
 0.320328E+01   0.400321E+01   0.192447E+01   0.635825E+00   0.688370E+00
 0.322032E+01   0.399825E+01   0.192057E+01   0.635293E+00   0.688370E+00
 0.323739E+01   0.399327E+01   0.191666E+01   0.634759E+00   0.688370E+00
 0.325450E+01   0.398827E+01   0.191272E+01   0.634220E+00   0.688370E+00
 0.327165E+01   0.398323E+01   0.190876E+01   0.633679E+00   0.688370E+00
 0.328885E+01   0.397816E+01   0.190478E+01   0.633134E+00   0.688370E+00
 0.330608E+01   0.397306E+01   0.190077E+01   0.632585E+00   0.688370E+00
 0.332336E+01   0.396794E+01   0.189674E+01   0.632032E+00   0.688370E+00
 0.334068E+01   0.396278E+01   0.189269E+01   0.631477E+00   0.688370E+00
 0.335803E+01   0.395759E+01   0.188862E+01   0.630917E+00   0.688370E+00
 0.337546E+01   0.395237E+01   0.188452E+01   0.630353E+00   0.688370E+00
 0.339290E+01   0.394712E+01   0.188040E+01   0.629786E+00   0.688370E+00
 0.341039E+01   0.394185E+01   0.187626E+01   0.629216E+00   0.688370E+00
 0.342791E+01   0.393654E+01   0.187210E+01   0.628642E+00   0.688370E+00
 0.344547E+01   0.393121E+01   0.186792E+01   0.628065E+00   0.688370E+00
 0.346308E+01   0.392585E+01   0.186371E+01   0.627484E+00   0.688370E+00
 0.348072E+01   0.392046E+01   0.185949E+01   0.626899E+00   0.688370E+00
 0.349840E+01   0.391504E+01   0.185524E+01   0.626311E+00   0.688370E+00
 0.351613E+01   0.390959E+01   0.185097E+01   0.625719E+00   0.688370E+00
 0.353390E+01   0.390411E+01   0.184667E+01   0.625124E+00   0.688370E+00
 0.355170E+01   0.389860E+01   0.184236E+01   0.624525E+00   0.688370E+00
 0.356954E+01   0.389306E+01   0.183802E+01   0.623922E+00   0.688370E+00
 0.358743E+01   0.388750E+01   0.183366E+01   0.623316E+00   0.688370E+00
 0.360535E+01   0.388190E+01   0.182928E+01   0.622707E+00   0.688370E+00
 0.362331E+01   0.387628E+01   0.182488E+01   0.622093E+00   0.688370E+00
 0.364131E+01   0.387063E+01   0.182046E+01   0.621476E+00   0.688370E+00
 0.365935E+01   0.386495E+01   0.181602E+01   0.620856E+00   0.688370E+00
 0.367749E+01   0.385922E+01   0.181154E+01   0.620230E+00   0.688370E+00
 0.369561E+01   0.385348E+01   0.180705E+01   0.619602E+00   0.688370E+00
 0.371376E+01   0.384772E+01   0.180255E+01   0.618971E+00   0.688370E+00
 0.373196E+01   0.384192E+01   0.179802E+01   0.618336E+00   0.688370E+00
 0.375019E+01   0.383610E+01   0.179347E+01   0.617697E+00   0.688370E+00
 0.376847E+01   0.383025E+01   0.178890E+01   0.617055E+00   0.688370E+00
 0.378678E+01   0.382437E+01   0.178431E+01   0.616409E+00   0.688370E+00
 0.380512E+01   0.381847E+01   0.177970E+01   0.615760E+00   0.688370E+00
 0.382352E+01   0.381253E+01   0.177507E+01   0.615107E+00   0.688370E+00
 0.384195E+01   0.380657E+01   0.177042E+01   0.614450E+00   0.688370E+00
 0.386041E+01   0.380058E+01   0.176575E+01   0.613790E+00   0.688370E+00
 0.387891E+01   0.379457E+01   0.176105E+01   0.613127E+00   0.688370E+00
 0.389745E+01   0.378852E+01   0.175634E+01   0.612459E+00   0.688370E+00
 0.391602E+01   0.378245E+01   0.175161E+01   0.611788E+00   0.688370E+00
 0.393463E+01   0.377635E+01   0.174686E+01   0.611114E+00   0.688370E+00
 0.395331E+01   0.377022E+01   0.174208E+01   0.610435E+00   0.688370E+00
 0.397200E+01   0.376407E+01   0.173729E+01   0.609753E+00   0.688370E+00
 0.399072E+01   0.375789E+01   0.173248E+01   0.609068E+00   0.688370E+00
 0.400948E+01   0.375168E+01   0.172765E+01   0.608380E+00   0.688370E+00
 0.402827E+01   0.374545E+01   0.172280E+01   0.607687E+00   0.688370E+00
 0.404711E+01   0.373919E+01   0.171793E+01   0.606992E+00   0.688370E+00
 0.406597E+01   0.373291E+01   0.171305E+01   0.606292E+00   0.688370E+00
 0.408489E+01   0.372659E+01   0.170814E+01   0.605589E+00   0.688370E+00
 0.410384E+01   0.372026E+01   0.170321E+01   0.604883E+00   0.688370E+00
 0.412281E+01   0.371390E+01   0.169827E+01   0.604173E+00   0.688370E+00
 0.414182E+01   0.370751E+01   0.169331E+01   0.603459E+00   0.688370E+00
 0.416087E+01   0.370110E+01   0.168833E+01   0.602742E+00   0.688370E+00
 0.417995E+01   0.369466E+01   0.168333E+01   0.602022E+00   0.688370E+00
 0.419907E+01   0.368819E+01   0.167831E+01   0.601298E+00   0.688370E+00
 0.421824E+01   0.368169E+01   0.167327E+01   0.600570E+00   0.688370E+00
 0.423743E+01   0.367518E+01   0.166822E+01   0.599839E+00   0.688370E+00
 0.425666E+01   0.366864E+01   0.166315E+01   0.599104E+00   0.688370E+00
 0.427591E+01   0.366208E+01   0.165806E+01   0.598366E+00   0.688370E+00
 0.429520E+01   0.365549E+01   0.165295E+01   0.597625E+00   0.688370E+00
 0.431453E+01   0.364887E+01   0.164783E+01   0.596880E+00   0.688370E+00
 0.433389E+01   0.364224E+01   0.164269E+01   0.596131E+00   0.688370E+00
 0.435334E+01   0.363555E+01   0.163752E+01   0.595377E+00   0.688370E+00
 0.437277E+01   0.362887E+01   0.163234E+01   0.594622E+00   0.688370E+00
 0.439224E+01   0.362216E+01   0.162715E+01   0.593863E+00   0.688370E+00
 0.441173E+01   0.361543E+01   0.162195E+01   0.593101E+00   0.688370E+00
 0.443126E+01   0.360867E+01   0.161672E+01   0.592336E+00   0.688370E+00
 0.445082E+01   0.360189E+01   0.161149E+01   0.591567E+00   0.688370E+00
 0.447042E+01   0.359509E+01   0.160623E+01   0.590795E+00   0.688370E+00
 0.449018E+01   0.358821E+01   0.160092E+01   0.590014E+00   0.688370E+00
 0.450984E+01   0.358136E+01   0.159564E+01   0.589234E+00   0.688370E+00
 0.452954E+01   0.357449E+01   0.159033E+01   0.588452E+00   0.688370E+00
 0.454927E+01   0.356760E+01   0.158501E+01   0.587666E+00   0.688370E+00
 0.456903E+01   0.356068E+01   0.157968E+01   0.586877E+00   0.688370E+00
 0.458883E+01   0.355374E+01   0.157433E+01   0.586084E+00   0.688370E+00
 0.460867E+01   0.354677E+01   0.156896E+01   0.585287E+00   0.688370E+00
 0.462853E+01   0.353979E+01   0.156358E+01   0.584488E+00   0.688370E+00
 0.464842E+01   0.353279E+01   0.155819E+01   0.583685E+00   0.688370E+00
 0.466835E+01   0.352576E+01   0.155278E+01   0.582879E+00   0.688370E+00
 0.468831E+01   0.351871E+01   0.154736E+01   0.582070E+00   0.688370E+00
 0.470829E+01   0.351164E+01   0.154192E+01   0.581257E+00   0.688370E+00
 0.471830E+01   0.350810E+01   0.153920E+01   0.580850E+00   0.688370E+00
 0.472850E+01   0.350448E+01   0.153642E+01   0.580433E+00   0.688370E+00
 0.473853E+01   0.350093E+01   0.153369E+01   0.580024E+00   0.688370E+00
 0.474856E+01   0.349737E+01   0.153096E+01   0.579614E+00   0.688370E+00
 0.475860E+01   0.349381E+01   0.152822E+01   0.579203E+00   0.688370E+00
 0.476864E+01   0.349024E+01   0.152548E+01   0.578792E+00   0.688370E+00
 0.477870E+01   0.348667E+01   0.152273E+01   0.578379E+00   0.688370E+00
 0.478876E+01   0.348309E+01   0.151999E+01   0.577966E+00   0.688370E+00
 0.479883E+01   0.347951E+01   0.151724E+01   0.577552E+00   0.688370E+00
 0.480891E+01   0.347592E+01   0.151448E+01   0.577137E+00   0.688370E+00
 0.481899E+01   0.347232E+01   0.151172E+01   0.576721E+00   0.688370E+00
 0.482908E+01   0.346873E+01   0.150896E+01   0.576305E+00   0.688370E+00
 0.483918E+01   0.346512E+01   0.150620E+01   0.575888E+00   0.688370E+00
 0.484943E+01   0.346147E+01   0.150340E+01   0.575464E+00   0.688370E+00
 0.485954E+01   0.345785E+01   0.150063E+01   0.575045E+00   0.688370E+00
 0.486967E+01   0.345423E+01   0.149785E+01   0.574625E+00   0.688370E+00
 0.487980E+01   0.345061E+01   0.149507E+01   0.574204E+00   0.688370E+00
 0.488994E+01   0.344698E+01   0.149229E+01   0.573783E+00   0.688370E+00
 0.490009E+01   0.344335E+01   0.148951E+01   0.573361E+00   0.688370E+00
 0.491024E+01   0.343971E+01   0.148673E+01   0.572938E+00   0.688370E+00
 0.492040E+01   0.343607E+01   0.148394E+01   0.572514E+00   0.688370E+00
 0.493057E+01   0.343242E+01   0.148114E+01   0.572090E+00   0.688370E+00
 0.494075E+01   0.342877E+01   0.147835E+01   0.571665E+00   0.688370E+00
 0.495093E+01   0.342511E+01   0.147555E+01   0.571238E+00   0.688370E+00
 0.496112E+01   0.342145E+01   0.147275E+01   0.570812E+00   0.688370E+00
 0.497159E+01   0.341769E+01   0.146987E+01   0.570373E+00   0.688370E+00
 0.498179E+01   0.341402E+01   0.146707E+01   0.569944E+00   0.688370E+00
 0.499201E+01   0.341035E+01   0.146426E+01   0.569515E+00   0.688370E+00
 0.500223E+01   0.340667E+01   0.146144E+01   0.569085E+00   0.688370E+00
 0.501246E+01   0.340298E+01   0.145863E+01   0.568654E+00   0.688370E+00
 0.502270E+01   0.339929E+01   0.145581E+01   0.568223E+00   0.688370E+00
 0.503295E+01   0.339560E+01   0.145299E+01   0.567790E+00   0.688370E+00
 0.504320E+01   0.339190E+01   0.145016E+01   0.567357E+00   0.688370E+00
 0.505346E+01   0.338820E+01   0.144734E+01   0.566923E+00   0.688370E+00
 0.506373E+01   0.338449E+01   0.144451E+01   0.566488E+00   0.688370E+00
 0.507400E+01   0.338078E+01   0.144168E+01   0.566053E+00   0.688370E+00
 0.508428E+01   0.337707E+01   0.143884E+01   0.565617E+00   0.688370E+00
 0.509457E+01   0.337335E+01   0.143600E+01   0.565180E+00   0.688370E+00
 0.510487E+01   0.336962E+01   0.143316E+01   0.564742E+00   0.688370E+00
 0.511518E+01   0.336589E+01   0.143032E+01   0.564303E+00   0.688370E+00
 0.512549E+01   0.336216E+01   0.142747E+01   0.563864E+00   0.688370E+00
 0.513581E+01   0.335842E+01   0.142463E+01   0.563424E+00   0.688370E+00
 0.514613E+01   0.335468E+01   0.142178E+01   0.562983E+00   0.688370E+00
 0.515647E+01   0.335094E+01   0.141892E+01   0.562541E+00   0.688370E+00
 0.516680E+01   0.334719E+01   0.141607E+01   0.562099E+00   0.688370E+00
 0.517715E+01   0.334344E+01   0.141321E+01   0.561656E+00   0.688370E+00
 0.518751E+01   0.333968E+01   0.141035E+01   0.561212E+00   0.688370E+00
 0.519787E+01   0.333592E+01   0.140749E+01   0.560768E+00   0.688370E+00
 0.520852E+01   0.333205E+01   0.140454E+01   0.560310E+00   0.688370E+00
 0.521890E+01   0.332828E+01   0.140167E+01   0.559864E+00   0.688370E+00
 0.522928E+01   0.332450E+01   0.139880E+01   0.559417E+00   0.688370E+00
 0.523967E+01   0.332072E+01   0.139593E+01   0.558970E+00   0.688370E+00
 0.525007E+01   0.331694E+01   0.139306E+01   0.558521E+00   0.688370E+00
 0.526048E+01   0.331316E+01   0.139018E+01   0.558072E+00   0.688370E+00
 0.527089E+01   0.330937E+01   0.138730E+01   0.557622E+00   0.688370E+00
 0.528131E+01   0.330557E+01   0.138442E+01   0.557172E+00   0.688370E+00
 0.529173E+01   0.330178E+01   0.138154E+01   0.556721E+00   0.688370E+00
 0.530216E+01   0.329798E+01   0.137865E+01   0.556269E+00   0.688370E+00
 0.531260E+01   0.329417E+01   0.137576E+01   0.555816E+00   0.688370E+00
 0.532343E+01   0.329022E+01   0.137277E+01   0.555346E+00   0.688370E+00
 0.533389E+01   0.328641E+01   0.136987E+01   0.554892E+00   0.688370E+00
 0.534435E+01   0.328259E+01   0.136698E+01   0.554437E+00   0.688370E+00
 0.535482E+01   0.327877E+01   0.136408E+01   0.553981E+00   0.688370E+00
 0.536529E+01   0.327495E+01   0.136118E+01   0.553525E+00   0.688370E+00
 0.537578E+01   0.327112E+01   0.135828E+01   0.553068E+00   0.688370E+00
 0.538627E+01   0.326729E+01   0.135538E+01   0.552610E+00   0.688370E+00
 0.539676E+01   0.326346E+01   0.135248E+01   0.552151E+00   0.688370E+00
 0.540726E+01   0.325962E+01   0.134957E+01   0.551692E+00   0.688370E+00
 0.541777E+01   0.325578E+01   0.134666E+01   0.551232E+00   0.688370E+00
 0.542829E+01   0.325193E+01   0.134375E+01   0.550772E+00   0.688370E+00
 0.543921E+01   0.324794E+01   0.134073E+01   0.550293E+00   0.688370E+00
 0.544974E+01   0.324409E+01   0.133782E+01   0.549831E+00   0.688370E+00
 0.546027E+01   0.324023E+01   0.133490E+01   0.549368E+00   0.688370E+00
 0.547082E+01   0.323637E+01   0.133198E+01   0.548904E+00   0.688370E+00
 0.548137E+01   0.323251E+01   0.132906E+01   0.548440E+00   0.688370E+00
 0.549193E+01   0.322865E+01   0.132614E+01   0.547975E+00   0.688370E+00
 0.550249E+01   0.322478E+01   0.132322E+01   0.547510E+00   0.688370E+00
 0.551306E+01   0.322091E+01   0.132030E+01   0.547044E+00   0.688370E+00
 0.552364E+01   0.321703E+01   0.131737E+01   0.546576E+00   0.688370E+00
 0.553422E+01   0.321315E+01   0.131444E+01   0.546109E+00   0.688370E+00
 0.554481E+01   0.320927E+01   0.131151E+01   0.545641E+00   0.688370E+00
 0.555547E+01   0.320537E+01   0.130857E+01   0.545169E+00   0.688370E+00
 0.556607E+01   0.320148E+01   0.130564E+01   0.544699E+00   0.688370E+00
 0.557668E+01   0.319758E+01   0.130270E+01   0.544229E+00   0.688370E+00
 0.558730E+01   0.319369E+01   0.129977E+01   0.543757E+00   0.688370E+00
 0.559793E+01   0.318979E+01   0.129683E+01   0.543286E+00   0.688370E+00
 0.560856E+01   0.318589E+01   0.129389E+01   0.542813E+00   0.688370E+00
 0.561920E+01   0.318199E+01   0.129095E+01   0.542340E+00   0.688370E+00
 0.562984E+01   0.317808E+01   0.128801E+01   0.541866E+00   0.688370E+00
 0.564049E+01   0.317417E+01   0.128507E+01   0.541392E+00   0.688370E+00
 0.565115E+01   0.317026E+01   0.128212E+01   0.540917E+00   0.688370E+00
 0.566192E+01   0.316630E+01   0.127915E+01   0.540436E+00   0.688370E+00
 0.567259E+01   0.316239E+01   0.127620E+01   0.539959E+00   0.688370E+00
 0.568327E+01   0.315846E+01   0.127325E+01   0.539482E+00   0.688370E+00
 0.569396E+01   0.315454E+01   0.127030E+01   0.539004E+00   0.688370E+00
 0.570465E+01   0.315061E+01   0.126735E+01   0.538526E+00   0.688370E+00
 0.571534E+01   0.314668E+01   0.126440E+01   0.538047E+00   0.688370E+00
 0.572604E+01   0.314275E+01   0.126145E+01   0.537567E+00   0.688370E+00
 0.573675E+01   0.313882E+01   0.125849E+01   0.537086E+00   0.688370E+00
 0.574747E+01   0.313488E+01   0.125554E+01   0.536605E+00   0.688370E+00
 0.575819E+01   0.313094E+01   0.125258E+01   0.536124E+00   0.688370E+00
 0.576892E+01   0.312700E+01   0.124962E+01   0.535641E+00   0.688370E+00
 0.577975E+01   0.312302E+01   0.124664E+01   0.535154E+00   0.688370E+00
 0.579049E+01   0.311907E+01   0.124368E+01   0.534670E+00   0.688370E+00
 0.580124E+01   0.311512E+01   0.124072E+01   0.534186E+00   0.688370E+00
 0.581199E+01   0.311116E+01   0.123776E+01   0.533701E+00   0.688370E+00
 0.582275E+01   0.310721E+01   0.123480E+01   0.533215E+00   0.688370E+00
 0.583352E+01   0.310325E+01   0.123183E+01   0.532729E+00   0.688370E+00
 0.584429E+01   0.309929E+01   0.122887E+01   0.532242E+00   0.688370E+00
 0.585507E+01   0.309533E+01   0.122590E+01   0.531755E+00   0.688370E+00
 0.586585E+01   0.309136E+01   0.122294E+01   0.531266E+00   0.688370E+00
 0.587665E+01   0.308739E+01   0.121997E+01   0.530778E+00   0.688370E+00
 0.588813E+01   0.308317E+01   0.121681E+01   0.530257E+00   0.688370E+00
 0.589894E+01   0.307920E+01   0.121385E+01   0.529767E+00   0.688370E+00
 0.590975E+01   0.307522E+01   0.121088E+01   0.529276E+00   0.688370E+00
 0.592057E+01   0.307124E+01   0.120791E+01   0.528785E+00   0.688370E+00
 0.593139E+01   0.306726E+01   0.120494E+01   0.528293E+00   0.688370E+00
 0.594222E+01   0.306328E+01   0.120196E+01   0.527800E+00   0.688370E+00
 0.595305E+01   0.305930E+01   0.119899E+01   0.527307E+00   0.688370E+00
 0.596389E+01   0.305531E+01   0.119602E+01   0.526814E+00   0.688370E+00
 0.597474E+01   0.305132E+01   0.119305E+01   0.526319E+00   0.688370E+00
 0.598559E+01   0.304734E+01   0.119007E+01   0.525824E+00   0.688370E+00
 0.599716E+01   0.304308E+01   0.118691E+01   0.525297E+00   0.688370E+00
 0.600802E+01   0.303909E+01   0.118393E+01   0.524800E+00   0.688370E+00
 0.601890E+01   0.303509E+01   0.118096E+01   0.524303E+00   0.688370E+00
 0.602977E+01   0.303109E+01   0.117798E+01   0.523806E+00   0.688370E+00
 0.604066E+01   0.302709E+01   0.117500E+01   0.523308E+00   0.688370E+00
 0.605155E+01   0.302309E+01   0.117203E+01   0.522809E+00   0.688370E+00
 0.606244E+01   0.301909E+01   0.116905E+01   0.522310E+00   0.688370E+00
 0.607334E+01   0.301508E+01   0.116608E+01   0.521811E+00   0.688370E+00
 0.608425E+01   0.301108E+01   0.116310E+01   0.521310E+00   0.688370E+00
 0.609516E+01   0.300707E+01   0.116012E+01   0.520809E+00   0.688370E+00
 0.610694E+01   0.300274E+01   0.115691E+01   0.520268E+00   0.688370E+00
 0.611787E+01   0.299873E+01   0.115393E+01   0.519766E+00   0.688370E+00
 0.612880E+01   0.299471E+01   0.115095E+01   0.519264E+00   0.688370E+00
 0.613974E+01   0.299069E+01   0.114797E+01   0.518760E+00   0.688370E+00
 0.615068E+01   0.298667E+01   0.114499E+01   0.518256E+00   0.688370E+00
 0.616163E+01   0.298265E+01   0.114201E+01   0.517752E+00   0.688370E+00
 0.617259E+01   0.297863E+01   0.113903E+01   0.517247E+00   0.688370E+00
 0.618355E+01   0.297461E+01   0.113605E+01   0.516741E+00   0.688370E+00
 0.619451E+01   0.297059E+01   0.113308E+01   0.516235E+00   0.688370E+00
 0.620548E+01   0.296656E+01   0.113010E+01   0.515729E+00   0.688370E+00
 0.621725E+01   0.296224E+01   0.112690E+01   0.515185E+00   0.688370E+00
 0.622823E+01   0.295821E+01   0.112392E+01   0.514677E+00   0.688370E+00
 0.623923E+01   0.295418E+01   0.112094E+01   0.514169E+00   0.688370E+00
 0.625022E+01   0.295015E+01   0.111796E+01   0.513660E+00   0.688370E+00
 0.626123E+01   0.294612E+01   0.111498E+01   0.513150E+00   0.688370E+00
 0.627223E+01   0.294208E+01   0.111200E+01   0.512640E+00   0.688370E+00
 0.628325E+01   0.293804E+01   0.110903E+01   0.512129E+00   0.688370E+00
 0.629426E+01   0.293401E+01   0.110605E+01   0.511618E+00   0.688370E+00
 0.630529E+01   0.292997E+01   0.110307E+01   0.511107E+00   0.688370E+00
 0.631631E+01   0.292593E+01   0.110009E+01   0.510595E+00   0.688370E+00
 0.632743E+01   0.292186E+01   0.109709E+01   0.510078E+00   0.688370E+00
 0.633848E+01   0.291781E+01   0.109411E+01   0.509564E+00   0.688370E+00
 0.634953E+01   0.291377E+01   0.109113E+01   0.509051E+00   0.688370E+00
 0.636058E+01   0.290972E+01   0.108815E+01   0.508536E+00   0.688370E+00
 0.637164E+01   0.290567E+01   0.108518E+01   0.508021E+00   0.688370E+00
 0.638270E+01   0.290163E+01   0.108220E+01   0.507506E+00   0.688370E+00
 0.639377E+01   0.289758E+01   0.107922E+01   0.506990E+00   0.688370E+00
 0.640484E+01   0.289353E+01   0.107625E+01   0.506473E+00   0.688370E+00
 0.641592E+01   0.288948E+01   0.107327E+01   0.505956E+00   0.688370E+00
 0.642703E+01   0.288542E+01   0.107029E+01   0.505438E+00   0.688370E+00
 0.643812E+01   0.288136E+01   0.106731E+01   0.504920E+00   0.688370E+00
 0.644922E+01   0.287731E+01   0.106434E+01   0.504401E+00   0.688370E+00
 0.646033E+01   0.287325E+01   0.106136E+01   0.503882E+00   0.688370E+00
 0.647144E+01   0.286920E+01   0.105839E+01   0.503362E+00   0.688370E+00
 0.648255E+01   0.286514E+01   0.105542E+01   0.502842E+00   0.688370E+00
 0.649367E+01   0.286108E+01   0.105245E+01   0.502322E+00   0.688370E+00
 0.650479E+01   0.285703E+01   0.104947E+01   0.501800E+00   0.688370E+00
 0.651592E+01   0.285297E+01   0.104650E+01   0.501279E+00   0.688370E+00
 0.652705E+01   0.284891E+01   0.104353E+01   0.500757E+00   0.688370E+00
 0.653816E+01   0.284486E+01   0.104057E+01   0.500236E+00   0.688370E+00
 0.654931E+01   0.284080E+01   0.103760E+01   0.499713E+00   0.688370E+00
 0.656046E+01   0.283673E+01   0.103463E+01   0.499189E+00   0.688370E+00
 0.657162E+01   0.283267E+01   0.103167E+01   0.498665E+00   0.688370E+00
 0.658278E+01   0.282861E+01   0.102870E+01   0.498140E+00   0.688370E+00
 0.659395E+01   0.282454E+01   0.102573E+01   0.497615E+00   0.688370E+00
 0.660512E+01   0.282048E+01   0.102277E+01   0.497090E+00   0.688370E+00
 0.661629E+01   0.281641E+01   0.101980E+01   0.496564E+00   0.688370E+00
 0.662747E+01   0.281235E+01   0.101684E+01   0.496037E+00   0.688370E+00
 0.663866E+01   0.280828E+01   0.101388E+01   0.495510E+00   0.688370E+00
 0.664986E+01   0.280421E+01   0.101092E+01   0.494983E+00   0.688370E+00
 0.666106E+01   0.280015E+01   0.100796E+01   0.494455E+00   0.688370E+00
 0.667226E+01   0.279608E+01   0.100500E+01   0.493926E+00   0.688370E+00
 0.668347E+01   0.279201E+01   0.100204E+01   0.493397E+00   0.688370E+00
 0.669469E+01   0.278794E+01   0.999080E+00   0.492868E+00   0.688370E+00
 0.670590E+01   0.278387E+01   0.996124E+00   0.492338E+00   0.688370E+00
 0.671713E+01   0.277980E+01   0.993169E+00   0.491808E+00   0.688370E+00
 0.672835E+01   0.277573E+01   0.990215E+00   0.491277E+00   0.688370E+00
 0.673959E+01   0.277166E+01   0.987263E+00   0.490746E+00   0.688370E+00
 0.675078E+01   0.276761E+01   0.984322E+00   0.490216E+00   0.688370E+00
 0.676203E+01   0.276353E+01   0.981370E+00   0.489684E+00   0.688370E+00
 0.677328E+01   0.275946E+01   0.978420E+00   0.489152E+00   0.688370E+00
 0.678454E+01   0.275539E+01   0.975472E+00   0.488619E+00   0.688370E+00
 0.679580E+01   0.275132E+01   0.972525E+00   0.488085E+00   0.688370E+00
 0.680706E+01   0.274725E+01   0.969579E+00   0.487551E+00   0.688370E+00
 0.681833E+01   0.274318E+01   0.966635E+00   0.487017E+00   0.688370E+00
 0.682960E+01   0.273911E+01   0.963693E+00   0.486482E+00   0.688370E+00
 0.684087E+01   0.273504E+01   0.960752E+00   0.485947E+00   0.688370E+00
 0.685222E+01   0.273094E+01   0.957796E+00   0.485409E+00   0.688370E+00
 0.686351E+01   0.272687E+01   0.954857E+00   0.484873E+00   0.688370E+00
 0.687480E+01   0.272280E+01   0.951919E+00   0.484336E+00   0.688370E+00
 0.688610E+01   0.271873E+01   0.948983E+00   0.483799E+00   0.688370E+00
 0.689740E+01   0.271465E+01   0.946048E+00   0.483262E+00   0.688370E+00
 0.690871E+01   0.271058E+01   0.943115E+00   0.482724E+00   0.688370E+00
 0.692002E+01   0.270651E+01   0.940184E+00   0.482186E+00   0.688370E+00
 0.693134E+01   0.270244E+01   0.937254E+00   0.481648E+00   0.688370E+00
 0.694266E+01   0.269837E+01   0.934326E+00   0.481109E+00   0.688370E+00
 0.695398E+01   0.269430E+01   0.931400E+00   0.480569E+00   0.688370E+00
 0.696545E+01   0.269018E+01   0.928441E+00   0.480023E+00   0.688370E+00
 0.697679E+01   0.268611E+01   0.925516E+00   0.479483E+00   0.688370E+00
 0.698813E+01   0.268203E+01   0.922594E+00   0.478942E+00   0.688370E+00
 0.699948E+01   0.267796E+01   0.919673E+00   0.478401E+00   0.688370E+00
 0.701083E+01   0.267389E+01   0.916754E+00   0.477859E+00   0.688370E+00
 0.702218E+01   0.266982E+01   0.913838E+00   0.477318E+00   0.688370E+00
 0.703354E+01   0.266575E+01   0.910923E+00   0.476775E+00   0.688370E+00
 0.704490E+01   0.266169E+01   0.908010E+00   0.476233E+00   0.688370E+00
 0.705627E+01   0.265762E+01   0.905100E+00   0.475690E+00   0.688370E+00
 0.706886E+01   0.265311E+01   0.901878E+00   0.475088E+00   0.688370E+00
 0.708024E+01   0.264904E+01   0.898970E+00   0.474544E+00   0.688370E+00
 0.709163E+01   0.264497E+01   0.896063E+00   0.474000E+00   0.688370E+00
 0.710302E+01   0.264091E+01   0.893159E+00   0.473455E+00   0.688370E+00
 0.711441E+01   0.263684E+01   0.890257E+00   0.472910E+00   0.688370E+00
 0.712580E+01   0.263277E+01   0.887357E+00   0.472364E+00   0.688370E+00
 0.713720E+01   0.262871E+01   0.884460E+00   0.471819E+00   0.688370E+00
 0.714861E+01   0.262464E+01   0.881564E+00   0.471273E+00   0.688370E+00
 0.716002E+01   0.262058E+01   0.878671E+00   0.470726E+00   0.688370E+00
 0.717132E+01   0.261655E+01   0.875805E+00   0.470184E+00   0.688370E+00
 0.718275E+01   0.261249E+01   0.872914E+00   0.469637E+00   0.688370E+00
 0.719417E+01   0.260842E+01   0.870026E+00   0.469089E+00   0.688370E+00
 0.720560E+01   0.260436E+01   0.867140E+00   0.468541E+00   0.688370E+00
 0.721703E+01   0.260030E+01   0.864256E+00   0.467992E+00   0.688370E+00
 0.722847E+01   0.259624E+01   0.861375E+00   0.467444E+00   0.688370E+00
 0.723991E+01   0.259218E+01   0.858496E+00   0.466894E+00   0.688370E+00
 0.725135E+01   0.258812E+01   0.855619E+00   0.466345E+00   0.688370E+00
 0.726280E+01   0.258406E+01   0.852745E+00   0.465795E+00   0.688370E+00
 0.727407E+01   0.258007E+01   0.849918E+00   0.465254E+00   0.688370E+00
 0.728553E+01   0.257601E+01   0.847046E+00   0.464703E+00   0.688370E+00
 0.729699E+01   0.257195E+01   0.844177E+00   0.464152E+00   0.688370E+00
 0.730846E+01   0.256790E+01   0.841311E+00   0.463601E+00   0.688370E+00
 0.731993E+01   0.256384E+01   0.838448E+00   0.463049E+00   0.688370E+00
 0.733140E+01   0.255979E+01   0.835586E+00   0.462497E+00   0.688370E+00
 0.734288E+01   0.255574E+01   0.832728E+00   0.461945E+00   0.688370E+00
 0.735435E+01   0.255169E+01   0.829874E+00   0.461393E+00   0.688370E+00
 0.736582E+01   0.254764E+01   0.827023E+00   0.460841E+00   0.688370E+00
 0.737723E+01   0.254362E+01   0.824192E+00   0.460291E+00   0.688370E+00
 0.738869E+01   0.253959E+01   0.821352E+00   0.459739E+00   0.688370E+00
 0.740014E+01   0.253555E+01   0.818517E+00   0.459188E+00   0.688370E+00
 0.741159E+01   0.253153E+01   0.815687E+00   0.458636E+00   0.688370E+00
 0.742303E+01   0.252750E+01   0.812861E+00   0.458085E+00   0.688370E+00
 0.743447E+01   0.252348E+01   0.810039E+00   0.457533E+00   0.688370E+00
 0.744590E+01   0.251947E+01   0.807222E+00   0.456982E+00   0.688370E+00
 0.745734E+01   0.251545E+01   0.804409E+00   0.456430E+00   0.688370E+00
 0.746876E+01   0.251145E+01   0.801600E+00   0.455879E+00   0.688370E+00
 0.748102E+01   0.250715E+01   0.798592E+00   0.455287E+00   0.688370E+00
 0.749243E+01   0.250315E+01   0.795795E+00   0.454736E+00   0.688370E+00
 0.750384E+01   0.249916E+01   0.793002E+00   0.454186E+00   0.688370E+00
 0.751525E+01   0.249517E+01   0.790214E+00   0.453635E+00   0.688370E+00
 0.752665E+01   0.249118E+01   0.787430E+00   0.453084E+00   0.688370E+00
 0.753804E+01   0.248720E+01   0.784652E+00   0.452534E+00   0.688370E+00
 0.754943E+01   0.248322E+01   0.781878E+00   0.451983E+00   0.688370E+00
 0.756082E+01   0.247925E+01   0.779108E+00   0.451433E+00   0.688370E+00
 0.757220E+01   0.247527E+01   0.776343E+00   0.450882E+00   0.688370E+00
 0.758445E+01   0.247100E+01   0.773371E+00   0.450290E+00   0.688370E+00
 0.759582E+01   0.246705E+01   0.770617E+00   0.449740E+00   0.688370E+00
 0.760718E+01   0.246309E+01   0.767868E+00   0.449191E+00   0.688370E+00
 0.761854E+01   0.245914E+01   0.765124E+00   0.448641E+00   0.688370E+00
 0.762989E+01   0.245519E+01   0.762385E+00   0.448092E+00   0.688370E+00
 0.764124E+01   0.245125E+01   0.759650E+00   0.447542E+00   0.688370E+00
 0.765258E+01   0.244731E+01   0.756920E+00   0.446993E+00   0.688370E+00
 0.766392E+01   0.244338E+01   0.754194E+00   0.446444E+00   0.688370E+00
 0.767526E+01   0.243944E+01   0.751474E+00   0.445895E+00   0.688370E+00
 0.768731E+01   0.243527E+01   0.748586E+00   0.445311E+00   0.688370E+00
 0.769862E+01   0.243135E+01   0.745877E+00   0.444763E+00   0.688370E+00
 0.770994E+01   0.242744E+01   0.743173E+00   0.444215E+00   0.688370E+00
 0.772124E+01   0.242352E+01   0.740474E+00   0.443666E+00   0.688370E+00
 0.773255E+01   0.241962E+01   0.737780E+00   0.443118E+00   0.688370E+00
 0.774385E+01   0.241572E+01   0.735090E+00   0.442571E+00   0.688370E+00
 0.775514E+01   0.241182E+01   0.732405E+00   0.442023E+00   0.688370E+00
 0.776643E+01   0.240792E+01   0.729725E+00   0.441475E+00   0.688370E+00
 0.777772E+01   0.240403E+01   0.727049E+00   0.440927E+00   0.688370E+00
 0.778926E+01   0.240006E+01   0.724318E+00   0.440367E+00   0.688370E+00
 0.780052E+01   0.239618E+01   0.721655E+00   0.439820E+00   0.688370E+00
 0.781179E+01   0.239231E+01   0.718996E+00   0.439274E+00   0.688370E+00
 0.782304E+01   0.238844E+01   0.716343E+00   0.438727E+00   0.688370E+00
 0.783429E+01   0.238457E+01   0.713695E+00   0.438181E+00   0.688370E+00
 0.784554E+01   0.238071E+01   0.711051E+00   0.437634E+00   0.688370E+00
 0.785679E+01   0.237685E+01   0.708412E+00   0.437088E+00   0.688370E+00
 0.786802E+01   0.237300E+01   0.705778E+00   0.436542E+00   0.688370E+00
 0.787926E+01   0.236915E+01   0.703148E+00   0.435996E+00   0.688370E+00
 0.789049E+01   0.236530E+01   0.700524E+00   0.435450E+00   0.688370E+00
 0.790170E+01   0.236147E+01   0.697907E+00   0.434905E+00   0.688370E+00
 0.791291E+01   0.235764E+01   0.695296E+00   0.434360E+00   0.688370E+00
 0.792411E+01   0.235381E+01   0.692689E+00   0.433815E+00   0.688370E+00
 0.793531E+01   0.234998E+01   0.690087E+00   0.433271E+00   0.688370E+00
 0.794651E+01   0.234617E+01   0.687490E+00   0.432726E+00   0.688370E+00
 0.795769E+01   0.234235E+01   0.684897E+00   0.432182E+00   0.688370E+00
 0.796888E+01   0.233854E+01   0.682310E+00   0.431637E+00   0.688370E+00
 0.798006E+01   0.233473E+01   0.679728E+00   0.431093E+00   0.688370E+00
 0.799123E+01   0.233093E+01   0.677150E+00   0.430549E+00   0.688370E+00
 0.800254E+01   0.232709E+01   0.674547E+00   0.429999E+00   0.688370E+00
 0.801369E+01   0.232330E+01   0.671983E+00   0.429456E+00   0.688370E+00
 0.802483E+01   0.231951E+01   0.669424E+00   0.428913E+00   0.688370E+00
 0.803598E+01   0.231573E+01   0.666870E+00   0.428370E+00   0.688370E+00
 0.804711E+01   0.231196E+01   0.664320E+00   0.427828E+00   0.688370E+00
 0.805824E+01   0.230819E+01   0.661776E+00   0.427285E+00   0.688370E+00
 0.806937E+01   0.230442E+01   0.659236E+00   0.426743E+00   0.688370E+00
 0.808049E+01   0.230065E+01   0.656702E+00   0.426201E+00   0.688370E+00
 0.809161E+01   0.229690E+01   0.654173E+00   0.425659E+00   0.688370E+00
 0.810235E+01   0.229327E+01   0.651732E+00   0.425135E+00   0.688370E+00
 0.811345E+01   0.228952E+01   0.649216E+00   0.424594E+00   0.688370E+00
 0.812453E+01   0.228578E+01   0.646705E+00   0.424053E+00   0.688370E+00
 0.813561E+01   0.228204E+01   0.644199E+00   0.423513E+00   0.688370E+00
 0.814669E+01   0.227831E+01   0.641698E+00   0.422972E+00   0.688370E+00
 0.815776E+01   0.227458E+01   0.639202E+00   0.422432E+00   0.688370E+00
 0.816883E+01   0.227086E+01   0.636711E+00   0.421892E+00   0.688370E+00
 0.817989E+01   0.226714E+01   0.634225E+00   0.421352E+00   0.688370E+00
 0.819095E+01   0.226342E+01   0.631744E+00   0.420812E+00   0.688370E+00
 0.820270E+01   0.225948E+01   0.629111E+00   0.420239E+00   0.688370E+00
 0.821373E+01   0.225578E+01   0.626644E+00   0.419700E+00   0.688370E+00
 0.822475E+01   0.225208E+01   0.624183E+00   0.419162E+00   0.688370E+00
 0.823577E+01   0.224839E+01   0.621727E+00   0.418623E+00   0.688370E+00
 0.824678E+01   0.224470E+01   0.619275E+00   0.418085E+00   0.688370E+00
 0.825779E+01   0.224102E+01   0.616829E+00   0.417548E+00   0.688370E+00
 0.826879E+01   0.223734E+01   0.614388E+00   0.417010E+00   0.688370E+00
 0.827978E+01   0.223367E+01   0.611952E+00   0.416473E+00   0.688370E+00
 0.829078E+01   0.223000E+01   0.609521E+00   0.415935E+00   0.688370E+00
 0.830209E+01   0.222622E+01   0.607022E+00   0.415382E+00   0.688370E+00
 0.831305E+01   0.222257E+01   0.604606E+00   0.414846E+00   0.688370E+00
 0.832401E+01   0.221892E+01   0.602195E+00   0.414310E+00   0.688370E+00
 0.833496E+01   0.221527E+01   0.599789E+00   0.413774E+00   0.688370E+00
 0.834590E+01   0.221163E+01   0.597388E+00   0.413239E+00   0.688370E+00
 0.835684E+01   0.220799E+01   0.594992E+00   0.412704E+00   0.688370E+00
 0.836778E+01   0.220436E+01   0.592601E+00   0.412169E+00   0.688370E+00
 0.837871E+01   0.220073E+01   0.590215E+00   0.411634E+00   0.688370E+00
 0.838963E+01   0.219711E+01   0.587834E+00   0.411099E+00   0.688370E+00
 0.840055E+01   0.219349E+01   0.585459E+00   0.410564E+00   0.688370E+00
 0.841172E+01   0.218979E+01   0.583031E+00   0.410017E+00   0.688370E+00
 0.842261E+01   0.218618E+01   0.580670E+00   0.409484E+00   0.688370E+00
 0.843348E+01   0.218258E+01   0.578315E+00   0.408951E+00   0.688370E+00
 0.844436E+01   0.217899E+01   0.575965E+00   0.408418E+00   0.688370E+00
 0.845522E+01   0.217540E+01   0.573620E+00   0.407886E+00   0.688370E+00
 0.846609E+01   0.217181E+01   0.571280E+00   0.407354E+00   0.688370E+00
 0.847694E+01   0.216823E+01   0.568946E+00   0.406822E+00   0.688370E+00
 0.848779E+01   0.216465E+01   0.566616E+00   0.406290E+00   0.688370E+00
 0.849864E+01   0.216108E+01   0.564291E+00   0.405758E+00   0.688370E+00
 0.850900E+01   0.215767E+01   0.562074E+00   0.405250E+00   0.688370E+00
 0.851980E+01   0.215411E+01   0.559766E+00   0.404720E+00   0.688370E+00
 0.853061E+01   0.215056E+01   0.557462E+00   0.404190E+00   0.688370E+00
 0.854140E+01   0.214701E+01   0.555163E+00   0.403660E+00   0.688370E+00
 0.855219E+01   0.214347E+01   0.552869E+00   0.403131E+00   0.688370E+00
 0.856298E+01   0.213993E+01   0.550581E+00   0.402601E+00   0.688370E+00
 0.857376E+01   0.213640E+01   0.548298E+00   0.402072E+00   0.688370E+00
 0.858453E+01   0.213287E+01   0.546019E+00   0.401543E+00   0.688370E+00
 0.859530E+01   0.212934E+01   0.543746E+00   0.401014E+00   0.688370E+00
 0.860606E+01   0.212582E+01   0.541478E+00   0.400486E+00   0.688370E+00
 0.861679E+01   0.212231E+01   0.539221E+00   0.399959E+00   0.688370E+00
 0.862751E+01   0.211881E+01   0.536970E+00   0.399432E+00   0.688370E+00
 0.863823E+01   0.211531E+01   0.534724E+00   0.398906E+00   0.688370E+00
 0.864894E+01   0.211181E+01   0.532482E+00   0.398379E+00   0.688370E+00
 0.865964E+01   0.210832E+01   0.530246E+00   0.397853E+00   0.688370E+00
 0.867034E+01   0.210483E+01   0.528015E+00   0.397327E+00   0.688370E+00
 0.868103E+01   0.210135E+01   0.525789E+00   0.396801E+00   0.688370E+00
 0.869172E+01   0.209787E+01   0.523568E+00   0.396276E+00   0.688370E+00
 0.870240E+01   0.209440E+01   0.521352E+00   0.395750E+00   0.688370E+00
 0.872285E+01   0.208776E+01   0.517121E+00   0.394744E+00   0.688370E+00
 0.873348E+01   0.208430E+01   0.514928E+00   0.394221E+00   0.688370E+00
 0.874410E+01   0.208086E+01   0.512739E+00   0.393698E+00   0.688370E+00
 0.875472E+01   0.207741E+01   0.510555E+00   0.393175E+00   0.688370E+00
 0.876534E+01   0.207398E+01   0.508376E+00   0.392653E+00   0.688370E+00
 0.877594E+01   0.207054E+01   0.506203E+00   0.392130E+00   0.688370E+00
 0.878654E+01   0.206711E+01   0.504034E+00   0.391608E+00   0.688370E+00
 0.879714E+01   0.206369E+01   0.501871E+00   0.391086E+00   0.688370E+00
 0.880772E+01   0.206026E+01   0.499712E+00   0.390564E+00   0.688370E+00
 0.881857E+01   0.205676E+01   0.497505E+00   0.390030E+00   0.688370E+00
 0.882911E+01   0.205336E+01   0.495364E+00   0.389510E+00   0.688370E+00
 0.883965E+01   0.204996E+01   0.493229E+00   0.388990E+00   0.688370E+00
 0.885017E+01   0.204657E+01   0.491099E+00   0.388471E+00   0.688370E+00
 0.886070E+01   0.204318E+01   0.488973E+00   0.387952E+00   0.688370E+00
 0.887121E+01   0.203979E+01   0.486853E+00   0.387433E+00   0.688370E+00
 0.888172E+01   0.203641E+01   0.484738E+00   0.386915E+00   0.688370E+00
 0.889222E+01   0.203304E+01   0.482628E+00   0.386396E+00   0.688370E+00
 0.890272E+01   0.202966E+01   0.480523E+00   0.385878E+00   0.688370E+00
 0.891429E+01   0.202595E+01   0.478208E+00   0.385307E+00   0.688370E+00
 0.892473E+01   0.202260E+01   0.476121E+00   0.384791E+00   0.688370E+00
 0.893517E+01   0.201925E+01   0.474040E+00   0.384275E+00   0.688370E+00
 0.894560E+01   0.201591E+01   0.471965E+00   0.383760E+00   0.688370E+00
 0.895602E+01   0.201257E+01   0.469894E+00   0.383244E+00   0.688370E+00
 0.896644E+01   0.200923E+01   0.467828E+00   0.382729E+00   0.688370E+00
 0.897685E+01   0.200590E+01   0.465768E+00   0.382215E+00   0.688370E+00
 0.898725E+01   0.200258E+01   0.463712E+00   0.381700E+00   0.688370E+00
 0.899765E+01   0.199925E+01   0.461661E+00   0.381186E+00   0.688370E+00
 0.900805E+01   0.199594E+01   0.459616E+00   0.380671E+00   0.688370E+00
 0.901923E+01   0.199237E+01   0.457419E+00   0.380118E+00   0.688370E+00
 0.902956E+01   0.198907E+01   0.455393E+00   0.379606E+00   0.688370E+00
 0.903989E+01   0.198578E+01   0.453372E+00   0.379095E+00   0.688370E+00
 0.905021E+01   0.198249E+01   0.451356E+00   0.378584E+00   0.688370E+00
 0.906052E+01   0.197921E+01   0.449345E+00   0.378073E+00   0.688370E+00
 0.907082E+01   0.197593E+01   0.447339E+00   0.377562E+00   0.688370E+00
 0.908112E+01   0.197265E+01   0.445339E+00   0.377051E+00   0.688370E+00
 0.909141E+01   0.196938E+01   0.443343E+00   0.376541E+00   0.688370E+00
 0.910170E+01   0.196611E+01   0.441352E+00   0.376031E+00   0.688370E+00
 0.911198E+01   0.196285E+01   0.439367E+00   0.375521E+00   0.688370E+00
 0.912222E+01   0.195960E+01   0.437392E+00   0.375013E+00   0.688370E+00
 0.913244E+01   0.195636E+01   0.435426E+00   0.374505E+00   0.688370E+00
 0.914265E+01   0.195312E+01   0.433465E+00   0.373998E+00   0.688370E+00
 0.915285E+01   0.194989E+01   0.431509E+00   0.373492E+00   0.688370E+00
 0.916305E+01   0.194666E+01   0.429557E+00   0.372985E+00   0.688370E+00
 0.917324E+01   0.194344E+01   0.427611E+00   0.372479E+00   0.688370E+00
 0.918343E+01   0.194022E+01   0.425670E+00   0.371972E+00   0.688370E+00
 0.919360E+01   0.193700E+01   0.423734E+00   0.371466E+00   0.688370E+00
 0.920377E+01   0.193379E+01   0.421803E+00   0.370961E+00   0.688370E+00
 0.921414E+01   0.193051E+01   0.419838E+00   0.370445E+00   0.688370E+00
 0.922425E+01   0.192732E+01   0.417926E+00   0.369942E+00   0.688370E+00
 0.923434E+01   0.192414E+01   0.416021E+00   0.369439E+00   0.688370E+00
 0.924443E+01   0.192096E+01   0.414120E+00   0.368937E+00   0.688370E+00
 0.925451E+01   0.191778E+01   0.412224E+00   0.368435E+00   0.688370E+00
 0.926458E+01   0.191461E+01   0.410333E+00   0.367933E+00   0.688370E+00
 0.927465E+01   0.191144E+01   0.408447E+00   0.367431E+00   0.688370E+00
 0.928471E+01   0.190827E+01   0.406566E+00   0.366930E+00   0.688370E+00
 0.929476E+01   0.190511E+01   0.404690E+00   0.366428E+00   0.688370E+00
 0.930480E+01   0.190195E+01   0.402819E+00   0.365927E+00   0.688370E+00
 0.932443E+01   0.189579E+01   0.399174E+00   0.364948E+00   0.688370E+00
 0.934435E+01   0.188954E+01   0.395488E+00   0.363952E+00   0.688370E+00
 0.936424E+01   0.188330E+01   0.391822E+00   0.362958E+00   0.688370E+00
 0.938411E+01   0.187707E+01   0.388175E+00   0.361965E+00   0.688370E+00
 0.940395E+01   0.187087E+01   0.384547E+00   0.360972E+00   0.688370E+00
 0.941395E+01   0.186774E+01   0.382723E+00   0.360471E+00   0.688370E+00
 0.943361E+01   0.186159E+01   0.379149E+00   0.359485E+00   0.688370E+00
 0.945324E+01   0.185546E+01   0.375594E+00   0.358501E+00   0.688370E+00
 0.947285E+01   0.184934E+01   0.372058E+00   0.357517E+00   0.688370E+00
 0.949242E+01   0.184324E+01   0.368542E+00   0.356534E+00   0.688370E+00
 0.951196E+01   0.183715E+01   0.365044E+00   0.355551E+00   0.688370E+00
 0.953141E+01   0.183109E+01   0.361578E+00   0.354573E+00   0.688370E+00
 0.955075E+01   0.182507E+01   0.358145E+00   0.353599E+00   0.688370E+00
 0.957006E+01   0.181907E+01   0.354731E+00   0.352626E+00   0.688370E+00
 0.958934E+01   0.181308E+01   0.351335E+00   0.351653E+00   0.688370E+00
 0.960665E+01   0.180770E+01   0.348298E+00   0.350779E+00   0.688370E+00
 0.962316E+01   0.180258E+01   0.345412E+00   0.349945E+00   0.688370E+00
 0.964220E+01   0.179667E+01   0.342095E+00   0.348982E+00   0.688370E+00
 0.966121E+01   0.179078E+01   0.338797E+00   0.348020E+00   0.688370E+00
 0.968019E+01   0.178490E+01   0.335518E+00   0.347058E+00   0.688370E+00
 0.969914E+01   0.177903E+01   0.332257E+00   0.346097E+00   0.688370E+00
 0.971780E+01   0.177326E+01   0.329059E+00   0.345149E+00   0.688370E+00
 0.973652E+01   0.176746E+01   0.325864E+00   0.344198E+00   0.688370E+00
 0.975521E+01   0.176169E+01   0.322687E+00   0.343247E+00   0.688370E+00
 0.977386E+01   0.175592E+01   0.319528E+00   0.342297E+00   0.688370E+00
 0.979249E+01   0.175017E+01   0.316387E+00   0.341347E+00   0.688370E+00
 0.980854E+01   0.174521E+01   0.313691E+00   0.340528E+00   0.688370E+00
 0.982692E+01   0.173953E+01   0.310613E+00   0.339588E+00   0.688370E+00
 0.984528E+01   0.173387E+01   0.307554E+00   0.338649E+00   0.688370E+00
 0.986360E+01   0.172821E+01   0.304513E+00   0.337711E+00   0.688370E+00
 0.988189E+01   0.172257E+01   0.301489E+00   0.336773E+00   0.688370E+00
 0.989675E+01   0.171799E+01   0.299042E+00   0.336010E+00   0.688370E+00
 0.991488E+01   0.171240E+01   0.296065E+00   0.335077E+00   0.688370E+00
 0.993289E+01   0.170685E+01   0.293123E+00   0.334151E+00   0.688370E+00
 0.995086E+01   0.170131E+01   0.290198E+00   0.333224E+00   0.688370E+00
 0.996880E+01   0.169578E+01   0.287290E+00   0.332299E+00   0.688370E+00
 0.998671E+01   0.169026E+01   0.284399E+00   0.331373E+00   0.688370E+00
 0.100038E+02   0.168499E+01   0.281649E+00   0.330488E+00   0.688370E+00
 0.100215E+02   0.167955E+01   0.278825E+00   0.329574E+00   0.688370E+00
 0.100391E+02   0.167413E+01   0.276017E+00   0.328660E+00   0.688370E+00
 0.100566E+02   0.166871E+01   0.273227E+00   0.327747E+00   0.688370E+00
 0.100742E+02   0.166331E+01   0.270453E+00   0.326834E+00   0.688370E+00
 0.100917E+02   0.165792E+01   0.267696E+00   0.325922E+00   0.688370E+00
 0.101085E+02   0.165272E+01   0.265052E+00   0.325042E+00   0.688370E+00
 0.101258E+02   0.164741E+01   0.262362E+00   0.324142E+00   0.688370E+00
 0.101429E+02   0.164211E+01   0.259688E+00   0.323242E+00   0.688370E+00
 0.101601E+02   0.163682E+01   0.257030E+00   0.322342E+00   0.688370E+00
 0.101772E+02   0.163154E+01   0.254389E+00   0.321442E+00   0.688370E+00
 0.101943E+02   0.162627E+01   0.251763E+00   0.320543E+00   0.688370E+00
 0.102111E+02   0.162107E+01   0.249189E+00   0.319656E+00   0.688370E+00
 0.102279E+02   0.161589E+01   0.246631E+00   0.318769E+00   0.688370E+00
 0.102447E+02   0.161071E+01   0.244089E+00   0.317883E+00   0.688370E+00
 0.102614E+02   0.160555E+01   0.241562E+00   0.316997E+00   0.688370E+00
 0.102781E+02   0.160039E+01   0.239050E+00   0.316111E+00   0.688370E+00
 0.102948E+02   0.159521E+01   0.236541E+00   0.315220E+00   0.688370E+00
 0.103112E+02   0.159014E+01   0.234096E+00   0.314347E+00   0.688370E+00
 0.103276E+02   0.158508E+01   0.231668E+00   0.313474E+00   0.688370E+00
 0.103439E+02   0.158002E+01   0.229254E+00   0.312602E+00   0.688370E+00
 0.103602E+02   0.157498E+01   0.226855E+00   0.311729E+00   0.688370E+00
 0.103729E+02   0.157103E+01   0.224985E+00   0.311045E+00   0.688370E+00
 0.103892E+02   0.156595E+01   0.222595E+00   0.310166E+00   0.688370E+00
 0.104052E+02   0.156100E+01   0.220274E+00   0.309307E+00   0.688370E+00
 0.104211E+02   0.155606E+01   0.217968E+00   0.308448E+00   0.688370E+00
 0.104369E+02   0.155113E+01   0.215677E+00   0.307590E+00   0.688370E+00
 0.104528E+02   0.154620E+01   0.213400E+00   0.306731E+00   0.688370E+00
 0.104652E+02   0.154231E+01   0.211614E+00   0.306054E+00   0.688370E+00
 0.104814E+02   0.153728E+01   0.209308E+00   0.305174E+00   0.688370E+00
 0.104969E+02   0.153245E+01   0.207109E+00   0.304330E+00   0.688370E+00
 0.105123E+02   0.152762E+01   0.204924E+00   0.303485E+00   0.688370E+00
 0.105277E+02   0.152280E+01   0.202752E+00   0.302641E+00   0.688370E+00
 0.105431E+02   0.151799E+01   0.200595E+00   0.301796E+00   0.688370E+00
 0.105584E+02   0.151319E+01   0.198451E+00   0.300952E+00   0.688370E+00
 0.105728E+02   0.150866E+01   0.196442E+00   0.300155E+00   0.688370E+00
 0.105878E+02   0.150394E+01   0.194362E+00   0.299325E+00   0.688370E+00
 0.106028E+02   0.149924E+01   0.192295E+00   0.298495E+00   0.688370E+00
 0.106177E+02   0.149453E+01   0.190242E+00   0.297664E+00   0.688370E+00
 0.106326E+02   0.148984E+01   0.188202E+00   0.296834E+00   0.688370E+00
 0.106475E+02   0.148514E+01   0.186175E+00   0.296003E+00   0.688370E+00
 0.106622E+02   0.148050E+01   0.184180E+00   0.295180E+00   0.688370E+00
 0.106767E+02   0.147590E+01   0.182216E+00   0.294364E+00   0.688370E+00
 0.106912E+02   0.147131E+01   0.180265E+00   0.293548E+00   0.688370E+00
 0.107057E+02   0.146672E+01   0.178327E+00   0.292732E+00   0.688370E+00
 0.107201E+02   0.146213E+01   0.176401E+00   0.291916E+00   0.688370E+00
 0.107345E+02   0.145755E+01   0.174488E+00   0.291099E+00   0.688370E+00
 0.107482E+02   0.145319E+01   0.172677E+00   0.290321E+00   0.688370E+00
 0.107622E+02   0.144871E+01   0.170825E+00   0.289520E+00   0.688370E+00
 0.107762E+02   0.144423E+01   0.168985E+00   0.288718E+00   0.688370E+00
 0.107902E+02   0.143975E+01   0.167158E+00   0.287916E+00   0.688370E+00
 0.108041E+02   0.143527E+01   0.165342E+00   0.287114E+00   0.688370E+00
 0.108180E+02   0.143080E+01   0.163538E+00   0.286312E+00   0.688370E+00
 0.108293E+02   0.142718E+01   0.162086E+00   0.285661E+00   0.688370E+00
 0.108426E+02   0.142288E+01   0.160371E+00   0.284888E+00   0.688370E+00
 0.108561E+02   0.141851E+01   0.158636E+00   0.284101E+00   0.688370E+00
 0.108696E+02   0.141414E+01   0.156913E+00   0.283313E+00   0.688370E+00
 0.108831E+02   0.140977E+01   0.155201E+00   0.282525E+00   0.688370E+00
 0.108965E+02   0.140541E+01   0.153501E+00   0.281737E+00   0.688370E+00
 0.109099E+02   0.140105E+01   0.151812E+00   0.280948E+00   0.688370E+00
 0.109229E+02   0.139682E+01   0.150184E+00   0.280182E+00   0.688370E+00
 0.109359E+02   0.139255E+01   0.148553E+00   0.279409E+00   0.688370E+00
 0.109489E+02   0.138829E+01   0.146933E+00   0.278636E+00   0.688370E+00
 0.109619E+02   0.138403E+01   0.145323E+00   0.277862E+00   0.688370E+00
 0.109748E+02   0.137977E+01   0.143724E+00   0.277088E+00   0.688370E+00
 0.109877E+02   0.137551E+01   0.142137E+00   0.276313E+00   0.688370E+00
 0.109984E+02   0.137197E+01   0.140827E+00   0.275669E+00   0.688370E+00
 0.110108E+02   0.136787E+01   0.139315E+00   0.274922E+00   0.688370E+00
 0.110233E+02   0.136371E+01   0.137792E+00   0.274163E+00   0.688370E+00
 0.110358E+02   0.135956E+01   0.136279E+00   0.273403E+00   0.688370E+00
 0.110483E+02   0.135540E+01   0.134776E+00   0.272643E+00   0.688370E+00
 0.110607E+02   0.135124E+01   0.133283E+00   0.271882E+00   0.688370E+00
 0.110731E+02   0.134709E+01   0.131800E+00   0.271120E+00   0.688370E+00
 0.110850E+02   0.134310E+01   0.130386E+00   0.270388E+00   0.688370E+00
 0.110970E+02   0.133904E+01   0.128956E+00   0.269643E+00   0.688370E+00
 0.111091E+02   0.133498E+01   0.127536E+00   0.268897E+00   0.688370E+00
 0.111210E+02   0.133092E+01   0.126126E+00   0.268151E+00   0.688370E+00
 0.111330E+02   0.132686E+01   0.124726E+00   0.267404E+00   0.688370E+00
 0.111449E+02   0.132281E+01   0.123335E+00   0.266656E+00   0.688370E+00
 0.111600E+02   0.131764E+01   0.121579E+00   0.265704E+00   0.688370E+00
 0.111715E+02   0.131372E+01   0.120255E+00   0.264979E+00   0.688370E+00
 0.111830E+02   0.130976E+01   0.118927E+00   0.264247E+00   0.688370E+00
 0.111945E+02   0.130580E+01   0.117609E+00   0.263514E+00   0.688370E+00
 0.112060E+02   0.130184E+01   0.116299E+00   0.262781E+00   0.688370E+00
 0.112174E+02   0.129788E+01   0.114999E+00   0.262047E+00   0.688370E+00
 0.112288E+02   0.129392E+01   0.113707E+00   0.261312E+00   0.688370E+00
 0.112389E+02   0.129042E+01   0.112574E+00   0.260662E+00   0.688370E+00
 0.112501E+02   0.128650E+01   0.111312E+00   0.259934E+00   0.688370E+00
 0.112611E+02   0.128264E+01   0.110077E+00   0.259214E+00   0.688370E+00
 0.112721E+02   0.127877E+01   0.108851E+00   0.258494E+00   0.688370E+00
 0.112831E+02   0.127490E+01   0.107633E+00   0.257774E+00   0.688370E+00
 0.112940E+02   0.127103E+01   0.106423E+00   0.257052E+00   0.688370E+00
 0.113050E+02   0.126717E+01   0.105222E+00   0.256330E+00   0.688370E+00
 0.113151E+02   0.126354E+01   0.104104E+00   0.255652E+00   0.688370E+00
 0.113257E+02   0.125977E+01   0.102949E+00   0.254947E+00   0.688370E+00
 0.113362E+02   0.125600E+01   0.101803E+00   0.254241E+00   0.688370E+00
 0.113467E+02   0.125223E+01   0.100665E+00   0.253535E+00   0.688370E+00
 0.113572E+02   0.124845E+01   0.995351E-01   0.252827E+00   0.688370E+00
 0.113677E+02   0.124468E+01   0.984129E-01   0.252119E+00   0.688370E+00
 0.113781E+02   0.124090E+01   0.972987E-01   0.251410E+00   0.688370E+00
 0.113884E+02   0.123713E+01   0.961924E-01   0.250701E+00   0.688370E+00
 0.114030E+02   0.123182E+01   0.946521E-01   0.249702E+00   0.688370E+00
 0.114130E+02   0.122813E+01   0.935913E-01   0.249008E+00   0.688370E+00
 0.114230E+02   0.122444E+01   0.925379E-01   0.248313E+00   0.688370E+00
 0.114380E+02   0.121891E+01   0.909718E-01   0.247268E+00   0.688370E+00
 0.114529E+02   0.121337E+01   0.894222E-01   0.246221E+00   0.688370E+00
 0.114646E+02   0.120900E+01   0.882130E-01   0.245395E+00   0.688370E+00
 0.114790E+02   0.120360E+01   0.867350E-01   0.244374E+00   0.688370E+00
 0.114933E+02   0.119820E+01   0.852727E-01   0.243351E+00   0.688370E+00
 0.115075E+02   0.119280E+01   0.838261E-01   0.242326E+00   0.688370E+00
 0.115217E+02   0.118739E+01   0.823949E-01   0.241298E+00   0.688370E+00
 0.115349E+02   0.118232E+01   0.810687E-01   0.240334E+00   0.688370E+00
 0.115485E+02   0.117705E+01   0.797045E-01   0.239331E+00   0.688370E+00
 0.115621E+02   0.117177E+01   0.783551E-01   0.238325E+00   0.688370E+00
 0.115756E+02   0.116648E+01   0.770202E-01   0.237317E+00   0.688370E+00
 0.115891E+02   0.116119E+01   0.757001E-01   0.236307E+00   0.688370E+00
 0.116019E+02   0.115612E+01   0.744485E-01   0.235337E+00   0.688370E+00
 0.116149E+02   0.115097E+01   0.731922E-01   0.234351E+00   0.688370E+00
 0.116278E+02   0.114581E+01   0.719495E-01   0.233363E+00   0.688370E+00
 0.116406E+02   0.114065E+01   0.707204E-01   0.232373E+00   0.688370E+00
 0.116534E+02   0.113548E+01   0.695049E-01   0.231381E+00   0.688370E+00
 0.116657E+02   0.113049E+01   0.683464E-01   0.230423E+00   0.688370E+00
 0.116779E+02   0.112545E+01   0.671901E-01   0.229454E+00   0.688370E+00
 0.116902E+02   0.112041E+01   0.660468E-01   0.228484E+00   0.688370E+00
 0.117023E+02   0.111536E+01   0.649160E-01   0.227511E+00   0.688370E+00
 0.117144E+02   0.111031E+01   0.637979E-01   0.226536E+00   0.688370E+00
 0.117274E+02   0.110484E+01   0.626044E-01   0.225481E+00   0.688370E+00
 0.117390E+02   0.109992E+01   0.615432E-01   0.224530E+00   0.688370E+00
 0.117506E+02   0.109499E+01   0.604938E-01   0.223577E+00   0.688370E+00
 0.117621E+02   0.109005E+01   0.594562E-01   0.222621E+00   0.688370E+00
 0.117736E+02   0.108511E+01   0.584302E-01   0.221664E+00   0.688370E+00
 0.117849E+02   0.108017E+01   0.574160E-01   0.220704E+00   0.688370E+00
 0.117961E+02   0.107530E+01   0.564304E-01   0.219759E+00   0.688370E+00
 0.118070E+02   0.107048E+01   0.554675E-01   0.218824E+00   0.688370E+00
 0.118178E+02   0.106566E+01   0.545157E-01   0.217886E+00   0.688370E+00
 0.118287E+02   0.106083E+01   0.535745E-01   0.216946E+00   0.688370E+00
 0.118394E+02   0.105599E+01   0.526443E-01   0.216004E+00   0.688370E+00
 0.118499E+02   0.105124E+01   0.517423E-01   0.215078E+00   0.688370E+00
 0.118602E+02   0.104653E+01   0.508597E-01   0.214160E+00   0.688370E+00
 0.118705E+02   0.104182E+01   0.499871E-01   0.213239E+00   0.688370E+00
 0.118807E+02   0.103710E+01   0.491246E-01   0.212317E+00   0.688370E+00
 0.118908E+02   0.103237E+01   0.482721E-01   0.211393E+00   0.688370E+00
 0.119034E+02   0.102643E+01   0.472163E-01   0.210230E+00   0.688370E+00
 0.119164E+02   0.102029E+01   0.461443E-01   0.209028E+00   0.688370E+00
 0.119292E+02   0.101415E+01   0.450889E-01   0.207823E+00   0.688370E+00
 0.119419E+02   0.100799E+01   0.440499E-01   0.206614E+00   0.688370E+00
 0.119545E+02   0.100186E+01   0.430341E-01   0.205410E+00   0.688370E+00
 0.119666E+02   0.995866E+00   0.420575E-01   0.204231E+00   0.688370E+00
 0.119787E+02   0.989861E+00   0.410962E-01   0.203049E+00   0.688370E+00
 0.119907E+02   0.983843E+00   0.401499E-01   0.201863E+00   0.688370E+00
 0.120025E+02   0.977806E+00   0.392174E-01   0.200672E+00   0.688370E+00
 0.120140E+02   0.971950E+00   0.383288E-01   0.199516E+00   0.688370E+00
 0.120253E+02   0.966083E+00   0.374541E-01   0.198357E+00   0.688370E+00
 0.120365E+02   0.960206E+00   0.365936E-01   0.197195E+00   0.688370E+00
 0.120476E+02   0.954318E+00   0.357467E-01   0.196030E+00   0.688370E+00
 0.120584E+02   0.948565E+00   0.349340E-01   0.194890E+00   0.688370E+00
 0.120690E+02   0.942837E+00   0.341391E-01   0.193755E+00   0.688370E+00
 0.120795E+02   0.937100E+00   0.333573E-01   0.192616E+00   0.688370E+00
 0.120899E+02   0.931351E+00   0.325879E-01   0.191475E+00   0.688370E+00
 0.121006E+02   0.925405E+00   0.318068E-01   0.190293E+00   0.688370E+00
 0.121129E+02   0.918415E+00   0.309075E-01   0.188903E+00   0.688370E+00
 0.121252E+02   0.911411E+00   0.300265E-01   0.187509E+00   0.688370E+00
 0.121373E+02   0.904391E+00   0.291636E-01   0.186110E+00   0.688370E+00
 0.121494E+02   0.897285E+00   0.283102E-01   0.184692E+00   0.688370E+00
 0.121608E+02   0.890456E+00   0.275089E-01   0.183329E+00   0.688370E+00
 0.121722E+02   0.883612E+00   0.267242E-01   0.181962E+00   0.688370E+00
 0.121839E+02   0.876457E+00   0.259230E-01   0.180531E+00   0.688370E+00
 0.121946E+02   0.869800E+00   0.251950E-01   0.179199E+00   0.688370E+00
 0.122052E+02   0.863131E+00   0.244824E-01   0.177863E+00   0.688370E+00
 0.122156E+02   0.856448E+00   0.237847E-01   0.176523E+00   0.688370E+00
 0.122258E+02   0.849889E+00   0.231156E-01   0.175207E+00   0.688370E+00
 0.122376E+02   0.842093E+00   0.223404E-01   0.173642E+00   0.688370E+00
 0.122493E+02   0.834278E+00   0.215849E-01   0.172072E+00   0.688370E+00
 0.122609E+02   0.826391E+00   0.208438E-01   0.170485E+00   0.688370E+00
 0.122719E+02   0.818792E+00   0.201496E-01   0.168955E+00   0.688370E+00
 0.122827E+02   0.811176E+00   0.194734E-01   0.167421E+00   0.688370E+00
 0.122930E+02   0.803769E+00   0.188339E-01   0.165927E+00   0.688370E+00
 0.123039E+02   0.795842E+00   0.181690E-01   0.164328E+00   0.688370E+00
 0.123156E+02   0.787186E+00   0.174656E-01   0.162580E+00   0.688370E+00
 0.123260E+02   0.779303E+00   0.168453E-01   0.160986E+00   0.688370E+00
 0.123361E+02   0.771460E+00   0.162467E-01   0.159400E+00   0.688370E+00
 0.123468E+02   0.763026E+00   0.156234E-01   0.157692E+00   0.688370E+00
 0.123574E+02   0.754571E+00   0.150194E-01   0.155979E+00   0.688370E+00
 0.123674E+02   0.746301E+00   0.144481E-01   0.154303E+00   0.688370E+00
 0.123786E+02   0.736908E+00   0.138224E-01   0.152397E+00   0.688370E+00
 0.123886E+02   0.728295E+00   0.132696E-01   0.150648E+00   0.688370E+00
 0.123990E+02   0.719157E+00   0.127046E-01   0.148791E+00   0.688370E+00
 0.124092E+02   0.709999E+00   0.121599E-01   0.146928E+00   0.688370E+00
 0.124202E+02   0.699803E+00   0.115781E-01   0.144853E+00   0.688370E+00
 0.124308E+02   0.689779E+00   0.110308E-01   0.142811E+00   0.688370E+00
 0.124411E+02   0.679645E+00   0.105016E-01   0.140745E+00   0.688370E+00
 0.124519E+02   0.668782E+00   0.996023E-02   0.138529E+00   0.688370E+00
 0.124624E+02   0.657893E+00   0.944374E-02   0.136305E+00   0.688370E+00
 0.124724E+02   0.647170E+00   0.895961E-02   0.134114E+00   0.688370E+00
 0.124829E+02   0.635517E+00   0.846021E-02   0.131732E+00   0.688370E+00
 0.124930E+02   0.624023E+00   0.799366E-02   0.129379E+00   0.688370E+00
 0.125035E+02   0.611485E+00   0.751284E-02   0.126812E+00   0.688370E+00
 0.125141E+02   0.598471E+00   0.704307E-02   0.124145E+00   0.688370E+00
 0.125243E+02   0.585426E+00   0.660097E-02   0.121469E+00   0.688370E+00
 0.125347E+02   0.571539E+00   0.616013E-02   0.118619E+00   0.688370E+00
 0.125450E+02   0.557311E+00   0.573578E-02   0.115696E+00   0.688370E+00
 0.125551E+02   0.542919E+00   0.533147E-02   0.112738E+00   0.688370E+00
 0.125654E+02   0.527626E+00   0.493002E-02   0.109592E+00   0.688370E+00
 0.125759E+02   0.511300E+00   0.453408E-02   0.106231E+00   0.688370E+00
 0.125861E+02   0.494584E+00   0.416250E-02   0.102787E+00   0.688370E+00
 0.125964E+02   0.476858E+00   0.380087E-02   0.991331E-01   0.688370E+00
 0.126066E+02   0.458194E+00   0.345692E-02   0.952814E-01   0.688370E+00
 0.126169E+02   0.438461E+00   0.312558E-02   0.912072E-01   0.688370E+00
 0.126271E+02   0.418222E+00   0.281264E-02   0.870327E-01   0.688370E+00
 0.126371E+02   0.393843E+00   0.252053E-02   0.819354E-01   0.688370E+00
 0.126472E+02   0.369562E+00   0.224759E-02   0.769146E-01   0.688370E+00
 0.126574E+02   0.343531E+00   0.198879E-02   0.715278E-01   0.688370E+00
 0.126675E+02   0.319445E+00   0.175064E-02   0.665399E-01   0.688370E+00
 0.126775E+02   0.295679E+00   0.153133E-02   0.616148E-01   0.688370E+00
 0.126877E+02   0.272900E+00   0.132774E-02   0.568908E-01   0.688370E+00
 0.126978E+02   0.250785E+00   0.114087E-02   0.523014E-01   0.688370E+00
 0.127080E+02   0.229209E+00   0.969216E-03   0.478203E-01   0.688370E+00
 0.127182E+02   0.208254E+00   0.813335E-03   0.434653E-01   0.688370E+00
 0.127283E+02   0.187915E+00   0.673068E-03   0.392354E-01   0.688370E+00
 0.127383E+02   0.168217E+00   0.548959E-03   0.351359E-01   0.688370E+00
 0.127484E+02   0.148612E+00   0.437254E-03   0.310526E-01   0.688370E+00
 0.127585E+02   0.129400E+00   0.340412E-03   0.270489E-01   0.688370E+00
 0.127686E+02   0.110185E+00   0.256487E-03   0.230413E-01   0.688370E+00
 0.127788E+02   0.911191E-01   0.186336E-03   0.190622E-01   0.688370E+00
 0.127889E+02   0.724908E-01   0.129648E-03   0.151718E-01   0.688370E+00
 0.127989E+02   0.548416E-01   0.859675E-04   0.114837E-01   0.688370E+00
 0.128089E+02   0.360623E-01   0.543401E-04   0.755716E-02   0.688370E+00
 0.128190E+02   0.257101E-01   0.337551E-04   0.538989E-02   0.688370E+00
 0.128290E+02   0.170209E-01   0.193766E-04   0.357128E-02   0.688370E+00
 0.128390E+02   0.101799E-01   0.102404E-04   0.213597E-02   0.688370E+00
 0.128490E+02   0.512552E-02   0.517644E-05   0.107585E-02   0.688370E+00
 0.128590E+02   0.192998E-02   0.290774E-05   0.405813E-03   0.688370E+00
 0.128691E+02   0.105800E-02   0.201781E-05   0.222595E-03   0.688370E+00
 0.128791E+02   0.754830E-03   0.142668E-05   0.159009E-03   0.688370E+00
 0.128891E+02   0.563800E-03   0.983713E-06   0.118845E-03   0.688370E+00
 0.128992E+02   0.389386E-03   0.669645E-06   0.821041E-04   0.688370E+00
 0.129092E+02   0.286270E-03   0.447202E-06   0.604252E-04   0.688370E+00
 0.129193E+02   0.203559E-03   0.285250E-06   0.429778E-04   0.688370E+00
 0.129293E+02   0.137890E-03   0.172484E-06   0.291252E-04   0.688370E+00
 0.129393E+02   0.889794E-04   0.996457E-07   0.188030E-04   0.688370E+00
 0.129493E+02   0.535450E-04   0.535942E-07   0.113239E-04   0.688370E+00
 0.129594E+02   0.312117E-04   0.260456E-07   0.660678E-05   0.688370E+00
 0.129694E+02   0.156934E-04   0.110157E-07   0.332121E-05   0.688370E+00
 0.129794E+02   0.710445E-05   0.378494E-08   0.150469E-05   0.688370E+00
 0.129895E+02   0.229505E-05   0.920183E-09   0.486245E-06   0.688370E+00
 0.129995E+02   0.482980E-06   0.117560E-09   0.102381E-06   0.688370E+00
 0.130095E+02   0.150343E-07   0.892405E-12   0.318860E-08   0.688370E+00
