 0.000000E+00   0.170100E+01   0.290036E+00   0.333173E+00   0.333173E+00
 0.101790E-01   0.170100E+01   0.290035E+00   0.333173E+00   0.333173E+00
 0.206110E-01   0.170100E+01   0.290034E+00   0.333173E+00   0.333173E+00
 0.310010E-01   0.170099E+01   0.290033E+00   0.333172E+00   0.333173E+00
 0.416829E-01   0.170099E+01   0.290031E+00   0.333171E+00   0.333173E+00
 0.525200E-01   0.170099E+01   0.290028E+00   0.333171E+00   0.333173E+00
 0.628935E-01   0.170098E+01   0.290025E+00   0.333169E+00   0.333173E+00
 0.733226E-01   0.170097E+01   0.290021E+00   0.333168E+00   0.333173E+00
 0.835402E-01   0.170096E+01   0.290016E+00   0.333167E+00   0.333173E+00
 0.945714E-01   0.170095E+01   0.290011E+00   0.333165E+00   0.333173E+00
 0.105076E+00   0.170094E+01   0.290005E+00   0.333163E+00   0.333173E+00
 0.116256E+00   0.170093E+01   0.289998E+00   0.333161E+00   0.333173E+00
 0.126603E+00   0.170091E+01   0.289991E+00   0.333159E+00   0.333173E+00
 0.137481E+00   0.170090E+01   0.289983E+00   0.333156E+00   0.333173E+00
 0.148903E+00   0.170088E+01   0.289974E+00   0.333153E+00   0.333173E+00
 0.159133E+00   0.170087E+01   0.289965E+00   0.333150E+00   0.333173E+00
 0.169774E+00   0.170085E+01   0.289955E+00   0.333147E+00   0.333173E+00
 0.180833E+00   0.170083E+01   0.289944E+00   0.333144E+00   0.333173E+00
 0.192313E+00   0.170080E+01   0.289932E+00   0.333140E+00   0.333173E+00
 0.204219E+00   0.170078E+01   0.289919E+00   0.333136E+00   0.333173E+00
 0.214473E+00   0.170076E+01   0.289907E+00   0.333132E+00   0.333173E+00
 0.225029E+00   0.170073E+01   0.289894E+00   0.333128E+00   0.333173E+00
 0.235894E+00   0.170070E+01   0.289880E+00   0.333124E+00   0.333173E+00
 0.247070E+00   0.170068E+01   0.289865E+00   0.333119E+00   0.333173E+00
 0.258555E+00   0.170065E+01   0.289849E+00   0.333114E+00   0.333173E+00
 0.270357E+00   0.170061E+01   0.289831E+00   0.333108E+00   0.333173E+00
 0.282476E+00   0.170058E+01   0.289813E+00   0.333102E+00   0.333173E+00
 0.294919E+00   0.170054E+01   0.289793E+00   0.333096E+00   0.333173E+00
 0.305104E+00   0.170051E+01   0.289776E+00   0.333090E+00   0.333173E+00
 0.315499E+00   0.170047E+01   0.289758E+00   0.333085E+00   0.333173E+00
 0.326102E+00   0.170044E+01   0.289739E+00   0.333079E+00   0.333173E+00
 0.336916E+00   0.170040E+01   0.289719E+00   0.333072E+00   0.333173E+00
 0.347942E+00   0.170036E+01   0.289697E+00   0.333065E+00   0.333173E+00
 0.359184E+00   0.170032E+01   0.289675E+00   0.333058E+00   0.333173E+00
 0.370639E+00   0.170027E+01   0.289652E+00   0.333051E+00   0.333173E+00
 0.382312E+00   0.170022E+01   0.289627E+00   0.333043E+00   0.333173E+00
 0.394203E+00   0.170018E+01   0.289602E+00   0.333035E+00   0.333173E+00
 0.406312E+00   0.170012E+01   0.289574E+00   0.333026E+00   0.333173E+00
 0.418643E+00   0.170007E+01   0.289546E+00   0.333017E+00   0.333173E+00
 0.431197E+00   0.170001E+01   0.289516E+00   0.333008E+00   0.333173E+00
 0.443975E+00   0.169995E+01   0.289485E+00   0.332998E+00   0.333173E+00
 0.456977E+00   0.169989E+01   0.289452E+00   0.332988E+00   0.333173E+00
 0.470205E+00   0.169983E+01   0.289418E+00   0.332977E+00   0.333173E+00
 0.480273E+00   0.169978E+01   0.289391E+00   0.332968E+00   0.333173E+00
 0.490471E+00   0.169972E+01   0.289364E+00   0.332959E+00   0.333173E+00
 0.500796E+00   0.169967E+01   0.289335E+00   0.332950E+00   0.333173E+00
 0.511252E+00   0.169961E+01   0.289306E+00   0.332941E+00   0.333173E+00
 0.521834E+00   0.169956E+01   0.289275E+00   0.332931E+00   0.333173E+00
 0.532548E+00   0.169950E+01   0.289244E+00   0.332921E+00   0.333173E+00
 0.543396E+00   0.169943E+01   0.289211E+00   0.332911E+00   0.333173E+00
 0.554372E+00   0.169937E+01   0.289177E+00   0.332900E+00   0.333173E+00
 0.565481E+00   0.169930E+01   0.289143E+00   0.332889E+00   0.333173E+00
 0.576720E+00   0.169924E+01   0.289107E+00   0.332878E+00   0.333173E+00
 0.588093E+00   0.169917E+01   0.289070E+00   0.332866E+00   0.333173E+00
 0.599599E+00   0.169909E+01   0.289032E+00   0.332854E+00   0.333173E+00
 0.611240E+00   0.169902E+01   0.288992E+00   0.332841E+00   0.333173E+00
 0.623015E+00   0.169894E+01   0.288952E+00   0.332828E+00   0.333173E+00
 0.634922E+00   0.169886E+01   0.288910E+00   0.332815E+00   0.333173E+00
 0.646966E+00   0.169878E+01   0.288867E+00   0.332801E+00   0.333173E+00
 0.659144E+00   0.169870E+01   0.288823E+00   0.332787E+00   0.333173E+00
 0.671462E+00   0.169861E+01   0.288777E+00   0.332773E+00   0.333173E+00
 0.683914E+00   0.169852E+01   0.288730E+00   0.332758E+00   0.333173E+00
 0.696504E+00   0.169843E+01   0.288681E+00   0.332742E+00   0.333173E+00
 0.709232E+00   0.169833E+01   0.288632E+00   0.332726E+00   0.333173E+00
 0.722098E+00   0.169823E+01   0.288580E+00   0.332710E+00   0.333173E+00
 0.735102E+00   0.169813E+01   0.288527E+00   0.332693E+00   0.333173E+00
 0.748244E+00   0.169803E+01   0.288473E+00   0.332676E+00   0.333173E+00
 0.761530E+00   0.169792E+01   0.288417E+00   0.332658E+00   0.333173E+00
 0.774955E+00   0.169782E+01   0.288360E+00   0.332640E+00   0.333173E+00
 0.788520E+00   0.169770E+01   0.288301E+00   0.332621E+00   0.333173E+00
 0.802225E+00   0.169759E+01   0.288240E+00   0.332602E+00   0.333173E+00
 0.816070E+00   0.169747E+01   0.288177E+00   0.332582E+00   0.333173E+00
 0.830058E+00   0.169735E+01   0.288113E+00   0.332561E+00   0.333173E+00
 0.844187E+00   0.169722E+01   0.288047E+00   0.332540E+00   0.333173E+00
 0.858460E+00   0.169709E+01   0.287980E+00   0.332519E+00   0.333173E+00
 0.872874E+00   0.169696E+01   0.287910E+00   0.332497E+00   0.333173E+00
 0.887433E+00   0.169682E+01   0.287839E+00   0.332474E+00   0.333173E+00
 0.902136E+00   0.169668E+01   0.287766E+00   0.332450E+00   0.333173E+00
 0.916985E+00   0.169654E+01   0.287690E+00   0.332426E+00   0.333173E+00
 0.931976E+00   0.169639E+01   0.287613E+00   0.332402E+00   0.333173E+00
 0.942051E+00   0.169629E+01   0.287561E+00   0.332385E+00   0.333173E+00
 0.952191E+00   0.169619E+01   0.287507E+00   0.332368E+00   0.333173E+00
 0.962396E+00   0.169609E+01   0.287453E+00   0.332351E+00   0.333173E+00
 0.972664E+00   0.169598E+01   0.287398E+00   0.332333E+00   0.333173E+00
 0.982998E+00   0.169588E+01   0.287341E+00   0.332315E+00   0.333173E+00
 0.993397E+00   0.169577E+01   0.287284E+00   0.332297E+00   0.333173E+00
 0.100386E+01   0.169566E+01   0.287226E+00   0.332278E+00   0.333173E+00
 0.101439E+01   0.169554E+01   0.287167E+00   0.332259E+00   0.333173E+00
 0.102498E+01   0.169543E+01   0.287107E+00   0.332240E+00   0.333173E+00
 0.103564E+01   0.169531E+01   0.287046E+00   0.332221E+00   0.333173E+00
 0.104637E+01   0.169520E+01   0.286984E+00   0.332201E+00   0.333173E+00
 0.105716E+01   0.169507E+01   0.286921E+00   0.332181E+00   0.333173E+00
 0.106802E+01   0.169495E+01   0.286857E+00   0.332160E+00   0.333173E+00
 0.107894E+01   0.169483E+01   0.286791E+00   0.332139E+00   0.333173E+00
 0.108993E+01   0.169470E+01   0.286725E+00   0.332118E+00   0.333173E+00
 0.110099E+01   0.169457E+01   0.286658E+00   0.332097E+00   0.333173E+00
 0.111211E+01   0.169444E+01   0.286589E+00   0.332075E+00   0.333173E+00
 0.112330E+01   0.169431E+01   0.286520E+00   0.332053E+00   0.333173E+00
 0.113455E+01   0.169418E+01   0.286449E+00   0.332030E+00   0.333173E+00
 0.114587E+01   0.169404E+01   0.286378E+00   0.332007E+00   0.333173E+00
 0.115726E+01   0.169390E+01   0.286305E+00   0.331984E+00   0.333173E+00
 0.116872E+01   0.169376E+01   0.286231E+00   0.331960E+00   0.333173E+00
 0.118024E+01   0.169362E+01   0.286156E+00   0.331936E+00   0.333173E+00
 0.119182E+01   0.169347E+01   0.286079E+00   0.331912E+00   0.333173E+00
 0.120348E+01   0.169332E+01   0.286002E+00   0.331887E+00   0.333173E+00
 0.121520E+01   0.169317E+01   0.285923E+00   0.331862E+00   0.333173E+00
 0.122700E+01   0.169302E+01   0.285843E+00   0.331836E+00   0.333173E+00
 0.123886E+01   0.169287E+01   0.285762E+00   0.331810E+00   0.333173E+00
 0.125078E+01   0.169271E+01   0.285680E+00   0.331784E+00   0.333173E+00
 0.126277E+01   0.169255E+01   0.285596E+00   0.331757E+00   0.333173E+00
 0.127484E+01   0.169239E+01   0.285511E+00   0.331730E+00   0.333173E+00
 0.128696E+01   0.169222E+01   0.285425E+00   0.331702E+00   0.333173E+00
 0.129916E+01   0.169205E+01   0.285338E+00   0.331674E+00   0.333173E+00
 0.131142E+01   0.169188E+01   0.285249E+00   0.331646E+00   0.333173E+00
 0.132376E+01   0.169171E+01   0.285159E+00   0.331617E+00   0.333173E+00
 0.133616E+01   0.169154E+01   0.285068E+00   0.331588E+00   0.333173E+00
 0.134863E+01   0.169136E+01   0.284975E+00   0.331558E+00   0.333173E+00
 0.136117E+01   0.169118E+01   0.284881E+00   0.331528E+00   0.333173E+00
 0.137378E+01   0.169100E+01   0.284785E+00   0.331497E+00   0.333173E+00
 0.138645E+01   0.169081E+01   0.284688E+00   0.331466E+00   0.333173E+00
 0.139920E+01   0.169063E+01   0.284590E+00   0.331434E+00   0.333173E+00
 0.141201E+01   0.169043E+01   0.284490E+00   0.331402E+00   0.333173E+00
 0.142489E+01   0.169024E+01   0.284389E+00   0.331370E+00   0.333173E+00
 0.143784E+01   0.169004E+01   0.284287E+00   0.331337E+00   0.333173E+00
 0.145086E+01   0.168985E+01   0.284183E+00   0.331304E+00   0.333173E+00
 0.146395E+01   0.168964E+01   0.284077E+00   0.331270E+00   0.333173E+00
 0.147711E+01   0.168944E+01   0.283970E+00   0.331235E+00   0.333173E+00
 0.149034E+01   0.168923E+01   0.283861E+00   0.331200E+00   0.333173E+00
 0.150364E+01   0.168902E+01   0.283751E+00   0.331165E+00   0.333173E+00
 0.151700E+01   0.168881E+01   0.283640E+00   0.331129E+00   0.333173E+00
 0.153044E+01   0.168859E+01   0.283527E+00   0.331093E+00   0.333173E+00
 0.154394E+01   0.168837E+01   0.283412E+00   0.331056E+00   0.333173E+00
 0.155751E+01   0.168815E+01   0.283296E+00   0.331019E+00   0.333173E+00
 0.157115E+01   0.168792E+01   0.283178E+00   0.330981E+00   0.333173E+00
 0.158487E+01   0.168769E+01   0.283058E+00   0.330942E+00   0.333173E+00
 0.159865E+01   0.168746E+01   0.282937E+00   0.330903E+00   0.333173E+00
 0.161251E+01   0.168722E+01   0.282814E+00   0.330864E+00   0.333173E+00
 0.162643E+01   0.168699E+01   0.282690E+00   0.330824E+00   0.333173E+00
 0.164042E+01   0.168674E+01   0.282564E+00   0.330783E+00   0.333173E+00
 0.165449E+01   0.168650E+01   0.282436E+00   0.330742E+00   0.333173E+00
 0.166862E+01   0.168625E+01   0.282306E+00   0.330700E+00   0.333173E+00
 0.168283E+01   0.168600E+01   0.282175E+00   0.330658E+00   0.333173E+00
 0.169710E+01   0.168574E+01   0.282042E+00   0.330615E+00   0.333173E+00
 0.171145E+01   0.168549E+01   0.281907E+00   0.330571E+00   0.333173E+00
 0.172587E+01   0.168522E+01   0.281771E+00   0.330527E+00   0.333173E+00
 0.174036E+01   0.168496E+01   0.281633E+00   0.330483E+00   0.333173E+00
 0.175491E+01   0.168469E+01   0.281493E+00   0.330437E+00   0.333173E+00
 0.176954E+01   0.168442E+01   0.281351E+00   0.330392E+00   0.333173E+00
 0.178424E+01   0.168414E+01   0.281207E+00   0.330345E+00   0.333173E+00
 0.179901E+01   0.168386E+01   0.281061E+00   0.330298E+00   0.333173E+00
 0.181385E+01   0.168358E+01   0.280914E+00   0.330251E+00   0.333173E+00
 0.182876E+01   0.168329E+01   0.280764E+00   0.330202E+00   0.333173E+00
 0.184375E+01   0.168300E+01   0.280613E+00   0.330153E+00   0.333173E+00
 0.185880E+01   0.168270E+01   0.280460E+00   0.330104E+00   0.333173E+00
 0.187393E+01   0.168240E+01   0.280305E+00   0.330054E+00   0.333173E+00
 0.188912E+01   0.168210E+01   0.280148E+00   0.330003E+00   0.333173E+00
 0.190439E+01   0.168180E+01   0.279989E+00   0.329951E+00   0.333173E+00
 0.191973E+01   0.168149E+01   0.279828E+00   0.329899E+00   0.333173E+00
 0.193514E+01   0.168117E+01   0.279664E+00   0.329846E+00   0.333173E+00
 0.195062E+01   0.168085E+01   0.279499E+00   0.329793E+00   0.333173E+00
 0.196618E+01   0.168053E+01   0.279332E+00   0.329739E+00   0.333173E+00
 0.198180E+01   0.168021E+01   0.279163E+00   0.329684E+00   0.333173E+00
 0.199750E+01   0.167988E+01   0.278992E+00   0.329628E+00   0.333173E+00
 0.201327E+01   0.167954E+01   0.278819E+00   0.329572E+00   0.333173E+00
 0.202911E+01   0.167920E+01   0.278643E+00   0.329515E+00   0.333173E+00
 0.204502E+01   0.167886E+01   0.278466E+00   0.329457E+00   0.333173E+00
 0.206101E+01   0.167851E+01   0.278286E+00   0.329399E+00   0.333173E+00
 0.207706E+01   0.167816E+01   0.278104E+00   0.329340E+00   0.333173E+00
 0.209318E+01   0.167781E+01   0.277920E+00   0.329280E+00   0.333173E+00
 0.210938E+01   0.167745E+01   0.277734E+00   0.329220E+00   0.333173E+00
 0.212565E+01   0.167708E+01   0.277545E+00   0.329158E+00   0.333173E+00
 0.214199E+01   0.167672E+01   0.277355E+00   0.329096E+00   0.333173E+00
 0.215840E+01   0.167634E+01   0.277162E+00   0.329034E+00   0.333173E+00
 0.217489E+01   0.167597E+01   0.276967E+00   0.328970E+00   0.333173E+00
 0.219145E+01   0.167558E+01   0.276769E+00   0.328906E+00   0.333173E+00
 0.220808E+01   0.167520E+01   0.276570E+00   0.328841E+00   0.333173E+00
 0.222478E+01   0.167481E+01   0.276368E+00   0.328775E+00   0.333173E+00
 0.224156E+01   0.167441E+01   0.276163E+00   0.328708E+00   0.333173E+00
 0.225840E+01   0.167401E+01   0.275957E+00   0.328641E+00   0.333173E+00
 0.227532E+01   0.167361E+01   0.275748E+00   0.328572E+00   0.333173E+00
 0.229231E+01   0.167320E+01   0.275536E+00   0.328503E+00   0.333173E+00
 0.230937E+01   0.167278E+01   0.275322E+00   0.328433E+00   0.333173E+00
 0.232650E+01   0.167236E+01   0.275106E+00   0.328363E+00   0.333173E+00
 0.234371E+01   0.167194E+01   0.274887E+00   0.328291E+00   0.333173E+00
 0.236099E+01   0.167151E+01   0.274666E+00   0.328219E+00   0.333173E+00
 0.237834E+01   0.167108E+01   0.274443E+00   0.328146E+00   0.333173E+00
 0.239577E+01   0.167064E+01   0.274216E+00   0.328072E+00   0.333173E+00
 0.241326E+01   0.167019E+01   0.273988E+00   0.327997E+00   0.333173E+00
 0.243083E+01   0.166974E+01   0.273757E+00   0.327921E+00   0.333173E+00
 0.244847E+01   0.166929E+01   0.273523E+00   0.327844E+00   0.333173E+00
 0.246618E+01   0.166883E+01   0.273287E+00   0.327767E+00   0.333173E+00
 0.248396E+01   0.166837E+01   0.273048E+00   0.327689E+00   0.333173E+00
 0.250182E+01   0.166790E+01   0.272807E+00   0.327609E+00   0.333173E+00
 0.251975E+01   0.166742E+01   0.272563E+00   0.327529E+00   0.333173E+00
 0.253776E+01   0.166694E+01   0.272316E+00   0.327448E+00   0.333173E+00
 0.255583E+01   0.166646E+01   0.272067E+00   0.327366E+00   0.333173E+00
 0.257398E+01   0.166597E+01   0.271815E+00   0.327283E+00   0.333173E+00
 0.259219E+01   0.166547E+01   0.271560E+00   0.327199E+00   0.333173E+00
 0.261049E+01   0.166497E+01   0.271303E+00   0.327115E+00   0.333173E+00
 0.262885E+01   0.166446E+01   0.271043E+00   0.327029E+00   0.333173E+00
 0.264728E+01   0.166395E+01   0.270780E+00   0.326942E+00   0.333173E+00
 0.266579E+01   0.166343E+01   0.270515E+00   0.326855E+00   0.333173E+00
 0.268437E+01   0.166291E+01   0.270246E+00   0.326766E+00   0.333173E+00
 0.270302E+01   0.166238E+01   0.269975E+00   0.326677E+00   0.333173E+00
 0.272175E+01   0.166184E+01   0.269702E+00   0.326586E+00   0.333173E+00
 0.274054E+01   0.166130E+01   0.269425E+00   0.326495E+00   0.333173E+00
 0.275941E+01   0.166075E+01   0.269145E+00   0.326402E+00   0.333173E+00
 0.277836E+01   0.166020E+01   0.268863E+00   0.326309E+00   0.333173E+00
 0.279737E+01   0.165964E+01   0.268578E+00   0.326214E+00   0.333173E+00
 0.281645E+01   0.165908E+01   0.268290E+00   0.326119E+00   0.333173E+00
 0.283561E+01   0.165851E+01   0.267999E+00   0.326022E+00   0.333173E+00
 0.285489E+01   0.165793E+01   0.267704E+00   0.325925E+00   0.333173E+00
 0.287419E+01   0.165735E+01   0.267407E+00   0.325826E+00   0.333173E+00
 0.289357E+01   0.165676E+01   0.267107E+00   0.325726E+00   0.333173E+00
 0.291301E+01   0.165617E+01   0.266804E+00   0.325626E+00   0.333173E+00
 0.293254E+01   0.165556E+01   0.266499E+00   0.325524E+00   0.333173E+00
 0.295213E+01   0.165496E+01   0.266190E+00   0.325421E+00   0.333173E+00
 0.297179E+01   0.165434E+01   0.265878E+00   0.325317E+00   0.333173E+00
 0.299153E+01   0.165373E+01   0.265563E+00   0.325212E+00   0.333173E+00
 0.301133E+01   0.165310E+01   0.265245E+00   0.325106E+00   0.333173E+00
 0.303121E+01   0.165247E+01   0.264924E+00   0.324999E+00   0.333173E+00
 0.305117E+01   0.165183E+01   0.264600E+00   0.324891E+00   0.333173E+00
 0.306117E+01   0.165151E+01   0.264437E+00   0.324836E+00   0.333173E+00
 0.307119E+01   0.165118E+01   0.264273E+00   0.324782E+00   0.333173E+00
 0.308123E+01   0.165086E+01   0.264108E+00   0.324727E+00   0.333173E+00
 0.309128E+01   0.165053E+01   0.263942E+00   0.324671E+00   0.333173E+00
 0.310136E+01   0.165020E+01   0.263776E+00   0.324616E+00   0.333173E+00
 0.311145E+01   0.164987E+01   0.263609E+00   0.324560E+00   0.333173E+00
 0.312156E+01   0.164954E+01   0.263441E+00   0.324503E+00   0.333173E+00
 0.313169E+01   0.164921E+01   0.263272E+00   0.324447E+00   0.333173E+00
 0.314184E+01   0.164887E+01   0.263103E+00   0.324390E+00   0.333173E+00
 0.315200E+01   0.164854E+01   0.262932E+00   0.324333E+00   0.333173E+00
 0.316218E+01   0.164820E+01   0.262761E+00   0.324276E+00   0.333173E+00
 0.317238E+01   0.164786E+01   0.262589E+00   0.324218E+00   0.333173E+00
 0.318260E+01   0.164752E+01   0.262417E+00   0.324160E+00   0.333173E+00
 0.319284E+01   0.164718E+01   0.262243E+00   0.324102E+00   0.333173E+00
 0.320309E+01   0.164683E+01   0.262069E+00   0.324043E+00   0.333173E+00
 0.321337E+01   0.164648E+01   0.261894E+00   0.323984E+00   0.333173E+00
 0.322366E+01   0.164614E+01   0.261718E+00   0.323925E+00   0.333173E+00
 0.323396E+01   0.164579E+01   0.261541E+00   0.323866E+00   0.333173E+00
 0.324429E+01   0.164543E+01   0.261363E+00   0.323806E+00   0.333173E+00
 0.325463E+01   0.164508E+01   0.261185E+00   0.323746E+00   0.333173E+00
 0.326499E+01   0.164473E+01   0.261006E+00   0.323686E+00   0.333173E+00
 0.327537E+01   0.164437E+01   0.260826E+00   0.323625E+00   0.333173E+00
 0.328576E+01   0.164401E+01   0.260645E+00   0.323564E+00   0.333173E+00
 0.329618E+01   0.164365E+01   0.260463E+00   0.323503E+00   0.333173E+00
 0.330661E+01   0.164329E+01   0.260281E+00   0.323442E+00   0.333173E+00
 0.331706E+01   0.164292E+01   0.260098E+00   0.323380E+00   0.333173E+00
 0.332753E+01   0.164256E+01   0.259914E+00   0.323318E+00   0.333173E+00
 0.333801E+01   0.164219E+01   0.259729E+00   0.323255E+00   0.333173E+00
 0.334851E+01   0.164182E+01   0.259543E+00   0.323192E+00   0.333173E+00
 0.335903E+01   0.164145E+01   0.259356E+00   0.323129E+00   0.333173E+00
 0.336957E+01   0.164108E+01   0.259169E+00   0.323066E+00   0.333173E+00
 0.338013E+01   0.164071E+01   0.258980E+00   0.323002E+00   0.333173E+00
 0.339070E+01   0.164033E+01   0.258791E+00   0.322939E+00   0.333173E+00
 0.340129E+01   0.163995E+01   0.258601E+00   0.322874E+00   0.333173E+00
 0.341190E+01   0.163957E+01   0.258411E+00   0.322810E+00   0.333173E+00
 0.342253E+01   0.163919E+01   0.258219E+00   0.322745E+00   0.333173E+00
 0.343317E+01   0.163881E+01   0.258026E+00   0.322680E+00   0.333173E+00
 0.344383E+01   0.163842E+01   0.257833E+00   0.322614E+00   0.333173E+00
 0.345451E+01   0.163803E+01   0.257639E+00   0.322548E+00   0.333173E+00
 0.346521E+01   0.163765E+01   0.257444E+00   0.322482E+00   0.333173E+00
 0.347592E+01   0.163726E+01   0.257248E+00   0.322416E+00   0.333173E+00
 0.348666E+01   0.163686E+01   0.257051E+00   0.322349E+00   0.333173E+00
 0.349741E+01   0.163647E+01   0.256854E+00   0.322282E+00   0.333173E+00
 0.350818E+01   0.163607E+01   0.256655E+00   0.322214E+00   0.333173E+00
 0.351896E+01   0.163567E+01   0.256456E+00   0.322147E+00   0.333173E+00
 0.352977E+01   0.163527E+01   0.256256E+00   0.322078E+00   0.333173E+00
 0.354059E+01   0.163487E+01   0.256055E+00   0.322010E+00   0.333173E+00
 0.355142E+01   0.163447E+01   0.255853E+00   0.321941E+00   0.333173E+00
 0.356228E+01   0.163406E+01   0.255650E+00   0.321872E+00   0.333173E+00
 0.357316E+01   0.163366E+01   0.255446E+00   0.321803E+00   0.333173E+00
 0.358405E+01   0.163325E+01   0.255242E+00   0.321733E+00   0.333173E+00
 0.359495E+01   0.163284E+01   0.255036E+00   0.321663E+00   0.333173E+00
 0.360588E+01   0.163242E+01   0.254830E+00   0.321593E+00   0.333173E+00
 0.361682E+01   0.163201E+01   0.254623E+00   0.321522E+00   0.333173E+00
 0.362778E+01   0.163159E+01   0.254415E+00   0.321451E+00   0.333173E+00
 0.363876E+01   0.163117E+01   0.254206E+00   0.321380E+00   0.333173E+00
 0.364976E+01   0.163075E+01   0.253996E+00   0.321308E+00   0.333173E+00
 0.366078E+01   0.163033E+01   0.253785E+00   0.321236E+00   0.333173E+00
 0.367181E+01   0.162990E+01   0.253574E+00   0.321163E+00   0.333173E+00
 0.368286E+01   0.162948E+01   0.253361E+00   0.321091E+00   0.333173E+00
 0.369392E+01   0.162905E+01   0.253148E+00   0.321018E+00   0.333173E+00
 0.370501E+01   0.162862E+01   0.252934E+00   0.320944E+00   0.333173E+00
 0.371614E+01   0.162819E+01   0.252718E+00   0.320870E+00   0.333173E+00
 0.372726E+01   0.162775E+01   0.252502E+00   0.320796E+00   0.333173E+00
 0.373840E+01   0.162732E+01   0.252285E+00   0.320722E+00   0.333173E+00
 0.374956E+01   0.162688E+01   0.252067E+00   0.320647E+00   0.333173E+00
 0.376073E+01   0.162644E+01   0.251848E+00   0.320572E+00   0.333173E+00
 0.377193E+01   0.162600E+01   0.251628E+00   0.320496E+00   0.333173E+00
 0.378313E+01   0.162555E+01   0.251408E+00   0.320421E+00   0.333173E+00
 0.379436E+01   0.162510E+01   0.251186E+00   0.320344E+00   0.333173E+00
 0.380561E+01   0.162466E+01   0.250964E+00   0.320268E+00   0.333173E+00
 0.381687E+01   0.162421E+01   0.250741E+00   0.320191E+00   0.333173E+00
 0.382814E+01   0.162375E+01   0.250516E+00   0.320114E+00   0.333173E+00
 0.383944E+01   0.162330E+01   0.250291E+00   0.320036E+00   0.333173E+00
 0.385075E+01   0.162284E+01   0.250065E+00   0.319958E+00   0.333173E+00
 0.386208E+01   0.162239E+01   0.249838E+00   0.319880E+00   0.333173E+00
 0.387343E+01   0.162193E+01   0.249611E+00   0.319801E+00   0.333173E+00
 0.388479E+01   0.162146E+01   0.249382E+00   0.319722E+00   0.333173E+00
 0.389617E+01   0.162100E+01   0.249152E+00   0.319643E+00   0.333173E+00
 0.390757E+01   0.162053E+01   0.248921E+00   0.319563E+00   0.333173E+00
 0.391899E+01   0.162006E+01   0.248690E+00   0.319483E+00   0.333173E+00
 0.393042E+01   0.161959E+01   0.248457E+00   0.319403E+00   0.333173E+00
 0.394187E+01   0.161912E+01   0.248224E+00   0.319322E+00   0.333173E+00
 0.395334E+01   0.161865E+01   0.247990E+00   0.319241E+00   0.333173E+00
 0.396483E+01   0.161817E+01   0.247755E+00   0.319159E+00   0.333173E+00
 0.397633E+01   0.161769E+01   0.247518E+00   0.319077E+00   0.333173E+00
 0.398785E+01   0.161721E+01   0.247281E+00   0.318995E+00   0.333173E+00
 0.399938E+01   0.161673E+01   0.247043E+00   0.318913E+00   0.333173E+00
 0.401094E+01   0.161624E+01   0.246804E+00   0.318830E+00   0.333173E+00
 0.402251E+01   0.161576E+01   0.246565E+00   0.318746E+00   0.333173E+00
 0.403410E+01   0.161527E+01   0.246324E+00   0.318662E+00   0.333173E+00
 0.404570E+01   0.161477E+01   0.246082E+00   0.318578E+00   0.333173E+00
 0.405732E+01   0.161428E+01   0.245839E+00   0.318494E+00   0.333173E+00
 0.406896E+01   0.161379E+01   0.245596E+00   0.318409E+00   0.333173E+00
 0.408062E+01   0.161329E+01   0.245351E+00   0.318324E+00   0.333173E+00
 0.409229E+01   0.161279E+01   0.245106E+00   0.318238E+00   0.333173E+00
 0.410398E+01   0.161229E+01   0.244859E+00   0.318152E+00   0.333173E+00
 0.411568E+01   0.161178E+01   0.244612E+00   0.318066E+00   0.333173E+00
 0.412741E+01   0.161128E+01   0.244364E+00   0.317979E+00   0.333173E+00
 0.413915E+01   0.161077E+01   0.244115E+00   0.317892E+00   0.333173E+00
 0.415091E+01   0.161026E+01   0.243864E+00   0.317804E+00   0.333173E+00
 0.416268E+01   0.160974E+01   0.243613E+00   0.317717E+00   0.333173E+00
 0.417447E+01   0.160923E+01   0.243361E+00   0.317628E+00   0.333173E+00
 0.418627E+01   0.160871E+01   0.243108E+00   0.317540E+00   0.333173E+00
 0.419810E+01   0.160819E+01   0.242854E+00   0.317451E+00   0.333173E+00
 0.420994E+01   0.160767E+01   0.242599E+00   0.317361E+00   0.333173E+00
 0.422180E+01   0.160715E+01   0.242343E+00   0.317271E+00   0.333173E+00
 0.423367E+01   0.160662E+01   0.242087E+00   0.317181E+00   0.333173E+00
 0.424556E+01   0.160609E+01   0.241829E+00   0.317091E+00   0.333173E+00
 0.425747E+01   0.160556E+01   0.241570E+00   0.317000E+00   0.333173E+00
 0.426940E+01   0.160503E+01   0.241311E+00   0.316908E+00   0.333173E+00
 0.428134E+01   0.160450E+01   0.241050E+00   0.316816E+00   0.333173E+00
 0.429329E+01   0.160396E+01   0.240788E+00   0.316724E+00   0.333173E+00
 0.430527E+01   0.160342E+01   0.240526E+00   0.316632E+00   0.333173E+00
 0.431726E+01   0.160288E+01   0.240262E+00   0.316539E+00   0.333173E+00
 0.432927E+01   0.160234E+01   0.239998E+00   0.316445E+00   0.333173E+00
 0.434130E+01   0.160179E+01   0.239732E+00   0.316352E+00   0.333173E+00
 0.435334E+01   0.160124E+01   0.239466E+00   0.316258E+00   0.333173E+00
 0.436540E+01   0.160069E+01   0.239198E+00   0.316163E+00   0.333173E+00
 0.437747E+01   0.160014E+01   0.238930E+00   0.316068E+00   0.333173E+00
 0.438956E+01   0.159958E+01   0.238661E+00   0.315973E+00   0.333173E+00
 0.440209E+01   0.159901E+01   0.238381E+00   0.315874E+00   0.333173E+00
 0.441423E+01   0.159845E+01   0.238110E+00   0.315777E+00   0.333173E+00
 0.442638E+01   0.159789E+01   0.237837E+00   0.315681E+00   0.333173E+00
 0.443854E+01   0.159732E+01   0.237564E+00   0.315584E+00   0.333173E+00
 0.445072E+01   0.159676E+01   0.237290E+00   0.315486E+00   0.333173E+00
 0.446292E+01   0.159619E+01   0.237014E+00   0.315388E+00   0.333173E+00
 0.447513E+01   0.159562E+01   0.236738E+00   0.315290E+00   0.333173E+00
 0.448736E+01   0.159504E+01   0.236461E+00   0.315191E+00   0.333173E+00
 0.449961E+01   0.159447E+01   0.236183E+00   0.315092E+00   0.333173E+00
 0.451187E+01   0.159389E+01   0.235903E+00   0.314993E+00   0.333173E+00
 0.452415E+01   0.159331E+01   0.235623E+00   0.314893E+00   0.333173E+00
 0.453645E+01   0.159272E+01   0.235342E+00   0.314792E+00   0.333173E+00
 0.454876E+01   0.159214E+01   0.235060E+00   0.314691E+00   0.333173E+00
 0.456109E+01   0.159155E+01   0.234777E+00   0.314590E+00   0.333173E+00
 0.457343E+01   0.159096E+01   0.234493E+00   0.314489E+00   0.333173E+00
 0.458580E+01   0.159037E+01   0.234208E+00   0.314387E+00   0.333173E+00
 0.459817E+01   0.158977E+01   0.233922E+00   0.314284E+00   0.333173E+00
 0.461057E+01   0.158918E+01   0.233635E+00   0.314181E+00   0.333173E+00
 0.462298E+01   0.158858E+01   0.233347E+00   0.314078E+00   0.333173E+00
 0.463540E+01   0.158798E+01   0.233058E+00   0.313974E+00   0.333173E+00
 0.464784E+01   0.158737E+01   0.232768E+00   0.313870E+00   0.333173E+00
 0.466030E+01   0.158677E+01   0.232477E+00   0.313765E+00   0.333173E+00
 0.467278E+01   0.158616E+01   0.232185E+00   0.313660E+00   0.333173E+00
 0.468527E+01   0.158555E+01   0.231892E+00   0.313555E+00   0.333173E+00
 0.469778E+01   0.158493E+01   0.231598E+00   0.313449E+00   0.333173E+00
 0.471030E+01   0.158432E+01   0.231303E+00   0.313343E+00   0.333173E+00
 0.472283E+01   0.158370E+01   0.231007E+00   0.313236E+00   0.333173E+00
 0.473539E+01   0.158308E+01   0.230711E+00   0.313129E+00   0.333173E+00
 0.474796E+01   0.158245E+01   0.230413E+00   0.313021E+00   0.333173E+00
 0.476054E+01   0.158183E+01   0.230114E+00   0.312913E+00   0.333173E+00
 0.477314E+01   0.158120E+01   0.229814E+00   0.312805E+00   0.333173E+00
 0.478576E+01   0.158057E+01   0.229513E+00   0.312696E+00   0.333173E+00
 0.479840E+01   0.157993E+01   0.229212E+00   0.312586E+00   0.333173E+00
 0.481104E+01   0.157930E+01   0.228909E+00   0.312476E+00   0.333173E+00
 0.482371E+01   0.157866E+01   0.228605E+00   0.312366E+00   0.333173E+00
 0.483639E+01   0.157802E+01   0.228301E+00   0.312255E+00   0.333173E+00
 0.484909E+01   0.157738E+01   0.227995E+00   0.312144E+00   0.333173E+00
 0.486180E+01   0.157673E+01   0.227688E+00   0.312033E+00   0.333173E+00
 0.487453E+01   0.157608E+01   0.227381E+00   0.311921E+00   0.333173E+00
 0.488727E+01   0.157543E+01   0.227072E+00   0.311808E+00   0.333173E+00
 0.490003E+01   0.157478E+01   0.226762E+00   0.311695E+00   0.333173E+00
 0.491280E+01   0.157413E+01   0.226452E+00   0.311582E+00   0.333173E+00
 0.492559E+01   0.157347E+01   0.226140E+00   0.311468E+00   0.333173E+00
 0.493840E+01   0.157281E+01   0.225827E+00   0.311354E+00   0.333173E+00
 0.495122E+01   0.157214E+01   0.225514E+00   0.311239E+00   0.333173E+00
 0.496405E+01   0.157148E+01   0.225199E+00   0.311124E+00   0.333173E+00
 0.497691E+01   0.157081E+01   0.224884E+00   0.311008E+00   0.333173E+00
 0.498977E+01   0.157014E+01   0.224567E+00   0.310892E+00   0.333173E+00
 0.500267E+01   0.156947E+01   0.224249E+00   0.310775E+00   0.333173E+00
 0.501559E+01   0.156879E+01   0.223930E+00   0.310658E+00   0.333173E+00
 0.502851E+01   0.156811E+01   0.223611E+00   0.310540E+00   0.333173E+00
 0.504146E+01   0.156743E+01   0.223290E+00   0.310422E+00   0.333173E+00
 0.505441E+01   0.156675E+01   0.222968E+00   0.310304E+00   0.333173E+00
 0.506739E+01   0.156606E+01   0.222645E+00   0.310185E+00   0.333173E+00
 0.508038E+01   0.156537E+01   0.222321E+00   0.310065E+00   0.333173E+00
 0.509338E+01   0.156468E+01   0.221997E+00   0.309945E+00   0.333173E+00
 0.510640E+01   0.156399E+01   0.221671E+00   0.309825E+00   0.333173E+00
 0.511943E+01   0.156329E+01   0.221344E+00   0.309704E+00   0.333173E+00
 0.513248E+01   0.156259E+01   0.221016E+00   0.309582E+00   0.333173E+00
 0.514555E+01   0.156189E+01   0.220688E+00   0.309461E+00   0.333173E+00
 0.515863E+01   0.156118E+01   0.220358E+00   0.309338E+00   0.333173E+00
 0.517172E+01   0.156048E+01   0.220027E+00   0.309215E+00   0.333173E+00
 0.518483E+01   0.155977E+01   0.219696E+00   0.309092E+00   0.333173E+00
 0.519796E+01   0.155905E+01   0.219363E+00   0.308968E+00   0.333173E+00
 0.521110E+01   0.155834E+01   0.219029E+00   0.308844E+00   0.333173E+00
 0.522425E+01   0.155762E+01   0.218695E+00   0.308720E+00   0.333173E+00
 0.523742E+01   0.155690E+01   0.218359E+00   0.308594E+00   0.333173E+00
 0.525061E+01   0.155618E+01   0.218022E+00   0.308469E+00   0.333173E+00
 0.526381E+01   0.155545E+01   0.217685E+00   0.308343E+00   0.333173E+00
 0.527702E+01   0.155472E+01   0.217346E+00   0.308216E+00   0.333173E+00
 0.529025E+01   0.155399E+01   0.217007E+00   0.308089E+00   0.333173E+00
 0.530349E+01   0.155326E+01   0.216666E+00   0.307961E+00   0.333173E+00
 0.531675E+01   0.155252E+01   0.216325E+00   0.307833E+00   0.333173E+00
 0.533002E+01   0.155179E+01   0.215982E+00   0.307705E+00   0.333173E+00
 0.534331E+01   0.155104E+01   0.215639E+00   0.307575E+00   0.333173E+00
 0.535661E+01   0.155030E+01   0.215294E+00   0.307446E+00   0.333173E+00
 0.536993E+01   0.154955E+01   0.214949E+00   0.307316E+00   0.333173E+00
 0.538325E+01   0.154880E+01   0.214603E+00   0.307185E+00   0.333173E+00
 0.539660E+01   0.154805E+01   0.214256E+00   0.307054E+00   0.333173E+00
 0.540996E+01   0.154730E+01   0.213907E+00   0.306923E+00   0.333173E+00
 0.542333E+01   0.154654E+01   0.213558E+00   0.306791E+00   0.333173E+00
 0.543672E+01   0.154578E+01   0.213208E+00   0.306658E+00   0.333173E+00
 0.545012E+01   0.154502E+01   0.212856E+00   0.306525E+00   0.333173E+00
 0.546354E+01   0.154425E+01   0.212504E+00   0.306392E+00   0.333173E+00
 0.547697E+01   0.154348E+01   0.212151E+00   0.306258E+00   0.333173E+00
 0.549041E+01   0.154271E+01   0.211797E+00   0.306123E+00   0.333173E+00
 0.550387E+01   0.154194E+01   0.211442E+00   0.305988E+00   0.333173E+00
 0.551740E+01   0.154116E+01   0.211084E+00   0.305852E+00   0.333173E+00
 0.553091E+01   0.154038E+01   0.210727E+00   0.305716E+00   0.333173E+00
 0.554444E+01   0.153959E+01   0.210368E+00   0.305579E+00   0.333173E+00
 0.555798E+01   0.153881E+01   0.210008E+00   0.305442E+00   0.333173E+00
 0.557153E+01   0.153802E+01   0.209648E+00   0.305304E+00   0.333173E+00
 0.558510E+01   0.153723E+01   0.209286E+00   0.305166E+00   0.333173E+00
 0.559868E+01   0.153643E+01   0.208924E+00   0.305027E+00   0.333173E+00
 0.561228E+01   0.153564E+01   0.208561E+00   0.304888E+00   0.333173E+00
 0.562589E+01   0.153484E+01   0.208196E+00   0.304748E+00   0.333173E+00
 0.563951E+01   0.153403E+01   0.207831E+00   0.304607E+00   0.333173E+00
 0.565315E+01   0.153323E+01   0.207464E+00   0.304467E+00   0.333173E+00
 0.566680E+01   0.153242E+01   0.207097E+00   0.304325E+00   0.333173E+00
 0.568046E+01   0.153161E+01   0.206729E+00   0.304183E+00   0.333173E+00
 0.569414E+01   0.153080E+01   0.206360E+00   0.304041E+00   0.333173E+00
 0.570783E+01   0.152998E+01   0.205990E+00   0.303898E+00   0.333173E+00
 0.572154E+01   0.152916E+01   0.205619E+00   0.303754E+00   0.333173E+00
 0.573525E+01   0.152834E+01   0.205247E+00   0.303610E+00   0.333173E+00
 0.574898E+01   0.152751E+01   0.204874E+00   0.303466E+00   0.333173E+00
 0.576273E+01   0.152668E+01   0.204500E+00   0.303321E+00   0.333173E+00
 0.577649E+01   0.152585E+01   0.204125E+00   0.303175E+00   0.333173E+00
 0.579026E+01   0.152502E+01   0.203749E+00   0.303029E+00   0.333173E+00
 0.580405E+01   0.152418E+01   0.203373E+00   0.302883E+00   0.333173E+00
 0.581785E+01   0.152334E+01   0.202995E+00   0.302735E+00   0.333173E+00
 0.583166E+01   0.152250E+01   0.202616E+00   0.302588E+00   0.333173E+00
 0.584548E+01   0.152166E+01   0.202237E+00   0.302440E+00   0.333173E+00
 0.585932E+01   0.152081E+01   0.201856E+00   0.302291E+00   0.333173E+00
 0.587318E+01   0.151996E+01   0.201475E+00   0.302141E+00   0.333173E+00
 0.588704E+01   0.151910E+01   0.201092E+00   0.301992E+00   0.333173E+00
 0.590092E+01   0.151825E+01   0.200709E+00   0.301841E+00   0.333173E+00
 0.591481E+01   0.151739E+01   0.200325E+00   0.301690E+00   0.333173E+00
 0.592872E+01   0.151653E+01   0.199940E+00   0.301539E+00   0.333173E+00
 0.594263E+01   0.151566E+01   0.199554E+00   0.301387E+00   0.333173E+00
 0.595657E+01   0.151479E+01   0.199167E+00   0.301234E+00   0.333173E+00
 0.597051E+01   0.151392E+01   0.198779E+00   0.301081E+00   0.333173E+00
 0.598447E+01   0.151305E+01   0.198390E+00   0.300928E+00   0.333173E+00
 0.599748E+01   0.151223E+01   0.198027E+00   0.300784E+00   0.333173E+00
 0.601151E+01   0.151135E+01   0.197635E+00   0.300629E+00   0.333173E+00
 0.602554E+01   0.151046E+01   0.197243E+00   0.300473E+00   0.333173E+00
 0.603958E+01   0.150958E+01   0.196849E+00   0.300317E+00   0.333173E+00
 0.605364E+01   0.150869E+01   0.196455E+00   0.300160E+00   0.333173E+00
 0.606771E+01   0.150779E+01   0.196060E+00   0.300003E+00   0.333173E+00
 0.608179E+01   0.150690E+01   0.195664E+00   0.299845E+00   0.333173E+00
 0.609588E+01   0.150600E+01   0.195267E+00   0.299687E+00   0.333173E+00
 0.610998E+01   0.150510E+01   0.194869E+00   0.299528E+00   0.333173E+00
 0.612410E+01   0.150419E+01   0.194470E+00   0.299368E+00   0.333173E+00
 0.613823E+01   0.150328E+01   0.194070E+00   0.299208E+00   0.333173E+00
 0.615237E+01   0.150237E+01   0.193670E+00   0.299047E+00   0.333173E+00
 0.616653E+01   0.150146E+01   0.193268E+00   0.298886E+00   0.333173E+00
 0.618069E+01   0.150054E+01   0.192866E+00   0.298724E+00   0.333173E+00
 0.619487E+01   0.149962E+01   0.192463E+00   0.298562E+00   0.333173E+00
 0.620906E+01   0.149870E+01   0.192059E+00   0.298399E+00   0.333173E+00
 0.622326E+01   0.149777E+01   0.191654E+00   0.298236E+00   0.333173E+00
 0.623747E+01   0.149684E+01   0.191248E+00   0.298072E+00   0.333173E+00
 0.625170E+01   0.149591E+01   0.190841E+00   0.297907E+00   0.333173E+00
 0.626593E+01   0.149497E+01   0.190433E+00   0.297742E+00   0.333173E+00
 0.628018E+01   0.149404E+01   0.190025E+00   0.297576E+00   0.333173E+00
 0.629444E+01   0.149309E+01   0.189615E+00   0.297410E+00   0.333173E+00
 0.630872E+01   0.149215E+01   0.189205E+00   0.297243E+00   0.333173E+00
 0.632300E+01   0.149120E+01   0.188794E+00   0.297076E+00   0.333173E+00
 0.633729E+01   0.149025E+01   0.188382E+00   0.296908E+00   0.333173E+00
 0.635160E+01   0.148930E+01   0.187970E+00   0.296739E+00   0.333173E+00
 0.636592E+01   0.148834E+01   0.187556E+00   0.296570E+00   0.333173E+00
 0.638025E+01   0.148738E+01   0.187141E+00   0.296400E+00   0.333173E+00
 0.639459E+01   0.148642E+01   0.186726E+00   0.296230E+00   0.333173E+00
 0.640894E+01   0.148546E+01   0.186310E+00   0.296059E+00   0.333173E+00
 0.642331E+01   0.148449E+01   0.185893E+00   0.295887E+00   0.333173E+00
 0.643741E+01   0.148354E+01   0.185483E+00   0.295718E+00   0.333173E+00
 0.645185E+01   0.148256E+01   0.185063E+00   0.295545E+00   0.333173E+00
 0.646630E+01   0.148158E+01   0.184642E+00   0.295371E+00   0.333173E+00
 0.648076E+01   0.148059E+01   0.184220E+00   0.295197E+00   0.333173E+00
 0.649523E+01   0.147961E+01   0.183797E+00   0.295022E+00   0.333173E+00
 0.650971E+01   0.147861E+01   0.183374E+00   0.294846E+00   0.333173E+00
 0.652420E+01   0.147762E+01   0.182950E+00   0.294670E+00   0.333173E+00
 0.653870E+01   0.147662E+01   0.182525E+00   0.294493E+00   0.333173E+00
 0.655322E+01   0.147563E+01   0.182099E+00   0.294315E+00   0.333173E+00
 0.656774E+01   0.147462E+01   0.181672E+00   0.294137E+00   0.333173E+00
 0.658228E+01   0.147362E+01   0.181244E+00   0.293959E+00   0.333173E+00
 0.659682E+01   0.147261E+01   0.180816E+00   0.293779E+00   0.333173E+00
 0.661138E+01   0.147160E+01   0.180387E+00   0.293600E+00   0.333173E+00
 0.662594E+01   0.147058E+01   0.179957E+00   0.293419E+00   0.333173E+00
 0.664052E+01   0.146956E+01   0.179526E+00   0.293238E+00   0.333173E+00
 0.665510E+01   0.146854E+01   0.179095E+00   0.293056E+00   0.333173E+00
 0.666970E+01   0.146752E+01   0.178663E+00   0.292874E+00   0.333173E+00
 0.668430E+01   0.146649E+01   0.178230E+00   0.292691E+00   0.333173E+00
 0.669892E+01   0.146546E+01   0.177796E+00   0.292508E+00   0.333173E+00
 0.671355E+01   0.146442E+01   0.177361E+00   0.292324E+00   0.333173E+00
 0.672818E+01   0.146339E+01   0.176926E+00   0.292139E+00   0.333173E+00
 0.674283E+01   0.146235E+01   0.176490E+00   0.291954E+00   0.333173E+00
 0.675748E+01   0.146130E+01   0.176053E+00   0.291768E+00   0.333173E+00
 0.677215E+01   0.146026E+01   0.175616E+00   0.291581E+00   0.333173E+00
 0.678682E+01   0.145921E+01   0.175177E+00   0.291394E+00   0.333173E+00
 0.680151E+01   0.145815E+01   0.174738E+00   0.291206E+00   0.333173E+00
 0.681620E+01   0.145710E+01   0.174298E+00   0.291018E+00   0.333173E+00
 0.683091E+01   0.145604E+01   0.173858E+00   0.290829E+00   0.333173E+00
 0.684575E+01   0.145497E+01   0.173412E+00   0.290638E+00   0.333173E+00
 0.686055E+01   0.145389E+01   0.172968E+00   0.290447E+00   0.333173E+00
 0.687535E+01   0.145282E+01   0.172523E+00   0.290255E+00   0.333173E+00
 0.689016E+01   0.145174E+01   0.172078E+00   0.290062E+00   0.333173E+00
 0.690498E+01   0.145066E+01   0.171631E+00   0.289869E+00   0.333173E+00
 0.691981E+01   0.144958E+01   0.171184E+00   0.289676E+00   0.333173E+00
 0.693465E+01   0.144849E+01   0.170736E+00   0.289481E+00   0.333173E+00
 0.694950E+01   0.144740E+01   0.170288E+00   0.289286E+00   0.333173E+00
 0.696435E+01   0.144631E+01   0.169839E+00   0.289091E+00   0.333173E+00
 0.697922E+01   0.144521E+01   0.169389E+00   0.288895E+00   0.333173E+00
 0.699409E+01   0.144411E+01   0.168939E+00   0.288698E+00   0.333173E+00
 0.700897E+01   0.144301E+01   0.168487E+00   0.288500E+00   0.333173E+00
 0.702386E+01   0.144190E+01   0.168035E+00   0.288302E+00   0.333173E+00
 0.703876E+01   0.144079E+01   0.167583E+00   0.288103E+00   0.333173E+00
 0.705366E+01   0.143968E+01   0.167130E+00   0.287904E+00   0.333173E+00
 0.706857E+01   0.143856E+01   0.166676E+00   0.287704E+00   0.333173E+00
 0.708349E+01   0.143744E+01   0.166221E+00   0.287503E+00   0.333173E+00
 0.709842E+01   0.143632E+01   0.165766E+00   0.287302E+00   0.333173E+00
 0.711336E+01   0.143520E+01   0.165311E+00   0.287100E+00   0.333173E+00
 0.712830E+01   0.143407E+01   0.164854E+00   0.286898E+00   0.333173E+00
 0.714325E+01   0.143293E+01   0.164397E+00   0.286694E+00   0.333173E+00
 0.715821E+01   0.143180E+01   0.163939E+00   0.286491E+00   0.333173E+00
 0.717318E+01   0.143066E+01   0.163481E+00   0.286286E+00   0.333173E+00
 0.718815E+01   0.142952E+01   0.163022E+00   0.286081E+00   0.333173E+00
 0.720314E+01   0.142837E+01   0.162563E+00   0.285875E+00   0.333173E+00
 0.721844E+01   0.142720E+01   0.162093E+00   0.285664E+00   0.333173E+00
 0.723353E+01   0.142604E+01   0.161629E+00   0.285456E+00   0.333173E+00
 0.724862E+01   0.142488E+01   0.161165E+00   0.285247E+00   0.333173E+00
 0.726373E+01   0.142371E+01   0.160700E+00   0.285037E+00   0.333173E+00
 0.727884E+01   0.142254E+01   0.160235E+00   0.284827E+00   0.333173E+00
 0.729396E+01   0.142137E+01   0.159769E+00   0.284616E+00   0.333173E+00
 0.730908E+01   0.142019E+01   0.159302E+00   0.284404E+00   0.333173E+00
 0.732421E+01   0.141901E+01   0.158835E+00   0.284192E+00   0.333173E+00
 0.733935E+01   0.141783E+01   0.158367E+00   0.283978E+00   0.333173E+00
 0.735449E+01   0.141665E+01   0.157899E+00   0.283765E+00   0.333173E+00
 0.736964E+01   0.141546E+01   0.157430E+00   0.283550E+00   0.333173E+00
 0.738480E+01   0.141426E+01   0.156961E+00   0.283335E+00   0.333173E+00
 0.739996E+01   0.141307E+01   0.156491E+00   0.283120E+00   0.333173E+00
 0.741512E+01   0.141187E+01   0.156021E+00   0.282903E+00   0.333173E+00
 0.743029E+01   0.141067E+01   0.155550E+00   0.282686E+00   0.333173E+00
 0.744547E+01   0.140946E+01   0.155078E+00   0.282469E+00   0.333173E+00
 0.746065E+01   0.140825E+01   0.154606E+00   0.282250E+00   0.333173E+00
 0.747584E+01   0.140704E+01   0.154134E+00   0.282031E+00   0.333173E+00
 0.749103E+01   0.140582E+01   0.153661E+00   0.281812E+00   0.333173E+00
 0.750623E+01   0.140460E+01   0.153188E+00   0.281591E+00   0.333173E+00
 0.752143E+01   0.140338E+01   0.152714E+00   0.281370E+00   0.333173E+00
 0.753664E+01   0.140215E+01   0.152240E+00   0.281148E+00   0.333173E+00
 0.754881E+01   0.140117E+01   0.151860E+00   0.280971E+00   0.333173E+00
 0.756382E+01   0.139996E+01   0.151391E+00   0.280751E+00   0.333173E+00
 0.757917E+01   0.139871E+01   0.150911E+00   0.280525E+00   0.333173E+00
 0.759452E+01   0.139746E+01   0.150432E+00   0.280299E+00   0.333173E+00
 0.760987E+01   0.139621E+01   0.149951E+00   0.280072E+00   0.333173E+00
 0.762523E+01   0.139495E+01   0.149470E+00   0.279845E+00   0.333173E+00
 0.764059E+01   0.139369E+01   0.148989E+00   0.279617E+00   0.333173E+00
 0.765595E+01   0.139243E+01   0.148507E+00   0.279388E+00   0.333173E+00
 0.767132E+01   0.139117E+01   0.148025E+00   0.279158E+00   0.333173E+00
 0.768667E+01   0.138990E+01   0.147544E+00   0.278928E+00   0.333173E+00
 0.770201E+01   0.138863E+01   0.147062E+00   0.278698E+00   0.333173E+00
 0.771733E+01   0.138736E+01   0.146581E+00   0.278467E+00   0.333173E+00
 0.773263E+01   0.138608E+01   0.146100E+00   0.278236E+00   0.333173E+00
 0.774792E+01   0.138481E+01   0.145619E+00   0.278005E+00   0.333173E+00
 0.776319E+01   0.138353E+01   0.145138E+00   0.277773E+00   0.333173E+00
 0.777845E+01   0.138226E+01   0.144658E+00   0.277540E+00   0.333173E+00
 0.779369E+01   0.138097E+01   0.144177E+00   0.277308E+00   0.333173E+00
 0.780892E+01   0.137969E+01   0.143697E+00   0.277074E+00   0.333173E+00
 0.782413E+01   0.137841E+01   0.143217E+00   0.276841E+00   0.333173E+00
 0.783933E+01   0.137712E+01   0.142738E+00   0.276607E+00   0.333173E+00
 0.785451E+01   0.137584E+01   0.142259E+00   0.276373E+00   0.333173E+00
 0.786968E+01   0.137455E+01   0.141780E+00   0.276138E+00   0.333173E+00
 0.788033E+01   0.137364E+01   0.141443E+00   0.275973E+00   0.333173E+00
 0.789693E+01   0.137222E+01   0.140918E+00   0.275714E+00   0.333173E+00
 0.791202E+01   0.137093E+01   0.140441E+00   0.275479E+00   0.333173E+00
 0.792710E+01   0.136964E+01   0.139964E+00   0.275243E+00   0.333173E+00
 0.794216E+01   0.136834E+01   0.139487E+00   0.275007E+00   0.333173E+00
 0.795721E+01   0.136704E+01   0.139010E+00   0.274770E+00   0.333173E+00
 0.797223E+01   0.136574E+01   0.138534E+00   0.274533E+00   0.333173E+00
 0.798725E+01   0.136444E+01   0.138058E+00   0.274296E+00   0.333173E+00
 0.800224E+01   0.136314E+01   0.137583E+00   0.274058E+00   0.333173E+00
 0.801721E+01   0.136184E+01   0.137108E+00   0.273820E+00   0.333173E+00
 0.803217E+01   0.136053E+01   0.136633E+00   0.273581E+00   0.333173E+00
 0.804712E+01   0.135922E+01   0.136159E+00   0.273342E+00   0.333173E+00
 0.806204E+01   0.135792E+01   0.135685E+00   0.273103E+00   0.333173E+00
 0.807695E+01   0.135660E+01   0.135211E+00   0.272863E+00   0.333173E+00
 0.809185E+01   0.135529E+01   0.134738E+00   0.272623E+00   0.333173E+00
 0.810672E+01   0.135398E+01   0.134265E+00   0.272383E+00   0.333173E+00
 0.812158E+01   0.135266E+01   0.133792E+00   0.272142E+00   0.333173E+00
 0.813643E+01   0.135134E+01   0.133320E+00   0.271901E+00   0.333173E+00
 0.815125E+01   0.135003E+01   0.132848E+00   0.271659E+00   0.333173E+00
 0.816607E+01   0.134870E+01   0.132376E+00   0.271417E+00   0.333173E+00
 0.818086E+01   0.134738E+01   0.131905E+00   0.271174E+00   0.333173E+00
 0.819213E+01   0.134637E+01   0.131546E+00   0.270989E+00   0.333173E+00
 0.820703E+01   0.134503E+01   0.131071E+00   0.270744E+00   0.333173E+00
 0.822174E+01   0.134371E+01   0.130603E+00   0.270501E+00   0.333173E+00
 0.823644E+01   0.134238E+01   0.130134E+00   0.270258E+00   0.333173E+00
 0.825112E+01   0.134106E+01   0.129666E+00   0.270014E+00   0.333173E+00
 0.826578E+01   0.133973E+01   0.129198E+00   0.269770E+00   0.333173E+00
 0.828042E+01   0.133840E+01   0.128731E+00   0.269525E+00   0.333173E+00
 0.829504E+01   0.133706E+01   0.128265E+00   0.269281E+00   0.333173E+00
 0.830964E+01   0.133573E+01   0.127799E+00   0.269035E+00   0.333173E+00
 0.832423E+01   0.133439E+01   0.127333E+00   0.268790E+00   0.333173E+00
 0.833880E+01   0.133306E+01   0.126868E+00   0.268544E+00   0.333173E+00
 0.835335E+01   0.133172E+01   0.126403E+00   0.268298E+00   0.333173E+00
 0.836788E+01   0.133038E+01   0.125939E+00   0.268051E+00   0.333173E+00
 0.838240E+01   0.132904E+01   0.125475E+00   0.267804E+00   0.333173E+00
 0.839690E+01   0.132769E+01   0.125011E+00   0.267557E+00   0.333173E+00
 0.841138E+01   0.132635E+01   0.124549E+00   0.267309E+00   0.333173E+00
 0.842584E+01   0.132500E+01   0.124086E+00   0.267061E+00   0.333173E+00
 0.844028E+01   0.132365E+01   0.123624E+00   0.266812E+00   0.333173E+00
 0.845471E+01   0.132230E+01   0.123163E+00   0.266563E+00   0.333173E+00
 0.846912E+01   0.132095E+01   0.122702E+00   0.266314E+00   0.333173E+00
 0.848352E+01   0.131960E+01   0.122242E+00   0.266064E+00   0.333173E+00
 0.849789E+01   0.131824E+01   0.121782E+00   0.265814E+00   0.333173E+00
 0.851216E+01   0.131689E+01   0.121325E+00   0.265565E+00   0.333173E+00
 0.852646E+01   0.131554E+01   0.120868E+00   0.265315E+00   0.333173E+00
 0.854074E+01   0.131419E+01   0.120411E+00   0.265065E+00   0.333173E+00
 0.855499E+01   0.131283E+01   0.119955E+00   0.264814E+00   0.333173E+00
 0.856923E+01   0.131147E+01   0.119499E+00   0.264563E+00   0.333173E+00
 0.858345E+01   0.131011E+01   0.119044E+00   0.264312E+00   0.333173E+00
 0.859764E+01   0.130875E+01   0.118589E+00   0.264060E+00   0.333173E+00
 0.861182E+01   0.130739E+01   0.118135E+00   0.263808E+00   0.333173E+00
 0.862598E+01   0.130602E+01   0.117682E+00   0.263555E+00   0.333173E+00
 0.864013E+01   0.130466E+01   0.117229E+00   0.263303E+00   0.333173E+00
 0.865425E+01   0.130329E+01   0.116777E+00   0.263049E+00   0.333173E+00
 0.866835E+01   0.130192E+01   0.116326E+00   0.262796E+00   0.333173E+00
 0.868244E+01   0.130055E+01   0.115875E+00   0.262542E+00   0.333173E+00
 0.869651E+01   0.129918E+01   0.115424E+00   0.262288E+00   0.333173E+00
 0.871056E+01   0.129781E+01   0.114974E+00   0.262033E+00   0.333173E+00
 0.872459E+01   0.129643E+01   0.114525E+00   0.261778E+00   0.333173E+00
 0.873860E+01   0.129506E+01   0.114076E+00   0.261523E+00   0.333173E+00
 0.875260E+01   0.129368E+01   0.113628E+00   0.261267E+00   0.333173E+00
 0.876658E+01   0.129230E+01   0.113181E+00   0.261011E+00   0.333173E+00
 0.878054E+01   0.129092E+01   0.112734E+00   0.260754E+00   0.333173E+00
 0.879443E+01   0.128954E+01   0.112289E+00   0.260498E+00   0.333173E+00
 0.880830E+01   0.128816E+01   0.111845E+00   0.260242E+00   0.333173E+00
 0.882214E+01   0.128678E+01   0.111402E+00   0.259985E+00   0.333173E+00
 0.883597E+01   0.128540E+01   0.110959E+00   0.259728E+00   0.333173E+00
 0.884977E+01   0.128402E+01   0.110517E+00   0.259471E+00   0.333173E+00
 0.886356E+01   0.128263E+01   0.110076E+00   0.259214E+00   0.333173E+00
 0.887732E+01   0.128125E+01   0.109636E+00   0.258956E+00   0.333173E+00
 0.889107E+01   0.127986E+01   0.109196E+00   0.258698E+00   0.333173E+00
 0.890479E+01   0.127847E+01   0.108757E+00   0.258439E+00   0.333173E+00
 0.891850E+01   0.127708E+01   0.108318E+00   0.258180E+00   0.333173E+00
 0.893219E+01   0.127569E+01   0.107881E+00   0.257921E+00   0.333173E+00
 0.894586E+01   0.127430E+01   0.107443E+00   0.257661E+00   0.333173E+00
 0.895951E+01   0.127291E+01   0.107007E+00   0.257401E+00   0.333173E+00
 0.897313E+01   0.127151E+01   0.106571E+00   0.257141E+00   0.333173E+00
 0.898674E+01   0.127011E+01   0.106136E+00   0.256880E+00   0.333173E+00
 0.900034E+01   0.126871E+01   0.105702E+00   0.256619E+00   0.333173E+00
 0.901391E+01   0.126731E+01   0.105268E+00   0.256358E+00   0.333173E+00
 0.902747E+01   0.126591E+01   0.104835E+00   0.256096E+00   0.333173E+00
 0.904388E+01   0.126421E+01   0.104310E+00   0.255778E+00   0.333173E+00
 0.905731E+01   0.126282E+01   0.103882E+00   0.255517E+00   0.333173E+00
 0.907073E+01   0.126142E+01   0.103453E+00   0.255255E+00   0.333173E+00
 0.908413E+01   0.126002E+01   0.103025E+00   0.254994E+00   0.333173E+00
 0.909750E+01   0.125862E+01   0.102598E+00   0.254732E+00   0.333173E+00
 0.911086E+01   0.125721E+01   0.102172E+00   0.254469E+00   0.333173E+00
 0.912420E+01   0.125581E+01   0.101747E+00   0.254206E+00   0.333173E+00
 0.913751E+01   0.125441E+01   0.101322E+00   0.253943E+00   0.333173E+00
 0.915081E+01   0.125300E+01   0.100898E+00   0.253680E+00   0.333173E+00
 0.916409E+01   0.125159E+01   0.100475E+00   0.253416E+00   0.333173E+00
 0.917734E+01   0.125018E+01   0.100052E+00   0.253152E+00   0.333173E+00
 0.919058E+01   0.124877E+01   0.996303E-01   0.252887E+00   0.333173E+00
 0.920379E+01   0.124736E+01   0.992093E-01   0.252622E+00   0.333173E+00
 0.921699E+01   0.124595E+01   0.987890E-01   0.252357E+00   0.333173E+00
 0.923017E+01   0.124453E+01   0.983696E-01   0.252092E+00   0.333173E+00
 0.924332E+01   0.124312E+01   0.979508E-01   0.251826E+00   0.333173E+00
 0.925646E+01   0.124170E+01   0.975328E-01   0.251560E+00   0.333173E+00
 0.926958E+01   0.124028E+01   0.971156E-01   0.251293E+00   0.333173E+00
 0.928268E+01   0.123886E+01   0.966991E-01   0.251026E+00   0.333173E+00
 0.929576E+01   0.123744E+01   0.962833E-01   0.250759E+00   0.333173E+00
 0.930898E+01   0.123600E+01   0.958632E-01   0.250488E+00   0.333173E+00
 0.932194E+01   0.123458E+01   0.954515E-01   0.250222E+00   0.333173E+00
 0.933487E+01   0.123317E+01   0.950407E-01   0.249955E+00   0.333173E+00
 0.934779E+01   0.123175E+01   0.946307E-01   0.249688E+00   0.333173E+00
 0.936069E+01   0.123033E+01   0.942215E-01   0.249421E+00   0.333173E+00
 0.937356E+01   0.122891E+01   0.938131E-01   0.249154E+00   0.333173E+00
 0.938641E+01   0.122749E+01   0.934056E-01   0.248886E+00   0.333173E+00
 0.939925E+01   0.122606E+01   0.929988E-01   0.248617E+00   0.333173E+00
 0.941206E+01   0.122464E+01   0.925929E-01   0.248349E+00   0.333173E+00
 0.942485E+01   0.122321E+01   0.921878E-01   0.248080E+00   0.333173E+00
 0.943762E+01   0.122179E+01   0.917835E-01   0.247811E+00   0.333173E+00
 0.945037E+01   0.122036E+01   0.913799E-01   0.247541E+00   0.333173E+00
 0.946310E+01   0.121893E+01   0.909772E-01   0.247272E+00   0.333173E+00
 0.947581E+01   0.121750E+01   0.905753E-01   0.247001E+00   0.333173E+00
 0.948850E+01   0.121606E+01   0.901742E-01   0.246731E+00   0.333173E+00
 0.950118E+01   0.121463E+01   0.897739E-01   0.246460E+00   0.333173E+00
 0.951383E+01   0.121319E+01   0.893744E-01   0.246189E+00   0.333173E+00
 0.953409E+01   0.121089E+01   0.887350E-01   0.245753E+00   0.333173E+00
 0.954682E+01   0.120943E+01   0.883334E-01   0.245478E+00   0.333173E+00
 0.955930E+01   0.120801E+01   0.879401E-01   0.245208E+00   0.333173E+00
 0.957175E+01   0.120658E+01   0.875477E-01   0.244937E+00   0.333173E+00
 0.958419E+01   0.120515E+01   0.871561E-01   0.244666E+00   0.333173E+00
 0.959660E+01   0.120371E+01   0.867654E-01   0.244395E+00   0.333173E+00
 0.960899E+01   0.120228E+01   0.863756E-01   0.244124E+00   0.333173E+00
 0.962136E+01   0.120085E+01   0.859866E-01   0.243852E+00   0.333173E+00
 0.963371E+01   0.119941E+01   0.855985E-01   0.243580E+00   0.333173E+00
 0.964603E+01   0.119797E+01   0.852112E-01   0.243307E+00   0.333173E+00
 0.965834E+01   0.119654E+01   0.848248E-01   0.243035E+00   0.333173E+00
 0.967062E+01   0.119510E+01   0.844393E-01   0.242762E+00   0.333173E+00
 0.968289E+01   0.119366E+01   0.840546E-01   0.242488E+00   0.333173E+00
 0.969514E+01   0.119221E+01   0.836707E-01   0.242215E+00   0.333173E+00
 0.970736E+01   0.119077E+01   0.832877E-01   0.241941E+00   0.333173E+00
 0.971957E+01   0.118933E+01   0.829056E-01   0.241666E+00   0.333173E+00
 0.973175E+01   0.118788E+01   0.825242E-01   0.241392E+00   0.333173E+00
 0.974391E+01   0.118643E+01   0.821438E-01   0.241117E+00   0.333173E+00
 0.975824E+01   0.118473E+01   0.816960E-01   0.240792E+00   0.333173E+00
 0.977024E+01   0.118329E+01   0.813211E-01   0.240519E+00   0.333173E+00
 0.978223E+01   0.118185E+01   0.809469E-01   0.240245E+00   0.333173E+00
 0.979420E+01   0.118041E+01   0.805735E-01   0.239972E+00   0.333173E+00
 0.980614E+01   0.117897E+01   0.802011E-01   0.239698E+00   0.333173E+00
 0.981806E+01   0.117753E+01   0.798296E-01   0.239423E+00   0.333173E+00
 0.982996E+01   0.117609E+01   0.794590E-01   0.239149E+00   0.333173E+00
 0.984184E+01   0.117465E+01   0.790893E-01   0.238874E+00   0.333173E+00
 0.985370E+01   0.117320E+01   0.787204E-01   0.238598E+00   0.333173E+00
 0.986554E+01   0.117176E+01   0.783524E-01   0.238323E+00   0.333173E+00
 0.987736E+01   0.117031E+01   0.779854E-01   0.238047E+00   0.333173E+00
 0.988915E+01   0.116886E+01   0.776192E-01   0.237771E+00   0.333173E+00
 0.990093E+01   0.116741E+01   0.772539E-01   0.237494E+00   0.333173E+00
 0.991268E+01   0.116596E+01   0.768895E-01   0.237217E+00   0.333173E+00
 0.992442E+01   0.116451E+01   0.765259E-01   0.236940E+00   0.333173E+00
 0.993613E+01   0.116306E+01   0.761632E-01   0.236663E+00   0.333173E+00
 0.994783E+01   0.116160E+01   0.758014E-01   0.236385E+00   0.333173E+00
 0.995950E+01   0.116015E+01   0.754404E-01   0.236107E+00   0.333173E+00
 0.997213E+01   0.115857E+01   0.750502E-01   0.235805E+00   0.333173E+00
 0.998363E+01   0.115713E+01   0.746954E-01   0.235530E+00   0.333173E+00
 0.999511E+01   0.115568E+01   0.743412E-01   0.235253E+00   0.333173E+00
 0.100066E+02   0.115424E+01   0.739879E-01   0.234977E+00   0.333173E+00
 0.100180E+02   0.115279E+01   0.736355E-01   0.234701E+00   0.333173E+00
 0.100294E+02   0.115135E+01   0.732841E-01   0.234424E+00   0.333173E+00
 0.100408E+02   0.114990E+01   0.729336E-01   0.234147E+00   0.333173E+00
 0.100522E+02   0.114845E+01   0.725840E-01   0.233869E+00   0.333173E+00
 0.100635E+02   0.114700E+01   0.722353E-01   0.233592E+00   0.333173E+00
 0.100749E+02   0.114555E+01   0.718874E-01   0.233314E+00   0.333173E+00
 0.100862E+02   0.114410E+01   0.715405E-01   0.233035E+00   0.333173E+00
 0.100975E+02   0.114265E+01   0.711946E-01   0.232757E+00   0.333173E+00
 0.101087E+02   0.114119E+01   0.708495E-01   0.232478E+00   0.333173E+00
 0.101200E+02   0.113974E+01   0.705053E-01   0.232199E+00   0.333173E+00
 0.101312E+02   0.113828E+01   0.701620E-01   0.231919E+00   0.333173E+00
 0.101424E+02   0.113682E+01   0.698196E-01   0.231639E+00   0.333173E+00
 0.101536E+02   0.113536E+01   0.694780E-01   0.231359E+00   0.333173E+00
 0.101648E+02   0.113390E+01   0.691374E-01   0.231078E+00   0.333173E+00
 0.101761E+02   0.113242E+01   0.687935E-01   0.230794E+00   0.333173E+00
 0.101870E+02   0.113098E+01   0.684592E-01   0.230517E+00   0.333173E+00
 0.101980E+02   0.112953E+01   0.681256E-01   0.230239E+00   0.333173E+00
 0.102090E+02   0.112809E+01   0.677930E-01   0.229961E+00   0.333173E+00
 0.102199E+02   0.112664E+01   0.674612E-01   0.229683E+00   0.333173E+00
 0.102308E+02   0.112519E+01   0.671304E-01   0.229404E+00   0.333173E+00
 0.102417E+02   0.112374E+01   0.668005E-01   0.229125E+00   0.333173E+00
 0.102525E+02   0.112229E+01   0.664715E-01   0.228846E+00   0.333173E+00
 0.102633E+02   0.112084E+01   0.661434E-01   0.228566E+00   0.333173E+00
 0.102742E+02   0.111939E+01   0.658163E-01   0.228287E+00   0.333173E+00
 0.102850E+02   0.111793E+01   0.654900E-01   0.228007E+00   0.333173E+00
 0.102957E+02   0.111648E+01   0.651647E-01   0.227726E+00   0.333173E+00
 0.103065E+02   0.111502E+01   0.648403E-01   0.227446E+00   0.333173E+00
 0.103172E+02   0.111356E+01   0.645167E-01   0.227165E+00   0.333173E+00
 0.103279E+02   0.111211E+01   0.641940E-01   0.226883E+00   0.333173E+00
 0.103386E+02   0.111065E+01   0.638722E-01   0.226602E+00   0.333173E+00
 0.103493E+02   0.110918E+01   0.635513E-01   0.226320E+00   0.333173E+00
 0.103600E+02   0.110772E+01   0.632314E-01   0.226037E+00   0.333173E+00
 0.103706E+02   0.110626E+01   0.629122E-01   0.225755E+00   0.333173E+00
 0.103810E+02   0.110483E+01   0.626016E-01   0.225479E+00   0.333173E+00
 0.103914E+02   0.110338E+01   0.622889E-01   0.225200E+00   0.333173E+00
 0.104018E+02   0.110194E+01   0.619772E-01   0.224921E+00   0.333173E+00
 0.104122E+02   0.110049E+01   0.616664E-01   0.224641E+00   0.333173E+00
 0.104226E+02   0.109905E+01   0.613565E-01   0.224361E+00   0.333173E+00
 0.104329E+02   0.109760E+01   0.610476E-01   0.224081E+00   0.333173E+00
 0.104433E+02   0.109615E+01   0.607395E-01   0.223801E+00   0.333173E+00
 0.104536E+02   0.109470E+01   0.604323E-01   0.223521E+00   0.333173E+00
 0.104639E+02   0.109325E+01   0.601261E-01   0.223240E+00   0.333173E+00
 0.104741E+02   0.109180E+01   0.598207E-01   0.222959E+00   0.333173E+00
 0.104844E+02   0.109034E+01   0.595163E-01   0.222677E+00   0.333173E+00
 0.104946E+02   0.108889E+01   0.592127E-01   0.222395E+00   0.333173E+00
 0.105048E+02   0.108743E+01   0.589100E-01   0.222113E+00   0.333173E+00
 0.105150E+02   0.108597E+01   0.586081E-01   0.221831E+00   0.333173E+00
 0.105252E+02   0.108452E+01   0.583072E-01   0.221548E+00   0.333173E+00
 0.105354E+02   0.108306E+01   0.580071E-01   0.221265E+00   0.333173E+00
 0.105455E+02   0.108160E+01   0.577079E-01   0.220982E+00   0.333173E+00
 0.105563E+02   0.108003E+01   0.573886E-01   0.220678E+00   0.333173E+00
 0.105762E+02   0.107715E+01   0.568046E-01   0.220120E+00   0.333173E+00
 0.105959E+02   0.107427E+01   0.562244E-01   0.219560E+00   0.333173E+00
 0.106156E+02   0.107139E+01   0.556478E-01   0.219000E+00   0.333173E+00
 0.106351E+02   0.106850E+01   0.550747E-01   0.218438E+00   0.333173E+00
 0.106546E+02   0.106560E+01   0.545051E-01   0.217875E+00   0.333173E+00
 0.106741E+02   0.106270E+01   0.539390E-01   0.217311E+00   0.333173E+00
 0.106934E+02   0.105980E+01   0.533764E-01   0.216746E+00   0.333173E+00
 0.107127E+02   0.105689E+01   0.528171E-01   0.216180E+00   0.333173E+00
 0.107267E+02   0.105477E+01   0.524126E-01   0.215767E+00   0.333173E+00
 0.107454E+02   0.105193E+01   0.518721E-01   0.215212E+00   0.333173E+00
 0.107641E+02   0.104906E+01   0.513326E-01   0.214653E+00   0.333173E+00
 0.107827E+02   0.104619E+01   0.507966E-01   0.214094E+00   0.333173E+00
 0.108012E+02   0.104332E+01   0.502641E-01   0.213533E+00   0.333173E+00
 0.108197E+02   0.104044E+01   0.497350E-01   0.212971E+00   0.333173E+00
 0.108381E+02   0.103756E+01   0.492092E-01   0.212408E+00   0.333173E+00
 0.108564E+02   0.103468E+01   0.486867E-01   0.211844E+00   0.333173E+00
 0.108747E+02   0.103179E+01   0.481676E-01   0.211279E+00   0.333173E+00
 0.108929E+02   0.102889E+01   0.476516E-01   0.210712E+00   0.333173E+00
 0.109106E+02   0.102605E+01   0.471497E-01   0.210156E+00   0.333173E+00
 0.109282E+02   0.102321E+01   0.466513E-01   0.209599E+00   0.333173E+00
 0.109458E+02   0.102036E+01   0.461562E-01   0.209041E+00   0.333173E+00
 0.109633E+02   0.101751E+01   0.456643E-01   0.208483E+00   0.333173E+00
 0.109807E+02   0.101466E+01   0.451758E-01   0.207923E+00   0.333173E+00
 0.109980E+02   0.101180E+01   0.446905E-01   0.207362E+00   0.333173E+00
 0.110153E+02   0.100894E+01   0.442084E-01   0.206800E+00   0.333173E+00
 0.110325E+02   0.100607E+01   0.437295E-01   0.206237E+00   0.333173E+00
 0.110468E+02   0.100367E+01   0.433327E-01   0.205766E+00   0.333173E+00
 0.110635E+02   0.100087E+01   0.428712E-01   0.205215E+00   0.333173E+00
 0.110801E+02   0.998055E+00   0.424120E-01   0.204661E+00   0.333173E+00
 0.110966E+02   0.995237E+00   0.419560E-01   0.204107E+00   0.333173E+00
 0.111131E+02   0.992415E+00   0.415031E-01   0.203552E+00   0.333173E+00
 0.111295E+02   0.989590E+00   0.410533E-01   0.202995E+00   0.333173E+00
 0.111458E+02   0.986760E+00   0.406065E-01   0.202438E+00   0.333173E+00
 0.111621E+02   0.983927E+00   0.401630E-01   0.201879E+00   0.333173E+00
 0.111782E+02   0.981088E+00   0.397224E-01   0.201320E+00   0.333173E+00
 0.111944E+02   0.978246E+00   0.392848E-01   0.200759E+00   0.333173E+00
 0.112096E+02   0.975550E+00   0.388733E-01   0.200227E+00   0.333173E+00
 0.112251E+02   0.972770E+00   0.384522E-01   0.199678E+00   0.333173E+00
 0.112407E+02   0.969986E+00   0.380343E-01   0.199128E+00   0.333173E+00
 0.112561E+02   0.967199E+00   0.376192E-01   0.198578E+00   0.333173E+00
 0.112715E+02   0.964408E+00   0.372072E-01   0.198026E+00   0.333173E+00
 0.112868E+02   0.961612E+00   0.367980E-01   0.197473E+00   0.333173E+00
 0.113021E+02   0.958813E+00   0.363917E-01   0.196919E+00   0.333173E+00
 0.113172E+02   0.956009E+00   0.359883E-01   0.196364E+00   0.333173E+00
 0.113278E+02   0.954040E+00   0.357071E-01   0.195975E+00   0.333173E+00
 0.113387E+02   0.952016E+00   0.354198E-01   0.195574E+00   0.333173E+00
 0.113533E+02   0.949277E+00   0.350337E-01   0.195031E+00   0.333173E+00
 0.113679E+02   0.946533E+00   0.346504E-01   0.194487E+00   0.333173E+00
 0.113824E+02   0.943787E+00   0.342700E-01   0.193943E+00   0.333173E+00
 0.113968E+02   0.941037E+00   0.338923E-01   0.193397E+00   0.333173E+00
 0.114112E+02   0.938283E+00   0.335173E-01   0.192851E+00   0.333173E+00
 0.114255E+02   0.935525E+00   0.331451E-01   0.192304E+00   0.333173E+00
 0.114397E+02   0.932763E+00   0.327756E-01   0.191755E+00   0.333173E+00
 0.114539E+02   0.929998E+00   0.324088E-01   0.191206E+00   0.333173E+00
 0.114698E+02   0.926865E+00   0.319973E-01   0.190583E+00   0.333173E+00
 0.114835E+02   0.924168E+00   0.316462E-01   0.190047E+00   0.333173E+00
 0.114971E+02   0.921468E+00   0.312978E-01   0.189510E+00   0.333173E+00
 0.115106E+02   0.918765E+00   0.309520E-01   0.188973E+00   0.333173E+00
 0.115241E+02   0.916058E+00   0.306087E-01   0.188434E+00   0.333173E+00
 0.115375E+02   0.913347E+00   0.302680E-01   0.187894E+00   0.333173E+00
 0.115508E+02   0.910633E+00   0.299299E-01   0.187354E+00   0.333173E+00
 0.115641E+02   0.907915E+00   0.295943E-01   0.186812E+00   0.333173E+00
 0.115773E+02   0.905194E+00   0.292612E-01   0.186270E+00   0.333173E+00
 0.115905E+02   0.902468E+00   0.289306E-01   0.185726E+00   0.333173E+00
 0.116032E+02   0.899818E+00   0.286121E-01   0.185198E+00   0.333173E+00
 0.116158E+02   0.897165E+00   0.282960E-01   0.184669E+00   0.333173E+00
 0.116284E+02   0.894509E+00   0.279823E-01   0.184139E+00   0.333173E+00
 0.116410E+02   0.891850E+00   0.276711E-01   0.183608E+00   0.333173E+00
 0.116534E+02   0.889188E+00   0.273622E-01   0.183076E+00   0.333173E+00
 0.116659E+02   0.886522E+00   0.270557E-01   0.182543E+00   0.333173E+00
 0.116782E+02   0.883853E+00   0.267515E-01   0.182010E+00   0.333173E+00
 0.116905E+02   0.881180E+00   0.264497E-01   0.181476E+00   0.333173E+00
 0.117019E+02   0.878692E+00   0.261712E-01   0.180978E+00   0.333173E+00
 0.117165E+02   0.875488E+00   0.258160E-01   0.180337E+00   0.333173E+00
 0.117282E+02   0.872886E+00   0.255304E-01   0.179816E+00   0.333173E+00
 0.117399E+02   0.870281E+00   0.252470E-01   0.179295E+00   0.333173E+00
 0.117516E+02   0.867673E+00   0.249659E-01   0.178773E+00   0.333173E+00
 0.117632E+02   0.865061E+00   0.246869E-01   0.178250E+00   0.333173E+00
 0.117747E+02   0.862447E+00   0.244102E-01   0.177726E+00   0.333173E+00
 0.117862E+02   0.859829E+00   0.241356E-01   0.177201E+00   0.333173E+00
 0.117976E+02   0.857208E+00   0.238632E-01   0.176675E+00   0.333173E+00
 0.118090E+02   0.854583E+00   0.235928E-01   0.176149E+00   0.333173E+00
 0.118215E+02   0.851684E+00   0.232972E-01   0.175567E+00   0.333173E+00
 0.118324E+02   0.849136E+00   0.230398E-01   0.175056E+00   0.333173E+00
 0.118432E+02   0.846585E+00   0.227844E-01   0.174544E+00   0.333173E+00
 0.118540E+02   0.844031E+00   0.225311E-01   0.174031E+00   0.333173E+00
 0.118647E+02   0.841474E+00   0.222799E-01   0.173518E+00   0.333173E+00
 0.118754E+02   0.838915E+00   0.220306E-01   0.173003E+00   0.333173E+00
 0.118861E+02   0.836352E+00   0.217834E-01   0.172488E+00   0.333173E+00
 0.118966E+02   0.833786E+00   0.215381E-01   0.171973E+00   0.333173E+00
 0.119072E+02   0.831216E+00   0.212947E-01   0.171456E+00   0.333173E+00
 0.119194E+02   0.828208E+00   0.210126E-01   0.170851E+00   0.333173E+00
 0.119295E+02   0.825717E+00   0.207814E-01   0.170349E+00   0.333173E+00
 0.119395E+02   0.823222E+00   0.205520E-01   0.169847E+00   0.333173E+00
 0.119545E+02   0.819475E+00   0.202113E-01   0.169093E+00   0.333173E+00
 0.119694E+02   0.815722E+00   0.198747E-01   0.168337E+00   0.333173E+00
 0.119841E+02   0.811962E+00   0.195423E-01   0.167579E+00   0.333173E+00
 0.119987E+02   0.808195E+00   0.192139E-01   0.166820E+00   0.333173E+00
 0.120133E+02   0.804421E+00   0.188895E-01   0.166059E+00   0.333173E+00
 0.120261E+02   0.801061E+00   0.186045E-01   0.165381E+00   0.333173E+00
 0.120399E+02   0.797402E+00   0.182983E-01   0.164643E+00   0.333173E+00
 0.120536E+02   0.793738E+00   0.179959E-01   0.163903E+00   0.333173E+00
 0.120673E+02   0.790068E+00   0.176972E-01   0.163162E+00   0.333173E+00
 0.120808E+02   0.786391E+00   0.174022E-01   0.162419E+00   0.333173E+00
 0.120942E+02   0.782708E+00   0.171110E-01   0.161675E+00   0.333173E+00
 0.121049E+02   0.779760E+00   0.168808E-01   0.161079E+00   0.333173E+00
 0.121174E+02   0.776278E+00   0.166122E-01   0.160374E+00   0.333173E+00
 0.121301E+02   0.772704E+00   0.163404E-01   0.159652E+00   0.333173E+00
 0.121427E+02   0.769126E+00   0.160721E-01   0.158927E+00   0.333173E+00
 0.121552E+02   0.765542E+00   0.158072E-01   0.158202E+00   0.333173E+00
 0.121676E+02   0.761952E+00   0.155456E-01   0.157475E+00   0.333173E+00
 0.121799E+02   0.758356E+00   0.152873E-01   0.156746E+00   0.333173E+00
 0.121921E+02   0.754754E+00   0.150322E-01   0.156016E+00   0.333173E+00
 0.122041E+02   0.751182E+00   0.147830E-01   0.155292E+00   0.333173E+00
 0.122157E+02   0.747694E+00   0.145430E-01   0.154585E+00   0.333173E+00
 0.122273E+02   0.744202E+00   0.143062E-01   0.153877E+00   0.333173E+00
 0.122387E+02   0.740704E+00   0.140724E-01   0.153167E+00   0.333173E+00
 0.122500E+02   0.737201E+00   0.138416E-01   0.152456E+00   0.333173E+00
 0.122613E+02   0.733693E+00   0.136137E-01   0.151744E+00   0.333173E+00
 0.122725E+02   0.730178E+00   0.133888E-01   0.151030E+00   0.333173E+00
 0.122831E+02   0.726802E+00   0.131758E-01   0.150344E+00   0.333173E+00
 0.122937E+02   0.723399E+00   0.129642E-01   0.149653E+00   0.333173E+00
 0.123042E+02   0.719992E+00   0.127553E-01   0.148960E+00   0.333173E+00
 0.123147E+02   0.716580E+00   0.125491E-01   0.148266E+00   0.333173E+00
 0.123251E+02   0.713163E+00   0.123456E-01   0.147572E+00   0.333173E+00
 0.123353E+02   0.709741E+00   0.121448E-01   0.146875E+00   0.333173E+00
 0.123455E+02   0.706313E+00   0.119466E-01   0.146178E+00   0.333173E+00
 0.123564E+02   0.702635E+00   0.117371E-01   0.145429E+00   0.333173E+00
 0.123693E+02   0.698211E+00   0.114895E-01   0.144528E+00   0.333173E+00
 0.123820E+02   0.693779E+00   0.112463E-01   0.143626E+00   0.333173E+00
 0.123946E+02   0.689340E+00   0.110073E-01   0.142721E+00   0.333173E+00
 0.124071E+02   0.684891E+00   0.107725E-01   0.141814E+00   0.333173E+00
 0.124175E+02   0.681154E+00   0.105789E-01   0.141053E+00   0.333173E+00
 0.124285E+02   0.677123E+00   0.103735E-01   0.140230E+00   0.333173E+00
 0.124403E+02   0.672799E+00   0.101573E-01   0.139348E+00   0.333173E+00
 0.124518E+02   0.668469E+00   0.994501E-02   0.138465E+00   0.333173E+00
 0.124633E+02   0.664131E+00   0.973646E-02   0.137579E+00   0.333173E+00
 0.124746E+02   0.659785E+00   0.953163E-02   0.136692E+00   0.333173E+00
 0.124859E+02   0.655431E+00   0.933043E-02   0.135802E+00   0.333173E+00
 0.124963E+02   0.651327E+00   0.914446E-02   0.134964E+00   0.333173E+00
 0.125069E+02   0.647114E+00   0.895712E-02   0.134103E+00   0.333173E+00
 0.125174E+02   0.642894E+00   0.877317E-02   0.133240E+00   0.333173E+00
 0.125277E+02   0.638667E+00   0.859253E-02   0.132376E+00   0.333173E+00
 0.125380E+02   0.634433E+00   0.841513E-02   0.131510E+00   0.333173E+00
 0.125504E+02   0.629240E+00   0.820228E-02   0.130447E+00   0.333173E+00
 0.125626E+02   0.624040E+00   0.799434E-02   0.129383E+00   0.333173E+00
 0.125746E+02   0.618831E+00   0.779109E-02   0.128316E+00   0.333173E+00
 0.125865E+02   0.613612E+00   0.759241E-02   0.127247E+00   0.333173E+00
 0.125982E+02   0.608382E+00   0.739819E-02   0.126176E+00   0.333173E+00
 0.126091E+02   0.603476E+00   0.722032E-02   0.125171E+00   0.333173E+00
 0.126199E+02   0.598482E+00   0.704347E-02   0.124147E+00   0.333173E+00
 0.126306E+02   0.593484E+00   0.687071E-02   0.123122E+00   0.333173E+00
 0.126412E+02   0.588479E+00   0.670192E-02   0.122095E+00   0.333173E+00
 0.126516E+02   0.583467E+00   0.653699E-02   0.121067E+00   0.333173E+00
 0.126624E+02   0.578214E+00   0.636844E-02   0.119989E+00   0.333173E+00
 0.126735E+02   0.572675E+00   0.619514E-02   0.118852E+00   0.333173E+00
 0.126846E+02   0.567102E+00   0.602508E-02   0.117708E+00   0.333173E+00
 0.126956E+02   0.561502E+00   0.585821E-02   0.116557E+00   0.333173E+00
 0.127071E+02   0.555568E+00   0.568550E-02   0.115338E+00   0.333173E+00
 0.127180E+02   0.549835E+00   0.552262E-02   0.114160E+00   0.333173E+00
 0.127288E+02   0.544124E+00   0.536437E-02   0.112986E+00   0.333173E+00
 0.127394E+02   0.538429E+00   0.521059E-02   0.111815E+00   0.333173E+00
 0.127507E+02   0.532202E+00   0.504709E-02   0.110534E+00   0.333173E+00
 0.127621E+02   0.525865E+00   0.488568E-02   0.109230E+00   0.333173E+00
 0.127733E+02   0.519540E+00   0.472968E-02   0.107928E+00   0.333173E+00
 0.127842E+02   0.513219E+00   0.457888E-02   0.106626E+00   0.333173E+00
 0.127954E+02   0.506562E+00   0.442546E-02   0.105255E+00   0.333173E+00
 0.128065E+02   0.499901E+00   0.427724E-02   0.103883E+00   0.333173E+00
 0.128173E+02   0.493212E+00   0.413338E-02   0.102504E+00   0.333173E+00
 0.128280E+02   0.486503E+00   0.399373E-02   0.101121E+00   0.333173E+00
 0.128383E+02   0.479922E+00   0.386109E-02   0.997650E-01   0.333173E+00
 0.128495E+02   0.472633E+00   0.371954E-02   0.982618E-01   0.333173E+00
 0.128603E+02   0.465367E+00   0.358441E-02   0.967626E-01   0.333173E+00
 0.128714E+02   0.457678E+00   0.344796E-02   0.951748E-01   0.333173E+00
 0.128821E+02   0.450174E+00   0.331993E-02   0.936244E-01   0.333173E+00
 0.128921E+02   0.443031E+00   0.320094E-02   0.921497E-01   0.333173E+00
 0.129024E+02   0.435738E+00   0.308082E-02   0.906463E-01   0.333173E+00
 0.129129E+02   0.428277E+00   0.296070E-02   0.891100E-01   0.333173E+00
 0.129236E+02   0.420265E+00   0.284111E-02   0.874561E-01   0.333173E+00
 0.129337E+02   0.411890E+00   0.272981E-02   0.857139E-01   0.333173E+00
 0.129443E+02   0.402352E+00   0.261671E-02   0.837135E-01   0.333173E+00
 0.129546E+02   0.392770E+00   0.250844E-02   0.817128E-01   0.333173E+00
 0.129651E+02   0.383247E+00   0.240174E-02   0.797454E-01   0.333173E+00
 0.129754E+02   0.374033E+00   0.229854E-02   0.778394E-01   0.333173E+00
 0.129854E+02   0.365153E+00   0.220134E-02   0.760025E-01   0.333173E+00
 0.129958E+02   0.354662E+00   0.210388E-02   0.738317E-01   0.333173E+00
 0.130062E+02   0.345403E+00   0.200804E-02   0.719153E-01   0.333173E+00
 0.130164E+02   0.336389E+00   0.191720E-02   0.700492E-01   0.333173E+00
 0.130270E+02   0.327128E+00   0.182528E-02   0.681312E-01   0.333173E+00
 0.130374E+02   0.318121E+00   0.173783E-02   0.662655E-01   0.333173E+00
 0.130475E+02   0.309507E+00   0.165493E-02   0.644808E-01   0.333173E+00
 0.130580E+02   0.300248E+00   0.157200E-02   0.625619E-01   0.333173E+00
 0.130684E+02   0.291340E+00   0.149168E-02   0.607153E-01   0.333173E+00
 0.130791E+02   0.282490E+00   0.141187E-02   0.588800E-01   0.333173E+00
 0.130897E+02   0.273820E+00   0.133576E-02   0.570817E-01   0.333173E+00
 0.131006E+02   0.265046E+00   0.126007E-02   0.552612E-01   0.333173E+00
 0.131113E+02   0.256422E+00   0.118747E-02   0.534713E-01   0.333173E+00
 0.131218E+02   0.248167E+00   0.111947E-02   0.517576E-01   0.333173E+00
 0.131325E+02   0.239824E+00   0.105237E-02   0.500252E-01   0.333173E+00
 0.131428E+02   0.231854E+00   0.989684E-03   0.483698E-01   0.333173E+00
 0.131533E+02   0.223819E+00   0.928073E-03   0.467005E-01   0.333173E+00
 0.131634E+02   0.216175E+00   0.870961E-03   0.451119E-01   0.333173E+00
 0.131740E+02   0.208285E+00   0.813560E-03   0.434718E-01   0.333173E+00
 0.131842E+02   0.200725E+00   0.760089E-03   0.418998E-01   0.333173E+00
 0.131946E+02   0.193128E+00   0.707933E-03   0.403198E-01   0.333173E+00
 0.132047E+02   0.185780E+00   0.659020E-03   0.387911E-01   0.333173E+00
 0.132150E+02   0.178340E+00   0.611262E-03   0.372431E-01   0.333173E+00
 0.132254E+02   0.170955E+00   0.565535E-03   0.357059E-01   0.333173E+00
 0.132357E+02   0.163657E+00   0.521845E-03   0.341864E-01   0.333173E+00
 0.132462E+02   0.156232E+00   0.479147E-03   0.326400E-01   0.333173E+00
 0.132566E+02   0.148974E+00   0.439201E-03   0.311281E-01   0.333173E+00
 0.132670E+02   0.141688E+00   0.400851E-03   0.296099E-01   0.333173E+00
 0.132775E+02   0.134447E+00   0.364545E-03   0.281008E-01   0.333173E+00
 0.132876E+02   0.127430E+00   0.331237E-03   0.266381E-01   0.333173E+00
 0.132979E+02   0.120330E+00   0.299219E-03   0.251575E-01   0.333173E+00
 0.133079E+02   0.113447E+00   0.269815E-03   0.237217E-01   0.333173E+00
 0.133182E+02   0.106433E+00   0.241650E-03   0.222584E-01   0.333173E+00
 0.133282E+02   0.995513E-01   0.215808E-03   0.208225E-01   0.333173E+00
 0.133382E+02   0.927494E-01   0.191855E-03   0.194026E-01   0.333173E+00
 0.133485E+02   0.858379E-01   0.169051E-03   0.179595E-01   0.333173E+00
 0.133588E+02   0.790028E-01   0.148069E-03   0.165321E-01   0.333173E+00
 0.133689E+02   0.723059E-01   0.129146E-03   0.151332E-01   0.333173E+00
 0.133791E+02   0.656349E-01   0.111726E-03   0.137391E-01   0.333173E+00
 0.133892E+02   0.592416E-01   0.961339E-04   0.124030E-01   0.333173E+00
 0.133993E+02   0.531354E-01   0.821757E-04   0.111271E-01   0.333173E+00
 0.134094E+02   0.471227E-01   0.697230E-04   0.986897E-02   0.333173E+00
 0.134194E+02   0.404543E-01   0.588788E-04   0.846865E-02   0.333173E+00
 0.134295E+02   0.327799E-01   0.499188E-04   0.687387E-02   0.333173E+00
 0.134397E+02   0.293712E-01   0.422741E-04   0.615904E-02   0.333173E+00
 0.134498E+02   0.265324E-01   0.353435E-04   0.556256E-02   0.333173E+00
 0.134600E+02   0.230935E-01   0.291926E-04   0.484123E-02   0.333173E+00
 0.134700E+02   0.199326E-01   0.239524E-04   0.418019E-02   0.333173E+00
 0.134800E+02   0.170755E-01   0.194587E-04   0.358273E-02   0.333173E+00
 0.134901E+02   0.144054E-01   0.156171E-04   0.302290E-02   0.333173E+00
 0.135002E+02   0.119725E-01   0.124080E-04   0.251211E-02   0.333173E+00
 0.135103E+02   0.978169E-02   0.978348E-05   0.205248E-02   0.333173E+00
 0.135203E+02   0.781396E-02   0.766689E-05   0.164005E-02   0.333173E+00
 0.135304E+02   0.606400E-02   0.599011E-05   0.127281E-02   0.333173E+00
 0.135405E+02   0.454919E-02   0.470976E-05   0.955432E-03   0.333173E+00
 0.135505E+02   0.329150E-02   0.377654E-05   0.691547E-03   0.333173E+00
 0.135605E+02   0.227128E-02   0.311450E-05   0.477429E-03   0.333173E+00
 0.135706E+02   0.152092E-02   0.266549E-05   0.319885E-03   0.333173E+00
 0.135806E+02   0.119192E-02   0.235481E-05   0.250794E-03   0.333173E+00
 0.135907E+02   0.109550E-02   0.207925E-05   0.230451E-03   0.333173E+00
 0.136010E+02   0.939942E-03   0.183113E-05   0.197898E-03   0.333173E+00
 0.136112E+02   0.831557E-03   0.161796E-05   0.175136E-03   0.333173E+00
 0.136212E+02   0.756375E-03   0.143083E-05   0.159334E-03   0.333173E+00
 0.136312E+02   0.693140E-03   0.125957E-05   0.146063E-03   0.333173E+00
 0.136414E+02   0.626369E-03   0.110151E-05   0.132039E-03   0.333173E+00
 0.136515E+02   0.551200E-03   0.961858E-06   0.116186E-03   0.333173E+00
 0.136617E+02   0.482457E-03   0.838651E-06   0.101746E-03   0.333173E+00
 0.136718E+02   0.422850E-03   0.731553E-06   0.891767E-04   0.333173E+00
 0.136819E+02   0.373591E-03   0.638542E-06   0.787750E-04   0.333173E+00
 0.136919E+02   0.335225E-03   0.555876E-06   0.707176E-04   0.333173E+00
 0.137020E+02   0.302021E-03   0.481289E-06   0.637443E-04   0.333173E+00
 0.137121E+02   0.270469E-03   0.414256E-06   0.570891E-04   0.333173E+00
 0.137223E+02   0.240011E-03   0.353859E-06   0.506562E-04   0.333173E+00
 0.137325E+02   0.211940E-03   0.300947E-06   0.447423E-04   0.333173E+00
 0.137425E+02   0.187457E-03   0.254661E-06   0.395844E-04   0.333173E+00
 0.137526E+02   0.165678E-03   0.213938E-06   0.349857E-04   0.333173E+00
 0.137627E+02   0.142163E-03   0.178185E-06   0.300250E-04   0.333173E+00
 0.137727E+02   0.119765E-03   0.148073E-06   0.253059E-04   0.333173E+00
 0.137828E+02   0.103330E-03   0.122537E-06   0.218331E-04   0.333173E+00
 0.137929E+02   0.893420E-04   0.100194E-06   0.188794E-04   0.333173E+00
 0.138031E+02   0.756721E-04   0.811341E-07   0.159963E-04   0.333173E+00
 0.138131E+02   0.627277E-04   0.654178E-07   0.132603E-04   0.333173E+00
 0.138232E+02   0.525679E-04   0.522794E-07   0.111179E-04   0.333173E+00
 0.138333E+02   0.441200E-04   0.411765E-07   0.933185E-05   0.333173E+00
 0.138434E+02   0.364926E-04   0.320244E-07   0.771802E-05   0.333173E+00
 0.138534E+02   0.298945E-04   0.245480E-07   0.632877E-05   0.333173E+00
 0.138635E+02   0.241778E-04   0.184120E-07   0.511616E-05   0.333173E+00
 0.138736E+02   0.185256E-04   0.135885E-07   0.392032E-05   0.333173E+00
 0.138837E+02   0.144787E-04   0.987558E-08   0.306418E-05   0.333173E+00
 0.138937E+02   0.113019E-04   0.697959E-08   0.239223E-05   0.333173E+00
 0.139038E+02   0.853529E-05   0.476801E-08   0.180740E-05   0.333173E+00
 0.139139E+02   0.609218E-05   0.312818E-08   0.129036E-05   0.333173E+00
 0.139239E+02   0.443875E-05   0.196598E-08   0.940149E-06   0.333173E+00
 0.139340E+02   0.270657E-05   0.117340E-08   0.573402E-06   0.333173E+00
 0.139440E+02   0.181390E-05   0.672223E-09   0.384343E-06   0.333173E+00
 0.139540E+02   0.113229E-05   0.349796E-09   0.239889E-06   0.333173E+00
 0.139641E+02   0.608285E-06   0.161984E-09   0.128946E-06   0.333173E+00
 0.139741E+02   0.307948E-06   0.631629E-10   0.652892E-07   0.333173E+00
 0.139841E+02   0.123580E-06   0.176555E-10   0.262011E-07   0.333173E+00
 0.139941E+02   0.302842E-07   0.231542E-11   0.642124E-08   0.333173E+00
 0.140041E+02   0.137678E-09   0.490472E-15   0.292104E-10   0.333173E+00
