 0.745400E-10   0.000000E+00   0.000000E+00   0.000000E+00   0.158100E-10
 0.300000E-02   0.612922E+00   0.224190E+03   0.618175E+00   0.635339E-03
 0.600000E-02   0.557884E+00   0.186789E+03   0.562531E+00   0.127066E-02
 0.900000E-02   0.537485E+00   0.181545E+03   0.541956E+00   0.190303E-02
 0.120000E-01   0.527090E+00   0.181284E+03   0.531484E+00   0.253298E-02
 0.150000E-01   0.522944E+00   0.182825E+03   0.527312E+00   0.316103E-02
 0.180000E-01   0.522195E+00   0.185016E+03   0.526564E+00   0.378770E-02
 0.210000E-01   0.523750E+00   0.187681E+03   0.528137E+00   0.441353E-02
 0.240000E-01   0.523899E+00   0.189024E+03   0.528286E+00   0.503903E-02
 0.270000E-01   0.524955E+00   0.190491E+03   0.529351E+00   0.566472E-02
 0.300000E-01   0.526329E+00   0.191866E+03   0.530738E+00   0.629113E-02
 0.330000E-01   0.526799E+00   0.192533E+03   0.531210E+00   0.691845E-02
 0.360000E-01   0.527439E+00   0.193179E+03   0.531854E+00   0.754653E-02
 0.390000E-01   0.527800E+00   0.193587E+03   0.532217E+00   0.817521E-02
 0.420000E-01   0.528312E+00   0.194032E+03   0.532733E+00   0.880433E-02
 0.450000E-01   0.528144E+00   0.194044E+03   0.532562E+00   0.943372E-02
 0.480000E-01   0.529535E+00   0.194948E+03   0.533966E+00   0.100632E-01
 0.510000E-01   0.528956E+00   0.194675E+03   0.533380E+00   0.106927E-01
 0.540000E-01   0.529565E+00   0.195088E+03   0.533993E+00   0.113219E-01
 0.570000E-01   0.530801E+00   0.195863E+03   0.535241E+00   0.119509E-01
 0.600000E-01   0.531459E+00   0.196289E+03   0.535905E+00   0.125796E-01
 0.630000E-01   0.531599E+00   0.196398E+03   0.536045E+00   0.132081E-01
 0.660000E-01   0.530737E+00   0.195907E+03   0.535173E+00   0.138365E-01
 0.690000E-01   0.533309E+00   0.197457E+03   0.537771E+00   0.144648E-01
 0.720000E-01   0.533818E+00   0.197774E+03   0.538284E+00   0.150931E-01
 0.750000E-01   0.535123E+00   0.198575E+03   0.539602E+00   0.157213E-01
 0.780000E-01   0.533938E+00   0.197869E+03   0.538402E+00   0.163496E-01
 0.810000E-01   0.533719E+00   0.197756E+03   0.538178E+00   0.169779E-01
 0.840000E-01   0.534017E+00   0.197962E+03   0.538478E+00   0.176062E-01
 0.870000E-01   0.533552E+00   0.197727E+03   0.538006E+00   0.182345E-01
 0.900000E-01   0.535447E+00   0.198919E+03   0.539920E+00   0.188629E-01
 0.930000E-01   0.533448E+00   0.197813E+03   0.537897E+00   0.194912E-01
 0.960000E-01   0.531383E+00   0.196728E+03   0.535807E+00   0.201196E-01
 0.990000E-01   0.532291E+00   0.197417E+03   0.536723E+00   0.207479E-01
 0.102000E+00   0.532456E+00   0.197722E+03   0.536888E+00   0.213761E-01
 0.105000E+00   0.531900E+00   0.197668E+03   0.536325E+00   0.220043E-01
 0.108000E+00   0.533328E+00   0.198825E+03   0.537767E+00   0.226325E-01
 0.111000E+00   0.530259E+00   0.197472E+03   0.534662E+00   0.232606E-01
 0.114000E+00   0.528956E+00   0.197228E+03   0.533343E+00   0.238886E-01
 0.117000E+00   0.526823E+00   0.196628E+03   0.531186E+00   0.245166E-01
 0.120000E+00   0.533336E+00   0.200973E+03   0.537768E+00   0.251446E-01
 0.123000E+00   0.537035E+00   0.203924E+03   0.541506E+00   0.257725E-01
 0.126000E+00   0.539390E+00   0.206240E+03   0.543886E+00   0.264004E-01
 0.129000E+00   0.539182E+00   0.207155E+03   0.543675E+00   0.270283E-01
 0.132000E+00   0.538728E+00   0.208065E+03   0.543214E+00   0.276561E-01
 0.135000E+00   0.536446E+00   0.208042E+03   0.540908E+00   0.282838E-01
 0.138000E+00   0.535351E+00   0.208894E+03   0.539800E+00   0.289115E-01
 0.141000E+00   0.532915E+00   0.209140E+03   0.537338E+00   0.295392E-01
 0.144000E+00   0.534387E+00   0.211863E+03   0.538826E+00   0.301668E-01
 0.147000E+00   0.532429E+00   0.212779E+03   0.536848E+00   0.307944E-01
 0.150000E+00   0.532123E+00   0.214882E+03   0.536539E+00   0.314219E-01
 0.153000E+00   0.530126E+00   0.216226E+03   0.534522E+00   0.320493E-01
 0.156000E+00   0.529798E+00   0.218796E+03   0.534192E+00   0.326767E-01
 0.159000E+00   0.530464E+00   0.222226E+03   0.534867E+00   0.333040E-01
 0.162000E+00   0.527141E+00   0.223576E+03   0.531510E+00   0.339313E-01
 0.165000E+00   0.528053E+00   0.227742E+03   0.532434E+00   0.345585E-01
 0.168000E+00   0.526557E+00   0.230797E+03   0.530924E+00   0.351856E-01
 0.171000E+00   0.527892E+00   0.235905E+03   0.532276E+00   0.358127E-01
 0.174000E+00   0.525908E+00   0.239354E+03   0.530273E+00   0.364397E-01
 0.177000E+00   0.521598E+00   0.241737E+03   0.525922E+00   0.370667E-01
 0.180000E+00   0.525619E+00   0.249641E+03   0.529987E+00   0.376935E-01
 0.183000E+00   0.528428E+00   0.257288E+03   0.532828E+00   0.383203E-01
 0.186000E+00   0.530715E+00   0.265108E+03   0.535142E+00   0.389471E-01
 0.189000E+00   0.523219E+00   0.266939E+03   0.527572E+00   0.395737E-01
 0.192000E+00   0.518238E+00   0.270873E+03   0.522544E+00   0.402003E-01
 0.195000E+00   0.507786E+00   0.271730E+03   0.511990E+00   0.408268E-01
 0.198000E+00   0.499049E+00   0.274217E+03   0.503168E+00   0.414532E-01
 0.201000E+00   0.486877E+00   0.275074E+03   0.490879E+00   0.420795E-01
 0.204000E+00   0.481897E+00   0.281055E+03   0.485856E+00   0.427058E-01
 0.207000E+00   0.471281E+00   0.284099E+03   0.475139E+00   0.433320E-01
 0.210000E+00   0.461686E+00   0.288485E+03   0.465457E+00   0.439581E-01
 0.213000E+00   0.451600E+00   0.293323E+03   0.455278E+00   0.445841E-01
 0.216000E+00   0.437300E+00   0.296240E+03   0.440846E+00   0.452100E-01
 0.219000E+00   0.419139E+00   0.297453E+03   0.422516E+00   0.458358E-01
 0.222000E+00   0.405590E+00   0.302614E+03   0.408845E+00   0.464616E-01
 0.225000E+00   0.378282E+00   0.299304E+03   0.381283E+00   0.470872E-01
 0.228000E+00   0.355204E+00   0.299552E+03   0.357996E+00   0.477128E-01
 0.231000E+00   0.333484E+00   0.301444E+03   0.336082E+00   0.483382E-01
 0.234000E+00   0.314815E+00   0.306423E+03   0.317251E+00   0.489636E-01
 0.237000E+00   0.290144E+00   0.307440E+03   0.292364E+00   0.495889E-01
 0.240000E+00   0.270031E+00   0.312871E+03   0.272080E+00   0.502141E-01
 0.243000E+00   0.245523E+00   0.314790E+03   0.247363E+00   0.508391E-01
 0.246000E+00   0.206086E+00   0.300220E+03   0.207582E+00   0.514641E-01
 0.249000E+00   0.164756E+00   0.276937E+03   0.165895E+00   0.520890E-01
 0.252000E+00   0.127035E+00   0.245929E+03   0.127851E+00   0.527138E-01
 0.255000E+00   0.100633E+00   0.216738E+03   0.101223E+00   0.533384E-01
 0.258000E+00   0.826939E-01   0.187396E+03   0.831312E-01   0.539630E-01
 0.261000E+00   0.709383E-01   0.154174E+03   0.712747E-01   0.545875E-01
 0.264000E+00   0.650424E-01   0.123816E+03   0.653272E-01   0.552118E-01
 0.267000E+00   0.629022E-01   0.102091E+03   0.631675E-01   0.558361E-01
 0.270000E+00   0.625155E-01   0.869104E+02   0.627765E-01   0.564602E-01
 0.273000E+00   0.629641E-01   0.757977E+02   0.632284E-01   0.570842E-01
 0.276000E+00   0.638731E-01   0.680386E+02   0.641451E-01   0.577081E-01
 0.279000E+00   0.650850E-01   0.652240E+02   0.653678E-01   0.583319E-01
 0.282000E+00   0.663815E-01   0.589126E+02   0.666762E-01   0.589556E-01
 0.285000E+00   0.678034E-01   0.532215E+02   0.681116E-01   0.595792E-01
 0.288000E+00   0.693241E-01   0.487581E+02   0.696469E-01   0.602026E-01
 0.291000E+00   0.709220E-01   0.457927E+02   0.712608E-01   0.608260E-01
 0.294000E+00   0.725789E-01   0.438547E+02   0.729347E-01   0.614492E-01
 0.297000E+00   0.742856E-01   0.434383E+02   0.746593E-01   0.620723E-01
 0.300000E+00   0.760306E-01   0.424437E+02   0.764230E-01   0.626952E-01
 0.303000E+00   0.778126E-01   0.410341E+02   0.782248E-01   0.633181E-01
 0.306000E+00   0.796299E-01   0.394607E+02   0.800626E-01   0.639408E-01
 0.309000E+00   0.814811E-01   0.403593E+02   0.819352E-01   0.645634E-01
 0.312000E+00   0.833627E-01   0.396033E+02   0.838391E-01   0.651859E-01
 0.315000E+00   0.852741E-01   0.386508E+02   0.857737E-01   0.658083E-01
 0.318000E+00   0.872142E-01   0.364833E+02   0.877379E-01   0.664305E-01
 0.321000E+00   0.891819E-01   0.346104E+02   0.897305E-01   0.670526E-01
 0.324000E+00   0.911762E-01   0.329871E+02   0.917506E-01   0.676745E-01
 0.327000E+00   0.931963E-01   0.315663E+02   0.937976E-01   0.682964E-01
 0.330000E+00   0.952418E-01   0.303026E+02   0.958707E-01   0.689181E-01
 0.333000E+00   0.973119E-01   0.291868E+02   0.979694E-01   0.695397E-01
 0.336000E+00   0.994062E-01   0.281824E+02   0.100093E+00   0.701611E-01
 0.339000E+00   0.101524E+00   0.272759E+02   0.102242E+00   0.707824E-01
 0.342000E+00   0.103666E+00   0.264638E+02   0.104415E+00   0.714036E-01
 0.345000E+00   0.105830E+00   0.257223E+02   0.106612E+00   0.720246E-01
 0.348000E+00   0.108017E+00   0.250549E+02   0.108832E+00   0.726455E-01
 0.351000E+00   0.110226E+00   0.244325E+02   0.111076E+00   0.732662E-01
 0.354000E+00   0.112457E+00   0.238743E+02   0.113343E+00   0.738869E-01
 0.357000E+00   0.114710E+00   0.233496E+02   0.115632E+00   0.745073E-01
 0.360000E+00   0.116985E+00   0.228734E+02   0.117944E+00   0.751277E-01
 0.363000E+00   0.119280E+00   0.224260E+02   0.120278E+00   0.757479E-01
 0.366000E+00   0.121596E+00   0.220095E+02   0.122634E+00   0.763679E-01
 0.369000E+00   0.123933E+00   0.216289E+02   0.125012E+00   0.769878E-01
 0.372000E+00   0.126291E+00   0.212739E+02   0.127411E+00   0.776076E-01
 0.375000E+00   0.128668E+00   0.209426E+02   0.129831E+00   0.782272E-01
 0.378000E+00   0.131065E+00   0.206262E+02   0.132273E+00   0.788467E-01
 0.381000E+00   0.133483E+00   0.203333E+02   0.134735E+00   0.794660E-01
 0.384000E+00   0.135919E+00   0.200639E+02   0.137218E+00   0.800852E-01
 0.387000E+00   0.138375E+00   0.198025E+02   0.139722E+00   0.807042E-01
 0.390000E+00   0.140850E+00   0.195702E+02   0.142245E+00   0.813231E-01
 0.393000E+00   0.143343E+00   0.193387E+02   0.144789E+00   0.819418E-01
 0.396000E+00   0.145856E+00   0.191253E+02   0.147353E+00   0.825604E-01
 0.399000E+00   0.148387E+00   0.189211E+02   0.149936E+00   0.831788E-01
 0.402000E+00   0.150936E+00   0.187311E+02   0.152539E+00   0.837970E-01
 0.405000E+00   0.153503E+00   0.185466E+02   0.155161E+00   0.844152E-01
 0.408000E+00   0.156088E+00   0.183780E+02   0.157802E+00   0.850331E-01
 0.411000E+00   0.158691E+00   0.182144E+02   0.160462E+00   0.856509E-01
 0.414000E+00   0.161311E+00   0.180556E+02   0.163141E+00   0.862686E-01
 0.417000E+00   0.163948E+00   0.179134E+02   0.165838E+00   0.868860E-01
 0.420000E+00   0.166603E+00   0.177740E+02   0.168554E+00   0.875034E-01
 0.423000E+00   0.169275E+00   0.176412E+02   0.171288E+00   0.881205E-01
 0.426000E+00   0.171963E+00   0.175083E+02   0.174040E+00   0.887376E-01
 0.429000E+00   0.174668E+00   0.173918E+02   0.176810E+00   0.893544E-01
 0.432000E+00   0.177389E+00   0.172759E+02   0.179598E+00   0.899711E-01
 0.435000E+00   0.180126E+00   0.171682E+02   0.182403E+00   0.905876E-01
 0.438000E+00   0.182880E+00   0.170601E+02   0.185226E+00   0.912040E-01
 0.441000E+00   0.185649E+00   0.169640E+02   0.188066E+00   0.918202E-01
 0.444000E+00   0.188434E+00   0.168629E+02   0.190923E+00   0.924362E-01
 0.447000E+00   0.191234E+00   0.167762E+02   0.193797E+00   0.930521E-01
 0.450000E+00   0.194050E+00   0.166848E+02   0.196687E+00   0.936678E-01
 0.453000E+00   0.196881E+00   0.165997E+02   0.199595E+00   0.942834E-01
 0.456000E+00   0.199728E+00   0.165170E+02   0.202520E+00   0.948987E-01
 0.459000E+00   0.202590E+00   0.164435E+02   0.205461E+00   0.955139E-01
 0.462000E+00   0.205467E+00   0.163729E+02   0.208418E+00   0.961290E-01
 0.465000E+00   0.208359E+00   0.162987E+02   0.211393E+00   0.967438E-01
 0.468000E+00   0.211266E+00   0.162309E+02   0.214383E+00   0.973585E-01
 0.471000E+00   0.214187E+00   0.161689E+02   0.217389E+00   0.979731E-01
 0.474000E+00   0.217122E+00   0.161043E+02   0.220410E+00   0.985874E-01
 0.477000E+00   0.220070E+00   0.160422E+02   0.223447E+00   0.992016E-01
 0.480000E+00   0.223031E+00   0.159905E+02   0.226498E+00   0.998156E-01
 0.483000E+00   0.226005E+00   0.159316E+02   0.229563E+00   0.100429E+00
 0.486000E+00   0.228992E+00   0.158731E+02   0.232642E+00   0.101043E+00
 0.489000E+00   0.231991E+00   0.158245E+02   0.235735E+00   0.101657E+00
 0.492000E+00   0.235002E+00   0.157753E+02   0.238842E+00   0.102270E+00
 0.495000E+00   0.238027E+00   0.157286E+02   0.241964E+00   0.102883E+00
 0.498000E+00   0.241066E+00   0.156831E+02   0.245102E+00   0.103496E+00
 0.501000E+00   0.244120E+00   0.156416E+02   0.248256E+00   0.104109E+00
 0.504000E+00   0.247190E+00   0.155963E+02   0.251428E+00   0.104721E+00
 0.507000E+00   0.250276E+00   0.155511E+02   0.254617E+00   0.105334E+00
 0.510000E+00   0.253378E+00   0.155176E+02   0.257826E+00   0.105946E+00
 0.513000E+00   0.256498E+00   0.154790E+02   0.261053E+00   0.106558E+00
 0.516000E+00   0.259633E+00   0.154414E+02   0.264296E+00   0.107170E+00
 0.519000E+00   0.262779E+00   0.154069E+02   0.267553E+00   0.107782E+00
 0.522000E+00   0.265934E+00   0.153729E+02   0.270820E+00   0.108393E+00
 0.525000E+00   0.269094E+00   0.153324E+02   0.274094E+00   0.109005E+00
 0.528000E+00   0.272257E+00   0.153080E+02   0.277373E+00   0.109616E+00
 0.531000E+00   0.275420E+00   0.152752E+02   0.280651E+00   0.110227E+00
 0.534000E+00   0.278579E+00   0.152430E+02   0.283928E+00   0.110837E+00
 0.537000E+00   0.281732E+00   0.152194E+02   0.287199E+00   0.111448E+00
 0.540000E+00   0.284878E+00   0.151934E+02   0.290465E+00   0.112058E+00
 0.543000E+00   0.288019E+00   0.151628E+02   0.293726E+00   0.112669E+00
 0.546000E+00   0.291156E+00   0.151353E+02   0.296984E+00   0.113279E+00
 0.549000E+00   0.294289E+00   0.151168E+02   0.300240E+00   0.113889E+00
 0.552000E+00   0.297420E+00   0.150948E+02   0.303494E+00   0.114498E+00
 0.555000E+00   0.300549E+00   0.150652E+02   0.306748E+00   0.115108E+00
 0.558000E+00   0.303678E+00   0.150491E+02   0.310003E+00   0.115717E+00
 0.561000E+00   0.306808E+00   0.150289E+02   0.313260E+00   0.116326E+00
 0.564000E+00   0.309939E+00   0.150096E+02   0.316520E+00   0.116935E+00
 0.567000E+00   0.313072E+00   0.149845E+02   0.319782E+00   0.117544E+00
 0.570000E+00   0.316206E+00   0.149683E+02   0.323048E+00   0.118153E+00
 0.573000E+00   0.319343E+00   0.149472E+02   0.326317E+00   0.118761E+00
 0.576000E+00   0.322482E+00   0.149378E+02   0.329590E+00   0.119369E+00
 0.579000E+00   0.325623E+00   0.149182E+02   0.332866E+00   0.119977E+00
 0.582000E+00   0.328767E+00   0.148983E+02   0.336146E+00   0.120585E+00
 0.585000E+00   0.331914E+00   0.148798E+02   0.339430E+00   0.121193E+00
 0.588000E+00   0.335064E+00   0.148695E+02   0.342719E+00   0.121800E+00
 0.591000E+00   0.338217E+00   0.148550E+02   0.346012E+00   0.122408E+00
 0.594000E+00   0.341373E+00   0.148397E+02   0.349310E+00   0.123015E+00
 0.597000E+00   0.344532E+00   0.148234E+02   0.352613E+00   0.123622E+00
 0.600000E+00   0.347695E+00   0.148109E+02   0.355920E+00   0.124229E+00
 0.603000E+00   0.350861E+00   0.148007E+02   0.359232E+00   0.124835E+00
 0.606000E+00   0.354031E+00   0.147853E+02   0.362549E+00   0.125442E+00
 0.609000E+00   0.357205E+00   0.147786E+02   0.365871E+00   0.126048E+00
 0.612000E+00   0.360382E+00   0.147625E+02   0.369198E+00   0.126654E+00
 0.615000E+00   0.363563E+00   0.147532E+02   0.372531E+00   0.127260E+00
 0.618000E+00   0.366748E+00   0.147421E+02   0.375869E+00   0.127865E+00
 0.621000E+00   0.369937E+00   0.147285E+02   0.379212E+00   0.128471E+00
 0.624000E+00   0.373130E+00   0.147209E+02   0.382561E+00   0.129076E+00
 0.627000E+00   0.376327E+00   0.147040E+02   0.385915E+00   0.129681E+00
 0.630000E+00   0.379528E+00   0.146979E+02   0.389275E+00   0.130286E+00
 0.633000E+00   0.382734E+00   0.146859E+02   0.392641E+00   0.130891E+00
 0.636000E+00   0.385943E+00   0.146745E+02   0.396012E+00   0.131495E+00
 0.639000E+00   0.389157E+00   0.146733E+02   0.399389E+00   0.132099E+00
 0.642000E+00   0.392376E+00   0.146634E+02   0.402772E+00   0.132704E+00
 0.645000E+00   0.395599E+00   0.146556E+02   0.406162E+00   0.133307E+00
 0.648000E+00   0.398826E+00   0.146454E+02   0.409557E+00   0.133911E+00
 0.651000E+00   0.402058E+00   0.146351E+02   0.412958E+00   0.134515E+00
 0.654000E+00   0.405294E+00   0.146278E+02   0.416365E+00   0.135118E+00
 0.657000E+00   0.408536E+00   0.146211E+02   0.419778E+00   0.135721E+00
 0.660000E+00   0.411782E+00   0.146147E+02   0.423198E+00   0.136324E+00
 0.663000E+00   0.415032E+00   0.146025E+02   0.426624E+00   0.136927E+00
 0.666000E+00   0.418288E+00   0.145989E+02   0.430057E+00   0.137530E+00
 0.669000E+00   0.421548E+00   0.145918E+02   0.433496E+00   0.138132E+00
 0.672000E+00   0.424814E+00   0.145906E+02   0.436941E+00   0.138734E+00
 0.675000E+00   0.428084E+00   0.145828E+02   0.440393E+00   0.139336E+00
 0.678000E+00   0.431359E+00   0.145766E+02   0.443852E+00   0.139938E+00
 0.681000E+00   0.434640E+00   0.145711E+02   0.447317E+00   0.140540E+00
 0.684000E+00   0.437925E+00   0.145637E+02   0.450789E+00   0.141141E+00
 0.687000E+00   0.441216E+00   0.145539E+02   0.454268E+00   0.141742E+00
 0.690000E+00   0.444512E+00   0.145543E+02   0.457754E+00   0.142343E+00
 0.693000E+00   0.447814E+00   0.145467E+02   0.461247E+00   0.142944E+00
 0.696000E+00   0.451120E+00   0.145397E+02   0.464747E+00   0.143545E+00
 0.699000E+00   0.454433E+00   0.145389E+02   0.468254E+00   0.144145E+00
 0.702000E+00   0.457750E+00   0.145278E+02   0.471768E+00   0.144745E+00
 0.705000E+00   0.461073E+00   0.145258E+02   0.475289E+00   0.145345E+00
 0.708000E+00   0.464402E+00   0.145243E+02   0.478818E+00   0.145945E+00
 0.711000E+00   0.467736E+00   0.145172E+02   0.482354E+00   0.146545E+00
 0.714000E+00   0.471077E+00   0.145073E+02   0.485897E+00   0.147144E+00
 0.717000E+00   0.474422E+00   0.145051E+02   0.489448E+00   0.147743E+00
 0.720000E+00   0.477774E+00   0.145012E+02   0.493007E+00   0.148342E+00
 0.723000E+00   0.481131E+00   0.144980E+02   0.496573E+00   0.148941E+00
 0.726000E+00   0.484495E+00   0.144974E+02   0.500147E+00   0.149540E+00
 0.729000E+00   0.487864E+00   0.144939E+02   0.503728E+00   0.150138E+00
 0.732000E+00   0.491240E+00   0.144874E+02   0.507317E+00   0.150736E+00
 0.735000E+00   0.494621E+00   0.144858E+02   0.510915E+00   0.151334E+00
 0.738000E+00   0.498009E+00   0.144852E+02   0.514520E+00   0.151932E+00
 0.741000E+00   0.501402E+00   0.144785E+02   0.518133E+00   0.152530E+00
 0.744000E+00   0.504802E+00   0.144716E+02   0.521754E+00   0.153127E+00
 0.747000E+00   0.508209E+00   0.144692E+02   0.525384E+00   0.153724E+00
 0.750000E+00   0.511622E+00   0.144717E+02   0.529022E+00   0.154321E+00
 0.753000E+00   0.515041E+00   0.144627E+02   0.532668E+00   0.154918E+00
 0.756000E+00   0.518467E+00   0.144621E+02   0.536322E+00   0.155515E+00
 0.759000E+00   0.521899E+00   0.144574E+02   0.539985E+00   0.156111E+00
 0.762000E+00   0.525338E+00   0.144613E+02   0.543657E+00   0.156707E+00
 0.765000E+00   0.528783E+00   0.144571E+02   0.547337E+00   0.157303E+00
 0.768000E+00   0.532236E+00   0.144522E+02   0.551026E+00   0.157899E+00
 0.771000E+00   0.535695E+00   0.144510E+02   0.554723E+00   0.158494E+00
 0.774000E+00   0.539161E+00   0.144474E+02   0.558430E+00   0.159089E+00
 0.777000E+00   0.542634E+00   0.144512E+02   0.562145E+00   0.159684E+00
 0.780000E+00   0.546114E+00   0.144447E+02   0.565869E+00   0.160279E+00
 0.783000E+00   0.549601E+00   0.144393E+02   0.569603E+00   0.160874E+00
 0.786000E+00   0.553095E+00   0.144381E+02   0.573345E+00   0.161468E+00
 0.789000E+00   0.556596E+00   0.144416E+02   0.577097E+00   0.162062E+00
 0.792000E+00   0.560105E+00   0.144350E+02   0.580858E+00   0.162656E+00
 0.795000E+00   0.563620E+00   0.144369E+02   0.584629E+00   0.163250E+00
 0.798000E+00   0.567143E+00   0.144333E+02   0.588409E+00   0.163844E+00
 0.801000E+00   0.570674E+00   0.144351E+02   0.592198E+00   0.164437E+00
 0.804000E+00   0.574212E+00   0.144316E+02   0.595998E+00   0.165030E+00
 0.807000E+00   0.577758E+00   0.144302E+02   0.599806E+00   0.165623E+00
 0.810000E+00   0.581311E+00   0.144245E+02   0.603625E+00   0.166216E+00
 0.813000E+00   0.584872E+00   0.144293E+02   0.607454E+00   0.166808E+00
 0.816000E+00   0.588441E+00   0.144228E+02   0.611292E+00   0.167400E+00
 0.819000E+00   0.592017E+00   0.144220E+02   0.615141E+00   0.167992E+00
 0.822000E+00   0.595602E+00   0.144182E+02   0.618999E+00   0.168584E+00
 0.825000E+00   0.599194E+00   0.144231E+02   0.622868E+00   0.169176E+00
 0.828000E+00   0.602795E+00   0.144195E+02   0.626747E+00   0.169767E+00
 0.831000E+00   0.606403E+00   0.144167E+02   0.630637E+00   0.170358E+00
 0.834000E+00   0.610020E+00   0.144196E+02   0.634537E+00   0.170949E+00
 0.837000E+00   0.613644E+00   0.144168E+02   0.638447E+00   0.171540E+00
 0.840000E+00   0.617278E+00   0.144178E+02   0.642368E+00   0.172130E+00
 0.843000E+00   0.620919E+00   0.144127E+02   0.646300E+00   0.172720E+00
 0.846000E+00   0.624569E+00   0.144102E+02   0.650242E+00   0.173310E+00
 0.849000E+00   0.628227E+00   0.144168E+02   0.654195E+00   0.173900E+00
 0.852000E+00   0.631894E+00   0.144098E+02   0.658159E+00   0.174489E+00
 0.855000E+00   0.635569E+00   0.144166E+02   0.662135E+00   0.175079E+00
 0.858000E+00   0.639253E+00   0.144077E+02   0.666121E+00   0.175668E+00
 0.861000E+00   0.642946E+00   0.144115E+02   0.670119E+00   0.176257E+00
 0.864000E+00   0.646647E+00   0.144087E+02   0.674127E+00   0.176845E+00
 0.867000E+00   0.650358E+00   0.144048E+02   0.678147E+00   0.177434E+00
 0.870000E+00   0.654077E+00   0.144071E+02   0.682179E+00   0.178022E+00
 0.873000E+00   0.657805E+00   0.144120E+02   0.686222E+00   0.178610E+00
 0.876000E+00   0.661542E+00   0.144046E+02   0.690277E+00   0.179197E+00
 0.879000E+00   0.665289E+00   0.144113E+02   0.694343E+00   0.179785E+00
 0.882000E+00   0.669044E+00   0.144074E+02   0.698421E+00   0.180372E+00
 0.885000E+00   0.672809E+00   0.144084E+02   0.702511E+00   0.180959E+00
 0.888000E+00   0.676583E+00   0.144081E+02   0.706613E+00   0.181545E+00
 0.891000E+00   0.680366E+00   0.144098E+02   0.710726E+00   0.182132E+00
 0.894000E+00   0.684159E+00   0.144048E+02   0.714852E+00   0.182718E+00
 0.897000E+00   0.687961E+00   0.144080E+02   0.718990E+00   0.183304E+00
 0.900000E+00   0.691773E+00   0.144074E+02   0.723141E+00   0.183890E+00
 0.903000E+00   0.695594E+00   0.144019E+02   0.727303E+00   0.184475E+00
 0.906000E+00   0.699425E+00   0.144054E+02   0.731478E+00   0.185061E+00
 0.909000E+00   0.703265E+00   0.144024E+02   0.735666E+00   0.185646E+00
 0.912000E+00   0.707115E+00   0.144060E+02   0.739866E+00   0.186230E+00
 0.915000E+00   0.710975E+00   0.144092E+02   0.744078E+00   0.186815E+00
 0.918000E+00   0.714845E+00   0.144073E+02   0.748303E+00   0.187399E+00
 0.921000E+00   0.718725E+00   0.144071E+02   0.752542E+00   0.187983E+00
 0.924000E+00   0.722615E+00   0.144039E+02   0.756793E+00   0.188567E+00
 0.927000E+00   0.726515E+00   0.144089E+02   0.761056E+00   0.189150E+00
 0.930000E+00   0.730424E+00   0.144028E+02   0.765333E+00   0.189734E+00
 0.933000E+00   0.734344E+00   0.144067E+02   0.769623E+00   0.190317E+00
 0.936000E+00   0.738274E+00   0.144050E+02   0.773926E+00   0.190899E+00
 0.939000E+00   0.742215E+00   0.144097E+02   0.778243E+00   0.191482E+00
 0.942000E+00   0.746165E+00   0.144110E+02   0.782572E+00   0.192064E+00
 0.945000E+00   0.750126E+00   0.144090E+02   0.786915E+00   0.192646E+00
 0.948000E+00   0.754097E+00   0.144089E+02   0.791271E+00   0.193228E+00
 0.951000E+00   0.758079E+00   0.144109E+02   0.795641E+00   0.193809E+00
 0.954000E+00   0.762071E+00   0.144138E+02   0.800025E+00   0.194391E+00
 0.957000E+00   0.766073E+00   0.144087E+02   0.804422E+00   0.194972E+00
 0.960000E+00   0.770086E+00   0.144128E+02   0.808833E+00   0.195552E+00
 0.963000E+00   0.774110E+00   0.144087E+02   0.813257E+00   0.196133E+00
 0.966000E+00   0.778144E+00   0.144107E+02   0.817695E+00   0.196713E+00
 0.969000E+00   0.782189E+00   0.144160E+02   0.822147E+00   0.197293E+00
 0.972000E+00   0.786244E+00   0.144144E+02   0.826614E+00   0.197873E+00
 0.975000E+00   0.790310E+00   0.144119E+02   0.831094E+00   0.198452E+00
 0.978000E+00   0.794387E+00   0.144153E+02   0.835588E+00   0.199031E+00
 0.981000E+00   0.798475E+00   0.144107E+02   0.840096E+00   0.199610E+00
 0.984000E+00   0.802573E+00   0.144159E+02   0.844618E+00   0.200189E+00
 0.987000E+00   0.806683E+00   0.144129E+02   0.849155E+00   0.200767E+00
 0.990000E+00   0.810803E+00   0.144173E+02   0.853706E+00   0.201345E+00
 0.993000E+00   0.814934E+00   0.144159E+02   0.858271E+00   0.201923E+00
 0.996000E+00   0.819076E+00   0.144196E+02   0.862851E+00   0.202501E+00
 0.999000E+00   0.823229E+00   0.144225E+02   0.867445E+00   0.203078E+00
 0.100200E+01   0.827393E+00   0.144239E+02   0.872053E+00   0.203655E+00
 0.100500E+01   0.831567E+00   0.144221E+02   0.876676E+00   0.204232E+00
 0.100800E+01   0.835753E+00   0.144223E+02   0.881313E+00   0.204808E+00
 0.101100E+01   0.839950E+00   0.144231E+02   0.885965E+00   0.205384E+00
 0.101400E+01   0.844158E+00   0.144256E+02   0.890632E+00   0.205960E+00
 0.101700E+01   0.848377E+00   0.144238E+02   0.895313E+00   0.206536E+00
 0.102000E+01   0.852607E+00   0.144240E+02   0.900009E+00   0.207111E+00
 0.102300E+01   0.856848E+00   0.144213E+02   0.904720E+00   0.207686E+00
 0.102600E+01   0.861100E+00   0.144307E+02   0.909445E+00   0.208261E+00
 0.102900E+01   0.865363E+00   0.144259E+02   0.914185E+00   0.208836E+00
 0.103200E+01   0.869637E+00   0.144319E+02   0.918940E+00   0.209410E+00
 0.103500E+01   0.873922E+00   0.144239E+02   0.923710E+00   0.209984E+00
 0.103800E+01   0.878219E+00   0.144284E+02   0.928495E+00   0.210558E+00
 0.104100E+01   0.882526E+00   0.144280E+02   0.933294E+00   0.211131E+00
 0.104400E+01   0.886845E+00   0.144307E+02   0.938109E+00   0.211704E+00
 0.104700E+01   0.891174E+00   0.144365E+02   0.942938E+00   0.212277E+00
 0.105000E+01   0.895515E+00   0.144324E+02   0.947782E+00   0.212850E+00
 0.105300E+01   0.899866E+00   0.144308E+02   0.952641E+00   0.213422E+00
 0.105600E+01   0.904229E+00   0.144402E+02   0.957515E+00   0.213994E+00
 0.105900E+01   0.908603E+00   0.144360E+02   0.962404E+00   0.214566E+00
 0.106200E+01   0.912987E+00   0.144341E+02   0.967308E+00   0.215137E+00
 0.106500E+01   0.917383E+00   0.144376E+02   0.972227E+00   0.215708E+00
 0.106800E+01   0.921790E+00   0.144373E+02   0.977161E+00   0.216279E+00
 0.107100E+01   0.926207E+00   0.144377E+02   0.982110E+00   0.216849E+00
 0.107400E+01   0.930636E+00   0.144434E+02   0.987074E+00   0.217420E+00
 0.107700E+01   0.935075E+00   0.144424E+02   0.992052E+00   0.217990E+00
 0.108000E+01   0.939525E+00   0.144443E+02   0.997046E+00   0.218559E+00
 0.108300E+01   0.943986E+00   0.144433E+02   0.100205E+01   0.219129E+00
 0.108600E+01   0.948458E+00   0.144515E+02   0.100708E+01   0.219698E+00
 0.108900E+01   0.952940E+00   0.144446E+02   0.101212E+01   0.220266E+00
 0.109200E+01   0.957433E+00   0.144460E+02   0.101717E+01   0.220835E+00
 0.109500E+01   0.961937E+00   0.144522E+02   0.102224E+01   0.221403E+00
 0.109800E+01   0.966452E+00   0.144474E+02   0.102732E+01   0.221971E+00
 0.110100E+01   0.970976E+00   0.144551E+02   0.103242E+01   0.222538E+00
 0.110400E+01   0.975512E+00   0.144584E+02   0.103753E+01   0.223106E+00
 0.110700E+01   0.980058E+00   0.144548E+02   0.104266E+01   0.223672E+00
 0.111000E+01   0.984614E+00   0.144555E+02   0.104780E+01   0.224239E+00
 0.111300E+01   0.989181E+00   0.144630E+02   0.105295E+01   0.224805E+00
 0.111600E+01   0.993758E+00   0.144551E+02   0.105812E+01   0.225371E+00
 0.111900E+01   0.998345E+00   0.144633E+02   0.106331E+01   0.225937E+00
 0.112200E+01   0.100294E+01   0.144603E+02   0.106851E+01   0.226503E+00
 0.112500E+01   0.100755E+01   0.144615E+02   0.107372E+01   0.227068E+00
 0.112800E+01   0.101217E+01   0.144650E+02   0.107895E+01   0.227632E+00
 0.113100E+01   0.101679E+01   0.144634E+02   0.108419E+01   0.228197E+00
 0.113400E+01   0.102143E+01   0.144635E+02   0.108945E+01   0.228761E+00
 0.113700E+01   0.102608E+01   0.144733E+02   0.109472E+01   0.229325E+00
 0.114000E+01   0.103074E+01   0.144691E+02   0.110001E+01   0.229888E+00
 0.114300E+01   0.103540E+01   0.144692E+02   0.110531E+01   0.230452E+00
 0.114600E+01   0.104008E+01   0.144760E+02   0.111062E+01   0.231014E+00
 0.114900E+01   0.104476E+01   0.144732E+02   0.111595E+01   0.231577E+00
 0.115200E+01   0.104946E+01   0.144802E+02   0.112129E+01   0.232139E+00
 0.115500E+01   0.105416E+01   0.144729E+02   0.112664E+01   0.232701E+00
 0.115800E+01   0.105888E+01   0.144747E+02   0.113201E+01   0.233263E+00
 0.116100E+01   0.106360E+01   0.144833E+02   0.113740E+01   0.233824E+00
 0.116400E+01   0.106833E+01   0.144833E+02   0.114279E+01   0.234385E+00
 0.116700E+01   0.107307E+01   0.144795E+02   0.114820E+01   0.234946E+00
 0.117000E+01   0.107782E+01   0.144807E+02   0.115362E+01   0.235506E+00
 0.117300E+01   0.108258E+01   0.144830E+02   0.115906E+01   0.236066E+00
 0.117600E+01   0.108734E+01   0.144863E+02   0.116451E+01   0.236626E+00
 0.117900E+01   0.109212E+01   0.144839E+02   0.116997E+01   0.237185E+00
 0.118200E+01   0.109690E+01   0.144858E+02   0.117544E+01   0.237744E+00
 0.118500E+01   0.110169E+01   0.144930E+02   0.118093E+01   0.238302E+00
 0.118800E+01   0.110649E+01   0.144905E+02   0.118643E+01   0.238861E+00
 0.119100E+01   0.111130E+01   0.144928E+02   0.119194E+01   0.239419E+00
 0.119400E+01   0.111611E+01   0.144942E+02   0.119747E+01   0.239976E+00
 0.119700E+01   0.112094E+01   0.144982E+02   0.120300E+01   0.240534E+00
 0.120000E+01   0.112577E+01   0.145025E+02   0.120855E+01   0.241091E+00
 0.120300E+01   0.113061E+01   0.144977E+02   0.121412E+01   0.241647E+00
 0.120600E+01   0.113545E+01   0.145049E+02   0.121969E+01   0.242204E+00
 0.120900E+01   0.114030E+01   0.145075E+02   0.122527E+01   0.242760E+00
 0.121200E+01   0.114516E+01   0.145052E+02   0.123087E+01   0.243315E+00
 0.121500E+01   0.115003E+01   0.145027E+02   0.123648E+01   0.243871E+00
 0.121800E+01   0.115490E+01   0.145070E+02   0.124210E+01   0.244426E+00
 0.122100E+01   0.115978E+01   0.145111E+02   0.124773E+01   0.244980E+00
 0.122400E+01   0.116467E+01   0.145111E+02   0.125337E+01   0.245535E+00
 0.122700E+01   0.116956E+01   0.145168E+02   0.125903E+01   0.246089E+00
 0.123000E+01   0.117446E+01   0.145117E+02   0.126469E+01   0.246642E+00
 0.123300E+01   0.117937E+01   0.145161E+02   0.127036E+01   0.247195E+00
 0.123600E+01   0.118428E+01   0.145189E+02   0.127605E+01   0.247748E+00
 0.123900E+01   0.118920E+01   0.145229E+02   0.128174E+01   0.248301E+00
 0.124200E+01   0.119412E+01   0.145221E+02   0.128745E+01   0.248853E+00
 0.124500E+01   0.119905E+01   0.145229E+02   0.129317E+01   0.249405E+00
 0.124800E+01   0.120398E+01   0.145261E+02   0.129889E+01   0.249956E+00
 0.125100E+01   0.120892E+01   0.145294E+02   0.130463E+01   0.250508E+00
 0.125400E+01   0.121386E+01   0.145254E+02   0.131037E+01   0.251058E+00
 0.125700E+01   0.121881E+01   0.145309E+02   0.131612E+01   0.251609E+00
 0.126000E+01   0.122376E+01   0.145338E+02   0.132189E+01   0.252159E+00
 0.126300E+01   0.122872E+01   0.145321E+02   0.132766E+01   0.252709E+00
 0.126600E+01   0.123368E+01   0.145314E+02   0.133344E+01   0.253258E+00
 0.126900E+01   0.123865E+01   0.145287E+02   0.133923E+01   0.253807E+00
 0.127200E+01   0.124362E+01   0.145351E+02   0.134503E+01   0.254356E+00
 0.127500E+01   0.124859E+01   0.145377E+02   0.135083E+01   0.254904E+00
 0.127800E+01   0.125357E+01   0.145424E+02   0.135665E+01   0.255452E+00
 0.128100E+01   0.125855E+01   0.145437E+02   0.136247E+01   0.256000E+00
 0.128400E+01   0.126354E+01   0.145379E+02   0.136830E+01   0.256547E+00
 0.128700E+01   0.126853E+01   0.145426E+02   0.137414E+01   0.257094E+00
 0.129000E+01   0.127352E+01   0.145481E+02   0.137998E+01   0.257641E+00
 0.129300E+01   0.127851E+01   0.145501E+02   0.138584E+01   0.258187E+00
 0.129600E+01   0.128350E+01   0.145422E+02   0.139170E+01   0.258733E+00
 0.129900E+01   0.128850E+01   0.145485E+02   0.139756E+01   0.259278E+00
 0.130200E+01   0.129350E+01   0.145514E+02   0.140343E+01   0.259823E+00
 0.130500E+01   0.129851E+01   0.145495E+02   0.140931E+01   0.260368E+00
 0.130800E+01   0.130351E+01   0.145537E+02   0.141520E+01   0.260912E+00
 0.131100E+01   0.130852E+01   0.145581E+02   0.142109E+01   0.261456E+00
 0.131400E+01   0.131352E+01   0.145543E+02   0.142698E+01   0.262000E+00
 0.131700E+01   0.131853E+01   0.145543E+02   0.143289E+01   0.262543E+00
 0.132000E+01   0.132354E+01   0.145598E+02   0.143879E+01   0.263086E+00
 0.132300E+01   0.132856E+01   0.145612E+02   0.144471E+01   0.263629E+00
 0.132600E+01   0.133357E+01   0.145664E+02   0.145062E+01   0.264171E+00
 0.132900E+01   0.133858E+01   0.145607E+02   0.145655E+01   0.264713E+00
 0.133200E+01   0.134359E+01   0.145616E+02   0.146247E+01   0.265254E+00
 0.133500E+01   0.134861E+01   0.145662E+02   0.146841E+01   0.265795E+00
 0.133800E+01   0.135362E+01   0.145681E+02   0.147434E+01   0.266336E+00
 0.134100E+01   0.135863E+01   0.145691E+02   0.148028E+01   0.266876E+00
 0.134400E+01   0.136365E+01   0.145665E+02   0.148622E+01   0.267416E+00
 0.134700E+01   0.136866E+01   0.145672E+02   0.149217E+01   0.267956E+00
 0.135000E+01   0.137367E+01   0.145729E+02   0.149812E+01   0.268495E+00
 0.135300E+01   0.137868E+01   0.145718E+02   0.150407E+01   0.269034E+00
 0.135600E+01   0.138369E+01   0.145775E+02   0.151003E+01   0.269572E+00
 0.135900E+01   0.138870E+01   0.145755E+02   0.151599E+01   0.270110E+00
 0.136200E+01   0.139371E+01   0.145788E+02   0.152195E+01   0.270648E+00
 0.136500E+01   0.139871E+01   0.145767E+02   0.152791E+01   0.271185E+00
 0.136800E+01   0.140372E+01   0.145781E+02   0.153387E+01   0.271722E+00
 0.137100E+01   0.140872E+01   0.145864E+02   0.153984E+01   0.272259E+00
 0.137400E+01   0.141372E+01   0.145842E+02   0.154581E+01   0.272795E+00
 0.137700E+01   0.141872E+01   0.145888E+02   0.155178E+01   0.273331E+00
 0.138000E+01   0.142371E+01   0.145823E+02   0.155775E+01   0.273866E+00
 0.138300E+01   0.142870E+01   0.145874E+02   0.156372E+01   0.274401E+00
 0.138600E+01   0.143369E+01   0.145886E+02   0.156969E+01   0.274936E+00
 0.138900E+01   0.143868E+01   0.145918E+02   0.157567E+01   0.275470E+00
 0.139200E+01   0.144366E+01   0.145863E+02   0.158164E+01   0.276004E+00
 0.139500E+01   0.144864E+01   0.145934E+02   0.158761E+01   0.276537E+00
 0.139800E+01   0.145362E+01   0.145956E+02   0.159359E+01   0.277070E+00
 0.140100E+01   0.145859E+01   0.145928E+02   0.159956E+01   0.277603E+00
 0.140400E+01   0.146356E+01   0.145934E+02   0.160553E+01   0.278136E+00
 0.140700E+01   0.146853E+01   0.145923E+02   0.161150E+01   0.278668E+00
 0.141000E+01   0.147349E+01   0.145965E+02   0.161747E+01   0.279199E+00
 0.141300E+01   0.147844E+01   0.145954E+02   0.162344E+01   0.279730E+00
 0.141600E+01   0.148339E+01   0.146018E+02   0.162941E+01   0.280261E+00
 0.141900E+01   0.148834E+01   0.145981E+02   0.163538E+01   0.280792E+00
 0.142200E+01   0.149328E+01   0.145982E+02   0.164134E+01   0.281322E+00
 0.142500E+01   0.149822E+01   0.146027E+02   0.164731E+01   0.281851E+00
 0.142800E+01   0.150315E+01   0.146016E+02   0.165327E+01   0.282381E+00
 0.143100E+01   0.150808E+01   0.146036E+02   0.165922E+01   0.282910E+00
 0.143400E+01   0.151300E+01   0.146070E+02   0.166518E+01   0.283438E+00
 0.143700E+01   0.151791E+01   0.146053E+02   0.167113E+01   0.283966E+00
 0.144000E+01   0.152282E+01   0.146097E+02   0.167708E+01   0.284494E+00
 0.144300E+01   0.152772E+01   0.146109E+02   0.168303E+01   0.285021E+00
 0.144600E+01   0.153262E+01   0.146109E+02   0.168897E+01   0.285548E+00
 0.144900E+01   0.153751E+01   0.146098E+02   0.169491E+01   0.286075E+00
 0.145200E+01   0.154239E+01   0.146120E+02   0.170084E+01   0.286601E+00
 0.145500E+01   0.154727E+01   0.146160E+02   0.170678E+01   0.287127E+00
 0.145800E+01   0.155214E+01   0.146152E+02   0.171270E+01   0.287652E+00
 0.146100E+01   0.155700E+01   0.146211E+02   0.171863E+01   0.288177E+00
 0.146400E+01   0.156185E+01   0.146218E+02   0.172454E+01   0.288702E+00
 0.146700E+01   0.156670E+01   0.146218E+02   0.173046E+01   0.289226E+00
 0.147000E+01   0.157154E+01   0.146206E+02   0.173637E+01   0.289750E+00
 0.147300E+01   0.157638E+01   0.146250E+02   0.174227E+01   0.290273E+00
 0.147600E+01   0.158120E+01   0.146187E+02   0.174817E+01   0.290796E+00
 0.147900E+01   0.158602E+01   0.146245E+02   0.175406E+01   0.291319E+00
 0.148200E+01   0.159083E+01   0.146258E+02   0.175995E+01   0.291841E+00
 0.148500E+01   0.159563E+01   0.146275E+02   0.176583E+01   0.292363E+00
 0.148800E+01   0.160042E+01   0.146233E+02   0.177170E+01   0.292885E+00
 0.149100E+01   0.160521E+01   0.146301E+02   0.177757E+01   0.293406E+00
 0.149400E+01   0.160998E+01   0.146241E+02   0.178343E+01   0.293927E+00
 0.149700E+01   0.161475E+01   0.146292E+02   0.178929E+01   0.294447E+00
 0.150000E+01   0.161951E+01   0.146260E+02   0.179513E+01   0.294967E+00
 0.150300E+01   0.162426E+01   0.146296E+02   0.180098E+01   0.295486E+00
 0.150600E+01   0.162900E+01   0.146330E+02   0.180681E+01   0.296005E+00
 0.150900E+01   0.163373E+01   0.146308E+02   0.181264E+01   0.296524E+00
 0.151200E+01   0.163845E+01   0.146354E+02   0.181846E+01   0.297043E+00
 0.151500E+01   0.164316E+01   0.146356E+02   0.182427E+01   0.297560E+00
 0.151800E+01   0.164786E+01   0.146308E+02   0.183007E+01   0.298078E+00
 0.152100E+01   0.165255E+01   0.146356E+02   0.183587E+01   0.298595E+00
 0.152400E+01   0.165724E+01   0.146308E+02   0.184166E+01   0.299112E+00
 0.152700E+01   0.166191E+01   0.146328E+02   0.184744E+01   0.299628E+00
 0.153000E+01   0.166657E+01   0.146370E+02   0.185321E+01   0.300144E+00
 0.153300E+01   0.167123E+01   0.146350E+02   0.185897E+01   0.300660E+00
 0.153600E+01   0.167587E+01   0.146356E+02   0.186472E+01   0.301175E+00
 0.153900E+01   0.168050E+01   0.146416E+02   0.187047E+01   0.301690E+00
 0.154200E+01   0.168512E+01   0.146356E+02   0.187620E+01   0.302204E+00
 0.154500E+01   0.168973E+01   0.146357E+02   0.188193E+01   0.302718E+00
 0.154800E+01   0.169433E+01   0.146381E+02   0.188765E+01   0.303232E+00
 0.155100E+01   0.169892E+01   0.146381E+02   0.189336E+01   0.303745E+00
 0.155400E+01   0.170350E+01   0.146383E+02   0.189906E+01   0.304258E+00
 0.155700E+01   0.170807E+01   0.146416E+02   0.190474E+01   0.304771E+00
 0.156000E+01   0.171262E+01   0.146448E+02   0.191042E+01   0.305283E+00
 0.156300E+01   0.171717E+01   0.146476E+02   0.191609E+01   0.305794E+00
 0.156600E+01   0.172170E+01   0.146468E+02   0.192175E+01   0.306306E+00
 0.156900E+01   0.172622E+01   0.146404E+02   0.192740E+01   0.306816E+00
 0.157200E+01   0.173073E+01   0.146485E+02   0.193303E+01   0.307327E+00
 0.157500E+01   0.173523E+01   0.146468E+02   0.193866E+01   0.307837E+00
 0.157800E+01   0.173972E+01   0.146446E+02   0.194428E+01   0.308347E+00
 0.158100E+01   0.174420E+01   0.146451E+02   0.194988E+01   0.308856E+00
 0.158400E+01   0.174866E+01   0.146469E+02   0.195548E+01   0.309365E+00
 0.158700E+01   0.175311E+01   0.146491E+02   0.196106E+01   0.309873E+00
 0.159000E+01   0.175755E+01   0.146512E+02   0.196663E+01   0.310382E+00
 0.159300E+01   0.176198E+01   0.146434E+02   0.197219E+01   0.310889E+00
 0.159600E+01   0.176640E+01   0.146530E+02   0.197774E+01   0.311397E+00
 0.159900E+01   0.177080E+01   0.146516E+02   0.198328E+01   0.311904E+00
 0.160200E+01   0.177519E+01   0.146480E+02   0.198881E+01   0.312410E+00
 0.160500E+01   0.177957E+01   0.146509E+02   0.199432E+01   0.312916E+00
 0.160800E+01   0.178394E+01   0.146525E+02   0.199983E+01   0.313422E+00
 0.161100E+01   0.178829E+01   0.146482E+02   0.200532E+01   0.313927E+00
 0.161400E+01   0.179264E+01   0.146525E+02   0.201079E+01   0.314432E+00
 0.161700E+01   0.179697E+01   0.146524E+02   0.201626E+01   0.314937E+00
 0.162000E+01   0.180128E+01   0.146500E+02   0.202172E+01   0.315441E+00
 0.162300E+01   0.180559E+01   0.146489E+02   0.202716E+01   0.315945E+00
 0.162600E+01   0.180988E+01   0.146499E+02   0.203259E+01   0.316448E+00
 0.162900E+01   0.181416E+01   0.146506E+02   0.203800E+01   0.316951E+00
 0.163200E+01   0.181842E+01   0.146502E+02   0.204341E+01   0.317454E+00
 0.163500E+01   0.182267E+01   0.146511E+02   0.204880E+01   0.317956E+00
 0.163800E+01   0.182691E+01   0.146565E+02   0.205418E+01   0.318458E+00
 0.164100E+01   0.183114E+01   0.146502E+02   0.205954E+01   0.318959E+00
 0.164400E+01   0.183535E+01   0.146505E+02   0.206489E+01   0.319461E+00
 0.164700E+01   0.183955E+01   0.146515E+02   0.207023E+01   0.319961E+00
 0.165000E+01   0.184374E+01   0.146499E+02   0.207556E+01   0.320461E+00
 0.165300E+01   0.184791E+01   0.146548E+02   0.208087E+01   0.320961E+00
 0.165600E+01   0.185207E+01   0.146535E+02   0.208617E+01   0.321461E+00
 0.165900E+01   0.185622E+01   0.146535E+02   0.209146E+01   0.321960E+00
 0.166200E+01   0.186036E+01   0.146500E+02   0.209673E+01   0.322459E+00
 0.166500E+01   0.186448E+01   0.146512E+02   0.210199E+01   0.322957E+00
 0.166800E+01   0.186858E+01   0.146573E+02   0.210724E+01   0.323455E+00
 0.167100E+01   0.187268E+01   0.146507E+02   0.211247E+01   0.323953E+00
 0.167400E+01   0.187676E+01   0.146510E+02   0.211769E+01   0.324450E+00
 0.167700E+01   0.188082E+01   0.146524E+02   0.212289E+01   0.324946E+00
 0.168000E+01   0.188488E+01   0.146548E+02   0.212808E+01   0.325443E+00
 0.168300E+01   0.188892E+01   0.146540E+02   0.213326E+01   0.325939E+00
 0.168600E+01   0.189294E+01   0.146555E+02   0.213842E+01   0.326434E+00
 0.168900E+01   0.189696E+01   0.146539E+02   0.214357E+01   0.326930E+00
 0.169200E+01   0.190095E+01   0.146478E+02   0.214870E+01   0.327425E+00
 0.169500E+01   0.190494E+01   0.146536E+02   0.215382E+01   0.327919E+00
 0.169800E+01   0.190891E+01   0.146538E+02   0.215892E+01   0.328413E+00
 0.170100E+01   0.191287E+01   0.146567E+02   0.216402E+01   0.328907E+00
 0.170400E+01   0.191681E+01   0.146556E+02   0.216909E+01   0.329400E+00
 0.170700E+01   0.192074E+01   0.146555E+02   0.217415E+01   0.329893E+00
 0.171000E+01   0.192466E+01   0.146563E+02   0.217920E+01   0.330385E+00
 0.171300E+01   0.192856E+01   0.146491E+02   0.218424E+01   0.330878E+00
 0.171600E+01   0.193245E+01   0.146486E+02   0.218925E+01   0.331369E+00
 0.171900E+01   0.193633E+01   0.146499E+02   0.219426E+01   0.331861E+00
 0.172200E+01   0.194019E+01   0.146549E+02   0.219925E+01   0.332352E+00
 0.172500E+01   0.194404E+01   0.146512E+02   0.220422E+01   0.332842E+00
 0.172800E+01   0.194787E+01   0.146464E+02   0.220918E+01   0.333333E+00
 0.173100E+01   0.195169E+01   0.146464E+02   0.221413E+01   0.333822E+00
 0.173400E+01   0.195549E+01   0.146452E+02   0.221906E+01   0.334312E+00
 0.173700E+01   0.195929E+01   0.146512E+02   0.222397E+01   0.334801E+00
 0.174000E+01   0.196306E+01   0.146498E+02   0.222888E+01   0.335290E+00
 0.174300E+01   0.196683E+01   0.146450E+02   0.223376E+01   0.335778E+00
 0.174600E+01   0.197058E+01   0.146468E+02   0.223863E+01   0.336266E+00
 0.174900E+01   0.197432E+01   0.146506E+02   0.224349E+01   0.336753E+00
 0.175200E+01   0.197804E+01   0.146520E+02   0.224833E+01   0.337241E+00
 0.175500E+01   0.198175E+01   0.146472E+02   0.225316E+01   0.337727E+00
 0.175800E+01   0.198544E+01   0.146485E+02   0.225797E+01   0.338214E+00
 0.176100E+01   0.198912E+01   0.146465E+02   0.226276E+01   0.338700E+00
 0.176400E+01   0.199279E+01   0.146465E+02   0.226754E+01   0.339185E+00
 0.176700E+01   0.199644E+01   0.146450E+02   0.227231E+01   0.339671E+00
 0.177000E+01   0.200008E+01   0.146477E+02   0.227706E+01   0.340156E+00
 0.177300E+01   0.200371E+01   0.146442E+02   0.228179E+01   0.340640E+00
 0.177600E+01   0.200732E+01   0.146466E+02   0.228651E+01   0.341124E+00
 0.177900E+01   0.201092E+01   0.146458E+02   0.229122E+01   0.341608E+00
 0.178200E+01   0.201450E+01   0.146484E+02   0.229591E+01   0.342091E+00
 0.178500E+01   0.201807E+01   0.146474E+02   0.230058E+01   0.342574E+00
 0.178800E+01   0.202163E+01   0.146429E+02   0.230524E+01   0.343057E+00
 0.179100E+01   0.202517E+01   0.146408E+02   0.230989E+01   0.343539E+00
 0.179400E+01   0.202870E+01   0.146413E+02   0.231452E+01   0.344021E+00
 0.179700E+01   0.203221E+01   0.146404E+02   0.231913E+01   0.344503E+00
 0.180000E+01   0.203571E+01   0.146452E+02   0.232373E+01   0.344984E+00
 0.180300E+01   0.203920E+01   0.146424E+02   0.232831E+01   0.345465E+00
 0.180600E+01   0.204267E+01   0.146384E+02   0.233288E+01   0.345945E+00
 0.180900E+01   0.204613E+01   0.146399E+02   0.233743E+01   0.346425E+00
 0.181200E+01   0.204958E+01   0.146383E+02   0.234197E+01   0.346905E+00
 0.181500E+01   0.205301E+01   0.146337E+02   0.234649E+01   0.347384E+00
 0.181800E+01   0.205643E+01   0.146326E+02   0.235100E+01   0.347863E+00
 0.182100E+01   0.205983E+01   0.146390E+02   0.235549E+01   0.348341E+00
 0.182400E+01   0.206323E+01   0.146338E+02   0.235996E+01   0.348820E+00
 0.182700E+01   0.206660E+01   0.146398E+02   0.236442E+01   0.349297E+00
 0.183000E+01   0.206997E+01   0.146381E+02   0.236887E+01   0.349775E+00
 0.183300E+01   0.207332E+01   0.146382E+02   0.237330E+01   0.350252E+00
 0.183600E+01   0.207665E+01   0.146365E+02   0.237771E+01   0.350729E+00
 0.183900E+01   0.207998E+01   0.146365E+02   0.238211E+01   0.351205E+00
 0.184200E+01   0.208329E+01   0.146326E+02   0.238649E+01   0.351681E+00
 0.184500E+01   0.208658E+01   0.146278E+02   0.239086E+01   0.352156E+00
 0.184800E+01   0.208987E+01   0.146335E+02   0.239522E+01   0.352632E+00
 0.185100E+01   0.209314E+01   0.146318E+02   0.239955E+01   0.353107E+00
 0.185400E+01   0.209639E+01   0.146242E+02   0.240388E+01   0.353581E+00
 0.185700E+01   0.209963E+01   0.146265E+02   0.240818E+01   0.354055E+00
 0.186000E+01   0.210286E+01   0.146315E+02   0.241248E+01   0.354529E+00
 0.186300E+01   0.210608E+01   0.146236E+02   0.241675E+01   0.355002E+00
 0.186600E+01   0.210928E+01   0.146239E+02   0.242101E+01   0.355475E+00
 0.186900E+01   0.211247E+01   0.146239E+02   0.242526E+01   0.355948E+00
 0.187200E+01   0.211565E+01   0.146281E+02   0.242949E+01   0.356420E+00
 0.187500E+01   0.211881E+01   0.146252E+02   0.243371E+01   0.356892E+00
 0.187800E+01   0.212196E+01   0.146274E+02   0.243791E+01   0.357364E+00
 0.188100E+01   0.212509E+01   0.146203E+02   0.244209E+01   0.357835E+00
 0.188400E+01   0.212822E+01   0.146218E+02   0.244626E+01   0.358306E+00
 0.188700E+01   0.213133E+01   0.146230E+02   0.245042E+01   0.358776E+00
 0.189000E+01   0.213442E+01   0.146149E+02   0.245456E+01   0.359247E+00
 0.189300E+01   0.213751E+01   0.146229E+02   0.245869E+01   0.359716E+00
 0.189600E+01   0.214058E+01   0.146204E+02   0.246280E+01   0.360186E+00
 0.189900E+01   0.214364E+01   0.146200E+02   0.246689E+01   0.360655E+00
 0.190200E+01   0.214668E+01   0.146173E+02   0.247097E+01   0.361123E+00
 0.190500E+01   0.214971E+01   0.146122E+02   0.247503E+01   0.361592E+00
 0.190800E+01   0.215273E+01   0.146127E+02   0.247908E+01   0.362060E+00
 0.191100E+01   0.215574E+01   0.146088E+02   0.248312E+01   0.362527E+00
 0.191400E+01   0.215873E+01   0.146126E+02   0.248714E+01   0.362995E+00
 0.191700E+01   0.216171E+01   0.146126E+02   0.249114E+01   0.363462E+00
 0.192000E+01   0.216468E+01   0.146140E+02   0.249513E+01   0.363928E+00
 0.192300E+01   0.216763E+01   0.146106E+02   0.249911E+01   0.364394E+00
 0.192600E+01   0.217058E+01   0.146085E+02   0.250307E+01   0.364860E+00
 0.192900E+01   0.217350E+01   0.146105E+02   0.250701E+01   0.365326E+00
 0.193200E+01   0.217642E+01   0.146076E+02   0.251094E+01   0.365791E+00
 0.193500E+01   0.217933E+01   0.146070E+02   0.251486E+01   0.366256E+00
 0.193800E+01   0.218222E+01   0.146058E+02   0.251876E+01   0.366720E+00
 0.194100E+01   0.218510E+01   0.145988E+02   0.252265E+01   0.367184E+00
 0.194400E+01   0.218796E+01   0.145988E+02   0.252652E+01   0.367648E+00
 0.194700E+01   0.219082E+01   0.146038E+02   0.253037E+01   0.368111E+00
 0.195000E+01   0.219366E+01   0.146040E+02   0.253422E+01   0.368574E+00
 0.195300E+01   0.219649E+01   0.146019E+02   0.253804E+01   0.369037E+00
 0.195600E+01   0.219931E+01   0.145937E+02   0.254186E+01   0.369499E+00
 0.195900E+01   0.220211E+01   0.145967E+02   0.254566E+01   0.369961E+00
 0.196200E+01   0.220490E+01   0.145979E+02   0.254944E+01   0.370423E+00
 0.196500E+01   0.220768E+01   0.145910E+02   0.255321E+01   0.370884E+00
 0.196800E+01   0.221045E+01   0.145913E+02   0.255696E+01   0.371345E+00
 0.197100E+01   0.221321E+01   0.145919E+02   0.256070E+01   0.371806E+00
 0.197400E+01   0.221595E+01   0.145913E+02   0.256443E+01   0.372266E+00
 0.197700E+01   0.221868E+01   0.145890E+02   0.256814E+01   0.372726E+00
 0.198000E+01   0.222141E+01   0.145876E+02   0.257184E+01   0.373186E+00
 0.198300E+01   0.222411E+01   0.145890E+02   0.257552E+01   0.373645E+00
 0.198600E+01   0.222681E+01   0.145888E+02   0.257919E+01   0.374104E+00
 0.198900E+01   0.222949E+01   0.145810E+02   0.258284E+01   0.374562E+00
 0.199200E+01   0.223217E+01   0.145837E+02   0.258648E+01   0.375021E+00
 0.199500E+01   0.223483E+01   0.145879E+02   0.259011E+01   0.375478E+00
 0.199800E+01   0.223747E+01   0.145849E+02   0.259372E+01   0.375936E+00
 0.200100E+01   0.224011E+01   0.145846E+02   0.259731E+01   0.376393E+00
 0.200400E+01   0.224274E+01   0.145815E+02   0.260090E+01   0.376850E+00
 0.200700E+01   0.224535E+01   0.145775E+02   0.260447E+01   0.377306E+00
 0.201000E+01   0.224795E+01   0.145726E+02   0.260802E+01   0.377763E+00
 0.201300E+01   0.225054E+01   0.145751E+02   0.261156E+01   0.378218E+00
 0.201600E+01   0.225312E+01   0.145724E+02   0.261509E+01   0.378674E+00
 0.201900E+01   0.225569E+01   0.145719E+02   0.261860E+01   0.379129E+00
 0.202200E+01   0.225824E+01   0.145738E+02   0.262210E+01   0.379584E+00
 0.202500E+01   0.226079E+01   0.145716E+02   0.262559E+01   0.380038E+00
 0.202800E+01   0.226332E+01   0.145705E+02   0.262906E+01   0.380492E+00
 0.203100E+01   0.226584E+01   0.145702E+02   0.263252E+01   0.380946E+00
 0.203400E+01   0.226835E+01   0.145652E+02   0.263596E+01   0.381400E+00
 0.203700E+01   0.227085E+01   0.145639E+02   0.263939E+01   0.381853E+00
 0.204000E+01   0.227334E+01   0.145614E+02   0.264281E+01   0.382306E+00
 0.204300E+01   0.227582E+01   0.145616E+02   0.264621E+01   0.382758E+00
 0.204600E+01   0.227828E+01   0.145657E+02   0.264960E+01   0.383210E+00
 0.204900E+01   0.228074E+01   0.145661E+02   0.265298E+01   0.383662E+00
 0.205200E+01   0.228318E+01   0.145604E+02   0.265634E+01   0.384113E+00
 0.205500E+01   0.228561E+01   0.145589E+02   0.265969E+01   0.384564E+00
 0.205800E+01   0.228803E+01   0.145614E+02   0.266302E+01   0.385015E+00
 0.206100E+01   0.229044E+01   0.145605E+02   0.266634E+01   0.385466E+00
 0.206400E+01   0.229284E+01   0.145528E+02   0.266965E+01   0.385916E+00
 0.206700E+01   0.229523E+01   0.145572E+02   0.267295E+01   0.386366E+00
 0.207000E+01   0.229761E+01   0.145540E+02   0.267623E+01   0.386815E+00
 0.207300E+01   0.229998E+01   0.145477E+02   0.267950E+01   0.387264E+00
 0.207600E+01   0.230233E+01   0.145525E+02   0.268275E+01   0.387713E+00
 0.207900E+01   0.230468E+01   0.145497E+02   0.268600E+01   0.388162E+00
 0.208200E+01   0.230702E+01   0.145417E+02   0.268923E+01   0.388610E+00
 0.208500E+01   0.230934E+01   0.145413E+02   0.269244E+01   0.389058E+00
 0.208800E+01   0.231165E+01   0.145389E+02   0.269565E+01   0.389505E+00
 0.209100E+01   0.231396E+01   0.145394E+02   0.269884E+01   0.389952E+00
 0.209400E+01   0.231625E+01   0.145426E+02   0.270201E+01   0.390399E+00
 0.209700E+01   0.231853E+01   0.145426E+02   0.270518E+01   0.390846E+00
 0.210000E+01   0.232081E+01   0.145387E+02   0.270833E+01   0.391292E+00
 0.210300E+01   0.232307E+01   0.145343E+02   0.271147E+01   0.391738E+00
 0.210600E+01   0.232532E+01   0.145354E+02   0.271459E+01   0.392183E+00
 0.210900E+01   0.232756E+01   0.145291E+02   0.271771E+01   0.392629E+00
 0.211200E+01   0.232979E+01   0.145325E+02   0.272081E+01   0.393073E+00
 0.211500E+01   0.233201E+01   0.145337E+02   0.272389E+01   0.393518E+00
 0.211800E+01   0.233422E+01   0.145282E+02   0.272697E+01   0.393962E+00
 0.212100E+01   0.233642E+01   0.145254E+02   0.273003E+01   0.394406E+00
 0.212400E+01   0.233861E+01   0.145311E+02   0.273308E+01   0.394850E+00
 0.212700E+01   0.234079E+01   0.145223E+02   0.273612E+01   0.395293E+00
 0.213000E+01   0.234297E+01   0.145202E+02   0.273914E+01   0.395736E+00
 0.213300E+01   0.234513E+01   0.145174E+02   0.274215E+01   0.396179E+00
 0.213600E+01   0.234728E+01   0.145190E+02   0.274515E+01   0.396621E+00
 0.213900E+01   0.234942E+01   0.145153E+02   0.274814E+01   0.397063E+00
 0.214200E+01   0.235155E+01   0.145143E+02   0.275112E+01   0.397505E+00
 0.214500E+01   0.235367E+01   0.145203E+02   0.275408E+01   0.397946E+00
 0.214800E+01   0.235578E+01   0.145195E+02   0.275703E+01   0.398388E+00
 0.215100E+01   0.235788E+01   0.145141E+02   0.275997E+01   0.398828E+00
 0.215400E+01   0.235998E+01   0.145158E+02   0.276289E+01   0.399269E+00
 0.215700E+01   0.236206E+01   0.145113E+02   0.276581E+01   0.399709E+00
 0.216000E+01   0.236413E+01   0.145111E+02   0.276871E+01   0.400149E+00
 0.216300E+01   0.236620E+01   0.145069E+02   0.277160E+01   0.400588E+00
 0.216600E+01   0.236825E+01   0.145033E+02   0.277448E+01   0.401028E+00
 0.216900E+01   0.237029E+01   0.145093E+02   0.277734E+01   0.401467E+00
 0.217200E+01   0.237233E+01   0.144998E+02   0.278020E+01   0.401905E+00
 0.217500E+01   0.237436E+01   0.144999E+02   0.278304E+01   0.402343E+00
 0.217800E+01   0.237637E+01   0.145010E+02   0.278587E+01   0.402781E+00
 0.218100E+01   0.237838E+01   0.144935E+02   0.278869E+01   0.403219E+00
 0.218400E+01   0.238038E+01   0.145016E+02   0.279150E+01   0.403656E+00
 0.218700E+01   0.238237E+01   0.144952E+02   0.279429E+01   0.404093E+00
 0.219000E+01   0.238435E+01   0.144926E+02   0.279708E+01   0.404530E+00
 0.219300E+01   0.238632E+01   0.144934E+02   0.279985E+01   0.404967E+00
 0.219600E+01   0.238828E+01   0.144921E+02   0.280261E+01   0.405403E+00
 0.219900E+01   0.239023E+01   0.144849E+02   0.280536E+01   0.405839E+00
 0.220200E+01   0.239217E+01   0.144843E+02   0.280809E+01   0.406274E+00
 0.220500E+01   0.239411E+01   0.144848E+02   0.281082E+01   0.406709E+00
 0.220800E+01   0.239603E+01   0.144890E+02   0.281353E+01   0.407144E+00
 0.221100E+01   0.239795E+01   0.144815E+02   0.281624E+01   0.407579E+00
 0.221400E+01   0.239986E+01   0.144815E+02   0.281893E+01   0.408013E+00
 0.221700E+01   0.240176E+01   0.144804E+02   0.282161E+01   0.408447E+00
 0.222000E+01   0.240365E+01   0.144749E+02   0.282428E+01   0.408881E+00
 0.222300E+01   0.240553E+01   0.144813E+02   0.282694E+01   0.409314E+00
 0.222600E+01   0.240740E+01   0.144767E+02   0.282958E+01   0.409747E+00
 0.222900E+01   0.240926E+01   0.144752E+02   0.283222E+01   0.410180E+00
 0.223200E+01   0.241112E+01   0.144733E+02   0.283484E+01   0.410613E+00
 0.223500E+01   0.241297E+01   0.144729E+02   0.283746E+01   0.411045E+00
 0.223800E+01   0.241480E+01   0.144731E+02   0.284006E+01   0.411477E+00
 0.224100E+01   0.241663E+01   0.144678E+02   0.284265E+01   0.411908E+00
 0.224400E+01   0.241845E+01   0.144689E+02   0.284523E+01   0.412340E+00
 0.224700E+01   0.242027E+01   0.144588E+02   0.284780E+01   0.412771E+00
 0.225000E+01   0.242207E+01   0.144632E+02   0.285036E+01   0.413201E+00
 0.225300E+01   0.242387E+01   0.144605E+02   0.285291E+01   0.413632E+00
 0.225600E+01   0.242566E+01   0.144586E+02   0.285545E+01   0.414062E+00
 0.225900E+01   0.242744E+01   0.144577E+02   0.285798E+01   0.414492E+00
 0.226200E+01   0.242921E+01   0.144530E+02   0.286049E+01   0.414921E+00
 0.226500E+01   0.243097E+01   0.144520E+02   0.286300E+01   0.415350E+00
 0.226800E+01   0.243272E+01   0.144515E+02   0.286549E+01   0.415779E+00
 0.227100E+01   0.243447E+01   0.144512E+02   0.286798E+01   0.416208E+00
 0.227400E+01   0.243621E+01   0.144497E+02   0.287045E+01   0.416636E+00
 0.227700E+01   0.243794E+01   0.144505E+02   0.287291E+01   0.417064E+00
 0.228000E+01   0.243966E+01   0.144479E+02   0.287537E+01   0.417492E+00
 0.228300E+01   0.244138E+01   0.144439E+02   0.287781E+01   0.417919E+00
 0.228600E+01   0.244308E+01   0.144411E+02   0.288024E+01   0.418346E+00
 0.228900E+01   0.244478E+01   0.144430E+02   0.288266E+01   0.418773E+00
 0.229200E+01   0.244647E+01   0.144431E+02   0.288507E+01   0.419200E+00
 0.229500E+01   0.244815E+01   0.144421E+02   0.288748E+01   0.419626E+00
 0.229800E+01   0.244983E+01   0.144370E+02   0.288987E+01   0.420052E+00
 0.230100E+01   0.245150E+01   0.144303E+02   0.289225E+01   0.420478E+00
 0.230400E+01   0.245316E+01   0.144308E+02   0.289462E+01   0.420903E+00
 0.230700E+01   0.245481E+01   0.144264E+02   0.289698E+01   0.421328E+00
 0.231000E+01   0.245645E+01   0.144280E+02   0.289933E+01   0.421753E+00
 0.231300E+01   0.245809E+01   0.144228E+02   0.290167E+01   0.422178E+00
 0.231600E+01   0.245972E+01   0.144237E+02   0.290400E+01   0.422602E+00
 0.231900E+01   0.246134E+01   0.144209E+02   0.290632E+01   0.423026E+00
 0.232200E+01   0.246295E+01   0.144230E+02   0.290863E+01   0.423450E+00
 0.232500E+01   0.246456E+01   0.144243E+02   0.291093E+01   0.423873E+00
 0.232800E+01   0.246616E+01   0.144212E+02   0.291322E+01   0.424296E+00
 0.233100E+01   0.246775E+01   0.144184E+02   0.291551E+01   0.424719E+00
 0.233400E+01   0.246933E+01   0.144142E+02   0.291778E+01   0.425142E+00
 0.233700E+01   0.247091E+01   0.144184E+02   0.292004E+01   0.425564E+00
 0.234000E+01   0.247248E+01   0.144144E+02   0.292229E+01   0.425986E+00
 0.234300E+01   0.247404E+01   0.144094E+02   0.292454E+01   0.426408E+00
 0.234600E+01   0.247559E+01   0.144132E+02   0.292677E+01   0.426829E+00
 0.234900E+01   0.247714E+01   0.144048E+02   0.292899E+01   0.427250E+00
 0.235200E+01   0.247868E+01   0.144046E+02   0.293121E+01   0.427671E+00
 0.235500E+01   0.248021E+01   0.144033E+02   0.293341E+01   0.428092E+00
 0.235800E+01   0.248174E+01   0.144057E+02   0.293561E+01   0.428512E+00
 0.236100E+01   0.248326E+01   0.144029E+02   0.293779E+01   0.428932E+00
 0.236400E+01   0.248477E+01   0.144004E+02   0.293997E+01   0.429352E+00
 0.236700E+01   0.248627E+01   0.143961E+02   0.294214E+01   0.429771E+00
 0.237000E+01   0.248777E+01   0.143905E+02   0.294429E+01   0.430190E+00
 0.237300E+01   0.248926E+01   0.143893E+02   0.294644E+01   0.430609E+00
 0.237600E+01   0.249075E+01   0.143895E+02   0.294858E+01   0.431028E+00
 0.237900E+01   0.249222E+01   0.143880E+02   0.295071E+01   0.431446E+00
 0.238200E+01   0.249369E+01   0.143852E+02   0.295283E+01   0.431864E+00
 0.238500E+01   0.249515E+01   0.143813E+02   0.295494E+01   0.432282E+00
 0.238800E+01   0.249661E+01   0.143796E+02   0.295705E+01   0.432700E+00
 0.239100E+01   0.249806E+01   0.143798E+02   0.295914E+01   0.433117E+00
 0.239400E+01   0.249950E+01   0.143801E+02   0.296123E+01   0.433534E+00
 0.239700E+01   0.250094E+01   0.143790E+02   0.296330E+01   0.433951E+00
 0.240000E+01   0.250237E+01   0.143767E+02   0.296537E+01   0.434367E+00
 0.240300E+01   0.250379E+01   0.143759E+02   0.296743E+01   0.434783E+00
 0.240600E+01   0.250521E+01   0.143707E+02   0.296948E+01   0.435199E+00
 0.240900E+01   0.250662E+01   0.143695E+02   0.297152E+01   0.435615E+00
 0.241200E+01   0.250802E+01   0.143655E+02   0.297355E+01   0.436030E+00
 0.241500E+01   0.250941E+01   0.143733E+02   0.297557E+01   0.436445E+00
 0.241800E+01   0.251080E+01   0.143716E+02   0.297759E+01   0.436860E+00
 0.242100E+01   0.251219E+01   0.143623E+02   0.297959E+01   0.437274E+00
 0.242400E+01   0.251356E+01   0.143659E+02   0.298159E+01   0.437689E+00
 0.242700E+01   0.251493E+01   0.143603E+02   0.298358E+01   0.438103E+00
 0.243000E+01   0.251630E+01   0.143597E+02   0.298556E+01   0.438516E+00
 0.243300E+01   0.251766E+01   0.143541E+02   0.298753E+01   0.438930E+00
 0.243600E+01   0.251901E+01   0.143547E+02   0.298949E+01   0.439343E+00
 0.243900E+01   0.252035E+01   0.143496E+02   0.299144E+01   0.439756E+00
 0.244200E+01   0.252169E+01   0.143560E+02   0.299339E+01   0.440169E+00
 0.244500E+01   0.252302E+01   0.143476E+02   0.299533E+01   0.440581E+00
 0.244800E+01   0.252435E+01   0.143466E+02   0.299726E+01   0.440993E+00
 0.245100E+01   0.252567E+01   0.143445E+02   0.299918E+01   0.441405E+00
 0.245400E+01   0.252698E+01   0.143436E+02   0.300109E+01   0.441817E+00
 0.245700E+01   0.252829E+01   0.143406E+02   0.300299E+01   0.442228E+00
 0.246000E+01   0.252959E+01   0.143399E+02   0.300489E+01   0.442639E+00
 0.246300E+01   0.253089E+01   0.143381E+02   0.300678E+01   0.443050E+00
 0.246600E+01   0.253218E+01   0.143367E+02   0.300866E+01   0.443460E+00
 0.246900E+01   0.253346E+01   0.143398E+02   0.301053E+01   0.443871E+00
 0.247200E+01   0.253474E+01   0.143310E+02   0.301239E+01   0.444281E+00
 0.247500E+01   0.253601E+01   0.143294E+02   0.301425E+01   0.444690E+00
 0.247800E+01   0.253727E+01   0.143296E+02   0.301609E+01   0.445100E+00
 0.248100E+01   0.253853E+01   0.143302E+02   0.301793E+01   0.445509E+00
 0.248400E+01   0.253979E+01   0.143327E+02   0.301976E+01   0.445918E+00
 0.248700E+01   0.254104E+01   0.143303E+02   0.302159E+01   0.446327E+00
 0.249000E+01   0.254228E+01   0.143224E+02   0.302340E+01   0.446735E+00
 0.249300E+01   0.254351E+01   0.143238E+02   0.302521E+01   0.447143E+00
 0.249600E+01   0.254475E+01   0.143168E+02   0.302701E+01   0.447551E+00
 0.249900E+01   0.254597E+01   0.143175E+02   0.302880E+01   0.447959E+00
 0.250200E+01   0.254719E+01   0.143219E+02   0.303059E+01   0.448366E+00
 0.250500E+01   0.254840E+01   0.143110E+02   0.303236E+01   0.448773E+00
 0.250800E+01   0.254961E+01   0.143176E+02   0.303413E+01   0.449180E+00
 0.251100E+01   0.255081E+01   0.143079E+02   0.303589E+01   0.449587E+00
 0.251400E+01   0.255201E+01   0.143127E+02   0.303765E+01   0.449993E+00
 0.251700E+01   0.255320E+01   0.143088E+02   0.303939E+01   0.450399E+00
 0.252000E+01   0.255439E+01   0.143032E+02   0.304113E+01   0.450805E+00
 0.252300E+01   0.255556E+01   0.143066E+02   0.304286E+01   0.451211E+00
 0.252600E+01   0.255674E+01   0.143054E+02   0.304458E+01   0.451616E+00
 0.252900E+01   0.255791E+01   0.143036E+02   0.304630E+01   0.452021E+00
 0.253200E+01   0.255907E+01   0.142949E+02   0.304801E+01   0.452426E+00
 0.253500E+01   0.256023E+01   0.142959E+02   0.304971E+01   0.452831E+00
 0.253800E+01   0.256138E+01   0.142945E+02   0.305140E+01   0.453235E+00
 0.254100E+01   0.256253E+01   0.142985E+02   0.305309E+01   0.453639E+00
 0.254400E+01   0.256367E+01   0.142966E+02   0.305477E+01   0.454043E+00
 0.254700E+01   0.256481E+01   0.142950E+02   0.305644E+01   0.454447E+00
 0.255000E+01   0.256594E+01   0.142847E+02   0.305810E+01   0.454850E+00
 0.255300E+01   0.256706E+01   0.142869E+02   0.305976E+01   0.455253E+00
 0.255600E+01   0.256818E+01   0.142803E+02   0.306141E+01   0.455656E+00
 0.255900E+01   0.256930E+01   0.142875E+02   0.306305E+01   0.456059E+00
 0.256200E+01   0.257041E+01   0.142816E+02   0.306469E+01   0.456461E+00
 0.256500E+01   0.257152E+01   0.142794E+02   0.306632E+01   0.456863E+00
 0.256800E+01   0.257262E+01   0.142754E+02   0.306794E+01   0.457265E+00
 0.257100E+01   0.257371E+01   0.142741E+02   0.306955E+01   0.457666E+00
 0.257400E+01   0.257480E+01   0.142721E+02   0.307116E+01   0.458068E+00
 0.257700E+01   0.257588E+01   0.142748E+02   0.307276E+01   0.458469E+00
 0.258000E+01   0.257696E+01   0.142695E+02   0.307435E+01   0.458870E+00
 0.258300E+01   0.257804E+01   0.142686E+02   0.307594E+01   0.459270E+00
 0.258600E+01   0.257911E+01   0.142689E+02   0.307752E+01   0.459671E+00
 0.258900E+01   0.258017E+01   0.142644E+02   0.307909E+01   0.460071E+00
 0.259200E+01   0.258123E+01   0.142617E+02   0.308065E+01   0.460471E+00
 0.259500E+01   0.258228E+01   0.142620E+02   0.308221E+01   0.460870E+00
 0.259800E+01   0.258333E+01   0.142576E+02   0.308376E+01   0.461270E+00
 0.260100E+01   0.258438E+01   0.142566E+02   0.308531E+01   0.461669E+00
 0.260400E+01   0.258542E+01   0.142572E+02   0.308685E+01   0.462068E+00
 0.260700E+01   0.258645E+01   0.142521E+02   0.308838E+01   0.462466E+00
 0.261000E+01   0.258748E+01   0.142517E+02   0.308990E+01   0.462865E+00
 0.261300E+01   0.258851E+01   0.142519E+02   0.309142E+01   0.463263E+00
 0.261600E+01   0.258953E+01   0.142506E+02   0.309293E+01   0.463661E+00
 0.261900E+01   0.259054E+01   0.142487E+02   0.309444E+01   0.464058E+00
 0.262200E+01   0.259156E+01   0.142468E+02   0.309594E+01   0.464456E+00
 0.262500E+01   0.259256E+01   0.142459E+02   0.309743E+01   0.464853E+00
 0.262800E+01   0.259356E+01   0.142439E+02   0.309891E+01   0.465250E+00
 0.263100E+01   0.259456E+01   0.142391E+02   0.310039E+01   0.465647E+00
 0.263400E+01   0.259555E+01   0.142402E+02   0.310186E+01   0.466043E+00
 0.263700E+01   0.259654E+01   0.142390E+02   0.310333E+01   0.466439E+00
 0.264000E+01   0.259752E+01   0.142368E+02   0.310479E+01   0.466835E+00
 0.264300E+01   0.259850E+01   0.142304E+02   0.310624E+01   0.467231E+00
 0.264600E+01   0.259947E+01   0.142348E+02   0.310769E+01   0.467627E+00
 0.264900E+01   0.260044E+01   0.142234E+02   0.310913E+01   0.468022E+00
 0.265200E+01   0.260141E+01   0.142214E+02   0.311056E+01   0.468417E+00
 0.265500E+01   0.260237E+01   0.142293E+02   0.311199E+01   0.468812E+00
 0.265800E+01   0.260332E+01   0.142256E+02   0.311341E+01   0.469206E+00
 0.266100E+01   0.260427E+01   0.142251E+02   0.311483E+01   0.469601E+00
 0.266400E+01   0.260522E+01   0.142224E+02   0.311624E+01   0.469995E+00
 0.266700E+01   0.260616E+01   0.142146E+02   0.311764E+01   0.470389E+00
 0.267000E+01   0.260710E+01   0.142116E+02   0.311904E+01   0.470782E+00
 0.267300E+01   0.260803E+01   0.142141E+02   0.312043E+01   0.471176E+00
 0.267600E+01   0.260896E+01   0.142083E+02   0.312181E+01   0.471569E+00
 0.267900E+01   0.260989E+01   0.142094E+02   0.312319E+01   0.471962E+00
 0.268200E+01   0.261081E+01   0.142085E+02   0.312456E+01   0.472354E+00
 0.268500E+01   0.261172E+01   0.142077E+02   0.312593E+01   0.472747E+00
 0.268800E+01   0.261264E+01   0.142016E+02   0.312729E+01   0.473139E+00
 0.269100E+01   0.261354E+01   0.142041E+02   0.312864E+01   0.473531E+00
 0.269400E+01   0.261445E+01   0.141994E+02   0.312999E+01   0.473923E+00
 0.269700E+01   0.261535E+01   0.142017E+02   0.313133E+01   0.474314E+00
 0.270000E+01   0.261624E+01   0.141942E+02   0.313267E+01   0.474706E+00
 0.270300E+01   0.261713E+01   0.141925E+02   0.313400E+01   0.475097E+00
 0.270600E+01   0.261802E+01   0.141911E+02   0.313532E+01   0.475487E+00
 0.270900E+01   0.261890E+01   0.141948E+02   0.313664E+01   0.475878E+00
 0.271200E+01   0.261978E+01   0.141936E+02   0.313795E+01   0.476268E+00
 0.271500E+01   0.262065E+01   0.141884E+02   0.313926E+01   0.476659E+00
 0.271800E+01   0.262152E+01   0.141907E+02   0.314056E+01   0.477048E+00
 0.272100E+01   0.262239E+01   0.141817E+02   0.314186E+01   0.477438E+00
 0.272400E+01   0.262325E+01   0.141863E+02   0.314315E+01   0.477828E+00
 0.272700E+01   0.262411E+01   0.141828E+02   0.314443E+01   0.478217E+00
 0.273000E+01   0.262496E+01   0.141793E+02   0.314571E+01   0.478606E+00
 0.273300E+01   0.262581E+01   0.141775E+02   0.314698E+01   0.478995E+00
 0.273600E+01   0.262666E+01   0.141755E+02   0.314825E+01   0.479383E+00
 0.273900E+01   0.262750E+01   0.141745E+02   0.314951E+01   0.479771E+00
 0.274200E+01   0.262834E+01   0.141721E+02   0.315077E+01   0.480160E+00
 0.274500E+01   0.262917E+01   0.141709E+02   0.315202E+01   0.480547E+00
 0.274800E+01   0.263000E+01   0.141710E+02   0.315326E+01   0.480935E+00
 0.275100E+01   0.263083E+01   0.141679E+02   0.315450E+01   0.481322E+00
 0.275400E+01   0.263165E+01   0.141660E+02   0.315574E+01   0.481710E+00
 0.275700E+01   0.263247E+01   0.141592E+02   0.315697E+01   0.482097E+00
 0.276000E+01   0.263328E+01   0.141558E+02   0.315819E+01   0.482483E+00
 0.276300E+01   0.263409E+01   0.141610E+02   0.315941E+01   0.482870E+00
 0.276600E+01   0.263490E+01   0.141547E+02   0.316062E+01   0.483256E+00
 0.276900E+01   0.263570E+01   0.141598E+02   0.316183E+01   0.483642E+00
 0.277200E+01   0.263650E+01   0.141503E+02   0.316303E+01   0.484028E+00
 0.277500E+01   0.263730E+01   0.141557E+02   0.316422E+01   0.484414E+00
 0.277800E+01   0.263809E+01   0.141527E+02   0.316541E+01   0.484799E+00
 0.278100E+01   0.263888E+01   0.141488E+02   0.316660E+01   0.485184E+00
 0.278400E+01   0.263966E+01   0.141499E+02   0.316778E+01   0.485569E+00
 0.278700E+01   0.264044E+01   0.141466E+02   0.316895E+01   0.485954E+00
 0.279000E+01   0.264122E+01   0.141378E+02   0.317012E+01   0.486339E+00
 0.279300E+01   0.264199E+01   0.141363E+02   0.317129E+01   0.486723E+00
 0.279600E+01   0.264276E+01   0.141419E+02   0.317245E+01   0.487107E+00
 0.279900E+01   0.264353E+01   0.141413E+02   0.317360E+01   0.487491E+00
 0.280200E+01   0.264429E+01   0.141364E+02   0.317475E+01   0.487875E+00
 0.280500E+01   0.264505E+01   0.141337E+02   0.317589E+01   0.488258E+00
 0.280800E+01   0.264580E+01   0.141309E+02   0.317703E+01   0.488642E+00
 0.281100E+01   0.264655E+01   0.141329E+02   0.317817E+01   0.489025E+00
 0.281400E+01   0.264730E+01   0.141312E+02   0.317930E+01   0.489407E+00
 0.281700E+01   0.264805E+01   0.141279E+02   0.318042E+01   0.489790E+00
 0.282000E+01   0.264879E+01   0.141285E+02   0.318154E+01   0.490172E+00
 0.282300E+01   0.264953E+01   0.141265E+02   0.318265E+01   0.490554E+00
 0.282600E+01   0.265026E+01   0.141161E+02   0.318376E+01   0.490936E+00
 0.282900E+01   0.265099E+01   0.141186E+02   0.318487E+01   0.491317E+00
 0.283200E+01   0.265172E+01   0.141202E+02   0.318596E+01   0.491699E+00
 0.283500E+01   0.265244E+01   0.141106E+02   0.318706E+01   0.492080E+00
 0.283800E+01   0.265316E+01   0.141173E+02   0.318815E+01   0.492460E+00
 0.284100E+01   0.265388E+01   0.141062E+02   0.318923E+01   0.492841E+00
 0.284400E+01   0.265460E+01   0.141138E+02   0.319031E+01   0.493221E+00
 0.284700E+01   0.265531E+01   0.141039E+02   0.319139E+01   0.493602E+00
 0.285000E+01   0.265601E+01   0.141039E+02   0.319246E+01   0.493982E+00
 0.285300E+01   0.265672E+01   0.141088E+02   0.319352E+01   0.494362E+00
 0.285600E+01   0.265742E+01   0.141041E+02   0.319458E+01   0.494742E+00
 0.285900E+01   0.265811E+01   0.140961E+02   0.319564E+01   0.495121E+00
 0.286200E+01   0.265881E+01   0.141006E+02   0.319669E+01   0.495501E+00
 0.286500E+01   0.265950E+01   0.140929E+02   0.319773E+01   0.495881E+00
