 0.745400E-10   0.000000E+00   0.000000E+00   0.000000E+00   0.158100E-10
 0.300000E-02   0.591854E+00   0.206812E+03   0.596866E+00   0.635327E-03
 0.600000E-02   0.546757E+00   0.183207E+03   0.551303E+00   0.127057E-02
 0.900000E-02   0.525573E+00   0.179676E+03   0.529945E+00   0.190279E-02
 0.120000E-01   0.515756E+00   0.180548E+03   0.520054E+00   0.253251E-02
 0.150000E-01   0.508274E+00   0.181291E+03   0.512506E+00   0.316027E-02
 0.180000E-01   0.501281E+00   0.181689E+03   0.505444E+00   0.378658E-02
 0.210000E-01   0.493591E+00   0.181618E+03   0.497673E+00   0.441198E-02
 0.240000E-01   0.483703E+00   0.180602E+03   0.487678E+00   0.503698E-02
 0.270000E-01   0.469825E+00   0.177892E+03   0.473649E+00   0.566212E-02
 0.300000E-01   0.456366E+00   0.175534E+03   0.460045E+00   0.628791E-02
 0.330000E-01   0.443366E+00   0.173312E+03   0.446908E+00   0.691454E-02
 0.360000E-01   0.439552E+00   0.175074E+03   0.443057E+00   0.754189E-02
 0.390000E-01   0.426710E+00   0.172456E+03   0.430081E+00   0.816977E-02
 0.420000E-01   0.412148E+00   0.168888E+03   0.415370E+00   0.879804E-02
 0.450000E-01   0.399948E+00   0.166205E+03   0.403048E+00   0.942652E-02
 0.480000E-01   0.416359E+00   0.176069E+03   0.419630E+00   0.100551E-01
 0.510000E-01   0.423213E+00   0.181797E+03   0.426562E+00   0.106835E-01
 0.540000E-01   0.421499E+00   0.183418E+03   0.424834E+00   0.113116E-01
 0.570000E-01   0.419335E+00   0.184760E+03   0.422650E+00   0.119395E-01
 0.600000E-01   0.418624E+00   0.186782E+03   0.421934E+00   0.125670E-01
 0.630000E-01   0.417649E+00   0.188679E+03   0.420952E+00   0.131943E-01
 0.660000E-01   0.415117E+00   0.189817E+03   0.418395E+00   0.138214E-01
 0.690000E-01   0.413227E+00   0.191307E+03   0.416488E+00   0.144484E-01
 0.720000E-01   0.411341E+00   0.192843E+03   0.414584E+00   0.150752E-01
 0.750000E-01   0.408907E+00   0.194149E+03   0.412126E+00   0.157020E-01
 0.780000E-01   0.405700E+00   0.195100E+03   0.408889E+00   0.163288E-01
 0.810000E-01   0.401335E+00   0.195483E+03   0.404481E+00   0.169555E-01
 0.840000E-01   0.396319E+00   0.195554E+03   0.399416E+00   0.175823E-01
 0.870000E-01   0.391979E+00   0.196005E+03   0.395035E+00   0.182090E-01
 0.900000E-01   0.386086E+00   0.195661E+03   0.389085E+00   0.188357E-01
 0.930000E-01   0.381978E+00   0.196280E+03   0.384938E+00   0.194623E-01
 0.960000E-01   0.374952E+00   0.195373E+03   0.377845E+00   0.200889E-01
 0.990000E-01   0.371427E+00   0.196349E+03   0.374287E+00   0.207154E-01
 0.102000E+00   0.365533E+00   0.196085E+03   0.368338E+00   0.213419E-01
 0.105000E+00   0.359113E+00   0.195559E+03   0.361858E+00   0.219682E-01
 0.108000E+00   0.354409E+00   0.195983E+03   0.357110E+00   0.225945E-01
 0.111000E+00   0.347874E+00   0.195437E+03   0.350515E+00   0.232207E-01
 0.114000E+00   0.337665E+00   0.192904E+03   0.340211E+00   0.238468E-01
 0.117000E+00   0.330825E+00   0.192213E+03   0.333308E+00   0.244728E-01
 0.120000E+00   0.332954E+00   0.196534E+03   0.335459E+00   0.250988E-01
 0.123000E+00   0.336188E+00   0.201719E+03   0.338725E+00   0.257247E-01
 0.126000E+00   0.329809E+00   0.201416E+03   0.332287E+00   0.263505E-01
 0.129000E+00   0.321720E+00   0.200114E+03   0.324125E+00   0.269763E-01
 0.132000E+00   0.315603E+00   0.199989E+03   0.317952E+00   0.276020E-01
 0.135000E+00   0.306277E+00   0.197930E+03   0.308541E+00   0.282277E-01
 0.138000E+00   0.297591E+00   0.196228E+03   0.299777E+00   0.288533E-01
 0.141000E+00   0.303372E+00   0.203539E+03   0.305613E+00   0.294788E-01
 0.144000E+00   0.305913E+00   0.209090E+03   0.308179E+00   0.301043E-01
 0.147000E+00   0.304739E+00   0.212400E+03   0.306996E+00   0.307297E-01
 0.150000E+00   0.302766E+00   0.215287E+03   0.305006E+00   0.313550E-01
 0.153000E+00   0.302103E+00   0.219164E+03   0.304337E+00   0.319803E-01
 0.156000E+00   0.291989E+00   0.216618E+03   0.294132E+00   0.326055E-01
 0.159000E+00   0.285400E+00   0.216469E+03   0.287484E+00   0.332306E-01
 0.162000E+00   0.277885E+00   0.215643E+03   0.279902E+00   0.338557E-01
 0.165000E+00   0.267780E+00   0.212887E+03   0.269707E+00   0.344807E-01
 0.168000E+00   0.260155E+00   0.211840E+03   0.262014E+00   0.351056E-01
 0.171000E+00   0.254004E+00   0.211837E+03   0.255809E+00   0.357305E-01
 0.174000E+00   0.241758E+00   0.207057E+03   0.243454E+00   0.363553E-01
 0.177000E+00   0.235589E+00   0.206838E+03   0.237231E+00   0.369801E-01
 0.180000E+00   0.228295E+00   0.205629E+03   0.229873E+00   0.376048E-01
 0.183000E+00   0.219470E+00   0.202994E+03   0.220971E+00   0.382294E-01
 0.186000E+00   0.209208E+00   0.198867E+03   0.210619E+00   0.388540E-01
 0.189000E+00   0.201916E+00   0.197064E+03   0.203264E+00   0.394785E-01
 0.192000E+00   0.193636E+00   0.194115E+03   0.194913E+00   0.401030E-01
 0.195000E+00   0.185763E+00   0.191238E+03   0.186972E+00   0.407274E-01
 0.198000E+00   0.178338E+00   0.188474E+03   0.179482E+00   0.413517E-01
 0.201000E+00   0.170090E+00   0.184479E+03   0.171164E+00   0.419759E-01
 0.204000E+00   0.161752E+00   0.179885E+03   0.162755E+00   0.426002E-01
 0.207000E+00   0.153993E+00   0.175382E+03   0.154929E+00   0.432243E-01
 0.210000E+00   0.148115E+00   0.172624E+03   0.149002E+00   0.438484E-01
 0.213000E+00   0.139215E+00   0.165403E+03   0.140026E+00   0.444724E-01
 0.216000E+00   0.133595E+00   0.161815E+03   0.134358E+00   0.450964E-01
 0.219000E+00   0.128897E+00   0.159043E+03   0.129621E+00   0.457203E-01
 0.222000E+00   0.123613E+00   0.154830E+03   0.124292E+00   0.463441E-01
 0.225000E+00   0.117190E+00   0.147918E+03   0.117815E+00   0.469679E-01
 0.228000E+00   0.113274E+00   0.144557E+03   0.113866E+00   0.475917E-01
 0.231000E+00   0.109604E+00   0.141066E+03   0.110165E+00   0.482153E-01
 0.234000E+00   0.106579E+00   0.138315E+03   0.107115E+00   0.488390E-01
 0.237000E+00   0.103871E+00   0.135740E+03   0.104383E+00   0.494625E-01
 0.240000E+00   0.102186E+00   0.135162E+03   0.102684E+00   0.500860E-01
 0.243000E+00   0.998729E-01   0.132668E+03   0.100351E+00   0.507095E-01
 0.246000E+00   0.994453E-01   0.134976E+03   0.999202E-01   0.513329E-01
 0.249000E+00   0.984703E-01   0.135785E+03   0.989372E-01   0.519562E-01
 0.252000E+00   0.977298E-01   0.137296E+03   0.981907E-01   0.525795E-01
 0.255000E+00   0.955656E-01   0.133893E+03   0.960079E-01   0.532027E-01
 0.258000E+00   0.937722E-01   0.131099E+03   0.941989E-01   0.538258E-01
 0.261000E+00   0.923507E-01   0.129144E+03   0.927650E-01   0.544490E-01
 0.264000E+00   0.912886E-01   0.128243E+03   0.916935E-01   0.550720E-01
 0.267000E+00   0.904576E-01   0.128064E+03   0.908551E-01   0.556950E-01
 0.270000E+00   0.889575E-01   0.123956E+03   0.893415E-01   0.563179E-01
 0.273000E+00   0.879389E-01   0.121612E+03   0.883135E-01   0.569408E-01
 0.276000E+00   0.870420E-01   0.119299E+03   0.874083E-01   0.575636E-01
 0.279000E+00   0.862189E-01   0.116744E+03   0.865774E-01   0.581864E-01
 0.282000E+00   0.852100E-01   0.111952E+03   0.855590E-01   0.588091E-01
 0.285000E+00   0.843518E-01   0.107187E+03   0.846926E-01   0.594318E-01
 0.288000E+00   0.836822E-01   0.102946E+03   0.840165E-01   0.600544E-01
 0.291000E+00   0.831617E-01   0.991165E+02   0.834907E-01   0.606769E-01
 0.294000E+00   0.827213E-01   0.951691E+02   0.830459E-01   0.612994E-01
 0.297000E+00   0.824199E-01   0.918897E+02   0.827412E-01   0.619219E-01
 0.300000E+00   0.821849E-01   0.886101E+02   0.825034E-01   0.625443E-01
 0.303000E+00   0.820787E-01   0.863145E+02   0.823958E-01   0.631666E-01
 0.306000E+00   0.820024E-01   0.838060E+02   0.823182E-01   0.637889E-01
 0.309000E+00   0.819913E-01   0.816920E+02   0.823064E-01   0.644111E-01
 0.312000E+00   0.819955E-01   0.792169E+02   0.823102E-01   0.650332E-01
 0.315000E+00   0.820344E-01   0.767279E+02   0.823489E-01   0.656554E-01
 0.318000E+00   0.821113E-01   0.743580E+02   0.824260E-01   0.662774E-01
 0.321000E+00   0.822237E-01   0.721397E+02   0.825389E-01   0.668994E-01
 0.324000E+00   0.823736E-01   0.702267E+02   0.826897E-01   0.675214E-01
 0.327000E+00   0.825491E-01   0.684133E+02   0.828663E-01   0.681432E-01
 0.330000E+00   0.827435E-01   0.665681E+02   0.830621E-01   0.687651E-01
 0.333000E+00   0.829517E-01   0.645544E+02   0.832717E-01   0.693869E-01
 0.336000E+00   0.831810E-01   0.626505E+02   0.835029E-01   0.700086E-01
 0.339000E+00   0.834340E-01   0.610133E+02   0.837578E-01   0.706302E-01
 0.342000E+00   0.836984E-01   0.592582E+02   0.840243E-01   0.712519E-01
 0.345000E+00   0.839832E-01   0.577778E+02   0.843114E-01   0.718734E-01
 0.348000E+00   0.842790E-01   0.562440E+02   0.846097E-01   0.724949E-01
 0.351000E+00   0.845902E-01   0.548794E+02   0.849234E-01   0.731164E-01
 0.354000E+00   0.849104E-01   0.534329E+02   0.852464E-01   0.737377E-01
 0.357000E+00   0.852463E-01   0.522610E+02   0.855852E-01   0.743591E-01
 0.360000E+00   0.855910E-01   0.510559E+02   0.859330E-01   0.749803E-01
 0.363000E+00   0.859469E-01   0.499728E+02   0.862920E-01   0.756016E-01
 0.366000E+00   0.863167E-01   0.492270E+02   0.866652E-01   0.762227E-01
 0.369000E+00   0.866974E-01   0.486907E+02   0.870493E-01   0.768438E-01
 0.372000E+00   0.870931E-01   0.487531E+02   0.874487E-01   0.774649E-01
 0.375000E+00   0.874838E-01   0.479000E+02   0.878431E-01   0.780858E-01
 0.378000E+00   0.878825E-01   0.470766E+02   0.882455E-01   0.787068E-01
 0.381000E+00   0.882890E-01   0.462697E+02   0.886559E-01   0.793276E-01
 0.384000E+00   0.887034E-01   0.455160E+02   0.890743E-01   0.799484E-01
 0.387000E+00   0.891244E-01   0.446808E+02   0.894994E-01   0.805692E-01
 0.390000E+00   0.895521E-01   0.437684E+02   0.899313E-01   0.811899E-01
 0.393000E+00   0.899891E-01   0.430726E+02   0.903727E-01   0.818105E-01
 0.396000E+00   0.904325E-01   0.422640E+02   0.908204E-01   0.824311E-01
 0.399000E+00   0.908905E-01   0.424109E+02   0.912831E-01   0.830516E-01
 0.402000E+00   0.913517E-01   0.420979E+02   0.917490E-01   0.836720E-01
 0.405000E+00   0.918192E-01   0.416688E+02   0.922213E-01   0.842924E-01
 0.408000E+00   0.922943E-01   0.413177E+02   0.927014E-01   0.849128E-01
 0.411000E+00   0.927770E-01   0.410263E+02   0.931892E-01   0.855330E-01
 0.414000E+00   0.932672E-01   0.407622E+02   0.936845E-01   0.861532E-01
 0.417000E+00   0.937647E-01   0.404995E+02   0.941873E-01   0.867734E-01
 0.420000E+00   0.942705E-01   0.404497E+02   0.946985E-01   0.873934E-01
 0.423000E+00   0.947845E-01   0.407150E+02   0.952182E-01   0.880134E-01
 0.426000E+00   0.953057E-01   0.409188E+02   0.957451E-01   0.886334E-01
 0.429000E+00   0.958335E-01   0.405430E+02   0.962787E-01   0.892533E-01
 0.432000E+00   0.963695E-01   0.401278E+02   0.968207E-01   0.898731E-01
 0.435000E+00   0.969140E-01   0.398016E+02   0.973713E-01   0.904928E-01
 0.438000E+00   0.974672E-01   0.397262E+02   0.979309E-01   0.911125E-01
 0.441000E+00   0.980294E-01   0.402378E+02   0.984995E-01   0.917321E-01
 0.444000E+00   0.985999E-01   0.404987E+02   0.990767E-01   0.923517E-01
 0.447000E+00   0.991790E-01   0.400912E+02   0.996625E-01   0.929711E-01
 0.450000E+00   0.997672E-01   0.394900E+02   0.100258E+00   0.935906E-01
 0.453000E+00   0.100365E+00   0.391525E+02   0.100862E+00   0.942099E-01
 0.456000E+00   0.100972E+00   0.392617E+02   0.101477E+00   0.948292E-01
 0.459000E+00   0.101589E+00   0.391790E+02   0.102101E+00   0.954484E-01
 0.462000E+00   0.102215E+00   0.393358E+02   0.102735E+00   0.960675E-01
 0.465000E+00   0.102852E+00   0.389620E+02   0.103380E+00   0.966865E-01
 0.468000E+00   0.103499E+00   0.386307E+02   0.104035E+00   0.973055E-01
 0.471000E+00   0.104156E+00   0.378416E+02   0.104700E+00   0.979244E-01
 0.474000E+00   0.104824E+00   0.370918E+02   0.105376E+00   0.985433E-01
 0.477000E+00   0.105502E+00   0.363710E+02   0.106064E+00   0.991620E-01
 0.480000E+00   0.106192E+00   0.356778E+02   0.106762E+00   0.997807E-01
 0.483000E+00   0.106892E+00   0.350024E+02   0.107472E+00   0.100399E+00
 0.486000E+00   0.107604E+00   0.343561E+02   0.108193E+00   0.101018E+00
 0.489000E+00   0.108328E+00   0.337394E+02   0.108926E+00   0.101636E+00
 0.492000E+00   0.109063E+00   0.331391E+02   0.109671E+00   0.102255E+00
 0.495000E+00   0.109810E+00   0.325559E+02   0.110429E+00   0.102873E+00
 0.498000E+00   0.110570E+00   0.320037E+02   0.111198E+00   0.103491E+00
 0.501000E+00   0.111342E+00   0.314630E+02   0.111981E+00   0.104109E+00
 0.504000E+00   0.112126E+00   0.309398E+02   0.112777E+00   0.104727E+00
 0.507000E+00   0.112924E+00   0.304330E+02   0.113585E+00   0.105345E+00
 0.510000E+00   0.113735E+00   0.299474E+02   0.114408E+00   0.105963E+00
 0.513000E+00   0.114559E+00   0.294710E+02   0.115244E+00   0.106581E+00
 0.516000E+00   0.115397E+00   0.290178E+02   0.116094E+00   0.107199E+00
 0.519000E+00   0.116248E+00   0.285716E+02   0.116958E+00   0.107817E+00
 0.522000E+00   0.117113E+00   0.281379E+02   0.117836E+00   0.108434E+00
 0.525000E+00   0.117993E+00   0.277271E+02   0.118728E+00   0.109052E+00
 0.528000E+00   0.118886E+00   0.273283E+02   0.119635E+00   0.109669E+00
 0.531000E+00   0.119793E+00   0.269321E+02   0.120556E+00   0.110286E+00
 0.534000E+00   0.120715E+00   0.265583E+02   0.121491E+00   0.110903E+00
 0.537000E+00   0.121650E+00   0.261832E+02   0.122442E+00   0.111521E+00
 0.540000E+00   0.122600E+00   0.258314E+02   0.123406E+00   0.112138E+00
 0.543000E+00   0.123564E+00   0.254852E+02   0.124385E+00   0.112755E+00
 0.546000E+00   0.124542E+00   0.251470E+02   0.125379E+00   0.113371E+00
 0.549000E+00   0.125533E+00   0.248255E+02   0.126386E+00   0.113988E+00
 0.552000E+00   0.126537E+00   0.245099E+02   0.127407E+00   0.114605E+00
 0.555000E+00   0.127555E+00   0.242066E+02   0.128441E+00   0.115221E+00
 0.558000E+00   0.128586E+00   0.239119E+02   0.129489E+00   0.115838E+00
 0.561000E+00   0.129629E+00   0.236259E+02   0.130550E+00   0.116454E+00
 0.564000E+00   0.130686E+00   0.233529E+02   0.131624E+00   0.117071E+00
 0.567000E+00   0.131756E+00   0.230829E+02   0.132713E+00   0.117687E+00
 0.570000E+00   0.132840E+00   0.228143E+02   0.133816E+00   0.118303E+00
 0.573000E+00   0.133938E+00   0.225641E+02   0.134934E+00   0.118919E+00
 0.576000E+00   0.135052E+00   0.223134E+02   0.136067E+00   0.119535E+00
 0.579000E+00   0.136182E+00   0.220749E+02   0.137217E+00   0.120150E+00
 0.582000E+00   0.137328E+00   0.218437E+02   0.138384E+00   0.120766E+00
 0.585000E+00   0.138490E+00   0.216143E+02   0.139567E+00   0.121382E+00
 0.588000E+00   0.139670E+00   0.213972E+02   0.140769E+00   0.121997E+00
 0.591000E+00   0.140867E+00   0.211738E+02   0.141988E+00   0.122613E+00
 0.594000E+00   0.142082E+00   0.209650E+02   0.143226E+00   0.123228E+00
 0.597000E+00   0.143314E+00   0.207647E+02   0.144481E+00   0.123843E+00
 0.600000E+00   0.144564E+00   0.205593E+02   0.145755E+00   0.124458E+00
 0.603000E+00   0.145832E+00   0.203704E+02   0.147048E+00   0.125073E+00
 0.606000E+00   0.147119E+00   0.201760E+02   0.148360E+00   0.125688E+00
 0.609000E+00   0.148424E+00   0.199953E+02   0.149691E+00   0.126303E+00
 0.612000E+00   0.149747E+00   0.198133E+02   0.151040E+00   0.126917E+00
 0.615000E+00   0.151089E+00   0.196314E+02   0.152410E+00   0.127532E+00
 0.618000E+00   0.152451E+00   0.194637E+02   0.153799E+00   0.128146E+00
 0.621000E+00   0.153831E+00   0.192914E+02   0.155208E+00   0.128761E+00
 0.624000E+00   0.155231E+00   0.191337E+02   0.156637E+00   0.129375E+00
 0.627000E+00   0.156651E+00   0.189700E+02   0.158087E+00   0.129989E+00
 0.630000E+00   0.158091E+00   0.188192E+02   0.159557E+00   0.130603E+00
 0.633000E+00   0.159550E+00   0.186664E+02   0.161049E+00   0.131217E+00
 0.636000E+00   0.161031E+00   0.185230E+02   0.162561E+00   0.131830E+00
 0.639000E+00   0.162532E+00   0.183771E+02   0.164095E+00   0.132444E+00
 0.642000E+00   0.164053E+00   0.182380E+02   0.165651E+00   0.133057E+00
 0.645000E+00   0.165596E+00   0.180968E+02   0.167228E+00   0.133671E+00
 0.648000E+00   0.167160E+00   0.179658E+02   0.168827E+00   0.134284E+00
 0.651000E+00   0.168745E+00   0.178319E+02   0.170449E+00   0.134897E+00
 0.654000E+00   0.170352E+00   0.177045E+02   0.172093E+00   0.135510E+00
 0.657000E+00   0.171980E+00   0.175802E+02   0.173760E+00   0.136123E+00
 0.660000E+00   0.173631E+00   0.174639E+02   0.175449E+00   0.136736E+00
 0.663000E+00   0.175303E+00   0.173369E+02   0.177162E+00   0.137348E+00
 0.666000E+00   0.176998E+00   0.172260E+02   0.178897E+00   0.137961E+00
 0.669000E+00   0.178715E+00   0.171151E+02   0.180657E+00   0.138573E+00
 0.672000E+00   0.180455E+00   0.170005E+02   0.182439E+00   0.139185E+00
 0.675000E+00   0.182217E+00   0.168900E+02   0.184246E+00   0.139797E+00
 0.678000E+00   0.184003E+00   0.167860E+02   0.186077E+00   0.140409E+00
 0.681000E+00   0.185812E+00   0.166875E+02   0.187931E+00   0.141021E+00
 0.684000E+00   0.187643E+00   0.165870E+02   0.189811E+00   0.141633E+00
 0.687000E+00   0.189499E+00   0.164874E+02   0.191714E+00   0.142244E+00
 0.690000E+00   0.191378E+00   0.163981E+02   0.193643E+00   0.142856E+00
 0.693000E+00   0.193280E+00   0.163062E+02   0.195596E+00   0.143467E+00
 0.696000E+00   0.195207E+00   0.162139E+02   0.197575E+00   0.144078E+00
 0.699000E+00   0.197157E+00   0.161217E+02   0.199578E+00   0.144689E+00
 0.702000E+00   0.199132E+00   0.160354E+02   0.201607E+00   0.145300E+00
 0.705000E+00   0.201131E+00   0.159519E+02   0.203662E+00   0.145911E+00
 0.708000E+00   0.203154E+00   0.158666E+02   0.205743E+00   0.146521E+00
 0.711000E+00   0.205202E+00   0.157865E+02   0.207849E+00   0.147132E+00
 0.714000E+00   0.207275E+00   0.157090E+02   0.209981E+00   0.147742E+00
 0.717000E+00   0.209373E+00   0.156313E+02   0.212140E+00   0.148352E+00
 0.720000E+00   0.211495E+00   0.155588E+02   0.214325E+00   0.148962E+00
 0.723000E+00   0.213643E+00   0.154872E+02   0.216537E+00   0.149572E+00
 0.726000E+00   0.215816E+00   0.154207E+02   0.218775E+00   0.150181E+00
 0.729000E+00   0.218014E+00   0.153454E+02   0.221040E+00   0.150791E+00
 0.732000E+00   0.220238E+00   0.152797E+02   0.223332E+00   0.151400E+00
 0.735000E+00   0.222488E+00   0.152137E+02   0.225651E+00   0.152009E+00
 0.738000E+00   0.224763E+00   0.151476E+02   0.227998E+00   0.152618E+00
 0.741000E+00   0.227064E+00   0.150851E+02   0.230372E+00   0.153227E+00
 0.744000E+00   0.229390E+00   0.150244E+02   0.232773E+00   0.153836E+00
 0.747000E+00   0.231743E+00   0.149625E+02   0.235202E+00   0.154444E+00
 0.750000E+00   0.234122E+00   0.149126E+02   0.237659E+00   0.155053E+00
 0.753000E+00   0.236527E+00   0.148492E+02   0.240144E+00   0.155661E+00
 0.756000E+00   0.238959E+00   0.147950E+02   0.242657E+00   0.156269E+00
 0.759000E+00   0.241417E+00   0.147400E+02   0.245198E+00   0.156877E+00
 0.762000E+00   0.243901E+00   0.146868E+02   0.247767E+00   0.157485E+00
 0.765000E+00   0.246412E+00   0.146403E+02   0.250365E+00   0.158092E+00
 0.768000E+00   0.248949E+00   0.145876E+02   0.252991E+00   0.158699E+00
 0.771000E+00   0.251514E+00   0.145411E+02   0.255646E+00   0.159307E+00
 0.774000E+00   0.254105E+00   0.144919E+02   0.258329E+00   0.159914E+00
 0.777000E+00   0.256723E+00   0.144444E+02   0.261042E+00   0.160521E+00
 0.780000E+00   0.259368E+00   0.144045E+02   0.263783E+00   0.161127E+00
 0.783000E+00   0.262040E+00   0.143599E+02   0.266554E+00   0.161734E+00
 0.786000E+00   0.264739E+00   0.143087E+02   0.269353E+00   0.162340E+00
 0.789000E+00   0.267466E+00   0.142685E+02   0.272182E+00   0.162946E+00
 0.792000E+00   0.270219E+00   0.142346E+02   0.275041E+00   0.163552E+00
 0.795000E+00   0.273000E+00   0.141904E+02   0.277928E+00   0.164158E+00
 0.798000E+00   0.275808E+00   0.141527E+02   0.280846E+00   0.164763E+00
 0.801000E+00   0.278644E+00   0.141173E+02   0.283793E+00   0.165369E+00
 0.804000E+00   0.281507E+00   0.140793E+02   0.286769E+00   0.165974E+00
 0.807000E+00   0.284398E+00   0.140460E+02   0.289776E+00   0.166579E+00
 0.810000E+00   0.287316E+00   0.140065E+02   0.292812E+00   0.167184E+00
 0.813000E+00   0.290262E+00   0.139723E+02   0.295878E+00   0.167789E+00
 0.816000E+00   0.293235E+00   0.139431E+02   0.298975E+00   0.168393E+00
 0.819000E+00   0.296236E+00   0.139084E+02   0.302101E+00   0.168997E+00
 0.822000E+00   0.299265E+00   0.138778E+02   0.305258E+00   0.169601E+00
 0.825000E+00   0.302322E+00   0.138434E+02   0.308445E+00   0.170205E+00
 0.828000E+00   0.305406E+00   0.138162E+02   0.311662E+00   0.170809E+00
 0.831000E+00   0.308518E+00   0.137878E+02   0.314910E+00   0.171412E+00
 0.834000E+00   0.311658E+00   0.137564E+02   0.318188E+00   0.172016E+00
 0.837000E+00   0.314826E+00   0.137341E+02   0.321497E+00   0.172619E+00
 0.840000E+00   0.318022E+00   0.137040E+02   0.324836E+00   0.173221E+00
 0.843000E+00   0.321245E+00   0.136819E+02   0.328206E+00   0.173824E+00
 0.846000E+00   0.324497E+00   0.136566E+02   0.331606E+00   0.174427E+00
 0.849000E+00   0.327776E+00   0.136298E+02   0.335037E+00   0.175029E+00
 0.852000E+00   0.331083E+00   0.136134E+02   0.338499E+00   0.175631E+00
 0.855000E+00   0.334418E+00   0.135875E+02   0.341992E+00   0.176233E+00
 0.858000E+00   0.337782E+00   0.135637E+02   0.345515E+00   0.176834E+00
 0.861000E+00   0.341173E+00   0.135437E+02   0.349070E+00   0.177436E+00
 0.864000E+00   0.344591E+00   0.135241E+02   0.352655E+00   0.178037E+00
 0.867000E+00   0.348038E+00   0.134999E+02   0.356272E+00   0.178638E+00
 0.870000E+00   0.351513E+00   0.134832E+02   0.359919E+00   0.179239E+00
 0.873000E+00   0.355016E+00   0.134641E+02   0.363597E+00   0.179839E+00
 0.876000E+00   0.358546E+00   0.134419E+02   0.367307E+00   0.180440E+00
 0.879000E+00   0.362104E+00   0.134286E+02   0.371047E+00   0.181040E+00
 0.882000E+00   0.365691E+00   0.134113E+02   0.374818E+00   0.181640E+00
 0.885000E+00   0.369304E+00   0.133924E+02   0.378621E+00   0.182239E+00
 0.888000E+00   0.372946E+00   0.133748E+02   0.382455E+00   0.182839E+00
 0.891000E+00   0.376616E+00   0.133640E+02   0.386319E+00   0.183438E+00
 0.894000E+00   0.380313E+00   0.133476E+02   0.390215E+00   0.184037E+00
 0.897000E+00   0.384038E+00   0.133357E+02   0.394142E+00   0.184636E+00
 0.900000E+00   0.387790E+00   0.133164E+02   0.398100E+00   0.185234E+00
 0.903000E+00   0.391570E+00   0.133077E+02   0.402090E+00   0.185832E+00
 0.906000E+00   0.395378E+00   0.132921E+02   0.406110E+00   0.186430E+00
 0.909000E+00   0.399213E+00   0.132797E+02   0.410161E+00   0.187028E+00
 0.912000E+00   0.403076E+00   0.132690E+02   0.414244E+00   0.187626E+00
 0.915000E+00   0.406966E+00   0.132520E+02   0.418358E+00   0.188223E+00
 0.918000E+00   0.410883E+00   0.132443E+02   0.422503E+00   0.188820E+00
 0.921000E+00   0.414828E+00   0.132315E+02   0.426678E+00   0.189417E+00
 0.924000E+00   0.418800E+00   0.132226E+02   0.430885E+00   0.190014E+00
 0.927000E+00   0.422799E+00   0.132134E+02   0.435123E+00   0.190610E+00
 0.930000E+00   0.426825E+00   0.132058E+02   0.439392E+00   0.191206E+00
 0.933000E+00   0.430878E+00   0.131914E+02   0.443692E+00   0.191802E+00
 0.936000E+00   0.434958E+00   0.131885E+02   0.448023E+00   0.192398E+00
 0.939000E+00   0.439065E+00   0.131716E+02   0.452384E+00   0.192993E+00
 0.942000E+00   0.443199E+00   0.131703E+02   0.456777E+00   0.193589E+00
 0.945000E+00   0.447359E+00   0.131589E+02   0.461200E+00   0.194183E+00
 0.948000E+00   0.451546E+00   0.131555E+02   0.465654E+00   0.194778E+00
 0.951000E+00   0.455760E+00   0.131425E+02   0.470139E+00   0.195372E+00
 0.954000E+00   0.460000E+00   0.131349E+02   0.474655E+00   0.195967E+00
 0.957000E+00   0.464267E+00   0.131265E+02   0.479201E+00   0.196561E+00
 0.960000E+00   0.468559E+00   0.131213E+02   0.483777E+00   0.197154E+00
 0.963000E+00   0.472878E+00   0.131175E+02   0.488385E+00   0.197748E+00
 0.966000E+00   0.477223E+00   0.131107E+02   0.493022E+00   0.198341E+00
 0.969000E+00   0.481594E+00   0.131123E+02   0.497690E+00   0.198933E+00
 0.972000E+00   0.485991E+00   0.131048E+02   0.502389E+00   0.199526E+00
 0.975000E+00   0.490413E+00   0.130945E+02   0.507117E+00   0.200118E+00
 0.978000E+00   0.494861E+00   0.130928E+02   0.511876E+00   0.200710E+00
 0.981000E+00   0.499335E+00   0.130877E+02   0.516664E+00   0.201302E+00
 0.984000E+00   0.503833E+00   0.130865E+02   0.521483E+00   0.201894E+00
 0.987000E+00   0.508358E+00   0.130796E+02   0.526332E+00   0.202485E+00
 0.990000E+00   0.512907E+00   0.130843E+02   0.531210E+00   0.203076E+00
 0.993000E+00   0.517481E+00   0.130747E+02   0.536118E+00   0.203667E+00
 0.996000E+00   0.522080E+00   0.130698E+02   0.541056E+00   0.204257E+00
 0.999000E+00   0.526704E+00   0.130695E+02   0.546024E+00   0.204847E+00
 0.100200E+01   0.531352E+00   0.130662E+02   0.551020E+00   0.205437E+00
 0.100500E+01   0.536025E+00   0.130626E+02   0.556046E+00   0.206027E+00
 0.100800E+01   0.540722E+00   0.130637E+02   0.561102E+00   0.206616E+00
 0.101100E+01   0.545443E+00   0.130657E+02   0.566186E+00   0.207205E+00
 0.101400E+01   0.550189E+00   0.130604E+02   0.571300E+00   0.207794E+00
 0.101700E+01   0.554958E+00   0.130587E+02   0.576442E+00   0.208382E+00
 0.102000E+01   0.559750E+00   0.130649E+02   0.581613E+00   0.208971E+00
 0.102300E+01   0.564567E+00   0.130610E+02   0.586813E+00   0.209558E+00
 0.102600E+01   0.569406E+00   0.130590E+02   0.592041E+00   0.210146E+00
 0.102900E+01   0.574269E+00   0.130612E+02   0.597297E+00   0.210733E+00
 0.103200E+01   0.579155E+00   0.130591E+02   0.602582E+00   0.211320E+00
 0.103500E+01   0.584063E+00   0.130569E+02   0.607895E+00   0.211907E+00
 0.103800E+01   0.588995E+00   0.130619E+02   0.613236E+00   0.212494E+00
 0.104100E+01   0.593949E+00   0.130604E+02   0.618605E+00   0.213080E+00
 0.104400E+01   0.598925E+00   0.130542E+02   0.624001E+00   0.213666E+00
 0.104700E+01   0.603923E+00   0.130616E+02   0.629425E+00   0.214251E+00
 0.105000E+01   0.608943E+00   0.130556E+02   0.634876E+00   0.214836E+00
 0.105300E+01   0.613985E+00   0.130619E+02   0.640354E+00   0.215421E+00
 0.105600E+01   0.619049E+00   0.130642E+02   0.645860E+00   0.216006E+00
 0.105900E+01   0.624134E+00   0.130598E+02   0.651392E+00   0.216590E+00
 0.106200E+01   0.629240E+00   0.130667E+02   0.656951E+00   0.217175E+00
 0.106500E+01   0.634367E+00   0.130630E+02   0.662537E+00   0.217758E+00
 0.106800E+01   0.639515E+00   0.130718E+02   0.668149E+00   0.218342E+00
 0.107100E+01   0.644684E+00   0.130732E+02   0.673787E+00   0.218925E+00
 0.107400E+01   0.649873E+00   0.130768E+02   0.679452E+00   0.219508E+00
 0.107700E+01   0.655082E+00   0.130743E+02   0.685142E+00   0.220090E+00
 0.108000E+01   0.660311E+00   0.130779E+02   0.690857E+00   0.220672E+00
 0.108300E+01   0.665559E+00   0.130818E+02   0.696599E+00   0.221254E+00
 0.108600E+01   0.670828E+00   0.130839E+02   0.702365E+00   0.221836E+00
 0.108900E+01   0.676115E+00   0.130859E+02   0.708157E+00   0.222417E+00
 0.109200E+01   0.681422E+00   0.130859E+02   0.713973E+00   0.222998E+00
 0.109500E+01   0.686747E+00   0.130891E+02   0.719815E+00   0.223579E+00
 0.109800E+01   0.692091E+00   0.130963E+02   0.725680E+00   0.224159E+00
 0.110100E+01   0.697454E+00   0.130954E+02   0.731570E+00   0.224739E+00
 0.110400E+01   0.702835E+00   0.131037E+02   0.737484E+00   0.225319E+00
 0.110700E+01   0.708233E+00   0.131024E+02   0.743422E+00   0.225898E+00
 0.111000E+01   0.713650E+00   0.131049E+02   0.749384E+00   0.226477E+00
 0.111300E+01   0.719083E+00   0.131052E+02   0.755369E+00   0.227056E+00
 0.111600E+01   0.724535E+00   0.131105E+02   0.761377E+00   0.227634E+00
 0.111900E+01   0.730003E+00   0.131112E+02   0.767408E+00   0.228212E+00
 0.112200E+01   0.735487E+00   0.131154E+02   0.773462E+00   0.228790E+00
 0.112500E+01   0.740989E+00   0.131220E+02   0.779538E+00   0.229367E+00
 0.112800E+01   0.746506E+00   0.131264E+02   0.785637E+00   0.229944E+00
 0.113100E+01   0.752040E+00   0.131268E+02   0.791758E+00   0.230521E+00
 0.113400E+01   0.757589E+00   0.131405E+02   0.797900E+00   0.231098E+00
 0.113700E+01   0.763154E+00   0.131397E+02   0.804065E+00   0.231674E+00
 0.114000E+01   0.768734E+00   0.131455E+02   0.810250E+00   0.232249E+00
 0.114300E+01   0.774329E+00   0.131507E+02   0.816457E+00   0.232825E+00
 0.114600E+01   0.779938E+00   0.131500E+02   0.822685E+00   0.233400E+00
 0.114900E+01   0.785562E+00   0.131552E+02   0.828933E+00   0.233974E+00
 0.115200E+01   0.791201E+00   0.131577E+02   0.835201E+00   0.234549E+00
 0.115500E+01   0.796853E+00   0.131695E+02   0.841490E+00   0.235123E+00
 0.115800E+01   0.802519E+00   0.131691E+02   0.847798E+00   0.235697E+00
 0.116100E+01   0.808198E+00   0.131723E+02   0.854126E+00   0.236270E+00
 0.116400E+01   0.813891E+00   0.131814E+02   0.860473E+00   0.236843E+00
 0.116700E+01   0.819596E+00   0.131826E+02   0.866840E+00   0.237416E+00
 0.117000E+01   0.825314E+00   0.131882E+02   0.873225E+00   0.237988E+00
 0.117300E+01   0.831045E+00   0.131985E+02   0.879629E+00   0.238560E+00
 0.117600E+01   0.836787E+00   0.131956E+02   0.886051E+00   0.239131E+00
 0.117900E+01   0.842541E+00   0.132006E+02   0.892491E+00   0.239703E+00
 0.118200E+01   0.848307E+00   0.132062E+02   0.898948E+00   0.240274E+00
 0.118500E+01   0.854084E+00   0.132153E+02   0.905423E+00   0.240844E+00
 0.118800E+01   0.859872E+00   0.132179E+02   0.911916E+00   0.241414E+00
 0.119100E+01   0.865670E+00   0.132284E+02   0.918425E+00   0.241984E+00
 0.119400E+01   0.871479E+00   0.132304E+02   0.924951E+00   0.242554E+00
 0.119700E+01   0.877298E+00   0.132366E+02   0.931493E+00   0.243123E+00
 0.120000E+01   0.883127E+00   0.132386E+02   0.938051E+00   0.243692E+00
 0.120300E+01   0.888965E+00   0.132473E+02   0.944625E+00   0.244260E+00
 0.120600E+01   0.894813E+00   0.132515E+02   0.951214E+00   0.244828E+00
 0.120900E+01   0.900670E+00   0.132512E+02   0.957819E+00   0.245396E+00
 0.121200E+01   0.906535E+00   0.132562E+02   0.964438E+00   0.245963E+00
 0.121500E+01   0.912409E+00   0.132631E+02   0.971072E+00   0.246530E+00
 0.121800E+01   0.918291E+00   0.132752E+02   0.977721E+00   0.247097E+00
 0.122100E+01   0.924181E+00   0.132804E+02   0.984383E+00   0.247663E+00
 0.122400E+01   0.930078E+00   0.132804E+02   0.991059E+00   0.248229E+00
 0.122700E+01   0.935983E+00   0.132854E+02   0.997748E+00   0.248794E+00
 0.123000E+01   0.941895E+00   0.132975E+02   0.100445E+01   0.249359E+00
 0.123300E+01   0.947813E+00   0.133038E+02   0.101117E+01   0.249924E+00
 0.123600E+01   0.953738E+00   0.133072E+02   0.101789E+01   0.250489E+00
 0.123900E+01   0.959669E+00   0.133116E+02   0.102463E+01   0.251053E+00
 0.124200E+01   0.965606E+00   0.133168E+02   0.103139E+01   0.251616E+00
 0.124500E+01   0.971549E+00   0.133197E+02   0.103815E+01   0.252180E+00
 0.124800E+01   0.977497E+00   0.133300E+02   0.104493E+01   0.252742E+00
 0.125100E+01   0.983450E+00   0.133326E+02   0.105171E+01   0.253305E+00
 0.125400E+01   0.989408E+00   0.133371E+02   0.105851E+01   0.253867E+00
 0.125700E+01   0.995370E+00   0.133415E+02   0.106532E+01   0.254429E+00
 0.126000E+01   0.100134E+01   0.133462E+02   0.107213E+01   0.254990E+00
 0.126300E+01   0.100731E+01   0.133536E+02   0.107896E+01   0.255551E+00
 0.126600E+01   0.101328E+01   0.133653E+02   0.108580E+01   0.256112E+00
 0.126900E+01   0.101926E+01   0.133709E+02   0.109264E+01   0.256672E+00
 0.127200E+01   0.102524E+01   0.133682E+02   0.109950E+01   0.257232E+00
 0.127500E+01   0.103122E+01   0.133767E+02   0.110636E+01   0.257792E+00
 0.127800E+01   0.103721E+01   0.133845E+02   0.111323E+01   0.258351E+00
 0.128100E+01   0.104319E+01   0.133883E+02   0.112011E+01   0.258910E+00
 0.128400E+01   0.104918E+01   0.133970E+02   0.112700E+01   0.259468E+00
 0.128700E+01   0.105517E+01   0.134038E+02   0.113390E+01   0.260026E+00
 0.129000E+01   0.106117E+01   0.134059E+02   0.114080E+01   0.260584E+00
 0.129300E+01   0.106716E+01   0.134108E+02   0.114771E+01   0.261141E+00
 0.129600E+01   0.107316E+01   0.134183E+02   0.115462E+01   0.261698E+00
 0.129900E+01   0.107915E+01   0.134220E+02   0.116155E+01   0.262254E+00
 0.130200E+01   0.108515E+01   0.134229E+02   0.116847E+01   0.262810E+00
 0.130500E+01   0.109114E+01   0.134360E+02   0.117541E+01   0.263366E+00
 0.130800E+01   0.109714E+01   0.134422E+02   0.118234E+01   0.263921E+00
 0.131100E+01   0.110313E+01   0.134415E+02   0.118929E+01   0.264476E+00
 0.131400E+01   0.110913E+01   0.134502E+02   0.119624E+01   0.265031E+00
 0.131700E+01   0.111512E+01   0.134527E+02   0.120319E+01   0.265585E+00
 0.132000E+01   0.112111E+01   0.134571E+02   0.121014E+01   0.266139E+00
 0.132300E+01   0.112710E+01   0.134629E+02   0.121710E+01   0.266692E+00
 0.132600E+01   0.113309E+01   0.134697E+02   0.122407E+01   0.267245E+00
 0.132900E+01   0.113908E+01   0.134731E+02   0.123103E+01   0.267797E+00
 0.133200E+01   0.114506E+01   0.134807E+02   0.123800E+01   0.268350E+00
 0.133500E+01   0.115104E+01   0.134867E+02   0.124498E+01   0.268901E+00
 0.133800E+01   0.115702E+01   0.134894E+02   0.125195E+01   0.269453E+00
 0.134100E+01   0.116300E+01   0.135023E+02   0.125893E+01   0.270004E+00
 0.134400E+01   0.116897E+01   0.135074E+02   0.126591E+01   0.270554E+00
 0.134700E+01   0.117494E+01   0.135137E+02   0.127289E+01   0.271105E+00
 0.135000E+01   0.118090E+01   0.135145E+02   0.127987E+01   0.271654E+00
 0.135300E+01   0.118686E+01   0.135238E+02   0.128685E+01   0.272204E+00
 0.135600E+01   0.119282E+01   0.135272E+02   0.129383E+01   0.272753E+00
 0.135900E+01   0.119877E+01   0.135357E+02   0.130081E+01   0.273301E+00
 0.136200E+01   0.120472E+01   0.135362E+02   0.130780E+01   0.273850E+00
 0.136500E+01   0.121066E+01   0.135439E+02   0.131478E+01   0.274397E+00
 0.136800E+01   0.121659E+01   0.135445E+02   0.132176E+01   0.274945E+00
 0.137100E+01   0.122253E+01   0.135575E+02   0.132874E+01   0.275492E+00
 0.137400E+01   0.122845E+01   0.135607E+02   0.133572E+01   0.276038E+00
 0.137700E+01   0.123437E+01   0.135641E+02   0.134270E+01   0.276585E+00
 0.138000E+01   0.124028E+01   0.135652E+02   0.134968E+01   0.277130E+00
 0.138300E+01   0.124619E+01   0.135761E+02   0.135665E+01   0.277676E+00
 0.138600E+01   0.125209E+01   0.135806E+02   0.136362E+01   0.278221E+00
 0.138900E+01   0.125798E+01   0.135896E+02   0.137059E+01   0.278765E+00
 0.139200E+01   0.126387E+01   0.135945E+02   0.137756E+01   0.279310E+00
 0.139500E+01   0.126975E+01   0.135968E+02   0.138452E+01   0.279853E+00
 0.139800E+01   0.127562E+01   0.135986E+02   0.139149E+01   0.280397E+00
 0.140100E+01   0.128148E+01   0.136016E+02   0.139844E+01   0.280940E+00
 0.140400E+01   0.128734E+01   0.136073E+02   0.140540E+01   0.281482E+00
 0.140700E+01   0.129319E+01   0.136168E+02   0.141235E+01   0.282024E+00
 0.141000E+01   0.129903E+01   0.136188E+02   0.141929E+01   0.282566E+00
 0.141300E+01   0.130486E+01   0.136209E+02   0.142623E+01   0.283108E+00
 0.141600E+01   0.131068E+01   0.136347E+02   0.143317E+01   0.283648E+00
 0.141900E+01   0.131649E+01   0.136369E+02   0.144010E+01   0.284189E+00
 0.142200E+01   0.132229E+01   0.136364E+02   0.144703E+01   0.284729E+00
 0.142500E+01   0.132809E+01   0.136403E+02   0.145395E+01   0.285269E+00
 0.142800E+01   0.133387E+01   0.136526E+02   0.146086E+01   0.285808E+00
 0.143100E+01   0.133965E+01   0.136507E+02   0.146777E+01   0.286347E+00
 0.143400E+01   0.134542E+01   0.136579E+02   0.147467E+01   0.286886E+00
 0.143700E+01   0.135117E+01   0.136666E+02   0.148157E+01   0.287424E+00
 0.144000E+01   0.135692E+01   0.136657E+02   0.148846E+01   0.287961E+00
 0.144300E+01   0.136265E+01   0.136776E+02   0.149534E+01   0.288499E+00
 0.144600E+01   0.136838E+01   0.136794E+02   0.150221E+01   0.289036E+00
 0.144900E+01   0.137409E+01   0.136819E+02   0.150908E+01   0.289572E+00
 0.145200E+01   0.137979E+01   0.136830E+02   0.151594E+01   0.290108E+00
 0.145500E+01   0.138548E+01   0.136961E+02   0.152279E+01   0.290644E+00
 0.145800E+01   0.139116E+01   0.136970E+02   0.152964E+01   0.291179E+00
 0.146100E+01   0.139683E+01   0.136970E+02   0.153647E+01   0.291714E+00
 0.146400E+01   0.140249E+01   0.137026E+02   0.154330E+01   0.292248E+00
 0.146700E+01   0.140814E+01   0.137088E+02   0.155012E+01   0.292782E+00
 0.147000E+01   0.141377E+01   0.137099E+02   0.155693E+01   0.293316E+00
 0.147300E+01   0.141939E+01   0.137188E+02   0.156373E+01   0.293849E+00
 0.147600E+01   0.142500E+01   0.137209E+02   0.157052E+01   0.294382E+00
 0.147900E+01   0.143060E+01   0.137231E+02   0.157730E+01   0.294914E+00
 0.148200E+01   0.143618E+01   0.137365E+02   0.158408E+01   0.295446E+00
 0.148500E+01   0.144176E+01   0.137334E+02   0.159084E+01   0.295978E+00
 0.148800E+01   0.144731E+01   0.137411E+02   0.159759E+01   0.296509E+00
 0.149100E+01   0.145286E+01   0.137396E+02   0.160433E+01   0.297040E+00
 0.149400E+01   0.145839E+01   0.137452E+02   0.161106E+01   0.297570E+00
 0.149700E+01   0.146391E+01   0.137535E+02   0.161779E+01   0.298100E+00
 0.150000E+01   0.146942E+01   0.137563E+02   0.162450E+01   0.298629E+00
 0.150300E+01   0.147492E+01   0.137634E+02   0.163119E+01   0.299158E+00
 0.150600E+01   0.148040E+01   0.137620E+02   0.163788E+01   0.299687E+00
 0.150900E+01   0.148586E+01   0.137710E+02   0.164456E+01   0.300215E+00
 0.151200E+01   0.149132E+01   0.137709E+02   0.165122E+01   0.300743E+00
 0.151500E+01   0.149675E+01   0.137814E+02   0.165788E+01   0.301271E+00
 0.151800E+01   0.150218E+01   0.137784E+02   0.166452E+01   0.301798E+00
 0.152100E+01   0.150759E+01   0.137874E+02   0.167115E+01   0.302324E+00
 0.152400E+01   0.151299E+01   0.137838E+02   0.167776E+01   0.302850E+00
 0.152700E+01   0.151837E+01   0.137923E+02   0.168437E+01   0.303376E+00
 0.153000E+01   0.152374E+01   0.137980E+02   0.169096E+01   0.303902E+00
 0.153300E+01   0.152909E+01   0.138011E+02   0.169754E+01   0.304427E+00
 0.153600E+01   0.153443E+01   0.137987E+02   0.170411E+01   0.304951E+00
 0.153900E+01   0.153975E+01   0.138093E+02   0.171066E+01   0.305475E+00
 0.154200E+01   0.154506E+01   0.138136E+02   0.171720E+01   0.305999E+00
 0.154500E+01   0.155036E+01   0.138191E+02   0.172373E+01   0.306522E+00
 0.154800E+01   0.155564E+01   0.138148E+02   0.173024E+01   0.307045E+00
 0.155100E+01   0.156090E+01   0.138229E+02   0.173674E+01   0.307568E+00
 0.155400E+01   0.156615E+01   0.138234E+02   0.174323E+01   0.308090E+00
 0.155700E+01   0.157138E+01   0.138339E+02   0.174970E+01   0.308612E+00
 0.156000E+01   0.157660E+01   0.138367E+02   0.175616E+01   0.309133E+00
 0.156300E+01   0.158180E+01   0.138363E+02   0.176260E+01   0.309654E+00
 0.156600E+01   0.158699E+01   0.138378E+02   0.176903E+01   0.310174E+00
 0.156900E+01   0.159216E+01   0.138414E+02   0.177545E+01   0.310694E+00
 0.157200E+01   0.159732E+01   0.138490E+02   0.178185E+01   0.311214E+00
 0.157500E+01   0.160246E+01   0.138480E+02   0.178824E+01   0.311733E+00
 0.157800E+01   0.160758E+01   0.138530E+02   0.179461E+01   0.312252E+00
 0.158100E+01   0.161269E+01   0.138552E+02   0.180097E+01   0.312770E+00
 0.158400E+01   0.161779E+01   0.138611E+02   0.180731E+01   0.313288E+00
 0.158700E+01   0.162286E+01   0.138582E+02   0.181364E+01   0.313806E+00
 0.159000E+01   0.162792E+01   0.138705E+02   0.181995E+01   0.314323E+00
 0.159300E+01   0.163297E+01   0.138650E+02   0.182625E+01   0.314840E+00
 0.159600E+01   0.163800E+01   0.138712E+02   0.183253E+01   0.315356E+00
 0.159900E+01   0.164301E+01   0.138727E+02   0.183880E+01   0.315872E+00
 0.160200E+01   0.164801E+01   0.138745E+02   0.184505E+01   0.316388E+00
 0.160500E+01   0.165299E+01   0.138835E+02   0.185128E+01   0.316903E+00
 0.160800E+01   0.165795E+01   0.138797E+02   0.185750E+01   0.317417E+00
 0.161100E+01   0.166290E+01   0.138917E+02   0.186370E+01   0.317932E+00
 0.161400E+01   0.166783E+01   0.138945E+02   0.186989E+01   0.318446E+00
 0.161700E+01   0.167274E+01   0.138907E+02   0.187606E+01   0.318959E+00
 0.162000E+01   0.167764E+01   0.138960E+02   0.188222E+01   0.319472E+00
 0.162300E+01   0.168252E+01   0.139004E+02   0.188836E+01   0.319985E+00
 0.162600E+01   0.168739E+01   0.139042E+02   0.189448E+01   0.320497E+00
 0.162900E+01   0.169224E+01   0.139077E+02   0.190058E+01   0.321009E+00
 0.163200E+01   0.169707E+01   0.139069E+02   0.190667E+01   0.321521E+00
 0.163500E+01   0.170188E+01   0.139065E+02   0.191275E+01   0.322032E+00
 0.163800E+01   0.170668E+01   0.139141E+02   0.191880E+01   0.322542E+00
 0.164100E+01   0.171146E+01   0.139136E+02   0.192484E+01   0.323053E+00
 0.164400E+01   0.171623E+01   0.139143E+02   0.193087E+01   0.323562E+00
 0.164700E+01   0.172097E+01   0.139208E+02   0.193687E+01   0.324072E+00
 0.165000E+01   0.172570E+01   0.139178E+02   0.194286E+01   0.324581E+00
 0.165300E+01   0.173042E+01   0.139254E+02   0.194884E+01   0.325090E+00
 0.165600E+01   0.173511E+01   0.139325E+02   0.195479E+01   0.325598E+00
 0.165900E+01   0.173979E+01   0.139294E+02   0.196073E+01   0.326106E+00
 0.166200E+01   0.174446E+01   0.139321E+02   0.196665E+01   0.326613E+00
 0.166500E+01   0.174910E+01   0.139376E+02   0.197255E+01   0.327120E+00
 0.166800E+01   0.175373E+01   0.139422E+02   0.197844E+01   0.327627E+00
 0.167100E+01   0.175835E+01   0.139405E+02   0.198431E+01   0.328133E+00
 0.167400E+01   0.176294E+01   0.139418E+02   0.199016E+01   0.328639E+00
 0.167700E+01   0.176752E+01   0.139477E+02   0.199600E+01   0.329144E+00
 0.168000E+01   0.177208E+01   0.139435E+02   0.200182E+01   0.329649E+00
 0.168300E+01   0.177663E+01   0.139491E+02   0.200762E+01   0.330154E+00
 0.168600E+01   0.178115E+01   0.139490E+02   0.201340E+01   0.330658E+00
 0.168900E+01   0.178566E+01   0.139564E+02   0.201916E+01   0.331162E+00
 0.169200E+01   0.179016E+01   0.139513E+02   0.202491E+01   0.331665E+00
 0.169500E+01   0.179463E+01   0.139542E+02   0.203064E+01   0.332168E+00
 0.169800E+01   0.179909E+01   0.139564E+02   0.203635E+01   0.332671E+00
 0.170100E+01   0.180354E+01   0.139617E+02   0.204205E+01   0.333173E+00
 0.170400E+01   0.180796E+01   0.139642E+02   0.204772E+01   0.333675E+00
 0.170700E+01   0.181237E+01   0.139637E+02   0.205338E+01   0.334176E+00
 0.171000E+01   0.181676E+01   0.139640E+02   0.205902E+01   0.334677E+00
 0.171300E+01   0.182114E+01   0.139666E+02   0.206464E+01   0.335178E+00
 0.171600E+01   0.182549E+01   0.139712E+02   0.207025E+01   0.335678E+00
 0.171900E+01   0.182983E+01   0.139767E+02   0.207584E+01   0.336178E+00
 0.172200E+01   0.183416E+01   0.139750E+02   0.208141E+01   0.336677E+00
 0.172500E+01   0.183846E+01   0.139793E+02   0.208696E+01   0.337176E+00
 0.172800E+01   0.184275E+01   0.139822E+02   0.209249E+01   0.337675E+00
 0.173100E+01   0.184703E+01   0.139797E+02   0.209801E+01   0.338173E+00
 0.173400E+01   0.185128E+01   0.139865E+02   0.210350E+01   0.338671E+00
 0.173700E+01   0.185552E+01   0.139844E+02   0.210898E+01   0.339168E+00
 0.174000E+01   0.185974E+01   0.139905E+02   0.211444E+01   0.339666E+00
 0.174300E+01   0.186395E+01   0.139934E+02   0.211989E+01   0.340162E+00
 0.174600E+01   0.186814E+01   0.139866E+02   0.212531E+01   0.340658E+00
 0.174900E+01   0.187231E+01   0.139881E+02   0.213072E+01   0.341154E+00
 0.175200E+01   0.187646E+01   0.139921E+02   0.213611E+01   0.341650E+00
 0.175500E+01   0.188060E+01   0.139977E+02   0.214148E+01   0.342145E+00
 0.175800E+01   0.188472E+01   0.140004E+02   0.214683E+01   0.342640E+00
 0.176100E+01   0.188883E+01   0.139953E+02   0.215217E+01   0.343134E+00
 0.176400E+01   0.189291E+01   0.140018E+02   0.215748E+01   0.343628E+00
 0.176700E+01   0.189699E+01   0.140000E+02   0.216278E+01   0.344121E+00
 0.177000E+01   0.190104E+01   0.140041E+02   0.216806E+01   0.344615E+00
 0.177300E+01   0.190508E+01   0.140083E+02   0.217332E+01   0.345107E+00
 0.177600E+01   0.190910E+01   0.140035E+02   0.217857E+01   0.345600E+00
 0.177900E+01   0.191310E+01   0.140044E+02   0.218379E+01   0.346092E+00
 0.178200E+01   0.191709E+01   0.140072E+02   0.218900E+01   0.346583E+00
 0.178500E+01   0.192106E+01   0.140079E+02   0.219419E+01   0.347074E+00
 0.178800E+01   0.192502E+01   0.140079E+02   0.219936E+01   0.347565E+00
 0.179100E+01   0.192895E+01   0.140127E+02   0.220452E+01   0.348056E+00
 0.179400E+01   0.193288E+01   0.140188E+02   0.220965E+01   0.348546E+00
 0.179700E+01   0.193678E+01   0.140194E+02   0.221477E+01   0.349035E+00
 0.180000E+01   0.194067E+01   0.140142E+02   0.221987E+01   0.349525E+00
 0.180300E+01   0.194454E+01   0.140204E+02   0.222495E+01   0.350014E+00
 0.180600E+01   0.194840E+01   0.140215E+02   0.223001E+01   0.350502E+00
 0.180900E+01   0.195224E+01   0.140158E+02   0.223506E+01   0.350990E+00
 0.181200E+01   0.195606E+01   0.140185E+02   0.224008E+01   0.351478E+00
 0.181500E+01   0.195987E+01   0.140174E+02   0.224509E+01   0.351965E+00
 0.181800E+01   0.196366E+01   0.140267E+02   0.225008E+01   0.352452E+00
 0.182100E+01   0.196744E+01   0.140286E+02   0.225506E+01   0.352939E+00
 0.182400E+01   0.197120E+01   0.140254E+02   0.226001E+01   0.353425E+00
 0.182700E+01   0.197494E+01   0.140286E+02   0.226495E+01   0.353911E+00
 0.183000E+01   0.197867E+01   0.140308E+02   0.226987E+01   0.354396E+00
 0.183300E+01   0.198238E+01   0.140337E+02   0.227477E+01   0.354881E+00
 0.183600E+01   0.198608E+01   0.140269E+02   0.227965E+01   0.355366E+00
 0.183900E+01   0.198976E+01   0.140314E+02   0.228452E+01   0.355850E+00
 0.184200E+01   0.199342E+01   0.140332E+02   0.228936E+01   0.356334E+00
 0.184500E+01   0.199707E+01   0.140375E+02   0.229419E+01   0.356818E+00
 0.184800E+01   0.200070E+01   0.140303E+02   0.229900E+01   0.357301E+00
 0.185100E+01   0.200432E+01   0.140344E+02   0.230380E+01   0.357784E+00
 0.185400E+01   0.200792E+01   0.140315E+02   0.230857E+01   0.358266E+00
 0.185700E+01   0.201150E+01   0.140330E+02   0.231333E+01   0.358748E+00
 0.186000E+01   0.201507E+01   0.140362E+02   0.231807E+01   0.359230E+00
 0.186300E+01   0.201862E+01   0.140388E+02   0.232280E+01   0.359711E+00
 0.186600E+01   0.202216E+01   0.140337E+02   0.232750E+01   0.360192E+00
 0.186900E+01   0.202568E+01   0.140374E+02   0.233219E+01   0.360673E+00
 0.187200E+01   0.202919E+01   0.140421E+02   0.233686E+01   0.361153E+00
 0.187500E+01   0.203268E+01   0.140456E+02   0.234151E+01   0.361633E+00
 0.187800E+01   0.203616E+01   0.140414E+02   0.234614E+01   0.362112E+00
 0.188100E+01   0.203962E+01   0.140401E+02   0.235076E+01   0.362591E+00
 0.188400E+01   0.204307E+01   0.140436E+02   0.235536E+01   0.363070E+00
 0.188700E+01   0.204650E+01   0.140484E+02   0.235994E+01   0.363548E+00
 0.189000E+01   0.204991E+01   0.140477E+02   0.236451E+01   0.364026E+00
 0.189300E+01   0.205331E+01   0.140435E+02   0.236906E+01   0.364504E+00
 0.189600E+01   0.205670E+01   0.140469E+02   0.237359E+01   0.364981E+00
 0.189900E+01   0.206007E+01   0.140455E+02   0.237810E+01   0.365458E+00
 0.190200E+01   0.206343E+01   0.140425E+02   0.238259E+01   0.365935E+00
 0.190500E+01   0.206677E+01   0.140519E+02   0.238707E+01   0.366411E+00
 0.190800E+01   0.207009E+01   0.140505E+02   0.239153E+01   0.366886E+00
 0.191100E+01   0.207340E+01   0.140469E+02   0.239598E+01   0.367362E+00
 0.191400E+01   0.207670E+01   0.140500E+02   0.240040E+01   0.367837E+00
 0.191700E+01   0.207998E+01   0.140522E+02   0.240481E+01   0.368311E+00
 0.192000E+01   0.208325E+01   0.140533E+02   0.240920E+01   0.368786E+00
 0.192300E+01   0.208650E+01   0.140461E+02   0.241358E+01   0.369260E+00
 0.192600E+01   0.208974E+01   0.140508E+02   0.241794E+01   0.369733E+00
 0.192900E+01   0.209296E+01   0.140495E+02   0.242228E+01   0.370206E+00
 0.193200E+01   0.209617E+01   0.140528E+02   0.242660E+01   0.370679E+00
 0.193500E+01   0.209936E+01   0.140514E+02   0.243091E+01   0.371152E+00
 0.193800E+01   0.210254E+01   0.140529E+02   0.243520E+01   0.371624E+00
 0.194100E+01   0.210571E+01   0.140561E+02   0.243947E+01   0.372096E+00
 0.194400E+01   0.210886E+01   0.140568E+02   0.244373E+01   0.372567E+00
 0.194700E+01   0.211200E+01   0.140491E+02   0.244797E+01   0.373038E+00
 0.195000E+01   0.211512E+01   0.140518E+02   0.245219E+01   0.373509E+00
 0.195300E+01   0.211823E+01   0.140534E+02   0.245640E+01   0.373979E+00
 0.195600E+01   0.212132E+01   0.140492E+02   0.246059E+01   0.374449E+00
 0.195900E+01   0.212440E+01   0.140584E+02   0.246476E+01   0.374919E+00
 0.196200E+01   0.212747E+01   0.140582E+02   0.246892E+01   0.375388E+00
 0.196500E+01   0.213052E+01   0.140575E+02   0.247306E+01   0.375857E+00
 0.196800E+01   0.213356E+01   0.140540E+02   0.247719E+01   0.376325E+00
 0.197100E+01   0.213659E+01   0.140536E+02   0.248129E+01   0.376794E+00
 0.197400E+01   0.213960E+01   0.140581E+02   0.248538E+01   0.377261E+00
 0.197700E+01   0.214259E+01   0.140537E+02   0.248946E+01   0.377729E+00
 0.198000E+01   0.214558E+01   0.140563E+02   0.249352E+01   0.378196E+00
 0.198300E+01   0.214855E+01   0.140512E+02   0.249756E+01   0.378663E+00
 0.198600E+01   0.215151E+01   0.140553E+02   0.250159E+01   0.379129E+00
 0.198900E+01   0.215445E+01   0.140563E+02   0.250560E+01   0.379595E+00
 0.199200E+01   0.215738E+01   0.140564E+02   0.250959E+01   0.380061E+00
 0.199500E+01   0.216030E+01   0.140528E+02   0.251357E+01   0.380526E+00
 0.199800E+01   0.216320E+01   0.140508E+02   0.251753E+01   0.380991E+00
 0.200100E+01   0.216609E+01   0.140585E+02   0.252148E+01   0.381456E+00
 0.200400E+01   0.216896E+01   0.140518E+02   0.252541E+01   0.381920E+00
 0.200700E+01   0.217183E+01   0.140530E+02   0.252932E+01   0.382384E+00
 0.201000E+01   0.217468E+01   0.140577E+02   0.253322E+01   0.382848E+00
 0.201300E+01   0.217751E+01   0.140590E+02   0.253710E+01   0.383311E+00
 0.201600E+01   0.218034E+01   0.140558E+02   0.254097E+01   0.383774E+00
 0.201900E+01   0.218315E+01   0.140513E+02   0.254482E+01   0.384237E+00
 0.202200E+01   0.218595E+01   0.140551E+02   0.254866E+01   0.384699E+00
 0.202500E+01   0.218873E+01   0.140603E+02   0.255248E+01   0.385161E+00
 0.202800E+01   0.219151E+01   0.140509E+02   0.255628E+01   0.385622E+00
 0.203100E+01   0.219427E+01   0.140587E+02   0.256007E+01   0.386083E+00
 0.203400E+01   0.219701E+01   0.140508E+02   0.256384E+01   0.386544E+00
 0.203700E+01   0.219975E+01   0.140512E+02   0.256760E+01   0.387005E+00
 0.204000E+01   0.220247E+01   0.140590E+02   0.257135E+01   0.387465E+00
 0.204300E+01   0.220518E+01   0.140573E+02   0.257507E+01   0.387925E+00
 0.204600E+01   0.220787E+01   0.140556E+02   0.257879E+01   0.388384E+00
 0.204900E+01   0.221056E+01   0.140578E+02   0.258248E+01   0.388843E+00
 0.205200E+01   0.221323E+01   0.140553E+02   0.258617E+01   0.389302E+00
 0.205500E+01   0.221589E+01   0.140510E+02   0.258983E+01   0.389761E+00
 0.205800E+01   0.221854E+01   0.140568E+02   0.259348E+01   0.390219E+00
 0.206100E+01   0.222117E+01   0.140531E+02   0.259712E+01   0.390676E+00
 0.206400E+01   0.222379E+01   0.140565E+02   0.260074E+01   0.391134E+00
 0.206700E+01   0.222640E+01   0.140500E+02   0.260435E+01   0.391591E+00
 0.207000E+01   0.222900E+01   0.140537E+02   0.260794E+01   0.392048E+00
 0.207300E+01   0.223159E+01   0.140505E+02   0.261152E+01   0.392504E+00
 0.207600E+01   0.223416E+01   0.140504E+02   0.261508E+01   0.392960E+00
 0.207900E+01   0.223672E+01   0.140548E+02   0.261863E+01   0.393416E+00
 0.208200E+01   0.223928E+01   0.140499E+02   0.262216E+01   0.393872E+00
 0.208500E+01   0.224181E+01   0.140497E+02   0.262568E+01   0.394327E+00
 0.208800E+01   0.224434E+01   0.140509E+02   0.262919E+01   0.394781E+00
 0.209100E+01   0.224686E+01   0.140482E+02   0.263268E+01   0.395236E+00
 0.209400E+01   0.224936E+01   0.140496E+02   0.263615E+01   0.395690E+00
 0.209700E+01   0.225185E+01   0.140473E+02   0.263961E+01   0.396144E+00
 0.210000E+01   0.225433E+01   0.140508E+02   0.264306E+01   0.396597E+00
 0.210300E+01   0.225680E+01   0.140500E+02   0.264649E+01   0.397050E+00
 0.210600E+01   0.225926E+01   0.140504E+02   0.264991E+01   0.397503E+00
 0.210900E+01   0.226170E+01   0.140508E+02   0.265331E+01   0.397955E+00
 0.211200E+01   0.226414E+01   0.140508E+02   0.265670E+01   0.398408E+00
 0.211500E+01   0.226656E+01   0.140476E+02   0.266008E+01   0.398859E+00
 0.211800E+01   0.226897E+01   0.140479E+02   0.266344E+01   0.399311E+00
 0.212100E+01   0.227137E+01   0.140418E+02   0.266679E+01   0.399762E+00
 0.212400E+01   0.227376E+01   0.140457E+02   0.267012E+01   0.400213E+00
 0.212700E+01   0.227614E+01   0.140498E+02   0.267344E+01   0.400663E+00
 0.213000E+01   0.227851E+01   0.140464E+02   0.267675E+01   0.401113E+00
 0.213300E+01   0.228086E+01   0.140417E+02   0.268004E+01   0.401563E+00
 0.213600E+01   0.228321E+01   0.140481E+02   0.268332E+01   0.402013E+00
 0.213900E+01   0.228554E+01   0.140480E+02   0.268658E+01   0.402462E+00
 0.214200E+01   0.228786E+01   0.140440E+02   0.268983E+01   0.402911E+00
 0.214500E+01   0.229018E+01   0.140424E+02   0.269307E+01   0.403359E+00
 0.214800E+01   0.229248E+01   0.140424E+02   0.269629E+01   0.403807E+00
 0.215100E+01   0.229477E+01   0.140452E+02   0.269950E+01   0.404255E+00
 0.215400E+01   0.229705E+01   0.140377E+02   0.270270E+01   0.404703E+00
 0.215700E+01   0.229932E+01   0.140363E+02   0.270588E+01   0.405150E+00
 0.216000E+01   0.230158E+01   0.140358E+02   0.270905E+01   0.405597E+00
 0.216300E+01   0.230382E+01   0.140384E+02   0.271221E+01   0.406044E+00
 0.216600E+01   0.230606E+01   0.140414E+02   0.271535E+01   0.406490E+00
 0.216900E+01   0.230829E+01   0.140422E+02   0.271848E+01   0.406936E+00
 0.217200E+01   0.231051E+01   0.140381E+02   0.272160E+01   0.407382E+00
 0.217500E+01   0.231271E+01   0.140409E+02   0.272470E+01   0.407827E+00
 0.217800E+01   0.231491E+01   0.140394E+02   0.272780E+01   0.408272E+00
 0.218100E+01   0.231709E+01   0.140317E+02   0.273087E+01   0.408717E+00
 0.218400E+01   0.231927E+01   0.140380E+02   0.273394E+01   0.409161E+00
 0.218700E+01   0.232143E+01   0.140313E+02   0.273699E+01   0.409605E+00
 0.219000E+01   0.232359E+01   0.140294E+02   0.274003E+01   0.410049E+00
 0.219300E+01   0.232573E+01   0.140357E+02   0.274306E+01   0.410492E+00
 0.219600E+01   0.232787E+01   0.140365E+02   0.274607E+01   0.410935E+00
 0.219900E+01   0.233000E+01   0.140305E+02   0.274907E+01   0.411378E+00
 0.220200E+01   0.233211E+01   0.140298E+02   0.275206E+01   0.411821E+00
 0.220500E+01   0.233422E+01   0.140304E+02   0.275503E+01   0.412263E+00
 0.220800E+01   0.233631E+01   0.140302E+02   0.275800E+01   0.412705E+00
 0.221100E+01   0.233840E+01   0.140237E+02   0.276095E+01   0.413146E+00
 0.221400E+01   0.234047E+01   0.140246E+02   0.276388E+01   0.413587E+00
 0.221700E+01   0.234254E+01   0.140227E+02   0.276681E+01   0.414028E+00
 0.222000E+01   0.234459E+01   0.140237E+02   0.276972E+01   0.414469E+00
 0.222300E+01   0.234664E+01   0.140278E+02   0.277262E+01   0.414909E+00
 0.222600E+01   0.234868E+01   0.140214E+02   0.277551E+01   0.415349E+00
 0.222900E+01   0.235071E+01   0.140197E+02   0.277839E+01   0.415789E+00
 0.223200E+01   0.235272E+01   0.140202E+02   0.278125E+01   0.416228E+00
 0.223500E+01   0.235473E+01   0.140232E+02   0.278410E+01   0.416667E+00
 0.223800E+01   0.235673E+01   0.140206E+02   0.278694E+01   0.417106E+00
 0.224100E+01   0.235872E+01   0.140212E+02   0.278977E+01   0.417545E+00
 0.224400E+01   0.236070E+01   0.140223E+02   0.279259E+01   0.417983E+00
 0.224700E+01   0.236267E+01   0.140224E+02   0.279539E+01   0.418421E+00
 0.225000E+01   0.236464E+01   0.140161E+02   0.279818E+01   0.418858E+00
 0.225300E+01   0.236659E+01   0.140136E+02   0.280096E+01   0.419296E+00
 0.225600E+01   0.236853E+01   0.140139E+02   0.280373E+01   0.419733E+00
 0.225900E+01   0.237047E+01   0.140176E+02   0.280649E+01   0.420169E+00
 0.226200E+01   0.237239E+01   0.140179E+02   0.280923E+01   0.420605E+00
 0.226500E+01   0.237431E+01   0.140142E+02   0.281196E+01   0.421042E+00
 0.226800E+01   0.237622E+01   0.140126E+02   0.281469E+01   0.421477E+00
 0.227100E+01   0.237812E+01   0.140129E+02   0.281740E+01   0.421913E+00
 0.227400E+01   0.238001E+01   0.140116E+02   0.282009E+01   0.422348E+00
 0.227700E+01   0.238189E+01   0.140125E+02   0.282278E+01   0.422783E+00
 0.228000E+01   0.238376E+01   0.140111E+02   0.282546E+01   0.423217E+00
 0.228300E+01   0.238562E+01   0.140111E+02   0.282812E+01   0.423651E+00
 0.228600E+01   0.238748E+01   0.140095E+02   0.283077E+01   0.424085E+00
 0.228900E+01   0.238932E+01   0.140050E+02   0.283341E+01   0.424519E+00
 0.229200E+01   0.239116E+01   0.140089E+02   0.283604E+01   0.424952E+00
 0.229500E+01   0.239299E+01   0.140089E+02   0.283866E+01   0.425385E+00
 0.229800E+01   0.239481E+01   0.139985E+02   0.284127E+01   0.425818E+00
 0.230100E+01   0.239662E+01   0.139991E+02   0.284387E+01   0.426251E+00
 0.230400E+01   0.239842E+01   0.140021E+02   0.284645E+01   0.426683E+00
 0.230700E+01   0.240022E+01   0.140000E+02   0.284903E+01   0.427115E+00
 0.231000E+01   0.240200E+01   0.139999E+02   0.285159E+01   0.427546E+00
 0.231300E+01   0.240378E+01   0.139963E+02   0.285414E+01   0.427978E+00
 0.231600E+01   0.240555E+01   0.139961E+02   0.285668E+01   0.428409E+00
 0.231900E+01   0.240731E+01   0.139977E+02   0.285921E+01   0.428839E+00
 0.232200E+01   0.240906E+01   0.140006E+02   0.286173E+01   0.429270E+00
 0.232500E+01   0.241081E+01   0.139962E+02   0.286424E+01   0.429700E+00
 0.232800E+01   0.241254E+01   0.139896E+02   0.286674E+01   0.430130E+00
 0.233100E+01   0.241427E+01   0.139921E+02   0.286923E+01   0.430559E+00
 0.233400E+01   0.241599E+01   0.139938E+02   0.287171E+01   0.430988E+00
 0.233700E+01   0.241771E+01   0.139922E+02   0.287417E+01   0.431417E+00
 0.234000E+01   0.241941E+01   0.139918E+02   0.287663E+01   0.431846E+00
 0.234300E+01   0.242111E+01   0.139917E+02   0.287907E+01   0.432274E+00
 0.234600E+01   0.242279E+01   0.139843E+02   0.288151E+01   0.432702E+00
 0.234900E+01   0.242447E+01   0.139833E+02   0.288393E+01   0.433130E+00
 0.235200E+01   0.242615E+01   0.139893E+02   0.288635E+01   0.433558E+00
 0.235500E+01   0.242781E+01   0.139885E+02   0.288875E+01   0.433985E+00
 0.235800E+01   0.242947E+01   0.139808E+02   0.289114E+01   0.434412E+00
 0.236100E+01   0.243112E+01   0.139813E+02   0.289353E+01   0.434839E+00
 0.236400E+01   0.243276E+01   0.139820E+02   0.289590E+01   0.435265E+00
 0.236700E+01   0.243439E+01   0.139785E+02   0.289826E+01   0.435691E+00
 0.237000E+01   0.243602E+01   0.139805E+02   0.290061E+01   0.436117E+00
 0.237300E+01   0.243764E+01   0.139758E+02   0.290296E+01   0.436542E+00
 0.237600E+01   0.243925E+01   0.139799E+02   0.290529E+01   0.436968E+00
 0.237900E+01   0.244085E+01   0.139805E+02   0.290761E+01   0.437393E+00
 0.238200E+01   0.244245E+01   0.139705E+02   0.290992E+01   0.437817E+00
 0.238500E+01   0.244404E+01   0.139745E+02   0.291223E+01   0.438242E+00
 0.238800E+01   0.244562E+01   0.139749E+02   0.291452E+01   0.438666E+00
 0.239100E+01   0.244719E+01   0.139738E+02   0.291680E+01   0.439089E+00
 0.239400E+01   0.244876E+01   0.139675E+02   0.291908E+01   0.439513E+00
 0.239700E+01   0.245031E+01   0.139642E+02   0.292134E+01   0.439936E+00
 0.240000E+01   0.245187E+01   0.139663E+02   0.292359E+01   0.440359E+00
 0.240300E+01   0.245341E+01   0.139622E+02   0.292584E+01   0.440782E+00
 0.240600E+01   0.245495E+01   0.139661E+02   0.292807E+01   0.441204E+00
 0.240900E+01   0.245648E+01   0.139632E+02   0.293029E+01   0.441627E+00
 0.241200E+01   0.245800E+01   0.139621E+02   0.293251E+01   0.442048E+00
 0.241500E+01   0.245952E+01   0.139671E+02   0.293472E+01   0.442470E+00
 0.241800E+01   0.246102E+01   0.139567E+02   0.293691E+01   0.442891E+00
 0.242100E+01   0.246253E+01   0.139562E+02   0.293910E+01   0.443312E+00
 0.242400E+01   0.246402E+01   0.139560E+02   0.294128E+01   0.443733E+00
 0.242700E+01   0.246551E+01   0.139534E+02   0.294344E+01   0.444154E+00
 0.243000E+01   0.246699E+01   0.139531E+02   0.294560E+01   0.444574E+00
 0.243300E+01   0.246846E+01   0.139578E+02   0.294775E+01   0.444994E+00
 0.243600E+01   0.246993E+01   0.139492E+02   0.294989E+01   0.445413E+00
 0.243900E+01   0.247139E+01   0.139507E+02   0.295202E+01   0.445833E+00
 0.244200E+01   0.247284E+01   0.139522E+02   0.295414E+01   0.446252E+00
 0.244500E+01   0.247429E+01   0.139498E+02   0.295626E+01   0.446671E+00
 0.244800E+01   0.247573E+01   0.139508E+02   0.295836E+01   0.447089E+00
 0.245100E+01   0.247716E+01   0.139485E+02   0.296045E+01   0.447508E+00
 0.245400E+01   0.247859E+01   0.139449E+02   0.296254E+01   0.447926E+00
 0.245700E+01   0.248001E+01   0.139429E+02   0.296462E+01   0.448343E+00
 0.246000E+01   0.248142E+01   0.139422E+02   0.296668E+01   0.448761E+00
 0.246300E+01   0.248282E+01   0.139438E+02   0.296874E+01   0.449178E+00
 0.246600E+01   0.248422E+01   0.139386E+02   0.297079E+01   0.449595E+00
 0.246900E+01   0.248562E+01   0.139454E+02   0.297283E+01   0.450012E+00
 0.247200E+01   0.248700E+01   0.139427E+02   0.297486E+01   0.450428E+00
 0.247500E+01   0.248838E+01   0.139365E+02   0.297689E+01   0.450844E+00
 0.247800E+01   0.248976E+01   0.139344E+02   0.297890E+01   0.451260E+00
 0.248100E+01   0.249113E+01   0.139386E+02   0.298091E+01   0.451676E+00
 0.248400E+01   0.249249E+01   0.139339E+02   0.298290E+01   0.452091E+00
 0.248700E+01   0.249384E+01   0.139323E+02   0.298489E+01   0.452506E+00
 0.249000E+01   0.249519E+01   0.139324E+02   0.298687E+01   0.452921E+00
 0.249300E+01   0.249653E+01   0.139328E+02   0.298884E+01   0.453336E+00
 0.249600E+01   0.249787E+01   0.139299E+02   0.299081E+01   0.453750E+00
 0.249900E+01   0.249920E+01   0.139250E+02   0.299276E+01   0.454164E+00
 0.250200E+01   0.250052E+01   0.139255E+02   0.299471E+01   0.454578E+00
 0.250500E+01   0.250184E+01   0.139303E+02   0.299665E+01   0.454991E+00
 0.250800E+01   0.250315E+01   0.139197E+02   0.299858E+01   0.455405E+00
 0.251100E+01   0.250445E+01   0.139196E+02   0.300050E+01   0.455817E+00
 0.251400E+01   0.250575E+01   0.139248E+02   0.300241E+01   0.456230E+00
 0.251700E+01   0.250704E+01   0.139169E+02   0.300431E+01   0.456643E+00
 0.252000E+01   0.250833E+01   0.139171E+02   0.300621E+01   0.457055E+00
 0.252300E+01   0.250961E+01   0.139173E+02   0.300810E+01   0.457467E+00
 0.252600E+01   0.251089E+01   0.139144E+02   0.300998E+01   0.457878E+00
 0.252900E+01   0.251216E+01   0.139139E+02   0.301185E+01   0.458290E+00
 0.253200E+01   0.251342E+01   0.139156E+02   0.301371E+01   0.458701E+00
 0.253500E+01   0.251468E+01   0.139105E+02   0.301557E+01   0.459112E+00
 0.253800E+01   0.251593E+01   0.139096E+02   0.301742E+01   0.459523E+00
 0.254100E+01   0.251717E+01   0.139078E+02   0.301926E+01   0.459933E+00
 0.254400E+01   0.251841E+01   0.139080E+02   0.302109E+01   0.460343E+00
 0.254700E+01   0.251965E+01   0.139087E+02   0.302291E+01   0.460753E+00
 0.255000E+01   0.252087E+01   0.139062E+02   0.302473E+01   0.461162E+00
 0.255300E+01   0.252210E+01   0.139069E+02   0.302654E+01   0.461572E+00
 0.255600E+01   0.252331E+01   0.138992E+02   0.302834E+01   0.461981E+00
 0.255900E+01   0.252452E+01   0.139071E+02   0.303013E+01   0.462390E+00
 0.256200E+01   0.252573E+01   0.139015E+02   0.303191E+01   0.462798E+00
 0.256500E+01   0.252693E+01   0.139040E+02   0.303369E+01   0.463207E+00
 0.256800E+01   0.252812E+01   0.138986E+02   0.303546E+01   0.463615E+00
 0.257100E+01   0.252931E+01   0.138961E+02   0.303722E+01   0.464023E+00
 0.257400E+01   0.253049E+01   0.138951E+02   0.303898E+01   0.464430E+00
 0.257700E+01   0.253167E+01   0.138920E+02   0.304072E+01   0.464837E+00
 0.258000E+01   0.253284E+01   0.138914E+02   0.304246E+01   0.465244E+00
 0.258300E+01   0.253401E+01   0.138923E+02   0.304419E+01   0.465651E+00
 0.258600E+01   0.253517E+01   0.138938E+02   0.304592E+01   0.466058E+00
 0.258900E+01   0.253633E+01   0.138919E+02   0.304763E+01   0.466464E+00
 0.259200E+01   0.253748E+01   0.138842E+02   0.304934E+01   0.466870E+00
 0.259500E+01   0.253862E+01   0.138884E+02   0.305104E+01   0.467276E+00
 0.259800E+01   0.253976E+01   0.138846E+02   0.305274E+01   0.467682E+00
 0.260100E+01   0.254090E+01   0.138866E+02   0.305442E+01   0.468087E+00
 0.260400E+01   0.254203E+01   0.138836E+02   0.305610E+01   0.468492E+00
 0.260700E+01   0.254315E+01   0.138824E+02   0.305778E+01   0.468897E+00
 0.261000E+01   0.254427E+01   0.138816E+02   0.305944E+01   0.469301E+00
 0.261300E+01   0.254538E+01   0.138810E+02   0.306110E+01   0.469706E+00
 0.261600E+01   0.254649E+01   0.138808E+02   0.306275E+01   0.470110E+00
 0.261900E+01   0.254759E+01   0.138801E+02   0.306439E+01   0.470513E+00
 0.262200E+01   0.254869E+01   0.138754E+02   0.306603E+01   0.470917E+00
 0.262500E+01   0.254979E+01   0.138695E+02   0.306766E+01   0.471320E+00
 0.262800E+01   0.255087E+01   0.138689E+02   0.306928E+01   0.471723E+00
 0.263100E+01   0.255196E+01   0.138741E+02   0.307090E+01   0.472126E+00
 0.263400E+01   0.255303E+01   0.138703E+02   0.307250E+01   0.472529E+00
 0.263700E+01   0.255411E+01   0.138644E+02   0.307411E+01   0.472931E+00
 0.264000E+01   0.255517E+01   0.138617E+02   0.307570E+01   0.473333E+00
 0.264300E+01   0.255624E+01   0.138676E+02   0.307729E+01   0.473735E+00
 0.264600E+01   0.255730E+01   0.138604E+02   0.307887E+01   0.474137E+00
 0.264900E+01   0.255835E+01   0.138571E+02   0.308044E+01   0.474538E+00
 0.265200E+01   0.255940E+01   0.138622E+02   0.308201E+01   0.474939E+00
 0.265500E+01   0.256044E+01   0.138570E+02   0.308357E+01   0.475340E+00
 0.265800E+01   0.256148E+01   0.138556E+02   0.308512E+01   0.475741E+00
 0.266100E+01   0.256251E+01   0.138591E+02   0.308667E+01   0.476141E+00
 0.266400E+01   0.256354E+01   0.138497E+02   0.308821E+01   0.476541E+00
 0.266700E+01   0.256456E+01   0.138487E+02   0.308974E+01   0.476941E+00
 0.267000E+01   0.256558E+01   0.138475E+02   0.309127E+01   0.477341E+00
 0.267300E+01   0.256660E+01   0.138486E+02   0.309279E+01   0.477741E+00
 0.267600E+01   0.256761E+01   0.138470E+02   0.309430E+01   0.478140E+00
 0.267900E+01   0.256861E+01   0.138510E+02   0.309581E+01   0.478539E+00
 0.268200E+01   0.256961E+01   0.138454E+02   0.309731E+01   0.478937E+00
 0.268500E+01   0.257061E+01   0.138442E+02   0.309880E+01   0.479336E+00
 0.268800E+01   0.257160E+01   0.138385E+02   0.310029E+01   0.479734E+00
 0.269100E+01   0.257259E+01   0.138430E+02   0.310177E+01   0.480132E+00
 0.269400E+01   0.257357E+01   0.138446E+02   0.310324E+01   0.480530E+00
 0.269700E+01   0.257455E+01   0.138420E+02   0.310471E+01   0.480927E+00
 0.270000E+01   0.257552E+01   0.138381E+02   0.310617E+01   0.481325E+00
 0.270300E+01   0.257649E+01   0.138321E+02   0.310763E+01   0.481722E+00
 0.270600E+01   0.257745E+01   0.138319E+02   0.310907E+01   0.482119E+00
 0.270900E+01   0.257841E+01   0.138364E+02   0.311052E+01   0.482515E+00
 0.271200E+01   0.257937E+01   0.138328E+02   0.311195E+01   0.482912E+00
 0.271500E+01   0.258032E+01   0.138285E+02   0.311338E+01   0.483308E+00
 0.271800E+01   0.258126E+01   0.138336E+02   0.311481E+01   0.483704E+00
 0.272100E+01   0.258221E+01   0.138274E+02   0.311622E+01   0.484099E+00
 0.272400E+01   0.258314E+01   0.138292E+02   0.311763E+01   0.484495E+00
 0.272700E+01   0.258408E+01   0.138274E+02   0.311904E+01   0.484890E+00
 0.273000E+01   0.258500E+01   0.138198E+02   0.312044E+01   0.485285E+00
 0.273300E+01   0.258593E+01   0.138261E+02   0.312183E+01   0.485680E+00
 0.273600E+01   0.258685E+01   0.138180E+02   0.312322E+01   0.486074E+00
 0.273900E+01   0.258776E+01   0.138174E+02   0.312460E+01   0.486468E+00
 0.274200E+01   0.258868E+01   0.138217E+02   0.312597E+01   0.486863E+00
 0.274500E+01   0.258958E+01   0.138163E+02   0.312734E+01   0.487257E+00
 0.274800E+01   0.259049E+01   0.138154E+02   0.312870E+01   0.487650E+00
 0.275100E+01   0.259139E+01   0.138141E+02   0.313006E+01   0.488044E+00
 0.275400E+01   0.259228E+01   0.138073E+02   0.313141E+01   0.488437E+00
 0.275700E+01   0.259317E+01   0.138120E+02   0.313276E+01   0.488830E+00
 0.276000E+01   0.259406E+01   0.138072E+02   0.313410E+01   0.489222E+00
 0.276300E+01   0.259494E+01   0.138041E+02   0.313543E+01   0.489615E+00
 0.276600E+01   0.259582E+01   0.138067E+02   0.313676E+01   0.490007E+00
 0.276900E+01   0.259669E+01   0.138032E+02   0.313808E+01   0.490399E+00
 0.277200E+01   0.259756E+01   0.138015E+02   0.313939E+01   0.490790E+00
 0.277500E+01   0.259843E+01   0.138051E+02   0.314071E+01   0.491182E+00
 0.277800E+01   0.259929E+01   0.138020E+02   0.314201E+01   0.491573E+00
 0.278100E+01   0.260015E+01   0.137938E+02   0.314331E+01   0.491963E+00
 0.278400E+01   0.260100E+01   0.137982E+02   0.314460E+01   0.492354E+00
 0.278700E+01   0.260185E+01   0.137914E+02   0.314589E+01   0.492744E+00
 0.279000E+01   0.260270E+01   0.137966E+02   0.314717E+01   0.493135E+00
 0.279300E+01   0.260354E+01   0.137917E+02   0.314845E+01   0.493525E+00
 0.279600E+01   0.260438E+01   0.137868E+02   0.314972E+01   0.493914E+00
 0.279900E+01   0.260522E+01   0.137916E+02   0.315099E+01   0.494304E+00
 0.280200E+01   0.260605E+01   0.137930E+02   0.315224E+01   0.494694E+00
 0.280500E+01   0.260687E+01   0.137908E+02   0.315350E+01   0.495083E+00
 0.280800E+01   0.260770E+01   0.137840E+02   0.315475E+01   0.495473E+00
 0.281100E+01   0.260851E+01   0.137805E+02   0.315599E+01   0.495862E+00
