 0.745400E-10   0.000000E+00   0.000000E+00   0.000000E+00   0.158100E-10
 0.300000E-02   0.600395E+00   0.213425E+03   0.605505E+00   0.635333E-03
 0.600000E-02   0.550480E+00   0.184085E+03   0.555057E+00   0.127061E-02
 0.900000E-02   0.531338E+00   0.180947E+03   0.535762E+00   0.190290E-02
 0.120000E-01   0.519695E+00   0.180618E+03   0.524027E+00   0.253272E-02
 0.150000E-01   0.514039E+00   0.181996E+03   0.518327E+00   0.316061E-02
 0.180000E-01   0.508458E+00   0.182531E+03   0.512694E+00   0.378709E-02
 0.210000E-01   0.504522E+00   0.183437E+03   0.508718E+00   0.441267E-02
 0.240000E-01   0.499617E+00   0.183556E+03   0.503759E+00   0.503790E-02
 0.270000E-01   0.495849E+00   0.184045E+03   0.499949E+00   0.566328E-02
 0.300000E-01   0.490637E+00   0.183576E+03   0.494679E+00   0.628935E-02
 0.330000E-01   0.483513E+00   0.181941E+03   0.487475E+00   0.691629E-02
 0.360000E-01   0.479737E+00   0.181780E+03   0.483656E+00   0.754396E-02
 0.390000E-01   0.474937E+00   0.180968E+03   0.478802E+00   0.817220E-02
 0.420000E-01   0.469584E+00   0.179781E+03   0.473389E+00   0.880085E-02
 0.450000E-01   0.468652E+00   0.180611E+03   0.472447E+00   0.942974E-02
 0.480000E-01   0.467824E+00   0.181417E+03   0.471609E+00   0.100587E-01
 0.510000E-01   0.467320E+00   0.182326E+03   0.471101E+00   0.106876E-01
 0.540000E-01   0.466430E+00   0.183017E+03   0.470200E+00   0.113162E-01
 0.570000E-01   0.460573E+00   0.181327E+03   0.464278E+00   0.119445E-01
 0.600000E-01   0.459335E+00   0.181825E+03   0.463026E+00   0.125726E-01
 0.630000E-01   0.455356E+00   0.181037E+03   0.459003E+00   0.132005E-01
 0.660000E-01   0.472279E+00   0.190300E+03   0.476113E+00   0.138281E-01
 0.690000E-01   0.476674E+00   0.193676E+03   0.480554E+00   0.144557E-01
 0.720000E-01   0.480410E+00   0.196819E+03   0.484328E+00   0.150831E-01
 0.750000E-01   0.481679E+00   0.198734E+03   0.485610E+00   0.157106E-01
 0.780000E-01   0.481574E+00   0.199959E+03   0.485503E+00   0.163380E-01
 0.810000E-01   0.481215E+00   0.201090E+03   0.485140E+00   0.169654E-01
 0.840000E-01   0.482302E+00   0.203071E+03   0.486237E+00   0.175929E-01
 0.870000E-01   0.479477E+00   0.202945E+03   0.483383E+00   0.182203E-01
 0.900000E-01   0.478034E+00   0.203640E+03   0.481924E+00   0.188477E-01
 0.930000E-01   0.475582E+00   0.203842E+03   0.479447E+00   0.194751E-01
 0.960000E-01   0.475765E+00   0.205564E+03   0.479631E+00   0.201024E-01
 0.990000E-01   0.474699E+00   0.206674E+03   0.478554E+00   0.207297E-01
 0.102000E+00   0.470463E+00   0.206108E+03   0.474274E+00   0.213569E-01
 0.105000E+00   0.469470E+00   0.207419E+03   0.473272E+00   0.219841E-01
 0.108000E+00   0.465354E+00   0.207098E+03   0.469113E+00   0.226112E-01
 0.111000E+00   0.462833E+00   0.207750E+03   0.466567E+00   0.232382E-01
 0.114000E+00   0.461175E+00   0.208975E+03   0.464893E+00   0.238651E-01
 0.117000E+00   0.456734E+00   0.208776E+03   0.460407E+00   0.244920E-01
 0.120000E+00   0.453647E+00   0.209428E+03   0.457290E+00   0.251188E-01
 0.123000E+00   0.448425E+00   0.209029E+03   0.452015E+00   0.257456E-01
 0.126000E+00   0.444449E+00   0.209425E+03   0.448001E+00   0.263723E-01
 0.129000E+00   0.438245E+00   0.208738E+03   0.441735E+00   0.269990E-01
 0.132000E+00   0.436060E+00   0.210333E+03   0.439531E+00   0.276256E-01
 0.135000E+00   0.430502E+00   0.210233E+03   0.433918E+00   0.282521E-01
 0.138000E+00   0.428283E+00   0.212059E+03   0.431680E+00   0.288786E-01
 0.141000E+00   0.424635E+00   0.213243E+03   0.427997E+00   0.295050E-01
 0.144000E+00   0.420342E+00   0.214208E+03   0.423664E+00   0.301314E-01
 0.147000E+00   0.412562E+00   0.213399E+03   0.415810E+00   0.307577E-01
 0.150000E+00   0.408117E+00   0.214541E+03   0.411324E+00   0.313839E-01
 0.153000E+00   0.400492E+00   0.214077E+03   0.403627E+00   0.320101E-01
 0.156000E+00   0.390281E+00   0.212336E+03   0.393319E+00   0.326362E-01
 0.159000E+00   0.400210E+00   0.221880E+03   0.403348E+00   0.332623E-01
 0.162000E+00   0.393780E+00   0.222500E+03   0.396859E+00   0.338882E-01
 0.165000E+00   0.402745E+00   0.232212E+03   0.405913E+00   0.345141E-01
 0.168000E+00   0.405131E+00   0.238441E+03   0.408324E+00   0.351400E-01
 0.171000E+00   0.401866E+00   0.241520E+03   0.405030E+00   0.357658E-01
 0.174000E+00   0.396832E+00   0.243724E+03   0.399949E+00   0.363915E-01
 0.177000E+00   0.392068E+00   0.246295E+03   0.395142E+00   0.370171E-01
 0.180000E+00   0.384498E+00   0.247328E+03   0.387502E+00   0.376427E-01
 0.183000E+00   0.374303E+00   0.246901E+03   0.377213E+00   0.382682E-01
 0.186000E+00   0.363187E+00   0.246057E+03   0.365994E+00   0.388936E-01
 0.189000E+00   0.356333E+00   0.248082E+03   0.359078E+00   0.395190E-01
 0.192000E+00   0.347187E+00   0.248832E+03   0.349849E+00   0.401443E-01
 0.195000E+00   0.332007E+00   0.245794E+03   0.334530E+00   0.407695E-01
 0.198000E+00   0.320843E+00   0.245473E+03   0.323265E+00   0.413947E-01
 0.201000E+00   0.307783E+00   0.243970E+03   0.310088E+00   0.420198E-01
 0.204000E+00   0.288390E+00   0.238091E+03   0.290520E+00   0.426448E-01
 0.207000E+00   0.273604E+00   0.235254E+03   0.275604E+00   0.432697E-01
 0.210000E+00   0.259317E+00   0.232634E+03   0.261190E+00   0.438946E-01
 0.213000E+00   0.238788E+00   0.225007E+03   0.240480E+00   0.445194E-01
 0.216000E+00   0.225115E+00   0.222179E+03   0.226689E+00   0.451441E-01
 0.219000E+00   0.214003E+00   0.221148E+03   0.215481E+00   0.457688E-01
 0.222000E+00   0.198632E+00   0.216038E+03   0.199977E+00   0.463933E-01
 0.225000E+00   0.184441E+00   0.211215E+03   0.185666E+00   0.470178E-01
 0.228000E+00   0.168551E+00   0.203672E+03   0.169641E+00   0.476423E-01
 0.231000E+00   0.161584E+00   0.204689E+03   0.162617E+00   0.482666E-01
 0.234000E+00   0.153398E+00   0.204065E+03   0.154364E+00   0.488909E-01
 0.237000E+00   0.147052E+00   0.205431E+03   0.147967E+00   0.495151E-01
 0.240000E+00   0.138129E+00   0.202916E+03   0.138972E+00   0.501392E-01
 0.243000E+00   0.127134E+00   0.195908E+03   0.127886E+00   0.507633E-01
 0.246000E+00   0.117785E+00   0.189583E+03   0.118460E+00   0.513872E-01
 0.249000E+00   0.111598E+00   0.187693E+03   0.112222E+00   0.520111E-01
 0.252000E+00   0.104751E+00   0.182667E+03   0.105317E+00   0.526350E-01
 0.255000E+00   0.980871E-01   0.175351E+03   0.985964E-01   0.532587E-01
 0.258000E+00   0.917551E-01   0.165188E+03   0.922099E-01   0.538824E-01
 0.261000E+00   0.856811E-01   0.150573E+03   0.860830E-01   0.545059E-01
 0.264000E+00   0.811971E-01   0.136504E+03   0.815595E-01   0.551294E-01
 0.267000E+00   0.784374E-01   0.126117E+03   0.787752E-01   0.557529E-01
 0.270000E+00   0.765261E-01   0.116663E+03   0.768465E-01   0.563762E-01
 0.273000E+00   0.751498E-01   0.106931E+03   0.754573E-01   0.569995E-01
 0.276000E+00   0.743222E-01   0.981945E+02   0.746216E-01   0.576227E-01
 0.279000E+00   0.739458E-01   0.910537E+02   0.742411E-01   0.582458E-01
 0.282000E+00   0.738200E-01   0.839458E+02   0.741134E-01   0.588688E-01
 0.285000E+00   0.739527E-01   0.781978E+02   0.742467E-01   0.594918E-01
 0.288000E+00   0.742397E-01   0.727319E+02   0.745356E-01   0.601146E-01
 0.291000E+00   0.746696E-01   0.682039E+02   0.749688E-01   0.607374E-01
 0.294000E+00   0.751917E-01   0.639164E+02   0.754951E-01   0.613601E-01
 0.297000E+00   0.758018E-01   0.604399E+02   0.761105E-01   0.619828E-01
 0.300000E+00   0.764721E-01   0.572853E+02   0.767866E-01   0.626053E-01
 0.303000E+00   0.771948E-01   0.545949E+02   0.775157E-01   0.632278E-01
 0.306000E+00   0.779703E-01   0.529790E+02   0.782983E-01   0.638501E-01
 0.309000E+00   0.787904E-01   0.526607E+02   0.791261E-01   0.644725E-01
 0.312000E+00   0.796162E-01   0.510929E+02   0.799598E-01   0.650947E-01
 0.315000E+00   0.804576E-01   0.488299E+02   0.808092E-01   0.657168E-01
 0.318000E+00   0.813234E-01   0.469238E+02   0.816836E-01   0.663389E-01
 0.321000E+00   0.822100E-01   0.452989E+02   0.825790E-01   0.669608E-01
 0.324000E+00   0.831138E-01   0.438015E+02   0.834920E-01   0.675827E-01
 0.327000E+00   0.840337E-01   0.425158E+02   0.844212E-01   0.682045E-01
 0.330000E+00   0.849729E-01   0.423515E+02   0.853703E-01   0.688262E-01
 0.333000E+00   0.859223E-01   0.421257E+02   0.863298E-01   0.694479E-01
 0.336000E+00   0.868815E-01   0.418054E+02   0.872993E-01   0.700694E-01
 0.339000E+00   0.878497E-01   0.411641E+02   0.882780E-01   0.706909E-01
 0.342000E+00   0.888292E-01   0.412968E+02   0.892683E-01   0.713122E-01
 0.345000E+00   0.898162E-01   0.406444E+02   0.902664E-01   0.719335E-01
 0.348000E+00   0.908120E-01   0.397632E+02   0.912735E-01   0.725548E-01
 0.351000E+00   0.918173E-01   0.399013E+02   0.922904E-01   0.731759E-01
 0.354000E+00   0.928308E-01   0.408742E+02   0.933157E-01   0.737969E-01
 0.357000E+00   0.938513E-01   0.401771E+02   0.943483E-01   0.744179E-01
 0.360000E+00   0.948795E-01   0.393103E+02   0.953888E-01   0.750387E-01
 0.363000E+00   0.959153E-01   0.395398E+02   0.964372E-01   0.756595E-01
 0.366000E+00   0.969582E-01   0.391528E+02   0.974930E-01   0.762802E-01
 0.369000E+00   0.980083E-01   0.387668E+02   0.985561E-01   0.769008E-01
 0.372000E+00   0.990653E-01   0.376463E+02   0.996265E-01   0.775213E-01
 0.375000E+00   0.100129E+00   0.365982E+02   0.100704E+00   0.781417E-01
 0.378000E+00   0.101200E+00   0.356279E+02   0.101788E+00   0.787621E-01
 0.381000E+00   0.102277E+00   0.347226E+02   0.102879E+00   0.793823E-01
 0.384000E+00   0.103360E+00   0.338673E+02   0.103977E+00   0.800025E-01
 0.387000E+00   0.104450E+00   0.330756E+02   0.105082E+00   0.806226E-01
 0.390000E+00   0.105547E+00   0.323383E+02   0.106193E+00   0.812425E-01
 0.393000E+00   0.106649E+00   0.316410E+02   0.107311E+00   0.818624E-01
 0.396000E+00   0.107758E+00   0.309800E+02   0.108436E+00   0.824822E-01
 0.399000E+00   0.108874E+00   0.303549E+02   0.109567E+00   0.831020E-01
 0.402000E+00   0.109995E+00   0.297720E+02   0.110704E+00   0.837216E-01
 0.405000E+00   0.111123E+00   0.292173E+02   0.111848E+00   0.843411E-01
 0.408000E+00   0.112257E+00   0.286910E+02   0.112999E+00   0.849606E-01
 0.411000E+00   0.113398E+00   0.281948E+02   0.114157E+00   0.855799E-01
 0.414000E+00   0.114545E+00   0.277199E+02   0.115321E+00   0.861992E-01
 0.417000E+00   0.115698E+00   0.272675E+02   0.116492E+00   0.868183E-01
 0.420000E+00   0.116858E+00   0.268356E+02   0.117669E+00   0.874374E-01
 0.423000E+00   0.118024E+00   0.264323E+02   0.118853E+00   0.880564E-01
 0.426000E+00   0.119197E+00   0.260383E+02   0.120044E+00   0.886753E-01
 0.429000E+00   0.120376E+00   0.256621E+02   0.121242E+00   0.892940E-01
 0.432000E+00   0.121562E+00   0.253064E+02   0.122447E+00   0.899127E-01
 0.435000E+00   0.122755E+00   0.249683E+02   0.123659E+00   0.905313E-01
 0.438000E+00   0.123954E+00   0.246433E+02   0.124878E+00   0.911499E-01
 0.441000E+00   0.125160E+00   0.243227E+02   0.126104E+00   0.917683E-01
 0.444000E+00   0.126373E+00   0.240258E+02   0.127337E+00   0.923866E-01
 0.447000E+00   0.127593E+00   0.237315E+02   0.128577E+00   0.930048E-01
 0.450000E+00   0.128820E+00   0.234598E+02   0.129825E+00   0.936229E-01
 0.453000E+00   0.130054E+00   0.231906E+02   0.131080E+00   0.942410E-01
 0.456000E+00   0.131295E+00   0.229279E+02   0.132343E+00   0.948589E-01
 0.459000E+00   0.132544E+00   0.226778E+02   0.133613E+00   0.954767E-01
 0.462000E+00   0.133800E+00   0.224458E+02   0.134892E+00   0.960945E-01
 0.465000E+00   0.135063E+00   0.222060E+02   0.136178E+00   0.967121E-01
 0.468000E+00   0.136334E+00   0.219888E+02   0.137472E+00   0.973296E-01
 0.471000E+00   0.137613E+00   0.217672E+02   0.138773E+00   0.979471E-01
 0.474000E+00   0.138899E+00   0.215622E+02   0.140083E+00   0.985644E-01
 0.477000E+00   0.140193E+00   0.213589E+02   0.141402E+00   0.991816E-01
 0.480000E+00   0.141495E+00   0.211636E+02   0.142728E+00   0.997988E-01
 0.483000E+00   0.142804E+00   0.209748E+02   0.144063E+00   0.100416E+00
 0.486000E+00   0.144122E+00   0.207938E+02   0.145406E+00   0.101033E+00
 0.489000E+00   0.145448E+00   0.206186E+02   0.146757E+00   0.101650E+00
 0.492000E+00   0.146782E+00   0.204456E+02   0.148117E+00   0.102266E+00
 0.495000E+00   0.148124E+00   0.202797E+02   0.149486E+00   0.102883E+00
 0.498000E+00   0.149476E+00   0.201129E+02   0.150865E+00   0.103499E+00
 0.501000E+00   0.150836E+00   0.199602E+02   0.152252E+00   0.104116E+00
 0.504000E+00   0.152205E+00   0.198078E+02   0.153649E+00   0.104732E+00
 0.507000E+00   0.153583E+00   0.196651E+02   0.155056E+00   0.105348E+00
 0.510000E+00   0.154971E+00   0.195183E+02   0.156473E+00   0.105964E+00
 0.513000E+00   0.156369E+00   0.193771E+02   0.157900E+00   0.106580E+00
 0.516000E+00   0.157776E+00   0.192362E+02   0.159337E+00   0.107196E+00
 0.519000E+00   0.159193E+00   0.191046E+02   0.160784E+00   0.107812E+00
 0.522000E+00   0.160618E+00   0.189792E+02   0.162240E+00   0.108428E+00
 0.525000E+00   0.162053E+00   0.188565E+02   0.163706E+00   0.109043E+00
 0.528000E+00   0.163496E+00   0.187346E+02   0.165181E+00   0.109659E+00
 0.531000E+00   0.164947E+00   0.186176E+02   0.166664E+00   0.110274E+00
 0.534000E+00   0.166407E+00   0.184945E+02   0.168156E+00   0.110889E+00
 0.537000E+00   0.167874E+00   0.183873E+02   0.169657E+00   0.111504E+00
 0.540000E+00   0.169349E+00   0.182777E+02   0.171165E+00   0.112119E+00
 0.543000E+00   0.170831E+00   0.181741E+02   0.172681E+00   0.112734E+00
 0.546000E+00   0.172319E+00   0.180650E+02   0.174205E+00   0.113349E+00
 0.549000E+00   0.173814E+00   0.179638E+02   0.175734E+00   0.113964E+00
 0.552000E+00   0.175315E+00   0.178705E+02   0.177270E+00   0.114578E+00
 0.555000E+00   0.176821E+00   0.177755E+02   0.178812E+00   0.115193E+00
 0.558000E+00   0.178331E+00   0.176733E+02   0.180360E+00   0.115807E+00
 0.561000E+00   0.179847E+00   0.175847E+02   0.181912E+00   0.116421E+00
 0.564000E+00   0.181367E+00   0.174948E+02   0.183470E+00   0.117036E+00
 0.567000E+00   0.182893E+00   0.174099E+02   0.185033E+00   0.117650E+00
 0.570000E+00   0.184426E+00   0.173263E+02   0.186604E+00   0.118263E+00
 0.573000E+00   0.185965E+00   0.172489E+02   0.188182E+00   0.118877E+00
 0.576000E+00   0.187512E+00   0.171703E+02   0.189768E+00   0.119491E+00
 0.579000E+00   0.189067E+00   0.170934E+02   0.191363E+00   0.120104E+00
 0.582000E+00   0.190632E+00   0.170182E+02   0.192968E+00   0.120718E+00
 0.585000E+00   0.192206E+00   0.169366E+02   0.194583E+00   0.121331E+00
 0.588000E+00   0.193790E+00   0.168645E+02   0.196209E+00   0.121944E+00
 0.591000E+00   0.195384E+00   0.167980E+02   0.197846E+00   0.122557E+00
 0.594000E+00   0.196989E+00   0.167250E+02   0.199494E+00   0.123170E+00
 0.597000E+00   0.198605E+00   0.166534E+02   0.201153E+00   0.123783E+00
 0.600000E+00   0.200231E+00   0.165928E+02   0.202823E+00   0.124396E+00
 0.603000E+00   0.201867E+00   0.165256E+02   0.204505E+00   0.125008E+00
 0.606000E+00   0.203515E+00   0.164582E+02   0.206198E+00   0.125621E+00
 0.609000E+00   0.205173E+00   0.163905E+02   0.207902E+00   0.126233E+00
 0.612000E+00   0.206843E+00   0.163324E+02   0.209619E+00   0.126846E+00
 0.615000E+00   0.208524E+00   0.162742E+02   0.211348E+00   0.127458E+00
 0.618000E+00   0.210216E+00   0.162122E+02   0.213088E+00   0.128070E+00
 0.621000E+00   0.211920E+00   0.161495E+02   0.214842E+00   0.128681E+00
 0.624000E+00   0.213636E+00   0.160938E+02   0.216607E+00   0.129293E+00
 0.627000E+00   0.215364E+00   0.160418E+02   0.218386E+00   0.129905E+00
 0.630000E+00   0.217105E+00   0.159880E+02   0.220178E+00   0.130516E+00
 0.633000E+00   0.218858E+00   0.159320E+02   0.221984E+00   0.131128E+00
 0.636000E+00   0.220624E+00   0.158816E+02   0.223803E+00   0.131739E+00
 0.639000E+00   0.222403E+00   0.158289E+02   0.225635E+00   0.132350E+00
 0.642000E+00   0.224195E+00   0.157777E+02   0.227482E+00   0.132961E+00
 0.645000E+00   0.226000E+00   0.157300E+02   0.229343E+00   0.133572E+00
 0.648000E+00   0.227818E+00   0.156725E+02   0.231218E+00   0.134183E+00
 0.651000E+00   0.229651E+00   0.156310E+02   0.233108E+00   0.134793E+00
 0.654000E+00   0.231497E+00   0.155814E+02   0.235012E+00   0.135404E+00
 0.657000E+00   0.233357E+00   0.155391E+02   0.236932E+00   0.136014E+00
 0.660000E+00   0.235231E+00   0.154876E+02   0.238866E+00   0.136624E+00
 0.663000E+00   0.237120E+00   0.154489E+02   0.240816E+00   0.137234E+00
 0.666000E+00   0.239022E+00   0.153965E+02   0.242781E+00   0.137844E+00
 0.669000E+00   0.240940E+00   0.153579E+02   0.244761E+00   0.138454E+00
 0.672000E+00   0.242872E+00   0.153134E+02   0.246758E+00   0.139063E+00
 0.675000E+00   0.244820E+00   0.152701E+02   0.248770E+00   0.139673E+00
 0.678000E+00   0.246782E+00   0.152346E+02   0.250799E+00   0.140282E+00
 0.681000E+00   0.248760E+00   0.151903E+02   0.252844E+00   0.140892E+00
 0.684000E+00   0.250753E+00   0.151531E+02   0.254906E+00   0.141501E+00
 0.687000E+00   0.252762E+00   0.151163E+02   0.256984E+00   0.142110E+00
 0.690000E+00   0.254787E+00   0.150761E+02   0.259079E+00   0.142718E+00
 0.693000E+00   0.256827E+00   0.150380E+02   0.261192E+00   0.143327E+00
 0.696000E+00   0.258884E+00   0.150003E+02   0.263321E+00   0.143936E+00
 0.699000E+00   0.260957E+00   0.149634E+02   0.265468E+00   0.144544E+00
 0.702000E+00   0.263046E+00   0.149298E+02   0.267633E+00   0.145152E+00
 0.705000E+00   0.265152E+00   0.148986E+02   0.269815E+00   0.145760E+00
 0.708000E+00   0.267275E+00   0.148618E+02   0.272015E+00   0.146368E+00
 0.711000E+00   0.269414E+00   0.148216E+02   0.274234E+00   0.146976E+00
 0.714000E+00   0.271571E+00   0.147904E+02   0.276471E+00   0.147583E+00
 0.717000E+00   0.273745E+00   0.147585E+02   0.278726E+00   0.148191E+00
 0.720000E+00   0.275936E+00   0.147312E+02   0.281000E+00   0.148798E+00
 0.723000E+00   0.278144E+00   0.147003E+02   0.283293E+00   0.149405E+00
 0.726000E+00   0.280370E+00   0.146675E+02   0.285604E+00   0.150012E+00
 0.729000E+00   0.282614E+00   0.146411E+02   0.287935E+00   0.150619E+00
 0.732000E+00   0.284876E+00   0.146069E+02   0.290286E+00   0.151226E+00
 0.735000E+00   0.287156E+00   0.145738E+02   0.292655E+00   0.151833E+00
 0.738000E+00   0.289455E+00   0.145453E+02   0.295045E+00   0.152439E+00
 0.741000E+00   0.291771E+00   0.145168E+02   0.297454E+00   0.153045E+00
 0.744000E+00   0.294106E+00   0.144975E+02   0.299883E+00   0.153651E+00
 0.747000E+00   0.296460E+00   0.144643E+02   0.302333E+00   0.154257E+00
 0.750000E+00   0.298832E+00   0.144436E+02   0.304803E+00   0.154863E+00
 0.753000E+00   0.301224E+00   0.144132E+02   0.307293E+00   0.155469E+00
 0.756000E+00   0.303634E+00   0.143858E+02   0.309804E+00   0.156074E+00
 0.759000E+00   0.306064E+00   0.143600E+02   0.312335E+00   0.156679E+00
 0.762000E+00   0.308513E+00   0.143377E+02   0.314888E+00   0.157284E+00
 0.765000E+00   0.310981E+00   0.143143E+02   0.317462E+00   0.157889E+00
 0.768000E+00   0.313470E+00   0.142898E+02   0.320057E+00   0.158494E+00
 0.771000E+00   0.315977E+00   0.142692E+02   0.322674E+00   0.159099E+00
 0.774000E+00   0.318505E+00   0.142453E+02   0.325312E+00   0.159703E+00
 0.777000E+00   0.321052E+00   0.142147E+02   0.327972E+00   0.160307E+00
 0.780000E+00   0.323620E+00   0.141944E+02   0.330653E+00   0.160911E+00
 0.783000E+00   0.326208E+00   0.141778E+02   0.333357E+00   0.161515E+00
 0.786000E+00   0.328816E+00   0.141583E+02   0.336083E+00   0.162119E+00
 0.789000E+00   0.331445E+00   0.141287E+02   0.338831E+00   0.162722E+00
 0.792000E+00   0.334094E+00   0.141083E+02   0.341602E+00   0.163326E+00
 0.795000E+00   0.336764E+00   0.140963E+02   0.344396E+00   0.163929E+00
 0.798000E+00   0.339455E+00   0.140706E+02   0.347212E+00   0.164532E+00
 0.801000E+00   0.342167E+00   0.140509E+02   0.350051E+00   0.165135E+00
 0.804000E+00   0.344900E+00   0.140323E+02   0.352913E+00   0.165738E+00
 0.807000E+00   0.347653E+00   0.140108E+02   0.355799E+00   0.166340E+00
 0.810000E+00   0.350429E+00   0.140008E+02   0.358708E+00   0.166942E+00
 0.813000E+00   0.353225E+00   0.139783E+02   0.361640E+00   0.167544E+00
 0.816000E+00   0.356043E+00   0.139570E+02   0.364596E+00   0.168146E+00
 0.819000E+00   0.358883E+00   0.139414E+02   0.367575E+00   0.168748E+00
 0.822000E+00   0.361744E+00   0.139294E+02   0.370579E+00   0.169350E+00
 0.825000E+00   0.364627E+00   0.139097E+02   0.373606E+00   0.169951E+00
 0.828000E+00   0.367532E+00   0.138914E+02   0.376658E+00   0.170552E+00
 0.831000E+00   0.370459E+00   0.138823E+02   0.379734E+00   0.171153E+00
 0.834000E+00   0.373408E+00   0.138633E+02   0.382834E+00   0.171754E+00
 0.837000E+00   0.376379E+00   0.138515E+02   0.385959E+00   0.172354E+00
 0.840000E+00   0.379372E+00   0.138380E+02   0.389108E+00   0.172955E+00
 0.843000E+00   0.382388E+00   0.138175E+02   0.392283E+00   0.173555E+00
 0.846000E+00   0.385426E+00   0.138044E+02   0.395482E+00   0.174155E+00
 0.849000E+00   0.388487E+00   0.137941E+02   0.398706E+00   0.174755E+00
 0.852000E+00   0.391570E+00   0.137768E+02   0.401955E+00   0.175354E+00
 0.855000E+00   0.394676E+00   0.137600E+02   0.405229E+00   0.175954E+00
 0.858000E+00   0.397804E+00   0.137480E+02   0.408529E+00   0.176553E+00
 0.861000E+00   0.400956E+00   0.137390E+02   0.411854E+00   0.177152E+00
 0.864000E+00   0.404130E+00   0.137217E+02   0.415204E+00   0.177751E+00
 0.867000E+00   0.407327E+00   0.137089E+02   0.418581E+00   0.178349E+00
 0.870000E+00   0.410548E+00   0.137044E+02   0.421983E+00   0.178948E+00
 0.873000E+00   0.413791E+00   0.136865E+02   0.425411E+00   0.179546E+00
 0.876000E+00   0.417057E+00   0.136796E+02   0.428864E+00   0.180144E+00
 0.879000E+00   0.420347E+00   0.136643E+02   0.432344E+00   0.180742E+00
 0.882000E+00   0.423660E+00   0.136533E+02   0.435850E+00   0.181339E+00
 0.885000E+00   0.426996E+00   0.136505E+02   0.439382E+00   0.181936E+00
 0.888000E+00   0.430356E+00   0.136322E+02   0.442941E+00   0.182534E+00
 0.891000E+00   0.433739E+00   0.136245E+02   0.446525E+00   0.183130E+00
 0.894000E+00   0.437145E+00   0.136124E+02   0.450137E+00   0.183727E+00
 0.897000E+00   0.440575E+00   0.136096E+02   0.453774E+00   0.184324E+00
 0.900000E+00   0.444029E+00   0.136013E+02   0.457439E+00   0.184920E+00
 0.903000E+00   0.447506E+00   0.135895E+02   0.461130E+00   0.185516E+00
 0.906000E+00   0.451007E+00   0.135803E+02   0.464848E+00   0.186112E+00
 0.909000E+00   0.454532E+00   0.135679E+02   0.468593E+00   0.186707E+00
 0.912000E+00   0.458080E+00   0.135684E+02   0.472364E+00   0.187302E+00
 0.915000E+00   0.461652E+00   0.135592E+02   0.476163E+00   0.187898E+00
 0.918000E+00   0.465247E+00   0.135508E+02   0.479989E+00   0.188492E+00
 0.921000E+00   0.468867E+00   0.135353E+02   0.483841E+00   0.189087E+00
 0.924000E+00   0.472510E+00   0.135333E+02   0.487721E+00   0.189682E+00
 0.927000E+00   0.476177E+00   0.135308E+02   0.491628E+00   0.190276E+00
 0.930000E+00   0.479868E+00   0.135146E+02   0.495563E+00   0.190870E+00
 0.933000E+00   0.483582E+00   0.135107E+02   0.499525E+00   0.191463E+00
 0.936000E+00   0.487321E+00   0.135027E+02   0.503514E+00   0.192057E+00
 0.939000E+00   0.491083E+00   0.134994E+02   0.507530E+00   0.192650E+00
 0.942000E+00   0.494869E+00   0.134958E+02   0.511574E+00   0.193243E+00
 0.945000E+00   0.498679E+00   0.134915E+02   0.515645E+00   0.193836E+00
 0.948000E+00   0.502513E+00   0.134853E+02   0.519744E+00   0.194428E+00
 0.951000E+00   0.506371E+00   0.134793E+02   0.523871E+00   0.195021E+00
 0.954000E+00   0.510253E+00   0.134755E+02   0.528025E+00   0.195613E+00
 0.957000E+00   0.514158E+00   0.134696E+02   0.532206E+00   0.196205E+00
 0.960000E+00   0.518087E+00   0.134583E+02   0.536415E+00   0.196796E+00
 0.963000E+00   0.522040E+00   0.134548E+02   0.540652E+00   0.197388E+00
 0.966000E+00   0.526017E+00   0.134536E+02   0.544917E+00   0.197979E+00
 0.969000E+00   0.530017E+00   0.134452E+02   0.549209E+00   0.198569E+00
 0.972000E+00   0.534041E+00   0.134410E+02   0.553528E+00   0.199160E+00
 0.975000E+00   0.538089E+00   0.134414E+02   0.557876E+00   0.199750E+00
 0.978000E+00   0.542160E+00   0.134311E+02   0.562251E+00   0.200340E+00
 0.981000E+00   0.546255E+00   0.134286E+02   0.566654E+00   0.200930E+00
 0.984000E+00   0.550374E+00   0.134249E+02   0.571084E+00   0.201520E+00
 0.987000E+00   0.554516E+00   0.134293E+02   0.575542E+00   0.202109E+00
 0.990000E+00   0.558681E+00   0.134215E+02   0.580028E+00   0.202698E+00
 0.993000E+00   0.562870E+00   0.134226E+02   0.584541E+00   0.203287E+00
 0.996000E+00   0.567082E+00   0.134140E+02   0.589082E+00   0.203875E+00
 0.999000E+00   0.571317E+00   0.134096E+02   0.593651E+00   0.204464E+00
 0.100200E+01   0.575576E+00   0.134086E+02   0.598247E+00   0.205052E+00
 0.100500E+01   0.579858E+00   0.134066E+02   0.602871E+00   0.205639E+00
 0.100800E+01   0.584163E+00   0.134108E+02   0.607522E+00   0.206227E+00
 0.101100E+01   0.588491E+00   0.134022E+02   0.612200E+00   0.206814E+00
 0.101400E+01   0.592842E+00   0.134015E+02   0.616906E+00   0.207401E+00
 0.101700E+01   0.597215E+00   0.134017E+02   0.621640E+00   0.207988E+00
 0.102000E+01   0.601612E+00   0.134035E+02   0.626400E+00   0.208574E+00
 0.102300E+01   0.606031E+00   0.134022E+02   0.631188E+00   0.209160E+00
 0.102600E+01   0.610473E+00   0.133947E+02   0.636003E+00   0.209746E+00
 0.102900E+01   0.614937E+00   0.133979E+02   0.640846E+00   0.210331E+00
 0.103200E+01   0.619423E+00   0.133943E+02   0.645715E+00   0.210917E+00
 0.103500E+01   0.623932E+00   0.133911E+02   0.650612E+00   0.211502E+00
 0.103800E+01   0.628463E+00   0.133889E+02   0.655535E+00   0.212086E+00
 0.104100E+01   0.633016E+00   0.133961E+02   0.660485E+00   0.212671E+00
 0.104400E+01   0.637592E+00   0.133925E+02   0.665462E+00   0.213255E+00
 0.104700E+01   0.642188E+00   0.133902E+02   0.670466E+00   0.213839E+00
 0.105000E+01   0.646807E+00   0.133906E+02   0.675497E+00   0.214422E+00
 0.105300E+01   0.651447E+00   0.133925E+02   0.680554E+00   0.215006E+00
 0.105600E+01   0.656109E+00   0.133891E+02   0.685637E+00   0.215589E+00
 0.105900E+01   0.660792E+00   0.133940E+02   0.690747E+00   0.216171E+00
 0.106200E+01   0.665497E+00   0.133904E+02   0.695883E+00   0.216754E+00
 0.106500E+01   0.670222E+00   0.133965E+02   0.701046E+00   0.217336E+00
 0.106800E+01   0.674969E+00   0.133971E+02   0.706234E+00   0.217918E+00
 0.107100E+01   0.679736E+00   0.133890E+02   0.711448E+00   0.218499E+00
 0.107400E+01   0.684524E+00   0.133960E+02   0.716689E+00   0.219081E+00
 0.107700E+01   0.689332E+00   0.133933E+02   0.721954E+00   0.219662E+00
 0.108000E+01   0.694161E+00   0.133903E+02   0.727246E+00   0.220242E+00
 0.108300E+01   0.699010E+00   0.134006E+02   0.732563E+00   0.220822E+00
 0.108600E+01   0.703879E+00   0.133986E+02   0.737905E+00   0.221403E+00
 0.108900E+01   0.708768E+00   0.134005E+02   0.743272E+00   0.221982E+00
 0.109200E+01   0.713677E+00   0.133982E+02   0.748665E+00   0.222562E+00
 0.109500E+01   0.718605E+00   0.133983E+02   0.754082E+00   0.223141E+00
 0.109800E+01   0.723553E+00   0.134032E+02   0.759524E+00   0.223720E+00
 0.110100E+01   0.728520E+00   0.134040E+02   0.764991E+00   0.224298E+00
 0.110400E+01   0.733506E+00   0.134085E+02   0.770483E+00   0.224876E+00
 0.110700E+01   0.738511E+00   0.134039E+02   0.775998E+00   0.225454E+00
 0.111000E+01   0.743534E+00   0.134114E+02   0.781538E+00   0.226032E+00
 0.111300E+01   0.748576E+00   0.134127E+02   0.787102E+00   0.226609E+00
 0.111600E+01   0.753636E+00   0.134159E+02   0.792689E+00   0.227186E+00
 0.111900E+01   0.758715E+00   0.134103E+02   0.798300E+00   0.227763E+00
 0.112200E+01   0.763811E+00   0.134195E+02   0.803935E+00   0.228339E+00
 0.112500E+01   0.768925E+00   0.134148E+02   0.809593E+00   0.228915E+00
 0.112800E+01   0.774056E+00   0.134219E+02   0.815274E+00   0.229491E+00
 0.113100E+01   0.779205E+00   0.134228E+02   0.820978E+00   0.230066E+00
 0.113400E+01   0.784371E+00   0.134258E+02   0.826705E+00   0.230641E+00
 0.113700E+01   0.789554E+00   0.134307E+02   0.832455E+00   0.231216E+00
 0.114000E+01   0.794753E+00   0.134329E+02   0.838226E+00   0.231791E+00
 0.114300E+01   0.799969E+00   0.134332E+02   0.844020E+00   0.232365E+00
 0.114600E+01   0.805201E+00   0.134332E+02   0.849836E+00   0.232938E+00
 0.114900E+01   0.810449E+00   0.134366E+02   0.855674E+00   0.233512E+00
 0.115200E+01   0.815713E+00   0.134450E+02   0.861533E+00   0.234085E+00
 0.115500E+01   0.820993E+00   0.134456E+02   0.867414E+00   0.234658E+00
 0.115800E+01   0.826287E+00   0.134447E+02   0.873316E+00   0.235230E+00
 0.116100E+01   0.831597E+00   0.134460E+02   0.879238E+00   0.235802E+00
 0.116400E+01   0.836922E+00   0.134508E+02   0.885182E+00   0.236374E+00
 0.116700E+01   0.842262E+00   0.134565E+02   0.891146E+00   0.236946E+00
 0.117000E+01   0.847616E+00   0.134594E+02   0.897130E+00   0.237517E+00
 0.117300E+01   0.852984E+00   0.134632E+02   0.903134E+00   0.238088E+00
 0.117600E+01   0.858366E+00   0.134603E+02   0.909158E+00   0.238658E+00
 0.117900E+01   0.863762E+00   0.134630E+02   0.915201E+00   0.239228E+00
 0.118200E+01   0.869171E+00   0.134685E+02   0.921264E+00   0.239798E+00
 0.118500E+01   0.874593E+00   0.134784E+02   0.927346E+00   0.240367E+00
 0.118800E+01   0.880029E+00   0.134809E+02   0.933446E+00   0.240936E+00
 0.119100E+01   0.885477E+00   0.134836E+02   0.939566E+00   0.241505E+00
 0.119400E+01   0.890937E+00   0.134796E+02   0.945703E+00   0.242074E+00
 0.119700E+01   0.896410E+00   0.134914E+02   0.951859E+00   0.242642E+00
 0.120000E+01   0.901895E+00   0.134907E+02   0.958032E+00   0.243209E+00
 0.120300E+01   0.907391E+00   0.134926E+02   0.964224E+00   0.243777E+00
 0.120600E+01   0.912899E+00   0.134948E+02   0.970432E+00   0.244344E+00
 0.120900E+01   0.918418E+00   0.134987E+02   0.976657E+00   0.244910E+00
 0.121200E+01   0.923947E+00   0.135089E+02   0.982900E+00   0.245477E+00
 0.121500E+01   0.929488E+00   0.135143E+02   0.989159E+00   0.246043E+00
 0.121800E+01   0.935039E+00   0.135089E+02   0.995434E+00   0.246608E+00
 0.122100E+01   0.940600E+00   0.135125E+02   0.100172E+01   0.247173E+00
 0.122400E+01   0.946171E+00   0.135246E+02   0.100803E+01   0.247738E+00
 0.122700E+01   0.951751E+00   0.135202E+02   0.101435E+01   0.248303E+00
 0.123000E+01   0.957341E+00   0.135325E+02   0.102069E+01   0.248867E+00
 0.123300E+01   0.962940E+00   0.135371E+02   0.102704E+01   0.249431E+00
 0.123600E+01   0.968548E+00   0.135389E+02   0.103341E+01   0.249994E+00
 0.123900E+01   0.974164E+00   0.135415E+02   0.103979E+01   0.250557E+00
 0.124200E+01   0.979789E+00   0.135490E+02   0.104619E+01   0.251120E+00
 0.124500E+01   0.985421E+00   0.135453E+02   0.105260E+01   0.251683E+00
 0.124800E+01   0.991061E+00   0.135541E+02   0.105902E+01   0.252245E+00
 0.125100E+01   0.996709E+00   0.135605E+02   0.106546E+01   0.252806E+00
 0.125400E+01   0.100236E+01   0.135648E+02   0.107191E+01   0.253368E+00
 0.125700E+01   0.100803E+01   0.135602E+02   0.107837E+01   0.253929E+00
 0.126000E+01   0.101369E+01   0.135722E+02   0.108484E+01   0.254489E+00
 0.126300E+01   0.101937E+01   0.135769E+02   0.109133E+01   0.255049E+00
 0.126600E+01   0.102505E+01   0.135724E+02   0.109783E+01   0.255609E+00
 0.126900E+01   0.103074E+01   0.135813E+02   0.110434E+01   0.256169E+00
 0.127200E+01   0.103643E+01   0.135877E+02   0.111086E+01   0.256728E+00
 0.127500E+01   0.104212E+01   0.135894E+02   0.111739E+01   0.257286E+00
 0.127800E+01   0.104783E+01   0.135891E+02   0.112393E+01   0.257845E+00
 0.128100E+01   0.105353E+01   0.135952E+02   0.113049E+01   0.258403E+00
 0.128400E+01   0.105924E+01   0.136017E+02   0.113705E+01   0.258960E+00
 0.128700E+01   0.106496E+01   0.136094E+02   0.114362E+01   0.259518E+00
 0.129000E+01   0.107068E+01   0.136125E+02   0.115020E+01   0.260074E+00
 0.129300E+01   0.107640E+01   0.136142E+02   0.115679E+01   0.260631E+00
 0.129600E+01   0.108213E+01   0.136224E+02   0.116339E+01   0.261187E+00
 0.129900E+01   0.108786E+01   0.136264E+02   0.117000E+01   0.261743E+00
 0.130200E+01   0.109359E+01   0.136271E+02   0.117662E+01   0.262298E+00
 0.130500E+01   0.109932E+01   0.136288E+02   0.118324E+01   0.262853E+00
 0.130800E+01   0.110506E+01   0.136395E+02   0.118988E+01   0.263408E+00
 0.131100E+01   0.111080E+01   0.136426E+02   0.119652E+01   0.263962E+00
 0.131400E+01   0.111654E+01   0.136436E+02   0.120316E+01   0.264516E+00
 0.131700E+01   0.112228E+01   0.136424E+02   0.120982E+01   0.265069E+00
 0.132000E+01   0.112803E+01   0.136505E+02   0.121648E+01   0.265622E+00
 0.132300E+01   0.113377E+01   0.136559E+02   0.122314E+01   0.266175E+00
 0.132600E+01   0.113951E+01   0.136588E+02   0.122982E+01   0.266727E+00
 0.132900E+01   0.114526E+01   0.136608E+02   0.123649E+01   0.267279E+00
 0.133200E+01   0.115100E+01   0.136677E+02   0.124318E+01   0.267831E+00
 0.133500E+01   0.115675E+01   0.136746E+02   0.124987E+01   0.268382E+00
 0.133800E+01   0.116249E+01   0.136725E+02   0.125656E+01   0.268933E+00
 0.134100E+01   0.116824E+01   0.136784E+02   0.126326E+01   0.269483E+00
 0.134400E+01   0.117398E+01   0.136895E+02   0.126996E+01   0.270033E+00
 0.134700E+01   0.117972E+01   0.136937E+02   0.127666E+01   0.270583E+00
 0.135000E+01   0.118546E+01   0.136956E+02   0.128337E+01   0.271132E+00
 0.135300E+01   0.119120E+01   0.136951E+02   0.129008E+01   0.271681E+00
 0.135600E+01   0.119694E+01   0.137011E+02   0.129680E+01   0.272229E+00
 0.135900E+01   0.120267E+01   0.137028E+02   0.130352E+01   0.272777E+00
 0.136200E+01   0.120841E+01   0.137116E+02   0.131024E+01   0.273325E+00
 0.136500E+01   0.121414E+01   0.137188E+02   0.131696E+01   0.273872E+00
 0.136800E+01   0.121986E+01   0.137175E+02   0.132368E+01   0.274419E+00
 0.137100E+01   0.122559E+01   0.137222E+02   0.133041E+01   0.274965E+00
 0.137400E+01   0.123131E+01   0.137219E+02   0.133714E+01   0.275511E+00
 0.137700E+01   0.123702E+01   0.137298E+02   0.134387E+01   0.276057E+00
 0.138000E+01   0.124273E+01   0.137381E+02   0.135059E+01   0.276602E+00
 0.138300E+01   0.124844E+01   0.137351E+02   0.135732E+01   0.277147E+00
 0.138600E+01   0.125415E+01   0.137382E+02   0.136405E+01   0.277692E+00
 0.138900E+01   0.125985E+01   0.137495E+02   0.137078E+01   0.278236E+00
 0.139200E+01   0.126554E+01   0.137470E+02   0.137751E+01   0.278780E+00
 0.139500E+01   0.127123E+01   0.137550E+02   0.138424E+01   0.279323E+00
 0.139800E+01   0.127692E+01   0.137636E+02   0.139097E+01   0.279866E+00
 0.140100E+01   0.128259E+01   0.137669E+02   0.139769E+01   0.280408E+00
 0.140400E+01   0.128827E+01   0.137702E+02   0.140442E+01   0.280950E+00
 0.140700E+01   0.129393E+01   0.137712E+02   0.141114E+01   0.281492E+00
 0.141000E+01   0.129960E+01   0.137777E+02   0.141786E+01   0.282034E+00
 0.141300E+01   0.130525E+01   0.137760E+02   0.142458E+01   0.282574E+00
 0.141600E+01   0.131090E+01   0.137797E+02   0.143129E+01   0.283115E+00
 0.141900E+01   0.131654E+01   0.137834E+02   0.143801E+01   0.283655E+00
 0.142200E+01   0.132218E+01   0.137932E+02   0.144472E+01   0.284195E+00
 0.142500E+01   0.132780E+01   0.137897E+02   0.145142E+01   0.284734E+00
 0.142800E+01   0.133342E+01   0.138019E+02   0.145812E+01   0.285273E+00
 0.143100E+01   0.133903E+01   0.138037E+02   0.146482E+01   0.285812E+00
 0.143400E+01   0.134464E+01   0.138094E+02   0.147152E+01   0.286350E+00
 0.143700E+01   0.135024E+01   0.138074E+02   0.147821E+01   0.286887E+00
 0.144000E+01   0.135582E+01   0.138112E+02   0.148490E+01   0.287425E+00
 0.144300E+01   0.136140E+01   0.138192E+02   0.149158E+01   0.287962E+00
 0.144600E+01   0.136697E+01   0.138208E+02   0.149825E+01   0.288498E+00
 0.144900E+01   0.137254E+01   0.138236E+02   0.150493E+01   0.289034E+00
 0.145200E+01   0.137809E+01   0.138258E+02   0.151159E+01   0.289570E+00
 0.145500E+01   0.138364E+01   0.138307E+02   0.151825E+01   0.290105E+00
 0.145800E+01   0.138917E+01   0.138329E+02   0.152491E+01   0.290640E+00
 0.146100E+01   0.139470E+01   0.138380E+02   0.153155E+01   0.291175E+00
 0.146400E+01   0.140021E+01   0.138469E+02   0.153819E+01   0.291709E+00
 0.146700E+01   0.140572E+01   0.138449E+02   0.154483E+01   0.292242E+00
 0.147000E+01   0.141122E+01   0.138450E+02   0.155146E+01   0.292776E+00
 0.147300E+01   0.141670E+01   0.138535E+02   0.155808E+01   0.293309E+00
 0.147600E+01   0.142218E+01   0.138612E+02   0.156469E+01   0.293841E+00
 0.147900E+01   0.142764E+01   0.138582E+02   0.157130E+01   0.294373E+00
 0.148200E+01   0.143310E+01   0.138655E+02   0.157790E+01   0.294905E+00
 0.148500E+01   0.143854E+01   0.138642E+02   0.158449E+01   0.295436E+00
 0.148800E+01   0.144397E+01   0.138697E+02   0.159107E+01   0.295967E+00
 0.149100E+01   0.144939E+01   0.138777E+02   0.159764E+01   0.296497E+00
 0.149400E+01   0.145481E+01   0.138817E+02   0.160421E+01   0.297027E+00
 0.149700E+01   0.146020E+01   0.138759E+02   0.161076E+01   0.297557E+00
 0.150000E+01   0.146559E+01   0.138817E+02   0.161731E+01   0.298086E+00
 0.150300E+01   0.147097E+01   0.138896E+02   0.162385E+01   0.298615E+00
 0.150600E+01   0.147633E+01   0.138952E+02   0.163038E+01   0.299144E+00
 0.150900E+01   0.148168E+01   0.138982E+02   0.163690E+01   0.299672E+00
 0.151200E+01   0.148702E+01   0.138950E+02   0.164341E+01   0.300199E+00
 0.151500E+01   0.149235E+01   0.138972E+02   0.164991E+01   0.300726E+00
 0.151800E+01   0.149767E+01   0.139068E+02   0.165640E+01   0.301253E+00
 0.152100E+01   0.150297E+01   0.139042E+02   0.166288E+01   0.301779E+00
 0.152400E+01   0.150826E+01   0.139049E+02   0.166934E+01   0.302305E+00
 0.152700E+01   0.151354E+01   0.139100E+02   0.167580E+01   0.302831E+00
 0.153000E+01   0.151880E+01   0.139182E+02   0.168225E+01   0.303356E+00
 0.153300E+01   0.152405E+01   0.139236E+02   0.168869E+01   0.303881E+00
 0.153600E+01   0.152929E+01   0.139181E+02   0.169511E+01   0.304405E+00
 0.153900E+01   0.153451E+01   0.139265E+02   0.170153E+01   0.304929E+00
 0.154200E+01   0.153973E+01   0.139319E+02   0.170793E+01   0.305453E+00
 0.154500E+01   0.154492E+01   0.139277E+02   0.171432E+01   0.305976E+00
 0.154800E+01   0.155011E+01   0.139382E+02   0.172070E+01   0.306499E+00
 0.155100E+01   0.155528E+01   0.139326E+02   0.172707E+01   0.307021E+00
 0.155400E+01   0.156044E+01   0.139352E+02   0.173342E+01   0.307543E+00
 0.155700E+01   0.156558E+01   0.139417E+02   0.173977E+01   0.308064E+00
 0.156000E+01   0.157071E+01   0.139460E+02   0.174610E+01   0.308585E+00
 0.156300E+01   0.157583E+01   0.139454E+02   0.175241E+01   0.309106E+00
 0.156600E+01   0.158093E+01   0.139511E+02   0.175872E+01   0.309626E+00
 0.156900E+01   0.158601E+01   0.139490E+02   0.176501E+01   0.310146E+00
 0.157200E+01   0.159109E+01   0.139588E+02   0.177129E+01   0.310666E+00
 0.157500E+01   0.159614E+01   0.139563E+02   0.177756E+01   0.311185E+00
 0.157800E+01   0.160119E+01   0.139579E+02   0.178381E+01   0.311703E+00
 0.158100E+01   0.160622E+01   0.139631E+02   0.179005E+01   0.312222E+00
 0.158400E+01   0.161123E+01   0.139698E+02   0.179628E+01   0.312740E+00
 0.158700E+01   0.161623E+01   0.139686E+02   0.180249E+01   0.313257E+00
 0.159000E+01   0.162122E+01   0.139702E+02   0.180869E+01   0.313774E+00
 0.159300E+01   0.162619E+01   0.139762E+02   0.181488E+01   0.314291E+00
 0.159600E+01   0.163114E+01   0.139817E+02   0.182105E+01   0.314807E+00
 0.159900E+01   0.163608E+01   0.139779E+02   0.182720E+01   0.315323E+00
 0.160200E+01   0.164101E+01   0.139790E+02   0.183335E+01   0.315838E+00
 0.160500E+01   0.164592E+01   0.139826E+02   0.183948E+01   0.316353E+00
 0.160800E+01   0.165081E+01   0.139871E+02   0.184559E+01   0.316868E+00
 0.161100E+01   0.165569E+01   0.139931E+02   0.185169E+01   0.317382E+00
 0.161400E+01   0.166056E+01   0.139956E+02   0.185778E+01   0.317896E+00
 0.161700E+01   0.166541E+01   0.139894E+02   0.186385E+01   0.318409E+00
 0.162000E+01   0.167024E+01   0.139930E+02   0.186990E+01   0.318922E+00
 0.162300E+01   0.167506E+01   0.139963E+02   0.187594E+01   0.319435E+00
 0.162600E+01   0.167986E+01   0.139991E+02   0.188197E+01   0.319947E+00
 0.162900E+01   0.168465E+01   0.140064E+02   0.188798E+01   0.320459E+00
 0.163200E+01   0.168942E+01   0.140085E+02   0.189397E+01   0.320970E+00
 0.163500E+01   0.169417E+01   0.140104E+02   0.189995E+01   0.321481E+00
 0.163800E+01   0.169891E+01   0.140083E+02   0.190592E+01   0.321992E+00
 0.164100E+01   0.170364E+01   0.140132E+02   0.191187E+01   0.322502E+00
 0.164400E+01   0.170835E+01   0.140131E+02   0.191780E+01   0.323012E+00
 0.164700E+01   0.171304E+01   0.140163E+02   0.192372E+01   0.323521E+00
 0.165000E+01   0.171771E+01   0.140215E+02   0.192962E+01   0.324030E+00
 0.165300E+01   0.172237E+01   0.140160E+02   0.193551E+01   0.324538E+00
 0.165600E+01   0.172702E+01   0.140216E+02   0.194138E+01   0.325047E+00
 0.165900E+01   0.173165E+01   0.140246E+02   0.194723E+01   0.325554E+00
 0.166200E+01   0.173626E+01   0.140236E+02   0.195307E+01   0.326062E+00
 0.166500E+01   0.174086E+01   0.140306E+02   0.195890E+01   0.326569E+00
 0.166800E+01   0.174544E+01   0.140264E+02   0.196470E+01   0.327075E+00
 0.167100E+01   0.175000E+01   0.140359E+02   0.197049E+01   0.327581E+00
 0.167400E+01   0.175455E+01   0.140345E+02   0.197627E+01   0.328087E+00
 0.167700E+01   0.175908E+01   0.140356E+02   0.198202E+01   0.328592E+00
 0.168000E+01   0.176360E+01   0.140370E+02   0.198777E+01   0.329097E+00
 0.168300E+01   0.176810E+01   0.140392E+02   0.199349E+01   0.329602E+00
 0.168600E+01   0.177258E+01   0.140369E+02   0.199920E+01   0.330106E+00
 0.168900E+01   0.177705E+01   0.140467E+02   0.200489E+01   0.330610E+00
 0.169200E+01   0.178150E+01   0.140444E+02   0.201057E+01   0.331113E+00
 0.169500E+01   0.178594E+01   0.140510E+02   0.201622E+01   0.331616E+00
 0.169800E+01   0.179036E+01   0.140461E+02   0.202187E+01   0.332119E+00
 0.170100E+01   0.179476E+01   0.140485E+02   0.202749E+01   0.332621E+00
 0.170400E+01   0.179915E+01   0.140528E+02   0.203310E+01   0.333123E+00
 0.170700E+01   0.180352E+01   0.140557E+02   0.203869E+01   0.333624E+00
 0.171000E+01   0.180787E+01   0.140565E+02   0.204427E+01   0.334125E+00
 0.171300E+01   0.181221E+01   0.140560E+02   0.204982E+01   0.334626E+00
 0.171600E+01   0.181653E+01   0.140536E+02   0.205536E+01   0.335126E+00
 0.171900E+01   0.182084E+01   0.140572E+02   0.206089E+01   0.335626E+00
 0.172200E+01   0.182513E+01   0.140560E+02   0.206639E+01   0.336125E+00
 0.172500E+01   0.182940E+01   0.140597E+02   0.207188E+01   0.336624E+00
 0.172800E+01   0.183366E+01   0.140637E+02   0.207736E+01   0.337123E+00
 0.173100E+01   0.183790E+01   0.140679E+02   0.208281E+01   0.337621E+00
 0.173400E+01   0.184212E+01   0.140698E+02   0.208825E+01   0.338119E+00
 0.173700E+01   0.184633E+01   0.140722E+02   0.209367E+01   0.338616E+00
 0.174000E+01   0.185052E+01   0.140735E+02   0.209907E+01   0.339113E+00
 0.174300E+01   0.185469E+01   0.140730E+02   0.210446E+01   0.339610E+00
 0.174600E+01   0.185885E+01   0.140672E+02   0.210983E+01   0.340106E+00
 0.174900E+01   0.186300E+01   0.140719E+02   0.211518E+01   0.340602E+00
 0.175200E+01   0.186712E+01   0.140710E+02   0.212052E+01   0.341098E+00
 0.175500E+01   0.187123E+01   0.140726E+02   0.212583E+01   0.341593E+00
 0.175800E+01   0.187533E+01   0.140756E+02   0.213113E+01   0.342088E+00
 0.176100E+01   0.187941E+01   0.140817E+02   0.213642E+01   0.342582E+00
 0.176400E+01   0.188347E+01   0.140778E+02   0.214168E+01   0.343076E+00
 0.176700E+01   0.188751E+01   0.140795E+02   0.214693E+01   0.343569E+00
 0.177000E+01   0.189154E+01   0.140808E+02   0.215216E+01   0.344063E+00
 0.177300E+01   0.189556E+01   0.140868E+02   0.215737E+01   0.344555E+00
 0.177600E+01   0.189955E+01   0.140839E+02   0.216257E+01   0.345048E+00
 0.177900E+01   0.190354E+01   0.140825E+02   0.216775E+01   0.345540E+00
 0.178200E+01   0.190750E+01   0.140897E+02   0.217291E+01   0.346031E+00
 0.178500E+01   0.191145E+01   0.140850E+02   0.217805E+01   0.346523E+00
 0.178800E+01   0.191538E+01   0.140863E+02   0.218318E+01   0.347013E+00
 0.179100E+01   0.191930E+01   0.140899E+02   0.218829E+01   0.347504E+00
 0.179400E+01   0.192320E+01   0.140889E+02   0.219338E+01   0.347994E+00
 0.179700E+01   0.192709E+01   0.140891E+02   0.219845E+01   0.348484E+00
 0.180000E+01   0.193096E+01   0.140917E+02   0.220351E+01   0.348973E+00
 0.180300E+01   0.193481E+01   0.140958E+02   0.220855E+01   0.349462E+00
 0.180600E+01   0.193865E+01   0.140894E+02   0.221357E+01   0.349950E+00
 0.180900E+01   0.194247E+01   0.140905E+02   0.221857E+01   0.350439E+00
 0.181200E+01   0.194628E+01   0.140956E+02   0.222356E+01   0.350926E+00
 0.181500E+01   0.195007E+01   0.140968E+02   0.222853E+01   0.351414E+00
 0.181800E+01   0.195384E+01   0.141015E+02   0.223348E+01   0.351901E+00
 0.182100E+01   0.195760E+01   0.141014E+02   0.223841E+01   0.352387E+00
 0.182400E+01   0.196135E+01   0.140938E+02   0.224333E+01   0.352874E+00
 0.182700E+01   0.196507E+01   0.140968E+02   0.224823E+01   0.353360E+00
 0.183000E+01   0.196879E+01   0.141008E+02   0.225311E+01   0.353845E+00
 0.183300E+01   0.197248E+01   0.140963E+02   0.225798E+01   0.354330E+00
 0.183600E+01   0.197616E+01   0.140989E+02   0.226282E+01   0.354815E+00
 0.183900E+01   0.197983E+01   0.141023E+02   0.226765E+01   0.355299E+00
 0.184200E+01   0.198348E+01   0.140986E+02   0.227247E+01   0.355783E+00
 0.184500E+01   0.198711E+01   0.141021E+02   0.227726E+01   0.356267E+00
 0.184800E+01   0.199073E+01   0.141025E+02   0.228204E+01   0.356750E+00
 0.185100E+01   0.199434E+01   0.141051E+02   0.228680E+01   0.357233E+00
 0.185400E+01   0.199793E+01   0.141097E+02   0.229155E+01   0.357716E+00
 0.185700E+01   0.200150E+01   0.141029E+02   0.229627E+01   0.358198E+00
 0.186000E+01   0.200506E+01   0.141082E+02   0.230098E+01   0.358679E+00
 0.186300E+01   0.200860E+01   0.141022E+02   0.230567E+01   0.359161E+00
 0.186600E+01   0.201213E+01   0.141064E+02   0.231035E+01   0.359642E+00
 0.186900E+01   0.201564E+01   0.141077E+02   0.231501E+01   0.360122E+00
 0.187200E+01   0.201914E+01   0.141129E+02   0.231965E+01   0.360603E+00
 0.187500E+01   0.202262E+01   0.141048E+02   0.232427E+01   0.361083E+00
 0.187800E+01   0.202609E+01   0.141139E+02   0.232888E+01   0.361562E+00
 0.188100E+01   0.202954E+01   0.141063E+02   0.233347E+01   0.362041E+00
 0.188400E+01   0.203298E+01   0.141146E+02   0.233804E+01   0.362520E+00
 0.188700E+01   0.203640E+01   0.141086E+02   0.234259E+01   0.362998E+00
 0.189000E+01   0.203981E+01   0.141096E+02   0.234713E+01   0.363476E+00
 0.189300E+01   0.204320E+01   0.141166E+02   0.235165E+01   0.363954E+00
 0.189600E+01   0.204658E+01   0.141119E+02   0.235616E+01   0.364431E+00
 0.189900E+01   0.204994E+01   0.141076E+02   0.236064E+01   0.364908E+00
 0.190200E+01   0.205329E+01   0.141094E+02   0.236511E+01   0.365385E+00
 0.190500E+01   0.205663E+01   0.141156E+02   0.236957E+01   0.365861E+00
 0.190800E+01   0.205994E+01   0.141149E+02   0.237401E+01   0.366337E+00
 0.191100E+01   0.206325E+01   0.141129E+02   0.237843E+01   0.366812E+00
 0.191400E+01   0.206654E+01   0.141117E+02   0.238283E+01   0.367287E+00
 0.191700E+01   0.206982E+01   0.141151E+02   0.238721E+01   0.367762E+00
 0.192000E+01   0.207308E+01   0.141127E+02   0.239158E+01   0.368237E+00
 0.192300E+01   0.207633E+01   0.141179E+02   0.239594E+01   0.368711E+00
 0.192600E+01   0.207956E+01   0.141140E+02   0.240027E+01   0.369184E+00
 0.192900E+01   0.208278E+01   0.141163E+02   0.240459E+01   0.369658E+00
 0.193200E+01   0.208598E+01   0.141192E+02   0.240890E+01   0.370131E+00
 0.193500E+01   0.208917E+01   0.141153E+02   0.241318E+01   0.370603E+00
 0.193800E+01   0.209235E+01   0.141103E+02   0.241746E+01   0.371075E+00
 0.194100E+01   0.209551E+01   0.141157E+02   0.242171E+01   0.371547E+00
 0.194400E+01   0.209866E+01   0.141162E+02   0.242595E+01   0.372019E+00
 0.194700E+01   0.210179E+01   0.141168E+02   0.243017E+01   0.372490E+00
 0.195000E+01   0.210491E+01   0.141179E+02   0.243437E+01   0.372961E+00
 0.195300E+01   0.210802E+01   0.141187E+02   0.243856E+01   0.373431E+00
 0.195600E+01   0.211111E+01   0.141176E+02   0.244273E+01   0.373901E+00
 0.195900E+01   0.211419E+01   0.141205E+02   0.244689E+01   0.374371E+00
 0.196200E+01   0.211725E+01   0.141110E+02   0.245103E+01   0.374840E+00
 0.196500E+01   0.212030E+01   0.141108E+02   0.245515E+01   0.375309E+00
 0.196800E+01   0.212334E+01   0.141118E+02   0.245926E+01   0.375778E+00
 0.197100E+01   0.212636E+01   0.141116E+02   0.246335E+01   0.376246E+00
 0.197400E+01   0.212937E+01   0.141120E+02   0.246743E+01   0.376714E+00
 0.197700E+01   0.213237E+01   0.141196E+02   0.247149E+01   0.377181E+00
 0.198000E+01   0.213535E+01   0.141201E+02   0.247553E+01   0.377649E+00
 0.198300E+01   0.213832E+01   0.141120E+02   0.247956E+01   0.378116E+00
 0.198600E+01   0.214128E+01   0.141131E+02   0.248357E+01   0.378582E+00
 0.198900E+01   0.214422E+01   0.141188E+02   0.248756E+01   0.379048E+00
 0.199200E+01   0.214715E+01   0.141106E+02   0.249154E+01   0.379514E+00
 0.199500E+01   0.215007E+01   0.141128E+02   0.249551E+01   0.379980E+00
 0.199800E+01   0.215297E+01   0.141172E+02   0.249946E+01   0.380445E+00
 0.200100E+01   0.215586E+01   0.141111E+02   0.250339E+01   0.380909E+00
 0.200400E+01   0.215874E+01   0.141142E+02   0.250731E+01   0.381374E+00
 0.200700E+01   0.216160E+01   0.141112E+02   0.251121E+01   0.381838E+00
 0.201000E+01   0.216446E+01   0.141178E+02   0.251510E+01   0.382302E+00
 0.201300E+01   0.216729E+01   0.141178E+02   0.251897E+01   0.382765E+00
 0.201600E+01   0.217012E+01   0.141173E+02   0.252282E+01   0.383228E+00
 0.201900E+01   0.217293E+01   0.141173E+02   0.252666E+01   0.383691E+00
 0.202200E+01   0.217573E+01   0.141176E+02   0.253049E+01   0.384153E+00
 0.202500E+01   0.217852E+01   0.141078E+02   0.253429E+01   0.384615E+00
 0.202800E+01   0.218129E+01   0.141172E+02   0.253809E+01   0.385077E+00
 0.203100E+01   0.218405E+01   0.141137E+02   0.254187E+01   0.385538E+00
 0.203400E+01   0.218680E+01   0.141076E+02   0.254563E+01   0.385999E+00
 0.203700E+01   0.218954E+01   0.141110E+02   0.254938E+01   0.386460E+00
 0.204000E+01   0.219226E+01   0.141088E+02   0.255311E+01   0.386920E+00
 0.204300E+01   0.219498E+01   0.141097E+02   0.255683E+01   0.387380E+00
 0.204600E+01   0.219767E+01   0.141061E+02   0.256053E+01   0.387840E+00
 0.204900E+01   0.220036E+01   0.141099E+02   0.256422E+01   0.388299E+00
 0.205200E+01   0.220304E+01   0.141112E+02   0.256789E+01   0.388758E+00
 0.205500E+01   0.220570E+01   0.141116E+02   0.257155E+01   0.389216E+00
 0.205800E+01   0.220835E+01   0.141044E+02   0.257520E+01   0.389675E+00
 0.206100E+01   0.221099E+01   0.141096E+02   0.257882E+01   0.390132E+00
 0.206400E+01   0.221361E+01   0.141046E+02   0.258244E+01   0.390590E+00
 0.206700E+01   0.221623E+01   0.141078E+02   0.258604E+01   0.391047E+00
 0.207000E+01   0.221883E+01   0.141089E+02   0.258962E+01   0.391504E+00
 0.207300E+01   0.222142E+01   0.141049E+02   0.259319E+01   0.391961E+00
 0.207600E+01   0.222400E+01   0.141062E+02   0.259675E+01   0.392417E+00
 0.207900E+01   0.222656E+01   0.141061E+02   0.260029E+01   0.392873E+00
 0.208200E+01   0.222912E+01   0.141061E+02   0.260382E+01   0.393328E+00
 0.208500E+01   0.223166E+01   0.141045E+02   0.260733E+01   0.393784E+00
 0.208800E+01   0.223419E+01   0.141052E+02   0.261083E+01   0.394239E+00
 0.209100E+01   0.223671E+01   0.141071E+02   0.261431E+01   0.394693E+00
 0.209400E+01   0.223922E+01   0.141057E+02   0.261778E+01   0.395147E+00
 0.209700E+01   0.224172E+01   0.141024E+02   0.262123E+01   0.395601E+00
 0.210000E+01   0.224420E+01   0.140982E+02   0.262467E+01   0.396055E+00
 0.210300E+01   0.224667E+01   0.141032E+02   0.262810E+01   0.396508E+00
 0.210600E+01   0.224914E+01   0.141019E+02   0.263151E+01   0.396961E+00
 0.210900E+01   0.225159E+01   0.141006E+02   0.263491E+01   0.397413E+00
 0.211200E+01   0.225403E+01   0.141023E+02   0.263830E+01   0.397866E+00
 0.211500E+01   0.225645E+01   0.141017E+02   0.264167E+01   0.398318E+00
 0.211800E+01   0.225887E+01   0.140980E+02   0.264502E+01   0.398769E+00
 0.212100E+01   0.226128E+01   0.140970E+02   0.264837E+01   0.399220E+00
 0.212400E+01   0.226367E+01   0.141005E+02   0.265170E+01   0.399671E+00
 0.212700E+01   0.226605E+01   0.140964E+02   0.265501E+01   0.400122E+00
 0.213000E+01   0.226843E+01   0.140993E+02   0.265831E+01   0.400572E+00
 0.213300E+01   0.227079E+01   0.140960E+02   0.266160E+01   0.401022E+00
 0.213600E+01   0.227314E+01   0.140986E+02   0.266488E+01   0.401472E+00
 0.213900E+01   0.227548E+01   0.140960E+02   0.266814E+01   0.401921E+00
 0.214200E+01   0.227781E+01   0.140974E+02   0.267139E+01   0.402370E+00
 0.214500E+01   0.228013E+01   0.140961E+02   0.267462E+01   0.402819E+00
 0.214800E+01   0.228243E+01   0.140903E+02   0.267784E+01   0.403267E+00
 0.215100E+01   0.228473E+01   0.140869E+02   0.268105E+01   0.403715E+00
 0.215400E+01   0.228702E+01   0.140927E+02   0.268424E+01   0.404163E+00
 0.215700E+01   0.228929E+01   0.140917E+02   0.268742E+01   0.404610E+00
 0.216000E+01   0.229156E+01   0.140909E+02   0.269059E+01   0.405057E+00
 0.216300E+01   0.229381E+01   0.140870E+02   0.269374E+01   0.405504E+00
 0.216600E+01   0.229605E+01   0.140910E+02   0.269688E+01   0.405951E+00
 0.216900E+01   0.229829E+01   0.140908E+02   0.270001E+01   0.406397E+00
 0.217200E+01   0.230051E+01   0.140862E+02   0.270313E+01   0.406842E+00
 0.217500E+01   0.230272E+01   0.140869E+02   0.270623E+01   0.407288E+00
 0.217800E+01   0.230493E+01   0.140815E+02   0.270932E+01   0.407733E+00
 0.218100E+01   0.230712E+01   0.140810E+02   0.271240E+01   0.408178E+00
 0.218400E+01   0.230930E+01   0.140847E+02   0.271546E+01   0.408622E+00
 0.218700E+01   0.231147E+01   0.140845E+02   0.271851E+01   0.409067E+00
 0.219000E+01   0.231364E+01   0.140830E+02   0.272155E+01   0.409511E+00
 0.219300E+01   0.231579E+01   0.140773E+02   0.272457E+01   0.409954E+00
 0.219600E+01   0.231793E+01   0.140752E+02   0.272759E+01   0.410397E+00
 0.219900E+01   0.232006E+01   0.140825E+02   0.273059E+01   0.410840E+00
 0.220200E+01   0.232218E+01   0.140743E+02   0.273357E+01   0.411283E+00
 0.220500E+01   0.232430E+01   0.140741E+02   0.273655E+01   0.411725E+00
 0.220800E+01   0.232640E+01   0.140759E+02   0.273951E+01   0.412167E+00
 0.221100E+01   0.232849E+01   0.140768E+02   0.274246E+01   0.412609E+00
 0.221400E+01   0.233057E+01   0.140791E+02   0.274540E+01   0.413050E+00
 0.221700E+01   0.233265E+01   0.140766E+02   0.274832E+01   0.413492E+00
 0.222000E+01   0.233471E+01   0.140725E+02   0.275124E+01   0.413932E+00
 0.222300E+01   0.233677E+01   0.140727E+02   0.275414E+01   0.414373E+00
 0.222600E+01   0.233881E+01   0.140755E+02   0.275703E+01   0.414813E+00
 0.222900E+01   0.234084E+01   0.140657E+02   0.275990E+01   0.415253E+00
 0.223200E+01   0.234287E+01   0.140700E+02   0.276277E+01   0.415692E+00
 0.223500E+01   0.234489E+01   0.140698E+02   0.276562E+01   0.416132E+00
 0.223800E+01   0.234689E+01   0.140723E+02   0.276846E+01   0.416570E+00
 0.224100E+01   0.234889E+01   0.140712E+02   0.277129E+01   0.417009E+00
 0.224400E+01   0.235088E+01   0.140679E+02   0.277410E+01   0.417447E+00
 0.224700E+01   0.235286E+01   0.140654E+02   0.277691E+01   0.417885E+00
 0.225000E+01   0.235483E+01   0.140649E+02   0.277970E+01   0.418323E+00
 0.225300E+01   0.235679E+01   0.140653E+02   0.278248E+01   0.418761E+00
 0.225600E+01   0.235874E+01   0.140588E+02   0.278525E+01   0.419198E+00
 0.225900E+01   0.236068E+01   0.140621E+02   0.278801E+01   0.419634E+00
 0.226200E+01   0.236261E+01   0.140581E+02   0.279076E+01   0.420071E+00
 0.226500E+01   0.236454E+01   0.140608E+02   0.279349E+01   0.420507E+00
 0.226800E+01   0.236645E+01   0.140587E+02   0.279621E+01   0.420943E+00
 0.227100E+01   0.236836E+01   0.140593E+02   0.279892E+01   0.421379E+00
 0.227400E+01   0.237026E+01   0.140562E+02   0.280162E+01   0.421814E+00
 0.227700E+01   0.237215E+01   0.140581E+02   0.280431E+01   0.422249E+00
 0.228000E+01   0.237403E+01   0.140506E+02   0.280699E+01   0.422684E+00
 0.228300E+01   0.237590E+01   0.140542E+02   0.280966E+01   0.423118E+00
 0.228600E+01   0.237776E+01   0.140469E+02   0.281231E+01   0.423552E+00
 0.228900E+01   0.237961E+01   0.140482E+02   0.281495E+01   0.423986E+00
 0.229200E+01   0.238146E+01   0.140543E+02   0.281759E+01   0.424419E+00
 0.229500E+01   0.238330E+01   0.140466E+02   0.282021E+01   0.424853E+00
 0.229800E+01   0.238512E+01   0.140484E+02   0.282282E+01   0.425286E+00
 0.230100E+01   0.238694E+01   0.140469E+02   0.282542E+01   0.425718E+00
 0.230400E+01   0.238875E+01   0.140487E+02   0.282800E+01   0.426150E+00
 0.230700E+01   0.239056E+01   0.140421E+02   0.283058E+01   0.426582E+00
 0.231000E+01   0.239235E+01   0.140460E+02   0.283315E+01   0.427014E+00
 0.231300E+01   0.239414E+01   0.140400E+02   0.283570E+01   0.427446E+00
 0.231600E+01   0.239591E+01   0.140393E+02   0.283825E+01   0.427877E+00
 0.231900E+01   0.239768E+01   0.140408E+02   0.284078E+01   0.428308E+00
 0.232200E+01   0.239944E+01   0.140390E+02   0.284330E+01   0.428738E+00
 0.232500E+01   0.240120E+01   0.140424E+02   0.284581E+01   0.429168E+00
 0.232800E+01   0.240294E+01   0.140386E+02   0.284832E+01   0.429598E+00
 0.233100E+01   0.240468E+01   0.140391E+02   0.285081E+01   0.430028E+00
 0.233400E+01   0.240641E+01   0.140326E+02   0.285329E+01   0.430458E+00
 0.233700E+01   0.240813E+01   0.140366E+02   0.285576E+01   0.430887E+00
 0.234000E+01   0.240984E+01   0.140313E+02   0.285822E+01   0.431315E+00
 0.234300E+01   0.241154E+01   0.140322E+02   0.286066E+01   0.431744E+00
 0.234600E+01   0.241324E+01   0.140313E+02   0.286310E+01   0.432172E+00
 0.234900E+01   0.241493E+01   0.140322E+02   0.286553E+01   0.432600E+00
 0.235200E+01   0.241661E+01   0.140287E+02   0.286795E+01   0.433028E+00
 0.235500E+01   0.241828E+01   0.140217E+02   0.287036E+01   0.433455E+00
 0.235800E+01   0.241995E+01   0.140217E+02   0.287275E+01   0.433882E+00
 0.236100E+01   0.242161E+01   0.140211E+02   0.287514E+01   0.434309E+00
 0.236400E+01   0.242326E+01   0.140200E+02   0.287752E+01   0.434736E+00
 0.236700E+01   0.242490E+01   0.140240E+02   0.287988E+01   0.435162E+00
 0.237000E+01   0.242653E+01   0.140235E+02   0.288224E+01   0.435588E+00
 0.237300E+01   0.242816E+01   0.140158E+02   0.288459E+01   0.436014E+00
 0.237600E+01   0.242978E+01   0.140161E+02   0.288692E+01   0.436439E+00
 0.237900E+01   0.243139E+01   0.140149E+02   0.288925E+01   0.436864E+00
 0.238200E+01   0.243299E+01   0.140108E+02   0.289157E+01   0.437289E+00
 0.238500E+01   0.243459E+01   0.140148E+02   0.289387E+01   0.437713E+00
 0.238800E+01   0.243618E+01   0.140159E+02   0.289617E+01   0.438138E+00
 0.239100E+01   0.243776E+01   0.140165E+02   0.289846E+01   0.438562E+00
 0.239400E+01   0.243934E+01   0.140148E+02   0.290073E+01   0.438985E+00
 0.239700E+01   0.244090E+01   0.140064E+02   0.290300E+01   0.439409E+00
 0.240000E+01   0.244246E+01   0.140076E+02   0.290526E+01   0.439832E+00
 0.240300E+01   0.244402E+01   0.140102E+02   0.290751E+01   0.440255E+00
 0.240600E+01   0.244556E+01   0.140034E+02   0.290975E+01   0.440677E+00
 0.240900E+01   0.244710E+01   0.140075E+02   0.291198E+01   0.441100E+00
 0.241200E+01   0.244863E+01   0.140032E+02   0.291420E+01   0.441522E+00
 0.241500E+01   0.245016E+01   0.140012E+02   0.291641E+01   0.441944E+00
 0.241800E+01   0.245167E+01   0.139995E+02   0.291861E+01   0.442365E+00
 0.242100E+01   0.245318E+01   0.140041E+02   0.292080E+01   0.442786E+00
 0.242400E+01   0.245469E+01   0.139938E+02   0.292298E+01   0.443207E+00
 0.242700E+01   0.245618E+01   0.140022E+02   0.292515E+01   0.443628E+00
 0.243000E+01   0.245767E+01   0.139960E+02   0.292732E+01   0.444048E+00
 0.243300E+01   0.245915E+01   0.139918E+02   0.292947E+01   0.444468E+00
 0.243600E+01   0.246063E+01   0.139888E+02   0.293161E+01   0.444888E+00
 0.243900E+01   0.246210E+01   0.139938E+02   0.293375E+01   0.445308E+00
 0.244200E+01   0.246356E+01   0.139880E+02   0.293588E+01   0.445727E+00
 0.244500E+01   0.246501E+01   0.139869E+02   0.293799E+01   0.446146E+00
 0.244800E+01   0.246646E+01   0.139893E+02   0.294010E+01   0.446565E+00
 0.245100E+01   0.246790E+01   0.139856E+02   0.294220E+01   0.446983E+00
 0.245400E+01   0.246934E+01   0.139820E+02   0.294429E+01   0.447401E+00
 0.245700E+01   0.247076E+01   0.139811E+02   0.294637E+01   0.447819E+00
 0.246000E+01   0.247219E+01   0.139793E+02   0.294845E+01   0.448237E+00
 0.246300E+01   0.247360E+01   0.139836E+02   0.295051E+01   0.448654E+00
 0.246600E+01   0.247501E+01   0.139758E+02   0.295257E+01   0.449071E+00
 0.246900E+01   0.247641E+01   0.139824E+02   0.295461E+01   0.449488E+00
 0.247200E+01   0.247780E+01   0.139806E+02   0.295665E+01   0.449905E+00
 0.247500E+01   0.247919E+01   0.139811E+02   0.295868E+01   0.450321E+00
 0.247800E+01   0.248058E+01   0.139773E+02   0.296070E+01   0.450737E+00
 0.248100E+01   0.248195E+01   0.139775E+02   0.296271E+01   0.451153E+00
 0.248400E+01   0.248332E+01   0.139716E+02   0.296471E+01   0.451569E+00
 0.248700E+01   0.248468E+01   0.139741E+02   0.296671E+01   0.451984E+00
 0.249000E+01   0.248604E+01   0.139734E+02   0.296869E+01   0.452399E+00
 0.249300E+01   0.248739E+01   0.139725E+02   0.297067E+01   0.452813E+00
 0.249600E+01   0.248873E+01   0.139701E+02   0.297264E+01   0.453228E+00
 0.249900E+01   0.249007E+01   0.139690E+02   0.297460E+01   0.453642E+00
 0.250200E+01   0.249140E+01   0.139651E+02   0.297655E+01   0.454056E+00
 0.250500E+01   0.249273E+01   0.139675E+02   0.297849E+01   0.454470E+00
 0.250800E+01   0.249405E+01   0.139669E+02   0.298043E+01   0.454883E+00
 0.251100E+01   0.249536E+01   0.139565E+02   0.298235E+01   0.455296E+00
 0.251400E+01   0.249667E+01   0.139604E+02   0.298427E+01   0.455709E+00
 0.251700E+01   0.249797E+01   0.139545E+02   0.298618E+01   0.456122E+00
 0.252000E+01   0.249927E+01   0.139602E+02   0.298809E+01   0.456534E+00
 0.252300E+01   0.250056E+01   0.139589E+02   0.298998E+01   0.456946E+00
 0.252600E+01   0.250184E+01   0.139579E+02   0.299187E+01   0.457358E+00
 0.252900E+01   0.250312E+01   0.139565E+02   0.299374E+01   0.457770E+00
 0.253200E+01   0.250439E+01   0.139559E+02   0.299561E+01   0.458181E+00
 0.253500E+01   0.250565E+01   0.139543E+02   0.299747E+01   0.458592E+00
 0.253800E+01   0.250691E+01   0.139452E+02   0.299933E+01   0.459003E+00
 0.254100E+01   0.250817E+01   0.139446E+02   0.300117E+01   0.459413E+00
 0.254400E+01   0.250941E+01   0.139454E+02   0.300301E+01   0.459824E+00
 0.254700E+01   0.251066E+01   0.139422E+02   0.300484E+01   0.460234E+00
 0.255000E+01   0.251189E+01   0.139426E+02   0.300666E+01   0.460643E+00
 0.255300E+01   0.251312E+01   0.139405E+02   0.300848E+01   0.461053E+00
 0.255600E+01   0.251435E+01   0.139391E+02   0.301028E+01   0.461462E+00
 0.255900E+01   0.251557E+01   0.139338E+02   0.301208E+01   0.461871E+00
 0.256200E+01   0.251678E+01   0.139354E+02   0.301387E+01   0.462280E+00
 0.256500E+01   0.251799E+01   0.139365E+02   0.301566E+01   0.462688E+00
 0.256800E+01   0.251919E+01   0.139333E+02   0.301743E+01   0.463097E+00
 0.257100E+01   0.252039E+01   0.139352E+02   0.301920E+01   0.463505E+00
 0.257400E+01   0.252158E+01   0.139333E+02   0.302096E+01   0.463912E+00
 0.257700E+01   0.252276E+01   0.139265E+02   0.302271E+01   0.464320E+00
 0.258000E+01   0.252394E+01   0.139325E+02   0.302446E+01   0.464727E+00
 0.258300E+01   0.252512E+01   0.139305E+02   0.302620E+01   0.465134E+00
 0.258600E+01   0.252629E+01   0.139308E+02   0.302793E+01   0.465541E+00
 0.258900E+01   0.252745E+01   0.139264E+02   0.302965E+01   0.465947E+00
 0.259200E+01   0.252861E+01   0.139270E+02   0.303136E+01   0.466353E+00
 0.259500E+01   0.252976E+01   0.139256E+02   0.303307E+01   0.466759E+00
 0.259800E+01   0.253091E+01   0.139247E+02   0.303477E+01   0.467165E+00
 0.260100E+01   0.253206E+01   0.139147E+02   0.303647E+01   0.467571E+00
 0.260400E+01   0.253319E+01   0.139174E+02   0.303815E+01   0.467976E+00
 0.260700E+01   0.253432E+01   0.139154E+02   0.303983E+01   0.468381E+00
 0.261000E+01   0.253545E+01   0.139151E+02   0.304150E+01   0.468786E+00
 0.261300E+01   0.253657E+01   0.139089E+02   0.304317E+01   0.469190E+00
 0.261600E+01   0.253769E+01   0.139136E+02   0.304482E+01   0.469594E+00
 0.261900E+01   0.253880E+01   0.139075E+02   0.304647E+01   0.469998E+00
 0.262200E+01   0.253991E+01   0.139118E+02   0.304812E+01   0.470402E+00
 0.262500E+01   0.254101E+01   0.139103E+02   0.304975E+01   0.470805E+00
 0.262800E+01   0.254210E+01   0.139019E+02   0.305138E+01   0.471209E+00
 0.263100E+01   0.254319E+01   0.139031E+02   0.305300E+01   0.471612E+00
 0.263400E+01   0.254428E+01   0.139049E+02   0.305462E+01   0.472014E+00
 0.263700E+01   0.254536E+01   0.138969E+02   0.305622E+01   0.472417E+00
 0.264000E+01   0.254644E+01   0.138984E+02   0.305783E+01   0.472819E+00
 0.264300E+01   0.254751E+01   0.138998E+02   0.305942E+01   0.473221E+00
 0.264600E+01   0.254857E+01   0.138996E+02   0.306101E+01   0.473623E+00
 0.264900E+01   0.254963E+01   0.139001E+02   0.306259E+01   0.474025E+00
 0.265200E+01   0.255069E+01   0.138896E+02   0.306416E+01   0.474426E+00
 0.265500E+01   0.255174E+01   0.138930E+02   0.306573E+01   0.474827E+00
 0.265800E+01   0.255279E+01   0.138865E+02   0.306729E+01   0.475228E+00
 0.266100E+01   0.255383E+01   0.138856E+02   0.306884E+01   0.475628E+00
 0.266400E+01   0.255487E+01   0.138860E+02   0.307039E+01   0.476029E+00
 0.266700E+01   0.255590E+01   0.138820E+02   0.307192E+01   0.476429E+00
 0.267000E+01   0.255693E+01   0.138875E+02   0.307346E+01   0.476829E+00
 0.267300E+01   0.255795E+01   0.138869E+02   0.307498E+01   0.477228E+00
 0.267600E+01   0.255897E+01   0.138794E+02   0.307650E+01   0.477628E+00
 0.267900E+01   0.255998E+01   0.138796E+02   0.307802E+01   0.478027E+00
 0.268200E+01   0.256099E+01   0.138751E+02   0.307952E+01   0.478426E+00
 0.268500E+01   0.256199E+01   0.138797E+02   0.308102E+01   0.478824E+00
 0.268800E+01   0.256299E+01   0.138809E+02   0.308252E+01   0.479223E+00
 0.269100E+01   0.256398E+01   0.138790E+02   0.308401E+01   0.479621E+00
 0.269400E+01   0.256497E+01   0.138771E+02   0.308549E+01   0.480019E+00
 0.269700E+01   0.256596E+01   0.138734E+02   0.308696E+01   0.480417E+00
 0.270000E+01   0.256694E+01   0.138666E+02   0.308843E+01   0.480814E+00
 0.270300E+01   0.256792E+01   0.138675E+02   0.308989E+01   0.481211E+00
 0.270600E+01   0.256889E+01   0.138643E+02   0.309135E+01   0.481608E+00
 0.270900E+01   0.256985E+01   0.138630E+02   0.309280E+01   0.482005E+00
 0.271200E+01   0.257082E+01   0.138646E+02   0.309424E+01   0.482401E+00
 0.271500E+01   0.257178E+01   0.138606E+02   0.309567E+01   0.482798E+00
 0.271800E+01   0.257273E+01   0.138583E+02   0.309711E+01   0.483194E+00
 0.272100E+01   0.257368E+01   0.138628E+02   0.309853E+01   0.483590E+00
 0.272400E+01   0.257462E+01   0.138557E+02   0.309995E+01   0.483985E+00
 0.272700E+01   0.257556E+01   0.138526E+02   0.310136E+01   0.484381E+00
 0.273000E+01   0.257650E+01   0.138549E+02   0.310276E+01   0.484776E+00
 0.273300E+01   0.257743E+01   0.138537E+02   0.310416E+01   0.485171E+00
 0.273600E+01   0.257836E+01   0.138519E+02   0.310556E+01   0.485565E+00
 0.273900E+01   0.257928E+01   0.138495E+02   0.310695E+01   0.485960E+00
 0.274200E+01   0.258020E+01   0.138469E+02   0.310833E+01   0.486354E+00
 0.274500E+01   0.258112E+01   0.138449E+02   0.310970E+01   0.486748E+00
 0.274800E+01   0.258203E+01   0.138425E+02   0.311107E+01   0.487142E+00
 0.275100E+01   0.258293E+01   0.138433E+02   0.311244E+01   0.487536E+00
 0.275400E+01   0.258384E+01   0.138423E+02   0.311379E+01   0.487929E+00
 0.275700E+01   0.258473E+01   0.138433E+02   0.311514E+01   0.488322E+00
 0.276000E+01   0.258563E+01   0.138420E+02   0.311649E+01   0.488715E+00
 0.276300E+01   0.258652E+01   0.138408E+02   0.311783E+01   0.489107E+00
 0.276600E+01   0.258740E+01   0.138396E+02   0.311916E+01   0.489500E+00
 0.276900E+01   0.258829E+01   0.138385E+02   0.312049E+01   0.489892E+00
 0.277200E+01   0.258916E+01   0.138377E+02   0.312182E+01   0.490284E+00
 0.277500E+01   0.259004E+01   0.138306E+02   0.312313E+01   0.490675E+00
 0.277800E+01   0.259091E+01   0.138305E+02   0.312444E+01   0.491067E+00
 0.278100E+01   0.259177E+01   0.138276E+02   0.312575E+01   0.491458E+00
 0.278400E+01   0.259263E+01   0.138266E+02   0.312705E+01   0.491848E+00
 0.278700E+01   0.259349E+01   0.138305E+02   0.312835E+01   0.492239E+00
 0.279000E+01   0.259435E+01   0.138223E+02   0.312964E+01   0.492629E+00
 0.279300E+01   0.259520E+01   0.138264E+02   0.313092E+01   0.493019E+00
 0.279600E+01   0.259604E+01   0.138195E+02   0.313220E+01   0.493409E+00
 0.279900E+01   0.259688E+01   0.138237E+02   0.313347E+01   0.493799E+00
 0.280200E+01   0.259772E+01   0.138205E+02   0.313474E+01   0.494188E+00
 0.280500E+01   0.259856E+01   0.138230E+02   0.313600E+01   0.494578E+00
 0.280800E+01   0.259939E+01   0.138144E+02   0.313725E+01   0.494967E+00
 0.281100E+01   0.260021E+01   0.138128E+02   0.313850E+01   0.495357E+00
 0.281400E+01   0.260103E+01   0.138114E+02   0.313974E+01   0.495746E+00
