 0.745400E-10   0.000000E+00   0.000000E+00   0.000000E+00   0.158100E-10
 0.300000E-02   0.595753E+00   0.209758E+03   0.600810E+00   0.635330E-03
 0.600000E-02   0.549116E+00   0.183875E+03   0.553683E+00   0.127059E-02
 0.900000E-02   0.529110E+00   0.180615E+03   0.533515E+00   0.190285E-02
 0.120000E-01   0.518018E+00   0.180708E+03   0.522336E+00   0.253263E-02
 0.150000E-01   0.510340E+00   0.181194E+03   0.514591E+00   0.316046E-02
 0.180000E-01   0.504740E+00   0.182013E+03   0.508938E+00   0.378686E-02
 0.210000E-01   0.497874E+00   0.181857E+03   0.502000E+00   0.441236E-02
 0.240000E-01   0.492668E+00   0.182439E+03   0.496739E+00   0.503748E-02
 0.270000E-01   0.484499E+00   0.181480E+03   0.488480E+00   0.566275E-02
 0.300000E-01   0.476304E+00   0.180411E+03   0.480195E+00   0.628869E-02
 0.330000E-01   0.467446E+00   0.178846E+03   0.471240E+00   0.691549E-02
 0.360000E-01   0.457275E+00   0.176492E+03   0.460957E+00   0.754302E-02
 0.390000E-01   0.453305E+00   0.176864E+03   0.456945E+00   0.817110E-02
 0.420000E-01   0.452635E+00   0.178605E+03   0.456270E+00   0.879957E-02
 0.450000E-01   0.444411E+00   0.176685E+03   0.447957E+00   0.942827E-02
 0.480000E-01   0.439149E+00   0.176045E+03   0.442638E+00   0.100570E-01
 0.510000E-01   0.432645E+00   0.174766E+03   0.436066E+00   0.106857E-01
 0.540000E-01   0.425823E+00   0.173309E+03   0.429172E+00   0.113141E-01
 0.570000E-01   0.441704E+00   0.182223E+03   0.445228E+00   0.119422E-01
 0.600000E-01   0.448424E+00   0.187091E+03   0.452022E+00   0.125701E-01
 0.630000E-01   0.451849E+00   0.190448E+03   0.455485E+00   0.131977E-01
 0.660000E-01   0.453476E+00   0.192969E+03   0.457129E+00   0.138251E-01
 0.690000E-01   0.453849E+00   0.194903E+03   0.457506E+00   0.144523E-01
 0.720000E-01   0.452588E+00   0.196039E+03   0.456231E+00   0.150795E-01
 0.750000E-01   0.453437E+00   0.198326E+03   0.457089E+00   0.157066E-01
 0.780000E-01   0.451459E+00   0.199176E+03   0.455091E+00   0.163338E-01
 0.810000E-01   0.449216E+00   0.199930E+03   0.452825E+00   0.169609E-01
 0.840000E-01   0.445532E+00   0.199964E+03   0.449103E+00   0.175880E-01
 0.870000E-01   0.442931E+00   0.200621E+03   0.446476E+00   0.182151E-01
 0.900000E-01   0.440794E+00   0.201577E+03   0.444317E+00   0.188422E-01
 0.930000E-01   0.435853E+00   0.201093E+03   0.439327E+00   0.194693E-01
 0.960000E-01   0.433388E+00   0.201983E+03   0.436838E+00   0.200963E-01
 0.990000E-01   0.431144E+00   0.203053E+03   0.434572E+00   0.207232E-01
 0.102000E+00   0.425581E+00   0.202416E+03   0.428954E+00   0.213500E-01
 0.105000E+00   0.420290E+00   0.201997E+03   0.423612E+00   0.219768E-01
 0.108000E+00   0.417930E+00   0.203199E+03   0.421229E+00   0.226035E-01
 0.111000E+00   0.411400E+00   0.202261E+03   0.414635E+00   0.232301E-01
 0.114000E+00   0.410203E+00   0.204230E+03   0.413428E+00   0.238567E-01
 0.117000E+00   0.401763E+00   0.202422E+03   0.404906E+00   0.244832E-01
 0.120000E+00   0.396298E+00   0.202273E+03   0.399389E+00   0.251096E-01
 0.123000E+00   0.391597E+00   0.202603E+03   0.394643E+00   0.257360E-01
 0.126000E+00   0.394839E+00   0.207301E+03   0.397919E+00   0.263623E-01
 0.129000E+00   0.389965E+00   0.207716E+03   0.393000E+00   0.269885E-01
 0.132000E+00   0.387936E+00   0.209793E+03   0.390953E+00   0.276147E-01
 0.135000E+00   0.381509E+00   0.209513E+03   0.384466E+00   0.282409E-01
 0.138000E+00   0.377889E+00   0.210889E+03   0.380812E+00   0.288669E-01
 0.141000E+00   0.371143E+00   0.210590E+03   0.374004E+00   0.294929E-01
 0.144000E+00   0.363697E+00   0.209970E+03   0.366489E+00   0.301189E-01
 0.147000E+00   0.354798E+00   0.208594E+03   0.357507E+00   0.307448E-01
 0.150000E+00   0.350152E+00   0.209710E+03   0.352819E+00   0.313706E-01
 0.153000E+00   0.351673E+00   0.214531E+03   0.354357E+00   0.319963E-01
 0.156000E+00   0.355395E+00   0.220901E+03   0.358117E+00   0.326220E-01
 0.159000E+00   0.358796E+00   0.227353E+03   0.361552E+00   0.332476E-01
 0.162000E+00   0.354811E+00   0.229450E+03   0.357531E+00   0.338732E-01
 0.165000E+00   0.354558E+00   0.234037E+03   0.357277E+00   0.344987E-01
 0.168000E+00   0.352121E+00   0.237423E+03   0.354819E+00   0.351241E-01
 0.171000E+00   0.341943E+00   0.235941E+03   0.344547E+00   0.357494E-01
 0.174000E+00   0.338463E+00   0.238910E+03   0.341037E+00   0.363747E-01
 0.177000E+00   0.327573E+00   0.237098E+03   0.330047E+00   0.369999E-01
 0.180000E+00   0.318611E+00   0.236613E+03   0.321004E+00   0.376251E-01
 0.183000E+00   0.310398E+00   0.236689E+03   0.312717E+00   0.382502E-01
 0.186000E+00   0.293936E+00   0.231082E+03   0.296106E+00   0.388752E-01
 0.189000E+00   0.281785E+00   0.228357E+03   0.283847E+00   0.395002E-01
 0.192000E+00   0.269385E+00   0.225351E+03   0.271336E+00   0.401251E-01
 0.195000E+00   0.257242E+00   0.222387E+03   0.259086E+00   0.407499E-01
 0.198000E+00   0.243595E+00   0.218083E+03   0.245318E+00   0.413747E-01
 0.201000E+00   0.230644E+00   0.214016E+03   0.232254E+00   0.419993E-01
 0.204000E+00   0.217321E+00   0.209282E+03   0.218815E+00   0.426240E-01
 0.207000E+00   0.205265E+00   0.205173E+03   0.206654E+00   0.432485E-01
 0.210000E+00   0.192650E+00   0.200076E+03   0.193931E+00   0.438730E-01
 0.213000E+00   0.182255E+00   0.196466E+03   0.183447E+00   0.444974E-01
 0.216000E+00   0.172072E+00   0.192530E+03   0.173177E+00   0.451218E-01
 0.219000E+00   0.160988E+00   0.186974E+03   0.161999E+00   0.457461E-01
 0.222000E+00   0.154697E+00   0.186047E+03   0.155655E+00   0.463703E-01
 0.225000E+00   0.145912E+00   0.181706E+03   0.146796E+00   0.469945E-01
 0.228000E+00   0.137864E+00   0.177465E+03   0.138680E+00   0.476186E-01
 0.231000E+00   0.129724E+00   0.172157E+03   0.130472E+00   0.482426E-01
 0.234000E+00   0.124839E+00   0.170825E+03   0.125548E+00   0.488665E-01
 0.237000E+00   0.121606E+00   0.171800E+03   0.122289E+00   0.494904E-01
 0.240000E+00   0.116830E+00   0.169798E+03   0.117473E+00   0.501142E-01
 0.243000E+00   0.113441E+00   0.169930E+03   0.114057E+00   0.507380E-01
 0.246000E+00   0.108332E+00   0.165889E+03   0.108906E+00   0.513617E-01
 0.249000E+00   0.103129E+00   0.160283E+03   0.103660E+00   0.519853E-01
 0.252000E+00   0.989479E-01   0.155790E+03   0.994430E-01   0.526088E-01
 0.255000E+00   0.972010E-01   0.157572E+03   0.976818E-01   0.532323E-01
 0.258000E+00   0.936589E-01   0.152673E+03   0.941093E-01   0.538557E-01
 0.261000E+00   0.907831E-01   0.148470E+03   0.912084E-01   0.544791E-01
 0.264000E+00   0.878866E-01   0.142199E+03   0.882863E-01   0.551024E-01
 0.267000E+00   0.848719E-01   0.132588E+03   0.852449E-01   0.557256E-01
 0.270000E+00   0.824844E-01   0.123143E+03   0.828358E-01   0.563487E-01
 0.273000E+00   0.808128E-01   0.115288E+03   0.811489E-01   0.569718E-01
 0.276000E+00   0.794604E-01   0.106995E+03   0.797839E-01   0.575948E-01
 0.279000E+00   0.787524E-01   0.101930E+03   0.790689E-01   0.582177E-01
 0.282000E+00   0.782585E-01   0.971326E+02   0.785699E-01   0.588406E-01
 0.285000E+00   0.778567E-01   0.914116E+02   0.781638E-01   0.594634E-01
 0.288000E+00   0.776937E-01   0.869664E+02   0.779986E-01   0.600861E-01
 0.291000E+00   0.776666E-01   0.829215E+02   0.779707E-01   0.607088E-01
 0.294000E+00   0.777282E-01   0.787642E+02   0.780321E-01   0.613314E-01
 0.297000E+00   0.778728E-01   0.745943E+02   0.781774E-01   0.619539E-01
 0.300000E+00   0.781153E-01   0.711146E+02   0.784216E-01   0.625763E-01
 0.303000E+00   0.784184E-01   0.677414E+02   0.787269E-01   0.631987E-01
 0.306000E+00   0.787837E-01   0.648245E+02   0.790951E-01   0.638210E-01
 0.309000E+00   0.791868E-01   0.618194E+02   0.795013E-01   0.644433E-01
 0.312000E+00   0.796378E-01   0.593314E+02   0.799562E-01   0.650655E-01
 0.315000E+00   0.801205E-01   0.569567E+02   0.804430E-01   0.656876E-01
 0.318000E+00   0.806357E-01   0.549383E+02   0.809627E-01   0.663096E-01
 0.321000E+00   0.811729E-01   0.529454E+02   0.815046E-01   0.669316E-01
 0.324000E+00   0.817335E-01   0.512004E+02   0.820703E-01   0.675535E-01
 0.327000E+00   0.823267E-01   0.504853E+02   0.826690E-01   0.681753E-01
 0.330000E+00   0.829388E-01   0.502441E+02   0.832869E-01   0.687971E-01
 0.333000E+00   0.835538E-01   0.493562E+02   0.839076E-01   0.694188E-01
 0.336000E+00   0.841780E-01   0.482509E+02   0.845378E-01   0.700404E-01
 0.339000E+00   0.848113E-01   0.469332E+02   0.851773E-01   0.706619E-01
 0.342000E+00   0.854561E-01   0.456691E+02   0.858284E-01   0.712834E-01
 0.345000E+00   0.861118E-01   0.445156E+02   0.864907E-01   0.719048E-01
 0.348000E+00   0.867778E-01   0.434614E+02   0.871634E-01   0.725262E-01
 0.351000E+00   0.874536E-01   0.425604E+02   0.878461E-01   0.731474E-01
 0.354000E+00   0.881436E-01   0.426206E+02   0.885432E-01   0.737686E-01
 0.357000E+00   0.888366E-01   0.420216E+02   0.892435E-01   0.743897E-01
 0.360000E+00   0.895373E-01   0.414624E+02   0.899516E-01   0.750108E-01
 0.363000E+00   0.902474E-01   0.415152E+02   0.906693E-01   0.756318E-01
 0.366000E+00   0.909624E-01   0.411301E+02   0.913920E-01   0.762527E-01
 0.369000E+00   0.916856E-01   0.414175E+02   0.921231E-01   0.768735E-01
 0.372000E+00   0.924141E-01   0.413897E+02   0.928597E-01   0.774943E-01
 0.375000E+00   0.931482E-01   0.408099E+02   0.936020E-01   0.781149E-01
 0.378000E+00   0.938888E-01   0.401592E+02   0.943510E-01   0.787356E-01
 0.381000E+00   0.946362E-01   0.397707E+02   0.951070E-01   0.793561E-01
 0.384000E+00   0.953910E-01   0.406247E+02   0.958705E-01   0.799766E-01
 0.387000E+00   0.961512E-01   0.408854E+02   0.966396E-01   0.805970E-01
 0.390000E+00   0.969175E-01   0.402448E+02   0.974149E-01   0.812173E-01
 0.393000E+00   0.976901E-01   0.395425E+02   0.981967E-01   0.818375E-01
 0.396000E+00   0.984693E-01   0.394039E+02   0.989853E-01   0.824577E-01
 0.399000E+00   0.992548E-01   0.394662E+02   0.997804E-01   0.830778E-01
 0.402000E+00   0.100047E+00   0.395317E+02   0.100582E+00   0.836978E-01
 0.405000E+00   0.100845E+00   0.390547E+02   0.101390E+00   0.843177E-01
 0.408000E+00   0.101650E+00   0.382899E+02   0.102205E+00   0.849376E-01
 0.411000E+00   0.102461E+00   0.374178E+02   0.103027E+00   0.855574E-01
 0.414000E+00   0.103279E+00   0.366008E+02   0.103856E+00   0.861771E-01
 0.417000E+00   0.104104E+00   0.358202E+02   0.104691E+00   0.867967E-01
 0.420000E+00   0.104936E+00   0.350896E+02   0.105533E+00   0.874163E-01
 0.423000E+00   0.105774E+00   0.343897E+02   0.106383E+00   0.880357E-01
 0.426000E+00   0.106619E+00   0.337224E+02   0.107239E+00   0.886551E-01
 0.429000E+00   0.107471E+00   0.330780E+02   0.108103E+00   0.892745E-01
 0.432000E+00   0.108330E+00   0.324772E+02   0.108974E+00   0.898937E-01
 0.435000E+00   0.109197E+00   0.318890E+02   0.109852E+00   0.905129E-01
 0.438000E+00   0.110071E+00   0.313389E+02   0.110738E+00   0.911319E-01
 0.441000E+00   0.110952E+00   0.308087E+02   0.111632E+00   0.917509E-01
 0.444000E+00   0.111841E+00   0.302970E+02   0.112533E+00   0.923699E-01
 0.447000E+00   0.112737E+00   0.298122E+02   0.113442E+00   0.929887E-01
 0.450000E+00   0.113641E+00   0.293444E+02   0.114359E+00   0.936074E-01
 0.453000E+00   0.114553E+00   0.288914E+02   0.115285E+00   0.942261E-01
 0.456000E+00   0.115473E+00   0.284558E+02   0.116218E+00   0.948447E-01
 0.459000E+00   0.116401E+00   0.280489E+02   0.117160E+00   0.954632E-01
 0.462000E+00   0.117338E+00   0.276418E+02   0.118111E+00   0.960816E-01
 0.465000E+00   0.118283E+00   0.272558E+02   0.119070E+00   0.967000E-01
 0.468000E+00   0.119237E+00   0.268876E+02   0.120039E+00   0.973182E-01
 0.471000E+00   0.120199E+00   0.265221E+02   0.121016E+00   0.979364E-01
 0.474000E+00   0.121170E+00   0.261742E+02   0.122002E+00   0.985544E-01
 0.477000E+00   0.122151E+00   0.258392E+02   0.122998E+00   0.991724E-01
 0.480000E+00   0.123140E+00   0.255164E+02   0.124003E+00   0.997903E-01
 0.483000E+00   0.124138E+00   0.252019E+02   0.125018E+00   0.100408E+00
 0.486000E+00   0.125146E+00   0.249027E+02   0.126042E+00   0.101026E+00
 0.489000E+00   0.126164E+00   0.246080E+02   0.127076E+00   0.101644E+00
 0.492000E+00   0.127191E+00   0.243248E+02   0.128120E+00   0.102261E+00
 0.495000E+00   0.128228E+00   0.240485E+02   0.129174E+00   0.102879E+00
 0.498000E+00   0.129275E+00   0.237833E+02   0.130239E+00   0.103496E+00
 0.501000E+00   0.130333E+00   0.235219E+02   0.131315E+00   0.104113E+00
 0.504000E+00   0.131401E+00   0.232745E+02   0.132402E+00   0.104730E+00
 0.507000E+00   0.132480E+00   0.230253E+02   0.133499E+00   0.105347E+00
 0.510000E+00   0.133570E+00   0.227903E+02   0.134608E+00   0.105964E+00
 0.513000E+00   0.134672E+00   0.225581E+02   0.135729E+00   0.106581E+00
 0.516000E+00   0.135784E+00   0.223321E+02   0.136862E+00   0.107198E+00
 0.519000E+00   0.136908E+00   0.221162E+02   0.138005E+00   0.107815E+00
 0.522000E+00   0.138043E+00   0.219024E+02   0.139161E+00   0.108432E+00
 0.525000E+00   0.139189E+00   0.216975E+02   0.140328E+00   0.109048E+00
 0.528000E+00   0.140346E+00   0.214994E+02   0.141507E+00   0.109664E+00
 0.531000E+00   0.141514E+00   0.213073E+02   0.142697E+00   0.110281E+00
 0.534000E+00   0.142693E+00   0.211143E+02   0.143898E+00   0.110897E+00
 0.537000E+00   0.143883E+00   0.209325E+02   0.145111E+00   0.111513E+00
 0.540000E+00   0.145084E+00   0.207454E+02   0.146335E+00   0.112129E+00
 0.543000E+00   0.146295E+00   0.205712E+02   0.147569E+00   0.112745E+00
 0.546000E+00   0.147516E+00   0.204043E+02   0.148814E+00   0.113361E+00
 0.549000E+00   0.148747E+00   0.202413E+02   0.150070E+00   0.113977E+00
 0.552000E+00   0.149987E+00   0.200766E+02   0.151335E+00   0.114592E+00
 0.555000E+00   0.151237E+00   0.199237E+02   0.152609E+00   0.115208E+00
 0.558000E+00   0.152495E+00   0.197722E+02   0.153893E+00   0.115823E+00
 0.561000E+00   0.153761E+00   0.196207E+02   0.155185E+00   0.116439E+00
 0.564000E+00   0.155036E+00   0.194809E+02   0.156487E+00   0.117054E+00
 0.567000E+00   0.156320E+00   0.193380E+02   0.157798E+00   0.117669E+00
 0.570000E+00   0.157614E+00   0.192041E+02   0.159119E+00   0.118284E+00
 0.573000E+00   0.158919E+00   0.190687E+02   0.160452E+00   0.118899E+00
 0.576000E+00   0.160235E+00   0.189344E+02   0.161796E+00   0.119514E+00
 0.579000E+00   0.161563E+00   0.188075E+02   0.163152E+00   0.120128E+00
 0.582000E+00   0.162902E+00   0.186891E+02   0.164521E+00   0.120743E+00
 0.585000E+00   0.164255E+00   0.185683E+02   0.165904E+00   0.121357E+00
 0.588000E+00   0.165622E+00   0.184415E+02   0.167301E+00   0.121972E+00
 0.591000E+00   0.167002E+00   0.183248E+02   0.168712E+00   0.122586E+00
 0.594000E+00   0.168395E+00   0.182180E+02   0.170137E+00   0.123200E+00
 0.597000E+00   0.169802E+00   0.181061E+02   0.171577E+00   0.123814E+00
 0.600000E+00   0.171224E+00   0.179935E+02   0.173031E+00   0.124428E+00
 0.603000E+00   0.172659E+00   0.178907E+02   0.174500E+00   0.125042E+00
 0.606000E+00   0.174108E+00   0.177842E+02   0.175983E+00   0.125656E+00
 0.609000E+00   0.175572E+00   0.176794E+02   0.177482E+00   0.126269E+00
 0.612000E+00   0.177051E+00   0.175801E+02   0.178996E+00   0.126883E+00
 0.615000E+00   0.178544E+00   0.174811E+02   0.180526E+00   0.127496E+00
 0.618000E+00   0.180053E+00   0.173871E+02   0.182071E+00   0.128109E+00
 0.621000E+00   0.181576E+00   0.172999E+02   0.183632E+00   0.128722E+00
 0.624000E+00   0.183115E+00   0.172055E+02   0.185209E+00   0.129335E+00
 0.627000E+00   0.184670E+00   0.171095E+02   0.186803E+00   0.129948E+00
 0.630000E+00   0.186240E+00   0.170284E+02   0.188414E+00   0.130561E+00
 0.633000E+00   0.187827E+00   0.169370E+02   0.190041E+00   0.131174E+00
 0.636000E+00   0.189430E+00   0.168520E+02   0.191685E+00   0.131786E+00
 0.639000E+00   0.191050E+00   0.167736E+02   0.193347E+00   0.132399E+00
 0.642000E+00   0.192686E+00   0.166883E+02   0.195026E+00   0.133011E+00
 0.645000E+00   0.194339E+00   0.166124E+02   0.196723E+00   0.133623E+00
 0.648000E+00   0.196009E+00   0.165323E+02   0.198438E+00   0.134235E+00
 0.651000E+00   0.197697E+00   0.164562E+02   0.200171E+00   0.134847E+00
 0.654000E+00   0.199402E+00   0.163867E+02   0.201923E+00   0.135459E+00
 0.657000E+00   0.201124E+00   0.163132E+02   0.203693E+00   0.136070E+00
 0.660000E+00   0.202865E+00   0.162356E+02   0.205482E+00   0.136682E+00
 0.663000E+00   0.204623E+00   0.161647E+02   0.207289E+00   0.137293E+00
 0.666000E+00   0.206400E+00   0.160931E+02   0.209116E+00   0.137905E+00
 0.669000E+00   0.208194E+00   0.160325E+02   0.210962E+00   0.138516E+00
 0.672000E+00   0.210008E+00   0.159582E+02   0.212828E+00   0.139127E+00
 0.675000E+00   0.211840E+00   0.158945E+02   0.214713E+00   0.139738E+00
 0.678000E+00   0.213691E+00   0.158302E+02   0.216618E+00   0.140348E+00
 0.681000E+00   0.215561E+00   0.157686E+02   0.218544E+00   0.140959E+00
 0.684000E+00   0.217450E+00   0.157100E+02   0.220489E+00   0.141569E+00
 0.687000E+00   0.219358E+00   0.156540E+02   0.222455E+00   0.142180E+00
 0.690000E+00   0.221286E+00   0.155870E+02   0.224442E+00   0.142790E+00
 0.693000E+00   0.223234E+00   0.155305E+02   0.226450E+00   0.143400E+00
 0.696000E+00   0.225202E+00   0.154731E+02   0.228479E+00   0.144010E+00
 0.699000E+00   0.227189E+00   0.154210E+02   0.230528E+00   0.144619E+00
 0.702000E+00   0.229197E+00   0.153618E+02   0.232600E+00   0.145229E+00
 0.705000E+00   0.231225E+00   0.153139E+02   0.234693E+00   0.145838E+00
 0.708000E+00   0.233274E+00   0.152626E+02   0.236807E+00   0.146448E+00
 0.711000E+00   0.235343E+00   0.152085E+02   0.238944E+00   0.147057E+00
 0.714000E+00   0.237433E+00   0.151598E+02   0.241103E+00   0.147666E+00
 0.717000E+00   0.239544E+00   0.151083E+02   0.243284E+00   0.148275E+00
 0.720000E+00   0.241677E+00   0.150592E+02   0.245487E+00   0.148884E+00
 0.723000E+00   0.243830E+00   0.150148E+02   0.247713E+00   0.149492E+00
 0.726000E+00   0.246005E+00   0.149635E+02   0.249962E+00   0.150101E+00
 0.729000E+00   0.248201E+00   0.149176E+02   0.252234E+00   0.150709E+00
 0.732000E+00   0.250419E+00   0.148755E+02   0.254529E+00   0.151317E+00
 0.735000E+00   0.252659E+00   0.148343E+02   0.256847E+00   0.151925E+00
 0.738000E+00   0.254921E+00   0.147934E+02   0.259189E+00   0.152533E+00
 0.741000E+00   0.257205E+00   0.147472E+02   0.261554E+00   0.153140E+00
 0.744000E+00   0.259511E+00   0.147077E+02   0.263943E+00   0.153748E+00
 0.747000E+00   0.261840E+00   0.146662E+02   0.266356E+00   0.154355E+00
 0.750000E+00   0.264191E+00   0.146303E+02   0.268793E+00   0.154962E+00
 0.753000E+00   0.266564E+00   0.145869E+02   0.271255E+00   0.155569E+00
 0.756000E+00   0.268961E+00   0.145465E+02   0.273741E+00   0.156176E+00
 0.759000E+00   0.271380E+00   0.145181E+02   0.276251E+00   0.156783E+00
 0.762000E+00   0.273822E+00   0.144802E+02   0.278786E+00   0.157389E+00
 0.765000E+00   0.276287E+00   0.144380E+02   0.281346E+00   0.157996E+00
 0.768000E+00   0.278776E+00   0.144087E+02   0.283931E+00   0.158602E+00
 0.771000E+00   0.281288E+00   0.143743E+02   0.286541E+00   0.159208E+00
 0.774000E+00   0.283823E+00   0.143432E+02   0.289176E+00   0.159814E+00
 0.777000E+00   0.286382E+00   0.143120E+02   0.291837E+00   0.160419E+00
 0.780000E+00   0.288965E+00   0.142746E+02   0.294523E+00   0.161025E+00
 0.783000E+00   0.291571E+00   0.142471E+02   0.297235E+00   0.161630E+00
 0.786000E+00   0.294201E+00   0.142172E+02   0.299973E+00   0.162235E+00
 0.789000E+00   0.296855E+00   0.141796E+02   0.302736E+00   0.162840E+00
 0.792000E+00   0.299533E+00   0.141526E+02   0.305526E+00   0.163445E+00
 0.795000E+00   0.302236E+00   0.141221E+02   0.308342E+00   0.164049E+00
 0.798000E+00   0.304962E+00   0.140990E+02   0.311185E+00   0.164654E+00
 0.801000E+00   0.307714E+00   0.140715E+02   0.314054E+00   0.165258E+00
 0.804000E+00   0.310489E+00   0.140406E+02   0.316949E+00   0.165862E+00
 0.807000E+00   0.313289E+00   0.140168E+02   0.319871E+00   0.166466E+00
 0.810000E+00   0.316114E+00   0.139951E+02   0.322820E+00   0.167070E+00
 0.813000E+00   0.318963E+00   0.139685E+02   0.325796E+00   0.167673E+00
 0.816000E+00   0.321837E+00   0.139465E+02   0.328799E+00   0.168276E+00
 0.819000E+00   0.324736E+00   0.139196E+02   0.331829E+00   0.168880E+00
 0.822000E+00   0.327660E+00   0.138983E+02   0.334886E+00   0.169482E+00
 0.825000E+00   0.330609E+00   0.138730E+02   0.337971E+00   0.170085E+00
 0.828000E+00   0.333583E+00   0.138471E+02   0.341083E+00   0.170688E+00
 0.831000E+00   0.336582E+00   0.138332E+02   0.344223E+00   0.171290E+00
 0.834000E+00   0.339606E+00   0.138066E+02   0.347390E+00   0.171892E+00
 0.837000E+00   0.342656E+00   0.137830E+02   0.350586E+00   0.172494E+00
 0.840000E+00   0.345731E+00   0.137620E+02   0.353809E+00   0.173096E+00
 0.843000E+00   0.348831E+00   0.137434E+02   0.357060E+00   0.173697E+00
 0.846000E+00   0.351957E+00   0.137280E+02   0.360339E+00   0.174299E+00
 0.849000E+00   0.355108E+00   0.137081E+02   0.363646E+00   0.174900E+00
 0.852000E+00   0.358285E+00   0.136891E+02   0.366982E+00   0.175501E+00
 0.855000E+00   0.361488E+00   0.136760E+02   0.370345E+00   0.176102E+00
 0.858000E+00   0.364716E+00   0.136562E+02   0.373738E+00   0.176702E+00
 0.861000E+00   0.367969E+00   0.136408E+02   0.377158E+00   0.177302E+00
 0.864000E+00   0.371249E+00   0.136178E+02   0.380608E+00   0.177903E+00
 0.867000E+00   0.374554E+00   0.136032E+02   0.384085E+00   0.178503E+00
 0.870000E+00   0.377885E+00   0.135913E+02   0.387592E+00   0.179102E+00
 0.873000E+00   0.381242E+00   0.135721E+02   0.391127E+00   0.179702E+00
 0.876000E+00   0.384625E+00   0.135649E+02   0.394691E+00   0.180301E+00
 0.879000E+00   0.388033E+00   0.135473E+02   0.398284E+00   0.180900E+00
 0.882000E+00   0.391468E+00   0.135354E+02   0.401906E+00   0.181499E+00
 0.885000E+00   0.394928E+00   0.135165E+02   0.405557E+00   0.182097E+00
 0.888000E+00   0.398414E+00   0.135060E+02   0.409237E+00   0.182696E+00
 0.891000E+00   0.401926E+00   0.134934E+02   0.412946E+00   0.183294E+00
 0.894000E+00   0.405465E+00   0.134815E+02   0.416684E+00   0.183892E+00
 0.897000E+00   0.409029E+00   0.134639E+02   0.420452E+00   0.184490E+00
 0.900000E+00   0.412619E+00   0.134572E+02   0.424248E+00   0.185087E+00
 0.903000E+00   0.416235E+00   0.134419E+02   0.428074E+00   0.185685E+00
 0.906000E+00   0.419877E+00   0.134298E+02   0.431930E+00   0.186282E+00
 0.909000E+00   0.423545E+00   0.134279E+02   0.435814E+00   0.186878E+00
 0.912000E+00   0.427239E+00   0.134138E+02   0.439728E+00   0.187475E+00
 0.915000E+00   0.430959E+00   0.134050E+02   0.443672E+00   0.188071E+00
 0.918000E+00   0.434704E+00   0.133921E+02   0.447645E+00   0.188668E+00
 0.921000E+00   0.438476E+00   0.133857E+02   0.451647E+00   0.189263E+00
 0.924000E+00   0.442274E+00   0.133707E+02   0.455679E+00   0.189859E+00
 0.927000E+00   0.446097E+00   0.133684E+02   0.459740E+00   0.190455E+00
 0.930000E+00   0.449946E+00   0.133535E+02   0.463831E+00   0.191050E+00
 0.933000E+00   0.453821E+00   0.133456E+02   0.467951E+00   0.191645E+00
 0.936000E+00   0.457722E+00   0.133392E+02   0.472101E+00   0.192239E+00
 0.939000E+00   0.461649E+00   0.133323E+02   0.476281E+00   0.192834E+00
 0.942000E+00   0.465601E+00   0.133273E+02   0.480490E+00   0.193428E+00
 0.945000E+00   0.469579E+00   0.133216E+02   0.484728E+00   0.194022E+00
 0.948000E+00   0.473583E+00   0.133134E+02   0.488996E+00   0.194616E+00
 0.951000E+00   0.477612E+00   0.133087E+02   0.493294E+00   0.195209E+00
 0.954000E+00   0.481667E+00   0.133004E+02   0.497621E+00   0.195803E+00
 0.957000E+00   0.485747E+00   0.132898E+02   0.501977E+00   0.196396E+00
 0.960000E+00   0.489853E+00   0.132858E+02   0.506363E+00   0.196988E+00
 0.963000E+00   0.493984E+00   0.132794E+02   0.510779E+00   0.197581E+00
 0.966000E+00   0.498140E+00   0.132801E+02   0.515224E+00   0.198173E+00
 0.969000E+00   0.502321E+00   0.132768E+02   0.519698E+00   0.198765E+00
 0.972000E+00   0.506528E+00   0.132654E+02   0.524202E+00   0.199357E+00
 0.975000E+00   0.510760E+00   0.132595E+02   0.528735E+00   0.199948E+00
 0.978000E+00   0.515016E+00   0.132566E+02   0.533297E+00   0.200539E+00
 0.981000E+00   0.519298E+00   0.132590E+02   0.537889E+00   0.201130E+00
 0.984000E+00   0.523604E+00   0.132554E+02   0.542510E+00   0.201721E+00
 0.987000E+00   0.527936E+00   0.132517E+02   0.547160E+00   0.202311E+00
 0.990000E+00   0.532291E+00   0.132465E+02   0.551839E+00   0.202902E+00
 0.993000E+00   0.536672E+00   0.132393E+02   0.556547E+00   0.203491E+00
 0.996000E+00   0.541077E+00   0.132406E+02   0.561284E+00   0.204081E+00
 0.999000E+00   0.545506E+00   0.132397E+02   0.566050E+00   0.204670E+00
 0.100200E+01   0.549959E+00   0.132362E+02   0.570845E+00   0.205259E+00
 0.100500E+01   0.554437E+00   0.132345E+02   0.575669E+00   0.205848E+00
 0.100800E+01   0.558939E+00   0.132310E+02   0.580522E+00   0.206437E+00
 0.101100E+01   0.563464E+00   0.132289E+02   0.585403E+00   0.207025E+00
 0.101400E+01   0.568014E+00   0.132235E+02   0.590313E+00   0.207613E+00
 0.101700E+01   0.572587E+00   0.132214E+02   0.595251E+00   0.208201E+00
 0.102000E+01   0.577184E+00   0.132241E+02   0.600218E+00   0.208788E+00
 0.102300E+01   0.581804E+00   0.132235E+02   0.605213E+00   0.209375E+00
 0.102600E+01   0.586447E+00   0.132225E+02   0.610236E+00   0.209962E+00
 0.102900E+01   0.591114E+00   0.132226E+02   0.615287E+00   0.210549E+00
 0.103200E+01   0.595803E+00   0.132214E+02   0.620366E+00   0.211135E+00
 0.103500E+01   0.600516E+00   0.132215E+02   0.625474E+00   0.211721E+00
 0.103800E+01   0.605252E+00   0.132161E+02   0.630609E+00   0.212307E+00
 0.104100E+01   0.610010E+00   0.132185E+02   0.635772E+00   0.212892E+00
 0.104400E+01   0.614790E+00   0.132165E+02   0.640962E+00   0.213477E+00
 0.104700E+01   0.619593E+00   0.132203E+02   0.646180E+00   0.214062E+00
 0.105000E+01   0.624418E+00   0.132144E+02   0.651425E+00   0.214647E+00
 0.105300E+01   0.629265E+00   0.132173E+02   0.656698E+00   0.215231E+00
 0.105600E+01   0.634134E+00   0.132158E+02   0.661997E+00   0.215815E+00
 0.105900E+01   0.639024E+00   0.132163E+02   0.667324E+00   0.216399E+00
 0.106200E+01   0.643936E+00   0.132209E+02   0.672677E+00   0.216982E+00
 0.106500E+01   0.648869E+00   0.132208E+02   0.678057E+00   0.217565E+00
 0.106800E+01   0.653824E+00   0.132254E+02   0.683464E+00   0.218148E+00
 0.107100E+01   0.658799E+00   0.132223E+02   0.688896E+00   0.218730E+00
 0.107400E+01   0.663796E+00   0.132190E+02   0.694356E+00   0.219313E+00
 0.107700E+01   0.668813E+00   0.132294E+02   0.699841E+00   0.219894E+00
 0.108000E+01   0.673850E+00   0.132257E+02   0.705352E+00   0.220476E+00
 0.108300E+01   0.678908E+00   0.132287E+02   0.710889E+00   0.221057E+00
 0.108600E+01   0.683985E+00   0.132290E+02   0.716452E+00   0.221638E+00
 0.108900E+01   0.689083E+00   0.132286E+02   0.722040E+00   0.222219E+00
 0.109200E+01   0.694200E+00   0.132288E+02   0.727653E+00   0.222799E+00
 0.109500E+01   0.699337E+00   0.132300E+02   0.733291E+00   0.223379E+00
 0.109800E+01   0.704493E+00   0.132324E+02   0.738954E+00   0.223959E+00
 0.110100E+01   0.709668E+00   0.132410E+02   0.744642E+00   0.224538E+00
 0.110400E+01   0.714862E+00   0.132395E+02   0.750355E+00   0.225117E+00
 0.110700E+01   0.720074E+00   0.132405E+02   0.756092E+00   0.225696E+00
 0.111000E+01   0.725305E+00   0.132426E+02   0.761853E+00   0.226275E+00
 0.111300E+01   0.730554E+00   0.132492E+02   0.767638E+00   0.226853E+00
 0.111600E+01   0.735821E+00   0.132548E+02   0.773447E+00   0.227431E+00
 0.111900E+01   0.741106E+00   0.132518E+02   0.779279E+00   0.228008E+00
 0.112200E+01   0.746409E+00   0.132535E+02   0.785135E+00   0.228585E+00
 0.112500E+01   0.751728E+00   0.132598E+02   0.791014E+00   0.229162E+00
 0.112800E+01   0.757065E+00   0.132609E+02   0.796916E+00   0.229739E+00
 0.113100E+01   0.762419E+00   0.132640E+02   0.802840E+00   0.230315E+00
 0.113400E+01   0.767789E+00   0.132737E+02   0.808787E+00   0.230891E+00
 0.113700E+01   0.773176E+00   0.132774E+02   0.814757E+00   0.231466E+00
 0.114000E+01   0.778579E+00   0.132762E+02   0.820748E+00   0.232041E+00
 0.114300E+01   0.783998E+00   0.132795E+02   0.826762E+00   0.232616E+00
 0.114600E+01   0.789432E+00   0.132840E+02   0.832797E+00   0.233191E+00
 0.114900E+01   0.794882E+00   0.132825E+02   0.838853E+00   0.233765E+00
 0.115200E+01   0.800347E+00   0.132898E+02   0.844931E+00   0.234339E+00
 0.115500E+01   0.805827E+00   0.132950E+02   0.851029E+00   0.234912E+00
 0.115800E+01   0.811322E+00   0.132971E+02   0.857148E+00   0.235486E+00
 0.116100E+01   0.816831E+00   0.132962E+02   0.863288E+00   0.236059E+00
 0.116400E+01   0.822354E+00   0.133024E+02   0.869448E+00   0.236631E+00
 0.116700E+01   0.827891E+00   0.133102E+02   0.875627E+00   0.237203E+00
 0.117000E+01   0.833442E+00   0.133129E+02   0.881827E+00   0.237775E+00
 0.117300E+01   0.839006E+00   0.133131E+02   0.888046E+00   0.238347E+00
 0.117600E+01   0.844583E+00   0.133155E+02   0.894284E+00   0.238918E+00
 0.117900E+01   0.850174E+00   0.133261E+02   0.900541E+00   0.239488E+00
 0.118200E+01   0.855776E+00   0.133260E+02   0.906817E+00   0.240059E+00
 0.118500E+01   0.861392E+00   0.133352E+02   0.913111E+00   0.240629E+00
 0.118800E+01   0.867019E+00   0.133332E+02   0.919423E+00   0.241199E+00
 0.119100E+01   0.872658E+00   0.133456E+02   0.925753E+00   0.241768E+00
 0.119400E+01   0.878309E+00   0.133428E+02   0.932101E+00   0.242337E+00
 0.119700E+01   0.883970E+00   0.133524E+02   0.938466E+00   0.242906E+00
 0.120000E+01   0.889643E+00   0.133519E+02   0.944848E+00   0.243474E+00
 0.120300E+01   0.895327E+00   0.133590E+02   0.951247E+00   0.244042E+00
 0.120600E+01   0.901021E+00   0.133624E+02   0.957663E+00   0.244610E+00
 0.120900E+01   0.906725E+00   0.133708E+02   0.964095E+00   0.245177E+00
 0.121200E+01   0.912439E+00   0.133735E+02   0.970542E+00   0.245744E+00
 0.121500E+01   0.918163E+00   0.133720E+02   0.977006E+00   0.246311E+00
 0.121800E+01   0.923896E+00   0.133845E+02   0.983485E+00   0.246877E+00
 0.122100E+01   0.929638E+00   0.133866E+02   0.989978E+00   0.247443E+00
 0.122400E+01   0.935389E+00   0.133898E+02   0.996487E+00   0.248008E+00
 0.122700E+01   0.941148E+00   0.133967E+02   0.100301E+01   0.248574E+00
 0.123000E+01   0.946916E+00   0.133978E+02   0.100955E+01   0.249138E+00
 0.123300E+01   0.952692E+00   0.134059E+02   0.101610E+01   0.249703E+00
 0.123600E+01   0.958475E+00   0.134104E+02   0.102266E+01   0.250267E+00
 0.123900E+01   0.964265E+00   0.134187E+02   0.102924E+01   0.250831E+00
 0.124200E+01   0.970063E+00   0.134179E+02   0.103583E+01   0.251394E+00
 0.124500E+01   0.975868E+00   0.134261E+02   0.104244E+01   0.251957E+00
 0.124800E+01   0.981679E+00   0.134242E+02   0.104906E+01   0.252519E+00
 0.125100E+01   0.987497E+00   0.134298E+02   0.105569E+01   0.253082E+00
 0.125400E+01   0.993320E+00   0.134394E+02   0.106233E+01   0.253644E+00
 0.125700E+01   0.999149E+00   0.134388E+02   0.106898E+01   0.254205E+00
 0.126000E+01   0.100498E+01   0.134499E+02   0.107564E+01   0.254766E+00
 0.126300E+01   0.101082E+01   0.134506E+02   0.108232E+01   0.255327E+00
 0.126600E+01   0.101667E+01   0.134593E+02   0.108900E+01   0.255887E+00
 0.126900E+01   0.102252E+01   0.134621E+02   0.109570E+01   0.256447E+00
 0.127200E+01   0.102837E+01   0.134711E+02   0.110241E+01   0.257007E+00
 0.127500E+01   0.103423E+01   0.134691E+02   0.110912E+01   0.257566E+00
 0.127800E+01   0.104009E+01   0.134750E+02   0.111585E+01   0.258125E+00
 0.128100E+01   0.104595E+01   0.134800E+02   0.112258E+01   0.258683E+00
 0.128400E+01   0.105182E+01   0.134914E+02   0.112933E+01   0.259241E+00
 0.128700E+01   0.105769E+01   0.134897E+02   0.113608E+01   0.259799E+00
 0.129000E+01   0.106357E+01   0.134917E+02   0.114284E+01   0.260357E+00
 0.129300E+01   0.106944E+01   0.135056E+02   0.114961E+01   0.260913E+00
 0.129600E+01   0.107532E+01   0.135094E+02   0.115639E+01   0.261470E+00
 0.129900E+01   0.108120E+01   0.135082E+02   0.116317E+01   0.262026E+00
 0.130200E+01   0.108708E+01   0.135188E+02   0.116996E+01   0.262582E+00
 0.130500E+01   0.109296E+01   0.135247E+02   0.117676E+01   0.263137E+00
 0.130800E+01   0.109885E+01   0.135248E+02   0.118356E+01   0.263693E+00
 0.131100E+01   0.110473E+01   0.135352E+02   0.119037E+01   0.264247E+00
 0.131400E+01   0.111062E+01   0.135397E+02   0.119719E+01   0.264801E+00
 0.131700E+01   0.111650E+01   0.135366E+02   0.120401E+01   0.265355E+00
 0.132000E+01   0.112238E+01   0.135507E+02   0.121084E+01   0.265909E+00
 0.132300E+01   0.112827E+01   0.135463E+02   0.121767E+01   0.266462E+00
 0.132600E+01   0.113415E+01   0.135579E+02   0.122451E+01   0.267015E+00
 0.132900E+01   0.114004E+01   0.135579E+02   0.123135E+01   0.267567E+00
 0.133200E+01   0.114592E+01   0.135668E+02   0.123819E+01   0.268119E+00
 0.133500E+01   0.115180E+01   0.135722E+02   0.124504E+01   0.268671E+00
 0.133800E+01   0.115768E+01   0.135719E+02   0.125189E+01   0.269222E+00
 0.134100E+01   0.116355E+01   0.135825E+02   0.125875E+01   0.269772E+00
 0.134400E+01   0.116943E+01   0.135846E+02   0.126561E+01   0.270323E+00
 0.134700E+01   0.117530E+01   0.135889E+02   0.127247E+01   0.270873E+00
 0.135000E+01   0.118117E+01   0.135987E+02   0.127933E+01   0.271422E+00
 0.135300E+01   0.118703E+01   0.136013E+02   0.128620E+01   0.271972E+00
 0.135600E+01   0.119290E+01   0.136001E+02   0.129306E+01   0.272520E+00
 0.135900E+01   0.119876E+01   0.136101E+02   0.129993E+01   0.273069E+00
 0.136200E+01   0.120461E+01   0.136167E+02   0.130680E+01   0.273617E+00
 0.136500E+01   0.121047E+01   0.136140E+02   0.131367E+01   0.274165E+00
 0.136800E+01   0.121631E+01   0.136261E+02   0.132054E+01   0.274712E+00
 0.137100E+01   0.122216E+01   0.136254E+02   0.132742E+01   0.275259E+00
 0.137400E+01   0.122800E+01   0.136328E+02   0.133429E+01   0.275805E+00
 0.137700E+01   0.123383E+01   0.136347E+02   0.134116E+01   0.276351E+00
 0.138000E+01   0.123966E+01   0.136381E+02   0.134803E+01   0.276897E+00
 0.138300E+01   0.124548E+01   0.136466E+02   0.135490E+01   0.277442E+00
 0.138600E+01   0.125130E+01   0.136559E+02   0.136177E+01   0.277987E+00
 0.138900E+01   0.125711E+01   0.136565E+02   0.136864E+01   0.278531E+00
 0.139200E+01   0.126292E+01   0.136607E+02   0.137550E+01   0.279075E+00
 0.139500E+01   0.126872E+01   0.136609E+02   0.138237E+01   0.279619E+00
 0.139800E+01   0.127451E+01   0.136741E+02   0.138923E+01   0.280162E+00
 0.140100E+01   0.128030E+01   0.136772E+02   0.139609E+01   0.280705E+00
 0.140400E+01   0.128608E+01   0.136809E+02   0.140294E+01   0.281247E+00
 0.140700E+01   0.129185E+01   0.136790E+02   0.140980E+01   0.281789E+00
 0.141000E+01   0.129762E+01   0.136872E+02   0.141665E+01   0.282331E+00
 0.141300E+01   0.130338E+01   0.136965E+02   0.142349E+01   0.282872E+00
 0.141600E+01   0.130913E+01   0.136970E+02   0.143034E+01   0.283413E+00
 0.141900E+01   0.131487E+01   0.136979E+02   0.143718E+01   0.283953E+00
 0.142200E+01   0.132061E+01   0.137038E+02   0.144401E+01   0.284494E+00
 0.142500E+01   0.132633E+01   0.137071E+02   0.145084E+01   0.285033E+00
 0.142800E+01   0.133205E+01   0.137114E+02   0.145767E+01   0.285572E+00
 0.143100E+01   0.133776E+01   0.137226E+02   0.146449E+01   0.286111E+00
 0.143400E+01   0.134346E+01   0.137194E+02   0.147131E+01   0.286650E+00
 0.143700E+01   0.134915E+01   0.137254E+02   0.147812E+01   0.287188E+00
 0.144000E+01   0.135483E+01   0.137362E+02   0.148492E+01   0.287725E+00
 0.144300E+01   0.136050E+01   0.137375E+02   0.149172E+01   0.288262E+00
 0.144600E+01   0.136617E+01   0.137358E+02   0.149851E+01   0.288799E+00
 0.144900E+01   0.137182E+01   0.137440E+02   0.150530E+01   0.289335E+00
 0.145200E+01   0.137746E+01   0.137493E+02   0.151208E+01   0.289871E+00
 0.145500E+01   0.138309E+01   0.137523E+02   0.151885E+01   0.290407E+00
 0.145800E+01   0.138871E+01   0.137555E+02   0.152561E+01   0.290942E+00
 0.146100E+01   0.139433E+01   0.137566E+02   0.153237E+01   0.291477E+00
 0.146400E+01   0.139993E+01   0.137617E+02   0.153912E+01   0.292011E+00
 0.146700E+01   0.140552E+01   0.137691E+02   0.154587E+01   0.292545E+00
 0.147000E+01   0.141110E+01   0.137727E+02   0.155260E+01   0.293079E+00
 0.147300E+01   0.141666E+01   0.137824E+02   0.155933E+01   0.293612E+00
 0.147600E+01   0.142222E+01   0.137813E+02   0.156605E+01   0.294144E+00
 0.147900E+01   0.142776E+01   0.137837E+02   0.157276E+01   0.294677E+00
 0.148200E+01   0.143330E+01   0.137880E+02   0.157946E+01   0.295209E+00
 0.148500E+01   0.143882E+01   0.137980E+02   0.158615E+01   0.295740E+00
 0.148800E+01   0.144433E+01   0.137983E+02   0.159283E+01   0.296271E+00
 0.149100E+01   0.144982E+01   0.138050E+02   0.159950E+01   0.296802E+00
 0.149400E+01   0.145531E+01   0.138043E+02   0.160617E+01   0.297332E+00
 0.149700E+01   0.146078E+01   0.138084E+02   0.161282E+01   0.297862E+00
 0.150000E+01   0.146624E+01   0.138166E+02   0.161947E+01   0.298391E+00
 0.150300E+01   0.147169E+01   0.138190E+02   0.162610E+01   0.298920E+00
 0.150600E+01   0.147713E+01   0.138224E+02   0.163272E+01   0.299449E+00
 0.150900E+01   0.148255E+01   0.138256E+02   0.163934E+01   0.299977E+00
 0.151200E+01   0.148796E+01   0.138308E+02   0.164594E+01   0.300505E+00
 0.151500E+01   0.149335E+01   0.138337E+02   0.165253E+01   0.301032E+00
 0.151800E+01   0.149873E+01   0.138310E+02   0.165911E+01   0.301559E+00
 0.152100E+01   0.150410E+01   0.138426E+02   0.166568E+01   0.302086E+00
 0.152400E+01   0.150946E+01   0.138432E+02   0.167224E+01   0.302612E+00
 0.152700E+01   0.151480E+01   0.138483E+02   0.167878E+01   0.303138E+00
 0.153000E+01   0.152013E+01   0.138442E+02   0.168532E+01   0.303663E+00
 0.153300E+01   0.152544E+01   0.138472E+02   0.169184E+01   0.304188E+00
 0.153600E+01   0.153074E+01   0.138517E+02   0.169835E+01   0.304712E+00
 0.153900E+01   0.153603E+01   0.138582E+02   0.170485E+01   0.305237E+00
 0.154200E+01   0.154130E+01   0.138578E+02   0.171133E+01   0.305760E+00
 0.154500E+01   0.154656E+01   0.138648E+02   0.171781E+01   0.306284E+00
 0.154800E+01   0.155180E+01   0.138649E+02   0.172427E+01   0.306806E+00
 0.155100E+01   0.155703E+01   0.138719E+02   0.173071E+01   0.307329E+00
 0.155400E+01   0.156225E+01   0.138715E+02   0.173715E+01   0.307851E+00
 0.155700E+01   0.156745E+01   0.138798E+02   0.174357E+01   0.308373E+00
 0.156000E+01   0.157263E+01   0.138837E+02   0.174998E+01   0.308894E+00
 0.156300E+01   0.157780E+01   0.138896E+02   0.175637E+01   0.309415E+00
 0.156600E+01   0.158296E+01   0.138874E+02   0.176275E+01   0.309935E+00
 0.156900E+01   0.158810E+01   0.138886E+02   0.176912E+01   0.310455E+00
 0.157200E+01   0.159322E+01   0.138965E+02   0.177547E+01   0.310975E+00
 0.157500E+01   0.159833E+01   0.138934E+02   0.178181E+01   0.311494E+00
 0.157800E+01   0.160343E+01   0.138987E+02   0.178814E+01   0.312013E+00
 0.158100E+01   0.160851E+01   0.139007E+02   0.179445E+01   0.312531E+00
 0.158400E+01   0.161357E+01   0.139092E+02   0.180075E+01   0.313049E+00
 0.158700E+01   0.161862E+01   0.139074E+02   0.180703E+01   0.313567E+00
 0.159000E+01   0.162365E+01   0.139086E+02   0.181330E+01   0.314084E+00
 0.159300E+01   0.162867E+01   0.139125E+02   0.181955E+01   0.314601E+00
 0.159600E+01   0.163367E+01   0.139218E+02   0.182579E+01   0.315117E+00
 0.159900E+01   0.163866E+01   0.139160E+02   0.183202E+01   0.315633E+00
 0.160200E+01   0.164363E+01   0.139279E+02   0.183823E+01   0.316148E+00
 0.160500E+01   0.164858E+01   0.139310E+02   0.184442E+01   0.316664E+00
 0.160800E+01   0.165352E+01   0.139331E+02   0.185060E+01   0.317178E+00
 0.161100E+01   0.165845E+01   0.139339E+02   0.185676E+01   0.317693E+00
 0.161400E+01   0.166335E+01   0.139348E+02   0.186291E+01   0.318206E+00
 0.161700E+01   0.166825E+01   0.139410E+02   0.186904E+01   0.318720E+00
 0.162000E+01   0.167312E+01   0.139380E+02   0.187516E+01   0.319233E+00
 0.162300E+01   0.167798E+01   0.139410E+02   0.188126E+01   0.319746E+00
 0.162600E+01   0.168282E+01   0.139419E+02   0.188735E+01   0.320258E+00
 0.162900E+01   0.168765E+01   0.139450E+02   0.189342E+01   0.320770E+00
 0.163200E+01   0.169246E+01   0.139510E+02   0.189947E+01   0.321281E+00
 0.163500E+01   0.169725E+01   0.139501E+02   0.190551E+01   0.321792E+00
 0.163800E+01   0.170203E+01   0.139561E+02   0.191153E+01   0.322303E+00
 0.164100E+01   0.170679E+01   0.139525E+02   0.191754E+01   0.322813E+00
 0.164400E+01   0.171154E+01   0.139572E+02   0.192353E+01   0.323323E+00
 0.164700E+01   0.171627E+01   0.139661E+02   0.192950E+01   0.323833E+00
 0.165000E+01   0.172098E+01   0.139687E+02   0.193546E+01   0.324342E+00
 0.165300E+01   0.172567E+01   0.139616E+02   0.194140E+01   0.324850E+00
 0.165600E+01   0.173035E+01   0.139658E+02   0.194732E+01   0.325359E+00
 0.165900E+01   0.173502E+01   0.139711E+02   0.195323E+01   0.325866E+00
 0.166200E+01   0.173966E+01   0.139757E+02   0.195912E+01   0.326374E+00
 0.166500E+01   0.174429E+01   0.139731E+02   0.196499E+01   0.326881E+00
 0.166800E+01   0.174891E+01   0.139820E+02   0.197085E+01   0.327388E+00
 0.167100E+01   0.175350E+01   0.139809E+02   0.197669E+01   0.327894E+00
 0.167400E+01   0.175808E+01   0.139803E+02   0.198251E+01   0.328400E+00
 0.167700E+01   0.176265E+01   0.139866E+02   0.198832E+01   0.328905E+00
 0.168000E+01   0.176719E+01   0.139900E+02   0.199411E+01   0.329410E+00
 0.168300E+01   0.177172E+01   0.139889E+02   0.199988E+01   0.329915E+00
 0.168600E+01   0.177624E+01   0.139926E+02   0.200564E+01   0.330419E+00
 0.168900E+01   0.178073E+01   0.139941E+02   0.201138E+01   0.330923E+00
 0.169200E+01   0.178521E+01   0.139927E+02   0.201710E+01   0.331426E+00
 0.169500E+01   0.178968E+01   0.139937E+02   0.202280E+01   0.331929E+00
 0.169800E+01   0.179412E+01   0.140016E+02   0.202849E+01   0.332432E+00
 0.170100E+01   0.179855E+01   0.140005E+02   0.203416E+01   0.332934E+00
 0.170400E+01   0.180297E+01   0.140015E+02   0.203981E+01   0.333436E+00
 0.170700E+01   0.180736E+01   0.140054E+02   0.204544E+01   0.333937E+00
 0.171000E+01   0.181174E+01   0.140040E+02   0.205106E+01   0.334438E+00
 0.171300E+01   0.181611E+01   0.140055E+02   0.205666E+01   0.334939E+00
 0.171600E+01   0.182045E+01   0.140133E+02   0.206224E+01   0.335439E+00
 0.171900E+01   0.182478E+01   0.140092E+02   0.206781E+01   0.335939E+00
 0.172200E+01   0.182910E+01   0.140123E+02   0.207335E+01   0.336439E+00
 0.172500E+01   0.183339E+01   0.140179E+02   0.207888E+01   0.336938E+00
 0.172800E+01   0.183767E+01   0.140196E+02   0.208439E+01   0.337436E+00
 0.173100E+01   0.184194E+01   0.140154E+02   0.208989E+01   0.337935E+00
 0.173400E+01   0.184618E+01   0.140168E+02   0.209537E+01   0.338433E+00
 0.173700E+01   0.185041E+01   0.140221E+02   0.210082E+01   0.338930E+00
 0.174000E+01   0.185463E+01   0.140210E+02   0.210627E+01   0.339427E+00
 0.174300E+01   0.185882E+01   0.140229E+02   0.211169E+01   0.339924E+00
 0.174600E+01   0.186300E+01   0.140285E+02   0.211709E+01   0.340420E+00
 0.174900E+01   0.186717E+01   0.140239E+02   0.212248E+01   0.340916E+00
 0.175200E+01   0.187132E+01   0.140243E+02   0.212785E+01   0.341412E+00
 0.175500E+01   0.187545E+01   0.140334E+02   0.213321E+01   0.341907E+00
 0.175800E+01   0.187956E+01   0.140301E+02   0.213854E+01   0.342401E+00
 0.176100E+01   0.188366E+01   0.140364E+02   0.214386E+01   0.342896E+00
 0.176400E+01   0.188774E+01   0.140369E+02   0.214916E+01   0.343390E+00
 0.176700E+01   0.189180E+01   0.140349E+02   0.215444E+01   0.343883E+00
 0.177000E+01   0.189585E+01   0.140410E+02   0.215970E+01   0.344377E+00
 0.177300E+01   0.189988E+01   0.140356E+02   0.216495E+01   0.344869E+00
 0.177600E+01   0.190390E+01   0.140429E+02   0.217017E+01   0.345362E+00
 0.177900E+01   0.190790E+01   0.140390E+02   0.217538E+01   0.345854E+00
 0.178200E+01   0.191188E+01   0.140431E+02   0.218058E+01   0.346345E+00
 0.178500E+01   0.191584E+01   0.140476E+02   0.218575E+01   0.346837E+00
 0.178800E+01   0.191979E+01   0.140399E+02   0.219091E+01   0.347328E+00
 0.179100E+01   0.192373E+01   0.140437E+02   0.219605E+01   0.347818E+00
 0.179400E+01   0.192765E+01   0.140427E+02   0.220117E+01   0.348308E+00
 0.179700E+01   0.193155E+01   0.140460E+02   0.220627E+01   0.348798E+00
 0.180000E+01   0.193543E+01   0.140461E+02   0.221136E+01   0.349287E+00
 0.180300E+01   0.193930E+01   0.140504E+02   0.221642E+01   0.349776E+00
 0.180600E+01   0.194315E+01   0.140550E+02   0.222147E+01   0.350265E+00
 0.180900E+01   0.194699E+01   0.140475E+02   0.222650E+01   0.350753E+00
 0.181200E+01   0.195081E+01   0.140491E+02   0.223152E+01   0.351241E+00
 0.181500E+01   0.195461E+01   0.140515E+02   0.223651E+01   0.351728E+00
 0.181800E+01   0.195840E+01   0.140514E+02   0.224149E+01   0.352215E+00
 0.182100E+01   0.196218E+01   0.140573E+02   0.224645E+01   0.352702E+00
 0.182400E+01   0.196593E+01   0.140576E+02   0.225140E+01   0.353188E+00
 0.182700E+01   0.196967E+01   0.140605E+02   0.225632E+01   0.353674E+00
 0.183000E+01   0.197340E+01   0.140548E+02   0.226123E+01   0.354159E+00
 0.183300E+01   0.197711E+01   0.140586E+02   0.226612E+01   0.354645E+00
 0.183600E+01   0.198080E+01   0.140654E+02   0.227099E+01   0.355129E+00
 0.183900E+01   0.198448E+01   0.140639E+02   0.227584E+01   0.355614E+00
 0.184200E+01   0.198814E+01   0.140600E+02   0.228068E+01   0.356098E+00
 0.184500E+01   0.199178E+01   0.140634E+02   0.228550E+01   0.356581E+00
 0.184800E+01   0.199541E+01   0.140596E+02   0.229030E+01   0.357064E+00
 0.185100E+01   0.199903E+01   0.140604E+02   0.229509E+01   0.357547E+00
 0.185400E+01   0.200263E+01   0.140667E+02   0.229985E+01   0.358030E+00
 0.185700E+01   0.200621E+01   0.140638E+02   0.230460E+01   0.358512E+00
 0.186000E+01   0.200978E+01   0.140651E+02   0.230933E+01   0.358994E+00
 0.186300E+01   0.201333E+01   0.140685E+02   0.231405E+01   0.359475E+00
 0.186600E+01   0.201687E+01   0.140650E+02   0.231874E+01   0.359956E+00
 0.186900E+01   0.202039E+01   0.140683E+02   0.232342E+01   0.360437E+00
 0.187200E+01   0.202390E+01   0.140698E+02   0.232808E+01   0.360917E+00
 0.187500E+01   0.202739E+01   0.140713E+02   0.233273E+01   0.361397E+00
 0.187800E+01   0.203087E+01   0.140711E+02   0.233735E+01   0.361876E+00
 0.188100E+01   0.203433E+01   0.140665E+02   0.234196E+01   0.362355E+00
 0.188400E+01   0.203777E+01   0.140737E+02   0.234655E+01   0.362834E+00
 0.188700E+01   0.204120E+01   0.140757E+02   0.235113E+01   0.363313E+00
 0.189000E+01   0.204462E+01   0.140779E+02   0.235569E+01   0.363791E+00
 0.189300E+01   0.204802E+01   0.140732E+02   0.236023E+01   0.364268E+00
 0.189600E+01   0.205141E+01   0.140761E+02   0.236475E+01   0.364746E+00
 0.189900E+01   0.205478E+01   0.140758E+02   0.236925E+01   0.365223E+00
 0.190200E+01   0.205813E+01   0.140717E+02   0.237374E+01   0.365699E+00
 0.190500E+01   0.206148E+01   0.140745E+02   0.237821E+01   0.366175E+00
 0.190800E+01   0.206480E+01   0.140733E+02   0.238267E+01   0.366651E+00
 0.191100E+01   0.206811E+01   0.140761E+02   0.238711E+01   0.367127E+00
 0.191400E+01   0.207141E+01   0.140772E+02   0.239153E+01   0.367602E+00
 0.191700E+01   0.207469E+01   0.140727E+02   0.239593E+01   0.368076E+00
 0.192000E+01   0.207796E+01   0.140795E+02   0.240032E+01   0.368551E+00
 0.192300E+01   0.208122E+01   0.140772E+02   0.240469E+01   0.369025E+00
 0.192600E+01   0.208445E+01   0.140818E+02   0.240904E+01   0.369498E+00
 0.192900E+01   0.208768E+01   0.140778E+02   0.241337E+01   0.369972E+00
 0.193200E+01   0.209089E+01   0.140740E+02   0.241769E+01   0.370445E+00
 0.193500E+01   0.209408E+01   0.140779E+02   0.242200E+01   0.370917E+00
 0.193800E+01   0.209727E+01   0.140839E+02   0.242628E+01   0.371389E+00
 0.194100E+01   0.210043E+01   0.140758E+02   0.243055E+01   0.371861E+00
 0.194400E+01   0.210359E+01   0.140840E+02   0.243480E+01   0.372333E+00
 0.194700E+01   0.210672E+01   0.140786E+02   0.243904E+01   0.372804E+00
 0.195000E+01   0.210985E+01   0.140817E+02   0.244326E+01   0.373274E+00
 0.195300E+01   0.211296E+01   0.140818E+02   0.244746E+01   0.373745E+00
 0.195600E+01   0.211606E+01   0.140800E+02   0.245165E+01   0.374215E+00
 0.195900E+01   0.211914E+01   0.140810E+02   0.245582E+01   0.374684E+00
 0.196200E+01   0.212221E+01   0.140846E+02   0.245997E+01   0.375154E+00
 0.196500E+01   0.212526E+01   0.140840E+02   0.246411E+01   0.375623E+00
 0.196800E+01   0.212831E+01   0.140799E+02   0.246823E+01   0.376091E+00
 0.197100E+01   0.213133E+01   0.140833E+02   0.247233E+01   0.376560E+00
 0.197400E+01   0.213435E+01   0.140858E+02   0.247642E+01   0.377028E+00
 0.197700E+01   0.213735E+01   0.140804E+02   0.248049E+01   0.377495E+00
 0.198000E+01   0.214033E+01   0.140782E+02   0.248455E+01   0.377962E+00
 0.198300E+01   0.214331E+01   0.140850E+02   0.248859E+01   0.378429E+00
 0.198600E+01   0.214627E+01   0.140823E+02   0.249261E+01   0.378896E+00
 0.198900E+01   0.214921E+01   0.140765E+02   0.249662E+01   0.379362E+00
 0.199200E+01   0.215215E+01   0.140789E+02   0.250061E+01   0.379827E+00
 0.199500E+01   0.215506E+01   0.140764E+02   0.250458E+01   0.380293E+00
 0.199800E+01   0.215797E+01   0.140813E+02   0.250854E+01   0.380758E+00
 0.200100E+01   0.216086E+01   0.140810E+02   0.251249E+01   0.381223E+00
 0.200400E+01   0.216374E+01   0.140852E+02   0.251642E+01   0.381687E+00
 0.200700E+01   0.216661E+01   0.140767E+02   0.252033E+01   0.382151E+00
 0.201000E+01   0.216946E+01   0.140796E+02   0.252422E+01   0.382615E+00
 0.201300E+01   0.217230E+01   0.140767E+02   0.252811E+01   0.383078E+00
 0.201600E+01   0.217513E+01   0.140817E+02   0.253197E+01   0.383541E+00
 0.201900E+01   0.217795E+01   0.140765E+02   0.253582E+01   0.384004E+00
 0.202200E+01   0.218075E+01   0.140830E+02   0.253965E+01   0.384466E+00
 0.202500E+01   0.218354E+01   0.140777E+02   0.254347E+01   0.384928E+00
 0.202800E+01   0.218631E+01   0.140830E+02   0.254728E+01   0.385390E+00
 0.203100E+01   0.218908E+01   0.140749E+02   0.255106E+01   0.385851E+00
 0.203400E+01   0.219183E+01   0.140805E+02   0.255484E+01   0.386312E+00
 0.203700E+01   0.219456E+01   0.140792E+02   0.255859E+01   0.386773E+00
 0.204000E+01   0.219729E+01   0.140813E+02   0.256234E+01   0.387233E+00
 0.204300E+01   0.220000E+01   0.140778E+02   0.256606E+01   0.387693E+00
 0.204600E+01   0.220270E+01   0.140740E+02   0.256977E+01   0.388152E+00
 0.204900E+01   0.220539E+01   0.140828E+02   0.257347E+01   0.388611E+00
 0.205200E+01   0.220807E+01   0.140817E+02   0.257715E+01   0.389070E+00
 0.205500E+01   0.221073E+01   0.140770E+02   0.258082E+01   0.389529E+00
 0.205800E+01   0.221338E+01   0.140790E+02   0.258447E+01   0.389987E+00
 0.206100E+01   0.221602E+01   0.140724E+02   0.258811E+01   0.390445E+00
 0.206400E+01   0.221865E+01   0.140753E+02   0.259173E+01   0.390902E+00
 0.206700E+01   0.222126E+01   0.140795E+02   0.259534E+01   0.391360E+00
 0.207000E+01   0.222386E+01   0.140747E+02   0.259893E+01   0.391816E+00
 0.207300E+01   0.222645E+01   0.140714E+02   0.260251E+01   0.392273E+00
 0.207600E+01   0.222903E+01   0.140798E+02   0.260607E+01   0.392729E+00
 0.207900E+01   0.223160E+01   0.140712E+02   0.260962E+01   0.393185E+00
 0.208200E+01   0.223415E+01   0.140785E+02   0.261315E+01   0.393641E+00
 0.208500E+01   0.223670E+01   0.140715E+02   0.261667E+01   0.394096E+00
 0.208800E+01   0.223923E+01   0.140722E+02   0.262017E+01   0.394551E+00
 0.209100E+01   0.224175E+01   0.140689E+02   0.262366E+01   0.395005E+00
 0.209400E+01   0.224426E+01   0.140693E+02   0.262714E+01   0.395459E+00
 0.209700E+01   0.224675E+01   0.140736E+02   0.263060E+01   0.395913E+00
 0.210000E+01   0.224924E+01   0.140761E+02   0.263405E+01   0.396367E+00
 0.210300E+01   0.225171E+01   0.140696E+02   0.263748E+01   0.396820E+00
 0.210600E+01   0.225417E+01   0.140706E+02   0.264090E+01   0.397273E+00
 0.210900E+01   0.225662E+01   0.140660E+02   0.264430E+01   0.397725E+00
 0.211200E+01   0.225906E+01   0.140735E+02   0.264769E+01   0.398177E+00
 0.211500E+01   0.226149E+01   0.140744E+02   0.265107E+01   0.398629E+00
 0.211800E+01   0.226390E+01   0.140691E+02   0.265443E+01   0.399081E+00
 0.212100E+01   0.226631E+01   0.140704E+02   0.265778E+01   0.399532E+00
 0.212400E+01   0.226870E+01   0.140677E+02   0.266112E+01   0.399983E+00
 0.212700E+01   0.227109E+01   0.140662E+02   0.266444E+01   0.400433E+00
 0.213000E+01   0.227346E+01   0.140714E+02   0.266774E+01   0.400884E+00
 0.213300E+01   0.227582E+01   0.140684E+02   0.267104E+01   0.401334E+00
 0.213600E+01   0.227817E+01   0.140676E+02   0.267432E+01   0.401783E+00
 0.213900E+01   0.228051E+01   0.140680E+02   0.267758E+01   0.402232E+00
 0.214200E+01   0.228283E+01   0.140617E+02   0.268083E+01   0.402681E+00
 0.214500E+01   0.228515E+01   0.140688E+02   0.268407E+01   0.403130E+00
 0.214800E+01   0.228746E+01   0.140638E+02   0.268730E+01   0.403578E+00
 0.215100E+01   0.228975E+01   0.140600E+02   0.269051E+01   0.404026E+00
 0.215400E+01   0.229204E+01   0.140613E+02   0.269371E+01   0.404474E+00
 0.215700E+01   0.229431E+01   0.140626E+02   0.269689E+01   0.404921E+00
 0.216000E+01   0.229658E+01   0.140645E+02   0.270006E+01   0.405368E+00
 0.216300E+01   0.229883E+01   0.140610E+02   0.270322E+01   0.405815E+00
 0.216600E+01   0.230107E+01   0.140577E+02   0.270637E+01   0.406261E+00
 0.216900E+01   0.230330E+01   0.140538E+02   0.270950E+01   0.406707E+00
 0.217200E+01   0.230552E+01   0.140553E+02   0.271262E+01   0.407153E+00
 0.217500E+01   0.230774E+01   0.140618E+02   0.271572E+01   0.407598E+00
 0.217800E+01   0.230994E+01   0.140596E+02   0.271882E+01   0.408043E+00
 0.218100E+01   0.231213E+01   0.140558E+02   0.272190E+01   0.408488E+00
 0.218400E+01   0.231431E+01   0.140564E+02   0.272496E+01   0.408933E+00
 0.218700E+01   0.231648E+01   0.140496E+02   0.272802E+01   0.409377E+00
 0.219000E+01   0.231864E+01   0.140535E+02   0.273106E+01   0.409821E+00
 0.219300E+01   0.232079E+01   0.140488E+02   0.273409E+01   0.410264E+00
 0.219600E+01   0.232293E+01   0.140541E+02   0.273710E+01   0.410707E+00
 0.219900E+01   0.232506E+01   0.140552E+02   0.274011E+01   0.411150E+00
 0.220200E+01   0.232718E+01   0.140557E+02   0.274310E+01   0.411593E+00
 0.220500E+01   0.232929E+01   0.140450E+02   0.274607E+01   0.412035E+00
 0.220800E+01   0.233139E+01   0.140489E+02   0.274904E+01   0.412477E+00
 0.221100E+01   0.233348E+01   0.140452E+02   0.275199E+01   0.412919E+00
 0.221400E+01   0.233556E+01   0.140462E+02   0.275493E+01   0.413360E+00
 0.221700E+01   0.233763E+01   0.140497E+02   0.275786E+01   0.413801E+00
 0.222000E+01   0.233969E+01   0.140473E+02   0.276078E+01   0.414242E+00
 0.222300E+01   0.234175E+01   0.140490E+02   0.276368E+01   0.414682E+00
 0.222600E+01   0.234379E+01   0.140413E+02   0.276657E+01   0.415122E+00
 0.222900E+01   0.234582E+01   0.140460E+02   0.276945E+01   0.415562E+00
 0.223200E+01   0.234785E+01   0.140387E+02   0.277232E+01   0.416002E+00
 0.223500E+01   0.234986E+01   0.140422E+02   0.277517E+01   0.416441E+00
 0.223800E+01   0.235186E+01   0.140436E+02   0.277801E+01   0.416880E+00
 0.224100E+01   0.235386E+01   0.140399E+02   0.278084E+01   0.417318E+00
 0.224400E+01   0.235584E+01   0.140394E+02   0.278366E+01   0.417756E+00
 0.224700E+01   0.235782E+01   0.140424E+02   0.278647E+01   0.418194E+00
 0.225000E+01   0.235979E+01   0.140422E+02   0.278926E+01   0.418632E+00
 0.225300E+01   0.236175E+01   0.140413E+02   0.279205E+01   0.419069E+00
 0.225600E+01   0.236369E+01   0.140318E+02   0.279482E+01   0.419506E+00
 0.225900E+01   0.236563E+01   0.140311E+02   0.279758E+01   0.419943E+00
 0.226200E+01   0.236757E+01   0.140299E+02   0.280032E+01   0.420379E+00
 0.226500E+01   0.236949E+01   0.140311E+02   0.280306E+01   0.420816E+00
 0.226800E+01   0.237140E+01   0.140294E+02   0.280578E+01   0.421251E+00
 0.227100E+01   0.237330E+01   0.140306E+02   0.280850E+01   0.421687E+00
 0.227400E+01   0.237520E+01   0.140294E+02   0.281120E+01   0.422122E+00
 0.227700E+01   0.237708E+01   0.140299E+02   0.281389E+01   0.422557E+00
 0.228000E+01   0.237896E+01   0.140244E+02   0.281657E+01   0.422992E+00
 0.228300E+01   0.238083E+01   0.140256E+02   0.281923E+01   0.423426E+00
 0.228600E+01   0.238269E+01   0.140246E+02   0.282189E+01   0.423860E+00
 0.228900E+01   0.238454E+01   0.140265E+02   0.282453E+01   0.424294E+00
 0.229200E+01   0.238638E+01   0.140283E+02   0.282717E+01   0.424727E+00
 0.229500E+01   0.238822E+01   0.140255E+02   0.282979E+01   0.425160E+00
 0.229800E+01   0.239004E+01   0.140179E+02   0.283240E+01   0.425593E+00
 0.230100E+01   0.239186E+01   0.140219E+02   0.283500E+01   0.426026E+00
 0.230400E+01   0.239367E+01   0.140183E+02   0.283759E+01   0.426458E+00
 0.230700E+01   0.239547E+01   0.140203E+02   0.284016E+01   0.426890E+00
 0.231000E+01   0.239726E+01   0.140231E+02   0.284273E+01   0.427322E+00
 0.231300E+01   0.239904E+01   0.140148E+02   0.284529E+01   0.427753E+00
 0.231600E+01   0.240082E+01   0.140153E+02   0.284783E+01   0.428184E+00
 0.231900E+01   0.240258E+01   0.140190E+02   0.285037E+01   0.428615E+00
 0.232200E+01   0.240434E+01   0.140110E+02   0.285289E+01   0.429045E+00
 0.232500E+01   0.240609E+01   0.140099E+02   0.285540E+01   0.429476E+00
 0.232800E+01   0.240783E+01   0.140101E+02   0.285790E+01   0.429905E+00
 0.233100E+01   0.240956E+01   0.140132E+02   0.286039E+01   0.430335E+00
 0.233400E+01   0.241129E+01   0.140109E+02   0.286287E+01   0.430764E+00
 0.233700E+01   0.241301E+01   0.140120E+02   0.286534E+01   0.431193E+00
 0.234000E+01   0.241472E+01   0.140117E+02   0.286780E+01   0.431622E+00
 0.234300E+01   0.241642E+01   0.140060E+02   0.287025E+01   0.432051E+00
 0.234600E+01   0.241811E+01   0.140081E+02   0.287269E+01   0.432479E+00
 0.234900E+01   0.241980E+01   0.140010E+02   0.287512E+01   0.432907E+00
 0.235200E+01   0.242147E+01   0.140035E+02   0.287754E+01   0.433334E+00
 0.235500E+01   0.242314E+01   0.140018E+02   0.287994E+01   0.433762E+00
 0.235800E+01   0.242481E+01   0.140052E+02   0.288234E+01   0.434189E+00
 0.236100E+01   0.242646E+01   0.139982E+02   0.288473E+01   0.434615E+00
 0.236400E+01   0.242811E+01   0.139956E+02   0.288710E+01   0.435042E+00
 0.236700E+01   0.242975E+01   0.139962E+02   0.288947E+01   0.435468E+00
 0.237000E+01   0.243138E+01   0.139979E+02   0.289183E+01   0.435894E+00
 0.237300E+01   0.243300E+01   0.139977E+02   0.289417E+01   0.436319E+00
 0.237600E+01   0.243462E+01   0.139933E+02   0.289651E+01   0.436745E+00
 0.237900E+01   0.243622E+01   0.139902E+02   0.289883E+01   0.437170E+00
 0.238200E+01   0.243783E+01   0.139919E+02   0.290115E+01   0.437595E+00
 0.238500E+01   0.243942E+01   0.139891E+02   0.290346E+01   0.438019E+00
 0.238800E+01   0.244101E+01   0.139927E+02   0.290575E+01   0.438443E+00
 0.239100E+01   0.244258E+01   0.139879E+02   0.290804E+01   0.438867E+00
 0.239400E+01   0.244415E+01   0.139847E+02   0.291032E+01   0.439291E+00
 0.239700E+01   0.244572E+01   0.139859E+02   0.291258E+01   0.439714E+00
 0.240000E+01   0.244728E+01   0.139805E+02   0.291484E+01   0.440137E+00
 0.240300E+01   0.244882E+01   0.139812E+02   0.291709E+01   0.440560E+00
 0.240600E+01   0.245037E+01   0.139846E+02   0.291933E+01   0.440982E+00
 0.240900E+01   0.245190E+01   0.139818E+02   0.292156E+01   0.441405E+00
 0.241200E+01   0.245343E+01   0.139821E+02   0.292377E+01   0.441827E+00
 0.241500E+01   0.245495E+01   0.139787E+02   0.292598E+01   0.442248E+00
 0.241800E+01   0.245646E+01   0.139802E+02   0.292818E+01   0.442670E+00
 0.242100E+01   0.245797E+01   0.139800E+02   0.293037E+01   0.443091E+00
 0.242400E+01   0.245947E+01   0.139797E+02   0.293256E+01   0.443512E+00
 0.242700E+01   0.246096E+01   0.139763E+02   0.293473E+01   0.443932E+00
 0.243000E+01   0.246245E+01   0.139727E+02   0.293689E+01   0.444353E+00
 0.243300E+01   0.246393E+01   0.139671E+02   0.293904E+01   0.444773E+00
 0.243600E+01   0.246540E+01   0.139742E+02   0.294119E+01   0.445192E+00
 0.243900E+01   0.246686E+01   0.139668E+02   0.294332E+01   0.445612E+00
 0.244200E+01   0.246832E+01   0.139668E+02   0.294545E+01   0.446031E+00
 0.244500E+01   0.246977E+01   0.139653E+02   0.294756E+01   0.446450E+00
 0.244800E+01   0.247122E+01   0.139675E+02   0.294967E+01   0.446869E+00
 0.245100E+01   0.247265E+01   0.139655E+02   0.295177E+01   0.447287E+00
 0.245400E+01   0.247409E+01   0.139613E+02   0.295386E+01   0.447705E+00
 0.245700E+01   0.247551E+01   0.139631E+02   0.295594E+01   0.448123E+00
 0.246000E+01   0.247693E+01   0.139612E+02   0.295801E+01   0.448541E+00
 0.246300E+01   0.247834E+01   0.139598E+02   0.296007E+01   0.448958E+00
 0.246600E+01   0.247974E+01   0.139628E+02   0.296213E+01   0.449375E+00
 0.246900E+01   0.248114E+01   0.139559E+02   0.296417E+01   0.449792E+00
 0.247200E+01   0.248253E+01   0.139567E+02   0.296621E+01   0.450208E+00
 0.247500E+01   0.248392E+01   0.139586E+02   0.296823E+01   0.450624E+00
 0.247800E+01   0.248530E+01   0.139567E+02   0.297025E+01   0.451040E+00
 0.248100E+01   0.248667E+01   0.139543E+02   0.297226E+01   0.451456E+00
 0.248400E+01   0.248804E+01   0.139531E+02   0.297426E+01   0.451872E+00
 0.248700E+01   0.248939E+01   0.139516E+02   0.297626E+01   0.452287E+00
 0.249000E+01   0.249075E+01   0.139478E+02   0.297824E+01   0.452702E+00
 0.249300E+01   0.249209E+01   0.139501E+02   0.298022E+01   0.453116E+00
 0.249600E+01   0.249344E+01   0.139411E+02   0.298218E+01   0.453531E+00
 0.249900E+01   0.249477E+01   0.139473E+02   0.298414E+01   0.453945E+00
 0.250200E+01   0.249610E+01   0.139396E+02   0.298609E+01   0.454359E+00
 0.250500E+01   0.249742E+01   0.139453E+02   0.298803E+01   0.454772E+00
 0.250800E+01   0.249874E+01   0.139392E+02   0.298997E+01   0.455186E+00
 0.251100E+01   0.250005E+01   0.139437E+02   0.299189E+01   0.455599E+00
 0.251400E+01   0.250135E+01   0.139334E+02   0.299381E+01   0.456011E+00
 0.251700E+01   0.250265E+01   0.139370E+02   0.299572E+01   0.456424E+00
 0.252000E+01   0.250394E+01   0.139314E+02   0.299762E+01   0.456836E+00
 0.252300E+01   0.250522E+01   0.139296E+02   0.299951E+01   0.457248E+00
 0.252600E+01   0.250650E+01   0.139277E+02   0.300139E+01   0.457660E+00
 0.252900E+01   0.250778E+01   0.139311E+02   0.300327E+01   0.458071E+00
 0.253200E+01   0.250904E+01   0.139275E+02   0.300514E+01   0.458483E+00
 0.253500E+01   0.251031E+01   0.139331E+02   0.300700E+01   0.458894E+00
 0.253800E+01   0.251156E+01   0.139252E+02   0.300885E+01   0.459304E+00
 0.254100E+01   0.251281E+01   0.139283E+02   0.301069E+01   0.459715E+00
 0.254400E+01   0.251406E+01   0.139214E+02   0.301253E+01   0.460125E+00
 0.254700E+01   0.251530E+01   0.139223E+02   0.301436E+01   0.460535E+00
 0.255000E+01   0.251653E+01   0.139192E+02   0.301618E+01   0.460945E+00
 0.255300E+01   0.251775E+01   0.139164E+02   0.301799E+01   0.461354E+00
 0.255600E+01   0.251898E+01   0.139165E+02   0.301979E+01   0.461763E+00
 0.255900E+01   0.252019E+01   0.139202E+02   0.302159E+01   0.462172E+00
 0.256200E+01   0.252140E+01   0.139185E+02   0.302338E+01   0.462581E+00
 0.256500E+01   0.252261E+01   0.139134E+02   0.302516E+01   0.462989E+00
 0.256800E+01   0.252381E+01   0.139171E+02   0.302693E+01   0.463397E+00
 0.257100E+01   0.252500E+01   0.139172E+02   0.302870E+01   0.463805E+00
 0.257400E+01   0.252619E+01   0.139062E+02   0.303046E+01   0.464213E+00
 0.257700E+01   0.252737E+01   0.139088E+02   0.303221E+01   0.464620E+00
 0.258000E+01   0.252854E+01   0.139050E+02   0.303395E+01   0.465027E+00
 0.258300E+01   0.252972E+01   0.139089E+02   0.303569E+01   0.465434E+00
 0.258600E+01   0.253088E+01   0.139079E+02   0.303742E+01   0.465841E+00
 0.258900E+01   0.253204E+01   0.139068E+02   0.303914E+01   0.466247E+00
 0.259200E+01   0.253320E+01   0.139062E+02   0.304085E+01   0.466654E+00
 0.259500E+01   0.253435E+01   0.139055E+02   0.304255E+01   0.467059E+00
 0.259800E+01   0.253549E+01   0.138961E+02   0.304425E+01   0.467465E+00
 0.260100E+01   0.253663E+01   0.139030E+02   0.304594E+01   0.467870E+00
 0.260400E+01   0.253776E+01   0.138950E+02   0.304763E+01   0.468276E+00
 0.260700E+01   0.253889E+01   0.138936E+02   0.304930E+01   0.468681E+00
 0.261000E+01   0.254002E+01   0.138920E+02   0.305097E+01   0.469085E+00
 0.261300E+01   0.254113E+01   0.138888E+02   0.305264E+01   0.469490E+00
 0.261600E+01   0.254225E+01   0.138898E+02   0.305429E+01   0.469894E+00
 0.261900E+01   0.254335E+01   0.138890E+02   0.305594E+01   0.470298E+00
 0.262200E+01   0.254446E+01   0.138875E+02   0.305758E+01   0.470701E+00
 0.262500E+01   0.254555E+01   0.138853E+02   0.305921E+01   0.471105E+00
 0.262800E+01   0.254665E+01   0.138842E+02   0.306084E+01   0.471508E+00
 0.263100E+01   0.254773E+01   0.138835E+02   0.306246E+01   0.471911E+00
 0.263400E+01   0.254882E+01   0.138876E+02   0.306407E+01   0.472313E+00
 0.263700E+01   0.254989E+01   0.138813E+02   0.306568E+01   0.472716E+00
 0.264000E+01   0.255097E+01   0.138829E+02   0.306727E+01   0.473118E+00
 0.264300E+01   0.255203E+01   0.138743E+02   0.306887E+01   0.473520E+00
 0.264600E+01   0.255310E+01   0.138725E+02   0.307045E+01   0.473922E+00
 0.264900E+01   0.255415E+01   0.138737E+02   0.307203E+01   0.474323E+00
 0.265200E+01   0.255521E+01   0.138743E+02   0.307360E+01   0.474724E+00
 0.265500E+01   0.255625E+01   0.138763E+02   0.307516E+01   0.475125E+00
 0.265800E+01   0.255730E+01   0.138741E+02   0.307672E+01   0.475526E+00
 0.266100E+01   0.255833E+01   0.138735E+02   0.307827E+01   0.475927E+00
 0.266400E+01   0.255937E+01   0.138721E+02   0.307981E+01   0.476327E+00
 0.266700E+01   0.256040E+01   0.138709E+02   0.308135E+01   0.476727E+00
 0.267000E+01   0.256142E+01   0.138617E+02   0.308288E+01   0.477127E+00
 0.267300E+01   0.256244E+01   0.138641E+02   0.308441E+01   0.477526E+00
 0.267600E+01   0.256345E+01   0.138595E+02   0.308592E+01   0.477925E+00
 0.267900E+01   0.256446E+01   0.138601E+02   0.308743E+01   0.478324E+00
 0.268200E+01   0.256547E+01   0.138647E+02   0.308894E+01   0.478723E+00
 0.268500E+01   0.256647E+01   0.138601E+02   0.309044E+01   0.479122E+00
 0.268800E+01   0.256746E+01   0.138596E+02   0.309193E+01   0.479520E+00
 0.269100E+01   0.256845E+01   0.138569E+02   0.309341E+01   0.479918E+00
 0.269400E+01   0.256944E+01   0.138580E+02   0.309489E+01   0.480316E+00
 0.269700E+01   0.257042E+01   0.138565E+02   0.309636E+01   0.480714E+00
 0.270000E+01   0.257140E+01   0.138559E+02   0.309783E+01   0.481111E+00
 0.270300E+01   0.257237E+01   0.138498E+02   0.309929E+01   0.481508E+00
 0.270600E+01   0.257334E+01   0.138513E+02   0.310074E+01   0.481905E+00
 0.270900E+01   0.257430E+01   0.138468E+02   0.310219E+01   0.482302E+00
 0.271200E+01   0.257526E+01   0.138492E+02   0.310363E+01   0.482698E+00
 0.271500E+01   0.257622E+01   0.138473E+02   0.310506E+01   0.483094E+00
 0.271800E+01   0.257717E+01   0.138472E+02   0.310649E+01   0.483490E+00
 0.272100E+01   0.257811E+01   0.138383E+02   0.310791E+01   0.483886E+00
 0.272400E+01   0.257905E+01   0.138407E+02   0.310933E+01   0.484282E+00
 0.272700E+01   0.257999E+01   0.138341E+02   0.311073E+01   0.484677E+00
 0.273000E+01   0.258092E+01   0.138370E+02   0.311214E+01   0.485072E+00
 0.273300E+01   0.258185E+01   0.138379E+02   0.311353E+01   0.485467E+00
 0.273600E+01   0.258278E+01   0.138306E+02   0.311493E+01   0.485861E+00
 0.273900E+01   0.258370E+01   0.138361E+02   0.311631E+01   0.486256E+00
 0.274200E+01   0.258461E+01   0.138266E+02   0.311769E+01   0.486650E+00
 0.274500E+01   0.258552E+01   0.138270E+02   0.311906E+01   0.487044E+00
 0.274800E+01   0.258643E+01   0.138266E+02   0.312043E+01   0.487438E+00
 0.275100E+01   0.258733E+01   0.138263E+02   0.312179E+01   0.487831E+00
 0.275400E+01   0.258823E+01   0.138263E+02   0.312314E+01   0.488225E+00
 0.275700E+01   0.258913E+01   0.138225E+02   0.312449E+01   0.488618E+00
 0.276000E+01   0.259002E+01   0.138202E+02   0.312584E+01   0.489010E+00
 0.276300E+01   0.259090E+01   0.138195E+02   0.312717E+01   0.489403E+00
 0.276600E+01   0.259179E+01   0.138192E+02   0.312850E+01   0.489795E+00
 0.276900E+01   0.259266E+01   0.138198E+02   0.312983E+01   0.490187E+00
 0.277200E+01   0.259354E+01   0.138210E+02   0.313115E+01   0.490579E+00
 0.277500E+01   0.259441E+01   0.138174E+02   0.313247E+01   0.490970E+00
 0.277800E+01   0.259528E+01   0.138183E+02   0.313377E+01   0.491361E+00
 0.278100E+01   0.259614E+01   0.138084E+02   0.313508E+01   0.491752E+00
 0.278400E+01   0.259700E+01   0.138109E+02   0.313638E+01   0.492143E+00
 0.278700E+01   0.259785E+01   0.138097E+02   0.313767E+01   0.492533E+00
 0.279000E+01   0.259870E+01   0.138036E+02   0.313895E+01   0.492923E+00
 0.279300E+01   0.259955E+01   0.138067E+02   0.314023E+01   0.493313E+00
 0.279600E+01   0.260039E+01   0.138008E+02   0.314151E+01   0.493703E+00
 0.279900E+01   0.260123E+01   0.138010E+02   0.314278E+01   0.494093E+00
 0.280200E+01   0.260206E+01   0.138030E+02   0.314404E+01   0.494483E+00
 0.280500E+01   0.260289E+01   0.138018E+02   0.314530E+01   0.494872E+00
 0.280800E+01   0.260372E+01   0.137994E+02   0.314655E+01   0.495262E+00
 0.281100E+01   0.260454E+01   0.137983E+02   0.314780E+01   0.495651E+00
