 0.745400E-10   0.000000E+00   0.000000E+00   0.000000E+00   0.158100E-10
 0.300000E-02   0.607154E+00   0.219050E+03   0.612341E+00   0.635337E-03
 0.600000E-02   0.555155E+00   0.185854E+03   0.559777E+00   0.127064E-02
 0.900000E-02   0.534628E+00   0.181207E+03   0.539077E+00   0.190298E-02
 0.120000E-01   0.521734E+00   0.179915E+03   0.526077E+00   0.253287E-02
 0.150000E-01   0.518929E+00   0.182452E+03   0.523262E+00   0.316085E-02
 0.180000E-01   0.517236E+00   0.184523E+03   0.521559E+00   0.378745E-02
 0.210000E-01   0.516100E+00   0.186197E+03   0.520413E+00   0.441317E-02
 0.240000E-01   0.514108E+00   0.186927E+03   0.518398E+00   0.503855E-02
 0.270000E-01   0.512093E+00   0.187287E+03   0.516359E+00   0.566412E-02
 0.300000E-01   0.510961E+00   0.187830E+03   0.515213E+00   0.629038E-02
 0.330000E-01   0.510843E+00   0.188688E+03   0.515091E+00   0.691754E-02
 0.360000E-01   0.509917E+00   0.188948E+03   0.514152E+00   0.754545E-02
 0.390000E-01   0.510620E+00   0.189967E+03   0.514861E+00   0.817395E-02
 0.420000E-01   0.508641E+00   0.189460E+03   0.512858E+00   0.880287E-02
 0.450000E-01   0.507385E+00   0.189286E+03   0.511586E+00   0.943205E-02
 0.480000E-01   0.507938E+00   0.190032E+03   0.512143E+00   0.100613E-01
 0.510000E-01   0.508150E+00   0.190567E+03   0.512356E+00   0.106905E-01
 0.540000E-01   0.506381E+00   0.190033E+03   0.510566E+00   0.113195E-01
 0.570000E-01   0.507287E+00   0.190906E+03   0.511480E+00   0.119482E-01
 0.600000E-01   0.507781E+00   0.191555E+03   0.511978E+00   0.125767E-01
 0.630000E-01   0.507625E+00   0.191857E+03   0.511818E+00   0.132049E-01
 0.660000E-01   0.507886E+00   0.192383E+03   0.512081E+00   0.138330E-01
 0.690000E-01   0.507995E+00   0.192835E+03   0.512189E+00   0.144610E-01
 0.720000E-01   0.510617E+00   0.194655E+03   0.514838E+00   0.150889E-01
 0.750000E-01   0.509422E+00   0.194426E+03   0.513629E+00   0.157168E-01
 0.780000E-01   0.511505E+00   0.196001E+03   0.515732E+00   0.163447E-01
 0.810000E-01   0.512703E+00   0.197127E+03   0.516942E+00   0.169726E-01
 0.840000E-01   0.512890E+00   0.197726E+03   0.517130E+00   0.176006E-01
 0.870000E-01   0.514803E+00   0.199329E+03   0.519062E+00   0.182285E-01
 0.900000E-01   0.517199E+00   0.201269E+03   0.521482E+00   0.188565E-01
 0.930000E-01   0.516502E+00   0.201495E+03   0.520777E+00   0.194844E-01
 0.960000E-01   0.514474E+00   0.201023E+03   0.518726E+00   0.201123E-01
 0.990000E-01   0.515163E+00   0.202159E+03   0.519420E+00   0.207402E-01
 0.102000E+00   0.516835E+00   0.203935E+03   0.521110E+00   0.213680E-01
 0.105000E+00   0.515987E+00   0.204343E+03   0.520252E+00   0.219958E-01
 0.108000E+00   0.514897E+00   0.204698E+03   0.519149E+00   0.226234E-01
 0.111000E+00   0.512657E+00   0.204493E+03   0.516884E+00   0.232511E-01
 0.114000E+00   0.513237E+00   0.205990E+03   0.517470E+00   0.238787E-01
 0.117000E+00   0.512842E+00   0.207040E+03   0.517070E+00   0.245062E-01
 0.120000E+00   0.512678E+00   0.208339E+03   0.516904E+00   0.251337E-01
 0.123000E+00   0.510363E+00   0.208531E+03   0.514564E+00   0.257611E-01
 0.126000E+00   0.512028E+00   0.211135E+03   0.516247E+00   0.263885E-01
 0.129000E+00   0.509353E+00   0.211389E+03   0.513544E+00   0.270158E-01
 0.132000E+00   0.510374E+00   0.213922E+03   0.514576E+00   0.276431E-01
 0.135000E+00   0.506302E+00   0.213677E+03   0.510462E+00   0.282703E-01
 0.138000E+00   0.503899E+00   0.214567E+03   0.508034E+00   0.288975E-01
 0.141000E+00   0.500518E+00   0.215079E+03   0.504619E+00   0.295246E-01
 0.144000E+00   0.498920E+00   0.216790E+03   0.503006E+00   0.301517E-01
 0.147000E+00   0.492709E+00   0.216092E+03   0.496731E+00   0.307787E-01
 0.150000E+00   0.487861E+00   0.216381E+03   0.491834E+00   0.314057E-01
 0.153000E+00   0.487828E+00   0.219564E+03   0.491804E+00   0.320326E-01
 0.156000E+00   0.483244E+00   0.220420E+03   0.487175E+00   0.326594E-01
 0.159000E+00   0.477851E+00   0.221051E+03   0.481729E+00   0.332862E-01
 0.162000E+00   0.482375E+00   0.227500E+03   0.486302E+00   0.339129E-01
 0.165000E+00   0.483589E+00   0.232391E+03   0.487531E+00   0.345395E-01
 0.168000E+00   0.479893E+00   0.234698E+03   0.483800E+00   0.351661E-01
 0.171000E+00   0.474141E+00   0.236065E+03   0.477993E+00   0.357926E-01
 0.174000E+00   0.469182E+00   0.238159E+03   0.472987E+00   0.364190E-01
 0.177000E+00   0.474855E+00   0.246818E+03   0.478719E+00   0.370454E-01
 0.180000E+00   0.471983E+00   0.250742E+03   0.475821E+00   0.376717E-01
 0.183000E+00   0.470680E+00   0.255946E+03   0.474509E+00   0.382979E-01
 0.186000E+00   0.464779E+00   0.258672E+03   0.468552E+00   0.389241E-01
 0.189000E+00   0.455168E+00   0.259463E+03   0.458849E+00   0.395502E-01
 0.192000E+00   0.449446E+00   0.262994E+03   0.453074E+00   0.401762E-01
 0.195000E+00   0.436413E+00   0.262415E+03   0.439918E+00   0.408021E-01
 0.198000E+00   0.427101E+00   0.264501E+03   0.430519E+00   0.414280E-01
 0.201000E+00   0.412494E+00   0.263734E+03   0.415775E+00   0.420538E-01
 0.204000E+00   0.404387E+00   0.267369E+03   0.407594E+00   0.426795E-01
 0.207000E+00   0.390707E+00   0.267974E+03   0.393788E+00   0.433051E-01
 0.210000E+00   0.381599E+00   0.271896E+03   0.384599E+00   0.439306E-01
 0.213000E+00   0.369696E+00   0.274524E+03   0.372589E+00   0.445561E-01
 0.216000E+00   0.346970E+00   0.270448E+03   0.349654E+00   0.451815E-01
 0.219000E+00   0.326296E+00   0.267913E+03   0.328792E+00   0.458068E-01
 0.222000E+00   0.306960E+00   0.266423E+03   0.309283E+00   0.464320E-01
 0.225000E+00   0.288248E+00   0.265460E+03   0.290405E+00   0.470571E-01
 0.228000E+00   0.261771E+00   0.258552E+03   0.263694E+00   0.476822E-01
 0.231000E+00   0.249397E+00   0.262302E+03   0.251217E+00   0.483071E-01
 0.234000E+00   0.233521E+00   0.263441E+03   0.235207E+00   0.489320E-01
 0.237000E+00   0.217093E+00   0.264091E+03   0.218643E+00   0.495568E-01
 0.240000E+00   0.196058E+00   0.259690E+03   0.197431E+00   0.501815E-01
 0.243000E+00   0.180796E+00   0.260609E+03   0.182043E+00   0.508061E-01
 0.246000E+00   0.156617E+00   0.248714E+03   0.157658E+00   0.514306E-01
 0.249000E+00   0.137158E+00   0.238930E+03   0.138035E+00   0.520550E-01
 0.252000E+00   0.116137E+00   0.220001E+03   0.116834E+00   0.526794E-01
 0.255000E+00   0.987818E-01   0.198013E+03   0.993309E-01   0.533036E-01
 0.258000E+00   0.873525E-01   0.179909E+03   0.878037E-01   0.539278E-01
 0.261000E+00   0.781073E-01   0.156514E+03   0.784787E-01   0.545518E-01
 0.264000E+00   0.722792E-01   0.133866E+03   0.725996E-01   0.551758E-01
 0.267000E+00   0.691849E-01   0.115015E+03   0.694777E-01   0.557997E-01
 0.270000E+00   0.677482E-01   0.995554E+02   0.680275E-01   0.564234E-01
 0.273000E+00   0.673296E-01   0.875143E+02   0.676044E-01   0.570471E-01
 0.276000E+00   0.675109E-01   0.781648E+02   0.677866E-01   0.576707E-01
 0.279000E+00   0.680413E-01   0.702714E+02   0.683211E-01   0.582942E-01
 0.282000E+00   0.688230E-01   0.643658E+02   0.691094E-01   0.589175E-01
 0.285000E+00   0.697610E-01   0.595303E+02   0.700557E-01   0.595408E-01
 0.288000E+00   0.708456E-01   0.578742E+02   0.711501E-01   0.601640E-01
 0.291000E+00   0.719855E-01   0.557951E+02   0.723006E-01   0.607871E-01
 0.294000E+00   0.731640E-01   0.519626E+02   0.734903E-01   0.614100E-01
 0.297000E+00   0.743988E-01   0.485792E+02   0.747372E-01   0.620329E-01
 0.300000E+00   0.756803E-01   0.456898E+02   0.760314E-01   0.626557E-01
 0.303000E+00   0.770037E-01   0.437709E+02   0.773683E-01   0.632783E-01
 0.306000E+00   0.783645E-01   0.434483E+02   0.787432E-01   0.639009E-01
 0.309000E+00   0.797487E-01   0.428776E+02   0.801421E-01   0.645233E-01
 0.312000E+00   0.811557E-01   0.420214E+02   0.815644E-01   0.651457E-01
 0.315000E+00   0.825858E-01   0.416533E+02   0.830102E-01   0.657679E-01
 0.318000E+00   0.840350E-01   0.398679E+02   0.844758E-01   0.663901E-01
 0.321000E+00   0.855053E-01   0.394163E+02   0.859630E-01   0.670121E-01
 0.324000E+00   0.869942E-01   0.405268E+02   0.874693E-01   0.676340E-01
 0.327000E+00   0.884998E-01   0.394071E+02   0.889928E-01   0.682558E-01
 0.330000E+00   0.900222E-01   0.394657E+02   0.905337E-01   0.688776E-01
 0.333000E+00   0.915605E-01   0.382187E+02   0.920910E-01   0.694991E-01
 0.336000E+00   0.931141E-01   0.366033E+02   0.936642E-01   0.701206E-01
 0.339000E+00   0.946825E-01   0.351654E+02   0.952526E-01   0.707420E-01
 0.342000E+00   0.962650E-01   0.338678E+02   0.968558E-01   0.713633E-01
 0.345000E+00   0.978611E-01   0.327054E+02   0.984732E-01   0.719844E-01
 0.348000E+00   0.994706E-01   0.316464E+02   0.100104E+00   0.726055E-01
 0.351000E+00   0.101093E+00   0.306811E+02   0.101749E+00   0.732264E-01
 0.354000E+00   0.102728E+00   0.297961E+02   0.103407E+00   0.738472E-01
 0.357000E+00   0.104375E+00   0.289866E+02   0.105078E+00   0.744679E-01
 0.360000E+00   0.106035E+00   0.282343E+02   0.106761E+00   0.750885E-01
 0.363000E+00   0.107706E+00   0.275532E+02   0.108456E+00   0.757089E-01
 0.366000E+00   0.109388E+00   0.269152E+02   0.110164E+00   0.763293E-01
 0.369000E+00   0.111082E+00   0.263219E+02   0.111883E+00   0.769495E-01
 0.372000E+00   0.112787E+00   0.257681E+02   0.113615E+00   0.775697E-01
 0.375000E+00   0.114503E+00   0.252552E+02   0.115357E+00   0.781897E-01
 0.378000E+00   0.116229E+00   0.247770E+02   0.117111E+00   0.788095E-01
 0.381000E+00   0.117966E+00   0.243328E+02   0.118876E+00   0.794293E-01
 0.384000E+00   0.119714E+00   0.239029E+02   0.120652E+00   0.800490E-01
 0.387000E+00   0.121472E+00   0.235122E+02   0.122439E+00   0.806685E-01
 0.390000E+00   0.123239E+00   0.231339E+02   0.124237E+00   0.812879E-01
 0.393000E+00   0.125017E+00   0.227859E+02   0.126045E+00   0.819072E-01
 0.396000E+00   0.126805E+00   0.224540E+02   0.127863E+00   0.825264E-01
 0.399000E+00   0.128602E+00   0.221357E+02   0.129692E+00   0.831454E-01
 0.402000E+00   0.130409E+00   0.218387E+02   0.131531E+00   0.837644E-01
 0.405000E+00   0.132225E+00   0.215571E+02   0.133381E+00   0.843832E-01
 0.408000E+00   0.134051E+00   0.212919E+02   0.135240E+00   0.850018E-01
 0.411000E+00   0.135886E+00   0.210345E+02   0.137109E+00   0.856204E-01
 0.414000E+00   0.137731E+00   0.207970E+02   0.138988E+00   0.862388E-01
 0.417000E+00   0.139584E+00   0.205714E+02   0.140877E+00   0.868572E-01
 0.420000E+00   0.141447E+00   0.203464E+02   0.142775E+00   0.874754E-01
 0.423000E+00   0.143318E+00   0.201350E+02   0.144683E+00   0.880934E-01
 0.426000E+00   0.145198E+00   0.199420E+02   0.146601E+00   0.887114E-01
 0.429000E+00   0.147087E+00   0.197500E+02   0.148527E+00   0.893292E-01
 0.432000E+00   0.148985E+00   0.195647E+02   0.150464E+00   0.899469E-01
 0.435000E+00   0.150891E+00   0.193889E+02   0.152409E+00   0.905644E-01
 0.438000E+00   0.152806E+00   0.192209E+02   0.154364E+00   0.911819E-01
 0.441000E+00   0.154729E+00   0.190601E+02   0.156328E+00   0.917992E-01
 0.444000E+00   0.156661E+00   0.189047E+02   0.158301E+00   0.924164E-01
 0.447000E+00   0.158601E+00   0.187639E+02   0.160283E+00   0.930334E-01
 0.450000E+00   0.160549E+00   0.186215E+02   0.162274E+00   0.936503E-01
 0.453000E+00   0.162506E+00   0.184790E+02   0.164275E+00   0.942671E-01
 0.456000E+00   0.164472E+00   0.183507E+02   0.166284E+00   0.948838E-01
 0.459000E+00   0.166445E+00   0.182279E+02   0.168302E+00   0.955003E-01
 0.462000E+00   0.168427E+00   0.181026E+02   0.170330E+00   0.961167E-01
 0.465000E+00   0.170417E+00   0.179848E+02   0.172366E+00   0.967330E-01
 0.468000E+00   0.172416E+00   0.178779E+02   0.174411E+00   0.973492E-01
 0.471000E+00   0.174422E+00   0.177652E+02   0.176465E+00   0.979652E-01
 0.474000E+00   0.176437E+00   0.176614E+02   0.178528E+00   0.985811E-01
 0.477000E+00   0.178459E+00   0.175590E+02   0.180599E+00   0.991968E-01
 0.480000E+00   0.180489E+00   0.174632E+02   0.182679E+00   0.998124E-01
 0.483000E+00   0.182526E+00   0.173625E+02   0.184767E+00   0.100428E+00
 0.486000E+00   0.184571E+00   0.172784E+02   0.186864E+00   0.101043E+00
 0.489000E+00   0.186624E+00   0.171808E+02   0.188969E+00   0.101658E+00
 0.492000E+00   0.188685E+00   0.171007E+02   0.191082E+00   0.102274E+00
 0.495000E+00   0.190753E+00   0.170209E+02   0.193204E+00   0.102888E+00
 0.498000E+00   0.192830E+00   0.169405E+02   0.195335E+00   0.103503E+00
 0.501000E+00   0.194915E+00   0.168581E+02   0.197476E+00   0.104118E+00
 0.504000E+00   0.197009E+00   0.167866E+02   0.199626E+00   0.104732E+00
 0.507000E+00   0.199113E+00   0.167052E+02   0.201786E+00   0.105347E+00
 0.510000E+00   0.201226E+00   0.166344E+02   0.203957E+00   0.105961E+00
 0.513000E+00   0.203348E+00   0.165687E+02   0.206138E+00   0.106575E+00
 0.516000E+00   0.205479E+00   0.165060E+02   0.208328E+00   0.107189E+00
 0.519000E+00   0.207618E+00   0.164350E+02   0.210527E+00   0.107803E+00
 0.522000E+00   0.209764E+00   0.163743E+02   0.212734E+00   0.108417E+00
 0.525000E+00   0.211915E+00   0.163130E+02   0.214947E+00   0.109030E+00
 0.528000E+00   0.214071E+00   0.162589E+02   0.217166E+00   0.109644E+00
 0.531000E+00   0.216231E+00   0.161965E+02   0.219389E+00   0.110257E+00
 0.534000E+00   0.218394E+00   0.161433E+02   0.221615E+00   0.110870E+00
 0.537000E+00   0.220558E+00   0.160871E+02   0.223844E+00   0.111483E+00
 0.540000E+00   0.222723E+00   0.160401E+02   0.226075E+00   0.112096E+00
 0.543000E+00   0.224889E+00   0.159891E+02   0.228307E+00   0.112709E+00
 0.546000E+00   0.227056E+00   0.159378E+02   0.230540E+00   0.113321E+00
 0.549000E+00   0.229223E+00   0.158916E+02   0.232774E+00   0.113934E+00
 0.552000E+00   0.231390E+00   0.158420E+02   0.235009E+00   0.114546E+00
 0.555000E+00   0.233557E+00   0.157957E+02   0.237244E+00   0.115158E+00
 0.558000E+00   0.235723E+00   0.157502E+02   0.239479E+00   0.115770E+00
 0.561000E+00   0.237888E+00   0.157129E+02   0.241714E+00   0.116382E+00
 0.564000E+00   0.240053E+00   0.156686E+02   0.243949E+00   0.116994E+00
 0.567000E+00   0.242218E+00   0.156267E+02   0.246185E+00   0.117605E+00
 0.570000E+00   0.244384E+00   0.155882E+02   0.248422E+00   0.118217E+00
 0.573000E+00   0.246551E+00   0.155489E+02   0.250662E+00   0.118828E+00
 0.576000E+00   0.248721E+00   0.155111E+02   0.252904E+00   0.119439E+00
 0.579000E+00   0.250894E+00   0.154763E+02   0.255151E+00   0.120050E+00
 0.582000E+00   0.253071E+00   0.154468E+02   0.257402E+00   0.120661E+00
 0.585000E+00   0.255252E+00   0.154053E+02   0.259658E+00   0.121272E+00
 0.588000E+00   0.257439E+00   0.153784E+02   0.261920E+00   0.121883E+00
 0.591000E+00   0.259630E+00   0.153457E+02   0.264188E+00   0.122493E+00
 0.594000E+00   0.261826E+00   0.153105E+02   0.266462E+00   0.123103E+00
 0.597000E+00   0.264028E+00   0.152767E+02   0.268742E+00   0.123714E+00
 0.600000E+00   0.266235E+00   0.152468E+02   0.271028E+00   0.124324E+00
 0.603000E+00   0.268447E+00   0.152179E+02   0.273320E+00   0.124933E+00
 0.606000E+00   0.270665E+00   0.151917E+02   0.275619E+00   0.125543E+00
 0.609000E+00   0.272888E+00   0.151635E+02   0.277923E+00   0.126153E+00
 0.612000E+00   0.275116E+00   0.151327E+02   0.280234E+00   0.126762E+00
 0.615000E+00   0.277350E+00   0.151070E+02   0.282551E+00   0.127372E+00
 0.618000E+00   0.279590E+00   0.150820E+02   0.284876E+00   0.127981E+00
 0.621000E+00   0.281836E+00   0.150510E+02   0.287207E+00   0.128590E+00
 0.624000E+00   0.284088E+00   0.150304E+02   0.289545E+00   0.129199E+00
 0.627000E+00   0.286346E+00   0.149975E+02   0.291890E+00   0.129807E+00
 0.630000E+00   0.288611E+00   0.149780E+02   0.294243E+00   0.130416E+00
 0.633000E+00   0.290883E+00   0.149524E+02   0.296603E+00   0.131024E+00
 0.636000E+00   0.293161E+00   0.149319E+02   0.298971E+00   0.131633E+00
 0.639000E+00   0.295447E+00   0.149065E+02   0.301347E+00   0.132241E+00
 0.642000E+00   0.297739E+00   0.148859E+02   0.303731E+00   0.132849E+00
 0.645000E+00   0.300039E+00   0.148631E+02   0.306124E+00   0.133456E+00
 0.648000E+00   0.302346E+00   0.148382E+02   0.308524E+00   0.134064E+00
 0.651000E+00   0.304661E+00   0.148170E+02   0.310934E+00   0.134672E+00
 0.654000E+00   0.306983E+00   0.147952E+02   0.313351E+00   0.135279E+00
 0.657000E+00   0.309313E+00   0.147766E+02   0.315778E+00   0.135886E+00
 0.660000E+00   0.311651E+00   0.147620E+02   0.318213E+00   0.136493E+00
 0.663000E+00   0.313996E+00   0.147344E+02   0.320658E+00   0.137100E+00
 0.666000E+00   0.316350E+00   0.147145E+02   0.323111E+00   0.137707E+00
 0.669000E+00   0.318712E+00   0.146951E+02   0.325574E+00   0.138313E+00
 0.672000E+00   0.321082E+00   0.146857E+02   0.328046E+00   0.138920E+00
 0.675000E+00   0.323461E+00   0.146643E+02   0.330528E+00   0.139526E+00
 0.678000E+00   0.325848E+00   0.146443E+02   0.333020E+00   0.140132E+00
 0.681000E+00   0.328245E+00   0.146288E+02   0.335521E+00   0.140738E+00
 0.684000E+00   0.330650E+00   0.146127E+02   0.338033E+00   0.141344E+00
 0.687000E+00   0.333064E+00   0.145888E+02   0.340554E+00   0.141950E+00
 0.690000E+00   0.335487E+00   0.145743E+02   0.343086E+00   0.142555E+00
 0.693000E+00   0.337919E+00   0.145607E+02   0.345628E+00   0.143161E+00
 0.696000E+00   0.340361E+00   0.145397E+02   0.348181E+00   0.143766E+00
 0.699000E+00   0.342812E+00   0.145292E+02   0.350745E+00   0.144371E+00
 0.702000E+00   0.345272E+00   0.145176E+02   0.353319E+00   0.144976E+00
 0.705000E+00   0.347743E+00   0.144980E+02   0.355904E+00   0.145580E+00
 0.708000E+00   0.350223E+00   0.144826E+02   0.358501E+00   0.146185E+00
 0.711000E+00   0.352714E+00   0.144712E+02   0.361109E+00   0.146789E+00
 0.714000E+00   0.355214E+00   0.144574E+02   0.363728E+00   0.147393E+00
 0.717000E+00   0.357724E+00   0.144384E+02   0.366358E+00   0.147997E+00
 0.720000E+00   0.360245E+00   0.144239E+02   0.369000E+00   0.148601E+00
 0.723000E+00   0.362777E+00   0.144100E+02   0.371654E+00   0.149205E+00
 0.726000E+00   0.365319E+00   0.143969E+02   0.374320E+00   0.149808E+00
 0.729000E+00   0.367871E+00   0.143850E+02   0.376999E+00   0.150412E+00
 0.732000E+00   0.370435E+00   0.143696E+02   0.379689E+00   0.151015E+00
 0.735000E+00   0.373009E+00   0.143580E+02   0.382391E+00   0.151618E+00
 0.738000E+00   0.375595E+00   0.143500E+02   0.385107E+00   0.152221E+00
 0.741000E+00   0.378191E+00   0.143392E+02   0.387834E+00   0.152824E+00
 0.744000E+00   0.380799E+00   0.143244E+02   0.390575E+00   0.153426E+00
 0.747000E+00   0.383418E+00   0.143086E+02   0.393328E+00   0.154028E+00
 0.750000E+00   0.386049E+00   0.142958E+02   0.396095E+00   0.154631E+00
 0.753000E+00   0.388692E+00   0.142867E+02   0.398874E+00   0.155233E+00
 0.756000E+00   0.391346E+00   0.142808E+02   0.401667E+00   0.155834E+00
 0.759000E+00   0.394013E+00   0.142690E+02   0.404474E+00   0.156436E+00
 0.762000E+00   0.396691E+00   0.142565E+02   0.407294E+00   0.157038E+00
 0.765000E+00   0.399381E+00   0.142487E+02   0.410128E+00   0.157639E+00
 0.768000E+00   0.402084E+00   0.142306E+02   0.412975E+00   0.158240E+00
 0.771000E+00   0.404799E+00   0.142204E+02   0.415837E+00   0.158841E+00
 0.774000E+00   0.407527E+00   0.142100E+02   0.418713E+00   0.159442E+00
 0.777000E+00   0.410267E+00   0.142069E+02   0.421603E+00   0.160042E+00
 0.780000E+00   0.413020E+00   0.141981E+02   0.424507E+00   0.160643E+00
 0.783000E+00   0.415785E+00   0.141864E+02   0.427427E+00   0.161243E+00
 0.786000E+00   0.418564E+00   0.141728E+02   0.430360E+00   0.161843E+00
 0.789000E+00   0.421356E+00   0.141635E+02   0.433309E+00   0.162443E+00
 0.792000E+00   0.424161E+00   0.141545E+02   0.436272E+00   0.163042E+00
 0.795000E+00   0.426979E+00   0.141512E+02   0.439251E+00   0.163642E+00
 0.798000E+00   0.429811E+00   0.141389E+02   0.442245E+00   0.164241E+00
 0.801000E+00   0.432656E+00   0.141347E+02   0.445254E+00   0.164840E+00
 0.804000E+00   0.435515E+00   0.141224E+02   0.448279E+00   0.165439E+00
 0.807000E+00   0.438387E+00   0.141109E+02   0.451320E+00   0.166038E+00
 0.810000E+00   0.441274E+00   0.141086E+02   0.454376E+00   0.166637E+00
 0.813000E+00   0.444174E+00   0.141024E+02   0.457448E+00   0.167235E+00
 0.816000E+00   0.447089E+00   0.140893E+02   0.460536E+00   0.167833E+00
 0.819000E+00   0.450018E+00   0.140808E+02   0.463641E+00   0.168431E+00
 0.822000E+00   0.452961E+00   0.140778E+02   0.466762E+00   0.169029E+00
 0.825000E+00   0.455919E+00   0.140674E+02   0.469899E+00   0.169626E+00
 0.828000E+00   0.458891E+00   0.140605E+02   0.473053E+00   0.170224E+00
 0.831000E+00   0.461877E+00   0.140559E+02   0.476223E+00   0.170821E+00
 0.834000E+00   0.464879E+00   0.140434E+02   0.479411E+00   0.171418E+00
 0.837000E+00   0.467895E+00   0.140446E+02   0.482615E+00   0.172015E+00
 0.840000E+00   0.470927E+00   0.140332E+02   0.485837E+00   0.172612E+00
 0.843000E+00   0.473973E+00   0.140289E+02   0.489075E+00   0.173208E+00
 0.846000E+00   0.477034E+00   0.140179E+02   0.492332E+00   0.173804E+00
 0.849000E+00   0.480111E+00   0.140146E+02   0.495605E+00   0.174400E+00
 0.852000E+00   0.483203E+00   0.140084E+02   0.498896E+00   0.174996E+00
 0.855000E+00   0.486311E+00   0.140038E+02   0.502205E+00   0.175592E+00
 0.858000E+00   0.489434E+00   0.139910E+02   0.505532E+00   0.176187E+00
 0.861000E+00   0.492573E+00   0.139891E+02   0.508877E+00   0.176782E+00
 0.864000E+00   0.495728E+00   0.139884E+02   0.512240E+00   0.177377E+00
 0.867000E+00   0.498898E+00   0.139814E+02   0.515621E+00   0.177972E+00
 0.870000E+00   0.502085E+00   0.139718E+02   0.519021E+00   0.178567E+00
 0.873000E+00   0.505287E+00   0.139654E+02   0.522439E+00   0.179161E+00
 0.876000E+00   0.508506E+00   0.139598E+02   0.525876E+00   0.179755E+00
 0.879000E+00   0.511741E+00   0.139552E+02   0.529331E+00   0.180349E+00
 0.882000E+00   0.514992E+00   0.139543E+02   0.532806E+00   0.180943E+00
 0.885000E+00   0.518260E+00   0.139440E+02   0.536299E+00   0.181536E+00
 0.888000E+00   0.521544E+00   0.139468E+02   0.539811E+00   0.182130E+00
 0.891000E+00   0.524845E+00   0.139353E+02   0.543343E+00   0.182723E+00
 0.894000E+00   0.528162E+00   0.139322E+02   0.546893E+00   0.183316E+00
 0.897000E+00   0.531496E+00   0.139297E+02   0.550464E+00   0.183908E+00
 0.900000E+00   0.534847E+00   0.139278E+02   0.554054E+00   0.184501E+00
 0.903000E+00   0.538215E+00   0.139236E+02   0.557663E+00   0.185093E+00
 0.906000E+00   0.541600E+00   0.139191E+02   0.561292E+00   0.185685E+00
 0.909000E+00   0.545002E+00   0.139113E+02   0.564941E+00   0.186277E+00
 0.912000E+00   0.548421E+00   0.139053E+02   0.568610E+00   0.186869E+00
 0.915000E+00   0.551857E+00   0.139005E+02   0.572299E+00   0.187460E+00
 0.918000E+00   0.555311E+00   0.139029E+02   0.576008E+00   0.188051E+00
 0.921000E+00   0.558782E+00   0.138959E+02   0.579738E+00   0.188642E+00
 0.924000E+00   0.562270E+00   0.138968E+02   0.583488E+00   0.189233E+00
 0.927000E+00   0.565776E+00   0.138896E+02   0.587258E+00   0.189823E+00
 0.930000E+00   0.569300E+00   0.138852E+02   0.591049E+00   0.190413E+00
 0.933000E+00   0.572841E+00   0.138840E+02   0.594861E+00   0.191003E+00
 0.936000E+00   0.576399E+00   0.138768E+02   0.598693E+00   0.191593E+00
 0.939000E+00   0.579976E+00   0.138777E+02   0.602546E+00   0.192183E+00
 0.942000E+00   0.583570E+00   0.138689E+02   0.606420E+00   0.192772E+00
 0.945000E+00   0.587182E+00   0.138708E+02   0.610315E+00   0.193361E+00
 0.948000E+00   0.590812E+00   0.138631E+02   0.614231E+00   0.193950E+00
 0.951000E+00   0.594460E+00   0.138615E+02   0.618168E+00   0.194538E+00
 0.954000E+00   0.598126E+00   0.138628E+02   0.622127E+00   0.195127E+00
 0.957000E+00   0.601810E+00   0.138614E+02   0.626107E+00   0.195715E+00
 0.960000E+00   0.605512E+00   0.138563E+02   0.630108E+00   0.196303E+00
 0.963000E+00   0.609233E+00   0.138588E+02   0.634130E+00   0.196891E+00
 0.966000E+00   0.612971E+00   0.138562E+02   0.638175E+00   0.197478E+00
 0.969000E+00   0.616728E+00   0.138471E+02   0.642240E+00   0.198065E+00
 0.972000E+00   0.620502E+00   0.138508E+02   0.646328E+00   0.198652E+00
 0.975000E+00   0.624296E+00   0.138415E+02   0.650437E+00   0.199239E+00
 0.978000E+00   0.628107E+00   0.138445E+02   0.654568E+00   0.199825E+00
 0.981000E+00   0.631937E+00   0.138382E+02   0.658721E+00   0.200411E+00
 0.984000E+00   0.635785E+00   0.138432E+02   0.662896E+00   0.200997E+00
 0.987000E+00   0.639651E+00   0.138424E+02   0.667093E+00   0.201583E+00
 0.990000E+00   0.643536E+00   0.138398E+02   0.671311E+00   0.202168E+00
 0.993000E+00   0.647439E+00   0.138367E+02   0.675552E+00   0.202754E+00
 0.996000E+00   0.651361E+00   0.138300E+02   0.679815E+00   0.203339E+00
 0.999000E+00   0.655301E+00   0.138275E+02   0.684100E+00   0.203923E+00
 0.100200E+01   0.659259E+00   0.138300E+02   0.688408E+00   0.204508E+00
 0.100500E+01   0.663236E+00   0.138271E+02   0.692737E+00   0.205092E+00
 0.100800E+01   0.667232E+00   0.138231E+02   0.697089E+00   0.205676E+00
 0.101100E+01   0.671246E+00   0.138273E+02   0.701463E+00   0.206259E+00
 0.101400E+01   0.675278E+00   0.138302E+02   0.705859E+00   0.206843E+00
 0.101700E+01   0.679328E+00   0.138277E+02   0.710278E+00   0.207426E+00
 0.102000E+01   0.683398E+00   0.138226E+02   0.714719E+00   0.208009E+00
 0.102300E+01   0.687485E+00   0.138218E+02   0.719183E+00   0.208591E+00
 0.102600E+01   0.691591E+00   0.138229E+02   0.723669E+00   0.209174E+00
 0.102900E+01   0.695715E+00   0.138197E+02   0.728177E+00   0.209756E+00
 0.103200E+01   0.699858E+00   0.138249E+02   0.732708E+00   0.210338E+00
 0.103500E+01   0.704019E+00   0.138246E+02   0.737261E+00   0.210919E+00
 0.103800E+01   0.708198E+00   0.138167E+02   0.741836E+00   0.211500E+00
 0.104100E+01   0.712395E+00   0.138149E+02   0.746434E+00   0.212081E+00
 0.104400E+01   0.716611E+00   0.138205E+02   0.751054E+00   0.212662E+00
 0.104700E+01   0.720845E+00   0.138231E+02   0.755697E+00   0.213243E+00
 0.105000E+01   0.725097E+00   0.138188E+02   0.760362E+00   0.213823E+00
 0.105300E+01   0.729367E+00   0.138223E+02   0.765050E+00   0.214403E+00
 0.105600E+01   0.733655E+00   0.138132E+02   0.769760E+00   0.214982E+00
 0.105900E+01   0.737961E+00   0.138210E+02   0.774492E+00   0.215562E+00
 0.106200E+01   0.742285E+00   0.138135E+02   0.779247E+00   0.216141E+00
 0.106500E+01   0.746627E+00   0.138140E+02   0.784024E+00   0.216719E+00
 0.106800E+01   0.750987E+00   0.138147E+02   0.788823E+00   0.217298E+00
 0.107100E+01   0.755365E+00   0.138203E+02   0.793645E+00   0.217876E+00
 0.107400E+01   0.759760E+00   0.138204E+02   0.798489E+00   0.218454E+00
 0.107700E+01   0.764174E+00   0.138201E+02   0.803355E+00   0.219032E+00
 0.108000E+01   0.768604E+00   0.138158E+02   0.808243E+00   0.219609E+00
 0.108300E+01   0.773052E+00   0.138210E+02   0.813153E+00   0.220186E+00
 0.108600E+01   0.777518E+00   0.138148E+02   0.818085E+00   0.220763E+00
 0.108900E+01   0.782001E+00   0.138170E+02   0.823039E+00   0.221340E+00
 0.109200E+01   0.786501E+00   0.138221E+02   0.828016E+00   0.221916E+00
 0.109500E+01   0.791018E+00   0.138215E+02   0.833013E+00   0.222492E+00
 0.109800E+01   0.795553E+00   0.138170E+02   0.838033E+00   0.223067E+00
 0.110100E+01   0.800104E+00   0.138216E+02   0.843074E+00   0.223643E+00
 0.110400E+01   0.804672E+00   0.138283E+02   0.848137E+00   0.224218E+00
 0.110700E+01   0.809257E+00   0.138282E+02   0.853222E+00   0.224792E+00
 0.111000E+01   0.813859E+00   0.138296E+02   0.858328E+00   0.225367E+00
 0.111300E+01   0.818477E+00   0.138273E+02   0.863455E+00   0.225941E+00
 0.111600E+01   0.823111E+00   0.138228E+02   0.868604E+00   0.226515E+00
 0.111900E+01   0.827762E+00   0.138269E+02   0.873774E+00   0.227088E+00
 0.112200E+01   0.832430E+00   0.138306E+02   0.878965E+00   0.227662E+00
 0.112500E+01   0.837113E+00   0.138303E+02   0.884177E+00   0.228235E+00
 0.112800E+01   0.841812E+00   0.138276E+02   0.889410E+00   0.228807E+00
 0.113100E+01   0.846527E+00   0.138349E+02   0.894663E+00   0.229380E+00
 0.113400E+01   0.851258E+00   0.138308E+02   0.899938E+00   0.229952E+00
 0.113700E+01   0.856004E+00   0.138344E+02   0.905233E+00   0.230523E+00
 0.114000E+01   0.860766E+00   0.138402E+02   0.910548E+00   0.231095E+00
 0.114300E+01   0.865543E+00   0.138363E+02   0.915884E+00   0.231666E+00
 0.114600E+01   0.870335E+00   0.138347E+02   0.921240E+00   0.232237E+00
 0.114900E+01   0.875142E+00   0.138356E+02   0.926616E+00   0.232807E+00
 0.115200E+01   0.879964E+00   0.138402E+02   0.932011E+00   0.233377E+00
 0.115500E+01   0.884801E+00   0.138449E+02   0.937427E+00   0.233947E+00
 0.115800E+01   0.889652E+00   0.138466E+02   0.942863E+00   0.234516E+00
 0.116100E+01   0.894518E+00   0.138478E+02   0.948317E+00   0.235086E+00
 0.116400E+01   0.899397E+00   0.138509E+02   0.953792E+00   0.235655E+00
 0.116700E+01   0.904291E+00   0.138501E+02   0.959285E+00   0.236223E+00
 0.117000E+01   0.909199E+00   0.138492E+02   0.964798E+00   0.236791E+00
 0.117300E+01   0.914120E+00   0.138528E+02   0.970329E+00   0.237359E+00
 0.117600E+01   0.919055E+00   0.138555E+02   0.975880E+00   0.237927E+00
 0.117900E+01   0.924004E+00   0.138547E+02   0.981448E+00   0.238494E+00
 0.118200E+01   0.928965E+00   0.138574E+02   0.987036E+00   0.239061E+00
 0.118500E+01   0.933940E+00   0.138568E+02   0.992641E+00   0.239628E+00
 0.118800E+01   0.938927E+00   0.138642E+02   0.998265E+00   0.240194E+00
 0.119100E+01   0.943927E+00   0.138688E+02   0.100391E+01   0.240760E+00
 0.119400E+01   0.948940E+00   0.138621E+02   0.100957E+01   0.241326E+00
 0.119700E+01   0.953964E+00   0.138656E+02   0.101524E+01   0.241891E+00
 0.120000E+01   0.959001E+00   0.138652E+02   0.102094E+01   0.242456E+00
 0.120300E+01   0.964050E+00   0.138694E+02   0.102665E+01   0.243020E+00
 0.120600E+01   0.969110E+00   0.138709E+02   0.103238E+01   0.243585E+00
 0.120900E+01   0.974182E+00   0.138758E+02   0.103812E+01   0.244149E+00
 0.121200E+01   0.979265E+00   0.138738E+02   0.104388E+01   0.244712E+00
 0.121500E+01   0.984359E+00   0.138799E+02   0.104966E+01   0.245276E+00
 0.121800E+01   0.989464E+00   0.138780E+02   0.105545E+01   0.245839E+00
 0.122100E+01   0.994580E+00   0.138872E+02   0.106126E+01   0.246401E+00
 0.122400E+01   0.999706E+00   0.138873E+02   0.106709E+01   0.246963E+00
 0.122700E+01   0.100484E+01   0.138926E+02   0.107293E+01   0.247525E+00
 0.123000E+01   0.100999E+01   0.138939E+02   0.107879E+01   0.248087E+00
 0.123300E+01   0.101514E+01   0.138984E+02   0.108466E+01   0.248648E+00
 0.123600E+01   0.102031E+01   0.138988E+02   0.109055E+01   0.249209E+00
 0.123900E+01   0.102549E+01   0.138937E+02   0.109645E+01   0.249770E+00
 0.124200E+01   0.103067E+01   0.138962E+02   0.110236E+01   0.250330E+00
 0.124500E+01   0.103586E+01   0.139051E+02   0.110829E+01   0.250890E+00
 0.124800E+01   0.104106E+01   0.139034E+02   0.111424E+01   0.251449E+00
 0.125100E+01   0.104628E+01   0.139100E+02   0.112020E+01   0.252008E+00
 0.125400E+01   0.105149E+01   0.139074E+02   0.112617E+01   0.252567E+00
 0.125700E+01   0.105672E+01   0.139093E+02   0.113215E+01   0.253126E+00
 0.126000E+01   0.106196E+01   0.139153E+02   0.113815E+01   0.253684E+00
 0.126300E+01   0.106720E+01   0.139127E+02   0.114416E+01   0.254241E+00
 0.126600E+01   0.107245E+01   0.139249E+02   0.115018E+01   0.254799E+00
 0.126900E+01   0.107770E+01   0.139212E+02   0.115622E+01   0.255356E+00
 0.127200E+01   0.108297E+01   0.139275E+02   0.116227E+01   0.255913E+00
 0.127500E+01   0.108824E+01   0.139320E+02   0.116832E+01   0.256469E+00
 0.127800E+01   0.109351E+01   0.139276E+02   0.117440E+01   0.257025E+00
 0.128100E+01   0.109879E+01   0.139375E+02   0.118048E+01   0.257580E+00
 0.128400E+01   0.110408E+01   0.139318E+02   0.118657E+01   0.258136E+00
 0.128700E+01   0.110938E+01   0.139388E+02   0.119268E+01   0.258691E+00
 0.129000E+01   0.111468E+01   0.139376E+02   0.119879E+01   0.259245E+00
 0.129300E+01   0.111998E+01   0.139394E+02   0.120492E+01   0.259799E+00
 0.129600E+01   0.112529E+01   0.139487E+02   0.121105E+01   0.260353E+00
 0.129900E+01   0.113061E+01   0.139440E+02   0.121720E+01   0.260907E+00
 0.130200E+01   0.113592E+01   0.139479E+02   0.122335E+01   0.261460E+00
 0.130500E+01   0.114125E+01   0.139559E+02   0.122951E+01   0.262012E+00
 0.130800E+01   0.114658E+01   0.139557E+02   0.123569E+01   0.262565E+00
 0.131100E+01   0.115191E+01   0.139626E+02   0.124187E+01   0.263117E+00
 0.131400E+01   0.115724E+01   0.139591E+02   0.124806E+01   0.263668E+00
 0.131700E+01   0.116258E+01   0.139668E+02   0.125426E+01   0.264219E+00
 0.132000E+01   0.116792E+01   0.139632E+02   0.126046E+01   0.264770E+00
 0.132300E+01   0.117326E+01   0.139647E+02   0.126668E+01   0.265321E+00
 0.132600E+01   0.117861E+01   0.139672E+02   0.127290E+01   0.265871E+00
 0.132900E+01   0.118396E+01   0.139733E+02   0.127913E+01   0.266421E+00
 0.133200E+01   0.118931E+01   0.139801E+02   0.128537E+01   0.266970E+00
 0.133500E+01   0.119466E+01   0.139796E+02   0.129161E+01   0.267519E+00
 0.133800E+01   0.120002E+01   0.139838E+02   0.129786E+01   0.268068E+00
 0.134100E+01   0.120537E+01   0.139872E+02   0.130411E+01   0.268616E+00
 0.134400E+01   0.121073E+01   0.139918E+02   0.131037E+01   0.269164E+00
 0.134700E+01   0.121609E+01   0.139866E+02   0.131664E+01   0.269711E+00
 0.135000E+01   0.122145E+01   0.139924E+02   0.132291E+01   0.270259E+00
 0.135300E+01   0.122680E+01   0.139946E+02   0.132919E+01   0.270805E+00
 0.135600E+01   0.123216E+01   0.139961E+02   0.133547E+01   0.271352E+00
 0.135900E+01   0.123752E+01   0.139999E+02   0.134176E+01   0.271898E+00
 0.136200E+01   0.124288E+01   0.140010E+02   0.134805E+01   0.272443E+00
 0.136500E+01   0.124824E+01   0.140059E+02   0.135434E+01   0.272989E+00
 0.136800E+01   0.125360E+01   0.140047E+02   0.136064E+01   0.273534E+00
 0.137100E+01   0.125895E+01   0.140141E+02   0.136695E+01   0.274078E+00
 0.137400E+01   0.126431E+01   0.140109E+02   0.137325E+01   0.274622E+00
 0.137700E+01   0.126966E+01   0.140169E+02   0.137956E+01   0.275166E+00
 0.138000E+01   0.127502E+01   0.140167E+02   0.138587E+01   0.275709E+00
 0.138300E+01   0.128037E+01   0.140170E+02   0.139218E+01   0.276252E+00
 0.138600E+01   0.128572E+01   0.140216E+02   0.139850E+01   0.276795E+00
 0.138900E+01   0.129106E+01   0.140264E+02   0.140482E+01   0.277337E+00
 0.139200E+01   0.129641E+01   0.140317E+02   0.141114E+01   0.277879E+00
 0.139500E+01   0.130175E+01   0.140280E+02   0.141746E+01   0.278420E+00
 0.139800E+01   0.130708E+01   0.140392E+02   0.142378E+01   0.278961E+00
 0.140100E+01   0.131242E+01   0.140360E+02   0.143010E+01   0.279502E+00
 0.140400E+01   0.131775E+01   0.140357E+02   0.143643E+01   0.280042E+00
 0.140700E+01   0.132308E+01   0.140421E+02   0.144275E+01   0.280582E+00
 0.141000E+01   0.132840E+01   0.140467E+02   0.144907E+01   0.281122E+00
 0.141300E+01   0.133372E+01   0.140454E+02   0.145540E+01   0.281661E+00
 0.141600E+01   0.133904E+01   0.140546E+02   0.146172E+01   0.282199E+00
 0.141900E+01   0.134435E+01   0.140511E+02   0.146804E+01   0.282738E+00
 0.142200E+01   0.134966E+01   0.140597E+02   0.147437E+01   0.283276E+00
 0.142500E+01   0.135496E+01   0.140551E+02   0.148069E+01   0.283813E+00
 0.142800E+01   0.136026E+01   0.140646E+02   0.148701E+01   0.284350E+00
 0.143100E+01   0.136555E+01   0.140641E+02   0.149333E+01   0.284887E+00
 0.143400E+01   0.137083E+01   0.140655E+02   0.149964E+01   0.285424E+00
 0.143700E+01   0.137611E+01   0.140664E+02   0.150596E+01   0.285960E+00
 0.144000E+01   0.138139E+01   0.140710E+02   0.151227E+01   0.286495E+00
 0.144300E+01   0.138666E+01   0.140746E+02   0.151858E+01   0.287030E+00
 0.144600E+01   0.139192E+01   0.140704E+02   0.152488E+01   0.287565E+00
 0.144900E+01   0.139717E+01   0.140784E+02   0.153119E+01   0.288100E+00
 0.145200E+01   0.140242E+01   0.140768E+02   0.153749E+01   0.288634E+00
 0.145500E+01   0.140767E+01   0.140794E+02   0.154378E+01   0.289167E+00
 0.145800E+01   0.141290E+01   0.140876E+02   0.155008E+01   0.289701E+00
 0.146100E+01   0.141813E+01   0.140852E+02   0.155637E+01   0.290234E+00
 0.146400E+01   0.142335E+01   0.140931E+02   0.156265E+01   0.290766E+00
 0.146700E+01   0.142856E+01   0.140897E+02   0.156893E+01   0.291298E+00
 0.147000E+01   0.143377E+01   0.140972E+02   0.157521E+01   0.291830E+00
 0.147300E+01   0.143897E+01   0.140944E+02   0.158148E+01   0.292361E+00
 0.147600E+01   0.144416E+01   0.140991E+02   0.158775E+01   0.292892E+00
 0.147900E+01   0.144934E+01   0.141049E+02   0.159401E+01   0.293422E+00
 0.148200E+01   0.145451E+01   0.141028E+02   0.160026E+01   0.293952E+00
 0.148500E+01   0.145968E+01   0.141096E+02   0.160651E+01   0.294482E+00
 0.148800E+01   0.146483E+01   0.141068E+02   0.161276E+01   0.295011E+00
 0.149100E+01   0.146998E+01   0.141065E+02   0.161899E+01   0.295540E+00
 0.149400E+01   0.147512E+01   0.141098E+02   0.162522E+01   0.296069E+00
 0.149700E+01   0.148025E+01   0.141095E+02   0.163145E+01   0.296597E+00
 0.150000E+01   0.148537E+01   0.141136E+02   0.163767E+01   0.297125E+00
 0.150300E+01   0.149048E+01   0.141205E+02   0.164388E+01   0.297652E+00
 0.150600E+01   0.149558E+01   0.141207E+02   0.165008E+01   0.298179E+00
 0.150900E+01   0.150067E+01   0.141257E+02   0.165628E+01   0.298706E+00
 0.151200E+01   0.150575E+01   0.141200E+02   0.166247E+01   0.299232E+00
 0.151500E+01   0.151082E+01   0.141265E+02   0.166865E+01   0.299757E+00
 0.151800E+01   0.151588E+01   0.141315E+02   0.167483E+01   0.300283E+00
 0.152100E+01   0.152093E+01   0.141278E+02   0.168099E+01   0.300808E+00
 0.152400E+01   0.152597E+01   0.141349E+02   0.168715E+01   0.301332E+00
 0.152700E+01   0.153100E+01   0.141347E+02   0.169330E+01   0.301856E+00
 0.153000E+01   0.153602E+01   0.141372E+02   0.169944E+01   0.302380E+00
 0.153300E+01   0.154103E+01   0.141369E+02   0.170557E+01   0.302904E+00
 0.153600E+01   0.154602E+01   0.141455E+02   0.171169E+01   0.303427E+00
 0.153900E+01   0.155101E+01   0.141457E+02   0.171781E+01   0.303949E+00
 0.154200E+01   0.155598E+01   0.141483E+02   0.172391E+01   0.304471E+00
 0.154500E+01   0.156095E+01   0.141492E+02   0.173001E+01   0.304993E+00
 0.154800E+01   0.156590E+01   0.141515E+02   0.173609E+01   0.305514E+00
 0.155100E+01   0.157084E+01   0.141482E+02   0.174217E+01   0.306035E+00
 0.155400E+01   0.157577E+01   0.141514E+02   0.174823E+01   0.306556E+00
 0.155700E+01   0.158068E+01   0.141491E+02   0.175429E+01   0.307076E+00
 0.156000E+01   0.158559E+01   0.141561E+02   0.176033E+01   0.307596E+00
 0.156300E+01   0.159048E+01   0.141621E+02   0.176637E+01   0.308115E+00
 0.156600E+01   0.159536E+01   0.141608E+02   0.177239E+01   0.308634E+00
 0.156900E+01   0.160023E+01   0.141575E+02   0.177841E+01   0.309153E+00
 0.157200E+01   0.160508E+01   0.141648E+02   0.178441E+01   0.309671E+00
 0.157500E+01   0.160993E+01   0.141611E+02   0.179040E+01   0.310189E+00
 0.157800E+01   0.161476E+01   0.141713E+02   0.179638E+01   0.310706E+00
 0.158100E+01   0.161958E+01   0.141676E+02   0.180235E+01   0.311223E+00
 0.158400E+01   0.162438E+01   0.141705E+02   0.180831E+01   0.311740E+00
 0.158700E+01   0.162917E+01   0.141752E+02   0.181426E+01   0.312256E+00
 0.159000E+01   0.163395E+01   0.141751E+02   0.182019E+01   0.312772E+00
 0.159300E+01   0.163872E+01   0.141788E+02   0.182611E+01   0.313287E+00
 0.159600E+01   0.164348E+01   0.141773E+02   0.183202E+01   0.313802E+00
 0.159900E+01   0.164822E+01   0.141782E+02   0.183792E+01   0.314317E+00
 0.160200E+01   0.165294E+01   0.141799E+02   0.184381E+01   0.314831E+00
 0.160500E+01   0.165766E+01   0.141818E+02   0.184968E+01   0.315345E+00
 0.160800E+01   0.166236E+01   0.141823E+02   0.185554E+01   0.315858E+00
 0.161100E+01   0.166705E+01   0.141817E+02   0.186139E+01   0.316371E+00
 0.161400E+01   0.167172E+01   0.141884E+02   0.186723E+01   0.316884E+00
 0.161700E+01   0.167638E+01   0.141851E+02   0.187305E+01   0.317396E+00
 0.162000E+01   0.168103E+01   0.141843E+02   0.187886E+01   0.317908E+00
 0.162300E+01   0.168566E+01   0.141855E+02   0.188466E+01   0.318419E+00
 0.162600E+01   0.169028E+01   0.141951E+02   0.189045E+01   0.318930E+00
 0.162900E+01   0.169488E+01   0.141976E+02   0.189622E+01   0.319441E+00
 0.163200E+01   0.169947E+01   0.141991E+02   0.190198E+01   0.319951E+00
 0.163500E+01   0.170405E+01   0.141963E+02   0.190772E+01   0.320461E+00
 0.163800E+01   0.170862E+01   0.142008E+02   0.191345E+01   0.320971E+00
 0.164100E+01   0.171317E+01   0.141961E+02   0.191917E+01   0.321480E+00
 0.164400E+01   0.171770E+01   0.142009E+02   0.192487E+01   0.321988E+00
 0.164700E+01   0.172222E+01   0.142030E+02   0.193056E+01   0.322497E+00
 0.165000E+01   0.172673E+01   0.141989E+02   0.193624E+01   0.323005E+00
 0.165300E+01   0.173122E+01   0.142020E+02   0.194190E+01   0.323512E+00
 0.165600E+01   0.173570E+01   0.141995E+02   0.194755E+01   0.324019E+00
 0.165900E+01   0.174016E+01   0.142037E+02   0.195318E+01   0.324526E+00
 0.166200E+01   0.174461E+01   0.142078E+02   0.195880E+01   0.325032E+00
 0.166500E+01   0.174905E+01   0.142105E+02   0.196441E+01   0.325538E+00
 0.166800E+01   0.175347E+01   0.142061E+02   0.197000E+01   0.326044E+00
 0.167100E+01   0.175787E+01   0.142135E+02   0.197558E+01   0.326549E+00
 0.167400E+01   0.176226E+01   0.142074E+02   0.198114E+01   0.327053E+00
 0.167700E+01   0.176664E+01   0.142168E+02   0.198669E+01   0.327558E+00
 0.168000E+01   0.177100E+01   0.142117E+02   0.199222E+01   0.328062E+00
 0.168300E+01   0.177535E+01   0.142159E+02   0.199774E+01   0.328565E+00
 0.168600E+01   0.177968E+01   0.142117E+02   0.200324E+01   0.329068E+00
 0.168900E+01   0.178400E+01   0.142147E+02   0.200873E+01   0.329571E+00
 0.169200E+01   0.178831E+01   0.142158E+02   0.201420E+01   0.330074E+00
 0.169500E+01   0.179259E+01   0.142176E+02   0.201966E+01   0.330576E+00
 0.169800E+01   0.179687E+01   0.142195E+02   0.202510E+01   0.331077E+00
 0.170100E+01   0.180113E+01   0.142173E+02   0.203053E+01   0.331578E+00
 0.170400E+01   0.180537E+01   0.142203E+02   0.203594E+01   0.332079E+00
 0.170700E+01   0.180960E+01   0.142258E+02   0.204134E+01   0.332580E+00
 0.171000E+01   0.181382E+01   0.142221E+02   0.204672E+01   0.333080E+00
 0.171300E+01   0.181802E+01   0.142218E+02   0.205209E+01   0.333579E+00
 0.171600E+01   0.182220E+01   0.142288E+02   0.205744E+01   0.334079E+00
 0.171900E+01   0.182637E+01   0.142235E+02   0.206278E+01   0.334578E+00
 0.172200E+01   0.183052E+01   0.142219E+02   0.206810E+01   0.335076E+00
 0.172500E+01   0.183466E+01   0.142260E+02   0.207340E+01   0.335574E+00
 0.172800E+01   0.183879E+01   0.142286E+02   0.207869E+01   0.336072E+00
 0.173100E+01   0.184290E+01   0.142298E+02   0.208396E+01   0.336569E+00
 0.173400E+01   0.184699E+01   0.142289E+02   0.208922E+01   0.337066E+00
 0.173700E+01   0.185107E+01   0.142312E+02   0.209446E+01   0.337563E+00
 0.174000E+01   0.185514E+01   0.142301E+02   0.209969E+01   0.338059E+00
 0.174300E+01   0.185919E+01   0.142318E+02   0.210490E+01   0.338555E+00
 0.174600E+01   0.186323E+01   0.142370E+02   0.211010E+01   0.339050E+00
 0.174900E+01   0.186725E+01   0.142328E+02   0.211528E+01   0.339545E+00
 0.175200E+01   0.187125E+01   0.142354E+02   0.212044E+01   0.340040E+00
 0.175500E+01   0.187524E+01   0.142297E+02   0.212559E+01   0.340534E+00
 0.175800E+01   0.187922E+01   0.142352E+02   0.213072E+01   0.341028E+00
 0.176100E+01   0.188318E+01   0.142350E+02   0.213583E+01   0.341521E+00
 0.176400E+01   0.188712E+01   0.142392E+02   0.214093E+01   0.342014E+00
 0.176700E+01   0.189105E+01   0.142407E+02   0.214602E+01   0.342507E+00
 0.177000E+01   0.189497E+01   0.142354E+02   0.215108E+01   0.342999E+00
 0.177300E+01   0.189887E+01   0.142361E+02   0.215614E+01   0.343491E+00
 0.177600E+01   0.190275E+01   0.142423E+02   0.216117E+01   0.343983E+00
 0.177900E+01   0.190662E+01   0.142382E+02   0.216619E+01   0.344474E+00
 0.178200E+01   0.191048E+01   0.142389E+02   0.217119E+01   0.344965E+00
 0.178500E+01   0.191432E+01   0.142391E+02   0.217618E+01   0.345455E+00
 0.178800E+01   0.191815E+01   0.142371E+02   0.218115E+01   0.345945E+00
 0.179100E+01   0.192196E+01   0.142413E+02   0.218611E+01   0.346435E+00
 0.179400E+01   0.192575E+01   0.142443E+02   0.219104E+01   0.346924E+00
 0.179700E+01   0.192953E+01   0.142453E+02   0.219597E+01   0.347413E+00
 0.180000E+01   0.193330E+01   0.142376E+02   0.220087E+01   0.347902E+00
 0.180300E+01   0.193705E+01   0.142409E+02   0.220576E+01   0.348390E+00
 0.180600E+01   0.194079E+01   0.142437E+02   0.221064E+01   0.348878E+00
 0.180900E+01   0.194451E+01   0.142389E+02   0.221549E+01   0.349365E+00
 0.181200E+01   0.194822E+01   0.142393E+02   0.222034E+01   0.349852E+00
 0.181500E+01   0.195191E+01   0.142464E+02   0.222516E+01   0.350339E+00
 0.181800E+01   0.195559E+01   0.142488E+02   0.222997E+01   0.350825E+00
 0.182100E+01   0.195925E+01   0.142444E+02   0.223476E+01   0.351311E+00
 0.182400E+01   0.196290E+01   0.142472E+02   0.223954E+01   0.351797E+00
 0.182700E+01   0.196653E+01   0.142463E+02   0.224430E+01   0.352282E+00
 0.183000E+01   0.197015E+01   0.142411E+02   0.224904E+01   0.352767E+00
 0.183300E+01   0.197376E+01   0.142412E+02   0.225377E+01   0.353251E+00
 0.183600E+01   0.197735E+01   0.142468E+02   0.225848E+01   0.353735E+00
 0.183900E+01   0.198092E+01   0.142409E+02   0.226318E+01   0.354219E+00
 0.184200E+01   0.198448E+01   0.142417E+02   0.226786E+01   0.354702E+00
 0.184500E+01   0.198803E+01   0.142485E+02   0.227252E+01   0.355185E+00
 0.184800E+01   0.199156E+01   0.142459E+02   0.227717E+01   0.355668E+00
 0.185100E+01   0.199508E+01   0.142501E+02   0.228180E+01   0.356150E+00
 0.185400E+01   0.199858E+01   0.142452E+02   0.228641E+01   0.356631E+00
 0.185700E+01   0.200207E+01   0.142424E+02   0.229101E+01   0.357113E+00
 0.186000E+01   0.200554E+01   0.142478E+02   0.229559E+01   0.357594E+00
 0.186300E+01   0.200900E+01   0.142471E+02   0.230016E+01   0.358075E+00
 0.186600E+01   0.201244E+01   0.142431E+02   0.230471E+01   0.358555E+00
 0.186900E+01   0.201588E+01   0.142461E+02   0.230924E+01   0.359035E+00
 0.187200E+01   0.201929E+01   0.142459E+02   0.231376E+01   0.359515E+00
 0.187500E+01   0.202269E+01   0.142491E+02   0.231826E+01   0.359994E+00
 0.187800E+01   0.202608E+01   0.142476E+02   0.232275E+01   0.360473E+00
 0.188100E+01   0.202946E+01   0.142504E+02   0.232722E+01   0.360951E+00
 0.188400E+01   0.203282E+01   0.142507E+02   0.233167E+01   0.361429E+00
 0.188700E+01   0.203616E+01   0.142472E+02   0.233611E+01   0.361907E+00
 0.189000E+01   0.203949E+01   0.142460E+02   0.234053E+01   0.362385E+00
 0.189300E+01   0.204281E+01   0.142498E+02   0.234494E+01   0.362862E+00
 0.189600E+01   0.204611E+01   0.142450E+02   0.234933E+01   0.363338E+00
 0.189900E+01   0.204940E+01   0.142461E+02   0.235370E+01   0.363815E+00
 0.190200E+01   0.205268E+01   0.142472E+02   0.235806E+01   0.364291E+00
 0.190500E+01   0.205594E+01   0.142462E+02   0.236240E+01   0.364766E+00
 0.190800E+01   0.205919E+01   0.142410E+02   0.236672E+01   0.365241E+00
 0.191100E+01   0.206242E+01   0.142482E+02   0.237103E+01   0.365716E+00
 0.191400E+01   0.206564E+01   0.142401E+02   0.237533E+01   0.366191E+00
 0.191700E+01   0.206885E+01   0.142439E+02   0.237961E+01   0.366665E+00
 0.192000E+01   0.207204E+01   0.142459E+02   0.238387E+01   0.367139E+00
 0.192300E+01   0.207522E+01   0.142459E+02   0.238812E+01   0.367612E+00
 0.192600E+01   0.207839E+01   0.142468E+02   0.239235E+01   0.368085E+00
 0.192900E+01   0.208154E+01   0.142460E+02   0.239656E+01   0.368558E+00
 0.193200E+01   0.208468E+01   0.142429E+02   0.240076E+01   0.369030E+00
 0.193500E+01   0.208780E+01   0.142431E+02   0.240494E+01   0.369502E+00
 0.193800E+01   0.209091E+01   0.142437E+02   0.240911E+01   0.369974E+00
 0.194100E+01   0.209401E+01   0.142465E+02   0.241327E+01   0.370445E+00
 0.194400E+01   0.209710E+01   0.142399E+02   0.241740E+01   0.370916E+00
 0.194700E+01   0.210017E+01   0.142378E+02   0.242152E+01   0.371387E+00
 0.195000E+01   0.210323E+01   0.142427E+02   0.242563E+01   0.371857E+00
 0.195300E+01   0.210627E+01   0.142376E+02   0.242972E+01   0.372327E+00
 0.195600E+01   0.210930E+01   0.142398E+02   0.243380E+01   0.372796E+00
 0.195900E+01   0.211232E+01   0.142418E+02   0.243786E+01   0.373266E+00
 0.196200E+01   0.211533E+01   0.142394E+02   0.244190E+01   0.373734E+00
 0.196500E+01   0.211832E+01   0.142438E+02   0.244593E+01   0.374203E+00
 0.196800E+01   0.212130E+01   0.142388E+02   0.244994E+01   0.374671E+00
 0.197100E+01   0.212426E+01   0.142391E+02   0.245394E+01   0.375139E+00
 0.197400E+01   0.212722E+01   0.142398E+02   0.245792E+01   0.375606E+00
 0.197700E+01   0.213016E+01   0.142334E+02   0.246189E+01   0.376073E+00
 0.198000E+01   0.213308E+01   0.142334E+02   0.246584E+01   0.376540E+00
 0.198300E+01   0.213600E+01   0.142411E+02   0.246978E+01   0.377006E+00
 0.198600E+01   0.213890E+01   0.142339E+02   0.247370E+01   0.377472E+00
 0.198900E+01   0.214179E+01   0.142355E+02   0.247761E+01   0.377938E+00
 0.199200E+01   0.214466E+01   0.142339E+02   0.248150E+01   0.378403E+00
 0.199500E+01   0.214753E+01   0.142336E+02   0.248538E+01   0.378868E+00
 0.199800E+01   0.215038E+01   0.142375E+02   0.248924E+01   0.379333E+00
 0.200100E+01   0.215321E+01   0.142350E+02   0.249309E+01   0.379797E+00
 0.200400E+01   0.215604E+01   0.142377E+02   0.249692E+01   0.380261E+00
 0.200700E+01   0.215885E+01   0.142355E+02   0.250074E+01   0.380725E+00
 0.201000E+01   0.216165E+01   0.142314E+02   0.250454E+01   0.381188E+00
 0.201300E+01   0.216444E+01   0.142329E+02   0.250833E+01   0.381651E+00
 0.201600E+01   0.216722E+01   0.142326E+02   0.251210E+01   0.382114E+00
 0.201900E+01   0.216998E+01   0.142348E+02   0.251586E+01   0.382576E+00
 0.202200E+01   0.217273E+01   0.142308E+02   0.251960E+01   0.383038E+00
 0.202500E+01   0.217547E+01   0.142270E+02   0.252333E+01   0.383499E+00
 0.202800E+01   0.217820E+01   0.142335E+02   0.252704E+01   0.383960E+00
 0.203100E+01   0.218091E+01   0.142303E+02   0.253074E+01   0.384421E+00
 0.203400E+01   0.218362E+01   0.142261E+02   0.253443E+01   0.384882E+00
 0.203700E+01   0.218631E+01   0.142223E+02   0.253810E+01   0.385342E+00
 0.204000E+01   0.218898E+01   0.142264E+02   0.254175E+01   0.385802E+00
 0.204300E+01   0.219165E+01   0.142293E+02   0.254540E+01   0.386261E+00
 0.204600E+01   0.219431E+01   0.142212E+02   0.254902E+01   0.386721E+00
 0.204900E+01   0.219695E+01   0.142200E+02   0.255264E+01   0.387179E+00
 0.205200E+01   0.219958E+01   0.142268E+02   0.255623E+01   0.387638E+00
 0.205500E+01   0.220220E+01   0.142279E+02   0.255982E+01   0.388096E+00
 0.205800E+01   0.220481E+01   0.142201E+02   0.256339E+01   0.388554E+00
 0.206100E+01   0.220740E+01   0.142197E+02   0.256695E+01   0.389011E+00
 0.206400E+01   0.220998E+01   0.142184E+02   0.257049E+01   0.389468E+00
 0.206700E+01   0.221256E+01   0.142175E+02   0.257401E+01   0.389925E+00
 0.207000E+01   0.221512E+01   0.142161E+02   0.257753E+01   0.390382E+00
 0.207300E+01   0.221767E+01   0.142179E+02   0.258103E+01   0.390838E+00
 0.207600E+01   0.222020E+01   0.142194E+02   0.258451E+01   0.391294E+00
 0.207900E+01   0.222273E+01   0.142195E+02   0.258799E+01   0.391749E+00
 0.208200E+01   0.222525E+01   0.142187E+02   0.259144E+01   0.392204E+00
 0.208500E+01   0.222775E+01   0.142128E+02   0.259489E+01   0.392659E+00
 0.208800E+01   0.223024E+01   0.142128E+02   0.259832E+01   0.393114E+00
 0.209100E+01   0.223272E+01   0.142168E+02   0.260173E+01   0.393568E+00
 0.209400E+01   0.223519E+01   0.142083E+02   0.260514E+01   0.394022E+00
 0.209700E+01   0.223765E+01   0.142156E+02   0.260853E+01   0.394475E+00
 0.210000E+01   0.224010E+01   0.142085E+02   0.261190E+01   0.394929E+00
 0.210300E+01   0.224254E+01   0.142086E+02   0.261526E+01   0.395381E+00
 0.210600E+01   0.224496E+01   0.142102E+02   0.261861E+01   0.395834E+00
 0.210900E+01   0.224738E+01   0.142056E+02   0.262195E+01   0.396286E+00
 0.211200E+01   0.224978E+01   0.142102E+02   0.262527E+01   0.396738E+00
 0.211500E+01   0.225217E+01   0.142058E+02   0.262858E+01   0.397190E+00
 0.211800E+01   0.225455E+01   0.142033E+02   0.263187E+01   0.397641E+00
 0.212100E+01   0.225693E+01   0.142035E+02   0.263515E+01   0.398092E+00
 0.212400E+01   0.225929E+01   0.142071E+02   0.263842E+01   0.398542E+00
 0.212700E+01   0.226164E+01   0.141999E+02   0.264167E+01   0.398993E+00
 0.213000E+01   0.226397E+01   0.142038E+02   0.264492E+01   0.399442E+00
 0.213300E+01   0.226630E+01   0.142054E+02   0.264814E+01   0.399892E+00
 0.213600E+01   0.226862E+01   0.141995E+02   0.265136E+01   0.400341E+00
 0.213900E+01   0.227093E+01   0.141954E+02   0.265456E+01   0.400790E+00
 0.214200E+01   0.227322E+01   0.142028E+02   0.265775E+01   0.401239E+00
 0.214500E+01   0.227551E+01   0.142024E+02   0.266093E+01   0.401687E+00
 0.214800E+01   0.227779E+01   0.141978E+02   0.266409E+01   0.402135E+00
 0.215100E+01   0.228005E+01   0.141980E+02   0.266724E+01   0.402583E+00
 0.215400E+01   0.228231E+01   0.141999E+02   0.267038E+01   0.403030E+00
 0.215700E+01   0.228455E+01   0.141938E+02   0.267350E+01   0.403478E+00
 0.216000E+01   0.228679E+01   0.141961E+02   0.267662E+01   0.403924E+00
 0.216300E+01   0.228901E+01   0.141897E+02   0.267971E+01   0.404371E+00
 0.216600E+01   0.229122E+01   0.141954E+02   0.268280E+01   0.404817E+00
 0.216900E+01   0.229343E+01   0.141942E+02   0.268587E+01   0.405263E+00
 0.217200E+01   0.229562E+01   0.141884E+02   0.268894E+01   0.405708E+00
 0.217500E+01   0.229781E+01   0.141903E+02   0.269199E+01   0.406153E+00
 0.217800E+01   0.229998E+01   0.141909E+02   0.269502E+01   0.406598E+00
 0.218100E+01   0.230215E+01   0.141846E+02   0.269805E+01   0.407043E+00
 0.218400E+01   0.230430E+01   0.141855E+02   0.270106E+01   0.407487E+00
 0.218700E+01   0.230644E+01   0.141868E+02   0.270406E+01   0.407931E+00
 0.219000E+01   0.230858E+01   0.141782E+02   0.270704E+01   0.408374E+00
 0.219300E+01   0.231070E+01   0.141832E+02   0.271002E+01   0.408818E+00
 0.219600E+01   0.231282E+01   0.141821E+02   0.271298E+01   0.409261E+00
 0.219900E+01   0.231493E+01   0.141781E+02   0.271593E+01   0.409703E+00
 0.220200E+01   0.231702E+01   0.141767E+02   0.271887E+01   0.410146E+00
 0.220500E+01   0.231911E+01   0.141742E+02   0.272179E+01   0.410588E+00
 0.220800E+01   0.232118E+01   0.141732E+02   0.272471E+01   0.411029E+00
 0.221100E+01   0.232325E+01   0.141720E+02   0.272761E+01   0.411471E+00
 0.221400E+01   0.232531E+01   0.141730E+02   0.273050E+01   0.411912E+00
 0.221700E+01   0.232736E+01   0.141694E+02   0.273338E+01   0.412353E+00
 0.222000E+01   0.232940E+01   0.141699E+02   0.273624E+01   0.412793E+00
 0.222300E+01   0.233143E+01   0.141701E+02   0.273910E+01   0.413233E+00
 0.222600E+01   0.233345E+01   0.141672E+02   0.274194E+01   0.413673E+00
 0.222900E+01   0.233546E+01   0.141675E+02   0.274477E+01   0.414113E+00
 0.223200E+01   0.233746E+01   0.141668E+02   0.274759E+01   0.414552E+00
 0.223500E+01   0.233945E+01   0.141662E+02   0.275039E+01   0.414991E+00
 0.223800E+01   0.234144E+01   0.141662E+02   0.275319E+01   0.415430E+00
 0.224100E+01   0.234341E+01   0.141648E+02   0.275597E+01   0.415868E+00
 0.224400E+01   0.234538E+01   0.141650E+02   0.275875E+01   0.416306E+00
 0.224700E+01   0.234733E+01   0.141652E+02   0.276151E+01   0.416744E+00
 0.225000E+01   0.234928E+01   0.141644E+02   0.276426E+01   0.417181E+00
 0.225300E+01   0.235122E+01   0.141543E+02   0.276699E+01   0.417619E+00
 0.225600E+01   0.235315E+01   0.141629E+02   0.276972E+01   0.418055E+00
 0.225900E+01   0.235507E+01   0.141597E+02   0.277243E+01   0.418492E+00
 0.226200E+01   0.235698E+01   0.141555E+02   0.277514E+01   0.418928E+00
 0.226500E+01   0.235888E+01   0.141565E+02   0.277783E+01   0.419364E+00
 0.226800E+01   0.236078E+01   0.141559E+02   0.278051E+01   0.419800E+00
 0.227100E+01   0.236266E+01   0.141534E+02   0.278318E+01   0.420235E+00
 0.227400E+01   0.236454E+01   0.141548E+02   0.278584E+01   0.420670E+00
 0.227700E+01   0.236641E+01   0.141524E+02   0.278849E+01   0.421105E+00
 0.228000E+01   0.236827E+01   0.141484E+02   0.279113E+01   0.421540E+00
 0.228300E+01   0.237012E+01   0.141458E+02   0.279375E+01   0.421974E+00
 0.228600E+01   0.237196E+01   0.141447E+02   0.279637E+01   0.422408E+00
 0.228900E+01   0.237380E+01   0.141474E+02   0.279897E+01   0.422841E+00
 0.229200E+01   0.237562E+01   0.141441E+02   0.280157E+01   0.423274E+00
 0.229500E+01   0.237744E+01   0.141430E+02   0.280415E+01   0.423707E+00
 0.229800E+01   0.237925E+01   0.141439E+02   0.280672E+01   0.424140E+00
 0.230100E+01   0.238105E+01   0.141428E+02   0.280928E+01   0.424573E+00
 0.230400E+01   0.238284E+01   0.141424E+02   0.281183E+01   0.425005E+00
 0.230700E+01   0.238463E+01   0.141414E+02   0.281437E+01   0.425436E+00
 0.231000E+01   0.238641E+01   0.141390E+02   0.281690E+01   0.425868E+00
 0.231300E+01   0.238817E+01   0.141296E+02   0.281942E+01   0.426299E+00
 0.231600E+01   0.238993E+01   0.141282E+02   0.282193E+01   0.426730E+00
 0.231900E+01   0.239169E+01   0.141360E+02   0.282442E+01   0.427161E+00
 0.232200E+01   0.239343E+01   0.141293E+02   0.282691E+01   0.427591E+00
 0.232500E+01   0.239516E+01   0.141285E+02   0.282939E+01   0.428021E+00
 0.232800E+01   0.239689E+01   0.141256E+02   0.283185E+01   0.428451E+00
 0.233100E+01   0.239861E+01   0.141254E+02   0.283431E+01   0.428881E+00
 0.233400E+01   0.240032E+01   0.141232E+02   0.283675E+01   0.429310E+00
 0.233700E+01   0.240203E+01   0.141227E+02   0.283919E+01   0.429739E+00
 0.234000E+01   0.240372E+01   0.141221E+02   0.284161E+01   0.430167E+00
 0.234300E+01   0.240541E+01   0.141245E+02   0.284403E+01   0.430596E+00
 0.234600E+01   0.240709E+01   0.141225E+02   0.284643E+01   0.431024E+00
 0.234900E+01   0.240877E+01   0.141143E+02   0.284883E+01   0.431451E+00
 0.235200E+01   0.241043E+01   0.141166E+02   0.285121E+01   0.431879E+00
 0.235500E+01   0.241209E+01   0.141155E+02   0.285359E+01   0.432306E+00
 0.235800E+01   0.241374E+01   0.141152E+02   0.285595E+01   0.432733E+00
 0.236100E+01   0.241538E+01   0.141131E+02   0.285831E+01   0.433160E+00
 0.236400E+01   0.241702E+01   0.141161E+02   0.286065E+01   0.433586E+00
 0.236700E+01   0.241864E+01   0.141091E+02   0.286299E+01   0.434012E+00
 0.237000E+01   0.242026E+01   0.141080E+02   0.286531E+01   0.434438E+00
 0.237300E+01   0.242188E+01   0.141050E+02   0.286763E+01   0.434863E+00
 0.237600E+01   0.242348E+01   0.141111E+02   0.286993E+01   0.435289E+00
 0.237900E+01   0.242508E+01   0.141017E+02   0.287223E+01   0.435714E+00
 0.238200E+01   0.242667E+01   0.141029E+02   0.287451E+01   0.436138E+00
 0.238500E+01   0.242825E+01   0.140999E+02   0.287679E+01   0.436563E+00
 0.238800E+01   0.242983E+01   0.141052E+02   0.287906E+01   0.436987E+00
 0.239100E+01   0.243140E+01   0.140993E+02   0.288131E+01   0.437411E+00
 0.239400E+01   0.243296E+01   0.141029E+02   0.288356E+01   0.437834E+00
 0.239700E+01   0.243451E+01   0.140950E+02   0.288580E+01   0.438257E+00
 0.240000E+01   0.243606E+01   0.140961E+02   0.288803E+01   0.438680E+00
 0.240300E+01   0.243760E+01   0.140904E+02   0.289025E+01   0.439103E+00
 0.240600E+01   0.243913E+01   0.140913E+02   0.289246E+01   0.439526E+00
 0.240900E+01   0.244066E+01   0.140901E+02   0.289466E+01   0.439948E+00
 0.241200E+01   0.244217E+01   0.140896E+02   0.289685E+01   0.440370E+00
 0.241500E+01   0.244369E+01   0.140909E+02   0.289903E+01   0.440791E+00
 0.241800E+01   0.244519E+01   0.140871E+02   0.290121E+01   0.441213E+00
 0.242100E+01   0.244669E+01   0.140893E+02   0.290337E+01   0.441634E+00
 0.242400E+01   0.244818E+01   0.140819E+02   0.290552E+01   0.442054E+00
 0.242700E+01   0.244966E+01   0.140837E+02   0.290767E+01   0.442475E+00
 0.243000E+01   0.245114E+01   0.140840E+02   0.290981E+01   0.442895E+00
 0.243300E+01   0.245261E+01   0.140778E+02   0.291193E+01   0.443315E+00
 0.243600E+01   0.245408E+01   0.140806E+02   0.291405E+01   0.443735E+00
 0.243900E+01   0.245553E+01   0.140771E+02   0.291616E+01   0.444154E+00
 0.244200E+01   0.245698E+01   0.140710E+02   0.291826E+01   0.444573E+00
 0.244500E+01   0.245843E+01   0.140717E+02   0.292035E+01   0.444992E+00
 0.244800E+01   0.245986E+01   0.140688E+02   0.292244E+01   0.445411E+00
 0.245100E+01   0.246129E+01   0.140708E+02   0.292451E+01   0.445829E+00
 0.245400E+01   0.246272E+01   0.140692E+02   0.292658E+01   0.446247E+00
 0.245700E+01   0.246413E+01   0.140696E+02   0.292863E+01   0.446665E+00
 0.246000E+01   0.246555E+01   0.140675E+02   0.293068E+01   0.447083E+00
 0.246300E+01   0.246695E+01   0.140617E+02   0.293272E+01   0.447500E+00
 0.246600E+01   0.246835E+01   0.140622E+02   0.293475E+01   0.447917E+00
 0.246900E+01   0.246974E+01   0.140649E+02   0.293677E+01   0.448334E+00
 0.247200E+01   0.247112E+01   0.140642E+02   0.293879E+01   0.448750E+00
 0.247500E+01   0.247250E+01   0.140627E+02   0.294079E+01   0.449166E+00
 0.247800E+01   0.247387E+01   0.140536E+02   0.294279E+01   0.449582E+00
 0.248100E+01   0.247524E+01   0.140526E+02   0.294478E+01   0.449998E+00
 0.248400E+01   0.247660E+01   0.140523E+02   0.294675E+01   0.450413E+00
 0.248700E+01   0.247795E+01   0.140531E+02   0.294873E+01   0.450828E+00
 0.249000E+01   0.247930E+01   0.140571E+02   0.295069E+01   0.451243E+00
 0.249300E+01   0.248064E+01   0.140529E+02   0.295264E+01   0.451658E+00
 0.249600E+01   0.248198E+01   0.140453E+02   0.295459E+01   0.452072E+00
 0.249900E+01   0.248331E+01   0.140474E+02   0.295653E+01   0.452486E+00
 0.250200E+01   0.248463E+01   0.140467E+02   0.295846E+01   0.452900E+00
 0.250500E+01   0.248595E+01   0.140428E+02   0.296038E+01   0.453314E+00
 0.250800E+01   0.248726E+01   0.140414E+02   0.296229E+01   0.453727E+00
 0.251100E+01   0.248856E+01   0.140422E+02   0.296420E+01   0.454140E+00
 0.251400E+01   0.248986E+01   0.140386E+02   0.296609E+01   0.454553E+00
 0.251700E+01   0.249115E+01   0.140351E+02   0.296798E+01   0.454965E+00
 0.252000E+01   0.249244E+01   0.140379E+02   0.296986E+01   0.455378E+00
 0.252300E+01   0.249372E+01   0.140318E+02   0.297174E+01   0.455790E+00
 0.252600E+01   0.249499E+01   0.140305E+02   0.297360E+01   0.456201E+00
 0.252900E+01   0.249626E+01   0.140305E+02   0.297546E+01   0.456613E+00
 0.253200E+01   0.249753E+01   0.140278E+02   0.297731E+01   0.457024E+00
 0.253500E+01   0.249878E+01   0.140278E+02   0.297915E+01   0.457435E+00
 0.253800E+01   0.250004E+01   0.140264E+02   0.298098E+01   0.457846E+00
 0.254100E+01   0.250128E+01   0.140248E+02   0.298281E+01   0.458256E+00
 0.254400E+01   0.250252E+01   0.140277E+02   0.298463E+01   0.458667E+00
 0.254700E+01   0.250376E+01   0.140191E+02   0.298644E+01   0.459076E+00
 0.255000E+01   0.250498E+01   0.140255E+02   0.298824E+01   0.459486E+00
 0.255300E+01   0.250621E+01   0.140205E+02   0.299003E+01   0.459896E+00
 0.255600E+01   0.250743E+01   0.140233E+02   0.299182E+01   0.460305E+00
 0.255900E+01   0.250864E+01   0.140198E+02   0.299360E+01   0.460714E+00
 0.256200E+01   0.250984E+01   0.140167E+02   0.299537E+01   0.461122E+00
 0.256500E+01   0.251105E+01   0.140152E+02   0.299714E+01   0.461531E+00
 0.256800E+01   0.251224E+01   0.140168E+02   0.299889E+01   0.461939E+00
 0.257100E+01   0.251343E+01   0.140159E+02   0.300064E+01   0.462347E+00
 0.257400E+01   0.251462E+01   0.140131E+02   0.300239E+01   0.462755E+00
 0.257700E+01   0.251579E+01   0.140092E+02   0.300412E+01   0.463162E+00
 0.258000E+01   0.251697E+01   0.140095E+02   0.300585E+01   0.463569E+00
 0.258300E+01   0.251814E+01   0.140080E+02   0.300757E+01   0.463976E+00
 0.258600E+01   0.251930E+01   0.140008E+02   0.300928E+01   0.464383E+00
 0.258900E+01   0.252046E+01   0.140055E+02   0.301098E+01   0.464789E+00
 0.259200E+01   0.252161E+01   0.139957E+02   0.301268E+01   0.465195E+00
 0.259500E+01   0.252276E+01   0.139981E+02   0.301437E+01   0.465601E+00
 0.259800E+01   0.252390E+01   0.139991E+02   0.301606E+01   0.466007E+00
 0.260100E+01   0.252503E+01   0.139953E+02   0.301773E+01   0.466412E+00
 0.260400E+01   0.252617E+01   0.139926E+02   0.301940E+01   0.466817E+00
 0.260700E+01   0.252729E+01   0.139939E+02   0.302106E+01   0.467222E+00
 0.261000E+01   0.252841E+01   0.139901E+02   0.302272E+01   0.467627E+00
 0.261300E+01   0.252953E+01   0.139914E+02   0.302437E+01   0.468031E+00
 0.261600E+01   0.253064E+01   0.139891E+02   0.302601E+01   0.468436E+00
 0.261900E+01   0.253174E+01   0.139836E+02   0.302764E+01   0.468840E+00
 0.262200E+01   0.253284E+01   0.139868E+02   0.302927E+01   0.469243E+00
 0.262500E+01   0.253394E+01   0.139864E+02   0.303089E+01   0.469647E+00
 0.262800E+01   0.253503E+01   0.139794E+02   0.303250E+01   0.470050E+00
 0.263100E+01   0.253612E+01   0.139779E+02   0.303411E+01   0.470453E+00
 0.263400E+01   0.253720E+01   0.139757E+02   0.303571E+01   0.470856E+00
 0.263700E+01   0.253827E+01   0.139800E+02   0.303730E+01   0.471258E+00
 0.264000E+01   0.253934E+01   0.139786E+02   0.303888E+01   0.471660E+00
 0.264300E+01   0.254041E+01   0.139705E+02   0.304046E+01   0.472062E+00
 0.264600E+01   0.254147E+01   0.139684E+02   0.304204E+01   0.472464E+00
 0.264900E+01   0.254253E+01   0.139744E+02   0.304360E+01   0.472865E+00
 0.265200E+01   0.254358E+01   0.139687E+02   0.304516E+01   0.473267E+00
 0.265500E+01   0.254462E+01   0.139721E+02   0.304671E+01   0.473668E+00
 0.265800E+01   0.254566E+01   0.139615E+02   0.304826E+01   0.474069E+00
 0.266100E+01   0.254670E+01   0.139597E+02   0.304980E+01   0.474469E+00
 0.266400E+01   0.254773E+01   0.139611E+02   0.305133E+01   0.474869E+00
 0.266700E+01   0.254876E+01   0.139609E+02   0.305285E+01   0.475269E+00
 0.267000E+01   0.254978E+01   0.139598E+02   0.305437E+01   0.475669E+00
 0.267300E+01   0.255080E+01   0.139577E+02   0.305588E+01   0.476069E+00
 0.267600E+01   0.255181E+01   0.139542E+02   0.305739E+01   0.476468E+00
 0.267900E+01   0.255282E+01   0.139590E+02   0.305889E+01   0.476867E+00
 0.268200E+01   0.255383E+01   0.139498E+02   0.306038E+01   0.477266E+00
 0.268500E+01   0.255483E+01   0.139478E+02   0.306187E+01   0.477665E+00
 0.268800E+01   0.255582E+01   0.139549E+02   0.306335E+01   0.478063E+00
 0.269100E+01   0.255681E+01   0.139475E+02   0.306482E+01   0.478461E+00
 0.269400E+01   0.255780E+01   0.139457E+02   0.306629E+01   0.478859E+00
 0.269700E+01   0.255878E+01   0.139417E+02   0.306775E+01   0.479257E+00
 0.270000E+01   0.255975E+01   0.139410E+02   0.306921E+01   0.479654E+00
 0.270300E+01   0.256073E+01   0.139393E+02   0.307066E+01   0.480052E+00
 0.270600E+01   0.256169E+01   0.139382E+02   0.307210E+01   0.480449E+00
 0.270900E+01   0.256266E+01   0.139384E+02   0.307354E+01   0.480845E+00
 0.271200E+01   0.256362E+01   0.139385E+02   0.307497E+01   0.481242E+00
 0.271500E+01   0.256457E+01   0.139351E+02   0.307639E+01   0.481638E+00
 0.271800E+01   0.256552E+01   0.139362E+02   0.307781E+01   0.482034E+00
 0.272100E+01   0.256647E+01   0.139348E+02   0.307922E+01   0.482430E+00
 0.272400E+01   0.256741E+01   0.139265E+02   0.308063E+01   0.482825E+00
 0.272700E+01   0.256834E+01   0.139254E+02   0.308203E+01   0.483221E+00
 0.273000E+01   0.256928E+01   0.139243E+02   0.308342E+01   0.483616E+00
 0.273300E+01   0.257021E+01   0.139310E+02   0.308481E+01   0.484011E+00
 0.273600E+01   0.257113E+01   0.139288E+02   0.308619E+01   0.484405E+00
 0.273900E+01   0.257205E+01   0.139273E+02   0.308757E+01   0.484800E+00
 0.274200E+01   0.257297E+01   0.139258E+02   0.308894E+01   0.485194E+00
 0.274500E+01   0.257388E+01   0.139150E+02   0.309030E+01   0.485588E+00
 0.274800E+01   0.257478E+01   0.139204E+02   0.309166E+01   0.485982E+00
 0.275100E+01   0.257569E+01   0.139202E+02   0.309301E+01   0.486375E+00
 0.275400E+01   0.257659E+01   0.139118E+02   0.309436E+01   0.486769E+00
 0.275700E+01   0.257748E+01   0.139145E+02   0.309570E+01   0.487162E+00
 0.276000E+01   0.257837E+01   0.139166E+02   0.309703E+01   0.487555E+00
 0.276300E+01   0.257926E+01   0.139075E+02   0.309836E+01   0.487948E+00
 0.276600E+01   0.258014E+01   0.139104E+02   0.309969E+01   0.488340E+00
 0.276900E+01   0.258102E+01   0.139120E+02   0.310100E+01   0.488732E+00
 0.277200E+01   0.258190E+01   0.139017E+02   0.310232E+01   0.489124E+00
 0.277500E+01   0.258277E+01   0.139021E+02   0.310362E+01   0.489516E+00
 0.277800E+01   0.258363E+01   0.139004E+02   0.310492E+01   0.489907E+00
 0.278100E+01   0.258450E+01   0.138997E+02   0.310622E+01   0.490298E+00
 0.278400E+01   0.258536E+01   0.139030E+02   0.310751E+01   0.490689E+00
 0.278700E+01   0.258621E+01   0.138963E+02   0.310879E+01   0.491080E+00
 0.279000E+01   0.258706E+01   0.138932E+02   0.311007E+01   0.491470E+00
 0.279300E+01   0.258791E+01   0.138938E+02   0.311135E+01   0.491860E+00
 0.279600E+01   0.258875E+01   0.138951E+02   0.311261E+01   0.492250E+00
 0.279900E+01   0.258959E+01   0.138939E+02   0.311388E+01   0.492640E+00
 0.280200E+01   0.259043E+01   0.138875E+02   0.311513E+01   0.493029E+00
 0.280500E+01   0.259126E+01   0.138830E+02   0.311638E+01   0.493418E+00
 0.280800E+01   0.259209E+01   0.138815E+02   0.311763E+01   0.493807E+00
 0.281100E+01   0.259291E+01   0.138871E+02   0.311887E+01   0.494196E+00
 0.281400E+01   0.259373E+01   0.138788E+02   0.312011E+01   0.494585E+00
 0.281700E+01   0.259455E+01   0.138776E+02   0.312134E+01   0.494974E+00
 0.282000E+01   0.259536E+01   0.138797E+02   0.312256E+01   0.495363E+00
 0.282300E+01   0.259617E+01   0.138803E+02   0.312378E+01   0.495752E+00
