 0.745400E-10   0.000000E+00   0.000000E+00   0.000000E+00   0.158100E-10
 0.300000E-02   0.571415E+00   0.193179E+03   0.576198E+00   0.635296E-03
 0.600000E-02   0.532627E+00   0.180715E+03   0.537058E+00   0.127034E-02
 0.900000E-02   0.519453E+00   0.182338E+03   0.523789E+00   0.190220E-02
 0.120000E-01   0.513211E+00   0.184789E+03   0.517491E+00   0.253139E-02
 0.150000E-01   0.507035E+00   0.186386E+03   0.511246E+00   0.315844E-02
 0.180000E-01   0.496750E+00   0.186386E+03   0.500844E+00   0.378389E-02
 0.210000E-01   0.481498E+00   0.185839E+03   0.485423E+00   0.440827E-02
 0.240000E-01   0.420054E+00   0.167692E+03   0.423321E+00   0.503210E-02
 0.270000E-01   0.426404E+00   0.186438E+03   0.429763E+00   0.565593E-02
 0.300000E-01   0.357568E+00   0.176352E+03   0.360251E+00   0.628026E-02
 0.330000E-01   0.292065E+00   0.168974E+03   0.294147E+00   0.690531E-02
 0.360000E-01   0.223799E+00   0.151435E+03   0.225266E+00   0.753093E-02
 0.390000E-01   0.169735E+00   0.124498E+03   0.170715E+00   0.815698E-02
 0.420000E-01   0.142195E+00   0.101030E+03   0.142920E+00   0.878330E-02
 0.450000E-01   0.133119E+00   0.886614E+02   0.133752E+00   0.940971E-02
 0.480000E-01   0.131319E+00   0.841813E+02   0.131926E+00   0.100361E-01
 0.510000E-01   0.130695E+00   0.811708E+02   0.131289E+00   0.106622E-01
 0.540000E-01   0.130099E+00   0.780600E+02   0.130681E+00   0.112880E-01
 0.570000E-01   0.130015E+00   0.763393E+02   0.130591E+00   0.119133E-01
 0.600000E-01   0.129760E+00   0.742614E+02   0.130330E+00   0.125383E-01
 0.630000E-01   0.129828E+00   0.732115E+02   0.130395E+00   0.131629E-01
 0.660000E-01   0.129732E+00   0.716086E+02   0.130294E+00   0.137873E-01
 0.690000E-01   0.129505E+00   0.693252E+02   0.130060E+00   0.144114E-01
 0.720000E-01   0.129585E+00   0.678263E+02   0.130138E+00   0.150353E-01
 0.750000E-01   0.129659E+00   0.658312E+02   0.130208E+00   0.156591E-01
 0.780000E-01   0.129991E+00   0.642854E+02   0.130539E+00   0.162828E-01
 0.810000E-01   0.130457E+00   0.625620E+02   0.131005E+00   0.169064E-01
 0.840000E-01   0.130619E+00   0.583832E+02   0.131163E+00   0.175300E-01
 0.870000E-01   0.131325E+00   0.559802E+02   0.131871E+00   0.181535E-01
 0.900000E-01   0.132194E+00   0.539527E+02   0.132744E+00   0.187769E-01
 0.930000E-01   0.133118E+00   0.523118E+02   0.133673E+00   0.194003E-01
 0.960000E-01   0.134150E+00   0.520541E+02   0.134712E+00   0.200235E-01
 0.990000E-01   0.134966E+00   0.518280E+02   0.135533E+00   0.206467E-01
 0.102000E+00   0.135522E+00   0.515592E+02   0.136093E+00   0.212697E-01
 0.105000E+00   0.135784E+00   0.509009E+02   0.136355E+00   0.218927E-01
 0.108000E+00   0.135995E+00   0.511246E+02   0.136568E+00   0.225155E-01
 0.111000E+00   0.136108E+00   0.515320E+02   0.136682E+00   0.231383E-01
 0.114000E+00   0.136018E+00   0.514109E+02   0.136591E+00   0.237610E-01
 0.117000E+00   0.135905E+00   0.515081E+02   0.136478E+00   0.243836E-01
 0.120000E+00   0.135750E+00   0.514821E+02   0.136321E+00   0.250061E-01
 0.123000E+00   0.135607E+00   0.516328E+02   0.136178E+00   0.256286E-01
 0.126000E+00   0.135483E+00   0.519514E+02   0.136053E+00   0.262510E-01
 0.129000E+00   0.135359E+00   0.522735E+02   0.135928E+00   0.268734E-01
 0.132000E+00   0.135223E+00   0.525009E+02   0.135791E+00   0.274957E-01
 0.135000E+00   0.135072E+00   0.525854E+02   0.135639E+00   0.281180E-01
 0.138000E+00   0.134931E+00   0.526929E+02   0.135497E+00   0.287403E-01
 0.141000E+00   0.134814E+00   0.529089E+02   0.135379E+00   0.293625E-01
 0.144000E+00   0.134681E+00   0.529497E+02   0.135245E+00   0.299847E-01
 0.147000E+00   0.134538E+00   0.528460E+02   0.135101E+00   0.306069E-01
 0.150000E+00   0.134451E+00   0.530447E+02   0.135013E+00   0.312291E-01
 0.153000E+00   0.134338E+00   0.529886E+02   0.134900E+00   0.318512E-01
 0.156000E+00   0.134248E+00   0.529952E+02   0.134809E+00   0.324733E-01
 0.159000E+00   0.134174E+00   0.530218E+02   0.134734E+00   0.330954E-01
 0.162000E+00   0.134127E+00   0.531441E+02   0.134687E+00   0.337174E-01
 0.165000E+00   0.134070E+00   0.531081E+02   0.134630E+00   0.343395E-01
 0.168000E+00   0.134011E+00   0.529686E+02   0.134570E+00   0.349616E-01
 0.171000E+00   0.134003E+00   0.530690E+02   0.134562E+00   0.355836E-01
 0.174000E+00   0.134016E+00   0.532242E+02   0.134575E+00   0.362057E-01
 0.177000E+00   0.134017E+00   0.532081E+02   0.134576E+00   0.368277E-01
 0.180000E+00   0.134009E+00   0.530408E+02   0.134568E+00   0.374498E-01
 0.183000E+00   0.134045E+00   0.530796E+02   0.134604E+00   0.380718E-01
 0.186000E+00   0.134107E+00   0.532015E+02   0.134666E+00   0.386939E-01
 0.189000E+00   0.134151E+00   0.531254E+02   0.134711E+00   0.393159E-01
 0.192000E+00   0.134204E+00   0.530326E+02   0.134764E+00   0.399380E-01
 0.195000E+00   0.134268E+00   0.529382E+02   0.134829E+00   0.405601E-01
 0.198000E+00   0.134343E+00   0.528391E+02   0.134904E+00   0.411822E-01
 0.201000E+00   0.134483E+00   0.531070E+02   0.135045E+00   0.418043E-01
 0.204000E+00   0.134538E+00   0.527425E+02   0.135100E+00   0.424265E-01
 0.207000E+00   0.134678E+00   0.528953E+02   0.135242E+00   0.430486E-01
 0.210000E+00   0.134786E+00   0.527748E+02   0.135350E+00   0.436708E-01
 0.213000E+00   0.134904E+00   0.526826E+02   0.135470E+00   0.442929E-01
 0.216000E+00   0.135041E+00   0.526728E+02   0.135607E+00   0.449151E-01
 0.219000E+00   0.135170E+00   0.525839E+02   0.135737E+00   0.455374E-01
 0.222000E+00   0.135277E+00   0.523174E+02   0.135845E+00   0.461596E-01
 0.225000E+00   0.135402E+00   0.521713E+02   0.135971E+00   0.467819E-01
 0.228000E+00   0.135523E+00   0.519955E+02   0.136093E+00   0.474042E-01
 0.231000E+00   0.135621E+00   0.516732E+02   0.136191E+00   0.480265E-01
 0.234000E+00   0.135725E+00   0.514377E+02   0.136296E+00   0.486488E-01
 0.237000E+00   0.135867E+00   0.515307E+02   0.136440E+00   0.492712E-01
 0.240000E+00   0.135987E+00   0.515725E+02   0.136560E+00   0.498936E-01
 0.243000E+00   0.136057E+00   0.514380E+02   0.136631E+00   0.505160E-01
 0.246000E+00   0.136074E+00   0.513068E+02   0.136647E+00   0.511384E-01
 0.249000E+00   0.136009E+00   0.511983E+02   0.136583E+00   0.517609E-01
 0.252000E+00   0.135875E+00   0.511181E+02   0.136448E+00   0.523834E-01
 0.255000E+00   0.135679E+00   0.513007E+02   0.136250E+00   0.530059E-01
 0.258000E+00   0.135371E+00   0.515783E+02   0.135940E+00   0.536285E-01
 0.261000E+00   0.134919E+00   0.518343E+02   0.135485E+00   0.542511E-01
 0.264000E+00   0.134327E+00   0.520756E+02   0.134890E+00   0.548737E-01
 0.267000E+00   0.133501E+00   0.516597E+02   0.134058E+00   0.554963E-01
 0.270000E+00   0.132843E+00   0.527291E+02   0.133396E+00   0.561189E-01
 0.273000E+00   0.132196E+00   0.540795E+02   0.132746E+00   0.567416E-01
 0.276000E+00   0.131548E+00   0.553910E+02   0.132095E+00   0.573643E-01
 0.279000E+00   0.130907E+00   0.565179E+02   0.131451E+00   0.579870E-01
 0.282000E+00   0.130544E+00   0.586582E+02   0.131088E+00   0.586098E-01
 0.285000E+00   0.130563E+00   0.621407E+02   0.131111E+00   0.592326E-01
 0.288000E+00   0.130207E+00   0.632845E+02   0.130755E+00   0.598554E-01
 0.291000E+00   0.129947E+00   0.644423E+02   0.130495E+00   0.604782E-01
 0.294000E+00   0.129766E+00   0.655812E+02   0.130315E+00   0.611011E-01
 0.297000E+00   0.129630E+00   0.666031E+02   0.130180E+00   0.617239E-01
 0.300000E+00   0.129531E+00   0.675350E+02   0.130083E+00   0.623468E-01
 0.303000E+00   0.129510E+00   0.685738E+02   0.130064E+00   0.629697E-01
 0.306000E+00   0.129525E+00   0.695852E+02   0.130082E+00   0.635926E-01
 0.309000E+00   0.129659E+00   0.708856E+02   0.130218E+00   0.642156E-01
 0.312000E+00   0.129709E+00   0.717851E+02   0.130272E+00   0.648386E-01
 0.315000E+00   0.129860E+00   0.729395E+02   0.130425E+00   0.654615E-01
 0.318000E+00   0.129849E+00   0.735040E+02   0.130417E+00   0.660845E-01
 0.321000E+00   0.129757E+00   0.737887E+02   0.130325E+00   0.667075E-01
 0.324000E+00   0.129802E+00   0.744816E+02   0.130373E+00   0.673306E-01
 0.327000E+00   0.129811E+00   0.750431E+02   0.130383E+00   0.679536E-01
 0.330000E+00   0.129979E+00   0.760345E+02   0.130555E+00   0.685766E-01
 0.333000E+00   0.129908E+00   0.763224E+02   0.130484E+00   0.691997E-01
 0.336000E+00   0.129994E+00   0.770130E+02   0.130573E+00   0.698228E-01
 0.339000E+00   0.130112E+00   0.777417E+02   0.130694E+00   0.704459E-01
 0.342000E+00   0.130078E+00   0.780221E+02   0.130660E+00   0.710689E-01
 0.345000E+00   0.130419E+00   0.791938E+02   0.131005E+00   0.716920E-01
 0.348000E+00   0.130355E+00   0.792749E+02   0.130941E+00   0.723151E-01
 0.351000E+00   0.130315E+00   0.793511E+02   0.130902E+00   0.729382E-01
 0.354000E+00   0.130481E+00   0.798530E+02   0.131070E+00   0.735613E-01
 0.357000E+00   0.130359E+00   0.795742E+02   0.130947E+00   0.741844E-01
 0.360000E+00   0.130269E+00   0.792862E+02   0.130855E+00   0.748075E-01
 0.363000E+00   0.130444E+00   0.795653E+02   0.131032E+00   0.754306E-01
 0.366000E+00   0.130263E+00   0.788814E+02   0.130848E+00   0.760537E-01
 0.369000E+00   0.130085E+00   0.781096E+02   0.130667E+00   0.766768E-01
 0.372000E+00   0.130224E+00   0.780716E+02   0.130806E+00   0.772999E-01
 0.375000E+00   0.130007E+00   0.770324E+02   0.130585E+00   0.779230E-01
 0.378000E+00   0.129923E+00   0.762711E+02   0.130499E+00   0.785460E-01
 0.381000E+00   0.129865E+00   0.755219E+02   0.130439E+00   0.791691E-01
 0.384000E+00   0.129931E+00   0.750819E+02   0.130503E+00   0.797921E-01
 0.387000E+00   0.129892E+00   0.742943E+02   0.130461E+00   0.804152E-01
 0.390000E+00   0.129808E+00   0.733046E+02   0.130375E+00   0.810382E-01
 0.393000E+00   0.129879E+00   0.727367E+02   0.130444E+00   0.816612E-01
 0.396000E+00   0.129691E+00   0.711669E+02   0.130251E+00   0.822842E-01
 0.399000E+00   0.129477E+00   0.692547E+02   0.130032E+00   0.829072E-01
 0.402000E+00   0.129478E+00   0.677966E+02   0.130030E+00   0.835301E-01
 0.405000E+00   0.129629E+00   0.664776E+02   0.130179E+00   0.841530E-01
 0.408000E+00   0.129873E+00   0.649025E+02   0.130421E+00   0.847760E-01
 0.411000E+00   0.130279E+00   0.630788E+02   0.130827E+00   0.853988E-01
 0.414000E+00   0.130573E+00   0.593057E+02   0.131118E+00   0.860217E-01
 0.417000E+00   0.131308E+00   0.560117E+02   0.131854E+00   0.866445E-01
 0.420000E+00   0.132427E+00   0.533836E+02   0.132978E+00   0.872673E-01
 0.423000E+00   0.133732E+00   0.515872E+02   0.134290E+00   0.878901E-01
 0.426000E+00   0.135060E+00   0.516084E+02   0.135628E+00   0.885128E-01
 0.429000E+00   0.135751E+00   0.509608E+02   0.136323E+00   0.891355E-01
 0.432000E+00   0.136064E+00   0.512676E+02   0.136637E+00   0.897582E-01
 0.435000E+00   0.135937E+00   0.515098E+02   0.136510E+00   0.903808E-01
 0.438000E+00   0.135611E+00   0.518605E+02   0.136182E+00   0.910034E-01
 0.441000E+00   0.135200E+00   0.524160E+02   0.135768E+00   0.916260E-01
 0.444000E+00   0.134684E+00   0.528414E+02   0.135248E+00   0.922485E-01
 0.447000E+00   0.134062E+00   0.530643E+02   0.134621E+00   0.928710E-01
 0.450000E+00   0.133489E+00   0.540581E+02   0.134044E+00   0.934934E-01
 0.453000E+00   0.132696E+00   0.540512E+02   0.133246E+00   0.941158E-01
 0.456000E+00   0.131862E+00   0.542093E+02   0.132406E+00   0.947381E-01
 0.459000E+00   0.131090E+00   0.551104E+02   0.131628E+00   0.953604E-01
 0.462000E+00   0.130196E+00   0.556114E+02   0.130727E+00   0.959826E-01
 0.465000E+00   0.129317E+00   0.564659E+02   0.129842E+00   0.966048E-01
 0.468000E+00   0.128368E+00   0.571303E+02   0.128887E+00   0.972269E-01
 0.471000E+00   0.127387E+00   0.577748E+02   0.127899E+00   0.978490E-01
 0.474000E+00   0.126440E+00   0.587033E+02   0.126946E+00   0.984710E-01
 0.477000E+00   0.125443E+00   0.594468E+02   0.125941E+00   0.990930E-01
 0.480000E+00   0.124463E+00   0.603273E+02   0.124955E+00   0.997149E-01
 0.483000E+00   0.123430E+00   0.609964E+02   0.123915E+00   0.100337E+00
 0.486000E+00   0.122456E+00   0.619622E+02   0.122935E+00   0.100958E+00
 0.489000E+00   0.121398E+00   0.625979E+02   0.121869E+00   0.101580E+00
 0.492000E+00   0.120350E+00   0.633262E+02   0.120814E+00   0.102202E+00
 0.495000E+00   0.119397E+00   0.644730E+02   0.119856E+00   0.102823E+00
 0.498000E+00   0.118492E+00   0.658103E+02   0.118945E+00   0.103445E+00
 0.501000E+00   0.117565E+00   0.670611E+02   0.118012E+00   0.104066E+00
 0.504000E+00   0.116749E+00   0.686867E+02   0.117192E+00   0.104688E+00
 0.507000E+00   0.115988E+00   0.704469E+02   0.116427E+00   0.105309E+00
 0.510000E+00   0.116074E+00   0.748613E+02   0.116517E+00   0.105930E+00
 0.513000E+00   0.115869E+00   0.780795E+02   0.116312E+00   0.106551E+00
 0.516000E+00   0.116063E+00   0.822835E+02   0.116511E+00   0.107173E+00
 0.519000E+00   0.115751E+00   0.847051E+02   0.116199E+00   0.107794E+00
 0.522000E+00   0.115475E+00   0.870507E+02   0.115923E+00   0.108414E+00
 0.525000E+00   0.115564E+00   0.902169E+02   0.116015E+00   0.109035E+00
 0.528000E+00   0.115726E+00   0.933669E+02   0.116181E+00   0.109656E+00
 0.531000E+00   0.116148E+00   0.969842E+02   0.116608E+00   0.110277E+00
 0.534000E+00   0.116067E+00   0.992201E+02   0.116528E+00   0.110897E+00
 0.537000E+00   0.116012E+00   0.101475E+03   0.116473E+00   0.111518E+00
 0.540000E+00   0.115551E+00   0.102816E+03   0.116010E+00   0.112138E+00
 0.543000E+00   0.115124E+00   0.104318E+03   0.115580E+00   0.112759E+00
 0.546000E+00   0.114593E+00   0.105707E+03   0.115045E+00   0.113379E+00
 0.549000E+00   0.114011E+00   0.107141E+03   0.114459E+00   0.113999E+00
 0.552000E+00   0.113214E+00   0.108308E+03   0.113656E+00   0.114619E+00
 0.555000E+00   0.112410E+00   0.109683E+03   0.112846E+00   0.115239E+00
 0.558000E+00   0.109996E+00   0.107838E+03   0.110412E+00   0.115859E+00
 0.561000E+00   0.107406E+00   0.105756E+03   0.107799E+00   0.116479E+00
 0.564000E+00   0.104943E+00   0.104057E+03   0.105316E+00   0.117098E+00
 0.567000E+00   0.102946E+00   0.103529E+03   0.103301E+00   0.117718E+00
 0.570000E+00   0.100210E+00   0.101245E+03   0.100541E+00   0.118337E+00
 0.573000E+00   0.974696E-01   0.987893E+02   0.977774E-01   0.118957E+00
 0.576000E+00   0.964220E-01   0.100911E+03   0.967202E-01   0.119576E+00
 0.579000E+00   0.949343E-01   0.101963E+03   0.952188E-01   0.120195E+00
 0.582000E+00   0.933229E-01   0.102687E+03   0.935926E-01   0.120814E+00
 0.585000E+00   0.917570E-01   0.103528E+03   0.920121E-01   0.121433E+00
 0.588000E+00   0.902480E-01   0.104502E+03   0.904890E-01   0.122052E+00
 0.591000E+00   0.891202E-01   0.107053E+03   0.893504E-01   0.122671E+00
 0.594000E+00   0.884803E-01   0.112438E+03   0.887044E-01   0.123290E+00
 0.597000E+00   0.861776E-01   0.109021E+03   0.863802E-01   0.123908E+00
 0.600000E+00   0.839830E-01   0.103737E+03   0.841647E-01   0.124527E+00
 0.603000E+00   0.819550E-01   0.957461E+02   0.821167E-01   0.125145E+00
 0.606000E+00   0.806211E-01   0.895253E+02   0.807687E-01   0.125763E+00
 0.609000E+00   0.797523E-01   0.840673E+02   0.798898E-01   0.126381E+00
 0.612000E+00   0.791947E-01   0.781234E+02   0.793247E-01   0.126999E+00
 0.615000E+00   0.789315E-01   0.719462E+02   0.790567E-01   0.127617E+00
 0.618000E+00   0.789281E-01   0.655288E+02   0.790508E-01   0.128235E+00
 0.621000E+00   0.791764E-01   0.598803E+02   0.792991E-01   0.128853E+00
 0.624000E+00   0.796276E-01   0.549702E+02   0.797521E-01   0.129470E+00
 0.627000E+00   0.802460E-01   0.508629E+02   0.803741E-01   0.130088E+00
 0.630000E+00   0.810284E-01   0.493960E+02   0.811618E-01   0.130705E+00
 0.633000E+00   0.818929E-01   0.464611E+02   0.820327E-01   0.131322E+00
 0.636000E+00   0.828525E-01   0.435166E+02   0.829998E-01   0.131939E+00
 0.639000E+00   0.839012E-01   0.410991E+02   0.840572E-01   0.132556E+00
 0.642000E+00   0.850400E-01   0.413226E+02   0.852059E-01   0.133173E+00
 0.645000E+00   0.862362E-01   0.402447E+02   0.864129E-01   0.133789E+00
 0.648000E+00   0.874966E-01   0.404295E+02   0.876850E-01   0.134406E+00
 0.651000E+00   0.888111E-01   0.388880E+02   0.890123E-01   0.135022E+00
 0.654000E+00   0.901817E-01   0.398073E+02   0.903967E-01   0.135639E+00
 0.657000E+00   0.916019E-01   0.387023E+02   0.918316E-01   0.136255E+00
 0.660000E+00   0.930705E-01   0.383626E+02   0.933158E-01   0.136871E+00
 0.663000E+00   0.945846E-01   0.367107E+02   0.948466E-01   0.137487E+00
 0.666000E+00   0.961419E-01   0.346480E+02   0.964215E-01   0.138102E+00
 0.669000E+00   0.977403E-01   0.328473E+02   0.980386E-01   0.138718E+00
 0.672000E+00   0.993780E-01   0.312521E+02   0.996959E-01   0.139333E+00
 0.675000E+00   0.101053E+00   0.298432E+02   0.101392E+00   0.139949E+00
 0.678000E+00   0.102765E+00   0.285855E+02   0.103125E+00   0.140564E+00
 0.681000E+00   0.104511E+00   0.274515E+02   0.104894E+00   0.141179E+00
 0.684000E+00   0.106291E+00   0.264329E+02   0.106697E+00   0.141794E+00
 0.687000E+00   0.108104E+00   0.255189E+02   0.108535E+00   0.142409E+00
 0.690000E+00   0.109948E+00   0.246820E+02   0.110405E+00   0.143023E+00
 0.693000E+00   0.111823E+00   0.239164E+02   0.112306E+00   0.143638E+00
 0.696000E+00   0.113727E+00   0.232205E+02   0.114239E+00   0.144252E+00
 0.699000E+00   0.115661E+00   0.225774E+02   0.116202E+00   0.144866E+00
 0.702000E+00   0.117624E+00   0.219927E+02   0.118195E+00   0.145480E+00
 0.705000E+00   0.119614E+00   0.214474E+02   0.120216E+00   0.146094E+00
 0.708000E+00   0.121631E+00   0.209454E+02   0.122266E+00   0.146708E+00
 0.711000E+00   0.123675E+00   0.204807E+02   0.124343E+00   0.147322E+00
 0.714000E+00   0.125744E+00   0.200430E+02   0.126447E+00   0.147935E+00
 0.717000E+00   0.127839E+00   0.196433E+02   0.128579E+00   0.148549E+00
 0.720000E+00   0.129960E+00   0.192716E+02   0.130736E+00   0.149162E+00
 0.723000E+00   0.132104E+00   0.189153E+02   0.132919E+00   0.149775E+00
 0.726000E+00   0.134273E+00   0.185957E+02   0.135127E+00   0.150388E+00
 0.729000E+00   0.136465E+00   0.182822E+02   0.137361E+00   0.151000E+00
 0.732000E+00   0.138681E+00   0.180005E+02   0.139618E+00   0.151613E+00
 0.735000E+00   0.140920E+00   0.177268E+02   0.141900E+00   0.152225E+00
 0.738000E+00   0.143181E+00   0.174709E+02   0.144206E+00   0.152838E+00
 0.741000E+00   0.145464E+00   0.172323E+02   0.146535E+00   0.153450E+00
 0.744000E+00   0.147769E+00   0.170103E+02   0.148887E+00   0.154062E+00
 0.747000E+00   0.150095E+00   0.167967E+02   0.151262E+00   0.154674E+00
 0.750000E+00   0.152442E+00   0.165943E+02   0.153660E+00   0.155285E+00
 0.753000E+00   0.154811E+00   0.164023E+02   0.156080E+00   0.155897E+00
 0.756000E+00   0.157200E+00   0.162231E+02   0.158521E+00   0.156508E+00
 0.759000E+00   0.159609E+00   0.160557E+02   0.160984E+00   0.157119E+00
 0.762000E+00   0.162038E+00   0.158852E+02   0.163469E+00   0.157730E+00
 0.765000E+00   0.164487E+00   0.157324E+02   0.165975E+00   0.158341E+00
 0.768000E+00   0.166955E+00   0.155865E+02   0.168502E+00   0.158952E+00
 0.771000E+00   0.169442E+00   0.154520E+02   0.171049E+00   0.159562E+00
 0.774000E+00   0.171948E+00   0.153142E+02   0.173616E+00   0.160173E+00
 0.777000E+00   0.174473E+00   0.151926E+02   0.176204E+00   0.160783E+00
 0.780000E+00   0.177017E+00   0.150731E+02   0.178812E+00   0.161393E+00
 0.783000E+00   0.179578E+00   0.149610E+02   0.181439E+00   0.162003E+00
 0.786000E+00   0.182158E+00   0.148506E+02   0.184086E+00   0.162613E+00
 0.789000E+00   0.184755E+00   0.147424E+02   0.186753E+00   0.163222E+00
 0.792000E+00   0.187370E+00   0.146483E+02   0.189438E+00   0.163831E+00
 0.795000E+00   0.190002E+00   0.145532E+02   0.192142E+00   0.164441E+00
 0.798000E+00   0.192651E+00   0.144569E+02   0.194865E+00   0.165050E+00
 0.801000E+00   0.195317E+00   0.143720E+02   0.197606E+00   0.165658E+00
 0.804000E+00   0.198000E+00   0.142856E+02   0.200365E+00   0.166267E+00
 0.807000E+00   0.200699E+00   0.142087E+02   0.203143E+00   0.166876E+00
 0.810000E+00   0.203415E+00   0.141330E+02   0.205939E+00   0.167484E+00
 0.813000E+00   0.206146E+00   0.140572E+02   0.208752E+00   0.168092E+00
 0.816000E+00   0.208894E+00   0.139933E+02   0.211582E+00   0.168700E+00
 0.819000E+00   0.211657E+00   0.139291E+02   0.214430E+00   0.169308E+00
 0.822000E+00   0.214435E+00   0.138627E+02   0.217296E+00   0.169916E+00
 0.825000E+00   0.217229E+00   0.137975E+02   0.220178E+00   0.170523E+00
 0.828000E+00   0.220038E+00   0.137360E+02   0.223077E+00   0.171130E+00
 0.831000E+00   0.222862E+00   0.136843E+02   0.225993E+00   0.171737E+00
 0.834000E+00   0.225701E+00   0.136274E+02   0.228925E+00   0.172344E+00
 0.837000E+00   0.228554E+00   0.135743E+02   0.231873E+00   0.172951E+00
 0.840000E+00   0.231422E+00   0.135271E+02   0.234838E+00   0.173558E+00
 0.843000E+00   0.234304E+00   0.134813E+02   0.237818E+00   0.174164E+00
 0.846000E+00   0.237200E+00   0.134359E+02   0.240815E+00   0.174770E+00
 0.849000E+00   0.240109E+00   0.133835E+02   0.243827E+00   0.175376E+00
 0.852000E+00   0.243033E+00   0.133479E+02   0.246854E+00   0.175982E+00
 0.855000E+00   0.245970E+00   0.132998E+02   0.249897E+00   0.176588E+00
 0.858000E+00   0.248921E+00   0.132626E+02   0.252955E+00   0.177193E+00
 0.861000E+00   0.251884E+00   0.132299E+02   0.256029E+00   0.177799E+00
 0.864000E+00   0.254861E+00   0.131906E+02   0.259117E+00   0.178404E+00
 0.867000E+00   0.257851E+00   0.131593E+02   0.262219E+00   0.179009E+00
 0.870000E+00   0.260853E+00   0.131202E+02   0.265337E+00   0.179614E+00
 0.873000E+00   0.263868E+00   0.130897E+02   0.268468E+00   0.180218E+00
 0.876000E+00   0.266895E+00   0.130608E+02   0.271614E+00   0.180822E+00
 0.879000E+00   0.269935E+00   0.130256E+02   0.274774E+00   0.181427E+00
 0.882000E+00   0.272986E+00   0.130027E+02   0.277948E+00   0.182031E+00
 0.885000E+00   0.276050E+00   0.129728E+02   0.281136E+00   0.182634E+00
 0.888000E+00   0.279126E+00   0.129427E+02   0.284338E+00   0.183238E+00
 0.891000E+00   0.282213E+00   0.129205E+02   0.287553E+00   0.183842E+00
 0.894000E+00   0.285311E+00   0.128898E+02   0.290782E+00   0.184445E+00
 0.897000E+00   0.288421E+00   0.128674E+02   0.294023E+00   0.185048E+00
 0.900000E+00   0.291542E+00   0.128480E+02   0.297278E+00   0.185651E+00
 0.903000E+00   0.294674E+00   0.128271E+02   0.300546E+00   0.186253E+00
 0.906000E+00   0.297817E+00   0.127987E+02   0.303827E+00   0.186856E+00
 0.909000E+00   0.300971E+00   0.127779E+02   0.307120E+00   0.187458E+00
 0.912000E+00   0.304135E+00   0.127638E+02   0.310426E+00   0.188060E+00
 0.915000E+00   0.307310E+00   0.127412E+02   0.313745E+00   0.188662E+00
 0.918000E+00   0.310495E+00   0.127226E+02   0.317076E+00   0.189264E+00
 0.921000E+00   0.313690E+00   0.127035E+02   0.320418E+00   0.189865E+00
 0.924000E+00   0.316896E+00   0.126941E+02   0.323773E+00   0.190467E+00
 0.927000E+00   0.320111E+00   0.126777E+02   0.327140E+00   0.191068E+00
 0.930000E+00   0.323336E+00   0.126532E+02   0.330518E+00   0.191669E+00
 0.933000E+00   0.326570E+00   0.126462E+02   0.333908E+00   0.192269E+00
 0.936000E+00   0.329814E+00   0.126321E+02   0.337310E+00   0.192870E+00
 0.939000E+00   0.333068E+00   0.126179E+02   0.340723E+00   0.193470E+00
 0.942000E+00   0.336330E+00   0.126061E+02   0.344147E+00   0.194070E+00
 0.945000E+00   0.339602E+00   0.125908E+02   0.347582E+00   0.194670E+00
 0.948000E+00   0.342882E+00   0.125794E+02   0.351028E+00   0.195270E+00
 0.951000E+00   0.346171E+00   0.125642E+02   0.354485E+00   0.195870E+00
 0.954000E+00   0.349469E+00   0.125576E+02   0.357953E+00   0.196469E+00
 0.957000E+00   0.352776E+00   0.125440E+02   0.361431E+00   0.197068E+00
 0.960000E+00   0.356090E+00   0.125360E+02   0.364920E+00   0.197667E+00
 0.963000E+00   0.359413E+00   0.125224E+02   0.368419E+00   0.198266E+00
 0.966000E+00   0.362745E+00   0.125171E+02   0.371928E+00   0.198864E+00
 0.969000E+00   0.366084E+00   0.125029E+02   0.375447E+00   0.199463E+00
 0.972000E+00   0.369431E+00   0.124986E+02   0.378976E+00   0.200061E+00
 0.975000E+00   0.372785E+00   0.124883E+02   0.382515E+00   0.200659E+00
 0.978000E+00   0.376148E+00   0.124789E+02   0.386063E+00   0.201256E+00
 0.981000E+00   0.379518E+00   0.124693E+02   0.389621E+00   0.201854E+00
 0.984000E+00   0.382895E+00   0.124648E+02   0.393189E+00   0.202451E+00
 0.987000E+00   0.386279E+00   0.124521E+02   0.396765E+00   0.203048E+00
 0.990000E+00   0.389670E+00   0.124467E+02   0.400351E+00   0.203645E+00
 0.993000E+00   0.393069E+00   0.124444E+02   0.403946E+00   0.204242E+00
 0.996000E+00   0.396474E+00   0.124405E+02   0.407550E+00   0.204838E+00
 0.999000E+00   0.399886E+00   0.124338E+02   0.411163E+00   0.205434E+00
 0.100200E+01   0.403304E+00   0.124299E+02   0.414784E+00   0.206030E+00
 0.100500E+01   0.406729E+00   0.124197E+02   0.418414E+00   0.206626E+00
 0.100800E+01   0.410160E+00   0.124176E+02   0.422052E+00   0.207222E+00
 0.101100E+01   0.413598E+00   0.124151E+02   0.425699E+00   0.207817E+00
 0.101400E+01   0.417041E+00   0.124019E+02   0.429354E+00   0.208413E+00
 0.101700E+01   0.420491E+00   0.124044E+02   0.433017E+00   0.209008E+00
 0.102000E+01   0.423946E+00   0.123944E+02   0.436687E+00   0.209602E+00
 0.102300E+01   0.427407E+00   0.123985E+02   0.440366E+00   0.210197E+00
 0.102600E+01   0.430874E+00   0.123947E+02   0.444053E+00   0.210791E+00
 0.102900E+01   0.434346E+00   0.123849E+02   0.447747E+00   0.211385E+00
 0.103200E+01   0.437823E+00   0.123807E+02   0.451448E+00   0.211979E+00
 0.103500E+01   0.441306E+00   0.123760E+02   0.455157E+00   0.212573E+00
 0.103800E+01   0.444794E+00   0.123745E+02   0.458873E+00   0.213167E+00
 0.104100E+01   0.448287E+00   0.123785E+02   0.462596E+00   0.213760E+00
 0.104400E+01   0.451785E+00   0.123705E+02   0.466326E+00   0.214353E+00
 0.104700E+01   0.455287E+00   0.123670E+02   0.470063E+00   0.214946E+00
 0.105000E+01   0.458794E+00   0.123678E+02   0.473807E+00   0.215539E+00
 0.105300E+01   0.462306E+00   0.123630E+02   0.477557E+00   0.216131E+00
 0.105600E+01   0.465822E+00   0.123656E+02   0.481314E+00   0.216723E+00
 0.105900E+01   0.469343E+00   0.123685E+02   0.485078E+00   0.217315E+00
 0.106200E+01   0.472868E+00   0.123614E+02   0.488847E+00   0.217907E+00
 0.106500E+01   0.476396E+00   0.123608E+02   0.492623E+00   0.218499E+00
 0.106800E+01   0.479929E+00   0.123593E+02   0.496405E+00   0.219090E+00
 0.107100E+01   0.483466E+00   0.123619E+02   0.500193E+00   0.219681E+00
 0.107400E+01   0.487006E+00   0.123556E+02   0.503987E+00   0.220272E+00
 0.107700E+01   0.490550E+00   0.123529E+02   0.507787E+00   0.220863E+00
 0.108000E+01   0.494098E+00   0.123581E+02   0.511592E+00   0.221453E+00
 0.108300E+01   0.497649E+00   0.123534E+02   0.515403E+00   0.222043E+00
 0.108600E+01   0.501204E+00   0.123594E+02   0.519219E+00   0.222633E+00
 0.108900E+01   0.504762E+00   0.123600E+02   0.523041E+00   0.223223E+00
 0.109200E+01   0.508323E+00   0.123531E+02   0.526868E+00   0.223813E+00
 0.109500E+01   0.511886E+00   0.123517E+02   0.530699E+00   0.224402E+00
 0.109800E+01   0.515453E+00   0.123563E+02   0.534536E+00   0.224991E+00
 0.110100E+01   0.519023E+00   0.123609E+02   0.538378E+00   0.225580E+00
 0.110400E+01   0.522595E+00   0.123597E+02   0.542225E+00   0.226169E+00
 0.110700E+01   0.526170E+00   0.123523E+02   0.546076E+00   0.226758E+00
 0.111000E+01   0.529747E+00   0.123528E+02   0.549931E+00   0.227346E+00
 0.111300E+01   0.533327E+00   0.123576E+02   0.553791E+00   0.227934E+00
 0.111600E+01   0.536909E+00   0.123602E+02   0.557656E+00   0.228522E+00
 0.111900E+01   0.540493E+00   0.123600E+02   0.561524E+00   0.229109E+00
 0.112200E+01   0.544079E+00   0.123637E+02   0.565397E+00   0.229697E+00
 0.112500E+01   0.547667E+00   0.123650E+02   0.569274E+00   0.230284E+00
 0.112800E+01   0.551257E+00   0.123574E+02   0.573154E+00   0.230871E+00
 0.113100E+01   0.554849E+00   0.123677E+02   0.577039E+00   0.231457E+00
 0.113400E+01   0.558442E+00   0.123660E+02   0.580927E+00   0.232044E+00
 0.113700E+01   0.562037E+00   0.123682E+02   0.584819E+00   0.232630E+00
 0.114000E+01   0.565634E+00   0.123661E+02   0.588714E+00   0.233216E+00
 0.114300E+01   0.569232E+00   0.123727E+02   0.592613E+00   0.233802E+00
 0.114600E+01   0.572831E+00   0.123666E+02   0.596514E+00   0.234387E+00
 0.114900E+01   0.576431E+00   0.123719E+02   0.600419E+00   0.234973E+00
 0.115200E+01   0.580032E+00   0.123758E+02   0.604328E+00   0.235558E+00
 0.115500E+01   0.583635E+00   0.123790E+02   0.608239E+00   0.236143E+00
 0.115800E+01   0.587238E+00   0.123731E+02   0.612153E+00   0.236728E+00
 0.116100E+01   0.590842E+00   0.123768E+02   0.616070E+00   0.237312E+00
 0.116400E+01   0.594447E+00   0.123757E+02   0.619989E+00   0.237896E+00
 0.116700E+01   0.598052E+00   0.123852E+02   0.623911E+00   0.238480E+00
 0.117000E+01   0.601658E+00   0.123854E+02   0.627836E+00   0.239064E+00
 0.117300E+01   0.605265E+00   0.123845E+02   0.631763E+00   0.239647E+00
 0.117600E+01   0.608871E+00   0.123874E+02   0.635692E+00   0.240231E+00
 0.117900E+01   0.612478E+00   0.123931E+02   0.639623E+00   0.240814E+00
 0.118200E+01   0.616085E+00   0.123926E+02   0.643557E+00   0.241397E+00
 0.118500E+01   0.619692E+00   0.123960E+02   0.647492E+00   0.241979E+00
 0.118800E+01   0.623299E+00   0.123937E+02   0.651430E+00   0.242562E+00
 0.119100E+01   0.626907E+00   0.123982E+02   0.655369E+00   0.243144E+00
 0.119400E+01   0.630513E+00   0.123961E+02   0.659310E+00   0.243726E+00
 0.119700E+01   0.634120E+00   0.124026E+02   0.663253E+00   0.244307E+00
 0.120000E+01   0.637726E+00   0.124025E+02   0.667197E+00   0.244889E+00
 0.120300E+01   0.641332E+00   0.124083E+02   0.671142E+00   0.245470E+00
 0.120600E+01   0.644937E+00   0.124087E+02   0.675089E+00   0.246051E+00
 0.120900E+01   0.648541E+00   0.124119E+02   0.679037E+00   0.246632E+00
 0.121200E+01   0.652145E+00   0.124145E+02   0.682986E+00   0.247212E+00
 0.121500E+01   0.655748E+00   0.124199E+02   0.686937E+00   0.247793E+00
 0.121800E+01   0.659350E+00   0.124162E+02   0.690888E+00   0.248373E+00
 0.122100E+01   0.662951E+00   0.124227E+02   0.694840E+00   0.248952E+00
 0.122400E+01   0.666552E+00   0.124249E+02   0.698793E+00   0.249532E+00
 0.122700E+01   0.670151E+00   0.124266E+02   0.702747E+00   0.250111E+00
 0.123000E+01   0.673748E+00   0.124275E+02   0.706701E+00   0.250691E+00
 0.123300E+01   0.677345E+00   0.124263E+02   0.710655E+00   0.251269E+00
 0.123600E+01   0.680940E+00   0.124347E+02   0.714611E+00   0.251848E+00
 0.123900E+01   0.684534E+00   0.124346E+02   0.718566E+00   0.252427E+00
 0.124200E+01   0.688126E+00   0.124376E+02   0.722522E+00   0.253005E+00
 0.124500E+01   0.691716E+00   0.124403E+02   0.726478E+00   0.253583E+00
 0.124800E+01   0.695305E+00   0.124475E+02   0.730434E+00   0.254160E+00
 0.125100E+01   0.698892E+00   0.124415E+02   0.734390E+00   0.254738E+00
 0.125400E+01   0.702477E+00   0.124474E+02   0.738346E+00   0.255315E+00
 0.125700E+01   0.706061E+00   0.124482E+02   0.742301E+00   0.255892E+00
 0.126000E+01   0.709642E+00   0.124578E+02   0.746257E+00   0.256469E+00
 0.126300E+01   0.713222E+00   0.124591E+02   0.750212E+00   0.257045E+00
 0.126600E+01   0.716799E+00   0.124584E+02   0.754167E+00   0.257622E+00
 0.126900E+01   0.720374E+00   0.124584E+02   0.758121E+00   0.258198E+00
 0.127200E+01   0.723946E+00   0.124659E+02   0.762074E+00   0.258774E+00
 0.127500E+01   0.727517E+00   0.124649E+02   0.766027E+00   0.259349E+00
 0.127800E+01   0.731085E+00   0.124644E+02   0.769980E+00   0.259925E+00
 0.128100E+01   0.734650E+00   0.124746E+02   0.773931E+00   0.260500E+00
 0.128400E+01   0.738213E+00   0.124748E+02   0.777881E+00   0.261075E+00
 0.128700E+01   0.741773E+00   0.124792E+02   0.781831E+00   0.261649E+00
 0.129000E+01   0.745331E+00   0.124793E+02   0.785779E+00   0.262224E+00
 0.129300E+01   0.748886E+00   0.124863E+02   0.789726E+00   0.262798E+00
 0.129600E+01   0.752438E+00   0.124864E+02   0.793673E+00   0.263372E+00
 0.129900E+01   0.755987E+00   0.124917E+02   0.797617E+00   0.263946E+00
 0.130200E+01   0.759533E+00   0.124916E+02   0.801561E+00   0.264519E+00
 0.130500E+01   0.763076E+00   0.124960E+02   0.805502E+00   0.265092E+00
 0.130800E+01   0.766616E+00   0.124939E+02   0.809443E+00   0.265665E+00
 0.131100E+01   0.770153E+00   0.124969E+02   0.813381E+00   0.266238E+00
 0.131400E+01   0.773686E+00   0.125014E+02   0.817318E+00   0.266811E+00
 0.131700E+01   0.777217E+00   0.125015E+02   0.821254E+00   0.267383E+00
 0.132000E+01   0.780744E+00   0.125063E+02   0.825187E+00   0.267955E+00
 0.132300E+01   0.784267E+00   0.125148E+02   0.829119E+00   0.268527E+00
 0.132600E+01   0.787787E+00   0.125106E+02   0.833048E+00   0.269098E+00
 0.132900E+01   0.791304E+00   0.125121E+02   0.836976E+00   0.269670E+00
 0.133200E+01   0.794816E+00   0.125220E+02   0.840901E+00   0.270241E+00
 0.133500E+01   0.798326E+00   0.125194E+02   0.844824E+00   0.270812E+00
 0.133800E+01   0.801831E+00   0.125227E+02   0.848745E+00   0.271382E+00
 0.134100E+01   0.805333E+00   0.125297E+02   0.852664E+00   0.271953E+00
 0.134400E+01   0.808831E+00   0.125309E+02   0.856580E+00   0.272523E+00
 0.134700E+01   0.812325E+00   0.125296E+02   0.860494E+00   0.273093E+00
 0.135000E+01   0.815815E+00   0.125375E+02   0.864405E+00   0.273662E+00
 0.135300E+01   0.819301E+00   0.125359E+02   0.868314E+00   0.274232E+00
 0.135600E+01   0.822783E+00   0.125361E+02   0.872220E+00   0.274801E+00
 0.135900E+01   0.826261E+00   0.125411E+02   0.876123E+00   0.275370E+00
 0.136200E+01   0.829735E+00   0.125465E+02   0.880023E+00   0.275939E+00
 0.136500E+01   0.833205E+00   0.125495E+02   0.883921E+00   0.276507E+00
 0.136800E+01   0.836670E+00   0.125484E+02   0.887816E+00   0.277075E+00
 0.137100E+01   0.840131E+00   0.125533E+02   0.891707E+00   0.277643E+00
 0.137400E+01   0.843587E+00   0.125621E+02   0.895596E+00   0.278211E+00
 0.137700E+01   0.847040E+00   0.125554E+02   0.899481E+00   0.278779E+00
 0.138000E+01   0.850487E+00   0.125662E+02   0.903363E+00   0.279346E+00
 0.138300E+01   0.853930E+00   0.125697E+02   0.907242E+00   0.279913E+00
 0.138600E+01   0.857369E+00   0.125710E+02   0.911118E+00   0.280480E+00
 0.138900E+01   0.860803E+00   0.125694E+02   0.914991E+00   0.281046E+00
 0.139200E+01   0.864232E+00   0.125716E+02   0.918859E+00   0.281613E+00
 0.139500E+01   0.867657E+00   0.125750E+02   0.922725E+00   0.282179E+00
 0.139800E+01   0.871076E+00   0.125751E+02   0.926587E+00   0.282745E+00
 0.140100E+01   0.874491E+00   0.125851E+02   0.930445E+00   0.283310E+00
 0.140400E+01   0.877901E+00   0.125887E+02   0.934300E+00   0.283875E+00
 0.140700E+01   0.881306E+00   0.125848E+02   0.938150E+00   0.284441E+00
 0.141000E+01   0.884706E+00   0.125928E+02   0.941998E+00   0.285005E+00
 0.141300E+01   0.888102E+00   0.125905E+02   0.945841E+00   0.285570E+00
 0.141600E+01   0.891492E+00   0.125949E+02   0.949680E+00   0.286135E+00
 0.141900E+01   0.894877E+00   0.126013E+02   0.953516E+00   0.286699E+00
 0.142200E+01   0.898257E+00   0.126033E+02   0.957347E+00   0.287263E+00
 0.142500E+01   0.901631E+00   0.125985E+02   0.961174E+00   0.287826E+00
 0.142800E+01   0.905001E+00   0.126000E+02   0.964998E+00   0.288390E+00
 0.143100E+01   0.908365E+00   0.126042E+02   0.968817E+00   0.288953E+00
 0.143400E+01   0.911724E+00   0.126073E+02   0.972632E+00   0.289516E+00
 0.143700E+01   0.915078E+00   0.126150E+02   0.976442E+00   0.290079E+00
 0.144000E+01   0.918426E+00   0.126123E+02   0.980248E+00   0.290641E+00
 0.144300E+01   0.921768E+00   0.126131E+02   0.984050E+00   0.291203E+00
 0.144600E+01   0.925106E+00   0.126242E+02   0.987848E+00   0.291765E+00
 0.144900E+01   0.928438E+00   0.126195E+02   0.991641E+00   0.292327E+00
 0.145200E+01   0.931764E+00   0.126272E+02   0.995429E+00   0.292888E+00
 0.145500E+01   0.935085E+00   0.126236E+02   0.999213E+00   0.293450E+00
 0.145800E+01   0.938400E+00   0.126298E+02   0.100299E+01   0.294011E+00
 0.146100E+01   0.941709E+00   0.126298E+02   0.100677E+01   0.294572E+00
 0.146400E+01   0.945013E+00   0.126390E+02   0.101054E+01   0.295132E+00
 0.146700E+01   0.948311E+00   0.126349E+02   0.101430E+01   0.295692E+00
 0.147000E+01   0.951603E+00   0.126360E+02   0.101806E+01   0.296252E+00
 0.147300E+01   0.954890E+00   0.126419E+02   0.102182E+01   0.296812E+00
 0.147600E+01   0.958170E+00   0.126424E+02   0.102557E+01   0.297372E+00
 0.147900E+01   0.961445E+00   0.126495E+02   0.102931E+01   0.297931E+00
 0.148200E+01   0.964714E+00   0.126503E+02   0.103305E+01   0.298490E+00
 0.148500E+01   0.967977E+00   0.126515E+02   0.103679E+01   0.299049E+00
 0.148800E+01   0.971234E+00   0.126572E+02   0.104052E+01   0.299608E+00
 0.149100E+01   0.974486E+00   0.126525E+02   0.104425E+01   0.300166E+00
 0.149400E+01   0.977731E+00   0.126537E+02   0.104797E+01   0.300724E+00
 0.149700E+01   0.980970E+00   0.126633E+02   0.105168E+01   0.301282E+00
 0.150000E+01   0.984203E+00   0.126656E+02   0.105539E+01   0.301840E+00
 0.150300E+01   0.987430E+00   0.126653E+02   0.105910E+01   0.302397E+00
 0.150600E+01   0.990650E+00   0.126639E+02   0.106279E+01   0.302954E+00
 0.150900E+01   0.993865E+00   0.126723E+02   0.106649E+01   0.303511E+00
 0.151200E+01   0.997073E+00   0.126765E+02   0.107018E+01   0.304068E+00
 0.151500E+01   0.100028E+01   0.126787E+02   0.107386E+01   0.304625E+00
 0.151800E+01   0.100347E+01   0.126742E+02   0.107754E+01   0.305181E+00
 0.152100E+01   0.100666E+01   0.126738E+02   0.108121E+01   0.305737E+00
 0.152400E+01   0.100984E+01   0.126809E+02   0.108488E+01   0.306293E+00
 0.152700E+01   0.101302E+01   0.126844E+02   0.108854E+01   0.306848E+00
 0.153000E+01   0.101619E+01   0.126878E+02   0.109219E+01   0.307403E+00
 0.153300E+01   0.101936E+01   0.126872E+02   0.109584E+01   0.307958E+00
 0.153600E+01   0.102252E+01   0.126845E+02   0.109948E+01   0.308513E+00
 0.153900E+01   0.102567E+01   0.126894E+02   0.110312E+01   0.309068E+00
 0.154200E+01   0.102881E+01   0.126969E+02   0.110676E+01   0.309622E+00
 0.154500E+01   0.103195E+01   0.126926E+02   0.111038E+01   0.310176E+00
 0.154800E+01   0.103508E+01   0.126982E+02   0.111400E+01   0.310730E+00
 0.155100E+01   0.103821E+01   0.127036E+02   0.111762E+01   0.311283E+00
 0.155400E+01   0.104133E+01   0.126961E+02   0.112123E+01   0.311837E+00
 0.155700E+01   0.104444E+01   0.127050E+02   0.112483E+01   0.312390E+00
 0.156000E+01   0.104755E+01   0.127056E+02   0.112843E+01   0.312943E+00
 0.156300E+01   0.105065E+01   0.127048E+02   0.113202E+01   0.313495E+00
 0.156600E+01   0.105374E+01   0.127072E+02   0.113560E+01   0.314048E+00
 0.156900E+01   0.105683E+01   0.127100E+02   0.113918E+01   0.314600E+00
 0.157200E+01   0.105991E+01   0.127093E+02   0.114275E+01   0.315152E+00
 0.157500E+01   0.106298E+01   0.127130E+02   0.114632E+01   0.315704E+00
 0.157800E+01   0.106605E+01   0.127152E+02   0.114988E+01   0.316255E+00
 0.158100E+01   0.106910E+01   0.127186E+02   0.115343E+01   0.316806E+00
 0.158400E+01   0.107216E+01   0.127252E+02   0.115698E+01   0.317357E+00
 0.158700E+01   0.107520E+01   0.127208E+02   0.116052E+01   0.317908E+00
 0.159000E+01   0.107824E+01   0.127233E+02   0.116406E+01   0.318458E+00
 0.159300E+01   0.108128E+01   0.127301E+02   0.116759E+01   0.319009E+00
 0.159600E+01   0.108430E+01   0.127273E+02   0.117111E+01   0.319559E+00
 0.159900E+01   0.108732E+01   0.127336E+02   0.117463E+01   0.320108E+00
 0.160200E+01   0.109033E+01   0.127279E+02   0.117814E+01   0.320658E+00
 0.160500E+01   0.109334E+01   0.127316E+02   0.118164E+01   0.321207E+00
 0.160800E+01   0.109634E+01   0.127308E+02   0.118514E+01   0.321756E+00
 0.161100E+01   0.109933E+01   0.127372E+02   0.118863E+01   0.322305E+00
 0.161400E+01   0.110232E+01   0.127342E+02   0.119212E+01   0.322854E+00
 0.161700E+01   0.110529E+01   0.127431E+02   0.119559E+01   0.323402E+00
 0.162000E+01   0.110826E+01   0.127457E+02   0.119907E+01   0.323950E+00
 0.162300E+01   0.111123E+01   0.127388E+02   0.120253E+01   0.324498E+00
 0.162600E+01   0.111419E+01   0.127403E+02   0.120599E+01   0.325046E+00
 0.162900E+01   0.111714E+01   0.127453E+02   0.120944E+01   0.325593E+00
 0.163200E+01   0.112008E+01   0.127483E+02   0.121289E+01   0.326140E+00
 0.163500E+01   0.112302E+01   0.127509E+02   0.121633E+01   0.326687E+00
 0.163800E+01   0.112595E+01   0.127466E+02   0.121976E+01   0.327234E+00
 0.164100E+01   0.112887E+01   0.127486E+02   0.122318E+01   0.327780E+00
 0.164400E+01   0.113179E+01   0.127540E+02   0.122660E+01   0.328326E+00
 0.164700E+01   0.113470E+01   0.127574E+02   0.123001E+01   0.328872E+00
 0.165000E+01   0.113760E+01   0.127604E+02   0.123342E+01   0.329418E+00
 0.165300E+01   0.114049E+01   0.127577E+02   0.123682E+01   0.329964E+00
 0.165600E+01   0.114338E+01   0.127620E+02   0.124021E+01   0.330509E+00
 0.165900E+01   0.114626E+01   0.127654E+02   0.124359E+01   0.331054E+00
 0.166200E+01   0.114913E+01   0.127679E+02   0.124697E+01   0.331599E+00
 0.166500E+01   0.115200E+01   0.127607E+02   0.125034E+01   0.332143E+00
 0.166800E+01   0.115486E+01   0.127674E+02   0.125371E+01   0.332688E+00
 0.167100E+01   0.115771E+01   0.127681E+02   0.125707E+01   0.333232E+00
 0.167400E+01   0.116056E+01   0.127733E+02   0.126042E+01   0.333775E+00
 0.167700E+01   0.116340E+01   0.127661E+02   0.126376E+01   0.334319E+00
 0.168000E+01   0.116623E+01   0.127709E+02   0.126710E+01   0.334862E+00
 0.168300E+01   0.116905E+01   0.127758E+02   0.127043E+01   0.335406E+00
 0.168600E+01   0.117187E+01   0.127715E+02   0.127375E+01   0.335949E+00
 0.168900E+01   0.117468E+01   0.127793E+02   0.127707E+01   0.336491E+00
 0.169200E+01   0.117749E+01   0.127810E+02   0.128038E+01   0.337034E+00
 0.169500E+01   0.118028E+01   0.127763E+02   0.128368E+01   0.337576E+00
 0.169800E+01   0.118307E+01   0.127791E+02   0.128698E+01   0.338118E+00
 0.170100E+01   0.118585E+01   0.127821E+02   0.129027E+01   0.338660E+00
 0.170400E+01   0.118863E+01   0.127805E+02   0.129355E+01   0.339201E+00
 0.170700E+01   0.119140E+01   0.127870E+02   0.129682E+01   0.339742E+00
 0.171000E+01   0.119416E+01   0.127852E+02   0.130009E+01   0.340283E+00
 0.171300E+01   0.119691E+01   0.127914E+02   0.130335E+01   0.340824E+00
 0.171600E+01   0.119966E+01   0.127849E+02   0.130660E+01   0.341365E+00
 0.171900E+01   0.120240E+01   0.127923E+02   0.130985E+01   0.341905E+00
 0.172200E+01   0.120513E+01   0.127856E+02   0.131309E+01   0.342445E+00
 0.172500E+01   0.120785E+01   0.127915E+02   0.131632E+01   0.342985E+00
 0.172800E+01   0.121057E+01   0.127927E+02   0.131955E+01   0.343525E+00
 0.173100E+01   0.121328E+01   0.127959E+02   0.132276E+01   0.344064E+00
 0.173400E+01   0.121599E+01   0.127904E+02   0.132598E+01   0.344603E+00
 0.173700E+01   0.121869E+01   0.127940E+02   0.132918E+01   0.345142E+00
 0.174000E+01   0.122137E+01   0.128008E+02   0.133238E+01   0.345681E+00
 0.174300E+01   0.122406E+01   0.128009E+02   0.133557E+01   0.346220E+00
 0.174600E+01   0.122673E+01   0.128035E+02   0.133875E+01   0.346758E+00
 0.174900E+01   0.122940E+01   0.127969E+02   0.134192E+01   0.347296E+00
 0.175200E+01   0.123206E+01   0.127985E+02   0.134509E+01   0.347834E+00
 0.175500E+01   0.123472E+01   0.128049E+02   0.134825E+01   0.348371E+00
 0.175800E+01   0.123736E+01   0.128071E+02   0.135141E+01   0.348908E+00
 0.176100E+01   0.124000E+01   0.128090E+02   0.135455E+01   0.349446E+00
 0.176400E+01   0.124264E+01   0.128032E+02   0.135769E+01   0.349982E+00
 0.176700E+01   0.124526E+01   0.128089E+02   0.136083E+01   0.350519E+00
 0.177000E+01   0.124788E+01   0.128122E+02   0.136395E+01   0.351055E+00
 0.177300E+01   0.125049E+01   0.128077E+02   0.136707E+01   0.351592E+00
 0.177600E+01   0.125310E+01   0.128102E+02   0.137018E+01   0.352128E+00
 0.177900E+01   0.125570E+01   0.128134E+02   0.137328E+01   0.352663E+00
 0.178200E+01   0.125829E+01   0.128105E+02   0.137638E+01   0.353199E+00
 0.178500E+01   0.126087E+01   0.128095E+02   0.137947E+01   0.353734E+00
 0.178800E+01   0.126345E+01   0.128113E+02   0.138255E+01   0.354269E+00
 0.179100E+01   0.126602E+01   0.128145E+02   0.138563E+01   0.354804E+00
 0.179400E+01   0.126858E+01   0.128163E+02   0.138869E+01   0.355338E+00
 0.179700E+01   0.127113E+01   0.128184E+02   0.139175E+01   0.355873E+00
 0.180000E+01   0.127368E+01   0.128178E+02   0.139481E+01   0.356407E+00
 0.180300E+01   0.127622E+01   0.128144E+02   0.139785E+01   0.356941E+00
 0.180600E+01   0.127876E+01   0.128233E+02   0.140089E+01   0.357474E+00
 0.180900E+01   0.128128E+01   0.128183E+02   0.140392E+01   0.358008E+00
 0.181200E+01   0.128380E+01   0.128251E+02   0.140695E+01   0.358541E+00
 0.181500E+01   0.128632E+01   0.128264E+02   0.140997E+01   0.359074E+00
 0.181800E+01   0.128882E+01   0.128258E+02   0.141297E+01   0.359607E+00
 0.182100E+01   0.129132E+01   0.128226E+02   0.141598E+01   0.360139E+00
 0.182400E+01   0.129381E+01   0.128235E+02   0.141897E+01   0.360672E+00
 0.182700E+01   0.129630E+01   0.128271E+02   0.142196E+01   0.361204E+00
 0.183000E+01   0.129877E+01   0.128233E+02   0.142494E+01   0.361735E+00
 0.183300E+01   0.130125E+01   0.128257E+02   0.142791E+01   0.362267E+00
 0.183600E+01   0.130371E+01   0.128311E+02   0.143088E+01   0.362799E+00
 0.183900E+01   0.130617E+01   0.128254E+02   0.143384E+01   0.363330E+00
 0.184200E+01   0.130862E+01   0.128276E+02   0.143679E+01   0.363861E+00
 0.184500E+01   0.131106E+01   0.128319E+02   0.143974E+01   0.364391E+00
 0.184800E+01   0.131349E+01   0.128255E+02   0.144267E+01   0.364922E+00
 0.185100E+01   0.131592E+01   0.128281E+02   0.144560E+01   0.365452E+00
 0.185400E+01   0.131835E+01   0.128304E+02   0.144853E+01   0.365982E+00
 0.185700E+01   0.132076E+01   0.128291E+02   0.145144E+01   0.366512E+00
 0.186000E+01   0.132317E+01   0.128308E+02   0.145435E+01   0.367041E+00
 0.186300E+01   0.132557E+01   0.128329E+02   0.145725E+01   0.367571E+00
 0.186600E+01   0.132796E+01   0.128344E+02   0.146014E+01   0.368100E+00
 0.186900E+01   0.133035E+01   0.128377E+02   0.146303E+01   0.368629E+00
 0.187200E+01   0.133273E+01   0.128387E+02   0.146591E+01   0.369158E+00
 0.187500E+01   0.133511E+01   0.128375E+02   0.146878E+01   0.369686E+00
 0.187800E+01   0.133747E+01   0.128328E+02   0.147165E+01   0.370214E+00
 0.188100E+01   0.133983E+01   0.128350E+02   0.147451E+01   0.370742E+00
 0.188400E+01   0.134219E+01   0.128362E+02   0.147736E+01   0.371270E+00
 0.188700E+01   0.134453E+01   0.128380E+02   0.148020E+01   0.371798E+00
 0.189000E+01   0.134687E+01   0.128353E+02   0.148304E+01   0.372325E+00
 0.189300E+01   0.134920E+01   0.128360E+02   0.148586E+01   0.372852E+00
 0.189600E+01   0.135153E+01   0.128411E+02   0.148869E+01   0.373379E+00
 0.189900E+01   0.135385E+01   0.128433E+02   0.149150E+01   0.373906E+00
 0.190200E+01   0.135616E+01   0.128403E+02   0.149431E+01   0.374432E+00
 0.190500E+01   0.135847E+01   0.128417E+02   0.149711E+01   0.374958E+00
 0.190800E+01   0.136076E+01   0.128385E+02   0.149990E+01   0.375484E+00
 0.191100E+01   0.136306E+01   0.128447E+02   0.150269E+01   0.376010E+00
 0.191400E+01   0.136534E+01   0.128372E+02   0.150546E+01   0.376536E+00
 0.191700E+01   0.136762E+01   0.128449E+02   0.150824E+01   0.377061E+00
 0.192000E+01   0.136989E+01   0.128426E+02   0.151100E+01   0.377586E+00
 0.192300E+01   0.137215E+01   0.128385E+02   0.151376E+01   0.378111E+00
 0.192600E+01   0.137441E+01   0.128467E+02   0.151651E+01   0.378636E+00
 0.192900E+01   0.137666E+01   0.128394E+02   0.151925E+01   0.379160E+00
 0.193200E+01   0.137891E+01   0.128461E+02   0.152199E+01   0.379685E+00
 0.193500E+01   0.138115E+01   0.128487E+02   0.152471E+01   0.380209E+00
 0.193800E+01   0.138338E+01   0.128480E+02   0.152744E+01   0.380732E+00
 0.194100E+01   0.138560E+01   0.128457E+02   0.153015E+01   0.381256E+00
 0.194400E+01   0.138782E+01   0.128481E+02   0.153286E+01   0.381779E+00
 0.194700E+01   0.139003E+01   0.128432E+02   0.153556E+01   0.382303E+00
 0.195000E+01   0.139224E+01   0.128423E+02   0.153825E+01   0.382825E+00
 0.195300E+01   0.139443E+01   0.128418E+02   0.154093E+01   0.383348E+00
 0.195600E+01   0.139663E+01   0.128424E+02   0.154361E+01   0.383871E+00
 0.195900E+01   0.139881E+01   0.128422E+02   0.154628E+01   0.384393E+00
 0.196200E+01   0.140099E+01   0.128470E+02   0.154895E+01   0.384915E+00
 0.196500E+01   0.140316E+01   0.128425E+02   0.155161E+01   0.385437E+00
 0.196800E+01   0.140533E+01   0.128515E+02   0.155426E+01   0.385959E+00
 0.197100E+01   0.140748E+01   0.128506E+02   0.155690E+01   0.386480E+00
 0.197400E+01   0.140964E+01   0.128450E+02   0.155954E+01   0.387001E+00
 0.197700E+01   0.141178E+01   0.128450E+02   0.156217E+01   0.387522E+00
 0.198000E+01   0.141392E+01   0.128442E+02   0.156479E+01   0.388043E+00
 0.198300E+01   0.141605E+01   0.128460E+02   0.156740E+01   0.388563E+00
 0.198600E+01   0.141818E+01   0.128490E+02   0.157001E+01   0.389084E+00
 0.198900E+01   0.142030E+01   0.128541E+02   0.157261E+01   0.389604E+00
 0.199200E+01   0.142241E+01   0.128510E+02   0.157521E+01   0.390124E+00
 0.199500E+01   0.142452E+01   0.128496E+02   0.157779E+01   0.390643E+00
 0.199800E+01   0.142662E+01   0.128460E+02   0.158037E+01   0.391163E+00
 0.200100E+01   0.142871E+01   0.128525E+02   0.158295E+01   0.391682E+00
 0.200400E+01   0.143080E+01   0.128480E+02   0.158551E+01   0.392201E+00
 0.200700E+01   0.143288E+01   0.128499E+02   0.158807E+01   0.392720E+00
 0.201000E+01   0.143496E+01   0.128498E+02   0.159063E+01   0.393239E+00
 0.201300E+01   0.143703E+01   0.128491E+02   0.159317E+01   0.393757E+00
 0.201600E+01   0.143909E+01   0.128554E+02   0.159571E+01   0.394275E+00
 0.201900E+01   0.144114E+01   0.128529E+02   0.159824E+01   0.394793E+00
 0.202200E+01   0.144319E+01   0.128533E+02   0.160077E+01   0.395311E+00
 0.202500E+01   0.144524E+01   0.128514E+02   0.160328E+01   0.395829E+00
 0.202800E+01   0.144727E+01   0.128547E+02   0.160579E+01   0.396346E+00
 0.203100E+01   0.144930E+01   0.128472E+02   0.160830E+01   0.396863E+00
 0.203400E+01   0.145133E+01   0.128533E+02   0.161080E+01   0.397380E+00
 0.203700E+01   0.145334E+01   0.128501E+02   0.161329E+01   0.397897E+00
 0.204000E+01   0.145536E+01   0.128551E+02   0.161577E+01   0.398413E+00
 0.204300E+01   0.145736E+01   0.128464E+02   0.161825E+01   0.398929E+00
 0.204600E+01   0.145936E+01   0.128473E+02   0.162072E+01   0.399445E+00
 0.204900E+01   0.146135E+01   0.128551E+02   0.162318E+01   0.399961E+00
 0.205200E+01   0.146334E+01   0.128494E+02   0.162563E+01   0.400477E+00
 0.205500E+01   0.146532E+01   0.128494E+02   0.162808E+01   0.400992E+00
 0.205800E+01   0.146730E+01   0.128494E+02   0.163053E+01   0.401508E+00
 0.206100E+01   0.146926E+01   0.128530E+02   0.163296E+01   0.402023E+00
 0.206400E+01   0.147123E+01   0.128515E+02   0.163539E+01   0.402537E+00
 0.206700E+01   0.147318E+01   0.128526E+02   0.163781E+01   0.403052E+00
 0.207000E+01   0.147513E+01   0.128556E+02   0.164023E+01   0.403566E+00
 0.207300E+01   0.147708E+01   0.128476E+02   0.164264E+01   0.404081E+00
 0.207600E+01   0.147901E+01   0.128458E+02   0.164504E+01   0.404594E+00
 0.207900E+01   0.148095E+01   0.128476E+02   0.164744E+01   0.405108E+00
 0.208200E+01   0.148287E+01   0.128479E+02   0.164982E+01   0.405622E+00
 0.208500E+01   0.148479E+01   0.128480E+02   0.165221E+01   0.406135E+00
 0.208800E+01   0.148671E+01   0.128514E+02   0.165458E+01   0.406648E+00
 0.209100E+01   0.148861E+01   0.128502E+02   0.165695E+01   0.407161E+00
 0.209400E+01   0.149051E+01   0.128453E+02   0.165931E+01   0.407674E+00
 0.209700E+01   0.149241E+01   0.128497E+02   0.166167E+01   0.408186E+00
 0.210000E+01   0.149430E+01   0.128460E+02   0.166402E+01   0.408699E+00
 0.210300E+01   0.149618E+01   0.128542E+02   0.166636E+01   0.409211E+00
 0.210600E+01   0.149806E+01   0.128521E+02   0.166870E+01   0.409723E+00
 0.210900E+01   0.149993E+01   0.128465E+02   0.167103E+01   0.410234E+00
 0.211200E+01   0.150180E+01   0.128463E+02   0.167335E+01   0.410746E+00
 0.211500E+01   0.150366E+01   0.128537E+02   0.167566E+01   0.411257E+00
 0.211800E+01   0.150551E+01   0.128466E+02   0.167797E+01   0.411768E+00
 0.212100E+01   0.150736E+01   0.128486E+02   0.168028E+01   0.412279E+00
 0.212400E+01   0.150921E+01   0.128512E+02   0.168257E+01   0.412790E+00
 0.212700E+01   0.151104E+01   0.128533E+02   0.168486E+01   0.413300E+00
 0.213000E+01   0.151287E+01   0.128479E+02   0.168715E+01   0.413810E+00
 0.213300E+01   0.151470E+01   0.128441E+02   0.168942E+01   0.414320E+00
 0.213600E+01   0.151652E+01   0.128523E+02   0.169169E+01   0.414830E+00
 0.213900E+01   0.151833E+01   0.128503E+02   0.169396E+01   0.415340E+00
 0.214200E+01   0.152014E+01   0.128499E+02   0.169621E+01   0.415849E+00
 0.214500E+01   0.152194E+01   0.128463E+02   0.169847E+01   0.416358E+00
 0.214800E+01   0.152374E+01   0.128421E+02   0.170071E+01   0.416867E+00
 0.215100E+01   0.152553E+01   0.128508E+02   0.170295E+01   0.417376E+00
 0.215400E+01   0.152731E+01   0.128436E+02   0.170518E+01   0.417885E+00
 0.215700E+01   0.152909E+01   0.128441E+02   0.170741E+01   0.418393E+00
 0.216000E+01   0.153087E+01   0.128434E+02   0.170962E+01   0.418901E+00
 0.216300E+01   0.153264E+01   0.128448E+02   0.171184E+01   0.419409E+00
 0.216600E+01   0.153440E+01   0.128461E+02   0.171404E+01   0.419917E+00
 0.216900E+01   0.153615E+01   0.128496E+02   0.171624E+01   0.420425E+00
 0.217200E+01   0.153791E+01   0.128434E+02   0.171844E+01   0.420932E+00
 0.217500E+01   0.153965E+01   0.128413E+02   0.172062E+01   0.421439E+00
 0.217800E+01   0.154139E+01   0.128420E+02   0.172281E+01   0.421946E+00
 0.218100E+01   0.154313E+01   0.128397E+02   0.172498E+01   0.422453E+00
 0.218400E+01   0.154486E+01   0.128429E+02   0.172715E+01   0.422960E+00
 0.218700E+01   0.154658E+01   0.128452E+02   0.172931E+01   0.423466E+00
 0.219000E+01   0.154830E+01   0.128455E+02   0.173147E+01   0.423972E+00
 0.219300E+01   0.155001E+01   0.128452E+02   0.173362E+01   0.424478E+00
 0.219600E+01   0.155172E+01   0.128391E+02   0.173576E+01   0.424984E+00
 0.219900E+01   0.155342E+01   0.128402E+02   0.173790E+01   0.425489E+00
 0.220200E+01   0.155511E+01   0.128376E+02   0.174003E+01   0.425995E+00
 0.220500E+01   0.155680E+01   0.128386E+02   0.174216E+01   0.426500E+00
 0.220800E+01   0.155849E+01   0.128388E+02   0.174427E+01   0.427005E+00
 0.221100E+01   0.156017E+01   0.128399E+02   0.174639E+01   0.427510E+00
 0.221400E+01   0.156184E+01   0.128409E+02   0.174849E+01   0.428014E+00
 0.221700E+01   0.156351E+01   0.128427E+02   0.175059E+01   0.428519E+00
 0.222000E+01   0.156518E+01   0.128407E+02   0.175269E+01   0.429023E+00
 0.222300E+01   0.156683E+01   0.128367E+02   0.175478E+01   0.429527E+00
 0.222600E+01   0.156849E+01   0.128383E+02   0.175686E+01   0.430031E+00
 0.222900E+01   0.157014E+01   0.128336E+02   0.175894E+01   0.430534E+00
 0.223200E+01   0.157178E+01   0.128399E+02   0.176101E+01   0.431038E+00
 0.223500E+01   0.157341E+01   0.128395E+02   0.176307E+01   0.431541E+00
 0.223800E+01   0.157505E+01   0.128391E+02   0.176513E+01   0.432044E+00
 0.224100E+01   0.157667E+01   0.128391E+02   0.176718E+01   0.432547E+00
 0.224400E+01   0.157829E+01   0.128351E+02   0.176923E+01   0.433049E+00
 0.224700E+01   0.157991E+01   0.128395E+02   0.177127E+01   0.433552E+00
 0.225000E+01   0.158152E+01   0.128368E+02   0.177330E+01   0.434054E+00
 0.225300E+01   0.158313E+01   0.128346E+02   0.177533E+01   0.434556E+00
 0.225600E+01   0.158473E+01   0.128300E+02   0.177735E+01   0.435058E+00
 0.225900E+01   0.158632E+01   0.128316E+02   0.177937E+01   0.435560E+00
 0.226200E+01   0.158791E+01   0.128308E+02   0.178138E+01   0.436061E+00
 0.226500E+01   0.158950E+01   0.128341E+02   0.178338E+01   0.436562E+00
 0.226800E+01   0.159108E+01   0.128316E+02   0.178538E+01   0.437063E+00
 0.227100E+01   0.159265E+01   0.128325E+02   0.178737E+01   0.437564E+00
 0.227400E+01   0.159422E+01   0.128317E+02   0.178936E+01   0.438065E+00
 0.227700E+01   0.159579E+01   0.128329E+02   0.179134E+01   0.438565E+00
 0.228000E+01   0.159735E+01   0.128266E+02   0.179332E+01   0.439065E+00
 0.228300E+01   0.159890E+01   0.128273E+02   0.179529E+01   0.439566E+00
 0.228600E+01   0.160045E+01   0.128273E+02   0.179725E+01   0.440065E+00
 0.228900E+01   0.160199E+01   0.128234E+02   0.179921E+01   0.440565E+00
 0.229200E+01   0.160353E+01   0.128298E+02   0.180116E+01   0.441065E+00
 0.229500E+01   0.160507E+01   0.128311E+02   0.180311E+01   0.441564E+00
 0.229800E+01   0.160660E+01   0.128264E+02   0.180505E+01   0.442063E+00
 0.230100E+01   0.160812E+01   0.128289E+02   0.180698E+01   0.442562E+00
 0.230400E+01   0.160964E+01   0.128239E+02   0.180891E+01   0.443061E+00
 0.230700E+01   0.161116E+01   0.128239E+02   0.181083E+01   0.443559E+00
 0.231000E+01   0.161267E+01   0.128216E+02   0.181275E+01   0.444058E+00
 0.231300E+01   0.161417E+01   0.128244E+02   0.181466E+01   0.444556E+00
 0.231600E+01   0.161567E+01   0.128198E+02   0.181657E+01   0.445054E+00
 0.231900E+01   0.161717E+01   0.128188E+02   0.181847E+01   0.445552E+00
 0.232200E+01   0.161866E+01   0.128201E+02   0.182037E+01   0.446049E+00
 0.232500E+01   0.162014E+01   0.128202E+02   0.182226E+01   0.446547E+00
 0.232800E+01   0.162162E+01   0.128156E+02   0.182414E+01   0.447044E+00
 0.233100E+01   0.162310E+01   0.128214E+02   0.182602E+01   0.447541E+00
 0.233400E+01   0.162457E+01   0.128171E+02   0.182789E+01   0.448038E+00
 0.233700E+01   0.162604E+01   0.128211E+02   0.182976E+01   0.448534E+00
 0.234000E+01   0.162750E+01   0.128227E+02   0.183162E+01   0.449031E+00
 0.234300E+01   0.162895E+01   0.128218E+02   0.183348E+01   0.449527E+00
 0.234600E+01   0.163041E+01   0.128181E+02   0.183533E+01   0.450023E+00
 0.234900E+01   0.163185E+01   0.128141E+02   0.183717E+01   0.450519E+00
 0.235200E+01   0.163330E+01   0.128161E+02   0.183901E+01   0.451015E+00
 0.235500E+01   0.163473E+01   0.128136E+02   0.184085E+01   0.451510E+00
 0.235800E+01   0.163617E+01   0.128174E+02   0.184267E+01   0.452005E+00
 0.236100E+01   0.163759E+01   0.128179E+02   0.184450E+01   0.452501E+00
 0.236400E+01   0.163902E+01   0.128151E+02   0.184632E+01   0.452996E+00
 0.236700E+01   0.164044E+01   0.128119E+02   0.184813E+01   0.453490E+00
 0.237000E+01   0.164185E+01   0.128089E+02   0.184994E+01   0.453985E+00
 0.237300E+01   0.164326E+01   0.128121E+02   0.185174E+01   0.454479E+00
 0.237600E+01   0.164467E+01   0.128120E+02   0.185353E+01   0.454973E+00
 0.237900E+01   0.164607E+01   0.128130E+02   0.185532E+01   0.455467E+00
 0.238200E+01   0.164746E+01   0.128124E+02   0.185711E+01   0.455961E+00
 0.238500E+01   0.164886E+01   0.128076E+02   0.185889E+01   0.456455E+00
 0.238800E+01   0.165024E+01   0.128032E+02   0.186066E+01   0.456948E+00
 0.239100E+01   0.165163E+01   0.128041E+02   0.186243E+01   0.457442E+00
 0.239400E+01   0.165300E+01   0.128040E+02   0.186420E+01   0.457935E+00
 0.239700E+01   0.165438E+01   0.128077E+02   0.186596E+01   0.458428E+00
 0.240000E+01   0.165575E+01   0.128082E+02   0.186771E+01   0.458920E+00
 0.240300E+01   0.165711E+01   0.127996E+02   0.186946E+01   0.459413E+00
 0.240600E+01   0.165847E+01   0.128011E+02   0.187120E+01   0.459905E+00
 0.240900E+01   0.165983E+01   0.128009E+02   0.187294E+01   0.460397E+00
 0.241200E+01   0.166118E+01   0.128019E+02   0.187467E+01   0.460889E+00
 0.241500E+01   0.166252E+01   0.128000E+02   0.187640E+01   0.461381E+00
 0.241800E+01   0.166387E+01   0.127977E+02   0.187812E+01   0.461873E+00
 0.242100E+01   0.166520E+01   0.128041E+02   0.187984E+01   0.462364E+00
 0.242400E+01   0.166654E+01   0.127946E+02   0.188155E+01   0.462856E+00
 0.242700E+01   0.166787E+01   0.127957E+02   0.188326E+01   0.463347E+00
 0.243000E+01   0.166919E+01   0.127975E+02   0.188496E+01   0.463838E+00
 0.243300E+01   0.167051E+01   0.127933E+02   0.188666E+01   0.464328E+00
 0.243600E+01   0.167183E+01   0.127936E+02   0.188835E+01   0.464819E+00
 0.243900E+01   0.167314E+01   0.127960E+02   0.189004E+01   0.465309E+00
 0.244200E+01   0.167445E+01   0.127989E+02   0.189172E+01   0.465799E+00
 0.244500E+01   0.167575E+01   0.127932E+02   0.189339E+01   0.466289E+00
 0.244800E+01   0.167705E+01   0.127931E+02   0.189506E+01   0.466779E+00
 0.245100E+01   0.167835E+01   0.127962E+02   0.189673E+01   0.467269E+00
 0.245400E+01   0.167964E+01   0.127914E+02   0.189839E+01   0.467758E+00
 0.245700E+01   0.168092E+01   0.127909E+02   0.190005E+01   0.468247E+00
 0.246000E+01   0.168221E+01   0.127859E+02   0.190170E+01   0.468736E+00
 0.246300E+01   0.168348E+01   0.127857E+02   0.190335E+01   0.469225E+00
 0.246600E+01   0.168476E+01   0.127836E+02   0.190499E+01   0.469714E+00
 0.246900E+01   0.168603E+01   0.127894E+02   0.190662E+01   0.470203E+00
 0.247200E+01   0.168729E+01   0.127894E+02   0.190825E+01   0.470691E+00
 0.247500E+01   0.168855E+01   0.127894E+02   0.190988E+01   0.471179E+00
 0.247800E+01   0.168981E+01   0.127803E+02   0.191150E+01   0.471667E+00
 0.248100E+01   0.169106E+01   0.127873E+02   0.191312E+01   0.472155E+00
 0.248400E+01   0.169231E+01   0.127862E+02   0.191473E+01   0.472643E+00
 0.248700E+01   0.169356E+01   0.127864E+02   0.191634E+01   0.473130E+00
 0.249000E+01   0.169480E+01   0.127790E+02   0.191794E+01   0.473617E+00
 0.249300E+01   0.169604E+01   0.127798E+02   0.191954E+01   0.474105E+00
 0.249600E+01   0.169727E+01   0.127819E+02   0.192113E+01   0.474592E+00
 0.249900E+01   0.169850E+01   0.127806E+02   0.192272E+01   0.475078E+00
 0.250200E+01   0.169972E+01   0.127790E+02   0.192430E+01   0.475565E+00
 0.250500E+01   0.170094E+01   0.127812E+02   0.192588E+01   0.476051E+00
 0.250800E+01   0.170216E+01   0.127773E+02   0.192745E+01   0.476538E+00
 0.251100E+01   0.170337E+01   0.127764E+02   0.192902E+01   0.477024E+00
 0.251400E+01   0.170458E+01   0.127792E+02   0.193058E+01   0.477509E+00
 0.251700E+01   0.170578E+01   0.127697E+02   0.193214E+01   0.477995E+00
 0.252000E+01   0.170699E+01   0.127703E+02   0.193370E+01   0.478481E+00
 0.252300E+01   0.170818E+01   0.127698E+02   0.193525E+01   0.478966E+00
 0.252600E+01   0.170937E+01   0.127702E+02   0.193679E+01   0.479451E+00
 0.252900E+01   0.171056E+01   0.127696E+02   0.193833E+01   0.479936E+00
 0.253200E+01   0.171175E+01   0.127743E+02   0.193987E+01   0.480421E+00
 0.253500E+01   0.171293E+01   0.127687E+02   0.194140E+01   0.480906E+00
 0.253800E+01   0.171411E+01   0.127664E+02   0.194292E+01   0.481390E+00
 0.254100E+01   0.171528E+01   0.127705E+02   0.194445E+01   0.481874E+00
 0.254400E+01   0.171645E+01   0.127659E+02   0.194596E+01   0.482359E+00
 0.254700E+01   0.171762E+01   0.127671E+02   0.194748E+01   0.482843E+00
 0.255000E+01   0.171878E+01   0.127692E+02   0.194898E+01   0.483326E+00
 0.255300E+01   0.171994E+01   0.127663E+02   0.195049E+01   0.483810E+00
 0.255600E+01   0.172109E+01   0.127658E+02   0.195199E+01   0.484293E+00
 0.255900E+01   0.172224E+01   0.127576E+02   0.195348E+01   0.484777E+00
 0.256200E+01   0.172339E+01   0.127565E+02   0.195497E+01   0.485260E+00
 0.256500E+01   0.172453E+01   0.127553E+02   0.195645E+01   0.485743E+00
 0.256800E+01   0.172567E+01   0.127552E+02   0.195793E+01   0.486225E+00
 0.257100E+01   0.172681E+01   0.127598E+02   0.195941E+01   0.486708E+00
 0.257400E+01   0.172794E+01   0.127576E+02   0.196088E+01   0.487191E+00
 0.257700E+01   0.172907E+01   0.127609E+02   0.196235E+01   0.487673E+00
 0.258000E+01   0.173019E+01   0.127603E+02   0.196381E+01   0.488155E+00
 0.258300E+01   0.173131E+01   0.127504E+02   0.196527E+01   0.488637E+00
 0.258600E+01   0.173243E+01   0.127496E+02   0.196672E+01   0.489119E+00
 0.258900E+01   0.173354E+01   0.127489E+02   0.196817E+01   0.489600E+00
 0.259200E+01   0.173465E+01   0.127501E+02   0.196962E+01   0.490081E+00
 0.259500E+01   0.173576E+01   0.127520E+02   0.197106E+01   0.490563E+00
 0.259800E+01   0.173686E+01   0.127464E+02   0.197249E+01   0.491044E+00
 0.260100E+01   0.173796E+01   0.127506E+02   0.197393E+01   0.491524E+00
 0.260400E+01   0.173905E+01   0.127506E+02   0.197536E+01   0.492005E+00
 0.260700E+01   0.174015E+01   0.127459E+02   0.197678E+01   0.492485E+00
 0.261000E+01   0.174124E+01   0.127439E+02   0.197820E+01   0.492965E+00
 0.261300E+01   0.174232E+01   0.127410E+02   0.197961E+01   0.493445E+00
 0.261600E+01   0.174340E+01   0.127421E+02   0.198102E+01   0.493925E+00
 0.261900E+01   0.174448E+01   0.127415E+02   0.198243E+01   0.494405E+00
 0.262200E+01   0.174555E+01   0.127451E+02   0.198383E+01   0.494885E+00
 0.262500E+01   0.174662E+01   0.127426E+02   0.198523E+01   0.495365E+00
 0.262800E+01   0.174769E+01   0.127367E+02   0.198662E+01   0.495845E+00
