 0.476301E-02   0.000000E+00   0.000000E+00   0.000000E+00   0.100001E-02
 0.757421E-02   0.577266E-02   0.111016E+02   0.576880E-02   0.158948E-02
 0.103854E-01   0.103547E-01   0.129660E+02   0.103493E-01   0.217893E-02
 0.131966E-01   0.133525E-01   0.136981E+02   0.133468E-01   0.276836E-02
 0.160078E-01   0.154599E-01   0.140527E+02   0.154545E-01   0.335775E-02
 0.188190E-01   0.169864E-01   0.142223E+02   0.169814E-01   0.394710E-02
 0.216302E-01   0.181034E-01   0.142804E+02   0.180989E-01   0.453638E-02
 0.244414E-01   0.190072E-01   0.143033E+02   0.190032E-01   0.512559E-02
 0.272526E-01   0.197397E-01   0.142963E+02   0.197362E-01   0.571472E-02
 0.300637E-01   0.203168E-01   0.142556E+02   0.203137E-01   0.630375E-02
 0.328749E-01   0.208093E-01   0.142053E+02   0.208065E-01   0.689268E-02
 0.356861E-01   0.212112E-01   0.141364E+02   0.212088E-01   0.748151E-02
 0.384973E-01   0.216306E-01   0.140952E+02   0.216286E-01   0.807027E-02
 0.413085E-01   0.219305E-01   0.140128E+02   0.219288E-01   0.865895E-02
 0.441197E-01   0.222477E-01   0.139516E+02   0.222464E-01   0.924756E-02
 0.469309E-01   0.224970E-01   0.138681E+02   0.224960E-01   0.983612E-02
 0.497421E-01   0.227661E-01   0.138031E+02   0.227654E-01   0.104246E-01
 0.525533E-01   0.230061E-01   0.137312E+02   0.230056E-01   0.110131E-01
 0.553645E-01   0.232318E-01   0.136585E+02   0.232317E-01   0.116015E-01
 0.581757E-01   0.234697E-01   0.135971E+02   0.234698E-01   0.121899E-01
 0.609869E-01   0.236683E-01   0.135197E+02   0.236687E-01   0.127783E-01
 0.637981E-01   0.238676E-01   0.134455E+02   0.238682E-01   0.133666E-01
 0.666093E-01   0.240678E-01   0.133738E+02   0.240687E-01   0.139549E-01
 0.694204E-01   0.242554E-01   0.132964E+02   0.242565E-01   0.145431E-01
 0.722316E-01   0.244487E-01   0.132224E+02   0.244501E-01   0.151313E-01
 0.750428E-01   0.246589E-01   0.131570E+02   0.246606E-01   0.157194E-01
 0.778540E-01   0.248508E-01   0.130804E+02   0.248528E-01   0.163075E-01
 0.806652E-01   0.250749E-01   0.130198E+02   0.250772E-01   0.168956E-01
 0.834764E-01   0.252878E-01   0.129506E+02   0.252904E-01   0.174836E-01
 0.862876E-01   0.254915E-01   0.128732E+02   0.254945E-01   0.180715E-01
 0.890988E-01   0.257027E-01   0.127962E+02   0.257059E-01   0.186595E-01
 0.919100E-01   0.259352E-01   0.127273E+02   0.259388E-01   0.192473E-01
 0.947212E-01   0.261802E-01   0.126611E+02   0.261843E-01   0.198351E-01
 0.975324E-01   0.264334E-01   0.125946E+02   0.264379E-01   0.204229E-01
 0.100344E+00   0.266952E-01   0.125278E+02   0.267002E-01   0.210106E-01
 0.103155E+00   0.269673E-01   0.124615E+02   0.269728E-01   0.215983E-01
 0.105966E+00   0.272520E-01   0.123968E+02   0.272580E-01   0.221860E-01
 0.108777E+00   0.275249E-01   0.123186E+02   0.275314E-01   0.227735E-01
 0.111588E+00   0.278423E-01   0.122616E+02   0.278494E-01   0.233611E-01
 0.114400E+00   0.281649E-01   0.122013E+02   0.281726E-01   0.239486E-01
 0.117211E+00   0.284854E-01   0.121328E+02   0.284938E-01   0.245360E-01
 0.120022E+00   0.288332E-01   0.120748E+02   0.288424E-01   0.251234E-01
 0.122833E+00   0.291907E-01   0.120158E+02   0.292007E-01   0.257107E-01
 0.125644E+00   0.295604E-01   0.119574E+02   0.295712E-01   0.262980E-01
 0.128456E+00   0.299320E-01   0.118927E+02   0.299437E-01   0.268852E-01
 0.131267E+00   0.303310E-01   0.118386E+02   0.303436E-01   0.274724E-01
 0.134078E+00   0.307499E-01   0.117903E+02   0.307636E-01   0.280595E-01
 0.136889E+00   0.311651E-01   0.117319E+02   0.311799E-01   0.286466E-01
 0.139700E+00   0.316053E-01   0.116828E+02   0.316212E-01   0.292336E-01
 0.142511E+00   0.320523E-01   0.116305E+02   0.320694E-01   0.298206E-01
 0.145323E+00   0.325115E-01   0.115788E+02   0.325299E-01   0.304075E-01
 0.148134E+00   0.329879E-01   0.115313E+02   0.330077E-01   0.309944E-01
 0.150945E+00   0.334848E-01   0.114904E+02   0.335060E-01   0.315812E-01
 0.153756E+00   0.339844E-01   0.114436E+02   0.340071E-01   0.321679E-01
 0.156567E+00   0.344997E-01   0.114003E+02   0.345240E-01   0.327546E-01
 0.159379E+00   0.350243E-01   0.113562E+02   0.350503E-01   0.333413E-01
 0.162190E+00   0.355715E-01   0.113207E+02   0.355992E-01   0.339278E-01
 0.165001E+00   0.361266E-01   0.112837E+02   0.361563E-01   0.345143E-01
 0.167812E+00   0.366891E-01   0.112445E+02   0.367207E-01   0.351008E-01
 0.170623E+00   0.372600E-01   0.112039E+02   0.372935E-01   0.356872E-01
 0.173435E+00   0.378456E-01   0.111670E+02   0.378813E-01   0.362736E-01
 0.176246E+00   0.384534E-01   0.111395E+02   0.384913E-01   0.368598E-01
 0.179057E+00   0.390621E-01   0.111055E+02   0.391024E-01   0.374461E-01
 0.181868E+00   0.396810E-01   0.110723E+02   0.397237E-01   0.380322E-01
 0.184679E+00   0.403232E-01   0.110498E+02   0.403685E-01   0.386183E-01
 0.187491E+00   0.409612E-01   0.110173E+02   0.410092E-01   0.392044E-01
 0.190302E+00   0.416095E-01   0.109859E+02   0.416602E-01   0.397903E-01
 0.193113E+00   0.422829E-01   0.109673E+02   0.423365E-01   0.403763E-01
 0.195924E+00   0.429449E-01   0.109332E+02   0.430014E-01   0.409621E-01
 0.198735E+00   0.436387E-01   0.109176E+02   0.436984E-01   0.415479E-01
 0.201547E+00   0.443161E-01   0.108826E+02   0.443789E-01   0.421336E-01
 0.204358E+00   0.450320E-01   0.108719E+02   0.450982E-01   0.427193E-01
 0.207169E+00   0.457341E-01   0.108441E+02   0.458038E-01   0.433049E-01
 0.209980E+00   0.464511E-01   0.108221E+02   0.465243E-01   0.438905E-01
 0.212791E+00   0.471833E-01   0.108065E+02   0.472602E-01   0.444759E-01
 0.215602E+00   0.479205E-01   0.107890E+02   0.480013E-01   0.450613E-01
 0.218414E+00   0.486706E-01   0.107763E+02   0.487554E-01   0.456467E-01
 0.221225E+00   0.494124E-01   0.107511E+02   0.495011E-01   0.462320E-01
 0.224036E+00   0.501828E-01   0.107438E+02   0.502758E-01   0.468172E-01
 0.226847E+00   0.509478E-01   0.107267E+02   0.510452E-01   0.474023E-01
 0.229658E+00   0.517155E-01   0.107065E+02   0.518173E-01   0.479874E-01
 0.232470E+00   0.525019E-01   0.106964E+02   0.526084E-01   0.485724E-01
 0.235281E+00   0.532977E-01   0.106889E+02   0.534089E-01   0.491574E-01
 0.238092E+00   0.540832E-01   0.106680E+02   0.541993E-01   0.497423E-01
 0.240903E+00   0.548920E-01   0.106615E+02   0.550132E-01   0.503271E-01
 0.243714E+00   0.556967E-01   0.106467E+02   0.558230E-01   0.509119E-01
 0.246526E+00   0.565107E-01   0.106349E+02   0.566423E-01   0.514966E-01
 0.249337E+00   0.573329E-01   0.106253E+02   0.574700E-01   0.520812E-01
 0.252148E+00   0.581628E-01   0.106176E+02   0.583055E-01   0.526657E-01
 0.254959E+00   0.589935E-01   0.106060E+02   0.591419E-01   0.532502E-01
 0.257770E+00   0.598322E-01   0.105968E+02   0.599865E-01   0.538346E-01
 0.260582E+00   0.606744E-01   0.105862E+02   0.608347E-01   0.544190E-01
 0.263393E+00   0.615301E-01   0.105826E+02   0.616966E-01   0.550032E-01
 0.266204E+00   0.623779E-01   0.105683E+02   0.625507E-01   0.555875E-01
 0.269015E+00   0.632519E-01   0.105719E+02   0.634313E-01   0.561716E-01
 0.271826E+00   0.641111E-01   0.105589E+02   0.642970E-01   0.567557E-01
 0.274638E+00   0.649870E-01   0.105561E+02   0.651797E-01   0.573397E-01
 0.277449E+00   0.658636E-01   0.105499E+02   0.660633E-01   0.579236E-01
 0.280260E+00   0.667389E-01   0.105388E+02   0.669456E-01   0.585075E-01
 0.283071E+00   0.676336E-01   0.105402E+02   0.678476E-01   0.590912E-01
 0.285882E+00   0.685210E-01   0.105318E+02   0.687424E-01   0.596750E-01
 0.288693E+00   0.694202E-01   0.105296E+02   0.696492E-01   0.602586E-01
 0.291505E+00   0.703217E-01   0.105256E+02   0.705584E-01   0.608422E-01
 0.294316E+00   0.712187E-01   0.105143E+02   0.714633E-01   0.614257E-01
 0.297127E+00   0.721335E-01   0.105144E+02   0.723861E-01   0.620091E-01
 0.299938E+00   0.730512E-01   0.105135E+02   0.733121E-01   0.625925E-01
 0.302749E+00   0.739636E-01   0.105044E+02   0.742328E-01   0.631758E-01
 0.305561E+00   0.748875E-01   0.105018E+02   0.751653E-01   0.637590E-01
 0.308372E+00   0.758218E-01   0.105044E+02   0.761083E-01   0.643422E-01
 0.311183E+00   0.767543E-01   0.105021E+02   0.770497E-01   0.649252E-01
 0.313994E+00   0.776881E-01   0.104974E+02   0.779926E-01   0.655082E-01
 0.316805E+00   0.786296E-01   0.104959E+02   0.789433E-01   0.660912E-01
 0.319617E+00   0.795674E-01   0.104879E+02   0.798904E-01   0.666740E-01
 0.322428E+00   0.805183E-01   0.104876E+02   0.808509E-01   0.672568E-01
 0.325239E+00   0.814727E-01   0.104869E+02   0.818150E-01   0.678395E-01
 0.328050E+00   0.824264E-01   0.104823E+02   0.827786E-01   0.684222E-01
 0.330861E+00   0.833964E-01   0.104883E+02   0.837589E-01   0.690047E-01
 0.333673E+00   0.843555E-01   0.104815E+02   0.847281E-01   0.695872E-01
 0.336484E+00   0.853279E-01   0.104827E+02   0.857110E-01   0.701696E-01
 0.339295E+00   0.863067E-01   0.104861E+02   0.867006E-01   0.707520E-01
 0.342106E+00   0.872790E-01   0.104805E+02   0.876836E-01   0.713342E-01
 0.344917E+00   0.882612E-01   0.104800E+02   0.886768E-01   0.719164E-01
 0.347729E+00   0.892468E-01   0.104791E+02   0.896736E-01   0.724985E-01
 0.350540E+00   0.902406E-01   0.104817E+02   0.906789E-01   0.730806E-01
 0.353351E+00   0.912279E-01   0.104754E+02   0.916776E-01   0.736626E-01
 0.356162E+00   0.922247E-01   0.104738E+02   0.926863E-01   0.742444E-01
 0.358973E+00   0.932284E-01   0.104746E+02   0.937019E-01   0.748263E-01
 0.361785E+00   0.942395E-01   0.104783E+02   0.947253E-01   0.754080E-01
 0.364596E+00   0.952575E-01   0.104843E+02   0.957557E-01   0.759897E-01
 0.367407E+00   0.962692E-01   0.104815E+02   0.967800E-01   0.765712E-01
 0.370218E+00   0.972904E-01   0.104834E+02   0.978140E-01   0.771528E-01
 0.373029E+00   0.983129E-01   0.104827E+02   0.988495E-01   0.777342E-01
 0.375840E+00   0.993436E-01   0.104854E+02   0.998933E-01   0.783155E-01
 0.378652E+00   0.100372E+00   0.104828E+02   0.100935E+00   0.788968E-01
 0.381463E+00   0.101413E+00   0.104865E+02   0.101989E+00   0.794780E-01
 0.384274E+00   0.102456E+00   0.104888E+02   0.103046E+00   0.800591E-01
 0.387085E+00   0.103489E+00   0.104791E+02   0.104094E+00   0.806402E-01
 0.389896E+00   0.104552E+00   0.104912E+02   0.105171E+00   0.812211E-01
 0.392708E+00   0.105599E+00   0.104851E+02   0.106232E+00   0.818020E-01
 0.395519E+00   0.106664E+00   0.104917E+02   0.107313E+00   0.823828E-01
 0.398330E+00   0.107731E+00   0.104948E+02   0.108394E+00   0.829636E-01
 0.401141E+00   0.108790E+00   0.104882E+02   0.109468E+00   0.835442E-01
 0.403952E+00   0.109863E+00   0.104890E+02   0.110557E+00   0.841248E-01
 0.406764E+00   0.110945E+00   0.104936E+02   0.111654E+00   0.847053E-01
 0.409575E+00   0.112028E+00   0.104948E+02   0.112753E+00   0.852857E-01
 0.412386E+00   0.113123E+00   0.105020E+02   0.113864E+00   0.858660E-01
 0.415197E+00   0.114208E+00   0.104972E+02   0.114966E+00   0.864463E-01
 0.418008E+00   0.115307E+00   0.105000E+02   0.116082E+00   0.870264E-01
 0.420820E+00   0.116412E+00   0.105033E+02   0.117204E+00   0.876065E-01
 0.423631E+00   0.117520E+00   0.105046E+02   0.118329E+00   0.881865E-01
 0.426442E+00   0.118633E+00   0.105060E+02   0.119459E+00   0.887664E-01
 0.429253E+00   0.119757E+00   0.105124E+02   0.120601E+00   0.893463E-01
 0.432064E+00   0.120876E+00   0.105095E+02   0.121737E+00   0.899260E-01
 0.434876E+00   0.122007E+00   0.105125E+02   0.122886E+00   0.905057E-01
 0.437687E+00   0.123140E+00   0.105130E+02   0.124038E+00   0.910853E-01
 0.440498E+00   0.124289E+00   0.105225E+02   0.125206E+00   0.916648E-01
 0.443309E+00   0.125432E+00   0.105215E+02   0.126368E+00   0.922442E-01
 0.446120E+00   0.126587E+00   0.105259E+02   0.127542E+00   0.928235E-01
 0.448931E+00   0.127734E+00   0.105194E+02   0.128709E+00   0.934028E-01
 0.451743E+00   0.128901E+00   0.105240E+02   0.129895E+00   0.939820E-01
 0.454554E+00   0.130072E+00   0.105278E+02   0.131087E+00   0.945610E-01
 0.457365E+00   0.131252E+00   0.105336E+02   0.132288E+00   0.951400E-01
 0.460176E+00   0.132427E+00   0.105304E+02   0.133484E+00   0.957189E-01
 0.462987E+00   0.133617E+00   0.105343E+02   0.134695E+00   0.962978E-01
 0.465799E+00   0.134821E+00   0.105447E+02   0.135920E+00   0.968765E-01
 0.468610E+00   0.136017E+00   0.105430E+02   0.137138E+00   0.974551E-01
 0.471421E+00   0.137221E+00   0.105422E+02   0.138363E+00   0.980337E-01
 0.474232E+00   0.138445E+00   0.105535E+02   0.139610E+00   0.986122E-01
 0.477043E+00   0.139659E+00   0.105506E+02   0.140847E+00   0.991906E-01
 0.479855E+00   0.140896E+00   0.105612E+02   0.142107E+00   0.997689E-01
 0.482666E+00   0.142124E+00   0.105589E+02   0.143358E+00   0.100347E+00
 0.485477E+00   0.143366E+00   0.105633E+02   0.144625E+00   0.100925E+00
 0.488288E+00   0.144616E+00   0.105682E+02   0.145899E+00   0.101503E+00
 0.491099E+00   0.145863E+00   0.105640E+02   0.147170E+00   0.102081E+00
 0.493911E+00   0.147130E+00   0.105717E+02   0.148462E+00   0.102659E+00
 0.496722E+00   0.148398E+00   0.105735E+02   0.149755E+00   0.103237E+00
 0.499533E+00   0.149682E+00   0.105824E+02   0.151065E+00   0.103814E+00
 0.502344E+00   0.150961E+00   0.105807E+02   0.152370E+00   0.104392E+00
 0.505155E+00   0.152258E+00   0.105874E+02   0.153693E+00   0.104969E+00
 0.507967E+00   0.153551E+00   0.105843E+02   0.155013E+00   0.105547E+00
 0.510778E+00   0.154866E+00   0.105923E+02   0.156355E+00   0.106124E+00
 0.513589E+00   0.156186E+00   0.105982E+02   0.157703E+00   0.106701E+00
 0.516400E+00   0.157514E+00   0.106036E+02   0.159060E+00   0.107278E+00
 0.519211E+00   0.158847E+00   0.106066E+02   0.160421E+00   0.107855E+00
 0.522022E+00   0.160182E+00   0.106048E+02   0.161785E+00   0.108432E+00
 0.524834E+00   0.161528E+00   0.106052E+02   0.163160E+00   0.109009E+00
 0.527645E+00   0.162896E+00   0.106182E+02   0.164558E+00   0.109586E+00
 0.530456E+00   0.164257E+00   0.106200E+02   0.165950E+00   0.110163E+00
 0.533267E+00   0.165620E+00   0.106165E+02   0.167342E+00   0.110739E+00
 0.536078E+00   0.167008E+00   0.106286E+02   0.168761E+00   0.111316E+00
 0.538890E+00   0.168383E+00   0.106249E+02   0.170168E+00   0.111892E+00
 0.541701E+00   0.169779E+00   0.106329E+02   0.171596E+00   0.112468E+00
 0.544512E+00   0.171177E+00   0.106381E+02   0.173026E+00   0.113044E+00
 0.547323E+00   0.172572E+00   0.106362E+02   0.174454E+00   0.113620E+00
 0.550134E+00   0.173982E+00   0.106428E+02   0.175897E+00   0.114196E+00
 0.552946E+00   0.175397E+00   0.106486E+02   0.177345E+00   0.114772E+00
 0.555757E+00   0.176812E+00   0.106520E+02   0.178795E+00   0.115348E+00
 0.558568E+00   0.178235E+00   0.106576E+02   0.180252E+00   0.115923E+00
 0.561379E+00   0.179655E+00   0.106578E+02   0.181707E+00   0.116499E+00
 0.564190E+00   0.181091E+00   0.106671E+02   0.183177E+00   0.117074E+00
 0.567002E+00   0.182521E+00   0.106678E+02   0.184643E+00   0.117650E+00
 0.569813E+00   0.183964E+00   0.106751E+02   0.186122E+00   0.118225E+00
 0.572624E+00   0.185405E+00   0.106757E+02   0.187599E+00   0.118800E+00
 0.575435E+00   0.186859E+00   0.106817E+02   0.189090E+00   0.119375E+00
 0.578246E+00   0.188325E+00   0.106912E+02   0.190593E+00   0.119950E+00
 0.581058E+00   0.189792E+00   0.106954E+02   0.192098E+00   0.120525E+00
 0.583869E+00   0.191256E+00   0.106911E+02   0.193601E+00   0.121100E+00
 0.586680E+00   0.192750E+00   0.107032E+02   0.195133E+00   0.121674E+00
 0.589491E+00   0.194242E+00   0.107073E+02   0.196665E+00   0.122249E+00
 0.592302E+00   0.195740E+00   0.107080E+02   0.198203E+00   0.122823E+00
 0.595114E+00   0.197253E+00   0.107142E+02   0.199756E+00   0.123398E+00
 0.597925E+00   0.198769E+00   0.107156E+02   0.201314E+00   0.123972E+00
 0.600736E+00   0.200299E+00   0.107199E+02   0.202885E+00   0.124546E+00
 0.603547E+00   0.201846E+00   0.107316E+02   0.204475E+00   0.125120E+00
 0.606358E+00   0.203393E+00   0.107349E+02   0.206065E+00   0.125694E+00
 0.609169E+00   0.204945E+00   0.107346E+02   0.207660E+00   0.126268E+00
 0.611981E+00   0.206521E+00   0.107455E+02   0.209280E+00   0.126842E+00
 0.614792E+00   0.208086E+00   0.107402E+02   0.210889E+00   0.127415E+00
 0.617603E+00   0.209680E+00   0.107507E+02   0.212530E+00   0.127989E+00
 0.620414E+00   0.211278E+00   0.107555E+02   0.214173E+00   0.128562E+00
 0.623225E+00   0.212889E+00   0.107623E+02   0.215831E+00   0.129135E+00
 0.626037E+00   0.214505E+00   0.107650E+02   0.217494E+00   0.129708E+00
 0.628848E+00   0.216131E+00   0.107665E+02   0.219168E+00   0.130281E+00
 0.631659E+00   0.217769E+00   0.107698E+02   0.220855E+00   0.130854E+00
 0.634470E+00   0.219421E+00   0.107751E+02   0.222556E+00   0.131427E+00
 0.637281E+00   0.221095E+00   0.107885E+02   0.224280E+00   0.132000E+00
 0.640093E+00   0.222765E+00   0.107905E+02   0.226002E+00   0.132573E+00
 0.642904E+00   0.224451E+00   0.107954E+02   0.227739E+00   0.133145E+00
 0.645715E+00   0.226147E+00   0.107992E+02   0.229487E+00   0.133717E+00
 0.648526E+00   0.227861E+00   0.108085E+02   0.231255E+00   0.134290E+00
 0.651337E+00   0.229578E+00   0.108101E+02   0.233026E+00   0.134862E+00
 0.654149E+00   0.231304E+00   0.108099E+02   0.234807E+00   0.135434E+00
 0.656960E+00   0.233061E+00   0.108238E+02   0.236619E+00   0.136006E+00
 0.659771E+00   0.234815E+00   0.108258E+02   0.238429E+00   0.136577E+00
 0.662582E+00   0.236589E+00   0.108339E+02   0.240260E+00   0.137149E+00
 0.665393E+00   0.238373E+00   0.108399E+02   0.242103E+00   0.137721E+00
 0.668205E+00   0.240158E+00   0.108367E+02   0.243946E+00   0.138292E+00
 0.671016E+00   0.241970E+00   0.108452E+02   0.245819E+00   0.138863E+00
 0.673827E+00   0.243794E+00   0.108521E+02   0.247703E+00   0.139435E+00
 0.676638E+00   0.245630E+00   0.108580E+02   0.249601E+00   0.140006E+00
 0.679449E+00   0.247484E+00   0.108684E+02   0.251518E+00   0.140577E+00
 0.682261E+00   0.249346E+00   0.108739E+02   0.253443E+00   0.141147E+00
 0.685072E+00   0.251213E+00   0.108731E+02   0.255375E+00   0.141718E+00
 0.687883E+00   0.253103E+00   0.108791E+02   0.257330E+00   0.142289E+00
 0.690694E+00   0.255004E+00   0.108828E+02   0.259297E+00   0.142859E+00
 0.693505E+00   0.256929E+00   0.108949E+02   0.261290E+00   0.143430E+00
 0.696316E+00   0.258853E+00   0.108949E+02   0.263282E+00   0.144000E+00
 0.699128E+00   0.260800E+00   0.109025E+02   0.265300E+00   0.144570E+00
 0.701939E+00   0.262764E+00   0.109114E+02   0.267334E+00   0.145140E+00
 0.704750E+00   0.264737E+00   0.109156E+02   0.269378E+00   0.145709E+00
 0.707561E+00   0.266719E+00   0.109165E+02   0.271433E+00   0.146279E+00
 0.710372E+00   0.268730E+00   0.109281E+02   0.273518E+00   0.146849E+00
 0.713184E+00   0.270750E+00   0.109350E+02   0.275613E+00   0.147418E+00
 0.715995E+00   0.272777E+00   0.109356E+02   0.277716E+00   0.147987E+00
 0.718806E+00   0.274837E+00   0.109500E+02   0.279853E+00   0.148557E+00
 0.721617E+00   0.276888E+00   0.109462E+02   0.281982E+00   0.149126E+00
 0.724428E+00   0.278970E+00   0.109542E+02   0.284144E+00   0.149694E+00
 0.727240E+00   0.281075E+00   0.109683E+02   0.286330E+00   0.150263E+00
 0.730051E+00   0.283175E+00   0.109657E+02   0.288511E+00   0.150832E+00
 0.732862E+00   0.285311E+00   0.109796E+02   0.290731E+00   0.151400E+00
 0.735673E+00   0.287445E+00   0.109793E+02   0.292949E+00   0.151969E+00
 0.738484E+00   0.289606E+00   0.109877E+02   0.295196E+00   0.152537E+00
 0.741296E+00   0.291790E+00   0.110009E+02   0.297467E+00   0.153105E+00
 0.744107E+00   0.293969E+00   0.109984E+02   0.299734E+00   0.153673E+00
 0.746918E+00   0.296181E+00   0.110091E+02   0.302037E+00   0.154241E+00
 0.749729E+00   0.298408E+00   0.110179E+02   0.304355E+00   0.154808E+00
 0.752540E+00   0.300638E+00   0.110171E+02   0.306677E+00   0.155376E+00
 0.755352E+00   0.302902E+00   0.110285E+02   0.309034E+00   0.155943E+00
 0.758163E+00   0.305179E+00   0.110377E+02   0.311407E+00   0.156510E+00
 0.760974E+00   0.307460E+00   0.110376E+02   0.313785E+00   0.157077E+00
 0.763785E+00   0.309781E+00   0.110542E+02   0.316204E+00   0.157644E+00
 0.766596E+00   0.312102E+00   0.110580E+02   0.318624E+00   0.158211E+00
 0.769408E+00   0.314440E+00   0.110623E+02   0.321064E+00   0.158778E+00
 0.772219E+00   0.316800E+00   0.110694E+02   0.323526E+00   0.159344E+00
 0.775030E+00   0.319173E+00   0.110730E+02   0.326003E+00   0.159910E+00
 0.777841E+00   0.321576E+00   0.110871E+02   0.328513E+00   0.160477E+00
 0.780652E+00   0.323986E+00   0.110919E+02   0.331029E+00   0.161043E+00
 0.783463E+00   0.326415E+00   0.110990E+02   0.333568E+00   0.161608E+00
 0.786275E+00   0.328864E+00   0.111069E+02   0.336128E+00   0.162174E+00
 0.789086E+00   0.331328E+00   0.111126E+02   0.338703E+00   0.162740E+00
 0.791897E+00   0.333819E+00   0.111251E+02   0.341308E+00   0.163305E+00
 0.794708E+00   0.336320E+00   0.111316E+02   0.343925E+00   0.163870E+00
 0.797519E+00   0.338836E+00   0.111363E+02   0.346559E+00   0.164435E+00
 0.800331E+00   0.341372E+00   0.111413E+02   0.349213E+00   0.165000E+00
 0.803142E+00   0.343926E+00   0.111471E+02   0.351889E+00   0.165565E+00
 0.805953E+00   0.346508E+00   0.111590E+02   0.354593E+00   0.166130E+00
 0.808764E+00   0.349102E+00   0.111664E+02   0.357311E+00   0.166694E+00
 0.811575E+00   0.351715E+00   0.111742E+02   0.360051E+00   0.167258E+00
 0.814387E+00   0.354341E+00   0.111776E+02   0.362805E+00   0.167823E+00
 0.817198E+00   0.356988E+00   0.111825E+02   0.365581E+00   0.168387E+00
 0.820009E+00   0.359666E+00   0.111963E+02   0.368392E+00   0.168950E+00
 0.822820E+00   0.362351E+00   0.112014E+02   0.371210E+00   0.169514E+00
 0.825631E+00   0.365058E+00   0.112092E+02   0.374054E+00   0.170077E+00
 0.828443E+00   0.367790E+00   0.112205E+02   0.376924E+00   0.170641E+00
 0.831254E+00   0.370536E+00   0.112281E+02   0.379810E+00   0.171204E+00
 0.834065E+00   0.373304E+00   0.112376E+02   0.382719E+00   0.171767E+00
 0.836876E+00   0.376086E+00   0.112435E+02   0.385645E+00   0.172330E+00
 0.839687E+00   0.378883E+00   0.112461E+02   0.388588E+00   0.172892E+00
 0.842498E+00   0.381706E+00   0.112535E+02   0.391560E+00   0.173455E+00
 0.845310E+00   0.384562E+00   0.112700E+02   0.394566E+00   0.174017E+00
 0.848121E+00   0.387420E+00   0.112742E+02   0.397576E+00   0.174579E+00
 0.850932E+00   0.390299E+00   0.112796E+02   0.400610E+00   0.175141E+00
 0.853743E+00   0.393201E+00   0.112869E+02   0.403669E+00   0.175703E+00
 0.856554E+00   0.396130E+00   0.112992E+02   0.406757E+00   0.176264E+00
 0.859366E+00   0.399080E+00   0.113127E+02   0.409870E+00   0.176826E+00
 0.862177E+00   0.402030E+00   0.113116E+02   0.412983E+00   0.177387E+00
 0.864988E+00   0.405026E+00   0.113290E+02   0.416145E+00   0.177948E+00
 0.867799E+00   0.408026E+00   0.113347E+02   0.419313E+00   0.178509E+00
 0.870610E+00   0.411048E+00   0.113422E+02   0.422507E+00   0.179069E+00
 0.873422E+00   0.414091E+00   0.113499E+02   0.425723E+00   0.179630E+00
 0.876233E+00   0.417151E+00   0.113554E+02   0.428958E+00   0.180190E+00
 0.879044E+00   0.420235E+00   0.113633E+02   0.432220E+00   0.180750E+00
 0.881855E+00   0.423348E+00   0.113779E+02   0.435515E+00   0.181310E+00
 0.884666E+00   0.426476E+00   0.113886E+02   0.438827E+00   0.181870E+00
 0.887478E+00   0.429620E+00   0.113955E+02   0.442156E+00   0.182430E+00
 0.890289E+00   0.432784E+00   0.114027E+02   0.445509E+00   0.182989E+00
 0.893100E+00   0.435967E+00   0.114080E+02   0.448882E+00   0.183548E+00
 0.895911E+00   0.439171E+00   0.114142E+02   0.452280E+00   0.184107E+00
 0.898722E+00   0.442399E+00   0.114232E+02   0.455705E+00   0.184666E+00
 0.901534E+00   0.445659E+00   0.114393E+02   0.459164E+00   0.185224E+00
 0.904345E+00   0.448931E+00   0.114501E+02   0.462639E+00   0.185783E+00
 0.907156E+00   0.452212E+00   0.114523E+02   0.466124E+00   0.186341E+00
 0.909967E+00   0.455532E+00   0.114668E+02   0.469651E+00   0.186899E+00
 0.912778E+00   0.458863E+00   0.114751E+02   0.473193E+00   0.187457E+00
 0.915590E+00   0.462217E+00   0.114848E+02   0.476760E+00   0.188014E+00
 0.918401E+00   0.465592E+00   0.114944E+02   0.480351E+00   0.188572E+00
 0.921212E+00   0.468974E+00   0.114947E+02   0.483951E+00   0.189129E+00
 0.924023E+00   0.472393E+00   0.115061E+02   0.487592E+00   0.189686E+00
 0.926834E+00   0.475832E+00   0.115171E+02   0.491256E+00   0.190243E+00
 0.929645E+00   0.479286E+00   0.115242E+02   0.494938E+00   0.190799E+00
 0.932457E+00   0.482775E+00   0.115403E+02   0.498658E+00   0.191356E+00
 0.935268E+00   0.486273E+00   0.115490E+02   0.502391E+00   0.191912E+00
 0.938079E+00   0.489785E+00   0.115524E+02   0.506139E+00   0.192468E+00
 0.940890E+00   0.493334E+00   0.115675E+02   0.509930E+00   0.193024E+00
 0.943701E+00   0.496896E+00   0.115762E+02   0.513735E+00   0.193579E+00
 0.946513E+00   0.500476E+00   0.115835E+02   0.517561E+00   0.194135E+00
 0.949324E+00   0.504079E+00   0.115928E+02   0.521415E+00   0.194690E+00
 0.952135E+00   0.507705E+00   0.116027E+02   0.525294E+00   0.195245E+00
 0.954946E+00   0.511345E+00   0.116080E+02   0.529189E+00   0.195800E+00
 0.957757E+00   0.515020E+00   0.116231E+02   0.533125E+00   0.196354E+00
 0.960569E+00   0.518705E+00   0.116310E+02   0.537073E+00   0.196908E+00
 0.963380E+00   0.522412E+00   0.116395E+02   0.541047E+00   0.197462E+00
 0.966191E+00   0.526142E+00   0.116496E+02   0.545047E+00   0.198016E+00
 0.969002E+00   0.529893E+00   0.116600E+02   0.549071E+00   0.198570E+00
 0.971813E+00   0.533656E+00   0.116645E+02   0.553111E+00   0.199123E+00
 0.974625E+00   0.537458E+00   0.116807E+02   0.557194E+00   0.199676E+00
 0.977436E+00   0.541270E+00   0.116902E+02   0.561290E+00   0.200229E+00
 0.980247E+00   0.545102E+00   0.116994E+02   0.565410E+00   0.200782E+00
 0.983058E+00   0.548947E+00   0.117029E+02   0.569545E+00   0.201335E+00
 0.985869E+00   0.552825E+00   0.117149E+02   0.573718E+00   0.201887E+00
 0.988681E+00   0.556726E+00   0.117289E+02   0.577918E+00   0.202439E+00
 0.991492E+00   0.560635E+00   0.117340E+02   0.582129E+00   0.202991E+00
 0.994303E+00   0.564569E+00   0.117427E+02   0.586369E+00   0.203542E+00
 0.997114E+00   0.568522E+00   0.117497E+02   0.590631E+00   0.204094E+00
 0.999925E+00   0.572512E+00   0.117683E+02   0.594936E+00   0.204645E+00
 0.100274E+01   0.576508E+00   0.117772E+02   0.599249E+00   0.205196E+00
 0.100555E+01   0.580516E+00   0.117806E+02   0.603577E+00   0.205747E+00
 0.100836E+01   0.584557E+00   0.117927E+02   0.607944E+00   0.206297E+00
 0.101117E+01   0.588619E+00   0.118048E+02   0.612335E+00   0.206847E+00
 0.101398E+01   0.592697E+00   0.118145E+02   0.616746E+00   0.207397E+00
 0.101679E+01   0.596798E+00   0.118262E+02   0.621184E+00   0.207947E+00
 0.101960E+01   0.600914E+00   0.118348E+02   0.625641E+00   0.208496E+00
 0.102241E+01   0.605047E+00   0.118410E+02   0.630118E+00   0.209046E+00
 0.102523E+01   0.609215E+00   0.118575E+02   0.634636E+00   0.209595E+00
 0.102804E+01   0.613390E+00   0.118661E+02   0.639164E+00   0.210143E+00
 0.103085E+01   0.617583E+00   0.118730E+02   0.643714E+00   0.210692E+00
 0.103366E+01   0.621797E+00   0.118809E+02   0.648289E+00   0.211240E+00
 0.103647E+01   0.626032E+00   0.118899E+02   0.652889E+00   0.211788E+00
 0.103928E+01   0.630289E+00   0.119003E+02   0.657516E+00   0.212336E+00
 0.104209E+01   0.634559E+00   0.119070E+02   0.662159E+00   0.212884E+00
 0.104490E+01   0.638853E+00   0.119170E+02   0.666832E+00   0.213431E+00
 0.104772E+01   0.643177E+00   0.119331E+02   0.671539E+00   0.213978E+00
 0.105053E+01   0.647512E+00   0.119443E+02   0.676261E+00   0.214525E+00
 0.105334E+01   0.651867E+00   0.119567E+02   0.681008E+00   0.215071E+00
 0.105615E+01   0.656222E+00   0.119570E+02   0.685757E+00   0.215618E+00
 0.105896E+01   0.660618E+00   0.119711E+02   0.690554E+00   0.216164E+00
 0.106177E+01   0.665022E+00   0.119781E+02   0.695361E+00   0.216709E+00
 0.106458E+01   0.669452E+00   0.119907E+02   0.700200E+00   0.217255E+00
 0.106739E+01   0.673904E+00   0.120052E+02   0.705067E+00   0.217800E+00
 0.107021E+01   0.678369E+00   0.120161E+02   0.709949E+00   0.218345E+00
 0.107302E+01   0.682848E+00   0.120245E+02   0.714850E+00   0.218890E+00
 0.107583E+01   0.687338E+00   0.120285E+02   0.719766E+00   0.219434E+00
 0.107864E+01   0.691861E+00   0.120419E+02   0.724721E+00   0.219979E+00
 0.108145E+01   0.696392E+00   0.120496E+02   0.729688E+00   0.220523E+00
 0.108426E+01   0.700940E+00   0.120570E+02   0.734676E+00   0.221066E+00
 0.108707E+01   0.705511E+00   0.120670E+02   0.739692E+00   0.221610E+00
 0.108988E+01   0.710112E+00   0.120854E+02   0.744745E+00   0.222153E+00
 0.109269E+01   0.714705E+00   0.120878E+02   0.749791E+00   0.222696E+00
 0.109551E+01   0.719337E+00   0.121035E+02   0.754883E+00   0.223239E+00
 0.109832E+01   0.723981E+00   0.121169E+02   0.759992E+00   0.223781E+00
 0.110113E+01   0.728635E+00   0.121256E+02   0.765115E+00   0.224323E+00
 0.110394E+01   0.733306E+00   0.121345E+02   0.770259E+00   0.224865E+00
 0.110675E+01   0.737999E+00   0.121466E+02   0.775431E+00   0.225406E+00
 0.110956E+01   0.742692E+00   0.121486E+02   0.780605E+00   0.225948E+00
 0.111237E+01   0.747415E+00   0.121594E+02   0.785817E+00   0.226489E+00
 0.111518E+01   0.752151E+00   0.121681E+02   0.791046E+00   0.227029E+00
 0.111800E+01   0.756906E+00   0.121783E+02   0.796298E+00   0.227570E+00
 0.112081E+01   0.761680E+00   0.121908E+02   0.801575E+00   0.228110E+00
 0.112362E+01   0.766468E+00   0.122027E+02   0.806872E+00   0.228650E+00
 0.112643E+01   0.771268E+00   0.122118E+02   0.812183E+00   0.229190E+00
 0.112924E+01   0.776084E+00   0.122217E+02   0.817517E+00   0.229729E+00
 0.113205E+01   0.780921E+00   0.122350E+02   0.822877E+00   0.230268E+00
 0.113486E+01   0.785761E+00   0.122410E+02   0.828243E+00   0.230807E+00
 0.113767E+01   0.790616E+00   0.122478E+02   0.833631E+00   0.231345E+00
 0.114048E+01   0.795506E+00   0.122659E+02   0.839059E+00   0.231883E+00
 0.114330E+01   0.800381E+00   0.122672E+02   0.844476E+00   0.232421E+00
 0.114611E+01   0.805298E+00   0.122845E+02   0.849941E+00   0.232959E+00
 0.114892E+01   0.810218E+00   0.122954E+02   0.855414E+00   0.233496E+00
 0.115173E+01   0.815141E+00   0.122993E+02   0.860893E+00   0.234033E+00
 0.115454E+01   0.820089E+00   0.123107E+02   0.866404E+00   0.234570E+00
 0.115735E+01   0.825047E+00   0.123198E+02   0.871930E+00   0.235107E+00
 0.116016E+01   0.830029E+00   0.123347E+02   0.877485E+00   0.235643E+00
 0.116297E+01   0.835002E+00   0.123372E+02   0.883035E+00   0.236179E+00
 0.116579E+01   0.840006E+00   0.123498E+02   0.888622E+00   0.236714E+00
 0.116860E+01   0.845014E+00   0.123576E+02   0.894218E+00   0.237250E+00
 0.117141E+01   0.850039E+00   0.123677E+02   0.899836E+00   0.237785E+00
 0.117422E+01   0.855073E+00   0.123758E+02   0.905468E+00   0.238319E+00
 0.117703E+01   0.860124E+00   0.123871E+02   0.911123E+00   0.238854E+00
 0.117984E+01   0.865178E+00   0.123934E+02   0.916785E+00   0.239388E+00
 0.118265E+01   0.870261E+00   0.124090E+02   0.922483E+00   0.239922E+00
 0.118546E+01   0.875349E+00   0.124208E+02   0.928190E+00   0.240455E+00
 0.118828E+01   0.880432E+00   0.124237E+02   0.933896E+00   0.240989E+00
 0.119109E+01   0.885550E+00   0.124399E+02   0.939645E+00   0.241522E+00
 0.119390E+01   0.890656E+00   0.124428E+02   0.945383E+00   0.242054E+00
 0.119671E+01   0.895790E+00   0.124563E+02   0.951159E+00   0.242586E+00
 0.119952E+01   0.900934E+00   0.124691E+02   0.956948E+00   0.243118E+00
 0.120233E+01   0.906068E+00   0.124700E+02   0.962730E+00   0.243650E+00
 0.120514E+01   0.911227E+00   0.124798E+02   0.968544E+00   0.244182E+00
 0.120795E+01   0.916394E+00   0.124884E+02   0.974371E+00   0.244713E+00
 0.121076E+01   0.921589E+00   0.125073E+02   0.980234E+00   0.245243E+00
 0.121358E+01   0.926769E+00   0.125123E+02   0.986084E+00   0.245774E+00
 0.121639E+01   0.931965E+00   0.125208E+02   0.991955E+00   0.246304E+00
 0.121920E+01   0.937177E+00   0.125334E+02   0.997848E+00   0.246834E+00
 0.122201E+01   0.942383E+00   0.125378E+02   0.100374E+01   0.247364E+00
 0.122482E+01   0.947612E+00   0.125504E+02   0.100966E+01   0.247893E+00
 0.122763E+01   0.952842E+00   0.125585E+02   0.101559E+01   0.248422E+00
 0.123044E+01   0.958074E+00   0.125638E+02   0.102152E+01   0.248950E+00
 0.123325E+01   0.963329E+00   0.125764E+02   0.102748E+01   0.249479E+00
 0.123607E+01   0.968587E+00   0.125873E+02   0.103345E+01   0.250007E+00
 0.123888E+01   0.973856E+00   0.125999E+02   0.103944E+01   0.250534E+00
 0.124169E+01   0.979120E+00   0.126056E+02   0.104543E+01   0.251062E+00
 0.124450E+01   0.984396E+00   0.126137E+02   0.105143E+01   0.251589E+00
 0.124731E+01   0.989681E+00   0.126236E+02   0.105745E+01   0.252115E+00
 0.125012E+01   0.994971E+00   0.126321E+02   0.106347E+01   0.252642E+00
 0.125293E+01   0.100028E+01   0.126452E+02   0.106952E+01   0.253168E+00
 0.125574E+01   0.100558E+01   0.126550E+02   0.107557E+01   0.253694E+00
 0.125856E+01   0.101089E+01   0.126618E+02   0.108163E+01   0.254219E+00
 0.126137E+01   0.101620E+01   0.126729E+02   0.108771E+01   0.254744E+00
 0.126418E+01   0.102152E+01   0.126815E+02   0.109379E+01   0.255269E+00
 0.126699E+01   0.102685E+01   0.126906E+02   0.109989E+01   0.255794E+00
 0.126980E+01   0.103216E+01   0.126911E+02   0.110597E+01   0.256318E+00
 0.127261E+01   0.103750E+01   0.126999E+02   0.111208E+01   0.256842E+00
 0.127542E+01   0.104285E+01   0.127160E+02   0.111822E+01   0.257365E+00
 0.127823E+01   0.104818E+01   0.127173E+02   0.112434E+01   0.257888E+00
 0.128104E+01   0.105354E+01   0.127311E+02   0.113049E+01   0.258411E+00
 0.128386E+01   0.105888E+01   0.127345E+02   0.113663E+01   0.258934E+00
 0.128667E+01   0.106424E+01   0.127438E+02   0.114279E+01   0.259456E+00
 0.128948E+01   0.106961E+01   0.127558E+02   0.114896E+01   0.259978E+00
 0.129229E+01   0.107497E+01   0.127682E+02   0.115515E+01   0.260499E+00
 0.129510E+01   0.108034E+01   0.127755E+02   0.116133E+01   0.261020E+00
 0.129791E+01   0.108571E+01   0.127854E+02   0.116752E+01   0.261541E+00
 0.130072E+01   0.109106E+01   0.127843E+02   0.117370E+01   0.262062E+00
 0.130353E+01   0.109645E+01   0.128028E+02   0.117992E+01   0.262582E+00
 0.130635E+01   0.110182E+01   0.128057E+02   0.118612E+01   0.263102E+00
 0.130916E+01   0.110720E+01   0.128191E+02   0.119235E+01   0.263621E+00
 0.131197E+01   0.111256E+01   0.128180E+02   0.119856E+01   0.264141E+00
 0.131478E+01   0.111795E+01   0.128305E+02   0.120480E+01   0.264659E+00
 0.131759E+01   0.112334E+01   0.128433E+02   0.121104E+01   0.265178E+00
 0.132040E+01   0.112872E+01   0.128503E+02   0.121728E+01   0.265696E+00
 0.132321E+01   0.113410E+01   0.128554E+02   0.122352E+01   0.266214E+00
 0.132602E+01   0.113949E+01   0.128671E+02   0.122978E+01   0.266732E+00
 0.132883E+01   0.114487E+01   0.128749E+02   0.123604E+01   0.267249E+00
 0.133165E+01   0.115025E+01   0.128816E+02   0.124230E+01   0.267766E+00
 0.133446E+01   0.115563E+01   0.128876E+02   0.124856E+01   0.268282E+00
 0.133727E+01   0.116102E+01   0.128949E+02   0.125483E+01   0.268798E+00
 0.134008E+01   0.116641E+01   0.129082E+02   0.126112E+01   0.269314E+00
 0.134289E+01   0.117178E+01   0.129103E+02   0.126739E+01   0.269830E+00
 0.134570E+01   0.117717E+01   0.129226E+02   0.127368E+01   0.270345E+00
 0.134851E+01   0.118255E+01   0.129302E+02   0.127996E+01   0.270860E+00
 0.135132E+01   0.118792E+01   0.129353E+02   0.128625E+01   0.271374E+00
 0.135414E+01   0.119329E+01   0.129386E+02   0.129253E+01   0.271888E+00
 0.135695E+01   0.119867E+01   0.129474E+02   0.129882E+01   0.272402E+00
 0.135976E+01   0.120405E+01   0.129619E+02   0.130513E+01   0.272915E+00
 0.136257E+01   0.120941E+01   0.129631E+02   0.131142E+01   0.273429E+00
 0.136538E+01   0.121479E+01   0.129722E+02   0.131772E+01   0.273941E+00
 0.136819E+01   0.122015E+01   0.129807E+02   0.132402E+01   0.274454E+00
 0.137100E+01   0.122551E+01   0.129856E+02   0.133032E+01   0.274966E+00
 0.137381E+01   0.123087E+01   0.129928E+02   0.133662E+01   0.275478E+00
 0.137663E+01   0.123624E+01   0.130084E+02   0.134295E+01   0.275989E+00
 0.137944E+01   0.124158E+01   0.130079E+02   0.134923E+01   0.276500E+00
 0.138225E+01   0.124694E+01   0.130212E+02   0.135555E+01   0.277011E+00
 0.138506E+01   0.125229E+01   0.130274E+02   0.136186E+01   0.277521E+00
 0.138787E+01   0.125763E+01   0.130344E+02   0.136816E+01   0.278031E+00
 0.139068E+01   0.126297E+01   0.130420E+02   0.137447E+01   0.278541E+00
 0.139349E+01   0.126831E+01   0.130505E+02   0.138078E+01   0.279050E+00
 0.139630E+01   0.127363E+01   0.130557E+02   0.138708E+01   0.279559E+00
 0.139911E+01   0.127896E+01   0.130663E+02   0.139339E+01   0.280067E+00
 0.140193E+01   0.128427E+01   0.130683E+02   0.139968E+01   0.280576E+00
 0.140474E+01   0.128959E+01   0.130757E+02   0.140598E+01   0.281084E+00
 0.140755E+01   0.129491E+01   0.130873E+02   0.141229E+01   0.281591E+00
 0.141036E+01   0.130021E+01   0.130907E+02   0.141858E+01   0.282098E+00
 0.141317E+01   0.130550E+01   0.130967E+02   0.142487E+01   0.282605E+00
 0.141598E+01   0.131079E+01   0.131007E+02   0.143116E+01   0.283112E+00
 0.141879E+01   0.131608E+01   0.131075E+02   0.143745E+01   0.283618E+00
 0.142160E+01   0.132136E+01   0.131162E+02   0.144374E+01   0.284124E+00
 0.142442E+01   0.132665E+01   0.131286E+02   0.145004E+01   0.284629E+00
 0.142723E+01   0.133191E+01   0.131355E+02   0.145632E+01   0.285134E+00
 0.143004E+01   0.133716E+01   0.131341E+02   0.146258E+01   0.285639E+00
 0.143285E+01   0.134241E+01   0.131407E+02   0.146886E+01   0.286143E+00
 0.143566E+01   0.134768E+01   0.131546E+02   0.147515E+01   0.286647E+00
 0.143847E+01   0.135290E+01   0.131544E+02   0.148140E+01   0.287151E+00
 0.144128E+01   0.135814E+01   0.131634E+02   0.148767E+01   0.287654E+00
 0.144409E+01   0.136336E+01   0.131665E+02   0.149392E+01   0.288157E+00
 0.144691E+01   0.136860E+01   0.131811E+02   0.150020E+01   0.288660E+00
 0.144972E+01   0.137380E+01   0.131856E+02   0.150644E+01   0.289162E+00
 0.145253E+01   0.137900E+01   0.131898E+02   0.151268E+01   0.289664E+00
 0.145534E+01   0.138420E+01   0.131984E+02   0.151893E+01   0.290166E+00
 0.145815E+01   0.138937E+01   0.131971E+02   0.152514E+01   0.290667E+00
 0.146096E+01   0.139457E+01   0.132132E+02   0.153140E+01   0.291168E+00
 0.146377E+01   0.139974E+01   0.132181E+02   0.153762E+01   0.291668E+00
 0.146658E+01   0.140489E+01   0.132231E+02   0.154383E+01   0.292168E+00
 0.146939E+01   0.141005E+01   0.132300E+02   0.155005E+01   0.292668E+00
 0.147221E+01   0.141519E+01   0.132371E+02   0.155626E+01   0.293168E+00
 0.147502E+01   0.142032E+01   0.132396E+02   0.156245E+01   0.293667E+00
 0.147783E+01   0.142545E+01   0.132485E+02   0.156865E+01   0.294165E+00
 0.148064E+01   0.143056E+01   0.132507E+02   0.157482E+01   0.294664E+00
 0.148345E+01   0.143568E+01   0.132613E+02   0.158101E+01   0.295162E+00
 0.148626E+01   0.144076E+01   0.132608E+02   0.158717E+01   0.295659E+00
 0.148907E+01   0.144585E+01   0.132671E+02   0.159334E+01   0.296157E+00
 0.149188E+01   0.145092E+01   0.132698E+02   0.159949E+01   0.296654E+00
 0.149470E+01   0.145599E+01   0.132789E+02   0.160565E+01   0.297150E+00
 0.149751E+01   0.146106E+01   0.132901E+02   0.161180E+01   0.297646E+00
 0.150032E+01   0.146610E+01   0.132906E+02   0.161792E+01   0.298142E+00
 0.150313E+01   0.147113E+01   0.132922E+02   0.162404E+01   0.298638E+00
 0.150594E+01   0.147616E+01   0.133023E+02   0.163017E+01   0.299133E+00
 0.150875E+01   0.148118E+01   0.133073E+02   0.163628E+01   0.299628E+00
 0.151156E+01   0.148617E+01   0.133092E+02   0.164237E+01   0.300122E+00
 0.151437E+01   0.149118E+01   0.133188E+02   0.164847E+01   0.300616E+00
 0.151718E+01   0.149617E+01   0.133288E+02   0.165457E+01   0.301110E+00
 0.152000E+01   0.150113E+01   0.133271E+02   0.166062E+01   0.301603E+00
 0.152281E+01   0.150609E+01   0.133348E+02   0.166670E+01   0.302096E+00
 0.152562E+01   0.151105E+01   0.133403E+02   0.167275E+01   0.302589E+00
 0.152843E+01   0.151599E+01   0.133465E+02   0.167880E+01   0.303081E+00
 0.153124E+01   0.152092E+01   0.133531E+02   0.168484E+01   0.303573E+00
 0.153405E+01   0.152583E+01   0.133585E+02   0.169087E+01   0.304065E+00
 0.153686E+01   0.153074E+01   0.133632E+02   0.169689E+01   0.304556E+00
 0.153967E+01   0.153562E+01   0.133620E+02   0.170288E+01   0.305047E+00
 0.154249E+01   0.154051E+01   0.133723E+02   0.170889E+01   0.305537E+00
 0.154530E+01   0.154537E+01   0.133711E+02   0.171486E+01   0.306028E+00
 0.154811E+01   0.155024E+01   0.133819E+02   0.172085E+01   0.306517E+00
 0.155092E+01   0.155509E+01   0.133892E+02   0.172683E+01   0.307007E+00
 0.155373E+01   0.155991E+01   0.133877E+02   0.173277E+01   0.307496E+00
 0.155654E+01   0.156473E+01   0.133917E+02   0.173871E+01   0.307985E+00
 0.155935E+01   0.156955E+01   0.134038E+02   0.174466E+01   0.308473E+00
 0.156216E+01   0.157434E+01   0.134040E+02   0.175058E+01   0.308961E+00
 0.156498E+01   0.157913E+01   0.134137E+02   0.175650E+01   0.309449E+00
 0.156779E+01   0.158391E+01   0.134194E+02   0.176240E+01   0.309936E+00
 0.157060E+01   0.158866E+01   0.134190E+02   0.176828E+01   0.310423E+00
 0.157341E+01   0.159339E+01   0.134189E+02   0.177415E+01   0.310910E+00
 0.157622E+01   0.159814E+01   0.134274E+02   0.178002E+01   0.311396E+00
 0.157903E+01   0.160286E+01   0.134330E+02   0.178588E+01   0.311882E+00
 0.158184E+01   0.160757E+01   0.134400E+02   0.179173E+01   0.312367E+00
 0.158465E+01   0.161227E+01   0.134453E+02   0.179757E+01   0.312852E+00
 0.158746E+01   0.161695E+01   0.134461E+02   0.180338E+01   0.313337E+00
 0.159028E+01   0.162163E+01   0.134554E+02   0.180920E+01   0.313822E+00
 0.159309E+01   0.162627E+01   0.134547E+02   0.181498E+01   0.314306E+00
 0.159590E+01   0.163093E+01   0.134635E+02   0.182077E+01   0.314789E+00
 0.159871E+01   0.163554E+01   0.134611E+02   0.182653E+01   0.315273E+00
 0.160152E+01   0.164015E+01   0.134634E+02   0.183228E+01   0.315756E+00
 0.160433E+01   0.164476E+01   0.134682E+02   0.183803E+01   0.316238E+00
 0.160714E+01   0.164936E+01   0.134761E+02   0.184377E+01   0.316721E+00
 0.160995E+01   0.165393E+01   0.134769E+02   0.184948E+01   0.317203E+00
 0.161277E+01   0.165851E+01   0.134873E+02   0.185521E+01   0.317684E+00
 0.161558E+01   0.166306E+01   0.134917E+02   0.186090E+01   0.318166E+00
 0.161839E+01   0.166760E+01   0.134970E+02   0.186659E+01   0.318646E+00
 0.162120E+01   0.167210E+01   0.134919E+02   0.187223E+01   0.319127E+00
 0.162401E+01   0.167661E+01   0.134967E+02   0.187789E+01   0.319607E+00
 0.162682E+01   0.168112E+01   0.135052E+02   0.188354E+01   0.320087E+00
 0.162963E+01   0.168560E+01   0.135095E+02   0.188917E+01   0.320567E+00
 0.163244E+01   0.169005E+01   0.135073E+02   0.189477E+01   0.321046E+00
 0.163525E+01   0.169452E+01   0.135175E+02   0.190039E+01   0.321524E+00
 0.163807E+01   0.169897E+01   0.135244E+02   0.190599E+01   0.322003E+00
 0.164088E+01   0.170338E+01   0.135192E+02   0.191154E+01   0.322481E+00
 0.164369E+01   0.170780E+01   0.135275E+02   0.191711E+01   0.322959E+00
 0.164650E+01   0.171220E+01   0.135304E+02   0.192266E+01   0.323436E+00
 0.164931E+01   0.171659E+01   0.135382E+02   0.192821E+01   0.323913E+00
 0.165212E+01   0.172096E+01   0.135389E+02   0.193372E+01   0.324390E+00
 0.165493E+01   0.172532E+01   0.135463E+02   0.193923E+01   0.324866E+00
 0.165774E+01   0.172967E+01   0.135491E+02   0.194472E+01   0.325342E+00
 0.166056E+01   0.173400E+01   0.135529E+02   0.195020E+01   0.325817E+00
 0.166337E+01   0.173830E+01   0.135522E+02   0.195566E+01   0.326293E+00
 0.166618E+01   0.174260E+01   0.135524E+02   0.196110E+01   0.326768E+00
 0.166899E+01   0.174688E+01   0.135560E+02   0.196653E+01   0.327242E+00
 0.167180E+01   0.175116E+01   0.135615E+02   0.197196E+01   0.327716E+00
 0.167461E+01   0.175543E+01   0.135702E+02   0.197738E+01   0.328190E+00
 0.167742E+01   0.175967E+01   0.135689E+02   0.198276E+01   0.328664E+00
 0.168023E+01   0.176390E+01   0.135715E+02   0.198814E+01   0.329137E+00
 0.168305E+01   0.176810E+01   0.135708E+02   0.199349E+01   0.329610E+00
 0.168586E+01   0.177232E+01   0.135825E+02   0.199886E+01   0.330082E+00
 0.168867E+01   0.177650E+01   0.135815E+02   0.200419E+01   0.330554E+00
 0.169148E+01   0.178068E+01   0.135845E+02   0.200951E+01   0.331026E+00
 0.169429E+01   0.178483E+01   0.135842E+02   0.201480E+01   0.331497E+00
 0.169710E+01   0.178898E+01   0.135909E+02   0.202011E+01   0.331968E+00
 0.169991E+01   0.179311E+01   0.135948E+02   0.202538E+01   0.332439E+00
 0.170272E+01   0.179722E+01   0.135929E+02   0.203063E+01   0.332909E+00
 0.170553E+01   0.180133E+01   0.136000E+02   0.203589E+01   0.333379E+00
 0.170835E+01   0.180541E+01   0.136006E+02   0.204112E+01   0.333849E+00
 0.171116E+01   0.180949E+01   0.136029E+02   0.204633E+01   0.334318E+00
 0.171397E+01   0.181354E+01   0.136056E+02   0.205153E+01   0.334787E+00
 0.171678E+01   0.181759E+01   0.136100E+02   0.205672E+01   0.335256E+00
 0.171959E+01   0.182162E+01   0.136126E+02   0.206190E+01   0.335724E+00
 0.172240E+01   0.182564E+01   0.136154E+02   0.206705E+01   0.336192E+00
 0.172521E+01   0.182964E+01   0.136174E+02   0.207219E+01   0.336660E+00
 0.172802E+01   0.183363E+01   0.136220E+02   0.207733E+01   0.337127E+00
 0.173084E+01   0.183760E+01   0.136230E+02   0.208243E+01   0.337594E+00
 0.173365E+01   0.184156E+01   0.136257E+02   0.208753E+01   0.338060E+00
 0.173646E+01   0.184552E+01   0.136318E+02   0.209262E+01   0.338527E+00
 0.173927E+01   0.184944E+01   0.136309E+02   0.209768E+01   0.338992E+00
 0.174208E+01   0.185336E+01   0.136340E+02   0.210273E+01   0.339458E+00
 0.174489E+01   0.185726E+01   0.136380E+02   0.210777E+01   0.339923E+00
 0.174770E+01   0.186114E+01   0.136379E+02   0.211279E+01   0.340388E+00
 0.175051E+01   0.186502E+01   0.136407E+02   0.211780E+01   0.340852E+00
 0.175332E+01   0.186890E+01   0.136510E+02   0.212281E+01   0.341316E+00
 0.175614E+01   0.187274E+01   0.136501E+02   0.212778E+01   0.341780E+00
 0.175895E+01   0.187657E+01   0.136552E+02   0.213274E+01   0.342244E+00
 0.176176E+01   0.188039E+01   0.136587E+02   0.213769E+01   0.342707E+00
 0.176457E+01   0.188418E+01   0.136543E+02   0.214260E+01   0.343170E+00
 0.176738E+01   0.188798E+01   0.136606E+02   0.214753E+01   0.343632E+00
 0.177019E+01   0.189175E+01   0.136614E+02   0.215243E+01   0.344094E+00
 0.177300E+01   0.189550E+01   0.136591E+02   0.215730E+01   0.344556E+00
 0.177581E+01   0.189925E+01   0.136624E+02   0.216217E+01   0.345017E+00
 0.177863E+01   0.190298E+01   0.136646E+02   0.216702E+01   0.345478E+00
 0.178144E+01   0.190670E+01   0.136657E+02   0.217186E+01   0.345939E+00
 0.178425E+01   0.191041E+01   0.136715E+02   0.217669E+01   0.346399E+00
 0.178706E+01   0.191411E+01   0.136773E+02   0.218151E+01   0.346860E+00
 0.178987E+01   0.191777E+01   0.136738E+02   0.218629E+01   0.347319E+00
 0.179268E+01   0.192143E+01   0.136758E+02   0.219106E+01   0.347779E+00
 0.179549E+01   0.192508E+01   0.136784E+02   0.219583E+01   0.348238E+00
 0.179830E+01   0.192873E+01   0.136875E+02   0.220060E+01   0.348696E+00
 0.180112E+01   0.193234E+01   0.136823E+02   0.220531E+01   0.349155E+00
 0.180393E+01   0.193594E+01   0.136847E+02   0.221002E+01   0.349613E+00
 0.180674E+01   0.193954E+01   0.136872E+02   0.221473E+01   0.350070E+00
 0.180955E+01   0.194312E+01   0.136900E+02   0.221941E+01   0.350528E+00
 0.181236E+01   0.194670E+01   0.136984E+02   0.222410E+01   0.350985E+00
 0.181517E+01   0.195023E+01   0.136925E+02   0.222874E+01   0.351442E+00
 0.181798E+01   0.195378E+01   0.137013E+02   0.223340E+01   0.351898E+00
 0.182079E+01   0.195729E+01   0.136947E+02   0.223799E+01   0.352354E+00
 0.182360E+01   0.196080E+01   0.136997E+02   0.224261E+01   0.352810E+00
 0.182642E+01   0.196430E+01   0.137035E+02   0.224721E+01   0.353265E+00
 0.182923E+01   0.196779E+01   0.137056E+02   0.225179E+01   0.353720E+00
 0.183204E+01   0.197126E+01   0.137113E+02   0.225637E+01   0.354175E+00
 0.183485E+01   0.197469E+01   0.137031E+02   0.226089E+01   0.354629E+00
 0.183766E+01   0.197815E+01   0.137103E+02   0.226544E+01   0.355083E+00
 0.184047E+01   0.198158E+01   0.137146E+02   0.226996E+01   0.355537E+00
 0.184328E+01   0.198499E+01   0.137119E+02   0.227445E+01   0.355990E+00
 0.184609E+01   0.198839E+01   0.137151E+02   0.227894E+01   0.356443E+00
 0.184891E+01   0.199178E+01   0.137183E+02   0.228342E+01   0.356896E+00
 0.185172E+01   0.199514E+01   0.137162E+02   0.228787E+01   0.357348E+00
 0.185453E+01   0.199851E+01   0.137192E+02   0.229231E+01   0.357800E+00
 0.185734E+01   0.200186E+01   0.137220E+02   0.229674E+01   0.358252E+00
 0.186015E+01   0.200519E+01   0.137236E+02   0.230115E+01   0.358704E+00
 0.186296E+01   0.200852E+01   0.137284E+02   0.230556E+01   0.359155E+00
 0.186577E+01   0.201182E+01   0.137276E+02   0.230994E+01   0.359605E+00
 0.186858E+01   0.201510E+01   0.137251E+02   0.231429E+01   0.360056E+00
 0.187140E+01   0.201839E+01   0.137323E+02   0.231866E+01   0.360506E+00
 0.187421E+01   0.202165E+01   0.137293E+02   0.232298E+01   0.360956E+00
 0.187702E+01   0.202491E+01   0.137313E+02   0.232730E+01   0.361405E+00
 0.187983E+01   0.202815E+01   0.137352E+02   0.233162E+01   0.361854E+00
 0.188264E+01   0.203138E+01   0.137368E+02   0.233591E+01   0.362303E+00
 0.188545E+01   0.203458E+01   0.137315E+02   0.234017E+01   0.362751E+00
 0.188826E+01   0.203778E+01   0.137348E+02   0.234443E+01   0.363200E+00
 0.189107E+01   0.204098E+01   0.137413E+02   0.234870E+01   0.363647E+00
 0.189388E+01   0.204415E+01   0.137371E+02   0.235291E+01   0.364095E+00
 0.189670E+01   0.204732E+01   0.137426E+02   0.235714E+01   0.364542E+00
 0.189951E+01   0.205045E+01   0.137385E+02   0.236132E+01   0.364989E+00
 0.190232E+01   0.205361E+01   0.137464E+02   0.236553E+01   0.365435E+00
 0.190513E+01   0.205673E+01   0.137478E+02   0.236971E+01   0.365882E+00
 0.190794E+01   0.205984E+01   0.137492E+02   0.237386E+01   0.366327E+00
 0.191075E+01   0.206293E+01   0.137472E+02   0.237800E+01   0.366773E+00
 0.191356E+01   0.206601E+01   0.137476E+02   0.238212E+01   0.367218E+00
 0.191637E+01   0.206910E+01   0.137532E+02   0.238625E+01   0.367663E+00
 0.191919E+01   0.207214E+01   0.137488E+02   0.239033E+01   0.368108E+00
 0.192200E+01   0.207520E+01   0.137551E+02   0.239443E+01   0.368552E+00
 0.192481E+01   0.207822E+01   0.137503E+02   0.239848E+01   0.368996E+00
 0.192762E+01   0.208125E+01   0.137524E+02   0.240254E+01   0.369440E+00
 0.193043E+01   0.208427E+01   0.137578E+02   0.240659E+01   0.369883E+00
 0.193324E+01   0.208727E+01   0.137605E+02   0.241062E+01   0.370326E+00
 0.193605E+01   0.209025E+01   0.137588E+02   0.241463E+01   0.370769E+00
 0.193886E+01   0.209322E+01   0.137601E+02   0.241863E+01   0.371211E+00
 0.194167E+01   0.209618E+01   0.137613E+02   0.242261E+01   0.371653E+00
 0.194449E+01   0.209913E+01   0.137635E+02   0.242658E+01   0.372095E+00
 0.194730E+01   0.210205E+01   0.137581E+02   0.243051E+01   0.372536E+00
 0.195011E+01   0.210497E+01   0.137597E+02   0.243446E+01   0.372978E+00
 0.195292E+01   0.210788E+01   0.137601E+02   0.243838E+01   0.373418E+00
 0.195573E+01   0.211079E+01   0.137628E+02   0.244230E+01   0.373859E+00
 0.195854E+01   0.211368E+01   0.137683E+02   0.244621E+01   0.374299E+00
 0.196135E+01   0.211655E+01   0.137673E+02   0.245008E+01   0.374739E+00
 0.196416E+01   0.211942E+01   0.137706E+02   0.245396E+01   0.375178E+00
 0.196698E+01   0.212227E+01   0.137688E+02   0.245780E+01   0.375618E+00
 0.196979E+01   0.212509E+01   0.137641E+02   0.246163E+01   0.376057E+00
 0.197260E+01   0.212792E+01   0.137647E+02   0.246545E+01   0.376495E+00
 0.197541E+01   0.213074E+01   0.137673E+02   0.246927E+01   0.376934E+00
 0.197822E+01   0.213353E+01   0.137665E+02   0.247306E+01   0.377372E+00
 0.198103E+01   0.213633E+01   0.137687E+02   0.247685E+01   0.377809E+00
 0.198384E+01   0.213912E+01   0.137733E+02   0.248063E+01   0.378247E+00
 0.198665E+01   0.214188E+01   0.137702E+02   0.248437E+01   0.378684E+00
 0.198947E+01   0.214463E+01   0.137706E+02   0.248812E+01   0.379121E+00
 0.199228E+01   0.214737E+01   0.137686E+02   0.249183E+01   0.379557E+00
 0.199509E+01   0.215012E+01   0.137771E+02   0.249557E+01   0.379993E+00
 0.199790E+01   0.215284E+01   0.137783E+02   0.249927E+01   0.380429E+00
 0.200071E+01   0.215553E+01   0.137709E+02   0.250294E+01   0.380865E+00
 0.200352E+01   0.215823E+01   0.137732E+02   0.250661E+01   0.381300E+00
 0.200633E+01   0.216091E+01   0.137724E+02   0.251027E+01   0.381735E+00
 0.200914E+01   0.216359E+01   0.137726E+02   0.251391E+01   0.382169E+00
 0.201195E+01   0.216627E+01   0.137813E+02   0.251757E+01   0.382604E+00
 0.201477E+01   0.216892E+01   0.137822E+02   0.252119E+01   0.383038E+00
 0.201758E+01   0.217155E+01   0.137752E+02   0.252477E+01   0.383471E+00
 0.202039E+01   0.217418E+01   0.137759E+02   0.252836E+01   0.383905E+00
 0.202320E+01   0.217681E+01   0.137798E+02   0.253195E+01   0.384338E+00
 0.202601E+01   0.217942E+01   0.137844E+02   0.253553E+01   0.384771E+00
 0.202882E+01   0.218201E+01   0.137803E+02   0.253906E+01   0.385203E+00
 0.203163E+01   0.218458E+01   0.137775E+02   0.254259E+01   0.385635E+00
 0.203444E+01   0.218717E+01   0.137825E+02   0.254613E+01   0.386067E+00
 0.203726E+01   0.218974E+01   0.137848E+02   0.254965E+01   0.386499E+00
 0.204007E+01   0.219228E+01   0.137823E+02   0.255313E+01   0.386930E+00
 0.204288E+01   0.219482E+01   0.137799E+02   0.255661E+01   0.387361E+00
 0.204569E+01   0.219735E+01   0.137811E+02   0.256008E+01   0.387792E+00
 0.204850E+01   0.219988E+01   0.137876E+02   0.256356E+01   0.388222E+00
 0.205131E+01   0.220237E+01   0.137807E+02   0.256698E+01   0.388652E+00
 0.205412E+01   0.220488E+01   0.137823E+02   0.257042E+01   0.389082E+00
 0.205693E+01   0.220736E+01   0.137819E+02   0.257383E+01   0.389512E+00
 0.205975E+01   0.220984E+01   0.137822E+02   0.257724E+01   0.389941E+00
 0.206256E+01   0.221232E+01   0.137881E+02   0.258065E+01   0.390370E+00
 0.206537E+01   0.221476E+01   0.137829E+02   0.258401E+01   0.390798E+00
 0.206818E+01   0.221720E+01   0.137813E+02   0.258737E+01   0.391227E+00
 0.207099E+01   0.221963E+01   0.137815E+02   0.259073E+01   0.391655E+00
 0.207380E+01   0.222206E+01   0.137821E+02   0.259407E+01   0.392083E+00
 0.207661E+01   0.222448E+01   0.137867E+02   0.259741E+01   0.392510E+00
 0.207942E+01   0.222688E+01   0.137832E+02   0.260072E+01   0.392937E+00
 0.208223E+01   0.222927E+01   0.137858E+02   0.260403E+01   0.393364E+00
 0.208505E+01   0.223165E+01   0.137844E+02   0.260731E+01   0.393791E+00
 0.208786E+01   0.223404E+01   0.137906E+02   0.261061E+01   0.394217E+00
 0.209067E+01   0.223639E+01   0.137861E+02   0.261386E+01   0.394643E+00
 0.209348E+01   0.223874E+01   0.137864E+02   0.261712E+01   0.395068E+00
 0.209629E+01   0.224109E+01   0.137876E+02   0.262036E+01   0.395494E+00
 0.209910E+01   0.224342E+01   0.137882E+02   0.262359E+01   0.395919E+00
 0.210191E+01   0.224573E+01   0.137848E+02   0.262679E+01   0.396344E+00
 0.210472E+01   0.224805E+01   0.137872E+02   0.263000E+01   0.396768E+00
 0.210754E+01   0.225035E+01   0.137858E+02   0.263319E+01   0.397193E+00
 0.211035E+01   0.225265E+01   0.137897E+02   0.263638E+01   0.397617E+00
 0.211316E+01   0.225491E+01   0.137842E+02   0.263953E+01   0.398040E+00
 0.211597E+01   0.225719E+01   0.137844E+02   0.264268E+01   0.398464E+00
 0.211878E+01   0.225945E+01   0.137847E+02   0.264582E+01   0.398887E+00
 0.212159E+01   0.226171E+01   0.137874E+02   0.264896E+01   0.399309E+00
 0.212440E+01   0.226395E+01   0.137874E+02   0.265208E+01   0.399732E+00
 0.212721E+01   0.226619E+01   0.137905E+02   0.265520E+01   0.400154E+00
 0.213002E+01   0.226841E+01   0.137908E+02   0.265829E+01   0.400576E+00
 0.213284E+01   0.227061E+01   0.137841E+02   0.266135E+01   0.400998E+00
 0.213565E+01   0.227283E+01   0.137908E+02   0.266444E+01   0.401419E+00
 0.213846E+01   0.227502E+01   0.137908E+02   0.266750E+01   0.401840E+00
 0.214127E+01   0.227719E+01   0.137839E+02   0.267052E+01   0.402261E+00
 0.214408E+01   0.227938E+01   0.137913E+02   0.267358E+01   0.402681E+00
 0.214689E+01   0.228154E+01   0.137893E+02   0.267660E+01   0.403102E+00
 0.214970E+01   0.228369E+01   0.137831E+02   0.267959E+01   0.403522E+00
 0.215251E+01   0.228585E+01   0.137897E+02   0.268261E+01   0.403941E+00
 0.215533E+01   0.228799E+01   0.137907E+02   0.268560E+01   0.404361E+00
 0.215814E+01   0.229011E+01   0.137863E+02   0.268856E+01   0.404780E+00
 0.216095E+01   0.229223E+01   0.137877E+02   0.269153E+01   0.405199E+00
 0.216376E+01   0.229433E+01   0.137841E+02   0.269447E+01   0.405617E+00
 0.216657E+01   0.229644E+01   0.137886E+02   0.269743E+01   0.406035E+00
 0.216938E+01   0.229853E+01   0.137859E+02   0.270035E+01   0.406453E+00
 0.217219E+01   0.230061E+01   0.137869E+02   0.270327E+01   0.406871E+00
 0.217500E+01   0.230270E+01   0.137911E+02   0.270619E+01   0.407289E+00
 0.217782E+01   0.230476E+01   0.137897E+02   0.270908E+01   0.407706E+00
 0.218063E+01   0.230679E+01   0.137813E+02   0.271194E+01   0.408123E+00
 0.218344E+01   0.230884E+01   0.137811E+02   0.271481E+01   0.408539E+00
 0.218625E+01   0.231088E+01   0.137814E+02   0.271767E+01   0.408955E+00
 0.218906E+01   0.231292E+01   0.137839E+02   0.272053E+01   0.409371E+00
 0.219187E+01   0.231493E+01   0.137814E+02   0.272336E+01   0.409787E+00
 0.219468E+01   0.231696E+01   0.137880E+02   0.272622E+01   0.410203E+00
 0.219749E+01   0.231895E+01   0.137834E+02   0.272902E+01   0.410618E+00
 0.220030E+01   0.232095E+01   0.137861E+02   0.273183E+01   0.411033E+00
 0.220312E+01   0.232292E+01   0.137810E+02   0.273461E+01   0.411448E+00
 0.220593E+01   0.232491E+01   0.137835E+02   0.273741E+01   0.411862E+00
 0.220874E+01   0.232687E+01   0.137821E+02   0.274017E+01   0.412276E+00
 0.221155E+01   0.232884E+01   0.137853E+02   0.274295E+01   0.412690E+00
 0.221436E+01   0.233079E+01   0.137848E+02   0.274570E+01   0.413103E+00
 0.221717E+01   0.233273E+01   0.137821E+02   0.274843E+01   0.413517E+00
 0.221998E+01   0.233466E+01   0.137845E+02   0.275117E+01   0.413930E+00
 0.222279E+01   0.233658E+01   0.137792E+02   0.275387E+01   0.414343E+00
 0.222561E+01   0.233850E+01   0.137801E+02   0.275658E+01   0.414755E+00
 0.222842E+01   0.234041E+01   0.137798E+02   0.275928E+01   0.415167E+00
 0.223123E+01   0.234232E+01   0.137839E+02   0.276198E+01   0.415579E+00
 0.223404E+01   0.234419E+01   0.137764E+02   0.276463E+01   0.415991E+00
 0.223685E+01   0.234608E+01   0.137795E+02   0.276731E+01   0.416402E+00
 0.223966E+01   0.234796E+01   0.137785E+02   0.276997E+01   0.416813E+00
 0.224247E+01   0.234982E+01   0.137771E+02   0.277261E+01   0.417224E+00
 0.224528E+01   0.235169E+01   0.137797E+02   0.277525E+01   0.417635E+00
 0.224810E+01   0.235354E+01   0.137779E+02   0.277787E+01   0.418045E+00
 0.225091E+01   0.235537E+01   0.137756E+02   0.278048E+01   0.418455E+00
 0.225372E+01   0.235722E+01   0.137810E+02   0.278310E+01   0.418865E+00
 0.225653E+01   0.235904E+01   0.137776E+02   0.278568E+01   0.419275E+00
 0.225934E+01   0.236087E+01   0.137821E+02   0.278828E+01   0.419684E+00
 0.226215E+01   0.236268E+01   0.137793E+02   0.279085E+01   0.420093E+00
 0.226496E+01   0.236448E+01   0.137790E+02   0.279341E+01   0.420502E+00
 0.226777E+01   0.236628E+01   0.137780E+02   0.279596E+01   0.420910E+00
 0.227058E+01   0.236805E+01   0.137729E+02   0.279849E+01   0.421318E+00
 0.227340E+01   0.236984E+01   0.137736E+02   0.280102E+01   0.421726E+00
 0.227621E+01   0.237160E+01   0.137697E+02   0.280353E+01   0.422134E+00
 0.227902E+01   0.237338E+01   0.137751E+02   0.280606E+01   0.422541E+00
 0.228183E+01   0.237512E+01   0.137689E+02   0.280854E+01   0.422949E+00
 0.228464E+01   0.237688E+01   0.137719E+02   0.281105E+01   0.423355E+00
 0.228745E+01   0.237863E+01   0.137773E+02   0.281355E+01   0.423762E+00
 0.229026E+01   0.238035E+01   0.137702E+02   0.281600E+01   0.424168E+00
 0.229307E+01   0.238208E+01   0.137734E+02   0.281848E+01   0.424575E+00
 0.229589E+01   0.238381E+01   0.137745E+02   0.282094E+01   0.424980E+00
 0.229870E+01   0.238550E+01   0.137662E+02   0.282335E+01   0.425386E+00
 0.230151E+01   0.238721E+01   0.137677E+02   0.282579E+01   0.425791E+00
 0.230432E+01   0.238892E+01   0.137725E+02   0.282823E+01   0.426196E+00
 0.230713E+01   0.239059E+01   0.137643E+02   0.283062E+01   0.426601E+00
 0.230994E+01   0.239227E+01   0.137641E+02   0.283303E+01   0.427006E+00
 0.231275E+01   0.239396E+01   0.137692E+02   0.283544E+01   0.427410E+00
 0.231556E+01   0.239562E+01   0.137691E+02   0.283783E+01   0.427814E+00
 0.231837E+01   0.239728E+01   0.137668E+02   0.284020E+01   0.428218E+00
 0.232119E+01   0.239892E+01   0.137633E+02   0.284256E+01   0.428621E+00
 0.232400E+01   0.240058E+01   0.137691E+02   0.284493E+01   0.429025E+00
 0.232681E+01   0.240222E+01   0.137680E+02   0.284728E+01   0.429428E+00
 0.232962E+01   0.240384E+01   0.137619E+02   0.284960E+01   0.429830E+00
 0.233243E+01   0.240547E+01   0.137654E+02   0.285194E+01   0.430233E+00
 0.233524E+01   0.240708E+01   0.137628E+02   0.285426E+01   0.430635E+00
 0.233805E+01   0.240870E+01   0.137659E+02   0.285658E+01   0.431037E+00
 0.234086E+01   0.241029E+01   0.137597E+02   0.285886E+01   0.431439E+00
 0.234368E+01   0.241189E+01   0.137587E+02   0.286115E+01   0.431840E+00
 0.234649E+01   0.241348E+01   0.137615E+02   0.286345E+01   0.432242E+00
 0.234930E+01   0.241506E+01   0.137575E+02   0.286571E+01   0.432643E+00
 0.235211E+01   0.241664E+01   0.137617E+02   0.286799E+01   0.433043E+00
 0.235492E+01   0.241820E+01   0.137588E+02   0.287024E+01   0.433444E+00
 0.235773E+01   0.241977E+01   0.137598E+02   0.287249E+01   0.433844E+00
 0.236054E+01   0.242131E+01   0.137527E+02   0.287471E+01   0.434244E+00
 0.236335E+01   0.242285E+01   0.137522E+02   0.287694E+01   0.434644E+00
 0.236617E+01   0.242441E+01   0.137570E+02   0.287918E+01   0.435043E+00
 0.236898E+01   0.242593E+01   0.137505E+02   0.288137E+01   0.435443E+00
 0.237179E+01   0.242747E+01   0.137569E+02   0.288359E+01   0.435842E+00
 0.237460E+01   0.242899E+01   0.137544E+02   0.288578E+01   0.436240E+00
 0.237741E+01   0.243050E+01   0.137512E+02   0.288796E+01   0.436639E+00
 0.238022E+01   0.243201E+01   0.137532E+02   0.289014E+01   0.437037E+00
 0.238303E+01   0.243350E+01   0.137462E+02   0.289229E+01   0.437435E+00
 0.238584E+01   0.243501E+01   0.137530E+02   0.289447E+01   0.437833E+00
 0.238865E+01   0.243650E+01   0.137539E+02   0.289663E+01   0.438230E+00
 0.239147E+01   0.243796E+01   0.137456E+02   0.289874E+01   0.438628E+00
 0.239428E+01   0.243944E+01   0.137453E+02   0.290088E+01   0.439025E+00
 0.239709E+01   0.244090E+01   0.137438E+02   0.290300E+01   0.439421E+00
 0.239990E+01   0.244237E+01   0.137443E+02   0.290512E+01   0.439818E+00
 0.240271E+01   0.244384E+01   0.137478E+02   0.290724E+01   0.440214E+00
 0.240552E+01   0.244527E+01   0.137427E+02   0.290933E+01   0.440610E+00
 0.240833E+01   0.244673E+01   0.137469E+02   0.291144E+01   0.441006E+00
 0.241114E+01   0.244816E+01   0.137449E+02   0.291351E+01   0.441401E+00
 0.241396E+01   0.244959E+01   0.137438E+02   0.291559E+01   0.441797E+00
 0.241677E+01   0.245100E+01   0.137376E+02   0.291763E+01   0.442192E+00
 0.241958E+01   0.245243E+01   0.137392E+02   0.291970E+01   0.442587E+00
 0.242239E+01   0.245383E+01   0.137368E+02   0.292174E+01   0.442981E+00
 0.242520E+01   0.245525E+01   0.137416E+02   0.292380E+01   0.443375E+00
 0.242801E+01   0.245666E+01   0.137422E+02   0.292584E+01   0.443770E+00
 0.243082E+01   0.245803E+01   0.137338E+02   0.292784E+01   0.444163E+00
 0.243363E+01   0.245942E+01   0.137335E+02   0.292986E+01   0.444557E+00
 0.243644E+01   0.246082E+01   0.137410E+02   0.293189E+01   0.444950E+00
 0.243926E+01   0.246217E+01   0.137310E+02   0.293386E+01   0.445343E+00
 0.244207E+01   0.246354E+01   0.137298E+02   0.293585E+01   0.445736E+00
 0.244488E+01   0.246491E+01   0.137294E+02   0.293784E+01   0.446129E+00
 0.244769E+01   0.246628E+01   0.137354E+02   0.293984E+01   0.446521E+00
 0.245050E+01   0.246762E+01   0.137279E+02   0.294179E+01   0.446914E+00
 0.245331E+01   0.246897E+01   0.137304E+02   0.294376E+01   0.447305E+00
 0.245612E+01   0.247030E+01   0.137258E+02   0.294570E+01   0.447697E+00
 0.245893E+01   0.247165E+01   0.137299E+02   0.294766E+01   0.448089E+00
 0.246175E+01   0.247298E+01   0.137321E+02   0.294961E+01   0.448480E+00
 0.246456E+01   0.247430E+01   0.137300E+02   0.295153E+01   0.448871E+00
 0.246737E+01   0.247562E+01   0.137311E+02   0.295346E+01   0.449262E+00
 0.247018E+01   0.247693E+01   0.137284E+02   0.295537E+01   0.449652E+00
 0.247299E+01   0.247824E+01   0.137285E+02   0.295728E+01   0.450042E+00
 0.247580E+01   0.247952E+01   0.137226E+02   0.295916E+01   0.450432E+00
 0.247861E+01   0.248083E+01   0.137259E+02   0.296107E+01   0.450822E+00
 0.248142E+01   0.248212E+01   0.137250E+02   0.296295E+01   0.451212E+00
 0.248424E+01   0.248339E+01   0.137213E+02   0.296482E+01   0.451601E+00
 0.248705E+01   0.248468E+01   0.137227E+02   0.296669E+01   0.451990E+00
 0.248986E+01   0.248595E+01   0.137230E+02   0.296856E+01   0.452379E+00
 0.249267E+01   0.248721E+01   0.137199E+02   0.297040E+01   0.452768E+00
 0.249548E+01   0.248847E+01   0.137207E+02   0.297226E+01   0.453156E+00
 0.249829E+01   0.248972E+01   0.137166E+02   0.297408E+01   0.453544E+00
 0.250110E+01   0.249098E+01   0.137178E+02   0.297592E+01   0.453932E+00
 0.250391E+01   0.249222E+01   0.137172E+02   0.297775E+01   0.454320E+00
 0.250672E+01   0.249344E+01   0.137096E+02   0.297954E+01   0.454707E+00
 0.250954E+01   0.249469E+01   0.137131E+02   0.298136E+01   0.455095E+00
 0.251235E+01   0.249592E+01   0.137141E+02   0.298317E+01   0.455482E+00
 0.251516E+01   0.249714E+01   0.137102E+02   0.298496E+01   0.455868E+00
 0.251797E+01   0.249835E+01   0.137098E+02   0.298675E+01   0.456255E+00
 0.252078E+01   0.249957E+01   0.137082E+02   0.298852E+01   0.456641E+00
 0.252359E+01   0.250077E+01   0.137080E+02   0.299030E+01   0.457027E+00
 0.252640E+01   0.250197E+01   0.137063E+02   0.299206E+01   0.457413E+00
 0.252921E+01   0.250317E+01   0.137051E+02   0.299382E+01   0.457799E+00
 0.253203E+01   0.250437E+01   0.137071E+02   0.299558E+01   0.458184E+00
 0.253484E+01   0.250555E+01   0.137053E+02   0.299732E+01   0.458570E+00
 0.253765E+01   0.250673E+01   0.137033E+02   0.299906E+01   0.458955E+00
 0.254046E+01   0.250790E+01   0.137015E+02   0.300079E+01   0.459339E+00
 0.254327E+01   0.250908E+01   0.137038E+02   0.300252E+01   0.459724E+00
 0.254608E+01   0.251025E+01   0.137030E+02   0.300424E+01   0.460108E+00
 0.254889E+01   0.251140E+01   0.136979E+02   0.300593E+01   0.460492E+00
 0.255170E+01   0.251256E+01   0.137008E+02   0.300765E+01   0.460876E+00
 0.255451E+01   0.251370E+01   0.136938E+02   0.300933E+01   0.461260E+00
 0.255733E+01   0.251484E+01   0.136934E+02   0.301102E+01   0.461643E+00
 0.256014E+01   0.251600E+01   0.136975E+02   0.301272E+01   0.462026E+00
 0.256295E+01   0.251713E+01   0.136953E+02   0.301439E+01   0.462409E+00
 0.256576E+01   0.251826E+01   0.136948E+02   0.301606E+01   0.462792E+00
 0.256857E+01   0.251939E+01   0.136941E+02   0.301772E+01   0.463174E+00
 0.257138E+01   0.252050E+01   0.136886E+02   0.301936E+01   0.463557E+00
 0.257419E+01   0.252161E+01   0.136853E+02   0.302100E+01   0.463939E+00
 0.257700E+01   0.252274E+01   0.136919E+02   0.302267E+01   0.464320E+00
 0.257982E+01   0.252385E+01   0.136912E+02   0.302431E+01   0.464702E+00
 0.258263E+01   0.252495E+01   0.136906E+02   0.302594E+01   0.465083E+00
 0.258544E+01   0.252605E+01   0.136908E+02   0.302757E+01   0.465465E+00
 0.258825E+01   0.252713E+01   0.136877E+02   0.302918E+01   0.465846E+00
 0.259106E+01   0.252822E+01   0.136856E+02   0.303078E+01   0.466226E+00
 0.259387E+01   0.252930E+01   0.136853E+02   0.303239E+01   0.466607E+00
 0.259668E+01   0.253036E+01   0.136777E+02   0.303396E+01   0.466987E+00
 0.259949E+01   0.253145E+01   0.136832E+02   0.303557E+01   0.467367E+00
 0.260231E+01   0.253252E+01   0.136814E+02   0.303715E+01   0.467747E+00
 0.260512E+01   0.253357E+01   0.136760E+02   0.303871E+01   0.468127E+00
 0.260793E+01   0.253464E+01   0.136768E+02   0.304029E+01   0.468506E+00
 0.261074E+01   0.253570E+01   0.136799E+02   0.304187E+01   0.468885E+00
 0.261355E+01   0.253674E+01   0.136749E+02   0.304342E+01   0.469264E+00
 0.261636E+01   0.253780E+01   0.136795E+02   0.304499E+01   0.469643E+00
 0.261917E+01   0.253882E+01   0.136684E+02   0.304650E+01   0.470021E+00
 0.262198E+01   0.253986E+01   0.136701E+02   0.304805E+01   0.470400E+00
 0.262479E+01   0.254089E+01   0.136670E+02   0.304957E+01   0.470778E+00
 0.262761E+01   0.254193E+01   0.136727E+02   0.305112E+01   0.471156E+00
 0.263042E+01   0.254294E+01   0.136649E+02   0.305262E+01   0.471533E+00
 0.263323E+01   0.254398E+01   0.136716E+02   0.305416E+01   0.471911E+00
 0.263604E+01   0.254498E+01   0.136672E+02   0.305566E+01   0.472288E+00
 0.263885E+01   0.254600E+01   0.136691E+02   0.305717E+01   0.472665E+00
 0.264166E+01   0.254700E+01   0.136663E+02   0.305866E+01   0.473042E+00
 0.264447E+01   0.254800E+01   0.136630E+02   0.306015E+01   0.473419E+00
 0.264728E+01   0.254899E+01   0.136593E+02   0.306162E+01   0.473795E+00
 0.265010E+01   0.254998E+01   0.136569E+02   0.306309E+01   0.474171E+00
 0.265291E+01   0.255098E+01   0.136616E+02   0.306459E+01   0.474547E+00
 0.265572E+01   0.255195E+01   0.136572E+02   0.306604E+01   0.474923E+00
 0.265853E+01   0.255293E+01   0.136552E+02   0.306750E+01   0.475298E+00
 0.266134E+01   0.255390E+01   0.136526E+02   0.306895E+01   0.475674E+00
 0.266415E+01   0.255489E+01   0.136558E+02   0.307041E+01   0.476049E+00
 0.266696E+01   0.255586E+01   0.136586E+02   0.307187E+01   0.476424E+00
 0.266977E+01   0.255680E+01   0.136492E+02   0.307327E+01   0.476798E+00
 0.267259E+01   0.255778E+01   0.136556E+02   0.307473E+01   0.477173E+00
 0.267540E+01   0.255872E+01   0.136502E+02   0.307614E+01   0.477547E+00
 0.267821E+01   0.255968E+01   0.136509E+02   0.307757E+01   0.477921E+00
 0.268102E+01   0.256063E+01   0.136512E+02   0.307899E+01   0.478295E+00
 0.268383E+01   0.256157E+01   0.136493E+02   0.308039E+01   0.478669E+00
 0.268664E+01   0.256251E+01   0.136490E+02   0.308180E+01   0.479042E+00
 0.268945E+01   0.256343E+01   0.136412E+02   0.308317E+01   0.479416E+00
 0.269226E+01   0.256438E+01   0.136484E+02   0.308459E+01   0.479789E+00
 0.269507E+01   0.256530E+01   0.136471E+02   0.308598E+01   0.480161E+00
 0.269789E+01   0.256623E+01   0.136468E+02   0.308736E+01   0.480534E+00
 0.270070E+01   0.256713E+01   0.136389E+02   0.308871E+01   0.480906E+00
 0.270351E+01   0.256806E+01   0.136446E+02   0.309010E+01   0.481278E+00
 0.270632E+01   0.256897E+01   0.136427E+02   0.309146E+01   0.481650E+00
 0.270913E+01   0.256987E+01   0.136419E+02   0.309282E+01   0.482022E+00
 0.271194E+01   0.257077E+01   0.136401E+02   0.309417E+01   0.482394E+00
 0.271475E+01   0.257167E+01   0.136365E+02   0.309551E+01   0.482765E+00
 0.271756E+01   0.257256E+01   0.136363E+02   0.309685E+01   0.483136E+00
 0.272038E+01   0.257346E+01   0.136377E+02   0.309820E+01   0.483507E+00
 0.272319E+01   0.257434E+01   0.136360E+02   0.309953E+01   0.483878E+00
 0.272600E+01   0.257521E+01   0.136265E+02   0.310082E+01   0.484248E+00
 0.272881E+01   0.257610E+01   0.136328E+02   0.310217E+01   0.484619E+00
 0.273162E+01   0.257697E+01   0.136259E+02   0.310346E+01   0.484989E+00
 0.273443E+01   0.257785E+01   0.136316E+02   0.310479E+01   0.485359E+00
 0.273724E+01   0.257872E+01   0.136300E+02   0.310610E+01   0.485729E+00
 0.274005E+01   0.257958E+01   0.136289E+02   0.310739E+01   0.486098E+00
 0.274286E+01   0.258044E+01   0.136261E+02   0.310868E+01   0.486468E+00
 0.274568E+01   0.258130E+01   0.136245E+02   0.310997E+01   0.486837E+00
 0.274849E+01   0.258215E+01   0.136226E+02   0.311125E+01   0.487206E+00
 0.275130E+01   0.258300E+01   0.136219E+02   0.311253E+01   0.487575E+00
 0.275411E+01   0.258384E+01   0.136214E+02   0.311380E+01   0.487943E+00
 0.275692E+01   0.258469E+01   0.136206E+02   0.311507E+01   0.488312E+00
 0.275973E+01   0.258552E+01   0.136195E+02   0.311633E+01   0.488680E+00
 0.276254E+01   0.258636E+01   0.136199E+02   0.311759E+01   0.489048E+00
 0.276535E+01   0.258719E+01   0.136190E+02   0.311884E+01   0.489415E+00
 0.276817E+01   0.258800E+01   0.136084E+02   0.312005E+01   0.489783E+00
 0.277098E+01   0.258884E+01   0.136166E+02   0.312133E+01   0.490150E+00
 0.277379E+01   0.258966E+01   0.136154E+02   0.312257E+01   0.490517E+00
 0.277660E+01   0.259048E+01   0.136146E+02   0.312380E+01   0.490884E+00
 0.277941E+01   0.259128E+01   0.136062E+02   0.312500E+01   0.491250E+00
 0.278222E+01   0.259209E+01   0.136079E+02   0.312623E+01   0.491617E+00
 0.278503E+01   0.259291E+01   0.136104E+02   0.312746E+01   0.491983E+00
 0.278784E+01   0.259371E+01   0.136088E+02   0.312867E+01   0.492349E+00
 0.279066E+01   0.259451E+01   0.136087E+02   0.312988E+01   0.492714E+00
 0.279347E+01   0.259529E+01   0.135991E+02   0.313105E+01   0.493080E+00
 0.279628E+01   0.259609E+01   0.136001E+02   0.313226E+01   0.493445E+00
 0.279909E+01   0.259688E+01   0.136019E+02   0.313346E+01   0.493810E+00
 0.280190E+01   0.259766E+01   0.135979E+02   0.313464E+01   0.494175E+00
 0.280471E+01   0.259844E+01   0.135947E+02   0.313581E+01   0.494540E+00
 0.280752E+01   0.259923E+01   0.136014E+02   0.313702E+01   0.494905E+00
 0.281033E+01   0.259999E+01   0.135920E+02   0.313816E+01   0.495270E+00
 0.281314E+01   0.260078E+01   0.135988E+02   0.313936E+01   0.495635E+00
