 0.745400E-10   0.000000E+00   0.000000E+00   0.000000E+00   0.158100E-10
 0.300000E-02   0.540618E+00   0.180200E+03   0.545052E+00   0.630476E-03
 0.600000E-02   0.505895E+00   0.172657E+03   0.509946E+00   0.125936E-02
 0.900000E-02   0.472502E+00   0.164644E+03   0.476193E+00   0.188863E-02
 0.120000E-01   0.447513E+00   0.159753E+03   0.450948E+00   0.251787E-02
 0.150000E-01   0.428619E+00   0.156889E+03   0.431865E+00   0.314767E-02
 0.180000E-01   0.408246E+00   0.152884E+03   0.411290E+00   0.377621E-02
 0.210000E-01   0.392994E+00   0.150644E+03   0.395889E+00   0.440321E-02
 0.240000E-01   0.377969E+00   0.148186E+03   0.380718E+00   0.503133E-02
 0.270000E-01   0.363869E+00   0.145846E+03   0.366483E+00   0.566085E-02
 0.300000E-01   0.351513E+00   0.143981E+03   0.354012E+00   0.628998E-02
 0.330000E-01   0.336143E+00   0.140654E+03   0.338497E+00   0.691813E-02
 0.360000E-01   0.331328E+00   0.141577E+03   0.333643E+00   0.754512E-02
 0.390000E-01   0.323589E+00   0.141151E+03   0.325836E+00   0.817103E-02
 0.420000E-01   0.308478E+00   0.137347E+03   0.310586E+00   0.879649E-02
 0.450000E-01   0.298480E+00   0.135431E+03   0.300498E+00   0.942217E-02
 0.480000E-01   0.295749E+00   0.136405E+03   0.297746E+00   0.100482E-01
 0.510000E-01   0.287289E+00   0.134656E+03   0.289210E+00   0.106746E-01
 0.540000E-01   0.280542E+00   0.133460E+03   0.282403E+00   0.113014E-01
 0.570000E-01   0.271996E+00   0.131285E+03   0.273782E+00   0.119284E-01
 0.600000E-01   0.270083E+00   0.131955E+03   0.271854E+00   0.125556E-01
 0.630000E-01   0.262544E+00   0.129955E+03   0.264249E+00   0.131830E-01
 0.660000E-01   0.264966E+00   0.132450E+03   0.266695E+00   0.138106E-01
 0.690000E-01   0.260042E+00   0.131478E+03   0.261728E+00   0.144384E-01
 0.720000E-01   0.260290E+00   0.132881E+03   0.261981E+00   0.150662E-01
 0.750000E-01   0.267723E+00   0.137718E+03   0.269488E+00   0.156941E-01
 0.780000E-01   0.269989E+00   0.140104E+03   0.271778E+00   0.163220E-01
 0.810000E-01   0.268141E+00   0.140478E+03   0.269916E+00   0.169499E-01
 0.840000E-01   0.267911E+00   0.141636E+03   0.269686E+00   0.175778E-01
 0.870000E-01   0.280351E+00   0.149177E+03   0.282243E+00   0.182056E-01
 0.900000E-01   0.281010E+00   0.150864E+03   0.282910E+00   0.188333E-01
 0.930000E-01   0.286242E+00   0.154958E+03   0.288190E+00   0.194608E-01
 0.960000E-01   0.285902E+00   0.156214E+03   0.287850E+00   0.200881E-01
 0.990000E-01   0.281917E+00   0.155575E+03   0.283830E+00   0.207152E-01
 0.102000E+00   0.277142E+00   0.154537E+03   0.279013E+00   0.213421E-01
 0.105000E+00   0.282004E+00   0.158708E+03   0.283924E+00   0.219687E-01
 0.108000E+00   0.280450E+00   0.159508E+03   0.282359E+00   0.225951E-01
 0.111000E+00   0.273543E+00   0.157424E+03   0.275390E+00   0.232213E-01
 0.114000E+00   0.270035E+00   0.157237E+03   0.271853E+00   0.238473E-01
 0.117000E+00   0.273890E+00   0.161219E+03   0.275750E+00   0.244732E-01
 0.120000E+00   0.272100E+00   0.162133E+03   0.273949E+00   0.250990E-01
 0.123000E+00   0.267269E+00   0.161365E+03   0.269076E+00   0.257248E-01
 0.126000E+00   0.264173E+00   0.161620E+03   0.265955E+00   0.263505E-01
 0.129000E+00   0.272419E+00   0.168562E+03   0.274289E+00   0.269762E-01
 0.132000E+00   0.282942E+00   0.177128E+03   0.284916E+00   0.276019E-01
 0.135000E+00   0.276671E+00   0.175709E+03   0.278590E+00   0.282275E-01
 0.138000E+00   0.272408E+00   0.175524E+03   0.274291E+00   0.288532E-01
 0.141000E+00   0.267386E+00   0.174878E+03   0.269225E+00   0.294787E-01
 0.144000E+00   0.261982E+00   0.173989E+03   0.263775E+00   0.301042E-01
 0.147000E+00   0.257256E+00   0.173526E+03   0.259008E+00   0.307297E-01
 0.150000E+00   0.252925E+00   0.173323E+03   0.254641E+00   0.313550E-01
 0.153000E+00   0.249363E+00   0.173640E+03   0.251049E+00   0.319803E-01
 0.156000E+00   0.249961E+00   0.176831E+03   0.251655E+00   0.326055E-01
 0.159000E+00   0.244579E+00   0.175987E+03   0.246227E+00   0.332307E-01
 0.162000E+00   0.233113E+00   0.170807E+03   0.234661E+00   0.338557E-01
 0.165000E+00   0.227728E+00   0.169820E+03   0.229230E+00   0.344807E-01
 0.168000E+00   0.221088E+00   0.167867E+03   0.222533E+00   0.351057E-01
 0.171000E+00   0.220495E+00   0.170382E+03   0.221936E+00   0.357305E-01
 0.174000E+00   0.215960E+00   0.169967E+03   0.217363E+00   0.363553E-01
 0.177000E+00   0.212671E+00   0.170516E+03   0.214048E+00   0.369801E-01
 0.180000E+00   0.208266E+00   0.170166E+03   0.209606E+00   0.376048E-01
 0.183000E+00   0.202214E+00   0.168388E+03   0.203503E+00   0.382294E-01
 0.186000E+00   0.194732E+00   0.165241E+03   0.195957E+00   0.388540E-01
 0.189000E+00   0.189348E+00   0.163751E+03   0.190527E+00   0.394785E-01
 0.192000E+00   0.183233E+00   0.161456E+03   0.184361E+00   0.401030E-01
 0.195000E+00   0.176858E+00   0.158718E+03   0.177932E+00   0.407274E-01
 0.198000E+00   0.171623E+00   0.156872E+03   0.172654E+00   0.413517E-01
 0.201000E+00   0.166048E+00   0.154492E+03   0.167032E+00   0.419759E-01
 0.204000E+00   0.159104E+00   0.150405E+03   0.160029E+00   0.426002E-01
 0.207000E+00   0.155648E+00   0.149825E+03   0.156545E+00   0.432243E-01
 0.210000E+00   0.151641E+00   0.148494E+03   0.152505E+00   0.438484E-01
 0.213000E+00   0.147503E+00   0.146824E+03   0.148332E+00   0.444724E-01
 0.216000E+00   0.143398E+00   0.144975E+03   0.144194E+00   0.450964E-01
 0.219000E+00   0.139033E+00   0.142532E+03   0.139792E+00   0.457203E-01
 0.222000E+00   0.135648E+00   0.141140E+03   0.136380E+00   0.463441E-01
 0.225000E+00   0.132191E+00   0.139418E+03   0.132894E+00   0.469679E-01
 0.228000E+00   0.128476E+00   0.137034E+03   0.129148E+00   0.475917E-01
 0.231000E+00   0.124848E+00   0.134447E+03   0.125490E+00   0.482153E-01
 0.234000E+00   0.121825E+00   0.132513E+03   0.122442E+00   0.488390E-01
 0.237000E+00   0.118629E+00   0.129955E+03   0.119220E+00   0.494625E-01
 0.240000E+00   0.116461E+00   0.128954E+03   0.117034E+00   0.500860E-01
 0.243000E+00   0.114155E+00   0.127451E+03   0.114709E+00   0.507095E-01
 0.246000E+00   0.110851E+00   0.123548E+03   0.111377E+00   0.513329E-01
 0.249000E+00   0.108159E+00   0.120429E+03   0.108663E+00   0.519562E-01
 0.252000E+00   0.106193E+00   0.118559E+03   0.106681E+00   0.525795E-01
 0.255000E+00   0.103749E+00   0.115119E+03   0.104216E+00   0.532027E-01
 0.258000E+00   0.102308E+00   0.113855E+03   0.102764E+00   0.538258E-01
 0.261000E+00   0.100898E+00   0.112400E+03   0.101341E+00   0.544490E-01
 0.264000E+00   0.992614E-01   0.109946E+03   0.996913E-01   0.550720E-01
 0.267000E+00   0.979740E-01   0.108191E+03   0.983931E-01   0.556950E-01
 0.270000E+00   0.965193E-01   0.105499E+03   0.969263E-01   0.563179E-01
 0.273000E+00   0.958524E-01   0.105252E+03   0.962539E-01   0.569408E-01
 0.276000E+00   0.947349E-01   0.103067E+03   0.951271E-01   0.575636E-01
 0.279000E+00   0.942274E-01   0.103028E+03   0.946156E-01   0.581864E-01
 0.282000E+00   0.937751E-01   0.103102E+03   0.941597E-01   0.588091E-01
 0.285000E+00   0.938356E-01   0.105501E+03   0.942212E-01   0.594318E-01
 0.288000E+00   0.933500E-01   0.105323E+03   0.937318E-01   0.600544E-01
 0.291000E+00   0.926662E-01   0.103886E+03   0.930424E-01   0.606769E-01
 0.294000E+00   0.920150E-01   0.102265E+03   0.923858E-01   0.612994E-01
 0.297000E+00   0.913631E-01   0.100220E+03   0.917284E-01   0.619219E-01
 0.300000E+00   0.908995E-01   0.989866E+02   0.912610E-01   0.625443E-01
 0.303000E+00   0.906190E-01   0.987576E+02   0.909783E-01   0.631666E-01
 0.306000E+00   0.902275E-01   0.973930E+02   0.905835E-01   0.637889E-01
 0.309000E+00   0.898393E-01   0.956186E+02   0.901920E-01   0.644111E-01
 0.312000E+00   0.895705E-01   0.944675E+02   0.899210E-01   0.650332E-01
 0.315000E+00   0.894351E-01   0.942629E+02   0.897846E-01   0.656554E-01
 0.318000E+00   0.891289E-01   0.918663E+02   0.894757E-01   0.662774E-01
 0.321000E+00   0.888853E-01   0.895684E+02   0.892301E-01   0.668994E-01
 0.324000E+00   0.886636E-01   0.869175E+02   0.890064E-01   0.675214E-01
 0.327000E+00   0.884709E-01   0.839842E+02   0.888120E-01   0.681432E-01
 0.330000E+00   0.883520E-01   0.814284E+02   0.886922E-01   0.687651E-01
 0.333000E+00   0.882872E-01   0.790783E+02   0.886269E-01   0.693869E-01
 0.336000E+00   0.882799E-01   0.770897E+02   0.886196E-01   0.700086E-01
 0.339000E+00   0.882855E-01   0.747715E+02   0.886254E-01   0.706302E-01
 0.342000E+00   0.883589E-01   0.731671E+02   0.886995E-01   0.712519E-01
 0.345000E+00   0.884444E-01   0.713112E+02   0.887860E-01   0.718734E-01
 0.348000E+00   0.885560E-01   0.694904E+02   0.888987E-01   0.724949E-01
 0.351000E+00   0.887045E-01   0.680139E+02   0.890488E-01   0.731164E-01
 0.354000E+00   0.888575E-01   0.661477E+02   0.892034E-01   0.737377E-01
 0.357000E+00   0.890401E-01   0.645326E+02   0.893879E-01   0.743591E-01
 0.360000E+00   0.892460E-01   0.630693E+02   0.895959E-01   0.749803E-01
 0.363000E+00   0.894716E-01   0.617042E+02   0.898238E-01   0.756016E-01
 0.366000E+00   0.897089E-01   0.602132E+02   0.900636E-01   0.762227E-01
 0.369000E+00   0.899606E-01   0.586884E+02   0.903179E-01   0.768438E-01
 0.372000E+00   0.902286E-01   0.572265E+02   0.905888E-01   0.774649E-01
 0.375000E+00   0.905141E-01   0.559138E+02   0.908773E-01   0.780858E-01
 0.378000E+00   0.908105E-01   0.545080E+02   0.911768E-01   0.787068E-01
 0.381000E+00   0.911215E-01   0.531918E+02   0.914912E-01   0.793276E-01
 0.384000E+00   0.914479E-01   0.520308E+02   0.918211E-01   0.799484E-01
 0.387000E+00   0.917837E-01   0.507678E+02   0.921604E-01   0.805692E-01
 0.390000E+00   0.921339E-01   0.496745E+02   0.925145E-01   0.811899E-01
 0.393000E+00   0.924971E-01   0.487045E+02   0.928816E-01   0.818105E-01
 0.396000E+00   0.928695E-01   0.476693E+02   0.932580E-01   0.824311E-01
 0.399000E+00   0.932601E-01   0.471356E+02   0.936530E-01   0.830516E-01
 0.402000E+00   0.936616E-01   0.467327E+02   0.940589E-01   0.836720E-01
 0.405000E+00   0.940741E-01   0.465054E+02   0.944760E-01   0.842924E-01
 0.408000E+00   0.944892E-01   0.457520E+02   0.948957E-01   0.849128E-01
 0.411000E+00   0.949142E-01   0.450300E+02   0.953255E-01   0.855330E-01
 0.414000E+00   0.953482E-01   0.442535E+02   0.957645E-01   0.861532E-01
 0.417000E+00   0.957920E-01   0.434951E+02   0.962133E-01   0.867734E-01
 0.420000E+00   0.962443E-01   0.426365E+02   0.966709E-01   0.873934E-01
 0.423000E+00   0.967148E-01   0.427220E+02   0.971468E-01   0.880134E-01
 0.426000E+00   0.971916E-01   0.425624E+02   0.976292E-01   0.886334E-01
 0.429000E+00   0.976760E-01   0.421933E+02   0.981193E-01   0.892533E-01
 0.432000E+00   0.981689E-01   0.416870E+02   0.986180E-01   0.898731E-01
 0.435000E+00   0.986729E-01   0.414293E+02   0.991280E-01   0.904928E-01
 0.438000E+00   0.991840E-01   0.407230E+02   0.996452E-01   0.911125E-01
 0.441000E+00   0.997068E-01   0.403827E+02   0.100174E+00   0.917321E-01
 0.444000E+00   0.100240E+00   0.402431E+02   0.100714E+00   0.923517E-01
 0.447000E+00   0.100784E+00   0.403315E+02   0.101265E+00   0.929711E-01
 0.450000E+00   0.101339E+00   0.408013E+02   0.101826E+00   0.935906E-01
 0.453000E+00   0.101901E+00   0.406507E+02   0.102396E+00   0.942099E-01
 0.456000E+00   0.102474E+00   0.405567E+02   0.102976E+00   0.948292E-01
 0.459000E+00   0.103057E+00   0.401673E+02   0.103567E+00   0.954484E-01
 0.462000E+00   0.103652E+00   0.405506E+02   0.104169E+00   0.960675E-01
 0.465000E+00   0.104257E+00   0.404534E+02   0.104781E+00   0.966865E-01
 0.468000E+00   0.104872E+00   0.401424E+02   0.105405E+00   0.973055E-01
 0.471000E+00   0.105499E+00   0.399089E+02   0.106040E+00   0.979244E-01
 0.474000E+00   0.106137E+00   0.392443E+02   0.106686E+00   0.985433E-01
 0.477000E+00   0.106787E+00   0.392106E+02   0.107345E+00   0.991620E-01
 0.480000E+00   0.107448E+00   0.393385E+02   0.108015E+00   0.997807E-01
 0.483000E+00   0.108121E+00   0.394210E+02   0.108697E+00   0.100399E+00
 0.486000E+00   0.108806E+00   0.391528E+02   0.109392E+00   0.101018E+00
 0.489000E+00   0.109504E+00   0.387939E+02   0.110098E+00   0.101636E+00
 0.492000E+00   0.110214E+00   0.383315E+02   0.110818E+00   0.102255E+00
 0.495000E+00   0.110936E+00   0.375346E+02   0.111551E+00   0.102873E+00
 0.498000E+00   0.111671E+00   0.367694E+02   0.112296E+00   0.103491E+00
 0.501000E+00   0.112420E+00   0.360355E+02   0.113055E+00   0.104109E+00
 0.504000E+00   0.113181E+00   0.353340E+02   0.113828E+00   0.104727E+00
 0.507000E+00   0.113956E+00   0.346528E+02   0.114614E+00   0.105345E+00
 0.510000E+00   0.114745E+00   0.340004E+02   0.115414E+00   0.105963E+00
 0.513000E+00   0.115548E+00   0.333705E+02   0.116229E+00   0.106581E+00
 0.516000E+00   0.116365E+00   0.327651E+02   0.117058E+00   0.107199E+00
 0.519000E+00   0.117196E+00   0.321849E+02   0.117901E+00   0.107817E+00
 0.522000E+00   0.118041E+00   0.316165E+02   0.118759E+00   0.108434E+00
 0.525000E+00   0.118901E+00   0.310750E+02   0.119632E+00   0.109052E+00
 0.528000E+00   0.119775E+00   0.305522E+02   0.120520E+00   0.109669E+00
 0.531000E+00   0.120664E+00   0.300440E+02   0.121422E+00   0.110286E+00
 0.534000E+00   0.121567E+00   0.295553E+02   0.122340E+00   0.110903E+00
 0.537000E+00   0.122485E+00   0.290851E+02   0.123272E+00   0.111521E+00
 0.540000E+00   0.123417E+00   0.286215E+02   0.124219E+00   0.112138E+00
 0.543000E+00   0.124364E+00   0.281810E+02   0.125181E+00   0.112755E+00
 0.546000E+00   0.125325E+00   0.277551E+02   0.126158E+00   0.113371E+00
 0.549000E+00   0.126300E+00   0.273416E+02   0.127149E+00   0.113988E+00
 0.552000E+00   0.127289E+00   0.269499E+02   0.128154E+00   0.114605E+00
 0.555000E+00   0.128291E+00   0.265606E+02   0.129173E+00   0.115221E+00
 0.558000E+00   0.129307E+00   0.261869E+02   0.130206E+00   0.115838E+00
 0.561000E+00   0.130336E+00   0.258335E+02   0.131253E+00   0.116454E+00
 0.564000E+00   0.131378E+00   0.254894E+02   0.132313E+00   0.117071E+00
 0.567000E+00   0.132434E+00   0.251460E+02   0.133387E+00   0.117687E+00
 0.570000E+00   0.133504E+00   0.248248E+02   0.134476E+00   0.118303E+00
 0.573000E+00   0.134590E+00   0.245079E+02   0.135581E+00   0.118919E+00
 0.576000E+00   0.135691E+00   0.241983E+02   0.136702E+00   0.119535E+00
 0.579000E+00   0.136807E+00   0.239087E+02   0.137839E+00   0.120150E+00
 0.582000E+00   0.137941E+00   0.236125E+02   0.138993E+00   0.120766E+00
 0.585000E+00   0.139091E+00   0.233335E+02   0.140164E+00   0.121382E+00
 0.588000E+00   0.140259E+00   0.230627E+02   0.141354E+00   0.121997E+00
 0.591000E+00   0.141444E+00   0.227971E+02   0.142562E+00   0.122613E+00
 0.594000E+00   0.142648E+00   0.225448E+02   0.143788E+00   0.123228E+00
 0.597000E+00   0.143869E+00   0.222897E+02   0.145032E+00   0.123843E+00
 0.600000E+00   0.145108E+00   0.220544E+02   0.146295E+00   0.124458E+00
 0.603000E+00   0.146365E+00   0.218171E+02   0.147577E+00   0.125073E+00
 0.606000E+00   0.147641E+00   0.215839E+02   0.148879E+00   0.125688E+00
 0.609000E+00   0.148936E+00   0.213612E+02   0.150199E+00   0.126303E+00
 0.612000E+00   0.150249E+00   0.211373E+02   0.151539E+00   0.126917E+00
 0.615000E+00   0.151581E+00   0.209353E+02   0.152898E+00   0.127532E+00
 0.618000E+00   0.152933E+00   0.207204E+02   0.154278E+00   0.128146E+00
 0.621000E+00   0.154304E+00   0.205273E+02   0.155677E+00   0.128761E+00
 0.624000E+00   0.155695E+00   0.203312E+02   0.157097E+00   0.129375E+00
 0.627000E+00   0.157106E+00   0.201396E+02   0.158538E+00   0.129989E+00
 0.630000E+00   0.158536E+00   0.199509E+02   0.159999E+00   0.130603E+00
 0.633000E+00   0.159988E+00   0.197681E+02   0.161482E+00   0.131217E+00
 0.636000E+00   0.161459E+00   0.195984E+02   0.162986E+00   0.131830E+00
 0.639000E+00   0.162952E+00   0.194255E+02   0.164512E+00   0.132444E+00
 0.642000E+00   0.164466E+00   0.192633E+02   0.166059E+00   0.133057E+00
 0.645000E+00   0.166000E+00   0.190925E+02   0.167628E+00   0.133671E+00
 0.648000E+00   0.167556E+00   0.189415E+02   0.169220E+00   0.134284E+00
 0.651000E+00   0.169134E+00   0.187830E+02   0.170834E+00   0.134897E+00
 0.654000E+00   0.170733E+00   0.186312E+02   0.172471E+00   0.135510E+00
 0.657000E+00   0.172354E+00   0.184839E+02   0.174130E+00   0.136123E+00
 0.660000E+00   0.173997E+00   0.183444E+02   0.175812E+00   0.136736E+00
 0.663000E+00   0.175663E+00   0.182020E+02   0.177518E+00   0.137348E+00
 0.666000E+00   0.177351E+00   0.180689E+02   0.179247E+00   0.137961E+00
 0.669000E+00   0.179061E+00   0.179307E+02   0.180999E+00   0.138573E+00
 0.672000E+00   0.180794E+00   0.178046E+02   0.182775E+00   0.139185E+00
 0.675000E+00   0.182550E+00   0.176771E+02   0.184575E+00   0.139797E+00
 0.678000E+00   0.184329E+00   0.175577E+02   0.186400E+00   0.140409E+00
 0.681000E+00   0.186132E+00   0.174401E+02   0.188248E+00   0.141021E+00
 0.684000E+00   0.187958E+00   0.173209E+02   0.190122E+00   0.141633E+00
 0.687000E+00   0.189807E+00   0.172091E+02   0.192019E+00   0.142244E+00
 0.690000E+00   0.191680E+00   0.170956E+02   0.193942E+00   0.142856E+00
 0.693000E+00   0.193577E+00   0.169911E+02   0.195890E+00   0.143467E+00
 0.696000E+00   0.195498E+00   0.168824E+02   0.197863E+00   0.144078E+00
 0.699000E+00   0.197443E+00   0.167758E+02   0.199861E+00   0.144689E+00
 0.702000E+00   0.199412E+00   0.166767E+02   0.201885E+00   0.145300E+00
 0.705000E+00   0.201406E+00   0.165778E+02   0.203934E+00   0.145911E+00
 0.708000E+00   0.203424E+00   0.164846E+02   0.206009E+00   0.146521E+00
 0.711000E+00   0.205467E+00   0.163957E+02   0.208111E+00   0.147132E+00
 0.714000E+00   0.207535E+00   0.163032E+02   0.210238E+00   0.147742E+00
 0.717000E+00   0.209628E+00   0.162100E+02   0.212392E+00   0.148352E+00
 0.720000E+00   0.211746E+00   0.161232E+02   0.214573E+00   0.148962E+00
 0.723000E+00   0.213889E+00   0.160435E+02   0.216780E+00   0.149572E+00
 0.726000E+00   0.216058E+00   0.159588E+02   0.219013E+00   0.150181E+00
 0.729000E+00   0.218252E+00   0.158796E+02   0.221274E+00   0.150791E+00
 0.732000E+00   0.220471E+00   0.158006E+02   0.223562E+00   0.151400E+00
 0.735000E+00   0.222716E+00   0.157285E+02   0.225877E+00   0.152009E+00
 0.738000E+00   0.224987E+00   0.156506E+02   0.228219E+00   0.152618E+00
 0.741000E+00   0.227284E+00   0.155827E+02   0.230589E+00   0.153227E+00
 0.744000E+00   0.229607E+00   0.155121E+02   0.232986E+00   0.153836E+00
 0.747000E+00   0.231956E+00   0.154447E+02   0.235412E+00   0.154444E+00
 0.750000E+00   0.234331E+00   0.153770E+02   0.237865E+00   0.155053E+00
 0.753000E+00   0.236732E+00   0.153067E+02   0.240346E+00   0.155661E+00
 0.756000E+00   0.239160E+00   0.152406E+02   0.242855E+00   0.156269E+00
 0.759000E+00   0.241614E+00   0.151835E+02   0.245392E+00   0.156877E+00
 0.762000E+00   0.244095E+00   0.151209E+02   0.247958E+00   0.157485E+00
 0.765000E+00   0.246603E+00   0.150613E+02   0.250552E+00   0.158092E+00
 0.768000E+00   0.249137E+00   0.150074E+02   0.253175E+00   0.158699E+00
 0.771000E+00   0.251698E+00   0.149533E+02   0.255827E+00   0.159307E+00
 0.774000E+00   0.254286E+00   0.148948E+02   0.258507E+00   0.159914E+00
 0.777000E+00   0.256901E+00   0.148444E+02   0.261217E+00   0.160521E+00
 0.780000E+00   0.259543E+00   0.147876E+02   0.263955E+00   0.161127E+00
 0.783000E+00   0.262212E+00   0.147349E+02   0.266723E+00   0.161734E+00
 0.786000E+00   0.264908E+00   0.146847E+02   0.269519E+00   0.162340E+00
 0.789000E+00   0.267631E+00   0.146369E+02   0.272345E+00   0.162946E+00
 0.792000E+00   0.270382E+00   0.145889E+02   0.275201E+00   0.163552E+00
 0.795000E+00   0.273160E+00   0.145450E+02   0.278086E+00   0.164158E+00
 0.798000E+00   0.275966E+00   0.145016E+02   0.281000E+00   0.164763E+00
 0.801000E+00   0.278799E+00   0.144570E+02   0.283945E+00   0.165369E+00
 0.804000E+00   0.281659E+00   0.144168E+02   0.286919E+00   0.165974E+00
 0.807000E+00   0.284547E+00   0.143777E+02   0.289923E+00   0.166579E+00
 0.810000E+00   0.287463E+00   0.143405E+02   0.292957E+00   0.167184E+00
 0.813000E+00   0.290406E+00   0.143009E+02   0.296020E+00   0.167789E+00
 0.816000E+00   0.293377E+00   0.142632E+02   0.299114E+00   0.168393E+00
 0.819000E+00   0.296376E+00   0.142206E+02   0.302239E+00   0.168997E+00
 0.822000E+00   0.299403E+00   0.141840E+02   0.305393E+00   0.169601E+00
 0.825000E+00   0.302457E+00   0.141505E+02   0.308578E+00   0.170205E+00
 0.828000E+00   0.305539E+00   0.141174E+02   0.311793E+00   0.170809E+00
 0.831000E+00   0.308649E+00   0.140883E+02   0.315038E+00   0.171412E+00
 0.834000E+00   0.311787E+00   0.140543E+02   0.318314E+00   0.172016E+00
 0.837000E+00   0.314953E+00   0.140242E+02   0.321621E+00   0.172619E+00
 0.840000E+00   0.318146E+00   0.139890E+02   0.324958E+00   0.173221E+00
 0.843000E+00   0.321368E+00   0.139553E+02   0.328326E+00   0.173824E+00
 0.846000E+00   0.324617E+00   0.139352E+02   0.331724E+00   0.174427E+00
 0.849000E+00   0.327895E+00   0.139048E+02   0.335153E+00   0.175029E+00
 0.852000E+00   0.331200E+00   0.138704E+02   0.338613E+00   0.175631E+00
 0.855000E+00   0.334533E+00   0.138444E+02   0.342104E+00   0.176233E+00
 0.858000E+00   0.337895E+00   0.138259E+02   0.345626E+00   0.176834E+00
 0.861000E+00   0.341284E+00   0.137926E+02   0.349179E+00   0.177436E+00
 0.864000E+00   0.344701E+00   0.137725E+02   0.352762E+00   0.178037E+00
 0.867000E+00   0.348146E+00   0.137539E+02   0.356377E+00   0.178638E+00
 0.870000E+00   0.351619E+00   0.137285E+02   0.360023E+00   0.179239E+00
 0.873000E+00   0.355120E+00   0.137013E+02   0.363699E+00   0.179839E+00
 0.876000E+00   0.358649E+00   0.136809E+02   0.367407E+00   0.180440E+00
 0.879000E+00   0.362206E+00   0.136653E+02   0.371146E+00   0.181040E+00
 0.882000E+00   0.365790E+00   0.136442E+02   0.374916E+00   0.181640E+00
 0.885000E+00   0.369403E+00   0.136222E+02   0.378717E+00   0.182239E+00
 0.888000E+00   0.373043E+00   0.136002E+02   0.382549E+00   0.182839E+00
 0.891000E+00   0.376711E+00   0.135847E+02   0.386412E+00   0.183438E+00
 0.894000E+00   0.380407E+00   0.135662E+02   0.390307E+00   0.184037E+00
 0.897000E+00   0.384130E+00   0.135466E+02   0.394232E+00   0.184636E+00
 0.900000E+00   0.387881E+00   0.135296E+02   0.398189E+00   0.185234E+00
 0.903000E+00   0.391660E+00   0.135163E+02   0.402177E+00   0.185832E+00
 0.906000E+00   0.395466E+00   0.134943E+02   0.406196E+00   0.186430E+00
 0.909000E+00   0.399300E+00   0.134787E+02   0.410246E+00   0.187028E+00
 0.912000E+00   0.403161E+00   0.134687E+02   0.414327E+00   0.187626E+00
 0.915000E+00   0.407050E+00   0.134504E+02   0.418440E+00   0.188223E+00
 0.918000E+00   0.410966E+00   0.134396E+02   0.422583E+00   0.188820E+00
 0.921000E+00   0.414910E+00   0.134240E+02   0.426758E+00   0.189417E+00
 0.924000E+00   0.418880E+00   0.134152E+02   0.430964E+00   0.190014E+00
 0.927000E+00   0.422878E+00   0.134039E+02   0.435200E+00   0.190610E+00
 0.930000E+00   0.426903E+00   0.133914E+02   0.439468E+00   0.191206E+00
 0.933000E+00   0.430955E+00   0.133822E+02   0.443767E+00   0.191802E+00
 0.936000E+00   0.435034E+00   0.133696E+02   0.448097E+00   0.192398E+00
 0.939000E+00   0.439140E+00   0.133558E+02   0.452457E+00   0.192993E+00
 0.942000E+00   0.443273E+00   0.133442E+02   0.456849E+00   0.193589E+00
 0.945000E+00   0.447432E+00   0.133358E+02   0.461271E+00   0.194183E+00
 0.948000E+00   0.451618E+00   0.133242E+02   0.465724E+00   0.194778E+00
 0.951000E+00   0.455831E+00   0.133222E+02   0.470208E+00   0.195372E+00
 0.954000E+00   0.460070E+00   0.133083E+02   0.474722E+00   0.195967E+00
 0.957000E+00   0.464335E+00   0.132993E+02   0.479267E+00   0.196561E+00
 0.960000E+00   0.468627E+00   0.132915E+02   0.483843E+00   0.197154E+00
 0.963000E+00   0.472945E+00   0.132887E+02   0.488449E+00   0.197748E+00
 0.966000E+00   0.477289E+00   0.132753E+02   0.493086E+00   0.198341E+00
 0.969000E+00   0.481659E+00   0.132683E+02   0.497753E+00   0.198933E+00
 0.972000E+00   0.486055E+00   0.132649E+02   0.502451E+00   0.199526E+00
 0.975000E+00   0.490476E+00   0.132548E+02   0.507178E+00   0.200118E+00
 0.978000E+00   0.494923E+00   0.132493E+02   0.511936E+00   0.200710E+00
 0.981000E+00   0.499396E+00   0.132500E+02   0.516724E+00   0.201302E+00
 0.984000E+00   0.503894E+00   0.132383E+02   0.521542E+00   0.201894E+00
 0.987000E+00   0.508417E+00   0.132365E+02   0.526390E+00   0.202485E+00
 0.990000E+00   0.512966E+00   0.132258E+02   0.531267E+00   0.203076E+00
 0.993000E+00   0.517539E+00   0.132209E+02   0.536175E+00   0.203667E+00
 0.996000E+00   0.522138E+00   0.132241E+02   0.541112E+00   0.204257E+00
 0.999000E+00   0.526761E+00   0.132209E+02   0.546078E+00   0.204847E+00
 0.100200E+01   0.531408E+00   0.132148E+02   0.551074E+00   0.205437E+00
 0.100500E+01   0.536080E+00   0.132122E+02   0.556100E+00   0.206027E+00
 0.100800E+01   0.540777E+00   0.132041E+02   0.561154E+00   0.206616E+00
 0.101100E+01   0.545497E+00   0.132026E+02   0.566238E+00   0.207205E+00
 0.101400E+01   0.550242E+00   0.132038E+02   0.571351E+00   0.207794E+00
 0.101700E+01   0.555010E+00   0.132011E+02   0.576492E+00   0.208382E+00
 0.102000E+01   0.559802E+00   0.131996E+02   0.581663E+00   0.208971E+00
 0.102300E+01   0.564618E+00   0.131955E+02   0.586862E+00   0.209558E+00
 0.102600E+01   0.569457E+00   0.131959E+02   0.592089E+00   0.210146E+00
 0.102900E+01   0.574319E+00   0.131850E+02   0.597345E+00   0.210733E+00
 0.103200E+01   0.579204E+00   0.131874E+02   0.602629E+00   0.211320E+00
 0.103500E+01   0.584112E+00   0.131839E+02   0.607941E+00   0.211907E+00
 0.103800E+01   0.589043E+00   0.131850E+02   0.613282E+00   0.212494E+00
 0.104100E+01   0.593996E+00   0.131869E+02   0.618650E+00   0.213080E+00
 0.104400E+01   0.598971E+00   0.131793E+02   0.624045E+00   0.213666E+00
 0.104700E+01   0.603969E+00   0.131783E+02   0.629469E+00   0.214251E+00
 0.105000E+01   0.608989E+00   0.131854E+02   0.634919E+00   0.214836E+00
 0.105300E+01   0.614030E+00   0.131855E+02   0.640397E+00   0.215421E+00
 0.105600E+01   0.619093E+00   0.131857E+02   0.645902E+00   0.216006E+00
 0.105900E+01   0.624178E+00   0.131804E+02   0.651434E+00   0.216590E+00
 0.106200E+01   0.629283E+00   0.131801E+02   0.656993E+00   0.217175E+00
 0.106500E+01   0.634410E+00   0.131804E+02   0.662578E+00   0.217758E+00
 0.106800E+01   0.639557E+00   0.131815E+02   0.668189E+00   0.218342E+00
 0.107100E+01   0.644725E+00   0.131822E+02   0.673827E+00   0.218925E+00
 0.107400E+01   0.649914E+00   0.131869E+02   0.679491E+00   0.219508E+00
 0.107700E+01   0.655122E+00   0.131915E+02   0.685180E+00   0.220090E+00
 0.108000E+01   0.660351E+00   0.131858E+02   0.690896E+00   0.220672E+00
 0.108300E+01   0.665599E+00   0.131935E+02   0.696636E+00   0.221254E+00
 0.108600E+01   0.670867E+00   0.131924E+02   0.702402E+00   0.221836E+00
 0.108900E+01   0.676154E+00   0.131956E+02   0.708194E+00   0.222417E+00
 0.109200E+01   0.681460E+00   0.131903E+02   0.714010E+00   0.222998E+00
 0.109500E+01   0.686785E+00   0.131945E+02   0.719850E+00   0.223579E+00
 0.109800E+01   0.692129E+00   0.131945E+02   0.725716E+00   0.224159E+00
 0.110100E+01   0.697491E+00   0.132036E+02   0.731605E+00   0.224739E+00
 0.110400E+01   0.702871E+00   0.132047E+02   0.737519E+00   0.225319E+00
 0.110700E+01   0.708269E+00   0.132037E+02   0.743456E+00   0.225898E+00
 0.111000E+01   0.713685E+00   0.132096E+02   0.749417E+00   0.226477E+00
 0.111300E+01   0.719119E+00   0.132072E+02   0.755402E+00   0.227056E+00
 0.111600E+01   0.724569E+00   0.132114E+02   0.761410E+00   0.227634E+00
 0.111900E+01   0.730037E+00   0.132121E+02   0.767440E+00   0.228212E+00
 0.112200E+01   0.735521E+00   0.132231E+02   0.773494E+00   0.228790E+00
 0.112500E+01   0.741022E+00   0.132202E+02   0.779570E+00   0.229367E+00
 0.112800E+01   0.746539E+00   0.132198E+02   0.785668E+00   0.229944E+00
 0.113100E+01   0.752072E+00   0.132260E+02   0.791789E+00   0.230521E+00
 0.113400E+01   0.757621E+00   0.132303E+02   0.797931E+00   0.231098E+00
 0.113700E+01   0.763186E+00   0.132302E+02   0.804095E+00   0.231674E+00
 0.114000E+01   0.768765E+00   0.132418E+02   0.810280E+00   0.232249E+00
 0.114300E+01   0.774360E+00   0.132399E+02   0.816486E+00   0.232825E+00
 0.114600E+01   0.779969E+00   0.132466E+02   0.822714E+00   0.233400E+00
 0.114900E+01   0.785593E+00   0.132450E+02   0.828961E+00   0.233974E+00
 0.115200E+01   0.791231E+00   0.132489E+02   0.835230E+00   0.234549E+00
 0.115500E+01   0.796883E+00   0.132514E+02   0.841518E+00   0.235123E+00
 0.115800E+01   0.802549E+00   0.132643E+02   0.847826E+00   0.235697E+00
 0.116100E+01   0.808228E+00   0.132591E+02   0.854153E+00   0.236270E+00
 0.116400E+01   0.813920E+00   0.132631E+02   0.860501E+00   0.236843E+00
 0.116700E+01   0.819625E+00   0.132674E+02   0.866867E+00   0.237416E+00
 0.117000E+01   0.825343E+00   0.132773E+02   0.873251E+00   0.237988E+00
 0.117300E+01   0.831073E+00   0.132766E+02   0.879655E+00   0.238560E+00
 0.117600E+01   0.836815E+00   0.132797E+02   0.886077E+00   0.239131E+00
 0.117900E+01   0.842568E+00   0.132906E+02   0.892516E+00   0.239703E+00
 0.118200E+01   0.848334E+00   0.132974E+02   0.898974E+00   0.240274E+00
 0.118500E+01   0.854110E+00   0.133022E+02   0.905448E+00   0.240844E+00
 0.118800E+01   0.859898E+00   0.132993E+02   0.911940E+00   0.241414E+00
 0.119100E+01   0.865696E+00   0.133041E+02   0.918449E+00   0.241984E+00
 0.119400E+01   0.871505E+00   0.133099E+02   0.924975E+00   0.242554E+00
 0.119700E+01   0.877324E+00   0.133143E+02   0.931517E+00   0.243123E+00
 0.120000E+01   0.883152E+00   0.133188E+02   0.938075E+00   0.243692E+00
 0.120300E+01   0.888991E+00   0.133273E+02   0.944648E+00   0.244260E+00
 0.120600E+01   0.894838E+00   0.133258E+02   0.951237E+00   0.244828E+00
 0.120900E+01   0.900694E+00   0.133315E+02   0.957842E+00   0.245396E+00
 0.121200E+01   0.906560E+00   0.133436E+02   0.964461E+00   0.245963E+00
 0.121500E+01   0.912433E+00   0.133415E+02   0.971094E+00   0.246530E+00
 0.121800E+01   0.918315E+00   0.133535E+02   0.977743E+00   0.247097E+00
 0.122100E+01   0.924205E+00   0.133542E+02   0.984405E+00   0.247663E+00
 0.122400E+01   0.930102E+00   0.133614E+02   0.991080E+00   0.248229E+00
 0.122700E+01   0.936006E+00   0.133649E+02   0.997770E+00   0.248794E+00
 0.123000E+01   0.941918E+00   0.133722E+02   0.100447E+01   0.249359E+00
 0.123300E+01   0.947836E+00   0.133758E+02   0.101119E+01   0.249924E+00
 0.123600E+01   0.953761E+00   0.133762E+02   0.101791E+01   0.250489E+00
 0.123900E+01   0.959691E+00   0.133865E+02   0.102465E+01   0.251053E+00
 0.124200E+01   0.965628E+00   0.133896E+02   0.103141E+01   0.251616E+00
 0.124500E+01   0.971571E+00   0.133945E+02   0.103817E+01   0.252180E+00
 0.124800E+01   0.977518E+00   0.134028E+02   0.104495E+01   0.252742E+00
 0.125100E+01   0.983471E+00   0.134039E+02   0.105173E+01   0.253305E+00
 0.125400E+01   0.989429E+00   0.134137E+02   0.105853E+01   0.253867E+00
 0.125700E+01   0.995391E+00   0.134109E+02   0.106534E+01   0.254429E+00
 0.126000E+01   0.100136E+01   0.134170E+02   0.107215E+01   0.254990E+00
 0.126300E+01   0.100733E+01   0.134192E+02   0.107898E+01   0.255551E+00
 0.126600E+01   0.101330E+01   0.134343E+02   0.108582E+01   0.256112E+00
 0.126900E+01   0.101928E+01   0.134382E+02   0.109266E+01   0.256672E+00
 0.127200E+01   0.102526E+01   0.134348E+02   0.109952E+01   0.257232E+00
 0.127500E+01   0.103124E+01   0.134401E+02   0.110638E+01   0.257792E+00
 0.127800E+01   0.103723E+01   0.134469E+02   0.111325E+01   0.258351E+00
 0.128100E+01   0.104321E+01   0.134550E+02   0.112013E+01   0.258910E+00
 0.128400E+01   0.104920E+01   0.134590E+02   0.112702E+01   0.259468E+00
 0.128700E+01   0.105519E+01   0.134699E+02   0.113391E+01   0.260026E+00
 0.129000E+01   0.106119E+01   0.134677E+02   0.114082E+01   0.260584E+00
 0.129300E+01   0.106718E+01   0.134730E+02   0.114773E+01   0.261141E+00
 0.129600E+01   0.107317E+01   0.134834E+02   0.115464E+01   0.261698E+00
 0.129900E+01   0.107917E+01   0.134847E+02   0.116156E+01   0.262254E+00
 0.130200E+01   0.108516E+01   0.134958E+02   0.116849E+01   0.262810E+00
 0.130500E+01   0.109116E+01   0.134987E+02   0.117542E+01   0.263366E+00
 0.130800E+01   0.109716E+01   0.135025E+02   0.118236E+01   0.263921E+00
 0.131100E+01   0.110315E+01   0.135029E+02   0.118930E+01   0.264476E+00
 0.131400E+01   0.110914E+01   0.135091E+02   0.119625E+01   0.265031E+00
 0.131700E+01   0.111514E+01   0.135199E+02   0.120320E+01   0.265585E+00
 0.132000E+01   0.112113E+01   0.135231E+02   0.121016E+01   0.266139E+00
 0.132300E+01   0.112712E+01   0.135266E+02   0.121712E+01   0.266692E+00
 0.132600E+01   0.113311E+01   0.135355E+02   0.122408E+01   0.267245E+00
 0.132900E+01   0.113909E+01   0.135350E+02   0.123105E+01   0.267797E+00
 0.133200E+01   0.114508E+01   0.135387E+02   0.123802E+01   0.268350E+00
 0.133500E+01   0.115106E+01   0.135512E+02   0.124499E+01   0.268901E+00
 0.133800E+01   0.115704E+01   0.135495E+02   0.125197E+01   0.269453E+00
 0.134100E+01   0.116301E+01   0.135580E+02   0.125894E+01   0.270004E+00
 0.134400E+01   0.116898E+01   0.135664E+02   0.126592E+01   0.270554E+00
 0.134700E+01   0.117495E+01   0.135696E+02   0.127290E+01   0.271105E+00
 0.135000E+01   0.118092E+01   0.135784E+02   0.127988E+01   0.271654E+00
 0.135300E+01   0.118688E+01   0.135744E+02   0.128686E+01   0.272204E+00
 0.135600E+01   0.119283E+01   0.135887E+02   0.129384E+01   0.272753E+00
 0.135900E+01   0.119878E+01   0.135872E+02   0.130083E+01   0.273301E+00
 0.136200E+01   0.120473E+01   0.135944E+02   0.130781E+01   0.273850E+00
 0.136500E+01   0.121067E+01   0.136032E+02   0.131479E+01   0.274397E+00
 0.136800E+01   0.121661E+01   0.136069E+02   0.132177E+01   0.274945E+00
 0.137100E+01   0.122254E+01   0.136138E+02   0.132875E+01   0.275492E+00
 0.137400E+01   0.122846E+01   0.136134E+02   0.133573E+01   0.276038E+00
 0.137700E+01   0.123438E+01   0.136153E+02   0.134271E+01   0.276585E+00
 0.138000E+01   0.124030E+01   0.136192E+02   0.134969E+01   0.277130E+00
 0.138300E+01   0.124620E+01   0.136292E+02   0.135666E+01   0.277676E+00
 0.138600E+01   0.125210E+01   0.136337E+02   0.136363E+01   0.278221E+00
 0.138900E+01   0.125800E+01   0.136408E+02   0.137060E+01   0.278765E+00
 0.139200E+01   0.126388E+01   0.136440E+02   0.137757E+01   0.279310E+00
 0.139500E+01   0.126976E+01   0.136514E+02   0.138454E+01   0.279853E+00
 0.139800E+01   0.127563E+01   0.136530E+02   0.139150E+01   0.280397E+00
 0.140100E+01   0.128150E+01   0.136559E+02   0.139845E+01   0.280940E+00
 0.140400E+01   0.128735E+01   0.136603E+02   0.140541E+01   0.281482E+00
 0.140700E+01   0.129320E+01   0.136681E+02   0.141236E+01   0.282024E+00
 0.141000E+01   0.129904E+01   0.136694E+02   0.141930E+01   0.282566E+00
 0.141300E+01   0.130487E+01   0.136725E+02   0.142624E+01   0.283108E+00
 0.141600E+01   0.131069E+01   0.136767E+02   0.143318E+01   0.283648E+00
 0.141900E+01   0.131650E+01   0.136855E+02   0.144011E+01   0.284189E+00
 0.142200E+01   0.132231E+01   0.136899E+02   0.144704E+01   0.284729E+00
 0.142500E+01   0.132810E+01   0.136913E+02   0.145396E+01   0.285269E+00
 0.142800E+01   0.133389E+01   0.137018E+02   0.146087E+01   0.285808E+00
 0.143100E+01   0.133966E+01   0.137014E+02   0.146778E+01   0.286347E+00
 0.143400E+01   0.134543E+01   0.137102E+02   0.147468E+01   0.286886E+00
 0.143700E+01   0.135118E+01   0.137114E+02   0.148158E+01   0.287424E+00
 0.144000E+01   0.135693E+01   0.137196E+02   0.148847E+01   0.287961E+00
 0.144300E+01   0.136266E+01   0.137179E+02   0.149535E+01   0.288499E+00
 0.144600E+01   0.136839E+01   0.137232E+02   0.150222E+01   0.289036E+00
 0.144900E+01   0.137410E+01   0.137291E+02   0.150909E+01   0.289572E+00
 0.145200E+01   0.137980E+01   0.137396E+02   0.151595E+01   0.290108E+00
 0.145500E+01   0.138549E+01   0.137441E+02   0.152280E+01   0.290644E+00
 0.145800E+01   0.139118E+01   0.137477E+02   0.152965E+01   0.291179E+00
 0.146100E+01   0.139684E+01   0.137484E+02   0.153648E+01   0.291714E+00
 0.146400E+01   0.140250E+01   0.137518E+02   0.154331E+01   0.292248E+00
 0.146700E+01   0.140815E+01   0.137558E+02   0.155013E+01   0.292782E+00
 0.147000E+01   0.141378E+01   0.137606E+02   0.155694E+01   0.293316E+00
 0.147300E+01   0.141940E+01   0.137638E+02   0.156374E+01   0.293849E+00
 0.147600E+01   0.142501E+01   0.137709E+02   0.157053E+01   0.294382E+00
 0.147900E+01   0.143061E+01   0.137726E+02   0.157731E+01   0.294914E+00
 0.148200E+01   0.143619E+01   0.137783E+02   0.158409E+01   0.295446E+00
 0.148500E+01   0.144177E+01   0.137790E+02   0.159085E+01   0.295978E+00
 0.148800E+01   0.144732E+01   0.137833E+02   0.159760E+01   0.296509E+00
 0.149100E+01   0.145287E+01   0.137867E+02   0.160434E+01   0.297040E+00
 0.149400E+01   0.145840E+01   0.137933E+02   0.161107E+01   0.297570E+00
 0.149700E+01   0.146393E+01   0.137955E+02   0.161779E+01   0.298100E+00
 0.150000E+01   0.146943E+01   0.138001E+02   0.162450E+01   0.298629E+00
 0.150300E+01   0.147493E+01   0.138034E+02   0.163120E+01   0.299158E+00
 0.150600E+01   0.148041E+01   0.138101E+02   0.163789E+01   0.299687E+00
 0.150900E+01   0.148587E+01   0.138156E+02   0.164457E+01   0.300215E+00
 0.151200E+01   0.149133E+01   0.138160E+02   0.165123E+01   0.300743E+00
 0.151500E+01   0.149676E+01   0.138237E+02   0.165788E+01   0.301271E+00
 0.151800E+01   0.150219E+01   0.138192E+02   0.166453E+01   0.301798E+00
 0.152100E+01   0.150760E+01   0.138293E+02   0.167115E+01   0.302324E+00
 0.152400E+01   0.151300E+01   0.138284E+02   0.167777E+01   0.302850E+00
 0.152700E+01   0.151838E+01   0.138308E+02   0.168438E+01   0.303376E+00
 0.153000E+01   0.152375E+01   0.138390E+02   0.169097E+01   0.303902E+00
 0.153300E+01   0.152910E+01   0.138377E+02   0.169755E+01   0.304427E+00
 0.153600E+01   0.153444E+01   0.138491E+02   0.170411E+01   0.304951E+00
 0.153900E+01   0.153976E+01   0.138509E+02   0.171067E+01   0.305475E+00
 0.154200E+01   0.154507E+01   0.138522E+02   0.171721E+01   0.305999E+00
 0.154500E+01   0.155037E+01   0.138514E+02   0.172374E+01   0.306522E+00
 0.154800E+01   0.155564E+01   0.138569E+02   0.173025E+01   0.307045E+00
 0.155100E+01   0.156091E+01   0.138647E+02   0.173675E+01   0.307568E+00
 0.155400E+01   0.156616E+01   0.138654E+02   0.174324E+01   0.308090E+00
 0.155700E+01   0.157139E+01   0.138650E+02   0.174971E+01   0.308612E+00
 0.156000E+01   0.157661E+01   0.138776E+02   0.175617E+01   0.309133E+00
 0.156300E+01   0.158181E+01   0.138803E+02   0.176261E+01   0.309654E+00
 0.156600E+01   0.158700E+01   0.138783E+02   0.176904E+01   0.310174E+00
 0.156900E+01   0.159217E+01   0.138817E+02   0.177546E+01   0.310694E+00
 0.157200E+01   0.159733E+01   0.138902E+02   0.178186E+01   0.311214E+00
 0.157500E+01   0.160247E+01   0.138936E+02   0.178825E+01   0.311733E+00
 0.157800E+01   0.160759E+01   0.138883E+02   0.179462E+01   0.312252E+00
 0.158100E+01   0.161270E+01   0.138985E+02   0.180098E+01   0.312770E+00
 0.158400E+01   0.161780E+01   0.139031E+02   0.180732E+01   0.313288E+00
 0.158700E+01   0.162287E+01   0.138981E+02   0.181365E+01   0.313806E+00
 0.159000E+01   0.162793E+01   0.139029E+02   0.181996E+01   0.314323E+00
 0.159300E+01   0.163298E+01   0.139107E+02   0.182625E+01   0.314840E+00
 0.159600E+01   0.163801E+01   0.139082E+02   0.183254E+01   0.315356E+00
 0.159900E+01   0.164302E+01   0.139140E+02   0.183880E+01   0.315872E+00
 0.160200E+01   0.164802E+01   0.139168E+02   0.184505E+01   0.316388E+00
 0.160500E+01   0.165300E+01   0.139156E+02   0.185129E+01   0.316903E+00
 0.160800E+01   0.165796E+01   0.139222E+02   0.185751E+01   0.317417E+00
 0.161100E+01   0.166291E+01   0.139240E+02   0.186371E+01   0.317932E+00
 0.161400E+01   0.166784E+01   0.139296E+02   0.186990E+01   0.318446E+00
 0.161700E+01   0.167275E+01   0.139258E+02   0.187607E+01   0.318959E+00
 0.162000E+01   0.167765E+01   0.139283E+02   0.188222E+01   0.319472E+00
 0.162300E+01   0.168253E+01   0.139377E+02   0.188836E+01   0.319985E+00
 0.162600E+01   0.168740E+01   0.139334E+02   0.189448E+01   0.320497E+00
 0.162900E+01   0.169224E+01   0.139377E+02   0.190059E+01   0.321009E+00
 0.163200E+01   0.169707E+01   0.139422E+02   0.190668E+01   0.321521E+00
 0.163500E+01   0.170189E+01   0.139499E+02   0.191275E+01   0.322032E+00
 0.163800E+01   0.170669E+01   0.139466E+02   0.191881E+01   0.322542E+00
 0.164100E+01   0.171147E+01   0.139470E+02   0.192485E+01   0.323053E+00
 0.164400E+01   0.171623E+01   0.139578E+02   0.193087E+01   0.323562E+00
 0.164700E+01   0.172098E+01   0.139534E+02   0.193688E+01   0.324072E+00
 0.165000E+01   0.172571E+01   0.139632E+02   0.194287E+01   0.324581E+00
 0.165300E+01   0.173042E+01   0.139624E+02   0.194884E+01   0.325090E+00
 0.165600E+01   0.173512E+01   0.139588E+02   0.195480E+01   0.325598E+00
 0.165900E+01   0.173980E+01   0.139627E+02   0.196073E+01   0.326106E+00
 0.166200E+01   0.174446E+01   0.139690E+02   0.196666E+01   0.326613E+00
 0.166500E+01   0.174911E+01   0.139682E+02   0.197256E+01   0.327120E+00
 0.166800E+01   0.175374E+01   0.139745E+02   0.197845E+01   0.327627E+00
 0.167100E+01   0.175835E+01   0.139793E+02   0.198432E+01   0.328133E+00
 0.167400E+01   0.176295E+01   0.139754E+02   0.199017E+01   0.328639E+00
 0.167700E+01   0.176753E+01   0.139770E+02   0.199600E+01   0.329144E+00
 0.168000E+01   0.177209E+01   0.139833E+02   0.200182E+01   0.329649E+00
 0.168300E+01   0.177663E+01   0.139862E+02   0.200762E+01   0.330154E+00
 0.168600E+01   0.178116E+01   0.139833E+02   0.201340E+01   0.330658E+00
 0.168900E+01   0.178567E+01   0.139852E+02   0.201917E+01   0.331162E+00
 0.169200E+01   0.179016E+01   0.139902E+02   0.202491E+01   0.331665E+00
 0.169500E+01   0.179464E+01   0.139949E+02   0.203064E+01   0.332168E+00
 0.169800E+01   0.179910E+01   0.139957E+02   0.203636E+01   0.332671E+00
 0.170100E+01   0.180354E+01   0.139913E+02   0.204205E+01   0.333173E+00
 0.170400E+01   0.180797E+01   0.140022E+02   0.204773E+01   0.333675E+00
 0.170700E+01   0.181238E+01   0.139977E+02   0.205339E+01   0.334176E+00
 0.171000E+01   0.181677E+01   0.140059E+02   0.205903E+01   0.334677E+00
 0.171300E+01   0.182114E+01   0.140068E+02   0.206465E+01   0.335178E+00
 0.171600E+01   0.182550E+01   0.140002E+02   0.207025E+01   0.335678E+00
 0.171900E+01   0.182984E+01   0.140079E+02   0.207584E+01   0.336178E+00
 0.172200E+01   0.183416E+01   0.140048E+02   0.208141E+01   0.336677E+00
 0.172500E+01   0.183847E+01   0.140151E+02   0.208696E+01   0.337176E+00
 0.172800E+01   0.184276E+01   0.140106E+02   0.209249E+01   0.337675E+00
 0.173100E+01   0.184703E+01   0.140176E+02   0.209801E+01   0.338173E+00
 0.173400E+01   0.185129E+01   0.140173E+02   0.210351E+01   0.338671E+00
 0.173700E+01   0.185553E+01   0.140128E+02   0.210899E+01   0.339168E+00
 0.174000E+01   0.185975E+01   0.140198E+02   0.211445E+01   0.339666E+00
 0.174300E+01   0.186395E+01   0.140243E+02   0.211989E+01   0.340162E+00
 0.174600E+01   0.186814E+01   0.140240E+02   0.212532E+01   0.340658E+00
 0.174900E+01   0.187231E+01   0.140275E+02   0.213072E+01   0.341154E+00
 0.175200E+01   0.187647E+01   0.140213E+02   0.213611E+01   0.341650E+00
 0.175500E+01   0.188061E+01   0.140271E+02   0.214148E+01   0.342145E+00
 0.175800E+01   0.188473E+01   0.140254E+02   0.214684E+01   0.342640E+00
 0.176100E+01   0.188883E+01   0.140317E+02   0.215217E+01   0.343134E+00
 0.176400E+01   0.189292E+01   0.140268E+02   0.215749E+01   0.343628E+00
 0.176700E+01   0.189699E+01   0.140297E+02   0.216279E+01   0.344121E+00
 0.177000E+01   0.190104E+01   0.140335E+02   0.216807E+01   0.344615E+00
 0.177300E+01   0.190508E+01   0.140378E+02   0.217333E+01   0.345107E+00
 0.177600E+01   0.190910E+01   0.140362E+02   0.217857E+01   0.345600E+00
 0.177900E+01   0.191311E+01   0.140414E+02   0.218380E+01   0.346092E+00
 0.178200E+01   0.191710E+01   0.140377E+02   0.218901E+01   0.346583E+00
 0.178500E+01   0.192107E+01   0.140393E+02   0.219420E+01   0.347074E+00
 0.178800E+01   0.192502E+01   0.140375E+02   0.219937E+01   0.347565E+00
 0.179100E+01   0.192896E+01   0.140407E+02   0.220452E+01   0.348056E+00
 0.179400E+01   0.193288E+01   0.140403E+02   0.220966E+01   0.348546E+00
 0.179700E+01   0.193679E+01   0.140452E+02   0.221477E+01   0.349035E+00
 0.180000E+01   0.194068E+01   0.140450E+02   0.221987E+01   0.349525E+00
 0.180300E+01   0.194455E+01   0.140496E+02   0.222495E+01   0.350014E+00
 0.180600E+01   0.194841E+01   0.140514E+02   0.223002E+01   0.350502E+00
 0.180900E+01   0.195225E+01   0.140547E+02   0.223506E+01   0.350990E+00
 0.181200E+01   0.195607E+01   0.140486E+02   0.224009E+01   0.351478E+00
 0.181500E+01   0.195988E+01   0.140528E+02   0.224510E+01   0.351965E+00
 0.181800E+01   0.196367E+01   0.140504E+02   0.225009E+01   0.352452E+00
 0.182100E+01   0.196744E+01   0.140527E+02   0.225506E+01   0.352939E+00
 0.182400E+01   0.197120E+01   0.140557E+02   0.226001E+01   0.353425E+00
 0.182700E+01   0.197495E+01   0.140585E+02   0.226495E+01   0.353911E+00
 0.183000E+01   0.197867E+01   0.140604E+02   0.226987E+01   0.354396E+00
 0.183300E+01   0.198239E+01   0.140584E+02   0.227477E+01   0.354881E+00
 0.183600E+01   0.198608E+01   0.140575E+02   0.227965E+01   0.355366E+00
 0.183900E+01   0.198976E+01   0.140633E+02   0.228452E+01   0.355850E+00
 0.184200E+01   0.199342E+01   0.140619E+02   0.228937E+01   0.356334E+00
 0.184500E+01   0.199707E+01   0.140575E+02   0.229420E+01   0.356818E+00
 0.184800E+01   0.200070E+01   0.140604E+02   0.229901E+01   0.357301E+00
 0.185100E+01   0.200432E+01   0.140630E+02   0.230380E+01   0.357784E+00
 0.185400E+01   0.200792E+01   0.140646E+02   0.230858E+01   0.358266E+00
 0.185700E+01   0.201151E+01   0.140671E+02   0.231334E+01   0.358748E+00
 0.186000E+01   0.201507E+01   0.140673E+02   0.231808E+01   0.359230E+00
 0.186300E+01   0.201863E+01   0.140701E+02   0.232280E+01   0.359711E+00
 0.186600E+01   0.202217E+01   0.140629E+02   0.232750E+01   0.360192E+00
 0.186900E+01   0.202569E+01   0.140639E+02   0.233219E+01   0.360673E+00
 0.187200E+01   0.202920E+01   0.140728E+02   0.233686E+01   0.361153E+00
 0.187500E+01   0.203269E+01   0.140701E+02   0.234151E+01   0.361633E+00
 0.187800E+01   0.203617E+01   0.140714E+02   0.234615E+01   0.362112E+00
 0.188100E+01   0.203963E+01   0.140717E+02   0.235076E+01   0.362591E+00
 0.188400E+01   0.204307E+01   0.140726E+02   0.235536E+01   0.363070E+00
 0.188700E+01   0.204650E+01   0.140758E+02   0.235995E+01   0.363548E+00
 0.189000E+01   0.204992E+01   0.140680E+02   0.236451E+01   0.364026E+00
 0.189300E+01   0.205332E+01   0.140759E+02   0.236906E+01   0.364504E+00
 0.189600E+01   0.205670E+01   0.140767E+02   0.237359E+01   0.364981E+00
 0.189900E+01   0.206008E+01   0.140687E+02   0.237810E+01   0.365458E+00
 0.190200E+01   0.206343E+01   0.140719E+02   0.238260E+01   0.365935E+00
 0.190500E+01   0.206677E+01   0.140736E+02   0.238707E+01   0.366411E+00
 0.190800E+01   0.207010E+01   0.140712E+02   0.239154E+01   0.366886E+00
 0.191100E+01   0.207341E+01   0.140778E+02   0.239598E+01   0.367362E+00
 0.191400E+01   0.207670E+01   0.140802E+02   0.240040E+01   0.367837E+00
 0.191700E+01   0.207999E+01   0.140717E+02   0.240481E+01   0.368311E+00
 0.192000E+01   0.208325E+01   0.140760E+02   0.240921E+01   0.368786E+00
 0.192300E+01   0.208650E+01   0.140752E+02   0.241358E+01   0.369260E+00
 0.192600E+01   0.208974E+01   0.140814E+02   0.241794E+01   0.369733E+00
 0.192900E+01   0.209296E+01   0.140810E+02   0.242228E+01   0.370206E+00
 0.193200E+01   0.209617E+01   0.140746E+02   0.242660E+01   0.370679E+00
 0.193500E+01   0.209937E+01   0.140744E+02   0.243091E+01   0.371152E+00
 0.193800E+01   0.210255E+01   0.140814E+02   0.243520E+01   0.371624E+00
 0.194100E+01   0.210571E+01   0.140760E+02   0.243948E+01   0.372096E+00
 0.194400E+01   0.210886E+01   0.140745E+02   0.244373E+01   0.372567E+00
 0.194700E+01   0.211200E+01   0.140800E+02   0.244797E+01   0.373038E+00
 0.195000E+01   0.211512E+01   0.140814E+02   0.245220E+01   0.373509E+00
 0.195300E+01   0.211823E+01   0.140828E+02   0.245640E+01   0.373979E+00
 0.195600E+01   0.212133E+01   0.140779E+02   0.246059E+01   0.374449E+00
 0.195900E+01   0.212441E+01   0.140785E+02   0.246477E+01   0.374919E+00
 0.196200E+01   0.212747E+01   0.140809E+02   0.246892E+01   0.375388E+00
 0.196500E+01   0.213053E+01   0.140783E+02   0.247306E+01   0.375857E+00
 0.196800E+01   0.213357E+01   0.140760E+02   0.247719E+01   0.376325E+00
 0.197100E+01   0.213659E+01   0.140812E+02   0.248130E+01   0.376794E+00
 0.197400E+01   0.213960E+01   0.140827E+02   0.248539E+01   0.377261E+00
 0.197700E+01   0.214260E+01   0.140840E+02   0.248946E+01   0.377729E+00
 0.198000E+01   0.214558E+01   0.140787E+02   0.249352E+01   0.378196E+00
 0.198300E+01   0.214855E+01   0.140811E+02   0.249756E+01   0.378663E+00
 0.198600E+01   0.215151E+01   0.140759E+02   0.250159E+01   0.379129E+00
 0.198900E+01   0.215445E+01   0.140775E+02   0.250560E+01   0.379595E+00
 0.199200E+01   0.215738E+01   0.140785E+02   0.250959E+01   0.380061E+00
 0.199500E+01   0.216030E+01   0.140821E+02   0.251357E+01   0.380526E+00
 0.199800E+01   0.216320E+01   0.140812E+02   0.251753E+01   0.380991E+00
 0.200100E+01   0.216609E+01   0.140787E+02   0.252148E+01   0.381456E+00
 0.200400E+01   0.216897E+01   0.140837E+02   0.252541E+01   0.381920E+00
 0.200700E+01   0.217183E+01   0.140844E+02   0.252932E+01   0.382384E+00
 0.201000E+01   0.217468E+01   0.140757E+02   0.253322E+01   0.382848E+00
 0.201300E+01   0.217752E+01   0.140779E+02   0.253710E+01   0.383311E+00
 0.201600E+01   0.218034E+01   0.140821E+02   0.254097E+01   0.383774E+00
 0.201900E+01   0.218315E+01   0.140785E+02   0.254482E+01   0.384237E+00
 0.202200E+01   0.218595E+01   0.140776E+02   0.254866E+01   0.384699E+00
 0.202500E+01   0.218874E+01   0.140798E+02   0.255248E+01   0.385161E+00
 0.202800E+01   0.219151E+01   0.140814E+02   0.255628E+01   0.385622E+00
 0.203100E+01   0.219427E+01   0.140812E+02   0.256007E+01   0.386083E+00
 0.203400E+01   0.219702E+01   0.140817E+02   0.256385E+01   0.386544E+00
 0.203700E+01   0.219975E+01   0.140817E+02   0.256761E+01   0.387005E+00
 0.204000E+01   0.220247E+01   0.140795E+02   0.257135E+01   0.387465E+00
 0.204300E+01   0.220518E+01   0.140752E+02   0.257508E+01   0.387925E+00
 0.204600E+01   0.220788E+01   0.140803E+02   0.257879E+01   0.388384E+00
 0.204900E+01   0.221056E+01   0.140815E+02   0.258249E+01   0.388843E+00
 0.205200E+01   0.221323E+01   0.140794E+02   0.258617E+01   0.389302E+00
 0.205500E+01   0.221589E+01   0.140829E+02   0.258983E+01   0.389761E+00
 0.205800E+01   0.221854E+01   0.140775E+02   0.259349E+01   0.390219E+00
 0.206100E+01   0.222117E+01   0.140728E+02   0.259712E+01   0.390676E+00
 0.206400E+01   0.222380E+01   0.140770E+02   0.260075E+01   0.391134E+00
 0.206700E+01   0.222641E+01   0.140721E+02   0.260435E+01   0.391591E+00
 0.207000E+01   0.222901E+01   0.140741E+02   0.260794E+01   0.392048E+00
 0.207300E+01   0.223159E+01   0.140787E+02   0.261152E+01   0.392504E+00
 0.207600E+01   0.223417E+01   0.140727E+02   0.261509E+01   0.392960E+00
 0.207900E+01   0.223673E+01   0.140781E+02   0.261863E+01   0.393416E+00
 0.208200E+01   0.223928E+01   0.140766E+02   0.262217E+01   0.393872E+00
 0.208500E+01   0.224182E+01   0.140714E+02   0.262569E+01   0.394327E+00
 0.208800E+01   0.224434E+01   0.140781E+02   0.262919E+01   0.394781E+00
 0.209100E+01   0.224686E+01   0.140693E+02   0.263268E+01   0.395236E+00
 0.209400E+01   0.224936E+01   0.140769E+02   0.263615E+01   0.395690E+00
 0.209700E+01   0.225185E+01   0.140760E+02   0.263962E+01   0.396144E+00
 0.210000E+01   0.225433E+01   0.140723E+02   0.264306E+01   0.396597E+00
 0.210300E+01   0.225680E+01   0.140759E+02   0.264649E+01   0.397050E+00
 0.210600E+01   0.225926E+01   0.140760E+02   0.264991E+01   0.397503E+00
 0.210900E+01   0.226171E+01   0.140710E+02   0.265332E+01   0.397955E+00
 0.211200E+01   0.226414E+01   0.140737E+02   0.265671E+01   0.398408E+00
 0.211500E+01   0.226656E+01   0.140741E+02   0.266008E+01   0.398859E+00
 0.211800E+01   0.226897E+01   0.140686E+02   0.266344E+01   0.399311E+00
 0.212100E+01   0.227137E+01   0.140734E+02   0.266679E+01   0.399762E+00
 0.212400E+01   0.227376E+01   0.140703E+02   0.267012E+01   0.400213E+00
 0.212700E+01   0.227614E+01   0.140683E+02   0.267344E+01   0.400663E+00
 0.213000E+01   0.227851E+01   0.140695E+02   0.267675E+01   0.401113E+00
 0.213300E+01   0.228086E+01   0.140662E+02   0.268004E+01   0.401563E+00
 0.213600E+01   0.228321E+01   0.140667E+02   0.268332E+01   0.402013E+00
 0.213900E+01   0.228554E+01   0.140663E+02   0.268658E+01   0.402462E+00
 0.214200E+01   0.228787E+01   0.140679E+02   0.268983E+01   0.402911E+00
 0.214500E+01   0.229018E+01   0.140628E+02   0.269307E+01   0.403359E+00
 0.214800E+01   0.229248E+01   0.140607E+02   0.269630E+01   0.403807E+00
 0.215100E+01   0.229477E+01   0.140646E+02   0.269951E+01   0.404255E+00
 0.215400E+01   0.229705E+01   0.140620E+02   0.270270E+01   0.404703E+00
 0.215700E+01   0.229932E+01   0.140640E+02   0.270589E+01   0.405150E+00
 0.216000E+01   0.230158E+01   0.140660E+02   0.270906E+01   0.405597E+00
 0.216300E+01   0.230383E+01   0.140585E+02   0.271221E+01   0.406044E+00
 0.216600E+01   0.230606E+01   0.140639E+02   0.271536E+01   0.406490E+00
 0.216900E+01   0.230829E+01   0.140562E+02   0.271849E+01   0.406936E+00
 0.217200E+01   0.231051E+01   0.140546E+02   0.272160E+01   0.407382E+00
 0.217500E+01   0.231271E+01   0.140630E+02   0.272471E+01   0.407827E+00
 0.217800E+01   0.231491E+01   0.140593E+02   0.272780E+01   0.408272E+00
 0.218100E+01   0.231710E+01   0.140577E+02   0.273088E+01   0.408717E+00
 0.218400E+01   0.231927E+01   0.140571E+02   0.273394E+01   0.409161E+00
 0.218700E+01   0.232144E+01   0.140591E+02   0.273699E+01   0.409605E+00
 0.219000E+01   0.232359E+01   0.140564E+02   0.274003E+01   0.410049E+00
 0.219300E+01   0.232574E+01   0.140552E+02   0.274306E+01   0.410492E+00
 0.219600E+01   0.232787E+01   0.140549E+02   0.274607E+01   0.410935E+00
 0.219900E+01   0.233000E+01   0.140530E+02   0.274907E+01   0.411378E+00
 0.220200E+01   0.233211E+01   0.140521E+02   0.275206E+01   0.411821E+00
 0.220500E+01   0.233422E+01   0.140489E+02   0.275503E+01   0.412263E+00
 0.220800E+01   0.233631E+01   0.140522E+02   0.275800E+01   0.412705E+00
 0.221100E+01   0.233840E+01   0.140531E+02   0.276095E+01   0.413146E+00
 0.221400E+01   0.234048E+01   0.140458E+02   0.276389E+01   0.413587E+00
 0.221700E+01   0.234254E+01   0.140504E+02   0.276681E+01   0.414028E+00
 0.222000E+01   0.234460E+01   0.140440E+02   0.276972E+01   0.414469E+00
 0.222300E+01   0.234664E+01   0.140478E+02   0.277263E+01   0.414909E+00
 0.222600E+01   0.234868E+01   0.140484E+02   0.277551E+01   0.415349E+00
 0.222900E+01   0.235071E+01   0.140399E+02   0.277839E+01   0.415789E+00
 0.223200E+01   0.235273E+01   0.140416E+02   0.278125E+01   0.416228E+00
 0.223500E+01   0.235474E+01   0.140422E+02   0.278411E+01   0.416667E+00
 0.223800E+01   0.235674E+01   0.140420E+02   0.278695E+01   0.417106E+00
 0.224100E+01   0.235873E+01   0.140417E+02   0.278977E+01   0.417545E+00
 0.224400E+01   0.236071E+01   0.140421E+02   0.279259E+01   0.417983E+00
 0.224700E+01   0.236268E+01   0.140418E+02   0.279539E+01   0.418421E+00
 0.225000E+01   0.236464E+01   0.140373E+02   0.279818E+01   0.418858E+00
 0.225300E+01   0.236659E+01   0.140333E+02   0.280096E+01   0.419296E+00
 0.225600E+01   0.236854E+01   0.140355E+02   0.280373E+01   0.419733E+00
 0.225900E+01   0.237047E+01   0.140313E+02   0.280649E+01   0.420169E+00
 0.226200E+01   0.237240E+01   0.140330E+02   0.280923E+01   0.420605E+00
 0.226500E+01   0.237431E+01   0.140326E+02   0.281197E+01   0.421042E+00
 0.226800E+01   0.237622E+01   0.140341E+02   0.281469E+01   0.421477E+00
 0.227100E+01   0.237812E+01   0.140321E+02   0.281740E+01   0.421913E+00
 0.227400E+01   0.238001E+01   0.140324E+02   0.282010E+01   0.422348E+00
 0.227700E+01   0.238189E+01   0.140313E+02   0.282278E+01   0.422783E+00
 0.228000E+01   0.238376E+01   0.140320E+02   0.282546E+01   0.423217E+00
 0.228300E+01   0.238562E+01   0.140304E+02   0.282812E+01   0.423651E+00
 0.228600E+01   0.238748E+01   0.140245E+02   0.283077E+01   0.424085E+00
 0.228900E+01   0.238932E+01   0.140314E+02   0.283342E+01   0.424519E+00
 0.229200E+01   0.239116E+01   0.140305E+02   0.283605E+01   0.424952E+00
 0.229500E+01   0.239299E+01   0.140290E+02   0.283866E+01   0.425385E+00
 0.229800E+01   0.239481E+01   0.140204E+02   0.284127E+01   0.425818E+00
 0.230100E+01   0.239662E+01   0.140196E+02   0.284387E+01   0.426251E+00
 0.230400E+01   0.239842E+01   0.140234E+02   0.284645E+01   0.426683E+00
 0.230700E+01   0.240022E+01   0.140248E+02   0.284903E+01   0.427115E+00
 0.231000E+01   0.240200E+01   0.140193E+02   0.285159E+01   0.427546E+00
 0.231300E+01   0.240378E+01   0.140155E+02   0.285414E+01   0.427978E+00
 0.231600E+01   0.240555E+01   0.140172E+02   0.285668E+01   0.428409E+00
 0.231900E+01   0.240731E+01   0.140184E+02   0.285922E+01   0.428839E+00
 0.232200E+01   0.240907E+01   0.140178E+02   0.286173E+01   0.429270E+00
 0.232500E+01   0.241081E+01   0.140182E+02   0.286424E+01   0.429700E+00
 0.232800E+01   0.241255E+01   0.140097E+02   0.286674E+01   0.430130E+00
 0.233100E+01   0.241428E+01   0.140123E+02   0.286923E+01   0.430559E+00
 0.233400E+01   0.241600E+01   0.140135E+02   0.287171E+01   0.430988E+00
 0.233700E+01   0.241771E+01   0.140125E+02   0.287417E+01   0.431417E+00
 0.234000E+01   0.241941E+01   0.140142E+02   0.287663E+01   0.431846E+00
 0.234300E+01   0.242111E+01   0.140122E+02   0.287907E+01   0.432274E+00
 0.234600E+01   0.242280E+01   0.140034E+02   0.288151E+01   0.432702E+00
 0.234900E+01   0.242448E+01   0.140081E+02   0.288393E+01   0.433130E+00
 0.235200E+01   0.242615E+01   0.140082E+02   0.288635E+01   0.433558E+00
 0.235500E+01   0.242781E+01   0.140039E+02   0.288875E+01   0.433985E+00
 0.235800E+01   0.242947E+01   0.139993E+02   0.289114E+01   0.434412E+00
 0.236100E+01   0.243112E+01   0.140026E+02   0.289353E+01   0.434839E+00
 0.236400E+01   0.243276E+01   0.140029E+02   0.289590E+01   0.435265E+00
 0.236700E+01   0.243439E+01   0.139994E+02   0.289826E+01   0.435691E+00
 0.237000E+01   0.243602E+01   0.140022E+02   0.290062E+01   0.436117E+00
 0.237300E+01   0.243764E+01   0.139972E+02   0.290296E+01   0.436542E+00
 0.237600E+01   0.243925E+01   0.139921E+02   0.290529E+01   0.436968E+00
 0.237900E+01   0.244085E+01   0.139905E+02   0.290761E+01   0.437393E+00
 0.238200E+01   0.244245E+01   0.139908E+02   0.290993E+01   0.437817E+00
 0.238500E+01   0.244404E+01   0.139938E+02   0.291223E+01   0.438242E+00
 0.238800E+01   0.244562E+01   0.139945E+02   0.291452E+01   0.438666E+00
 0.239100E+01   0.244719E+01   0.139933E+02   0.291680E+01   0.439089E+00
 0.239400E+01   0.244876E+01   0.139880E+02   0.291908E+01   0.439513E+00
 0.239700E+01   0.245032E+01   0.139851E+02   0.292134E+01   0.439936E+00
 0.240000E+01   0.245187E+01   0.139854E+02   0.292359E+01   0.440359E+00
 0.240300E+01   0.245341E+01   0.139836E+02   0.292584E+01   0.440782E+00
 0.240600E+01   0.245495E+01   0.139847E+02   0.292807E+01   0.441204E+00
 0.240900E+01   0.245648E+01   0.139837E+02   0.293030E+01   0.441627E+00
 0.241200E+01   0.245800E+01   0.139822E+02   0.293251E+01   0.442048E+00
 0.241500E+01   0.245952E+01   0.139785E+02   0.293472E+01   0.442470E+00
 0.241800E+01   0.246103E+01   0.139780E+02   0.293691E+01   0.442891E+00
 0.242100E+01   0.246253E+01   0.139763E+02   0.293910E+01   0.443312E+00
 0.242400E+01   0.246402E+01   0.139771E+02   0.294128E+01   0.443733E+00
 0.242700E+01   0.246551E+01   0.139757E+02   0.294344E+01   0.444154E+00
 0.243000E+01   0.246699E+01   0.139706E+02   0.294560E+01   0.444574E+00
 0.243300E+01   0.246846E+01   0.139778E+02   0.294775E+01   0.444994E+00
 0.243600E+01   0.246993E+01   0.139692E+02   0.294989E+01   0.445413E+00
 0.243900E+01   0.247139E+01   0.139686E+02   0.295202E+01   0.445833E+00
 0.244200E+01   0.247284E+01   0.139703E+02   0.295414E+01   0.446252E+00
 0.244500E+01   0.247429E+01   0.139714E+02   0.295626E+01   0.446671E+00
 0.244800E+01   0.247573E+01   0.139683E+02   0.295836E+01   0.447089E+00
 0.245100E+01   0.247716E+01   0.139681E+02   0.296045E+01   0.447508E+00
 0.245400E+01   0.247859E+01   0.139631E+02   0.296254E+01   0.447926E+00
 0.245700E+01   0.248001E+01   0.139596E+02   0.296462E+01   0.448343E+00
 0.246000E+01   0.248142E+01   0.139626E+02   0.296668E+01   0.448761E+00
 0.246300E+01   0.248283E+01   0.139625E+02   0.296874E+01   0.449178E+00
 0.246600E+01   0.248423E+01   0.139619E+02   0.297079E+01   0.449595E+00
 0.246900E+01   0.248562E+01   0.139561E+02   0.297283E+01   0.450012E+00
 0.247200E+01   0.248701E+01   0.139599E+02   0.297486E+01   0.450428E+00
 0.247500E+01   0.248839E+01   0.139552E+02   0.297689E+01   0.450844E+00
 0.247800E+01   0.248976E+01   0.139603E+02   0.297890E+01   0.451260E+00
 0.248100E+01   0.249113E+01   0.139534E+02   0.298091E+01   0.451676E+00
 0.248400E+01   0.249249E+01   0.139579E+02   0.298291E+01   0.452091E+00
 0.248700E+01   0.249384E+01   0.139543E+02   0.298489E+01   0.452506E+00
 0.249000E+01   0.249519E+01   0.139535E+02   0.298687E+01   0.452921E+00
 0.249300E+01   0.249653E+01   0.139511E+02   0.298885E+01   0.453336E+00
 0.249600E+01   0.249787E+01   0.139514E+02   0.299081E+01   0.453750E+00
 0.249900E+01   0.249920E+01   0.139432E+02   0.299276E+01   0.454164E+00
 0.250200E+01   0.250052E+01   0.139486E+02   0.299471E+01   0.454578E+00
 0.250500E+01   0.250184E+01   0.139423E+02   0.299665E+01   0.454991E+00
 0.250800E+01   0.250315E+01   0.139412E+02   0.299858E+01   0.455405E+00
 0.251100E+01   0.250445E+01   0.139403E+02   0.300050E+01   0.455817E+00
 0.251400E+01   0.250575E+01   0.139371E+02   0.300241E+01   0.456230E+00
 0.251700E+01   0.250705E+01   0.139377E+02   0.300431E+01   0.456643E+00
 0.252000E+01   0.250833E+01   0.139381E+02   0.300621E+01   0.457055E+00
 0.252300E+01   0.250961E+01   0.139359E+02   0.300810E+01   0.457467E+00
 0.252600E+01   0.251089E+01   0.139354E+02   0.300998E+01   0.457878E+00
 0.252900E+01   0.251216E+01   0.139336E+02   0.301185E+01   0.458290E+00
 0.253200E+01   0.251342E+01   0.139369E+02   0.301371E+01   0.458701E+00
 0.253500E+01   0.251468E+01   0.139336E+02   0.301557E+01   0.459112E+00
 0.253800E+01   0.251593E+01   0.139297E+02   0.301742E+01   0.459523E+00
 0.254100E+01   0.251717E+01   0.139283E+02   0.301926E+01   0.459933E+00
 0.254400E+01   0.251841E+01   0.139277E+02   0.302109E+01   0.460343E+00
 0.254700E+01   0.251965E+01   0.139277E+02   0.302291E+01   0.460753E+00
 0.255000E+01   0.252088E+01   0.139286E+02   0.302473E+01   0.461162E+00
 0.255300E+01   0.252210E+01   0.139265E+02   0.302654E+01   0.461572E+00
 0.255600E+01   0.252331E+01   0.139208E+02   0.302834E+01   0.461981E+00
 0.255900E+01   0.252453E+01   0.139166E+02   0.303013E+01   0.462390E+00
 0.256200E+01   0.252573E+01   0.139204E+02   0.303191E+01   0.462798E+00
 0.256500E+01   0.252693E+01   0.139204E+02   0.303369E+01   0.463207E+00
 0.256800E+01   0.252812E+01   0.139164E+02   0.303546E+01   0.463615E+00
 0.257100E+01   0.252931E+01   0.139099E+02   0.303722E+01   0.464023E+00
 0.257400E+01   0.253050E+01   0.139171E+02   0.303898E+01   0.464430E+00
 0.257700E+01   0.253167E+01   0.139121E+02   0.304072E+01   0.464837E+00
 0.258000E+01   0.253285E+01   0.139118E+02   0.304246E+01   0.465244E+00
 0.258300E+01   0.253401E+01   0.139126E+02   0.304419E+01   0.465651E+00
 0.258600E+01   0.253517E+01   0.139030E+02   0.304592E+01   0.466058E+00
 0.258900E+01   0.253633E+01   0.139065E+02   0.304763E+01   0.466464E+00
 0.259200E+01   0.253748E+01   0.139024E+02   0.304934E+01   0.466870E+00
 0.259500E+01   0.253863E+01   0.139075E+02   0.305104E+01   0.467276E+00
 0.259800E+01   0.253976E+01   0.139047E+02   0.305274E+01   0.467682E+00
 0.260100E+01   0.254090E+01   0.138971E+02   0.305442E+01   0.468087E+00
 0.260400E+01   0.254203E+01   0.139028E+02   0.305610E+01   0.468492E+00
 0.260700E+01   0.254315E+01   0.139022E+02   0.305778E+01   0.468897E+00
 0.261000E+01   0.254427E+01   0.139013E+02   0.305944E+01   0.469301E+00
 0.261300E+01   0.254538E+01   0.138913E+02   0.306110E+01   0.469706E+00
 0.261600E+01   0.254649E+01   0.138899E+02   0.306275E+01   0.470110E+00
 0.261900E+01   0.254760E+01   0.138904E+02   0.306439E+01   0.470513E+00
 0.262200E+01   0.254869E+01   0.138869E+02   0.306603E+01   0.470917E+00
 0.262500E+01   0.254979E+01   0.138887E+02   0.306766E+01   0.471320E+00
 0.262800E+01   0.255088E+01   0.138876E+02   0.306928E+01   0.471723E+00
 0.263100E+01   0.255196E+01   0.138862E+02   0.307090E+01   0.472126E+00
 0.263400E+01   0.255304E+01   0.138814E+02   0.307250E+01   0.472529E+00
 0.263700E+01   0.255411E+01   0.138830E+02   0.307411E+01   0.472931E+00
 0.264000E+01   0.255518E+01   0.138800E+02   0.307570E+01   0.473333E+00
 0.264300E+01   0.255624E+01   0.138788E+02   0.307729E+01   0.473735E+00
 0.264600E+01   0.255730E+01   0.138803E+02   0.307887E+01   0.474137E+00
 0.264900E+01   0.255835E+01   0.138780E+02   0.308044E+01   0.474538E+00
 0.265200E+01   0.255940E+01   0.138724E+02   0.308201E+01   0.474939E+00
 0.265500E+01   0.256044E+01   0.138710E+02   0.308357E+01   0.475340E+00
 0.265800E+01   0.256148E+01   0.138752E+02   0.308512E+01   0.475741E+00
 0.266100E+01   0.256251E+01   0.138691E+02   0.308667E+01   0.476141E+00
 0.266400E+01   0.256354E+01   0.138669E+02   0.308821E+01   0.476541E+00
 0.266700E+01   0.256457E+01   0.138686E+02   0.308974E+01   0.476941E+00
 0.267000E+01   0.256559E+01   0.138654E+02   0.309127E+01   0.477341E+00
 0.267300E+01   0.256660E+01   0.138687E+02   0.309279E+01   0.477741E+00
 0.267600E+01   0.256761E+01   0.138659E+02   0.309430E+01   0.478140E+00
 0.267900E+01   0.256862E+01   0.138623E+02   0.309581E+01   0.478539E+00
 0.268200E+01   0.256962E+01   0.138658E+02   0.309731E+01   0.478937E+00
 0.268500E+01   0.257061E+01   0.138647E+02   0.309880E+01   0.479336E+00
 0.268800E+01   0.257160E+01   0.138589E+02   0.310029E+01   0.479734E+00
 0.269100E+01   0.257259E+01   0.138634E+02   0.310177E+01   0.480132E+00
 0.269400E+01   0.257357E+01   0.138528E+02   0.310324E+01   0.480530E+00
 0.269700E+01   0.257455E+01   0.138602E+02   0.310471E+01   0.480927E+00
 0.270000E+01   0.257552E+01   0.138592E+02   0.310617E+01   0.481325E+00
 0.270300E+01   0.257649E+01   0.138492E+02   0.310763E+01   0.481722E+00
 0.270600E+01   0.257745E+01   0.138508E+02   0.310907E+01   0.482119E+00
 0.270900E+01   0.257841E+01   0.138474E+02   0.311052E+01   0.482515E+00
 0.271200E+01   0.257937E+01   0.138521E+02   0.311195E+01   0.482912E+00
 0.271500E+01   0.258032E+01   0.138425E+02   0.311338E+01   0.483308E+00
 0.271800E+01   0.258127E+01   0.138417E+02   0.311481E+01   0.483704E+00
 0.272100E+01   0.258221E+01   0.138444E+02   0.311622E+01   0.484099E+00
 0.272400E+01   0.258314E+01   0.138399E+02   0.311764E+01   0.484495E+00
 0.272700E+01   0.258408E+01   0.138372E+02   0.311904E+01   0.484890E+00
 0.273000E+01   0.258501E+01   0.138380E+02   0.312044E+01   0.485285E+00
 0.273300E+01   0.258593E+01   0.138367E+02   0.312183E+01   0.485680E+00
 0.273600E+01   0.258685E+01   0.138388E+02   0.312322E+01   0.486074E+00
 0.273900E+01   0.258777E+01   0.138378E+02   0.312460E+01   0.486468E+00
 0.274200E+01   0.258868E+01   0.138340E+02   0.312597E+01   0.486863E+00
 0.274500E+01   0.258959E+01   0.138372E+02   0.312734E+01   0.487257E+00
 0.274800E+01   0.259049E+01   0.138357E+02   0.312870E+01   0.487650E+00
 0.275100E+01   0.259139E+01   0.138252E+02   0.313006E+01   0.488044E+00
 0.275400E+01   0.259228E+01   0.138274E+02   0.313141E+01   0.488437E+00
 0.275700E+01   0.259317E+01   0.138221E+02   0.313276E+01   0.488830E+00
 0.276000E+01   0.259406E+01   0.138289E+02   0.313410E+01   0.489222E+00
 0.276300E+01   0.259494E+01   0.138242E+02   0.313543E+01   0.489615E+00
 0.276600E+01   0.259582E+01   0.138240E+02   0.313676E+01   0.490007E+00
 0.276900E+01   0.259669E+01   0.138218E+02   0.313808E+01   0.490399E+00
 0.277200E+01   0.259756E+01   0.138206E+02   0.313940E+01   0.490790E+00
 0.277500E+01   0.259843E+01   0.138223E+02   0.314071E+01   0.491182E+00
 0.277800E+01   0.259929E+01   0.138141E+02   0.314201E+01   0.491573E+00
 0.278100E+01   0.260015E+01   0.138114E+02   0.314331E+01   0.491963E+00
 0.278400E+01   0.260101E+01   0.138168E+02   0.314460E+01   0.492354E+00
 0.278700E+01   0.260186E+01   0.138108E+02   0.314589E+01   0.492744E+00
 0.279000E+01   0.260270E+01   0.138078E+02   0.314717E+01   0.493135E+00
 0.279300E+01   0.260355E+01   0.138124E+02   0.314845E+01   0.493525E+00
 0.279600E+01   0.260438E+01   0.138070E+02   0.314972E+01   0.493914E+00
 0.279900E+01   0.260522E+01   0.138108E+02   0.315099E+01   0.494304E+00
 0.280200E+01   0.260605E+01   0.138032E+02   0.315224E+01   0.494694E+00
 0.280500E+01   0.260687E+01   0.137983E+02   0.315350E+01   0.495083E+00
 0.280800E+01   0.260770E+01   0.138021E+02   0.315475E+01   0.495473E+00
 0.281100E+01   0.260852E+01   0.138013E+02   0.315599E+01   0.495862E+00
