 0.476289E-02   0.000000E+00   0.000000E+00   0.000000E+00   0.100001E-02
 0.758305E-02   0.458448E-02   0.102691E+02   0.458129E-02   0.159143E-02
 0.104032E-01   0.819693E-02   0.119808E+02   0.819222E-02   0.218285E-02
 0.132234E-01   0.105323E-01   0.126477E+02   0.105271E-01   0.277424E-02
 0.160435E-01   0.121194E-01   0.129514E+02   0.121141E-01   0.336561E-02
 0.188637E-01   0.132500E-01   0.130941E+02   0.132447E-01   0.395693E-02
 0.216838E-01   0.140609E-01   0.131422E+02   0.140557E-01   0.454821E-02
 0.245040E-01   0.146782E-01   0.131494E+02   0.146732E-01   0.513943E-02
 0.273241E-01   0.151566E-01   0.131323E+02   0.151517E-01   0.573058E-02
 0.301443E-01   0.155245E-01   0.130958E+02   0.155198E-01   0.632166E-02
 0.329644E-01   0.158350E-01   0.130603E+02   0.158304E-01   0.691266E-02
 0.357846E-01   0.160549E-01   0.130007E+02   0.160505E-01   0.750359E-02
 0.386048E-01   0.162696E-01   0.129591E+02   0.162652E-01   0.809446E-02
 0.414249E-01   0.164044E-01   0.128893E+02   0.164002E-01   0.868527E-02
 0.442451E-01   0.165254E-01   0.128252E+02   0.165212E-01   0.927603E-02
 0.470652E-01   0.166279E-01   0.127614E+02   0.166237E-01   0.986675E-02
 0.498854E-01   0.167290E-01   0.127059E+02   0.167249E-01   0.104574E-01
 0.527055E-01   0.168244E-01   0.126543E+02   0.168204E-01   0.110481E-01
 0.555257E-01   0.168943E-01   0.125934E+02   0.168903E-01   0.116387E-01
 0.583458E-01   0.169454E-01   0.125252E+02   0.169414E-01   0.122294E-01
 0.611660E-01   0.169835E-01   0.124519E+02   0.169796E-01   0.128200E-01
 0.639861E-01   0.170407E-01   0.123917E+02   0.170368E-01   0.134105E-01
 0.668063E-01   0.170741E-01   0.123174E+02   0.170702E-01   0.140011E-01
 0.696265E-01   0.171301E-01   0.122569E+02   0.171262E-01   0.145916E-01
 0.724466E-01   0.171799E-01   0.121915E+02   0.171760E-01   0.151821E-01
 0.752668E-01   0.172111E-01   0.121122E+02   0.172072E-01   0.157725E-01
 0.780869E-01   0.172506E-01   0.120353E+02   0.172467E-01   0.163630E-01
 0.809071E-01   0.173176E-01   0.119728E+02   0.173138E-01   0.169533E-01
 0.837272E-01   0.173668E-01   0.118943E+02   0.173630E-01   0.175437E-01
 0.865474E-01   0.174263E-01   0.118175E+02   0.174225E-01   0.181340E-01
 0.893675E-01   0.174854E-01   0.117343E+02   0.174817E-01   0.187243E-01
 0.921877E-01   0.175638E-01   0.116572E+02   0.175601E-01   0.193146E-01
 0.950078E-01   0.176594E-01   0.115846E+02   0.176558E-01   0.199048E-01
 0.978280E-01   0.177488E-01   0.114989E+02   0.177453E-01   0.204950E-01
 0.100648E+00   0.178591E-01   0.114188E+02   0.178558E-01   0.210851E-01
 0.103468E+00   0.179827E-01   0.113382E+02   0.179794E-01   0.216752E-01
 0.106288E+00   0.181162E-01   0.112542E+02   0.181131E-01   0.222653E-01
 0.109109E+00   0.182690E-01   0.111732E+02   0.182660E-01   0.228553E-01
 0.111929E+00   0.184507E-01   0.111024E+02   0.184479E-01   0.234453E-01
 0.114749E+00   0.186388E-01   0.110241E+02   0.186362E-01   0.240353E-01
 0.117569E+00   0.188371E-01   0.109406E+02   0.188347E-01   0.246252E-01
 0.120389E+00   0.190515E-01   0.108559E+02   0.190494E-01   0.252151E-01
 0.123209E+00   0.193068E-01   0.107895E+02   0.193050E-01   0.258049E-01
 0.126030E+00   0.195566E-01   0.107038E+02   0.195551E-01   0.263947E-01
 0.128850E+00   0.198450E-01   0.106346E+02   0.198439E-01   0.269844E-01
 0.131670E+00   0.201568E-01   0.105693E+02   0.201561E-01   0.275741E-01
 0.134490E+00   0.204810E-01   0.104987E+02   0.204808E-01   0.281637E-01
 0.137310E+00   0.208259E-01   0.104294E+02   0.208263E-01   0.287533E-01
 0.140130E+00   0.211987E-01   0.103677E+02   0.211997E-01   0.293429E-01
 0.142950E+00   0.215913E-01   0.103061E+02   0.215929E-01   0.299324E-01
 0.145771E+00   0.220087E-01   0.102494E+02   0.220111E-01   0.305218E-01
 0.148591E+00   0.224462E-01   0.101931E+02   0.224494E-01   0.311112E-01
 0.151411E+00   0.228993E-01   0.101331E+02   0.229034E-01   0.317005E-01
 0.154231E+00   0.233715E-01   0.100727E+02   0.233766E-01   0.322898E-01
 0.157051E+00   0.238952E-01   0.100422E+02   0.239014E-01   0.328790E-01
 0.159871E+00   0.244201E-01   0.999505E+01   0.244274E-01   0.334682E-01
 0.162692E+00   0.249527E-01   0.993695E+01   0.249613E-01   0.340573E-01
 0.165512E+00   0.255338E-01   0.990684E+01   0.255438E-01   0.346464E-01
 0.168332E+00   0.261224E-01   0.986566E+01   0.261339E-01   0.352354E-01
 0.171152E+00   0.267285E-01   0.982305E+01   0.267416E-01   0.358243E-01
 0.173972E+00   0.273675E-01   0.979414E+01   0.273823E-01   0.364132E-01
 0.176792E+00   0.280201E-01   0.976031E+01   0.280368E-01   0.370020E-01
 0.179612E+00   0.287134E-01   0.974856E+01   0.287322E-01   0.375908E-01
 0.182433E+00   0.294113E-01   0.972336E+01   0.294323E-01   0.381795E-01
 0.185253E+00   0.301236E-01   0.969426E+01   0.301468E-01   0.387681E-01
 0.188073E+00   0.308547E-01   0.966603E+01   0.308804E-01   0.393567E-01
 0.190893E+00   0.316228E-01   0.965699E+01   0.316512E-01   0.399452E-01
 0.193713E+00   0.323923E-01   0.963134E+01   0.324234E-01   0.405337E-01
 0.196533E+00   0.331795E-01   0.960575E+01   0.332135E-01   0.411220E-01
 0.199354E+00   0.340114E-01   0.960791E+01   0.340487E-01   0.417103E-01
 0.202174E+00   0.348421E-01   0.959129E+01   0.348827E-01   0.422986E-01
 0.204994E+00   0.356887E-01   0.957340E+01   0.357328E-01   0.428867E-01
 0.207814E+00   0.365600E-01   0.956358E+01   0.366078E-01   0.434748E-01
 0.210634E+00   0.374582E-01   0.956411E+01   0.375100E-01   0.440629E-01
 0.213454E+00   0.383627E-01   0.955409E+01   0.384186E-01   0.446508E-01
 0.216274E+00   0.392885E-01   0.954905E+01   0.393487E-01   0.452387E-01
 0.219095E+00   0.402260E-01   0.953929E+01   0.402908E-01   0.458265E-01
 0.221915E+00   0.411945E-01   0.954485E+01   0.412642E-01   0.464142E-01
 0.224735E+00   0.421703E-01   0.954144E+01   0.422450E-01   0.470019E-01
 0.227555E+00   0.431599E-01   0.953603E+01   0.432399E-01   0.475895E-01
 0.230375E+00   0.441665E-01   0.953209E+01   0.442520E-01   0.481770E-01
 0.233195E+00   0.451990E-01   0.953898E+01   0.452904E-01   0.487644E-01
 0.236016E+00   0.462435E-01   0.954248E+01   0.463409E-01   0.493518E-01
 0.238836E+00   0.472996E-01   0.954221E+01   0.474033E-01   0.499391E-01
 0.241656E+00   0.483734E-01   0.954493E+01   0.484837E-01   0.505263E-01
 0.244476E+00   0.494679E-01   0.955356E+01   0.495851E-01   0.511134E-01
 0.247296E+00   0.505718E-01   0.955683E+01   0.506961E-01   0.517004E-01
 0.250116E+00   0.516854E-01   0.955522E+01   0.518171E-01   0.522874E-01
 0.252937E+00   0.528251E-01   0.956572E+01   0.529646E-01   0.528743E-01
 0.255757E+00   0.539731E-01   0.957028E+01   0.541207E-01   0.534611E-01
 0.258577E+00   0.551450E-01   0.958490E+01   0.553009E-01   0.540478E-01
 0.261397E+00   0.563188E-01   0.958735E+01   0.564834E-01   0.546344E-01
 0.264217E+00   0.575098E-01   0.959339E+01   0.576833E-01   0.552210E-01
 0.267037E+00   0.587222E-01   0.960740E+01   0.589050E-01   0.558074E-01
 0.269857E+00   0.599333E-01   0.960653E+01   0.601257E-01   0.563938E-01
 0.272678E+00   0.611730E-01   0.962131E+01   0.613755E-01   0.569801E-01
 0.275498E+00   0.624172E-01   0.962739E+01   0.626300E-01   0.575663E-01
 0.278318E+00   0.636861E-01   0.964532E+01   0.639095E-01   0.581524E-01
 0.281138E+00   0.649518E-01   0.964727E+01   0.651862E-01   0.587384E-01
 0.283958E+00   0.662440E-01   0.966308E+01   0.664897E-01   0.593244E-01
 0.286778E+00   0.675408E-01   0.967109E+01   0.677983E-01   0.599102E-01
 0.289599E+00   0.688536E-01   0.968272E+01   0.691231E-01   0.604960E-01
 0.292419E+00   0.701847E-01   0.970048E+01   0.704668E-01   0.610817E-01
 0.295239E+00   0.715166E-01   0.970703E+01   0.718115E-01   0.616673E-01
 0.298059E+00   0.728663E-01   0.971944E+01   0.731744E-01   0.622527E-01
 0.300879E+00   0.742332E-01   0.973733E+01   0.745550E-01   0.628382E-01
 0.303699E+00   0.755988E-01   0.974231E+01   0.759344E-01   0.634235E-01
 0.306519E+00   0.769845E-01   0.975592E+01   0.773346E-01   0.640087E-01
 0.309340E+00   0.783788E-01   0.976686E+01   0.787437E-01   0.645938E-01
 0.312160E+00   0.797971E-01   0.979026E+01   0.801773E-01   0.651788E-01
 0.314980E+00   0.812046E-01   0.979224E+01   0.816003E-01   0.657638E-01
 0.317800E+00   0.826444E-01   0.981500E+01   0.830562E-01   0.663486E-01
 0.320620E+00   0.840864E-01   0.982936E+01   0.845147E-01   0.669334E-01
 0.323440E+00   0.855371E-01   0.984176E+01   0.859822E-01   0.675180E-01
 0.326261E+00   0.869982E-01   0.985403E+01   0.874606E-01   0.681026E-01
 0.329081E+00   0.884719E-01   0.986842E+01   0.889521E-01   0.686871E-01
 0.331901E+00   0.899557E-01   0.988251E+01   0.904541E-01   0.692714E-01
 0.334721E+00   0.914461E-01   0.989305E+01   0.919630E-01   0.698557E-01
 0.337541E+00   0.929539E-01   0.991064E+01   0.934899E-01   0.704399E-01
 0.340361E+00   0.944643E-01   0.992109E+01   0.950198E-01   0.710239E-01
 0.343181E+00   0.959899E-01   0.993669E+01   0.965654E-01   0.716079E-01
 0.346002E+00   0.975206E-01   0.994778E+01   0.981165E-01   0.721918E-01
 0.348822E+00   0.990654E-01   0.996302E+01   0.996822E-01   0.727756E-01
 0.351642E+00   0.100623E+00   0.998145E+01   0.101261E+00   0.733592E-01
 0.354462E+00   0.102181E+00   0.999131E+01   0.102841E+00   0.739428E-01
 0.357282E+00   0.103750E+00   0.100023E+02   0.104432E+00   0.745263E-01
 0.360102E+00   0.105337E+00   0.100219E+02   0.106042E+00   0.751097E-01
 0.362923E+00   0.106929E+00   0.100372E+02   0.107657E+00   0.756929E-01
 0.365743E+00   0.108526E+00   0.100489E+02   0.109278E+00   0.762761E-01
 0.368563E+00   0.110130E+00   0.100593E+02   0.110906E+00   0.768592E-01
 0.371383E+00   0.111751E+00   0.100763E+02   0.112552E+00   0.774421E-01
 0.374203E+00   0.113382E+00   0.100950E+02   0.114209E+00   0.780250E-01
 0.377023E+00   0.115018E+00   0.101100E+02   0.115870E+00   0.786078E-01
 0.379843E+00   0.116663E+00   0.101252E+02   0.117541E+00   0.791904E-01
 0.382664E+00   0.118315E+00   0.101388E+02   0.119220E+00   0.797730E-01
 0.385484E+00   0.119970E+00   0.101476E+02   0.120902E+00   0.803554E-01
 0.388304E+00   0.121635E+00   0.101585E+02   0.122595E+00   0.809377E-01
 0.391124E+00   0.123321E+00   0.101800E+02   0.124310E+00   0.815200E-01
 0.393944E+00   0.125003E+00   0.101905E+02   0.126020E+00   0.821021E-01
 0.396764E+00   0.126698E+00   0.102060E+02   0.127745E+00   0.826841E-01
 0.399585E+00   0.128398E+00   0.102182E+02   0.129475E+00   0.832660E-01
 0.402405E+00   0.130110E+00   0.102333E+02   0.131217E+00   0.838478E-01
 0.405225E+00   0.131827E+00   0.102470E+02   0.132966E+00   0.844295E-01
 0.408045E+00   0.133550E+00   0.102576E+02   0.134719E+00   0.850111E-01
 0.410865E+00   0.135290E+00   0.102770E+02   0.136492E+00   0.855926E-01
 0.413685E+00   0.137026E+00   0.102864E+02   0.138261E+00   0.861740E-01
 0.416505E+00   0.138779E+00   0.103028E+02   0.140047E+00   0.867552E-01
 0.419326E+00   0.140542E+00   0.103218E+02   0.141844E+00   0.873364E-01
 0.422146E+00   0.142301E+00   0.103312E+02   0.143638E+00   0.879174E-01
 0.424966E+00   0.144068E+00   0.103404E+02   0.145439E+00   0.884984E-01
 0.427786E+00   0.145850E+00   0.103554E+02   0.147256E+00   0.890792E-01
 0.430606E+00   0.147638E+00   0.103700E+02   0.149081E+00   0.896599E-01
 0.433426E+00   0.149441E+00   0.103902E+02   0.150920E+00   0.902405E-01
 0.436247E+00   0.151236E+00   0.103982E+02   0.152753E+00   0.908210E-01
 0.439067E+00   0.153049E+00   0.104147E+02   0.154604E+00   0.914014E-01
 0.441887E+00   0.154869E+00   0.104306E+02   0.156462E+00   0.919816E-01
 0.444707E+00   0.156691E+00   0.104424E+02   0.158323E+00   0.925618E-01
 0.447527E+00   0.158514E+00   0.104491E+02   0.160186E+00   0.931418E-01
 0.450347E+00   0.160364E+00   0.104725E+02   0.162076E+00   0.937218E-01
 0.453167E+00   0.162207E+00   0.104830E+02   0.163960E+00   0.943016E-01
 0.455988E+00   0.164055E+00   0.104923E+02   0.165849E+00   0.948813E-01
 0.458808E+00   0.165920E+00   0.105091E+02   0.167756E+00   0.954608E-01
 0.461628E+00   0.167782E+00   0.105180E+02   0.169661E+00   0.960403E-01
 0.464448E+00   0.169655E+00   0.105298E+02   0.171577E+00   0.966197E-01
 0.467268E+00   0.171542E+00   0.105475E+02   0.173509E+00   0.971989E-01
 0.470088E+00   0.173425E+00   0.105559E+02   0.175436E+00   0.977780E-01
 0.472909E+00   0.175321E+00   0.105689E+02   0.177377E+00   0.983570E-01
 0.475729E+00   0.177231E+00   0.105886E+02   0.179334E+00   0.989359E-01
 0.478549E+00   0.179139E+00   0.106001E+02   0.181288E+00   0.995147E-01
 0.481369E+00   0.181051E+00   0.106093E+02   0.183247E+00   0.100093E+00
 0.484189E+00   0.182980E+00   0.106274E+02   0.185224E+00   0.100672E+00
 0.487009E+00   0.184906E+00   0.106377E+02   0.187199E+00   0.101250E+00
 0.489830E+00   0.186837E+00   0.106468E+02   0.189179E+00   0.101829E+00
 0.492650E+00   0.188782E+00   0.106614E+02   0.191174E+00   0.102407E+00
 0.495470E+00   0.190738E+00   0.106796E+02   0.193181E+00   0.102985E+00
 0.498290E+00   0.192691E+00   0.106889E+02   0.195185E+00   0.103563E+00
 0.501110E+00   0.194654E+00   0.107001E+02   0.197200E+00   0.104141E+00
 0.503930E+00   0.196625E+00   0.107114E+02   0.199224E+00   0.104718E+00
 0.506750E+00   0.198605E+00   0.107235E+02   0.201257E+00   0.105296E+00
 0.509571E+00   0.200599E+00   0.107401E+02   0.203305E+00   0.105873E+00
 0.512391E+00   0.202589E+00   0.107469E+02   0.205350E+00   0.106451E+00
 0.515211E+00   0.204601E+00   0.107651E+02   0.207418E+00   0.107028E+00
 0.518031E+00   0.206610E+00   0.107750E+02   0.209483E+00   0.107605E+00
 0.520851E+00   0.208626E+00   0.107853E+02   0.211556E+00   0.108182E+00
 0.523671E+00   0.210647E+00   0.107955E+02   0.213635E+00   0.108759E+00
 0.526492E+00   0.212671E+00   0.108053E+02   0.215718E+00   0.109335E+00
 0.529312E+00   0.214704E+00   0.108178E+02   0.217809E+00   0.109912E+00
 0.532132E+00   0.216749E+00   0.108386E+02   0.219915E+00   0.110488E+00
 0.534952E+00   0.218783E+00   0.108483E+02   0.222009E+00   0.111065E+00
 0.537772E+00   0.220820E+00   0.108600E+02   0.224107E+00   0.111641E+00
 0.540592E+00   0.222851E+00   0.108657E+02   0.226199E+00   0.112217E+00
 0.543412E+00   0.224892E+00   0.108784E+02   0.228302E+00   0.112793E+00
 0.546233E+00   0.226931E+00   0.108898E+02   0.230404E+00   0.113369E+00
 0.549053E+00   0.228974E+00   0.109039E+02   0.232510E+00   0.113945E+00
 0.551873E+00   0.231010E+00   0.109123E+02   0.234610E+00   0.114520E+00
 0.554693E+00   0.233056E+00   0.109291E+02   0.236721E+00   0.115096E+00
 0.557513E+00   0.235095E+00   0.109402E+02   0.238824E+00   0.115671E+00
 0.560333E+00   0.237123E+00   0.109438E+02   0.240917E+00   0.116246E+00
 0.563154E+00   0.239163E+00   0.109566E+02   0.243023E+00   0.116821E+00
 0.565974E+00   0.241197E+00   0.109656E+02   0.245124E+00   0.117396E+00
 0.568794E+00   0.243241E+00   0.109808E+02   0.247234E+00   0.117971E+00
 0.571614E+00   0.245283E+00   0.109943E+02   0.249344E+00   0.118546E+00
 0.574434E+00   0.247325E+00   0.110058E+02   0.251454E+00   0.119120E+00
 0.577254E+00   0.249361E+00   0.110109E+02   0.253559E+00   0.119695E+00
 0.580074E+00   0.251405E+00   0.110199E+02   0.255672E+00   0.120269E+00
 0.582895E+00   0.253452E+00   0.110285E+02   0.257789E+00   0.120843E+00
 0.585715E+00   0.255515E+00   0.110466E+02   0.259924E+00   0.121418E+00
 0.588535E+00   0.257566E+00   0.110510E+02   0.262045E+00   0.121991E+00
 0.591355E+00   0.259634E+00   0.110655E+02   0.264186E+00   0.122565E+00
 0.594175E+00   0.261704E+00   0.110782E+02   0.266329E+00   0.123139E+00
 0.596995E+00   0.263766E+00   0.110808E+02   0.268464E+00   0.123713E+00
 0.599816E+00   0.265854E+00   0.111000E+02   0.270627E+00   0.124286E+00
 0.602636E+00   0.267921E+00   0.111002E+02   0.272769E+00   0.124859E+00
 0.605456E+00   0.270020E+00   0.111201E+02   0.274944E+00   0.125433E+00
 0.608276E+00   0.272102E+00   0.111241E+02   0.277103E+00   0.126006E+00
 0.611096E+00   0.274195E+00   0.111325E+02   0.279273E+00   0.126579E+00
 0.613916E+00   0.276302E+00   0.111472E+02   0.281458E+00   0.127151E+00
 0.616736E+00   0.278409E+00   0.111585E+02   0.283644E+00   0.127724E+00
 0.619557E+00   0.280511E+00   0.111620E+02   0.285825E+00   0.128297E+00
 0.622377E+00   0.282627E+00   0.111725E+02   0.288022E+00   0.128869E+00
 0.625197E+00   0.284746E+00   0.111806E+02   0.290222E+00   0.129441E+00
 0.628017E+00   0.286872E+00   0.111895E+02   0.292430E+00   0.130014E+00
 0.630837E+00   0.289016E+00   0.112077E+02   0.294657E+00   0.130586E+00
 0.633657E+00   0.291155E+00   0.112174E+02   0.296880E+00   0.131158E+00
 0.636478E+00   0.293298E+00   0.112259E+02   0.299107E+00   0.131729E+00
 0.639298E+00   0.295438E+00   0.112278E+02   0.301332E+00   0.132301E+00
 0.642118E+00   0.297596E+00   0.112373E+02   0.303576E+00   0.132872E+00
 0.644938E+00   0.299767E+00   0.112527E+02   0.305835E+00   0.133444E+00
 0.647758E+00   0.301938E+00   0.112628E+02   0.308093E+00   0.134015E+00
 0.650578E+00   0.304117E+00   0.112744E+02   0.310362E+00   0.134586E+00
 0.653399E+00   0.306288E+00   0.112748E+02   0.312622E+00   0.135157E+00
 0.656219E+00   0.308485E+00   0.112887E+02   0.314909E+00   0.135728E+00
 0.659039E+00   0.310686E+00   0.113016E+02   0.317203E+00   0.136299E+00
 0.661859E+00   0.312885E+00   0.113071E+02   0.319493E+00   0.136869E+00
 0.664679E+00   0.315096E+00   0.113162E+02   0.321798E+00   0.137440E+00
 0.667499E+00   0.317315E+00   0.113260E+02   0.324111E+00   0.138010E+00
 0.670319E+00   0.319532E+00   0.113294E+02   0.326423E+00   0.138580E+00
 0.673140E+00   0.321771E+00   0.113427E+02   0.328759E+00   0.139150E+00
 0.675960E+00   0.324013E+00   0.113530E+02   0.331098E+00   0.139720E+00
 0.678780E+00   0.326254E+00   0.113573E+02   0.333437E+00   0.140290E+00
 0.681600E+00   0.328512E+00   0.113677E+02   0.335794E+00   0.140859E+00
 0.684420E+00   0.330777E+00   0.113779E+02   0.338160E+00   0.141429E+00
 0.687240E+00   0.333054E+00   0.113911E+02   0.340539E+00   0.141998E+00
 0.690060E+00   0.335333E+00   0.113999E+02   0.342920E+00   0.142567E+00
 0.692881E+00   0.337616E+00   0.114054E+02   0.345306E+00   0.143136E+00
 0.695701E+00   0.339911E+00   0.114135E+02   0.347705E+00   0.143705E+00
 0.698521E+00   0.342211E+00   0.114190E+02   0.350110E+00   0.144274E+00
 0.701341E+00   0.344528E+00   0.114311E+02   0.352534E+00   0.144843E+00
 0.704161E+00   0.346844E+00   0.114364E+02   0.354958E+00   0.145411E+00
 0.706981E+00   0.349181E+00   0.114500E+02   0.357404E+00   0.145980E+00
 0.709802E+00   0.351517E+00   0.114572E+02   0.359850E+00   0.146548E+00
 0.712622E+00   0.353873E+00   0.114719E+02   0.362318E+00   0.147116E+00
 0.715442E+00   0.356228E+00   0.114792E+02   0.364785E+00   0.147684E+00
 0.718262E+00   0.358594E+00   0.114886E+02   0.367265E+00   0.148251E+00
 0.721082E+00   0.360967E+00   0.114958E+02   0.369752E+00   0.148819E+00
 0.723902E+00   0.363342E+00   0.114981E+02   0.372242E+00   0.149386E+00
 0.726723E+00   0.365735E+00   0.115067E+02   0.374752E+00   0.149954E+00
 0.729543E+00   0.368144E+00   0.115190E+02   0.377279E+00   0.150521E+00
 0.732363E+00   0.370551E+00   0.115244E+02   0.379806E+00   0.151088E+00
 0.735183E+00   0.372972E+00   0.115317E+02   0.382347E+00   0.151655E+00
 0.738003E+00   0.375407E+00   0.115426E+02   0.384904E+00   0.152222E+00
 0.740823E+00   0.377846E+00   0.115493E+02   0.387466E+00   0.152788E+00
 0.743643E+00   0.380301E+00   0.115602E+02   0.390046E+00   0.153354E+00
 0.746464E+00   0.382768E+00   0.115723E+02   0.392639E+00   0.153921E+00
 0.749284E+00   0.385241E+00   0.115813E+02   0.395239E+00   0.154487E+00
 0.752104E+00   0.387720E+00   0.115873E+02   0.397846E+00   0.155053E+00
 0.754924E+00   0.390204E+00   0.115904E+02   0.400460E+00   0.155619E+00
 0.757744E+00   0.392713E+00   0.116028E+02   0.403101E+00   0.156184E+00
 0.760564E+00   0.395235E+00   0.116166E+02   0.405755E+00   0.156750E+00
 0.763385E+00   0.397760E+00   0.116254E+02   0.408414E+00   0.157315E+00
 0.766205E+00   0.400289E+00   0.116296E+02   0.411079E+00   0.157880E+00
 0.769025E+00   0.402830E+00   0.116350E+02   0.413757E+00   0.158445E+00
 0.771845E+00   0.405388E+00   0.116441E+02   0.416453E+00   0.159010E+00
 0.774665E+00   0.407961E+00   0.116557E+02   0.419166E+00   0.159575E+00
 0.777485E+00   0.410532E+00   0.116584E+02   0.421878E+00   0.160139E+00
 0.780305E+00   0.413122E+00   0.116667E+02   0.424611E+00   0.160704E+00
 0.783126E+00   0.415733E+00   0.116811E+02   0.427366E+00   0.161268E+00
 0.785946E+00   0.418345E+00   0.116882E+02   0.430124E+00   0.161832E+00
 0.788766E+00   0.420967E+00   0.116952E+02   0.432894E+00   0.162396E+00
 0.791586E+00   0.423604E+00   0.117034E+02   0.435679E+00   0.162960E+00
 0.794406E+00   0.426249E+00   0.117100E+02   0.438475E+00   0.163523E+00
 0.797226E+00   0.428913E+00   0.117205E+02   0.441291E+00   0.164087E+00
 0.800047E+00   0.431583E+00   0.117280E+02   0.444115E+00   0.164650E+00
 0.802867E+00   0.434260E+00   0.117315E+02   0.446947E+00   0.165213E+00
 0.805687E+00   0.436963E+00   0.117443E+02   0.449807E+00   0.165776E+00
 0.808507E+00   0.439670E+00   0.117514E+02   0.452672E+00   0.166339E+00
 0.811327E+00   0.442396E+00   0.117634E+02   0.455560E+00   0.166901E+00
 0.814147E+00   0.445123E+00   0.117677E+02   0.458448E+00   0.167464E+00
 0.816967E+00   0.447874E+00   0.117792E+02   0.461363E+00   0.168026E+00
 0.819788E+00   0.450625E+00   0.117830E+02   0.464280E+00   0.168588E+00
 0.822608E+00   0.453406E+00   0.117979E+02   0.467229E+00   0.169150E+00
 0.825428E+00   0.456178E+00   0.117987E+02   0.470170E+00   0.169712E+00
 0.828248E+00   0.458971E+00   0.118043E+02   0.473133E+00   0.170273E+00
 0.831068E+00   0.461782E+00   0.118135E+02   0.476117E+00   0.170835E+00
 0.833888E+00   0.464604E+00   0.118215E+02   0.479114E+00   0.171396E+00
 0.836709E+00   0.467449E+00   0.118358E+02   0.482136E+00   0.171957E+00
 0.839529E+00   0.470299E+00   0.118454E+02   0.485165E+00   0.172518E+00
 0.842349E+00   0.473148E+00   0.118450E+02   0.488194E+00   0.173079E+00
 0.845169E+00   0.476027E+00   0.118552E+02   0.491255E+00   0.173639E+00
 0.847989E+00   0.478918E+00   0.118651E+02   0.494331E+00   0.174199E+00
 0.850809E+00   0.481819E+00   0.118722E+02   0.497418E+00   0.174760E+00
 0.853629E+00   0.484741E+00   0.118842E+02   0.500529E+00   0.175320E+00
 0.856450E+00   0.487662E+00   0.118868E+02   0.503640E+00   0.175879E+00
 0.859270E+00   0.490603E+00   0.118935E+02   0.506773E+00   0.176439E+00
 0.862090E+00   0.493575E+00   0.119106E+02   0.509940E+00   0.176998E+00
 0.864910E+00   0.496536E+00   0.119125E+02   0.513098E+00   0.177558E+00
 0.867730E+00   0.499530E+00   0.119262E+02   0.516291E+00   0.178117E+00
 0.870550E+00   0.502525E+00   0.119314E+02   0.519486E+00   0.178676E+00
 0.873371E+00   0.505529E+00   0.119333E+02   0.522693E+00   0.179234E+00
 0.876191E+00   0.508572E+00   0.119508E+02   0.525942E+00   0.179793E+00
 0.879011E+00   0.511598E+00   0.119489E+02   0.529175E+00   0.180351E+00
 0.881831E+00   0.514668E+00   0.119654E+02   0.532455E+00   0.180909E+00
 0.884651E+00   0.517733E+00   0.119693E+02   0.535731E+00   0.181467E+00
 0.887471E+00   0.520818E+00   0.119768E+02   0.539030E+00   0.182025E+00
 0.890292E+00   0.523914E+00   0.119821E+02   0.542342E+00   0.182583E+00
 0.893112E+00   0.527031E+00   0.119915E+02   0.545679E+00   0.183140E+00
 0.895932E+00   0.530166E+00   0.120026E+02   0.549035E+00   0.183697E+00
 0.898752E+00   0.533311E+00   0.120112E+02   0.552404E+00   0.184254E+00
 0.901572E+00   0.536469E+00   0.120178E+02   0.555787E+00   0.184811E+00
 0.904392E+00   0.539647E+00   0.120281E+02   0.559194E+00   0.185368E+00
 0.907212E+00   0.542835E+00   0.120352E+02   0.562613E+00   0.185924E+00
 0.910033E+00   0.546039E+00   0.120424E+02   0.566049E+00   0.186481E+00
 0.912853E+00   0.549257E+00   0.120494E+02   0.569503E+00   0.187037E+00
 0.915673E+00   0.552501E+00   0.120631E+02   0.572986E+00   0.187593E+00
 0.918493E+00   0.555746E+00   0.120676E+02   0.576472E+00   0.188148E+00
 0.921313E+00   0.559014E+00   0.120773E+02   0.579983E+00   0.188704E+00
 0.924133E+00   0.562291E+00   0.120824E+02   0.583506E+00   0.189259E+00
 0.926953E+00   0.565587E+00   0.120904E+02   0.587051E+00   0.189814E+00
 0.929774E+00   0.568897E+00   0.120967E+02   0.590611E+00   0.190369E+00
 0.932594E+00   0.572227E+00   0.121063E+02   0.594196E+00   0.190923E+00
 0.935414E+00   0.575566E+00   0.121119E+02   0.597791E+00   0.191478E+00
 0.938234E+00   0.578927E+00   0.121212E+02   0.601412E+00   0.192032E+00
 0.941054E+00   0.582308E+00   0.121329E+02   0.605055E+00   0.192586E+00
 0.943874E+00   0.585700E+00   0.121417E+02   0.608712E+00   0.193140E+00
 0.946695E+00   0.589092E+00   0.121410E+02   0.612370E+00   0.193694E+00
 0.949515E+00   0.592528E+00   0.121577E+02   0.616078E+00   0.194247E+00
 0.952335E+00   0.595962E+00   0.121636E+02   0.619786E+00   0.194800E+00
 0.955155E+00   0.599417E+00   0.121720E+02   0.623517E+00   0.195353E+00
 0.957975E+00   0.602886E+00   0.121796E+02   0.627265E+00   0.195906E+00
 0.960795E+00   0.606376E+00   0.121904E+02   0.631038E+00   0.196459E+00
 0.963616E+00   0.609867E+00   0.121916E+02   0.634813E+00   0.197011E+00
 0.966436E+00   0.613388E+00   0.122013E+02   0.638621E+00   0.197563E+00
 0.969256E+00   0.616928E+00   0.122132E+02   0.642453E+00   0.198115E+00
 0.972076E+00   0.620479E+00   0.122215E+02   0.646298E+00   0.198667E+00
 0.974896E+00   0.624041E+00   0.122272E+02   0.650157E+00   0.199218E+00
 0.977716E+00   0.627622E+00   0.122344E+02   0.654039E+00   0.199770E+00
 0.980536E+00   0.631217E+00   0.122400E+02   0.657936E+00   0.200321E+00
 0.983357E+00   0.634828E+00   0.122458E+02   0.661853E+00   0.200872E+00
 0.986177E+00   0.638466E+00   0.122580E+02   0.665802E+00   0.201422E+00
 0.988997E+00   0.642116E+00   0.122679E+02   0.669765E+00   0.201973E+00
 0.991817E+00   0.645770E+00   0.122702E+02   0.673735E+00   0.202523E+00
 0.994637E+00   0.649452E+00   0.122797E+02   0.677737E+00   0.203073E+00
 0.997457E+00   0.653147E+00   0.122866E+02   0.681753E+00   0.203623E+00
 0.100028E+01   0.656861E+00   0.122957E+02   0.685794E+00   0.204172E+00
 0.100310E+01   0.660598E+00   0.123089E+02   0.689861E+00   0.204721E+00
 0.100592E+01   0.664335E+00   0.123124E+02   0.693930E+00   0.205270E+00
 0.100874E+01   0.668096E+00   0.123201E+02   0.698027E+00   0.205819E+00
 0.101156E+01   0.671871E+00   0.123266E+02   0.702141E+00   0.206368E+00
 0.101438E+01   0.675674E+00   0.123401E+02   0.706288E+00   0.206916E+00
 0.101720E+01   0.679480E+00   0.123455E+02   0.710440E+00   0.207464E+00
 0.102002E+01   0.683304E+00   0.123521E+02   0.714613E+00   0.208012E+00
 0.102284E+01   0.687153E+00   0.123640E+02   0.718816E+00   0.208560E+00
 0.102566E+01   0.691003E+00   0.123667E+02   0.723022E+00   0.209107E+00
 0.102848E+01   0.694887E+00   0.123799E+02   0.727268E+00   0.209655E+00
 0.103130E+01   0.698776E+00   0.123869E+02   0.731521E+00   0.210202E+00
 0.103412E+01   0.702673E+00   0.123888E+02   0.735785E+00   0.210748E+00
 0.103694E+01   0.706612E+00   0.124059E+02   0.740097E+00   0.211295E+00
 0.103976E+01   0.710538E+00   0.124056E+02   0.744396E+00   0.211841E+00
 0.104258E+01   0.714509E+00   0.124222E+02   0.748746E+00   0.212387E+00
 0.104540E+01   0.718468E+00   0.124229E+02   0.753087E+00   0.212933E+00
 0.104822E+01   0.722459E+00   0.124323E+02   0.757464E+00   0.213479E+00
 0.105104E+01   0.726457E+00   0.124369E+02   0.761852E+00   0.214024E+00
 0.105386E+01   0.730479E+00   0.124462E+02   0.766268E+00   0.214569E+00
 0.105668E+01   0.734527E+00   0.124608E+02   0.770714E+00   0.215114E+00
 0.105950E+01   0.738563E+00   0.124601E+02   0.775151E+00   0.215658E+00
 0.106232E+01   0.742639E+00   0.124724E+02   0.779632E+00   0.216203E+00
 0.106514E+01   0.746714E+00   0.124758E+02   0.784116E+00   0.216747E+00
 0.106796E+01   0.750826E+00   0.124908E+02   0.788642E+00   0.217291E+00
 0.107078E+01   0.754939E+00   0.124976E+02   0.793172E+00   0.217834E+00
 0.107360E+01   0.759065E+00   0.125026E+02   0.797718E+00   0.218377E+00
 0.107642E+01   0.763206E+00   0.125080E+02   0.802285E+00   0.218920E+00
 0.107924E+01   0.767382E+00   0.125236E+02   0.806890E+00   0.219463E+00
 0.108206E+01   0.771557E+00   0.125302E+02   0.811499E+00   0.220006E+00
 0.108488E+01   0.775747E+00   0.125365E+02   0.816125E+00   0.220548E+00
 0.108770E+01   0.779952E+00   0.125429E+02   0.820772E+00   0.221090E+00
 0.109052E+01   0.784179E+00   0.125526E+02   0.825444E+00   0.221632E+00
 0.109334E+01   0.788414E+00   0.125584E+02   0.830128E+00   0.222174E+00
 0.109616E+01   0.792671E+00   0.125681E+02   0.834839E+00   0.222715E+00
 0.109898E+01   0.796944E+00   0.125787E+02   0.839570E+00   0.223256E+00
 0.110180E+01   0.801224E+00   0.125845E+02   0.844312E+00   0.223797E+00
 0.110462E+01   0.805515E+00   0.125880E+02   0.849068E+00   0.224337E+00
 0.110744E+01   0.809831E+00   0.125978E+02   0.853856E+00   0.224877E+00
 0.111026E+01   0.814162E+00   0.126072E+02   0.858661E+00   0.225417E+00
 0.111308E+01   0.818502E+00   0.126135E+02   0.863480E+00   0.225957E+00
 0.111590E+01   0.822856E+00   0.126198E+02   0.868317E+00   0.226497E+00
 0.111872E+01   0.827238E+00   0.126331E+02   0.873187E+00   0.227036E+00
 0.112154E+01   0.831610E+00   0.126335E+02   0.878050E+00   0.227575E+00
 0.112436E+01   0.836028E+00   0.126510E+02   0.882966E+00   0.228113E+00
 0.112718E+01   0.840427E+00   0.126500E+02   0.887863E+00   0.228652E+00
 0.113000E+01   0.844859E+00   0.126598E+02   0.892801E+00   0.229190E+00
 0.113282E+01   0.849295E+00   0.126644E+02   0.897745E+00   0.229728E+00
 0.113565E+01   0.853765E+00   0.126801E+02   0.902731E+00   0.230265E+00
 0.113847E+01   0.858226E+00   0.126830E+02   0.907709E+00   0.230802E+00
 0.114129E+01   0.862708E+00   0.126902E+02   0.912714E+00   0.231339E+00
 0.114411E+01   0.867213E+00   0.127022E+02   0.917747E+00   0.231876E+00
 0.114693E+01   0.871713E+00   0.127042E+02   0.922777E+00   0.232413E+00
 0.114975E+01   0.876241E+00   0.127145E+02   0.927841E+00   0.232949E+00
 0.115257E+01   0.880784E+00   0.127259E+02   0.932926E+00   0.233485E+00
 0.115539E+01   0.885334E+00   0.127341E+02   0.938021E+00   0.234020E+00
 0.115821E+01   0.889886E+00   0.127363E+02   0.943122E+00   0.234556E+00
 0.116103E+01   0.894465E+00   0.127464E+02   0.948256E+00   0.235091E+00
 0.116385E+01   0.899049E+00   0.127522E+02   0.953398E+00   0.235625E+00
 0.116667E+01   0.903661E+00   0.127667E+02   0.958575E+00   0.236160E+00
 0.116949E+01   0.908272E+00   0.127737E+02   0.963754E+00   0.236694E+00
 0.117231E+01   0.912897E+00   0.127819E+02   0.968951E+00   0.237228E+00
 0.117513E+01   0.917533E+00   0.127890E+02   0.974164E+00   0.237762E+00
 0.117795E+01   0.922175E+00   0.127934E+02   0.979387E+00   0.238295E+00
 0.118077E+01   0.926825E+00   0.127956E+02   0.984622E+00   0.238828E+00
 0.118359E+01   0.931504E+00   0.128072E+02   0.989892E+00   0.239361E+00
 0.118641E+01   0.936178E+00   0.128105E+02   0.995162E+00   0.239893E+00
 0.118923E+01   0.940884E+00   0.128245E+02   0.100047E+01   0.240426E+00
 0.119205E+01   0.945594E+00   0.128343E+02   0.100578E+01   0.240958E+00
 0.119487E+01   0.950303E+00   0.128379E+02   0.101110E+01   0.241489E+00
 0.119769E+01   0.955030E+00   0.128459E+02   0.101644E+01   0.242020E+00
 0.120051E+01   0.959757E+00   0.128477E+02   0.102179E+01   0.242552E+00
 0.120333E+01   0.964519E+00   0.128624E+02   0.102717E+01   0.243082E+00
 0.120615E+01   0.969277E+00   0.128699E+02   0.103256E+01   0.243613E+00
 0.120897E+01   0.974041E+00   0.128747E+02   0.103796E+01   0.244143E+00
 0.121179E+01   0.978824E+00   0.128849E+02   0.104338E+01   0.244673E+00
 0.121461E+01   0.983612E+00   0.128921E+02   0.104881E+01   0.245202E+00
 0.121743E+01   0.988405E+00   0.128970E+02   0.105425E+01   0.245731E+00
 0.122025E+01   0.993202E+00   0.128994E+02   0.105970E+01   0.246260E+00
 0.122307E+01   0.998036E+00   0.129161E+02   0.106519E+01   0.246789E+00
 0.122589E+01   0.100285E+01   0.129195E+02   0.107067E+01   0.247317E+00
 0.122871E+01   0.100769E+01   0.129271E+02   0.107617E+01   0.247845E+00
 0.123153E+01   0.101254E+01   0.129358E+02   0.108168E+01   0.248373E+00
 0.123435E+01   0.101739E+01   0.129447E+02   0.108722E+01   0.248901E+00
 0.123717E+01   0.102225E+01   0.129524E+02   0.109276E+01   0.249428E+00
 0.123999E+01   0.102712E+01   0.129576E+02   0.109830E+01   0.249955E+00
 0.124281E+01   0.103199E+01   0.129645E+02   0.110387E+01   0.250481E+00
 0.124563E+01   0.103687E+01   0.129708E+02   0.110945E+01   0.251007E+00
 0.124845E+01   0.104176E+01   0.129772E+02   0.111503E+01   0.251533E+00
 0.125127E+01   0.104667E+01   0.129883E+02   0.112065E+01   0.252059E+00
 0.125409E+01   0.105156E+01   0.129864E+02   0.112624E+01   0.252584E+00
 0.125691E+01   0.105649E+01   0.129997E+02   0.113188E+01   0.253109E+00
 0.125973E+01   0.106140E+01   0.130045E+02   0.113751E+01   0.253634E+00
 0.126255E+01   0.106633E+01   0.130123E+02   0.114316E+01   0.254158E+00
 0.126537E+01   0.107127E+01   0.130218E+02   0.114883E+01   0.254682E+00
 0.126819E+01   0.107620E+01   0.130218E+02   0.115448E+01   0.255206E+00
 0.127101E+01   0.108115E+01   0.130347E+02   0.116018E+01   0.255729E+00
 0.127383E+01   0.108610E+01   0.130365E+02   0.116586E+01   0.256252E+00
 0.127665E+01   0.109106E+01   0.130457E+02   0.117157E+01   0.256775E+00
 0.127947E+01   0.109603E+01   0.130578E+02   0.117729E+01   0.257298E+00
 0.128229E+01   0.110100E+01   0.130627E+02   0.118301E+01   0.257820E+00
 0.128511E+01   0.110596E+01   0.130667E+02   0.118874E+01   0.258342E+00
 0.128793E+01   0.111094E+01   0.130735E+02   0.119448E+01   0.258863E+00
 0.129075E+01   0.111592E+01   0.130779E+02   0.120022E+01   0.259384E+00
 0.129357E+01   0.112092E+01   0.130883E+02   0.120599E+01   0.259905E+00
 0.129639E+01   0.112591E+01   0.130968E+02   0.121177E+01   0.260426E+00
 0.129921E+01   0.113090E+01   0.131005E+02   0.121754E+01   0.260946E+00
 0.130203E+01   0.113590E+01   0.131057E+02   0.122332E+01   0.261466E+00
 0.130485E+01   0.114091E+01   0.131142E+02   0.122912E+01   0.261985E+00
 0.130767E+01   0.114592E+01   0.131245E+02   0.123493E+01   0.262505E+00
 0.131049E+01   0.115093E+01   0.131286E+02   0.124073E+01   0.263024E+00
 0.131331E+01   0.115594E+01   0.131340E+02   0.124655E+01   0.263542E+00
 0.131613E+01   0.116096E+01   0.131416E+02   0.125238E+01   0.264061E+00
 0.131896E+01   0.116598E+01   0.131490E+02   0.125821E+01   0.264579E+00
 0.132178E+01   0.117100E+01   0.131535E+02   0.126405E+01   0.265096E+00
 0.132460E+01   0.117603E+01   0.131620E+02   0.126990E+01   0.265613E+00
 0.132742E+01   0.118106E+01   0.131684E+02   0.127575E+01   0.266130E+00
 0.133024E+01   0.118608E+01   0.131718E+02   0.128160E+01   0.266647E+00
 0.133306E+01   0.119112E+01   0.131807E+02   0.128747E+01   0.267163E+00
 0.133588E+01   0.119614E+01   0.131822E+02   0.129333E+01   0.267679E+00
 0.133870E+01   0.120118E+01   0.131935E+02   0.129922E+01   0.268195E+00
 0.134152E+01   0.120621E+01   0.131947E+02   0.130509E+01   0.268710E+00
 0.134434E+01   0.121124E+01   0.132011E+02   0.131097E+01   0.269225E+00
 0.134716E+01   0.121630E+01   0.132170E+02   0.131689E+01   0.269740E+00
 0.134998E+01   0.122132E+01   0.132143E+02   0.132276E+01   0.270254E+00
 0.135280E+01   0.122637E+01   0.132269E+02   0.132868E+01   0.270768E+00
 0.135562E+01   0.123140E+01   0.132296E+02   0.133458E+01   0.271282E+00
 0.135844E+01   0.123645E+01   0.132395E+02   0.134050E+01   0.271795E+00
 0.136126E+01   0.124149E+01   0.132480E+02   0.134641E+01   0.272308E+00
 0.136408E+01   0.124652E+01   0.132485E+02   0.135232E+01   0.272821E+00
 0.136690E+01   0.125156E+01   0.132580E+02   0.135825E+01   0.273333E+00
 0.136972E+01   0.125660E+01   0.132652E+02   0.136417E+01   0.273845E+00
 0.137254E+01   0.126162E+01   0.132630E+02   0.137008E+01   0.274357E+00
 0.137536E+01   0.126666E+01   0.132738E+02   0.137602E+01   0.274868E+00
 0.137818E+01   0.127169E+01   0.132769E+02   0.138194E+01   0.275379E+00
 0.138100E+01   0.127672E+01   0.132808E+02   0.138787E+01   0.275890E+00
 0.138382E+01   0.128176E+01   0.132918E+02   0.139382E+01   0.276400E+00
 0.138664E+01   0.128678E+01   0.132960E+02   0.139976E+01   0.276910E+00
 0.138946E+01   0.129181E+01   0.133043E+02   0.140570E+01   0.277420E+00
 0.139228E+01   0.129682E+01   0.133036E+02   0.141163E+01   0.277929E+00
 0.139510E+01   0.130186E+01   0.133166E+02   0.141759E+01   0.278438E+00
 0.139792E+01   0.130688E+01   0.133244E+02   0.142353E+01   0.278947E+00
 0.140074E+01   0.131189E+01   0.133257E+02   0.142947E+01   0.279455E+00
 0.140356E+01   0.131690E+01   0.133347E+02   0.143542E+01   0.279963E+00
 0.140638E+01   0.132191E+01   0.133366E+02   0.144136E+01   0.280471E+00
 0.140920E+01   0.132692E+01   0.133464E+02   0.144731E+01   0.280978E+00
 0.141202E+01   0.133192E+01   0.133510E+02   0.145325E+01   0.281485E+00
 0.141484E+01   0.133692E+01   0.133546E+02   0.145919E+01   0.281991E+00
 0.141766E+01   0.134191E+01   0.133598E+02   0.146514E+01   0.282497E+00
 0.142048E+01   0.134690E+01   0.133655E+02   0.147108E+01   0.283003E+00
 0.142330E+01   0.135189E+01   0.133710E+02   0.147702E+01   0.283509E+00
 0.142612E+01   0.135687E+01   0.133782E+02   0.148297E+01   0.284014E+00
 0.142894E+01   0.136184E+01   0.133774E+02   0.148890E+01   0.284519E+00
 0.143176E+01   0.136682E+01   0.133844E+02   0.149484E+01   0.285023E+00
 0.143458E+01   0.137179E+01   0.133918E+02   0.150078E+01   0.285528E+00
 0.143740E+01   0.137675E+01   0.133970E+02   0.150672E+01   0.286031E+00
 0.144022E+01   0.138172E+01   0.134071E+02   0.151266E+01   0.286535E+00
 0.144304E+01   0.138666E+01   0.134072E+02   0.151858E+01   0.287038E+00
 0.144586E+01   0.139161E+01   0.134143E+02   0.152451E+01   0.287541E+00
 0.144868E+01   0.139656E+01   0.134210E+02   0.153044E+01   0.288043E+00
 0.145150E+01   0.140149E+01   0.134257E+02   0.153637E+01   0.288545E+00
 0.145432E+01   0.140641E+01   0.134274E+02   0.154228E+01   0.289047E+00
 0.145714E+01   0.141134E+01   0.134321E+02   0.154819E+01   0.289548E+00
 0.145996E+01   0.141625E+01   0.134347E+02   0.155410E+01   0.290049E+00
 0.146278E+01   0.142116E+01   0.134421E+02   0.156002E+01   0.290550E+00
 0.146560E+01   0.142607E+01   0.134469E+02   0.156592E+01   0.291050E+00
 0.146842E+01   0.143097E+01   0.134527E+02   0.157183E+01   0.291550E+00
 0.147124E+01   0.143585E+01   0.134539E+02   0.157772E+01   0.292050E+00
 0.147406E+01   0.144074E+01   0.134625E+02   0.158362E+01   0.292549E+00
 0.147688E+01   0.144561E+01   0.134654E+02   0.158950E+01   0.293048E+00
 0.147970E+01   0.145049E+01   0.134724E+02   0.159539E+01   0.293547E+00
 0.148252E+01   0.145534E+01   0.134726E+02   0.160126E+01   0.294045E+00
 0.148534E+01   0.146021E+01   0.134858E+02   0.160716E+01   0.294543E+00
 0.148816E+01   0.146505E+01   0.134848E+02   0.161301E+01   0.295040E+00
 0.149098E+01   0.146988E+01   0.134890E+02   0.161887E+01   0.295538E+00
 0.149380E+01   0.147472E+01   0.134969E+02   0.162474E+01   0.296035E+00
 0.149662E+01   0.147955E+01   0.135031E+02   0.163060E+01   0.296531E+00
 0.149944E+01   0.148436E+01   0.135052E+02   0.163644E+01   0.297027E+00
 0.150227E+01   0.148916E+01   0.135097E+02   0.164228E+01   0.297523E+00
 0.150509E+01   0.149397E+01   0.135177E+02   0.164812E+01   0.298018E+00
 0.150791E+01   0.149875E+01   0.135183E+02   0.165394E+01   0.298514E+00
 0.151073E+01   0.150353E+01   0.135228E+02   0.165976E+01   0.299008E+00
 0.151355E+01   0.150830E+01   0.135269E+02   0.166557E+01   0.299503E+00
 0.151637E+01   0.151306E+01   0.135307E+02   0.167138E+01   0.299997E+00
 0.151919E+01   0.151782E+01   0.135393E+02   0.167719E+01   0.300490E+00
 0.152201E+01   0.152256E+01   0.135399E+02   0.168298E+01   0.300984E+00
 0.152483E+01   0.152731E+01   0.135501E+02   0.168878E+01   0.301477E+00
 0.152765E+01   0.153203E+01   0.135515E+02   0.169455E+01   0.301969E+00
 0.153047E+01   0.153674E+01   0.135541E+02   0.170032E+01   0.302462E+00
 0.153329E+01   0.154144E+01   0.135565E+02   0.170607E+01   0.302954E+00
 0.153611E+01   0.154613E+01   0.135598E+02   0.171183E+01   0.303445E+00
 0.153893E+01   0.155083E+01   0.135674E+02   0.171758E+01   0.303936E+00
 0.154175E+01   0.155550E+01   0.135676E+02   0.172331E+01   0.304427E+00
 0.154457E+01   0.156017E+01   0.135723E+02   0.172905E+01   0.304918E+00
 0.154739E+01   0.156483E+01   0.135774E+02   0.173477E+01   0.305408E+00
 0.155021E+01   0.156947E+01   0.135810E+02   0.174048E+01   0.305898E+00
 0.155303E+01   0.157410E+01   0.135833E+02   0.174618E+01   0.306387E+00
 0.155585E+01   0.157874E+01   0.135902E+02   0.175189E+01   0.306876E+00
 0.155867E+01   0.158334E+01   0.135906E+02   0.175756E+01   0.307365E+00
 0.156149E+01   0.158795E+01   0.135950E+02   0.176324E+01   0.307854E+00
 0.156431E+01   0.159255E+01   0.135999E+02   0.176892E+01   0.308342E+00
 0.156713E+01   0.159713E+01   0.136043E+02   0.177458E+01   0.308829E+00
 0.156995E+01   0.160171E+01   0.136106E+02   0.178023E+01   0.309317E+00
 0.157277E+01   0.160626E+01   0.136119E+02   0.178587E+01   0.309804E+00
 0.157559E+01   0.161082E+01   0.136177E+02   0.179150E+01   0.310290E+00
 0.157841E+01   0.161536E+01   0.136219E+02   0.179712E+01   0.310777E+00
 0.158123E+01   0.161989E+01   0.136263E+02   0.180274E+01   0.311263E+00
 0.158405E+01   0.162440E+01   0.136254E+02   0.180832E+01   0.311748E+00
 0.158687E+01   0.162890E+01   0.136293E+02   0.181392E+01   0.312234E+00
 0.158969E+01   0.163340E+01   0.136332E+02   0.181950E+01   0.312718E+00
 0.159251E+01   0.163788E+01   0.136366E+02   0.182507E+01   0.313203E+00
 0.159533E+01   0.164235E+01   0.136388E+02   0.183062E+01   0.313687E+00
 0.159815E+01   0.164681E+01   0.136422E+02   0.183617E+01   0.314171E+00
 0.160097E+01   0.165127E+01   0.136519E+02   0.184172E+01   0.314655E+00
 0.160379E+01   0.165571E+01   0.136566E+02   0.184725E+01   0.315138E+00
 0.160661E+01   0.166013E+01   0.136574E+02   0.185276E+01   0.315621E+00
 0.160943E+01   0.166454E+01   0.136581E+02   0.185826E+01   0.316103E+00
 0.161225E+01   0.166895E+01   0.136666E+02   0.186377E+01   0.316585E+00
 0.161507E+01   0.167332E+01   0.136645E+02   0.186923E+01   0.317067E+00
 0.161789E+01   0.167770E+01   0.136671E+02   0.187470E+01   0.317548E+00
 0.162071E+01   0.168207E+01   0.136739E+02   0.188017E+01   0.318029E+00
 0.162353E+01   0.168641E+01   0.136719E+02   0.188561E+01   0.318510E+00
 0.162635E+01   0.169077E+01   0.136805E+02   0.189106E+01   0.318990E+00
 0.162917E+01   0.169508E+01   0.136771E+02   0.189646E+01   0.319470E+00
 0.163199E+01   0.169940E+01   0.136829E+02   0.190188E+01   0.319950E+00
 0.163481E+01   0.170371E+01   0.136899E+02   0.190730E+01   0.320429E+00
 0.163763E+01   0.170801E+01   0.136949E+02   0.191269E+01   0.320908E+00
 0.164045E+01   0.171227E+01   0.136914E+02   0.191805E+01   0.321387E+00
 0.164327E+01   0.171654E+01   0.136945E+02   0.192341E+01   0.321865E+00
 0.164609E+01   0.172079E+01   0.136973E+02   0.192877E+01   0.322343E+00
 0.164891E+01   0.172504E+01   0.137040E+02   0.193412E+01   0.322821E+00
 0.165173E+01   0.172926E+01   0.137023E+02   0.193943E+01   0.323298E+00
 0.165455E+01   0.173349E+01   0.137097E+02   0.194476E+01   0.323775E+00
 0.165737E+01   0.173768E+01   0.137089E+02   0.195005E+01   0.324251E+00
 0.166019E+01   0.174189E+01   0.137194E+02   0.195536E+01   0.324727E+00
 0.166301E+01   0.174605E+01   0.137138E+02   0.196062E+01   0.325203E+00
 0.166583E+01   0.175022E+01   0.137202E+02   0.196589E+01   0.325679E+00
 0.166865E+01   0.175437E+01   0.137201E+02   0.197114E+01   0.326154E+00
 0.167147E+01   0.175852E+01   0.137295E+02   0.197640E+01   0.326629E+00
 0.167429E+01   0.176265E+01   0.137324E+02   0.198162E+01   0.327103E+00
 0.167711E+01   0.176675E+01   0.137273E+02   0.198682E+01   0.327577E+00
 0.167993E+01   0.177085E+01   0.137332E+02   0.199203E+01   0.328051E+00
 0.168275E+01   0.177494E+01   0.137370E+02   0.199722E+01   0.328524E+00
 0.168558E+01   0.177903E+01   0.137421E+02   0.200240E+01   0.328997E+00
 0.168840E+01   0.178307E+01   0.137384E+02   0.200754E+01   0.329470E+00
 0.169122E+01   0.178712E+01   0.137411E+02   0.201269E+01   0.329942E+00
 0.169404E+01   0.179117E+01   0.137486E+02   0.201784E+01   0.330414E+00
 0.169686E+01   0.179519E+01   0.137493E+02   0.202296E+01   0.330886E+00
 0.169968E+01   0.179918E+01   0.137461E+02   0.202805E+01   0.331357E+00
 0.170250E+01   0.180320E+01   0.137557E+02   0.203317E+01   0.331828E+00
 0.170532E+01   0.180718E+01   0.137594E+02   0.203825E+01   0.332299E+00
 0.170814E+01   0.181114E+01   0.137560E+02   0.204330E+01   0.332769E+00
 0.171096E+01   0.181509E+01   0.137560E+02   0.204835E+01   0.333239E+00
 0.171378E+01   0.181905E+01   0.137653E+02   0.205341E+01   0.333709E+00
 0.171660E+01   0.182298E+01   0.137678E+02   0.205844E+01   0.334178E+00
 0.171942E+01   0.182690E+01   0.137712E+02   0.206346E+01   0.334647E+00
 0.172224E+01   0.183079E+01   0.137657E+02   0.206843E+01   0.335115E+00
 0.172506E+01   0.183469E+01   0.137718E+02   0.207343E+01   0.335584E+00
 0.172788E+01   0.183857E+01   0.137764E+02   0.207841E+01   0.336052E+00
 0.173070E+01   0.184243E+01   0.137741E+02   0.208336E+01   0.336519E+00
 0.173352E+01   0.184629E+01   0.137808E+02   0.208832E+01   0.336986E+00
 0.173634E+01   0.185013E+01   0.137817E+02   0.209324E+01   0.337453E+00
 0.173916E+01   0.185395E+01   0.137833E+02   0.209816E+01   0.337920E+00
 0.174198E+01   0.185776E+01   0.137852E+02   0.210306E+01   0.338386E+00
 0.174480E+01   0.186156E+01   0.137854E+02   0.210795E+01   0.338852E+00
 0.174762E+01   0.186535E+01   0.137924E+02   0.211284E+01   0.339317E+00
 0.175044E+01   0.186912E+01   0.137919E+02   0.211769E+01   0.339782E+00
 0.175326E+01   0.187288E+01   0.137961E+02   0.212254E+01   0.340247E+00
 0.175608E+01   0.187662E+01   0.137926E+02   0.212736E+01   0.340712E+00
 0.175890E+01   0.188036E+01   0.137995E+02   0.213219E+01   0.341176E+00
 0.176172E+01   0.188408E+01   0.138014E+02   0.213700E+01   0.341640E+00
 0.176454E+01   0.188779E+01   0.138047E+02   0.214179E+01   0.342103E+00
 0.176736E+01   0.189148E+01   0.138050E+02   0.214657E+01   0.342566E+00
 0.177018E+01   0.189514E+01   0.137996E+02   0.215131E+01   0.343029E+00
 0.177300E+01   0.189883E+01   0.138096E+02   0.215608E+01   0.343491E+00
 0.177582E+01   0.190247E+01   0.138057E+02   0.216080E+01   0.343954E+00
 0.177864E+01   0.190612E+01   0.138137E+02   0.216553E+01   0.344415E+00
 0.178146E+01   0.190973E+01   0.138059E+02   0.217021E+01   0.344877E+00
 0.178428E+01   0.191335E+01   0.138116E+02   0.217492E+01   0.345338E+00
 0.178710E+01   0.191694E+01   0.138106E+02   0.217958E+01   0.345799E+00
 0.178992E+01   0.192054E+01   0.138165E+02   0.218426E+01   0.346259E+00
 0.179274E+01   0.192412E+01   0.138198E+02   0.218891E+01   0.346719E+00
 0.179556E+01   0.192767E+01   0.138189E+02   0.219354E+01   0.347179E+00
 0.179838E+01   0.193123E+01   0.138232E+02   0.219817E+01   0.347638E+00
 0.180120E+01   0.193476E+01   0.138254E+02   0.220278E+01   0.348097E+00
 0.180402E+01   0.193829E+01   0.138282E+02   0.220737E+01   0.348556E+00
 0.180684E+01   0.194180E+01   0.138301E+02   0.221195E+01   0.349015E+00
 0.180966E+01   0.194529E+01   0.138304E+02   0.221651E+01   0.349473E+00
 0.181248E+01   0.194877E+01   0.138323E+02   0.222106E+01   0.349931E+00
 0.181530E+01   0.195224E+01   0.138332E+02   0.222559E+01   0.350388E+00
 0.181812E+01   0.195570E+01   0.138345E+02   0.223011E+01   0.350845E+00
 0.182094E+01   0.195913E+01   0.138305E+02   0.223460E+01   0.351302E+00
 0.182376E+01   0.196256E+01   0.138336E+02   0.223910E+01   0.351758E+00
 0.182658E+01   0.196598E+01   0.138369E+02   0.224358E+01   0.352214E+00
 0.182940E+01   0.196939E+01   0.138373E+02   0.224804E+01   0.352670E+00
 0.183222E+01   0.197276E+01   0.138336E+02   0.225247E+01   0.353126E+00
 0.183504E+01   0.197616E+01   0.138431E+02   0.225693E+01   0.353581E+00
 0.183786E+01   0.197951E+01   0.138383E+02   0.226133E+01   0.354036E+00
 0.184068E+01   0.198287E+01   0.138422E+02   0.226574E+01   0.354490E+00
 0.184350E+01   0.198622E+01   0.138456E+02   0.227014E+01   0.354944E+00
 0.184632E+01   0.198954E+01   0.138424E+02   0.227450E+01   0.355398E+00
 0.184914E+01   0.199284E+01   0.138415E+02   0.227886E+01   0.355851E+00
 0.185196E+01   0.199616E+01   0.138474E+02   0.228322E+01   0.356305E+00
 0.185478E+01   0.199944E+01   0.138472E+02   0.228755E+01   0.356757E+00
 0.185760E+01   0.200271E+01   0.138454E+02   0.229186E+01   0.357210E+00
 0.186042E+01   0.200599E+01   0.138549E+02   0.229619E+01   0.357662E+00
 0.186324E+01   0.200924E+01   0.138546E+02   0.230048E+01   0.358114E+00
 0.186607E+01   0.201248E+01   0.138564E+02   0.230476E+01   0.358565E+00
 0.186889E+01   0.201570E+01   0.138534E+02   0.230901E+01   0.359017E+00
 0.187171E+01   0.201892E+01   0.138570E+02   0.231326E+01   0.359468E+00
 0.187453E+01   0.202211E+01   0.138574E+02   0.231749E+01   0.359918E+00
 0.187735E+01   0.202530E+01   0.138589E+02   0.232172E+01   0.360368E+00
 0.188017E+01   0.202847E+01   0.138575E+02   0.232591E+01   0.360818E+00
 0.188299E+01   0.203164E+01   0.138602E+02   0.233011E+01   0.361268E+00
 0.188581E+01   0.203477E+01   0.138551E+02   0.233427E+01   0.361717E+00
 0.188863E+01   0.203793E+01   0.138653E+02   0.233846E+01   0.362166E+00
 0.189145E+01   0.204105E+01   0.138611E+02   0.234259E+01   0.362615E+00
 0.189427E+01   0.204416E+01   0.138626E+02   0.234673E+01   0.363063E+00
 0.189709E+01   0.204727E+01   0.138652E+02   0.235085E+01   0.363511E+00
 0.189991E+01   0.205035E+01   0.138645E+02   0.235496E+01   0.363959E+00
 0.190273E+01   0.205343E+01   0.138666E+02   0.235905E+01   0.364406E+00
 0.190555E+01   0.205648E+01   0.138637E+02   0.236312E+01   0.364853E+00
 0.190837E+01   0.205953E+01   0.138639E+02   0.236718E+01   0.365300E+00
 0.191119E+01   0.206258E+01   0.138698E+02   0.237125E+01   0.365746E+00
 0.191401E+01   0.206562E+01   0.138721E+02   0.237529E+01   0.366192E+00
 0.191683E+01   0.206863E+01   0.138731E+02   0.237931E+01   0.366638E+00
 0.191965E+01   0.207163E+01   0.138729E+02   0.238332E+01   0.367083E+00
 0.192247E+01   0.207462E+01   0.138729E+02   0.238731E+01   0.367528E+00
 0.192529E+01   0.207760E+01   0.138743E+02   0.239129E+01   0.367973E+00
 0.192811E+01   0.208055E+01   0.138692E+02   0.239524E+01   0.368418E+00
 0.193093E+01   0.208350E+01   0.138684E+02   0.239919E+01   0.368862E+00
 0.193375E+01   0.208646E+01   0.138762E+02   0.240315E+01   0.369306E+00
 0.193657E+01   0.208938E+01   0.138720E+02   0.240706E+01   0.369749E+00
 0.193939E+01   0.209231E+01   0.138765E+02   0.241098E+01   0.370192E+00
 0.194221E+01   0.209522E+01   0.138777E+02   0.241488E+01   0.370635E+00
 0.194503E+01   0.209812E+01   0.138801E+02   0.241877E+01   0.371078E+00
 0.194785E+01   0.210100E+01   0.138810E+02   0.242264E+01   0.371520E+00
 0.195067E+01   0.210386E+01   0.138743E+02   0.242647E+01   0.371962E+00
 0.195349E+01   0.210672E+01   0.138754E+02   0.243032E+01   0.372404E+00
 0.195631E+01   0.210957E+01   0.138759E+02   0.243415E+01   0.372845E+00
 0.195913E+01   0.211240E+01   0.138757E+02   0.243796E+01   0.373286E+00
 0.196195E+01   0.211524E+01   0.138812E+02   0.244178E+01   0.373727E+00
 0.196477E+01   0.211804E+01   0.138772E+02   0.244555E+01   0.374167E+00
 0.196759E+01   0.212084E+01   0.138775E+02   0.244933E+01   0.374607E+00
 0.197041E+01   0.212363E+01   0.138792E+02   0.245309E+01   0.375047E+00
 0.197323E+01   0.212641E+01   0.138784E+02   0.245683E+01   0.375486E+00
 0.197605E+01   0.212918E+01   0.138801E+02   0.246057E+01   0.375926E+00
 0.197887E+01   0.213193E+01   0.138791E+02   0.246429E+01   0.376364E+00
 0.198169E+01   0.213468E+01   0.138799E+02   0.246800E+01   0.376803E+00
 0.198451E+01   0.213741E+01   0.138808E+02   0.247169E+01   0.377241E+00
 0.198733E+01   0.214013E+01   0.138803E+02   0.247537E+01   0.377679E+00
 0.199015E+01   0.214286E+01   0.138861E+02   0.247905E+01   0.378117E+00
 0.199297E+01   0.214556E+01   0.138884E+02   0.248271E+01   0.378554E+00
 0.199579E+01   0.214823E+01   0.138795E+02   0.248632E+01   0.378991E+00
 0.199861E+01   0.215091E+01   0.138823E+02   0.248996E+01   0.379428E+00
 0.200143E+01   0.215357E+01   0.138821E+02   0.249357E+01   0.379864E+00
 0.200425E+01   0.215623E+01   0.138835E+02   0.249718E+01   0.380300E+00
 0.200707E+01   0.215887E+01   0.138835E+02   0.250076E+01   0.380736E+00
 0.200989E+01   0.216152E+01   0.138877E+02   0.250435E+01   0.381172E+00
 0.201271E+01   0.216414E+01   0.138902E+02   0.250792E+01   0.381607E+00
 0.201553E+01   0.216675E+01   0.138906E+02   0.251147E+01   0.382042E+00
 0.201835E+01   0.216933E+01   0.138810E+02   0.251497E+01   0.382476E+00
 0.202117E+01   0.217193E+01   0.138838E+02   0.251850E+01   0.382910E+00
 0.202399E+01   0.217451E+01   0.138869E+02   0.252202E+01   0.383344E+00
 0.202681E+01   0.217707E+01   0.138837E+02   0.252551E+01   0.383778E+00
 0.202963E+01   0.217963E+01   0.138858E+02   0.252900E+01   0.384211E+00
 0.203245E+01   0.218219E+01   0.138906E+02   0.253248E+01   0.384645E+00
 0.203527E+01   0.218472E+01   0.138883E+02   0.253593E+01   0.385077E+00
 0.203809E+01   0.218723E+01   0.138826E+02   0.253936E+01   0.385510E+00
 0.204091E+01   0.218976E+01   0.138871E+02   0.254281E+01   0.385942E+00
 0.204373E+01   0.219226E+01   0.138880E+02   0.254623E+01   0.386374E+00
 0.204656E+01   0.219476E+01   0.138888E+02   0.254964E+01   0.386805E+00
 0.204938E+01   0.219724E+01   0.138908E+02   0.255304E+01   0.387237E+00
 0.205220E+01   0.219970E+01   0.138847E+02   0.255640E+01   0.387668E+00
 0.205502E+01   0.220216E+01   0.138848E+02   0.255977E+01   0.388098E+00
 0.205784E+01   0.220462E+01   0.138867E+02   0.256313E+01   0.388529E+00
 0.206066E+01   0.220705E+01   0.138849E+02   0.256647E+01   0.388959E+00
 0.206348E+01   0.220949E+01   0.138874E+02   0.256981E+01   0.389389E+00
 0.206630E+01   0.221191E+01   0.138869E+02   0.257313E+01   0.389818E+00
 0.206912E+01   0.221431E+01   0.138844E+02   0.257642E+01   0.390247E+00
 0.207194E+01   0.221671E+01   0.138846E+02   0.257972E+01   0.390676E+00
 0.207476E+01   0.221911E+01   0.138851E+02   0.258300E+01   0.391105E+00
 0.207758E+01   0.222149E+01   0.138863E+02   0.258628E+01   0.391533E+00
 0.208040E+01   0.222387E+01   0.138899E+02   0.258955E+01   0.391961E+00
 0.208322E+01   0.222621E+01   0.138836E+02   0.259277E+01   0.392389E+00
 0.208604E+01   0.222857E+01   0.138870E+02   0.259601E+01   0.392816E+00
 0.208886E+01   0.223091E+01   0.138853E+02   0.259923E+01   0.393244E+00
 0.209168E+01   0.223325E+01   0.138903E+02   0.260245E+01   0.393670E+00
 0.209450E+01   0.223556E+01   0.138862E+02   0.260564E+01   0.394097E+00
 0.209732E+01   0.223788E+01   0.138910E+02   0.260884E+01   0.394523E+00
 0.210014E+01   0.224017E+01   0.138869E+02   0.261200E+01   0.394949E+00
 0.210296E+01   0.224246E+01   0.138861E+02   0.261516E+01   0.395375E+00
 0.210578E+01   0.224475E+01   0.138899E+02   0.261832E+01   0.395800E+00
 0.210860E+01   0.224700E+01   0.138831E+02   0.262143E+01   0.396226E+00
 0.211142E+01   0.224927E+01   0.138849E+02   0.262456E+01   0.396650E+00
 0.211424E+01   0.225152E+01   0.138845E+02   0.262767E+01   0.397075E+00
 0.211706E+01   0.225376E+01   0.138844E+02   0.263077E+01   0.397499E+00
 0.211988E+01   0.225599E+01   0.138831E+02   0.263386E+01   0.397923E+00
 0.212270E+01   0.225823E+01   0.138900E+02   0.263696E+01   0.398347E+00
 0.212552E+01   0.226042E+01   0.138812E+02   0.264000E+01   0.398770E+00
 0.212834E+01   0.226263E+01   0.138809E+02   0.264305E+01   0.399193E+00
 0.213116E+01   0.226482E+01   0.138812E+02   0.264609E+01   0.399616E+00
 0.213398E+01   0.226702E+01   0.138831E+02   0.264913E+01   0.400039E+00
 0.213680E+01   0.226920E+01   0.138873E+02   0.265217E+01   0.400461E+00
 0.213962E+01   0.227137E+01   0.138882E+02   0.265518E+01   0.400883E+00
 0.214244E+01   0.227352E+01   0.138829E+02   0.265816E+01   0.401305E+00
 0.214526E+01   0.227567E+01   0.138859E+02   0.266115E+01   0.401726E+00
 0.214808E+01   0.227781E+01   0.138831E+02   0.266412E+01   0.402147E+00
 0.215090E+01   0.227994E+01   0.138854E+02   0.266709E+01   0.402568E+00
 0.215372E+01   0.228206E+01   0.138860E+02   0.267004E+01   0.402989E+00
 0.215654E+01   0.228418E+01   0.138854E+02   0.267298E+01   0.403409E+00
 0.215936E+01   0.228627E+01   0.138821E+02   0.267590E+01   0.403829E+00
 0.216218E+01   0.228838E+01   0.138862E+02   0.267883E+01   0.404249E+00
 0.216500E+01   0.229045E+01   0.138811E+02   0.268172E+01   0.404668E+00
 0.216782E+01   0.229253E+01   0.138831E+02   0.268462E+01   0.405088E+00
 0.217064E+01   0.229459E+01   0.138802E+02   0.268749E+01   0.405506E+00
 0.217346E+01   0.229666E+01   0.138827E+02   0.269038E+01   0.405925E+00
 0.217628E+01   0.229870E+01   0.138794E+02   0.269323E+01   0.406343E+00
 0.217910E+01   0.230073E+01   0.138756E+02   0.269606E+01   0.406761E+00
 0.218192E+01   0.230278E+01   0.138836E+02   0.269893E+01   0.407179E+00
 0.218474E+01   0.230479E+01   0.138764E+02   0.270174E+01   0.407597E+00
 0.218756E+01   0.230681E+01   0.138793E+02   0.270456E+01   0.408014E+00
 0.219038E+01   0.230880E+01   0.138746E+02   0.270735E+01   0.408431E+00
 0.219320E+01   0.231081E+01   0.138773E+02   0.271016E+01   0.408848E+00
 0.219602E+01   0.231280E+01   0.138803E+02   0.271296E+01   0.409264E+00
 0.219884E+01   0.231477E+01   0.138739E+02   0.271571E+01   0.409680E+00
 0.220166E+01   0.231675E+01   0.138789E+02   0.271849E+01   0.410096E+00
 0.220448E+01   0.231871E+01   0.138745E+02   0.272123E+01   0.410512E+00
 0.220730E+01   0.232066E+01   0.138730E+02   0.272397E+01   0.410927E+00
 0.221012E+01   0.232261E+01   0.138727E+02   0.272670E+01   0.411342E+00
 0.221294E+01   0.232454E+01   0.138708E+02   0.272941E+01   0.411757E+00
 0.221576E+01   0.232647E+01   0.138703E+02   0.273212E+01   0.412171E+00
 0.221858E+01   0.232839E+01   0.138712E+02   0.273483E+01   0.412585E+00
 0.222140E+01   0.233030E+01   0.138701E+02   0.273751E+01   0.412999E+00
 0.222422E+01   0.233220E+01   0.138673E+02   0.274018E+01   0.413413E+00
 0.222704E+01   0.233412E+01   0.138759E+02   0.274288E+01   0.413826E+00
 0.222987E+01   0.233598E+01   0.138659E+02   0.274551E+01   0.414240E+00
 0.223269E+01   0.233787E+01   0.138678E+02   0.274816E+01   0.414652E+00
 0.223551E+01   0.233973E+01   0.138645E+02   0.275079E+01   0.415065E+00
 0.223833E+01   0.234160E+01   0.138643E+02   0.275342E+01   0.415477E+00
 0.224115E+01   0.234346E+01   0.138640E+02   0.275603E+01   0.415889E+00
 0.224397E+01   0.234533E+01   0.138722E+02   0.275867E+01   0.416301E+00
 0.224679E+01   0.234715E+01   0.138649E+02   0.276125E+01   0.416713E+00
 0.224961E+01   0.234898E+01   0.138649E+02   0.276383E+01   0.417124E+00
 0.225243E+01   0.235081E+01   0.138675E+02   0.276642E+01   0.417535E+00
 0.225525E+01   0.235262E+01   0.138638E+02   0.276897E+01   0.417946E+00
 0.225807E+01   0.235444E+01   0.138665E+02   0.277154E+01   0.418356E+00
 0.226089E+01   0.235624E+01   0.138683E+02   0.277410E+01   0.418766E+00
 0.226371E+01   0.235802E+01   0.138619E+02   0.277661E+01   0.419176E+00
 0.226653E+01   0.235981E+01   0.138615E+02   0.277914E+01   0.419586E+00
 0.226935E+01   0.236159E+01   0.138645E+02   0.278167E+01   0.419995E+00
 0.227217E+01   0.236335E+01   0.138600E+02   0.278416E+01   0.420405E+00
 0.227499E+01   0.236513E+01   0.138652E+02   0.278667E+01   0.420813E+00
 0.227781E+01   0.236688E+01   0.138651E+02   0.278916E+01   0.421222E+00
 0.228063E+01   0.236861E+01   0.138547E+02   0.279160E+01   0.421630E+00
 0.228345E+01   0.237035E+01   0.138541E+02   0.279407E+01   0.422039E+00
 0.228627E+01   0.237210E+01   0.138625E+02   0.279656E+01   0.422446E+00
 0.228909E+01   0.237381E+01   0.138543E+02   0.279898E+01   0.422854E+00
 0.229191E+01   0.237552E+01   0.138538E+02   0.280142E+01   0.423261E+00
 0.229473E+01   0.237723E+01   0.138518E+02   0.280384E+01   0.423668E+00
 0.229755E+01   0.237893E+01   0.138516E+02   0.280626E+01   0.424075E+00
 0.230037E+01   0.238063E+01   0.138516E+02   0.280868E+01   0.424482E+00
 0.230319E+01   0.238231E+01   0.138494E+02   0.281107E+01   0.424888E+00
 0.230601E+01   0.238401E+01   0.138575E+02   0.281349E+01   0.425294E+00
 0.230883E+01   0.238566E+01   0.138475E+02   0.281584E+01   0.425700E+00
 0.231165E+01   0.238734E+01   0.138496E+02   0.281822E+01   0.426105E+00
 0.231447E+01   0.238901E+01   0.138544E+02   0.282061E+01   0.426510E+00
 0.231729E+01   0.239064E+01   0.138468E+02   0.282293E+01   0.426915E+00
 0.232011E+01   0.239229E+01   0.138469E+02   0.282528E+01   0.427320E+00
 0.232293E+01   0.239392E+01   0.138461E+02   0.282762E+01   0.427725E+00
 0.232575E+01   0.239556E+01   0.138479E+02   0.282995E+01   0.428129E+00
 0.232857E+01   0.239718E+01   0.138445E+02   0.283226E+01   0.428533E+00
 0.233139E+01   0.239881E+01   0.138507E+02   0.283459E+01   0.428936E+00
 0.233421E+01   0.240040E+01   0.138418E+02   0.283686E+01   0.429340E+00
 0.233703E+01   0.240200E+01   0.138401E+02   0.283914E+01   0.429743E+00
 0.233985E+01   0.240360E+01   0.138413E+02   0.284143E+01   0.430146E+00
 0.234267E+01   0.240518E+01   0.138405E+02   0.284370E+01   0.430549E+00
 0.234549E+01   0.240677E+01   0.138412E+02   0.284597E+01   0.430951E+00
 0.234831E+01   0.240834E+01   0.138409E+02   0.284822E+01   0.431353E+00
 0.235113E+01   0.240991E+01   0.138396E+02   0.285047E+01   0.431755E+00
 0.235395E+01   0.241147E+01   0.138380E+02   0.285270E+01   0.432157E+00
 0.235677E+01   0.241304E+01   0.138426E+02   0.285494E+01   0.432558E+00
 0.235959E+01   0.241457E+01   0.138374E+02   0.285715E+01   0.432960E+00
 0.236241E+01   0.241611E+01   0.138356E+02   0.285935E+01   0.433360E+00
 0.236523E+01   0.241765E+01   0.138378E+02   0.286156E+01   0.433761E+00
 0.236805E+01   0.241918E+01   0.138373E+02   0.286375E+01   0.434162E+00
 0.237087E+01   0.242069E+01   0.138306E+02   0.286591E+01   0.434562E+00
 0.237369E+01   0.242221E+01   0.138339E+02   0.286811E+01   0.434962E+00
 0.237651E+01   0.242371E+01   0.138304E+02   0.287026E+01   0.435361E+00
 0.237933E+01   0.242521E+01   0.138288E+02   0.287241E+01   0.435761E+00
 0.238215E+01   0.242671E+01   0.138309E+02   0.287457E+01   0.436160E+00
 0.238497E+01   0.242821E+01   0.138340E+02   0.287673E+01   0.436559E+00
 0.238779E+01   0.242969E+01   0.138332E+02   0.287886E+01   0.436958E+00
 0.239061E+01   0.243116E+01   0.138310E+02   0.288098E+01   0.437356E+00
 0.239343E+01   0.243264E+01   0.138321E+02   0.288310E+01   0.437754E+00
 0.239625E+01   0.243410E+01   0.138308E+02   0.288520E+01   0.438152E+00
 0.239907E+01   0.243554E+01   0.138251E+02   0.288729E+01   0.438550E+00
 0.240189E+01   0.243701E+01   0.138292E+02   0.288939E+01   0.438947E+00
 0.240471E+01   0.243843E+01   0.138205E+02   0.289145E+01   0.439345E+00
 0.240753E+01   0.243987E+01   0.138206E+02   0.289352E+01   0.439742E+00
 0.241035E+01   0.244132E+01   0.138269E+02   0.289561E+01   0.440138E+00
 0.241318E+01   0.244273E+01   0.138190E+02   0.289764E+01   0.440535E+00
 0.241600E+01   0.244415E+01   0.138200E+02   0.289970E+01   0.440931E+00
 0.241882E+01   0.244555E+01   0.138163E+02   0.290173E+01   0.441327E+00
 0.242164E+01   0.244697E+01   0.138190E+02   0.290378E+01   0.441723E+00
 0.242446E+01   0.244836E+01   0.138151E+02   0.290579E+01   0.442118E+00
 0.242728E+01   0.244976E+01   0.138157E+02   0.290781E+01   0.442514E+00
 0.243010E+01   0.245116E+01   0.138176E+02   0.290983E+01   0.442909E+00
 0.243292E+01   0.245252E+01   0.138101E+02   0.291180E+01   0.443303E+00
 0.243574E+01   0.245391E+01   0.138127E+02   0.291381E+01   0.443698E+00
 0.243856E+01   0.245527E+01   0.138093E+02   0.291578E+01   0.444092E+00
 0.244138E+01   0.245664E+01   0.138096E+02   0.291777E+01   0.444486E+00
 0.244420E+01   0.245799E+01   0.138059E+02   0.291972E+01   0.444880E+00
 0.244702E+01   0.245936E+01   0.138111E+02   0.292171E+01   0.445274E+00
 0.244984E+01   0.246070E+01   0.138083E+02   0.292365E+01   0.445667E+00
 0.245266E+01   0.246205E+01   0.138095E+02   0.292561E+01   0.446060E+00
 0.245548E+01   0.246338E+01   0.138083E+02   0.292754E+01   0.446453E+00
 0.245830E+01   0.246472E+01   0.138092E+02   0.292948E+01   0.446846E+00
 0.246112E+01   0.246604E+01   0.138078E+02   0.293140E+01   0.447238E+00
 0.246394E+01   0.246736E+01   0.138065E+02   0.293331E+01   0.447630E+00
 0.246676E+01   0.246866E+01   0.138001E+02   0.293520E+01   0.448022E+00
 0.246958E+01   0.246996E+01   0.137984E+02   0.293710E+01   0.448414E+00
 0.247240E+01   0.247127E+01   0.137998E+02   0.293900E+01   0.448805E+00
 0.247522E+01   0.247257E+01   0.138020E+02   0.294089E+01   0.449197E+00
 0.247804E+01   0.247386E+01   0.138005E+02   0.294277E+01   0.449588E+00
 0.248086E+01   0.247515E+01   0.138001E+02   0.294464E+01   0.449978E+00
 0.248368E+01   0.247641E+01   0.137928E+02   0.294648E+01   0.450369E+00
 0.248650E+01   0.247769E+01   0.137937E+02   0.294834E+01   0.450759E+00
 0.248932E+01   0.247897E+01   0.137973E+02   0.295020E+01   0.451149E+00
 0.249214E+01   0.248023E+01   0.137961E+02   0.295204E+01   0.451539E+00
 0.249496E+01   0.248149E+01   0.137967E+02   0.295388E+01   0.451929E+00
 0.249778E+01   0.248273E+01   0.137920E+02   0.295569E+01   0.452318E+00
 0.250060E+01   0.248398E+01   0.137931E+02   0.295752E+01   0.452707E+00
 0.250342E+01   0.248523E+01   0.137937E+02   0.295933E+01   0.453096E+00
 0.250624E+01   0.248646E+01   0.137913E+02   0.296113E+01   0.453485E+00
 0.250906E+01   0.248767E+01   0.137829E+02   0.296290E+01   0.453873E+00
 0.251188E+01   0.248892E+01   0.137906E+02   0.296472E+01   0.454261E+00
 0.251470E+01   0.249013E+01   0.137845E+02   0.296648E+01   0.454649E+00
 0.251752E+01   0.249134E+01   0.137834E+02   0.296826E+01   0.455037E+00
 0.252034E+01   0.249254E+01   0.137787E+02   0.297001E+01   0.455425E+00
 0.252316E+01   0.249375E+01   0.137801E+02   0.297178E+01   0.455812E+00
 0.252598E+01   0.249495E+01   0.137795E+02   0.297353E+01   0.456199E+00
 0.252880E+01   0.249614E+01   0.137786E+02   0.297528E+01   0.456586E+00
 0.253162E+01   0.249734E+01   0.137815E+02   0.297703E+01   0.456972E+00
 0.253444E+01   0.249851E+01   0.137759E+02   0.297875E+01   0.457359E+00
 0.253726E+01   0.249969E+01   0.137763E+02   0.298048E+01   0.457745E+00
 0.254008E+01   0.250086E+01   0.137741E+02   0.298220E+01   0.458131E+00
 0.254290E+01   0.250204E+01   0.137785E+02   0.298393E+01   0.458516E+00
 0.254572E+01   0.250320E+01   0.137722E+02   0.298561E+01   0.458902E+00
 0.254854E+01   0.250436E+01   0.137733E+02   0.298732E+01   0.459287E+00
 0.255136E+01   0.250551E+01   0.137737E+02   0.298901E+01   0.459672E+00
 0.255418E+01   0.250665E+01   0.137680E+02   0.299068E+01   0.460057E+00
 0.255700E+01   0.250781E+01   0.137719E+02   0.299238E+01   0.460441E+00
 0.255982E+01   0.250893E+01   0.137648E+02   0.299403E+01   0.460826E+00
 0.256264E+01   0.251008E+01   0.137698E+02   0.299571E+01   0.461210E+00
 0.256546E+01   0.251120E+01   0.137686E+02   0.299737E+01   0.461594E+00
 0.256828E+01   0.251232E+01   0.137647E+02   0.299901E+01   0.461978E+00
 0.257110E+01   0.251342E+01   0.137577E+02   0.300063E+01   0.462361E+00
 0.257392E+01   0.251455E+01   0.137613E+02   0.300229E+01   0.462744E+00
 0.257674E+01   0.251567E+01   0.137632E+02   0.300393E+01   0.463127E+00
 0.257956E+01   0.251676E+01   0.137585E+02   0.300554E+01   0.463510E+00
 0.258238E+01   0.251786E+01   0.137585E+02   0.300716E+01   0.463893E+00
 0.258520E+01   0.251896E+01   0.137564E+02   0.300877E+01   0.464275E+00
 0.258802E+01   0.252005E+01   0.137551E+02   0.301038E+01   0.464657E+00
 0.259084E+01   0.252112E+01   0.137505E+02   0.301196E+01   0.465039E+00
 0.259367E+01   0.252222E+01   0.137554E+02   0.301358E+01   0.465421E+00
 0.259649E+01   0.252330E+01   0.137559E+02   0.301517E+01   0.465802E+00
 0.259931E+01   0.252435E+01   0.137489E+02   0.301673E+01   0.466183E+00
 0.260213E+01   0.252543E+01   0.137510E+02   0.301831E+01   0.466564E+00
 0.260495E+01   0.252649E+01   0.137491E+02   0.301988E+01   0.466945E+00
 0.260777E+01   0.252753E+01   0.137426E+02   0.302141E+01   0.467326E+00
 0.261059E+01   0.252859E+01   0.137427E+02   0.302297E+01   0.467706E+00
 0.261341E+01   0.252965E+01   0.137470E+02   0.302454E+01   0.468086E+00
 0.261623E+01   0.253069E+01   0.137463E+02   0.302609E+01   0.468466E+00
 0.261905E+01   0.253172E+01   0.137412E+02   0.302761E+01   0.468846E+00
 0.262187E+01   0.253277E+01   0.137452E+02   0.302916E+01   0.469225E+00
 0.262469E+01   0.253379E+01   0.137395E+02   0.303066E+01   0.469605E+00
 0.262751E+01   0.253482E+01   0.137411E+02   0.303219E+01   0.469984E+00
 0.263033E+01   0.253584E+01   0.137373E+02   0.303369E+01   0.470362E+00
 0.263315E+01   0.253685E+01   0.137351E+02   0.303519E+01   0.470741E+00
 0.263597E+01   0.253786E+01   0.137317E+02   0.303668E+01   0.471119E+00
 0.263879E+01   0.253887E+01   0.137312E+02   0.303818E+01   0.471498E+00
 0.264161E+01   0.253987E+01   0.137299E+02   0.303967E+01   0.471876E+00
 0.264443E+01   0.254089E+01   0.137354E+02   0.304117E+01   0.472253E+00
 0.264725E+01   0.254189E+01   0.137352E+02   0.304265E+01   0.472631E+00
 0.265007E+01   0.254287E+01   0.137300E+02   0.304411E+01   0.473008E+00
 0.265289E+01   0.254385E+01   0.137261E+02   0.304556E+01   0.473385E+00
 0.265571E+01   0.254484E+01   0.137274E+02   0.304703E+01   0.473762E+00
 0.265853E+01   0.254582E+01   0.137297E+02   0.304849E+01   0.474139E+00
 0.266135E+01   0.254680E+01   0.137286E+02   0.304994E+01   0.474516E+00
 0.266417E+01   0.254777E+01   0.137276E+02   0.305138E+01   0.474892E+00
 0.266699E+01   0.254872E+01   0.137199E+02   0.305279E+01   0.475268E+00
 0.266981E+01   0.254969E+01   0.137256E+02   0.305424E+01   0.475644E+00
 0.267263E+01   0.255065E+01   0.137242E+02   0.305566E+01   0.476019E+00
 0.267545E+01   0.255158E+01   0.137152E+02   0.305705E+01   0.476395E+00
 0.267827E+01   0.255255E+01   0.137222E+02   0.305849E+01   0.476770E+00
 0.268109E+01   0.255349E+01   0.137165E+02   0.305988E+01   0.477145E+00
 0.268391E+01   0.255443E+01   0.137155E+02   0.306128E+01   0.477520E+00
 0.268673E+01   0.255537E+01   0.137142E+02   0.306268E+01   0.477895E+00
 0.268955E+01   0.255630E+01   0.137130E+02   0.306406E+01   0.478269E+00
 0.269237E+01   0.255723E+01   0.137139E+02   0.306545E+01   0.478643E+00
 0.269519E+01   0.255815E+01   0.137105E+02   0.306682E+01   0.479017E+00
 0.269801E+01   0.255908E+01   0.137116E+02   0.306820E+01   0.479391E+00
 0.270083E+01   0.256000E+01   0.137107E+02   0.306957E+01   0.479764E+00
 0.270365E+01   0.256091E+01   0.137095E+02   0.307093E+01   0.480138E+00
 0.270647E+01   0.256181E+01   0.137051E+02   0.307228E+01   0.480511E+00
 0.270929E+01   0.256273E+01   0.137079E+02   0.307364E+01   0.480884E+00
 0.271211E+01   0.256363E+01   0.137071E+02   0.307499E+01   0.481257E+00
 0.271493E+01   0.256453E+01   0.137064E+02   0.307633E+01   0.481629E+00
 0.271775E+01   0.256542E+01   0.137036E+02   0.307765E+01   0.482001E+00
 0.272057E+01   0.256631E+01   0.137028E+02   0.307898E+01   0.482373E+00
 0.272339E+01   0.256718E+01   0.136959E+02   0.308029E+01   0.482745E+00
 0.272621E+01   0.256805E+01   0.136917E+02   0.308159E+01   0.483117E+00
 0.272903E+01   0.256894E+01   0.136944E+02   0.308292E+01   0.483489E+00
 0.273185E+01   0.256983E+01   0.136982E+02   0.308424E+01   0.483860E+00
 0.273467E+01   0.257069E+01   0.136918E+02   0.308553E+01   0.484231E+00
 0.273749E+01   0.257157E+01   0.136956E+02   0.308684E+01   0.484602E+00
 0.274031E+01   0.257241E+01   0.136856E+02   0.308810E+01   0.484972E+00
 0.274313E+01   0.257327E+01   0.136844E+02   0.308938E+01   0.485343E+00
 0.274595E+01   0.257412E+01   0.136829E+02   0.309066E+01   0.485713E+00
 0.274877E+01   0.257500E+01   0.136907E+02   0.309197E+01   0.486083E+00
 0.275159E+01   0.257582E+01   0.136818E+02   0.309321E+01   0.486453E+00
 0.275441E+01   0.257667E+01   0.136816E+02   0.309448E+01   0.486823E+00
 0.275723E+01   0.257752E+01   0.136810E+02   0.309575E+01   0.487193E+00
 0.276005E+01   0.257834E+01   0.136772E+02   0.309699E+01   0.487562E+00
 0.276287E+01   0.257919E+01   0.136785E+02   0.309825E+01   0.487931E+00
 0.276569E+01   0.258003E+01   0.136818E+02   0.309951E+01   0.488300E+00
 0.276851E+01   0.258084E+01   0.136753E+02   0.310073E+01   0.488669E+00
 0.277133E+01   0.258168E+01   0.136782E+02   0.310198E+01   0.489037E+00
 0.277415E+01   0.258249E+01   0.136756E+02   0.310321E+01   0.489405E+00
 0.277698E+01   0.258332E+01   0.136786E+02   0.310445E+01   0.489773E+00
 0.277980E+01   0.258413E+01   0.136770E+02   0.310567E+01   0.490141E+00
 0.278262E+01   0.258494E+01   0.136753E+02   0.310688E+01   0.490509E+00
 0.278544E+01   0.258574E+01   0.136748E+02   0.310809E+01   0.490876E+00
 0.278826E+01   0.258653E+01   0.136683E+02   0.310928E+01   0.491243E+00
 0.279108E+01   0.258732E+01   0.136624E+02   0.311046E+01   0.491610E+00
 0.279390E+01   0.258812E+01   0.136620E+02   0.311166E+01   0.491977E+00
 0.279672E+01   0.258893E+01   0.136675E+02   0.311288E+01   0.492343E+00
 0.279954E+01   0.258972E+01   0.136661E+02   0.311406E+01   0.492709E+00
 0.280236E+01   0.259050E+01   0.136651E+02   0.311524E+01   0.493075E+00
 0.280518E+01   0.259127E+01   0.136596E+02   0.311640E+01   0.493441E+00
 0.280800E+01   0.259206E+01   0.136608E+02   0.311759E+01   0.493807E+00
 0.281082E+01   0.259282E+01   0.136560E+02   0.311874E+01   0.494173E+00
 0.281364E+01   0.259359E+01   0.136546E+02   0.311990E+01   0.494538E+00
 0.281646E+01   0.259435E+01   0.136511E+02   0.312104E+01   0.494904E+00
 0.281928E+01   0.259513E+01   0.136546E+02   0.312222E+01   0.495269E+00
 0.282210E+01   0.259588E+01   0.136499E+02   0.312335E+01   0.495635E+00
