 0.476309E-02   0.000000E+00   0.000000E+00   0.000000E+00   0.100001E-02
 0.757201E-02   0.658147E-02   0.116048E+02   0.657719E-02   0.158895E-02
 0.103809E-01   0.118667E-01   0.135803E+02   0.118610E-01   0.217788E-02
 0.131899E-01   0.153980E-01   0.143836E+02   0.153924E-01   0.276678E-02
 0.159988E-01   0.178528E-01   0.147582E+02   0.178477E-01   0.335564E-02
 0.188077E-01   0.196316E-01   0.149321E+02   0.196273E-01   0.394444E-02
 0.216166E-01   0.210249E-01   0.150225E+02   0.210214E-01   0.453318E-02
 0.244256E-01   0.220464E-01   0.150204E+02   0.220436E-01   0.512183E-02
 0.272345E-01   0.229565E-01   0.150205E+02   0.229545E-01   0.571038E-02
 0.300434E-01   0.236647E-01   0.149732E+02   0.236635E-01   0.629883E-02
 0.328523E-01   0.243132E-01   0.149292E+02   0.243127E-01   0.688716E-02
 0.356612E-01   0.248746E-01   0.148708E+02   0.248748E-01   0.747539E-02
 0.384702E-01   0.253473E-01   0.147924E+02   0.253480E-01   0.806352E-02
 0.412791E-01   0.257994E-01   0.147195E+02   0.258007E-01   0.865156E-02
 0.440880E-01   0.261989E-01   0.146352E+02   0.262008E-01   0.923953E-02
 0.468969E-01   0.265912E-01   0.145571E+02   0.265936E-01   0.982743E-02
 0.497059E-01   0.269913E-01   0.144906E+02   0.269943E-01   0.104153E-01
 0.525148E-01   0.273654E-01   0.144197E+02   0.273689E-01   0.110031E-01
 0.553237E-01   0.277230E-01   0.143478E+02   0.277271E-01   0.115908E-01
 0.581326E-01   0.280265E-01   0.142566E+02   0.280311E-01   0.121785E-01
 0.609416E-01   0.283908E-01   0.141986E+02   0.283959E-01   0.127661E-01
 0.637505E-01   0.287007E-01   0.141193E+02   0.287064E-01   0.133538E-01
 0.665594E-01   0.289966E-01   0.140367E+02   0.290029E-01   0.139413E-01
 0.693683E-01   0.293057E-01   0.139628E+02   0.293124E-01   0.145288E-01
 0.721773E-01   0.296251E-01   0.138960E+02   0.296324E-01   0.151163E-01
 0.749862E-01   0.299583E-01   0.138374E+02   0.299662E-01   0.157037E-01
 0.777951E-01   0.302641E-01   0.137659E+02   0.302727E-01   0.162910E-01
 0.806040E-01   0.305771E-01   0.136978E+02   0.305862E-01   0.168783E-01
 0.834130E-01   0.308645E-01   0.136161E+02   0.308742E-01   0.174655E-01
 0.862219E-01   0.312054E-01   0.135605E+02   0.312158E-01   0.180527E-01
 0.890308E-01   0.315244E-01   0.134922E+02   0.315355E-01   0.186398E-01
 0.918397E-01   0.318513E-01   0.134260E+02   0.318631E-01   0.192269E-01
 0.946486E-01   0.321676E-01   0.133517E+02   0.321800E-01   0.198139E-01
 0.974576E-01   0.325173E-01   0.132923E+02   0.325306E-01   0.204009E-01
 0.100266E+00   0.328465E-01   0.132190E+02   0.328605E-01   0.209878E-01
 0.103075E+00   0.332160E-01   0.131643E+02   0.332309E-01   0.215747E-01
 0.105884E+00   0.335689E-01   0.130974E+02   0.335846E-01   0.221615E-01
 0.108693E+00   0.339383E-01   0.130363E+02   0.339550E-01   0.227483E-01
 0.111502E+00   0.343185E-01   0.129779E+02   0.343361E-01   0.233350E-01
 0.114311E+00   0.347152E-01   0.129254E+02   0.347339E-01   0.239216E-01
 0.117120E+00   0.351051E-01   0.128655E+02   0.351248E-01   0.245082E-01
 0.119929E+00   0.355080E-01   0.128096E+02   0.355288E-01   0.250948E-01
 0.122738E+00   0.359156E-01   0.127527E+02   0.359376E-01   0.256812E-01
 0.125547E+00   0.363444E-01   0.127044E+02   0.363676E-01   0.262677E-01
 0.128356E+00   0.367545E-01   0.126415E+02   0.367789E-01   0.268541E-01
 0.131165E+00   0.371945E-01   0.125924E+02   0.372202E-01   0.274404E-01
 0.133974E+00   0.376511E-01   0.125496E+02   0.376781E-01   0.280267E-01
 0.136782E+00   0.381038E-01   0.125009E+02   0.381323E-01   0.286129E-01
 0.139591E+00   0.385479E-01   0.124431E+02   0.385778E-01   0.291990E-01
 0.142400E+00   0.390207E-01   0.123992E+02   0.390522E-01   0.297851E-01
 0.145209E+00   0.395005E-01   0.123560E+02   0.395336E-01   0.303712E-01
 0.148018E+00   0.399801E-01   0.123090E+02   0.400148E-01   0.309572E-01
 0.150827E+00   0.404682E-01   0.122637E+02   0.405046E-01   0.315431E-01
 0.153636E+00   0.409707E-01   0.122240E+02   0.410089E-01   0.321290E-01
 0.156445E+00   0.414760E-01   0.121828E+02   0.415160E-01   0.327148E-01
 0.159254E+00   0.419965E-01   0.121480E+02   0.420385E-01   0.333006E-01
 0.162063E+00   0.425077E-01   0.121040E+02   0.425517E-01   0.338863E-01
 0.164872E+00   0.430443E-01   0.120733E+02   0.430904E-01   0.344719E-01
 0.167681E+00   0.435667E-01   0.120304E+02   0.436148E-01   0.350575E-01
 0.170490E+00   0.441066E-01   0.119958E+02   0.441569E-01   0.356430E-01
 0.173299E+00   0.446476E-01   0.119591E+02   0.447001E-01   0.362285E-01
 0.176107E+00   0.451931E-01   0.119225E+02   0.452480E-01   0.368139E-01
 0.178916E+00   0.457556E-01   0.118945E+02   0.458129E-01   0.373993E-01
 0.181725E+00   0.463146E-01   0.118617E+02   0.463744E-01   0.379846E-01
 0.184534E+00   0.468810E-01   0.118313E+02   0.469434E-01   0.385698E-01
 0.187343E+00   0.474464E-01   0.117976E+02   0.475113E-01   0.391550E-01
 0.190152E+00   0.480265E-01   0.117717E+02   0.480941E-01   0.397402E-01
 0.192961E+00   0.486057E-01   0.117429E+02   0.486761E-01   0.403252E-01
 0.195770E+00   0.491784E-01   0.117073E+02   0.492515E-01   0.409102E-01
 0.198579E+00   0.497788E-01   0.116888E+02   0.498549E-01   0.414952E-01
 0.201388E+00   0.503740E-01   0.116646E+02   0.504531E-01   0.420801E-01
 0.204197E+00   0.509664E-01   0.116366E+02   0.510485E-01   0.426649E-01
 0.207006E+00   0.515656E-01   0.116115E+02   0.516509E-01   0.432497E-01
 0.209815E+00   0.521773E-01   0.115933E+02   0.522658E-01   0.438344E-01
 0.212623E+00   0.527627E-01   0.115549E+02   0.528543E-01   0.444191E-01
 0.215432E+00   0.533856E-01   0.115412E+02   0.534807E-01   0.450037E-01
 0.218241E+00   0.540041E-01   0.115229E+02   0.541026E-01   0.455882E-01
 0.221050E+00   0.546081E-01   0.114928E+02   0.547100E-01   0.461727E-01
 0.223859E+00   0.552177E-01   0.114652E+02   0.553231E-01   0.467571E-01
 0.226668E+00   0.558573E-01   0.114575E+02   0.559665E-01   0.473415E-01
 0.229477E+00   0.564663E-01   0.114267E+02   0.565791E-01   0.479258E-01
 0.232286E+00   0.571047E-01   0.114156E+02   0.572214E-01   0.485100E-01
 0.235095E+00   0.577312E-01   0.113948E+02   0.578517E-01   0.490942E-01
 0.237904E+00   0.583644E-01   0.113776E+02   0.584889E-01   0.496784E-01
 0.240713E+00   0.590046E-01   0.113643E+02   0.591331E-01   0.502624E-01
 0.243522E+00   0.596321E-01   0.113406E+02   0.597647E-01   0.508464E-01
 0.246331E+00   0.602630E-01   0.113182E+02   0.603996E-01   0.514304E-01
 0.249139E+00   0.609062E-01   0.113038E+02   0.610471E-01   0.520143E-01
 0.251948E+00   0.615598E-01   0.112961E+02   0.617052E-01   0.525981E-01
 0.254757E+00   0.621992E-01   0.112768E+02   0.623489E-01   0.531819E-01
 0.257566E+00   0.628513E-01   0.112660E+02   0.630056E-01   0.537656E-01
 0.260375E+00   0.634869E-01   0.112419E+02   0.636456E-01   0.543493E-01
 0.263184E+00   0.641456E-01   0.112340E+02   0.643090E-01   0.549328E-01
 0.265993E+00   0.647863E-01   0.112117E+02   0.649542E-01   0.555164E-01
 0.268802E+00   0.654520E-01   0.112072E+02   0.656248E-01   0.560999E-01
 0.271611E+00   0.661065E-01   0.111934E+02   0.662842E-01   0.566833E-01
 0.274420E+00   0.667612E-01   0.111787E+02   0.669438E-01   0.572666E-01
 0.277229E+00   0.674098E-01   0.111585E+02   0.675974E-01   0.578499E-01
 0.280038E+00   0.680708E-01   0.111466E+02   0.682634E-01   0.584332E-01
 0.282847E+00   0.687355E-01   0.111366E+02   0.689334E-01   0.590163E-01
 0.285655E+00   0.693982E-01   0.111241E+02   0.696013E-01   0.595994E-01
 0.288464E+00   0.700600E-01   0.111099E+02   0.702684E-01   0.601825E-01
 0.291273E+00   0.707224E-01   0.110952E+02   0.709362E-01   0.607655E-01
 0.294082E+00   0.713951E-01   0.110873E+02   0.716144E-01   0.613484E-01
 0.296891E+00   0.720659E-01   0.110769E+02   0.722908E-01   0.619313E-01
 0.299700E+00   0.727371E-01   0.110658E+02   0.729676E-01   0.625141E-01
 0.302509E+00   0.734043E-01   0.110505E+02   0.736405E-01   0.630969E-01
 0.305318E+00   0.740785E-01   0.110394E+02   0.743205E-01   0.636796E-01
 0.308127E+00   0.747554E-01   0.110293E+02   0.750033E-01   0.642622E-01
 0.310936E+00   0.754407E-01   0.110244E+02   0.756947E-01   0.648448E-01
 0.313745E+00   0.761274E-01   0.110194E+02   0.763875E-01   0.654273E-01
 0.316554E+00   0.768032E-01   0.110046E+02   0.770694E-01   0.660097E-01
 0.319363E+00   0.774902E-01   0.109973E+02   0.777626E-01   0.665921E-01
 0.322171E+00   0.781697E-01   0.109828E+02   0.784484E-01   0.671744E-01
 0.324980E+00   0.788667E-01   0.109805E+02   0.791519E-01   0.677567E-01
 0.327789E+00   0.795498E-01   0.109659E+02   0.798415E-01   0.683389E-01
 0.330598E+00   0.802466E-01   0.109605E+02   0.805450E-01   0.689211E-01
 0.333407E+00   0.809478E-01   0.109570E+02   0.812529E-01   0.695031E-01
 0.336216E+00   0.816366E-01   0.109422E+02   0.819485E-01   0.700852E-01
 0.339025E+00   0.823316E-01   0.109306E+02   0.826503E-01   0.706671E-01
 0.341834E+00   0.830363E-01   0.109249E+02   0.833621E-01   0.712490E-01
 0.344643E+00   0.837420E-01   0.109181E+02   0.840748E-01   0.718308E-01
 0.347452E+00   0.844507E-01   0.109119E+02   0.847908E-01   0.724126E-01
 0.350261E+00   0.851549E-01   0.109003E+02   0.855023E-01   0.729943E-01
 0.353070E+00   0.858666E-01   0.108926E+02   0.862213E-01   0.735760E-01
 0.355879E+00   0.865801E-01   0.108843E+02   0.869424E-01   0.741576E-01
 0.358687E+00   0.873039E-01   0.108820E+02   0.876739E-01   0.747391E-01
 0.361496E+00   0.880260E-01   0.108762E+02   0.884037E-01   0.753205E-01
 0.364305E+00   0.887428E-01   0.108639E+02   0.891283E-01   0.759019E-01
 0.367114E+00   0.894661E-01   0.108545E+02   0.898595E-01   0.764833E-01
 0.369923E+00   0.902045E-01   0.108547E+02   0.906060E-01   0.770645E-01
 0.372732E+00   0.909368E-01   0.108476E+02   0.913466E-01   0.776457E-01
 0.375541E+00   0.916690E-01   0.108378E+02   0.920870E-01   0.782269E-01
 0.378350E+00   0.924087E-01   0.108314E+02   0.928351E-01   0.788079E-01
 0.381159E+00   0.931587E-01   0.108305E+02   0.935938E-01   0.793890E-01
 0.383968E+00   0.938952E-01   0.108159E+02   0.943388E-01   0.799699E-01
 0.386777E+00   0.946559E-01   0.108179E+02   0.951084E-01   0.805508E-01
 0.389586E+00   0.954026E-01   0.108057E+02   0.958640E-01   0.811316E-01
 0.392395E+00   0.961629E-01   0.108014E+02   0.966334E-01   0.817123E-01
 0.395203E+00   0.969272E-01   0.107972E+02   0.974070E-01   0.822930E-01
 0.398012E+00   0.976918E-01   0.107900E+02   0.981809E-01   0.828736E-01
 0.400821E+00   0.984647E-01   0.107861E+02   0.989633E-01   0.834542E-01
 0.403630E+00   0.992392E-01   0.107802E+02   0.997474E-01   0.840347E-01
 0.406439E+00   0.100014E+00   0.107705E+02   0.100531E+00   0.846151E-01
 0.409248E+00   0.100798E+00   0.107654E+02   0.101326E+00   0.851954E-01
 0.412057E+00   0.101592E+00   0.107648E+02   0.102130E+00   0.857757E-01
 0.414866E+00   0.102384E+00   0.107583E+02   0.102933E+00   0.863559E-01
 0.417675E+00   0.103184E+00   0.107538E+02   0.103742E+00   0.869361E-01
 0.420484E+00   0.103990E+00   0.107515E+02   0.104559E+00   0.875162E-01
 0.423293E+00   0.104790E+00   0.107397E+02   0.105370E+00   0.880962E-01
 0.426102E+00   0.105604E+00   0.107344E+02   0.106194E+00   0.886761E-01
 0.428911E+00   0.106425E+00   0.107317E+02   0.107027E+00   0.892560E-01
 0.431719E+00   0.107248E+00   0.107251E+02   0.107861E+00   0.898358E-01
 0.434528E+00   0.108077E+00   0.107200E+02   0.108702E+00   0.904155E-01
 0.437337E+00   0.108912E+00   0.107140E+02   0.109548E+00   0.909952E-01
 0.440146E+00   0.109763E+00   0.107178E+02   0.110411E+00   0.915748E-01
 0.442955E+00   0.110612E+00   0.107140E+02   0.111272E+00   0.921543E-01
 0.445764E+00   0.111461E+00   0.107058E+02   0.112133E+00   0.927338E-01
 0.448573E+00   0.112318E+00   0.106986E+02   0.113002E+00   0.933131E-01
 0.451382E+00   0.113192E+00   0.107013E+02   0.113890E+00   0.938924E-01
 0.454191E+00   0.114058E+00   0.106912E+02   0.114768E+00   0.944717E-01
 0.457000E+00   0.114947E+00   0.106947E+02   0.115670E+00   0.950508E-01
 0.459809E+00   0.115826E+00   0.106846E+02   0.116562E+00   0.956299E-01
 0.462618E+00   0.116718E+00   0.106800E+02   0.117468E+00   0.962089E-01
 0.465427E+00   0.117618E+00   0.106757E+02   0.118381E+00   0.967879E-01
 0.468235E+00   0.118522E+00   0.106699E+02   0.119300E+00   0.973667E-01
 0.471044E+00   0.119436E+00   0.106653E+02   0.120227E+00   0.979455E-01
 0.473853E+00   0.120360E+00   0.106631E+02   0.121165E+00   0.985242E-01
 0.476662E+00   0.121295E+00   0.106642E+02   0.122115E+00   0.991029E-01
 0.479471E+00   0.122238E+00   0.106654E+02   0.123073E+00   0.996814E-01
 0.482280E+00   0.123176E+00   0.106567E+02   0.124027E+00   0.100260E+00
 0.485089E+00   0.124132E+00   0.106562E+02   0.124998E+00   0.100838E+00
 0.487898E+00   0.125097E+00   0.106566E+02   0.125979E+00   0.101417E+00
 0.490707E+00   0.126063E+00   0.106506E+02   0.126960E+00   0.101995E+00
 0.493516E+00   0.127040E+00   0.106472E+02   0.127953E+00   0.102573E+00
 0.496325E+00   0.128025E+00   0.106437E+02   0.128955E+00   0.103151E+00
 0.499134E+00   0.129023E+00   0.106441E+02   0.129971E+00   0.103729E+00
 0.501943E+00   0.130020E+00   0.106360E+02   0.130985E+00   0.104307E+00
 0.504752E+00   0.131039E+00   0.106383E+02   0.132021E+00   0.104885E+00
 0.507560E+00   0.132058E+00   0.106336E+02   0.133058E+00   0.105463E+00
 0.510369E+00   0.133089E+00   0.106304E+02   0.134107E+00   0.106040E+00
 0.513178E+00   0.134130E+00   0.106278E+02   0.135166E+00   0.106618E+00
 0.515987E+00   0.135178E+00   0.106235E+02   0.136233E+00   0.107196E+00
 0.518796E+00   0.136250E+00   0.106308E+02   0.137324E+00   0.107773E+00
 0.521605E+00   0.137315E+00   0.106244E+02   0.138408E+00   0.108350E+00
 0.524414E+00   0.138394E+00   0.106221E+02   0.139507E+00   0.108928E+00
 0.527223E+00   0.139479E+00   0.106168E+02   0.140612E+00   0.109505E+00
 0.530032E+00   0.140578E+00   0.106160E+02   0.141732E+00   0.110082E+00
 0.532841E+00   0.141693E+00   0.106198E+02   0.142868E+00   0.110659E+00
 0.535650E+00   0.142808E+00   0.106160E+02   0.144004E+00   0.111236E+00
 0.538459E+00   0.143935E+00   0.106148E+02   0.145153E+00   0.111813E+00
 0.541268E+00   0.145066E+00   0.106088E+02   0.146305E+00   0.112389E+00
 0.544076E+00   0.146217E+00   0.106127E+02   0.147479E+00   0.112966E+00
 0.546885E+00   0.147375E+00   0.106153E+02   0.148659E+00   0.113543E+00
 0.549694E+00   0.148526E+00   0.106054E+02   0.149833E+00   0.114119E+00
 0.552503E+00   0.149706E+00   0.106135E+02   0.151037E+00   0.114696E+00
 0.555312E+00   0.150874E+00   0.106047E+02   0.152228E+00   0.115272E+00
 0.558121E+00   0.152068E+00   0.106120E+02   0.153447E+00   0.115848E+00
 0.560930E+00   0.153258E+00   0.106093E+02   0.154661E+00   0.116424E+00
 0.563739E+00   0.154459E+00   0.106102E+02   0.155887E+00   0.117000E+00
 0.566548E+00   0.155665E+00   0.106084E+02   0.157118E+00   0.117576E+00
 0.569357E+00   0.156885E+00   0.106122E+02   0.158365E+00   0.118152E+00
 0.572166E+00   0.158107E+00   0.106090E+02   0.159612E+00   0.118728E+00
 0.574975E+00   0.159334E+00   0.106027E+02   0.160865E+00   0.119303E+00
 0.577784E+00   0.160589E+00   0.106115E+02   0.162147E+00   0.119879E+00
 0.580592E+00   0.161841E+00   0.106095E+02   0.163427E+00   0.120455E+00
 0.583401E+00   0.163100E+00   0.106037E+02   0.164713E+00   0.121030E+00
 0.586210E+00   0.164387E+00   0.106118E+02   0.166029E+00   0.121605E+00
 0.589019E+00   0.165675E+00   0.106118E+02   0.167346E+00   0.122180E+00
 0.591828E+00   0.166964E+00   0.106021E+02   0.168664E+00   0.122756E+00
 0.594637E+00   0.168283E+00   0.106077E+02   0.170013E+00   0.123331E+00
 0.597446E+00   0.169609E+00   0.106092E+02   0.171370E+00   0.123905E+00
 0.600255E+00   0.170945E+00   0.106086E+02   0.172736E+00   0.124480E+00
 0.603064E+00   0.172301E+00   0.106153E+02   0.174124E+00   0.125055E+00
 0.605873E+00   0.173651E+00   0.106060E+02   0.175506E+00   0.125630E+00
 0.608682E+00   0.175033E+00   0.106135E+02   0.176921E+00   0.126204E+00
 0.611491E+00   0.176422E+00   0.106167E+02   0.178343E+00   0.126779E+00
 0.614300E+00   0.177823E+00   0.106184E+02   0.179778E+00   0.127353E+00
 0.617108E+00   0.179229E+00   0.106143E+02   0.181219E+00   0.127927E+00
 0.619917E+00   0.180652E+00   0.106127E+02   0.182676E+00   0.128501E+00
 0.622726E+00   0.182093E+00   0.106152E+02   0.184153E+00   0.129075E+00
 0.625535E+00   0.183545E+00   0.106164E+02   0.185642E+00   0.129649E+00
 0.628344E+00   0.185023E+00   0.106266E+02   0.187156E+00   0.130223E+00
 0.631153E+00   0.186496E+00   0.106217E+02   0.188666E+00   0.130797E+00
 0.633962E+00   0.187986E+00   0.106202E+02   0.190196E+00   0.131370E+00
 0.636771E+00   0.189499E+00   0.106244E+02   0.191747E+00   0.131944E+00
 0.639580E+00   0.191028E+00   0.106309E+02   0.193316E+00   0.132517E+00
 0.642389E+00   0.192566E+00   0.106326E+02   0.194894E+00   0.133090E+00
 0.645198E+00   0.194122E+00   0.106373E+02   0.196492E+00   0.133663E+00
 0.648007E+00   0.195680E+00   0.106312E+02   0.198092E+00   0.134236E+00
 0.650816E+00   0.197266E+00   0.106363E+02   0.199721E+00   0.134809E+00
 0.653624E+00   0.198869E+00   0.106423E+02   0.201367E+00   0.135382E+00
 0.656433E+00   0.200477E+00   0.106404E+02   0.203020E+00   0.135955E+00
 0.659242E+00   0.202103E+00   0.106406E+02   0.204691E+00   0.136527E+00
 0.662051E+00   0.203756E+00   0.106496E+02   0.206390E+00   0.137100E+00
 0.664860E+00   0.205416E+00   0.106519E+02   0.208097E+00   0.137672E+00
 0.667669E+00   0.207095E+00   0.106564E+02   0.209823E+00   0.138245E+00
 0.670478E+00   0.208778E+00   0.106516E+02   0.211555E+00   0.138817E+00
 0.673287E+00   0.210497E+00   0.106628E+02   0.213324E+00   0.139389E+00
 0.676096E+00   0.212213E+00   0.106583E+02   0.215090E+00   0.139961E+00
 0.678905E+00   0.213955E+00   0.106618E+02   0.216883E+00   0.140532E+00
 0.681714E+00   0.215721E+00   0.106712E+02   0.218702E+00   0.141104E+00
 0.684523E+00   0.217488E+00   0.106671E+02   0.220521E+00   0.141676E+00
 0.687332E+00   0.219286E+00   0.106755E+02   0.222374E+00   0.142247E+00
 0.690140E+00   0.221089E+00   0.106741E+02   0.224232E+00   0.142818E+00
 0.692949E+00   0.222917E+00   0.106784E+02   0.226116E+00   0.143390E+00
 0.695758E+00   0.224766E+00   0.106860E+02   0.228022E+00   0.143961E+00
 0.698567E+00   0.226622E+00   0.106860E+02   0.229937E+00   0.144531E+00
 0.701376E+00   0.228512E+00   0.106982E+02   0.231886E+00   0.145102E+00
 0.704185E+00   0.230400E+00   0.106950E+02   0.233834E+00   0.145673E+00
 0.706994E+00   0.232325E+00   0.107075E+02   0.235821E+00   0.146243E+00
 0.709803E+00   0.234250E+00   0.107049E+02   0.237808E+00   0.146814E+00
 0.712612E+00   0.236208E+00   0.107154E+02   0.239830E+00   0.147384E+00
 0.715421E+00   0.238174E+00   0.107166E+02   0.241860E+00   0.147954E+00
 0.718230E+00   0.240156E+00   0.107165E+02   0.243908E+00   0.148524E+00
 0.721039E+00   0.242161E+00   0.107200E+02   0.245980E+00   0.149094E+00
 0.723848E+00   0.244193E+00   0.107305E+02   0.248081E+00   0.149664E+00
 0.726656E+00   0.246238E+00   0.107369E+02   0.250196E+00   0.150234E+00
 0.729465E+00   0.248299E+00   0.107400E+02   0.252328E+00   0.150803E+00
 0.732274E+00   0.250378E+00   0.107435E+02   0.254479E+00   0.151373E+00
 0.735083E+00   0.252475E+00   0.107454E+02   0.256649E+00   0.151942E+00
 0.737892E+00   0.254603E+00   0.107567E+02   0.258852E+00   0.152511E+00
 0.740701E+00   0.256735E+00   0.107568E+02   0.261061E+00   0.153080E+00
 0.743510E+00   0.258904E+00   0.107703E+02   0.263307E+00   0.153649E+00
 0.746319E+00   0.261076E+00   0.107706E+02   0.265558E+00   0.154217E+00
 0.749128E+00   0.263278E+00   0.107797E+02   0.267841E+00   0.154786E+00
 0.751937E+00   0.265497E+00   0.107861E+02   0.270141E+00   0.155354E+00
 0.754746E+00   0.267730E+00   0.107883E+02   0.272457E+00   0.155922E+00
 0.757555E+00   0.269986E+00   0.107932E+02   0.274798E+00   0.156490E+00
 0.760364E+00   0.272265E+00   0.108003E+02   0.277163E+00   0.157058E+00
 0.763172E+00   0.274560E+00   0.108040E+02   0.279545E+00   0.157626E+00
 0.765981E+00   0.276881E+00   0.108124E+02   0.281956E+00   0.158194E+00
 0.768790E+00   0.279217E+00   0.108174E+02   0.284383E+00   0.158761E+00
 0.771599E+00   0.281581E+00   0.108273E+02   0.286839E+00   0.159329E+00
 0.774408E+00   0.283961E+00   0.108346E+02   0.289314E+00   0.159896E+00
 0.777217E+00   0.286360E+00   0.108401E+02   0.291808E+00   0.160463E+00
 0.780026E+00   0.288777E+00   0.108434E+02   0.294322E+00   0.161030E+00
 0.782835E+00   0.291215E+00   0.108477E+02   0.296859E+00   0.161597E+00
 0.785644E+00   0.293681E+00   0.108570E+02   0.299425E+00   0.162163E+00
 0.788453E+00   0.296162E+00   0.108621E+02   0.302009E+00   0.162730E+00
 0.791262E+00   0.298669E+00   0.108707E+02   0.304620E+00   0.163296E+00
 0.794071E+00   0.301195E+00   0.108776E+02   0.307251E+00   0.163862E+00
 0.796880E+00   0.303738E+00   0.108819E+02   0.309902E+00   0.164428E+00
 0.799688E+00   0.306315E+00   0.108958E+02   0.312589E+00   0.164994E+00
 0.802497E+00   0.308897E+00   0.108971E+02   0.315282E+00   0.165560E+00
 0.805306E+00   0.311511E+00   0.109070E+02   0.318010E+00   0.166125E+00
 0.808115E+00   0.314142E+00   0.109135E+02   0.320756E+00   0.166690E+00
 0.810924E+00   0.316801E+00   0.109241E+02   0.323532E+00   0.167256E+00
 0.813733E+00   0.319466E+00   0.109237E+02   0.326316E+00   0.167821E+00
 0.816542E+00   0.322171E+00   0.109372E+02   0.329142E+00   0.168385E+00
 0.819351E+00   0.324890E+00   0.109445E+02   0.331984E+00   0.168950E+00
 0.822160E+00   0.327632E+00   0.109526E+02   0.334851E+00   0.169515E+00
 0.824969E+00   0.330391E+00   0.109574E+02   0.337737E+00   0.170079E+00
 0.827778E+00   0.333176E+00   0.109657E+02   0.340652E+00   0.170643E+00
 0.830587E+00   0.335991E+00   0.109801E+02   0.343599E+00   0.171207E+00
 0.833396E+00   0.338817E+00   0.109858E+02   0.346559E+00   0.171771E+00
 0.836204E+00   0.341671E+00   0.109954E+02   0.349548E+00   0.172335E+00
 0.839013E+00   0.344535E+00   0.109968E+02   0.352550E+00   0.172898E+00
 0.841822E+00   0.347432E+00   0.110064E+02   0.355587E+00   0.173461E+00
 0.844631E+00   0.350359E+00   0.110217E+02   0.358657E+00   0.174024E+00
 0.847440E+00   0.353296E+00   0.110272E+02   0.361738E+00   0.174587E+00
 0.850249E+00   0.356252E+00   0.110309E+02   0.364841E+00   0.175150E+00
 0.853058E+00   0.359239E+00   0.110411E+02   0.367978E+00   0.175713E+00
 0.855867E+00   0.362245E+00   0.110487E+02   0.371136E+00   0.176275E+00
 0.858676E+00   0.365275E+00   0.110573E+02   0.374320E+00   0.176837E+00
 0.861485E+00   0.368337E+00   0.110733E+02   0.377540E+00   0.177399E+00
 0.864294E+00   0.371400E+00   0.110734E+02   0.380762E+00   0.177961E+00
 0.867103E+00   0.374497E+00   0.110817E+02   0.384020E+00   0.178523E+00
 0.869912E+00   0.377625E+00   0.110971E+02   0.387314E+00   0.179085E+00
 0.872720E+00   0.380769E+00   0.111067E+02   0.390624E+00   0.179646E+00
 0.875529E+00   0.383932E+00   0.111143E+02   0.393957E+00   0.180207E+00
 0.878338E+00   0.387113E+00   0.111179E+02   0.397309E+00   0.180768E+00
 0.881147E+00   0.390326E+00   0.111285E+02   0.400697E+00   0.181329E+00
 0.883956E+00   0.393562E+00   0.111400E+02   0.404111E+00   0.181889E+00
 0.886765E+00   0.396820E+00   0.111506E+02   0.407549E+00   0.182450E+00
 0.889574E+00   0.400096E+00   0.111584E+02   0.411009E+00   0.183010E+00
 0.892383E+00   0.403405E+00   0.111732E+02   0.414503E+00   0.183570E+00
 0.895192E+00   0.406728E+00   0.111813E+02   0.418015E+00   0.184130E+00
 0.898001E+00   0.410073E+00   0.111898E+02   0.421552E+00   0.184689E+00
 0.900810E+00   0.413434E+00   0.111931E+02   0.425107E+00   0.185249E+00
 0.903619E+00   0.416833E+00   0.112073E+02   0.428703E+00   0.185808E+00
 0.906428E+00   0.420245E+00   0.112145E+02   0.432315E+00   0.186367E+00
 0.909236E+00   0.423680E+00   0.112221E+02   0.435953E+00   0.186926E+00
 0.912045E+00   0.427149E+00   0.112376E+02   0.439629E+00   0.187484E+00
 0.914854E+00   0.430626E+00   0.112427E+02   0.443314E+00   0.188042E+00
 0.917663E+00   0.434133E+00   0.112536E+02   0.447034E+00   0.188601E+00
 0.920472E+00   0.437671E+00   0.112700E+02   0.450788E+00   0.189159E+00
 0.923281E+00   0.441216E+00   0.112747E+02   0.454551E+00   0.189716E+00
 0.926090E+00   0.444785E+00   0.112810E+02   0.458341E+00   0.190274E+00
 0.928899E+00   0.448383E+00   0.112917E+02   0.462164E+00   0.190831E+00
 0.931708E+00   0.452012E+00   0.113092E+02   0.466023E+00   0.191388E+00
 0.934517E+00   0.455654E+00   0.113186E+02   0.469895E+00   0.191945E+00
 0.937326E+00   0.459320E+00   0.113299E+02   0.473797E+00   0.192502E+00
 0.940135E+00   0.462999E+00   0.113343E+02   0.477713E+00   0.193059E+00
 0.942944E+00   0.466715E+00   0.113492E+02   0.481672E+00   0.193615E+00
 0.945753E+00   0.470437E+00   0.113519E+02   0.485637E+00   0.194171E+00
 0.948561E+00   0.474201E+00   0.113687E+02   0.489650E+00   0.194727E+00
 0.951370E+00   0.477977E+00   0.113786E+02   0.493679E+00   0.195283E+00
 0.954179E+00   0.481780E+00   0.113913E+02   0.497737E+00   0.195838E+00
 0.956988E+00   0.485593E+00   0.113958E+02   0.501809E+00   0.196393E+00
 0.959797E+00   0.489434E+00   0.114041E+02   0.505912E+00   0.196948E+00
 0.962606E+00   0.493313E+00   0.114235E+02   0.510057E+00   0.197503E+00
 0.965415E+00   0.497199E+00   0.114320E+02   0.514212E+00   0.198058E+00
 0.968224E+00   0.501104E+00   0.114388E+02   0.518391E+00   0.198612E+00
 0.971033E+00   0.505036E+00   0.114490E+02   0.522600E+00   0.199166E+00
 0.973842E+00   0.508994E+00   0.114622E+02   0.526839E+00   0.199720E+00
 0.976651E+00   0.512968E+00   0.114708E+02   0.531097E+00   0.200273E+00
 0.979460E+00   0.516969E+00   0.114834E+02   0.535386E+00   0.200827E+00
 0.982269E+00   0.520990E+00   0.114946E+02   0.539700E+00   0.201380E+00
 0.985077E+00   0.525029E+00   0.115038E+02   0.544035E+00   0.201933E+00
 0.987886E+00   0.529090E+00   0.115127E+02   0.548395E+00   0.202486E+00
 0.990695E+00   0.533176E+00   0.115243E+02   0.552786E+00   0.203038E+00
 0.993504E+00   0.537291E+00   0.115403E+02   0.557208E+00   0.203591E+00
 0.996313E+00   0.541417E+00   0.115498E+02   0.561646E+00   0.204143E+00
 0.999122E+00   0.545565E+00   0.115601E+02   0.566110E+00   0.204694E+00
 0.100193E+01   0.549739E+00   0.115730E+02   0.570604E+00   0.205246E+00
 0.100474E+01   0.553919E+00   0.115758E+02   0.575107E+00   0.205797E+00
 0.100755E+01   0.558137E+00   0.115901E+02   0.579653E+00   0.206348E+00
 0.101036E+01   0.562370E+00   0.116002E+02   0.584218E+00   0.206899E+00
 0.101317E+01   0.566627E+00   0.116127E+02   0.588812E+00   0.207450E+00
 0.101598E+01   0.570902E+00   0.116232E+02   0.593427E+00   0.208000E+00
 0.101878E+01   0.575203E+00   0.116376E+02   0.598073E+00   0.208550E+00
 0.102159E+01   0.579524E+00   0.116509E+02   0.602743E+00   0.209100E+00
 0.102440E+01   0.583855E+00   0.116582E+02   0.607428E+00   0.209650E+00
 0.102721E+01   0.588217E+00   0.116716E+02   0.612147E+00   0.210199E+00
 0.103002E+01   0.592589E+00   0.116786E+02   0.616880E+00   0.210748E+00
 0.103283E+01   0.596991E+00   0.116923E+02   0.621649E+00   0.211297E+00
 0.103564E+01   0.601400E+00   0.116974E+02   0.626428E+00   0.211846E+00
 0.103845E+01   0.605849E+00   0.117155E+02   0.631253E+00   0.212394E+00
 0.104126E+01   0.610299E+00   0.117212E+02   0.636082E+00   0.212942E+00
 0.104406E+01   0.614773E+00   0.117300E+02   0.640940E+00   0.213490E+00
 0.104687E+01   0.619270E+00   0.117407E+02   0.645825E+00   0.214038E+00
 0.104968E+01   0.623799E+00   0.117598E+02   0.650748E+00   0.214585E+00
 0.105249E+01   0.628334E+00   0.117707E+02   0.655681E+00   0.215132E+00
 0.105530E+01   0.632887E+00   0.117804E+02   0.660637E+00   0.215679E+00
 0.105811E+01   0.637452E+00   0.117853E+02   0.665607E+00   0.216225E+00
 0.106092E+01   0.642057E+00   0.118039E+02   0.670625E+00   0.216772E+00
 0.106373E+01   0.646668E+00   0.118147E+02   0.675652E+00   0.217318E+00
 0.106654E+01   0.651294E+00   0.118232E+02   0.680699E+00   0.217864E+00
 0.106935E+01   0.655948E+00   0.118373E+02   0.685779E+00   0.218409E+00
 0.107215E+01   0.660613E+00   0.118471E+02   0.690874E+00   0.218954E+00
 0.107496E+01   0.665295E+00   0.118556E+02   0.695990E+00   0.219499E+00
 0.107777E+01   0.669999E+00   0.118676E+02   0.701135E+00   0.220044E+00
 0.108058E+01   0.674721E+00   0.118787E+02   0.706301E+00   0.220589E+00
 0.108339E+01   0.679459E+00   0.118894E+02   0.711489E+00   0.221133E+00
 0.108620E+01   0.684222E+00   0.119044E+02   0.716707E+00   0.221677E+00
 0.108901E+01   0.688990E+00   0.119117E+02   0.721934E+00   0.222220E+00
 0.109182E+01   0.693775E+00   0.119188E+02   0.727182E+00   0.222764E+00
 0.109463E+01   0.698597E+00   0.119388E+02   0.732475E+00   0.223307E+00
 0.109743E+01   0.703409E+00   0.119414E+02   0.737760E+00   0.223850E+00
 0.110024E+01   0.708258E+00   0.119569E+02   0.743089E+00   0.224392E+00
 0.110305E+01   0.713120E+00   0.119705E+02   0.748436E+00   0.224935E+00
 0.110586E+01   0.717997E+00   0.119829E+02   0.753802E+00   0.225477E+00
 0.110867E+01   0.722881E+00   0.119890E+02   0.759179E+00   0.226018E+00
 0.111148E+01   0.727788E+00   0.120001E+02   0.764585E+00   0.226560E+00
 0.111429E+01   0.732709E+00   0.120101E+02   0.770011E+00   0.227101E+00
 0.111710E+01   0.737649E+00   0.120215E+02   0.775459E+00   0.227642E+00
 0.111991E+01   0.742600E+00   0.120308E+02   0.780925E+00   0.228182E+00
 0.112271E+01   0.747583E+00   0.120500E+02   0.786428E+00   0.228723E+00
 0.112552E+01   0.752561E+00   0.120572E+02   0.791931E+00   0.229263E+00
 0.112833E+01   0.757564E+00   0.120700E+02   0.797464E+00   0.229803E+00
 0.113114E+01   0.762573E+00   0.120776E+02   0.803007E+00   0.230342E+00
 0.113395E+01   0.767606E+00   0.120912E+02   0.808581E+00   0.230881E+00
 0.113676E+01   0.772639E+00   0.120954E+02   0.814158E+00   0.231420E+00
 0.113957E+01   0.777705E+00   0.121117E+02   0.819775E+00   0.231959E+00
 0.114238E+01   0.782781E+00   0.121258E+02   0.825408E+00   0.232497E+00
 0.114519E+01   0.787856E+00   0.121301E+02   0.831043E+00   0.233035E+00
 0.114799E+01   0.792966E+00   0.121478E+02   0.836720E+00   0.233573E+00
 0.115080E+01   0.798073E+00   0.121555E+02   0.842398E+00   0.234110E+00
 0.115361E+01   0.803190E+00   0.121613E+02   0.848091E+00   0.234647E+00
 0.115642E+01   0.808338E+00   0.121782E+02   0.853822E+00   0.235184E+00
 0.115923E+01   0.813478E+00   0.121820E+02   0.859547E+00   0.235721E+00
 0.116204E+01   0.818650E+00   0.121976E+02   0.865313E+00   0.236257E+00
 0.116485E+01   0.823827E+00   0.122095E+02   0.871088E+00   0.236793E+00
 0.116766E+01   0.829014E+00   0.122194E+02   0.876878E+00   0.237329E+00
 0.117047E+01   0.834212E+00   0.122287E+02   0.882684E+00   0.237864E+00
 0.117328E+01   0.839424E+00   0.122396E+02   0.888510E+00   0.238399E+00
 0.117608E+01   0.844648E+00   0.122508E+02   0.894353E+00   0.238934E+00
 0.117889E+01   0.849889E+00   0.122650E+02   0.900218E+00   0.239468E+00
 0.118170E+01   0.855129E+00   0.122727E+02   0.906088E+00   0.240002E+00
 0.118451E+01   0.860386E+00   0.122837E+02   0.911980E+00   0.240536E+00
 0.118732E+01   0.865657E+00   0.122966E+02   0.917892E+00   0.241070E+00
 0.119013E+01   0.870935E+00   0.123074E+02   0.923816E+00   0.241603E+00
 0.119294E+01   0.876218E+00   0.123153E+02   0.929749E+00   0.242136E+00
 0.119575E+01   0.881518E+00   0.123271E+02   0.935706E+00   0.242668E+00
 0.119856E+01   0.886830E+00   0.123401E+02   0.941679E+00   0.243201E+00
 0.120136E+01   0.892145E+00   0.123492E+02   0.947661E+00   0.243733E+00
 0.120417E+01   0.897472E+00   0.123605E+02   0.953661E+00   0.244264E+00
 0.120698E+01   0.902804E+00   0.123686E+02   0.959669E+00   0.244796E+00
 0.120979E+01   0.908147E+00   0.123783E+02   0.965695E+00   0.245327E+00
 0.121260E+01   0.913499E+00   0.123883E+02   0.971735E+00   0.245858E+00
 0.121541E+01   0.918864E+00   0.124011E+02   0.977794E+00   0.246388E+00
 0.121822E+01   0.924232E+00   0.124110E+02   0.983862E+00   0.246918E+00
 0.122103E+01   0.929606E+00   0.124194E+02   0.989940E+00   0.247448E+00
 0.122384E+01   0.934984E+00   0.124253E+02   0.996026E+00   0.247978E+00
 0.122664E+01   0.940387E+00   0.124418E+02   0.100214E+01   0.248507E+00
 0.122945E+01   0.945779E+00   0.124473E+02   0.100826E+01   0.249036E+00
 0.123226E+01   0.951193E+00   0.124623E+02   0.101440E+01   0.249564E+00
 0.123507E+01   0.956598E+00   0.124673E+02   0.102053E+01   0.250092E+00
 0.123788E+01   0.962022E+00   0.124796E+02   0.102669E+01   0.250620E+00
 0.124069E+01   0.967448E+00   0.124893E+02   0.103286E+01   0.251148E+00
 0.124350E+01   0.972871E+00   0.124942E+02   0.103903E+01   0.251675E+00
 0.124631E+01   0.978311E+00   0.125053E+02   0.104522E+01   0.252202E+00
 0.124912E+01   0.983763E+00   0.125196E+02   0.105143E+01   0.252729E+00
 0.125193E+01   0.989215E+00   0.125309E+02   0.105764E+01   0.253255E+00
 0.125473E+01   0.994655E+00   0.125326E+02   0.106385E+01   0.253781E+00
 0.125754E+01   0.100012E+01   0.125438E+02   0.107008E+01   0.254307E+00
 0.126035E+01   0.100558E+01   0.125527E+02   0.107632E+01   0.254832E+00
 0.126316E+01   0.101105E+01   0.125664E+02   0.108258E+01   0.255357E+00
 0.126597E+01   0.101653E+01   0.125790E+02   0.108885E+01   0.255882E+00
 0.126878E+01   0.102200E+01   0.125837E+02   0.109511E+01   0.256406E+00
 0.127159E+01   0.102748E+01   0.125939E+02   0.110139E+01   0.256930E+00
 0.127440E+01   0.103297E+01   0.126043E+02   0.110768E+01   0.257454E+00
 0.127721E+01   0.103845E+01   0.126100E+02   0.111396E+01   0.257977E+00
 0.128001E+01   0.104394E+01   0.126224E+02   0.112027E+01   0.258500E+00
 0.128282E+01   0.104944E+01   0.126313E+02   0.112658E+01   0.259023E+00
 0.128563E+01   0.105494E+01   0.126445E+02   0.113291E+01   0.259545E+00
 0.128844E+01   0.106044E+01   0.126525E+02   0.113923E+01   0.260067E+00
 0.129125E+01   0.106594E+01   0.126656E+02   0.114558E+01   0.260589E+00
 0.129406E+01   0.107143E+01   0.126671E+02   0.115190E+01   0.261110E+00
 0.129687E+01   0.107694E+01   0.126757E+02   0.115825E+01   0.261631E+00
 0.129968E+01   0.108245E+01   0.126922E+02   0.116461E+01   0.262152E+00
 0.130249E+01   0.108796E+01   0.126996E+02   0.117097E+01   0.262672E+00
 0.130529E+01   0.109347E+01   0.127096E+02   0.117734E+01   0.263192E+00
 0.130810E+01   0.109897E+01   0.127142E+02   0.118370E+01   0.263712E+00
 0.131091E+01   0.110448E+01   0.127248E+02   0.119008E+01   0.264231E+00
 0.131372E+01   0.110999E+01   0.127340E+02   0.119646E+01   0.264750E+00
 0.131653E+01   0.111550E+01   0.127424E+02   0.120285E+01   0.265269E+00
 0.131934E+01   0.112102E+01   0.127547E+02   0.120925E+01   0.265787E+00
 0.132215E+01   0.112651E+01   0.127558E+02   0.121563E+01   0.266305E+00
 0.132496E+01   0.113204E+01   0.127726E+02   0.122204E+01   0.266823E+00
 0.132777E+01   0.113755E+01   0.127816E+02   0.122845E+01   0.267340E+00
 0.133058E+01   0.114305E+01   0.127886E+02   0.123485E+01   0.267857E+00
 0.133338E+01   0.114856E+01   0.127970E+02   0.124126E+01   0.268373E+00
 0.133619E+01   0.115406E+01   0.128038E+02   0.124767E+01   0.268890E+00
 0.133900E+01   0.115956E+01   0.128119E+02   0.125409E+01   0.269406E+00
 0.134181E+01   0.116507E+01   0.128230E+02   0.126052E+01   0.269921E+00
 0.134462E+01   0.117057E+01   0.128325E+02   0.126694E+01   0.270437E+00
 0.134743E+01   0.117607E+01   0.128419E+02   0.127337E+01   0.270951E+00
 0.135024E+01   0.118156E+01   0.128486E+02   0.127979E+01   0.271466E+00
 0.135305E+01   0.118704E+01   0.128505E+02   0.128620E+01   0.271980E+00
 0.135586E+01   0.119255E+01   0.128663E+02   0.129265E+01   0.272494E+00
 0.135866E+01   0.119803E+01   0.128724E+02   0.129908E+01   0.273008E+00
 0.136147E+01   0.120351E+01   0.128787E+02   0.130551E+01   0.273521E+00
 0.136428E+01   0.120900E+01   0.128915E+02   0.131195E+01   0.274034E+00
 0.136709E+01   0.121447E+01   0.128947E+02   0.131837E+01   0.274546E+00
 0.136990E+01   0.121994E+01   0.129022E+02   0.132480E+01   0.275058E+00
 0.137271E+01   0.122542E+01   0.129159E+02   0.133125E+01   0.275570E+00
 0.137552E+01   0.123087E+01   0.129153E+02   0.133766E+01   0.276081E+00
 0.137833E+01   0.123634E+01   0.129307E+02   0.134412E+01   0.276592E+00
 0.138114E+01   0.124180E+01   0.129398E+02   0.135055E+01   0.277103E+00
 0.138394E+01   0.124724E+01   0.129410E+02   0.135697E+01   0.277614E+00
 0.138675E+01   0.125268E+01   0.129468E+02   0.136339E+01   0.278124E+00
 0.138956E+01   0.125812E+01   0.129546E+02   0.136982E+01   0.278633E+00
 0.139237E+01   0.126358E+01   0.129709E+02   0.137627E+01   0.279143E+00
 0.139518E+01   0.126899E+01   0.129724E+02   0.138269E+01   0.279652E+00
 0.139799E+01   0.127443E+01   0.129873E+02   0.138913E+01   0.280160E+00
 0.140080E+01   0.127984E+01   0.129888E+02   0.139554E+01   0.280668E+00
 0.140361E+01   0.128526E+01   0.130006E+02   0.140197E+01   0.281176E+00
 0.140642E+01   0.129066E+01   0.130017E+02   0.140837E+01   0.281684E+00
 0.140922E+01   0.129606E+01   0.130097E+02   0.141479E+01   0.282191E+00
 0.141203E+01   0.130145E+01   0.130155E+02   0.142119E+01   0.282698E+00
 0.141484E+01   0.130683E+01   0.130230E+02   0.142760E+01   0.283204E+00
 0.141765E+01   0.131223E+01   0.130377E+02   0.143403E+01   0.283711E+00
 0.142046E+01   0.131759E+01   0.130399E+02   0.144042E+01   0.284216E+00
 0.142327E+01   0.132297E+01   0.130518E+02   0.144683E+01   0.284722E+00
 0.142608E+01   0.132832E+01   0.130584E+02   0.145322E+01   0.285227E+00
 0.142889E+01   0.133368E+01   0.130670E+02   0.145961E+01   0.285732E+00
 0.143170E+01   0.133902E+01   0.130741E+02   0.146600E+01   0.286236E+00
 0.143451E+01   0.134436E+01   0.130818E+02   0.147238E+01   0.286740E+00
 0.143731E+01   0.134968E+01   0.130876E+02   0.147875E+01   0.287244E+00
 0.144012E+01   0.135501E+01   0.130967E+02   0.148513E+01   0.287747E+00
 0.144293E+01   0.136032E+01   0.131029E+02   0.149149E+01   0.288250E+00
 0.144574E+01   0.136561E+01   0.131060E+02   0.149784E+01   0.288753E+00
 0.144855E+01   0.137090E+01   0.131084E+02   0.150419E+01   0.289255E+00
 0.145136E+01   0.137619E+01   0.131193E+02   0.151055E+01   0.289757E+00
 0.145417E+01   0.138146E+01   0.131249E+02   0.151689E+01   0.290258E+00
 0.145698E+01   0.138673E+01   0.131339E+02   0.152323E+01   0.290760E+00
 0.145979E+01   0.139199E+01   0.131395E+02   0.152956E+01   0.291260E+00
 0.146259E+01   0.139724E+01   0.131457E+02   0.153588E+01   0.291761E+00
 0.146540E+01   0.140248E+01   0.131546E+02   0.154220E+01   0.292261E+00
 0.146821E+01   0.140771E+01   0.131621E+02   0.154852E+01   0.292761E+00
 0.147102E+01   0.141293E+01   0.131671E+02   0.155481E+01   0.293260E+00
 0.147383E+01   0.141815E+01   0.131762E+02   0.156112E+01   0.293759E+00
 0.147664E+01   0.142333E+01   0.131764E+02   0.156739E+01   0.294258E+00
 0.147945E+01   0.142853E+01   0.131858E+02   0.157368E+01   0.294756E+00
 0.148226E+01   0.143371E+01   0.131922E+02   0.157995E+01   0.295254E+00
 0.148507E+01   0.143888E+01   0.132005E+02   0.158622E+01   0.295752E+00
 0.148787E+01   0.144404E+01   0.132080E+02   0.159248E+01   0.296249E+00
 0.149068E+01   0.144919E+01   0.132139E+02   0.159873E+01   0.296746E+00
 0.149349E+01   0.145432E+01   0.132177E+02   0.160497E+01   0.297242E+00
 0.149630E+01   0.145944E+01   0.132166E+02   0.161118E+01   0.297738E+00
 0.149911E+01   0.146457E+01   0.132306E+02   0.161743E+01   0.298234E+00
 0.150192E+01   0.146967E+01   0.132371E+02   0.162364E+01   0.298730E+00
 0.150473E+01   0.147477E+01   0.132435E+02   0.162985E+01   0.299225E+00
 0.150754E+01   0.147984E+01   0.132458E+02   0.163604E+01   0.299720E+00
 0.151035E+01   0.148492E+01   0.132550E+02   0.164223E+01   0.300214E+00
 0.151316E+01   0.148996E+01   0.132525E+02   0.164839E+01   0.300708E+00
 0.151596E+01   0.149502E+01   0.132632E+02   0.165457E+01   0.301202E+00
 0.151877E+01   0.150006E+01   0.132710E+02   0.166073E+01   0.301695E+00
 0.152158E+01   0.150509E+01   0.132773E+02   0.166688E+01   0.302188E+00
 0.152439E+01   0.151008E+01   0.132756E+02   0.167300E+01   0.302680E+00
 0.152720E+01   0.151508E+01   0.132804E+02   0.167913E+01   0.303173E+00
 0.153001E+01   0.152008E+01   0.132888E+02   0.168525E+01   0.303665E+00
 0.153282E+01   0.152507E+01   0.133008E+02   0.169138E+01   0.304156E+00
 0.153563E+01   0.153002E+01   0.132999E+02   0.169746E+01   0.304647E+00
 0.153844E+01   0.153497E+01   0.133041E+02   0.170354E+01   0.305138E+00
 0.154124E+01   0.153992E+01   0.133166E+02   0.170963E+01   0.305628E+00
 0.154405E+01   0.154484E+01   0.133162E+02   0.171568E+01   0.306118E+00
 0.154686E+01   0.154975E+01   0.133188E+02   0.172173E+01   0.306608E+00
 0.154967E+01   0.155465E+01   0.133239E+02   0.172777E+01   0.307098E+00
 0.155248E+01   0.155954E+01   0.133292E+02   0.173380E+01   0.307587E+00
 0.155529E+01   0.156443E+01   0.133431E+02   0.173984E+01   0.308075E+00
 0.155810E+01   0.156928E+01   0.133405E+02   0.174583E+01   0.308563E+00
 0.156091E+01   0.157414E+01   0.133498E+02   0.175184E+01   0.309051E+00
 0.156372E+01   0.157898E+01   0.133578E+02   0.175783E+01   0.309539E+00
 0.156652E+01   0.158379E+01   0.133563E+02   0.176378E+01   0.310026E+00
 0.156933E+01   0.158862E+01   0.133685E+02   0.176976E+01   0.310513E+00
 0.157214E+01   0.159341E+01   0.133724E+02   0.177571E+01   0.310999E+00
 0.157495E+01   0.159818E+01   0.133688E+02   0.178162E+01   0.311486E+00
 0.157776E+01   0.160295E+01   0.133748E+02   0.178755E+01   0.311971E+00
 0.158057E+01   0.160772E+01   0.133838E+02   0.179347E+01   0.312457E+00
 0.158338E+01   0.161247E+01   0.133923E+02   0.179938E+01   0.312942E+00
 0.158619E+01   0.161719E+01   0.133892E+02   0.180525E+01   0.313426E+00
 0.158900E+01   0.162191E+01   0.133981E+02   0.181113E+01   0.313911E+00
 0.159180E+01   0.162662E+01   0.134042E+02   0.181699E+01   0.314395E+00
 0.159461E+01   0.163131E+01   0.134113E+02   0.182285E+01   0.314878E+00
 0.159742E+01   0.163598E+01   0.134103E+02   0.182867E+01   0.315362E+00
 0.160023E+01   0.164065E+01   0.134189E+02   0.183450E+01   0.315845E+00
 0.160304E+01   0.164529E+01   0.134197E+02   0.184030E+01   0.316327E+00
 0.160585E+01   0.164992E+01   0.134223E+02   0.184609E+01   0.316809E+00
 0.160866E+01   0.165455E+01   0.134300E+02   0.185188E+01   0.317291E+00
 0.161147E+01   0.165916E+01   0.134380E+02   0.185766E+01   0.317773E+00
 0.161428E+01   0.166376E+01   0.134426E+02   0.186341E+01   0.318254E+00
 0.161709E+01   0.166832E+01   0.134413E+02   0.186914E+01   0.318735E+00
 0.161989E+01   0.167289E+01   0.134474E+02   0.187487E+01   0.319215E+00
 0.162270E+01   0.167745E+01   0.134525E+02   0.188059E+01   0.319695E+00
 0.162551E+01   0.168199E+01   0.134581E+02   0.188629E+01   0.320175E+00
 0.162832E+01   0.168649E+01   0.134551E+02   0.189196E+01   0.320654E+00
 0.163113E+01   0.169100E+01   0.134587E+02   0.189763E+01   0.321133E+00
 0.163394E+01   0.169551E+01   0.134685E+02   0.190331E+01   0.321612E+00
 0.163675E+01   0.169998E+01   0.134693E+02   0.190894E+01   0.322090E+00
 0.163956E+01   0.170444E+01   0.134705E+02   0.191456E+01   0.322568E+00
 0.164237E+01   0.170889E+01   0.134751E+02   0.192018E+01   0.323045E+00
 0.164517E+01   0.171334E+01   0.134865E+02   0.192580E+01   0.323523E+00
 0.164798E+01   0.171776E+01   0.134891E+02   0.193139E+01   0.324000E+00
 0.165079E+01   0.172217E+01   0.134946E+02   0.193696E+01   0.324476E+00
 0.165360E+01   0.172656E+01   0.134952E+02   0.194251E+01   0.324952E+00
 0.165641E+01   0.173094E+01   0.135015E+02   0.194807E+01   0.325428E+00
 0.165922E+01   0.173531E+01   0.135054E+02   0.195360E+01   0.325904E+00
 0.166203E+01   0.173966E+01   0.135082E+02   0.195911E+01   0.326379E+00
 0.166484E+01   0.174398E+01   0.135079E+02   0.196460E+01   0.326853E+00
 0.166765E+01   0.174830E+01   0.135085E+02   0.197007E+01   0.327328E+00
 0.167045E+01   0.175261E+01   0.135135E+02   0.197555E+01   0.327802E+00
 0.167326E+01   0.175691E+01   0.135229E+02   0.198102E+01   0.328276E+00
 0.167607E+01   0.176118E+01   0.135226E+02   0.198645E+01   0.328749E+00
 0.167888E+01   0.176545E+01   0.135310E+02   0.199189E+01   0.329222E+00
 0.168169E+01   0.176970E+01   0.135316E+02   0.199729E+01   0.329694E+00
 0.168450E+01   0.177393E+01   0.135365E+02   0.200270E+01   0.330167E+00
 0.168731E+01   0.177813E+01   0.135328E+02   0.200806E+01   0.330639E+00
 0.169012E+01   0.178236E+01   0.135444E+02   0.201345E+01   0.331110E+00
 0.169293E+01   0.178654E+01   0.135428E+02   0.201878E+01   0.331582E+00
 0.169574E+01   0.179071E+01   0.135476E+02   0.202412E+01   0.332052E+00
 0.169854E+01   0.179488E+01   0.135536E+02   0.202945E+01   0.332523E+00
 0.170135E+01   0.179903E+01   0.135568E+02   0.203476E+01   0.332993E+00
 0.170416E+01   0.180316E+01   0.135594E+02   0.204005E+01   0.333463E+00
 0.170697E+01   0.180728E+01   0.135647E+02   0.204533E+01   0.333933E+00
 0.170978E+01   0.181137E+01   0.135656E+02   0.205058E+01   0.334402E+00
 0.171259E+01   0.181546E+01   0.135699E+02   0.205583E+01   0.334870E+00
 0.171540E+01   0.181954E+01   0.135728E+02   0.206106E+01   0.335339E+00
 0.171821E+01   0.182359E+01   0.135737E+02   0.206627E+01   0.335807E+00
 0.172102E+01   0.182763E+01   0.135768E+02   0.207147E+01   0.336275E+00
 0.172382E+01   0.183166E+01   0.135807E+02   0.207665E+01   0.336742E+00
 0.172663E+01   0.183568E+01   0.135828E+02   0.208182E+01   0.337209E+00
 0.172944E+01   0.183967E+01   0.135818E+02   0.208696E+01   0.337676E+00
 0.173225E+01   0.184367E+01   0.135921E+02   0.209212E+01   0.338142E+00
 0.173506E+01   0.184762E+01   0.135882E+02   0.209722E+01   0.338608E+00
 0.173787E+01   0.185158E+01   0.135909E+02   0.210233E+01   0.339074E+00
 0.174068E+01   0.185553E+01   0.135974E+02   0.210743E+01   0.339539E+00
 0.174349E+01   0.185946E+01   0.136037E+02   0.211251E+01   0.340004E+00
 0.174630E+01   0.186337E+01   0.136055E+02   0.211757E+01   0.340469E+00
 0.174910E+01   0.186727E+01   0.136083E+02   0.212261E+01   0.340933E+00
 0.175191E+01   0.187115E+01   0.136098E+02   0.212764E+01   0.341397E+00
 0.175472E+01   0.187501E+01   0.136087E+02   0.213264E+01   0.341861E+00
 0.175753E+01   0.187888E+01   0.136173E+02   0.213765E+01   0.342324E+00
 0.176034E+01   0.188270E+01   0.136127E+02   0.214261E+01   0.342787E+00
 0.176315E+01   0.188654E+01   0.136219E+02   0.214760E+01   0.343250E+00
 0.176596E+01   0.189034E+01   0.136173E+02   0.215253E+01   0.343712E+00
 0.176877E+01   0.189414E+01   0.136232E+02   0.215747E+01   0.344174E+00
 0.177158E+01   0.189791E+01   0.136206E+02   0.216238E+01   0.344636E+00
 0.177438E+01   0.190168E+01   0.136255E+02   0.216729E+01   0.345097E+00
 0.177719E+01   0.190544E+01   0.136295E+02   0.217218E+01   0.345558E+00
 0.178000E+01   0.190919E+01   0.136358E+02   0.217706E+01   0.346018E+00
 0.178281E+01   0.191291E+01   0.136394E+02   0.218192E+01   0.346478E+00
 0.178562E+01   0.191661E+01   0.136366E+02   0.218675E+01   0.346938E+00
 0.178843E+01   0.192030E+01   0.136353E+02   0.219157E+01   0.347398E+00
 0.179124E+01   0.192400E+01   0.136454E+02   0.219640E+01   0.347857E+00
 0.179405E+01   0.192765E+01   0.136400E+02   0.220117E+01   0.348316E+00
 0.179686E+01   0.193130E+01   0.136426E+02   0.220595E+01   0.348774E+00
 0.179967E+01   0.193494E+01   0.136457E+02   0.221071E+01   0.349233E+00
 0.180247E+01   0.193858E+01   0.136551E+02   0.221548E+01   0.349690E+00
 0.180528E+01   0.194218E+01   0.136523E+02   0.222020E+01   0.350148E+00
 0.180809E+01   0.194579E+01   0.136577E+02   0.222492E+01   0.350605E+00
 0.181090E+01   0.194935E+01   0.136525E+02   0.222960E+01   0.351062E+00
 0.181371E+01   0.195292E+01   0.136563E+02   0.223429E+01   0.351518E+00
 0.181652E+01   0.195649E+01   0.136643E+02   0.223898E+01   0.351975E+00
 0.181933E+01   0.196002E+01   0.136594E+02   0.224361E+01   0.352430E+00
 0.182214E+01   0.196355E+01   0.136636E+02   0.224826E+01   0.352886E+00
 0.182495E+01   0.196706E+01   0.136661E+02   0.225288E+01   0.353341E+00
 0.182775E+01   0.197056E+01   0.136696E+02   0.225749E+01   0.353796E+00
 0.183056E+01   0.197405E+01   0.136718E+02   0.226209E+01   0.354251E+00
 0.183337E+01   0.197752E+01   0.136742E+02   0.226666E+01   0.354705E+00
 0.183618E+01   0.198098E+01   0.136774E+02   0.227123E+01   0.355159E+00
 0.183899E+01   0.198442E+01   0.136764E+02   0.227576E+01   0.355612E+00
 0.184180E+01   0.198784E+01   0.136743E+02   0.228028E+01   0.356065E+00
 0.184461E+01   0.199126E+01   0.136790E+02   0.228480E+01   0.356518E+00
 0.184742E+01   0.199466E+01   0.136791E+02   0.228930E+01   0.356971E+00
 0.185023E+01   0.199805E+01   0.136850E+02   0.229379E+01   0.357423E+00
 0.185303E+01   0.200143E+01   0.136859E+02   0.229826E+01   0.357875E+00
 0.185584E+01   0.200478E+01   0.136870E+02   0.230271E+01   0.358326E+00
 0.185865E+01   0.200814E+01   0.136935E+02   0.230716E+01   0.358777E+00
 0.186146E+01   0.201147E+01   0.136926E+02   0.231157E+01   0.359228E+00
 0.186427E+01   0.201480E+01   0.136966E+02   0.231598E+01   0.359679E+00
 0.186708E+01   0.201809E+01   0.136913E+02   0.232036E+01   0.360129E+00
 0.186989E+01   0.202139E+01   0.136960E+02   0.232474E+01   0.360579E+00
 0.187270E+01   0.202467E+01   0.136983E+02   0.232910E+01   0.361029E+00
 0.187551E+01   0.202794E+01   0.137017E+02   0.233345E+01   0.361478E+00
 0.187832E+01   0.203118E+01   0.136977E+02   0.233777E+01   0.361927E+00
 0.188112E+01   0.203443E+01   0.137039E+02   0.234210E+01   0.362375E+00
 0.188393E+01   0.203765E+01   0.137028E+02   0.234639E+01   0.362824E+00
 0.188674E+01   0.204086E+01   0.137042E+02   0.235067E+01   0.363271E+00
 0.188955E+01   0.204407E+01   0.137066E+02   0.235494E+01   0.363719E+00
 0.189236E+01   0.204725E+01   0.137070E+02   0.235919E+01   0.364166E+00
 0.189517E+01   0.205043E+01   0.137133E+02   0.236345E+01   0.364613E+00
 0.189798E+01   0.205359E+01   0.137105E+02   0.236766E+01   0.365060E+00
 0.190079E+01   0.205673E+01   0.137113E+02   0.237187E+01   0.365506E+00
 0.190360E+01   0.205987E+01   0.137133E+02   0.237606E+01   0.365952E+00
 0.190640E+01   0.206298E+01   0.137125E+02   0.238023E+01   0.366398E+00
 0.190921E+01   0.206610E+01   0.137160E+02   0.238440E+01   0.366843E+00
 0.191202E+01   0.206919E+01   0.137162E+02   0.238855E+01   0.367288E+00
 0.191483E+01   0.207227E+01   0.137141E+02   0.239267E+01   0.367733E+00
 0.191764E+01   0.207534E+01   0.137170E+02   0.239680E+01   0.368178E+00
 0.192045E+01   0.207841E+01   0.137211E+02   0.240091E+01   0.368622E+00
 0.192326E+01   0.208144E+01   0.137195E+02   0.240499E+01   0.369065E+00
 0.192607E+01   0.208448E+01   0.137236E+02   0.240908E+01   0.369509E+00
 0.192888E+01   0.208749E+01   0.137202E+02   0.241312E+01   0.369952E+00
 0.193168E+01   0.209051E+01   0.137273E+02   0.241718E+01   0.370395E+00
 0.193449E+01   0.209351E+01   0.137307E+02   0.242122E+01   0.370837E+00
 0.193730E+01   0.209648E+01   0.137282E+02   0.242523E+01   0.371279E+00
 0.194011E+01   0.209944E+01   0.137237E+02   0.242921E+01   0.371721E+00
 0.194292E+01   0.210241E+01   0.137301E+02   0.243321E+01   0.372163E+00
 0.194573E+01   0.210535E+01   0.137313E+02   0.243719E+01   0.372604E+00
 0.194854E+01   0.210828E+01   0.137290E+02   0.244113E+01   0.373045E+00
 0.195135E+01   0.211119E+01   0.137282E+02   0.244507E+01   0.373486E+00
 0.195416E+01   0.211410E+01   0.137297E+02   0.244900E+01   0.373926E+00
 0.195697E+01   0.211702E+01   0.137390E+02   0.245294E+01   0.374366E+00
 0.195977E+01   0.211988E+01   0.137315E+02   0.245681E+01   0.374806E+00
 0.196258E+01   0.212275E+01   0.137326E+02   0.246070E+01   0.375245E+00
 0.196539E+01   0.212562E+01   0.137403E+02   0.246459E+01   0.375684E+00
 0.196820E+01   0.212847E+01   0.137394E+02   0.246844E+01   0.376123E+00
 0.197101E+01   0.213129E+01   0.137355E+02   0.247227E+01   0.376561E+00
 0.197382E+01   0.213413E+01   0.137431E+02   0.247612E+01   0.376999E+00
 0.197663E+01   0.213692E+01   0.137359E+02   0.247991E+01   0.377437E+00
 0.197944E+01   0.213974E+01   0.137440E+02   0.248373E+01   0.377875E+00
 0.198225E+01   0.214252E+01   0.137427E+02   0.248751E+01   0.378312E+00
 0.198505E+01   0.214530E+01   0.137458E+02   0.249129E+01   0.378749E+00
 0.198786E+01   0.214805E+01   0.137416E+02   0.249503E+01   0.379185E+00
 0.199067E+01   0.215080E+01   0.137443E+02   0.249878E+01   0.379621E+00
 0.199348E+01   0.215355E+01   0.137479E+02   0.250252E+01   0.380057E+00
 0.199629E+01   0.215628E+01   0.137481E+02   0.250623E+01   0.380493E+00
 0.199910E+01   0.215899E+01   0.137485E+02   0.250993E+01   0.380928E+00
 0.200191E+01   0.216170E+01   0.137501E+02   0.251362E+01   0.381363E+00
 0.200472E+01   0.216440E+01   0.137525E+02   0.251730E+01   0.381798E+00
 0.200753E+01   0.216706E+01   0.137447E+02   0.252094E+01   0.382232E+00
 0.201033E+01   0.216973E+01   0.137476E+02   0.252459E+01   0.382667E+00
 0.201314E+01   0.217240E+01   0.137503E+02   0.252823E+01   0.383100E+00
 0.201595E+01   0.217503E+01   0.137461E+02   0.253183E+01   0.383534E+00
 0.201876E+01   0.217767E+01   0.137465E+02   0.253544E+01   0.383967E+00
 0.202157E+01   0.218030E+01   0.137486E+02   0.253903E+01   0.384400E+00
 0.202438E+01   0.218291E+01   0.137494E+02   0.254261E+01   0.384833E+00
 0.202719E+01   0.218553E+01   0.137558E+02   0.254620E+01   0.385265E+00
 0.203000E+01   0.218812E+01   0.137564E+02   0.254975E+01   0.385697E+00
 0.203281E+01   0.219069E+01   0.137559E+02   0.255328E+01   0.386129E+00
 0.203561E+01   0.219326E+01   0.137569E+02   0.255681E+01   0.386560E+00
 0.203842E+01   0.219582E+01   0.137580E+02   0.256032E+01   0.386991E+00
 0.204123E+01   0.219837E+01   0.137598E+02   0.256382E+01   0.387422E+00
 0.204404E+01   0.220089E+01   0.137528E+02   0.256728E+01   0.387852E+00
 0.204685E+01   0.220341E+01   0.137523E+02   0.257075E+01   0.388282E+00
 0.204966E+01   0.220594E+01   0.137589E+02   0.257423E+01   0.388712E+00
 0.205247E+01   0.220844E+01   0.137555E+02   0.257766E+01   0.389142E+00
 0.205528E+01   0.221094E+01   0.137618E+02   0.258111E+01   0.389571E+00
 0.205809E+01   0.221341E+01   0.137563E+02   0.258451E+01   0.390000E+00
 0.206090E+01   0.221589E+01   0.137616E+02   0.258793E+01   0.390429E+00
 0.206370E+01   0.221835E+01   0.137619E+02   0.259132E+01   0.390857E+00
 0.206651E+01   0.222080E+01   0.137624E+02   0.259470E+01   0.391285E+00
 0.206932E+01   0.222323E+01   0.137583E+02   0.259805E+01   0.391713E+00
 0.207213E+01   0.222567E+01   0.137609E+02   0.260141E+01   0.392141E+00
 0.207494E+01   0.222808E+01   0.137580E+02   0.260474E+01   0.392568E+00
 0.207775E+01   0.223048E+01   0.137569E+02   0.260807E+01   0.392995E+00
 0.208056E+01   0.223289E+01   0.137625E+02   0.261140E+01   0.393422E+00
 0.208337E+01   0.223527E+01   0.137612E+02   0.261470E+01   0.393848E+00
 0.208618E+01   0.223764E+01   0.137575E+02   0.261797E+01   0.394274E+00
 0.208898E+01   0.224000E+01   0.137566E+02   0.262124E+01   0.394700E+00
 0.209179E+01   0.224237E+01   0.137629E+02   0.262453E+01   0.395125E+00
 0.209460E+01   0.224472E+01   0.137654E+02   0.262779E+01   0.395550E+00
 0.209741E+01   0.224706E+01   0.137650E+02   0.263102E+01   0.395975E+00
 0.210022E+01   0.224939E+01   0.137666E+02   0.263425E+01   0.396400E+00
 0.210303E+01   0.225170E+01   0.137657E+02   0.263746E+01   0.396824E+00
 0.210584E+01   0.225399E+01   0.137596E+02   0.264065E+01   0.397248E+00
 0.210865E+01   0.225629E+01   0.137621E+02   0.264384E+01   0.397672E+00
 0.211146E+01   0.225858E+01   0.137652E+02   0.264703E+01   0.398095E+00
 0.211426E+01   0.226086E+01   0.137668E+02   0.265020E+01   0.398519E+00
 0.211707E+01   0.226313E+01   0.137680E+02   0.265335E+01   0.398941E+00
 0.211988E+01   0.226536E+01   0.137588E+02   0.265646E+01   0.399364E+00
 0.212269E+01   0.226761E+01   0.137593E+02   0.265959E+01   0.399786E+00
 0.212550E+01   0.226985E+01   0.137617E+02   0.266271E+01   0.400208E+00
 0.212831E+01   0.227207E+01   0.137590E+02   0.266581E+01   0.400630E+00
 0.213112E+01   0.227429E+01   0.137615E+02   0.266891E+01   0.401051E+00
 0.213393E+01   0.227650E+01   0.137618E+02   0.267199E+01   0.401473E+00
 0.213674E+01   0.227870E+01   0.137632E+02   0.267506E+01   0.401893E+00
 0.213954E+01   0.228089E+01   0.137659E+02   0.267812E+01   0.402314E+00
 0.214235E+01   0.228308E+01   0.137672E+02   0.268117E+01   0.402734E+00
 0.214516E+01   0.228522E+01   0.137592E+02   0.268417E+01   0.403154E+00
 0.214797E+01   0.228740E+01   0.137659E+02   0.268722E+01   0.403574E+00
 0.215078E+01   0.228953E+01   0.137587E+02   0.269020E+01   0.403993E+00
 0.215359E+01   0.229167E+01   0.137586E+02   0.269320E+01   0.404413E+00
 0.215640E+01   0.229381E+01   0.137622E+02   0.269619E+01   0.404831E+00
 0.215921E+01   0.229593E+01   0.137601E+02   0.269916E+01   0.405250E+00
 0.216202E+01   0.229804E+01   0.137598E+02   0.270212E+01   0.405668E+00
 0.216483E+01   0.230015E+01   0.137632E+02   0.270508E+01   0.406086E+00
 0.216763E+01   0.230224E+01   0.137590E+02   0.270800E+01   0.406504E+00
 0.217044E+01   0.230433E+01   0.137625E+02   0.271094E+01   0.406922E+00
 0.217325E+01   0.230641E+01   0.137631E+02   0.271386E+01   0.407339E+00
 0.217606E+01   0.230847E+01   0.137595E+02   0.271675E+01   0.407756E+00
 0.217887E+01   0.231054E+01   0.137636E+02   0.271966E+01   0.408172E+00
 0.218168E+01   0.231258E+01   0.137601E+02   0.272253E+01   0.408589E+00
 0.218449E+01   0.231463E+01   0.137675E+02   0.272542E+01   0.409005E+00
 0.218730E+01   0.231665E+01   0.137619E+02   0.272826E+01   0.409421E+00
 0.219011E+01   0.231867E+01   0.137616E+02   0.273111E+01   0.409836E+00
 0.219291E+01   0.232069E+01   0.137647E+02   0.273395E+01   0.410252E+00
 0.219572E+01   0.232270E+01   0.137644E+02   0.273678E+01   0.410667E+00
 0.219853E+01   0.232469E+01   0.137642E+02   0.273959E+01   0.411081E+00
 0.220134E+01   0.232668E+01   0.137643E+02   0.274239E+01   0.411496E+00
 0.220415E+01   0.232866E+01   0.137650E+02   0.274519E+01   0.411910E+00
 0.220696E+01   0.233061E+01   0.137570E+02   0.274794E+01   0.412324E+00
 0.220977E+01   0.233259E+01   0.137656E+02   0.275074E+01   0.412737E+00
 0.221258E+01   0.233454E+01   0.137619E+02   0.275349E+01   0.413151E+00
 0.221539E+01   0.233649E+01   0.137648E+02   0.275624E+01   0.413564E+00
 0.221819E+01   0.233841E+01   0.137557E+02   0.275895E+01   0.413977E+00
 0.222100E+01   0.234035E+01   0.137617E+02   0.276170E+01   0.414389E+00
 0.222381E+01   0.234225E+01   0.137561E+02   0.276439E+01   0.414801E+00
 0.222662E+01   0.234418E+01   0.137637E+02   0.276712E+01   0.415213E+00
 0.222943E+01   0.234608E+01   0.137608E+02   0.276981E+01   0.415625E+00
 0.223224E+01   0.234796E+01   0.137573E+02   0.277248E+01   0.416037E+00
 0.223505E+01   0.234985E+01   0.137572E+02   0.277516E+01   0.416448E+00
 0.223786E+01   0.235172E+01   0.137539E+02   0.277781E+01   0.416859E+00
 0.224067E+01   0.235359E+01   0.137550E+02   0.278046E+01   0.417269E+00
 0.224348E+01   0.235547E+01   0.137617E+02   0.278313E+01   0.417680E+00
 0.224628E+01   0.235731E+01   0.137586E+02   0.278575E+01   0.418090E+00
 0.224909E+01   0.235916E+01   0.137597E+02   0.278837E+01   0.418500E+00
 0.225190E+01   0.236100E+01   0.137611E+02   0.279099E+01   0.418909E+00
 0.225471E+01   0.236281E+01   0.137516E+02   0.279355E+01   0.419319E+00
 0.225752E+01   0.236463E+01   0.137504E+02   0.279614E+01   0.419728E+00
 0.226033E+01   0.236644E+01   0.137506E+02   0.279872E+01   0.420136E+00
 0.226314E+01   0.236826E+01   0.137552E+02   0.280131E+01   0.420545E+00
 0.226595E+01   0.237006E+01   0.137560E+02   0.280387E+01   0.420953E+00
 0.226876E+01   0.237183E+01   0.137496E+02   0.280640E+01   0.421361E+00
 0.227156E+01   0.237362E+01   0.137546E+02   0.280895E+01   0.421769E+00
 0.227437E+01   0.237538E+01   0.137491E+02   0.281146E+01   0.422176E+00
 0.227718E+01   0.237716E+01   0.137513E+02   0.281399E+01   0.422584E+00
 0.227999E+01   0.237891E+01   0.137480E+02   0.281649E+01   0.422990E+00
 0.228280E+01   0.238067E+01   0.137517E+02   0.281900E+01   0.423397E+00
 0.228561E+01   0.238240E+01   0.137463E+02   0.282147E+01   0.423804E+00
 0.228842E+01   0.238413E+01   0.137465E+02   0.282395E+01   0.424210E+00
 0.229123E+01   0.238586E+01   0.137466E+02   0.282642E+01   0.424616E+00
 0.229404E+01   0.238758E+01   0.137466E+02   0.282888E+01   0.425021E+00
 0.229684E+01   0.238929E+01   0.137463E+02   0.283133E+01   0.425427E+00
 0.229965E+01   0.239101E+01   0.137495E+02   0.283378E+01   0.425832E+00
 0.230246E+01   0.239269E+01   0.137438E+02   0.283619E+01   0.426237E+00
 0.230527E+01   0.239439E+01   0.137478E+02   0.283862E+01   0.426641E+00
 0.230808E+01   0.239607E+01   0.137473E+02   0.284103E+01   0.427045E+00
 0.231089E+01   0.239776E+01   0.137512E+02   0.284345E+01   0.427450E+00
 0.231370E+01   0.239941E+01   0.137455E+02   0.284582E+01   0.427853E+00
 0.231651E+01   0.240107E+01   0.137445E+02   0.284820E+01   0.428257E+00
 0.231932E+01   0.240273E+01   0.137477E+02   0.285058E+01   0.428660E+00
 0.232213E+01   0.240437E+01   0.137448E+02   0.285294E+01   0.429063E+00
 0.232493E+01   0.240601E+01   0.137432E+02   0.285529E+01   0.429466E+00
 0.232774E+01   0.240763E+01   0.137385E+02   0.285761E+01   0.429869E+00
 0.233055E+01   0.240926E+01   0.137394E+02   0.285995E+01   0.430271E+00
 0.233336E+01   0.241088E+01   0.137391E+02   0.286228E+01   0.430673E+00
 0.233617E+01   0.241250E+01   0.137432E+02   0.286461E+01   0.431075E+00
 0.233898E+01   0.241410E+01   0.137403E+02   0.286691E+01   0.431476E+00
 0.234179E+01   0.241569E+01   0.137374E+02   0.286920E+01   0.431878E+00
 0.234460E+01   0.241727E+01   0.137367E+02   0.287148E+01   0.432279E+00
 0.234741E+01   0.241886E+01   0.137366E+02   0.287376E+01   0.432679E+00
 0.235021E+01   0.242044E+01   0.137376E+02   0.287604E+01   0.433080E+00
 0.235302E+01   0.242202E+01   0.137431E+02   0.287832E+01   0.433480E+00
 0.235583E+01   0.242358E+01   0.137424E+02   0.288057E+01   0.433880E+00
 0.235864E+01   0.242512E+01   0.137352E+02   0.288279E+01   0.434280E+00
 0.236145E+01   0.242667E+01   0.137355E+02   0.288503E+01   0.434679E+00
 0.236426E+01   0.242822E+01   0.137376E+02   0.288726E+01   0.435079E+00
 0.236707E+01   0.242974E+01   0.137346E+02   0.288947E+01   0.435478E+00
 0.236988E+01   0.243128E+01   0.137387E+02   0.289169E+01   0.435876E+00
 0.237269E+01   0.243278E+01   0.137288E+02   0.289385E+01   0.436275E+00
 0.237549E+01   0.243431E+01   0.137355E+02   0.289607E+01   0.436673E+00
 0.237830E+01   0.243581E+01   0.137285E+02   0.289823E+01   0.437071E+00
 0.238111E+01   0.243732E+01   0.137349E+02   0.290042E+01   0.437469E+00
 0.238392E+01   0.243882E+01   0.137335E+02   0.290258E+01   0.437866E+00
 0.238673E+01   0.244030E+01   0.137321E+02   0.290473E+01   0.438264E+00
 0.238954E+01   0.244177E+01   0.137255E+02   0.290686E+01   0.438661E+00
 0.239235E+01   0.244325E+01   0.137290E+02   0.290901E+01   0.439058E+00
 0.239516E+01   0.244472E+01   0.137264E+02   0.291113E+01   0.439454E+00
 0.239797E+01   0.244619E+01   0.137316E+02   0.291327E+01   0.439850E+00
 0.240077E+01   0.244764E+01   0.137263E+02   0.291537E+01   0.440246E+00
 0.240358E+01   0.244909E+01   0.137254E+02   0.291747E+01   0.440642E+00
 0.240639E+01   0.245052E+01   0.137215E+02   0.291955E+01   0.441038E+00
 0.240920E+01   0.245198E+01   0.137273E+02   0.292166E+01   0.441433E+00
 0.241201E+01   0.245339E+01   0.137201E+02   0.292371E+01   0.441828E+00
 0.241482E+01   0.245481E+01   0.137183E+02   0.292578E+01   0.442223E+00
 0.241763E+01   0.245624E+01   0.137210E+02   0.292785E+01   0.442618E+00
 0.242044E+01   0.245765E+01   0.137196E+02   0.292990E+01   0.443012E+00
 0.242325E+01   0.245905E+01   0.137174E+02   0.293194E+01   0.443406E+00
 0.242606E+01   0.246045E+01   0.137170E+02   0.293398E+01   0.443800E+00
 0.242886E+01   0.246184E+01   0.137162E+02   0.293601E+01   0.444194E+00
 0.243167E+01   0.246323E+01   0.137172E+02   0.293803E+01   0.444587E+00
 0.243448E+01   0.246462E+01   0.137168E+02   0.294005E+01   0.444980E+00
 0.243729E+01   0.246599E+01   0.137155E+02   0.294205E+01   0.445373E+00
 0.244010E+01   0.246736E+01   0.137163E+02   0.294405E+01   0.445766E+00
 0.244291E+01   0.246873E+01   0.137166E+02   0.294604E+01   0.446158E+00
 0.244572E+01   0.247008E+01   0.137150E+02   0.294802E+01   0.446550E+00
 0.244853E+01   0.247143E+01   0.137127E+02   0.294998E+01   0.446942E+00
 0.245134E+01   0.247278E+01   0.137131E+02   0.295195E+01   0.447334E+00
 0.245414E+01   0.247413E+01   0.137162E+02   0.295392E+01   0.447725E+00
 0.245695E+01   0.247544E+01   0.137072E+02   0.295584E+01   0.448117E+00
 0.245976E+01   0.247677E+01   0.137066E+02   0.295778E+01   0.448508E+00
 0.246257E+01   0.247811E+01   0.137120E+02   0.295973E+01   0.448898E+00
 0.246538E+01   0.247942E+01   0.137104E+02   0.296166E+01   0.449289E+00
 0.246819E+01   0.248072E+01   0.137051E+02   0.296356E+01   0.449679E+00
 0.247100E+01   0.248203E+01   0.137060E+02   0.296547E+01   0.450069E+00
 0.247381E+01   0.248333E+01   0.137052E+02   0.296737E+01   0.450459E+00
 0.247662E+01   0.248462E+01   0.137029E+02   0.296926E+01   0.450849E+00
 0.247942E+01   0.248590E+01   0.136993E+02   0.297114E+01   0.451238E+00
 0.248223E+01   0.248719E+01   0.136993E+02   0.297302E+01   0.451627E+00
 0.248504E+01   0.248847E+01   0.137017E+02   0.297490E+01   0.452016E+00
 0.248785E+01   0.248974E+01   0.136992E+02   0.297676E+01   0.452405E+00
 0.249066E+01   0.249100E+01   0.136987E+02   0.297862E+01   0.452793E+00
 0.249347E+01   0.249227E+01   0.136985E+02   0.298047E+01   0.453181E+00
 0.249628E+01   0.249352E+01   0.136986E+02   0.298231E+01   0.453569E+00
 0.249909E+01   0.249476E+01   0.136932E+02   0.298413E+01   0.453957E+00
 0.250190E+01   0.249601E+01   0.136934E+02   0.298596E+01   0.454344E+00
 0.250471E+01   0.249725E+01   0.136938E+02   0.298778E+01   0.454732E+00
 0.250751E+01   0.249848E+01   0.136920E+02   0.298959E+01   0.455119E+00
 0.251032E+01   0.249972E+01   0.136952E+02   0.299141E+01   0.455505E+00
 0.251313E+01   0.250093E+01   0.136912E+02   0.299319E+01   0.455892E+00
 0.251594E+01   0.250215E+01   0.136915E+02   0.299499E+01   0.456278E+00
 0.251875E+01   0.250336E+01   0.136895E+02   0.299677E+01   0.456664E+00
 0.252156E+01   0.250457E+01   0.136891E+02   0.299854E+01   0.457050E+00
 0.252437E+01   0.250577E+01   0.136909E+02   0.300032E+01   0.457436E+00
 0.252718E+01   0.250697E+01   0.136910E+02   0.300209E+01   0.457821E+00
 0.252999E+01   0.250815E+01   0.136837E+02   0.300382E+01   0.458207E+00
 0.253279E+01   0.250934E+01   0.136852E+02   0.300557E+01   0.458591E+00
 0.253560E+01   0.251051E+01   0.136816E+02   0.300730E+01   0.458976E+00
 0.253841E+01   0.251169E+01   0.136829E+02   0.300904E+01   0.459361E+00
 0.254122E+01   0.251288E+01   0.136867E+02   0.301078E+01   0.459745E+00
 0.254403E+01   0.251402E+01   0.136794E+02   0.301248E+01   0.460129E+00
 0.254684E+01   0.251519E+01   0.136810E+02   0.301420E+01   0.460513E+00
 0.254965E+01   0.251635E+01   0.136800E+02   0.301591E+01   0.460897E+00
 0.255246E+01   0.251749E+01   0.136780E+02   0.301760E+01   0.461280E+00
 0.255527E+01   0.251864E+01   0.136782E+02   0.301930E+01   0.461663E+00
 0.255807E+01   0.251979E+01   0.136811E+02   0.302099E+01   0.462046E+00
 0.256088E+01   0.252091E+01   0.136728E+02   0.302264E+01   0.462429E+00
 0.256369E+01   0.252203E+01   0.136719E+02   0.302431E+01   0.462811E+00
 0.256650E+01   0.252316E+01   0.136712E+02   0.302598E+01   0.463194E+00
 0.256931E+01   0.252430E+01   0.136766E+02   0.302766E+01   0.463576E+00
 0.257212E+01   0.252539E+01   0.136688E+02   0.302929E+01   0.463957E+00
 0.257493E+01   0.252652E+01   0.136753E+02   0.303096E+01   0.464339E+00
 0.257774E+01   0.252762E+01   0.136703E+02   0.303258E+01   0.464720E+00
 0.258055E+01   0.252872E+01   0.136685E+02   0.303421E+01   0.465102E+00
 0.258335E+01   0.252983E+01   0.136727E+02   0.303585E+01   0.465483E+00
 0.258616E+01   0.253090E+01   0.136651E+02   0.303744E+01   0.465863E+00
 0.258897E+01   0.253200E+01   0.136666E+02   0.303906E+01   0.466244E+00
 0.259178E+01   0.253308E+01   0.136659E+02   0.304067E+01   0.466624E+00
 0.259459E+01   0.253415E+01   0.136635E+02   0.304226E+01   0.467004E+00
 0.259740E+01   0.253523E+01   0.136633E+02   0.304386E+01   0.467384E+00
 0.260021E+01   0.253629E+01   0.136630E+02   0.304544E+01   0.467764E+00
 0.260302E+01   0.253736E+01   0.136628E+02   0.304703E+01   0.468143E+00
 0.260583E+01   0.253841E+01   0.136583E+02   0.304858E+01   0.468522E+00
 0.260864E+01   0.253947E+01   0.136615E+02   0.305017E+01   0.468901E+00
 0.261144E+01   0.254052E+01   0.136587E+02   0.305172E+01   0.469280E+00
 0.261425E+01   0.254156E+01   0.136566E+02   0.305327E+01   0.469658E+00
 0.261706E+01   0.254261E+01   0.136603E+02   0.305483E+01   0.470037E+00
 0.261987E+01   0.254364E+01   0.136559E+02   0.305636E+01   0.470415E+00
 0.262268E+01   0.254467E+01   0.136557E+02   0.305790E+01   0.470793E+00
 0.262549E+01   0.254570E+01   0.136538E+02   0.305942E+01   0.471170E+00
 0.262830E+01   0.254672E+01   0.136524E+02   0.306095E+01   0.471548E+00
 0.263111E+01   0.254774E+01   0.136525E+02   0.306246E+01   0.471925E+00
 0.263392E+01   0.254876E+01   0.136558E+02   0.306399E+01   0.472302E+00
 0.263672E+01   0.254976E+01   0.136489E+02   0.306547E+01   0.472679E+00
 0.263953E+01   0.255075E+01   0.136445E+02   0.306696E+01   0.473056E+00
 0.264234E+01   0.255178E+01   0.136521E+02   0.306848E+01   0.473432E+00
 0.264515E+01   0.255275E+01   0.136436E+02   0.306994E+01   0.473808E+00
 0.264796E+01   0.255375E+01   0.136426E+02   0.307142E+01   0.474184E+00
 0.265077E+01   0.255475E+01   0.136479E+02   0.307291E+01   0.474560E+00
 0.265358E+01   0.255572E+01   0.136441E+02   0.307437E+01   0.474935E+00
 0.265639E+01   0.255670E+01   0.136419E+02   0.307583E+01   0.475311E+00
 0.265920E+01   0.255768E+01   0.136443E+02   0.307730E+01   0.475686E+00
 0.266200E+01   0.255865E+01   0.136437E+02   0.307875E+01   0.476061E+00
 0.266481E+01   0.255962E+01   0.136402E+02   0.308018E+01   0.476435E+00
 0.266762E+01   0.256058E+01   0.136404E+02   0.308163E+01   0.476810E+00
 0.267043E+01   0.256154E+01   0.136394E+02   0.308306E+01   0.477184E+00
 0.267324E+01   0.256249E+01   0.136366E+02   0.308448E+01   0.477558E+00
 0.267605E+01   0.256344E+01   0.136370E+02   0.308590E+01   0.477932E+00
 0.267886E+01   0.256437E+01   0.136304E+02   0.308730E+01   0.478306E+00
 0.268167E+01   0.256531E+01   0.136288E+02   0.308871E+01   0.478679E+00
 0.268448E+01   0.256627E+01   0.136363E+02   0.309014E+01   0.479052E+00
 0.268729E+01   0.256718E+01   0.136277E+02   0.309151E+01   0.479425E+00
 0.269009E+01   0.256811E+01   0.136261E+02   0.309290E+01   0.479798E+00
 0.269290E+01   0.256904E+01   0.136272E+02   0.309430E+01   0.480171E+00
 0.269571E+01   0.256996E+01   0.136262E+02   0.309568E+01   0.480543E+00
 0.269852E+01   0.257088E+01   0.136253E+02   0.309705E+01   0.480915E+00
 0.270133E+01   0.257180E+01   0.136280E+02   0.309843E+01   0.481287E+00
 0.270414E+01   0.257270E+01   0.136212E+02   0.309978E+01   0.481659E+00
 0.270695E+01   0.257362E+01   0.136271E+02   0.310116E+01   0.482030E+00
 0.270976E+01   0.257452E+01   0.136256E+02   0.310251E+01   0.482402E+00
 0.271257E+01   0.257540E+01   0.136178E+02   0.310384E+01   0.482773E+00
 0.271537E+01   0.257630E+01   0.136169E+02   0.310518E+01   0.483144E+00
 0.271818E+01   0.257719E+01   0.136167E+02   0.310652E+01   0.483515E+00
 0.272099E+01   0.257808E+01   0.136205E+02   0.310787E+01   0.483885E+00
 0.272380E+01   0.257896E+01   0.136149E+02   0.310918E+01   0.484255E+00
 0.272661E+01   0.257984E+01   0.136150E+02   0.311050E+01   0.484626E+00
 0.272942E+01   0.258072E+01   0.136178E+02   0.311183E+01   0.484995E+00
 0.273223E+01   0.258159E+01   0.136157E+02   0.311314E+01   0.485365E+00
 0.273504E+01   0.258244E+01   0.136091E+02   0.311442E+01   0.485735E+00
 0.273785E+01   0.258330E+01   0.136082E+02   0.311572E+01   0.486104E+00
 0.274065E+01   0.258416E+01   0.136063E+02   0.311701E+01   0.486473E+00
 0.274346E+01   0.258502E+01   0.136079E+02   0.311831E+01   0.486842E+00
 0.274627E+01   0.258587E+01   0.136041E+02   0.311958E+01   0.487211E+00
 0.274908E+01   0.258672E+01   0.136049E+02   0.312087E+01   0.487580E+00
 0.275189E+01   0.258756E+01   0.136019E+02   0.312213E+01   0.487948E+00
 0.275470E+01   0.258842E+01   0.136073E+02   0.312342E+01   0.488316E+00
 0.275751E+01   0.258925E+01   0.136023E+02   0.312467E+01   0.488684E+00
 0.276032E+01   0.259008E+01   0.136013E+02   0.312593E+01   0.489052E+00
 0.276313E+01   0.259092E+01   0.136044E+02   0.312719E+01   0.489419E+00
 0.276593E+01   0.259174E+01   0.135998E+02   0.312843E+01   0.489787E+00
 0.276874E+01   0.259256E+01   0.135968E+02   0.312966E+01   0.490154E+00
 0.277155E+01   0.259338E+01   0.136000E+02   0.313092E+01   0.490520E+00
 0.277436E+01   0.259418E+01   0.135926E+02   0.313213E+01   0.490887E+00
 0.277717E+01   0.259501E+01   0.135966E+02   0.313337E+01   0.491253E+00
 0.277998E+01   0.259580E+01   0.135886E+02   0.313457E+01   0.491619E+00
 0.278279E+01   0.259662E+01   0.135906E+02   0.313580E+01   0.491985E+00
 0.278560E+01   0.259741E+01   0.135874E+02   0.313700E+01   0.492351E+00
 0.278841E+01   0.259821E+01   0.135872E+02   0.313821E+01   0.492716E+00
 0.279122E+01   0.259901E+01   0.135861E+02   0.313941E+01   0.493081E+00
 0.279402E+01   0.259980E+01   0.135869E+02   0.314062E+01   0.493447E+00
 0.279683E+01   0.260058E+01   0.135831E+02   0.314180E+01   0.493812E+00
 0.279964E+01   0.260137E+01   0.135833E+02   0.314299E+01   0.494177E+00
 0.280245E+01   0.260215E+01   0.135832E+02   0.314418E+01   0.494541E+00
 0.280526E+01   0.260293E+01   0.135814E+02   0.314535E+01   0.494906E+00
 0.280807E+01   0.260372E+01   0.135859E+02   0.314655E+01   0.495271E+00
 0.281088E+01   0.260447E+01   0.135769E+02   0.314768E+01   0.495635E+00
