 0.476410E-02   0.000000E+00   0.000000E+00   0.000000E+00   0.100000E-02
 0.738831E-02   0.187241E-01   0.165485E+02   0.187155E-01   0.154962E-02
 0.100125E-01   0.350850E-01   0.196626E+02   0.350838E-01   0.209921E-02
 0.126367E-01   0.468969E-01   0.210612E+02   0.469095E-01   0.264874E-02
 0.152609E-01   0.554005E-01   0.217455E+02   0.554279E-01   0.319819E-02
 0.178851E-01   0.619128E-01   0.221146E+02   0.619547E-01   0.374753E-02
 0.205093E-01   0.669396E-01   0.222830E+02   0.669950E-01   0.429673E-02
 0.231336E-01   0.711112E-01   0.223618E+02   0.711794E-01   0.484576E-02
 0.257578E-01   0.746588E-01   0.223799E+02   0.747393E-01   0.539459E-02
 0.283820E-01   0.778018E-01   0.223631E+02   0.778943E-01   0.594319E-02
 0.310062E-01   0.804785E-01   0.222846E+02   0.805821E-01   0.649155E-02
 0.336304E-01   0.830704E-01   0.222075E+02   0.831854E-01   0.703967E-02
 0.362546E-01   0.853743E-01   0.220865E+02   0.855000E-01   0.758756E-02
 0.388788E-01   0.877302E-01   0.219819E+02   0.878673E-01   0.813523E-02
 0.415030E-01   0.901413E-01   0.218920E+02   0.902904E-01   0.868271E-02
 0.441272E-01   0.923462E-01   0.217647E+02   0.925067E-01   0.923001E-02
 0.467514E-01   0.946372E-01   0.216598E+02   0.948099E-01   0.977715E-02
 0.493756E-01   0.969567E-01   0.215708E+02   0.971421E-01   0.103241E-01
 0.519998E-01   0.992226E-01   0.214889E+02   0.994208E-01   0.108710E-01
 0.546241E-01   0.101250E+00   0.213851E+02   0.101460E+00   0.114177E-01
 0.572483E-01   0.103189E+00   0.212968E+02   0.103411E+00   0.119643E-01
 0.598725E-01   0.104987E+00   0.212156E+02   0.105219E+00   0.125108E-01
 0.624967E-01   0.106657E+00   0.211430E+02   0.106900E+00   0.130572E-01
 0.651209E-01   0.108129E+00   0.210597E+02   0.108381E+00   0.136035E-01
 0.677451E-01   0.109544E+00   0.209903E+02   0.109805E+00   0.141496E-01
 0.703693E-01   0.110894E+00   0.209269E+02   0.111165E+00   0.146957E-01
 0.729935E-01   0.112076E+00   0.208396E+02   0.112354E+00   0.152416E-01
 0.756177E-01   0.113342E+00   0.207756E+02   0.113629E+00   0.157874E-01
 0.782419E-01   0.113269E+00   0.207739E+02   0.113556E+00   0.163332E-01
 0.808661E-01   0.112893E+00   0.207877E+02   0.113177E+00   0.168788E-01
 0.834903E-01   0.112532E+00   0.208094E+02   0.112814E+00   0.174243E-01
 0.861145E-01   0.112087E+00   0.208164E+02   0.112366E+00   0.179697E-01
 0.887388E-01   0.111635E+00   0.208235E+02   0.111910E+00   0.185151E-01
 0.913630E-01   0.111169E+00   0.208277E+02   0.111440E+00   0.190603E-01
 0.939872E-01   0.110703E+00   0.208311E+02   0.110972E+00   0.196055E-01
 0.966114E-01   0.110245E+00   0.208339E+02   0.110511E+00   0.201506E-01
 0.992356E-01   0.109803E+00   0.208370E+02   0.110066E+00   0.206956E-01
 0.101860E+00   0.109303E+00   0.208237E+02   0.109562E+00   0.212406E-01
 0.104484E+00   0.108968E+00   0.208421E+02   0.109225E+00   0.217855E-01
 0.107108E+00   0.108480E+00   0.208229E+02   0.108734E+00   0.223303E-01
 0.109732E+00   0.108166E+00   0.208372E+02   0.108417E+00   0.228751E-01
 0.112357E+00   0.107783E+00   0.208322E+02   0.108032E+00   0.234198E-01
 0.114981E+00   0.107408E+00   0.208246E+02   0.107654E+00   0.239645E-01
 0.117605E+00   0.107065E+00   0.208200E+02   0.107309E+00   0.245091E-01
 0.120229E+00   0.106726E+00   0.208126E+02   0.106968E+00   0.250536E-01
 0.122853E+00   0.106430E+00   0.208107E+02   0.106670E+00   0.255982E-01
 0.125478E+00   0.106199E+00   0.208195E+02   0.106437E+00   0.261426E-01
 0.128102E+00   0.105866E+00   0.208028E+02   0.106102E+00   0.266871E-01
 0.130726E+00   0.105596E+00   0.207967E+02   0.105830E+00   0.272315E-01
 0.133350E+00   0.105425E+00   0.208090E+02   0.105659E+00   0.277758E-01
 0.135974E+00   0.105216E+00   0.208100E+02   0.105448E+00   0.283202E-01
 0.138599E+00   0.105014E+00   0.208093E+02   0.105244E+00   0.288645E-01
 0.141223E+00   0.104739E+00   0.207899E+02   0.104968E+00   0.294088E-01
 0.143847E+00   0.104620E+00   0.208013E+02   0.104848E+00   0.299530E-01
 0.146471E+00   0.104463E+00   0.208013E+02   0.104690E+00   0.304973E-01
 0.149096E+00   0.104281E+00   0.207930E+02   0.104507E+00   0.310415E-01
 0.151720E+00   0.104072E+00   0.207754E+02   0.104296E+00   0.315857E-01
 0.154344E+00   0.103998E+00   0.207843E+02   0.104221E+00   0.321299E-01
 0.156968E+00   0.103838E+00   0.207716E+02   0.104061E+00   0.326740E-01
 0.159592E+00   0.103798E+00   0.207817E+02   0.104020E+00   0.332182E-01
 0.162217E+00   0.103706E+00   0.207776E+02   0.103928E+00   0.337624E-01
 0.164841E+00   0.103628E+00   0.207735E+02   0.103850E+00   0.343065E-01
 0.167465E+00   0.103567E+00   0.207700E+02   0.103789E+00   0.348506E-01
 0.170089E+00   0.103522E+00   0.207669E+02   0.103743E+00   0.353948E-01
 0.172713E+00   0.103499E+00   0.207656E+02   0.103720E+00   0.359389E-01
 0.175338E+00   0.103574E+00   0.207828E+02   0.103795E+00   0.364830E-01
 0.177962E+00   0.103522E+00   0.207691E+02   0.103743E+00   0.370271E-01
 0.180586E+00   0.103610E+00   0.207833E+02   0.103831E+00   0.375713E-01
 0.183210E+00   0.103590E+00   0.207709E+02   0.103811E+00   0.381154E-01
 0.185834E+00   0.103679E+00   0.207796E+02   0.103901E+00   0.386596E-01
 0.188459E+00   0.103729E+00   0.207769E+02   0.103951E+00   0.392037E-01
 0.191083E+00   0.103826E+00   0.207820E+02   0.104049E+00   0.397478E-01
 0.193707E+00   0.103895E+00   0.207780E+02   0.104118E+00   0.402920E-01
 0.196331E+00   0.104060E+00   0.207926E+02   0.104285E+00   0.408362E-01
 0.198955E+00   0.104109E+00   0.207792E+02   0.104334E+00   0.413803E-01
 0.201580E+00   0.104294E+00   0.207930E+02   0.104519E+00   0.419245E-01
 0.204204E+00   0.104432E+00   0.207943E+02   0.104659E+00   0.424687E-01
 0.206828E+00   0.104618E+00   0.208036E+02   0.104846E+00   0.430130E-01
 0.209452E+00   0.104693E+00   0.207864E+02   0.104921E+00   0.435572E-01
 0.212077E+00   0.104897E+00   0.207952E+02   0.105127E+00   0.441014E-01
 0.214701E+00   0.105052E+00   0.207912E+02   0.105283E+00   0.446457E-01
 0.217325E+00   0.105248E+00   0.207940E+02   0.105480E+00   0.451900E-01
 0.219949E+00   0.105500E+00   0.208070E+02   0.105734E+00   0.457342E-01
 0.222573E+00   0.105744E+00   0.208161E+02   0.105979E+00   0.462785E-01
 0.225198E+00   0.105903E+00   0.208048E+02   0.106140E+00   0.468229E-01
 0.227822E+00   0.106150E+00   0.208106E+02   0.106388E+00   0.473672E-01
 0.230446E+00   0.106364E+00   0.208074E+02   0.106604E+00   0.479116E-01
 0.233070E+00   0.106661E+00   0.208200E+02   0.106902E+00   0.484559E-01
 0.235694E+00   0.106912E+00   0.208207E+02   0.107155E+00   0.490003E-01
 0.238319E+00   0.107204E+00   0.208281E+02   0.107449E+00   0.495448E-01
 0.240943E+00   0.107422E+00   0.208174E+02   0.107669E+00   0.500892E-01
 0.243567E+00   0.107760E+00   0.208306E+02   0.108009E+00   0.506337E-01
 0.246191E+00   0.108063E+00   0.208338E+02   0.108314E+00   0.511781E-01
 0.248815E+00   0.108304E+00   0.208214E+02   0.108556E+00   0.517226E-01
 0.251440E+00   0.108648E+00   0.208294E+02   0.108902E+00   0.522671E-01
 0.254064E+00   0.108970E+00   0.208306E+02   0.109227E+00   0.528117E-01
 0.256688E+00   0.109340E+00   0.208403E+02   0.109600E+00   0.533562E-01
 0.259312E+00   0.109637E+00   0.208323E+02   0.109898E+00   0.539008E-01
 0.261936E+00   0.109937E+00   0.208236E+02   0.110200E+00   0.544454E-01
 0.264561E+00   0.110288E+00   0.208247E+02   0.110554E+00   0.549900E-01
 0.267185E+00   0.110607E+00   0.208182E+02   0.110875E+00   0.555347E-01
 0.269809E+00   0.111003E+00   0.208280E+02   0.111273E+00   0.560793E-01
 0.272433E+00   0.111283E+00   0.208128E+02   0.111556E+00   0.566240E-01
 0.275058E+00   0.111694E+00   0.208267E+02   0.111969E+00   0.571687E-01
 0.277682E+00   0.112007E+00   0.208206E+02   0.112285E+00   0.577134E-01
 0.280306E+00   0.112254E+00   0.208016E+02   0.112534E+00   0.582581E-01
 0.282930E+00   0.112522E+00   0.207894E+02   0.112803E+00   0.588029E-01
 0.285554E+00   0.112869E+00   0.207974E+02   0.113153E+00   0.593477E-01
 0.288179E+00   0.113094E+00   0.207817E+02   0.113379E+00   0.598925E-01
 0.290803E+00   0.113351E+00   0.207766E+02   0.113638E+00   0.604373E-01
 0.293427E+00   0.419875E-07   0.503039E-01   0.415114E-07   0.609821E-01
 0.296051E+00   0.112811E+00   0.208053E+02   0.113094E+00   0.615269E-01
 0.298675E+00   0.112038E+00   0.208454E+02   0.112316E+00   0.620718E-01
 0.301300E+00   0.111304E+00   0.208909E+02   0.111578E+00   0.626166E-01
 0.303924E+00   0.110554E+00   0.209310E+02   0.110822E+00   0.631615E-01
 0.306548E+00   0.109880E+00   0.209864E+02   0.110143E+00   0.637064E-01
 0.309172E+00   0.109108E+00   0.210204E+02   0.109366E+00   0.642514E-01
 0.311796E+00   0.108400E+00   0.210675E+02   0.108654E+00   0.647963E-01
 0.314421E+00   0.107587E+00   0.210920E+02   0.107836E+00   0.653412E-01
 0.317045E+00   0.106831E+00   0.211276E+02   0.107075E+00   0.658862E-01
 0.319669E+00   0.106096E+00   0.211656E+02   0.106335E+00   0.664311E-01
 0.322293E+00   0.105361E+00   0.212010E+02   0.105595E+00   0.669761E-01
 0.324917E+00   0.104682E+00   0.212440E+02   0.104912E+00   0.675211E-01
 0.327542E+00   0.103994E+00   0.212798E+02   0.104221E+00   0.680661E-01
 0.330166E+00   0.103271E+00   0.213010E+02   0.103493E+00   0.686111E-01
 0.332790E+00   0.102627E+00   0.213296E+02   0.102845E+00   0.691561E-01
 0.335414E+00   0.102096E+00   0.213710E+02   0.102311E+00   0.697011E-01
 0.338039E+00   0.101534E+00   0.213936E+02   0.101746E+00   0.702462E-01
 0.340663E+00   0.101014E+00   0.214104E+02   0.101222E+00   0.707912E-01
 0.343287E+00   0.100554E+00   0.214239E+02   0.100760E+00   0.713362E-01
 0.345911E+00   0.100166E+00   0.214344E+02   0.100369E+00   0.718813E-01
 0.348535E+00   0.998491E-01   0.214411E+02   0.100051E+00   0.724263E-01
 0.351160E+00   0.997139E-01   0.214650E+02   0.999150E-01   0.729714E-01
 0.353784E+00   0.996256E-01   0.214774E+02   0.998261E-01   0.735164E-01
 0.356408E+00   0.995656E-01   0.214738E+02   0.997658E-01   0.740615E-01
 0.359032E+00   0.995530E-01   0.214572E+02   0.997531E-01   0.746065E-01
 0.361656E+00   0.996793E-01   0.214461E+02   0.998801E-01   0.751516E-01
 0.364281E+00   0.999864E-01   0.214488E+02   0.100189E+00   0.756966E-01
 0.366905E+00   0.100350E+00   0.214397E+02   0.100555E+00   0.762416E-01
 0.369529E+00   0.100774E+00   0.214199E+02   0.100982E+00   0.767867E-01
 0.372153E+00   0.101237E+00   0.213856E+02   0.101447E+00   0.773317E-01
 0.374777E+00   0.101846E+00   0.213599E+02   0.102059E+00   0.778767E-01
 0.377402E+00   0.102581E+00   0.213402E+02   0.102799E+00   0.784218E-01
 0.380026E+00   0.103370E+00   0.213132E+02   0.103593E+00   0.789668E-01
 0.382650E+00   0.104209E+00   0.212798E+02   0.104436E+00   0.795118E-01
 0.385274E+00   0.105059E+00   0.212343E+02   0.105292E+00   0.800568E-01
 0.387898E+00   0.105970E+00   0.211888E+02   0.106208E+00   0.806018E-01
 0.390523E+00   0.106915E+00   0.211402E+02   0.107160E+00   0.811468E-01
 0.393147E+00   0.107848E+00   0.210799E+02   0.108098E+00   0.816917E-01
 0.395771E+00   0.108897E+00   0.210364E+02   0.109155E+00   0.822367E-01
 0.398395E+00   0.109937E+00   0.209834E+02   0.110201E+00   0.827816E-01
 0.401020E+00   0.110941E+00   0.209139E+02   0.111212E+00   0.833265E-01
 0.403644E+00   0.112008E+00   0.208470E+02   0.112286E+00   0.838714E-01
 0.406268E+00   0.113184E+00   0.207880E+02   0.113470E+00   0.844163E-01
 0.408892E+00   0.113339E+00   0.207752E+02   0.113626E+00   0.849612E-01
 0.411516E+00   0.112936E+00   0.207871E+02   0.113220E+00   0.855060E-01
 0.414141E+00   0.112527E+00   0.208105E+02   0.112809E+00   0.860509E-01
 0.416765E+00   0.112000E+00   0.208198E+02   0.112278E+00   0.865957E-01
 0.419389E+00   0.111366E+00   0.208165E+02   0.111639E+00   0.871405E-01
 0.422013E+00   0.110736E+00   0.208228E+02   0.111005E+00   0.876852E-01
 0.424637E+00   0.110123E+00   0.208389E+02   0.110388E+00   0.882300E-01
 0.427262E+00   0.109428E+00   0.208412E+02   0.109688E+00   0.887747E-01
 0.429886E+00   0.108704E+00   0.208393E+02   0.108959E+00   0.893194E-01
 0.432510E+00   0.107991E+00   0.208399E+02   0.108241E+00   0.898640E-01
 0.435134E+00   0.107244E+00   0.208330E+02   0.107489E+00   0.904087E-01
 0.437758E+00   0.106421E+00   0.208096E+02   0.106661E+00   0.909533E-01
 0.440383E+00   0.105723E+00   0.208151E+02   0.105959E+00   0.914979E-01
 0.443007E+00   0.104941E+00   0.208056E+02   0.105171E+00   0.920424E-01
 0.445631E+00   0.104078E+00   0.207834E+02   0.104302E+00   0.925869E-01
 0.448255E+00   0.103193E+00   0.207633E+02   0.103412E+00   0.931314E-01
 0.450879E+00   0.102291E+00   0.207468E+02   0.102504E+00   0.936758E-01
 0.453504E+00   0.101291E+00   0.207173E+02   0.101498E+00   0.942202E-01
 0.456128E+00   0.100284E+00   0.206953E+02   0.100484E+00   0.947646E-01
 0.458752E+00   0.992529E-01   0.206770E+02   0.994467E-01   0.953089E-01
 0.461376E+00   0.980784E-01   0.206353E+02   0.982651E-01   0.958532E-01
 0.464000E+00   0.968352E-01   0.205852E+02   0.970143E-01   0.963975E-01
 0.466625E+00   0.956180E-01   0.205456E+02   0.957898E-01   0.969417E-01
 0.469249E+00   0.943016E-01   0.204868E+02   0.944655E-01   0.974859E-01
 0.471873E+00   0.929705E-01   0.204258E+02   0.931266E-01   0.980300E-01
 0.474497E+00   0.916698E-01   0.203713E+02   0.918183E-01   0.985741E-01
 0.477122E+00   0.903394E-01   0.203085E+02   0.904803E-01   0.991182E-01
 0.479746E+00   0.888809E-01   0.202135E+02   0.890136E-01   0.996622E-01
 0.482370E+00   0.875378E-01   0.201416E+02   0.876631E-01   0.100206E+00
 0.484994E+00   0.861212E-01   0.200486E+02   0.862386E-01   0.100750E+00
 0.487618E+00   0.847151E-01   0.199537E+02   0.848249E-01   0.101294E+00
 0.490243E+00   0.833065E-01   0.198537E+02   0.834088E-01   0.101838E+00
 0.492867E+00   0.818637E-01   0.197407E+02   0.819584E-01   0.102381E+00
 0.495491E+00   0.804498E-01   0.196295E+02   0.805371E-01   0.102925E+00
 0.498115E+00   0.790045E-01   0.195048E+02   0.790843E-01   0.103469E+00
 0.500739E+00   0.774852E-01   0.193546E+02   0.775574E-01   0.104012E+00
 0.503364E+00   0.760700E-01   0.192227E+02   0.761350E-01   0.104556E+00
 0.505988E+00   0.745495E-01   0.190545E+02   0.746071E-01   0.105099E+00
 0.508612E+00   0.731208E-01   0.188994E+02   0.731713E-01   0.105643E+00
 0.511236E+00   0.716422E-01   0.187186E+02   0.716855E-01   0.106186E+00
 0.513860E+00   0.701314E-01   0.185144E+02   0.701675E-01   0.106730E+00
 0.516485E+00   0.687149E-01   0.183195E+02   0.687443E-01   0.107273E+00
 0.519109E+00   0.673037E-01   0.181078E+02   0.673264E-01   0.107816E+00
 0.521733E+00   0.659564E-01   0.178945E+02   0.659727E-01   0.108359E+00
 0.524357E+00   0.646420E-01   0.176692E+02   0.646520E-01   0.108902E+00
 0.526981E+00   0.634333E-01   0.174528E+02   0.634376E-01   0.109445E+00
 0.529606E+00   0.622401E-01   0.172168E+02   0.622388E-01   0.109988E+00
 0.532230E+00   0.610715E-01   0.169620E+02   0.610646E-01   0.110531E+00
 0.534854E+00   0.600005E-01   0.167111E+02   0.599884E-01   0.111074E+00
 0.537478E+00   0.590385E-01   0.164682E+02   0.590215E-01   0.111617E+00
 0.540103E+00   0.581209E-01   0.162110E+02   0.580993E-01   0.112159E+00
 0.542727E+00   0.573163E-01   0.159635E+02   0.572905E-01   0.112702E+00
 0.545351E+00   0.565414E-01   0.156950E+02   0.565115E-01   0.113245E+00
 0.547975E+00   0.559053E-01   0.154467E+02   0.558716E-01   0.113787E+00
 0.550599E+00   0.553181E-01   0.151843E+02   0.552808E-01   0.114330E+00
 0.553224E+00   0.548365E-01   0.149311E+02   0.547961E-01   0.114872E+00
 0.555848E+00   0.544438E-01   0.146811E+02   0.544005E-01   0.115414E+00
 0.558472E+00   0.541339E-01   0.144327E+02   0.540880E-01   0.115956E+00
 0.561096E+00   0.539205E-01   0.141934E+02   0.538724E-01   0.116499E+00
 0.563720E+00   0.537589E-01   0.139434E+02   0.537087E-01   0.117041E+00
 0.566345E+00   0.537233E-01   0.137199E+02   0.536715E-01   0.117583E+00
 0.568969E+00   0.537687E-01   0.135034E+02   0.537156E-01   0.118125E+00
 0.571593E+00   0.538702E-01   0.132825E+02   0.538161E-01   0.118666E+00
 0.574217E+00   0.540597E-01   0.130754E+02   0.540049E-01   0.119208E+00
 0.576841E+00   0.543076E-01   0.128680E+02   0.542524E-01   0.119750E+00
 0.579466E+00   0.546531E-01   0.126844E+02   0.545979E-01   0.120291E+00
 0.582090E+00   0.550489E-01   0.124994E+02   0.549940E-01   0.120833E+00
 0.584714E+00   0.554980E-01   0.123159E+02   0.554437E-01   0.121374E+00
 0.587338E+00   0.560242E-01   0.121504E+02   0.559710E-01   0.121916E+00
 0.589962E+00   0.566100E-01   0.119940E+02   0.565583E-01   0.122457E+00
 0.592587E+00   0.572403E-01   0.118383E+02   0.571903E-01   0.122998E+00
 0.595211E+00   0.579280E-01   0.116932E+02   0.578803E-01   0.123539E+00
 0.597835E+00   0.586704E-01   0.115586E+02   0.586253E-01   0.124080E+00
 0.600459E+00   0.594569E-01   0.114284E+02   0.594147E-01   0.124621E+00
 0.603084E+00   0.602945E-01   0.113090E+02   0.602557E-01   0.125162E+00
 0.605708E+00   0.611645E-01   0.111880E+02   0.611295E-01   0.125703E+00
 0.608332E+00   0.620792E-01   0.110752E+02   0.620484E-01   0.126244E+00
 0.610956E+00   0.630414E-01   0.109744E+02   0.630154E-01   0.126784E+00
 0.613580E+00   0.640357E-01   0.108745E+02   0.640148E-01   0.127325E+00
 0.616205E+00   0.650657E-01   0.107792E+02   0.650504E-01   0.127865E+00
 0.618829E+00   0.661229E-01   0.106823E+02   0.661135E-01   0.128406E+00
 0.621453E+00   0.672364E-01   0.106088E+02   0.672337E-01   0.128946E+00
 0.624077E+00   0.683597E-01   0.105209E+02   0.683640E-01   0.129486E+00
 0.626701E+00   0.695374E-01   0.104567E+02   0.695492E-01   0.130026E+00
 0.629326E+00   0.707198E-01   0.103744E+02   0.707396E-01   0.130566E+00
 0.631950E+00   0.719483E-01   0.103105E+02   0.719767E-01   0.131106E+00
 0.634574E+00   0.732046E-01   0.102496E+02   0.732421E-01   0.131646E+00
 0.637198E+00   0.744875E-01   0.101913E+02   0.745347E-01   0.132185E+00
 0.639822E+00   0.757952E-01   0.101343E+02   0.758526E-01   0.132725E+00
 0.642447E+00   0.771410E-01   0.100913E+02   0.772093E-01   0.133264E+00
 0.645071E+00   0.784918E-01   0.100323E+02   0.785713E-01   0.133804E+00
 0.647695E+00   0.798749E-01   0.998277E+01   0.799664E-01   0.134343E+00
 0.650319E+00   0.812893E-01   0.994254E+01   0.813934E-01   0.134882E+00
 0.652943E+00   0.827280E-01   0.990525E+01   0.828453E-01   0.135422E+00
 0.655568E+00   0.841866E-01   0.986707E+01   0.843177E-01   0.135961E+00
 0.658192E+00   0.856651E-01   0.982838E+01   0.858107E-01   0.136499E+00
 0.660816E+00   0.871766E-01   0.980221E+01   0.873374E-01   0.137038E+00
 0.663440E+00   0.886977E-01   0.976590E+01   0.888742E-01   0.137577E+00
 0.666065E+00   0.902399E-01   0.973101E+01   0.904328E-01   0.138116E+00
 0.668689E+00   0.918136E-01   0.970825E+01   0.920237E-01   0.138654E+00
 0.671313E+00   0.933943E-01   0.967332E+01   0.936220E-01   0.139192E+00
 0.673937E+00   0.950160E-01   0.966073E+01   0.952624E-01   0.139731E+00
 0.676561E+00   0.966448E-01   0.963659E+01   0.969105E-01   0.140269E+00
 0.679186E+00   0.982852E-01   0.960546E+01   0.985707E-01   0.140807E+00
 0.681810E+00   0.999587E-01   0.958960E+01   0.100265E+00   0.141345E+00
 0.684434E+00   0.101658E+00   0.958175E+01   0.101986E+00   0.141883E+00
 0.687058E+00   0.103355E+00   0.955331E+01   0.103705E+00   0.142421E+00
 0.689682E+00   0.105092E+00   0.954812E+01   0.105465E+00   0.142958E+00
 0.692307E+00   0.106832E+00   0.952791E+01   0.107229E+00   0.143496E+00
 0.694931E+00   0.108600E+00   0.951865E+01   0.109021E+00   0.144033E+00
 0.697555E+00   0.110376E+00   0.950055E+01   0.110823E+00   0.144571E+00
 0.700179E+00   0.112177E+00   0.949058E+01   0.112650E+00   0.145108E+00
 0.702803E+00   0.113998E+00   0.948356E+01   0.114498E+00   0.145645E+00
 0.705428E+00   0.115832E+00   0.947431E+01   0.116361E+00   0.146182E+00
 0.708052E+00   0.117690E+00   0.947190E+01   0.118247E+00   0.146719E+00
 0.710676E+00   0.119554E+00   0.945862E+01   0.120141E+00   0.147256E+00
 0.713300E+00   0.121441E+00   0.945351E+01   0.122059E+00   0.147792E+00
 0.715924E+00   0.123339E+00   0.944242E+01   0.123988E+00   0.148329E+00
 0.718549E+00   0.125268E+00   0.944762E+01   0.125949E+00   0.148865E+00
 0.721173E+00   0.127194E+00   0.943376E+01   0.127908E+00   0.149402E+00
 0.723797E+00   0.129150E+00   0.943445E+01   0.129898E+00   0.149938E+00
 0.726421E+00   0.131115E+00   0.942853E+01   0.131898E+00   0.150474E+00
 0.729046E+00   0.133109E+00   0.943710E+01   0.133928E+00   0.151010E+00
 0.731670E+00   0.135101E+00   0.942856E+01   0.135958E+00   0.151546E+00
 0.734294E+00   0.137117E+00   0.942829E+01   0.138011E+00   0.152081E+00
 0.736918E+00   0.139151E+00   0.943265E+01   0.140085E+00   0.152617E+00
 0.739542E+00   0.141193E+00   0.942937E+01   0.142167E+00   0.153152E+00
 0.742167E+00   0.143254E+00   0.943067E+01   0.144269E+00   0.153688E+00
 0.744791E+00   0.145327E+00   0.942904E+01   0.146383E+00   0.154223E+00
 0.747415E+00   0.147422E+00   0.943584E+01   0.148522E+00   0.154758E+00
 0.750039E+00   0.149519E+00   0.943016E+01   0.150663E+00   0.155293E+00
 0.752663E+00   0.151644E+00   0.943878E+01   0.152833E+00   0.155828E+00
 0.755288E+00   0.153783E+00   0.944694E+01   0.155017E+00   0.156363E+00
 0.757912E+00   0.155926E+00   0.944592E+01   0.157208E+00   0.156898E+00
 0.760536E+00   0.158082E+00   0.944295E+01   0.159412E+00   0.157432E+00
 0.763160E+00   0.160263E+00   0.945292E+01   0.161642E+00   0.157967E+00
 0.765784E+00   0.162447E+00   0.945108E+01   0.163876E+00   0.158501E+00
 0.768409E+00   0.164661E+00   0.946735E+01   0.166142E+00   0.159035E+00
 0.771033E+00   0.166872E+00   0.946646E+01   0.168406E+00   0.159569E+00
 0.773657E+00   0.169107E+00   0.947752E+01   0.170695E+00   0.160103E+00
 0.776281E+00   0.171351E+00   0.948333E+01   0.172994E+00   0.160637E+00
 0.778905E+00   0.173606E+00   0.948770E+01   0.175305E+00   0.161170E+00
 0.781530E+00   0.175878E+00   0.949571E+01   0.177633E+00   0.161704E+00
 0.784154E+00   0.178160E+00   0.950235E+01   0.179974E+00   0.162237E+00
 0.786778E+00   0.180452E+00   0.950455E+01   0.182325E+00   0.162771E+00
 0.789402E+00   0.182760E+00   0.951190E+01   0.184694E+00   0.163304E+00
 0.792027E+00   0.185084E+00   0.952273E+01   0.187080E+00   0.163837E+00
 0.794651E+00   0.187415E+00   0.952763E+01   0.189474E+00   0.164370E+00
 0.797275E+00   0.189762E+00   0.953686E+01   0.191885E+00   0.164902E+00
 0.799899E+00   0.192118E+00   0.954259E+01   0.194306E+00   0.165435E+00
 0.802523E+00   0.194484E+00   0.954661E+01   0.196739E+00   0.165968E+00
 0.805148E+00   0.196866E+00   0.955461E+01   0.199189E+00   0.166500E+00
 0.807772E+00   0.199257E+00   0.956007E+01   0.201648E+00   0.167032E+00
 0.810396E+00   0.201664E+00   0.957088E+01   0.204127E+00   0.167564E+00
 0.813020E+00   0.204085E+00   0.958283E+01   0.206619E+00   0.168096E+00
 0.815644E+00   0.206517E+00   0.959560E+01   0.209124E+00   0.168628E+00
 0.818269E+00   0.208956E+00   0.960299E+01   0.211637E+00   0.169160E+00
 0.820893E+00   0.211406E+00   0.961046E+01   0.214162E+00   0.169691E+00
 0.823517E+00   0.213872E+00   0.962257E+01   0.216705E+00   0.170223E+00
 0.826141E+00   0.216342E+00   0.962860E+01   0.219253E+00   0.170754E+00
 0.828765E+00   0.218824E+00   0.963478E+01   0.221814E+00   0.171285E+00
 0.831390E+00   0.221323E+00   0.964752E+01   0.224394E+00   0.171816E+00
 0.834014E+00   0.223833E+00   0.966110E+01   0.226986E+00   0.172347E+00
 0.836638E+00   0.226344E+00   0.966494E+01   0.229581E+00   0.172878E+00
 0.839262E+00   0.228872E+00   0.967492E+01   0.232193E+00   0.173409E+00
 0.841886E+00   0.231415E+00   0.968905E+01   0.234822E+00   0.173939E+00
 0.844511E+00   0.233961E+00   0.969620E+01   0.237455E+00   0.174469E+00
 0.847135E+00   0.236525E+00   0.971151E+01   0.240108E+00   0.175000E+00
 0.849759E+00   0.239087E+00   0.971505E+01   0.242760E+00   0.175530E+00
 0.852383E+00   0.241673E+00   0.973226E+01   0.245437E+00   0.176060E+00
 0.855007E+00   0.244260E+00   0.973989E+01   0.248117E+00   0.176589E+00
 0.857632E+00   0.246859E+00   0.975044E+01   0.250810E+00   0.177119E+00
 0.860256E+00   0.249463E+00   0.975661E+01   0.253510E+00   0.177649E+00
 0.862880E+00   0.252081E+00   0.976625E+01   0.256224E+00   0.178178E+00
 0.865504E+00   0.254714E+00   0.978202E+01   0.258956E+00   0.178707E+00
 0.868129E+00   0.257355E+00   0.979529E+01   0.261696E+00   0.179236E+00
 0.870753E+00   0.259999E+00   0.980368E+01   0.264441E+00   0.179765E+00
 0.873377E+00   0.262658E+00   0.981688E+01   0.267203E+00   0.180294E+00
 0.876001E+00   0.265321E+00   0.982545E+01   0.269970E+00   0.180823E+00
 0.878625E+00   0.267998E+00   0.983893E+01   0.272752E+00   0.181351E+00
 0.881250E+00   0.270680E+00   0.984814E+01   0.275541E+00   0.181880E+00
 0.883874E+00   0.273373E+00   0.985977E+01   0.278342E+00   0.182408E+00
 0.886498E+00   0.276075E+00   0.987117E+01   0.281153E+00   0.182936E+00
 0.889122E+00   0.278779E+00   0.987668E+01   0.283969E+00   0.183464E+00
 0.891746E+00   0.281496E+00   0.988656E+01   0.286798E+00   0.183992E+00
 0.894371E+00   0.284225E+00   0.989960E+01   0.289641E+00   0.184519E+00
 0.896995E+00   0.286958E+00   0.990850E+01   0.292490E+00   0.185047E+00
 0.899619E+00   0.289708E+00   0.992518E+01   0.295357E+00   0.185574E+00
 0.902243E+00   0.292457E+00   0.993430E+01   0.298225E+00   0.186101E+00
 0.904867E+00   0.295219E+00   0.994667E+01   0.301106E+00   0.186628E+00
 0.907492E+00   0.297985E+00   0.995582E+01   0.303994E+00   0.187155E+00
 0.910116E+00   0.300765E+00   0.997130E+01   0.306898E+00   0.187682E+00
 0.912740E+00   0.303544E+00   0.997755E+01   0.309800E+00   0.188209E+00
 0.915364E+00   0.306337E+00   0.999023E+01   0.312720E+00   0.188735E+00
 0.917988E+00   0.309141E+00   0.100061E+02   0.315652E+00   0.189262E+00
 0.920613E+00   0.311950E+00   0.100185E+02   0.318589E+00   0.189788E+00
 0.923237E+00   0.314757E+00   0.100229E+02   0.321526E+00   0.190314E+00
 0.925861E+00   0.317581E+00   0.100368E+02   0.324483E+00   0.190840E+00
 0.928485E+00   0.320412E+00   0.100492E+02   0.327447E+00   0.191365E+00
 0.931110E+00   0.323251E+00   0.100630E+02   0.330421E+00   0.191891E+00
 0.933734E+00   0.326091E+00   0.100715E+02   0.333398E+00   0.192416E+00
 0.936358E+00   0.328945E+00   0.100855E+02   0.336390E+00   0.192942E+00
 0.938982E+00   0.331801E+00   0.100960E+02   0.339387E+00   0.193467E+00
 0.941606E+00   0.334664E+00   0.101055E+02   0.342390E+00   0.193992E+00
 0.944231E+00   0.337539E+00   0.101207E+02   0.345409E+00   0.194517E+00
 0.946855E+00   0.340405E+00   0.101213E+02   0.348418E+00   0.195041E+00
 0.949479E+00   0.343301E+00   0.101433E+02   0.351461E+00   0.195566E+00
 0.952103E+00   0.346183E+00   0.101460E+02   0.354490E+00   0.196090E+00
 0.954727E+00   0.349081E+00   0.101583E+02   0.357537E+00   0.196614E+00
 0.957352E+00   0.351985E+00   0.101688E+02   0.360591E+00   0.197138E+00
 0.959976E+00   0.354899E+00   0.101839E+02   0.363658E+00   0.197662E+00
 0.962600E+00   0.357818E+00   0.101976E+02   0.366731E+00   0.198186E+00
 0.965224E+00   0.360731E+00   0.102012E+02   0.369799E+00   0.198710E+00
 0.967848E+00   0.363660E+00   0.102130E+02   0.372885E+00   0.199233E+00
 0.970473E+00   0.366594E+00   0.102241E+02   0.375978E+00   0.199756E+00
 0.973097E+00   0.369544E+00   0.102440E+02   0.379088E+00   0.200279E+00
 0.975721E+00   0.372488E+00   0.102536E+02   0.382194E+00   0.200802E+00
 0.978345E+00   0.375433E+00   0.102591E+02   0.385302E+00   0.201325E+00
 0.980969E+00   0.378390E+00   0.102697E+02   0.388423E+00   0.201848E+00
 0.983594E+00   0.381360E+00   0.102877E+02   0.391560E+00   0.202370E+00
 0.986218E+00   0.384327E+00   0.102978E+02   0.394695E+00   0.202893E+00
 0.988842E+00   0.387293E+00   0.103032E+02   0.397831E+00   0.203415E+00
 0.991466E+00   0.390280E+00   0.103214E+02   0.400989E+00   0.203937E+00
 0.994090E+00   0.393256E+00   0.103254E+02   0.404137E+00   0.204459E+00
 0.996715E+00   0.396249E+00   0.103407E+02   0.407305E+00   0.204980E+00
 0.999339E+00   0.399238E+00   0.103478E+02   0.410470E+00   0.205502E+00
 0.100196E+01   0.402238E+00   0.103598E+02   0.413648E+00   0.206023E+00
 0.100459E+01   0.405240E+00   0.103694E+02   0.416829E+00   0.206544E+00
 0.100721E+01   0.408252E+00   0.103836E+02   0.420022E+00   0.207065E+00
 0.100984E+01   0.411266E+00   0.103952E+02   0.423218E+00   0.207586E+00
 0.101246E+01   0.414276E+00   0.103998E+02   0.426412E+00   0.208107E+00
 0.101508E+01   0.417298E+00   0.104104E+02   0.429619E+00   0.208628E+00
 0.101771E+01   0.420327E+00   0.104236E+02   0.432836E+00   0.209148E+00
 0.102033E+01   0.423357E+00   0.104336E+02   0.436054E+00   0.209668E+00
 0.102296E+01   0.426400E+00   0.104512E+02   0.439288E+00   0.210188E+00
 0.102558E+01   0.429439E+00   0.104618E+02   0.442520E+00   0.210708E+00
 0.102821E+01   0.432475E+00   0.104666E+02   0.445749E+00   0.211228E+00
 0.103083E+01   0.435526E+00   0.104799E+02   0.448995E+00   0.211748E+00
 0.103345E+01   0.438581E+00   0.104933E+02   0.452247E+00   0.212267E+00
 0.103608E+01   0.441637E+00   0.105048E+02   0.455502E+00   0.212786E+00
 0.103870E+01   0.444686E+00   0.105072E+02   0.458751E+00   0.213306E+00
 0.104133E+01   0.447752E+00   0.105205E+02   0.462019E+00   0.213824E+00
 0.104395E+01   0.450816E+00   0.105285E+02   0.465286E+00   0.214343E+00
 0.104657E+01   0.453896E+00   0.105476E+02   0.468572E+00   0.214862E+00
 0.104920E+01   0.456960E+00   0.105499E+02   0.471842E+00   0.215380E+00
 0.105182E+01   0.460039E+00   0.105621E+02   0.475129E+00   0.215899E+00
 0.105445E+01   0.463128E+00   0.105793E+02   0.478428E+00   0.216417E+00
 0.105707E+01   0.466207E+00   0.105859E+02   0.481718E+00   0.216935E+00
 0.105970E+01   0.469291E+00   0.105938E+02   0.485015E+00   0.217452E+00
 0.106232E+01   0.472382E+00   0.106052E+02   0.488321E+00   0.217970E+00
 0.106494E+01   0.475472E+00   0.106132E+02   0.491627E+00   0.218488E+00
 0.106757E+01   0.478574E+00   0.106285E+02   0.494948E+00   0.219005E+00
 0.107019E+01   0.481674E+00   0.106398E+02   0.498267E+00   0.219522E+00
 0.107282E+01   0.484772E+00   0.106469E+02   0.501586E+00   0.220039E+00
 0.107544E+01   0.487875E+00   0.106552E+02   0.504911E+00   0.220556E+00
 0.107807E+01   0.490978E+00   0.106624E+02   0.508239E+00   0.221072E+00
 0.108069E+01   0.494088E+00   0.106725E+02   0.511575E+00   0.221589E+00
 0.108331E+01   0.497200E+00   0.106823E+02   0.514914E+00   0.222105E+00
 0.108594E+01   0.500324E+00   0.106991E+02   0.518267E+00   0.222621E+00
 0.108856E+01   0.503433E+00   0.107021E+02   0.521606E+00   0.223137E+00
 0.109119E+01   0.506555E+00   0.107140E+02   0.524961E+00   0.223653E+00
 0.109381E+01   0.509678E+00   0.107251E+02   0.528318E+00   0.224169E+00
 0.109643E+01   0.512802E+00   0.107345E+02   0.531677E+00   0.224684E+00
 0.109906E+01   0.515935E+00   0.107501E+02   0.535048E+00   0.225199E+00
 0.110168E+01   0.519053E+00   0.107511E+02   0.538403E+00   0.225714E+00
 0.110431E+01   0.522187E+00   0.107640E+02   0.541778E+00   0.226229E+00
 0.110693E+01   0.525319E+00   0.107733E+02   0.545152E+00   0.226744E+00
 0.110956E+01   0.528455E+00   0.107849E+02   0.548532E+00   0.227259E+00
 0.111218E+01   0.531592E+00   0.107954E+02   0.551914E+00   0.227773E+00
 0.111480E+01   0.534725E+00   0.108011E+02   0.555292E+00   0.228287E+00
 0.111743E+01   0.537865E+00   0.108115E+02   0.558681E+00   0.228801E+00
 0.112005E+01   0.541003E+00   0.108194E+02   0.562069E+00   0.229315E+00
 0.112268E+01   0.544148E+00   0.108308E+02   0.565465E+00   0.229829E+00
 0.112530E+01   0.547300E+00   0.108471E+02   0.568871E+00   0.230343E+00
 0.112793E+01   0.550438E+00   0.108511E+02   0.572263E+00   0.230856E+00
 0.113055E+01   0.553588E+00   0.108631E+02   0.575669E+00   0.231369E+00
 0.113317E+01   0.556737E+00   0.108733E+02   0.579075E+00   0.231882E+00
 0.113580E+01   0.559876E+00   0.108753E+02   0.582472E+00   0.232395E+00
 0.113842E+01   0.563036E+00   0.108926E+02   0.585894E+00   0.232908E+00
 0.114105E+01   0.566180E+00   0.108959E+02   0.589299E+00   0.233420E+00
 0.114367E+01   0.569333E+00   0.109063E+02   0.592716E+00   0.233933E+00
 0.114629E+01   0.572492E+00   0.109200E+02   0.596140E+00   0.234445E+00
 0.114892E+01   0.575634E+00   0.109202E+02   0.599548E+00   0.234957E+00
 0.115154E+01   0.578796E+00   0.109354E+02   0.602979E+00   0.235469E+00
 0.115417E+01   0.581953E+00   0.109461E+02   0.606407E+00   0.235981E+00
 0.115679E+01   0.585109E+00   0.109551E+02   0.609834E+00   0.236492E+00
 0.115942E+01   0.588260E+00   0.109596E+02   0.613257E+00   0.237003E+00
 0.116204E+01   0.591419E+00   0.109703E+02   0.616691E+00   0.237514E+00
 0.116466E+01   0.594579E+00   0.109808E+02   0.620126E+00   0.238025E+00
 0.116729E+01   0.597736E+00   0.109888E+02   0.623560E+00   0.238536E+00
 0.116991E+01   0.600889E+00   0.109943E+02   0.626993E+00   0.239047E+00
 0.117254E+01   0.604055E+00   0.110082E+02   0.630439E+00   0.239557E+00
 0.117516E+01   0.607210E+00   0.110142E+02   0.633875E+00   0.240068E+00
 0.117779E+01   0.610362E+00   0.110182E+02   0.637311E+00   0.240578E+00
 0.118041E+01   0.613533E+00   0.110359E+02   0.640768E+00   0.241088E+00
 0.118303E+01   0.616681E+00   0.110359E+02   0.644201E+00   0.241597E+00
 0.118566E+01   0.619839E+00   0.110438E+02   0.647646E+00   0.242107E+00
 0.118828E+01   0.623000E+00   0.110539E+02   0.651097E+00   0.242616E+00
 0.119091E+01   0.626164E+00   0.110665E+02   0.654552E+00   0.243126E+00
 0.119353E+01   0.629325E+00   0.110766E+02   0.658006E+00   0.243635E+00
 0.119615E+01   0.632483E+00   0.110842E+02   0.661456E+00   0.244143E+00
 0.119878E+01   0.635634E+00   0.110876E+02   0.664903E+00   0.244652E+00
 0.120140E+01   0.638792E+00   0.110961E+02   0.668357E+00   0.245161E+00
 0.120403E+01   0.641952E+00   0.111059E+02   0.671814E+00   0.245669E+00
 0.120665E+01   0.645109E+00   0.111150E+02   0.675272E+00   0.246177E+00
 0.120928E+01   0.648273E+00   0.111288E+02   0.678737E+00   0.246685E+00
 0.121190E+01   0.651429E+00   0.111369E+02   0.682195E+00   0.247193E+00
 0.121452E+01   0.654585E+00   0.111459E+02   0.685655E+00   0.247700E+00
 0.121715E+01   0.657734E+00   0.111496E+02   0.689108E+00   0.248208E+00
 0.121977E+01   0.660888E+00   0.111581E+02   0.692569E+00   0.248715E+00
 0.122240E+01   0.664046E+00   0.111700E+02   0.696035E+00   0.249222E+00
 0.122502E+01   0.667188E+00   0.111711E+02   0.699486E+00   0.249729E+00
 0.122765E+01   0.670339E+00   0.111784E+02   0.702947E+00   0.250236E+00
 0.123027E+01   0.673493E+00   0.111896E+02   0.706414E+00   0.250742E+00
 0.123289E+01   0.676642E+00   0.111972E+02   0.709876E+00   0.251249E+00
 0.123552E+01   0.679797E+00   0.112104E+02   0.713347E+00   0.251755E+00
 0.123814E+01   0.682942E+00   0.112170E+02   0.716808E+00   0.252261E+00
 0.124077E+01   0.686089E+00   0.112257E+02   0.720273E+00   0.252767E+00
 0.124339E+01   0.689234E+00   0.112337E+02   0.723737E+00   0.253273E+00
 0.124601E+01   0.692365E+00   0.112321E+02   0.727186E+00   0.253778E+00
 0.124864E+01   0.695511E+00   0.112427E+02   0.730654E+00   0.254283E+00
 0.125126E+01   0.698650E+00   0.112496E+02   0.734117E+00   0.254788E+00
 0.125389E+01   0.701791E+00   0.112583E+02   0.737582E+00   0.255293E+00
 0.125651E+01   0.704927E+00   0.112652E+02   0.741044E+00   0.255798E+00
 0.125914E+01   0.708070E+00   0.112773E+02   0.744514E+00   0.256303E+00
 0.126176E+01   0.711204E+00   0.112847E+02   0.747976E+00   0.256807E+00
 0.126438E+01   0.714330E+00   0.112875E+02   0.751432E+00   0.257311E+00
 0.126701E+01   0.717458E+00   0.112923E+02   0.754890E+00   0.257815E+00
 0.126963E+01   0.720589E+00   0.113007E+02   0.758353E+00   0.258319E+00
 0.127226E+01   0.723725E+00   0.113143E+02   0.761823E+00   0.258823E+00
 0.127488E+01   0.726844E+00   0.113169E+02   0.765277E+00   0.259326E+00
 0.127751E+01   0.729969E+00   0.113246E+02   0.768737E+00   0.259830E+00
 0.128013E+01   0.733097E+00   0.113362E+02   0.772203E+00   0.260333E+00
 0.128275E+01   0.736207E+00   0.113366E+02   0.775651E+00   0.260836E+00
 0.128538E+01   0.739328E+00   0.113456E+02   0.779112E+00   0.261339E+00
 0.128800E+01   0.742446E+00   0.113542E+02   0.782571E+00   0.261841E+00
 0.129063E+01   0.745563E+00   0.113635E+02   0.786031E+00   0.262344E+00
 0.129325E+01   0.748678E+00   0.113732E+02   0.789490E+00   0.262846E+00
 0.129587E+01   0.751778E+00   0.113734E+02   0.792934E+00   0.263348E+00
 0.129850E+01   0.754894E+00   0.113865E+02   0.796397E+00   0.263850E+00
 0.130112E+01   0.758001E+00   0.113949E+02   0.799851E+00   0.264352E+00
 0.130375E+01   0.761098E+00   0.113977E+02   0.803296E+00   0.264853E+00
 0.130637E+01   0.764203E+00   0.114076E+02   0.806751E+00   0.265354E+00
 0.130900E+01   0.767291E+00   0.114074E+02   0.810188E+00   0.265855E+00
 0.131162E+01   0.770388E+00   0.114157E+02   0.813638E+00   0.266356E+00
 0.131424E+01   0.773491E+00   0.114298E+02   0.817096E+00   0.266857E+00
 0.131687E+01   0.776579E+00   0.114346E+02   0.820537E+00   0.267358E+00
 0.131949E+01   0.779665E+00   0.114397E+02   0.823978E+00   0.267858E+00
 0.132212E+01   0.782745E+00   0.114433E+02   0.827415E+00   0.268358E+00
 0.132474E+01   0.785833E+00   0.114536E+02   0.830861E+00   0.268859E+00
