 0.476318E-02   0.000000E+00   0.000000E+00   0.000000E+00   0.100001E-02
 0.757048E-02   0.760047E-02   0.121832E+02   0.759568E-02   0.158855E-02
 0.103778E-01   0.137685E-01   0.142816E+02   0.137625E-01   0.217708E-02
 0.131851E-01   0.179233E-01   0.151414E+02   0.179179E-01   0.276557E-02
 0.159924E-01   0.208197E-01   0.155401E+02   0.208153E-01   0.335402E-02
 0.187997E-01   0.229946E-01   0.157485E+02   0.229916E-01   0.394240E-02
 0.216070E-01   0.246551E-01   0.158411E+02   0.246535E-01   0.453071E-02
 0.244143E-01   0.259291E-01   0.158519E+02   0.259287E-01   0.511892E-02
 0.272216E-01   0.270577E-01   0.158571E+02   0.270585E-01   0.570702E-02
 0.300289E-01   0.279290E-01   0.158020E+02   0.279310E-01   0.629500E-02
 0.328362E-01   0.287397E-01   0.157511E+02   0.287428E-01   0.688284E-02
 0.356435E-01   0.294731E-01   0.156922E+02   0.294773E-01   0.747057E-02
 0.384508E-01   0.300793E-01   0.156008E+02   0.300845E-01   0.805818E-02
 0.412580E-01   0.307309E-01   0.155397E+02   0.307371E-01   0.864570E-02
 0.440653E-01   0.313009E-01   0.154569E+02   0.313081E-01   0.923312E-02
 0.468726E-01   0.318147E-01   0.153596E+02   0.318228E-01   0.982046E-02
 0.496799E-01   0.323950E-01   0.152957E+02   0.324042E-01   0.104077E-01
 0.524872E-01   0.328955E-01   0.152060E+02   0.329057E-01   0.109949E-01
 0.552945E-01   0.334152E-01   0.151305E+02   0.334264E-01   0.115821E-01
 0.581018E-01   0.339261E-01   0.150580E+02   0.339384E-01   0.121692E-01
 0.609091E-01   0.343829E-01   0.149690E+02   0.343960E-01   0.127562E-01
 0.637164E-01   0.348580E-01   0.148935E+02   0.348722E-01   0.133432E-01
 0.665237E-01   0.353467E-01   0.148293E+02   0.353620E-01   0.139301E-01
 0.693310E-01   0.357884E-01   0.147498E+02   0.358046E-01   0.145170E-01
 0.721383E-01   0.362647E-01   0.146897E+02   0.362821E-01   0.151038E-01
 0.749456E-01   0.366868E-01   0.146095E+02   0.367052E-01   0.156905E-01
 0.777529E-01   0.371371E-01   0.145446E+02   0.371565E-01   0.162772E-01
 0.805602E-01   0.375910E-01   0.144837E+02   0.376116E-01   0.168638E-01
 0.833675E-01   0.380292E-01   0.144176E+02   0.380509E-01   0.174504E-01
 0.861748E-01   0.384635E-01   0.143512E+02   0.384864E-01   0.180369E-01
 0.889821E-01   0.388906E-01   0.142823E+02   0.389146E-01   0.186233E-01
 0.917894E-01   0.393275E-01   0.142185E+02   0.393527E-01   0.192097E-01
 0.945967E-01   0.397756E-01   0.141604E+02   0.398021E-01   0.197960E-01
 0.974040E-01   0.401973E-01   0.140897E+02   0.402249E-01   0.203822E-01
 0.100211E+00   0.406370E-01   0.140276E+02   0.406659E-01   0.209684E-01
 0.103019E+00   0.410822E-01   0.139680E+02   0.411125E-01   0.215545E-01
 0.105826E+00   0.415425E-01   0.139157E+02   0.415742E-01   0.221406E-01
 0.108633E+00   0.419945E-01   0.138594E+02   0.420276E-01   0.227266E-01
 0.111440E+00   0.424388E-01   0.137993E+02   0.424734E-01   0.233126E-01
 0.114248E+00   0.429014E-01   0.137483E+02   0.429375E-01   0.238984E-01
 0.117055E+00   0.433502E-01   0.136905E+02   0.433877E-01   0.244843E-01
 0.119862E+00   0.438348E-01   0.136508E+02   0.438740E-01   0.250701E-01
 0.122670E+00   0.442730E-01   0.135875E+02   0.443136E-01   0.256558E-01
 0.125477E+00   0.447498E-01   0.135440E+02   0.447921E-01   0.262414E-01
 0.128284E+00   0.452044E-01   0.134892E+02   0.452484E-01   0.268270E-01
 0.131092E+00   0.456886E-01   0.134497E+02   0.457343E-01   0.274126E-01
 0.133899E+00   0.461571E-01   0.134023E+02   0.462046E-01   0.279981E-01
 0.136706E+00   0.466219E-01   0.133530E+02   0.466712E-01   0.285835E-01
 0.139513E+00   0.471090E-01   0.133158E+02   0.471602E-01   0.291689E-01
 0.142321E+00   0.475719E-01   0.132659E+02   0.476249E-01   0.297542E-01
 0.145128E+00   0.480561E-01   0.132277E+02   0.481110E-01   0.303394E-01
 0.147935E+00   0.485263E-01   0.131822E+02   0.485831E-01   0.309247E-01
 0.150743E+00   0.489982E-01   0.131381E+02   0.490569E-01   0.315098E-01
 0.153550E+00   0.494799E-01   0.130999E+02   0.495407E-01   0.320949E-01
 0.156357E+00   0.499538E-01   0.130579E+02   0.500166E-01   0.326799E-01
 0.159165E+00   0.504520E-01   0.130300E+02   0.505170E-01   0.332649E-01
 0.161972E+00   0.509221E-01   0.129872E+02   0.509892E-01   0.338498E-01
 0.164779E+00   0.513946E-01   0.129465E+02   0.514638E-01   0.344347E-01
 0.167586E+00   0.518820E-01   0.129149E+02   0.519535E-01   0.350195E-01
 0.170394E+00   0.523607E-01   0.128793E+02   0.524344E-01   0.356042E-01
 0.173201E+00   0.528391E-01   0.128446E+02   0.529151E-01   0.361889E-01
 0.176008E+00   0.533120E-01   0.128076E+02   0.533903E-01   0.367736E-01
 0.178816E+00   0.538027E-01   0.127820E+02   0.538833E-01   0.373582E-01
 0.181623E+00   0.542662E-01   0.127417E+02   0.543491E-01   0.379427E-01
 0.184430E+00   0.547492E-01   0.127139E+02   0.548345E-01   0.385272E-01
 0.187238E+00   0.552266E-01   0.126840E+02   0.553143E-01   0.391116E-01
 0.190045E+00   0.557051E-01   0.126560E+02   0.557953E-01   0.396960E-01
 0.192852E+00   0.561772E-01   0.126255E+02   0.562699E-01   0.402803E-01
 0.195659E+00   0.566509E-01   0.125972E+02   0.567460E-01   0.408646E-01
 0.198467E+00   0.571263E-01   0.125713E+02   0.572240E-01   0.414488E-01
 0.201274E+00   0.575875E-01   0.125383E+02   0.576877E-01   0.420330E-01
 0.204081E+00   0.580609E-01   0.125140E+02   0.581638E-01   0.426171E-01
 0.206889E+00   0.585333E-01   0.124905E+02   0.586387E-01   0.432011E-01
 0.209696E+00   0.589825E-01   0.124545E+02   0.590905E-01   0.437851E-01
 0.212503E+00   0.594528E-01   0.124326E+02   0.595635E-01   0.443691E-01
 0.215310E+00   0.599230E-01   0.124121E+02   0.600364E-01   0.449530E-01
 0.218118E+00   0.603872E-01   0.123895E+02   0.605033E-01   0.455368E-01
 0.220925E+00   0.608343E-01   0.123579E+02   0.609531E-01   0.461206E-01
 0.223732E+00   0.613012E-01   0.123399E+02   0.614228E-01   0.467044E-01
 0.226540E+00   0.617513E-01   0.123130E+02   0.618756E-01   0.472881E-01
 0.229347E+00   0.622020E-01   0.122879E+02   0.623291E-01   0.478717E-01
 0.232154E+00   0.626526E-01   0.122642E+02   0.627825E-01   0.484553E-01
 0.234962E+00   0.630874E-01   0.122320E+02   0.632200E-01   0.490388E-01
 0.237769E+00   0.635533E-01   0.122207E+02   0.636888E-01   0.496223E-01
 0.240576E+00   0.640015E-01   0.121998E+02   0.641400E-01   0.502058E-01
 0.243383E+00   0.644521E-01   0.121819E+02   0.645936E-01   0.507892E-01
 0.246191E+00   0.648867E-01   0.121550E+02   0.650309E-01   0.513725E-01
 0.248998E+00   0.653357E-01   0.121387E+02   0.654829E-01   0.519558E-01
 0.251805E+00   0.657801E-01   0.121208E+02   0.659303E-01   0.525390E-01
 0.254613E+00   0.662229E-01   0.121032E+02   0.663761E-01   0.531222E-01
 0.257420E+00   0.666543E-01   0.120795E+02   0.668105E-01   0.537054E-01
 0.260227E+00   0.670785E-01   0.120523E+02   0.672376E-01   0.542885E-01
 0.263035E+00   0.675112E-01   0.120317E+02   0.676733E-01   0.548715E-01
 0.265842E+00   0.679586E-01   0.120218E+02   0.681238E-01   0.554545E-01
 0.268649E+00   0.683764E-01   0.119937E+02   0.685446E-01   0.560374E-01
 0.271456E+00   0.688278E-01   0.119886E+02   0.689992E-01   0.566203E-01
 0.274264E+00   0.692551E-01   0.119688E+02   0.694297E-01   0.572032E-01
 0.277071E+00   0.696842E-01   0.119510E+02   0.698618E-01   0.577860E-01
 0.279878E+00   0.701023E-01   0.119269E+02   0.702830E-01   0.583687E-01
 0.282686E+00   0.705372E-01   0.119147E+02   0.707212E-01   0.589514E-01
 0.285493E+00   0.709637E-01   0.118977E+02   0.711508E-01   0.595341E-01
 0.288300E+00   0.713839E-01   0.118771E+02   0.715742E-01   0.601167E-01
 0.291108E+00   0.718022E-01   0.118560E+02   0.719958E-01   0.606993E-01
 0.293915E+00   0.722249E-01   0.118384E+02   0.724218E-01   0.612818E-01
 0.296722E+00   0.726472E-01   0.118210E+02   0.728473E-01   0.618642E-01
 0.299529E+00   0.730738E-01   0.118070E+02   0.732773E-01   0.624466E-01
 0.302337E+00   0.734940E-01   0.117890E+02   0.737008E-01   0.630290E-01
 0.305144E+00   0.739176E-01   0.117736E+02   0.741277E-01   0.636113E-01
 0.307951E+00   0.743413E-01   0.117586E+02   0.745549E-01   0.641936E-01
 0.310759E+00   0.747651E-01   0.117437E+02   0.749821E-01   0.647758E-01
 0.313566E+00   0.751891E-01   0.117291E+02   0.754095E-01   0.653580E-01
 0.316373E+00   0.756129E-01   0.117144E+02   0.758369E-01   0.659401E-01
 0.319181E+00   0.760385E-01   0.117009E+02   0.762660E-01   0.665222E-01
 0.321988E+00   0.764587E-01   0.116834E+02   0.766897E-01   0.671042E-01
 0.324795E+00   0.768826E-01   0.116684E+02   0.771172E-01   0.676862E-01
 0.327602E+00   0.773001E-01   0.116485E+02   0.775382E-01   0.682681E-01
 0.330410E+00   0.777365E-01   0.116415E+02   0.779784E-01   0.688500E-01
 0.333217E+00   0.781565E-01   0.116225E+02   0.784021E-01   0.694318E-01
 0.336024E+00   0.785858E-01   0.116093E+02   0.788350E-01   0.700136E-01
 0.338832E+00   0.790125E-01   0.115938E+02   0.792655E-01   0.705954E-01
 0.341639E+00   0.794446E-01   0.115813E+02   0.797015E-01   0.711770E-01
 0.344446E+00   0.798797E-01   0.115701E+02   0.801404E-01   0.717587E-01
 0.347254E+00   0.803113E-01   0.115555E+02   0.805759E-01   0.723403E-01
 0.350061E+00   0.807414E-01   0.115388E+02   0.810099E-01   0.729218E-01
 0.352868E+00   0.811780E-01   0.115255E+02   0.814505E-01   0.735033E-01
 0.355675E+00   0.816171E-01   0.115129E+02   0.818937E-01   0.740847E-01
 0.358483E+00   0.820583E-01   0.115003E+02   0.823389E-01   0.746661E-01
 0.361290E+00   0.824880E-01   0.114782E+02   0.827727E-01   0.752475E-01
 0.364097E+00   0.829409E-01   0.114712E+02   0.832298E-01   0.758288E-01
 0.366905E+00   0.833696E-01   0.114452E+02   0.836626E-01   0.764100E-01
 0.369712E+00   0.838266E-01   0.114377E+02   0.841240E-01   0.769912E-01
 0.372519E+00   0.842763E-01   0.114232E+02   0.845781E-01   0.775723E-01
 0.375326E+00   0.847387E-01   0.114159E+02   0.850449E-01   0.781534E-01
 0.378134E+00   0.851980E-01   0.114044E+02   0.855087E-01   0.787345E-01
 0.380941E+00   0.856557E-01   0.113895E+02   0.859709E-01   0.793154E-01
 0.383748E+00   0.861042E-01   0.113657E+02   0.864239E-01   0.798964E-01
 0.386556E+00   0.865688E-01   0.113512E+02   0.868931E-01   0.804773E-01
 0.389363E+00   0.870407E-01   0.113396E+02   0.873698E-01   0.810581E-01
 0.392170E+00   0.875219E-01   0.113321E+02   0.878559E-01   0.816389E-01
 0.394978E+00   0.879951E-01   0.113160E+02   0.883339E-01   0.822196E-01
 0.397785E+00   0.884862E-01   0.113104E+02   0.888301E-01   0.828003E-01
 0.400592E+00   0.889683E-01   0.112951E+02   0.893172E-01   0.833809E-01
 0.403399E+00   0.894494E-01   0.112760E+02   0.898034E-01   0.839614E-01
 0.406207E+00   0.899500E-01   0.112682E+02   0.903093E-01   0.845420E-01
 0.409014E+00   0.904391E-01   0.112484E+02   0.908035E-01   0.851224E-01
 0.411821E+00   0.909503E-01   0.112416E+02   0.913202E-01   0.857028E-01
 0.414629E+00   0.914609E-01   0.112308E+02   0.918363E-01   0.862832E-01
 0.417436E+00   0.919761E-01   0.112198E+02   0.923572E-01   0.868635E-01
 0.420243E+00   0.924880E-01   0.112025E+02   0.928747E-01   0.874437E-01
 0.423051E+00   0.930135E-01   0.111914E+02   0.934060E-01   0.880239E-01
 0.425858E+00   0.935470E-01   0.111822E+02   0.939454E-01   0.886040E-01
 0.428665E+00   0.940827E-01   0.111705E+02   0.944871E-01   0.891841E-01
 0.431472E+00   0.946214E-01   0.111567E+02   0.950320E-01   0.897641E-01
 0.434280E+00   0.951588E-01   0.111373E+02   0.955755E-01   0.903440E-01
 0.437087E+00   0.957098E-01   0.111236E+02   0.961328E-01   0.909239E-01
 0.439894E+00   0.962704E-01   0.111125E+02   0.967000E-01   0.915038E-01
 0.442702E+00   0.968356E-01   0.110999E+02   0.972717E-01   0.920835E-01
 0.445509E+00   0.974129E-01   0.110914E+02   0.978558E-01   0.926633E-01
 0.448316E+00   0.979910E-01   0.110785E+02   0.984408E-01   0.932429E-01
 0.451124E+00   0.985842E-01   0.110717E+02   0.990411E-01   0.938225E-01
 0.453931E+00   0.991754E-01   0.110579E+02   0.996394E-01   0.944020E-01
 0.456738E+00   0.997697E-01   0.110408E+02   0.100241E+00   0.949815E-01
 0.459545E+00   0.100376E+00   0.110275E+02   0.100855E+00   0.955609E-01
 0.462353E+00   0.100996E+00   0.110178E+02   0.101482E+00   0.961403E-01
 0.465160E+00   0.101618E+00   0.110045E+02   0.102112E+00   0.967196E-01
 0.467967E+00   0.102257E+00   0.109980E+02   0.102759E+00   0.972988E-01
 0.470775E+00   0.102894E+00   0.109832E+02   0.103404E+00   0.978779E-01
 0.473582E+00   0.103541E+00   0.109700E+02   0.104059E+00   0.984570E-01
 0.476389E+00   0.104205E+00   0.109633E+02   0.104732E+00   0.990361E-01
 0.479196E+00   0.104862E+00   0.109443E+02   0.105398E+00   0.996150E-01
 0.482004E+00   0.105543E+00   0.109375E+02   0.106088E+00   0.100194E+00
 0.484811E+00   0.106228E+00   0.109254E+02   0.106781E+00   0.100773E+00
 0.487618E+00   0.106928E+00   0.109188E+02   0.107491E+00   0.101352E+00
 0.490426E+00   0.107623E+00   0.109005E+02   0.108195E+00   0.101930E+00
 0.493233E+00   0.108350E+00   0.109006E+02   0.108932E+00   0.102509E+00
 0.496040E+00   0.109069E+00   0.108854E+02   0.109661E+00   0.103087E+00
 0.498848E+00   0.109796E+00   0.108692E+02   0.110398E+00   0.103666E+00
 0.501655E+00   0.110553E+00   0.108679E+02   0.111165E+00   0.104244E+00
 0.504462E+00   0.111303E+00   0.108533E+02   0.111926E+00   0.104823E+00
 0.507269E+00   0.112068E+00   0.108416E+02   0.112701E+00   0.105401E+00
 0.510077E+00   0.112851E+00   0.108361E+02   0.113496E+00   0.105979E+00
 0.512884E+00   0.113642E+00   0.108277E+02   0.114298E+00   0.106557E+00
 0.515691E+00   0.114433E+00   0.108108E+02   0.115101E+00   0.107135E+00
 0.518499E+00   0.115244E+00   0.107999E+02   0.115924E+00   0.107713E+00
 0.521306E+00   0.116070E+00   0.107919E+02   0.116762E+00   0.108291E+00
 0.524113E+00   0.116908E+00   0.107851E+02   0.117613E+00   0.108869E+00
 0.526921E+00   0.117757E+00   0.107772E+02   0.118475E+00   0.109447E+00
 0.529728E+00   0.118609E+00   0.107616E+02   0.119339E+00   0.110024E+00
 0.532535E+00   0.119488E+00   0.107593E+02   0.120232E+00   0.110602E+00
 0.535342E+00   0.120366E+00   0.107464E+02   0.121124E+00   0.111180E+00
 0.538150E+00   0.121270E+00   0.107442E+02   0.122041E+00   0.111757E+00
 0.540957E+00   0.122170E+00   0.107292E+02   0.122955E+00   0.112334E+00
 0.543764E+00   0.123090E+00   0.107216E+02   0.123890E+00   0.112912E+00
 0.546572E+00   0.124022E+00   0.107148E+02   0.124838E+00   0.113489E+00
 0.549379E+00   0.124967E+00   0.107082E+02   0.125797E+00   0.114066E+00
 0.552186E+00   0.125922E+00   0.107016E+02   0.126768E+00   0.114643E+00
 0.554994E+00   0.126883E+00   0.106903E+02   0.127745E+00   0.115220E+00
 0.557801E+00   0.127864E+00   0.106865E+02   0.128742E+00   0.115797E+00
 0.560608E+00   0.128846E+00   0.106756E+02   0.129741E+00   0.116374E+00
 0.563415E+00   0.129840E+00   0.106650E+02   0.130752E+00   0.116950E+00
 0.566223E+00   0.130851E+00   0.106594E+02   0.131781E+00   0.117527E+00
 0.569030E+00   0.131869E+00   0.106493E+02   0.132816E+00   0.118104E+00
 0.571837E+00   0.132902E+00   0.106417E+02   0.133867E+00   0.118680E+00
 0.574645E+00   0.133950E+00   0.106363E+02   0.134933E+00   0.119256E+00
 0.577452E+00   0.135017E+00   0.106359E+02   0.136019E+00   0.119833E+00
 0.580259E+00   0.136080E+00   0.106203E+02   0.137101E+00   0.120409E+00
 0.583067E+00   0.137172E+00   0.106181E+02   0.138213E+00   0.120985E+00
 0.585874E+00   0.138274E+00   0.106115E+02   0.139335E+00   0.121561E+00
 0.588681E+00   0.139397E+00   0.106105E+02   0.140479E+00   0.122137E+00
 0.591488E+00   0.140524E+00   0.106003E+02   0.141627E+00   0.122713E+00
 0.594296E+00   0.141671E+00   0.105944E+02   0.142796E+00   0.123289E+00
 0.597103E+00   0.142840E+00   0.105939E+02   0.143987E+00   0.123864E+00
 0.599910E+00   0.144019E+00   0.105901E+02   0.145189E+00   0.124440E+00
 0.602718E+00   0.145210E+00   0.105823E+02   0.146403E+00   0.125015E+00
 0.605525E+00   0.146416E+00   0.105748E+02   0.147633E+00   0.125591E+00
 0.608332E+00   0.147646E+00   0.105735E+02   0.148887E+00   0.126166E+00
 0.611139E+00   0.148880E+00   0.105626E+02   0.150145E+00   0.126741E+00
 0.613947E+00   0.150137E+00   0.105574E+02   0.151427E+00   0.127316E+00
 0.616754E+00   0.151410E+00   0.105528E+02   0.152727E+00   0.127891E+00
 0.619561E+00   0.152708E+00   0.105542E+02   0.154051E+00   0.128466E+00
 0.622369E+00   0.154022E+00   0.105555E+02   0.155392E+00   0.129041E+00
 0.625176E+00   0.155334E+00   0.105419E+02   0.156732E+00   0.129615E+00
 0.627983E+00   0.156680E+00   0.105416E+02   0.158107E+00   0.130190E+00
 0.630791E+00   0.158039E+00   0.105379E+02   0.159494E+00   0.130765E+00
 0.633598E+00   0.159424E+00   0.105417E+02   0.160910E+00   0.131339E+00
 0.636405E+00   0.160819E+00   0.105390E+02   0.162335E+00   0.131913E+00
 0.639212E+00   0.162230E+00   0.105350E+02   0.163777E+00   0.132487E+00
 0.642020E+00   0.163652E+00   0.105248E+02   0.165230E+00   0.133061E+00
 0.644827E+00   0.165103E+00   0.105244E+02   0.166714E+00   0.133635E+00
 0.647634E+00   0.166569E+00   0.105211E+02   0.168214E+00   0.134209E+00
 0.650442E+00   0.168058E+00   0.105210E+02   0.169736E+00   0.134783E+00
 0.653249E+00   0.169560E+00   0.105173E+02   0.171273E+00   0.135357E+00
 0.656056E+00   0.171085E+00   0.105170E+02   0.172834E+00   0.135930E+00
 0.658864E+00   0.172633E+00   0.105202E+02   0.174419E+00   0.136504E+00
 0.661671E+00   0.174192E+00   0.105164E+02   0.176014E+00   0.137077E+00
 0.664478E+00   0.175775E+00   0.105170E+02   0.177636E+00   0.137650E+00
 0.667285E+00   0.177367E+00   0.105091E+02   0.179266E+00   0.138223E+00
 0.670093E+00   0.178997E+00   0.105166E+02   0.180936E+00   0.138796E+00
 0.672900E+00   0.180632E+00   0.105119E+02   0.182612E+00   0.139369E+00
 0.675707E+00   0.182298E+00   0.105170E+02   0.184320E+00   0.139942E+00
 0.678515E+00   0.183975E+00   0.105149E+02   0.186040E+00   0.140514E+00
 0.681322E+00   0.185677E+00   0.105163E+02   0.187785E+00   0.141087E+00
 0.684129E+00   0.187386E+00   0.105072E+02   0.189538E+00   0.141659E+00
 0.686936E+00   0.189137E+00   0.105160E+02   0.191335E+00   0.142231E+00
 0.689744E+00   0.190891E+00   0.105102E+02   0.193135E+00   0.142804E+00
 0.692551E+00   0.192674E+00   0.105122E+02   0.194966E+00   0.143376E+00
 0.695358E+00   0.194477E+00   0.105134E+02   0.196817E+00   0.143947E+00
 0.698166E+00   0.196305E+00   0.105180E+02   0.198695E+00   0.144519E+00
 0.700973E+00   0.198146E+00   0.105162E+02   0.200586E+00   0.145091E+00
 0.703780E+00   0.200010E+00   0.105160E+02   0.202502E+00   0.145662E+00
 0.706588E+00   0.201898E+00   0.105188E+02   0.204443E+00   0.146234E+00
 0.709395E+00   0.203805E+00   0.105189E+02   0.206404E+00   0.146805E+00
 0.712202E+00   0.205735E+00   0.105207E+02   0.208389E+00   0.147376E+00
 0.715010E+00   0.207693E+00   0.105284E+02   0.210404E+00   0.147947E+00
 0.717817E+00   0.209669E+00   0.105329E+02   0.212437E+00   0.148518E+00
 0.720624E+00   0.211661E+00   0.105325E+02   0.214488E+00   0.149089E+00
 0.723431E+00   0.213675E+00   0.105323E+02   0.216562E+00   0.149659E+00
 0.726239E+00   0.215714E+00   0.105354E+02   0.218663E+00   0.150230E+00
 0.729046E+00   0.217781E+00   0.105430E+02   0.220792E+00   0.150800E+00
 0.731853E+00   0.219859E+00   0.105408E+02   0.222933E+00   0.151370E+00
 0.734661E+00   0.221970E+00   0.105492E+02   0.225111E+00   0.151940E+00
 0.737468E+00   0.224094E+00   0.105487E+02   0.227301E+00   0.152510E+00
 0.740275E+00   0.226251E+00   0.105572E+02   0.229526E+00   0.153080E+00
 0.743082E+00   0.228415E+00   0.105534E+02   0.231759E+00   0.153650E+00
 0.745890E+00   0.230614E+00   0.105591E+02   0.234029E+00   0.154219E+00
 0.748697E+00   0.232841E+00   0.105704E+02   0.236329E+00   0.154789E+00
 0.751504E+00   0.235083E+00   0.105745E+02   0.238644E+00   0.155358E+00
 0.754312E+00   0.237337E+00   0.105704E+02   0.240974E+00   0.155927E+00
 0.757119E+00   0.239625E+00   0.105745E+02   0.243338E+00   0.156496E+00
 0.759926E+00   0.241937E+00   0.105809E+02   0.245729E+00   0.157065E+00
 0.762734E+00   0.244281E+00   0.105933E+02   0.248153E+00   0.157633E+00
 0.765541E+00   0.246634E+00   0.105953E+02   0.250588E+00   0.158202E+00
 0.768348E+00   0.249010E+00   0.105966E+02   0.253047E+00   0.158770E+00
 0.771155E+00   0.251423E+00   0.106091E+02   0.255545E+00   0.159338E+00
 0.773963E+00   0.253842E+00   0.106078E+02   0.258051E+00   0.159906E+00
 0.776770E+00   0.256290E+00   0.106113E+02   0.260587E+00   0.160474E+00
 0.779577E+00   0.258773E+00   0.106236E+02   0.263160E+00   0.161042E+00
 0.782385E+00   0.261264E+00   0.106236E+02   0.265742E+00   0.161609E+00
 0.785192E+00   0.263789E+00   0.106322E+02   0.268361E+00   0.162177E+00
 0.787999E+00   0.266334E+00   0.106382E+02   0.271002E+00   0.162744E+00
 0.790807E+00   0.268911E+00   0.106509E+02   0.273677E+00   0.163311E+00
 0.793614E+00   0.271506E+00   0.106582E+02   0.276370E+00   0.163878E+00
 0.796421E+00   0.274113E+00   0.106567E+02   0.279078E+00   0.164445E+00
 0.799228E+00   0.276759E+00   0.106678E+02   0.281828E+00   0.165011E+00
 0.802036E+00   0.279425E+00   0.106751E+02   0.284598E+00   0.165578E+00
 0.804843E+00   0.282118E+00   0.106853E+02   0.287398E+00   0.166144E+00
 0.807650E+00   0.284822E+00   0.106853E+02   0.290211E+00   0.166710E+00
 0.810458E+00   0.287558E+00   0.106915E+02   0.293058E+00   0.167276E+00
 0.813265E+00   0.290332E+00   0.107087E+02   0.295945E+00   0.167842E+00
 0.816072E+00   0.293114E+00   0.107135E+02   0.298843E+00   0.168408E+00
 0.818879E+00   0.295915E+00   0.107143E+02   0.301761E+00   0.168973E+00
 0.821687E+00   0.298760E+00   0.107309E+02   0.304726E+00   0.169538E+00
 0.824494E+00   0.301608E+00   0.107300E+02   0.307695E+00   0.170103E+00
 0.827301E+00   0.304498E+00   0.107438E+02   0.310709E+00   0.170668E+00
 0.830109E+00   0.307408E+00   0.107546E+02   0.313745E+00   0.171233E+00
 0.832916E+00   0.310336E+00   0.107601E+02   0.316802E+00   0.171798E+00
 0.835723E+00   0.313292E+00   0.107692E+02   0.319889E+00   0.172362E+00
 0.838531E+00   0.316266E+00   0.107724E+02   0.322995E+00   0.172926E+00
 0.841338E+00   0.319273E+00   0.107833E+02   0.326138E+00   0.173490E+00
 0.844145E+00   0.322306E+00   0.107958E+02   0.329310E+00   0.174054E+00
 0.846952E+00   0.325363E+00   0.108073E+02   0.332507E+00   0.174618E+00
 0.849760E+00   0.328432E+00   0.108096E+02   0.335719E+00   0.175181E+00
 0.852567E+00   0.331531E+00   0.108160E+02   0.338963E+00   0.175745E+00
 0.855374E+00   0.334661E+00   0.108276E+02   0.342240E+00   0.176308E+00
 0.858182E+00   0.337818E+00   0.108419E+02   0.345548E+00   0.176871E+00
 0.860989E+00   0.340989E+00   0.108481E+02   0.348873E+00   0.177434E+00
 0.863796E+00   0.344182E+00   0.108521E+02   0.352221E+00   0.177996E+00
 0.866604E+00   0.347407E+00   0.108624E+02   0.355604E+00   0.178559E+00
 0.869411E+00   0.350658E+00   0.108736E+02   0.359016E+00   0.179121E+00
 0.872218E+00   0.353934E+00   0.108857E+02   0.362456E+00   0.179683E+00
 0.875025E+00   0.357232E+00   0.108962E+02   0.365921E+00   0.180245E+00
 0.877833E+00   0.360551E+00   0.109036E+02   0.369409E+00   0.180806E+00
 0.880640E+00   0.363897E+00   0.109135E+02   0.372927E+00   0.181368E+00
 0.883447E+00   0.367264E+00   0.109211E+02   0.376469E+00   0.181929E+00
 0.886255E+00   0.370667E+00   0.109374E+02   0.380050E+00   0.182490E+00
 0.889062E+00   0.374085E+00   0.109467E+02   0.383649E+00   0.183051E+00
 0.891869E+00   0.377529E+00   0.109572E+02   0.387276E+00   0.183611E+00
 0.894677E+00   0.380994E+00   0.109658E+02   0.390928E+00   0.184172E+00
 0.897484E+00   0.384490E+00   0.109798E+02   0.394614E+00   0.184732E+00
 0.900291E+00   0.387996E+00   0.109827E+02   0.398313E+00   0.185292E+00
 0.903098E+00   0.391536E+00   0.109928E+02   0.402048E+00   0.185852E+00
 0.905906E+00   0.395103E+00   0.110060E+02   0.405815E+00   0.186412E+00
 0.908713E+00   0.398696E+00   0.110203E+02   0.409611E+00   0.186971E+00
 0.911520E+00   0.402313E+00   0.110346E+02   0.413433E+00   0.187530E+00
 0.914328E+00   0.405948E+00   0.110438E+02   0.417276E+00   0.188089E+00
 0.917135E+00   0.409606E+00   0.110535E+02   0.421147E+00   0.188648E+00
 0.919942E+00   0.413289E+00   0.110634E+02   0.425045E+00   0.189207E+00
 0.922750E+00   0.416990E+00   0.110694E+02   0.428964E+00   0.189765E+00
 0.925557E+00   0.420730E+00   0.110867E+02   0.432927E+00   0.190323E+00
 0.928364E+00   0.424482E+00   0.110945E+02   0.436903E+00   0.190881E+00
 0.931171E+00   0.428255E+00   0.111013E+02   0.440904E+00   0.191439E+00
 0.933979E+00   0.432064E+00   0.111173E+02   0.444946E+00   0.191997E+00
 0.936786E+00   0.435889E+00   0.111271E+02   0.449006E+00   0.192554E+00
 0.939593E+00   0.439747E+00   0.111450E+02   0.453105E+00   0.193111E+00
 0.942401E+00   0.443621E+00   0.111563E+02   0.457221E+00   0.193668E+00
 0.945208E+00   0.447515E+00   0.111657E+02   0.461361E+00   0.194225E+00
 0.948015E+00   0.451429E+00   0.111732E+02   0.465525E+00   0.194781E+00
 0.950822E+00   0.455369E+00   0.111820E+02   0.469718E+00   0.195337E+00
 0.953630E+00   0.459342E+00   0.111983E+02   0.473949E+00   0.195893E+00
 0.956437E+00   0.463333E+00   0.112115E+02   0.478202E+00   0.196449E+00
 0.959244E+00   0.467346E+00   0.112230E+02   0.482479E+00   0.197005E+00
 0.962052E+00   0.471374E+00   0.112296E+02   0.486776E+00   0.197560E+00
 0.964859E+00   0.475436E+00   0.112438E+02   0.491110E+00   0.198115E+00
 0.967666E+00   0.479516E+00   0.112551E+02   0.495467E+00   0.198670E+00
 0.970474E+00   0.483618E+00   0.112660E+02   0.499849E+00   0.199225E+00
 0.973281E+00   0.487741E+00   0.112753E+02   0.504256E+00   0.199779E+00
 0.976088E+00   0.491894E+00   0.112902E+02   0.508697E+00   0.200333E+00
 0.978895E+00   0.496064E+00   0.113014E+02   0.513159E+00   0.200887E+00
 0.981703E+00   0.500256E+00   0.113120E+02   0.517647E+00   0.201441E+00
 0.984510E+00   0.504475E+00   0.113271E+02   0.522167E+00   0.201994E+00
 0.987317E+00   0.508704E+00   0.113329E+02   0.526699E+00   0.202548E+00
 0.990125E+00   0.512965E+00   0.113455E+02   0.531268E+00   0.203101E+00
 0.992932E+00   0.517256E+00   0.113645E+02   0.535873E+00   0.203653E+00
 0.995739E+00   0.521559E+00   0.113764E+02   0.540492E+00   0.204206E+00
 0.998547E+00   0.525873E+00   0.113810E+02   0.545127E+00   0.204758E+00
 0.100135E+01   0.530231E+00   0.114016E+02   0.549811E+00   0.205310E+00
 0.100416E+01   0.534588E+00   0.114057E+02   0.554496E+00   0.205862E+00
 0.100697E+01   0.538984E+00   0.114228E+02   0.559227E+00   0.206413E+00
 0.100978E+01   0.543389E+00   0.114310E+02   0.563969E+00   0.206965E+00
 0.101258E+01   0.547819E+00   0.114426E+02   0.568742E+00   0.207516E+00
 0.101539E+01   0.552270E+00   0.114537E+02   0.573539E+00   0.208067E+00
 0.101820E+01   0.556755E+00   0.114742E+02   0.578377E+00   0.208617E+00
 0.102100E+01   0.561249E+00   0.114872E+02   0.583227E+00   0.209168E+00
 0.102381E+01   0.565751E+00   0.114908E+02   0.588088E+00   0.209718E+00
 0.102662E+01   0.570293E+00   0.115082E+02   0.592996E+00   0.210267E+00
 0.102943E+01   0.574854E+00   0.115241E+02   0.597926E+00   0.210817E+00
 0.103223E+01   0.579421E+00   0.115311E+02   0.602866E+00   0.211366E+00
 0.103504E+01   0.584021E+00   0.115466E+02   0.607845E+00   0.211915E+00
 0.103785E+01   0.588630E+00   0.115550E+02   0.612837E+00   0.212464E+00
 0.104066E+01   0.593268E+00   0.115693E+02   0.617862E+00   0.213013E+00
 0.104346E+01   0.597916E+00   0.115774E+02   0.622902E+00   0.213561E+00
 0.104627E+01   0.602590E+00   0.115901E+02   0.627974E+00   0.214109E+00
 0.104908E+01   0.607284E+00   0.116034E+02   0.633070E+00   0.214657E+00
 0.105189E+01   0.611998E+00   0.116171E+02   0.638191E+00   0.215204E+00
 0.105469E+01   0.616724E+00   0.116264E+02   0.643328E+00   0.215751E+00
 0.105750E+01   0.621484E+00   0.116454E+02   0.648505E+00   0.216298E+00
 0.106031E+01   0.626245E+00   0.116530E+02   0.653687E+00   0.216845E+00
 0.106311E+01   0.631031E+00   0.116648E+02   0.658899E+00   0.217391E+00
 0.106592E+01   0.635836E+00   0.116768E+02   0.664134E+00   0.217938E+00
 0.106873E+01   0.640661E+00   0.116902E+02   0.669395E+00   0.218483E+00
 0.107154E+01   0.645502E+00   0.117023E+02   0.674676E+00   0.219029E+00
 0.107434E+01   0.650354E+00   0.117102E+02   0.679974E+00   0.219574E+00
 0.107715E+01   0.655234E+00   0.117248E+02   0.685305E+00   0.220119E+00
 0.107996E+01   0.660124E+00   0.117342E+02   0.690650E+00   0.220664E+00
 0.108277E+01   0.665038E+00   0.117483E+02   0.696025E+00   0.221209E+00
 0.108557E+01   0.669975E+00   0.117661E+02   0.701428E+00   0.221753E+00
 0.108838E+01   0.674917E+00   0.117763E+02   0.706841E+00   0.222297E+00
 0.109119E+01   0.679880E+00   0.117889E+02   0.712279E+00   0.222841E+00
 0.109399E+01   0.684859E+00   0.118011E+02   0.717739E+00   0.223384E+00
 0.109680E+01   0.689858E+00   0.118159E+02   0.723224E+00   0.223927E+00
 0.109961E+01   0.694861E+00   0.118231E+02   0.728718E+00   0.224470E+00
 0.110242E+01   0.699886E+00   0.118335E+02   0.734239E+00   0.225013E+00
 0.110522E+01   0.704925E+00   0.118434E+02   0.739780E+00   0.225555E+00
 0.110803E+01   0.709985E+00   0.118564E+02   0.745346E+00   0.226097E+00
 0.111084E+01   0.715067E+00   0.118734E+02   0.750941E+00   0.226639E+00
 0.111365E+01   0.720158E+00   0.118868E+02   0.756549E+00   0.227180E+00
 0.111645E+01   0.725257E+00   0.118954E+02   0.762170E+00   0.227721E+00
 0.111926E+01   0.730383E+00   0.119116E+02   0.767824E+00   0.228262E+00
 0.112207E+01   0.735507E+00   0.119177E+02   0.773481E+00   0.228803E+00
 0.112487E+01   0.740663E+00   0.119346E+02   0.779175E+00   0.229343E+00
 0.112768E+01   0.745814E+00   0.119394E+02   0.784869E+00   0.229883E+00
 0.113049E+01   0.750998E+00   0.119560E+02   0.790602E+00   0.230423E+00
 0.113330E+01   0.756189E+00   0.119684E+02   0.796347E+00   0.230962E+00
 0.113610E+01   0.761396E+00   0.119820E+02   0.802114E+00   0.231502E+00
 0.113891E+01   0.766604E+00   0.119880E+02   0.807886E+00   0.232040E+00
 0.114172E+01   0.771841E+00   0.120041E+02   0.813694E+00   0.232579E+00
 0.114453E+01   0.777090E+00   0.120195E+02   0.819519E+00   0.233117E+00
 0.114733E+01   0.782347E+00   0.120319E+02   0.825357E+00   0.233655E+00
 0.115014E+01   0.787602E+00   0.120347E+02   0.831196E+00   0.234193E+00
 0.115295E+01   0.792892E+00   0.120519E+02   0.837079E+00   0.234730E+00
 0.115576E+01   0.798179E+00   0.120597E+02   0.842962E+00   0.235267E+00
 0.115856E+01   0.803487E+00   0.120733E+02   0.848873E+00   0.235804E+00
 0.116137E+01   0.808807E+00   0.120869E+02   0.854801E+00   0.236341E+00
 0.116418E+01   0.814136E+00   0.120990E+02   0.860744E+00   0.236877E+00
 0.116698E+01   0.819465E+00   0.121041E+02   0.866690E+00   0.237413E+00
 0.116979E+01   0.824825E+00   0.121214E+02   0.872675E+00   0.237948E+00
 0.117260E+01   0.830192E+00   0.121363E+02   0.878672E+00   0.238483E+00
 0.117541E+01   0.835551E+00   0.121400E+02   0.884665E+00   0.239018E+00
 0.117821E+01   0.840946E+00   0.121593E+02   0.890702E+00   0.239553E+00
 0.118102E+01   0.846324E+00   0.121619E+02   0.896724E+00   0.240087E+00
 0.118383E+01   0.851735E+00   0.121783E+02   0.902787E+00   0.240621E+00
 0.118664E+01   0.857139E+00   0.121848E+02   0.908847E+00   0.241155E+00
 0.118944E+01   0.862571E+00   0.122023E+02   0.914942E+00   0.241688E+00
 0.119225E+01   0.867997E+00   0.122105E+02   0.921035E+00   0.242221E+00
 0.119506E+01   0.873435E+00   0.122211E+02   0.927147E+00   0.242754E+00
 0.119786E+01   0.878886E+00   0.122337E+02   0.933276E+00   0.243287E+00
 0.120067E+01   0.884345E+00   0.122460E+02   0.939419E+00   0.243819E+00
 0.120348E+01   0.889813E+00   0.122583E+02   0.945576E+00   0.244351E+00
 0.120629E+01   0.895283E+00   0.122673E+02   0.951740E+00   0.244882E+00
 0.120909E+01   0.900772E+00   0.122833E+02   0.957931E+00   0.245413E+00
 0.121190E+01   0.906262E+00   0.122950E+02   0.964127E+00   0.245944E+00
 0.121471E+01   0.911755E+00   0.123036E+02   0.970330E+00   0.246475E+00
 0.121752E+01   0.917260E+00   0.123159E+02   0.976552E+00   0.247005E+00
 0.122032E+01   0.922767E+00   0.123249E+02   0.982780E+00   0.247535E+00
 0.122313E+01   0.928286E+00   0.123368E+02   0.989026E+00   0.248065E+00
 0.122594E+01   0.933801E+00   0.123423E+02   0.995272E+00   0.248594E+00
 0.122874E+01   0.939332E+00   0.123543E+02   0.100154E+01   0.249123E+00
 0.123155E+01   0.944879E+00   0.123713E+02   0.100783E+01   0.249652E+00
 0.123436E+01   0.950413E+00   0.123776E+02   0.101411E+01   0.250180E+00
 0.123717E+01   0.955961E+00   0.123891E+02   0.102042E+01   0.250708E+00
 0.123997E+01   0.961515E+00   0.124003E+02   0.102673E+01   0.251236E+00
 0.124278E+01   0.967062E+00   0.124054E+02   0.103304E+01   0.251763E+00
 0.124559E+01   0.972630E+00   0.124188E+02   0.103938E+01   0.252290E+00
 0.124840E+01   0.978197E+00   0.124297E+02   0.104572E+01   0.252817E+00
 0.125120E+01   0.983777E+00   0.124451E+02   0.105208E+01   0.253343E+00
 0.125401E+01   0.989344E+00   0.124504E+02   0.105843E+01   0.253869E+00
 0.125682E+01   0.994928E+00   0.124635E+02   0.106481E+01   0.254395E+00
 0.125963E+01   0.100051E+01   0.124728E+02   0.107119E+01   0.254920E+00
 0.126243E+01   0.100610E+01   0.124848E+02   0.107758E+01   0.255445E+00
 0.126524E+01   0.101169E+01   0.124967E+02   0.108398E+01   0.255970E+00
 0.126805E+01   0.101728E+01   0.125030E+02   0.109037E+01   0.256494E+00
 0.127085E+01   0.102287E+01   0.125122E+02   0.109678E+01   0.257019E+00
 0.127366E+01   0.102848E+01   0.125275E+02   0.110321E+01   0.257542E+00
 0.127647E+01   0.103406E+01   0.125304E+02   0.110962E+01   0.258066E+00
 0.127928E+01   0.103968E+01   0.125456E+02   0.111607E+01   0.258589E+00
 0.128208E+01   0.104527E+01   0.125521E+02   0.112250E+01   0.259111E+00
 0.128489E+01   0.105089E+01   0.125671E+02   0.112896E+01   0.259634E+00
 0.128770E+01   0.105649E+01   0.125758E+02   0.113541E+01   0.260156E+00
 0.129051E+01   0.106210E+01   0.125870E+02   0.114188E+01   0.260678E+00
 0.129331E+01   0.106772E+01   0.125984E+02   0.114834E+01   0.261199E+00
 0.129612E+01   0.107331E+01   0.125995E+02   0.115480E+01   0.261720E+00
 0.129893E+01   0.107892E+01   0.126108E+02   0.116128E+01   0.262241E+00
 0.130173E+01   0.108453E+01   0.126188E+02   0.116776E+01   0.262761E+00
 0.130454E+01   0.109015E+01   0.126344E+02   0.117426E+01   0.263281E+00
 0.130735E+01   0.109576E+01   0.126442E+02   0.118075E+01   0.263801E+00
 0.131016E+01   0.110138E+01   0.126564E+02   0.118725E+01   0.264320E+00
 0.131296E+01   0.110699E+01   0.126652E+02   0.119375E+01   0.264839E+00
 0.131577E+01   0.111258E+01   0.126671E+02   0.120024E+01   0.265358E+00
 0.131858E+01   0.111819E+01   0.126764E+02   0.120675E+01   0.265876E+00
 0.132139E+01   0.112380E+01   0.126908E+02   0.121327E+01   0.266394E+00
 0.132419E+01   0.112942E+01   0.127035E+02   0.121979E+01   0.266912E+00
 0.132700E+01   0.113501E+01   0.127054E+02   0.122629E+01   0.267429E+00
 0.132981E+01   0.114061E+01   0.127153E+02   0.123282E+01   0.267946E+00
 0.133262E+01   0.114621E+01   0.127286E+02   0.123935E+01   0.268463E+00
 0.133542E+01   0.115181E+01   0.127342E+02   0.124586E+01   0.268979E+00
 0.133823E+01   0.115740E+01   0.127430E+02   0.125239E+01   0.269495E+00
 0.134104E+01   0.116299E+01   0.127537E+02   0.125892E+01   0.270011E+00
 0.134384E+01   0.116858E+01   0.127611E+02   0.126545E+01   0.270526E+00
 0.134665E+01   0.117418E+01   0.127762E+02   0.127199E+01   0.271041E+00
 0.134946E+01   0.117976E+01   0.127848E+02   0.127853E+01   0.271555E+00
 0.135227E+01   0.118532E+01   0.127865E+02   0.128504E+01   0.272069E+00
 0.135507E+01   0.119090E+01   0.127962E+02   0.129158E+01   0.272583E+00
 0.135788E+01   0.119648E+01   0.128105E+02   0.129813E+01   0.273097E+00
 0.136069E+01   0.120204E+01   0.128147E+02   0.130465E+01   0.273610E+00
 0.136350E+01   0.120760E+01   0.128207E+02   0.131118E+01   0.274123E+00
 0.136630E+01   0.121316E+01   0.128307E+02   0.131772E+01   0.274635E+00
 0.136911E+01   0.121871E+01   0.128402E+02   0.132425E+01   0.275147E+00
 0.137192E+01   0.122427E+01   0.128544E+02   0.133080E+01   0.275659E+00
 0.137472E+01   0.122980E+01   0.128544E+02   0.133731E+01   0.276170E+00
 0.137753E+01   0.123535E+01   0.128695E+02   0.134385E+01   0.276681E+00
 0.138034E+01   0.124087E+01   0.128706E+02   0.135037E+01   0.277192E+00
 0.138315E+01   0.124641E+01   0.128879E+02   0.135691E+01   0.277702E+00
 0.138595E+01   0.125193E+01   0.128944E+02   0.136343E+01   0.278212E+00
 0.138876E+01   0.125744E+01   0.129006E+02   0.136995E+01   0.278722E+00
 0.139157E+01   0.126295E+01   0.129067E+02   0.137647E+01   0.279231E+00
 0.139438E+01   0.126845E+01   0.129142E+02   0.138298E+01   0.279740E+00
 0.139718E+01   0.127394E+01   0.129210E+02   0.138950E+01   0.280249E+00
 0.139999E+01   0.127945E+01   0.129362E+02   0.139602E+01   0.280757E+00
 0.140280E+01   0.128492E+01   0.129368E+02   0.140252E+01   0.281265E+00
 0.140560E+01   0.129039E+01   0.129443E+02   0.140902E+01   0.281772E+00
 0.140841E+01   0.129587E+01   0.129581E+02   0.141554E+01   0.282279E+00
 0.141122E+01   0.130133E+01   0.129667E+02   0.142204E+01   0.282786E+00
 0.141403E+01   0.130678E+01   0.129726E+02   0.142853E+01   0.283293E+00
 0.141683E+01   0.131223E+01   0.129796E+02   0.143501E+01   0.283799E+00
 0.141964E+01   0.131767E+01   0.129892E+02   0.144150E+01   0.284305E+00
 0.142245E+01   0.132309E+01   0.129918E+02   0.144797E+01   0.284810E+00
 0.142526E+01   0.132852E+01   0.130037E+02   0.145446E+01   0.285315E+00
 0.142806E+01   0.133393E+01   0.130109E+02   0.146093E+01   0.285820E+00
 0.143087E+01   0.133932E+01   0.130128E+02   0.146738E+01   0.286324E+00
 0.143368E+01   0.134473E+01   0.130274E+02   0.147385E+01   0.286828E+00
 0.143649E+01   0.135011E+01   0.130267E+02   0.148029E+01   0.287331E+00
 0.143929E+01   0.135550E+01   0.130426E+02   0.148676E+01   0.287835E+00
 0.144210E+01   0.136087E+01   0.130477E+02   0.149319E+01   0.288338E+00
 0.144491E+01   0.136622E+01   0.130512E+02   0.149962E+01   0.288840E+00
 0.144771E+01   0.137158E+01   0.130624E+02   0.150606E+01   0.289342E+00
 0.145052E+01   0.137691E+01   0.130648E+02   0.151247E+01   0.289844E+00
 0.145333E+01   0.138225E+01   0.130763E+02   0.151890E+01   0.290345E+00
 0.145614E+01   0.138757E+01   0.130837E+02   0.152531E+01   0.290847E+00
 0.145894E+01   0.139289E+01   0.130916E+02   0.153171E+01   0.291347E+00
 0.146175E+01   0.139818E+01   0.130940E+02   0.153810E+01   0.291848E+00
 0.146456E+01   0.140348E+01   0.131063E+02   0.154450E+01   0.292348E+00
 0.146737E+01   0.140875E+01   0.131078E+02   0.155086E+01   0.292847E+00
 0.147017E+01   0.141403E+01   0.131168E+02   0.155724E+01   0.293347E+00
 0.147298E+01   0.141929E+01   0.131238E+02   0.156361E+01   0.293846E+00
 0.147579E+01   0.142454E+01   0.131299E+02   0.156996E+01   0.294344E+00
 0.147859E+01   0.142977E+01   0.131317E+02   0.157630E+01   0.294842E+00
 0.148140E+01   0.143501E+01   0.131457E+02   0.158265E+01   0.295340E+00
 0.148421E+01   0.144023E+01   0.131516E+02   0.158898E+01   0.295838E+00
 0.148702E+01   0.144544E+01   0.131596E+02   0.159531E+01   0.296335E+00
 0.148982E+01   0.145063E+01   0.131671E+02   0.160162E+01   0.296832E+00
 0.149263E+01   0.145581E+01   0.131695E+02   0.160792E+01   0.297328E+00
 0.149544E+01   0.146097E+01   0.131703E+02   0.161420E+01   0.297824E+00
 0.149825E+01   0.146614E+01   0.131795E+02   0.162049E+01   0.298320E+00
 0.150105E+01   0.147128E+01   0.131857E+02   0.162676E+01   0.298815E+00
 0.150386E+01   0.147642E+01   0.131910E+02   0.163303E+01   0.299310E+00
 0.150667E+01   0.148155E+01   0.131981E+02   0.163928E+01   0.299805E+00
 0.150947E+01   0.148667E+01   0.132076E+02   0.164554E+01   0.300299E+00
 0.151228E+01   0.149176E+01   0.132123E+02   0.165177E+01   0.300793E+00
 0.151509E+01   0.149686E+01   0.132225E+02   0.165800E+01   0.301286E+00
 0.151790E+01   0.150192E+01   0.132196E+02   0.166420E+01   0.301779E+00
 0.152070E+01   0.150699E+01   0.132307E+02   0.167042E+01   0.302272E+00
 0.152351E+01   0.151204E+01   0.132356E+02   0.167661E+01   0.302765E+00
 0.152632E+01   0.151709E+01   0.132419E+02   0.168279E+01   0.303257E+00
 0.152913E+01   0.152211E+01   0.132473E+02   0.168896E+01   0.303749E+00
 0.153193E+01   0.152712E+01   0.132508E+02   0.169512E+01   0.304240E+00
 0.153474E+01   0.153213E+01   0.132585E+02   0.170127E+01   0.304731E+00
 0.153755E+01   0.153711E+01   0.132639E+02   0.170741E+01   0.305222E+00
 0.154035E+01   0.154208E+01   0.132675E+02   0.171353E+01   0.305712E+00
 0.154316E+01   0.154705E+01   0.132765E+02   0.171965E+01   0.306202E+00
 0.154597E+01   0.155201E+01   0.132846E+02   0.172576E+01   0.306691E+00
 0.154878E+01   0.155693E+01   0.132836E+02   0.173184E+01   0.307181E+00
 0.155158E+01   0.156186E+01   0.132918E+02   0.173793E+01   0.307669E+00
 0.155439E+01   0.156677E+01   0.132983E+02   0.174400E+01   0.308158E+00
 0.155720E+01   0.157166E+01   0.132986E+02   0.175004E+01   0.308646E+00
 0.156001E+01   0.157656E+01   0.133122E+02   0.175610E+01   0.309134E+00
 0.156281E+01   0.158141E+01   0.133096E+02   0.176212E+01   0.309621E+00
 0.156562E+01   0.158627E+01   0.133179E+02   0.176814E+01   0.310108E+00
 0.156843E+01   0.159112E+01   0.133257E+02   0.177415E+01   0.310595E+00
 0.157124E+01   0.159595E+01   0.133302E+02   0.178015E+01   0.311081E+00
 0.157404E+01   0.160076E+01   0.133321E+02   0.178612E+01   0.311567E+00
 0.157685E+01   0.160557E+01   0.133434E+02   0.179210E+01   0.312053E+00
 0.157966E+01   0.161035E+01   0.133445E+02   0.179805E+01   0.312538E+00
 0.158246E+01   0.161512E+01   0.133471E+02   0.180398E+01   0.313023E+00
 0.158527E+01   0.161989E+01   0.133590E+02   0.180993E+01   0.313508E+00
 0.158808E+01   0.162462E+01   0.133549E+02   0.181582E+01   0.313992E+00
 0.159089E+01   0.162935E+01   0.133624E+02   0.182173E+01   0.314476E+00
 0.159369E+01   0.163408E+01   0.133713E+02   0.182763E+01   0.314959E+00
 0.159650E+01   0.163878E+01   0.133758E+02   0.183351E+01   0.315442E+00
 0.159931E+01   0.164347E+01   0.133786E+02   0.183936E+01   0.315925E+00
 0.160212E+01   0.164814E+01   0.133828E+02   0.184521E+01   0.316407E+00
 0.160492E+01   0.165280E+01   0.133873E+02   0.185104E+01   0.316890E+00
 0.160773E+01   0.165744E+01   0.133895E+02   0.185686E+01   0.317371E+00
 0.161054E+01   0.166208E+01   0.133983E+02   0.186268E+01   0.317853E+00
 0.161334E+01   0.166670E+01   0.134025E+02   0.186847E+01   0.318334E+00
 0.161615E+01   0.167130E+01   0.134048E+02   0.187424E+01   0.318814E+00
 0.161896E+01   0.167588E+01   0.134078E+02   0.188000E+01   0.319294E+00
 0.162177E+01   0.168045E+01   0.134119E+02   0.188575E+01   0.319774E+00
 0.162457E+01   0.168502E+01   0.134206E+02   0.189150E+01   0.320254E+00
 0.162738E+01   0.168956E+01   0.134228E+02   0.189721E+01   0.320733E+00
 0.163019E+01   0.169409E+01   0.134237E+02   0.190291E+01   0.321212E+00
 0.163300E+01   0.169860E+01   0.134278E+02   0.190861E+01   0.321690E+00
 0.163580E+01   0.170311E+01   0.134367E+02   0.191430E+01   0.322168E+00
 0.163861E+01   0.170760E+01   0.134426E+02   0.191997E+01   0.322646E+00
 0.164142E+01   0.171208E+01   0.134497E+02   0.192562E+01   0.323124E+00
 0.164423E+01   0.171653E+01   0.134521E+02   0.193125E+01   0.323601E+00
 0.164703E+01   0.172098E+01   0.134577E+02   0.193688E+01   0.324077E+00
 0.164984E+01   0.172539E+01   0.134532E+02   0.194246E+01   0.324554E+00
 0.165265E+01   0.172981E+01   0.134621E+02   0.194806E+01   0.325030E+00
 0.165545E+01   0.173421E+01   0.134690E+02   0.195365E+01   0.325505E+00
 0.165826E+01   0.173858E+01   0.134666E+02   0.195919E+01   0.325981E+00
 0.166107E+01   0.174295E+01   0.134699E+02   0.196473E+01   0.326456E+00
 0.166388E+01   0.174731E+01   0.134769E+02   0.197027E+01   0.326930E+00
 0.166668E+01   0.175165E+01   0.134794E+02   0.197578E+01   0.327404E+00
 0.166949E+01   0.175597E+01   0.134830E+02   0.198128E+01   0.327878E+00
 0.167230E+01   0.176028E+01   0.134893E+02   0.198678E+01   0.328352E+00
 0.167511E+01   0.176457E+01   0.134908E+02   0.199224E+01   0.328825E+00
 0.167791E+01   0.176886E+01   0.134985E+02   0.199771E+01   0.329298E+00
 0.168072E+01   0.177312E+01   0.134974E+02   0.200313E+01   0.329770E+00
 0.168353E+01   0.177736E+01   0.134990E+02   0.200855E+01   0.330242E+00
 0.168633E+01   0.178160E+01   0.135069E+02   0.201397E+01   0.330714E+00
 0.168914E+01   0.178583E+01   0.135138E+02   0.201937E+01   0.331186E+00
 0.169195E+01   0.179004E+01   0.135176E+02   0.202475E+01   0.331657E+00
 0.169476E+01   0.179422E+01   0.135170E+02   0.203010E+01   0.332127E+00
 0.169756E+01   0.179839E+01   0.135214E+02   0.203545E+01   0.332598E+00
 0.170037E+01   0.180256E+01   0.135280E+02   0.204079E+01   0.333068E+00
 0.170318E+01   0.180671E+01   0.135312E+02   0.204611E+01   0.333537E+00
 0.170599E+01   0.181083E+01   0.135334E+02   0.205141E+01   0.334007E+00
 0.170879E+01   0.181495E+01   0.135373E+02   0.205669E+01   0.334476E+00
 0.171160E+01   0.181904E+01   0.135331E+02   0.206194E+01   0.334944E+00
 0.171441E+01   0.182312E+01   0.135356E+02   0.206719E+01   0.335413E+00
 0.171721E+01   0.182720E+01   0.135438E+02   0.207245E+01   0.335880E+00
 0.172002E+01   0.183126E+01   0.135498E+02   0.207768E+01   0.336348E+00
 0.172283E+01   0.183529E+01   0.135480E+02   0.208287E+01   0.336815E+00
 0.172564E+01   0.183933E+01   0.135567E+02   0.208807E+01   0.337282E+00
 0.172844E+01   0.184332E+01   0.135508E+02   0.209322E+01   0.337749E+00
 0.173125E+01   0.184733E+01   0.135571E+02   0.209839E+01   0.338215E+00
 0.173406E+01   0.185131E+01   0.135601E+02   0.210354E+01   0.338681E+00
 0.173687E+01   0.185528E+01   0.135640E+02   0.210867E+01   0.339146E+00
 0.173967E+01   0.185923E+01   0.135676E+02   0.211378E+01   0.339611E+00
 0.174248E+01   0.186317E+01   0.135715E+02   0.211888E+01   0.340076E+00
 0.174529E+01   0.186709E+01   0.135702E+02   0.212395E+01   0.340541E+00
 0.174810E+01   0.187100E+01   0.135755E+02   0.212902E+01   0.341005E+00
 0.175090E+01   0.187489E+01   0.135777E+02   0.213407E+01   0.341469E+00
 0.175371E+01   0.187876E+01   0.135770E+02   0.213909E+01   0.341932E+00
 0.175652E+01   0.188263E+01   0.135835E+02   0.214412E+01   0.342395E+00
 0.175932E+01   0.188648E+01   0.135870E+02   0.214912E+01   0.342858E+00
 0.176213E+01   0.189032E+01   0.135904E+02   0.215411E+01   0.343320E+00
 0.176494E+01   0.189415E+01   0.135964E+02   0.215909E+01   0.343782E+00
 0.176775E+01   0.189795E+01   0.135975E+02   0.216403E+01   0.344244E+00
 0.177055E+01   0.190174E+01   0.136008E+02   0.216897E+01   0.344705E+00
 0.177336E+01   0.190551E+01   0.135980E+02   0.217388E+01   0.345167E+00
 0.177617E+01   0.190927E+01   0.136005E+02   0.217879E+01   0.345627E+00
 0.177898E+01   0.191301E+01   0.136029E+02   0.218368E+01   0.346088E+00
 0.178178E+01   0.191674E+01   0.136033E+02   0.218854E+01   0.346548E+00
 0.178459E+01   0.192046E+01   0.136064E+02   0.219340E+01   0.347007E+00
 0.178740E+01   0.192417E+01   0.136135E+02   0.219826E+01   0.347467E+00
 0.179020E+01   0.192787E+01   0.136192E+02   0.220309E+01   0.347926E+00
 0.179301E+01   0.193154E+01   0.136176E+02   0.220789E+01   0.348384E+00
 0.179582E+01   0.193520E+01   0.136225E+02   0.221270E+01   0.348843E+00
 0.179863E+01   0.193884E+01   0.136216E+02   0.221747E+01   0.349301E+00
 0.180143E+01   0.194248E+01   0.136250E+02   0.222223E+01   0.349758E+00
 0.180424E+01   0.194610E+01   0.136288E+02   0.222698E+01   0.350216E+00
 0.180705E+01   0.194970E+01   0.136292E+02   0.223171E+01   0.350673E+00
 0.180986E+01   0.195328E+01   0.136307E+02   0.223642E+01   0.351129E+00
 0.181266E+01   0.195686E+01   0.136350E+02   0.224113E+01   0.351586E+00
 0.181547E+01   0.196042E+01   0.136372E+02   0.224581E+01   0.352042E+00
 0.181828E+01   0.196395E+01   0.136324E+02   0.225046E+01   0.352497E+00
 0.182108E+01   0.196750E+01   0.136425E+02   0.225514E+01   0.352953E+00
 0.182389E+01   0.197101E+01   0.136408E+02   0.225976E+01   0.353408E+00
 0.182670E+01   0.197451E+01   0.136406E+02   0.226438E+01   0.353862E+00
 0.182951E+01   0.197801E+01   0.136467E+02   0.226900E+01   0.354317E+00
 0.183231E+01   0.198149E+01   0.136506E+02   0.227359E+01   0.354771E+00
 0.183512E+01   0.198494E+01   0.136457E+02   0.227814E+01   0.355224E+00
 0.183793E+01   0.198838E+01   0.136474E+02   0.228270E+01   0.355678E+00
 0.184074E+01   0.199183E+01   0.136525E+02   0.228725E+01   0.356131E+00
 0.184354E+01   0.199524E+01   0.136528E+02   0.229177E+01   0.356583E+00
 0.184635E+01   0.199866E+01   0.136596E+02   0.229630E+01   0.357035E+00
 0.184916E+01   0.200205E+01   0.136589E+02   0.230079E+01   0.357487E+00
 0.185197E+01   0.200542E+01   0.136593E+02   0.230526E+01   0.357939E+00
 0.185477E+01   0.200880E+01   0.136674E+02   0.230975E+01   0.358391E+00
 0.185758E+01   0.201214E+01   0.136620E+02   0.231418E+01   0.358842E+00
 0.186039E+01   0.201548E+01   0.136644E+02   0.231861E+01   0.359292E+00
 0.186319E+01   0.201880E+01   0.136678E+02   0.232303E+01   0.359743E+00
 0.186600E+01   0.202212E+01   0.136732E+02   0.232745E+01   0.360193E+00
 0.186881E+01   0.202542E+01   0.136735E+02   0.233183E+01   0.360642E+00
 0.187162E+01   0.202869E+01   0.136704E+02   0.233619E+01   0.361092E+00
 0.187442E+01   0.203197E+01   0.136768E+02   0.234056E+01   0.361541E+00
 0.187723E+01   0.203522E+01   0.136733E+02   0.234488E+01   0.361989E+00
 0.188004E+01   0.203847E+01   0.136788E+02   0.234922E+01   0.362438E+00
 0.188285E+01   0.204170E+01   0.136828E+02   0.235354E+01   0.362886E+00
 0.188565E+01   0.204492E+01   0.136853E+02   0.235783E+01   0.363334E+00
 0.188846E+01   0.204810E+01   0.136777E+02   0.236209E+01   0.363781E+00
 0.189127E+01   0.205130E+01   0.136806E+02   0.236635E+01   0.364228E+00
 0.189407E+01   0.205448E+01   0.136843E+02   0.237061E+01   0.364675E+00
 0.189688E+01   0.205764E+01   0.136869E+02   0.237485E+01   0.365121E+00
 0.189969E+01   0.206080E+01   0.136883E+02   0.237907E+01   0.365568E+00
 0.190250E+01   0.206393E+01   0.136905E+02   0.238327E+01   0.366013E+00
 0.190530E+01   0.206706E+01   0.136930E+02   0.238746E+01   0.366459E+00
 0.190811E+01   0.207017E+01   0.136928E+02   0.239163E+01   0.366904E+00
 0.191092E+01   0.207326E+01   0.136904E+02   0.239578E+01   0.367349E+00
 0.191373E+01   0.207635E+01   0.136961E+02   0.239993E+01   0.367793E+00
 0.191653E+01   0.207943E+01   0.136993E+02   0.240407E+01   0.368238E+00
 0.191934E+01   0.208249E+01   0.136994E+02   0.240818E+01   0.368681E+00
 0.192215E+01   0.208552E+01   0.136959E+02   0.241226E+01   0.369125E+00
 0.192495E+01   0.208857E+01   0.137021E+02   0.241636E+01   0.369568E+00
 0.192776E+01   0.209159E+01   0.137029E+02   0.242043E+01   0.370011E+00
 0.193057E+01   0.209460E+01   0.137070E+02   0.242449E+01   0.370454E+00
 0.193338E+01   0.209759E+01   0.137023E+02   0.242851E+01   0.370896E+00
 0.193618E+01   0.210058E+01   0.137098E+02   0.243255E+01   0.371338E+00
 0.193899E+01   0.210353E+01   0.137015E+02   0.243653E+01   0.371780E+00
 0.194180E+01   0.210651E+01   0.137124E+02   0.244056E+01   0.372221E+00
 0.194461E+01   0.210945E+01   0.137105E+02   0.244453E+01   0.372662E+00
 0.194741E+01   0.211238E+01   0.137078E+02   0.244848E+01   0.373103E+00
 0.195022E+01   0.211531E+01   0.137128E+02   0.245244E+01   0.373543E+00
 0.195303E+01   0.211821E+01   0.137099E+02   0.245637E+01   0.373983E+00
 0.195584E+01   0.212112E+01   0.137171E+02   0.246031E+01   0.374423E+00
 0.195864E+01   0.212400E+01   0.137185E+02   0.246422E+01   0.374863E+00
 0.196145E+01   0.212687E+01   0.137190E+02   0.246811E+01   0.375302E+00
 0.196426E+01   0.212971E+01   0.137123E+02   0.247196E+01   0.375741E+00
 0.196706E+01   0.213256E+01   0.137123E+02   0.247582E+01   0.376179E+00
 0.196987E+01   0.213540E+01   0.137147E+02   0.247968E+01   0.376617E+00
 0.197268E+01   0.213822E+01   0.137141E+02   0.248350E+01   0.377055E+00
 0.197549E+01   0.214103E+01   0.137171E+02   0.248733E+01   0.377493E+00
 0.197829E+01   0.214384E+01   0.137205E+02   0.249115E+01   0.377930E+00
 0.198110E+01   0.214663E+01   0.137218E+02   0.249494E+01   0.378367E+00
 0.198391E+01   0.214940E+01   0.137218E+02   0.249871E+01   0.378804E+00
 0.198672E+01   0.215216E+01   0.137225E+02   0.250248E+01   0.379240E+00
 0.198952E+01   0.215492E+01   0.137267E+02   0.250624E+01   0.379676E+00
 0.199233E+01   0.215766E+01   0.137251E+02   0.250997E+01   0.380112E+00
 0.199514E+01   0.216039E+01   0.137271E+02   0.251369E+01   0.380547E+00
 0.199794E+01   0.216310E+01   0.137269E+02   0.251740E+01   0.380983E+00
 0.200075E+01   0.216581E+01   0.137297E+02   0.252110E+01   0.381417E+00
 0.200356E+01   0.216851E+01   0.137330E+02   0.252478E+01   0.381852E+00
 0.200637E+01   0.217118E+01   0.137274E+02   0.252843E+01   0.382286E+00
 0.200917E+01   0.217384E+01   0.137264E+02   0.253207E+01   0.382720E+00
 0.201198E+01   0.217651E+01   0.137331E+02   0.253573E+01   0.383154E+00
 0.201479E+01   0.217916E+01   0.137324E+02   0.253935E+01   0.383587E+00
 0.201760E+01   0.218179E+01   0.137310E+02   0.254296E+01   0.384020E+00
 0.202040E+01   0.218442E+01   0.137333E+02   0.254656E+01   0.384453E+00
 0.202321E+01   0.218704E+01   0.137370E+02   0.255015E+01   0.384885E+00
 0.202602E+01   0.218963E+01   0.137312E+02   0.255370E+01   0.385317E+00
 0.202882E+01   0.219223E+01   0.137375E+02   0.255727E+01   0.385749E+00
 0.203163E+01   0.219481E+01   0.137382E+02   0.256082E+01   0.386180E+00
 0.203444E+01   0.219738E+01   0.137380E+02   0.256434E+01   0.386612E+00
 0.203725E+01   0.219993E+01   0.137387E+02   0.256786E+01   0.387043E+00
 0.204005E+01   0.220246E+01   0.137313E+02   0.257133E+01   0.387473E+00
 0.204286E+01   0.220500E+01   0.137320E+02   0.257482E+01   0.387903E+00
 0.204567E+01   0.220754E+01   0.137414E+02   0.257833E+01   0.388333E+00
 0.204848E+01   0.221003E+01   0.137328E+02   0.258176E+01   0.388763E+00
 0.205128E+01   0.221254E+01   0.137345E+02   0.258521E+01   0.389193E+00
 0.205409E+01   0.221503E+01   0.137338E+02   0.258864E+01   0.389622E+00
 0.205690E+01   0.221753E+01   0.137432E+02   0.259209E+01   0.390050E+00
 0.205971E+01   0.222000E+01   0.137412E+02   0.259550E+01   0.390479E+00
 0.206251E+01   0.222245E+01   0.137394E+02   0.259889E+01   0.390907E+00
 0.206532E+01   0.222490E+01   0.137403E+02   0.260227E+01   0.391335E+00
 0.206813E+01   0.222734E+01   0.137401E+02   0.260564E+01   0.391763E+00
 0.207093E+01   0.222977E+01   0.137448E+02   0.260901E+01   0.392190E+00
 0.207374E+01   0.223217E+01   0.137385E+02   0.261233E+01   0.392617E+00
 0.207655E+01   0.223459E+01   0.137445E+02   0.261568E+01   0.393044E+00
 0.207936E+01   0.223699E+01   0.137446E+02   0.261900E+01   0.393470E+00
 0.208216E+01   0.223937E+01   0.137435E+02   0.262230E+01   0.393896E+00
 0.208497E+01   0.224175E+01   0.137459E+02   0.262560E+01   0.394322E+00
 0.208778E+01   0.224412E+01   0.137466E+02   0.262888E+01   0.394748E+00
 0.209059E+01   0.224647E+01   0.137460E+02   0.263214E+01   0.395173E+00
 0.209339E+01   0.224881E+01   0.137449E+02   0.263539E+01   0.395598E+00
 0.209620E+01   0.225115E+01   0.137462E+02   0.263864E+01   0.396023E+00
 0.209901E+01   0.225346E+01   0.137403E+02   0.264185E+01   0.396447E+00
 0.210181E+01   0.225579E+01   0.137492E+02   0.264509E+01   0.396871E+00
 0.210462E+01   0.225809E+01   0.137459E+02   0.264828E+01   0.397295E+00
 0.210743E+01   0.226039E+01   0.137494E+02   0.265149E+01   0.397719E+00
 0.211024E+01   0.226267E+01   0.137496E+02   0.265467E+01   0.398142E+00
 0.211304E+01   0.226495E+01   0.137492E+02   0.265783E+01   0.398565E+00
 0.211585E+01   0.226721E+01   0.137468E+02   0.266098E+01   0.398987E+00
 0.211866E+01   0.226947E+01   0.137499E+02   0.266413E+01   0.399410E+00
 0.212147E+01   0.227171E+01   0.137501E+02   0.266726E+01   0.399832E+00
 0.212427E+01   0.227394E+01   0.137487E+02   0.267037E+01   0.400254E+00
 0.212708E+01   0.227616E+01   0.137475E+02   0.267347E+01   0.400675E+00
 0.212989E+01   0.227837E+01   0.137442E+02   0.267656E+01   0.401096E+00
 0.213269E+01   0.228058E+01   0.137442E+02   0.267964E+01   0.401517E+00
 0.213550E+01   0.228278E+01   0.137483E+02   0.268272E+01   0.401938E+00
 0.213831E+01   0.228496E+01   0.137460E+02   0.268577E+01   0.402358E+00
 0.214112E+01   0.228714E+01   0.137455E+02   0.268881E+01   0.402779E+00
 0.214392E+01   0.228932E+01   0.137511E+02   0.269186E+01   0.403198E+00
 0.214673E+01   0.229146E+01   0.137444E+02   0.269486E+01   0.403618E+00
 0.214954E+01   0.229361E+01   0.137480E+02   0.269789E+01   0.404037E+00
 0.215235E+01   0.229576E+01   0.137493E+02   0.270089E+01   0.404456E+00
 0.215515E+01   0.229789E+01   0.137517E+02   0.270388E+01   0.404875E+00
 0.215796E+01   0.230001E+01   0.137499E+02   0.270685E+01   0.405293E+00
 0.216077E+01   0.230212E+01   0.137512E+02   0.270982E+01   0.405711E+00
 0.216358E+01   0.230421E+01   0.137460E+02   0.271275E+01   0.406129E+00
 0.216638E+01   0.230631E+01   0.137493E+02   0.271570E+01   0.406547E+00
 0.216919E+01   0.230838E+01   0.137422E+02   0.271861E+01   0.406964E+00
 0.217200E+01   0.231046E+01   0.137469E+02   0.272154E+01   0.407381E+00
 0.217480E+01   0.231254E+01   0.137504E+02   0.272446E+01   0.407798E+00
 0.217761E+01   0.231458E+01   0.137469E+02   0.272734E+01   0.408214E+00
 0.218042E+01   0.231662E+01   0.137440E+02   0.273021E+01   0.408630E+00
 0.218323E+01   0.231867E+01   0.137467E+02   0.273309E+01   0.409046E+00
 0.218603E+01   0.232070E+01   0.137464E+02   0.273595E+01   0.409462E+00
 0.218884E+01   0.232273E+01   0.137503E+02   0.273881E+01   0.409877E+00
 0.219165E+01   0.232472E+01   0.137430E+02   0.274162E+01   0.410292E+00
 0.219446E+01   0.232672E+01   0.137418E+02   0.274445E+01   0.410707E+00
 0.219726E+01   0.232873E+01   0.137459E+02   0.274728E+01   0.411122E+00
 0.220007E+01   0.233072E+01   0.137489E+02   0.275009E+01   0.411536E+00
 0.220288E+01   0.233267E+01   0.137405E+02   0.275285E+01   0.411950E+00
 0.220568E+01   0.233465E+01   0.137419E+02   0.275564E+01   0.412364E+00
 0.220849E+01   0.233660E+01   0.137413E+02   0.275841E+01   0.412777E+00
 0.221130E+01   0.233855E+01   0.137400E+02   0.276116E+01   0.413190E+00
 0.221411E+01   0.234051E+01   0.137446E+02   0.276393E+01   0.413603E+00
 0.221691E+01   0.234243E+01   0.137420E+02   0.276666E+01   0.414016E+00
 0.221972E+01   0.234437E+01   0.137475E+02   0.276940E+01   0.414428E+00
 0.222253E+01   0.234627E+01   0.137411E+02   0.277210E+01   0.414840E+00
 0.222534E+01   0.234819E+01   0.137424E+02   0.277481E+01   0.415252E+00
 0.222814E+01   0.235009E+01   0.137449E+02   0.277751E+01   0.415663E+00
 0.223095E+01   0.235197E+01   0.137384E+02   0.278018E+01   0.416075E+00
 0.223376E+01   0.235386E+01   0.137423E+02   0.278286E+01   0.416486E+00
 0.223656E+01   0.235574E+01   0.137427E+02   0.278553E+01   0.416896E+00
 0.223937E+01   0.235760E+01   0.137419E+02   0.278818E+01   0.417307E+00
 0.224218E+01   0.235946E+01   0.137426E+02   0.279082E+01   0.417717E+00
 0.224499E+01   0.236132E+01   0.137442E+02   0.279346E+01   0.418127E+00
 0.224779E+01   0.236315E+01   0.137409E+02   0.279607E+01   0.418537E+00
 0.225060E+01   0.236499E+01   0.137409E+02   0.279868E+01   0.418946E+00
 0.225341E+01   0.236682E+01   0.137428E+02   0.280129E+01   0.419355E+00
 0.225622E+01   0.236864E+01   0.137454E+02   0.280389E+01   0.419764E+00
 0.225902E+01   0.237045E+01   0.137426E+02   0.280646E+01   0.420173E+00
 0.226183E+01   0.237225E+01   0.137404E+02   0.280902E+01   0.420581E+00
 0.226464E+01   0.237404E+01   0.137417E+02   0.281159E+01   0.420989E+00
 0.226745E+01   0.237583E+01   0.137418E+02   0.281414E+01   0.421397E+00
 0.227025E+01   0.237761E+01   0.137396E+02   0.281667E+01   0.421804E+00
 0.227306E+01   0.237938E+01   0.137411E+02   0.281920E+01   0.422211E+00
 0.227587E+01   0.238114E+01   0.137407E+02   0.282172E+01   0.422619E+00
 0.227867E+01   0.238290E+01   0.137400E+02   0.282423E+01   0.423025E+00
 0.228148E+01   0.238464E+01   0.137369E+02   0.282672E+01   0.423432E+00
 0.228429E+01   0.238639E+01   0.137394E+02   0.282921E+01   0.423838E+00
 0.228710E+01   0.238810E+01   0.137332E+02   0.283167E+01   0.424244E+00
 0.228990E+01   0.238982E+01   0.137307E+02   0.283413E+01   0.424650E+00
 0.229271E+01   0.239156E+01   0.137380E+02   0.283662E+01   0.425055E+00
 0.229552E+01   0.239327E+01   0.137386E+02   0.283907E+01   0.425460E+00
 0.229833E+01   0.239495E+01   0.137302E+02   0.284148E+01   0.425865E+00
 0.230113E+01   0.239667E+01   0.137375E+02   0.284394E+01   0.426270E+00
 0.230394E+01   0.239835E+01   0.137363E+02   0.284635E+01   0.426674E+00
 0.230675E+01   0.240004E+01   0.137379E+02   0.284877E+01   0.427078E+00
 0.230955E+01   0.240169E+01   0.137295E+02   0.285114E+01   0.427482E+00
 0.231236E+01   0.240337E+01   0.137359E+02   0.285356E+01   0.427886E+00
 0.231517E+01   0.240503E+01   0.137355E+02   0.285594E+01   0.428289E+00
 0.231798E+01   0.240668E+01   0.137355E+02   0.285831E+01   0.428692E+00
 0.232078E+01   0.240832E+01   0.137345E+02   0.286067E+01   0.429095E+00
 0.232359E+01   0.240994E+01   0.137262E+02   0.286300E+01   0.429498E+00
 0.232640E+01   0.241158E+01   0.137284E+02   0.286535E+01   0.429900E+00
 0.232921E+01   0.241320E+01   0.137300E+02   0.286769E+01   0.430302E+00
 0.233201E+01   0.241482E+01   0.137311E+02   0.287002E+01   0.430704E+00
 0.233482E+01   0.241643E+01   0.137307E+02   0.287233E+01   0.431106E+00
 0.233763E+01   0.241801E+01   0.137224E+02   0.287461E+01   0.431507E+00
 0.234043E+01   0.241961E+01   0.137229E+02   0.287691E+01   0.431908E+00
 0.234324E+01   0.242119E+01   0.137218E+02   0.287920E+01   0.432309E+00
 0.234605E+01   0.242279E+01   0.137296E+02   0.288150E+01   0.432709E+00
 0.234886E+01   0.242435E+01   0.137231E+02   0.288375E+01   0.433110E+00
 0.235166E+01   0.242591E+01   0.137198E+02   0.288600E+01   0.433510E+00
 0.235447E+01   0.242747E+01   0.137201E+02   0.288826E+01   0.433910E+00
 0.235728E+01   0.242902E+01   0.137199E+02   0.289050E+01   0.434309E+00
 0.236009E+01   0.243057E+01   0.137193E+02   0.289273E+01   0.434709E+00
 0.236289E+01   0.243212E+01   0.137218E+02   0.289497E+01   0.435108E+00
 0.236570E+01   0.243366E+01   0.137247E+02   0.289719E+01   0.435506E+00
 0.236851E+01   0.243517E+01   0.137207E+02   0.289939E+01   0.435905E+00
 0.237132E+01   0.243670E+01   0.137223E+02   0.290159E+01   0.436303E+00
 0.237412E+01   0.243820E+01   0.137186E+02   0.290377E+01   0.436701E+00
 0.237693E+01   0.243972E+01   0.137230E+02   0.290597E+01   0.437099E+00
 0.237974E+01   0.244121E+01   0.137189E+02   0.290813E+01   0.437497E+00
 0.238254E+01   0.244269E+01   0.137132E+02   0.291027E+01   0.437894E+00
 0.238535E+01   0.244419E+01   0.137178E+02   0.291244E+01   0.438291E+00
 0.238816E+01   0.244566E+01   0.137173E+02   0.291459E+01   0.438688E+00
 0.239097E+01   0.244714E+01   0.137179E+02   0.291673E+01   0.439085E+00
 0.239377E+01   0.244859E+01   0.137116E+02   0.291884E+01   0.439481E+00
 0.239658E+01   0.245006E+01   0.137135E+02   0.292097E+01   0.439877E+00
 0.239939E+01   0.245151E+01   0.137109E+02   0.292307E+01   0.440273E+00
 0.240220E+01   0.245296E+01   0.137135E+02   0.292518E+01   0.440669E+00
 0.240500E+01   0.245441E+01   0.137153E+02   0.292728E+01   0.441064E+00
 0.240781E+01   0.245584E+01   0.137139E+02   0.292937E+01   0.441459E+00
 0.241062E+01   0.245727E+01   0.137136E+02   0.293144E+01   0.441854E+00
 0.241342E+01   0.245868E+01   0.137084E+02   0.293350E+01   0.442249E+00
 0.241623E+01   0.246011E+01   0.137125E+02   0.293557E+01   0.442643E+00
 0.241904E+01   0.246152E+01   0.137133E+02   0.293763E+01   0.443037E+00
 0.242185E+01   0.246292E+01   0.137107E+02   0.293967E+01   0.443431E+00
 0.242465E+01   0.246431E+01   0.137085E+02   0.294170E+01   0.443825E+00
 0.242746E+01   0.246569E+01   0.137038E+02   0.294371E+01   0.444218E+00
 0.243027E+01   0.246709E+01   0.137083E+02   0.294575E+01   0.444611E+00
 0.243308E+01   0.246846E+01   0.137043E+02   0.294775E+01   0.445004E+00
 0.243588E+01   0.246982E+01   0.136992E+02   0.294973E+01   0.445397E+00
 0.243869E+01   0.247119E+01   0.137003E+02   0.295174E+01   0.445790E+00
 0.244150E+01   0.247256E+01   0.137028E+02   0.295374E+01   0.446182E+00
 0.244430E+01   0.247391E+01   0.137009E+02   0.295571E+01   0.446574E+00
 0.244711E+01   0.247527E+01   0.137031E+02   0.295769E+01   0.446966E+00
 0.244992E+01   0.247660E+01   0.136962E+02   0.295963E+01   0.447357E+00
 0.245273E+01   0.247795E+01   0.136993E+02   0.296160E+01   0.447748E+00
 0.245553E+01   0.247927E+01   0.136945E+02   0.296353E+01   0.448139E+00
 0.245834E+01   0.248061E+01   0.137007E+02   0.296550E+01   0.448530E+00
 0.246115E+01   0.248191E+01   0.136940E+02   0.296741E+01   0.448921E+00
 0.246396E+01   0.248324E+01   0.136969E+02   0.296934E+01   0.449311E+00
 0.246676E+01   0.248455E+01   0.137000E+02   0.297127E+01   0.449701E+00
 0.246957E+01   0.248583E+01   0.136894E+02   0.297315E+01   0.450091E+00
 0.247238E+01   0.248714E+01   0.136935E+02   0.297506E+01   0.450481E+00
 0.247519E+01   0.248843E+01   0.136897E+02   0.297695E+01   0.450870E+00
 0.247799E+01   0.248971E+01   0.136885E+02   0.297883E+01   0.451259E+00
 0.248080E+01   0.249100E+01   0.136923E+02   0.298072E+01   0.451648E+00
 0.248361E+01   0.249227E+01   0.136903E+02   0.298259E+01   0.452037E+00
 0.248641E+01   0.249354E+01   0.136902E+02   0.298445E+01   0.452425E+00
 0.248922E+01   0.249480E+01   0.136863E+02   0.298630E+01   0.452814E+00
 0.249203E+01   0.249607E+01   0.136910E+02   0.298816E+01   0.453202E+00
 0.249484E+01   0.249732E+01   0.136912E+02   0.299001E+01   0.453589E+00
 0.249764E+01   0.249855E+01   0.136824E+02   0.299181E+01   0.453977E+00
 0.250045E+01   0.249981E+01   0.136876E+02   0.299366E+01   0.454364E+00
 0.250326E+01   0.250104E+01   0.136876E+02   0.299548E+01   0.454751E+00
 0.250607E+01   0.250225E+01   0.136786E+02   0.299726E+01   0.455138E+00
 0.250887E+01   0.250348E+01   0.136778E+02   0.299906E+01   0.455525E+00
 0.251168E+01   0.250471E+01   0.136814E+02   0.300088E+01   0.455911E+00
 0.251449E+01   0.250592E+01   0.136771E+02   0.300265E+01   0.456297E+00
 0.251729E+01   0.250713E+01   0.136764E+02   0.300443E+01   0.456683E+00
 0.252010E+01   0.250833E+01   0.136764E+02   0.300621E+01   0.457069E+00
 0.252291E+01   0.250954E+01   0.136775E+02   0.300798E+01   0.457454E+00
 0.252572E+01   0.251073E+01   0.136767E+02   0.300974E+01   0.457840E+00
 0.252852E+01   0.251192E+01   0.136766E+02   0.301150E+01   0.458225E+00
 0.253133E+01   0.251310E+01   0.136757E+02   0.301325E+01   0.458609E+00
 0.253414E+01   0.251427E+01   0.136707E+02   0.301497E+01   0.458994E+00
 0.253695E+01   0.251544E+01   0.136697E+02   0.301670E+01   0.459378E+00
 0.253975E+01   0.251661E+01   0.136676E+02   0.301842E+01   0.459762E+00
 0.254256E+01   0.251777E+01   0.136668E+02   0.302014E+01   0.460146E+00
 0.254537E+01   0.251893E+01   0.136661E+02   0.302185E+01   0.460530E+00
 0.254817E+01   0.252009E+01   0.136689E+02   0.302357E+01   0.460913E+00
 0.255098E+01   0.252123E+01   0.136642E+02   0.302525E+01   0.461296E+00
 0.255379E+01   0.252238E+01   0.136663E+02   0.302695E+01   0.461679E+00
 0.255660E+01   0.252353E+01   0.136700E+02   0.302865E+01   0.462062E+00
 0.255940E+01   0.252465E+01   0.136669E+02   0.303032E+01   0.462445E+00
 0.256221E+01   0.252577E+01   0.136632E+02   0.303198E+01   0.462827E+00
 0.256502E+01   0.252691E+01   0.136670E+02   0.303366E+01   0.463209E+00
 0.256783E+01   0.252801E+01   0.136582E+02   0.303528E+01   0.463591E+00
 0.257063E+01   0.252913E+01   0.136613E+02   0.303695E+01   0.463973E+00
 0.257344E+01   0.253023E+01   0.136565E+02   0.303858E+01   0.464354E+00
 0.257625E+01   0.253135E+01   0.136652E+02   0.304025E+01   0.464735E+00
 0.257906E+01   0.253244E+01   0.136599E+02   0.304186E+01   0.465116E+00
 0.258186E+01   0.253354E+01   0.136619E+02   0.304349E+01   0.465497E+00
 0.258467E+01   0.253462E+01   0.136581E+02   0.304510E+01   0.465878E+00
 0.258748E+01   0.253571E+01   0.136598E+02   0.304672E+01   0.466258E+00
 0.259028E+01   0.253678E+01   0.136537E+02   0.304831E+01   0.466638E+00
 0.259309E+01   0.253787E+01   0.136569E+02   0.304992E+01   0.467018E+00
 0.259590E+01   0.253892E+01   0.136483E+02   0.305148E+01   0.467398E+00
 0.259871E+01   0.253999E+01   0.136514E+02   0.305308E+01   0.467777E+00
 0.260151E+01   0.254106E+01   0.136542E+02   0.305467E+01   0.468156E+00
 0.260432E+01   0.254212E+01   0.136521E+02   0.305624E+01   0.468535E+00
 0.260713E+01   0.254317E+01   0.136508E+02   0.305780E+01   0.468914E+00
 0.260994E+01   0.254422E+01   0.136517E+02   0.305936E+01   0.469293E+00
 0.261274E+01   0.254526E+01   0.136496E+02   0.306091E+01   0.469671E+00
 0.261555E+01   0.254630E+01   0.136483E+02   0.306246E+01   0.470049E+00
 0.261836E+01   0.254733E+01   0.136474E+02   0.306400E+01   0.470427E+00
 0.262116E+01   0.254836E+01   0.136466E+02   0.306553E+01   0.470805E+00
 0.262397E+01   0.254938E+01   0.136431E+02   0.306705E+01   0.471182E+00
 0.262678E+01   0.255040E+01   0.136423E+02   0.306857E+01   0.471559E+00
 0.262959E+01   0.255141E+01   0.136401E+02   0.307008E+01   0.471937E+00
 0.263239E+01   0.255241E+01   0.136360E+02   0.307158E+01   0.472313E+00
 0.263520E+01   0.255343E+01   0.136390E+02   0.307309E+01   0.472690E+00
 0.263801E+01   0.255442E+01   0.136346E+02   0.307458E+01   0.473066E+00
 0.264082E+01   0.255544E+01   0.136409E+02   0.307609E+01   0.473443E+00
 0.264362E+01   0.255643E+01   0.136375E+02   0.307757E+01   0.473819E+00
 0.264643E+01   0.255742E+01   0.136380E+02   0.307905E+01   0.474194E+00
 0.264924E+01   0.255839E+01   0.136298E+02   0.308050E+01   0.474570E+00
 0.265204E+01   0.255937E+01   0.136288E+02   0.308196E+01   0.474945E+00
 0.265485E+01   0.256035E+01   0.136283E+02   0.308343E+01   0.475320E+00
 0.265766E+01   0.256132E+01   0.136296E+02   0.308489E+01   0.475695E+00
 0.266047E+01   0.256230E+01   0.136300E+02   0.308634E+01   0.476070E+00
 0.266327E+01   0.256325E+01   0.136252E+02   0.308777E+01   0.476445E+00
 0.266608E+01   0.256421E+01   0.136261E+02   0.308921E+01   0.476819E+00
 0.266889E+01   0.256518E+01   0.136308E+02   0.309066E+01   0.477193E+00
 0.267170E+01   0.256613E+01   0.136265E+02   0.309208E+01   0.477567E+00
 0.267450E+01   0.256706E+01   0.136217E+02   0.309348E+01   0.477941E+00
 0.267731E+01   0.256802E+01   0.136279E+02   0.309492E+01   0.478314E+00
 0.268012E+01   0.256895E+01   0.136200E+02   0.309631E+01   0.478687E+00
 0.268293E+01   0.256989E+01   0.136203E+02   0.309771E+01   0.479060E+00
 0.268573E+01   0.257081E+01   0.136176E+02   0.309910E+01   0.479433E+00
 0.268854E+01   0.257176E+01   0.136236E+02   0.310052E+01   0.479806E+00
 0.269135E+01   0.257266E+01   0.136155E+02   0.310188E+01   0.480178E+00
 0.269415E+01   0.257360E+01   0.136210E+02   0.310328E+01   0.480550E+00
 0.269696E+01   0.257449E+01   0.136130E+02   0.310463E+01   0.480922E+00
 0.269977E+01   0.257542E+01   0.136194E+02   0.310602E+01   0.481294E+00
 0.270258E+01   0.257633E+01   0.136184E+02   0.310738E+01   0.481666E+00
 0.270538E+01   0.257721E+01   0.136079E+02   0.310871E+01   0.482037E+00
 0.270819E+01   0.257813E+01   0.136158E+02   0.311009E+01   0.482408E+00
 0.271100E+01   0.257902E+01   0.136127E+02   0.311143E+01   0.482779E+00
 0.271381E+01   0.257991E+01   0.136117E+02   0.311277E+01   0.483150E+00
 0.271661E+01   0.258080E+01   0.136110E+02   0.311411E+01   0.483521E+00
 0.271942E+01   0.258168E+01   0.136097E+02   0.311544E+01   0.483891E+00
 0.272223E+01   0.258256E+01   0.136088E+02   0.311676E+01   0.484261E+00
 0.272503E+01   0.258344E+01   0.136073E+02   0.311808E+01   0.484631E+00
 0.272784E+01   0.258431E+01   0.136079E+02   0.311940E+01   0.485001E+00
 0.273065E+01   0.258518E+01   0.136066E+02   0.312070E+01   0.485370E+00
 0.273346E+01   0.258604E+01   0.136035E+02   0.312200E+01   0.485740E+00
 0.273626E+01   0.258689E+01   0.135973E+02   0.312328E+01   0.486109E+00
 0.273907E+01   0.258775E+01   0.135977E+02   0.312457E+01   0.486478E+00
 0.274188E+01   0.258860E+01   0.135965E+02   0.312586E+01   0.486847E+00
 0.274469E+01   0.258946E+01   0.135986E+02   0.312715E+01   0.487215E+00
 0.274749E+01   0.259030E+01   0.135969E+02   0.312843E+01   0.487584E+00
 0.275030E+01   0.259114E+01   0.135936E+02   0.312969E+01   0.487952E+00
 0.275311E+01   0.259199E+01   0.135963E+02   0.313097E+01   0.488320E+00
 0.275591E+01   0.259282E+01   0.135951E+02   0.313223E+01   0.488688E+00
 0.275872E+01   0.259365E+01   0.135920E+02   0.313348E+01   0.489055E+00
 0.276153E+01   0.259448E+01   0.135934E+02   0.313474E+01   0.489422E+00
 0.276434E+01   0.259531E+01   0.135938E+02   0.313599E+01   0.489790E+00
 0.276714E+01   0.259611E+01   0.135829E+02   0.313719E+01   0.490156E+00
 0.276995E+01   0.259692E+01   0.135818E+02   0.313843E+01   0.490523E+00
 0.277276E+01   0.259776E+01   0.135897E+02   0.313969E+01   0.490889E+00
 0.277557E+01   0.259857E+01   0.135887E+02   0.314091E+01   0.491255E+00
 0.277837E+01   0.259937E+01   0.135866E+02   0.314213E+01   0.491621E+00
 0.278118E+01   0.260018E+01   0.135855E+02   0.314335E+01   0.491987E+00
 0.278399E+01   0.260096E+01   0.135774E+02   0.314453E+01   0.492352E+00
 0.278680E+01   0.260177E+01   0.135808E+02   0.314576E+01   0.492718E+00
 0.278960E+01   0.260256E+01   0.135814E+02   0.314696E+01   0.493083E+00
 0.279241E+01   0.260334E+01   0.135748E+02   0.314814E+01   0.493448E+00
 0.279522E+01   0.260412E+01   0.135713E+02   0.314932E+01   0.493813E+00
 0.279802E+01   0.260491E+01   0.135760E+02   0.315053E+01   0.494177E+00
 0.280083E+01   0.260570E+01   0.135787E+02   0.315172E+01   0.494542E+00
 0.280364E+01   0.260648E+01   0.135777E+02   0.315289E+01   0.494907E+00
 0.280645E+01   0.260725E+01   0.135753E+02   0.315406E+01   0.495271E+00
 0.280925E+01   0.260801E+01   0.135704E+02   0.315521E+01   0.495636E+00
