 0.745400E-10   0.000000E+00   0.000000E+00   0.000000E+00   0.158100E-10
 0.286594E-02   0.542545E+00   0.180730E+03   0.547000E+00   0.602379E-03
 0.573188E-02   0.509772E+00   0.173774E+03   0.513866E+00   0.120302E-02
 0.859782E-02   0.477598E+00   0.166047E+03   0.481343E+00   0.180434E-02
 0.114638E-01   0.450708E+00   0.160116E+03   0.454175E+00   0.240530E-02
 0.143297E-01   0.432650E+00   0.157498E+03   0.435937E+00   0.300701E-02
 0.171956E-01   0.411449E+00   0.153047E+03   0.414523E+00   0.360788E-02
 0.200616E-01   0.397336E+00   0.151201E+03   0.400273E+00   0.420710E-02
 0.229275E-01   0.382581E+00   0.148780E+03   0.385374E+00   0.480653E-02
 0.257935E-01   0.369388E+00   0.146767E+03   0.372055E+00   0.540763E-02
 0.286594E-01   0.358140E+00   0.145297E+03   0.360701E+00   0.600896E-02
 0.315253E-01   0.343165E+00   0.142030E+03   0.345584E+00   0.660950E-02
 0.343913E-01   0.335365E+00   0.141609E+03   0.337715E+00   0.720906E-02
 0.372572E-01   0.332953E+00   0.143495E+03   0.335288E+00   0.780751E-02
 0.401232E-01   0.324145E+00   0.142610E+03   0.326401E+00   0.840519E-02
 0.429891E-01   0.302834E+00   0.135863E+03   0.304890E+00   0.900275E-02
 0.458550E-01   0.294464E+00   0.133958E+03   0.296445E+00   0.960068E-02
 0.487210E-01   0.293219E+00   0.134534E+03   0.295190E+00   0.101990E-01
 0.515869E-01   0.285027E+00   0.131707E+03   0.286924E+00   0.107978E-01
 0.544529E-01   0.281265E+00   0.130538E+03   0.283128E+00   0.113969E-01
 0.573188E-01   0.280921E+00   0.130681E+03   0.282781E+00   0.119963E-01
 0.601848E-01   0.279898E+00   0.130430E+03   0.281749E+00   0.125961E-01
 0.630507E-01   0.278906E+00   0.130127E+03   0.280748E+00   0.131961E-01
 0.659166E-01   0.278642E+00   0.130096E+03   0.280482E+00   0.137965E-01
 0.687826E-01   0.277205E+00   0.129531E+03   0.279032E+00   0.143970E-01
 0.716485E-01   0.277977E+00   0.129898E+03   0.279811E+00   0.149978E-01
 0.745144E-01   0.278912E+00   0.130322E+03   0.280754E+00   0.155988E-01
 0.773804E-01   0.276433E+00   0.129270E+03   0.278253E+00   0.162000E-01
 0.802463E-01   0.278720E+00   0.130263E+03   0.280561E+00   0.168012E-01
 0.831123E-01   0.276284E+00   0.129223E+03   0.278103E+00   0.174027E-01
 0.859782E-01   0.277395E+00   0.129708E+03   0.279223E+00   0.180042E-01
 0.888442E-01   0.278039E+00   0.129998E+03   0.279873E+00   0.186058E-01
 0.917101E-01   0.283013E+00   0.132168E+03   0.284893E+00   0.192074E-01
 0.945760E-01   0.285607E+00   0.133323E+03   0.287511E+00   0.198091E-01
 0.974420E-01   0.287376E+00   0.134128E+03   0.289296E+00   0.204107E-01
 0.100308E+00   0.288727E+00   0.134759E+03   0.290661E+00   0.210124E-01
 0.103174E+00   0.289441E+00   0.135111E+03   0.291382E+00   0.216140E-01
 0.106040E+00   0.289133E+00   0.135010E+03   0.291070E+00   0.222155E-01
 0.108906E+00   0.289794E+00   0.135322E+03   0.291737E+00   0.228169E-01
 0.111772E+00   0.291016E+00   0.135858E+03   0.292971E+00   0.234182E-01
 0.114638E+00   0.288853E+00   0.134882E+03   0.290788E+00   0.240193E-01
 0.117504E+00   0.291536E+00   0.135987E+03   0.293496E+00   0.246203E-01
 0.120370E+00   0.293221E+00   0.136612E+03   0.295197E+00   0.252211E-01
 0.123235E+00   0.295897E+00   0.137621E+03   0.297898E+00   0.258216E-01
 0.126101E+00   0.297511E+00   0.138116E+03   0.299528E+00   0.264219E-01
 0.128967E+00   0.303152E+00   0.140322E+03   0.305222E+00   0.270220E-01
 0.131833E+00   0.308824E+00   0.142501E+03   0.310949E+00   0.276219E-01
 0.134699E+00   0.310735E+00   0.142999E+03   0.312878E+00   0.282216E-01
 0.137565E+00   0.308841E+00   0.141826E+03   0.310965E+00   0.288212E-01
 0.140431E+00   0.310477E+00   0.142197E+03   0.312616E+00   0.294206E-01
 0.143297E+00   0.318458E+00   0.145338E+03   0.320675E+00   0.300200E-01
 0.146163E+00   0.317271E+00   0.144576E+03   0.319477E+00   0.306194E-01
 0.149029E+00   0.319152E+00   0.145241E+03   0.321376E+00   0.312187E-01
 0.151895E+00   0.319823E+00   0.145519E+03   0.322054E+00   0.318181E-01
 0.154761E+00   0.321634E+00   0.146430E+03   0.323884E+00   0.324174E-01
 0.157627E+00   0.318566E+00   0.145422E+03   0.320788E+00   0.330167E-01
 0.160493E+00   0.319023E+00   0.146059E+03   0.321252E+00   0.336160E-01
 0.163359E+00   0.315820E+00   0.145293E+03   0.318021E+00   0.342152E-01
 0.166225E+00   0.313984E+00   0.145235E+03   0.316169E+00   0.348144E-01
 0.169090E+00   0.311058E+00   0.144839E+03   0.313219E+00   0.354136E-01
 0.171956E+00   0.333267E+00   0.155239E+03   0.335648E+00   0.360126E-01
 0.174822E+00   0.352584E+00   0.164862E+03   0.355152E+00   0.366116E-01
 0.177688E+00   0.362432E+00   0.170644E+03   0.365100E+00   0.372106E-01
 0.180554E+00   0.378572E+00   0.179742E+03   0.381413E+00   0.378094E-01
 0.183420E+00   0.394486E+00   0.189274E+03   0.397498E+00   0.384082E-01
 0.186286E+00   0.397917E+00   0.193048E+03   0.400968E+00   0.390069E-01
 0.189152E+00   0.397758E+00   0.195311E+03   0.400812E+00   0.396055E-01
 0.192018E+00   0.395752E+00   0.196937E+03   0.398791E+00   0.402041E-01
 0.194884E+00   0.389012E+00   0.196423E+03   0.391990E+00   0.408026E-01
 0.197750E+00   0.384595E+00   0.197446E+03   0.387535E+00   0.414010E-01
 0.200616E+00   0.382003E+00   0.199770E+03   0.384923E+00   0.419993E-01
 0.203482E+00   0.376867E+00   0.201102E+03   0.379744E+00   0.425976E-01
 0.206348E+00   0.366799E+00   0.200124E+03   0.369586E+00   0.431958E-01
 0.209214E+00   0.358257E+00   0.200270E+03   0.360969E+00   0.437940E-01
 0.212080E+00   0.344637E+00   0.197978E+03   0.347227E+00   0.443920E-01
 0.214946E+00   0.335660E+00   0.198445E+03   0.338172E+00   0.449900E-01
 0.217811E+00   0.321843E+00   0.196530E+03   0.324234E+00   0.455879E-01
 0.220677E+00   0.320945E+00   0.202101E+03   0.323335E+00   0.461857E-01
 0.223543E+00   0.311928E+00   0.203503E+03   0.314243E+00   0.467835E-01
 0.226409E+00   0.301592E+00   0.204459E+03   0.303819E+00   0.473811E-01
 0.229275E+00   0.286347E+00   0.202687E+03   0.288443E+00   0.479787E-01
 0.232141E+00   0.272102E+00   0.201691E+03   0.274077E+00   0.485761E-01
 0.235007E+00   0.266550E+00   0.206669E+03   0.268482E+00   0.491735E-01
 0.237873E+00   0.250931E+00   0.205225E+03   0.252730E+00   0.497708E-01
 0.240739E+00   0.233430E+00   0.202384E+03   0.235081E+00   0.503681E-01
 0.243605E+00   0.218988E+00   0.201656E+03   0.220517E+00   0.509652E-01
 0.246471E+00   0.195564E+00   0.193147E+03   0.196895E+00   0.515622E-01
 0.249337E+00   0.177003E+00   0.187415E+03   0.178178E+00   0.521592E-01
 0.252203E+00   0.162422E+00   0.184218E+03   0.163478E+00   0.527560E-01
 0.255069E+00   0.149609E+00   0.181722E+03   0.150559E+00   0.533527E-01
 0.257935E+00   0.132305E+00   0.171728E+03   0.133114E+00   0.539494E-01
 0.260801E+00   0.122246E+00   0.168830E+03   0.122975E+00   0.545460E-01
 0.263667E+00   0.115235E+00   0.169417E+03   0.115911E+00   0.551424E-01
 0.266532E+00   0.106168E+00   0.164390E+03   0.106774E+00   0.557388E-01
 0.269398E+00   0.999559E-01   0.163334E+03   0.100515E+00   0.563350E-01
 0.272264E+00   0.927073E-01   0.155455E+03   0.932076E-01   0.569312E-01
 0.275130E+00   0.857570E-01   0.140173E+03   0.861999E-01   0.575273E-01
 0.277996E+00   0.804933E-01   0.120429E+03   0.808927E-01   0.581232E-01
 0.280862E+00   0.780411E-01   0.107001E+03   0.784210E-01   0.587191E-01
 0.283728E+00   0.767829E-01   0.942120E+02   0.771538E-01   0.593148E-01
 0.286594E+00   0.764457E-01   0.833500E+02   0.768158E-01   0.599105E-01
 0.289460E+00   0.767232E-01   0.744182E+02   0.770981E-01   0.605060E-01
 0.292326E+00   0.773969E-01   0.668433E+02   0.777804E-01   0.611014E-01
 0.295192E+00   0.783523E-01   0.607623E+02   0.787473E-01   0.616967E-01
 0.298058E+00   0.794978E-01   0.556104E+02   0.799064E-01   0.622919E-01
 0.300924E+00   0.807900E-01   0.515866E+02   0.812140E-01   0.628870E-01
 0.303790E+00   0.822176E-01   0.503870E+02   0.826587E-01   0.634820E-01
 0.306656E+00   0.836997E-01   0.479614E+02   0.841587E-01   0.640769E-01
 0.309522E+00   0.852434E-01   0.451765E+02   0.857215E-01   0.646717E-01
 0.312387E+00   0.868476E-01   0.427751E+02   0.873458E-01   0.652663E-01
 0.315253E+00   0.885122E-01   0.421260E+02   0.890317E-01   0.658608E-01
 0.318119E+00   0.902185E-01   0.415970E+02   0.907601E-01   0.664552E-01
 0.320985E+00   0.919636E-01   0.414476E+02   0.925283E-01   0.670495E-01
 0.323851E+00   0.937433E-01   0.405100E+02   0.943319E-01   0.676437E-01
 0.326717E+00   0.955584E-01   0.404671E+02   0.961719E-01   0.682378E-01
 0.329583E+00   0.974056E-01   0.404900E+02   0.980448E-01   0.688317E-01
 0.332449E+00   0.992834E-01   0.396222E+02   0.999493E-01   0.694255E-01
 0.335315E+00   0.101191E+00   0.396911E+02   0.101884E+00   0.700192E-01
 0.338181E+00   0.103127E+00   0.382155E+02   0.103849E+00   0.706128E-01
 0.341047E+00   0.105090E+00   0.364901E+02   0.105841E+00   0.712062E-01
 0.343913E+00   0.107079E+00   0.349593E+02   0.107861E+00   0.717996E-01
 0.346779E+00   0.109094E+00   0.335912E+02   0.109907E+00   0.723928E-01
 0.349645E+00   0.111133E+00   0.323686E+02   0.111978E+00   0.729858E-01
 0.352511E+00   0.113196E+00   0.312586E+02   0.114075E+00   0.735788E-01
 0.355377E+00   0.115282E+00   0.302670E+02   0.116195E+00   0.741716E-01
 0.358243E+00   0.117391E+00   0.293523E+02   0.118339E+00   0.747643E-01
 0.361108E+00   0.119522E+00   0.285255E+02   0.120506E+00   0.753568E-01
 0.363974E+00   0.121674E+00   0.277707E+02   0.122695E+00   0.759493E-01
 0.366840E+00   0.123848E+00   0.270687E+02   0.124907E+00   0.765416E-01
 0.369706E+00   0.126043E+00   0.264323E+02   0.127141E+00   0.771337E-01
 0.372572E+00   0.128258E+00   0.258387E+02   0.129397E+00   0.777258E-01
 0.375438E+00   0.130494E+00   0.252855E+02   0.131673E+00   0.783177E-01
 0.378304E+00   0.132749E+00   0.247762E+02   0.133971E+00   0.789095E-01
 0.381170E+00   0.135024E+00   0.243024E+02   0.136289E+00   0.795011E-01
 0.384036E+00   0.137318E+00   0.238623E+02   0.138627E+00   0.800926E-01
 0.386902E+00   0.139631E+00   0.234392E+02   0.140985E+00   0.806840E-01
 0.389768E+00   0.141963E+00   0.230576E+02   0.143363E+00   0.812752E-01
 0.392634E+00   0.144313E+00   0.226906E+02   0.145761E+00   0.818663E-01
 0.395500E+00   0.146681E+00   0.223461E+02   0.148178E+00   0.824572E-01
 0.398366E+00   0.149068E+00   0.220250E+02   0.150614E+00   0.830480E-01
 0.401232E+00   0.151471E+00   0.217280E+02   0.153069E+00   0.836387E-01
 0.404098E+00   0.153893E+00   0.214370E+02   0.155542E+00   0.842292E-01
 0.406964E+00   0.156332E+00   0.211718E+02   0.158034E+00   0.848196E-01
 0.409829E+00   0.158788E+00   0.209148E+02   0.160544E+00   0.854099E-01
 0.412695E+00   0.161260E+00   0.206680E+02   0.163073E+00   0.860000E-01
 0.415561E+00   0.163750E+00   0.204427E+02   0.165619E+00   0.865900E-01
 0.418427E+00   0.166256E+00   0.202211E+02   0.168182E+00   0.871798E-01
 0.421293E+00   0.168778E+00   0.200199E+02   0.170763E+00   0.877694E-01
 0.424159E+00   0.171316E+00   0.198177E+02   0.173362E+00   0.883590E-01
 0.427025E+00   0.173870E+00   0.196327E+02   0.175977E+00   0.889484E-01
 0.429891E+00   0.176440E+00   0.194585E+02   0.178609E+00   0.895376E-01
 0.432757E+00   0.179025E+00   0.192851E+02   0.181258E+00   0.901267E-01
 0.435623E+00   0.181625E+00   0.191269E+02   0.183924E+00   0.907156E-01
 0.438489E+00   0.184241E+00   0.189733E+02   0.186606E+00   0.913044E-01
 0.441355E+00   0.186871E+00   0.188230E+02   0.189304E+00   0.918931E-01
 0.444221E+00   0.189516E+00   0.186843E+02   0.192018E+00   0.924816E-01
 0.447087E+00   0.192176E+00   0.185482E+02   0.194748E+00   0.930699E-01
 0.449953E+00   0.194851E+00   0.184134E+02   0.197494E+00   0.936581E-01
 0.452819E+00   0.197540E+00   0.182953E+02   0.200256E+00   0.942461E-01
 0.455685E+00   0.200243E+00   0.181785E+02   0.203033E+00   0.948340E-01
 0.458550E+00   0.202961E+00   0.180640E+02   0.205826E+00   0.954218E-01
 0.461416E+00   0.205693E+00   0.179517E+02   0.208635E+00   0.960094E-01
 0.464282E+00   0.208439E+00   0.178456E+02   0.211459E+00   0.965968E-01
 0.467148E+00   0.211199E+00   0.177499E+02   0.214299E+00   0.971840E-01
 0.470014E+00   0.213972E+00   0.176492E+02   0.217153E+00   0.977712E-01
 0.472880E+00   0.216758E+00   0.175583E+02   0.220021E+00   0.983581E-01
 0.475746E+00   0.219558E+00   0.174644E+02   0.222904E+00   0.989449E-01
 0.478612E+00   0.222369E+00   0.173815E+02   0.225800E+00   0.995316E-01
 0.481478E+00   0.225193E+00   0.173006E+02   0.228710E+00   0.100118E+00
 0.484344E+00   0.228028E+00   0.172219E+02   0.231633E+00   0.100704E+00
 0.487210E+00   0.230875E+00   0.171450E+02   0.234569E+00   0.101291E+00
 0.490076E+00   0.233734E+00   0.170721E+02   0.237518E+00   0.101877E+00
 0.492942E+00   0.236604E+00   0.170015E+02   0.240480E+00   0.102462E+00
 0.495808E+00   0.239488E+00   0.169293E+02   0.243457E+00   0.103048E+00
 0.498674E+00   0.242384E+00   0.168597E+02   0.246448E+00   0.103634E+00
 0.501540E+00   0.245295E+00   0.167962E+02   0.249455E+00   0.104219E+00
 0.504405E+00   0.248220E+00   0.167382E+02   0.252478E+00   0.104804E+00
 0.507271E+00   0.251160E+00   0.166748E+02   0.255517E+00   0.105389E+00
 0.510137E+00   0.254116E+00   0.166186E+02   0.258574E+00   0.105974E+00
 0.513003E+00   0.257088E+00   0.165601E+02   0.261648E+00   0.106559E+00
 0.515869E+00   0.260073E+00   0.165084E+02   0.264738E+00   0.107143E+00
 0.518735E+00   0.263069E+00   0.164504E+02   0.267840E+00   0.107728E+00
 0.521601E+00   0.266074E+00   0.164051E+02   0.270951E+00   0.108312E+00
 0.524467E+00   0.269084E+00   0.163545E+02   0.274070E+00   0.108896E+00
 0.527333E+00   0.272098E+00   0.163076E+02   0.277193E+00   0.109480E+00
 0.530199E+00   0.275111E+00   0.162656E+02   0.280318E+00   0.110064E+00
 0.533065E+00   0.278123E+00   0.162196E+02   0.283441E+00   0.110647E+00
 0.535931E+00   0.281130E+00   0.161746E+02   0.286561E+00   0.111230E+00
 0.538797E+00   0.284131E+00   0.161366E+02   0.289675E+00   0.111814E+00
 0.541663E+00   0.287126E+00   0.160992E+02   0.292785E+00   0.112397E+00
 0.544529E+00   0.290117E+00   0.160589E+02   0.295892E+00   0.112980E+00
 0.547395E+00   0.293105E+00   0.160196E+02   0.298996E+00   0.113562E+00
 0.550261E+00   0.296091E+00   0.159878E+02   0.302099E+00   0.114145E+00
 0.553127E+00   0.299074E+00   0.159490E+02   0.305201E+00   0.114727E+00
 0.555992E+00   0.302057E+00   0.159233E+02   0.308304E+00   0.115309E+00
 0.558858E+00   0.305041E+00   0.158868E+02   0.311408E+00   0.115891E+00
 0.561724E+00   0.308025E+00   0.158565E+02   0.314514E+00   0.116473E+00
 0.564590E+00   0.311010E+00   0.158232E+02   0.317622E+00   0.117055E+00
 0.567456E+00   0.313998E+00   0.157983E+02   0.320734E+00   0.117637E+00
 0.570322E+00   0.316987E+00   0.157724E+02   0.323848E+00   0.118218E+00
 0.573188E+00   0.319978E+00   0.157379E+02   0.326966E+00   0.118799E+00
 0.576054E+00   0.322971E+00   0.157091E+02   0.330086E+00   0.119380E+00
 0.578920E+00   0.325967E+00   0.156902E+02   0.333211E+00   0.119961E+00
 0.581786E+00   0.328965E+00   0.156637E+02   0.336339E+00   0.120542E+00
 0.584652E+00   0.331966E+00   0.156397E+02   0.339471E+00   0.121122E+00
 0.587518E+00   0.334969E+00   0.156134E+02   0.342607E+00   0.121703E+00
 0.590384E+00   0.337976E+00   0.155875E+02   0.345748E+00   0.122283E+00
 0.593250E+00   0.340985E+00   0.155679E+02   0.348892E+00   0.122863E+00
 0.596116E+00   0.343998E+00   0.155482E+02   0.352041E+00   0.123443E+00
 0.598982E+00   0.347014E+00   0.155224E+02   0.355194E+00   0.124023E+00
 0.601847E+00   0.350033E+00   0.155084E+02   0.358352E+00   0.124602E+00
 0.604713E+00   0.353055E+00   0.154797E+02   0.361514E+00   0.125181E+00
 0.607579E+00   0.356080E+00   0.154685E+02   0.364681E+00   0.125761E+00
 0.610445E+00   0.359110E+00   0.154494E+02   0.367853E+00   0.126340E+00
 0.613311E+00   0.362142E+00   0.154233E+02   0.371030E+00   0.126919E+00
 0.616177E+00   0.365178E+00   0.154130E+02   0.374211E+00   0.127497E+00
 0.619043E+00   0.368218E+00   0.153906E+02   0.377398E+00   0.128076E+00
 0.621909E+00   0.371262E+00   0.153760E+02   0.380589E+00   0.128654E+00
 0.624775E+00   0.374309E+00   0.153542E+02   0.383786E+00   0.129232E+00
 0.627641E+00   0.377361E+00   0.153431E+02   0.386987E+00   0.129810E+00
 0.630507E+00   0.380416E+00   0.153239E+02   0.390194E+00   0.130388E+00
 0.633373E+00   0.383474E+00   0.153053E+02   0.393407E+00   0.130966E+00
 0.636239E+00   0.386537E+00   0.152933E+02   0.396624E+00   0.131543E+00
 0.639105E+00   0.389604E+00   0.152794E+02   0.399847E+00   0.132120E+00
 0.641971E+00   0.392675E+00   0.152666E+02   0.403075E+00   0.132698E+00
 0.644837E+00   0.395751E+00   0.152453E+02   0.406309E+00   0.133275E+00
 0.647703E+00   0.398830E+00   0.152317E+02   0.409548E+00   0.133851E+00
 0.650568E+00   0.401913E+00   0.152229E+02   0.412793E+00   0.134428E+00
 0.653434E+00   0.405001E+00   0.152128E+02   0.416044E+00   0.135004E+00
 0.656300E+00   0.408093E+00   0.151983E+02   0.419300E+00   0.135581E+00
 0.659166E+00   0.411189E+00   0.151855E+02   0.422562E+00   0.136157E+00
 0.662032E+00   0.414290E+00   0.151721E+02   0.425830E+00   0.136733E+00
 0.664898E+00   0.417396E+00   0.151557E+02   0.429104E+00   0.137308E+00
 0.667764E+00   0.420505E+00   0.151433E+02   0.432383E+00   0.137884E+00
 0.670630E+00   0.423619E+00   0.151390E+02   0.435669E+00   0.138459E+00
 0.673496E+00   0.426738E+00   0.151206E+02   0.438961E+00   0.139034E+00
 0.676362E+00   0.429862E+00   0.151190E+02   0.442258E+00   0.139609E+00
 0.679228E+00   0.432990E+00   0.151064E+02   0.445562E+00   0.140184E+00
 0.682094E+00   0.436123E+00   0.150968E+02   0.448872E+00   0.140759E+00
 0.684960E+00   0.439260E+00   0.150854E+02   0.452189E+00   0.141333E+00
 0.687826E+00   0.442403E+00   0.150719E+02   0.455511E+00   0.141908E+00
 0.690692E+00   0.445550E+00   0.150599E+02   0.458840E+00   0.142482E+00
 0.693558E+00   0.448702E+00   0.150538E+02   0.462175E+00   0.143056E+00
 0.696424E+00   0.451859E+00   0.150441E+02   0.465517E+00   0.143629E+00
 0.699289E+00   0.455021E+00   0.150383E+02   0.468866E+00   0.144203E+00
 0.702155E+00   0.458188E+00   0.150256E+02   0.472220E+00   0.144776E+00
 0.705021E+00   0.461360E+00   0.150182E+02   0.475582E+00   0.145350E+00
 0.707887E+00   0.464538E+00   0.150106E+02   0.478950E+00   0.145923E+00
 0.710753E+00   0.467720E+00   0.150029E+02   0.482325E+00   0.146495E+00
 0.713619E+00   0.470908E+00   0.149975E+02   0.485707E+00   0.147068E+00
 0.716485E+00   0.474101E+00   0.149836E+02   0.489095E+00   0.147641E+00
 0.719351E+00   0.477299E+00   0.149809E+02   0.492491E+00   0.148213E+00
 0.722217E+00   0.480503E+00   0.149684E+02   0.495893E+00   0.148785E+00
 0.725083E+00   0.483712E+00   0.149622E+02   0.499303E+00   0.149357E+00
 0.727949E+00   0.486926E+00   0.149590E+02   0.502720E+00   0.149929E+00
 0.730815E+00   0.490146E+00   0.149464E+02   0.506143E+00   0.150500E+00
 0.733681E+00   0.493372E+00   0.149448E+02   0.509574E+00   0.151071E+00
 0.736547E+00   0.496603E+00   0.149322E+02   0.513013E+00   0.151643E+00
 0.739413E+00   0.499840E+00   0.149255E+02   0.516458E+00   0.152214E+00
 0.742279E+00   0.503082E+00   0.149231E+02   0.519911E+00   0.152784E+00
 0.745144E+00   0.506331E+00   0.149158E+02   0.523371E+00   0.153355E+00
 0.748010E+00   0.509585E+00   0.149044E+02   0.526839E+00   0.153925E+00
 0.750876E+00   0.512845E+00   0.148993E+02   0.530315E+00   0.154496E+00
 0.753742E+00   0.516111E+00   0.148908E+02   0.533798E+00   0.155066E+00
 0.756608E+00   0.519383E+00   0.148924E+02   0.537289E+00   0.155635E+00
 0.759474E+00   0.522661E+00   0.148814E+02   0.540788E+00   0.156205E+00
 0.762340E+00   0.525945E+00   0.148823E+02   0.544294E+00   0.156775E+00
 0.765206E+00   0.529235E+00   0.148746E+02   0.547808E+00   0.157344E+00
 0.768072E+00   0.532531E+00   0.148630E+02   0.551331E+00   0.157913E+00
 0.770938E+00   0.535834E+00   0.148618E+02   0.554861E+00   0.158482E+00
 0.773804E+00   0.539143E+00   0.148599E+02   0.558400E+00   0.159050E+00
 0.776670E+00   0.542458E+00   0.148560E+02   0.561946E+00   0.159619E+00
 0.779536E+00   0.545780E+00   0.148508E+02   0.565501E+00   0.160187E+00
 0.782402E+00   0.549108E+00   0.148410E+02   0.569064E+00   0.160755E+00
 0.785268E+00   0.552442E+00   0.148352E+02   0.572636E+00   0.161323E+00
 0.788134E+00   0.555783E+00   0.148325E+02   0.576216E+00   0.161891E+00
 0.791000E+00   0.559131E+00   0.148226E+02   0.579804E+00   0.162458E+00
 0.793866E+00   0.562486E+00   0.148272E+02   0.583401E+00   0.163026E+00
 0.796731E+00   0.565847E+00   0.148187E+02   0.587007E+00   0.163593E+00
 0.799597E+00   0.569215E+00   0.148185E+02   0.590621E+00   0.164160E+00
 0.802463E+00   0.572589E+00   0.148124E+02   0.594244E+00   0.164726E+00
 0.805329E+00   0.575971E+00   0.148006E+02   0.597876E+00   0.165293E+00
 0.808195E+00   0.579360E+00   0.148017E+02   0.601517E+00   0.165859E+00
 0.811061E+00   0.582755E+00   0.147937E+02   0.605167E+00   0.166425E+00
 0.813927E+00   0.586158E+00   0.147944E+02   0.608826E+00   0.166991E+00
 0.816793E+00   0.589567E+00   0.147906E+02   0.612494E+00   0.167557E+00
 0.819659E+00   0.592984E+00   0.147832E+02   0.616171E+00   0.168122E+00
 0.822525E+00   0.596408E+00   0.147840E+02   0.619857E+00   0.168688E+00
 0.825391E+00   0.599840E+00   0.147773E+02   0.623553E+00   0.169253E+00
 0.828257E+00   0.603279E+00   0.147800E+02   0.627258E+00   0.169818E+00
 0.831123E+00   0.606725E+00   0.147763E+02   0.630973E+00   0.170382E+00
 0.833989E+00   0.610178E+00   0.147704E+02   0.634697E+00   0.170947E+00
 0.836855E+00   0.613639E+00   0.147687E+02   0.638431E+00   0.171511E+00
 0.839721E+00   0.617108E+00   0.147592E+02   0.642175E+00   0.172075E+00
 0.842587E+00   0.620584E+00   0.147585E+02   0.645928E+00   0.172639E+00
 0.845452E+00   0.624068E+00   0.147606E+02   0.649691E+00   0.173203E+00
 0.848318E+00   0.627560E+00   0.147575E+02   0.653464E+00   0.173766E+00
 0.851184E+00   0.631059E+00   0.147544E+02   0.657247E+00   0.174329E+00
 0.854050E+00   0.634566E+00   0.147447E+02   0.661040E+00   0.174892E+00
 0.856916E+00   0.638082E+00   0.147395E+02   0.664843E+00   0.175455E+00
 0.859782E+00   0.641605E+00   0.147421E+02   0.668657E+00   0.176018E+00
 0.862648E+00   0.645136E+00   0.147348E+02   0.672480E+00   0.176580E+00
 0.865514E+00   0.648675E+00   0.147348E+02   0.676314E+00   0.177142E+00
 0.868380E+00   0.652222E+00   0.147373E+02   0.680158E+00   0.177704E+00
 0.871246E+00   0.655778E+00   0.147295E+02   0.684013E+00   0.178266E+00
 0.874112E+00   0.659341E+00   0.147298E+02   0.687879E+00   0.178827E+00
 0.876978E+00   0.662913E+00   0.147214E+02   0.691755E+00   0.179389E+00
 0.879844E+00   0.666493E+00   0.147227E+02   0.695641E+00   0.179950E+00
 0.882710E+00   0.670082E+00   0.147186E+02   0.699539E+00   0.180511E+00
 0.885576E+00   0.673679E+00   0.147165E+02   0.703447E+00   0.181071E+00
 0.888442E+00   0.677285E+00   0.147179E+02   0.707366E+00   0.181632E+00
 0.891307E+00   0.680899E+00   0.147179E+02   0.711296E+00   0.182192E+00
 0.894173E+00   0.684521E+00   0.147157E+02   0.715237E+00   0.182752E+00
 0.897039E+00   0.688153E+00   0.147153E+02   0.719190E+00   0.183312E+00
 0.899905E+00   0.691793E+00   0.147073E+02   0.723153E+00   0.183871E+00
 0.902771E+00   0.695441E+00   0.147053E+02   0.727128E+00   0.184431E+00
 0.905637E+00   0.699099E+00   0.147061E+02   0.731114E+00   0.184990E+00
 0.908503E+00   0.702765E+00   0.147005E+02   0.735111E+00   0.185549E+00
 0.911369E+00   0.706441E+00   0.146965E+02   0.739120E+00   0.186107E+00
 0.914235E+00   0.710125E+00   0.146955E+02   0.743140E+00   0.186666E+00
 0.917101E+00   0.713818E+00   0.146992E+02   0.747172E+00   0.187224E+00
 0.919967E+00   0.717520E+00   0.146992E+02   0.751216E+00   0.187782E+00
 0.922833E+00   0.721231E+00   0.146957E+02   0.755271E+00   0.188340E+00
 0.925699E+00   0.724952E+00   0.146926E+02   0.759338E+00   0.188897E+00
 0.928565E+00   0.728682E+00   0.146943E+02   0.763417E+00   0.189455E+00
 0.931431E+00   0.732420E+00   0.146859E+02   0.767508E+00   0.190012E+00
 0.934297E+00   0.736168E+00   0.146841E+02   0.771611E+00   0.190569E+00
 0.937163E+00   0.739926E+00   0.146843E+02   0.775726E+00   0.191125E+00
 0.940028E+00   0.743692E+00   0.146888E+02   0.779853E+00   0.191682E+00
 0.942894E+00   0.747468E+00   0.146796E+02   0.783992E+00   0.192238E+00
 0.945760E+00   0.751254E+00   0.146807E+02   0.788143E+00   0.192794E+00
 0.948626E+00   0.755049E+00   0.146854E+02   0.792307E+00   0.193349E+00
 0.951492E+00   0.758853E+00   0.146769E+02   0.796483E+00   0.193905E+00
 0.954358E+00   0.762667E+00   0.146735E+02   0.800671E+00   0.194460E+00
 0.957224E+00   0.766491E+00   0.146727E+02   0.804872E+00   0.195015E+00
 0.960090E+00   0.770324E+00   0.146759E+02   0.809085E+00   0.195570E+00
 0.962956E+00   0.774167E+00   0.146784E+02   0.813311E+00   0.196124E+00
 0.965822E+00   0.778020E+00   0.146700E+02   0.817549E+00   0.196679E+00
 0.968688E+00   0.781882E+00   0.146726E+02   0.821801E+00   0.197233E+00
 0.971554E+00   0.785754E+00   0.146682E+02   0.826064E+00   0.197787E+00
 0.974420E+00   0.789635E+00   0.146686E+02   0.830341E+00   0.198340E+00
 0.977286E+00   0.793527E+00   0.146697E+02   0.834630E+00   0.198893E+00
 0.980152E+00   0.797428E+00   0.146648E+02   0.838933E+00   0.199447E+00
 0.983018E+00   0.801340E+00   0.146723E+02   0.843248E+00   0.199999E+00
 0.985884E+00   0.805261E+00   0.146690E+02   0.847576E+00   0.200552E+00
 0.988749E+00   0.809192E+00   0.146707E+02   0.851917E+00   0.201104E+00
 0.991615E+00   0.813133E+00   0.146632E+02   0.856272E+00   0.201656E+00
 0.994481E+00   0.817084E+00   0.146678E+02   0.860639E+00   0.202208E+00
 0.997347E+00   0.821045E+00   0.146674E+02   0.865020E+00   0.202760E+00
 0.100021E+01   0.825016E+00   0.146602E+02   0.869413E+00   0.203311E+00
 0.100308E+01   0.828996E+00   0.146585E+02   0.873820E+00   0.203862E+00
 0.100595E+01   0.832987E+00   0.146626E+02   0.878240E+00   0.204413E+00
 0.100881E+01   0.836988E+00   0.146614E+02   0.882674E+00   0.204964E+00
 0.101168E+01   0.840999E+00   0.146647E+02   0.887120E+00   0.205514E+00
 0.101454E+01   0.845020E+00   0.146642E+02   0.891580E+00   0.206065E+00
 0.101741E+01   0.849052E+00   0.146604E+02   0.896054E+00   0.206614E+00
 0.102027E+01   0.853093E+00   0.146596E+02   0.900541E+00   0.207164E+00
 0.102314E+01   0.857144E+00   0.146566E+02   0.905041E+00   0.207713E+00
 0.102601E+01   0.861206E+00   0.146561E+02   0.909555E+00   0.208263E+00
 0.102887E+01   0.865277E+00   0.146575E+02   0.914082E+00   0.208811E+00
 0.103174E+01   0.869359E+00   0.146526E+02   0.918623E+00   0.209360E+00
 0.103460E+01   0.873451E+00   0.146549E+02   0.923177E+00   0.209908E+00
 0.103747E+01   0.877553E+00   0.146588E+02   0.927745E+00   0.210456E+00
 0.104034E+01   0.881665E+00   0.146566E+02   0.932326E+00   0.211004E+00
 0.104320E+01   0.885787E+00   0.146573E+02   0.936921E+00   0.211552E+00
 0.104607E+01   0.889919E+00   0.146536E+02   0.941530E+00   0.212099E+00
 0.104893E+01   0.894062E+00   0.146601E+02   0.946152E+00   0.212646E+00
 0.105180E+01   0.898214E+00   0.146512E+02   0.950788E+00   0.213193E+00
 0.105467E+01   0.902377E+00   0.146516E+02   0.955437E+00   0.213740E+00
 0.105753E+01   0.906549E+00   0.146515E+02   0.960101E+00   0.214286E+00
 0.106040E+01   0.910732E+00   0.146553E+02   0.964777E+00   0.214832E+00
 0.106326E+01   0.914924E+00   0.146576E+02   0.969468E+00   0.215378E+00
 0.106613E+01   0.919127E+00   0.146519E+02   0.974172E+00   0.215923E+00
 0.106900E+01   0.923340E+00   0.146543E+02   0.978889E+00   0.216468E+00
 0.107186E+01   0.927562E+00   0.146536E+02   0.983621E+00   0.217013E+00
 0.107473E+01   0.931795E+00   0.146514E+02   0.988366E+00   0.217558E+00
 0.107759E+01   0.936038E+00   0.146503E+02   0.993124E+00   0.218102E+00
 0.108046E+01   0.940290E+00   0.146532E+02   0.997896E+00   0.218646E+00
 0.108333E+01   0.944552E+00   0.146502E+02   0.100268E+01   0.219190E+00
 0.108619E+01   0.948824E+00   0.146502E+02   0.100748E+01   0.219734E+00
 0.108906E+01   0.953106E+00   0.146534E+02   0.101229E+01   0.220277E+00
 0.109192E+01   0.957398E+00   0.146544E+02   0.101712E+01   0.220820E+00
 0.109479E+01   0.961699E+00   0.146495E+02   0.102196E+01   0.221363E+00
 0.109766E+01   0.966010E+00   0.146564E+02   0.102681E+01   0.221906E+00
 0.110052E+01   0.970331E+00   0.146495E+02   0.103168E+01   0.222448E+00
 0.110339E+01   0.974661E+00   0.146565E+02   0.103656E+01   0.222990E+00
 0.110625E+01   0.979001E+00   0.146584E+02   0.104146E+01   0.223531E+00
 0.110912E+01   0.983351E+00   0.146537E+02   0.104636E+01   0.224073E+00
 0.111198E+01   0.987710E+00   0.146507E+02   0.105128E+01   0.224614E+00
 0.111485E+01   0.992078E+00   0.146499E+02   0.105622E+01   0.225155E+00
 0.111772E+01   0.996456E+00   0.146578E+02   0.106117E+01   0.225695E+00
 0.112058E+01   0.100084E+01   0.146599E+02   0.106613E+01   0.226235E+00
 0.112345E+01   0.100524E+01   0.146527E+02   0.107110E+01   0.226775E+00
 0.112631E+01   0.100964E+01   0.146551E+02   0.107609E+01   0.227315E+00
 0.112918E+01   0.101406E+01   0.146603E+02   0.108109E+01   0.227855E+00
 0.113205E+01   0.101848E+01   0.146558E+02   0.108610E+01   0.228394E+00
 0.113491E+01   0.102291E+01   0.146544E+02   0.109113E+01   0.228932E+00
 0.113778E+01   0.102736E+01   0.146609E+02   0.109616E+01   0.229471E+00
 0.114064E+01   0.103181E+01   0.146598E+02   0.110122E+01   0.230009E+00
 0.114351E+01   0.103627E+01   0.146575E+02   0.110628E+01   0.230547E+00
 0.114638E+01   0.104073E+01   0.146572E+02   0.111136E+01   0.231085E+00
 0.114924E+01   0.104521E+01   0.146532E+02   0.111645E+01   0.231622E+00
 0.115211E+01   0.104969E+01   0.146552E+02   0.112155E+01   0.232159E+00
 0.115497E+01   0.105419E+01   0.146583E+02   0.112667E+01   0.232696E+00
 0.115784E+01   0.105869E+01   0.146549E+02   0.113179E+01   0.233233E+00
 0.116071E+01   0.106320E+01   0.146557E+02   0.113693E+01   0.233769E+00
 0.116357E+01   0.106772E+01   0.146610E+02   0.114209E+01   0.234305E+00
 0.116644E+01   0.107225E+01   0.146600E+02   0.114725E+01   0.234841E+00
 0.116930E+01   0.107678E+01   0.146617E+02   0.115243E+01   0.235376E+00
 0.117217E+01   0.108132E+01   0.146571E+02   0.115762E+01   0.235911E+00
 0.117504E+01   0.108587E+01   0.146643E+02   0.116282E+01   0.236446E+00
 0.117790E+01   0.109043E+01   0.146605E+02   0.116803E+01   0.236980E+00
 0.118077E+01   0.109500E+01   0.146662E+02   0.117325E+01   0.237514E+00
 0.118363E+01   0.109957E+01   0.146676E+02   0.117849E+01   0.238048E+00
 0.118650E+01   0.110415E+01   0.146598E+02   0.118374E+01   0.238582E+00
 0.118937E+01   0.110874E+01   0.146610E+02   0.118900E+01   0.239115E+00
 0.119223E+01   0.111333E+01   0.146691E+02   0.119427E+01   0.239648E+00
 0.119510E+01   0.111794E+01   0.146610E+02   0.119955E+01   0.240180E+00
 0.119796E+01   0.112255E+01   0.146688E+02   0.120484E+01   0.240713E+00
 0.120083E+01   0.112716E+01   0.146660E+02   0.121015E+01   0.241245E+00
 0.120369E+01   0.113179E+01   0.146696E+02   0.121546E+01   0.241776E+00
 0.120656E+01   0.113642E+01   0.146659E+02   0.122079E+01   0.242308E+00
 0.120943E+01   0.114105E+01   0.146643E+02   0.122613E+01   0.242839E+00
 0.121229E+01   0.114569E+01   0.146663E+02   0.123148E+01   0.243370E+00
 0.121516E+01   0.115034E+01   0.146653E+02   0.123683E+01   0.243900E+00
 0.121802E+01   0.115500E+01   0.146688E+02   0.124220E+01   0.244430E+00
 0.122089E+01   0.115966E+01   0.146703E+02   0.124758E+01   0.244960E+00
 0.122376E+01   0.116433E+01   0.146701E+02   0.125297E+01   0.245490E+00
 0.122662E+01   0.116900E+01   0.146767E+02   0.125837E+01   0.246019E+00
 0.122949E+01   0.117368E+01   0.146733E+02   0.126378E+01   0.246548E+00
 0.123235E+01   0.117837E+01   0.146686E+02   0.126920E+01   0.247076E+00
 0.123522E+01   0.118306E+01   0.146735E+02   0.127462E+01   0.247605E+00
 0.123809E+01   0.118775E+01   0.146764E+02   0.128006E+01   0.248133E+00
 0.124095E+01   0.119245E+01   0.146717E+02   0.128551E+01   0.248660E+00
 0.124382E+01   0.119716E+01   0.146712E+02   0.129097E+01   0.249188E+00
 0.124668E+01   0.120187E+01   0.146768E+02   0.129643E+01   0.249715E+00
 0.124955E+01   0.120658E+01   0.146751E+02   0.130190E+01   0.250241E+00
 0.125242E+01   0.121130E+01   0.146731E+02   0.130739E+01   0.250768E+00
 0.125528E+01   0.121603E+01   0.146736E+02   0.131288E+01   0.251294E+00
 0.125815E+01   0.122076E+01   0.146772E+02   0.131838E+01   0.251819E+00
 0.126101E+01   0.122549E+01   0.146788E+02   0.132389E+01   0.252345E+00
 0.126388E+01   0.123023E+01   0.146779E+02   0.132940E+01   0.252870E+00
 0.126675E+01   0.123497E+01   0.146775E+02   0.133493E+01   0.253395E+00
 0.126961E+01   0.123971E+01   0.146796E+02   0.134046E+01   0.253919E+00
 0.127248E+01   0.124446E+01   0.146781E+02   0.134600E+01   0.254443E+00
 0.127534E+01   0.124921E+01   0.146804E+02   0.135155E+01   0.254967E+00
 0.127821E+01   0.125397E+01   0.146815E+02   0.135710E+01   0.255491E+00
 0.128108E+01   0.125872E+01   0.146861E+02   0.136267E+01   0.256014E+00
 0.128394E+01   0.126349E+01   0.146831E+02   0.136823E+01   0.256536E+00
 0.128681E+01   0.126825E+01   0.146813E+02   0.137381E+01   0.257059E+00
 0.128967E+01   0.127302E+01   0.146835E+02   0.137939E+01   0.257581E+00
 0.129254E+01   0.127779E+01   0.146840E+02   0.138498E+01   0.258103E+00
 0.129541E+01   0.128256E+01   0.146891E+02   0.139058E+01   0.258624E+00
 0.129827E+01   0.128733E+01   0.146869E+02   0.139618E+01   0.259146E+00
 0.130114E+01   0.129211E+01   0.146916E+02   0.140179E+01   0.259666E+00
 0.130400E+01   0.129689E+01   0.146938E+02   0.140740E+01   0.260187E+00
 0.130687E+01   0.130167E+01   0.146955E+02   0.141302E+01   0.260707E+00
 0.130973E+01   0.130645E+01   0.146957E+02   0.141865E+01   0.261227E+00
 0.131260E+01   0.131123E+01   0.146970E+02   0.142428E+01   0.261746E+00
 0.131547E+01   0.131602E+01   0.146890E+02   0.142991E+01   0.262266E+00
 0.131833E+01   0.132080E+01   0.146976E+02   0.143555E+01   0.262784E+00
 0.132120E+01   0.132559E+01   0.146964E+02   0.144120E+01   0.263303E+00
 0.132406E+01   0.133037E+01   0.146983E+02   0.144685E+01   0.263821E+00
 0.132693E+01   0.133516E+01   0.146975E+02   0.145250E+01   0.264339E+00
 0.132980E+01   0.133995E+01   0.146935E+02   0.145816E+01   0.264856E+00
 0.133266E+01   0.134474E+01   0.146953E+02   0.146382E+01   0.265373E+00
 0.133553E+01   0.134953E+01   0.146943E+02   0.146949E+01   0.265890E+00
 0.133839E+01   0.135432E+01   0.146974E+02   0.147516E+01   0.266407E+00
 0.134126E+01   0.135911E+01   0.147022E+02   0.148084E+01   0.266923E+00
 0.134413E+01   0.136390E+01   0.146962E+02   0.148651E+01   0.267439E+00
 0.134699E+01   0.136868E+01   0.146984E+02   0.149219E+01   0.267954E+00
 0.134986E+01   0.137347E+01   0.147031E+02   0.149788E+01   0.268469E+00
 0.135272E+01   0.137826E+01   0.147062E+02   0.150356E+01   0.268984E+00
 0.135559E+01   0.138304E+01   0.146988E+02   0.150925E+01   0.269498E+00
 0.135846E+01   0.138783E+01   0.147051E+02   0.151494E+01   0.270012E+00
 0.136132E+01   0.139261E+01   0.147050E+02   0.152064E+01   0.270526E+00
 0.136419E+01   0.139739E+01   0.147018E+02   0.152633E+01   0.271040E+00
 0.136705E+01   0.140218E+01   0.147043E+02   0.153203E+01   0.271553E+00
 0.136992E+01   0.140695E+01   0.147116E+02   0.153773E+01   0.272065E+00
 0.137279E+01   0.141173E+01   0.147068E+02   0.154343E+01   0.272578E+00
 0.137565E+01   0.141651E+01   0.147097E+02   0.154913E+01   0.273090E+00
 0.137852E+01   0.142128E+01   0.147084E+02   0.155484E+01   0.273601E+00
 0.138138E+01   0.142605E+01   0.147052E+02   0.156054E+01   0.274113E+00
 0.138425E+01   0.143082E+01   0.147098E+02   0.156624E+01   0.274624E+00
 0.138712E+01   0.143558E+01   0.147091E+02   0.157195E+01   0.275134E+00
 0.138998E+01   0.144034E+01   0.147108E+02   0.157766E+01   0.275645E+00
 0.139285E+01   0.144510E+01   0.147167E+02   0.158336E+01   0.276154E+00
 0.139571E+01   0.144986E+01   0.147112E+02   0.158907E+01   0.276664E+00
 0.139858E+01   0.145461E+01   0.147120E+02   0.159477E+01   0.277173E+00
 0.140144E+01   0.145936E+01   0.147162E+02   0.160048E+01   0.277682E+00
 0.140431E+01   0.146411E+01   0.147100E+02   0.160619E+01   0.278191E+00
 0.140718E+01   0.146885E+01   0.147146E+02   0.161189E+01   0.278699E+00
 0.141004E+01   0.147359E+01   0.147207E+02   0.161759E+01   0.279207E+00
 0.141291E+01   0.147832E+01   0.147164E+02   0.162330E+01   0.279714E+00
 0.141577E+01   0.148305E+01   0.147139E+02   0.162900E+01   0.280221E+00
 0.141864E+01   0.148778E+01   0.147151E+02   0.163470E+01   0.280728E+00
 0.142151E+01   0.149250E+01   0.147225E+02   0.164039E+01   0.281235E+00
 0.142437E+01   0.149722E+01   0.147182E+02   0.164609E+01   0.281741E+00
 0.142724E+01   0.150193E+01   0.147240E+02   0.165178E+01   0.282246E+00
 0.143010E+01   0.150664E+01   0.147154E+02   0.165748E+01   0.282752E+00
 0.143297E+01   0.151134E+01   0.147249E+02   0.166317E+01   0.283257E+00
 0.143584E+01   0.151603E+01   0.147241E+02   0.166885E+01   0.283761E+00
 0.143870E+01   0.152073E+01   0.147267E+02   0.167454E+01   0.284266E+00
 0.144157E+01   0.152541E+01   0.147248E+02   0.168022E+01   0.284770E+00
 0.144443E+01   0.153009E+01   0.147262E+02   0.168590E+01   0.285273E+00
 0.144730E+01   0.153477E+01   0.147216E+02   0.169157E+01   0.285776E+00
 0.145017E+01   0.153943E+01   0.147250E+02   0.169725E+01   0.286279E+00
 0.145303E+01   0.154410E+01   0.147292E+02   0.170291E+01   0.286782E+00
 0.145590E+01   0.154875E+01   0.147205E+02   0.170858E+01   0.287284E+00
 0.145876E+01   0.155340E+01   0.147276E+02   0.171424E+01   0.287786E+00
 0.146163E+01   0.155805E+01   0.147228E+02   0.171990E+01   0.288287E+00
 0.146450E+01   0.156268E+01   0.147299E+02   0.172555E+01   0.288788E+00
 0.146736E+01   0.156731E+01   0.147224E+02   0.173120E+01   0.289289E+00
 0.147023E+01   0.157194E+01   0.147225E+02   0.173684E+01   0.289790E+00
 0.147309E+01   0.157655E+01   0.147281E+02   0.174248E+01   0.290290E+00
 0.147596E+01   0.158116E+01   0.147276E+02   0.174811E+01   0.290789E+00
 0.147883E+01   0.158577E+01   0.147252E+02   0.175374E+01   0.291289E+00
 0.148169E+01   0.159036E+01   0.147271E+02   0.175937E+01   0.291788E+00
 0.148456E+01   0.159495E+01   0.147278E+02   0.176499E+01   0.292286E+00
 0.148742E+01   0.159953E+01   0.147309E+02   0.177060E+01   0.292784E+00
 0.149029E+01   0.160410E+01   0.147319E+02   0.177621E+01   0.293282E+00
 0.149316E+01   0.160866E+01   0.147358E+02   0.178181E+01   0.293780E+00
 0.149602E+01   0.161322E+01   0.147342E+02   0.178740E+01   0.294277E+00
 0.149889E+01   0.161777E+01   0.147356E+02   0.179299E+01   0.294774E+00
 0.150175E+01   0.162231E+01   0.147335E+02   0.179857E+01   0.295270E+00
 0.150462E+01   0.162684E+01   0.147318E+02   0.180415E+01   0.295766E+00
 0.150748E+01   0.163136E+01   0.147354E+02   0.180972E+01   0.296262E+00
 0.151035E+01   0.163588E+01   0.147368E+02   0.181528E+01   0.296758E+00
 0.151322E+01   0.164038E+01   0.147366E+02   0.182084E+01   0.297253E+00
 0.151608E+01   0.164488E+01   0.147315E+02   0.182639E+01   0.297747E+00
 0.151895E+01   0.164937E+01   0.147368E+02   0.183193E+01   0.298242E+00
 0.152181E+01   0.165385E+01   0.147370E+02   0.183747E+01   0.298736E+00
 0.152468E+01   0.165832E+01   0.147313E+02   0.184299E+01   0.299229E+00
 0.152755E+01   0.166278E+01   0.147350E+02   0.184851E+01   0.299722E+00
 0.153041E+01   0.166724E+01   0.147368E+02   0.185402E+01   0.300215E+00
 0.153328E+01   0.167168E+01   0.147360E+02   0.185953E+01   0.300708E+00
 0.153614E+01   0.167611E+01   0.147378E+02   0.186502E+01   0.301200E+00
 0.153901E+01   0.168054E+01   0.147320E+02   0.187051E+01   0.301692E+00
 0.154188E+01   0.168495E+01   0.147385E+02   0.187599E+01   0.302183E+00
 0.154474E+01   0.168936E+01   0.147319E+02   0.188146E+01   0.302674E+00
 0.154761E+01   0.169375E+01   0.147335E+02   0.188693E+01   0.303165E+00
 0.155047E+01   0.169814E+01   0.147370E+02   0.189238E+01   0.303655E+00
 0.155334E+01   0.170252E+01   0.147412E+02   0.189783E+01   0.304145E+00
 0.155621E+01   0.170688E+01   0.147366E+02   0.190326E+01   0.304635E+00
 0.155907E+01   0.171124E+01   0.147360E+02   0.190869E+01   0.305124E+00
 0.156194E+01   0.171558E+01   0.147364E+02   0.191411E+01   0.305613E+00
 0.156480E+01   0.171992E+01   0.147376E+02   0.191952E+01   0.306102E+00
 0.156767E+01   0.172424E+01   0.147382E+02   0.192492E+01   0.306590E+00
 0.157054E+01   0.172856E+01   0.147417E+02   0.193031E+01   0.307078E+00
 0.157340E+01   0.173286E+01   0.147376E+02   0.193569E+01   0.307565E+00
 0.157627E+01   0.173715E+01   0.147333E+02   0.194106E+01   0.308052E+00
 0.157913E+01   0.174144E+01   0.147390E+02   0.194642E+01   0.308539E+00
 0.158200E+01   0.174571E+01   0.147415E+02   0.195177E+01   0.309026E+00
 0.158487E+01   0.174997E+01   0.147427E+02   0.195711E+01   0.309512E+00
 0.158773E+01   0.175422E+01   0.147363E+02   0.196244E+01   0.309997E+00
 0.159060E+01   0.175846E+01   0.147399E+02   0.196776E+01   0.310483E+00
 0.159346E+01   0.176269E+01   0.147374E+02   0.197307E+01   0.310968E+00
 0.159633E+01   0.176690E+01   0.147337E+02   0.197837E+01   0.311452E+00
 0.159919E+01   0.177111E+01   0.147341E+02   0.198366E+01   0.311936E+00
 0.160206E+01   0.177530E+01   0.147366E+02   0.198894E+01   0.312420E+00
 0.160493E+01   0.177949E+01   0.147396E+02   0.199421E+01   0.312904E+00
 0.160779E+01   0.178366E+01   0.147339E+02   0.199947E+01   0.313387E+00
 0.161066E+01   0.178782E+01   0.147371E+02   0.200471E+01   0.313870E+00
 0.161352E+01   0.179197E+01   0.147384E+02   0.200995E+01   0.314352E+00
 0.161639E+01   0.179611E+01   0.147389E+02   0.201517E+01   0.314834E+00
 0.161926E+01   0.180023E+01   0.147336E+02   0.202038E+01   0.315316E+00
 0.162212E+01   0.180435E+01   0.147411E+02   0.202559E+01   0.315798E+00
 0.162499E+01   0.180845E+01   0.147405E+02   0.203078E+01   0.316279E+00
 0.162785E+01   0.181254E+01   0.147429E+02   0.203596E+01   0.316759E+00
 0.163072E+01   0.181662E+01   0.147402E+02   0.204112E+01   0.317240E+00
 0.163359E+01   0.182069E+01   0.147349E+02   0.204628E+01   0.317720E+00
 0.163645E+01   0.182475E+01   0.147416E+02   0.205142E+01   0.318199E+00
 0.163932E+01   0.182879E+01   0.147391E+02   0.205655E+01   0.318678E+00
 0.164218E+01   0.183282E+01   0.147328E+02   0.206168E+01   0.319157E+00
 0.164505E+01   0.183684E+01   0.147324E+02   0.206678E+01   0.319636E+00
 0.164792E+01   0.184085E+01   0.147379E+02   0.207188E+01   0.320114E+00
 0.165078E+01   0.184485E+01   0.147417E+02   0.207696E+01   0.320592E+00
 0.165365E+01   0.184883E+01   0.147354E+02   0.208204E+01   0.321069E+00
 0.165651E+01   0.185280E+01   0.147379E+02   0.208710E+01   0.321546E+00
 0.165938E+01   0.185676E+01   0.147369E+02   0.209214E+01   0.322023E+00
 0.166225E+01   0.186071E+01   0.147400E+02   0.209718E+01   0.322499E+00
 0.166511E+01   0.186465E+01   0.147406E+02   0.210220E+01   0.322976E+00
 0.166798E+01   0.186857E+01   0.147356E+02   0.210721E+01   0.323451E+00
 0.167084E+01   0.187248E+01   0.147330E+02   0.211221E+01   0.323927E+00
 0.167371E+01   0.187638E+01   0.147328E+02   0.211720E+01   0.324401E+00
 0.167658E+01   0.188027E+01   0.147368E+02   0.212217E+01   0.324876E+00
 0.167944E+01   0.188414E+01   0.147319E+02   0.212713E+01   0.325350E+00
 0.168231E+01   0.188800E+01   0.147359E+02   0.213208E+01   0.325824E+00
 0.168517E+01   0.189185E+01   0.147341E+02   0.213701E+01   0.326298E+00
 0.168804E+01   0.189569E+01   0.147341E+02   0.214194E+01   0.326771E+00
 0.169090E+01   0.189951E+01   0.147353E+02   0.214684E+01   0.327244E+00
 0.169377E+01   0.190333E+01   0.147283E+02   0.215174E+01   0.327716E+00
 0.169664E+01   0.190713E+01   0.147287E+02   0.215662E+01   0.328189E+00
 0.169950E+01   0.191091E+01   0.147341E+02   0.216149E+01   0.328660E+00
 0.170237E+01   0.191469E+01   0.147355E+02   0.216635E+01   0.329132E+00
 0.170523E+01   0.191845E+01   0.147305E+02   0.217119E+01   0.329603E+00
 0.170810E+01   0.192220E+01   0.147307E+02   0.217602E+01   0.330074E+00
 0.171097E+01   0.192594E+01   0.147345E+02   0.218084E+01   0.330544E+00
 0.171383E+01   0.192966E+01   0.147334E+02   0.218565E+01   0.331014E+00
 0.171670E+01   0.193337E+01   0.147296E+02   0.219044E+01   0.331484E+00
 0.171956E+01   0.193707E+01   0.147310E+02   0.219521E+01   0.331953E+00
 0.172243E+01   0.194076E+01   0.147321E+02   0.219998E+01   0.332422E+00
 0.172530E+01   0.194443E+01   0.147266E+02   0.220473E+01   0.332891E+00
 0.172816E+01   0.194809E+01   0.147252E+02   0.220947E+01   0.333359E+00
 0.173103E+01   0.195174E+01   0.147306E+02   0.221419E+01   0.333827E+00
 0.173389E+01   0.195538E+01   0.147249E+02   0.221890E+01   0.334295E+00
 0.173676E+01   0.195900E+01   0.147287E+02   0.222360E+01   0.334762E+00
 0.173963E+01   0.196261E+01   0.147301E+02   0.222828E+01   0.335229E+00
 0.174249E+01   0.196621E+01   0.147267E+02   0.223295E+01   0.335695E+00
 0.174536E+01   0.196979E+01   0.147231E+02   0.223761E+01   0.336161E+00
 0.174822E+01   0.197337E+01   0.147200E+02   0.224225E+01   0.336627E+00
 0.175109E+01   0.197693E+01   0.147208E+02   0.224688E+01   0.337093E+00
 0.175396E+01   0.198047E+01   0.147244E+02   0.225149E+01   0.337558E+00
 0.175682E+01   0.198401E+01   0.147261E+02   0.225609E+01   0.338023E+00
 0.175969E+01   0.198753E+01   0.147259E+02   0.226068E+01   0.338487E+00
 0.176255E+01   0.199104E+01   0.147178E+02   0.226525E+01   0.338951E+00
 0.176542E+01   0.199453E+01   0.147200E+02   0.226981E+01   0.339415E+00
 0.176829E+01   0.199802E+01   0.147178E+02   0.227436E+01   0.339878E+00
 0.177115E+01   0.200149E+01   0.147240E+02   0.227889E+01   0.340342E+00
 0.177402E+01   0.200495E+01   0.147213E+02   0.228341E+01   0.340804E+00
 0.177688E+01   0.200839E+01   0.147136E+02   0.228792E+01   0.341267E+00
 0.177975E+01   0.201183E+01   0.147139E+02   0.229241E+01   0.341729E+00
 0.178261E+01   0.201525E+01   0.147126E+02   0.229688E+01   0.342190E+00
 0.178548E+01   0.201866E+01   0.147188E+02   0.230135E+01   0.342652E+00
 0.178835E+01   0.202205E+01   0.147109E+02   0.230579E+01   0.343113E+00
 0.179121E+01   0.202543E+01   0.147113E+02   0.231023E+01   0.343574E+00
 0.179408E+01   0.202880E+01   0.147117E+02   0.231465E+01   0.344034E+00
 0.179694E+01   0.203216E+01   0.147099E+02   0.231906E+01   0.344494E+00
 0.179981E+01   0.203551E+01   0.147160E+02   0.232345E+01   0.344954E+00
 0.180268E+01   0.203884E+01   0.147154E+02   0.232783E+01   0.345413E+00
 0.180554E+01   0.204216E+01   0.147076E+02   0.233220E+01   0.345872E+00
 0.180841E+01   0.204547E+01   0.147139E+02   0.233655E+01   0.346330E+00
 0.181127E+01   0.204876E+01   0.147106E+02   0.234088E+01   0.346789E+00
 0.181414E+01   0.205204E+01   0.147077E+02   0.234521E+01   0.347247E+00
 0.181701E+01   0.205531E+01   0.147060E+02   0.234952E+01   0.347704E+00
 0.181987E+01   0.205857E+01   0.147096E+02   0.235381E+01   0.348162E+00
 0.182274E+01   0.206181E+01   0.147076E+02   0.235809E+01   0.348619E+00
 0.182560E+01   0.206505E+01   0.147007E+02   0.236236E+01   0.349075E+00
 0.182847E+01   0.206827E+01   0.146998E+02   0.236662E+01   0.349531E+00
 0.183134E+01   0.207147E+01   0.147056E+02   0.237086E+01   0.349987E+00
 0.183420E+01   0.207467E+01   0.147060E+02   0.237508E+01   0.350443E+00
 0.183707E+01   0.207785E+01   0.147002E+02   0.237929E+01   0.350898E+00
 0.183993E+01   0.208102E+01   0.146982E+02   0.238349E+01   0.351353E+00
 0.184280E+01   0.208418E+01   0.147055E+02   0.238767E+01   0.351808E+00
 0.184567E+01   0.208733E+01   0.146961E+02   0.239184E+01   0.352262E+00
 0.184853E+01   0.209046E+01   0.146985E+02   0.239600E+01   0.352716E+00
 0.185140E+01   0.209358E+01   0.146949E+02   0.240014E+01   0.353169E+00
 0.185426E+01   0.209669E+01   0.146968E+02   0.240427E+01   0.353623E+00
 0.185713E+01   0.209979E+01   0.146945E+02   0.240838E+01   0.354076E+00
 0.186000E+01   0.210287E+01   0.146977E+02   0.241248E+01   0.354528E+00
 0.186286E+01   0.210594E+01   0.146970E+02   0.241657E+01   0.354980E+00
 0.186573E+01   0.210900E+01   0.146949E+02   0.242064E+01   0.355432E+00
 0.186859E+01   0.211205E+01   0.146973E+02   0.242470E+01   0.355884E+00
 0.187146E+01   0.211509E+01   0.146944E+02   0.242874E+01   0.356335E+00
 0.187433E+01   0.211811E+01   0.146912E+02   0.243277E+01   0.356786E+00
 0.187719E+01   0.212112E+01   0.146868E+02   0.243679E+01   0.357237E+00
 0.188006E+01   0.212412E+01   0.146860E+02   0.244079E+01   0.357687E+00
 0.188292E+01   0.212711E+01   0.146914E+02   0.244478E+01   0.358137E+00
 0.188579E+01   0.213008E+01   0.146853E+02   0.244876E+01   0.358586E+00
 0.188865E+01   0.213305E+01   0.146832E+02   0.245272E+01   0.359036E+00
 0.189152E+01   0.213600E+01   0.146813E+02   0.245667E+01   0.359485E+00
 0.189439E+01   0.213894E+01   0.146875E+02   0.246060E+01   0.359933E+00
 0.189725E+01   0.214187E+01   0.146868E+02   0.246452E+01   0.360382E+00
 0.190012E+01   0.214478E+01   0.146772E+02   0.246842E+01   0.360830E+00
 0.190298E+01   0.214769E+01   0.146852E+02   0.247232E+01   0.361277E+00
 0.190585E+01   0.215058E+01   0.146832E+02   0.247620E+01   0.361725E+00
 0.190872E+01   0.215346E+01   0.146829E+02   0.248006E+01   0.362172E+00
 0.191158E+01   0.215633E+01   0.146758E+02   0.248391E+01   0.362618E+00
 0.191445E+01   0.215919E+01   0.146766E+02   0.248775E+01   0.363064E+00
 0.191731E+01   0.216203E+01   0.146738E+02   0.249157E+01   0.363511E+00
 0.192018E+01   0.216487E+01   0.146737E+02   0.249538E+01   0.363956E+00
 0.192305E+01   0.216769E+01   0.146706E+02   0.249918E+01   0.364402E+00
 0.192591E+01   0.217050E+01   0.146704E+02   0.250296E+01   0.364847E+00
 0.192878E+01   0.217330E+01   0.146708E+02   0.250673E+01   0.365291E+00
 0.193164E+01   0.217609E+01   0.146649E+02   0.251049E+01   0.365736E+00
 0.193451E+01   0.217886E+01   0.146710E+02   0.251423E+01   0.366180E+00
 0.193738E+01   0.218163E+01   0.146638E+02   0.251796E+01   0.366624E+00
 0.194024E+01   0.218438E+01   0.146673E+02   0.252168E+01   0.367067E+00
 0.194311E+01   0.218712E+01   0.146620E+02   0.252538E+01   0.367510E+00
 0.194597E+01   0.218985E+01   0.146598E+02   0.252907E+01   0.367953E+00
 0.194884E+01   0.219257E+01   0.146595E+02   0.253274E+01   0.368395E+00
 0.195171E+01   0.219528E+01   0.146615E+02   0.253641E+01   0.368838E+00
 0.195457E+01   0.219798E+01   0.146588E+02   0.254005E+01   0.369279E+00
 0.195744E+01   0.220066E+01   0.146562E+02   0.254369E+01   0.369721E+00
 0.196030E+01   0.220334E+01   0.146631E+02   0.254731E+01   0.370162E+00
 0.196317E+01   0.220600E+01   0.146606E+02   0.255092E+01   0.370603E+00
 0.196604E+01   0.220865E+01   0.146564E+02   0.255452E+01   0.371043E+00
 0.196890E+01   0.221129E+01   0.146500E+02   0.255810E+01   0.371484E+00
 0.197177E+01   0.221392E+01   0.146583E+02   0.256167E+01   0.371924E+00
 0.197463E+01   0.221654E+01   0.146534E+02   0.256522E+01   0.372363E+00
 0.197750E+01   0.221915E+01   0.146540E+02   0.256877E+01   0.372803E+00
 0.198036E+01   0.222175E+01   0.146498E+02   0.257230E+01   0.373242E+00
 0.198323E+01   0.222433E+01   0.146476E+02   0.257581E+01   0.373680E+00
 0.198610E+01   0.222691E+01   0.146518E+02   0.257932E+01   0.374119E+00
 0.198896E+01   0.222947E+01   0.146424E+02   0.258281E+01   0.374557E+00
 0.199183E+01   0.223202E+01   0.146444E+02   0.258628E+01   0.374994E+00
 0.199469E+01   0.223457E+01   0.146450E+02   0.258975E+01   0.375432E+00
 0.199756E+01   0.223710E+01   0.146459E+02   0.259320E+01   0.375869E+00
 0.200043E+01   0.223962E+01   0.146422E+02   0.259664E+01   0.376306E+00
 0.200329E+01   0.224213E+01   0.146427E+02   0.260006E+01   0.376742E+00
 0.200616E+01   0.224463E+01   0.146409E+02   0.260348E+01   0.377178E+00
 0.200902E+01   0.224712E+01   0.146353E+02   0.260688E+01   0.377614E+00
 0.201189E+01   0.224959E+01   0.146328E+02   0.261026E+01   0.378050E+00
 0.201476E+01   0.225206E+01   0.146336E+02   0.261364E+01   0.378485E+00
 0.201762E+01   0.225452E+01   0.146305E+02   0.261700E+01   0.378920E+00
 0.202049E+01   0.225697E+01   0.146357E+02   0.262035E+01   0.379355E+00
 0.202335E+01   0.225940E+01   0.146266E+02   0.262369E+01   0.379789E+00
 0.202622E+01   0.226183E+01   0.146317E+02   0.262701E+01   0.380223E+00
 0.202909E+01   0.226424E+01   0.146299E+02   0.263032E+01   0.380657E+00
 0.203195E+01   0.226665E+01   0.146253E+02   0.263362E+01   0.381090E+00
 0.203482E+01   0.226904E+01   0.146260E+02   0.263691E+01   0.381523E+00
 0.203768E+01   0.227143E+01   0.146290E+02   0.264018E+01   0.381956E+00
 0.204055E+01   0.227380E+01   0.146215E+02   0.264344E+01   0.382388E+00
 0.204342E+01   0.227617E+01   0.146239E+02   0.264669E+01   0.382821E+00
 0.204628E+01   0.227852E+01   0.146222E+02   0.264993E+01   0.383252E+00
 0.204915E+01   0.228087E+01   0.146160E+02   0.265315E+01   0.383684E+00
 0.205201E+01   0.228320E+01   0.146186E+02   0.265636E+01   0.384115E+00
 0.205488E+01   0.228552E+01   0.146120E+02   0.265956E+01   0.384546E+00
 0.205775E+01   0.228784E+01   0.146111E+02   0.266275E+01   0.384977E+00
 0.206061E+01   0.229014E+01   0.146115E+02   0.266592E+01   0.385407E+00
 0.206348E+01   0.229244E+01   0.146111E+02   0.266909E+01   0.385837E+00
 0.206634E+01   0.229472E+01   0.146078E+02   0.267224E+01   0.386267E+00
 0.206921E+01   0.229699E+01   0.146054E+02   0.267538E+01   0.386697E+00
 0.207207E+01   0.229926E+01   0.146116E+02   0.267850E+01   0.387126E+00
 0.207494E+01   0.230151E+01   0.146090E+02   0.268162E+01   0.387555E+00
 0.207781E+01   0.230376E+01   0.146080E+02   0.268472E+01   0.387983E+00
 0.208067E+01   0.230599E+01   0.146032E+02   0.268781E+01   0.388411E+00
 0.208354E+01   0.230822E+01   0.146032E+02   0.269089E+01   0.388839E+00
 0.208640E+01   0.231043E+01   0.146038E+02   0.269395E+01   0.389267E+00
 0.208927E+01   0.231264E+01   0.146012E+02   0.269701E+01   0.389694E+00
 0.209214E+01   0.231484E+01   0.146011E+02   0.270005E+01   0.390122E+00
 0.209500E+01   0.231702E+01   0.145938E+02   0.270308E+01   0.390548E+00
 0.209787E+01   0.231920E+01   0.145933E+02   0.270610E+01   0.390975E+00
 0.210073E+01   0.232137E+01   0.145885E+02   0.270911E+01   0.391401E+00
 0.210360E+01   0.232353E+01   0.145928E+02   0.271210E+01   0.391827E+00
 0.210647E+01   0.232568E+01   0.145894E+02   0.271509E+01   0.392252E+00
 0.210933E+01   0.232782E+01   0.145919E+02   0.271806E+01   0.392678E+00
 0.211220E+01   0.232995E+01   0.145918E+02   0.272102E+01   0.393103E+00
 0.211506E+01   0.233207E+01   0.145843E+02   0.272397E+01   0.393528E+00
 0.211793E+01   0.233418E+01   0.145844E+02   0.272690E+01   0.393952E+00
 0.212080E+01   0.233628E+01   0.145843E+02   0.272983E+01   0.394376E+00
 0.212366E+01   0.233838E+01   0.145834E+02   0.273274E+01   0.394800E+00
 0.212653E+01   0.234046E+01   0.145775E+02   0.273565E+01   0.395223E+00
 0.212939E+01   0.234254E+01   0.145803E+02   0.273854E+01   0.395647E+00
 0.213226E+01   0.234460E+01   0.145791E+02   0.274142E+01   0.396070E+00
 0.213513E+01   0.234666E+01   0.145753E+02   0.274429E+01   0.396492E+00
 0.213799E+01   0.234871E+01   0.145760E+02   0.274715E+01   0.396915E+00
 0.214086E+01   0.235075E+01   0.145752E+02   0.274999E+01   0.397337E+00
 0.214372E+01   0.235278E+01   0.145697E+02   0.275283E+01   0.397759E+00
 0.214659E+01   0.235480E+01   0.145740E+02   0.275565E+01   0.398180E+00
 0.214946E+01   0.235681E+01   0.145689E+02   0.275846E+01   0.398601E+00
 0.215232E+01   0.235881E+01   0.145707E+02   0.276127E+01   0.399022E+00
 0.215519E+01   0.236081E+01   0.145690E+02   0.276406E+01   0.399443E+00
 0.215805E+01   0.236280E+01   0.145680E+02   0.276684E+01   0.399863E+00
 0.216092E+01   0.236477E+01   0.145571E+02   0.276960E+01   0.400284E+00
 0.216378E+01   0.236674E+01   0.145636E+02   0.277236E+01   0.400703E+00
 0.216665E+01   0.236870E+01   0.145636E+02   0.277511E+01   0.401123E+00
 0.216952E+01   0.237065E+01   0.145599E+02   0.277784E+01   0.401542E+00
 0.217238E+01   0.237260E+01   0.145551E+02   0.278057E+01   0.401961E+00
 0.217525E+01   0.237453E+01   0.145512E+02   0.278328E+01   0.402380E+00
 0.217811E+01   0.237646E+01   0.145505E+02   0.278599E+01   0.402798E+00
 0.218098E+01   0.237837E+01   0.145502E+02   0.278868E+01   0.403216E+00
 0.218385E+01   0.238028E+01   0.145497E+02   0.279136E+01   0.403634E+00
 0.218671E+01   0.238218E+01   0.145484E+02   0.279403E+01   0.404052E+00
 0.218958E+01   0.238408E+01   0.145414E+02   0.279669E+01   0.404469E+00
 0.219244E+01   0.238596E+01   0.145428E+02   0.279934E+01   0.404886E+00
 0.219531E+01   0.238784E+01   0.145462E+02   0.280198E+01   0.405303E+00
 0.219818E+01   0.238970E+01   0.145404E+02   0.280461E+01   0.405719E+00
 0.220104E+01   0.239156E+01   0.145438E+02   0.280723E+01   0.406135E+00
 0.220391E+01   0.239341E+01   0.145381E+02   0.280984E+01   0.406551E+00
 0.220677E+01   0.239525E+01   0.145330E+02   0.281243E+01   0.406967E+00
 0.220964E+01   0.239709E+01   0.145337E+02   0.281502E+01   0.407382E+00
 0.221251E+01   0.239892E+01   0.145368E+02   0.281760E+01   0.407797E+00
 0.221537E+01   0.240073E+01   0.145305E+02   0.282016E+01   0.408212E+00
 0.221824E+01   0.240254E+01   0.145254E+02   0.282272E+01   0.408626E+00
 0.222110E+01   0.240435E+01   0.145288E+02   0.282527E+01   0.409040E+00
 0.222397E+01   0.240614E+01   0.145256E+02   0.282780E+01   0.409454E+00
 0.222684E+01   0.240793E+01   0.145300E+02   0.283033E+01   0.409868E+00
 0.222970E+01   0.240971E+01   0.145240E+02   0.283284E+01   0.410281E+00
 0.223257E+01   0.241148E+01   0.145249E+02   0.283535E+01   0.410694E+00
 0.223543E+01   0.241324E+01   0.145203E+02   0.283784E+01   0.411107E+00
 0.223830E+01   0.241499E+01   0.145197E+02   0.284033E+01   0.411520E+00
 0.224117E+01   0.241674E+01   0.145141E+02   0.284280E+01   0.411932E+00
 0.224403E+01   0.241848E+01   0.145130E+02   0.284527E+01   0.412344E+00
 0.224690E+01   0.242021E+01   0.145139E+02   0.284772E+01   0.412756E+00
 0.224976E+01   0.242194E+01   0.145161E+02   0.285017E+01   0.413167E+00
 0.225263E+01   0.242365E+01   0.145112E+02   0.285260E+01   0.413578E+00
 0.225550E+01   0.242536E+01   0.145110E+02   0.285503E+01   0.413989E+00
 0.225836E+01   0.242706E+01   0.145121E+02   0.285745E+01   0.414400E+00
 0.226123E+01   0.242876E+01   0.145052E+02   0.285985E+01   0.414810E+00
 0.226409E+01   0.243044E+01   0.145070E+02   0.286225E+01   0.415220E+00
 0.226696E+01   0.243212E+01   0.145028E+02   0.286463E+01   0.415630E+00
 0.226982E+01   0.243379E+01   0.145046E+02   0.286701E+01   0.416040E+00
 0.227269E+01   0.243546E+01   0.144995E+02   0.286938E+01   0.416449E+00
 0.227556E+01   0.243711E+01   0.144989E+02   0.287174E+01   0.416858E+00
 0.227842E+01   0.243876E+01   0.145004E+02   0.287408E+01   0.417267E+00
 0.228129E+01   0.244041E+01   0.144976E+02   0.287642E+01   0.417675E+00
 0.228415E+01   0.244204E+01   0.144974E+02   0.287875E+01   0.418084E+00
 0.228702E+01   0.244367E+01   0.144877E+02   0.288107E+01   0.418492E+00
 0.228989E+01   0.244529E+01   0.144912E+02   0.288338E+01   0.418899E+00
 0.229275E+01   0.244690E+01   0.144829E+02   0.288568E+01   0.419307E+00
 0.229562E+01   0.244851E+01   0.144890E+02   0.288798E+01   0.419714E+00
 0.229848E+01   0.245011E+01   0.144814E+02   0.289026E+01   0.420121E+00
 0.230135E+01   0.245170E+01   0.144804E+02   0.289253E+01   0.420528E+00
 0.230422E+01   0.245328E+01   0.144810E+02   0.289480E+01   0.420934E+00
 0.230708E+01   0.245486E+01   0.144752E+02   0.289705E+01   0.421340E+00
 0.230995E+01   0.245643E+01   0.144798E+02   0.289930E+01   0.421746E+00
 0.231281E+01   0.245799E+01   0.144755E+02   0.290153E+01   0.422152E+00
 0.231568E+01   0.245955E+01   0.144759E+02   0.290376E+01   0.422557E+00
 0.231855E+01   0.246110E+01   0.144733E+02   0.290598E+01   0.422962E+00
 0.232141E+01   0.246264E+01   0.144699E+02   0.290819E+01   0.423367E+00
 0.232428E+01   0.246418E+01   0.144720E+02   0.291039E+01   0.423771E+00
 0.232714E+01   0.246571E+01   0.144694E+02   0.291258E+01   0.424176E+00
 0.233001E+01   0.246723E+01   0.144687E+02   0.291476E+01   0.424580E+00
 0.233288E+01   0.246874E+01   0.144630E+02   0.291693E+01   0.424983E+00
 0.233574E+01   0.247025E+01   0.144662E+02   0.291910E+01   0.425387E+00
 0.233861E+01   0.247176E+01   0.144580E+02   0.292125E+01   0.425790E+00
 0.234147E+01   0.247325E+01   0.144576E+02   0.292340E+01   0.426193E+00
 0.234434E+01   0.247474E+01   0.144527E+02   0.292554E+01   0.426596E+00
 0.234721E+01   0.247622E+01   0.144526E+02   0.292767E+01   0.426998E+00
 0.235007E+01   0.247770E+01   0.144535E+02   0.292979E+01   0.427401E+00
 0.235294E+01   0.247917E+01   0.144566E+02   0.293190E+01   0.427803E+00
 0.235580E+01   0.248063E+01   0.144495E+02   0.293401E+01   0.428204E+00
 0.235867E+01   0.248208E+01   0.144532E+02   0.293610E+01   0.428606E+00
 0.236153E+01   0.248353E+01   0.144485E+02   0.293819E+01   0.429007E+00
 0.236440E+01   0.248498E+01   0.144469E+02   0.294026E+01   0.429408E+00
 0.236727E+01   0.248641E+01   0.144416E+02   0.294233E+01   0.429808E+00
 0.237013E+01   0.248784E+01   0.144446E+02   0.294439E+01   0.430209E+00
 0.237300E+01   0.248927E+01   0.144439E+02   0.294645E+01   0.430609E+00
 0.237586E+01   0.249068E+01   0.144406E+02   0.294849E+01   0.431009E+00
 0.237873E+01   0.249210E+01   0.144357E+02   0.295053E+01   0.431409E+00
 0.238160E+01   0.249350E+01   0.144356E+02   0.295255E+01   0.431808E+00
 0.238446E+01   0.249490E+01   0.144345E+02   0.295457E+01   0.432207E+00
 0.238733E+01   0.249629E+01   0.144311E+02   0.295658E+01   0.432606E+00
 0.239019E+01   0.249768E+01   0.144316E+02   0.295859E+01   0.433005E+00
 0.239306E+01   0.249906E+01   0.144299E+02   0.296058E+01   0.433403E+00
 0.239593E+01   0.250043E+01   0.144292E+02   0.296257E+01   0.433802E+00
 0.239879E+01   0.250180E+01   0.144271E+02   0.296454E+01   0.434199E+00
 0.240166E+01   0.250316E+01   0.144254E+02   0.296651E+01   0.434597E+00
 0.240452E+01   0.250452E+01   0.144250E+02   0.296847E+01   0.434995E+00
 0.240739E+01   0.250587E+01   0.144150E+02   0.297043E+01   0.435392E+00
 0.241026E+01   0.250721E+01   0.144187E+02   0.297237E+01   0.435789E+00
 0.241312E+01   0.250855E+01   0.144207E+02   0.297431E+01   0.436185E+00
 0.241599E+01   0.250988E+01   0.144176E+02   0.297624E+01   0.436582E+00
 0.241885E+01   0.251120E+01   0.144166E+02   0.297816E+01   0.436978E+00
 0.242172E+01   0.251252E+01   0.144104E+02   0.298008E+01   0.437374E+00
 0.242459E+01   0.251384E+01   0.144080E+02   0.298198E+01   0.437770E+00
 0.242745E+01   0.251515E+01   0.144061E+02   0.298388E+01   0.438165E+00
 0.243032E+01   0.251645E+01   0.144052E+02   0.298577E+01   0.438560E+00
 0.243318E+01   0.251774E+01   0.143987E+02   0.298765E+01   0.438955E+00
 0.243605E+01   0.251903E+01   0.143986E+02   0.298953E+01   0.439350E+00
 0.243892E+01   0.252032E+01   0.144034E+02   0.299139E+01   0.439744E+00
 0.244178E+01   0.252160E+01   0.143959E+02   0.299325E+01   0.440139E+00
 0.244465E+01   0.252287E+01   0.143942E+02   0.299511E+01   0.440533E+00
 0.244751E+01   0.252414E+01   0.143961E+02   0.299695E+01   0.440926E+00
 0.245038E+01   0.252540E+01   0.143960E+02   0.299879E+01   0.441320E+00
 0.245324E+01   0.252666E+01   0.143940E+02   0.300061E+01   0.441713E+00
 0.245611E+01   0.252791E+01   0.143847E+02   0.300244E+01   0.442106E+00
 0.245898E+01   0.252915E+01   0.143881E+02   0.300425E+01   0.442499E+00
 0.246184E+01   0.253039E+01   0.143875E+02   0.300606E+01   0.442891E+00
 0.246471E+01   0.253163E+01   0.143830E+02   0.300785E+01   0.443284E+00
 0.246757E+01   0.253286E+01   0.143864E+02   0.300965E+01   0.443676E+00
 0.247044E+01   0.253408E+01   0.143836E+02   0.301143E+01   0.444068E+00
 0.247331E+01   0.253530E+01   0.143819E+02   0.301321E+01   0.444459E+00
 0.247617E+01   0.253651E+01   0.143802E+02   0.301498E+01   0.444850E+00
 0.247904E+01   0.253772E+01   0.143780E+02   0.301674E+01   0.445242E+00
 0.248190E+01   0.253892E+01   0.143757E+02   0.301849E+01   0.445632E+00
 0.248477E+01   0.254012E+01   0.143706E+02   0.302024E+01   0.446023E+00
 0.248764E+01   0.254131E+01   0.143690E+02   0.302198E+01   0.446413E+00
 0.249050E+01   0.254249E+01   0.143726E+02   0.302371E+01   0.446803E+00
 0.249337E+01   0.254367E+01   0.143666E+02   0.302544E+01   0.447193E+00
 0.249623E+01   0.254485E+01   0.143688E+02   0.302716E+01   0.447583E+00
 0.249910E+01   0.254602E+01   0.143650E+02   0.302887E+01   0.447973E+00
 0.250197E+01   0.254718E+01   0.143635E+02   0.303057E+01   0.448362E+00
 0.250483E+01   0.254834E+01   0.143550E+02   0.303227E+01   0.448751E+00
 0.250770E+01   0.254949E+01   0.143610E+02   0.303396E+01   0.449139E+00
 0.251056E+01   0.255064E+01   0.143527E+02   0.303564E+01   0.449528E+00
 0.251343E+01   0.255179E+01   0.143574E+02   0.303732E+01   0.449916E+00
 0.251630E+01   0.255293E+01   0.143480E+02   0.303899E+01   0.450304E+00
 0.251916E+01   0.255406E+01   0.143508E+02   0.304065E+01   0.450692E+00
 0.252203E+01   0.255519E+01   0.143453E+02   0.304231E+01   0.451080E+00
 0.252489E+01   0.255631E+01   0.143468E+02   0.304396E+01   0.451467E+00
 0.252776E+01   0.255743E+01   0.143409E+02   0.304560E+01   0.451854E+00
 0.253063E+01   0.255854E+01   0.143434E+02   0.304723E+01   0.452241E+00
 0.253349E+01   0.255965E+01   0.143377E+02   0.304886E+01   0.452627E+00
 0.253636E+01   0.256076E+01   0.143381E+02   0.305048E+01   0.453014E+00
 0.253922E+01   0.256186E+01   0.143334E+02   0.305210E+01   0.453400E+00
 0.254209E+01   0.256295E+01   0.143343E+02   0.305370E+01   0.453786E+00
 0.254496E+01   0.256404E+01   0.143332E+02   0.305531E+01   0.454172E+00
 0.254782E+01   0.256512E+01   0.143330E+02   0.305690E+01   0.454557E+00
 0.255069E+01   0.256620E+01   0.143319E+02   0.305849E+01   0.454942E+00
 0.255355E+01   0.256728E+01   0.143286E+02   0.306007E+01   0.455327E+00
 0.255642E+01   0.256835E+01   0.143275E+02   0.306164E+01   0.455712E+00
 0.255928E+01   0.256941E+01   0.143247E+02   0.306321E+01   0.456097E+00
 0.256215E+01   0.257047E+01   0.143216E+02   0.306477E+01   0.456481E+00
 0.256502E+01   0.257153E+01   0.143232E+02   0.306633E+01   0.456865E+00
 0.256788E+01   0.257258E+01   0.143220E+02   0.306788E+01   0.457249E+00
 0.257075E+01   0.257362E+01   0.143153E+02   0.306942E+01   0.457633E+00
 0.257361E+01   0.257467E+01   0.143167E+02   0.307096E+01   0.458016E+00
 0.257648E+01   0.257570E+01   0.143182E+02   0.307249E+01   0.458399E+00
 0.257935E+01   0.257673E+01   0.143136E+02   0.307401E+01   0.458782E+00
 0.258221E+01   0.257776E+01   0.143123E+02   0.307553E+01   0.459165E+00
 0.258508E+01   0.257878E+01   0.143110E+02   0.307704E+01   0.459548E+00
 0.258794E+01   0.257980E+01   0.143090E+02   0.307854E+01   0.459930E+00
 0.259081E+01   0.258082E+01   0.143096E+02   0.308004E+01   0.460312E+00
 0.259368E+01   0.258183E+01   0.143075E+02   0.308153E+01   0.460694E+00
 0.259654E+01   0.258283E+01   0.143014E+02   0.308302E+01   0.461076E+00
 0.259941E+01   0.258383E+01   0.143049E+02   0.308450E+01   0.461457E+00
 0.260227E+01   0.258483E+01   0.142942E+02   0.308597E+01   0.461838E+00
 0.260514E+01   0.258582E+01   0.142925E+02   0.308744E+01   0.462219E+00
 0.260801E+01   0.258680E+01   0.142979E+02   0.308890E+01   0.462600E+00
 0.261087E+01   0.258779E+01   0.142926E+02   0.309035E+01   0.462980E+00
 0.261374E+01   0.258877E+01   0.142867E+02   0.309180E+01   0.463361E+00
 0.261660E+01   0.258974E+01   0.142897E+02   0.309324E+01   0.463741E+00
 0.261947E+01   0.259071E+01   0.142838E+02   0.309468E+01   0.464121E+00
 0.262234E+01   0.259167E+01   0.142867E+02   0.309611E+01   0.464500E+00
 0.262520E+01   0.259263E+01   0.142878E+02   0.309753E+01   0.464880E+00
 0.262807E+01   0.259359E+01   0.142865E+02   0.309895E+01   0.465259E+00
 0.263093E+01   0.259454E+01   0.142850E+02   0.310036E+01   0.465638E+00
 0.263380E+01   0.259549E+01   0.142836E+02   0.310177E+01   0.466017E+00
 0.263667E+01   0.259643E+01   0.142729E+02   0.310317E+01   0.466395E+00
 0.263953E+01   0.259737E+01   0.142786E+02   0.310457E+01   0.466773E+00
 0.264240E+01   0.259831E+01   0.142774E+02   0.310596E+01   0.467152E+00
 0.264526E+01   0.259924E+01   0.142673E+02   0.310734E+01   0.467529E+00
 0.264813E+01   0.260017E+01   0.142742E+02   0.310872E+01   0.467907E+00
 0.265100E+01   0.260109E+01   0.142641E+02   0.311009E+01   0.468285E+00
 0.265386E+01   0.260201E+01   0.142687E+02   0.311145E+01   0.468662E+00
 0.265673E+01   0.260292E+01   0.142674E+02   0.311281E+01   0.469039E+00
 0.265959E+01   0.260383E+01   0.142666E+02   0.311417E+01   0.469416E+00
 0.266246E+01   0.260474E+01   0.142618E+02   0.311552E+01   0.469792E+00
 0.266532E+01   0.260564E+01   0.142636E+02   0.311686E+01   0.470169E+00
 0.266819E+01   0.260654E+01   0.142617E+02   0.311820E+01   0.470545E+00
 0.267106E+01   0.260744E+01   0.142539E+02   0.311953E+01   0.470921E+00
 0.267392E+01   0.260833E+01   0.142570E+02   0.312086E+01   0.471296E+00
 0.267679E+01   0.260921E+01   0.142477E+02   0.312218E+01   0.471672E+00
 0.267965E+01   0.261009E+01   0.142510E+02   0.312349E+01   0.472047E+00
 0.268252E+01   0.261097E+01   0.142463E+02   0.312480E+01   0.472422E+00
 0.268539E+01   0.261185E+01   0.142512E+02   0.312611E+01   0.472797E+00
 0.268825E+01   0.261272E+01   0.142473E+02   0.312741E+01   0.473172E+00
 0.269112E+01   0.261358E+01   0.142473E+02   0.312870E+01   0.473546E+00
 0.269398E+01   0.261445E+01   0.142392E+02   0.312999E+01   0.473921E+00
 0.269685E+01   0.261531E+01   0.142352E+02   0.313127E+01   0.474295E+00
 0.269972E+01   0.261616E+01   0.142343E+02   0.313255E+01   0.474668E+00
 0.270258E+01   0.261701E+01   0.142316E+02   0.313382E+01   0.475042E+00
 0.270545E+01   0.261786E+01   0.142302E+02   0.313508E+01   0.475415E+00
 0.270831E+01   0.261870E+01   0.142289E+02   0.313634E+01   0.475789E+00
 0.271118E+01   0.261954E+01   0.142324E+02   0.313760E+01   0.476162E+00
 0.271405E+01   0.262038E+01   0.142242E+02   0.313885E+01   0.476534E+00
 0.271691E+01   0.262121E+01   0.142230E+02   0.314010E+01   0.476907E+00
 0.271978E+01   0.262204E+01   0.142300E+02   0.314134E+01   0.477279E+00
 0.272264E+01   0.262287E+01   0.142248E+02   0.314257E+01   0.477652E+00
 0.272551E+01   0.262369E+01   0.142214E+02   0.314380E+01   0.478023E+00
 0.272838E+01   0.262450E+01   0.142209E+02   0.314502E+01   0.478395E+00
 0.273124E+01   0.262532E+01   0.142226E+02   0.314624E+01   0.478767E+00
 0.273411E+01   0.262613E+01   0.142116E+02   0.314746E+01   0.479138E+00
 0.273697E+01   0.262694E+01   0.142131E+02   0.314866E+01   0.479509E+00
 0.273984E+01   0.262774E+01   0.142141E+02   0.314987E+01   0.479880E+00
 0.274271E+01   0.262854E+01   0.142126E+02   0.315107E+01   0.480251E+00
 0.274557E+01   0.262933E+01   0.142111E+02   0.315226E+01   0.480621E+00
 0.274844E+01   0.263013E+01   0.142111E+02   0.315345E+01   0.480991E+00
 0.275130E+01   0.263091E+01   0.142068E+02   0.315463E+01   0.481362E+00
 0.275417E+01   0.263170E+01   0.142055E+02   0.315581E+01   0.481731E+00
 0.275703E+01   0.263248E+01   0.141996E+02   0.315698E+01   0.482101E+00
 0.275990E+01   0.263326E+01   0.142023E+02   0.315815E+01   0.482470E+00
 0.276277E+01   0.263403E+01   0.142014E+02   0.315932E+01   0.482840E+00
 0.276563E+01   0.263480E+01   0.141974E+02   0.316047E+01   0.483209E+00
 0.276850E+01   0.263557E+01   0.141908E+02   0.316163E+01   0.483578E+00
 0.277136E+01   0.263634E+01   0.141976E+02   0.316278E+01   0.483946E+00
 0.277423E+01   0.263710E+01   0.141942E+02   0.316392E+01   0.484315E+00
 0.277710E+01   0.263785E+01   0.141890E+02   0.316506E+01   0.484683E+00
 0.277996E+01   0.263861E+01   0.141837E+02   0.316619E+01   0.485051E+00
 0.278283E+01   0.263936E+01   0.141890E+02   0.316732E+01   0.485419E+00
 0.278569E+01   0.264011E+01   0.141863E+02   0.316845E+01   0.485787E+00
 0.278856E+01   0.264085E+01   0.141807E+02   0.316957E+01   0.486154E+00
 0.279143E+01   0.264159E+01   0.141850E+02   0.317068E+01   0.486521E+00
 0.279429E+01   0.264233E+01   0.141742E+02   0.317179E+01   0.486888E+00
 0.279716E+01   0.264306E+01   0.141789E+02   0.317290E+01   0.487255E+00
 0.280002E+01   0.264379E+01   0.141769E+02   0.317400E+01   0.487622E+00
 0.280289E+01   0.264452E+01   0.141758E+02   0.317509E+01   0.487989E+00
 0.280576E+01   0.264524E+01   0.141763E+02   0.317619E+01   0.488355E+00
 0.280862E+01   0.264596E+01   0.141713E+02   0.317727E+01   0.488721E+00
 0.281149E+01   0.264668E+01   0.141691E+02   0.317836E+01   0.489087E+00
 0.281435E+01   0.264740E+01   0.141612E+02   0.317943E+01   0.489452E+00
 0.281722E+01   0.264811E+01   0.141688E+02   0.318051E+01   0.489818E+00
 0.282009E+01   0.264881E+01   0.141617E+02   0.318157E+01   0.490183E+00
 0.282295E+01   0.264952E+01   0.141595E+02   0.318264E+01   0.490548E+00
 0.282582E+01   0.265022E+01   0.141554E+02   0.318370E+01   0.490913E+00
 0.282868E+01   0.265092E+01   0.141608E+02   0.318475E+01   0.491277E+00
 0.283155E+01   0.265162E+01   0.141569E+02   0.318580E+01   0.491641E+00
 0.283442E+01   0.265231E+01   0.141513E+02   0.318685E+01   0.492005E+00
 0.283728E+01   0.265300E+01   0.141564E+02   0.318789E+01   0.492369E+00
 0.284015E+01   0.265368E+01   0.141453E+02   0.318893E+01   0.492733E+00
 0.284301E+01   0.265437E+01   0.141465E+02   0.318996E+01   0.493096E+00
 0.284588E+01   0.265505E+01   0.141506E+02   0.319099E+01   0.493459E+00
 0.284874E+01   0.265572E+01   0.141432E+02   0.319201E+01   0.493823E+00
 0.285161E+01   0.265640E+01   0.141403E+02   0.319303E+01   0.494186E+00
 0.285448E+01   0.265707E+01   0.141410E+02   0.319405E+01   0.494549E+00
 0.285734E+01   0.265773E+01   0.141415E+02   0.319506E+01   0.494912E+00
 0.286021E+01   0.265840E+01   0.141416E+02   0.319606E+01   0.495274E+00
 0.286307E+01   0.265906E+01   0.141399E+02   0.319707E+01   0.495637E+00
