 0.745400E-10   0.000000E+00   0.000000E+00   0.000000E+00   0.158100E-10
 0.281369E-02   0.544510E+00   0.181604E+03   0.548987E+00   0.591418E-03
 0.562737E-02   0.509391E+00   0.173253E+03   0.513480E+00   0.118107E-02
 0.844106E-02   0.479722E+00   0.166658E+03   0.483489E+00   0.177149E-02
 0.112547E-01   0.453200E+00   0.160801E+03   0.456692E+00   0.236144E-02
 0.140684E-01   0.432088E+00   0.156809E+03   0.435368E+00   0.295217E-02
 0.168821E-01   0.413764E+00   0.153549E+03   0.416861E+00   0.354223E-02
 0.196958E-01   0.398524E+00   0.151201E+03   0.401472E+00   0.413067E-02
 0.225095E-01   0.384225E+00   0.148939E+03   0.387034E+00   0.471898E-02
 0.253232E-01   0.372599E+00   0.147542E+03   0.375298E+00   0.530893E-02
 0.281369E-01   0.359399E+00   0.145254E+03   0.361972E+00   0.589937E-02
 0.309506E-01   0.347798E+00   0.143416E+03   0.350263E+00   0.648913E-02
 0.337642E-01   0.336483E+00   0.141536E+03   0.338843E+00   0.707798E-02
 0.365779E-01   0.332666E+00   0.142715E+03   0.334996E+00   0.766576E-02
 0.393916E-01   0.321419E+00   0.140622E+03   0.323646E+00   0.825266E-02
 0.422053E-01   0.310156E+00   0.138259E+03   0.312280E+00   0.883929E-02
 0.450190E-01   0.299813E+00   0.135933E+03   0.301843E+00   0.942620E-02
 0.478327E-01   0.292663E+00   0.134653E+03   0.294630E+00   0.100135E-01
 0.506464E-01   0.286224E+00   0.133406E+03   0.288134E+00   0.106011E-01
 0.534600E-01   0.283086E+00   0.133386E+03   0.284969E+00   0.111891E-01
 0.562737E-01   0.275572E+00   0.131250E+03   0.277387E+00   0.117774E-01
 0.590874E-01   0.272700E+00   0.131024E+03   0.274491E+00   0.123659E-01
 0.619011E-01   0.273469E+00   0.132323E+03   0.275269E+00   0.129547E-01
 0.647148E-01   0.270967E+00   0.132070E+03   0.272746E+00   0.135436E-01
 0.675285E-01   0.268682E+00   0.131842E+03   0.270441E+00   0.141327E-01
 0.703422E-01   0.267337E+00   0.131987E+03   0.269086E+00   0.147220E-01
 0.731559E-01   0.270887E+00   0.134350E+03   0.272670E+00   0.153113E-01
 0.759695E-01   0.268737E+00   0.134057E+03   0.270501E+00   0.159007E-01
 0.787832E-01   0.266761E+00   0.133816E+03   0.268508E+00   0.164901E-01
 0.815969E-01   0.264141E+00   0.133251E+03   0.265865E+00   0.170795E-01
 0.844106E-01   0.265963E+00   0.134757E+03   0.267706E+00   0.176689E-01
 0.872243E-01   0.263812E+00   0.134389E+03   0.265536E+00   0.182582E-01
 0.900380E-01   0.268900E+00   0.137450E+03   0.270674E+00   0.188474E-01
 0.928517E-01   0.269712E+00   0.138497E+03   0.271496E+00   0.194364E-01
 0.956654E-01   0.270201E+00   0.139401E+03   0.271992E+00   0.200253E-01
 0.984790E-01   0.270394E+00   0.140181E+03   0.272189E+00   0.206140E-01
 0.101293E+00   0.267801E+00   0.139641E+03   0.269573E+00   0.212024E-01
 0.104106E+00   0.271745E+00   0.142295E+03   0.273556E+00   0.217906E-01
 0.106920E+00   0.282979E+00   0.148594E+03   0.284896E+00   0.223786E-01
 0.109734E+00   0.289937E+00   0.152922E+03   0.291920E+00   0.229663E-01
 0.112547E+00   0.289135E+00   0.153464E+03   0.291112E+00   0.235540E-01
 0.115361E+00   0.298903E+00   0.159443E+03   0.300972E+00   0.241415E-01
 0.118175E+00   0.294251E+00   0.158179E+03   0.296279E+00   0.247289E-01
 0.120989E+00   0.292189E+00   0.158313E+03   0.294199E+00   0.253162E-01
 0.123802E+00   0.297859E+00   0.162535E+03   0.299927E+00   0.259035E-01
 0.126616E+00   0.308766E+00   0.169688E+03   0.310947E+00   0.264908E-01
 0.129430E+00   0.304031E+00   0.168662E+03   0.306169E+00   0.270781E-01
 0.132243E+00   0.298941E+00   0.167501E+03   0.301033E+00   0.276653E-01
 0.135057E+00   0.301273E+00   0.170385E+03   0.303394E+00   0.282526E-01
 0.137871E+00   0.302046E+00   0.172519E+03   0.304180E+00   0.288398E-01
 0.140684E+00   0.298207E+00   0.172206E+03   0.300308E+00   0.294270E-01
 0.143498E+00   0.298653E+00   0.174307E+03   0.300764E+00   0.300141E-01
 0.146312E+00   0.310058E+00   0.182690E+03   0.312282E+00   0.306011E-01
 0.149125E+00   0.314236E+00   0.187262E+03   0.316501E+00   0.311881E-01
 0.151939E+00   0.306859E+00   0.185178E+03   0.309059E+00   0.317751E-01
 0.154753E+00   0.305526E+00   0.186721E+03   0.307716E+00   0.323619E-01
 0.157566E+00   0.298529E+00   0.184961E+03   0.300657E+00   0.329487E-01
 0.160380E+00   0.292408E+00   0.183770E+03   0.294482E+00   0.335355E-01
 0.163194E+00   0.285968E+00   0.182431E+03   0.287986E+00   0.341221E-01
 0.166008E+00   0.281131E+00   0.182103E+03   0.283107E+00   0.347087E-01
 0.168821E+00   0.274663E+00   0.180820E+03   0.276584E+00   0.352953E-01
 0.171635E+00   0.268645E+00   0.179839E+03   0.270513E+00   0.358818E-01
 0.174449E+00   0.261091E+00   0.177912E+03   0.262894E+00   0.364682E-01
 0.177262E+00   0.257975E+00   0.178821E+03   0.259752E+00   0.370546E-01
 0.180076E+00   0.250167E+00   0.176733E+03   0.251877E+00   0.376409E-01
 0.182890E+00   0.245679E+00   0.176820E+03   0.247352E+00   0.382272E-01
 0.185703E+00   0.244593E+00   0.179278E+03   0.246258E+00   0.388134E-01
 0.188517E+00   0.240512E+00   0.179789E+03   0.242144E+00   0.393996E-01
 0.191331E+00   0.235612E+00   0.179765E+03   0.237203E+00   0.399857E-01
 0.194144E+00   0.229930E+00   0.179189E+03   0.231473E+00   0.405717E-01
 0.196958E+00   0.224183E+00   0.178556E+03   0.225678E+00   0.411577E-01
 0.199772E+00   0.217783E+00   0.177396E+03   0.219223E+00   0.417436E-01
 0.202585E+00   0.207259E+00   0.172867E+03   0.208610E+00   0.423295E-01
 0.205399E+00   0.199707E+00   0.170516E+03   0.200994E+00   0.429153E-01
 0.208213E+00   0.192045E+00   0.167903E+03   0.193267E+00   0.435010E-01
 0.211027E+00   0.183417E+00   0.164222E+03   0.184567E+00   0.440867E-01
 0.213840E+00   0.177955E+00   0.163162E+03   0.179060E+00   0.446723E-01
 0.216654E+00   0.171805E+00   0.161317E+03   0.172858E+00   0.452579E-01
 0.219468E+00   0.168333E+00   0.161972E+03   0.169359E+00   0.458434E-01
 0.222281E+00   0.160060E+00   0.157564E+03   0.161017E+00   0.464288E-01
 0.225095E+00   0.154800E+00   0.156000E+03   0.155713E+00   0.470142E-01
 0.227909E+00   0.148464E+00   0.152936E+03   0.149325E+00   0.475996E-01
 0.230722E+00   0.142611E+00   0.150041E+03   0.143423E+00   0.481848E-01
 0.233536E+00   0.137555E+00   0.147755E+03   0.138325E+00   0.487700E-01
 0.236350E+00   0.131279E+00   0.143366E+03   0.131997E+00   0.493552E-01
 0.239163E+00   0.127832E+00   0.142505E+03   0.128522E+00   0.499403E-01
 0.241977E+00   0.121830E+00   0.137317E+03   0.122471E+00   0.505253E-01
 0.244791E+00   0.117004E+00   0.133241E+03   0.117605E+00   0.511103E-01
 0.247604E+00   0.112536E+00   0.129058E+03   0.113100E+00   0.516952E-01
 0.250418E+00   0.107760E+00   0.123410E+03   0.108285E+00   0.522801E-01
 0.253232E+00   0.105233E+00   0.121619E+03   0.105737E+00   0.528649E-01
 0.256045E+00   0.101445E+00   0.116333E+03   0.101917E+00   0.534496E-01
 0.258859E+00   0.991998E-01   0.113970E+03   0.996544E-01   0.540343E-01
 0.261673E+00   0.963562E-01   0.109291E+03   0.967874E-01   0.546189E-01
 0.264487E+00   0.948978E-01   0.107878E+03   0.953171E-01   0.552034E-01
 0.267300E+00   0.948918E-01   0.110837E+03   0.953115E-01   0.557879E-01
 0.270114E+00   0.933937E-01   0.108695E+03   0.938012E-01   0.563724E-01
 0.272928E+00   0.925587E-01   0.108515E+03   0.929598E-01   0.569567E-01
 0.275741E+00   0.920612E-01   0.109493E+03   0.924589E-01   0.575411E-01
 0.278555E+00   0.915048E-01   0.110140E+03   0.918985E-01   0.581253E-01
 0.281369E+00   0.905210E-01   0.108441E+03   0.909069E-01   0.587095E-01
 0.284182E+00   0.897546E-01   0.107315E+03   0.901346E-01   0.592937E-01
 0.286996E+00   0.891100E-01   0.106379E+03   0.894849E-01   0.598777E-01
 0.289810E+00   0.883519E-01   0.104002E+03   0.887206E-01   0.604617E-01
 0.292623E+00   0.877156E-01   0.101587E+03   0.880792E-01   0.610457E-01
 0.295437E+00   0.870796E-01   0.980943E+02   0.874378E-01   0.616296E-01
 0.298251E+00   0.866131E-01   0.949587E+02   0.869675E-01   0.622134E-01
 0.301064E+00   0.862798E-01   0.920392E+02   0.866315E-01   0.627972E-01
 0.303878E+00   0.859529E-01   0.879614E+02   0.863020E-01   0.633809E-01
 0.306692E+00   0.857768E-01   0.844871E+02   0.861245E-01   0.639646E-01
 0.309506E+00   0.856720E-01   0.807749E+02   0.860191E-01   0.645481E-01
 0.312319E+00   0.856718E-01   0.774761E+02   0.860193E-01   0.651317E-01
 0.315133E+00   0.857768E-01   0.748933E+02   0.861255E-01   0.657151E-01
 0.317947E+00   0.859267E-01   0.721476E+02   0.862772E-01   0.662986E-01
 0.320760E+00   0.861422E-01   0.697798E+02   0.864951E-01   0.668819E-01
 0.323574E+00   0.863892E-01   0.671612E+02   0.867448E-01   0.674652E-01
 0.326388E+00   0.866872E-01   0.648648E+02   0.870459E-01   0.680484E-01
 0.329201E+00   0.870150E-01   0.624549E+02   0.873773E-01   0.686316E-01
 0.332015E+00   0.873872E-01   0.604785E+02   0.877535E-01   0.692147E-01
 0.334829E+00   0.877866E-01   0.585352E+02   0.881572E-01   0.697977E-01
 0.337642E+00   0.882121E-01   0.566758E+02   0.885873E-01   0.703807E-01
 0.340456E+00   0.886575E-01   0.547445E+02   0.890376E-01   0.709636E-01
 0.343270E+00   0.891266E-01   0.529693E+02   0.895117E-01   0.715464E-01
 0.346083E+00   0.896176E-01   0.513821E+02   0.900081E-01   0.721292E-01
 0.348897E+00   0.901264E-01   0.498682E+02   0.905225E-01   0.727120E-01
 0.351711E+00   0.906547E-01   0.486089E+02   0.910567E-01   0.732946E-01
 0.354525E+00   0.912014E-01   0.476482E+02   0.916095E-01   0.738772E-01
 0.357338E+00   0.917650E-01   0.470313E+02   0.921795E-01   0.744598E-01
 0.360152E+00   0.923422E-01   0.466635E+02   0.927633E-01   0.750422E-01
 0.362966E+00   0.929224E-01   0.457062E+02   0.933501E-01   0.756246E-01
 0.365779E+00   0.935128E-01   0.447248E+02   0.939473E-01   0.762070E-01
 0.368593E+00   0.941140E-01   0.438131E+02   0.945556E-01   0.767893E-01
 0.371407E+00   0.947231E-01   0.427204E+02   0.951718E-01   0.773715E-01
 0.374220E+00   0.953467E-01   0.421751E+02   0.958027E-01   0.779536E-01
 0.377034E+00   0.959844E-01   0.423620E+02   0.964480E-01   0.785357E-01
 0.379848E+00   0.966247E-01   0.419198E+02   0.970960E-01   0.791178E-01
 0.382661E+00   0.972726E-01   0.414191E+02   0.977517E-01   0.796997E-01
 0.385475E+00   0.979283E-01   0.409153E+02   0.984155E-01   0.802816E-01
 0.388289E+00   0.985915E-01   0.403554E+02   0.990868E-01   0.808634E-01
 0.391102E+00   0.992637E-01   0.401227E+02   0.997675E-01   0.814452E-01
 0.393916E+00   0.999443E-01   0.402044E+02   0.100457E+00   0.820269E-01
 0.396730E+00   0.100632E+00   0.406491E+02   0.101153E+00   0.826085E-01
 0.399544E+00   0.101326E+00   0.405485E+02   0.101856E+00   0.831901E-01
 0.402357E+00   0.102026E+00   0.403824E+02   0.102565E+00   0.837716E-01
 0.405171E+00   0.102734E+00   0.401596E+02   0.103282E+00   0.843530E-01
 0.407985E+00   0.103449E+00   0.406063E+02   0.104006E+00   0.849344E-01
 0.410798E+00   0.104170E+00   0.402517E+02   0.104737E+00   0.855157E-01
 0.413612E+00   0.104899E+00   0.402256E+02   0.105475E+00   0.860969E-01
 0.416426E+00   0.105634E+00   0.395718E+02   0.106220E+00   0.866781E-01
 0.419239E+00   0.106377E+00   0.394142E+02   0.106973E+00   0.872592E-01
 0.422053E+00   0.107127E+00   0.394484E+02   0.107733E+00   0.878402E-01
 0.424867E+00   0.107884E+00   0.396894E+02   0.108501E+00   0.884212E-01
 0.427680E+00   0.108648E+00   0.394068E+02   0.109276E+00   0.890021E-01
 0.430494E+00   0.109419E+00   0.389839E+02   0.110058E+00   0.895829E-01
 0.433308E+00   0.110198E+00   0.385141E+02   0.110847E+00   0.901636E-01
 0.436121E+00   0.110984E+00   0.377243E+02   0.111645E+00   0.907443E-01
 0.438935E+00   0.111777E+00   0.369717E+02   0.112449E+00   0.913249E-01
 0.441749E+00   0.112578E+00   0.362451E+02   0.113261E+00   0.919054E-01
 0.444562E+00   0.113386E+00   0.355578E+02   0.114081E+00   0.924859E-01
 0.447376E+00   0.114202E+00   0.349046E+02   0.114909E+00   0.930663E-01
 0.450190E+00   0.115025E+00   0.342761E+02   0.115744E+00   0.936466E-01
 0.453004E+00   0.115855E+00   0.336727E+02   0.116587E+00   0.942268E-01
 0.455817E+00   0.116694E+00   0.330973E+02   0.117438E+00   0.948070E-01
 0.458631E+00   0.117540E+00   0.325421E+02   0.118298E+00   0.953871E-01
 0.461445E+00   0.118395E+00   0.320109E+02   0.119165E+00   0.959671E-01
 0.464258E+00   0.119257E+00   0.314946E+02   0.120041E+00   0.965471E-01
 0.467072E+00   0.120127E+00   0.310025E+02   0.120924E+00   0.971270E-01
 0.469886E+00   0.121006E+00   0.305320E+02   0.121817E+00   0.977068E-01
 0.472699E+00   0.121892E+00   0.300690E+02   0.122717E+00   0.982865E-01
 0.475513E+00   0.122787E+00   0.296376E+02   0.123627E+00   0.988661E-01
 0.478327E+00   0.123691E+00   0.292125E+02   0.124545E+00   0.994457E-01
 0.481140E+00   0.124603E+00   0.288001E+02   0.125472E+00   0.100025E+00
 0.483954E+00   0.125523E+00   0.284040E+02   0.126407E+00   0.100605E+00
 0.486768E+00   0.126453E+00   0.280209E+02   0.127352E+00   0.101184E+00
 0.489581E+00   0.127391E+00   0.276571E+02   0.128306E+00   0.101763E+00
 0.492395E+00   0.128338E+00   0.272981E+02   0.129269E+00   0.102342E+00
 0.495209E+00   0.129294E+00   0.269499E+02   0.130241E+00   0.102922E+00
 0.498023E+00   0.130260E+00   0.266233E+02   0.131223E+00   0.103501E+00
 0.500836E+00   0.131235E+00   0.262937E+02   0.132215E+00   0.104079E+00
 0.503650E+00   0.132219E+00   0.259773E+02   0.133217E+00   0.104658E+00
 0.506464E+00   0.133214E+00   0.256754E+02   0.134229E+00   0.105237E+00
 0.509277E+00   0.134218E+00   0.253777E+02   0.135251E+00   0.105816E+00
 0.512091E+00   0.135233E+00   0.250919E+02   0.136284E+00   0.106394E+00
 0.514905E+00   0.136258E+00   0.248179E+02   0.137328E+00   0.106973E+00
 0.517718E+00   0.137293E+00   0.245471E+02   0.138381E+00   0.107551E+00
 0.520532E+00   0.138338E+00   0.242853E+02   0.139446E+00   0.108130E+00
 0.523346E+00   0.139393E+00   0.240291E+02   0.140520E+00   0.108708E+00
 0.526159E+00   0.140459E+00   0.237806E+02   0.141606E+00   0.109286E+00
 0.528973E+00   0.141534E+00   0.235393E+02   0.142701E+00   0.109864E+00
 0.531787E+00   0.142619E+00   0.233074E+02   0.143807E+00   0.110442E+00
 0.534600E+00   0.143715E+00   0.230836E+02   0.144923E+00   0.111020E+00
 0.537414E+00   0.144820E+00   0.228581E+02   0.146050E+00   0.111598E+00
 0.540228E+00   0.145934E+00   0.226399E+02   0.147186E+00   0.112176E+00
 0.543042E+00   0.147058E+00   0.224351E+02   0.148332E+00   0.112754E+00
 0.545855E+00   0.148192E+00   0.222329E+02   0.149488E+00   0.113331E+00
 0.548669E+00   0.149333E+00   0.220348E+02   0.150652E+00   0.113909E+00
 0.551483E+00   0.150484E+00   0.218361E+02   0.151826E+00   0.114486E+00
 0.554296E+00   0.151642E+00   0.216566E+02   0.153008E+00   0.115063E+00
 0.557110E+00   0.152809E+00   0.214651E+02   0.154199E+00   0.115641E+00
 0.559924E+00   0.153983E+00   0.212906E+02   0.155397E+00   0.116218E+00
 0.562737E+00   0.155165E+00   0.211234E+02   0.156604E+00   0.116795E+00
 0.565551E+00   0.156355E+00   0.209550E+02   0.157819E+00   0.117372E+00
 0.568365E+00   0.157554E+00   0.207863E+02   0.159043E+00   0.117949E+00
 0.571178E+00   0.158762E+00   0.206261E+02   0.160277E+00   0.118525E+00
 0.573992E+00   0.159980E+00   0.204698E+02   0.161521E+00   0.119102E+00
 0.576806E+00   0.161207E+00   0.203253E+02   0.162775E+00   0.119679E+00
 0.579619E+00   0.162446E+00   0.201696E+02   0.164040E+00   0.120255E+00
 0.582433E+00   0.163695E+00   0.200336E+02   0.165318E+00   0.120832E+00
 0.585247E+00   0.164956E+00   0.198845E+02   0.166607E+00   0.121408E+00
 0.588061E+00   0.166229E+00   0.197532E+02   0.167908E+00   0.121984E+00
 0.590874E+00   0.167515E+00   0.196168E+02   0.169223E+00   0.122560E+00
 0.593688E+00   0.168812E+00   0.194790E+02   0.170550E+00   0.123136E+00
 0.596502E+00   0.170121E+00   0.193530E+02   0.171889E+00   0.123712E+00
 0.599315E+00   0.171443E+00   0.192294E+02   0.173242E+00   0.124288E+00
 0.602129E+00   0.172778E+00   0.191020E+02   0.174608E+00   0.124864E+00
 0.604943E+00   0.174125E+00   0.189794E+02   0.175987E+00   0.125439E+00
 0.607756E+00   0.175485E+00   0.188644E+02   0.177379E+00   0.126015E+00
 0.610570E+00   0.176858E+00   0.187443E+02   0.178785E+00   0.126590E+00
 0.613384E+00   0.178243E+00   0.186321E+02   0.180204E+00   0.127166E+00
 0.616197E+00   0.179642E+00   0.185204E+02   0.181638E+00   0.127741E+00
 0.619011E+00   0.181055E+00   0.184139E+02   0.183085E+00   0.128316E+00
 0.621825E+00   0.182481E+00   0.183016E+02   0.184546E+00   0.128891E+00
 0.624638E+00   0.183921E+00   0.181960E+02   0.186022E+00   0.129466E+00
 0.627452E+00   0.185374E+00   0.181000E+02   0.187513E+00   0.130041E+00
 0.630266E+00   0.186842E+00   0.179977E+02   0.189018E+00   0.130615E+00
 0.633080E+00   0.188324E+00   0.178953E+02   0.190538E+00   0.131190E+00
 0.635893E+00   0.189821E+00   0.178054E+02   0.192074E+00   0.131764E+00
 0.638707E+00   0.191332E+00   0.177094E+02   0.193624E+00   0.132339E+00
 0.641521E+00   0.192858E+00   0.176172E+02   0.195191E+00   0.132913E+00
 0.644334E+00   0.194399E+00   0.175271E+02   0.196773E+00   0.133487E+00
 0.647148E+00   0.195955E+00   0.174339E+02   0.198371E+00   0.134061E+00
 0.649962E+00   0.197527E+00   0.173470E+02   0.199984E+00   0.134635E+00
 0.652775E+00   0.199113E+00   0.172653E+02   0.201614E+00   0.135209E+00
 0.655589E+00   0.200716E+00   0.171814E+02   0.203261E+00   0.135783E+00
 0.658403E+00   0.202334E+00   0.170973E+02   0.204924E+00   0.136356E+00
 0.661216E+00   0.203967E+00   0.170161E+02   0.206603E+00   0.136930E+00
 0.664030E+00   0.205617E+00   0.169313E+02   0.208299E+00   0.137503E+00
 0.666844E+00   0.207283E+00   0.168585E+02   0.210013E+00   0.138076E+00
 0.669657E+00   0.208965E+00   0.167831E+02   0.211743E+00   0.138650E+00
 0.672471E+00   0.210663E+00   0.167101E+02   0.213491E+00   0.139223E+00
 0.675285E+00   0.212378E+00   0.166332E+02   0.215256E+00   0.139796E+00
 0.678098E+00   0.214110E+00   0.165597E+02   0.217039E+00   0.140368E+00
 0.680912E+00   0.215859E+00   0.164951E+02   0.218839E+00   0.140941E+00
 0.683726E+00   0.217624E+00   0.164174E+02   0.220658E+00   0.141514E+00
 0.686540E+00   0.219407E+00   0.163558E+02   0.222494E+00   0.142086E+00
 0.689353E+00   0.221207E+00   0.162915E+02   0.224349E+00   0.142658E+00
 0.692167E+00   0.223024E+00   0.162248E+02   0.226222E+00   0.143230E+00
 0.694981E+00   0.224859E+00   0.161576E+02   0.228114E+00   0.143802E+00
 0.697794E+00   0.226711E+00   0.160974E+02   0.230024E+00   0.144374E+00
 0.700608E+00   0.228582E+00   0.160323E+02   0.231954E+00   0.144946E+00
 0.703422E+00   0.230470E+00   0.159740E+02   0.233902E+00   0.145518E+00
 0.706235E+00   0.232376E+00   0.159097E+02   0.235869E+00   0.146089E+00
 0.709049E+00   0.234300E+00   0.158511E+02   0.237856E+00   0.146661E+00
 0.711863E+00   0.236243E+00   0.157981E+02   0.239862E+00   0.147232E+00
 0.714676E+00   0.238204E+00   0.157418E+02   0.241888E+00   0.147803E+00
 0.717490E+00   0.240183E+00   0.156849E+02   0.243933E+00   0.148374E+00
 0.720304E+00   0.242181E+00   0.156324E+02   0.245998E+00   0.148945E+00
 0.723117E+00   0.244198E+00   0.155779E+02   0.248083E+00   0.149516E+00
 0.725931E+00   0.246234E+00   0.155250E+02   0.250189E+00   0.150087E+00
 0.728745E+00   0.248289E+00   0.154747E+02   0.252314E+00   0.150657E+00
 0.731559E+00   0.250363E+00   0.154300E+02   0.254460E+00   0.151227E+00
 0.734372E+00   0.252456E+00   0.153782E+02   0.256627E+00   0.151798E+00
 0.737186E+00   0.254569E+00   0.153329E+02   0.258814E+00   0.152368E+00
 0.740000E+00   0.256701E+00   0.152810E+02   0.261022E+00   0.152938E+00
 0.742813E+00   0.258853E+00   0.152341E+02   0.263251E+00   0.153508E+00
 0.745627E+00   0.261024E+00   0.151880E+02   0.265500E+00   0.154077E+00
 0.748441E+00   0.263215E+00   0.151484E+02   0.267772E+00   0.154647E+00
 0.751254E+00   0.265426E+00   0.151060E+02   0.270064E+00   0.155216E+00
 0.754068E+00   0.267657E+00   0.150580E+02   0.272378E+00   0.155785E+00
 0.756882E+00   0.269908E+00   0.150134E+02   0.274713E+00   0.156354E+00
 0.759695E+00   0.272179E+00   0.149787E+02   0.277071E+00   0.156923E+00
 0.762509E+00   0.274471E+00   0.149353E+02   0.279449E+00   0.157492E+00
 0.765323E+00   0.276783E+00   0.148985E+02   0.281850E+00   0.158061E+00
 0.768137E+00   0.279115E+00   0.148564E+02   0.284273E+00   0.158629E+00
 0.770950E+00   0.281468E+00   0.148192E+02   0.286718E+00   0.159198E+00
 0.773764E+00   0.283842E+00   0.147807E+02   0.289186E+00   0.159766E+00
 0.776578E+00   0.286236E+00   0.147411E+02   0.291675E+00   0.160334E+00
 0.779391E+00   0.288651E+00   0.147143E+02   0.294188E+00   0.160902E+00
 0.782205E+00   0.291088E+00   0.146757E+02   0.296723E+00   0.161470E+00
 0.785019E+00   0.293545E+00   0.146365E+02   0.299280E+00   0.162037E+00
 0.787832E+00   0.296023E+00   0.146051E+02   0.301861E+00   0.162605E+00
 0.790646E+00   0.298523E+00   0.145725E+02   0.304464E+00   0.163172E+00
 0.793460E+00   0.301044E+00   0.145447E+02   0.307091E+00   0.163739E+00
 0.796273E+00   0.303586E+00   0.145135E+02   0.309740E+00   0.164306E+00
 0.799087E+00   0.306149E+00   0.144766E+02   0.312413E+00   0.164873E+00
 0.801901E+00   0.308734E+00   0.144454E+02   0.315109E+00   0.165439E+00
 0.804714E+00   0.311341E+00   0.144148E+02   0.317829E+00   0.166006E+00
 0.807528E+00   0.313969E+00   0.143851E+02   0.320572E+00   0.166572E+00
 0.810342E+00   0.316619E+00   0.143606E+02   0.323339E+00   0.167138E+00
 0.813155E+00   0.319291E+00   0.143319E+02   0.326130E+00   0.167704E+00
 0.815969E+00   0.321985E+00   0.143083E+02   0.328944E+00   0.168270E+00
 0.818783E+00   0.324700E+00   0.142756E+02   0.331783E+00   0.168836E+00
 0.821597E+00   0.327438E+00   0.142524E+02   0.334645E+00   0.169401E+00
 0.824410E+00   0.330197E+00   0.142270E+02   0.337532E+00   0.169967E+00
 0.827224E+00   0.332979E+00   0.141962E+02   0.340442E+00   0.170532E+00
 0.830038E+00   0.335783E+00   0.141761E+02   0.343377E+00   0.171097E+00
 0.832851E+00   0.338609E+00   0.141491E+02   0.346337E+00   0.171662E+00
 0.835665E+00   0.341457E+00   0.141306E+02   0.349321E+00   0.172226E+00
 0.838479E+00   0.344327E+00   0.141030E+02   0.352329E+00   0.172791E+00
 0.841292E+00   0.347220E+00   0.140821E+02   0.355362E+00   0.173355E+00
 0.844106E+00   0.350135E+00   0.140562E+02   0.358419E+00   0.173919E+00
 0.846920E+00   0.353073E+00   0.140356E+02   0.361502E+00   0.174483E+00
 0.849733E+00   0.356033E+00   0.140135E+02   0.364609E+00   0.175047E+00
 0.852547E+00   0.359016E+00   0.139934E+02   0.367741E+00   0.175610E+00
 0.855361E+00   0.362021E+00   0.139794E+02   0.370898E+00   0.176174E+00
 0.858174E+00   0.365049E+00   0.139520E+02   0.374080E+00   0.176737E+00
 0.860988E+00   0.368099E+00   0.139330E+02   0.377287E+00   0.177300E+00
 0.863802E+00   0.371172E+00   0.139166E+02   0.380519E+00   0.177863E+00
 0.866616E+00   0.374268E+00   0.139007E+02   0.383776E+00   0.178426E+00
 0.869429E+00   0.377386E+00   0.138834E+02   0.387059E+00   0.178988E+00
 0.872243E+00   0.380528E+00   0.138587E+02   0.390367E+00   0.179550E+00
 0.875057E+00   0.383691E+00   0.138429E+02   0.393700E+00   0.180113E+00
 0.877870E+00   0.386878E+00   0.138294E+02   0.397059E+00   0.180674E+00
 0.880684E+00   0.390088E+00   0.138118E+02   0.400443E+00   0.181236E+00
 0.883498E+00   0.393320E+00   0.137977E+02   0.403852E+00   0.181798E+00
 0.886311E+00   0.396575E+00   0.137831E+02   0.407288E+00   0.182359E+00
 0.889125E+00   0.399853E+00   0.137709E+02   0.410749E+00   0.182920E+00
 0.891939E+00   0.403154E+00   0.137541E+02   0.414235E+00   0.183481E+00
 0.894752E+00   0.406478E+00   0.137406E+02   0.417747E+00   0.184042E+00
 0.897566E+00   0.409824E+00   0.137181E+02   0.421285E+00   0.184603E+00
 0.900380E+00   0.413194E+00   0.137044E+02   0.424849E+00   0.185163E+00
 0.903193E+00   0.416586E+00   0.136957E+02   0.428438E+00   0.185723E+00
 0.906007E+00   0.420001E+00   0.136839E+02   0.432053E+00   0.186283E+00
 0.908821E+00   0.423439E+00   0.136698E+02   0.435695E+00   0.186843E+00
 0.911635E+00   0.426900E+00   0.136587E+02   0.439362E+00   0.187402E+00
 0.914448E+00   0.430383E+00   0.136504E+02   0.443054E+00   0.187962E+00
 0.917262E+00   0.433890E+00   0.136375E+02   0.446773E+00   0.188521E+00
 0.920076E+00   0.437419E+00   0.136190E+02   0.450518E+00   0.189080E+00
 0.922889E+00   0.440971E+00   0.136130E+02   0.454289E+00   0.189639E+00
 0.925703E+00   0.444546E+00   0.136011E+02   0.458085E+00   0.190197E+00
 0.928517E+00   0.448144E+00   0.135867E+02   0.461908E+00   0.190755E+00
 0.931330E+00   0.451764E+00   0.135755E+02   0.465756E+00   0.191314E+00
 0.934144E+00   0.455408E+00   0.135706E+02   0.469631E+00   0.191872E+00
 0.936958E+00   0.459073E+00   0.135620E+02   0.473532E+00   0.192429E+00
 0.939771E+00   0.462762E+00   0.135478E+02   0.477458E+00   0.192987E+00
 0.942585E+00   0.466473E+00   0.135382E+02   0.481411E+00   0.193544E+00
 0.945399E+00   0.470207E+00   0.135333E+02   0.485389E+00   0.194101E+00
 0.948212E+00   0.473963E+00   0.135242E+02   0.489394E+00   0.194658E+00
 0.951026E+00   0.477742E+00   0.135215E+02   0.493425E+00   0.195214E+00
 0.953840E+00   0.481543E+00   0.135086E+02   0.497481E+00   0.195771E+00
 0.956653E+00   0.485366E+00   0.135052E+02   0.501564E+00   0.196327E+00
 0.959467E+00   0.489212E+00   0.134969E+02   0.505672E+00   0.196883E+00
 0.962281E+00   0.493081E+00   0.134877E+02   0.509806E+00   0.197439E+00
 0.965095E+00   0.496971E+00   0.134817E+02   0.513967E+00   0.197994E+00
 0.967908E+00   0.500884E+00   0.134716E+02   0.518153E+00   0.198550E+00
 0.970722E+00   0.504819E+00   0.134693E+02   0.522365E+00   0.199105E+00
 0.973536E+00   0.508776E+00   0.134620E+02   0.526603E+00   0.199659E+00
 0.976349E+00   0.512755E+00   0.134574E+02   0.530867E+00   0.200214E+00
 0.979163E+00   0.516756E+00   0.134463E+02   0.535156E+00   0.200769E+00
 0.981977E+00   0.520779E+00   0.134419E+02   0.539471E+00   0.201323E+00
 0.984790E+00   0.524824E+00   0.134366E+02   0.543812E+00   0.201877E+00
 0.987604E+00   0.528891E+00   0.134312E+02   0.548179E+00   0.202430E+00
 0.990418E+00   0.532979E+00   0.134322E+02   0.552571E+00   0.202984E+00
 0.993231E+00   0.537089E+00   0.134278E+02   0.556989E+00   0.203537E+00
 0.996045E+00   0.541220E+00   0.134230E+02   0.561432E+00   0.204090E+00
 0.998859E+00   0.545373E+00   0.134169E+02   0.565901E+00   0.204643E+00
 0.100167E+01   0.549548E+00   0.134089E+02   0.570395E+00   0.205195E+00
 0.100449E+01   0.553743E+00   0.134115E+02   0.574915E+00   0.205747E+00
 0.100730E+01   0.557960E+00   0.134068E+02   0.579459E+00   0.206299E+00
 0.101011E+01   0.562197E+00   0.134008E+02   0.584030E+00   0.206851E+00
 0.101293E+01   0.566456E+00   0.133943E+02   0.588625E+00   0.207403E+00
 0.101574E+01   0.570736E+00   0.133933E+02   0.593245E+00   0.207954E+00
 0.101855E+01   0.575036E+00   0.133895E+02   0.597890E+00   0.208505E+00
 0.102137E+01   0.579357E+00   0.133859E+02   0.602561E+00   0.209056E+00
 0.102418E+01   0.583699E+00   0.133893E+02   0.607256E+00   0.209607E+00
 0.102700E+01   0.588061E+00   0.133810E+02   0.611976E+00   0.210157E+00
 0.102981E+01   0.592444E+00   0.133814E+02   0.616721E+00   0.210707E+00
 0.103262E+01   0.596847E+00   0.133796E+02   0.621490E+00   0.211257E+00
 0.103544E+01   0.601270E+00   0.133795E+02   0.626284E+00   0.211806E+00
 0.103825E+01   0.605713E+00   0.133749E+02   0.631103E+00   0.212356E+00
 0.104106E+01   0.610175E+00   0.133782E+02   0.635945E+00   0.212905E+00
 0.104388E+01   0.614658E+00   0.133709E+02   0.640813E+00   0.213454E+00
 0.104669E+01   0.619160E+00   0.133755E+02   0.645704E+00   0.214002E+00
 0.104951E+01   0.623682E+00   0.133646E+02   0.650619E+00   0.214550E+00
 0.105232E+01   0.628223E+00   0.133682E+02   0.655558E+00   0.215098E+00
 0.105513E+01   0.632784E+00   0.133711E+02   0.660522E+00   0.215646E+00
 0.105795E+01   0.637364E+00   0.133698E+02   0.665509E+00   0.216194E+00
 0.106076E+01   0.641962E+00   0.133692E+02   0.670519E+00   0.216741E+00
 0.106357E+01   0.646580E+00   0.133679E+02   0.675553E+00   0.217288E+00
 0.106639E+01   0.651216E+00   0.133611E+02   0.680611E+00   0.217835E+00
 0.106920E+01   0.655870E+00   0.133646E+02   0.685692E+00   0.218381E+00
 0.107201E+01   0.660543E+00   0.133613E+02   0.690796E+00   0.218927E+00
 0.107483E+01   0.665235E+00   0.133659E+02   0.695923E+00   0.219473E+00
 0.107764E+01   0.669944E+00   0.133613E+02   0.701073E+00   0.220019E+00
 0.108046E+01   0.674672E+00   0.133635E+02   0.706245E+00   0.220564E+00
 0.108327E+01   0.679417E+00   0.133613E+02   0.711441E+00   0.221109E+00
 0.108608E+01   0.684180E+00   0.133644E+02   0.716659E+00   0.221654E+00
 0.108890E+01   0.688960E+00   0.133673E+02   0.721899E+00   0.222199E+00
 0.109171E+01   0.693758E+00   0.133691E+02   0.727161E+00   0.222743E+00
 0.109452E+01   0.698572E+00   0.133644E+02   0.732446E+00   0.223287E+00
 0.109734E+01   0.703404E+00   0.133728E+02   0.737753E+00   0.223831E+00
 0.110015E+01   0.708253E+00   0.133711E+02   0.743081E+00   0.224375E+00
 0.110297E+01   0.713118E+00   0.133735E+02   0.748431E+00   0.224918E+00
 0.110578E+01   0.718000E+00   0.133720E+02   0.753802E+00   0.225461E+00
 0.110859E+01   0.722898E+00   0.133736E+02   0.759195E+00   0.226003E+00
 0.111141E+01   0.727812E+00   0.133768E+02   0.764609E+00   0.226546E+00
 0.111422E+01   0.732742E+00   0.133791E+02   0.770044E+00   0.227088E+00
 0.111703E+01   0.737688E+00   0.133769E+02   0.775500E+00   0.227630E+00
 0.111985E+01   0.742649E+00   0.133783E+02   0.780977E+00   0.228171E+00
 0.112266E+01   0.747626E+00   0.133777E+02   0.786474E+00   0.228712E+00
 0.112547E+01   0.752618E+00   0.133813E+02   0.791991E+00   0.229253E+00
 0.112829E+01   0.757625E+00   0.133804E+02   0.797529E+00   0.229794E+00
 0.113110E+01   0.762646E+00   0.133880E+02   0.803086E+00   0.230334E+00
 0.113392E+01   0.767683E+00   0.133853E+02   0.808664E+00   0.230875E+00
 0.113673E+01   0.772734E+00   0.133933E+02   0.814261E+00   0.231414E+00
 0.113954E+01   0.777799E+00   0.133967E+02   0.819877E+00   0.231954E+00
 0.114236E+01   0.782878E+00   0.133985E+02   0.825513E+00   0.232493E+00
 0.114517E+01   0.787971E+00   0.133938E+02   0.831168E+00   0.233032E+00
 0.114798E+01   0.793077E+00   0.133991E+02   0.836841E+00   0.233571E+00
 0.115080E+01   0.798197E+00   0.133986E+02   0.842534E+00   0.234109E+00
 0.115361E+01   0.803330E+00   0.134093E+02   0.848244E+00   0.234647E+00
 0.115643E+01   0.808476E+00   0.134104E+02   0.853974E+00   0.235185E+00
 0.115924E+01   0.813635E+00   0.134157E+02   0.859721E+00   0.235722E+00
 0.116205E+01   0.818807E+00   0.134133E+02   0.865486E+00   0.236259E+00
 0.116487E+01   0.823991E+00   0.134126E+02   0.871269E+00   0.236796E+00
 0.116768E+01   0.829187E+00   0.134178E+02   0.877069E+00   0.237333E+00
 0.117049E+01   0.834395E+00   0.134178E+02   0.882887E+00   0.237869E+00
 0.117331E+01   0.839615E+00   0.134274E+02   0.888721E+00   0.238405E+00
 0.117612E+01   0.844847E+00   0.134284E+02   0.894573E+00   0.238941E+00
 0.117893E+01   0.850089E+00   0.134280E+02   0.900441E+00   0.239476E+00
 0.118175E+01   0.855343E+00   0.134297E+02   0.906326E+00   0.240011E+00
 0.118456E+01   0.860608E+00   0.134374E+02   0.912227E+00   0.240546E+00
 0.118738E+01   0.865883E+00   0.134414E+02   0.918144E+00   0.241080E+00
 0.119019E+01   0.871169E+00   0.134434E+02   0.924076E+00   0.241614E+00
 0.119300E+01   0.876465E+00   0.134503E+02   0.930025E+00   0.242148E+00
 0.119582E+01   0.881772E+00   0.134533E+02   0.935988E+00   0.242682E+00
 0.119863E+01   0.887087E+00   0.134538E+02   0.941967E+00   0.243215E+00
 0.120144E+01   0.892413E+00   0.134554E+02   0.947961E+00   0.243748E+00
 0.120426E+01   0.897748E+00   0.134570E+02   0.953969E+00   0.244280E+00
 0.120707E+01   0.903091E+00   0.134602E+02   0.959991E+00   0.244813E+00
 0.120989E+01   0.908444E+00   0.134729E+02   0.966028E+00   0.245345E+00
 0.121270E+01   0.913805E+00   0.134687E+02   0.972079E+00   0.245876E+00
 0.121551E+01   0.919175E+00   0.134737E+02   0.978144E+00   0.246408E+00
 0.121833E+01   0.924553E+00   0.134761E+02   0.984222E+00   0.246939E+00
 0.122114E+01   0.929939E+00   0.134794E+02   0.990313E+00   0.247469E+00
 0.122395E+01   0.935332E+00   0.134844E+02   0.996418E+00   0.248000E+00
 0.122677E+01   0.940733E+00   0.134909E+02   0.100253E+01   0.248530E+00
 0.122958E+01   0.946142E+00   0.134963E+02   0.100866E+01   0.249060E+00
 0.123239E+01   0.951557E+00   0.134941E+02   0.101481E+01   0.249589E+00
 0.123521E+01   0.956979E+00   0.135056E+02   0.102096E+01   0.250118E+00
 0.123802E+01   0.962408E+00   0.135038E+02   0.102713E+01   0.250647E+00
 0.124084E+01   0.967843E+00   0.135052E+02   0.103330E+01   0.251175E+00
 0.124365E+01   0.973284E+00   0.135124E+02   0.103949E+01   0.251703E+00
 0.124646E+01   0.978731E+00   0.135142E+02   0.104569E+01   0.252231E+00
 0.124928E+01   0.984184E+00   0.135220E+02   0.105191E+01   0.252759E+00
 0.125209E+01   0.989642E+00   0.135221E+02   0.105813E+01   0.253286E+00
 0.125490E+01   0.995105E+00   0.135336E+02   0.106436E+01   0.253813E+00
 0.125772E+01   0.100057E+01   0.135340E+02   0.107060E+01   0.254339E+00
 0.126053E+01   0.100605E+01   0.135373E+02   0.107685E+01   0.254865E+00
 0.126335E+01   0.101152E+01   0.135399E+02   0.108312E+01   0.255391E+00
 0.126616E+01   0.101701E+01   0.135476E+02   0.108939E+01   0.255917E+00
 0.126897E+01   0.102249E+01   0.135443E+02   0.109567E+01   0.256442E+00
 0.127179E+01   0.102798E+01   0.135544E+02   0.110196E+01   0.256967E+00
 0.127460E+01   0.103347E+01   0.135556E+02   0.110825E+01   0.257491E+00
 0.127741E+01   0.103897E+01   0.135601E+02   0.111456E+01   0.258016E+00
 0.128023E+01   0.104447E+01   0.135658E+02   0.112087E+01   0.258540E+00
 0.128304E+01   0.104997E+01   0.135688E+02   0.112720E+01   0.259063E+00
 0.128585E+01   0.105548E+01   0.135753E+02   0.113353E+01   0.259586E+00
 0.128867E+01   0.106098E+01   0.135729E+02   0.113986E+01   0.260109E+00
 0.129148E+01   0.106649E+01   0.135769E+02   0.114621E+01   0.260632E+00
 0.129430E+01   0.107201E+01   0.135868E+02   0.115256E+01   0.261154E+00
 0.129711E+01   0.107752E+01   0.135849E+02   0.115892E+01   0.261676E+00
 0.129992E+01   0.108303E+01   0.135925E+02   0.116528E+01   0.262197E+00
 0.130274E+01   0.108855E+01   0.135933E+02   0.117165E+01   0.262719E+00
 0.130555E+01   0.109407E+01   0.136045E+02   0.117803E+01   0.263239E+00
 0.130836E+01   0.109959E+01   0.136020E+02   0.118441E+01   0.263760E+00
 0.131118E+01   0.110510E+01   0.136140E+02   0.119080E+01   0.264280E+00
 0.131399E+01   0.111062E+01   0.136115E+02   0.119719E+01   0.264800E+00
 0.131681E+01   0.111614E+01   0.136164E+02   0.120359E+01   0.265319E+00
 0.131962E+01   0.112166E+01   0.136257E+02   0.120999E+01   0.265839E+00
 0.132243E+01   0.112718E+01   0.136320E+02   0.121640E+01   0.266357E+00
 0.132525E+01   0.113270E+01   0.136288E+02   0.122281E+01   0.266876E+00
 0.132806E+01   0.113822E+01   0.136308E+02   0.122922E+01   0.267394E+00
 0.133087E+01   0.114373E+01   0.136397E+02   0.123564E+01   0.267912E+00
 0.133369E+01   0.114925E+01   0.136460E+02   0.124206E+01   0.268429E+00
 0.133650E+01   0.115476E+01   0.136506E+02   0.124849E+01   0.268946E+00
 0.133931E+01   0.116027E+01   0.136509E+02   0.125492E+01   0.269463E+00
 0.134213E+01   0.116578E+01   0.136585E+02   0.126135E+01   0.269980E+00
 0.134494E+01   0.117129E+01   0.136650E+02   0.126778E+01   0.270496E+00
 0.134776E+01   0.117680E+01   0.136667E+02   0.127422E+01   0.271011E+00
 0.135057E+01   0.118230E+01   0.136656E+02   0.128065E+01   0.271527E+00
 0.135338E+01   0.118781E+01   0.136726E+02   0.128709E+01   0.272042E+00
 0.135620E+01   0.119330E+01   0.136767E+02   0.129353E+01   0.272557E+00
 0.135901E+01   0.119880E+01   0.136831E+02   0.129998E+01   0.273071E+00
 0.136182E+01   0.120429E+01   0.136889E+02   0.130642E+01   0.273585E+00
 0.136464E+01   0.120978E+01   0.136898E+02   0.131286E+01   0.274098E+00
 0.136745E+01   0.121527E+01   0.136917E+02   0.131931E+01   0.274612E+00
 0.137027E+01   0.122075E+01   0.137003E+02   0.132575E+01   0.275125E+00
 0.137308E+01   0.122623E+01   0.136965E+02   0.133220E+01   0.275637E+00
 0.137589E+01   0.123170E+01   0.137102E+02   0.133864E+01   0.276150E+00
 0.137871E+01   0.123717E+01   0.137103E+02   0.134509E+01   0.276661E+00
 0.138152E+01   0.124263E+01   0.137151E+02   0.135153E+01   0.277173E+00
 0.138433E+01   0.124809E+01   0.137160E+02   0.135797E+01   0.277684E+00
 0.138715E+01   0.125355E+01   0.137180E+02   0.136441E+01   0.278195E+00
 0.138996E+01   0.125899E+01   0.137264E+02   0.137085E+01   0.278706E+00
 0.139277E+01   0.126444E+01   0.137332E+02   0.137729E+01   0.279216E+00
 0.139559E+01   0.126988E+01   0.137354E+02   0.138373E+01   0.279725E+00
 0.139840E+01   0.127531E+01   0.137331E+02   0.139016E+01   0.280235E+00
 0.140122E+01   0.128074E+01   0.137409E+02   0.139660E+01   0.280744E+00
 0.140403E+01   0.128616E+01   0.137430E+02   0.140303E+01   0.281253E+00
 0.140684E+01   0.129157E+01   0.137499E+02   0.140946E+01   0.281761E+00
 0.140966E+01   0.129698E+01   0.137556E+02   0.141588E+01   0.282269E+00
 0.141247E+01   0.130238E+01   0.137620E+02   0.142230E+01   0.282777E+00
 0.141528E+01   0.130778E+01   0.137584E+02   0.142872E+01   0.283284E+00
 0.141810E+01   0.131316E+01   0.137695E+02   0.143514E+01   0.283791E+00
 0.142091E+01   0.131854E+01   0.137661E+02   0.144155E+01   0.284298E+00
 0.142373E+01   0.132392E+01   0.137761E+02   0.144796E+01   0.284804E+00
 0.142654E+01   0.132928E+01   0.137718E+02   0.145436E+01   0.285310E+00
 0.142935E+01   0.133464E+01   0.137762E+02   0.146076E+01   0.285815E+00
 0.143217E+01   0.133999E+01   0.137848E+02   0.146716E+01   0.286321E+00
 0.143498E+01   0.134534E+01   0.137883E+02   0.147355E+01   0.286825E+00
 0.143779E+01   0.135067E+01   0.137874E+02   0.147993E+01   0.287330E+00
 0.144061E+01   0.135600E+01   0.137944E+02   0.148631E+01   0.287834E+00
 0.144342E+01   0.136131E+01   0.138006E+02   0.149269E+01   0.288338E+00
 0.144623E+01   0.136662E+01   0.137977E+02   0.149906E+01   0.288841E+00
 0.144905E+01   0.137193E+01   0.138032E+02   0.150542E+01   0.289344E+00
 0.145186E+01   0.137722E+01   0.138103E+02   0.151178E+01   0.289847E+00
 0.145468E+01   0.138250E+01   0.138115E+02   0.151813E+01   0.290349E+00
 0.145749E+01   0.138777E+01   0.138183E+02   0.152448E+01   0.290851E+00
 0.146030E+01   0.139304E+01   0.138247E+02   0.153082E+01   0.291353E+00
 0.146312E+01   0.139829E+01   0.138274E+02   0.153715E+01   0.291854E+00
 0.146593E+01   0.140354E+01   0.138225E+02   0.154348E+01   0.292355E+00
 0.146874E+01   0.140878E+01   0.138350E+02   0.154980E+01   0.292855E+00
 0.147156E+01   0.141400E+01   0.138392E+02   0.155611E+01   0.293355E+00
 0.147437E+01   0.141922E+01   0.138408E+02   0.156241E+01   0.293855E+00
 0.147719E+01   0.142443E+01   0.138419E+02   0.156871E+01   0.294355E+00
 0.148000E+01   0.142962E+01   0.138489E+02   0.157500E+01   0.294854E+00
 0.148281E+01   0.143481E+01   0.138446E+02   0.158128E+01   0.295353E+00
 0.148563E+01   0.143998E+01   0.138515E+02   0.158756E+01   0.295851E+00
 0.148844E+01   0.144515E+01   0.138543E+02   0.159382E+01   0.296349E+00
 0.149125E+01   0.145030E+01   0.138599E+02   0.160008E+01   0.296847E+00
 0.149407E+01   0.145545E+01   0.138656E+02   0.160633E+01   0.297344E+00
 0.149688E+01   0.146058E+01   0.138614E+02   0.161257E+01   0.297841E+00
 0.149970E+01   0.146570E+01   0.138698E+02   0.161880E+01   0.298337E+00
 0.150251E+01   0.147081E+01   0.138753E+02   0.162503E+01   0.298834E+00
 0.150532E+01   0.147591E+01   0.138735E+02   0.163124E+01   0.299330E+00
 0.150814E+01   0.148100E+01   0.138799E+02   0.163745E+01   0.299825E+00
 0.151095E+01   0.148608E+01   0.138818E+02   0.164364E+01   0.300320E+00
 0.151376E+01   0.149114E+01   0.138818E+02   0.164983E+01   0.300815E+00
 0.151658E+01   0.149620E+01   0.138907E+02   0.165600E+01   0.301309E+00
 0.151939E+01   0.150124E+01   0.138893E+02   0.166217E+01   0.301803E+00
 0.152220E+01   0.150627E+01   0.138896E+02   0.166832E+01   0.302297E+00
 0.152502E+01   0.151129E+01   0.138968E+02   0.167447E+01   0.302790E+00
 0.152783E+01   0.151629E+01   0.138959E+02   0.168061E+01   0.303283E+00
 0.153065E+01   0.152129E+01   0.138981E+02   0.168673E+01   0.303776E+00
 0.153346E+01   0.152627E+01   0.139068E+02   0.169285E+01   0.304268E+00
 0.153627E+01   0.153124E+01   0.139136E+02   0.169895E+01   0.304760E+00
 0.153909E+01   0.153619E+01   0.139162E+02   0.170505E+01   0.305252E+00
 0.154190E+01   0.154114E+01   0.139179E+02   0.171113E+01   0.305743E+00
 0.154471E+01   0.154607E+01   0.139207E+02   0.171720E+01   0.306234E+00
 0.154753E+01   0.155099E+01   0.139205E+02   0.172326E+01   0.306724E+00
 0.155034E+01   0.155590E+01   0.139204E+02   0.172931E+01   0.307214E+00
 0.155316E+01   0.156079E+01   0.139270E+02   0.173535E+01   0.307704E+00
 0.155597E+01   0.156567E+01   0.139293E+02   0.174137E+01   0.308193E+00
 0.155878E+01   0.157054E+01   0.139287E+02   0.174739E+01   0.308682E+00
 0.156160E+01   0.157540E+01   0.139299E+02   0.175339E+01   0.309171E+00
 0.156441E+01   0.158024E+01   0.139374E+02   0.175938E+01   0.309659E+00
 0.156722E+01   0.158507E+01   0.139400E+02   0.176536E+01   0.310147E+00
 0.157004E+01   0.158988E+01   0.139414E+02   0.177133E+01   0.310635E+00
 0.157285E+01   0.159468E+01   0.139418E+02   0.177728E+01   0.311122E+00
 0.157566E+01   0.159947E+01   0.139485E+02   0.178323E+01   0.311609E+00
 0.157848E+01   0.160425E+01   0.139536E+02   0.178916E+01   0.312095E+00
 0.158129E+01   0.160901E+01   0.139527E+02   0.179508E+01   0.312582E+00
 0.158411E+01   0.161376E+01   0.139606E+02   0.180098E+01   0.313067E+00
 0.158692E+01   0.161850E+01   0.139598E+02   0.180687E+01   0.313553E+00
 0.158973E+01   0.162322E+01   0.139566E+02   0.181275E+01   0.314038E+00
 0.159255E+01   0.162792E+01   0.139629E+02   0.181862E+01   0.314523E+00
 0.159536E+01   0.163262E+01   0.139672E+02   0.182447E+01   0.315007E+00
 0.159817E+01   0.163730E+01   0.139677E+02   0.183031E+01   0.315491E+00
 0.160099E+01   0.164197E+01   0.139659E+02   0.183614E+01   0.315975E+00
 0.160380E+01   0.164662E+01   0.139777E+02   0.184196E+01   0.316458E+00
 0.160662E+01   0.165126E+01   0.139789E+02   0.184776E+01   0.316941E+00
 0.160943E+01   0.165588E+01   0.139777E+02   0.185355E+01   0.317423E+00
 0.161224E+01   0.166049E+01   0.139804E+02   0.185932E+01   0.317905E+00
 0.161506E+01   0.166509E+01   0.139834E+02   0.186508E+01   0.318387E+00
 0.161787E+01   0.166967E+01   0.139830E+02   0.187083E+01   0.318869E+00
 0.162068E+01   0.167424E+01   0.139843E+02   0.187656E+01   0.319350E+00
 0.162350E+01   0.167879E+01   0.139902E+02   0.188228E+01   0.319831E+00
 0.162631E+01   0.168333E+01   0.139935E+02   0.188799E+01   0.320311E+00
 0.162912E+01   0.168786E+01   0.139923E+02   0.189368E+01   0.320791E+00
 0.163194E+01   0.169237E+01   0.140008E+02   0.189936E+01   0.321271E+00
 0.163475E+01   0.169687E+01   0.139944E+02   0.190502E+01   0.321750E+00
 0.163757E+01   0.170135E+01   0.139996E+02   0.191067E+01   0.322229E+00
 0.164038E+01   0.170582E+01   0.140036E+02   0.191630E+01   0.322708E+00
 0.164319E+01   0.171027E+01   0.140063E+02   0.192193E+01   0.323186E+00
 0.164601E+01   0.171471E+01   0.140110E+02   0.192753E+01   0.323664E+00
 0.164882E+01   0.171914E+01   0.140044E+02   0.193312E+01   0.324142E+00
 0.165163E+01   0.172355E+01   0.140098E+02   0.193870E+01   0.324619E+00
 0.165445E+01   0.172794E+01   0.140164E+02   0.194427E+01   0.325096E+00
 0.165726E+01   0.173233E+01   0.140160E+02   0.194982E+01   0.325572E+00
 0.166008E+01   0.173669E+01   0.140163E+02   0.195535E+01   0.326048E+00
 0.166289E+01   0.174105E+01   0.140180E+02   0.196087E+01   0.326524E+00
 0.166570E+01   0.174538E+01   0.140206E+02   0.196637E+01   0.327000E+00
 0.166852E+01   0.174971E+01   0.140244E+02   0.197186E+01   0.327475E+00
 0.167133E+01   0.175402E+01   0.140225E+02   0.197734E+01   0.327949E+00
 0.167414E+01   0.175831E+01   0.140285E+02   0.198280E+01   0.328424E+00
 0.167696E+01   0.176259E+01   0.140301E+02   0.198825E+01   0.328898E+00
 0.167977E+01   0.176686E+01   0.140331E+02   0.199368E+01   0.329372E+00
 0.168258E+01   0.177111E+01   0.140282E+02   0.199909E+01   0.329845E+00
 0.168540E+01   0.177534E+01   0.140323E+02   0.200449E+01   0.330318E+00
 0.168821E+01   0.177956E+01   0.140367E+02   0.200988E+01   0.330790E+00
 0.169103E+01   0.178377E+01   0.140346E+02   0.201525E+01   0.331263E+00
 0.169384E+01   0.178796E+01   0.140381E+02   0.202060E+01   0.331735E+00
 0.169665E+01   0.179214E+01   0.140430E+02   0.202594E+01   0.332206E+00
 0.169947E+01   0.179630E+01   0.140446E+02   0.203127E+01   0.332677E+00
 0.170228E+01   0.180045E+01   0.140436E+02   0.203658E+01   0.333148E+00
 0.170509E+01   0.180458E+01   0.140400E+02   0.204187E+01   0.333619E+00
 0.170791E+01   0.180870E+01   0.140421E+02   0.204715E+01   0.334089E+00
 0.171072E+01   0.181280E+01   0.140512E+02   0.205242E+01   0.334559E+00
 0.171354E+01   0.181689E+01   0.140449E+02   0.205766E+01   0.335028E+00
 0.171635E+01   0.182097E+01   0.140529E+02   0.206290E+01   0.335497E+00
 0.171916E+01   0.182503E+01   0.140484E+02   0.206811E+01   0.335966E+00
 0.172198E+01   0.182907E+01   0.140566E+02   0.207332E+01   0.336435E+00
 0.172479E+01   0.183310E+01   0.140557E+02   0.207850E+01   0.336903E+00
 0.172760E+01   0.183712E+01   0.140596E+02   0.208367E+01   0.337371E+00
 0.173042E+01   0.184112E+01   0.140567E+02   0.208883E+01   0.337838E+00
 0.173323E+01   0.184511E+01   0.140606E+02   0.209397E+01   0.338305E+00
 0.173604E+01   0.184908E+01   0.140613E+02   0.209909E+01   0.338772E+00
 0.173886E+01   0.185303E+01   0.140586E+02   0.210420E+01   0.339238E+00
 0.174167E+01   0.185698E+01   0.140624E+02   0.210930E+01   0.339704E+00
 0.174449E+01   0.186090E+01   0.140648E+02   0.211438E+01   0.340170E+00
 0.174730E+01   0.186482E+01   0.140618E+02   0.211944E+01   0.340635E+00
 0.175011E+01   0.186872E+01   0.140663E+02   0.212448E+01   0.341100E+00
 0.175293E+01   0.187260E+01   0.140644E+02   0.212952E+01   0.341565E+00
 0.175574E+01   0.187647E+01   0.140663E+02   0.213453E+01   0.342029E+00
 0.175855E+01   0.188033E+01   0.140707E+02   0.213953E+01   0.342493E+00
 0.176137E+01   0.188417E+01   0.140771E+02   0.214451E+01   0.342956E+00
 0.176418E+01   0.188799E+01   0.140719E+02   0.214948E+01   0.343420E+00
 0.176700E+01   0.189180E+01   0.140786E+02   0.215444E+01   0.343883E+00
 0.176981E+01   0.189560E+01   0.140784E+02   0.215937E+01   0.344345E+00
 0.177262E+01   0.189938E+01   0.140726E+02   0.216429E+01   0.344807E+00
 0.177544E+01   0.190315E+01   0.140827E+02   0.216920E+01   0.345269E+00
 0.177825E+01   0.190691E+01   0.140749E+02   0.217409E+01   0.345731E+00
 0.178106E+01   0.191065E+01   0.140821E+02   0.217896E+01   0.346192E+00
 0.178388E+01   0.191437E+01   0.140849E+02   0.218382E+01   0.346653E+00
 0.178669E+01   0.191808E+01   0.140851E+02   0.218867E+01   0.347113E+00
 0.178950E+01   0.192178E+01   0.140821E+02   0.219349E+01   0.347574E+00
 0.179232E+01   0.192546E+01   0.140799E+02   0.219831E+01   0.348033E+00
 0.179513E+01   0.192913E+01   0.140892E+02   0.220310E+01   0.348493E+00
 0.179795E+01   0.193278E+01   0.140886E+02   0.220788E+01   0.348952E+00
 0.180076E+01   0.193642E+01   0.140857E+02   0.221265E+01   0.349411E+00
 0.180357E+01   0.194004E+01   0.140887E+02   0.221740E+01   0.349869E+00
 0.180639E+01   0.194366E+01   0.140924E+02   0.222213E+01   0.350328E+00
 0.180920E+01   0.194725E+01   0.140874E+02   0.222685E+01   0.350785E+00
 0.181201E+01   0.195083E+01   0.140884E+02   0.223155E+01   0.351243E+00
 0.181483E+01   0.195440E+01   0.140955E+02   0.223623E+01   0.351700E+00
 0.181764E+01   0.195796E+01   0.140883E+02   0.224090E+01   0.352157E+00
 0.182046E+01   0.196150E+01   0.140940E+02   0.224556E+01   0.352613E+00
 0.182327E+01   0.196502E+01   0.140989E+02   0.225020E+01   0.353070E+00
 0.182608E+01   0.196854E+01   0.140985E+02   0.225482E+01   0.353525E+00
 0.182890E+01   0.197204E+01   0.140951E+02   0.225943E+01   0.353981E+00
 0.183171E+01   0.197552E+01   0.140986E+02   0.226402E+01   0.354436E+00
 0.183452E+01   0.197899E+01   0.141001E+02   0.226860E+01   0.354891E+00
 0.183734E+01   0.198245E+01   0.141017E+02   0.227316E+01   0.355345E+00
 0.184015E+01   0.198589E+01   0.140973E+02   0.227771E+01   0.355799E+00
 0.184296E+01   0.198932E+01   0.141036E+02   0.228224E+01   0.356253E+00
 0.184578E+01   0.199273E+01   0.140957E+02   0.228675E+01   0.356707E+00
 0.184859E+01   0.199614E+01   0.140985E+02   0.229125E+01   0.357160E+00
 0.185141E+01   0.199952E+01   0.141058E+02   0.229574E+01   0.357613E+00
 0.185422E+01   0.200290E+01   0.140992E+02   0.230021E+01   0.358065E+00
 0.185703E+01   0.200626E+01   0.141015E+02   0.230466E+01   0.358517E+00
 0.185985E+01   0.200960E+01   0.141049E+02   0.230910E+01   0.358969E+00
 0.186266E+01   0.201294E+01   0.141076E+02   0.231352E+01   0.359421E+00
 0.186547E+01   0.201626E+01   0.141073E+02   0.231793E+01   0.359872E+00
 0.186829E+01   0.201956E+01   0.141021E+02   0.232232E+01   0.360323E+00
 0.187110E+01   0.202286E+01   0.141083E+02   0.232669E+01   0.360773E+00
 0.187392E+01   0.202614E+01   0.141018E+02   0.233105E+01   0.361223E+00
 0.187673E+01   0.202940E+01   0.141019E+02   0.233540E+01   0.361673E+00
 0.187954E+01   0.203266E+01   0.141056E+02   0.233973E+01   0.362123E+00
 0.188236E+01   0.203589E+01   0.141094E+02   0.234405E+01   0.362572E+00
 0.188517E+01   0.203912E+01   0.141058E+02   0.234835E+01   0.363021E+00
 0.188798E+01   0.204233E+01   0.141093E+02   0.235263E+01   0.363469E+00
 0.189080E+01   0.204553E+01   0.141077E+02   0.235690E+01   0.363918E+00
 0.189361E+01   0.204872E+01   0.141108E+02   0.236115E+01   0.364366E+00
 0.189642E+01   0.205189E+01   0.141063E+02   0.236539E+01   0.364813E+00
 0.189924E+01   0.205505E+01   0.141056E+02   0.236962E+01   0.365260E+00
 0.190205E+01   0.205820E+01   0.141127E+02   0.237383E+01   0.365707E+00
 0.190487E+01   0.206133E+01   0.141145E+02   0.237802E+01   0.366154E+00
 0.190768E+01   0.206445E+01   0.141142E+02   0.238220E+01   0.366600E+00
 0.191049E+01   0.206756E+01   0.141080E+02   0.238636E+01   0.367046E+00
 0.191331E+01   0.207066E+01   0.141076E+02   0.239051E+01   0.367492E+00
 0.191612E+01   0.207374E+01   0.141103E+02   0.239465E+01   0.367937E+00
 0.191893E+01   0.207681E+01   0.141108E+02   0.239877E+01   0.368382E+00
 0.192175E+01   0.207987E+01   0.141158E+02   0.240287E+01   0.368827E+00
 0.192456E+01   0.208291E+01   0.141071E+02   0.240696E+01   0.369271E+00
 0.192738E+01   0.208594E+01   0.141143E+02   0.241103E+01   0.369715E+00
 0.193019E+01   0.208896E+01   0.141168E+02   0.241509E+01   0.370159E+00
 0.193300E+01   0.209196E+01   0.141113E+02   0.241914E+01   0.370602E+00
 0.193582E+01   0.209496E+01   0.141086E+02   0.242317E+01   0.371046E+00
 0.193863E+01   0.209794E+01   0.141105E+02   0.242718E+01   0.371488E+00
 0.194144E+01   0.210091E+01   0.141161E+02   0.243119E+01   0.371931E+00
 0.194426E+01   0.210386E+01   0.141113E+02   0.243517E+01   0.372373E+00
 0.194707E+01   0.210681E+01   0.141079E+02   0.243914E+01   0.372815E+00
 0.194988E+01   0.210974E+01   0.141177E+02   0.244310E+01   0.373256E+00
 0.195270E+01   0.211265E+01   0.141114E+02   0.244704E+01   0.373698E+00
 0.195551E+01   0.211556E+01   0.141157E+02   0.245097E+01   0.374138E+00
 0.195833E+01   0.211845E+01   0.141113E+02   0.245489E+01   0.374579E+00
 0.196114E+01   0.212134E+01   0.141126E+02   0.245878E+01   0.375019E+00
 0.196395E+01   0.212421E+01   0.141118E+02   0.246267E+01   0.375459E+00
 0.196677E+01   0.212706E+01   0.141097E+02   0.246654E+01   0.375899E+00
 0.196958E+01   0.212991E+01   0.141129E+02   0.247040E+01   0.376338E+00
 0.197239E+01   0.213274E+01   0.141152E+02   0.247424E+01   0.376777E+00
 0.197521E+01   0.213556E+01   0.141109E+02   0.247806E+01   0.377216E+00
 0.197802E+01   0.213837E+01   0.141161E+02   0.248188E+01   0.377654E+00
 0.198084E+01   0.214117E+01   0.141083E+02   0.248568E+01   0.378092E+00
 0.198365E+01   0.214395E+01   0.141086E+02   0.248946E+01   0.378530E+00
 0.198646E+01   0.214673E+01   0.141162E+02   0.249323E+01   0.378968E+00
 0.198928E+01   0.214949E+01   0.141089E+02   0.249699E+01   0.379405E+00
 0.199209E+01   0.215224E+01   0.141105E+02   0.250073E+01   0.379842E+00
 0.199490E+01   0.215498E+01   0.141116E+02   0.250446E+01   0.380278E+00
 0.199772E+01   0.215770E+01   0.141120E+02   0.250818E+01   0.380714E+00
 0.200053E+01   0.216042E+01   0.141118E+02   0.251188E+01   0.381150E+00
 0.200335E+01   0.216312E+01   0.141153E+02   0.251556E+01   0.381586E+00
 0.200616E+01   0.216581E+01   0.141164E+02   0.251924E+01   0.382021E+00
 0.200897E+01   0.216849E+01   0.141149E+02   0.252290E+01   0.382456E+00
 0.201179E+01   0.217116E+01   0.141074E+02   0.252654E+01   0.382891E+00
 0.201460E+01   0.217382E+01   0.141104E+02   0.253017E+01   0.383325E+00
 0.201741E+01   0.217646E+01   0.141110E+02   0.253379E+01   0.383759E+00
 0.202023E+01   0.217910E+01   0.141155E+02   0.253739E+01   0.384193E+00
 0.202304E+01   0.218172E+01   0.141069E+02   0.254099E+01   0.384626E+00
 0.202585E+01   0.218433E+01   0.141069E+02   0.254456E+01   0.385060E+00
 0.202867E+01   0.218693E+01   0.141123E+02   0.254813E+01   0.385493E+00
 0.203148E+01   0.218952E+01   0.141075E+02   0.255168E+01   0.385925E+00
 0.203430E+01   0.219210E+01   0.141081E+02   0.255521E+01   0.386357E+00
 0.203711E+01   0.219467E+01   0.141049E+02   0.255873E+01   0.386789E+00
 0.203992E+01   0.219722E+01   0.141127E+02   0.256224E+01   0.387221E+00
 0.204274E+01   0.219977E+01   0.141057E+02   0.256574E+01   0.387652E+00
 0.204555E+01   0.220230E+01   0.141134E+02   0.256922E+01   0.388083E+00
 0.204836E+01   0.220483E+01   0.141103E+02   0.257269E+01   0.388514E+00
 0.205118E+01   0.220734E+01   0.141053E+02   0.257615E+01   0.388945E+00
 0.205399E+01   0.220984E+01   0.141035E+02   0.257959E+01   0.389375E+00
 0.205680E+01   0.221233E+01   0.141035E+02   0.258302E+01   0.389805E+00
 0.205962E+01   0.221481E+01   0.141030E+02   0.258644E+01   0.390234E+00
 0.206243E+01   0.221728E+01   0.141046E+02   0.258984E+01   0.390663E+00
 0.206525E+01   0.221974E+01   0.141091E+02   0.259323E+01   0.391092E+00
 0.206806E+01   0.222219E+01   0.141028E+02   0.259661E+01   0.391521E+00
 0.207087E+01   0.222462E+01   0.141066E+02   0.259998E+01   0.391949E+00
 0.207369E+01   0.222705E+01   0.141064E+02   0.260333E+01   0.392378E+00
 0.207650E+01   0.222947E+01   0.141036E+02   0.260667E+01   0.392805E+00
 0.207931E+01   0.223187E+01   0.141071E+02   0.260999E+01   0.393233E+00
 0.208213E+01   0.223427E+01   0.141046E+02   0.261330E+01   0.393660E+00
 0.208494E+01   0.223665E+01   0.141008E+02   0.261660E+01   0.394087E+00
 0.208776E+01   0.223903E+01   0.141069E+02   0.261989E+01   0.394514E+00
 0.209057E+01   0.224139E+01   0.140986E+02   0.262317E+01   0.394940E+00
 0.209338E+01   0.224375E+01   0.140973E+02   0.262643E+01   0.395366E+00
 0.209620E+01   0.224609E+01   0.141002E+02   0.262968E+01   0.395792E+00
 0.209901E+01   0.224842E+01   0.140973E+02   0.263292E+01   0.396217E+00
 0.210182E+01   0.225075E+01   0.141034E+02   0.263614E+01   0.396642E+00
 0.210464E+01   0.225306E+01   0.141005E+02   0.263935E+01   0.397067E+00
 0.210745E+01   0.225536E+01   0.141017E+02   0.264255E+01   0.397492E+00
 0.211027E+01   0.225766E+01   0.141019E+02   0.264574E+01   0.397916E+00
 0.211308E+01   0.225994E+01   0.140993E+02   0.264891E+01   0.398340E+00
 0.211589E+01   0.226221E+01   0.140992E+02   0.265208E+01   0.398764E+00
 0.211871E+01   0.226448E+01   0.140999E+02   0.265523E+01   0.399187E+00
 0.212152E+01   0.226673E+01   0.141004E+02   0.265836E+01   0.399610E+00
 0.212433E+01   0.226897E+01   0.140921E+02   0.266149E+01   0.400033E+00
 0.212715E+01   0.227121E+01   0.140989E+02   0.266460E+01   0.400456E+00
 0.212996E+01   0.227343E+01   0.140907E+02   0.266770E+01   0.400878E+00
 0.213277E+01   0.227565E+01   0.140985E+02   0.267079E+01   0.401300E+00
 0.213559E+01   0.227785E+01   0.140954E+02   0.267387E+01   0.401721E+00
 0.213840E+01   0.228005E+01   0.140959E+02   0.267694E+01   0.402143E+00
 0.214122E+01   0.228223E+01   0.140897E+02   0.267999E+01   0.402564E+00
 0.214403E+01   0.228441E+01   0.140875E+02   0.268303E+01   0.402985E+00
 0.214684E+01   0.228657E+01   0.140941E+02   0.268606E+01   0.403405E+00
 0.214966E+01   0.228873E+01   0.140895E+02   0.268908E+01   0.403826E+00
 0.215247E+01   0.229088E+01   0.140903E+02   0.269208E+01   0.404246E+00
 0.215528E+01   0.229302E+01   0.140937E+02   0.269508E+01   0.404665E+00
 0.215810E+01   0.229515E+01   0.140884E+02   0.269806E+01   0.405085E+00
 0.216091E+01   0.229727E+01   0.140884E+02   0.270103E+01   0.405504E+00
 0.216373E+01   0.229938E+01   0.140846E+02   0.270399E+01   0.405923E+00
 0.216654E+01   0.230148E+01   0.140845E+02   0.270693E+01   0.406341E+00
 0.216935E+01   0.230357E+01   0.140822E+02   0.270987E+01   0.406760E+00
 0.217217E+01   0.230565E+01   0.140900E+02   0.271279E+01   0.407178E+00
 0.217498E+01   0.230773E+01   0.140811E+02   0.271571E+01   0.407595E+00
 0.217779E+01   0.230979E+01   0.140844E+02   0.271861E+01   0.408013E+00
 0.218061E+01   0.231185E+01   0.140821E+02   0.272150E+01   0.408430E+00
 0.218342E+01   0.231389E+01   0.140850E+02   0.272438E+01   0.408847E+00
 0.218623E+01   0.231593E+01   0.140809E+02   0.272724E+01   0.409264E+00
 0.218905E+01   0.231796E+01   0.140835E+02   0.273010E+01   0.409680E+00
 0.219186E+01   0.231998E+01   0.140839E+02   0.273294E+01   0.410096E+00
 0.219468E+01   0.232199E+01   0.140824E+02   0.273578E+01   0.410512E+00
 0.219749E+01   0.232399E+01   0.140750E+02   0.273860E+01   0.410927E+00
 0.220030E+01   0.232599E+01   0.140815E+02   0.274141E+01   0.411343E+00
 0.220312E+01   0.232797E+01   0.140765E+02   0.274421E+01   0.411758E+00
 0.220593E+01   0.232995E+01   0.140760E+02   0.274700E+01   0.412172E+00
 0.220874E+01   0.233191E+01   0.140772E+02   0.274978E+01   0.412587E+00
 0.221156E+01   0.233387E+01   0.140770E+02   0.275254E+01   0.413001E+00
 0.221437E+01   0.233582E+01   0.140703E+02   0.275530E+01   0.413415E+00
 0.221719E+01   0.233776E+01   0.140769E+02   0.275804E+01   0.413828E+00
 0.222000E+01   0.233970E+01   0.140712E+02   0.276078E+01   0.414242E+00
 0.222281E+01   0.234162E+01   0.140725E+02   0.276350E+01   0.414655E+00
 0.222563E+01   0.234354E+01   0.140755E+02   0.276621E+01   0.415067E+00
 0.222844E+01   0.234545E+01   0.140659E+02   0.276892E+01   0.415480E+00
 0.223125E+01   0.234735E+01   0.140716E+02   0.277161E+01   0.415892E+00
 0.223407E+01   0.234924E+01   0.140653E+02   0.277429E+01   0.416304E+00
 0.223688E+01   0.235112E+01   0.140652E+02   0.277696E+01   0.416716E+00
 0.223969E+01   0.235300E+01   0.140699E+02   0.277962E+01   0.417127E+00
 0.224251E+01   0.235486E+01   0.140699E+02   0.278226E+01   0.417538E+00
 0.224532E+01   0.235672E+01   0.140642E+02   0.278490E+01   0.417949E+00
 0.224814E+01   0.235857E+01   0.140608E+02   0.278753E+01   0.418360E+00
 0.225095E+01   0.236041E+01   0.140628E+02   0.279015E+01   0.418770E+00
 0.225376E+01   0.236225E+01   0.140627E+02   0.279275E+01   0.419180E+00
 0.225658E+01   0.236407E+01   0.140618E+02   0.279535E+01   0.419590E+00
 0.225939E+01   0.236589E+01   0.140615E+02   0.279794E+01   0.420000E+00
 0.226220E+01   0.236770E+01   0.140589E+02   0.280051E+01   0.420409E+00
 0.226502E+01   0.236950E+01   0.140624E+02   0.280308E+01   0.420818E+00
 0.226783E+01   0.237130E+01   0.140618E+02   0.280563E+01   0.421227E+00
 0.227065E+01   0.237308E+01   0.140521E+02   0.280818E+01   0.421635E+00
 0.227346E+01   0.237486E+01   0.140583E+02   0.281071E+01   0.422044E+00
 0.227627E+01   0.237663E+01   0.140532E+02   0.281324E+01   0.422452E+00
 0.227909E+01   0.237839E+01   0.140526E+02   0.281575E+01   0.422859E+00
 0.228190E+01   0.238015E+01   0.140502E+02   0.281826E+01   0.423267E+00
 0.228471E+01   0.238190E+01   0.140563E+02   0.282075E+01   0.423674E+00
 0.228753E+01   0.238364E+01   0.140480E+02   0.282324E+01   0.424081E+00
 0.229034E+01   0.238537E+01   0.140515E+02   0.282571E+01   0.424488E+00
 0.229315E+01   0.238709E+01   0.140476E+02   0.282818E+01   0.424894E+00
 0.229597E+01   0.238881E+01   0.140488E+02   0.283063E+01   0.425300E+00
 0.229878E+01   0.239052E+01   0.140505E+02   0.283308E+01   0.425706E+00
 0.230160E+01   0.239222E+01   0.140491E+02   0.283552E+01   0.426112E+00
 0.230441E+01   0.239392E+01   0.140470E+02   0.283794E+01   0.426517E+00
 0.230722E+01   0.239560E+01   0.140422E+02   0.284036E+01   0.426922E+00
 0.231004E+01   0.239728E+01   0.140486E+02   0.284276E+01   0.427327E+00
 0.231285E+01   0.239896E+01   0.140468E+02   0.284516E+01   0.427732E+00
 0.231566E+01   0.240062E+01   0.140433E+02   0.284755E+01   0.428136E+00
 0.231848E+01   0.240228E+01   0.140370E+02   0.284993E+01   0.428540E+00
 0.232129E+01   0.240393E+01   0.140397E+02   0.285230E+01   0.428944E+00
 0.232411E+01   0.240557E+01   0.140401E+02   0.285466E+01   0.429347E+00
 0.232692E+01   0.240721E+01   0.140411E+02   0.285701E+01   0.429751E+00
 0.232973E+01   0.240884E+01   0.140409E+02   0.285935E+01   0.430154E+00
 0.233255E+01   0.241046E+01   0.140329E+02   0.286168E+01   0.430556E+00
 0.233536E+01   0.241207E+01   0.140305E+02   0.286400E+01   0.430959E+00
 0.233817E+01   0.241368E+01   0.140378E+02   0.286631E+01   0.431361E+00
 0.234099E+01   0.241528E+01   0.140341E+02   0.286861E+01   0.431763E+00
 0.234380E+01   0.241687E+01   0.140313E+02   0.287091E+01   0.432165E+00
 0.234661E+01   0.241846E+01   0.140297E+02   0.287319E+01   0.432567E+00
 0.234943E+01   0.242004E+01   0.140306E+02   0.287547E+01   0.432968E+00
 0.235224E+01   0.242161E+01   0.140247E+02   0.287773E+01   0.433369E+00
 0.235506E+01   0.242318E+01   0.140248E+02   0.287999E+01   0.433770E+00
 0.235787E+01   0.242474E+01   0.140307E+02   0.288224E+01   0.434170E+00
 0.236068E+01   0.242629E+01   0.140253E+02   0.288448E+01   0.434570E+00
 0.236350E+01   0.242783E+01   0.140249E+02   0.288671E+01   0.434970E+00
 0.236631E+01   0.242937E+01   0.140224E+02   0.288893E+01   0.435370E+00
 0.236912E+01   0.243090E+01   0.140176E+02   0.289114E+01   0.435770E+00
 0.237194E+01   0.243243E+01   0.140219E+02   0.289335E+01   0.436169E+00
 0.237475E+01   0.243395E+01   0.140206E+02   0.289554E+01   0.436568E+00
 0.237757E+01   0.243546E+01   0.140137E+02   0.289773E+01   0.436967E+00
 0.238038E+01   0.243696E+01   0.140149E+02   0.289990E+01   0.437365E+00
 0.238319E+01   0.243846E+01   0.140210E+02   0.290207E+01   0.437763E+00
 0.238601E+01   0.243996E+01   0.140147E+02   0.290423E+01   0.438161E+00
 0.238882E+01   0.244144E+01   0.140187E+02   0.290638E+01   0.438559E+00
 0.239163E+01   0.244292E+01   0.140166E+02   0.290852E+01   0.438957E+00
 0.239445E+01   0.244439E+01   0.140108E+02   0.291066E+01   0.439354E+00
 0.239726E+01   0.244586E+01   0.140064E+02   0.291278E+01   0.439751E+00
 0.240007E+01   0.244732E+01   0.140065E+02   0.291490E+01   0.440148E+00
 0.240289E+01   0.244877E+01   0.140065E+02   0.291701E+01   0.440544E+00
 0.240570E+01   0.245022E+01   0.140063E+02   0.291911E+01   0.440941E+00
 0.240852E+01   0.245166E+01   0.140019E+02   0.292120E+01   0.441337E+00
 0.241133E+01   0.245309E+01   0.140024E+02   0.292328E+01   0.441732E+00
 0.241414E+01   0.245452E+01   0.140015E+02   0.292536E+01   0.442128E+00
 0.241696E+01   0.245594E+01   0.140004E+02   0.292742E+01   0.442523E+00
 0.241977E+01   0.245736E+01   0.139999E+02   0.292948E+01   0.442918E+00
 0.242258E+01   0.245877E+01   0.140012E+02   0.293153E+01   0.443313E+00
 0.242540E+01   0.246017E+01   0.140000E+02   0.293357E+01   0.443708E+00
 0.242821E+01   0.246157E+01   0.140001E+02   0.293560E+01   0.444102E+00
 0.243103E+01   0.246296E+01   0.139990E+02   0.293763E+01   0.444496E+00
 0.243384E+01   0.246434E+01   0.139907E+02   0.293965E+01   0.444890E+00
 0.243665E+01   0.246572E+01   0.139963E+02   0.294165E+01   0.445284E+00
 0.243947E+01   0.246709E+01   0.139965E+02   0.294365E+01   0.445677E+00
 0.244228E+01   0.246846E+01   0.139958E+02   0.294565E+01   0.446070E+00
 0.244509E+01   0.246982E+01   0.139953E+02   0.294763E+01   0.446463E+00
 0.244791E+01   0.247118E+01   0.139866E+02   0.294961E+01   0.446856E+00
 0.245072E+01   0.247252E+01   0.139854E+02   0.295158E+01   0.447248E+00
 0.245353E+01   0.247387E+01   0.139847E+02   0.295354E+01   0.447640E+00
 0.245635E+01   0.247520E+01   0.139840E+02   0.295549E+01   0.448032E+00
 0.245916E+01   0.247654E+01   0.139809E+02   0.295743E+01   0.448424E+00
 0.246198E+01   0.247786E+01   0.139791E+02   0.295937E+01   0.448815E+00
 0.246479E+01   0.247918E+01   0.139790E+02   0.296130E+01   0.449207E+00
 0.246760E+01   0.248049E+01   0.139782E+02   0.296322E+01   0.449598E+00
 0.247042E+01   0.248180E+01   0.139772E+02   0.296514E+01   0.449988E+00
 0.247323E+01   0.248311E+01   0.139753E+02   0.296704E+01   0.450379E+00
 0.247604E+01   0.248440E+01   0.139737E+02   0.296894E+01   0.450769E+00
 0.247886E+01   0.248569E+01   0.139808E+02   0.297083E+01   0.451159E+00
 0.248167E+01   0.248698E+01   0.139786E+02   0.297271E+01   0.451549E+00
 0.248449E+01   0.248826E+01   0.139725E+02   0.297459E+01   0.451939E+00
 0.248730E+01   0.248953E+01   0.139728E+02   0.297646E+01   0.452328E+00
 0.249011E+01   0.249080E+01   0.139668E+02   0.297832E+01   0.452717E+00
 0.249293E+01   0.249206E+01   0.139702E+02   0.298017E+01   0.453106E+00
 0.249574E+01   0.249332E+01   0.139660E+02   0.298202E+01   0.453495E+00
 0.249855E+01   0.249457E+01   0.139636E+02   0.298385E+01   0.453883E+00
 0.250137E+01   0.249582E+01   0.139711E+02   0.298568E+01   0.454271E+00
 0.250418E+01   0.249706E+01   0.139637E+02   0.298751E+01   0.454659E+00
 0.250699E+01   0.249830E+01   0.139663E+02   0.298932E+01   0.455047E+00
 0.250981E+01   0.249953E+01   0.139656E+02   0.299113E+01   0.455435E+00
 0.251262E+01   0.250075E+01   0.139650E+02   0.299293E+01   0.455822E+00
 0.251544E+01   0.250197E+01   0.139630E+02   0.299473E+01   0.456209E+00
 0.251825E+01   0.250319E+01   0.139595E+02   0.299651E+01   0.456596E+00
 0.252106E+01   0.250440E+01   0.139615E+02   0.299829E+01   0.456982E+00
 0.252388E+01   0.250560E+01   0.139564E+02   0.300006E+01   0.457369E+00
 0.252669E+01   0.250680E+01   0.139579E+02   0.300183E+01   0.457755E+00
 0.252950E+01   0.250799E+01   0.139551E+02   0.300359E+01   0.458141E+00
 0.253232E+01   0.250918E+01   0.139520E+02   0.300534E+01   0.458526E+00
 0.253513E+01   0.251036E+01   0.139534E+02   0.300708E+01   0.458912E+00
 0.253795E+01   0.251154E+01   0.139534E+02   0.300882E+01   0.459297E+00
 0.254076E+01   0.251271E+01   0.139524E+02   0.301055E+01   0.459682E+00
 0.254357E+01   0.251388E+01   0.139467E+02   0.301227E+01   0.460067E+00
 0.254639E+01   0.251505E+01   0.139467E+02   0.301399E+01   0.460451E+00
 0.254920E+01   0.251620E+01   0.139442E+02   0.301569E+01   0.460835E+00
 0.255201E+01   0.251735E+01   0.139436E+02   0.301740E+01   0.461220E+00
 0.255483E+01   0.251850E+01   0.139389E+02   0.301909E+01   0.461603E+00
 0.255764E+01   0.251964E+01   0.139380E+02   0.302078E+01   0.461987E+00
 0.256045E+01   0.252078E+01   0.139420E+02   0.302246E+01   0.462370E+00
 0.256327E+01   0.252191E+01   0.139407E+02   0.302414E+01   0.462754E+00
 0.256608E+01   0.252304E+01   0.139384E+02   0.302580E+01   0.463137E+00
 0.256890E+01   0.252416E+01   0.139384E+02   0.302746E+01   0.463519E+00
 0.257171E+01   0.252528E+01   0.139365E+02   0.302912E+01   0.463902E+00
 0.257452E+01   0.252640E+01   0.139303E+02   0.303077E+01   0.464284E+00
 0.257734E+01   0.252750E+01   0.139332E+02   0.303241E+01   0.464666E+00
 0.258015E+01   0.252861E+01   0.139286E+02   0.303404E+01   0.465048E+00
 0.258296E+01   0.252971E+01   0.139267E+02   0.303567E+01   0.465430E+00
 0.258578E+01   0.253080E+01   0.139280E+02   0.303729E+01   0.465811E+00
 0.258859E+01   0.253189E+01   0.139256E+02   0.303890E+01   0.466192E+00
 0.259141E+01   0.253297E+01   0.139267E+02   0.304051E+01   0.466573E+00
 0.259422E+01   0.253405E+01   0.139264E+02   0.304211E+01   0.466954E+00
 0.259703E+01   0.253513E+01   0.139256E+02   0.304371E+01   0.467334E+00
 0.259985E+01   0.253620E+01   0.139168E+02   0.304530E+01   0.467715E+00
 0.260266E+01   0.253726E+01   0.139231E+02   0.304688E+01   0.468095E+00
 0.260547E+01   0.253832E+01   0.139228E+02   0.304845E+01   0.468475E+00
 0.260829E+01   0.253938E+01   0.139127E+02   0.305002E+01   0.468854E+00
 0.261110E+01   0.254043E+01   0.139162E+02   0.305159E+01   0.469234E+00
 0.261391E+01   0.254148E+01   0.139153E+02   0.305314E+01   0.469613E+00
 0.261673E+01   0.254252E+01   0.139093E+02   0.305469E+01   0.469992E+00
 0.261954E+01   0.254356E+01   0.139071E+02   0.305624E+01   0.470371E+00
 0.262236E+01   0.254459E+01   0.139057E+02   0.305777E+01   0.470749E+00
 0.262517E+01   0.254562E+01   0.139065E+02   0.305931E+01   0.471127E+00
 0.262798E+01   0.254664E+01   0.139071E+02   0.306083E+01   0.471506E+00
 0.263080E+01   0.254766E+01   0.139036E+02   0.306235E+01   0.471884E+00
 0.263361E+01   0.254868E+01   0.139055E+02   0.306386E+01   0.472261E+00
 0.263642E+01   0.254969E+01   0.139068E+02   0.306537E+01   0.472639E+00
 0.263924E+01   0.255070E+01   0.139014E+02   0.306687E+01   0.473016E+00
 0.264205E+01   0.255170E+01   0.139055E+02   0.306836E+01   0.473393E+00
 0.264487E+01   0.255270E+01   0.138976E+02   0.306985E+01   0.473770E+00
 0.264768E+01   0.255369E+01   0.138937E+02   0.307134E+01   0.474146E+00
 0.265049E+01   0.255468E+01   0.138967E+02   0.307281E+01   0.474523E+00
 0.265331E+01   0.255567E+01   0.138921E+02   0.307428E+01   0.474899E+00
 0.265612E+01   0.255665E+01   0.138943E+02   0.307575E+01   0.475275E+00
 0.265893E+01   0.255762E+01   0.138941E+02   0.307721E+01   0.475651E+00
 0.266175E+01   0.255859E+01   0.138935E+02   0.307866E+01   0.476026E+00
 0.266456E+01   0.255956E+01   0.138903E+02   0.308010E+01   0.476402E+00
 0.266738E+01   0.256053E+01   0.138912E+02   0.308155E+01   0.476777E+00
 0.267019E+01   0.256149E+01   0.138910E+02   0.308298E+01   0.477152E+00
 0.267300E+01   0.256244E+01   0.138820E+02   0.308441E+01   0.477526E+00
 0.267582E+01   0.256339E+01   0.138838E+02   0.308583E+01   0.477901E+00
 0.267863E+01   0.256434E+01   0.138818E+02   0.308725E+01   0.478275E+00
 0.268144E+01   0.256528E+01   0.138812E+02   0.308866E+01   0.478649E+00
 0.268426E+01   0.256622E+01   0.138813E+02   0.309007E+01   0.479023E+00
 0.268707E+01   0.256716E+01   0.138789E+02   0.309147E+01   0.479397E+00
 0.268988E+01   0.256809E+01   0.138791E+02   0.309286E+01   0.479770E+00
 0.269270E+01   0.256901E+01   0.138773E+02   0.309425E+01   0.480144E+00
 0.269551E+01   0.256994E+01   0.138795E+02   0.309563E+01   0.480517E+00
 0.269833E+01   0.257086E+01   0.138756E+02   0.309701E+01   0.480889E+00
 0.270114E+01   0.257177E+01   0.138692E+02   0.309838E+01   0.481262E+00
 0.270395E+01   0.257268E+01   0.138669E+02   0.309975E+01   0.481634E+00
 0.270677E+01   0.257359E+01   0.138707E+02   0.310111E+01   0.482007E+00
 0.270958E+01   0.257449E+01   0.138677E+02   0.310247E+01   0.482378E+00
 0.271239E+01   0.257539E+01   0.138685E+02   0.310382E+01   0.482750E+00
 0.271521E+01   0.257628E+01   0.138685E+02   0.310516E+01   0.483122E+00
 0.271802E+01   0.257718E+01   0.138666E+02   0.310650E+01   0.483493E+00
 0.272083E+01   0.257806E+01   0.138579E+02   0.310783E+01   0.483864E+00
 0.272365E+01   0.257895E+01   0.138609E+02   0.310916E+01   0.484235E+00
 0.272646E+01   0.257983E+01   0.138631E+02   0.311048E+01   0.484606E+00
 0.272928E+01   0.258070E+01   0.138533E+02   0.311180E+01   0.484977E+00
 0.273209E+01   0.258157E+01   0.138560E+02   0.311311E+01   0.485347E+00
 0.273490E+01   0.258244E+01   0.138505E+02   0.311442E+01   0.485717E+00
 0.273772E+01   0.258331E+01   0.138496E+02   0.311572E+01   0.486087E+00
 0.274053E+01   0.258417E+01   0.138546E+02   0.311702E+01   0.486457E+00
 0.274334E+01   0.258502E+01   0.138548E+02   0.311831E+01   0.486827E+00
 0.274616E+01   0.258588E+01   0.138542E+02   0.311959E+01   0.487196E+00
 0.274897E+01   0.258673E+01   0.138532E+02   0.312087E+01   0.487565E+00
 0.275179E+01   0.258757E+01   0.138455E+02   0.312215E+01   0.487934E+00
 0.275460E+01   0.258841E+01   0.138494E+02   0.312341E+01   0.488303E+00
 0.275741E+01   0.258925E+01   0.138412E+02   0.312468E+01   0.488672E+00
 0.276023E+01   0.259009E+01   0.138396E+02   0.312594E+01   0.489040E+00
 0.276304E+01   0.259092E+01   0.138408E+02   0.312719E+01   0.489408E+00
 0.276585E+01   0.259175E+01   0.138384E+02   0.312844E+01   0.489776E+00
 0.276867E+01   0.259257E+01   0.138428E+02   0.312969E+01   0.490144E+00
 0.277148E+01   0.259339E+01   0.138330E+02   0.313092E+01   0.490511E+00
 0.277430E+01   0.259421E+01   0.138310E+02   0.313216E+01   0.490878E+00
 0.277711E+01   0.259502E+01   0.138305E+02   0.313339E+01   0.491245E+00
 0.277992E+01   0.259583E+01   0.138372E+02   0.313461E+01   0.491612E+00
 0.278274E+01   0.259664E+01   0.138284E+02   0.313583E+01   0.491978E+00
 0.278555E+01   0.259744E+01   0.138287E+02   0.313704E+01   0.492345E+00
 0.278836E+01   0.259824E+01   0.138288E+02   0.313825E+01   0.492711E+00
 0.279118E+01   0.259904E+01   0.138269E+02   0.313946E+01   0.493077E+00
 0.279399E+01   0.259983E+01   0.138292E+02   0.314066E+01   0.493442E+00
 0.279680E+01   0.260062E+01   0.138251E+02   0.314185E+01   0.493808E+00
 0.279962E+01   0.260140E+01   0.138253E+02   0.314304E+01   0.494173E+00
 0.280243E+01   0.260219E+01   0.138223E+02   0.314422E+01   0.494539E+00
 0.280525E+01   0.260296E+01   0.138157E+02   0.314540E+01   0.494904E+00
 0.280806E+01   0.260374E+01   0.138218E+02   0.314658E+01   0.495269E+00
 0.281087E+01   0.260451E+01   0.138188E+02   0.314775E+01   0.495635E+00
