 0.745400E-10   0.000000E+00   0.000000E+00   0.000000E+00   0.158100E-10
 0.262897E-02   0.547056E+00   0.182302E+03   0.551561E+00   0.552621E-03
 0.525794E-02   0.513728E+00   0.174259E+03   0.517865E+00   0.110358E-02
 0.788692E-02   0.483267E+00   0.166942E+03   0.487070E+00   0.165534E-02
 0.105159E-01   0.460663E+00   0.162615E+03   0.464232E+00   0.220643E-02
 0.131449E-01   0.439075E+00   0.158199E+03   0.442425E+00   0.275826E-02
 0.157738E-01   0.422526E+00   0.155538E+03   0.425711E+00   0.330997E-02
 0.184028E-01   0.408659E+00   0.153644E+03   0.411709E+00   0.386044E-02
 0.210318E-01   0.393689E+00   0.150981E+03   0.396591E+00   0.440985E-02
 0.236607E-01   0.379771E+00   0.148509E+03   0.382537E+00   0.496020E-02
 0.262897E-01   0.368504E+00   0.146949E+03   0.371164E+00   0.551179E-02
 0.289187E-01   0.357171E+00   0.145221E+03   0.359724E+00   0.606331E-02
 0.315477E-01   0.344602E+00   0.142811E+03   0.347037E+00   0.661412E-02
 0.341766E-01   0.332243E+00   0.140259E+03   0.334563E+00   0.716415E-02
 0.368056E-01   0.331570E+00   0.142364E+03   0.333889E+00   0.771335E-02
 0.394346E-01   0.320385E+00   0.139921E+03   0.322601E+00   0.826181E-02
 0.420636E-01   0.307666E+00   0.136950E+03   0.309766E+00   0.880980E-02
 0.446925E-01   0.298599E+00   0.135848E+03   0.300619E+00   0.935755E-02
 0.473215E-01   0.295811E+00   0.137857E+03   0.297811E+00   0.990515E-02
 0.499505E-01   0.282733E+00   0.135656E+03   0.284618E+00   0.104526E-01
 0.525794E-01   0.272859E+00   0.135228E+03   0.274659E+00   0.109999E-01
 0.552084E-01   0.263184E+00   0.135327E+03   0.264903E+00   0.115470E-01
 0.578374E-01   0.258863E+00   0.138688E+03   0.260553E+00   0.120940E-01
 0.604664E-01   0.262390E+00   0.147335E+03   0.264119E+00   0.126409E-01
 0.630953E-01   0.236769E+00   0.141084E+03   0.238273E+00   0.131877E-01
 0.657243E-01   0.194479E+00   0.123763E+03   0.195616E+00   0.137344E-01
 0.683533E-01   0.192800E+00   0.131919E+03   0.193926E+00   0.142809E-01
 0.709822E-01   0.173397E+00   0.127562E+03   0.174359E+00   0.148274E-01
 0.736112E-01   0.147977E+00   0.113363E+03   0.148720E+00   0.153738E-01
 0.762402E-01   0.135619E+00   0.106576E+03   0.136254E+00   0.159200E-01
 0.788692E-01   0.124033E+00   0.916694E+02   0.124557E+00   0.164662E-01
 0.814981E-01   0.120014E+00   0.810776E+02   0.120491E+00   0.170124E-01
 0.841271E-01   0.120522E+00   0.832906E+02   0.121007E+00   0.175584E-01
 0.867561E-01   0.120991E+00   0.850463E+02   0.121483E+00   0.181044E-01
 0.893851E-01   0.121441E+00   0.864467E+02   0.121938E+00   0.186504E-01
 0.920140E-01   0.122291E+00   0.884637E+02   0.122798E+00   0.191963E-01
 0.946430E-01   0.123355E+00   0.906199E+02   0.123873E+00   0.197422E-01
 0.972720E-01   0.124602E+00   0.928607E+02   0.125133E+00   0.202880E-01
 0.999009E-01   0.126077E+00   0.952887E+02   0.126622E+00   0.208338E-01
 0.102530E+00   0.127591E+00   0.975801E+02   0.128151E+00   0.213797E-01
 0.105159E+00   0.128792E+00   0.991807E+02   0.129362E+00   0.219254E-01
 0.107788E+00   0.129916E+00   0.100576E+03   0.130497E+00   0.224712E-01
 0.110417E+00   0.131080E+00   0.101981E+03   0.131672E+00   0.230169E-01
 0.113046E+00   0.132492E+00   0.103723E+03   0.133097E+00   0.235626E-01
 0.115675E+00   0.133846E+00   0.105322E+03   0.134463E+00   0.241083E-01
 0.118304E+00   0.135142E+00   0.106788E+03   0.135771E+00   0.246540E-01
 0.120933E+00   0.135621E+00   0.107037E+03   0.136254E+00   0.251995E-01
 0.123562E+00   0.136624E+00   0.108039E+03   0.137266E+00   0.257451E-01
 0.126191E+00   0.137354E+00   0.108640E+03   0.138002E+00   0.262906E-01
 0.128820E+00   0.138125E+00   0.109291E+03   0.138781E+00   0.268360E-01
 0.131449E+00   0.138926E+00   0.109975E+03   0.139588E+00   0.273814E-01
 0.134078E+00   0.139785E+00   0.110733E+03   0.140456E+00   0.279268E-01
 0.136707E+00   0.140413E+00   0.111183E+03   0.141089E+00   0.284721E-01
 0.139336E+00   0.140943E+00   0.111515E+03   0.141623E+00   0.290174E-01
 0.141964E+00   0.141627E+00   0.112057E+03   0.142313E+00   0.295626E-01
 0.144593E+00   0.142251E+00   0.112533E+03   0.142943E+00   0.301078E-01
 0.147222E+00   0.142707E+00   0.112815E+03   0.143403E+00   0.306530E-01
 0.149851E+00   0.143412E+00   0.113427E+03   0.144114E+00   0.311982E-01
 0.152480E+00   0.143529E+00   0.113335E+03   0.144232E+00   0.317434E-01
 0.155109E+00   0.144259E+00   0.114020E+03   0.144969E+00   0.322886E-01
 0.157738E+00   0.144454E+00   0.114075E+03   0.145165E+00   0.328337E-01
 0.160367E+00   0.144992E+00   0.114569E+03   0.145708E+00   0.333789E-01
 0.162996E+00   0.144524E+00   0.113879E+03   0.145235E+00   0.339240E-01
 0.165625E+00   0.144689E+00   0.113978E+03   0.145401E+00   0.344691E-01
 0.168254E+00   0.145202E+00   0.114519E+03   0.145919E+00   0.350143E-01
 0.170883E+00   0.144988E+00   0.114217E+03   0.145704E+00   0.355594E-01
 0.173512E+00   0.145381E+00   0.114663E+03   0.146100E+00   0.361045E-01
 0.176141E+00   0.145371E+00   0.114654E+03   0.146090E+00   0.366496E-01
 0.178770E+00   0.145374E+00   0.114685E+03   0.146093E+00   0.371947E-01
 0.181399E+00   0.145390E+00   0.114756E+03   0.146109E+00   0.377399E-01
 0.184028E+00   0.145200E+00   0.114606E+03   0.145918E+00   0.382850E-01
 0.186657E+00   0.144730E+00   0.114141E+03   0.145443E+00   0.388301E-01
 0.189286E+00   0.144969E+00   0.114552E+03   0.145685E+00   0.393752E-01
 0.191915E+00   0.144812E+00   0.114510E+03   0.145527E+00   0.399204E-01
 0.194544E+00   0.144248E+00   0.113993E+03   0.144957E+00   0.404655E-01
 0.197173E+00   0.144141E+00   0.114054E+03   0.144850E+00   0.410107E-01
 0.199802E+00   0.143564E+00   0.113556E+03   0.144267E+00   0.415559E-01
 0.202431E+00   0.142725E+00   0.112746E+03   0.143421E+00   0.421010E-01
 0.205060E+00   0.142058E+00   0.112158E+03   0.142748E+00   0.426462E-01
 0.207689E+00   0.141966E+00   0.112308E+03   0.142655E+00   0.431914E-01
 0.210318E+00   0.141664E+00   0.112210E+03   0.142351E+00   0.437367E-01
 0.212947E+00   0.140870E+00   0.111491E+03   0.141550E+00   0.442819E-01
 0.215576E+00   0.140243E+00   0.110990E+03   0.140917E+00   0.448271E-01
 0.218205E+00   0.139915E+00   0.110892E+03   0.140587E+00   0.453724E-01
 0.220834E+00   0.138518E+00   0.109367E+03   0.139177E+00   0.459177E-01
 0.223463E+00   0.138754E+00   0.110043E+03   0.139415E+00   0.464630E-01
 0.226092E+00   0.137807E+00   0.109117E+03   0.138460E+00   0.470083E-01
 0.228721E+00   0.137031E+00   0.108415E+03   0.137677E+00   0.475537E-01
 0.231350E+00   0.136146E+00   0.107547E+03   0.136785E+00   0.480990E-01
 0.233979E+00   0.135803E+00   0.107451E+03   0.136438E+00   0.486444E-01
 0.236607E+00   0.134267E+00   0.105595E+03   0.134888E+00   0.491898E-01
 0.239236E+00   0.133852E+00   0.105377E+03   0.134470E+00   0.497352E-01
 0.241865E+00   0.132419E+00   0.103584E+03   0.133023E+00   0.502806E-01
 0.244494E+00   0.131245E+00   0.102133E+03   0.131838E+00   0.508261E-01
 0.247123E+00   0.130475E+00   0.101279E+03   0.131061E+00   0.513715E-01
 0.249752E+00   0.129751E+00   0.100468E+03   0.130331E+00   0.519170E-01
 0.252381E+00   0.128654E+00   0.989827E+02   0.129223E+00   0.524625E-01
 0.255010E+00   0.127843E+00   0.979225E+02   0.128404E+00   0.530081E-01
 0.257639E+00   0.126796E+00   0.963767E+02   0.127348E+00   0.535536E-01
 0.260268E+00   0.126001E+00   0.952030E+02   0.126545E+00   0.540992E-01
 0.262897E+00   0.125174E+00   0.938872E+02   0.125710E+00   0.546448E-01
 0.265526E+00   0.124172E+00   0.921288E+02   0.124698E+00   0.551904E-01
 0.268155E+00   0.123527E+00   0.909691E+02   0.124046E+00   0.557360E-01
 0.270784E+00   0.122530E+00   0.889657E+02   0.123040E+00   0.562817E-01
 0.273413E+00   0.122394E+00   0.886895E+02   0.122902E+00   0.568274E-01
 0.276042E+00   0.121733E+00   0.871734E+02   0.122233E+00   0.573731E-01
 0.278671E+00   0.121329E+00   0.861303E+02   0.121825E+00   0.579188E-01
 0.281300E+00   0.120770E+00   0.846081E+02   0.121260E+00   0.584645E-01
 0.283929E+00   0.120773E+00   0.843721E+02   0.121262E+00   0.590102E-01
 0.286558E+00   0.120627E+00   0.837095E+02   0.121114E+00   0.595560E-01
 0.289187E+00   0.120267E+00   0.824039E+02   0.120749E+00   0.601018E-01
 0.291816E+00   0.120096E+00   0.815236E+02   0.120575E+00   0.606476E-01
 0.294445E+00   0.120387E+00   0.826966E+02   0.120870E+00   0.611934E-01
 0.297074E+00   0.122247E+00   0.880582E+02   0.122752E+00   0.617393E-01
 0.299703E+00   0.124942E+00   0.930971E+02   0.125476E+00   0.622851E-01
 0.302332E+00   0.129170E+00   0.989461E+02   0.129745E+00   0.628310E-01
 0.304961E+00   0.136262E+00   0.107148E+03   0.136903E+00   0.633769E-01
 0.307590E+00   0.142217E+00   0.111591E+03   0.142911E+00   0.639227E-01
 0.310219E+00   0.145302E+00   0.111490E+03   0.146021E+00   0.644687E-01
 0.312848E+00   0.151747E+00   0.114775E+03   0.152522E+00   0.650146E-01
 0.315477E+00   0.161794E+00   0.120855E+03   0.162656E+00   0.655605E-01
 0.318106E+00   0.174379E+00   0.128195E+03   0.175350E+00   0.661065E-01
 0.320735E+00   0.177406E+00   0.126805E+03   0.178401E+00   0.666524E-01
 0.323364E+00   0.188600E+00   0.131993E+03   0.189690E+00   0.671984E-01
 0.325993E+00   0.192891E+00   0.131771E+03   0.194017E+00   0.677444E-01
 0.328622E+00   0.195111E+00   0.130318E+03   0.196256E+00   0.682904E-01
 0.331250E+00   0.197707E+00   0.129437E+03   0.198874E+00   0.688364E-01
 0.333879E+00   0.198704E+00   0.127783E+03   0.199880E+00   0.693824E-01
 0.336508E+00   0.197933E+00   0.125308E+03   0.199101E+00   0.699284E-01
 0.339137E+00   0.205621E+00   0.128429E+03   0.206855E+00   0.704744E-01
 0.341766E+00   0.212499E+00   0.131146E+03   0.213792E+00   0.710204E-01
 0.344395E+00   0.218773E+00   0.133642E+03   0.220121E+00   0.715664E-01
 0.347024E+00   0.224912E+00   0.136238E+03   0.226313E+00   0.721125E-01
 0.349653E+00   0.230786E+00   0.138886E+03   0.232238E+00   0.726585E-01
 0.352282E+00   0.234121E+00   0.140286E+03   0.235602E+00   0.732045E-01
 0.354911E+00   0.234911E+00   0.140472E+03   0.236399E+00   0.737506E-01
 0.357540E+00   0.235102E+00   0.140596E+03   0.236592E+00   0.742966E-01
 0.360169E+00   0.232647E+00   0.139471E+03   0.234115E+00   0.748427E-01
 0.362798E+00   0.226483E+00   0.136462E+03   0.227897E+00   0.753887E-01
 0.365427E+00   0.223933E+00   0.135856E+03   0.225326E+00   0.759347E-01
 0.368056E+00   0.217788E+00   0.133393E+03   0.219127E+00   0.764808E-01
 0.370685E+00   0.208729E+00   0.129391E+03   0.209989E+00   0.770268E-01
 0.373314E+00   0.201383E+00   0.126613E+03   0.202580E+00   0.775728E-01
 0.375943E+00   0.194781E+00   0.124492E+03   0.195922E+00   0.781188E-01
 0.378572E+00   0.199531E+00   0.130187E+03   0.200714E+00   0.786648E-01
 0.381201E+00   0.195999E+00   0.130931E+03   0.197152E+00   0.792108E-01
 0.383830E+00   0.192977E+00   0.132535E+03   0.194104E+00   0.797568E-01
 0.386459E+00   0.182005E+00   0.128500E+03   0.183039E+00   0.803028E-01
 0.389088E+00   0.176371E+00   0.128772E+03   0.177359E+00   0.808488E-01
 0.391717E+00   0.162080E+00   0.121225E+03   0.162944E+00   0.813947E-01
 0.394346E+00   0.150431E+00   0.114758E+03   0.151195E+00   0.819407E-01
 0.396975E+00   0.143086E+00   0.111598E+03   0.143788E+00   0.824866E-01
 0.399604E+00   0.135228E+00   0.106036E+03   0.135860E+00   0.830325E-01
 0.402233E+00   0.126369E+00   0.951516E+02   0.126918E+00   0.835784E-01
 0.404862E+00   0.122368E+00   0.883418E+02   0.122873E+00   0.841243E-01
 0.407491E+00   0.119892E+00   0.807557E+02   0.120368E+00   0.846702E-01
 0.410120E+00   0.120270E+00   0.824667E+02   0.120752E+00   0.852161E-01
 0.412749E+00   0.120560E+00   0.837684E+02   0.121046E+00   0.857619E-01
 0.415378E+00   0.121260E+00   0.858854E+02   0.121755E+00   0.863077E-01
 0.418007E+00   0.121811E+00   0.873672E+02   0.122313E+00   0.868535E-01
 0.420636E+00   0.122825E+00   0.895883E+02   0.123338E+00   0.873993E-01
 0.423265E+00   0.124161E+00   0.921093E+02   0.124687E+00   0.879450E-01
 0.425893E+00   0.126010E+00   0.952172E+02   0.126555E+00   0.884907E-01
 0.428522E+00   0.128233E+00   0.985528E+02   0.128798E+00   0.890364E-01
 0.431151E+00   0.129780E+00   0.100350E+03   0.130360E+00   0.895821E-01
 0.433780E+00   0.132714E+00   0.104074E+03   0.133321E+00   0.901277E-01
 0.436409E+00   0.135606E+00   0.107314E+03   0.136239E+00   0.906733E-01
 0.439038E+00   0.137339E+00   0.108587E+03   0.137988E+00   0.912189E-01
 0.441667E+00   0.140203E+00   0.111194E+03   0.140877E+00   0.917644E-01
 0.444296E+00   0.141977E+00   0.112131E+03   0.142666E+00   0.923100E-01
 0.446925E+00   0.144732E+00   0.114097E+03   0.145445E+00   0.928554E-01
 0.449554E+00   0.147204E+00   0.115489E+03   0.147937E+00   0.934009E-01
 0.452183E+00   0.149035E+00   0.115979E+03   0.149783E+00   0.939463E-01
 0.454812E+00   0.151299E+00   0.116803E+03   0.152066E+00   0.944917E-01
 0.457441E+00   0.156484E+00   0.120398E+03   0.157295E+00   0.950370E-01
 0.460070E+00   0.160892E+00   0.122870E+03   0.161741E+00   0.955823E-01
 0.462699E+00   0.166939E+00   0.126559E+03   0.167839E+00   0.961276E-01
 0.465328E+00   0.173032E+00   0.129942E+03   0.173984E+00   0.966728E-01
 0.467957E+00   0.176510E+00   0.130887E+03   0.177490E+00   0.972180E-01
 0.470586E+00   0.182400E+00   0.133693E+03   0.183430E+00   0.977632E-01
 0.473215E+00   0.188477E+00   0.136474E+03   0.189559E+00   0.983083E-01
 0.475844E+00   0.197461E+00   0.141255E+03   0.198621E+00   0.988533E-01
 0.478473E+00   0.208412E+00   0.147188E+03   0.209670E+00   0.993983E-01
 0.481102E+00   0.218869E+00   0.152505E+03   0.220221E+00   0.999433E-01
 0.483731E+00   0.231501E+00   0.159081E+03   0.232967E+00   0.100488E+00
 0.486360E+00   0.248411E+00   0.168264E+03   0.250031E+00   0.101033E+00
 0.488989E+00   0.262816E+00   0.175648E+03   0.264565E+00   0.101578E+00
 0.491618E+00   0.272111E+00   0.179663E+03   0.273942E+00   0.102123E+00
 0.494247E+00   0.282999E+00   0.184750E+03   0.284928E+00   0.102667E+00
 0.496876E+00   0.288238E+00   0.186258E+03   0.290214E+00   0.103212E+00
 0.499505E+00   0.290728E+00   0.186166E+03   0.292725E+00   0.103757E+00
 0.502134E+00   0.295163E+00   0.187480E+03   0.297199E+00   0.104301E+00
 0.504763E+00   0.297822E+00   0.187879E+03   0.299880E+00   0.104846E+00
 0.507392E+00   0.301975E+00   0.189405E+03   0.304070E+00   0.105390E+00
 0.510021E+00   0.305933E+00   0.191032E+03   0.308063E+00   0.105935E+00
 0.512650E+00   0.312274E+00   0.194344E+03   0.314461E+00   0.106479E+00
 0.515279E+00   0.314808E+00   0.195615E+03   0.317018E+00   0.107023E+00
 0.517908E+00   0.314265E+00   0.195329E+03   0.316469E+00   0.107567E+00
 0.520536E+00   0.313499E+00   0.195237E+03   0.315694E+00   0.108112E+00
 0.523165E+00   0.309561E+00   0.193613E+03   0.311719E+00   0.108656E+00
 0.525794E+00   0.311985E+00   0.196075E+03   0.314165E+00   0.109200E+00
 0.528423E+00   0.310068E+00   0.196334E+03   0.312230E+00   0.109744E+00
 0.531052E+00   0.307008E+00   0.196283E+03   0.309142E+00   0.110288E+00
 0.533681E+00   0.305292E+00   0.197395E+03   0.307409E+00   0.110831E+00
 0.536310E+00   0.306103E+00   0.200408E+03   0.308228E+00   0.111375E+00
 0.538939E+00   0.311209E+00   0.206488E+03   0.313383E+00   0.111919E+00
 0.541568E+00   0.305180E+00   0.206254E+03   0.307299E+00   0.112463E+00
 0.544197E+00   0.300383E+00   0.207209E+03   0.302458E+00   0.113006E+00
 0.546826E+00   0.297178E+00   0.209621E+03   0.299224E+00   0.113550E+00
 0.549455E+00   0.289593E+00   0.209752E+03   0.291571E+00   0.114093E+00
 0.552084E+00   0.289613E+00   0.215264E+03   0.291592E+00   0.114636E+00
 0.554713E+00   0.277617E+00   0.213496E+03   0.279488E+00   0.115180E+00
 0.557342E+00   0.273131E+00   0.217177E+03   0.274962E+00   0.115723E+00
 0.559971E+00   0.258120E+00   0.214189E+03   0.259818E+00   0.116266E+00
 0.562600E+00   0.239799E+00   0.209042E+03   0.241335E+00   0.116809E+00
 0.565229E+00   0.229745E+00   0.210036E+03   0.231192E+00   0.117352E+00
 0.567858E+00   0.212689E+00   0.205914E+03   0.213987E+00   0.117895E+00
 0.570487E+00   0.193699E+00   0.199888E+03   0.194832E+00   0.118438E+00
 0.573116E+00   0.183534E+00   0.201073E+03   0.184577E+00   0.118981E+00
 0.575745E+00   0.177218E+00   0.206094E+03   0.178206E+00   0.119524E+00
 0.578374E+00   0.174776E+00   0.215731E+03   0.175743E+00   0.120066E+00
 0.581003E+00   0.166816E+00   0.220794E+03   0.167719E+00   0.120609E+00
 0.583632E+00   0.155008E+00   0.222000E+03   0.155814E+00   0.121151E+00
 0.586261E+00   0.148268E+00   0.230458E+03   0.149022E+00   0.121694E+00
 0.588890E+00   0.126410E+00   0.215508E+03   0.126977E+00   0.122236E+00
 0.591519E+00   0.110744E+00   0.205218E+03   0.111176E+00   0.122778E+00
 0.594148E+00   0.957682E-01   0.188747E+03   0.960698E-01   0.123320E+00
 0.596777E+00   0.834597E-01   0.167805E+03   0.836526E-01   0.123862E+00
 0.599406E+00   0.750225E-01   0.146772E+03   0.751391E-01   0.124404E+00
 0.602035E+00   0.692666E-01   0.122950E+03   0.693291E-01   0.124946E+00
 0.604664E+00   0.662534E-01   0.102581E+03   0.662852E-01   0.125488E+00
 0.607293E+00   0.650134E-01   0.879907E+02   0.650297E-01   0.126030E+00
 0.609922E+00   0.646813E-01   0.770558E+02   0.646899E-01   0.126571E+00
 0.612550E+00   0.648613E-01   0.685239E+02   0.648669E-01   0.127113E+00
 0.615179E+00   0.653650E-01   0.621294E+02   0.653706E-01   0.127654E+00
 0.617808E+00   0.661217E-01   0.602943E+02   0.661297E-01   0.128196E+00
 0.620437E+00   0.669395E-01   0.545634E+02   0.669507E-01   0.128737E+00
 0.623066E+00   0.678765E-01   0.499316E+02   0.678922E-01   0.129278E+00
 0.625695E+00   0.689046E-01   0.464311E+02   0.689258E-01   0.129819E+00
 0.628324E+00   0.700025E-01   0.437330E+02   0.700301E-01   0.130360E+00
 0.630953E+00   0.711623E-01   0.431232E+02   0.711972E-01   0.130901E+00
 0.633582E+00   0.723643E-01   0.422646E+02   0.724073E-01   0.131442E+00
 0.636211E+00   0.736063E-01   0.409309E+02   0.736579E-01   0.131982E+00
 0.638840E+00   0.748856E-01   0.391292E+02   0.749465E-01   0.132523E+00
 0.641469E+00   0.762002E-01   0.378736E+02   0.762712E-01   0.133064E+00
 0.644098E+00   0.775473E-01   0.386765E+02   0.776290E-01   0.133604E+00
 0.646727E+00   0.789240E-01   0.387871E+02   0.790171E-01   0.134144E+00
 0.649356E+00   0.803293E-01   0.362505E+02   0.804344E-01   0.134685E+00
 0.651985E+00   0.817617E-01   0.340792E+02   0.818795E-01   0.135225E+00
 0.654614E+00   0.832199E-01   0.322066E+02   0.833510E-01   0.135765E+00
 0.657243E+00   0.847028E-01   0.305822E+02   0.848480E-01   0.136305E+00
 0.659872E+00   0.862097E-01   0.291437E+02   0.863696E-01   0.136844E+00
 0.662501E+00   0.877397E-01   0.278778E+02   0.879150E-01   0.137384E+00
 0.665130E+00   0.892921E-01   0.267431E+02   0.894835E-01   0.137924E+00
 0.667759E+00   0.908664E-01   0.257332E+02   0.910745E-01   0.138463E+00
 0.670388E+00   0.924620E-01   0.248230E+02   0.926877E-01   0.139003E+00
 0.673017E+00   0.940785E-01   0.239885E+02   0.943224E-01   0.139542E+00
 0.675646E+00   0.957154E-01   0.232399E+02   0.959783E-01   0.140081E+00
 0.678275E+00   0.973724E-01   0.225618E+02   0.976550E-01   0.140620E+00
 0.680904E+00   0.990492E-01   0.219334E+02   0.993522E-01   0.141159E+00
 0.683533E+00   0.100745E+00   0.213627E+02   0.101069E+00   0.141698E+00
 0.686162E+00   0.102460E+00   0.208302E+02   0.102807E+00   0.142237E+00
 0.688791E+00   0.104194E+00   0.203466E+02   0.104563E+00   0.142776E+00
 0.691420E+00   0.105947E+00   0.198985E+02   0.106339E+00   0.143314E+00
 0.694049E+00   0.107717E+00   0.194733E+02   0.108134E+00   0.143853E+00
 0.696678E+00   0.109506E+00   0.190918E+02   0.109948E+00   0.144391E+00
 0.699307E+00   0.111312E+00   0.187267E+02   0.111780E+00   0.144929E+00
 0.701936E+00   0.113136E+00   0.183844E+02   0.113631E+00   0.145467E+00
 0.704565E+00   0.114977E+00   0.180723E+02   0.115500E+00   0.146005E+00
 0.707193E+00   0.116836E+00   0.177773E+02   0.117387E+00   0.146543E+00
 0.709822E+00   0.118711E+00   0.175029E+02   0.119292E+00   0.147081E+00
 0.712451E+00   0.120603E+00   0.172399E+02   0.121214E+00   0.147619E+00
 0.715080E+00   0.122512E+00   0.169964E+02   0.123154E+00   0.148156E+00
 0.717709E+00   0.124437E+00   0.167625E+02   0.125111E+00   0.148694E+00
 0.720338E+00   0.126378E+00   0.165408E+02   0.127085E+00   0.149231E+00
 0.722967E+00   0.128335E+00   0.163418E+02   0.129077E+00   0.149768E+00
 0.725596E+00   0.130309E+00   0.161408E+02   0.131085E+00   0.150305E+00
 0.728225E+00   0.132297E+00   0.159595E+02   0.133109E+00   0.150842E+00
 0.730854E+00   0.134302E+00   0.157886E+02   0.135151E+00   0.151379E+00
 0.733483E+00   0.136322E+00   0.156220E+02   0.137208E+00   0.151916E+00
 0.736112E+00   0.138357E+00   0.154572E+02   0.139282E+00   0.152452E+00
 0.738741E+00   0.140407E+00   0.153112E+02   0.141372E+00   0.152989E+00
 0.741370E+00   0.142472E+00   0.151695E+02   0.143478E+00   0.153525E+00
 0.743999E+00   0.144552E+00   0.150382E+02   0.145600E+00   0.154062E+00
 0.746628E+00   0.146647E+00   0.149116E+02   0.147737E+00   0.154598E+00
 0.749257E+00   0.148756E+00   0.147868E+02   0.149890E+00   0.155134E+00
 0.751886E+00   0.150880E+00   0.146669E+02   0.152059E+00   0.155670E+00
 0.754515E+00   0.153018E+00   0.145556E+02   0.154243E+00   0.156206E+00
 0.757144E+00   0.155170E+00   0.144478E+02   0.156442E+00   0.156741E+00
 0.759773E+00   0.157336E+00   0.143483E+02   0.158656E+00   0.157277E+00
 0.762402E+00   0.159516E+00   0.142523E+02   0.160885E+00   0.157812E+00
 0.765031E+00   0.161710E+00   0.141617E+02   0.163129E+00   0.158347E+00
 0.767660E+00   0.163917E+00   0.140718E+02   0.165388E+00   0.158883E+00
 0.770289E+00   0.166138E+00   0.139848E+02   0.167661E+00   0.159418E+00
 0.772918E+00   0.168373E+00   0.139045E+02   0.169949E+00   0.159953E+00
 0.775547E+00   0.170620E+00   0.138320E+02   0.172251E+00   0.160487E+00
 0.778176E+00   0.172881E+00   0.137512E+02   0.174568E+00   0.161022E+00
 0.780805E+00   0.175155E+00   0.136800E+02   0.176899E+00   0.161557E+00
 0.783434E+00   0.177441E+00   0.136181E+02   0.179244E+00   0.162091E+00
 0.786063E+00   0.179741E+00   0.135536E+02   0.181602E+00   0.162625E+00
 0.788692E+00   0.182053E+00   0.134849E+02   0.183975E+00   0.163159E+00
 0.791321E+00   0.184378E+00   0.134266E+02   0.186361E+00   0.163693E+00
 0.793950E+00   0.186715E+00   0.133652E+02   0.188761E+00   0.164227E+00
 0.796579E+00   0.189065E+00   0.133158E+02   0.191175E+00   0.164761E+00
 0.799208E+00   0.191426E+00   0.132598E+02   0.193602E+00   0.165295E+00
 0.801836E+00   0.193800E+00   0.132094E+02   0.196042E+00   0.165828E+00
 0.804465E+00   0.196186E+00   0.131572E+02   0.198496E+00   0.166362E+00
 0.807094E+00   0.198584E+00   0.131108E+02   0.200963E+00   0.166895E+00
 0.809723E+00   0.200993E+00   0.130625E+02   0.203442E+00   0.167428E+00
 0.812352E+00   0.203414E+00   0.130183E+02   0.205935E+00   0.167961E+00
 0.814981E+00   0.205847E+00   0.129775E+02   0.208440E+00   0.168494E+00
 0.817610E+00   0.208291E+00   0.129365E+02   0.210959E+00   0.169026E+00
 0.820239E+00   0.210747E+00   0.129011E+02   0.213489E+00   0.169559E+00
 0.822868E+00   0.213214E+00   0.128595E+02   0.216033E+00   0.170091E+00
 0.825497E+00   0.215692E+00   0.128283E+02   0.218588E+00   0.170624E+00
 0.828126E+00   0.218180E+00   0.127869E+02   0.221157E+00   0.171156E+00
 0.830755E+00   0.220680E+00   0.127626E+02   0.223737E+00   0.171688E+00
 0.833384E+00   0.223191E+00   0.127219E+02   0.226329E+00   0.172220E+00
 0.836013E+00   0.225712E+00   0.126998E+02   0.228934E+00   0.172752E+00
 0.838642E+00   0.228244E+00   0.126670E+02   0.231550E+00   0.173283E+00
 0.841271E+00   0.230787E+00   0.126338E+02   0.234178E+00   0.173815E+00
 0.843900E+00   0.233339E+00   0.126092E+02   0.236818E+00   0.174346E+00
 0.846529E+00   0.235903E+00   0.125781E+02   0.239470E+00   0.174877E+00
 0.849158E+00   0.238476E+00   0.125552E+02   0.242133E+00   0.175408E+00
 0.851787E+00   0.241059E+00   0.125321E+02   0.244808E+00   0.175939E+00
 0.854416E+00   0.243653E+00   0.125124E+02   0.247494E+00   0.176470E+00
 0.857045E+00   0.246256E+00   0.124808E+02   0.250191E+00   0.177001E+00
 0.859674E+00   0.248869E+00   0.124607E+02   0.252900E+00   0.177531E+00
 0.862303E+00   0.251492E+00   0.124423E+02   0.255619E+00   0.178062E+00
 0.864932E+00   0.254124E+00   0.124183E+02   0.258350E+00   0.178592E+00
 0.867561E+00   0.256766E+00   0.124033E+02   0.261091E+00   0.179122E+00
 0.870190E+00   0.259417E+00   0.123778E+02   0.263844E+00   0.179652E+00
 0.872819E+00   0.262078E+00   0.123641E+02   0.266607E+00   0.180182E+00
 0.875448E+00   0.264748E+00   0.123479E+02   0.269380E+00   0.180711E+00
 0.878077E+00   0.267427E+00   0.123258E+02   0.272164E+00   0.181241E+00
 0.880706E+00   0.270115E+00   0.123142E+02   0.274959E+00   0.181770E+00
 0.883335E+00   0.272811E+00   0.122927E+02   0.277764E+00   0.182299E+00
 0.885964E+00   0.275517E+00   0.122870E+02   0.280579E+00   0.182828E+00
 0.888593E+00   0.278231E+00   0.122728E+02   0.283405E+00   0.183357E+00
 0.891222E+00   0.280954E+00   0.122516E+02   0.286240E+00   0.183886E+00
 0.893851E+00   0.283686E+00   0.122412E+02   0.289086E+00   0.184415E+00
 0.896479E+00   0.286426E+00   0.122241E+02   0.291941E+00   0.184943E+00
 0.899108E+00   0.289174E+00   0.122119E+02   0.294806E+00   0.185472E+00
 0.901737E+00   0.291930E+00   0.122061E+02   0.297682E+00   0.186000E+00
 0.904366E+00   0.294695E+00   0.121953E+02   0.300566E+00   0.186528E+00
 0.906995E+00   0.297468E+00   0.121782E+02   0.303460E+00   0.187056E+00
 0.909624E+00   0.300249E+00   0.121671E+02   0.306364E+00   0.187583E+00
 0.912253E+00   0.303037E+00   0.121639E+02   0.309277E+00   0.188111E+00
 0.914882E+00   0.305834E+00   0.121485E+02   0.312199E+00   0.188639E+00
 0.917511E+00   0.308638E+00   0.121385E+02   0.315131E+00   0.189166E+00
 0.920140E+00   0.311449E+00   0.121332E+02   0.318072E+00   0.189693E+00
 0.922769E+00   0.314269E+00   0.121247E+02   0.321021E+00   0.190220E+00
 0.925398E+00   0.317095E+00   0.121130E+02   0.323980E+00   0.190747E+00
 0.928027E+00   0.319929E+00   0.121120E+02   0.326948E+00   0.191274E+00
 0.930656E+00   0.322770E+00   0.120974E+02   0.329924E+00   0.191800E+00
 0.933285E+00   0.325619E+00   0.120920E+02   0.332909E+00   0.192327E+00
 0.935914E+00   0.328474E+00   0.120898E+02   0.335903E+00   0.192853E+00
 0.938543E+00   0.331336E+00   0.120775E+02   0.338905E+00   0.193379E+00
 0.941172E+00   0.334206E+00   0.120751E+02   0.341915E+00   0.193905E+00
 0.943801E+00   0.337082E+00   0.120661E+02   0.344934E+00   0.194431E+00
 0.946430E+00   0.339965E+00   0.120631E+02   0.347962E+00   0.194956E+00
 0.949059E+00   0.342854E+00   0.120578E+02   0.350997E+00   0.195482E+00
 0.951688E+00   0.345750E+00   0.120524E+02   0.354040E+00   0.196007E+00
 0.954317E+00   0.348652E+00   0.120488E+02   0.357092E+00   0.196532E+00
 0.956946E+00   0.351561E+00   0.120441E+02   0.360151E+00   0.197057E+00
 0.959575E+00   0.354476E+00   0.120372E+02   0.363219E+00   0.197582E+00
 0.962204E+00   0.357397E+00   0.120343E+02   0.366294E+00   0.198107E+00
 0.964833E+00   0.360325E+00   0.120314E+02   0.369377E+00   0.198631E+00
 0.967462E+00   0.363258E+00   0.120323E+02   0.372467E+00   0.199156E+00
 0.970091E+00   0.366197E+00   0.120204E+02   0.375565E+00   0.199680E+00
 0.972720E+00   0.369143E+00   0.120200E+02   0.378670E+00   0.200204E+00
 0.975349E+00   0.372093E+00   0.120225E+02   0.381783E+00   0.200728E+00
 0.977978E+00   0.375050E+00   0.120208E+02   0.384903E+00   0.201252E+00
 0.980607E+00   0.378012E+00   0.120184E+02   0.388030E+00   0.201775E+00
 0.983236E+00   0.380980E+00   0.120069E+02   0.391164E+00   0.202299E+00
 0.985865E+00   0.383953E+00   0.120126E+02   0.394306E+00   0.202822E+00
 0.988494E+00   0.386932E+00   0.120045E+02   0.397454E+00   0.203345E+00
 0.991122E+00   0.389915E+00   0.120105E+02   0.400609E+00   0.203868E+00
 0.993751E+00   0.392904E+00   0.120036E+02   0.403771E+00   0.204391E+00
 0.996380E+00   0.395898E+00   0.120070E+02   0.406939E+00   0.204914E+00
 0.999009E+00   0.398897E+00   0.120056E+02   0.410115E+00   0.205436E+00
 0.100164E+01   0.401901E+00   0.119998E+02   0.413296E+00   0.205959E+00
 0.100427E+01   0.404910E+00   0.120029E+02   0.416485E+00   0.206481E+00
 0.100690E+01   0.407924E+00   0.119950E+02   0.419679E+00   0.207003E+00
 0.100953E+01   0.410942E+00   0.119994E+02   0.422880E+00   0.207525E+00
 0.101215E+01   0.413965E+00   0.119943E+02   0.426087E+00   0.208046E+00
 0.101478E+01   0.416992E+00   0.120000E+02   0.429300E+00   0.208568E+00
 0.101741E+01   0.420024E+00   0.120010E+02   0.432520E+00   0.209089E+00
 0.102004E+01   0.423060E+00   0.119993E+02   0.435745E+00   0.209611E+00
 0.102267E+01   0.426101E+00   0.119947E+02   0.438976E+00   0.210132E+00
 0.102530E+01   0.429146E+00   0.119934E+02   0.442213E+00   0.210652E+00
 0.102793E+01   0.432195E+00   0.119940E+02   0.445456E+00   0.211173E+00
 0.103056E+01   0.435248E+00   0.120009E+02   0.448705E+00   0.211694E+00
 0.103319E+01   0.438305E+00   0.119999E+02   0.451959E+00   0.212214E+00
 0.103582E+01   0.441365E+00   0.119989E+02   0.455219E+00   0.212734E+00
 0.103844E+01   0.444430E+00   0.119995E+02   0.458484E+00   0.213254E+00
 0.104107E+01   0.447499E+00   0.120029E+02   0.461754E+00   0.213774E+00
 0.104370E+01   0.450571E+00   0.119968E+02   0.465030E+00   0.214294E+00
 0.104633E+01   0.453646E+00   0.119996E+02   0.468311E+00   0.214814E+00
 0.104896E+01   0.456726E+00   0.120059E+02   0.471597E+00   0.215333E+00
 0.105159E+01   0.459808E+00   0.119992E+02   0.474888E+00   0.215852E+00
 0.105422E+01   0.462894E+00   0.120058E+02   0.478184E+00   0.216371E+00
 0.105685E+01   0.465983E+00   0.120031E+02   0.481485E+00   0.216890E+00
 0.105948E+01   0.469076E+00   0.120105E+02   0.484791E+00   0.217409E+00
 0.106210E+01   0.472171E+00   0.120056E+02   0.488101E+00   0.217928E+00
 0.106473E+01   0.475270E+00   0.120124E+02   0.491417E+00   0.218446E+00
 0.106736E+01   0.478372E+00   0.120105E+02   0.494736E+00   0.218964E+00
 0.106999E+01   0.481476E+00   0.120079E+02   0.498061E+00   0.219482E+00
 0.107262E+01   0.484584E+00   0.120118E+02   0.501390E+00   0.220000E+00
 0.107525E+01   0.487694E+00   0.120157E+02   0.504723E+00   0.220518E+00
 0.107788E+01   0.490807E+00   0.120176E+02   0.508061E+00   0.221036E+00
 0.108051E+01   0.493923E+00   0.120170E+02   0.511402E+00   0.221553E+00
 0.108314E+01   0.497041E+00   0.120225E+02   0.514749E+00   0.222070E+00
 0.108577E+01   0.500162E+00   0.120204E+02   0.518099E+00   0.222587E+00
 0.108839E+01   0.503285E+00   0.120252E+02   0.521453E+00   0.223104E+00
 0.109102E+01   0.506410E+00   0.120317E+02   0.524811E+00   0.223621E+00
 0.109365E+01   0.509538E+00   0.120328E+02   0.528173E+00   0.224137E+00
 0.109628E+01   0.512668E+00   0.120321E+02   0.531539E+00   0.224654E+00
 0.109891E+01   0.515800E+00   0.120315E+02   0.534908E+00   0.225170E+00
 0.110154E+01   0.518934E+00   0.120411E+02   0.538282E+00   0.225686E+00
 0.110417E+01   0.522070E+00   0.120430E+02   0.541658E+00   0.226202E+00
 0.110680E+01   0.525208E+00   0.120409E+02   0.545039E+00   0.226718E+00
 0.110943E+01   0.528348E+00   0.120428E+02   0.548422E+00   0.227233E+00
 0.111206E+01   0.531490E+00   0.120511E+02   0.551809E+00   0.227749E+00
 0.111468E+01   0.534633E+00   0.120455E+02   0.555199E+00   0.228264E+00
 0.111731E+01   0.537778E+00   0.120507E+02   0.558593E+00   0.228779E+00
 0.111994E+01   0.540925E+00   0.120559E+02   0.561990E+00   0.229294E+00
 0.112257E+01   0.544073E+00   0.120533E+02   0.565389E+00   0.229808E+00
 0.112520E+01   0.547222E+00   0.120619E+02   0.568792E+00   0.230323E+00
 0.112783E+01   0.550373E+00   0.120584E+02   0.572198E+00   0.230837E+00
 0.113046E+01   0.553526E+00   0.120658E+02   0.575606E+00   0.231351E+00
 0.113309E+01   0.556679E+00   0.120700E+02   0.579018E+00   0.231865E+00
 0.113572E+01   0.559834E+00   0.120737E+02   0.582432E+00   0.232379E+00
 0.113834E+01   0.562989E+00   0.120770E+02   0.585849E+00   0.232893E+00
 0.114097E+01   0.566146E+00   0.120743E+02   0.589268E+00   0.233406E+00
 0.114360E+01   0.569304E+00   0.120795E+02   0.592690E+00   0.233920E+00
 0.114623E+01   0.572463E+00   0.120810E+02   0.596114E+00   0.234433E+00
 0.114886E+01   0.575622E+00   0.120863E+02   0.599541E+00   0.234946E+00
 0.115149E+01   0.578782E+00   0.120922E+02   0.602970E+00   0.235458E+00
 0.115412E+01   0.581944E+00   0.120903E+02   0.606401E+00   0.235971E+00
 0.115675E+01   0.585105E+00   0.120915E+02   0.609835E+00   0.236483E+00
 0.115938E+01   0.588268E+00   0.120936E+02   0.613270E+00   0.236996E+00
 0.116201E+01   0.591430E+00   0.120962E+02   0.616708E+00   0.237508E+00
 0.116463E+01   0.594594E+00   0.121023E+02   0.620148E+00   0.238020E+00
 0.116726E+01   0.597758E+00   0.121121E+02   0.623590E+00   0.238531E+00
 0.116989E+01   0.600922E+00   0.121070E+02   0.627033E+00   0.239043E+00
 0.117252E+01   0.604086E+00   0.121130E+02   0.630478E+00   0.239554E+00
 0.117515E+01   0.607251E+00   0.121150E+02   0.633925E+00   0.240066E+00
