 0.762398E-02   0.465416E-02   0.103146E+02   0.465094E-02   0.160002E-02
 0.104852E-01   0.825650E-02   0.119942E+02   0.825176E-02   0.220003E-02
 0.133463E-01   0.106060E-01   0.126614E+02   0.106007E-01   0.280003E-02
 0.162075E-01   0.121805E-01   0.129544E+02   0.121751E-01   0.339999E-02
 0.190687E-01   0.133134E-01   0.130975E+02   0.133081E-01   0.399992E-02
 0.219299E-01   0.141503E-01   0.131598E+02   0.141452E-01   0.459979E-02
 0.247910E-01   0.147370E-01   0.131510E+02   0.147320E-01   0.519961E-02
 0.276522E-01   0.152144E-01   0.131343E+02   0.152095E-01   0.579935E-02
 0.305134E-01   0.155905E-01   0.131034E+02   0.155858E-01   0.639902E-02
 0.333746E-01   0.158491E-01   0.130403E+02   0.158445E-01   0.699860E-02
 0.362358E-01   0.160802E-01   0.129877E+02   0.160757E-01   0.759812E-02
 0.390969E-01   0.162696E-01   0.129325E+02   0.162653E-01   0.819757E-02
 0.419581E-01   0.164261E-01   0.128755E+02   0.164218E-01   0.879696E-02
 0.448193E-01   0.165676E-01   0.128236E+02   0.165634E-01   0.939631E-02
 0.476805E-01   0.166791E-01   0.127655E+02   0.166750E-01   0.999562E-02
 0.505416E-01   0.167708E-01   0.127048E+02   0.167667E-01   0.105949E-01
 0.534028E-01   0.168358E-01   0.126353E+02   0.168317E-01   0.111941E-01
 0.562640E-01   0.169059E-01   0.125742E+02   0.169019E-01   0.117934E-01
 0.591252E-01   0.169493E-01   0.125008E+02   0.169453E-01   0.123926E-01
 0.619864E-01   0.170174E-01   0.124447E+02   0.170134E-01   0.129918E-01
 0.648475E-01   0.170648E-01   0.123775E+02   0.170609E-01   0.135909E-01
 0.677087E-01   0.170899E-01   0.122968E+02   0.170860E-01   0.141900E-01
 0.705699E-01   0.171390E-01   0.122303E+02   0.171351E-01   0.147891E-01
 0.734311E-01   0.171738E-01   0.121533E+02   0.171700E-01   0.153882E-01
 0.762922E-01   0.172483E-01   0.120994E+02   0.172444E-01   0.159872E-01
 0.791534E-01   0.172710E-01   0.120089E+02   0.172672E-01   0.165862E-01
 0.820146E-01   0.173348E-01   0.119412E+02   0.173311E-01   0.171852E-01
 0.848758E-01   0.174031E-01   0.118718E+02   0.173994E-01   0.177841E-01
 0.877369E-01   0.174479E-01   0.117809E+02   0.174442E-01   0.183830E-01
 0.905981E-01   0.175280E-01   0.117073E+02   0.175244E-01   0.189819E-01
 0.934593E-01   0.176077E-01   0.116261E+02   0.176041E-01   0.195807E-01
 0.963205E-01   0.176937E-01   0.115407E+02   0.176902E-01   0.201795E-01
 0.991817E-01   0.178037E-01   0.114631E+02   0.178003E-01   0.207782E-01
 0.102043E+00   0.179206E-01   0.113805E+02   0.179173E-01   0.213769E-01
 0.104904E+00   0.180512E-01   0.112972E+02   0.180479E-01   0.219756E-01
 0.107765E+00   0.181990E-01   0.112153E+02   0.181960E-01   0.225743E-01
 0.110626E+00   0.183586E-01   0.111304E+02   0.183557E-01   0.231729E-01
 0.113488E+00   0.185468E-01   0.110546E+02   0.185440E-01   0.237714E-01
 0.116349E+00   0.187506E-01   0.109779E+02   0.187482E-01   0.243699E-01
 0.119210E+00   0.189705E-01   0.108999E+02   0.189682E-01   0.249684E-01
 0.122071E+00   0.192024E-01   0.108169E+02   0.192004E-01   0.255668E-01
 0.124932E+00   0.194623E-01   0.107413E+02   0.194607E-01   0.261652E-01
 0.127793E+00   0.197447E-01   0.106687E+02   0.197435E-01   0.267635E-01
 0.130655E+00   0.200431E-01   0.105935E+02   0.200423E-01   0.273618E-01
 0.133516E+00   0.203633E-01   0.105201E+02   0.203630E-01   0.279600E-01
 0.136377E+00   0.207144E-01   0.104565E+02   0.207146E-01   0.285582E-01
 0.139238E+00   0.210775E-01   0.103862E+02   0.210783E-01   0.291564E-01
 0.142099E+00   0.214660E-01   0.103205E+02   0.214675E-01   0.297544E-01
 0.144961E+00   0.218809E-01   0.102604E+02   0.218830E-01   0.303525E-01
 0.147822E+00   0.223192E-01   0.102032E+02   0.223222E-01   0.309505E-01
 0.150683E+00   0.227775E-01   0.101459E+02   0.227813E-01   0.315484E-01
 0.153544E+00   0.232545E-01   0.100872E+02   0.232593E-01   0.321463E-01
 0.156405E+00   0.237661E-01   0.100423E+02   0.237720E-01   0.327441E-01
 0.159266E+00   0.243005E-01   0.100001E+02   0.243075E-01   0.333418E-01
 0.162128E+00   0.248435E-01   0.994750E+01   0.248518E-01   0.339395E-01
 0.164989E+00   0.254292E-01   0.991684E+01   0.254390E-01   0.345372E-01
 0.167850E+00   0.260189E-01   0.987117E+01   0.260301E-01   0.351347E-01
 0.170711E+00   0.266449E-01   0.984181E+01   0.266578E-01   0.357323E-01
 0.173572E+00   0.272882E-01   0.981049E+01   0.273029E-01   0.363297E-01
 0.176433E+00   0.279367E-01   0.976534E+01   0.279532E-01   0.369271E-01
 0.179295E+00   0.286192E-01   0.973486E+01   0.286377E-01   0.375245E-01
 0.182156E+00   0.293415E-01   0.972528E+01   0.293622E-01   0.381217E-01
 0.185017E+00   0.300673E-01   0.970067E+01   0.300903E-01   0.387189E-01
 0.187878E+00   0.308104E-01   0.967483E+01   0.308360E-01   0.393161E-01
 0.190739E+00   0.315761E-01   0.965309E+01   0.316043E-01   0.399131E-01
 0.193601E+00   0.323646E-01   0.963587E+01   0.323957E-01   0.405101E-01
 0.196462E+00   0.331599E-01   0.960709E+01   0.331939E-01   0.411071E-01
 0.199323E+00   0.339950E-01   0.960049E+01   0.340322E-01   0.417039E-01
 0.202184E+00   0.348449E-01   0.959094E+01   0.348855E-01   0.423007E-01
 0.205045E+00   0.357116E-01   0.958054E+01   0.357557E-01   0.428974E-01
 0.207906E+00   0.365944E-01   0.956898E+01   0.366424E-01   0.434941E-01
 0.210768E+00   0.374931E-01   0.955592E+01   0.375450E-01   0.440907E-01
 0.213629E+00   0.384188E-01   0.955311E+01   0.384750E-01   0.446872E-01
 0.216490E+00   0.393565E-01   0.954523E+01   0.394171E-01   0.452836E-01
 0.219351E+00   0.403165E-01   0.954300E+01   0.403818E-01   0.458800E-01
 0.222212E+00   0.412941E-01   0.954184E+01   0.413643E-01   0.464762E-01
 0.225073E+00   0.422870E-01   0.953956E+01   0.423624E-01   0.470724E-01
 0.227935E+00   0.432924E-01   0.953337E+01   0.433731E-01   0.476686E-01
 0.230796E+00   0.443293E-01   0.954326E+01   0.444157E-01   0.482646E-01
 0.233657E+00   0.453668E-01   0.953734E+01   0.454591E-01   0.488606E-01
 0.236518E+00   0.464341E-01   0.954598E+01   0.465326E-01   0.494565E-01
 0.239379E+00   0.474993E-01   0.953648E+01   0.476042E-01   0.500523E-01
 0.242241E+00   0.485965E-01   0.954406E+01   0.487082E-01   0.506480E-01
 0.245102E+00   0.497098E-01   0.955253E+01   0.498286E-01   0.512436E-01
 0.247963E+00   0.508349E-01   0.955764E+01   0.509610E-01   0.518392E-01
 0.250824E+00   0.519684E-01   0.955611E+01   0.521020E-01   0.524347E-01
 0.253685E+00   0.531317E-01   0.957018E+01   0.532733E-01   0.530301E-01
 0.256546E+00   0.542997E-01   0.957419E+01   0.544496E-01   0.536254E-01
 0.259408E+00   0.554895E-01   0.958577E+01   0.556479E-01   0.542206E-01
 0.262269E+00   0.566912E-01   0.959504E+01   0.568586E-01   0.548157E-01
 0.265130E+00   0.578975E-01   0.959459E+01   0.580740E-01   0.554108E-01
 0.267991E+00   0.591286E-01   0.960539E+01   0.593147E-01   0.560058E-01
 0.270852E+00   0.603753E-01   0.961800E+01   0.605713E-01   0.566006E-01
 0.273713E+00   0.616309E-01   0.962597E+01   0.618371E-01   0.571954E-01
 0.276575E+00   0.628956E-01   0.962957E+01   0.631124E-01   0.577901E-01
 0.279436E+00   0.641889E-01   0.964872E+01   0.644167E-01   0.583847E-01
 0.282297E+00   0.654896E-01   0.966214E+01   0.657287E-01   0.589792E-01
 0.285158E+00   0.667968E-01   0.966906E+01   0.670476E-01   0.595737E-01
 0.288019E+00   0.681250E-01   0.968422E+01   0.683878E-01   0.601680E-01
 0.290881E+00   0.694529E-01   0.968652E+01   0.697281E-01   0.607623E-01
 0.293742E+00   0.708039E-01   0.969942E+01   0.710919E-01   0.613564E-01
 0.296603E+00   0.721744E-01   0.971946E+01   0.724757E-01   0.619505E-01
 0.299464E+00   0.735466E-01   0.972904E+01   0.738615E-01   0.625444E-01
 0.302325E+00   0.749296E-01   0.973749E+01   0.752584E-01   0.631383E-01
 0.305186E+00   0.763313E-01   0.975262E+01   0.766745E-01   0.637321E-01
 0.308048E+00   0.777438E-01   0.976689E+01   0.781019E-01   0.643258E-01
 0.310909E+00   0.791619E-01   0.977528E+01   0.795352E-01   0.649193E-01
 0.313770E+00   0.806003E-01   0.979218E+01   0.809892E-01   0.655128E-01
 0.316631E+00   0.820518E-01   0.981092E+01   0.824569E-01   0.661062E-01
 0.319492E+00   0.835068E-01   0.982208E+01   0.839284E-01   0.666995E-01
 0.322354E+00   0.849675E-01   0.982806E+01   0.854060E-01   0.672927E-01
 0.325215E+00   0.864575E-01   0.985184E+01   0.869135E-01   0.678858E-01
 0.328076E+00   0.879395E-01   0.985740E+01   0.884132E-01   0.684788E-01
 0.330937E+00   0.894399E-01   0.987040E+01   0.899319E-01   0.690717E-01
 0.333798E+00   0.909595E-01   0.989170E+01   0.914703E-01   0.696645E-01
 0.336659E+00   0.924831E-01   0.990675E+01   0.930131E-01   0.702572E-01
 0.339521E+00   0.940081E-01   0.991336E+01   0.945577E-01   0.708498E-01
 0.342382E+00   0.955568E-01   0.993274E+01   0.961266E-01   0.714423E-01
 0.345243E+00   0.971070E-01   0.994395E+01   0.976973E-01   0.720347E-01
 0.348104E+00   0.986736E-01   0.996129E+01   0.992851E-01   0.726270E-01
 0.350965E+00   0.100242E+00   0.997104E+01   0.100875E+00   0.732192E-01
 0.353826E+00   0.101826E+00   0.998595E+01   0.102481E+00   0.738113E-01
 0.356688E+00   0.103426E+00   0.100071E+02   0.104104E+00   0.744033E-01
 0.359549E+00   0.105030E+00   0.100230E+02   0.105731E+00   0.749952E-01
 0.362410E+00   0.106641E+00   0.100366E+02   0.107365E+00   0.755869E-01
 0.365271E+00   0.108258E+00   0.100464E+02   0.109006E+00   0.761786E-01
 0.368132E+00   0.109894E+00   0.100663E+02   0.110667E+00   0.767702E-01
 0.370994E+00   0.111529E+00   0.100760E+02   0.112326E+00   0.773616E-01
 0.373855E+00   0.113181E+00   0.100933E+02   0.114004E+00   0.779530E-01
 0.376716E+00   0.114832E+00   0.101020E+02   0.115682E+00   0.785442E-01
 0.379577E+00   0.116507E+00   0.101240E+02   0.117383E+00   0.791354E-01
 0.382438E+00   0.118173E+00   0.101294E+02   0.119076E+00   0.797264E-01
 0.385299E+00   0.119861E+00   0.101467E+02   0.120791E+00   0.803173E-01
 0.388161E+00   0.121561E+00   0.101676E+02   0.122520E+00   0.809081E-01
 0.391022E+00   0.123258E+00   0.101781E+02   0.124246E+00   0.814988E-01
 0.393883E+00   0.124968E+00   0.101916E+02   0.125984E+00   0.820894E-01
 0.396744E+00   0.126684E+00   0.102041E+02   0.127731E+00   0.826799E-01
 0.399605E+00   0.128418E+00   0.102245E+02   0.129495E+00   0.832703E-01
 0.402467E+00   0.130151E+00   0.102367E+02   0.131259E+00   0.838606E-01
 0.405328E+00   0.131890E+00   0.102475E+02   0.133030E+00   0.844507E-01
 0.408189E+00   0.133639E+00   0.102596E+02   0.134811E+00   0.850408E-01
 0.411050E+00   0.135407E+00   0.102806E+02   0.136611E+00   0.856307E-01
 0.413911E+00   0.137170E+00   0.102905E+02   0.138407E+00   0.862205E-01
 0.416772E+00   0.138942E+00   0.103017E+02   0.140213E+00   0.868102E-01
 0.419634E+00   0.140735E+00   0.103238E+02   0.142040E+00   0.873998E-01
 0.422495E+00   0.142522E+00   0.103345E+02   0.143863E+00   0.879893E-01
 0.425356E+00   0.144324E+00   0.103507E+02   0.145700E+00   0.885787E-01
 0.428217E+00   0.146127E+00   0.103618E+02   0.147540E+00   0.891680E-01
 0.431078E+00   0.147937E+00   0.103713E+02   0.149386E+00   0.897571E-01
 0.433939E+00   0.149768E+00   0.103929E+02   0.151254E+00   0.903461E-01
 0.436801E+00   0.151594E+00   0.104037E+02   0.153118E+00   0.909350E-01
 0.439662E+00   0.153427E+00   0.104133E+02   0.154989E+00   0.915238E-01
 0.442523E+00   0.155279E+00   0.104335E+02   0.156881E+00   0.921125E-01
 0.445384E+00   0.157125E+00   0.104418E+02   0.158767E+00   0.927011E-01
 0.448245E+00   0.158985E+00   0.104551E+02   0.160666E+00   0.932895E-01
 0.451107E+00   0.160854E+00   0.104708E+02   0.162577E+00   0.938778E-01
 0.453968E+00   0.162724E+00   0.104800E+02   0.164488E+00   0.944661E-01
 0.456829E+00   0.164613E+00   0.104996E+02   0.166420E+00   0.950541E-01
 0.459690E+00   0.166504E+00   0.105140E+02   0.168354E+00   0.956421E-01
 0.462551E+00   0.168396E+00   0.105235E+02   0.170290E+00   0.962300E-01
 0.465412E+00   0.170303E+00   0.105390E+02   0.172241E+00   0.968177E-01
 0.468274E+00   0.172219E+00   0.105558E+02   0.174201E+00   0.974053E-01
 0.471135E+00   0.174137E+00   0.105688E+02   0.176166E+00   0.979928E-01
 0.473996E+00   0.176053E+00   0.105736E+02   0.178127E+00   0.985802E-01
 0.476857E+00   0.177990E+00   0.105902E+02   0.180111E+00   0.991675E-01
 0.479718E+00   0.179927E+00   0.106007E+02   0.182096E+00   0.997546E-01
 0.482579E+00   0.181872E+00   0.106124E+02   0.184089E+00   0.100342E+00
 0.485441E+00   0.183828E+00   0.106275E+02   0.186094E+00   0.100929E+00
 0.488302E+00   0.185796E+00   0.106468E+02   0.188112E+00   0.101515E+00
 0.491163E+00   0.187754E+00   0.106520E+02   0.190119E+00   0.102102E+00
 0.494024E+00   0.189734E+00   0.106701E+02   0.192151E+00   0.102688E+00
 0.496885E+00   0.191715E+00   0.106817E+02   0.194183E+00   0.103275E+00
 0.499747E+00   0.193702E+00   0.106930E+02   0.196223E+00   0.103861E+00
 0.502608E+00   0.195698E+00   0.107044E+02   0.198272E+00   0.104447E+00
 0.505469E+00   0.197702E+00   0.107158E+02   0.200329E+00   0.105033E+00
 0.508330E+00   0.199722E+00   0.107336E+02   0.202404E+00   0.105619E+00
 0.511191E+00   0.201736E+00   0.107396E+02   0.204473E+00   0.106205E+00
 0.514052E+00   0.203774E+00   0.107582E+02   0.206568E+00   0.106791E+00
 0.516914E+00   0.205811E+00   0.107697E+02   0.208662E+00   0.107376E+00
 0.519775E+00   0.207851E+00   0.107776E+02   0.210759E+00   0.107962E+00
 0.522636E+00   0.209904E+00   0.107916E+02   0.212871E+00   0.108547E+00
 0.525497E+00   0.211966E+00   0.108088E+02   0.214992E+00   0.109132E+00
 0.528358E+00   0.214026E+00   0.108212E+02   0.217112E+00   0.109717E+00
 0.531219E+00   0.216086E+00   0.108311E+02   0.219232E+00   0.110302E+00
 0.534081E+00   0.218146E+00   0.108388E+02   0.221353E+00   0.110887E+00
 0.536942E+00   0.220214E+00   0.108516E+02   0.223483E+00   0.111471E+00
 0.539803E+00   0.222289E+00   0.108693E+02   0.225621E+00   0.112056E+00
 0.542664E+00   0.224356E+00   0.108800E+02   0.227750E+00   0.112640E+00
 0.545525E+00   0.226421E+00   0.108879E+02   0.229878E+00   0.113224E+00
 0.548387E+00   0.228492E+00   0.109013E+02   0.232014E+00   0.113809E+00
 0.551248E+00   0.230559E+00   0.109108E+02   0.234145E+00   0.114393E+00
 0.554109E+00   0.232630E+00   0.109240E+02   0.236281E+00   0.114976E+00
 0.556970E+00   0.234700E+00   0.109362E+02   0.238416E+00   0.115560E+00
 0.559831E+00   0.236770E+00   0.109492E+02   0.240553E+00   0.116144E+00
 0.562692E+00   0.238832E+00   0.109566E+02   0.242681E+00   0.116727E+00
 0.565554E+00   0.240897E+00   0.109667E+02   0.244814E+00   0.117311E+00
 0.568415E+00   0.242961E+00   0.109749E+02   0.246945E+00   0.117894E+00
 0.571276E+00   0.245040E+00   0.109939E+02   0.249093E+00   0.118477E+00
 0.574137E+00   0.247106E+00   0.110021E+02   0.251229E+00   0.119060E+00
 0.576998E+00   0.249180E+00   0.110136E+02   0.253372E+00   0.119643E+00
 0.579859E+00   0.251248E+00   0.110189E+02   0.255510E+00   0.120225E+00
 0.582721E+00   0.253328E+00   0.110304E+02   0.257662E+00   0.120808E+00
 0.585582E+00   0.255413E+00   0.110419E+02   0.259818E+00   0.121390E+00
 0.588443E+00   0.257502E+00   0.110531E+02   0.261979E+00   0.121973E+00
 0.591304E+00   0.259595E+00   0.110644E+02   0.264146E+00   0.122555E+00
 0.594165E+00   0.261697E+00   0.110782E+02   0.266322E+00   0.123137E+00
 0.597027E+00   0.263797E+00   0.110876E+02   0.268497E+00   0.123719E+00
 0.599888E+00   0.265903E+00   0.110970E+02   0.270678E+00   0.124301E+00
 0.602749E+00   0.268005E+00   0.111006E+02   0.272856E+00   0.124882E+00
 0.605610E+00   0.270132E+00   0.111190E+02   0.275060E+00   0.125464E+00
 0.608471E+00   0.272249E+00   0.111257E+02   0.277254E+00   0.126045E+00
 0.611332E+00   0.274371E+00   0.111334E+02   0.279455E+00   0.126627E+00
 0.614194E+00   0.276510E+00   0.111490E+02   0.281673E+00   0.127208E+00
 0.617055E+00   0.278648E+00   0.111604E+02   0.283892E+00   0.127789E+00
 0.619916E+00   0.280781E+00   0.111641E+02   0.286105E+00   0.128370E+00
 0.622777E+00   0.282929E+00   0.111747E+02   0.288335E+00   0.128950E+00
 0.625638E+00   0.285084E+00   0.111855E+02   0.290572E+00   0.129531E+00
 0.628500E+00   0.287238E+00   0.111920E+02   0.292809E+00   0.130111E+00
 0.631361E+00   0.289412E+00   0.112087E+02   0.295068E+00   0.130692E+00
 0.634222E+00   0.291585E+00   0.112199E+02   0.297326E+00   0.131272E+00
 0.637083E+00   0.293759E+00   0.112280E+02   0.299587E+00   0.131852E+00
 0.639944E+00   0.295931E+00   0.112292E+02   0.301845E+00   0.132432E+00
 0.642805E+00   0.298131E+00   0.112456E+02   0.304132E+00   0.133012E+00
 0.645667E+00   0.300330E+00   0.112574E+02   0.306420E+00   0.133591E+00
 0.648528E+00   0.302528E+00   0.112631E+02   0.308708E+00   0.134171E+00
 0.651389E+00   0.304731E+00   0.112674E+02   0.311000E+00   0.134750E+00
 0.654250E+00   0.306961E+00   0.112865E+02   0.313322E+00   0.135330E+00
 0.657111E+00   0.309180E+00   0.112923E+02   0.315634E+00   0.135909E+00
 0.659972E+00   0.311411E+00   0.113017E+02   0.317958E+00   0.136488E+00
 0.662834E+00   0.313648E+00   0.113102E+02   0.320289E+00   0.137066E+00
 0.665695E+00   0.315898E+00   0.113224E+02   0.322634E+00   0.137645E+00
 0.668556E+00   0.318145E+00   0.113273E+02   0.324976E+00   0.138224E+00
 0.671417E+00   0.320400E+00   0.113330E+02   0.327329E+00   0.138802E+00
 0.674278E+00   0.322678E+00   0.113492E+02   0.329706E+00   0.139380E+00
 0.677140E+00   0.324944E+00   0.113513E+02   0.332070E+00   0.139958E+00
 0.680001E+00   0.327240E+00   0.113688E+02   0.334467E+00   0.140536E+00
 0.682862E+00   0.329525E+00   0.113731E+02   0.336853E+00   0.141114E+00
 0.685723E+00   0.331823E+00   0.113807E+02   0.339253E+00   0.141692E+00
 0.688584E+00   0.334134E+00   0.113919E+02   0.341667E+00   0.142269E+00
 0.691445E+00   0.336453E+00   0.114022E+02   0.344090E+00   0.142847E+00
 0.694307E+00   0.338779E+00   0.114119E+02   0.346522E+00   0.143424E+00
 0.697168E+00   0.341114E+00   0.114221E+02   0.348964E+00   0.144001E+00
 0.700029E+00   0.343454E+00   0.114291E+02   0.351411E+00   0.144578E+00
 0.702890E+00   0.345802E+00   0.114359E+02   0.353867E+00   0.145155E+00
 0.705751E+00   0.348157E+00   0.114416E+02   0.356332E+00   0.145732E+00
 0.708613E+00   0.350534E+00   0.114563E+02   0.358821E+00   0.146308E+00
 0.711474E+00   0.352915E+00   0.114671E+02   0.361314E+00   0.146885E+00
 0.714335E+00   0.355300E+00   0.114746E+02   0.363812E+00   0.147461E+00
 0.717196E+00   0.357690E+00   0.114789E+02   0.366317E+00   0.148037E+00
 0.720057E+00   0.360105E+00   0.114940E+02   0.368848E+00   0.148613E+00
 0.722918E+00   0.362522E+00   0.115039E+02   0.371382E+00   0.149188E+00
 0.725780E+00   0.364935E+00   0.115045E+02   0.373913E+00   0.149764E+00
 0.728641E+00   0.367380E+00   0.115201E+02   0.376477E+00   0.150340E+00
 0.731502E+00   0.369821E+00   0.115268E+02   0.379039E+00   0.150915E+00
 0.734363E+00   0.372267E+00   0.115298E+02   0.381607E+00   0.151490E+00
 0.737224E+00   0.374731E+00   0.115378E+02   0.384194E+00   0.152065E+00
 0.740085E+00   0.377216E+00   0.115538E+02   0.386804E+00   0.152640E+00
 0.742947E+00   0.379702E+00   0.115636E+02   0.389417E+00   0.153215E+00
 0.745808E+00   0.382196E+00   0.115709E+02   0.392038E+00   0.153789E+00
 0.748669E+00   0.384696E+00   0.115759E+02   0.394666E+00   0.154363E+00
 0.751530E+00   0.387209E+00   0.115826E+02   0.397310E+00   0.154938E+00
 0.754391E+00   0.389742E+00   0.115953E+02   0.399974E+00   0.155512E+00
 0.757253E+00   0.392273E+00   0.115991E+02   0.402637E+00   0.156086E+00
 0.760114E+00   0.394829E+00   0.116129E+02   0.405328E+00   0.156659E+00
 0.762975E+00   0.397392E+00   0.116237E+02   0.408027E+00   0.157233E+00
 0.765836E+00   0.399963E+00   0.116326E+02   0.410735E+00   0.157806E+00
 0.768697E+00   0.402532E+00   0.116328E+02   0.413443E+00   0.158380E+00
 0.771558E+00   0.405133E+00   0.116465E+02   0.416184E+00   0.158953E+00
 0.774420E+00   0.407730E+00   0.116504E+02   0.418923E+00   0.159526E+00
 0.777281E+00   0.410355E+00   0.116652E+02   0.421691E+00   0.160098E+00
 0.780142E+00   0.412977E+00   0.116699E+02   0.424458E+00   0.160671E+00
 0.783003E+00   0.415621E+00   0.116819E+02   0.427249E+00   0.161243E+00
 0.785864E+00   0.418262E+00   0.116834E+02   0.430036E+00   0.161816E+00
 0.788725E+00   0.420936E+00   0.116995E+02   0.432861E+00   0.162388E+00
 0.791587E+00   0.423607E+00   0.117051E+02   0.435682E+00   0.162960E+00
 0.794448E+00   0.426293E+00   0.117134E+02   0.438521E+00   0.163532E+00
 0.797309E+00   0.428995E+00   0.117235E+02   0.441377E+00   0.164103E+00
 0.800170E+00   0.431693E+00   0.117230E+02   0.444230E+00   0.164675E+00
 0.803031E+00   0.434417E+00   0.117318E+02   0.447113E+00   0.165246E+00
 0.805893E+00   0.437155E+00   0.117417E+02   0.450011E+00   0.165817E+00
 0.808754E+00   0.439901E+00   0.117479E+02   0.452917E+00   0.166388E+00
 0.811615E+00   0.442677E+00   0.117662E+02   0.455857E+00   0.166959E+00
 0.814476E+00   0.445444E+00   0.117699E+02   0.458789E+00   0.167529E+00
 0.817337E+00   0.448236E+00   0.117812E+02   0.461747E+00   0.168100E+00
 0.820198E+00   0.451030E+00   0.117853E+02   0.464709E+00   0.168670E+00
 0.823060E+00   0.453839E+00   0.117914E+02   0.467688E+00   0.169240E+00
 0.825921E+00   0.456672E+00   0.118039E+02   0.470693E+00   0.169810E+00
 0.828782E+00   0.459506E+00   0.118090E+02   0.473702E+00   0.170380E+00
 0.831643E+00   0.462369E+00   0.118239E+02   0.476741E+00   0.170949E+00
 0.834504E+00   0.465222E+00   0.118233E+02   0.479770E+00   0.171518E+00
 0.837366E+00   0.468113E+00   0.118391E+02   0.482842E+00   0.172088E+00
 0.840227E+00   0.470993E+00   0.118389E+02   0.485903E+00   0.172657E+00
 0.843088E+00   0.473900E+00   0.118470E+02   0.488993E+00   0.173225E+00
 0.845949E+00   0.476823E+00   0.118568E+02   0.492102E+00   0.173794E+00
 0.848810E+00   0.479759E+00   0.118655E+02   0.495225E+00   0.174362E+00
 0.851671E+00   0.482707E+00   0.118738E+02   0.498364E+00   0.174931E+00
 0.854533E+00   0.485668E+00   0.118804E+02   0.501516E+00   0.175499E+00
 0.857394E+00   0.488658E+00   0.118973E+02   0.504701E+00   0.176067E+00
 0.860255E+00   0.491636E+00   0.118973E+02   0.507874E+00   0.176634E+00
 0.863116E+00   0.494647E+00   0.119088E+02   0.511083E+00   0.177202E+00
 0.865977E+00   0.497667E+00   0.119170E+02   0.514303E+00   0.177769E+00
 0.868838E+00   0.500696E+00   0.119223E+02   0.517535E+00   0.178336E+00
 0.871700E+00   0.503752E+00   0.119347E+02   0.520795E+00   0.178903E+00
 0.874561E+00   0.506806E+00   0.119372E+02   0.524056E+00   0.179470E+00
 0.877422E+00   0.509897E+00   0.119537E+02   0.527357E+00   0.180037E+00
 0.880283E+00   0.512980E+00   0.119554E+02   0.530651E+00   0.180603E+00
 0.883144E+00   0.516098E+00   0.119701E+02   0.533983E+00   0.181169E+00
 0.886006E+00   0.519221E+00   0.119785E+02   0.537323E+00   0.181735E+00
 0.888867E+00   0.522345E+00   0.119776E+02   0.540664E+00   0.182301E+00
 0.891728E+00   0.525500E+00   0.119871E+02   0.544040E+00   0.182867E+00
 0.894589E+00   0.528667E+00   0.119948E+02   0.547430E+00   0.183432E+00
 0.897450E+00   0.531856E+00   0.120065E+02   0.550845E+00   0.183997E+00
 0.900311E+00   0.535049E+00   0.120107E+02   0.554265E+00   0.184562E+00
 0.903173E+00   0.538272E+00   0.120245E+02   0.557720E+00   0.185127E+00
 0.906034E+00   0.541501E+00   0.120322E+02   0.561181E+00   0.185692E+00
 0.908895E+00   0.544738E+00   0.120356E+02   0.564654E+00   0.186256E+00
 0.911756E+00   0.548009E+00   0.120498E+02   0.568163E+00   0.186820E+00
 0.914617E+00   0.551282E+00   0.120562E+02   0.571677E+00   0.187385E+00
 0.917478E+00   0.554580E+00   0.120682E+02   0.575219E+00   0.187948E+00
 0.920340E+00   0.557880E+00   0.120716E+02   0.578765E+00   0.188512E+00
 0.923201E+00   0.561205E+00   0.120806E+02   0.582339E+00   0.189075E+00
 0.926062E+00   0.564551E+00   0.120925E+02   0.585936E+00   0.189639E+00
 0.928923E+00   0.567906E+00   0.121005E+02   0.589545E+00   0.190202E+00
 0.931784E+00   0.571277E+00   0.121084E+02   0.593173E+00   0.190764E+00
 0.934646E+00   0.574654E+00   0.121102E+02   0.596809E+00   0.191327E+00
 0.937507E+00   0.578059E+00   0.121186E+02   0.600476E+00   0.191889E+00
 0.940368E+00   0.581479E+00   0.121272E+02   0.604162E+00   0.192451E+00
 0.943229E+00   0.584911E+00   0.121328E+02   0.607861E+00   0.193013E+00
 0.946090E+00   0.588373E+00   0.121468E+02   0.611595E+00   0.193575E+00
 0.948951E+00   0.591831E+00   0.121486E+02   0.615326E+00   0.194137E+00
 0.951813E+00   0.595324E+00   0.121618E+02   0.619097E+00   0.194698E+00
 0.954674E+00   0.598815E+00   0.121638E+02   0.622867E+00   0.195259E+00
 0.957535E+00   0.602342E+00   0.121775E+02   0.626677E+00   0.195820E+00
 0.960396E+00   0.605867E+00   0.121805E+02   0.630488E+00   0.196380E+00
 0.963257E+00   0.609433E+00   0.121977E+02   0.634343E+00   0.196941E+00
 0.966119E+00   0.612989E+00   0.121991E+02   0.638190E+00   0.197501E+00
 0.968980E+00   0.616574E+00   0.122080E+02   0.642070E+00   0.198061E+00
 0.971841E+00   0.620173E+00   0.122154E+02   0.645967E+00   0.198621E+00
 0.974702E+00   0.623797E+00   0.122278E+02   0.649893E+00   0.199180E+00
 0.977563E+00   0.627429E+00   0.122348E+02   0.653829E+00   0.199740E+00
 0.980424E+00   0.631074E+00   0.122402E+02   0.657782E+00   0.200299E+00
 0.983286E+00   0.634741E+00   0.122483E+02   0.661759E+00   0.200858E+00
 0.986147E+00   0.638419E+00   0.122533E+02   0.665751E+00   0.201416E+00
 0.989008E+00   0.642132E+00   0.122687E+02   0.669782E+00   0.201975E+00
 0.991869E+00   0.645850E+00   0.122775E+02   0.673821E+00   0.202533E+00
 0.994730E+00   0.649579E+00   0.122826E+02   0.677874E+00   0.203091E+00
 0.997591E+00   0.653333E+00   0.122929E+02   0.681956E+00   0.203649E+00
 0.100045E+01   0.657099E+00   0.123007E+02   0.686053E+00   0.204206E+00
 0.100331E+01   0.660884E+00   0.123095E+02   0.690172E+00   0.204763E+00
 0.100617E+01   0.664679E+00   0.123138E+02   0.694304E+00   0.205321E+00
 0.100904E+01   0.668499E+00   0.123232E+02   0.698465E+00   0.205877E+00
 0.101190E+01   0.672326E+00   0.123272E+02   0.702637E+00   0.206434E+00
 0.101476E+01   0.676184E+00   0.123396E+02   0.706844E+00   0.206990E+00
 0.101762E+01   0.680050E+00   0.123464E+02   0.711061E+00   0.207546E+00
 0.102048E+01   0.683934E+00   0.123541E+02   0.715301E+00   0.208102E+00
 0.102334E+01   0.687841E+00   0.123658E+02   0.719568E+00   0.208658E+00
 0.102620E+01   0.691753E+00   0.123703E+02   0.723842E+00   0.209213E+00
 0.102906E+01   0.695692E+00   0.123808E+02   0.728148E+00   0.209768E+00
 0.103193E+01   0.699643E+00   0.123886E+02   0.732469E+00   0.210323E+00
 0.103479E+01   0.703616E+00   0.123998E+02   0.736816E+00   0.210878E+00
 0.103765E+01   0.707586E+00   0.123992E+02   0.741162E+00   0.211432E+00
 0.104051E+01   0.711590E+00   0.124092E+02   0.745548E+00   0.211986E+00
 0.104337E+01   0.715619E+00   0.124234E+02   0.749963E+00   0.212540E+00
 0.104623E+01   0.719644E+00   0.124260E+02   0.754376E+00   0.213094E+00
 0.104909E+01   0.723696E+00   0.124351E+02   0.758822E+00   0.213647E+00
 0.105195E+01   0.727760E+00   0.124408E+02   0.763282E+00   0.214200E+00
 0.105482E+01   0.731846E+00   0.124506E+02   0.767770E+00   0.214753E+00
 0.105768E+01   0.735952E+00   0.124620E+02   0.772281E+00   0.215306E+00
 0.106054E+01   0.740065E+00   0.124681E+02   0.776802E+00   0.215858E+00
 0.106340E+01   0.744197E+00   0.124755E+02   0.781347E+00   0.216411E+00
 0.106626E+01   0.748352E+00   0.124868E+02   0.785919E+00   0.216962E+00
 0.106912E+01   0.752518E+00   0.124952E+02   0.790506E+00   0.217514E+00
 0.107198E+01   0.756690E+00   0.124977E+02   0.795101E+00   0.218065E+00
 0.107484E+01   0.760896E+00   0.125106E+02   0.799737E+00   0.218617E+00
 0.107770E+01   0.765097E+00   0.125112E+02   0.804370E+00   0.219167E+00
 0.108057E+01   0.769341E+00   0.125276E+02   0.809053E+00   0.219718E+00
 0.108343E+01   0.773583E+00   0.125337E+02   0.813736E+00   0.220268E+00
 0.108629E+01   0.777840E+00   0.125389E+02   0.818438E+00   0.220818E+00
 0.108915E+01   0.782126E+00   0.125520E+02   0.823174E+00   0.221368E+00
 0.109201E+01   0.786410E+00   0.125553E+02   0.827912E+00   0.221918E+00
 0.109487E+01   0.790718E+00   0.125627E+02   0.832677E+00   0.222467E+00
 0.109773E+01   0.795035E+00   0.125672E+02   0.837457E+00   0.223016E+00
 0.110059E+01   0.799388E+00   0.125827E+02   0.842278E+00   0.223565E+00
 0.110346E+01   0.803746E+00   0.125928E+02   0.847108E+00   0.224113E+00
 0.110632E+01   0.808102E+00   0.125928E+02   0.851937E+00   0.224661E+00
 0.110918E+01   0.812489E+00   0.126017E+02   0.856804E+00   0.225209E+00
 0.111204E+01   0.816885E+00   0.126075E+02   0.861684E+00   0.225757E+00
 0.111490E+01   0.821301E+00   0.126159E+02   0.866589E+00   0.226304E+00
 0.111776E+01   0.825744E+00   0.126306E+02   0.871526E+00   0.226852E+00
 0.112062E+01   0.830175E+00   0.126308E+02   0.876453E+00   0.227398E+00
 0.112348E+01   0.834635E+00   0.126394E+02   0.881416E+00   0.227945E+00
 0.112634E+01   0.839111E+00   0.126483E+02   0.886398E+00   0.228491E+00
 0.112921E+01   0.843602E+00   0.126574E+02   0.891400E+00   0.229037E+00
 0.113207E+01   0.848101E+00   0.126633E+02   0.896415E+00   0.229583E+00
 0.113493E+01   0.852619E+00   0.126717E+02   0.901453E+00   0.230128E+00
 0.113779E+01   0.857153E+00   0.126811E+02   0.906512E+00   0.230674E+00
 0.114065E+01   0.861695E+00   0.126870E+02   0.911582E+00   0.231219E+00
 0.114351E+01   0.866261E+00   0.126985E+02   0.916683E+00   0.231763E+00
 0.114637E+01   0.870840E+00   0.127095E+02   0.921801E+00   0.232307E+00
 0.114923E+01   0.875419E+00   0.127134E+02   0.926922E+00   0.232851E+00
 0.115210E+01   0.880018E+00   0.127207E+02   0.932069E+00   0.233395E+00
 0.115496E+01   0.884640E+00   0.127333E+02   0.937244E+00   0.233939E+00
 0.115782E+01   0.889267E+00   0.127410E+02   0.942428E+00   0.234482E+00
 0.116068E+01   0.893901E+00   0.127461E+02   0.947623E+00   0.235025E+00
 0.116354E+01   0.898551E+00   0.127525E+02   0.952839E+00   0.235567E+00
 0.116640E+01   0.903225E+00   0.127649E+02   0.958085E+00   0.236110E+00
 0.116926E+01   0.907902E+00   0.127721E+02   0.963338E+00   0.236652E+00
 0.117212E+01   0.912587E+00   0.127764E+02   0.968602E+00   0.237193E+00
 0.117498E+01   0.917293E+00   0.127859E+02   0.973894E+00   0.237735E+00
 0.117785E+01   0.922014E+00   0.127969E+02   0.979206E+00   0.238276E+00
 0.118071E+01   0.926724E+00   0.127955E+02   0.984509E+00   0.238817E+00
 0.118357E+01   0.931469E+00   0.128061E+02   0.989854E+00   0.239357E+00
 0.118643E+01   0.936214E+00   0.128106E+02   0.995202E+00   0.239897E+00
 0.118929E+01   0.940989E+00   0.128248E+02   0.100059E+01   0.240437E+00
 0.119215E+01   0.945756E+00   0.128288E+02   0.100597E+01   0.240977E+00
 0.119501E+01   0.950535E+00   0.128333E+02   0.101136E+01   0.241516E+00
 0.119787E+01   0.955336E+00   0.128436E+02   0.101679E+01   0.242055E+00
 0.120074E+01   0.960148E+00   0.128537E+02   0.102223E+01   0.242594E+00
 0.120360E+01   0.964962E+00   0.128593E+02   0.102768E+01   0.243133E+00
 0.120646E+01   0.969795E+00   0.128689E+02   0.103315E+01   0.243671E+00
 0.120932E+01   0.974638E+00   0.128785E+02   0.103863E+01   0.244209E+00
 0.121218E+01   0.979487E+00   0.128865E+02   0.104413E+01   0.244746E+00
 0.121504E+01   0.984341E+00   0.128907E+02   0.104964E+01   0.245283E+00
 0.121790E+01   0.989208E+00   0.128972E+02   0.105516E+01   0.245820E+00
 0.122076E+01   0.994096E+00   0.129099E+02   0.106071E+01   0.246357E+00
 0.122362E+01   0.998980E+00   0.129149E+02   0.106626E+01   0.246893E+00
 0.122649E+01   0.100388E+01   0.129233E+02   0.107183E+01   0.247429E+00
 0.122935E+01   0.100879E+01   0.129316E+02   0.107742E+01   0.247965E+00
 0.123221E+01   0.101370E+01   0.129390E+02   0.108301E+01   0.248500E+00
 0.123507E+01   0.101862E+01   0.129404E+02   0.108861E+01   0.249035E+00
 0.123793E+01   0.102356E+01   0.129513E+02   0.109424E+01   0.249570E+00
 0.124079E+01   0.102850E+01   0.129602E+02   0.109988E+01   0.250104E+00
 0.124365E+01   0.103345E+01   0.129678E+02   0.110554E+01   0.250638E+00
 0.124651E+01   0.103841E+01   0.129744E+02   0.111120E+01   0.251172E+00
 0.124938E+01   0.104337E+01   0.129829E+02   0.111688E+01   0.251705E+00
 0.125224E+01   0.104835E+01   0.129910E+02   0.112257E+01   0.252239E+00
 0.125510E+01   0.105332E+01   0.129954E+02   0.112826E+01   0.252771E+00
 0.125796E+01   0.105831E+01   0.130017E+02   0.113397E+01   0.253304E+00
 0.126082E+01   0.106330E+01   0.130038E+02   0.113968E+01   0.253836E+00
 0.126368E+01   0.106830E+01   0.130126E+02   0.114542E+01   0.254368E+00
 0.126654E+01   0.107331E+01   0.130188E+02   0.115117E+01   0.254900E+00
 0.126940E+01   0.107832E+01   0.130266E+02   0.115693E+01   0.255431E+00
 0.127226E+01   0.108335E+01   0.130389E+02   0.116271E+01   0.255962E+00
 0.127513E+01   0.108837E+01   0.130404E+02   0.116848E+01   0.256492E+00
 0.127799E+01   0.109341E+01   0.130532E+02   0.117428E+01   0.257022E+00
 0.128085E+01   0.109844E+01   0.130551E+02   0.118007E+01   0.257552E+00
 0.128371E+01   0.110349E+01   0.130646E+02   0.118588E+01   0.258082E+00
 0.128657E+01   0.110854E+01   0.130744E+02   0.119171E+01   0.258611E+00
 0.128943E+01   0.111360E+01   0.130807E+02   0.119754E+01   0.259140E+00
 0.129229E+01   0.111865E+01   0.130826E+02   0.120337E+01   0.259669E+00
 0.129515E+01   0.112371E+01   0.130925E+02   0.120923E+01   0.260197E+00
 0.129802E+01   0.112878E+01   0.131007E+02   0.121509E+01   0.260725E+00
 0.130088E+01   0.113385E+01   0.131062E+02   0.122095E+01   0.261252E+00
 0.130374E+01   0.113892E+01   0.131105E+02   0.122682E+01   0.261780E+00
 0.130660E+01   0.114401E+01   0.131211E+02   0.123271E+01   0.262307E+00
 0.130946E+01   0.114909E+01   0.131251E+02   0.123860E+01   0.262833E+00
 0.131232E+01   0.115417E+01   0.131311E+02   0.124450E+01   0.263360E+00
 0.131518E+01   0.115927E+01   0.131402E+02   0.125041E+01   0.263885E+00
 0.131804E+01   0.116436E+01   0.131465E+02   0.125632E+01   0.264411E+00
 0.132090E+01   0.116945E+01   0.131531E+02   0.126225E+01   0.264936E+00
 0.132377E+01   0.117455E+01   0.131579E+02   0.126817E+01   0.265461E+00
 0.132663E+01   0.117965E+01   0.131649E+02   0.127411E+01   0.265986E+00
 0.132949E+01   0.118474E+01   0.131678E+02   0.128004E+01   0.266510E+00
 0.133235E+01   0.118986E+01   0.131795E+02   0.128600E+01   0.267034E+00
 0.133521E+01   0.119495E+01   0.131804E+02   0.129194E+01   0.267558E+00
 0.133807E+01   0.120007E+01   0.131927E+02   0.129792E+01   0.268081E+00
 0.134093E+01   0.120518E+01   0.131995E+02   0.130388E+01   0.268604E+00
 0.134379E+01   0.121028E+01   0.132019E+02   0.130985E+01   0.269126E+00
 0.134666E+01   0.121540E+01   0.132147E+02   0.131584E+01   0.269649E+00
 0.134952E+01   0.122051E+01   0.132195E+02   0.132182E+01   0.270170E+00
 0.135238E+01   0.122562E+01   0.132264E+02   0.132780E+01   0.270692E+00
 0.135524E+01   0.123072E+01   0.132250E+02   0.133378E+01   0.271213E+00
 0.135810E+01   0.123585E+01   0.132401E+02   0.133979E+01   0.271734E+00
 0.136096E+01   0.124094E+01   0.132375E+02   0.134577E+01   0.272255E+00
 0.136382E+01   0.124605E+01   0.132436E+02   0.135177E+01   0.272775E+00
 0.136668E+01   0.125116E+01   0.132504E+02   0.135778E+01   0.273294E+00
 0.136954E+01   0.125628E+01   0.132610E+02   0.136380E+01   0.273814E+00
 0.137241E+01   0.126139E+01   0.132683E+02   0.136981E+01   0.274333E+00
 0.137527E+01   0.126651E+01   0.132780E+02   0.137584E+01   0.274852E+00
 0.137813E+01   0.127160E+01   0.132762E+02   0.138184E+01   0.275370E+00
 0.138099E+01   0.127670E+01   0.132807E+02   0.138785E+01   0.275888E+00
 0.138385E+01   0.128181E+01   0.132926E+02   0.139389E+01   0.276406E+00
 0.138671E+01   0.128692E+01   0.132987E+02   0.139991E+01   0.276923E+00
 0.138957E+01   0.129201E+01   0.133004E+02   0.140593E+01   0.277440E+00
 0.139243E+01   0.129710E+01   0.133078E+02   0.141196E+01   0.277957E+00
 0.139530E+01   0.130221E+01   0.133194E+02   0.141800E+01   0.278473E+00
 0.139816E+01   0.130729E+01   0.133210E+02   0.142402E+01   0.278989E+00
 0.140102E+01   0.131238E+01   0.133285E+02   0.143006E+01   0.279505E+00
 0.140388E+01   0.131746E+01   0.133319E+02   0.143608E+01   0.280020E+00
 0.140674E+01   0.132255E+01   0.133389E+02   0.144212E+01   0.280535E+00
 0.140960E+01   0.132763E+01   0.133435E+02   0.144815E+01   0.281050E+00
 0.141246E+01   0.133270E+01   0.133517E+02   0.145419E+01   0.281564E+00
 0.141532E+01   0.133778E+01   0.133570E+02   0.146022E+01   0.282078E+00
 0.141818E+01   0.134283E+01   0.133560E+02   0.146623E+01   0.282592E+00
 0.142105E+01   0.134790E+01   0.133666E+02   0.147227E+01   0.283105E+00
 0.142391E+01   0.135295E+01   0.133695E+02   0.147829E+01   0.283617E+00
 0.142677E+01   0.135801E+01   0.133778E+02   0.148433E+01   0.284130E+00
 0.142963E+01   0.136306E+01   0.133825E+02   0.149035E+01   0.284642E+00
 0.143249E+01   0.136811E+01   0.133919E+02   0.149639E+01   0.285154E+00
 0.143535E+01   0.137315E+01   0.133973E+02   0.150241E+01   0.285665E+00
 0.143821E+01   0.137818E+01   0.133987E+02   0.150842E+01   0.286176E+00
 0.144107E+01   0.138320E+01   0.134025E+02   0.151444E+01   0.286687E+00
 0.144394E+01   0.138823E+01   0.134106E+02   0.152046E+01   0.287197E+00
 0.144680E+01   0.139325E+01   0.134162E+02   0.152648E+01   0.287707E+00
 0.144966E+01   0.139825E+01   0.134169E+02   0.153248E+01   0.288217E+00
 0.145252E+01   0.140327E+01   0.134295E+02   0.153850E+01   0.288726E+00
 0.145538E+01   0.140827E+01   0.134330E+02   0.154451E+01   0.289235E+00
 0.145824E+01   0.141326E+01   0.134400E+02   0.155051E+01   0.289743E+00
 0.146110E+01   0.141823E+01   0.134372E+02   0.155649E+01   0.290252E+00
 0.146396E+01   0.142322E+01   0.134457E+02   0.156249E+01   0.290759E+00
 0.146682E+01   0.142819E+01   0.134491E+02   0.156848E+01   0.291267E+00
 0.146969E+01   0.143315E+01   0.134507E+02   0.157446E+01   0.291774E+00
 0.147255E+01   0.143811E+01   0.134563E+02   0.158044E+01   0.292281E+00
 0.147541E+01   0.144308E+01   0.134688E+02   0.158644E+01   0.292787E+00
 0.147827E+01   0.144800E+01   0.134655E+02   0.159239E+01   0.293293E+00
 0.148113E+01   0.145295E+01   0.134750E+02   0.159837E+01   0.293799E+00
 0.148399E+01   0.145787E+01   0.134773E+02   0.160432E+01   0.294304E+00
 0.148685E+01   0.146279E+01   0.134816E+02   0.161028E+01   0.294809E+00
 0.148971E+01   0.146771E+01   0.134901E+02   0.161624E+01   0.295314E+00
 0.149258E+01   0.147261E+01   0.134927E+02   0.162218E+01   0.295818E+00
 0.149544E+01   0.147751E+01   0.134999E+02   0.162813E+01   0.296322E+00
 0.149830E+01   0.148240E+01   0.135058E+02   0.163407E+01   0.296825E+00
 0.150116E+01   0.148728E+01   0.135097E+02   0.163999E+01   0.297329E+00
 0.150402E+01   0.149215E+01   0.135154E+02   0.164592E+01   0.297831E+00
 0.150688E+01   0.149701E+01   0.135168E+02   0.165182E+01   0.298334E+00
 0.150974E+01   0.150186E+01   0.135217E+02   0.165773E+01   0.298836E+00
 0.151260E+01   0.150671E+01   0.135256E+02   0.166363E+01   0.299337E+00
 0.151546E+01   0.151154E+01   0.135279E+02   0.166952E+01   0.299839E+00
 0.151833E+01   0.151637E+01   0.135384E+02   0.167542E+01   0.300340E+00
 0.152119E+01   0.152119E+01   0.135406E+02   0.168130E+01   0.300840E+00
 0.152405E+01   0.152600E+01   0.135468E+02   0.168718E+01   0.301341E+00
 0.152691E+01   0.153079E+01   0.135519E+02   0.169304E+01   0.301841E+00
 0.152977E+01   0.153557E+01   0.135492E+02   0.169888E+01   0.302340E+00
 0.153263E+01   0.154034E+01   0.135543E+02   0.170473E+01   0.302839E+00
 0.153549E+01   0.154511E+01   0.135587E+02   0.171057E+01   0.303338E+00
 0.153835E+01   0.154987E+01   0.135632E+02   0.171641E+01   0.303837E+00
 0.154122E+01   0.155462E+01   0.135683E+02   0.172223E+01   0.304335E+00
 0.154408E+01   0.155935E+01   0.135711E+02   0.172805E+01   0.304832E+00
 0.154694E+01   0.156407E+01   0.135730E+02   0.173385E+01   0.305330E+00
 0.154980E+01   0.156880E+01   0.135804E+02   0.173965E+01   0.305827E+00
 0.155266E+01   0.157350E+01   0.135824E+02   0.174544E+01   0.306323E+00
 0.155552E+01   0.157819E+01   0.135873E+02   0.175122E+01   0.306820E+00
 0.155838E+01   0.158288E+01   0.135929E+02   0.175700E+01   0.307316E+00
 0.156124E+01   0.158756E+01   0.135976E+02   0.176276E+01   0.307811E+00
 0.156410E+01   0.159221E+01   0.136001E+02   0.176851E+01   0.308306E+00
 0.156697E+01   0.159687E+01   0.136051E+02   0.177425E+01   0.308801E+00
 0.156983E+01   0.160151E+01   0.136120E+02   0.177999E+01   0.309296E+00
 0.157269E+01   0.160613E+01   0.136086E+02   0.178570E+01   0.309790E+00
 0.157555E+01   0.161076E+01   0.136219E+02   0.179143E+01   0.310284E+00
 0.157841E+01   0.161536E+01   0.136225E+02   0.179713E+01   0.310777E+00
 0.158127E+01   0.161995E+01   0.136217E+02   0.180281E+01   0.311270E+00
 0.158413E+01   0.162453E+01   0.136261E+02   0.180849E+01   0.311763E+00
 0.158699E+01   0.162911E+01   0.136355E+02   0.181418E+01   0.312255E+00
 0.158986E+01   0.163367E+01   0.136377E+02   0.181984E+01   0.312747E+00
 0.159272E+01   0.163821E+01   0.136371E+02   0.182547E+01   0.313238E+00
 0.159558E+01   0.164274E+01   0.136403E+02   0.183111E+01   0.313730E+00
 0.159844E+01   0.164727E+01   0.136431E+02   0.183674E+01   0.314221E+00
 0.160130E+01   0.165179E+01   0.136526E+02   0.184237E+01   0.314711E+00
 0.160416E+01   0.165627E+01   0.136494E+02   0.184796E+01   0.315201E+00
 0.160702E+01   0.166078E+01   0.136589E+02   0.185357E+01   0.315691E+00
 0.160988E+01   0.166525E+01   0.136626E+02   0.185915E+01   0.316180E+00
 0.161274E+01   0.166970E+01   0.136618E+02   0.186471E+01   0.316669E+00
 0.161561E+01   0.167415E+01   0.136617E+02   0.187026E+01   0.317158E+00
 0.161847E+01   0.167859E+01   0.136676E+02   0.187582E+01   0.317646E+00
 0.162133E+01   0.168302E+01   0.136706E+02   0.188135E+01   0.318134E+00
 0.162419E+01   0.168743E+01   0.136723E+02   0.188687E+01   0.318622E+00
 0.162705E+01   0.169183E+01   0.136766E+02   0.189239E+01   0.319109E+00
 0.162991E+01   0.169622E+01   0.136810E+02   0.189789E+01   0.319596E+00
 0.163277E+01   0.170060E+01   0.136857E+02   0.190339E+01   0.320083E+00
 0.163563E+01   0.170496E+01   0.136892E+02   0.190886E+01   0.320569E+00
 0.163850E+01   0.170931E+01   0.136899E+02   0.191432E+01   0.321055E+00
 0.164136E+01   0.171366E+01   0.136991E+02   0.191979E+01   0.321540E+00
 0.164422E+01   0.171797E+01   0.136958E+02   0.192521E+01   0.322025E+00
 0.164708E+01   0.172229E+01   0.137033E+02   0.193065E+01   0.322510E+00
 0.164994E+01   0.172657E+01   0.137007E+02   0.193604E+01   0.322994E+00
 0.165280E+01   0.173087E+01   0.137062E+02   0.194145E+01   0.323478E+00
 0.165566E+01   0.173514E+01   0.137119E+02   0.194685E+01   0.323962E+00
 0.165852E+01   0.173940E+01   0.137135E+02   0.195222E+01   0.324445E+00
 0.166138E+01   0.174365E+01   0.137193E+02   0.195759E+01   0.324928E+00
 0.166425E+01   0.174789E+01   0.137234E+02   0.196294E+01   0.325411E+00
 0.166711E+01   0.175209E+01   0.137183E+02   0.196826E+01   0.325893E+00
 0.166997E+01   0.175631E+01   0.137255E+02   0.197359E+01   0.326375E+00
 0.167283E+01   0.176049E+01   0.137218E+02   0.197888E+01   0.326857E+00
 0.167569E+01   0.176467E+01   0.137252E+02   0.198418E+01   0.327338E+00
 0.167855E+01   0.176886E+01   0.137367E+02   0.198949E+01   0.327818E+00
 0.168141E+01   0.177300E+01   0.137332E+02   0.199474E+01   0.328299E+00
 0.168427E+01   0.177715E+01   0.137422E+02   0.200002E+01   0.328779E+00
 0.168714E+01   0.178127E+01   0.137404E+02   0.200525E+01   0.329259E+00
 0.169000E+01   0.178538E+01   0.137414E+02   0.201047E+01   0.329738E+00
 0.169286E+01   0.178948E+01   0.137473E+02   0.201570E+01   0.330217E+00
 0.169572E+01   0.179357E+01   0.137501E+02   0.202090E+01   0.330696E+00
 0.169858E+01   0.179764E+01   0.137496E+02   0.202608E+01   0.331174E+00
 0.170144E+01   0.180169E+01   0.137501E+02   0.203125E+01   0.331652E+00
 0.170430E+01   0.180574E+01   0.137522E+02   0.203641E+01   0.332130E+00
 0.170716E+01   0.180977E+01   0.137560E+02   0.204156E+01   0.332607E+00
 0.171002E+01   0.181379E+01   0.137586E+02   0.204669E+01   0.333084E+00
 0.171289E+01   0.181781E+01   0.137642E+02   0.205182E+01   0.333560E+00
 0.171575E+01   0.182180E+01   0.137678E+02   0.205693E+01   0.334037E+00
 0.171861E+01   0.182578E+01   0.137703E+02   0.206202E+01   0.334512E+00
 0.172147E+01   0.182973E+01   0.137674E+02   0.206708E+01   0.334988E+00
 0.172433E+01   0.183369E+01   0.137732E+02   0.207215E+01   0.335463E+00
 0.172719E+01   0.183763E+01   0.137733E+02   0.207720E+01   0.335938E+00
 0.173005E+01   0.184155E+01   0.137768E+02   0.208224E+01   0.336412E+00
 0.173291E+01   0.184545E+01   0.137740E+02   0.208724E+01   0.336886E+00
 0.173578E+01   0.184937E+01   0.137845E+02   0.209227E+01   0.337360E+00
 0.173864E+01   0.185325E+01   0.137868E+02   0.209726E+01   0.337833E+00
 0.174150E+01   0.185711E+01   0.137814E+02   0.210222E+01   0.338306E+00
 0.174436E+01   0.186098E+01   0.137910E+02   0.210720E+01   0.338779E+00
 0.174722E+01   0.186480E+01   0.137850E+02   0.211213E+01   0.339251E+00
 0.175008E+01   0.186864E+01   0.137910E+02   0.211707E+01   0.339723E+00
 0.175294E+01   0.187246E+01   0.137929E+02   0.212199E+01   0.340195E+00
 0.175580E+01   0.187626E+01   0.137963E+02   0.212690E+01   0.340666E+00
 0.175866E+01   0.188005E+01   0.137998E+02   0.213180E+01   0.341137E+00
 0.176153E+01   0.188382E+01   0.137998E+02   0.213667E+01   0.341608E+00
 0.176439E+01   0.188759E+01   0.138044E+02   0.214153E+01   0.342078E+00
 0.176725E+01   0.189133E+01   0.138032E+02   0.214637E+01   0.342548E+00
 0.177011E+01   0.189507E+01   0.138081E+02   0.215121E+01   0.343017E+00
 0.177297E+01   0.189877E+01   0.138006E+02   0.215600E+01   0.343487E+00
 0.177583E+01   0.190249E+01   0.138080E+02   0.216082E+01   0.343955E+00
 0.177869E+01   0.190618E+01   0.138105E+02   0.216561E+01   0.344424E+00
 0.178155E+01   0.190985E+01   0.138077E+02   0.217037E+01   0.344892E+00
 0.178442E+01   0.191353E+01   0.138141E+02   0.217515E+01   0.345360E+00
 0.178728E+01   0.191718E+01   0.138168E+02   0.217989E+01   0.345827E+00
 0.179014E+01   0.192082E+01   0.138175E+02   0.218462E+01   0.346294E+00
 0.179300E+01   0.192444E+01   0.138170E+02   0.218933E+01   0.346761E+00
 0.179586E+01   0.192806E+01   0.138219E+02   0.219404E+01   0.347228E+00
 0.179872E+01   0.193165E+01   0.138234E+02   0.219872E+01   0.347694E+00
 0.180158E+01   0.193524E+01   0.138252E+02   0.220340E+01   0.348159E+00
 0.180444E+01   0.193881E+01   0.138279E+02   0.220806E+01   0.348625E+00
 0.180730E+01   0.194236E+01   0.138251E+02   0.221268E+01   0.349090E+00
 0.181017E+01   0.194590E+01   0.138266E+02   0.221731E+01   0.349555E+00
 0.181303E+01   0.194945E+01   0.138333E+02   0.222194E+01   0.350019E+00
 0.181589E+01   0.195296E+01   0.138341E+02   0.222653E+01   0.350483E+00
 0.181875E+01   0.195644E+01   0.138268E+02   0.223109E+01   0.350947E+00
 0.182161E+01   0.195996E+01   0.138374E+02   0.223568E+01   0.351410E+00
 0.182447E+01   0.196341E+01   0.138306E+02   0.224021E+01   0.351873E+00
 0.182733E+01   0.196688E+01   0.138317E+02   0.224475E+01   0.352336E+00
 0.183019E+01   0.197033E+01   0.138338E+02   0.224927E+01   0.352798E+00
 0.183306E+01   0.197378E+01   0.138421E+02   0.225380E+01   0.353260E+00
 0.183592E+01   0.197721E+01   0.138438E+02   0.225830E+01   0.353722E+00
 0.183878E+01   0.198062E+01   0.138451E+02   0.226278E+01   0.354183E+00
 0.184164E+01   0.198400E+01   0.138388E+02   0.226722E+01   0.354644E+00
 0.184450E+01   0.198740E+01   0.138483E+02   0.227169E+01   0.355104E+00
 0.184736E+01   0.199077E+01   0.138477E+02   0.227612E+01   0.355565E+00
 0.185022E+01   0.199412E+01   0.138457E+02   0.228053E+01   0.356025E+00
 0.185308E+01   0.199747E+01   0.138512E+02   0.228495E+01   0.356484E+00
 0.185594E+01   0.200080E+01   0.138525E+02   0.228934E+01   0.356944E+00
 0.185881E+01   0.200412E+01   0.138513E+02   0.229371E+01   0.357403E+00
 0.186167E+01   0.200743E+01   0.138544E+02   0.229808E+01   0.357861E+00
 0.186453E+01   0.201072E+01   0.138550E+02   0.230243E+01   0.358319E+00
 0.186739E+01   0.201399E+01   0.138548E+02   0.230675E+01   0.358777E+00
 0.187025E+01   0.201725E+01   0.138538E+02   0.231107E+01   0.359235E+00
 0.187311E+01   0.202051E+01   0.138552E+02   0.231537E+01   0.359692E+00
 0.187597E+01   0.202375E+01   0.138551E+02   0.231965E+01   0.360149E+00
 0.187883E+01   0.202698E+01   0.138599E+02   0.232394E+01   0.360606E+00
 0.188170E+01   0.203019E+01   0.138563E+02   0.232818E+01   0.361062E+00
 0.188456E+01   0.203339E+01   0.138576E+02   0.233243E+01   0.361518E+00
 0.188742E+01   0.203659E+01   0.138630E+02   0.233667E+01   0.361974E+00
 0.189028E+01   0.203976E+01   0.138635E+02   0.234089E+01   0.362429E+00
 0.189314E+01   0.204291E+01   0.138588E+02   0.234507E+01   0.362884E+00
 0.189600E+01   0.204608E+01   0.138659E+02   0.234927E+01   0.363338E+00
 0.189886E+01   0.204920E+01   0.138628E+02   0.235343E+01   0.363793E+00
 0.190172E+01   0.205233E+01   0.138625E+02   0.235759E+01   0.364247E+00
 0.190458E+01   0.205545E+01   0.138658E+02   0.236174E+01   0.364700E+00
 0.190745E+01   0.205854E+01   0.138630E+02   0.236585E+01   0.365154E+00
 0.191031E+01   0.206163E+01   0.138663E+02   0.236997E+01   0.365607E+00
 0.191317E+01   0.206471E+01   0.138679E+02   0.237408E+01   0.366059E+00
 0.191603E+01   0.206777E+01   0.138693E+02   0.237816E+01   0.366512E+00
 0.191889E+01   0.207082E+01   0.138702E+02   0.238223E+01   0.366964E+00
 0.192175E+01   0.207386E+01   0.138725E+02   0.238630E+01   0.367415E+00
 0.192461E+01   0.207689E+01   0.138736E+02   0.239034E+01   0.367867E+00
 0.192747E+01   0.207989E+01   0.138709E+02   0.239435E+01   0.368318E+00
 0.193034E+01   0.208290E+01   0.138754E+02   0.239838E+01   0.368768E+00
 0.193320E+01   0.208589E+01   0.138764E+02   0.240238E+01   0.369219E+00
 0.193606E+01   0.208886E+01   0.138757E+02   0.240636E+01   0.369669E+00
 0.193892E+01   0.209182E+01   0.138726E+02   0.241032E+01   0.370118E+00
 0.194178E+01   0.209477E+01   0.138728E+02   0.241427E+01   0.370568E+00
 0.194464E+01   0.209771E+01   0.138777E+02   0.241823E+01   0.371017E+00
 0.194750E+01   0.210063E+01   0.138739E+02   0.242214E+01   0.371466E+00
 0.195036E+01   0.210354E+01   0.138735E+02   0.242605E+01   0.371914E+00
 0.195322E+01   0.210646E+01   0.138798E+02   0.242997E+01   0.372362E+00
 0.195609E+01   0.210934E+01   0.138760E+02   0.243384E+01   0.372810E+00
 0.195895E+01   0.211223E+01   0.138802E+02   0.243773E+01   0.373257E+00
 0.196181E+01   0.211509E+01   0.138810E+02   0.244159E+01   0.373704E+00
 0.196467E+01   0.211795E+01   0.138824E+02   0.244543E+01   0.374151E+00
 0.196753E+01   0.212079E+01   0.138798E+02   0.244925E+01   0.374598E+00
 0.197039E+01   0.212362E+01   0.138792E+02   0.245307E+01   0.375044E+00
 0.197325E+01   0.212643E+01   0.138762E+02   0.245685E+01   0.375490E+00
 0.197611E+01   0.212924E+01   0.138812E+02   0.246066E+01   0.375935E+00
 0.197898E+01   0.213203E+01   0.138794E+02   0.246443E+01   0.376381E+00
 0.198184E+01   0.213482E+01   0.138799E+02   0.246819E+01   0.376826E+00
 0.198470E+01   0.213759E+01   0.138811E+02   0.247194E+01   0.377270E+00
 0.198756E+01   0.214035E+01   0.138815E+02   0.247567E+01   0.377714E+00
 0.199042E+01   0.214309E+01   0.138784E+02   0.247937E+01   0.378158E+00
 0.199328E+01   0.214583E+01   0.138790E+02   0.248308E+01   0.378602E+00
 0.199614E+01   0.214857E+01   0.138855E+02   0.248680E+01   0.379045E+00
 0.199900E+01   0.215128E+01   0.138825E+02   0.249046E+01   0.379488E+00
 0.200186E+01   0.215399E+01   0.138864E+02   0.249414E+01   0.379931E+00
 0.200473E+01   0.215668E+01   0.138836E+02   0.249778E+01   0.380373E+00
 0.200759E+01   0.215936E+01   0.138864E+02   0.250143E+01   0.380816E+00
 0.201045E+01   0.216203E+01   0.138842E+02   0.250504E+01   0.381257E+00
 0.201331E+01   0.216470E+01   0.138897E+02   0.250867E+01   0.381699E+00
 0.201617E+01   0.216733E+01   0.138837E+02   0.251225E+01   0.382140E+00
 0.201903E+01   0.216997E+01   0.138866E+02   0.251584E+01   0.382581E+00
 0.202189E+01   0.217259E+01   0.138854E+02   0.251940E+01   0.383021E+00
 0.202475E+01   0.217519E+01   0.138818E+02   0.252295E+01   0.383461E+00
 0.202762E+01   0.217781E+01   0.138892E+02   0.252652E+01   0.383901E+00
 0.203048E+01   0.218040E+01   0.138878E+02   0.253004E+01   0.384341E+00
 0.203334E+01   0.218297E+01   0.138834E+02   0.253354E+01   0.384780E+00
 0.203620E+01   0.218555E+01   0.138882E+02   0.253706E+01   0.385219E+00
 0.203906E+01   0.218810E+01   0.138875E+02   0.254055E+01   0.385658E+00
 0.204192E+01   0.219065E+01   0.138869E+02   0.254403E+01   0.386096E+00
 0.204478E+01   0.219319E+01   0.138866E+02   0.254749E+01   0.386534E+00
 0.204764E+01   0.219570E+01   0.138835E+02   0.255093E+01   0.386972E+00
 0.205050E+01   0.219823E+01   0.138870E+02   0.255438E+01   0.387409E+00
 0.205337E+01   0.220072E+01   0.138848E+02   0.255780E+01   0.387846E+00
 0.205623E+01   0.220322E+01   0.138848E+02   0.256121E+01   0.388283E+00
 0.205909E+01   0.220570E+01   0.138852E+02   0.256461E+01   0.388720E+00
 0.206195E+01   0.220818E+01   0.138870E+02   0.256801E+01   0.389156E+00
 0.206481E+01   0.221064E+01   0.138870E+02   0.257138E+01   0.389592E+00
 0.206767E+01   0.221308E+01   0.138840E+02   0.257473E+01   0.390028E+00
 0.207053E+01   0.221552E+01   0.138846E+02   0.257808E+01   0.390463E+00
 0.207339E+01   0.221795E+01   0.138844E+02   0.258142E+01   0.390898E+00
 0.207626E+01   0.222038E+01   0.138870E+02   0.258475E+01   0.391333E+00
 0.207912E+01   0.222279E+01   0.138873E+02   0.258806E+01   0.391767E+00
 0.208198E+01   0.222518E+01   0.138871E+02   0.259136E+01   0.392201E+00
 0.208484E+01   0.222757E+01   0.138843E+02   0.259463E+01   0.392635E+00
 0.208770E+01   0.222996E+01   0.138905E+02   0.259793E+01   0.393068E+00
 0.209056E+01   0.223231E+01   0.138834E+02   0.260116E+01   0.393502E+00
 0.209342E+01   0.223467E+01   0.138829E+02   0.260441E+01   0.393934E+00
 0.209628E+01   0.223701E+01   0.138831E+02   0.260764E+01   0.394367E+00
 0.209914E+01   0.223936E+01   0.138883E+02   0.261089E+01   0.394799E+00
 0.210201E+01   0.224168E+01   0.138835E+02   0.261408E+01   0.395231E+00
 0.210487E+01   0.224400E+01   0.138832E+02   0.261728E+01   0.395663E+00
 0.210773E+01   0.224630E+01   0.138833E+02   0.262046E+01   0.396095E+00
 0.211059E+01   0.224860E+01   0.138819E+02   0.262363E+01   0.396526E+00
 0.211345E+01   0.225089E+01   0.138818E+02   0.262679E+01   0.396956E+00
 0.211631E+01   0.225318E+01   0.138883E+02   0.262997E+01   0.397387E+00
 0.211917E+01   0.225543E+01   0.138817E+02   0.263308E+01   0.397817E+00
 0.212203E+01   0.225771E+01   0.138891E+02   0.263623E+01   0.398247E+00
 0.212490E+01   0.225996E+01   0.138888E+02   0.263935E+01   0.398677E+00
 0.212776E+01   0.226219E+01   0.138891E+02   0.264245E+01   0.399106E+00
 0.213062E+01   0.226442E+01   0.138891E+02   0.264554E+01   0.399535E+00
 0.213348E+01   0.226662E+01   0.138806E+02   0.264859E+01   0.399964E+00
 0.213634E+01   0.226885E+01   0.138877E+02   0.265168E+01   0.400392E+00
 0.213920E+01   0.227104E+01   0.138830E+02   0.265472E+01   0.400820E+00
 0.214206E+01   0.227323E+01   0.138834E+02   0.265776E+01   0.401248E+00
 0.214492E+01   0.227540E+01   0.138808E+02   0.266078E+01   0.401676E+00
 0.214778E+01   0.227758E+01   0.138827E+02   0.266381E+01   0.402103E+00
 0.215065E+01   0.227974E+01   0.138812E+02   0.266681E+01   0.402530E+00
 0.215351E+01   0.228191E+01   0.138868E+02   0.266982E+01   0.402957E+00
 0.215637E+01   0.228404E+01   0.138818E+02   0.267279E+01   0.403383E+00
 0.215923E+01   0.228618E+01   0.138861E+02   0.267577E+01   0.403810E+00
 0.216209E+01   0.228830E+01   0.138842E+02   0.267873E+01   0.404235E+00
 0.216495E+01   0.229041E+01   0.138811E+02   0.268167E+01   0.404661E+00
 0.216781E+01   0.229252E+01   0.138825E+02   0.268461E+01   0.405086E+00
 0.217067E+01   0.229462E+01   0.138822E+02   0.268753E+01   0.405511E+00
 0.217354E+01   0.229670E+01   0.138798E+02   0.269044E+01   0.405936E+00
 0.217640E+01   0.229878E+01   0.138798E+02   0.269334E+01   0.406360E+00
 0.217926E+01   0.230085E+01   0.138773E+02   0.269623E+01   0.406784E+00
 0.218212E+01   0.230292E+01   0.138837E+02   0.269913E+01   0.407208E+00
 0.218498E+01   0.230496E+01   0.138793E+02   0.270198E+01   0.407632E+00
 0.218784E+01   0.230701E+01   0.138788E+02   0.270484E+01   0.408055E+00
 0.219070E+01   0.230904E+01   0.138777E+02   0.270768E+01   0.408478E+00
 0.219356E+01   0.231107E+01   0.138788E+02   0.271052E+01   0.408901E+00
 0.219642E+01   0.231309E+01   0.138798E+02   0.271335E+01   0.409323E+00
 0.219929E+01   0.231508E+01   0.138733E+02   0.271614E+01   0.409745E+00
 0.220215E+01   0.231708E+01   0.138722E+02   0.271894E+01   0.410167E+00
 0.220501E+01   0.231907E+01   0.138719E+02   0.272173E+01   0.410589E+00
 0.220787E+01   0.232104E+01   0.138707E+02   0.272451E+01   0.411010E+00
 0.221073E+01   0.232302E+01   0.138729E+02   0.272729E+01   0.411431E+00
 0.221359E+01   0.232499E+01   0.138721E+02   0.273004E+01   0.411852E+00
 0.221645E+01   0.232696E+01   0.138775E+02   0.273281E+01   0.412272E+00
 0.221931E+01   0.232889E+01   0.138711E+02   0.273553E+01   0.412693E+00
 0.222218E+01   0.233082E+01   0.138689E+02   0.273824E+01   0.413112E+00
 0.222504E+01   0.233277E+01   0.138762E+02   0.274098E+01   0.413532E+00
 0.222790E+01   0.233467E+01   0.138676E+02   0.274366E+01   0.413951E+00
 0.223076E+01   0.233659E+01   0.138676E+02   0.274636E+01   0.414370E+00
 0.223362E+01   0.233848E+01   0.138650E+02   0.274903E+01   0.414789E+00
 0.223648E+01   0.234040E+01   0.138715E+02   0.275173E+01   0.415208E+00
 0.223934E+01   0.234228E+01   0.138664E+02   0.275437E+01   0.415626E+00
 0.224220E+01   0.234416E+01   0.138675E+02   0.275703E+01   0.416044E+00
 0.224506E+01   0.234602E+01   0.138639E+02   0.275966E+01   0.416462E+00
 0.224793E+01   0.234789E+01   0.138631E+02   0.276229E+01   0.416879E+00
 0.225079E+01   0.234975E+01   0.138646E+02   0.276491E+01   0.417296E+00
 0.225365E+01   0.235161E+01   0.138706E+02   0.276754E+01   0.417713E+00
 0.225651E+01   0.235344E+01   0.138672E+02   0.277013E+01   0.418130E+00
 0.225937E+01   0.235526E+01   0.138611E+02   0.277270E+01   0.418546E+00
 0.226223E+01   0.235709E+01   0.138631E+02   0.277529E+01   0.418962E+00
 0.226509E+01   0.235890E+01   0.138617E+02   0.277785E+01   0.419378E+00
 0.226795E+01   0.236071E+01   0.138622E+02   0.278042E+01   0.419793E+00
 0.227082E+01   0.236252E+01   0.138662E+02   0.278298E+01   0.420208E+00
 0.227368E+01   0.236429E+01   0.138562E+02   0.278548E+01   0.420623E+00
 0.227654E+01   0.236608E+01   0.138605E+02   0.278803E+01   0.421038E+00
 0.227940E+01   0.236786E+01   0.138600E+02   0.279055E+01   0.421453E+00
 0.228226E+01   0.236961E+01   0.138543E+02   0.279303E+01   0.421867E+00
 0.228512E+01   0.237138E+01   0.138548E+02   0.279553E+01   0.422281E+00
 0.228798E+01   0.237314E+01   0.138575E+02   0.279803E+01   0.422694E+00
 0.229084E+01   0.237487E+01   0.138524E+02   0.280049E+01   0.423108E+00
 0.229370E+01   0.237661E+01   0.138520E+02   0.280296E+01   0.423521E+00
 0.229657E+01   0.237834E+01   0.138514E+02   0.280542E+01   0.423933E+00
 0.229943E+01   0.238007E+01   0.138562E+02   0.280789E+01   0.424346E+00
 0.230229E+01   0.238178E+01   0.138523E+02   0.281032E+01   0.424758E+00
 0.230515E+01   0.238348E+01   0.138486E+02   0.281273E+01   0.425170E+00
 0.230801E+01   0.238518E+01   0.138485E+02   0.281515E+01   0.425582E+00
 0.231087E+01   0.238688E+01   0.138493E+02   0.281757E+01   0.425993E+00
 0.231373E+01   0.238856E+01   0.138470E+02   0.281996E+01   0.426405E+00
 0.231659E+01   0.239023E+01   0.138454E+02   0.282235E+01   0.426816E+00
 0.231946E+01   0.239192E+01   0.138526E+02   0.282476E+01   0.427226E+00
 0.232232E+01   0.239357E+01   0.138458E+02   0.282711E+01   0.427637E+00
 0.232518E+01   0.239523E+01   0.138497E+02   0.282948E+01   0.428047E+00
 0.232804E+01   0.239687E+01   0.138448E+02   0.283182E+01   0.428457E+00
 0.233090E+01   0.239851E+01   0.138429E+02   0.283416E+01   0.428866E+00
 0.233376E+01   0.240014E+01   0.138425E+02   0.283649E+01   0.429276E+00
 0.233662E+01   0.240179E+01   0.138491E+02   0.283884E+01   0.429685E+00
 0.233948E+01   0.240341E+01   0.138488E+02   0.284116E+01   0.430094E+00
 0.234234E+01   0.240500E+01   0.138408E+02   0.284344E+01   0.430502E+00
 0.234521E+01   0.240660E+01   0.138381E+02   0.284573E+01   0.430910E+00
 0.234807E+01   0.240822E+01   0.138435E+02   0.284804E+01   0.431319E+00
 0.235093E+01   0.240981E+01   0.138449E+02   0.285032E+01   0.431726E+00
 0.235379E+01   0.241140E+01   0.138446E+02   0.285259E+01   0.432134E+00
 0.235665E+01   0.241296E+01   0.138381E+02   0.285483E+01   0.432541E+00
 0.235951E+01   0.241454E+01   0.138416E+02   0.285710E+01   0.432948E+00
 0.236237E+01   0.241608E+01   0.138331E+02   0.285931E+01   0.433355E+00
 0.236523E+01   0.241764E+01   0.138318E+02   0.286154E+01   0.433761E+00
 0.236810E+01   0.241920E+01   0.138350E+02   0.286378E+01   0.434168E+00
 0.237096E+01   0.242074E+01   0.138348E+02   0.286600E+01   0.434574E+00
 0.237382E+01   0.242228E+01   0.138337E+02   0.286820E+01   0.434979E+00
 0.237668E+01   0.242381E+01   0.138353E+02   0.287041E+01   0.435385E+00
 0.237954E+01   0.242533E+01   0.138315E+02   0.287258E+01   0.435790E+00
 0.238240E+01   0.242684E+01   0.138287E+02   0.287476E+01   0.436195E+00
 0.238526E+01   0.242835E+01   0.138279E+02   0.287693E+01   0.436600E+00
 0.238812E+01   0.242987E+01   0.138334E+02   0.287911E+01   0.437004E+00
 0.239099E+01   0.243136E+01   0.138320E+02   0.288126E+01   0.437408E+00
 0.239385E+01   0.243284E+01   0.138277E+02   0.288339E+01   0.437812E+00
 0.239671E+01   0.243432E+01   0.138268E+02   0.288553E+01   0.438216E+00
 0.239957E+01   0.243581E+01   0.138296E+02   0.288767E+01   0.438620E+00
 0.240243E+01   0.243726E+01   0.138214E+02   0.288976E+01   0.439023E+00
 0.240529E+01   0.243872E+01   0.138205E+02   0.289187E+01   0.439426E+00
 0.240815E+01   0.244019E+01   0.138218E+02   0.289398E+01   0.439828E+00
 0.241101E+01   0.244164E+01   0.138232E+02   0.289608E+01   0.440231E+00
 0.241387E+01   0.244308E+01   0.138206E+02   0.289816E+01   0.440633E+00
 0.241674E+01   0.244453E+01   0.138242E+02   0.290025E+01   0.441035E+00
 0.241960E+01   0.244596E+01   0.138228E+02   0.290232E+01   0.441437E+00
 0.242246E+01   0.244738E+01   0.138199E+02   0.290437E+01   0.441838E+00
 0.242532E+01   0.244880E+01   0.138202E+02   0.290643E+01   0.442239E+00
 0.242818E+01   0.245020E+01   0.138140E+02   0.290845E+01   0.442640E+00
 0.243104E+01   0.245162E+01   0.138171E+02   0.291050E+01   0.443041E+00
 0.243390E+01   0.245301E+01   0.138113E+02   0.291251E+01   0.443441E+00
 0.243676E+01   0.245440E+01   0.138104E+02   0.291453E+01   0.443842E+00
 0.243963E+01   0.245581E+01   0.138161E+02   0.291656E+01   0.444242E+00
 0.244249E+01   0.245717E+01   0.138078E+02   0.291854E+01   0.444641E+00
 0.244535E+01   0.245855E+01   0.138086E+02   0.292054E+01   0.445041E+00
 0.244821E+01   0.245993E+01   0.138084E+02   0.292253E+01   0.445440E+00
 0.245107E+01   0.246128E+01   0.138048E+02   0.292449E+01   0.445839E+00
 0.245393E+01   0.246265E+01   0.138068E+02   0.292648E+01   0.446238E+00
 0.245679E+01   0.246399E+01   0.138029E+02   0.292843E+01   0.446636E+00
 0.245965E+01   0.246535E+01   0.138083E+02   0.293040E+01   0.447034E+00
 0.246251E+01   0.246669E+01   0.138060E+02   0.293234E+01   0.447432E+00
 0.246538E+01   0.246801E+01   0.138000E+02   0.293426E+01   0.447830E+00
 0.246824E+01   0.246936E+01   0.138048E+02   0.293622E+01   0.448228E+00
 0.247110E+01   0.247067E+01   0.138007E+02   0.293813E+01   0.448625E+00
 0.247396E+01   0.247200E+01   0.138024E+02   0.294005E+01   0.449022E+00
 0.247682E+01   0.247331E+01   0.138010E+02   0.294196E+01   0.449419E+00
 0.247968E+01   0.247461E+01   0.137998E+02   0.294386E+01   0.449815E+00
 0.248254E+01   0.247591E+01   0.137997E+02   0.294575E+01   0.450212E+00
 0.248540E+01   0.247721E+01   0.137988E+02   0.294764E+01   0.450608E+00
 0.248827E+01   0.247848E+01   0.137905E+02   0.294948E+01   0.451003E+00
 0.249113E+01   0.247976E+01   0.137893E+02   0.295135E+01   0.451399E+00
 0.249399E+01   0.248105E+01   0.137949E+02   0.295324E+01   0.451794E+00
 0.249685E+01   0.248232E+01   0.137919E+02   0.295509E+01   0.452189E+00
 0.249971E+01   0.248359E+01   0.137923E+02   0.295694E+01   0.452584E+00
 0.250257E+01   0.248485E+01   0.137897E+02   0.295877E+01   0.452979E+00
 0.250543E+01   0.248611E+01   0.137906E+02   0.296061E+01   0.453373E+00
 0.250829E+01   0.248734E+01   0.137827E+02   0.296241E+01   0.453767E+00
 0.251115E+01   0.248860E+01   0.137881E+02   0.296425E+01   0.454161E+00
 0.251402E+01   0.248984E+01   0.137894E+02   0.296607E+01   0.454555E+00
 0.251688E+01   0.249106E+01   0.137826E+02   0.296785E+01   0.454949E+00
 0.251974E+01   0.249229E+01   0.137812E+02   0.296964E+01   0.455342E+00
 0.252260E+01   0.249351E+01   0.137803E+02   0.297143E+01   0.455735E+00
 0.252546E+01   0.249473E+01   0.137813E+02   0.297322E+01   0.456127E+00
 0.252832E+01   0.249594E+01   0.137786E+02   0.297498E+01   0.456520E+00
 0.253118E+01   0.249715E+01   0.137783E+02   0.297675E+01   0.456912E+00
 0.253404E+01   0.249835E+01   0.137768E+02   0.297851E+01   0.457304E+00
 0.253691E+01   0.249954E+01   0.137762E+02   0.298026E+01   0.457696E+00
 0.253977E+01   0.250075E+01   0.137797E+02   0.298202E+01   0.458088E+00
 0.254263E+01   0.250192E+01   0.137743E+02   0.298374E+01   0.458479E+00
 0.254549E+01   0.250311E+01   0.137776E+02   0.298549E+01   0.458870E+00
 0.254835E+01   0.250428E+01   0.137730E+02   0.298720E+01   0.459261E+00
 0.255121E+01   0.250545E+01   0.137736E+02   0.298892E+01   0.459651E+00
 0.255407E+01   0.250660E+01   0.137670E+02   0.299061E+01   0.460042E+00
 0.255693E+01   0.250778E+01   0.137719E+02   0.299234E+01   0.460432E+00
 0.255979E+01   0.250893E+01   0.137711E+02   0.299403E+01   0.460822E+00
 0.256266E+01   0.251007E+01   0.137665E+02   0.299571E+01   0.461212E+00
 0.256552E+01   0.251123E+01   0.137686E+02   0.299740E+01   0.461601E+00
 0.256838E+01   0.251236E+01   0.137659E+02   0.299907E+01   0.461990E+00
 0.257124E+01   0.251348E+01   0.137579E+02   0.300071E+01   0.462379E+00
 0.257410E+01   0.251462E+01   0.137606E+02   0.300239E+01   0.462768E+00
 0.257696E+01   0.251575E+01   0.137616E+02   0.300405E+01   0.463157E+00
 0.257982E+01   0.251686E+01   0.137572E+02   0.300569E+01   0.463545E+00
 0.258268E+01   0.251796E+01   0.137530E+02   0.300731E+01   0.463933E+00
 0.258555E+01   0.251908E+01   0.137548E+02   0.300896E+01   0.464321E+00
 0.258841E+01   0.252019E+01   0.137540E+02   0.301059E+01   0.464709E+00
 0.259127E+01   0.252129E+01   0.137527E+02   0.301221E+01   0.465096E+00
 0.259413E+01   0.252239E+01   0.137554E+02   0.301384E+01   0.465483E+00
 0.259699E+01   0.252348E+01   0.137511E+02   0.301544E+01   0.465870E+00
 0.259985E+01   0.252456E+01   0.137508E+02   0.301704E+01   0.466257E+00
 0.260271E+01   0.252565E+01   0.137493E+02   0.301863E+01   0.466644E+00
 0.260557E+01   0.252672E+01   0.137465E+02   0.302022E+01   0.467030E+00
 0.260843E+01   0.252780E+01   0.137482E+02   0.302181E+01   0.467416E+00
 0.261130E+01   0.252887E+01   0.137490E+02   0.302339E+01   0.467802E+00
 0.261416E+01   0.252993E+01   0.137478E+02   0.302496E+01   0.468187E+00
 0.261702E+01   0.253098E+01   0.137451E+02   0.302652E+01   0.468573E+00
 0.261988E+01   0.253204E+01   0.137469E+02   0.302808E+01   0.468958E+00
 0.262274E+01   0.253309E+01   0.137453E+02   0.302963E+01   0.469343E+00
 0.262560E+01   0.253414E+01   0.137443E+02   0.303118E+01   0.469728E+00
 0.262846E+01   0.253516E+01   0.137373E+02   0.303269E+01   0.470112E+00
 0.263132E+01   0.253620E+01   0.137399E+02   0.303424E+01   0.470496E+00
 0.263419E+01   0.253722E+01   0.137330E+02   0.303574E+01   0.470880E+00
 0.263705E+01   0.253825E+01   0.137338E+02   0.303727E+01   0.471264E+00
 0.263991E+01   0.253927E+01   0.137306E+02   0.303877E+01   0.471648E+00
 0.264277E+01   0.254029E+01   0.137306E+02   0.304028E+01   0.472031E+00
 0.264563E+01   0.254130E+01   0.137295E+02   0.304178E+01   0.472414E+00
 0.264849E+01   0.254231E+01   0.137294E+02   0.304328E+01   0.472797E+00
 0.265135E+01   0.254332E+01   0.137327E+02   0.304478E+01   0.473180E+00
 0.265421E+01   0.254432E+01   0.137280E+02   0.304625E+01   0.473563E+00
 0.265707E+01   0.254532E+01   0.137307E+02   0.304774E+01   0.473945E+00
 0.265994E+01   0.254631E+01   0.137292E+02   0.304921E+01   0.474327E+00
 0.266280E+01   0.254730E+01   0.137291E+02   0.305068E+01   0.474709E+00
 0.266566E+01   0.254828E+01   0.137276E+02   0.305214E+01   0.475090E+00
 0.266852E+01   0.254924E+01   0.137184E+02   0.305356E+01   0.475472E+00
 0.267138E+01   0.255021E+01   0.137182E+02   0.305501E+01   0.475853E+00
 0.267424E+01   0.255118E+01   0.137162E+02   0.305644E+01   0.476234E+00
 0.267710E+01   0.255214E+01   0.137143E+02   0.305788E+01   0.476615E+00
 0.267996E+01   0.255312E+01   0.137212E+02   0.305934E+01   0.476995E+00
 0.268283E+01   0.255406E+01   0.137123E+02   0.306073E+01   0.477376E+00
 0.268569E+01   0.255501E+01   0.137119E+02   0.306215E+01   0.477756E+00
 0.268855E+01   0.255597E+01   0.137141E+02   0.306357E+01   0.478136E+00
 0.269141E+01   0.255692E+01   0.137138E+02   0.306498E+01   0.478516E+00
 0.269427E+01   0.255784E+01   0.137066E+02   0.306636E+01   0.478895E+00
 0.269713E+01   0.255879E+01   0.137122E+02   0.306778E+01   0.479274E+00
 0.269999E+01   0.255973E+01   0.137120E+02   0.306917E+01   0.479653E+00
 0.270285E+01   0.256064E+01   0.137060E+02   0.307053E+01   0.480032E+00
 0.270571E+01   0.256158E+01   0.137103E+02   0.307193E+01   0.480411E+00
 0.270858E+01   0.256249E+01   0.137068E+02   0.307329E+01   0.480789E+00
 0.271144E+01   0.256341E+01   0.137079E+02   0.307467E+01   0.481167E+00
 0.271430E+01   0.256432E+01   0.137044E+02   0.307602E+01   0.481545E+00
 0.271716E+01   0.256521E+01   0.136958E+02   0.307734E+01   0.481923E+00
 0.272002E+01   0.256611E+01   0.136951E+02   0.307869E+01   0.482301E+00
 0.272288E+01   0.256703E+01   0.137019E+02   0.308007E+01   0.482678E+00
 0.272574E+01   0.256791E+01   0.136928E+02   0.308137E+01   0.483055E+00
 0.272860E+01   0.256881E+01   0.136946E+02   0.308272E+01   0.483432E+00
 0.273147E+01   0.256969E+01   0.136921E+02   0.308404E+01   0.483809E+00
 0.273433E+01   0.257057E+01   0.136889E+02   0.308535E+01   0.484185E+00
 0.273719E+01   0.257147E+01   0.136927E+02   0.308669E+01   0.484562E+00
 0.274005E+01   0.257232E+01   0.136857E+02   0.308798E+01   0.484938E+00
 0.274291E+01   0.257320E+01   0.136844E+02   0.308928E+01   0.485314E+00
 0.274577E+01   0.257409E+01   0.136920E+02   0.309062E+01   0.485689E+00
 0.274863E+01   0.257495E+01   0.136909E+02   0.309191E+01   0.486065E+00
 0.275149E+01   0.257579E+01   0.136809E+02   0.309316E+01   0.486440E+00
 0.275435E+01   0.257667E+01   0.136869E+02   0.309448E+01   0.486815E+00
 0.275722E+01   0.257751E+01   0.136820E+02   0.309574E+01   0.487190E+00
 0.276008E+01   0.257836E+01   0.136799E+02   0.309701E+01   0.487565E+00
 0.276294E+01   0.257921E+01   0.136811E+02   0.309829E+01   0.487939E+00
 0.276580E+01   0.258005E+01   0.136796E+02   0.309955E+01   0.488314E+00
 0.276866E+01   0.258088E+01   0.136737E+02   0.310079E+01   0.488688E+00
 0.277152E+01   0.258173E+01   0.136768E+02   0.310206E+01   0.489062E+00
 0.277438E+01   0.258255E+01   0.136718E+02   0.310329E+01   0.489435E+00
 0.277724E+01   0.258339E+01   0.136750E+02   0.310455E+01   0.489809E+00
 0.278011E+01   0.258421E+01   0.136748E+02   0.310579E+01   0.490182E+00
 0.278297E+01   0.258502E+01   0.136670E+02   0.310700E+01   0.490555E+00
 0.278583E+01   0.258585E+01   0.136708E+02   0.310825E+01   0.490927E+00
 0.278869E+01   0.258667E+01   0.136727E+02   0.310948E+01   0.491300E+00
 0.279155E+01   0.258747E+01   0.136684E+02   0.311069E+01   0.491672E+00
 0.279441E+01   0.258826E+01   0.136620E+02   0.311188E+01   0.492044E+00
 0.279727E+01   0.258908E+01   0.136643E+02   0.311310E+01   0.492415E+00
 0.280013E+01   0.258987E+01   0.136608E+02   0.311429E+01   0.492787E+00
 0.280299E+01   0.259067E+01   0.136628E+02   0.311550E+01   0.493158E+00
 0.280586E+01   0.259147E+01   0.136616E+02   0.311670E+01   0.493529E+00
 0.280872E+01   0.259224E+01   0.136554E+02   0.311786E+01   0.493900E+00
 0.281158E+01   0.259304E+01   0.136592E+02   0.311907E+01   0.494271E+00
 0.281444E+01   0.259381E+01   0.136540E+02   0.312023E+01   0.494642E+00
 0.281730E+01   0.259459E+01   0.136541E+02   0.312141E+01   0.495013E+00
 0.282016E+01   0.259536E+01   0.136506E+02   0.312256E+01   0.495384E+00
 0.282302E+01   0.259613E+01   0.136500E+02   0.312373E+01   0.495754E+00
