 0.000000E+00   0.112200E+01   0.801637E-01   0.226503E+00   0.226503E+00
 0.100684E-01   0.112200E+01   0.801636E-01   0.226502E+00   0.226503E+00
 0.204308E-01   0.112200E+01   0.801633E-01   0.226502E+00   0.226503E+00
 0.304942E-01   0.112200E+01   0.801629E-01   0.226502E+00   0.226503E+00
 0.409173E-01   0.112199E+01   0.801622E-01   0.226501E+00   0.226503E+00
 0.515883E-01   0.112199E+01   0.801613E-01   0.226501E+00   0.226503E+00
 0.619470E-01   0.112198E+01   0.801603E-01   0.226500E+00   0.226503E+00
 0.724626E-01   0.112198E+01   0.801590E-01   0.226499E+00   0.226503E+00
 0.828939E-01   0.112197E+01   0.801576E-01   0.226497E+00   0.226503E+00
 0.930152E-01   0.112196E+01   0.801560E-01   0.226496E+00   0.226503E+00
 0.103848E+00   0.112196E+01   0.801541E-01   0.226494E+00   0.226503E+00
 0.114083E+00   0.112195E+01   0.801521E-01   0.226493E+00   0.226503E+00
 0.124904E+00   0.112194E+01   0.801498E-01   0.226491E+00   0.226503E+00
 0.136321E+00   0.112192E+01   0.801471E-01   0.226488E+00   0.226503E+00
 0.146808E+00   0.112191E+01   0.801444E-01   0.226486E+00   0.226503E+00
 0.157768E+00   0.112190E+01   0.801415E-01   0.226484E+00   0.226503E+00
 0.169202E+00   0.112188E+01   0.801381E-01   0.226481E+00   0.226503E+00
 0.179391E+00   0.112187E+01   0.801349E-01   0.226478E+00   0.226503E+00
 0.189937E+00   0.112185E+01   0.801315E-01   0.226475E+00   0.226503E+00
 0.200850E+00   0.112184E+01   0.801276E-01   0.226472E+00   0.226503E+00
 0.212131E+00   0.112182E+01   0.801235E-01   0.226468E+00   0.226503E+00
 0.223785E+00   0.112180E+01   0.801189E-01   0.226464E+00   0.226503E+00
 0.235811E+00   0.112177E+01   0.801140E-01   0.226460E+00   0.226503E+00
 0.246124E+00   0.112175E+01   0.801096E-01   0.226456E+00   0.226503E+00
 0.256707E+00   0.112173E+01   0.801048E-01   0.226452E+00   0.226503E+00
 0.267555E+00   0.112171E+01   0.800997E-01   0.226448E+00   0.226503E+00
 0.278674E+00   0.112168E+01   0.800943E-01   0.226443E+00   0.226503E+00
 0.290067E+00   0.112166E+01   0.800885E-01   0.226438E+00   0.226503E+00
 0.301735E+00   0.112163E+01   0.800823E-01   0.226433E+00   0.226503E+00
 0.313681E+00   0.112160E+01   0.800757E-01   0.226427E+00   0.226503E+00
 0.325908E+00   0.112157E+01   0.800688E-01   0.226421E+00   0.226503E+00
 0.338414E+00   0.112154E+01   0.800613E-01   0.226415E+00   0.226503E+00
 0.348622E+00   0.112151E+01   0.800551E-01   0.226410E+00   0.226503E+00
 0.359014E+00   0.112148E+01   0.800485E-01   0.226404E+00   0.226503E+00
 0.369589E+00   0.112145E+01   0.800416E-01   0.226398E+00   0.226503E+00
 0.380348E+00   0.112141E+01   0.800344E-01   0.226392E+00   0.226503E+00
 0.391297E+00   0.112138E+01   0.800269E-01   0.226385E+00   0.226503E+00
 0.402429E+00   0.112134E+01   0.800190E-01   0.226379E+00   0.226503E+00
 0.413751E+00   0.112130E+01   0.800107E-01   0.226372E+00   0.226503E+00
 0.425264E+00   0.112127E+01   0.800021E-01   0.226364E+00   0.226503E+00
 0.436966E+00   0.112122E+01   0.799931E-01   0.226356E+00   0.226503E+00
 0.448862E+00   0.112118E+01   0.799836E-01   0.226348E+00   0.226503E+00
 0.460946E+00   0.112114E+01   0.799738E-01   0.226340E+00   0.226503E+00
 0.473222E+00   0.112109E+01   0.799636E-01   0.226331E+00   0.226503E+00
 0.485691E+00   0.112104E+01   0.799529E-01   0.226322E+00   0.226503E+00
 0.498357E+00   0.112099E+01   0.799418E-01   0.226312E+00   0.226503E+00
 0.511221E+00   0.112094E+01   0.799302E-01   0.226303E+00   0.226503E+00
 0.524279E+00   0.112088E+01   0.799181E-01   0.226292E+00   0.226503E+00
 0.537537E+00   0.112083E+01   0.799055E-01   0.226281E+00   0.226503E+00
 0.547610E+00   0.112078E+01   0.798958E-01   0.226273E+00   0.226503E+00
 0.557794E+00   0.112074E+01   0.798857E-01   0.226264E+00   0.226503E+00
 0.568096E+00   0.112069E+01   0.798754E-01   0.226256E+00   0.226503E+00
 0.578509E+00   0.112064E+01   0.798647E-01   0.226246E+00   0.226503E+00
 0.589032E+00   0.112059E+01   0.798537E-01   0.226237E+00   0.226503E+00
 0.599671E+00   0.112054E+01   0.798425E-01   0.226227E+00   0.226503E+00
 0.610423E+00   0.112049E+01   0.798308E-01   0.226217E+00   0.226503E+00
 0.621290E+00   0.112043E+01   0.798189E-01   0.226207E+00   0.226503E+00
 0.632271E+00   0.112038E+01   0.798066E-01   0.226196E+00   0.226503E+00
 0.643368E+00   0.112032E+01   0.797940E-01   0.226186E+00   0.226503E+00
 0.654579E+00   0.112026E+01   0.797810E-01   0.226175E+00   0.226503E+00
 0.665905E+00   0.112020E+01   0.797677E-01   0.226163E+00   0.226503E+00
 0.677350E+00   0.112014E+01   0.797540E-01   0.226151E+00   0.226503E+00
 0.688909E+00   0.112007E+01   0.797399E-01   0.226139E+00   0.226503E+00
 0.700587E+00   0.112001E+01   0.797254E-01   0.226127E+00   0.226503E+00
 0.712382E+00   0.111994E+01   0.797105E-01   0.226114E+00   0.226503E+00
 0.724295E+00   0.111987E+01   0.796953E-01   0.226101E+00   0.226503E+00
 0.736326E+00   0.111980E+01   0.796796E-01   0.226087E+00   0.226503E+00
 0.748477E+00   0.111972E+01   0.796635E-01   0.226074E+00   0.226503E+00
 0.760746E+00   0.111965E+01   0.796470E-01   0.226059E+00   0.226503E+00
 0.773135E+00   0.111957E+01   0.796301E-01   0.226045E+00   0.226503E+00
 0.785643E+00   0.111949E+01   0.796127E-01   0.226030E+00   0.226503E+00
 0.798270E+00   0.111941E+01   0.795949E-01   0.226014E+00   0.226503E+00
 0.811016E+00   0.111933E+01   0.795766E-01   0.225999E+00   0.226503E+00
 0.823885E+00   0.111924E+01   0.795578E-01   0.225983E+00   0.226503E+00
 0.836875E+00   0.111915E+01   0.795386E-01   0.225966E+00   0.226503E+00
 0.849986E+00   0.111906E+01   0.795189E-01   0.225949E+00   0.226503E+00
 0.863220E+00   0.111897E+01   0.794987E-01   0.225932E+00   0.226503E+00
 0.876577E+00   0.111888E+01   0.794780E-01   0.225914E+00   0.226503E+00
 0.890056E+00   0.111878E+01   0.794568E-01   0.225896E+00   0.226503E+00
 0.903655E+00   0.111868E+01   0.794351E-01   0.225877E+00   0.226503E+00
 0.917378E+00   0.111858E+01   0.794129E-01   0.225858E+00   0.226503E+00
 0.931224E+00   0.111847E+01   0.793901E-01   0.225838E+00   0.226503E+00
 0.945194E+00   0.111837E+01   0.793668E-01   0.225818E+00   0.226503E+00
 0.959288E+00   0.111826E+01   0.793429E-01   0.225797E+00   0.226503E+00
 0.973505E+00   0.111815E+01   0.793184E-01   0.225776E+00   0.226503E+00
 0.987846E+00   0.111803E+01   0.792934E-01   0.225755E+00   0.226503E+00
 0.100231E+01   0.111791E+01   0.792678E-01   0.225732E+00   0.226503E+00
 0.101690E+01   0.111779E+01   0.792416E-01   0.225710E+00   0.226503E+00
 0.103162E+01   0.111767E+01   0.792148E-01   0.225687E+00   0.226503E+00
 0.104646E+01   0.111755E+01   0.791874E-01   0.225663E+00   0.226503E+00
 0.106143E+01   0.111742E+01   0.791593E-01   0.225639E+00   0.226503E+00
 0.107148E+01   0.111733E+01   0.791403E-01   0.225622E+00   0.226503E+00
 0.108159E+01   0.111724E+01   0.791209E-01   0.225605E+00   0.226503E+00
 0.109175E+01   0.111715E+01   0.791013E-01   0.225588E+00   0.226503E+00
 0.110197E+01   0.111706E+01   0.790814E-01   0.225571E+00   0.226503E+00
 0.111224E+01   0.111697E+01   0.790612E-01   0.225554E+00   0.226503E+00
 0.112257E+01   0.111687E+01   0.790407E-01   0.225536E+00   0.226503E+00
 0.113296E+01   0.111678E+01   0.790199E-01   0.225518E+00   0.226503E+00
 0.114340E+01   0.111668E+01   0.789988E-01   0.225500E+00   0.226503E+00
 0.115390E+01   0.111658E+01   0.789773E-01   0.225481E+00   0.226503E+00
 0.116447E+01   0.111648E+01   0.789556E-01   0.225462E+00   0.226503E+00
 0.117508E+01   0.111638E+01   0.789336E-01   0.225443E+00   0.226503E+00
 0.118575E+01   0.111628E+01   0.789112E-01   0.225424E+00   0.226503E+00
 0.119649E+01   0.111617E+01   0.788885E-01   0.225404E+00   0.226503E+00
 0.120727E+01   0.111607E+01   0.788655E-01   0.225384E+00   0.226503E+00
 0.121812E+01   0.111596E+01   0.788422E-01   0.225364E+00   0.226503E+00
 0.122902E+01   0.111585E+01   0.788185E-01   0.225343E+00   0.226503E+00
 0.123998E+01   0.111574E+01   0.787945E-01   0.225322E+00   0.226503E+00
 0.125099E+01   0.111563E+01   0.787702E-01   0.225301E+00   0.226503E+00
 0.126207E+01   0.111551E+01   0.787455E-01   0.225280E+00   0.226503E+00
 0.127320E+01   0.111540E+01   0.787205E-01   0.225258E+00   0.226503E+00
 0.128438E+01   0.111528E+01   0.786951E-01   0.225236E+00   0.226503E+00
 0.129563E+01   0.111516E+01   0.786694E-01   0.225214E+00   0.226503E+00
 0.130693E+01   0.111504E+01   0.786434E-01   0.225191E+00   0.226503E+00
 0.131829E+01   0.111492E+01   0.786170E-01   0.225168E+00   0.226503E+00
 0.132971E+01   0.111480E+01   0.785902E-01   0.225145E+00   0.226503E+00
 0.134119E+01   0.111467E+01   0.785630E-01   0.225121E+00   0.226503E+00
 0.135273E+01   0.111455E+01   0.785355E-01   0.225097E+00   0.226503E+00
 0.136432E+01   0.111442E+01   0.785076E-01   0.225073E+00   0.226503E+00
 0.137597E+01   0.111429E+01   0.784794E-01   0.225048E+00   0.226503E+00
 0.138768E+01   0.111415E+01   0.784507E-01   0.225023E+00   0.226503E+00
 0.139945E+01   0.111402E+01   0.784217E-01   0.224998E+00   0.226503E+00
 0.141128E+01   0.111388E+01   0.783923E-01   0.224972E+00   0.226503E+00
 0.142316E+01   0.111375E+01   0.783625E-01   0.224946E+00   0.226503E+00
 0.143511E+01   0.111361E+01   0.783323E-01   0.224920E+00   0.226503E+00
 0.144711E+01   0.111347E+01   0.783017E-01   0.224893E+00   0.226503E+00
 0.145917E+01   0.111332E+01   0.782707E-01   0.224866E+00   0.226503E+00
 0.147129E+01   0.111318E+01   0.782393E-01   0.224839E+00   0.226503E+00
 0.148347E+01   0.111303E+01   0.782075E-01   0.224811E+00   0.226503E+00
 0.149571E+01   0.111288E+01   0.781753E-01   0.224783E+00   0.226503E+00
 0.150801E+01   0.111273E+01   0.781427E-01   0.224754E+00   0.226503E+00
 0.152037E+01   0.111258E+01   0.781097E-01   0.224725E+00   0.226503E+00
 0.153278E+01   0.111242E+01   0.780762E-01   0.224696E+00   0.226503E+00
 0.154526E+01   0.111226E+01   0.780423E-01   0.224666E+00   0.226503E+00
 0.155779E+01   0.111210E+01   0.780080E-01   0.224636E+00   0.226503E+00
 0.157039E+01   0.111194E+01   0.779732E-01   0.224606E+00   0.226503E+00
 0.158304E+01   0.111178E+01   0.779380E-01   0.224575E+00   0.226503E+00
 0.159575E+01   0.111161E+01   0.779024E-01   0.224544E+00   0.226503E+00
 0.160853E+01   0.111145E+01   0.778663E-01   0.224512E+00   0.226503E+00
 0.162136E+01   0.111128E+01   0.778297E-01   0.224480E+00   0.226503E+00
 0.163425E+01   0.111110E+01   0.777927E-01   0.224448E+00   0.226503E+00
 0.164720E+01   0.111093E+01   0.777553E-01   0.224415E+00   0.226503E+00
 0.166021E+01   0.111075E+01   0.777174E-01   0.224381E+00   0.226503E+00
 0.167327E+01   0.111057E+01   0.776790E-01   0.224348E+00   0.226503E+00
 0.168640E+01   0.111039E+01   0.776402E-01   0.224313E+00   0.226503E+00
 0.169959E+01   0.111021E+01   0.776009E-01   0.224279E+00   0.226503E+00
 0.171284E+01   0.111002E+01   0.775611E-01   0.224244E+00   0.226503E+00
 0.172615E+01   0.110984E+01   0.775208E-01   0.224208E+00   0.226503E+00
 0.173952E+01   0.110965E+01   0.774801E-01   0.224172E+00   0.226503E+00
 0.175294E+01   0.110945E+01   0.774388E-01   0.224136E+00   0.226503E+00
 0.176643E+01   0.110926E+01   0.773971E-01   0.224099E+00   0.226503E+00
 0.177998E+01   0.110906E+01   0.773549E-01   0.224062E+00   0.226503E+00
 0.179358E+01   0.110886E+01   0.773122E-01   0.224024E+00   0.226503E+00
 0.180725E+01   0.110866E+01   0.772689E-01   0.223986E+00   0.226503E+00
 0.182098E+01   0.110845E+01   0.772252E-01   0.223947E+00   0.226503E+00
 0.183476E+01   0.110825E+01   0.771809E-01   0.223908E+00   0.226503E+00
 0.184861E+01   0.110804E+01   0.771362E-01   0.223869E+00   0.226503E+00
 0.186252E+01   0.110783E+01   0.770909E-01   0.223828E+00   0.226503E+00
 0.187648E+01   0.110761E+01   0.770451E-01   0.223788E+00   0.226503E+00
 0.189051E+01   0.110739E+01   0.769987E-01   0.223747E+00   0.226503E+00
 0.190460E+01   0.110717E+01   0.769519E-01   0.223705E+00   0.226503E+00
 0.191875E+01   0.110695E+01   0.769045E-01   0.223663E+00   0.226503E+00
 0.193296E+01   0.110673E+01   0.768565E-01   0.223621E+00   0.226503E+00
 0.194723E+01   0.110650E+01   0.768080E-01   0.223578E+00   0.226503E+00
 0.196156E+01   0.110627E+01   0.767590E-01   0.223534E+00   0.226503E+00
 0.197595E+01   0.110603E+01   0.767094E-01   0.223490E+00   0.226503E+00
 0.199040E+01   0.110580E+01   0.766592E-01   0.223445E+00   0.226503E+00
 0.200491E+01   0.110556E+01   0.766085E-01   0.223400E+00   0.226503E+00
 0.201948E+01   0.110532E+01   0.765572E-01   0.223354E+00   0.226503E+00
 0.203411E+01   0.110507E+01   0.765053E-01   0.223308E+00   0.226503E+00
 0.204881E+01   0.110482E+01   0.764529E-01   0.223261E+00   0.226503E+00
 0.206356E+01   0.110457E+01   0.763999E-01   0.223214E+00   0.226503E+00
 0.207837E+01   0.110432E+01   0.763463E-01   0.223166E+00   0.226503E+00
 0.209325E+01   0.110407E+01   0.762921E-01   0.223118E+00   0.226503E+00
 0.210819E+01   0.110381E+01   0.762374E-01   0.223069E+00   0.226503E+00
 0.212318E+01   0.110354E+01   0.761820E-01   0.223019E+00   0.226503E+00
 0.213824E+01   0.110328E+01   0.761261E-01   0.222969E+00   0.226503E+00
 0.215336E+01   0.110301E+01   0.760695E-01   0.222919E+00   0.226503E+00
 0.216854E+01   0.110274E+01   0.760123E-01   0.222867E+00   0.226503E+00
 0.218378E+01   0.110247E+01   0.759545E-01   0.222816E+00   0.226503E+00
 0.219908E+01   0.110219E+01   0.758961E-01   0.222763E+00   0.226503E+00
 0.221444E+01   0.110191E+01   0.758371E-01   0.222710E+00   0.226503E+00
 0.222986E+01   0.110162E+01   0.757775E-01   0.222656E+00   0.226503E+00
 0.224534E+01   0.110134E+01   0.757172E-01   0.222602E+00   0.226503E+00
 0.226088E+01   0.110105E+01   0.756563E-01   0.222547E+00   0.226503E+00
 0.227649E+01   0.110076E+01   0.755948E-01   0.222492E+00   0.226503E+00
 0.229215E+01   0.110046E+01   0.755326E-01   0.222436E+00   0.226503E+00
 0.230788E+01   0.110016E+01   0.754698E-01   0.222379E+00   0.226503E+00
 0.232366E+01   0.109986E+01   0.754063E-01   0.222322E+00   0.226503E+00
 0.233951E+01   0.109955E+01   0.753422E-01   0.222264E+00   0.226503E+00
 0.235542E+01   0.109924E+01   0.752774E-01   0.222205E+00   0.226503E+00
 0.237139E+01   0.109893E+01   0.752120E-01   0.222146E+00   0.226503E+00
 0.238742E+01   0.109861E+01   0.751459E-01   0.222086E+00   0.226503E+00
 0.240351E+01   0.109829E+01   0.750791E-01   0.222026E+00   0.226503E+00
 0.241966E+01   0.109797E+01   0.750116E-01   0.221965E+00   0.226503E+00
 0.243587E+01   0.109764E+01   0.749435E-01   0.221903E+00   0.226503E+00
 0.245214E+01   0.109731E+01   0.748747E-01   0.221840E+00   0.226503E+00
 0.246848E+01   0.109698E+01   0.748052E-01   0.221777E+00   0.226503E+00
 0.248487E+01   0.109664E+01   0.747350E-01   0.221713E+00   0.226503E+00
 0.250132E+01   0.109630E+01   0.746641E-01   0.221649E+00   0.226503E+00
 0.251784E+01   0.109595E+01   0.745925E-01   0.221584E+00   0.226503E+00
 0.253442E+01   0.109561E+01   0.745203E-01   0.221518E+00   0.226503E+00
 0.255106E+01   0.109525E+01   0.744473E-01   0.221451E+00   0.226503E+00
 0.256775E+01   0.109490E+01   0.743736E-01   0.221384E+00   0.226503E+00
 0.258451E+01   0.109454E+01   0.742992E-01   0.221316E+00   0.226503E+00
 0.260133E+01   0.109417E+01   0.742240E-01   0.221247E+00   0.226503E+00
 0.261821E+01   0.109381E+01   0.741481E-01   0.221177E+00   0.226503E+00
 0.263515E+01   0.109344E+01   0.740716E-01   0.221107E+00   0.226503E+00
 0.265216E+01   0.109306E+01   0.739942E-01   0.221036E+00   0.226503E+00
 0.266922E+01   0.109268E+01   0.739162E-01   0.220964E+00   0.226503E+00
 0.268635E+01   0.109230E+01   0.738373E-01   0.220892E+00   0.226503E+00
 0.270354E+01   0.109191E+01   0.737578E-01   0.220818E+00   0.226503E+00
 0.272079E+01   0.109152E+01   0.736775E-01   0.220744E+00   0.226503E+00
 0.273810E+01   0.109113E+01   0.735964E-01   0.220670E+00   0.226503E+00
 0.275546E+01   0.109073E+01   0.735146E-01   0.220594E+00   0.226503E+00
 0.277290E+01   0.109033E+01   0.734320E-01   0.220518E+00   0.226503E+00
 0.279039E+01   0.108992E+01   0.733487E-01   0.220441E+00   0.226503E+00
 0.280794E+01   0.108951E+01   0.732646E-01   0.220363E+00   0.226503E+00
 0.282555E+01   0.108909E+01   0.731797E-01   0.220284E+00   0.226503E+00
 0.284323E+01   0.108867E+01   0.730940E-01   0.220205E+00   0.226503E+00
 0.286096E+01   0.108825E+01   0.730076E-01   0.220124E+00   0.226503E+00
 0.287875E+01   0.108782E+01   0.729204E-01   0.220043E+00   0.226503E+00
 0.289661E+01   0.108739E+01   0.728324E-01   0.219961E+00   0.226503E+00
 0.291452E+01   0.108695E+01   0.727436E-01   0.219879E+00   0.226503E+00
 0.293250E+01   0.108651E+01   0.726540E-01   0.219795E+00   0.226503E+00
 0.295053E+01   0.108607E+01   0.725636E-01   0.219711E+00   0.226503E+00
 0.296863E+01   0.108562E+01   0.724724E-01   0.219625E+00   0.226503E+00
 0.298678E+01   0.108516E+01   0.723804E-01   0.219539E+00   0.226503E+00
 0.300500E+01   0.108471E+01   0.722876E-01   0.219452E+00   0.226503E+00
 0.302328E+01   0.108424E+01   0.721940E-01   0.219364E+00   0.226503E+00
 0.304161E+01   0.108378E+01   0.720995E-01   0.219276E+00   0.226503E+00
 0.306001E+01   0.108330E+01   0.720042E-01   0.219186E+00   0.226503E+00
 0.307847E+01   0.108283E+01   0.719082E-01   0.219096E+00   0.226503E+00
 0.309698E+01   0.108234E+01   0.718112E-01   0.219004E+00   0.226503E+00
 0.311556E+01   0.108186E+01   0.717135E-01   0.218912E+00   0.226503E+00
 0.313419E+01   0.108137E+01   0.716149E-01   0.218819E+00   0.226503E+00
 0.315289E+01   0.108087E+01   0.715155E-01   0.218725E+00   0.226503E+00
 0.317164E+01   0.108037E+01   0.714152E-01   0.218630E+00   0.226503E+00
 0.319046E+01   0.107987E+01   0.713141E-01   0.218534E+00   0.226503E+00
 0.320933E+01   0.107936E+01   0.712121E-01   0.218437E+00   0.226503E+00
 0.322827E+01   0.107884E+01   0.711093E-01   0.218339E+00   0.226503E+00
 0.324726E+01   0.107832E+01   0.710056E-01   0.218240E+00   0.226503E+00
 0.326632E+01   0.107780E+01   0.709011E-01   0.218141E+00   0.226503E+00
 0.328543E+01   0.107727E+01   0.707957E-01   0.218040E+00   0.226503E+00
 0.330460E+01   0.107673E+01   0.706894E-01   0.217939E+00   0.226503E+00
 0.332384E+01   0.107619E+01   0.705823E-01   0.217836E+00   0.226503E+00
 0.334313E+01   0.107565E+01   0.704743E-01   0.217733E+00   0.226503E+00
 0.336248E+01   0.107510E+01   0.703654E-01   0.217628E+00   0.226503E+00
 0.338189E+01   0.107454E+01   0.702556E-01   0.217522E+00   0.226503E+00
 0.340136E+01   0.107398E+01   0.701450E-01   0.217416E+00   0.226503E+00
 0.342088E+01   0.107342E+01   0.700334E-01   0.217308E+00   0.226503E+00
 0.344047E+01   0.107284E+01   0.699210E-01   0.217200E+00   0.226503E+00
 0.346012E+01   0.107227E+01   0.698077E-01   0.217090E+00   0.226503E+00
 0.347982E+01   0.107169E+01   0.696935E-01   0.216980E+00   0.226503E+00
 0.349958E+01   0.107110E+01   0.695784E-01   0.216868E+00   0.226503E+00
 0.351940E+01   0.107051E+01   0.694624E-01   0.216756E+00   0.226503E+00
 0.353928E+01   0.106991E+01   0.693454E-01   0.216642E+00   0.226503E+00
 0.355922E+01   0.106931E+01   0.692276E-01   0.216527E+00   0.226503E+00
 0.357922E+01   0.106870E+01   0.691089E-01   0.216411E+00   0.226503E+00
 0.358924E+01   0.106839E+01   0.690492E-01   0.216353E+00   0.226503E+00
 0.359928E+01   0.106808E+01   0.689892E-01   0.216295E+00   0.226503E+00
 0.360932E+01   0.106777E+01   0.689291E-01   0.216236E+00   0.226503E+00
 0.361939E+01   0.106746E+01   0.688687E-01   0.216177E+00   0.226503E+00
 0.362947E+01   0.106715E+01   0.688081E-01   0.216117E+00   0.226503E+00
 0.363956E+01   0.106684E+01   0.687472E-01   0.216058E+00   0.226503E+00
 0.364967E+01   0.106652E+01   0.686861E-01   0.215998E+00   0.226503E+00
 0.365979E+01   0.106621E+01   0.686248E-01   0.215937E+00   0.226503E+00
 0.366993E+01   0.106589E+01   0.685632E-01   0.215877E+00   0.226503E+00
 0.368009E+01   0.106557E+01   0.685014E-01   0.215816E+00   0.226503E+00
 0.369026E+01   0.106525E+01   0.684394E-01   0.215755E+00   0.226503E+00
 0.370045E+01   0.106493E+01   0.683771E-01   0.215694E+00   0.226503E+00
 0.371065E+01   0.106460E+01   0.683146E-01   0.215632E+00   0.226503E+00
 0.372086E+01   0.106428E+01   0.682519E-01   0.215570E+00   0.226503E+00
 0.373109E+01   0.106395E+01   0.681889E-01   0.215508E+00   0.226503E+00
 0.374134E+01   0.106362E+01   0.681257E-01   0.215446E+00   0.226503E+00
 0.375160E+01   0.106329E+01   0.680623E-01   0.215383E+00   0.226503E+00
 0.376187E+01   0.106296E+01   0.679986E-01   0.215320E+00   0.226503E+00
 0.377216E+01   0.106263E+01   0.679347E-01   0.215257E+00   0.226503E+00
 0.378246E+01   0.106229E+01   0.678705E-01   0.215193E+00   0.226503E+00
 0.379278E+01   0.106196E+01   0.678061E-01   0.215129E+00   0.226503E+00
 0.380311E+01   0.106162E+01   0.677415E-01   0.215065E+00   0.226503E+00
 0.381345E+01   0.106128E+01   0.676767E-01   0.215001E+00   0.226503E+00
 0.382381E+01   0.106094E+01   0.676116E-01   0.214936E+00   0.226503E+00
 0.383419E+01   0.106060E+01   0.675463E-01   0.214871E+00   0.226503E+00
 0.384457E+01   0.106026E+01   0.674807E-01   0.214805E+00   0.226503E+00
 0.385498E+01   0.105991E+01   0.674149E-01   0.214740E+00   0.226503E+00
 0.386539E+01   0.105957E+01   0.673489E-01   0.214674E+00   0.226503E+00
 0.387582E+01   0.105922E+01   0.672826E-01   0.214608E+00   0.226503E+00
 0.388627E+01   0.105887E+01   0.672161E-01   0.214541E+00   0.226503E+00
 0.389673E+01   0.105852E+01   0.671494E-01   0.214474E+00   0.226503E+00
 0.390721E+01   0.105817E+01   0.670824E-01   0.214407E+00   0.226503E+00
 0.391769E+01   0.105782E+01   0.670152E-01   0.214340E+00   0.226503E+00
 0.392820E+01   0.105746E+01   0.669478E-01   0.214272E+00   0.226503E+00
 0.393871E+01   0.105710E+01   0.668801E-01   0.214204E+00   0.226503E+00
 0.394924E+01   0.105675E+01   0.668121E-01   0.214136E+00   0.226503E+00
 0.395979E+01   0.105639E+01   0.667439E-01   0.214067E+00   0.226503E+00
 0.397035E+01   0.105602E+01   0.666755E-01   0.213998E+00   0.226503E+00
 0.398092E+01   0.105566E+01   0.666069E-01   0.213929E+00   0.226503E+00
 0.399151E+01   0.105530E+01   0.665380E-01   0.213860E+00   0.226503E+00
 0.400211E+01   0.105493E+01   0.664689E-01   0.213790E+00   0.226503E+00
 0.401273E+01   0.105456E+01   0.663995E-01   0.213720E+00   0.226503E+00
 0.402336E+01   0.105419E+01   0.663299E-01   0.213649E+00   0.226503E+00
 0.403400E+01   0.105382E+01   0.662601E-01   0.213579E+00   0.226503E+00
 0.404466E+01   0.105345E+01   0.661900E-01   0.213508E+00   0.226503E+00
 0.405533E+01   0.105308E+01   0.661197E-01   0.213436E+00   0.226503E+00
 0.406602E+01   0.105270E+01   0.660491E-01   0.213365E+00   0.226503E+00
 0.407672E+01   0.105232E+01   0.659783E-01   0.213293E+00   0.226503E+00
 0.408743E+01   0.105194E+01   0.659072E-01   0.213220E+00   0.226503E+00
 0.409816E+01   0.105156E+01   0.658360E-01   0.213148E+00   0.226503E+00
 0.410890E+01   0.105118E+01   0.657644E-01   0.213075E+00   0.226503E+00
 0.411966E+01   0.105080E+01   0.656927E-01   0.213002E+00   0.226503E+00
 0.413043E+01   0.105041E+01   0.656206E-01   0.212928E+00   0.226503E+00
 0.414121E+01   0.105002E+01   0.655484E-01   0.212854E+00   0.226503E+00
 0.415201E+01   0.104963E+01   0.654759E-01   0.212780E+00   0.226503E+00
 0.416283E+01   0.104924E+01   0.654031E-01   0.212705E+00   0.226503E+00
 0.417365E+01   0.104885E+01   0.653301E-01   0.212630E+00   0.226503E+00
 0.418449E+01   0.104846E+01   0.652569E-01   0.212555E+00   0.226503E+00
 0.419534E+01   0.104806E+01   0.651835E-01   0.212480E+00   0.226503E+00
 0.420621E+01   0.104766E+01   0.651097E-01   0.212404E+00   0.226503E+00
 0.421709E+01   0.104727E+01   0.650358E-01   0.212328E+00   0.226503E+00
 0.422799E+01   0.104687E+01   0.649616E-01   0.212251E+00   0.226503E+00
 0.423889E+01   0.104646E+01   0.648872E-01   0.212175E+00   0.226503E+00
 0.424982E+01   0.104606E+01   0.648125E-01   0.212097E+00   0.226503E+00
 0.426075E+01   0.104565E+01   0.647376E-01   0.212020E+00   0.226503E+00
 0.427170E+01   0.104525E+01   0.646624E-01   0.211942E+00   0.226503E+00
 0.428267E+01   0.104484E+01   0.645870E-01   0.211864E+00   0.226503E+00
 0.429365E+01   0.104443E+01   0.645113E-01   0.211786E+00   0.226503E+00
 0.430464E+01   0.104401E+01   0.644354E-01   0.211707E+00   0.226503E+00
 0.431564E+01   0.104360E+01   0.643593E-01   0.211628E+00   0.226503E+00
 0.432666E+01   0.104318E+01   0.642829E-01   0.211548E+00   0.226503E+00
 0.433769E+01   0.104277E+01   0.642063E-01   0.211468E+00   0.226503E+00
 0.434873E+01   0.104235E+01   0.641294E-01   0.211388E+00   0.226503E+00
 0.435979E+01   0.104192E+01   0.640523E-01   0.211308E+00   0.226503E+00
 0.437087E+01   0.104150E+01   0.639749E-01   0.211227E+00   0.226503E+00
 0.438195E+01   0.104108E+01   0.638973E-01   0.211146E+00   0.226503E+00
 0.439305E+01   0.104065E+01   0.638195E-01   0.211064E+00   0.226503E+00
 0.440417E+01   0.104022E+01   0.637414E-01   0.210982E+00   0.226503E+00
 0.441578E+01   0.103977E+01   0.636596E-01   0.210897E+00   0.226503E+00
 0.442693E+01   0.103934E+01   0.635809E-01   0.210814E+00   0.226503E+00
 0.443810E+01   0.103891E+01   0.635020E-01   0.210731E+00   0.226503E+00
 0.444928E+01   0.103847E+01   0.634228E-01   0.210648E+00   0.226503E+00
 0.446048E+01   0.103803E+01   0.633434E-01   0.210564E+00   0.226503E+00
 0.447169E+01   0.103759E+01   0.632637E-01   0.210480E+00   0.226503E+00
 0.448291E+01   0.103715E+01   0.631837E-01   0.210395E+00   0.226503E+00
 0.449415E+01   0.103671E+01   0.631036E-01   0.210311E+00   0.226503E+00
 0.450540E+01   0.103626E+01   0.630231E-01   0.210226E+00   0.226503E+00
 0.451666E+01   0.103582E+01   0.629425E-01   0.210140E+00   0.226503E+00
 0.452794E+01   0.103537E+01   0.628616E-01   0.210054E+00   0.226503E+00
 0.453923E+01   0.103492E+01   0.627804E-01   0.209968E+00   0.226503E+00
 0.455054E+01   0.103446E+01   0.626990E-01   0.209881E+00   0.226503E+00
 0.456185E+01   0.103401E+01   0.626173E-01   0.209794E+00   0.226503E+00
 0.457319E+01   0.103355E+01   0.625354E-01   0.209707E+00   0.226503E+00
 0.458453E+01   0.103309E+01   0.624533E-01   0.209619E+00   0.226503E+00
 0.459589E+01   0.103263E+01   0.623709E-01   0.209531E+00   0.226503E+00
 0.460726E+01   0.103217E+01   0.622883E-01   0.209443E+00   0.226503E+00
 0.461864E+01   0.103171E+01   0.622054E-01   0.209354E+00   0.226503E+00
 0.463003E+01   0.103124E+01   0.621223E-01   0.209265E+00   0.226503E+00
 0.464145E+01   0.103078E+01   0.620389E-01   0.209176E+00   0.226503E+00
 0.465287E+01   0.103031E+01   0.619553E-01   0.209086E+00   0.226503E+00
 0.466430E+01   0.102984E+01   0.618715E-01   0.208996E+00   0.226503E+00
 0.467575E+01   0.102936E+01   0.617874E-01   0.208905E+00   0.226503E+00
 0.468721E+01   0.102889E+01   0.617031E-01   0.208814E+00   0.226503E+00
 0.469869E+01   0.102841E+01   0.616185E-01   0.208723E+00   0.226503E+00
 0.471018E+01   0.102793E+01   0.615336E-01   0.208631E+00   0.226503E+00
 0.472168E+01   0.102745E+01   0.614486E-01   0.208539E+00   0.226503E+00
 0.473319E+01   0.102697E+01   0.613632E-01   0.208446E+00   0.226503E+00
 0.474472E+01   0.102648E+01   0.612777E-01   0.208354E+00   0.226503E+00
 0.475626E+01   0.102600E+01   0.611919E-01   0.208260E+00   0.226503E+00
 0.476782E+01   0.102551E+01   0.611058E-01   0.208167E+00   0.226503E+00
 0.477938E+01   0.102502E+01   0.610195E-01   0.208073E+00   0.226503E+00
 0.479096E+01   0.102452E+01   0.609330E-01   0.207978E+00   0.226503E+00
 0.480255E+01   0.102403E+01   0.608462E-01   0.207884E+00   0.226503E+00
 0.481416E+01   0.102353E+01   0.607591E-01   0.207788E+00   0.226503E+00
 0.482577E+01   0.102303E+01   0.606719E-01   0.207693E+00   0.226503E+00
 0.483740E+01   0.102253E+01   0.605844E-01   0.207597E+00   0.226503E+00
 0.484904E+01   0.102203E+01   0.604966E-01   0.207501E+00   0.226503E+00
 0.486070E+01   0.102153E+01   0.604086E-01   0.207404E+00   0.226503E+00
 0.487237E+01   0.102102E+01   0.603204E-01   0.207307E+00   0.226503E+00
 0.488405E+01   0.102051E+01   0.602319E-01   0.207209E+00   0.226503E+00
 0.489574E+01   0.102000E+01   0.601432E-01   0.207111E+00   0.226503E+00
 0.490745E+01   0.101949E+01   0.600542E-01   0.207013E+00   0.226503E+00
 0.491917E+01   0.101897E+01   0.599650E-01   0.206914E+00   0.226503E+00
 0.493090E+01   0.101846E+01   0.598755E-01   0.206815E+00   0.226503E+00
 0.494264E+01   0.101794E+01   0.597859E-01   0.206716E+00   0.226503E+00
 0.495440E+01   0.101742E+01   0.596959E-01   0.206616E+00   0.226503E+00
 0.496617E+01   0.101689E+01   0.596058E-01   0.206516E+00   0.226503E+00
 0.497795E+01   0.101637E+01   0.595153E-01   0.206415E+00   0.226503E+00
 0.498975E+01   0.101584E+01   0.594247E-01   0.206314E+00   0.226503E+00
 0.500155E+01   0.101531E+01   0.593338E-01   0.206213E+00   0.226503E+00
 0.501337E+01   0.101478E+01   0.592426E-01   0.206111E+00   0.226503E+00
 0.502520E+01   0.101425E+01   0.591513E-01   0.206008E+00   0.226503E+00
 0.503704E+01   0.101372E+01   0.590597E-01   0.205906E+00   0.226503E+00
 0.504894E+01   0.101318E+01   0.589675E-01   0.205802E+00   0.226503E+00
 0.506083E+01   0.101264E+01   0.588752E-01   0.205699E+00   0.226503E+00
 0.507274E+01   0.101209E+01   0.587827E-01   0.205594E+00   0.226503E+00
 0.508466E+01   0.101155E+01   0.586899E-01   0.205490E+00   0.226503E+00
 0.509659E+01   0.101100E+01   0.585969E-01   0.205385E+00   0.226503E+00
 0.510853E+01   0.101045E+01   0.585036E-01   0.205279E+00   0.226503E+00
 0.512049E+01   0.100990E+01   0.584101E-01   0.205174E+00   0.226503E+00
 0.513245E+01   0.100935E+01   0.583164E-01   0.205067E+00   0.226503E+00
 0.514444E+01   0.100879E+01   0.582224E-01   0.204961E+00   0.226503E+00
 0.515643E+01   0.100824E+01   0.581282E-01   0.204854E+00   0.226503E+00
 0.516843E+01   0.100768E+01   0.580338E-01   0.204746E+00   0.226503E+00
 0.518045E+01   0.100711E+01   0.579391E-01   0.204638E+00   0.226503E+00
 0.519248E+01   0.100655E+01   0.578442E-01   0.204530E+00   0.226503E+00
 0.520452E+01   0.100598E+01   0.577490E-01   0.204421E+00   0.226503E+00
 0.521657E+01   0.100542E+01   0.576536E-01   0.204312E+00   0.226503E+00
 0.522864E+01   0.100485E+01   0.575580E-01   0.204202E+00   0.226503E+00
 0.524072E+01   0.100427E+01   0.574622E-01   0.204092E+00   0.226503E+00
 0.525280E+01   0.100370E+01   0.573661E-01   0.203982E+00   0.226503E+00
 0.526490E+01   0.100312E+01   0.572697E-01   0.203871E+00   0.226503E+00
 0.527702E+01   0.100254E+01   0.571732E-01   0.203759E+00   0.226503E+00
 0.528914E+01   0.100196E+01   0.570764E-01   0.203647E+00   0.226503E+00
 0.530128E+01   0.100138E+01   0.569794E-01   0.203535E+00   0.226503E+00
 0.531342E+01   0.100079E+01   0.568821E-01   0.203423E+00   0.226503E+00
 0.532558E+01   0.100020E+01   0.567846E-01   0.203309E+00   0.226503E+00
 0.533775E+01   0.999613E+00   0.566869E-01   0.203196E+00   0.226503E+00
 0.534993E+01   0.999020E+00   0.565890E-01   0.203082E+00   0.226503E+00
 0.536213E+01   0.998426E+00   0.564908E-01   0.202967E+00   0.226503E+00
 0.537433E+01   0.997829E+00   0.563924E-01   0.202853E+00   0.226503E+00
 0.538655E+01   0.997229E+00   0.562938E-01   0.202737E+00   0.226503E+00
 0.539878E+01   0.996628E+00   0.561949E-01   0.202622E+00   0.226503E+00
 0.541102E+01   0.996024E+00   0.560958E-01   0.202505E+00   0.226503E+00
 0.542327E+01   0.995418E+00   0.559965E-01   0.202389E+00   0.226503E+00
 0.543553E+01   0.994810E+00   0.558969E-01   0.202272E+00   0.226503E+00
 0.544780E+01   0.994199E+00   0.557972E-01   0.202154E+00   0.226503E+00
 0.546009E+01   0.993586E+00   0.556972E-01   0.202036E+00   0.226503E+00
 0.547238E+01   0.992971E+00   0.555969E-01   0.201918E+00   0.226503E+00
 0.548469E+01   0.992354E+00   0.554965E-01   0.201799E+00   0.226503E+00
 0.549701E+01   0.991734E+00   0.553958E-01   0.201679E+00   0.226503E+00
 0.550934E+01   0.991112E+00   0.552949E-01   0.201559E+00   0.226503E+00
 0.552169E+01   0.990487E+00   0.551938E-01   0.201439E+00   0.226503E+00
 0.553404E+01   0.989861E+00   0.550924E-01   0.201318E+00   0.226503E+00
 0.554640E+01   0.989231E+00   0.549908E-01   0.201197E+00   0.226503E+00
 0.555878E+01   0.988600E+00   0.548890E-01   0.201076E+00   0.226503E+00
 0.557116E+01   0.987966E+00   0.547870E-01   0.200953E+00   0.226503E+00
 0.558336E+01   0.987341E+00   0.546865E-01   0.200833E+00   0.226503E+00
 0.559581E+01   0.986700E+00   0.545837E-01   0.200709E+00   0.226503E+00
 0.560827E+01   0.986058E+00   0.544807E-01   0.200586E+00   0.226503E+00
 0.562074E+01   0.985412E+00   0.543775E-01   0.200461E+00   0.226503E+00
 0.563322E+01   0.984765E+00   0.542740E-01   0.200336E+00   0.226503E+00
 0.564571E+01   0.984115E+00   0.541704E-01   0.200211E+00   0.226503E+00
 0.565821E+01   0.983463E+00   0.540665E-01   0.200085E+00   0.226503E+00
 0.567072E+01   0.982808E+00   0.539624E-01   0.199959E+00   0.226503E+00
 0.568325E+01   0.982151E+00   0.538581E-01   0.199832E+00   0.226503E+00
 0.569578E+01   0.981491E+00   0.537535E-01   0.199705E+00   0.226503E+00
 0.570833E+01   0.980830E+00   0.536488E-01   0.199577E+00   0.226503E+00
 0.572088E+01   0.980165E+00   0.535439E-01   0.199449E+00   0.226503E+00
 0.573345E+01   0.979499E+00   0.534387E-01   0.199321E+00   0.226503E+00
 0.574603E+01   0.978830E+00   0.533333E-01   0.199191E+00   0.226503E+00
 0.575861E+01   0.978158E+00   0.532277E-01   0.199062E+00   0.226503E+00
 0.577121E+01   0.977484E+00   0.531219E-01   0.198932E+00   0.226503E+00
 0.578382E+01   0.976808E+00   0.530159E-01   0.198801E+00   0.226503E+00
 0.579644E+01   0.976129E+00   0.529097E-01   0.198670E+00   0.226503E+00
 0.580906E+01   0.975447E+00   0.528033E-01   0.198539E+00   0.226503E+00
 0.582170E+01   0.974764E+00   0.526967E-01   0.198407E+00   0.226503E+00
 0.583435E+01   0.974077E+00   0.525898E-01   0.198274E+00   0.226503E+00
 0.584701E+01   0.973389E+00   0.524827E-01   0.198141E+00   0.226503E+00
 0.585968E+01   0.972697E+00   0.523755E-01   0.198007E+00   0.226503E+00
 0.587236E+01   0.972004E+00   0.522680E-01   0.197873E+00   0.226503E+00
 0.588505E+01   0.971307E+00   0.521603E-01   0.197739E+00   0.226503E+00
 0.589776E+01   0.970609E+00   0.520525E-01   0.197604E+00   0.226503E+00
 0.591047E+01   0.969908E+00   0.519444E-01   0.197468E+00   0.226503E+00
 0.592318E+01   0.969204E+00   0.518361E-01   0.197332E+00   0.226503E+00
 0.593592E+01   0.968498E+00   0.517276E-01   0.197196E+00   0.226503E+00
 0.594865E+01   0.967789E+00   0.516190E-01   0.197059E+00   0.226503E+00
 0.596140E+01   0.967078E+00   0.515101E-01   0.196922E+00   0.226503E+00
 0.597416E+01   0.966364E+00   0.514010E-01   0.196784E+00   0.226503E+00
 0.598693E+01   0.965648E+00   0.512918E-01   0.196645E+00   0.226503E+00
 0.599971E+01   0.964929E+00   0.511823E-01   0.196506E+00   0.226503E+00
 0.601250E+01   0.964208E+00   0.510726E-01   0.196367E+00   0.226503E+00
 0.602530E+01   0.963484E+00   0.509628E-01   0.196227E+00   0.226503E+00
 0.603810E+01   0.962758E+00   0.508527E-01   0.196086E+00   0.226503E+00
 0.605092E+01   0.962029E+00   0.507425E-01   0.195945E+00   0.226503E+00
 0.606368E+01   0.961302E+00   0.506327E-01   0.195804E+00   0.226503E+00
 0.607657E+01   0.960565E+00   0.505216E-01   0.195662E+00   0.226503E+00
 0.608947E+01   0.959825E+00   0.504103E-01   0.195519E+00   0.226503E+00
 0.610238E+01   0.959083E+00   0.502988E-01   0.195375E+00   0.226503E+00
 0.611529E+01   0.958338E+00   0.501872E-01   0.195231E+00   0.226503E+00
 0.612822E+01   0.957590E+00   0.500753E-01   0.195086E+00   0.226503E+00
 0.614116E+01   0.956840E+00   0.499633E-01   0.194941E+00   0.226503E+00
 0.615411E+01   0.956088E+00   0.498511E-01   0.194795E+00   0.226503E+00
 0.616706E+01   0.955332E+00   0.497387E-01   0.194649E+00   0.226503E+00
 0.618002E+01   0.954575E+00   0.496261E-01   0.194502E+00   0.226503E+00
 0.619300E+01   0.953814E+00   0.495134E-01   0.194355E+00   0.226503E+00
 0.620598E+01   0.953051E+00   0.494004E-01   0.194207E+00   0.226503E+00
 0.621897E+01   0.952285E+00   0.492873E-01   0.194058E+00   0.226503E+00
 0.623197E+01   0.951517E+00   0.491740E-01   0.193910E+00   0.226503E+00
 0.624498E+01   0.950746E+00   0.490605E-01   0.193760E+00   0.226503E+00
 0.625799E+01   0.949972E+00   0.489469E-01   0.193610E+00   0.226503E+00
 0.627102E+01   0.949196E+00   0.488330E-01   0.193460E+00   0.226503E+00
 0.628405E+01   0.948417E+00   0.487190E-01   0.193309E+00   0.226503E+00
 0.629709E+01   0.947635E+00   0.486049E-01   0.193157E+00   0.226503E+00
 0.631014E+01   0.946851E+00   0.484905E-01   0.193005E+00   0.226503E+00
 0.632320E+01   0.946064E+00   0.483760E-01   0.192853E+00   0.226503E+00
 0.633627E+01   0.945275E+00   0.482613E-01   0.192699E+00   0.226503E+00
 0.634935E+01   0.944483E+00   0.481465E-01   0.192546E+00   0.226503E+00
 0.636243E+01   0.943688E+00   0.480315E-01   0.192392E+00   0.226503E+00
 0.637552E+01   0.942890E+00   0.479163E-01   0.192237E+00   0.226503E+00
 0.638862E+01   0.942090E+00   0.478009E-01   0.192082E+00   0.226503E+00
 0.640173E+01   0.941287E+00   0.476854E-01   0.191926E+00   0.226503E+00
 0.641485E+01   0.940481E+00   0.475698E-01   0.191769E+00   0.226503E+00
 0.642797E+01   0.939673E+00   0.474539E-01   0.191613E+00   0.226503E+00
 0.644110E+01   0.938862E+00   0.473379E-01   0.191455E+00   0.226503E+00
 0.645424E+01   0.938048E+00   0.472218E-01   0.191297E+00   0.226503E+00
 0.646739E+01   0.937232E+00   0.471055E-01   0.191139E+00   0.226503E+00
 0.648055E+01   0.936412E+00   0.469890E-01   0.190980E+00   0.226503E+00
 0.649457E+01   0.935537E+00   0.468648E-01   0.190809E+00   0.226503E+00
 0.650781E+01   0.934708E+00   0.467474E-01   0.190648E+00   0.226503E+00
 0.652106E+01   0.933876E+00   0.466298E-01   0.190487E+00   0.226503E+00
 0.653432E+01   0.933041E+00   0.465121E-01   0.190325E+00   0.226503E+00
 0.654758E+01   0.932203E+00   0.463942E-01   0.190162E+00   0.226503E+00
 0.656086E+01   0.931363E+00   0.462762E-01   0.189999E+00   0.226503E+00
 0.657413E+01   0.930520E+00   0.461581E-01   0.189835E+00   0.226503E+00
 0.658742E+01   0.929675E+00   0.460398E-01   0.189670E+00   0.226503E+00
 0.660071E+01   0.928826E+00   0.459214E-01   0.189505E+00   0.226503E+00
 0.661401E+01   0.927975E+00   0.458028E-01   0.189340E+00   0.226503E+00
 0.662732E+01   0.927121E+00   0.456841E-01   0.189174E+00   0.226503E+00
 0.664063E+01   0.926265E+00   0.455653E-01   0.189007E+00   0.226503E+00
 0.665395E+01   0.925405E+00   0.454463E-01   0.188840E+00   0.226503E+00
 0.666728E+01   0.924543E+00   0.453272E-01   0.188672E+00   0.226503E+00
 0.668061E+01   0.923678E+00   0.452079E-01   0.188504E+00   0.226503E+00
 0.669395E+01   0.922810E+00   0.450886E-01   0.188335E+00   0.226503E+00
 0.670729E+01   0.921940E+00   0.449691E-01   0.188166E+00   0.226503E+00
 0.672064E+01   0.921067E+00   0.448494E-01   0.187996E+00   0.226503E+00
 0.673400E+01   0.920190E+00   0.447296E-01   0.187825E+00   0.226503E+00
 0.674737E+01   0.919312E+00   0.446098E-01   0.187654E+00   0.226503E+00
 0.676074E+01   0.918430E+00   0.444897E-01   0.187483E+00   0.226503E+00
 0.677411E+01   0.917546E+00   0.443696E-01   0.187311E+00   0.226503E+00
 0.678750E+01   0.916658E+00   0.442494E-01   0.187138E+00   0.226503E+00
 0.680089E+01   0.915768E+00   0.441290E-01   0.186964E+00   0.226503E+00
 0.681428E+01   0.914876E+00   0.440085E-01   0.186791E+00   0.226503E+00
 0.682768E+01   0.913980E+00   0.438879E-01   0.186616E+00   0.226503E+00
 0.684109E+01   0.913082E+00   0.437672E-01   0.186441E+00   0.226503E+00
 0.685450E+01   0.912180E+00   0.436463E-01   0.186265E+00   0.226503E+00
 0.686791E+01   0.911276E+00   0.435254E-01   0.186089E+00   0.226503E+00
 0.687897E+01   0.910530E+00   0.434257E-01   0.185944E+00   0.226503E+00
 0.688949E+01   0.909818E+00   0.433308E-01   0.185805E+00   0.226503E+00
 0.690301E+01   0.908900E+00   0.432088E-01   0.185626E+00   0.226503E+00
 0.691654E+01   0.907980E+00   0.430866E-01   0.185447E+00   0.226503E+00
 0.693007E+01   0.907057E+00   0.429644E-01   0.185267E+00   0.226503E+00
 0.694360E+01   0.906132E+00   0.428421E-01   0.185086E+00   0.226503E+00
 0.695714E+01   0.905203E+00   0.427197E-01   0.184905E+00   0.226503E+00
 0.697069E+01   0.904272E+00   0.425971E-01   0.184723E+00   0.226503E+00
 0.698423E+01   0.903337E+00   0.424745E-01   0.184541E+00   0.226503E+00
 0.699779E+01   0.902400E+00   0.423518E-01   0.184358E+00   0.226503E+00
 0.701134E+01   0.901461E+00   0.422290E-01   0.184175E+00   0.226503E+00
 0.702490E+01   0.900518E+00   0.421062E-01   0.183991E+00   0.226503E+00
 0.703847E+01   0.899572E+00   0.419832E-01   0.183806E+00   0.226503E+00
 0.705204E+01   0.898624E+00   0.418602E-01   0.183621E+00   0.226503E+00
 0.706561E+01   0.897673E+00   0.417370E-01   0.183435E+00   0.226503E+00
 0.707919E+01   0.896719E+00   0.416138E-01   0.183249E+00   0.226503E+00
 0.709277E+01   0.895762E+00   0.414905E-01   0.183062E+00   0.226503E+00
 0.710636E+01   0.894803E+00   0.413672E-01   0.182875E+00   0.226503E+00
 0.711995E+01   0.893840E+00   0.412437E-01   0.182687E+00   0.226503E+00
 0.713354E+01   0.892875E+00   0.411202E-01   0.182498E+00   0.226503E+00
 0.714714E+01   0.891907E+00   0.409966E-01   0.182309E+00   0.226503E+00
 0.716074E+01   0.890936E+00   0.408729E-01   0.182119E+00   0.226503E+00
 0.717434E+01   0.889962E+00   0.407492E-01   0.181929E+00   0.226503E+00
 0.718795E+01   0.888986E+00   0.406254E-01   0.181738E+00   0.226503E+00
 0.720156E+01   0.888006E+00   0.405015E-01   0.181547E+00   0.226503E+00
 0.721518E+01   0.887024E+00   0.403776E-01   0.181355E+00   0.226503E+00
 0.722879E+01   0.886039E+00   0.402536E-01   0.181162E+00   0.226503E+00
 0.724241E+01   0.885051E+00   0.401296E-01   0.180969E+00   0.226503E+00
 0.725581E+01   0.884077E+00   0.400075E-01   0.180778E+00   0.226503E+00
 0.726955E+01   0.883075E+00   0.398824E-01   0.180582E+00   0.226503E+00
 0.728328E+01   0.882071E+00   0.397572E-01   0.180386E+00   0.226503E+00
 0.729702E+01   0.881064E+00   0.396320E-01   0.180189E+00   0.226503E+00
 0.731076E+01   0.880055E+00   0.395067E-01   0.179991E+00   0.226503E+00
 0.732450E+01   0.879042E+00   0.393814E-01   0.179793E+00   0.226503E+00
 0.733824E+01   0.878027E+00   0.392561E-01   0.179594E+00   0.226503E+00
 0.735198E+01   0.877009E+00   0.391308E-01   0.179395E+00   0.226503E+00
 0.736573E+01   0.875988E+00   0.390053E-01   0.179195E+00   0.226503E+00
 0.737947E+01   0.874965E+00   0.388799E-01   0.178994E+00   0.226503E+00
 0.739322E+01   0.873938E+00   0.387545E-01   0.178793E+00   0.226503E+00
 0.740697E+01   0.872909E+00   0.386290E-01   0.178592E+00   0.226503E+00
 0.742072E+01   0.871877E+00   0.385035E-01   0.178390E+00   0.226503E+00
 0.743447E+01   0.870842E+00   0.383779E-01   0.178187E+00   0.226503E+00
 0.744822E+01   0.869805E+00   0.382524E-01   0.177983E+00   0.226503E+00
 0.746197E+01   0.868765E+00   0.381268E-01   0.177780E+00   0.226503E+00
 0.747572E+01   0.867722E+00   0.380012E-01   0.177575E+00   0.226503E+00
 0.748948E+01   0.866676E+00   0.378756E-01   0.177370E+00   0.226503E+00
 0.750323E+01   0.865627E+00   0.377499E-01   0.177164E+00   0.226503E+00
 0.751698E+01   0.864576E+00   0.376243E-01   0.176958E+00   0.226503E+00
 0.753072E+01   0.863523E+00   0.374988E-01   0.176752E+00   0.226503E+00
 0.754444E+01   0.862469E+00   0.373735E-01   0.176545E+00   0.226503E+00
 0.755815E+01   0.861413E+00   0.372482E-01   0.176338E+00   0.226503E+00
 0.757185E+01   0.860355E+00   0.371231E-01   0.176130E+00   0.226503E+00
 0.759660E+01   0.858436E+00   0.368970E-01   0.175753E+00   0.226503E+00
 0.761023E+01   0.857376E+00   0.367725E-01   0.175545E+00   0.226503E+00
 0.762383E+01   0.856315E+00   0.366482E-01   0.175337E+00   0.226503E+00
 0.763743E+01   0.855252E+00   0.365240E-01   0.175128E+00   0.226503E+00
 0.765101E+01   0.854188E+00   0.363999E-01   0.174919E+00   0.226503E+00
 0.766458E+01   0.853122E+00   0.362760E-01   0.174710E+00   0.226503E+00
 0.767813E+01   0.852054E+00   0.361523E-01   0.174500E+00   0.226503E+00
 0.769166E+01   0.850985E+00   0.360286E-01   0.174290E+00   0.226503E+00
 0.770519E+01   0.849914E+00   0.359051E-01   0.174080E+00   0.226503E+00
 0.771870E+01   0.848842E+00   0.357818E-01   0.173869E+00   0.226503E+00
 0.773219E+01   0.847768E+00   0.356585E-01   0.173658E+00   0.226503E+00
 0.774567E+01   0.846692E+00   0.355355E-01   0.173446E+00   0.226503E+00
 0.775914E+01   0.845615E+00   0.354125E-01   0.173235E+00   0.226503E+00
 0.777259E+01   0.844537E+00   0.352897E-01   0.173022E+00   0.226503E+00
 0.778603E+01   0.843457E+00   0.351671E-01   0.172810E+00   0.226503E+00
 0.779946E+01   0.842375E+00   0.350446E-01   0.172597E+00   0.226503E+00
 0.781287E+01   0.841292E+00   0.349222E-01   0.172384E+00   0.226503E+00
 0.782627E+01   0.840207E+00   0.348000E-01   0.172171E+00   0.226503E+00
 0.783966E+01   0.839120E+00   0.346779E-01   0.171957E+00   0.226503E+00
 0.785303E+01   0.838032E+00   0.345560E-01   0.171743E+00   0.226503E+00
 0.786639E+01   0.836943E+00   0.344342E-01   0.171528E+00   0.226503E+00
 0.787973E+01   0.835852E+00   0.343126E-01   0.171314E+00   0.226503E+00
 0.789307E+01   0.834759E+00   0.341911E-01   0.171098E+00   0.226503E+00
 0.791171E+01   0.833226E+00   0.340212E-01   0.170797E+00   0.226503E+00
 0.792496E+01   0.832134E+00   0.339005E-01   0.170581E+00   0.226503E+00
 0.793820E+01   0.831040E+00   0.337800E-01   0.170366E+00   0.226503E+00
 0.795143E+01   0.829944E+00   0.336595E-01   0.170150E+00   0.226503E+00
 0.796464E+01   0.828847E+00   0.335393E-01   0.169934E+00   0.226503E+00
 0.797784E+01   0.827749E+00   0.334192E-01   0.169717E+00   0.226503E+00
 0.799103E+01   0.826649E+00   0.332993E-01   0.169501E+00   0.226503E+00
 0.800420E+01   0.825548E+00   0.331796E-01   0.169284E+00   0.226503E+00
 0.801735E+01   0.824445E+00   0.330600E-01   0.169066E+00   0.226503E+00
 0.803049E+01   0.823341E+00   0.329406E-01   0.168849E+00   0.226503E+00
 0.804362E+01   0.822236E+00   0.328213E-01   0.168631E+00   0.226503E+00
 0.805673E+01   0.821129E+00   0.327022E-01   0.168412E+00   0.226503E+00
 0.806983E+01   0.820020E+00   0.325833E-01   0.168194E+00   0.226503E+00
 0.808292E+01   0.818911E+00   0.324646E-01   0.167975E+00   0.226503E+00
 0.809599E+01   0.817799E+00   0.323460E-01   0.167755E+00   0.226503E+00
 0.810905E+01   0.816687E+00   0.322275E-01   0.167536E+00   0.226503E+00
 0.812209E+01   0.815573E+00   0.321093E-01   0.167316E+00   0.226503E+00
 0.813512E+01   0.814457E+00   0.319912E-01   0.167096E+00   0.226503E+00
 0.814814E+01   0.813340E+00   0.318733E-01   0.166875E+00   0.226503E+00
 0.816115E+01   0.812222E+00   0.317555E-01   0.166655E+00   0.226503E+00
 0.817414E+01   0.811102E+00   0.316380E-01   0.166433E+00   0.226503E+00
 0.818711E+01   0.809981E+00   0.315206E-01   0.166212E+00   0.226503E+00
 0.820008E+01   0.808859E+00   0.314033E-01   0.165990E+00   0.226503E+00
 0.821309E+01   0.807730E+00   0.312857E-01   0.165767E+00   0.226503E+00
 0.822597E+01   0.806609E+00   0.311693E-01   0.165546E+00   0.226503E+00
 0.823885E+01   0.805487E+00   0.310531E-01   0.165324E+00   0.226503E+00
 0.825170E+01   0.804364E+00   0.309370E-01   0.165102E+00   0.226503E+00
 0.826455E+01   0.803239E+00   0.308211E-01   0.164880E+00   0.226503E+00
 0.827738E+01   0.802113E+00   0.307054E-01   0.164657E+00   0.226503E+00
 0.829019E+01   0.800986E+00   0.305899E-01   0.164434E+00   0.226503E+00
 0.830300E+01   0.799857E+00   0.304746E-01   0.164211E+00   0.226503E+00
 0.831578E+01   0.798727E+00   0.303594E-01   0.163988E+00   0.226503E+00
 0.832856E+01   0.797596E+00   0.302445E-01   0.163764E+00   0.226503E+00
 0.834132E+01   0.796464E+00   0.301297E-01   0.163540E+00   0.226503E+00
 0.835406E+01   0.795331E+00   0.300152E-01   0.163316E+00   0.226503E+00
 0.836679E+01   0.794196E+00   0.299008E-01   0.163091E+00   0.226503E+00
 0.837951E+01   0.793060E+00   0.297866E-01   0.162866E+00   0.226503E+00
 0.839222E+01   0.791922E+00   0.296725E-01   0.162641E+00   0.226503E+00
 0.840491E+01   0.790784E+00   0.295587E-01   0.162416E+00   0.226503E+00
 0.841758E+01   0.789644E+00   0.294451E-01   0.162190E+00   0.226503E+00
 0.843025E+01   0.788503E+00   0.293316E-01   0.161964E+00   0.226503E+00
 0.844290E+01   0.787361E+00   0.292184E-01   0.161738E+00   0.226503E+00
 0.845553E+01   0.786217E+00   0.291053E-01   0.161511E+00   0.226503E+00
 0.846816E+01   0.785072E+00   0.289924E-01   0.161284E+00   0.226503E+00
 0.848077E+01   0.783926E+00   0.288797E-01   0.161057E+00   0.226503E+00
 0.849337E+01   0.782779E+00   0.287671E-01   0.160830E+00   0.226503E+00
 0.850576E+01   0.781647E+00   0.286565E-01   0.160606E+00   0.226503E+00
 0.851827E+01   0.780503E+00   0.285449E-01   0.160379E+00   0.226503E+00
 0.853076E+01   0.779358E+00   0.284336E-01   0.160152E+00   0.226503E+00
 0.854324E+01   0.778212E+00   0.283224E-01   0.159925E+00   0.226503E+00
 0.855571E+01   0.777065E+00   0.282115E-01   0.159697E+00   0.226503E+00
 0.856816E+01   0.775917E+00   0.281007E-01   0.159470E+00   0.226503E+00
 0.858059E+01   0.774767E+00   0.279902E-01   0.159242E+00   0.226503E+00
 0.859301E+01   0.773617E+00   0.278798E-01   0.159013E+00   0.226503E+00
 0.860542E+01   0.772465E+00   0.277697E-01   0.158785E+00   0.226503E+00
 0.861781E+01   0.771313E+00   0.276598E-01   0.158556E+00   0.226503E+00
 0.863019E+01   0.770159E+00   0.275500E-01   0.158327E+00   0.226503E+00
 0.864256E+01   0.769004E+00   0.274405E-01   0.158098E+00   0.226503E+00
 0.865491E+01   0.767849E+00   0.273312E-01   0.157869E+00   0.226503E+00
 0.866725E+01   0.766692E+00   0.272221E-01   0.157639E+00   0.226503E+00
 0.867957E+01   0.765534E+00   0.271132E-01   0.157409E+00   0.226503E+00
 0.869188E+01   0.764375E+00   0.270044E-01   0.157179E+00   0.226503E+00
 0.870418E+01   0.763214E+00   0.268959E-01   0.156948E+00   0.226503E+00
 0.871647E+01   0.762053E+00   0.267876E-01   0.156718E+00   0.226503E+00
 0.872874E+01   0.760891E+00   0.266795E-01   0.156487E+00   0.226503E+00
 0.874100E+01   0.759727E+00   0.265716E-01   0.156255E+00   0.226503E+00
 0.875324E+01   0.758563E+00   0.264639E-01   0.156024E+00   0.226503E+00
 0.876548E+01   0.757397E+00   0.263564E-01   0.155792E+00   0.226503E+00
 0.877783E+01   0.756217E+00   0.262479E-01   0.155558E+00   0.226503E+00
 0.878997E+01   0.755056E+00   0.261414E-01   0.155327E+00   0.226503E+00
 0.880209E+01   0.753894E+00   0.260352E-01   0.155096E+00   0.226503E+00
 0.881419E+01   0.752732E+00   0.259291E-01   0.154865E+00   0.226503E+00
 0.882629E+01   0.751568E+00   0.258233E-01   0.154633E+00   0.226503E+00
 0.883837E+01   0.750403E+00   0.257177E-01   0.154401E+00   0.226503E+00
 0.885043E+01   0.749238E+00   0.256123E-01   0.154170E+00   0.226503E+00
 0.886248E+01   0.748071E+00   0.255072E-01   0.153937E+00   0.226503E+00
 0.887452E+01   0.746904E+00   0.254022E-01   0.153705E+00   0.226503E+00
 0.888654E+01   0.745735E+00   0.252974E-01   0.153473E+00   0.226503E+00
 0.889855E+01   0.744566E+00   0.251929E-01   0.153240E+00   0.226503E+00
 0.891055E+01   0.743396E+00   0.250886E-01   0.153007E+00   0.226503E+00
 0.892253E+01   0.742225E+00   0.249845E-01   0.152774E+00   0.226503E+00
 0.893450E+01   0.741053E+00   0.248806E-01   0.152540E+00   0.226503E+00
 0.894645E+01   0.739880E+00   0.247769E-01   0.152307E+00   0.226503E+00
 0.895840E+01   0.738706E+00   0.246735E-01   0.152073E+00   0.226503E+00
 0.897032E+01   0.737532E+00   0.245702E-01   0.151839E+00   0.226503E+00
 0.898224E+01   0.736356E+00   0.244672E-01   0.151605E+00   0.226503E+00
 0.899414E+01   0.735180E+00   0.243644E-01   0.151370E+00   0.226503E+00
 0.900603E+01   0.734002E+00   0.242618E-01   0.151136E+00   0.226503E+00
 0.902547E+01   0.732073E+00   0.240943E-01   0.150751E+00   0.226503E+00
 0.903724E+01   0.730901E+00   0.239930E-01   0.150517E+00   0.226503E+00
 0.904899E+01   0.729729E+00   0.238919E-01   0.150284E+00   0.226503E+00
 0.906074E+01   0.728556E+00   0.237910E-01   0.150050E+00   0.226503E+00
 0.907247E+01   0.727383E+00   0.236904E-01   0.149816E+00   0.226503E+00
 0.908418E+01   0.726209E+00   0.235900E-01   0.149581E+00   0.226503E+00
 0.909588E+01   0.725034E+00   0.234898E-01   0.149347E+00   0.226503E+00
 0.910757E+01   0.723858E+00   0.233898E-01   0.149112E+00   0.226503E+00
 0.911924E+01   0.722681E+00   0.232901E-01   0.148878E+00   0.226503E+00
 0.913090E+01   0.721504E+00   0.231906E-01   0.148643E+00   0.226503E+00
 0.914255E+01   0.720326E+00   0.230913E-01   0.148408E+00   0.226503E+00
 0.915418E+01   0.719148E+00   0.229922E-01   0.148172E+00   0.226503E+00
 0.916580E+01   0.717969E+00   0.228934E-01   0.147937E+00   0.226503E+00
 0.917740E+01   0.716788E+00   0.227948E-01   0.147701E+00   0.226503E+00
 0.918899E+01   0.715608E+00   0.226964E-01   0.147465E+00   0.226503E+00
 0.920057E+01   0.714426E+00   0.225982E-01   0.147229E+00   0.226503E+00
 0.921213E+01   0.713244E+00   0.225002E-01   0.146993E+00   0.226503E+00
 0.922369E+01   0.712061E+00   0.224025E-01   0.146757E+00   0.226503E+00
 0.923522E+01   0.710877E+00   0.223050E-01   0.146520E+00   0.226503E+00
 0.924675E+01   0.709693E+00   0.222077E-01   0.146284E+00   0.226503E+00
 0.925826E+01   0.708508E+00   0.221106E-01   0.146047E+00   0.226503E+00
 0.926976E+01   0.707322E+00   0.220138E-01   0.145810E+00   0.226503E+00
 0.928074E+01   0.706188E+00   0.219215E-01   0.145583E+00   0.226503E+00
 0.929213E+01   0.705010E+00   0.218258E-01   0.145347E+00   0.226503E+00
 0.930350E+01   0.703832E+00   0.217303E-01   0.145112E+00   0.226503E+00
 0.931486E+01   0.702653E+00   0.216352E-01   0.144876E+00   0.226503E+00
 0.932620E+01   0.701474E+00   0.215402E-01   0.144640E+00   0.226503E+00
 0.933753E+01   0.700294E+00   0.214455E-01   0.144404E+00   0.226503E+00
 0.934884E+01   0.699113E+00   0.213510E-01   0.144168E+00   0.226503E+00
 0.936014E+01   0.697932E+00   0.212567E-01   0.143931E+00   0.226503E+00
 0.937143E+01   0.696751E+00   0.211627E-01   0.143695E+00   0.226503E+00
 0.938270E+01   0.695569E+00   0.210688E-01   0.143458E+00   0.226503E+00
 0.939396E+01   0.694386E+00   0.209753E-01   0.143222E+00   0.226503E+00
 0.940521E+01   0.693203E+00   0.208819E-01   0.142985E+00   0.226503E+00
 0.941645E+01   0.692019E+00   0.207888E-01   0.142748E+00   0.226503E+00
 0.942767E+01   0.690835E+00   0.206959E-01   0.142511E+00   0.226503E+00
 0.943887E+01   0.689650E+00   0.206032E-01   0.142273E+00   0.226503E+00
 0.945007E+01   0.688465E+00   0.205107E-01   0.142036E+00   0.226503E+00
 0.946125E+01   0.687280E+00   0.204185E-01   0.141798E+00   0.226503E+00
 0.947241E+01   0.686094E+00   0.203266E-01   0.141561E+00   0.226503E+00
 0.948357E+01   0.684907E+00   0.202348E-01   0.141323E+00   0.226503E+00
 0.949471E+01   0.683720E+00   0.201433E-01   0.141085E+00   0.226503E+00
 0.950779E+01   0.682323E+00   0.200360E-01   0.140805E+00   0.226503E+00
 0.951881E+01   0.681145E+00   0.199456E-01   0.140569E+00   0.226503E+00
 0.952982E+01   0.679966E+00   0.198556E-01   0.140332E+00   0.226503E+00
 0.954081E+01   0.678787E+00   0.197658E-01   0.140096E+00   0.226503E+00
 0.955179E+01   0.677608E+00   0.196762E-01   0.139859E+00   0.226503E+00
 0.956275E+01   0.676429E+00   0.195869E-01   0.139623E+00   0.226503E+00
 0.957370E+01   0.675249E+00   0.194978E-01   0.139386E+00   0.226503E+00
 0.958463E+01   0.674068E+00   0.194089E-01   0.139149E+00   0.226503E+00
 0.959555E+01   0.672888E+00   0.193203E-01   0.138912E+00   0.226503E+00
 0.960646E+01   0.671707E+00   0.192319E-01   0.138675E+00   0.226503E+00
 0.961736E+01   0.670526E+00   0.191437E-01   0.138438E+00   0.226503E+00
 0.962824E+01   0.669345E+00   0.190558E-01   0.138201E+00   0.226503E+00
 0.963911E+01   0.668163E+00   0.189681E-01   0.137964E+00   0.226503E+00
 0.964996E+01   0.666981E+00   0.188806E-01   0.137727E+00   0.226503E+00
 0.966080E+01   0.665798E+00   0.187934E-01   0.137489E+00   0.226503E+00
 0.967163E+01   0.664615E+00   0.187063E-01   0.137252E+00   0.226503E+00
 0.968245E+01   0.663432E+00   0.186195E-01   0.137014E+00   0.226503E+00
 0.969325E+01   0.662249E+00   0.185330E-01   0.136776E+00   0.226503E+00
 0.970404E+01   0.661065E+00   0.184466E-01   0.136538E+00   0.226503E+00
 0.971482E+01   0.659881E+00   0.183605E-01   0.136300E+00   0.226503E+00
 0.972558E+01   0.658697E+00   0.182746E-01   0.136062E+00   0.226503E+00
 0.973633E+01   0.657512E+00   0.181890E-01   0.135824E+00   0.226503E+00
 0.974754E+01   0.656275E+00   0.180998E-01   0.135576E+00   0.226503E+00
 0.975818E+01   0.655100E+00   0.180153E-01   0.135339E+00   0.226503E+00
 0.976880E+01   0.653924E+00   0.179311E-01   0.135103E+00   0.226503E+00
 0.977941E+01   0.652749E+00   0.178471E-01   0.134866E+00   0.226503E+00
 0.979000E+01   0.651573E+00   0.177633E-01   0.134630E+00   0.226503E+00
 0.980058E+01   0.650397E+00   0.176798E-01   0.134394E+00   0.226503E+00
 0.981115E+01   0.649221E+00   0.175965E-01   0.134157E+00   0.226503E+00
 0.982170E+01   0.648045E+00   0.175134E-01   0.133920E+00   0.226503E+00
 0.983224E+01   0.646869E+00   0.174306E-01   0.133684E+00   0.226503E+00
 0.984277E+01   0.645693E+00   0.173479E-01   0.133447E+00   0.226503E+00
 0.985328E+01   0.644516E+00   0.172655E-01   0.133210E+00   0.226503E+00
 0.986378E+01   0.643339E+00   0.171834E-01   0.132973E+00   0.226503E+00
 0.987427E+01   0.642162E+00   0.171015E-01   0.132736E+00   0.226503E+00
 0.988475E+01   0.640985E+00   0.170197E-01   0.132499E+00   0.226503E+00
 0.989521E+01   0.639808E+00   0.169383E-01   0.132262E+00   0.226503E+00
 0.990566E+01   0.638631E+00   0.168570E-01   0.132025E+00   0.226503E+00
 0.991610E+01   0.637453E+00   0.167760E-01   0.131788E+00   0.226503E+00
 0.992652E+01   0.636276E+00   0.166952E-01   0.131551E+00   0.226503E+00
 0.993694E+01   0.635098E+00   0.166146E-01   0.131313E+00   0.226503E+00
 0.994733E+01   0.633920E+00   0.165343E-01   0.131076E+00   0.226503E+00
 0.996002E+01   0.632481E+00   0.164364E-01   0.130786E+00   0.226503E+00
 0.997031E+01   0.631313E+00   0.163572E-01   0.130550E+00   0.226503E+00
 0.998059E+01   0.630144E+00   0.162782E-01   0.130315E+00   0.226503E+00
 0.999084E+01   0.628976E+00   0.161995E-01   0.130079E+00   0.226503E+00
 0.100011E+02   0.627808E+00   0.161210E-01   0.129844E+00   0.226503E+00
 0.100113E+02   0.626639E+00   0.160427E-01   0.129608E+00   0.226503E+00
 0.100215E+02   0.625471E+00   0.159646E-01   0.129373E+00   0.226503E+00
 0.100318E+02   0.624303E+00   0.158868E-01   0.129137E+00   0.226503E+00
 0.100420E+02   0.623135E+00   0.158092E-01   0.128901E+00   0.226503E+00
 0.100521E+02   0.621967E+00   0.157318E-01   0.128666E+00   0.226503E+00
 0.100623E+02   0.620798E+00   0.156547E-01   0.128430E+00   0.226503E+00
 0.100725E+02   0.619630E+00   0.155778E-01   0.128194E+00   0.226503E+00
 0.100826E+02   0.618462E+00   0.155011E-01   0.127958E+00   0.226503E+00
 0.100927E+02   0.617294E+00   0.154246E-01   0.127723E+00   0.226503E+00
 0.101029E+02   0.616126E+00   0.153483E-01   0.127487E+00   0.226503E+00
 0.101130E+02   0.614958E+00   0.152723E-01   0.127251E+00   0.226503E+00
 0.101231E+02   0.613790E+00   0.151965E-01   0.127015E+00   0.226503E+00
 0.101331E+02   0.612622E+00   0.151209E-01   0.126779E+00   0.226503E+00
 0.101432E+02   0.611455E+00   0.150455E-01   0.126544E+00   0.226503E+00
 0.101533E+02   0.610287E+00   0.149704E-01   0.126308E+00   0.226503E+00
 0.101633E+02   0.609120E+00   0.148954E-01   0.126072E+00   0.226503E+00
 0.101733E+02   0.607952E+00   0.148207E-01   0.125836E+00   0.226503E+00
 0.101926E+02   0.605706E+00   0.146777E-01   0.125382E+00   0.226503E+00
 0.102026E+02   0.604537E+00   0.146035E-01   0.125146E+00   0.226503E+00
 0.102126E+02   0.603368E+00   0.145295E-01   0.124910E+00   0.226503E+00
 0.102326E+02   0.601031E+00   0.143823E-01   0.124437E+00   0.226503E+00
 0.102525E+02   0.598694E+00   0.142359E-01   0.123964E+00   0.226503E+00
 0.102724E+02   0.596357E+00   0.140903E-01   0.123492E+00   0.226503E+00
 0.102922E+02   0.594020E+00   0.139456E-01   0.123019E+00   0.226503E+00
 0.103120E+02   0.591684E+00   0.138018E-01   0.122546E+00   0.226503E+00
 0.103317E+02   0.589350E+00   0.136589E-01   0.122074E+00   0.226503E+00
 0.103514E+02   0.587016E+00   0.135168E-01   0.121601E+00   0.226503E+00
 0.103711E+02   0.584682E+00   0.133755E-01   0.121128E+00   0.226503E+00
 0.103860E+02   0.582906E+00   0.132685E-01   0.120769E+00   0.226503E+00
 0.104057E+02   0.580559E+00   0.131278E-01   0.120293E+00   0.226503E+00
 0.104254E+02   0.578212E+00   0.129879E-01   0.119818E+00   0.226503E+00
 0.104450E+02   0.575865E+00   0.128489E-01   0.119342E+00   0.226503E+00
 0.104646E+02   0.573520E+00   0.127107E-01   0.118867E+00   0.226503E+00
 0.104841E+02   0.571176E+00   0.125733E-01   0.118391E+00   0.226503E+00
 0.105036E+02   0.568833E+00   0.124367E-01   0.117916E+00   0.226503E+00
 0.105231E+02   0.566491E+00   0.123010E-01   0.117441E+00   0.226503E+00
 0.105425E+02   0.564151E+00   0.121660E-01   0.116966E+00   0.226503E+00
 0.105619E+02   0.561812E+00   0.120319E-01   0.116491E+00   0.226503E+00
 0.105812E+02   0.559475E+00   0.118987E-01   0.116017E+00   0.226503E+00
 0.106007E+02   0.557118E+00   0.117650E-01   0.115538E+00   0.226503E+00
 0.106116E+02   0.555792E+00   0.116901E-01   0.115269E+00   0.226503E+00
 0.106226E+02   0.554460E+00   0.116150E-01   0.114998E+00   0.226503E+00
 0.106336E+02   0.553123E+00   0.115399E-01   0.114727E+00   0.226503E+00
 0.106447E+02   0.551781E+00   0.114647E-01   0.114454E+00   0.226503E+00
 0.106558E+02   0.550433E+00   0.113894E-01   0.114180E+00   0.226503E+00
 0.106670E+02   0.549080E+00   0.113140E-01   0.113905E+00   0.226503E+00
 0.106781E+02   0.547729E+00   0.112389E-01   0.113630E+00   0.226503E+00
 0.106892E+02   0.546388E+00   0.111645E-01   0.113358E+00   0.226503E+00
 0.107001E+02   0.545057E+00   0.110908E-01   0.113087E+00   0.226503E+00
 0.107110E+02   0.543735E+00   0.110178E-01   0.112818E+00   0.226503E+00
 0.107219E+02   0.542422E+00   0.109455E-01   0.112551E+00   0.226503E+00
 0.107326E+02   0.541118E+00   0.108737E-01   0.112286E+00   0.226503E+00
 0.107433E+02   0.539822E+00   0.108026E-01   0.112022E+00   0.226503E+00
 0.107540E+02   0.538534E+00   0.107320E-01   0.111760E+00   0.226503E+00
 0.107646E+02   0.537253E+00   0.106619E-01   0.111500E+00   0.226503E+00
 0.107751E+02   0.535980E+00   0.105924E-01   0.111241E+00   0.226503E+00
 0.107862E+02   0.534637E+00   0.105191E-01   0.110967E+00   0.226503E+00
 0.108024E+02   0.532689E+00   0.104131E-01   0.110571E+00   0.226503E+00
 0.108164E+02   0.530995E+00   0.103212E-01   0.110226E+00   0.226503E+00
 0.108304E+02   0.529308E+00   0.102299E-01   0.109882E+00   0.226503E+00
 0.108444E+02   0.527627E+00   0.101392E-01   0.109540E+00   0.226503E+00
 0.108583E+02   0.525951E+00   0.100491E-01   0.109198E+00   0.226503E+00
 0.108721E+02   0.524281E+00   0.995969E-02   0.108858E+00   0.226503E+00
 0.108859E+02   0.522616E+00   0.987087E-02   0.108519E+00   0.226503E+00
 0.108997E+02   0.520955E+00   0.978267E-02   0.108180E+00   0.226503E+00
 0.109134E+02   0.519298E+00   0.969508E-02   0.107843E+00   0.226503E+00
 0.109270E+02   0.517645E+00   0.960813E-02   0.107506E+00   0.226503E+00
 0.109406E+02   0.515996E+00   0.952180E-02   0.107169E+00   0.226503E+00
 0.109541E+02   0.514349E+00   0.943608E-02   0.106833E+00   0.226503E+00
 0.109676E+02   0.512704E+00   0.935098E-02   0.106498E+00   0.226503E+00
 0.109810E+02   0.511063E+00   0.926651E-02   0.106163E+00   0.226503E+00
 0.109942E+02   0.509447E+00   0.918387E-02   0.105833E+00   0.226503E+00
 0.110105E+02   0.507448E+00   0.908233E-02   0.105425E+00   0.226503E+00
 0.110267E+02   0.505447E+00   0.898146E-02   0.105017E+00   0.226503E+00
 0.110428E+02   0.503445E+00   0.888125E-02   0.104608E+00   0.226503E+00
 0.110590E+02   0.501441E+00   0.878169E-02   0.104199E+00   0.226503E+00
 0.110751E+02   0.499436E+00   0.868281E-02   0.103789E+00   0.226503E+00
 0.110911E+02   0.497430E+00   0.858458E-02   0.103380E+00   0.226503E+00
 0.111071E+02   0.495424E+00   0.848701E-02   0.102970E+00   0.226503E+00
 0.111231E+02   0.493417E+00   0.839010E-02   0.102559E+00   0.226503E+00
 0.111390E+02   0.491409E+00   0.829386E-02   0.102149E+00   0.226503E+00
 0.111549E+02   0.489402E+00   0.819827E-02   0.101739E+00   0.226503E+00
 0.111707E+02   0.487394E+00   0.810333E-02   0.101328E+00   0.226503E+00
 0.111809E+02   0.486106E+00   0.804280E-02   0.101065E+00   0.226503E+00
 0.111940E+02   0.484434E+00   0.796453E-02   0.100723E+00   0.226503E+00
 0.112081E+02   0.482641E+00   0.788116E-02   0.100356E+00   0.226503E+00
 0.112221E+02   0.480851E+00   0.779840E-02   0.999897E-01   0.226503E+00
 0.112360E+02   0.479063E+00   0.771627E-02   0.996238E-01   0.226503E+00
 0.112500E+02   0.477277E+00   0.763474E-02   0.992583E-01   0.226503E+00
 0.112638E+02   0.475493E+00   0.755382E-02   0.988931E-01   0.226503E+00
 0.112776E+02   0.473711E+00   0.747350E-02   0.985283E-01   0.226503E+00
 0.112914E+02   0.471932E+00   0.739379E-02   0.981639E-01   0.226503E+00
 0.113051E+02   0.470154E+00   0.731469E-02   0.977998E-01   0.226503E+00
 0.113188E+02   0.468378E+00   0.723617E-02   0.974361E-01   0.226503E+00
 0.113324E+02   0.466605E+00   0.715825E-02   0.970726E-01   0.226503E+00
 0.113460E+02   0.464833E+00   0.708091E-02   0.967095E-01   0.226503E+00
 0.113595E+02   0.463063E+00   0.700415E-02   0.963468E-01   0.226503E+00
 0.113730E+02   0.461294E+00   0.692798E-02   0.959843E-01   0.226503E+00
 0.113857E+02   0.459625E+00   0.685655E-02   0.956422E-01   0.226503E+00
 0.113988E+02   0.457897E+00   0.678305E-02   0.952878E-01   0.226503E+00
 0.114118E+02   0.456171E+00   0.671011E-02   0.949338E-01   0.226503E+00
 0.114248E+02   0.454447E+00   0.663771E-02   0.945801E-01   0.226503E+00
 0.114378E+02   0.452724E+00   0.656588E-02   0.942268E-01   0.226503E+00
 0.114507E+02   0.451003E+00   0.649459E-02   0.938737E-01   0.226503E+00
 0.114636E+02   0.449285E+00   0.642385E-02   0.935210E-01   0.226503E+00
 0.114764E+02   0.447567E+00   0.635364E-02   0.931686E-01   0.226503E+00
 0.114892E+02   0.445852E+00   0.628398E-02   0.928165E-01   0.226503E+00
 0.115020E+02   0.444139E+00   0.621485E-02   0.924647E-01   0.226503E+00
 0.115146E+02   0.442427E+00   0.614625E-02   0.921132E-01   0.226503E+00
 0.115273E+02   0.440717E+00   0.607817E-02   0.917621E-01   0.226503E+00
 0.115399E+02   0.439009E+00   0.601062E-02   0.914112E-01   0.226503E+00
 0.115525E+02   0.437302E+00   0.594358E-02   0.910606E-01   0.226503E+00
 0.115641E+02   0.435723E+00   0.588195E-02   0.907361E-01   0.226503E+00
 0.115760E+02   0.434089E+00   0.581858E-02   0.904003E-01   0.226503E+00
 0.115880E+02   0.432457E+00   0.575571E-02   0.900650E-01   0.226503E+00
 0.115998E+02   0.430827E+00   0.569333E-02   0.897300E-01   0.226503E+00
 0.116117E+02   0.429199E+00   0.563143E-02   0.893954E-01   0.226503E+00
 0.116235E+02   0.427574E+00   0.557001E-02   0.890611E-01   0.226503E+00
 0.116352E+02   0.425950E+00   0.550908E-02   0.887273E-01   0.226503E+00
 0.116469E+02   0.424328E+00   0.544863E-02   0.883937E-01   0.226503E+00
 0.116586E+02   0.422708E+00   0.538865E-02   0.880606E-01   0.226503E+00
 0.116702E+02   0.421090E+00   0.532914E-02   0.877277E-01   0.226503E+00
 0.116818E+02   0.419474E+00   0.527010E-02   0.873952E-01   0.226503E+00
 0.116933E+02   0.417860E+00   0.521152E-02   0.870631E-01   0.226503E+00
 0.117048E+02   0.416248E+00   0.515341E-02   0.867312E-01   0.226503E+00
 0.117162E+02   0.414637E+00   0.509575E-02   0.863997E-01   0.226503E+00
 0.117277E+02   0.413028E+00   0.503854E-02   0.860686E-01   0.226503E+00
 0.117411E+02   0.411121E+00   0.497123E-02   0.856759E-01   0.226503E+00
 0.117520E+02   0.409580E+00   0.491722E-02   0.853586E-01   0.226503E+00
 0.117628E+02   0.408041E+00   0.486365E-02   0.850416E-01   0.226503E+00
 0.117736E+02   0.406504E+00   0.481051E-02   0.847251E-01   0.226503E+00
 0.117844E+02   0.404970E+00   0.475778E-02   0.844089E-01   0.226503E+00
 0.117951E+02   0.403437E+00   0.470548E-02   0.840931E-01   0.226503E+00
 0.118057E+02   0.401906E+00   0.465360E-02   0.837776E-01   0.226503E+00
 0.118163E+02   0.400377E+00   0.460213E-02   0.834626E-01   0.226503E+00
 0.118269E+02   0.398850E+00   0.455107E-02   0.831478E-01   0.226503E+00
 0.118375E+02   0.397325E+00   0.450042E-02   0.828335E-01   0.226503E+00
 0.118480E+02   0.395802E+00   0.445018E-02   0.825194E-01   0.226503E+00
 0.118584E+02   0.394280E+00   0.440034E-02   0.822058E-01   0.226503E+00
 0.118688E+02   0.392761E+00   0.435090E-02   0.818924E-01   0.226503E+00
 0.118792E+02   0.391243E+00   0.430186E-02   0.815794E-01   0.226503E+00
 0.118896E+02   0.389727E+00   0.425321E-02   0.812668E-01   0.226503E+00
 0.119014E+02   0.387990E+00   0.419786E-02   0.809084E-01   0.226503E+00
 0.119161E+02   0.385820E+00   0.412933E-02   0.804606E-01   0.226503E+00
 0.119307E+02   0.383654E+00   0.406164E-02   0.800138E-01   0.226503E+00
 0.119453E+02   0.381494E+00   0.399478E-02   0.795679E-01   0.226503E+00
 0.119597E+02   0.379338E+00   0.392872E-02   0.791229E-01   0.226503E+00
 0.119741E+02   0.377186E+00   0.386348E-02   0.786787E-01   0.226503E+00
 0.119883E+02   0.375039E+00   0.379904E-02   0.782353E-01   0.226503E+00
 0.120025E+02   0.372896E+00   0.373537E-02   0.777927E-01   0.226503E+00
 0.120166E+02   0.370757E+00   0.367249E-02   0.773509E-01   0.226503E+00
 0.120307E+02   0.368623E+00   0.361038E-02   0.769099E-01   0.226503E+00
 0.120446E+02   0.366492E+00   0.354903E-02   0.764696E-01   0.226503E+00
 0.120585E+02   0.364366E+00   0.348843E-02   0.760301E-01   0.226503E+00
 0.120706E+02   0.362503E+00   0.343588E-02   0.756452E-01   0.226503E+00
 0.120836E+02   0.360481E+00   0.337937E-02   0.752272E-01   0.226503E+00
 0.120966E+02   0.358464E+00   0.332356E-02   0.748100E-01   0.226503E+00
 0.121096E+02   0.356451E+00   0.326844E-02   0.743938E-01   0.226503E+00
 0.121224E+02   0.354442E+00   0.321401E-02   0.739784E-01   0.226503E+00
 0.121352E+02   0.352438E+00   0.316025E-02   0.735638E-01   0.226503E+00
 0.121478E+02   0.350438E+00   0.310716E-02   0.731500E-01   0.226503E+00
 0.121604E+02   0.348442E+00   0.305474E-02   0.727370E-01   0.226503E+00
 0.121730E+02   0.346450E+00   0.300297E-02   0.723248E-01   0.226503E+00
 0.121854E+02   0.344462E+00   0.295184E-02   0.719132E-01   0.226503E+00
 0.121978E+02   0.342478E+00   0.290135E-02   0.715025E-01   0.226503E+00
 0.122101E+02   0.340498E+00   0.285149E-02   0.710926E-01   0.226503E+00
 0.122228E+02   0.338436E+00   0.280013E-02   0.706656E-01   0.226503E+00
 0.122344E+02   0.336560E+00   0.275390E-02   0.702771E-01   0.226503E+00
 0.122459E+02   0.334688E+00   0.270824E-02   0.698894E-01   0.226503E+00
 0.122573E+02   0.332821E+00   0.266317E-02   0.695027E-01   0.226503E+00
 0.122686E+02   0.330959E+00   0.261867E-02   0.691167E-01   0.226503E+00
 0.122798E+02   0.329100E+00   0.257473E-02   0.687316E-01   0.226503E+00
 0.122910E+02   0.327245E+00   0.253135E-02   0.683472E-01   0.226503E+00
 0.123021E+02   0.325395E+00   0.248852E-02   0.679636E-01   0.226503E+00
 0.123132E+02   0.323548E+00   0.244623E-02   0.675808E-01   0.226503E+00
 0.123241E+02   0.321705E+00   0.240449E-02   0.671987E-01   0.226503E+00
 0.123350E+02   0.319865E+00   0.236327E-02   0.668173E-01   0.226503E+00
 0.123459E+02   0.318030E+00   0.232257E-02   0.664366E-01   0.226503E+00
 0.123566E+02   0.316198E+00   0.228238E-02   0.660567E-01   0.226503E+00
 0.123681E+02   0.314231E+00   0.223972E-02   0.656487E-01   0.226503E+00
 0.123782E+02   0.312501E+00   0.220260E-02   0.652898E-01   0.226503E+00
 0.123882E+02   0.310775E+00   0.216596E-02   0.649317E-01   0.226503E+00
 0.124014E+02   0.308481E+00   0.211784E-02   0.644557E-01   0.226503E+00
 0.124145E+02   0.306194E+00   0.207055E-02   0.639810E-01   0.226503E+00
 0.124275E+02   0.303913E+00   0.202408E-02   0.635077E-01   0.226503E+00
 0.124404E+02   0.301640E+00   0.197840E-02   0.630357E-01   0.226503E+00
 0.124532E+02   0.299373E+00   0.193351E-02   0.625650E-01   0.226503E+00
 0.124658E+02   0.297112E+00   0.188938E-02   0.620954E-01   0.226503E+00
 0.124783E+02   0.294857E+00   0.184602E-02   0.616271E-01   0.226503E+00
 0.124908E+02   0.292608E+00   0.180339E-02   0.611600E-01   0.226503E+00
 0.125010E+02   0.290743E+00   0.176851E-02   0.607726E-01   0.226503E+00
 0.125126E+02   0.288630E+00   0.172950E-02   0.603336E-01   0.226503E+00
 0.125240E+02   0.286525E+00   0.169117E-02   0.598961E-01   0.226503E+00
 0.125353E+02   0.284427E+00   0.165352E-02   0.594600E-01   0.226503E+00
 0.125465E+02   0.282335E+00   0.161653E-02   0.590253E-01   0.226503E+00
 0.125577E+02   0.280250E+00   0.158018E-02   0.585918E-01   0.226503E+00
 0.125687E+02   0.278171E+00   0.154448E-02   0.581596E-01   0.226503E+00
 0.125796E+02   0.276098E+00   0.150939E-02   0.577286E-01   0.226503E+00
 0.125904E+02   0.274031E+00   0.147492E-02   0.572986E-01   0.226503E+00
 0.126011E+02   0.271969E+00   0.144105E-02   0.568698E-01   0.226503E+00
 0.126117E+02   0.269913E+00   0.140776E-02   0.564420E-01   0.226503E+00
 0.126222E+02   0.267862E+00   0.137505E-02   0.560154E-01   0.226503E+00
 0.126341E+02   0.265532E+00   0.133847E-02   0.555305E-01   0.226503E+00
 0.126462E+02   0.263134E+00   0.130149E-02   0.550317E-01   0.226503E+00
 0.126582E+02   0.260748E+00   0.126534E-02   0.545350E-01   0.226503E+00
 0.126700E+02   0.258371E+00   0.123000E-02   0.540403E-01   0.226503E+00
 0.126816E+02   0.256003E+00   0.119544E-02   0.535474E-01   0.226503E+00
 0.126932E+02   0.253644E+00   0.116165E-02   0.530562E-01   0.226503E+00
 0.127045E+02   0.251293E+00   0.112861E-02   0.525666E-01   0.226503E+00
 0.127158E+02   0.248950E+00   0.109630E-02   0.520787E-01   0.226503E+00
 0.127269E+02   0.246615E+00   0.106469E-02   0.515922E-01   0.226503E+00
 0.127379E+02   0.244287E+00   0.103378E-02   0.511073E-01   0.226503E+00
 0.127483E+02   0.242066E+00   0.100482E-02   0.506445E-01   0.226503E+00
 0.127583E+02   0.239908E+00   0.977198E-03   0.501950E-01   0.226503E+00
 0.127701E+02   0.237333E+00   0.944888E-03   0.496583E-01   0.226503E+00
 0.127818E+02   0.234771E+00   0.913460E-03   0.491243E-01   0.226503E+00
 0.127933E+02   0.232220E+00   0.882891E-03   0.485926E-01   0.226503E+00
 0.128046E+02   0.229681E+00   0.853149E-03   0.480632E-01   0.226503E+00
 0.128157E+02   0.227151E+00   0.824213E-03   0.475358E-01   0.226503E+00
 0.128266E+02   0.224632E+00   0.796053E-03   0.470104E-01   0.226503E+00
 0.128374E+02   0.222121E+00   0.768644E-03   0.464869E-01   0.226503E+00
 0.128475E+02   0.219756E+00   0.743393E-03   0.459935E-01   0.226503E+00
 0.128580E+02   0.217268E+00   0.717426E-03   0.454745E-01   0.226503E+00
 0.128692E+02   0.214567E+00   0.689929E-03   0.449110E-01   0.226503E+00
 0.128802E+02   0.211882E+00   0.663330E-03   0.443509E-01   0.226503E+00
 0.128910E+02   0.209213E+00   0.637594E-03   0.437938E-01   0.226503E+00
 0.129016E+02   0.206556E+00   0.612682E-03   0.432393E-01   0.226503E+00
 0.129121E+02   0.203911E+00   0.588565E-03   0.426873E-01   0.226503E+00
 0.129223E+02   0.201278E+00   0.565208E-03   0.421375E-01   0.226503E+00
 0.129323E+02   0.198655E+00   0.542582E-03   0.415900E-01   0.226503E+00
 0.129426E+02   0.195947E+00   0.519863E-03   0.410245E-01   0.226503E+00
 0.129538E+02   0.192927E+00   0.495282E-03   0.403939E-01   0.226503E+00
 0.129649E+02   0.189903E+00   0.471489E-03   0.397623E-01   0.226503E+00
 0.129756E+02   0.186903E+00   0.448723E-03   0.391357E-01   0.226503E+00
 0.129861E+02   0.183923E+00   0.426927E-03   0.385131E-01   0.226503E+00
 0.129964E+02   0.180958E+00   0.406047E-03   0.378936E-01   0.226503E+00
 0.130074E+02   0.177679E+00   0.383857E-03   0.372085E-01   0.226503E+00
 0.130182E+02   0.174416E+00   0.362673E-03   0.365266E-01   0.226503E+00
 0.130288E+02   0.171132E+00   0.342221E-03   0.358404E-01   0.226503E+00
 0.130392E+02   0.167832E+00   0.322512E-03   0.351505E-01   0.226503E+00
 0.130493E+02   0.164565E+00   0.303854E-03   0.344675E-01   0.226503E+00
 0.130600E+02   0.161029E+00   0.284611E-03   0.337282E-01   0.226503E+00
 0.130702E+02   0.157515E+00   0.266439E-03   0.329936E-01   0.226503E+00
 0.130810E+02   0.153732E+00   0.247867E-03   0.322023E-01   0.226503E+00
 0.130914E+02   0.149971E+00   0.230369E-03   0.314157E-01   0.226503E+00
 0.131017E+02   0.146137E+00   0.213450E-03   0.306139E-01   0.226503E+00
 0.131121E+02   0.142172E+00   0.196977E-03   0.297845E-01   0.226503E+00
 0.131224E+02   0.138017E+00   0.180929E-03   0.289150E-01   0.226503E+00
 0.131328E+02   0.133643E+00   0.165375E-03   0.279999E-01   0.226503E+00
 0.131432E+02   0.129036E+00   0.150361E-03   0.270359E-01   0.226503E+00
 0.131536E+02   0.124194E+00   0.135923E-03   0.260224E-01   0.226503E+00
 0.131640E+02   0.119093E+00   0.122053E-03   0.249548E-01   0.226503E+00
 0.131741E+02   0.113822E+00   0.109139E-03   0.238514E-01   0.226503E+00
 0.131843E+02   0.108153E+00   0.967218E-04   0.226645E-01   0.226503E+00
 0.131946E+02   0.102091E+00   0.848860E-04   0.213952E-01   0.226503E+00
 0.132047E+02   0.957613E-01   0.739185E-04   0.200696E-01   0.226503E+00
 0.132149E+02   0.886469E-01   0.636563E-04   0.185795E-01   0.226503E+00
 0.132250E+02   0.805516E-01   0.543799E-04   0.168839E-01   0.226503E+00
 0.132350E+02   0.715049E-01   0.461005E-04   0.149894E-01   0.226503E+00
 0.132451E+02   0.618034E-01   0.387405E-04   0.129575E-01   0.226503E+00
 0.132552E+02   0.523681E-01   0.325374E-04   0.109797E-01   0.226503E+00
 0.132652E+02   0.435941E-01   0.273118E-04   0.913874E-02   0.226503E+00
 0.132753E+02   0.360753E-01   0.229877E-04   0.756231E-02   0.226503E+00
 0.132855E+02   0.298481E-01   0.193769E-04   0.625940E-02   0.226503E+00
 0.132957E+02   0.248429E-01   0.163861E-04   0.521479E-02   0.226503E+00
 0.133058E+02   0.207619E-01   0.138983E-04   0.436387E-02   0.226503E+00
 0.133160E+02   0.173702E-01   0.118242E-04   0.365624E-02   0.226503E+00
 0.133260E+02   0.145567E-01   0.101154E-04   0.306833E-02   0.226503E+00
 0.133361E+02   0.121496E-01   0.867115E-05   0.256434E-02   0.226503E+00
 0.133462E+02   0.101249E-01   0.747394E-05   0.213950E-02   0.226503E+00
 0.133563E+02   0.841773E-02   0.647950E-05   0.178050E-02   0.226503E+00
 0.133664E+02   0.697775E-02   0.565265E-05   0.147706E-02   0.226503E+00
 0.133766E+02   0.576423E-02   0.496496E-05   0.122084E-02   0.226503E+00
 0.133866E+02   0.476283E-02   0.440408E-05   0.100905E-02   0.226503E+00
 0.133968E+02   0.391911E-02   0.393631E-05   0.830327E-03   0.226503E+00
 0.134070E+02   0.322387E-02   0.355421E-05   0.682862E-03   0.226503E+00
 0.134171E+02   0.265067E-02   0.324152E-05   0.561146E-03   0.226503E+00
 0.134272E+02   0.217793E-02   0.298522E-05   0.460663E-03   0.226503E+00
 0.134373E+02   0.178797E-02   0.277489E-05   0.377708E-03   0.226503E+00
 0.134474E+02   0.146629E-02   0.260215E-05   0.309233E-03   0.226503E+00
 0.134575E+02   0.121221E-02   0.246102E-05   0.255114E-03   0.226503E+00
 0.134675E+02   0.119057E-02   0.233568E-05   0.250508E-03   0.226503E+00
 0.134776E+02   0.115998E-02   0.221103E-05   0.244026E-03   0.226503E+00
 0.134881E+02   0.109948E-02   0.208769E-05   0.231283E-03   0.226503E+00
 0.134984E+02   0.102891E-02   0.197309E-05   0.216506E-03   0.226503E+00
 0.135085E+02   0.962229E-03   0.186814E-05   0.202565E-03   0.226503E+00
 0.135194E+02   0.901635E-03   0.176249E-05   0.189864E-03   0.226503E+00
 0.135298E+02   0.854601E-03   0.166825E-05   0.179982E-03   0.226503E+00
 0.135405E+02   0.813461E-03   0.157554E-05   0.171332E-03   0.226503E+00
 0.135507E+02   0.779473E-03   0.149144E-05   0.164187E-03   0.226503E+00
 0.135610E+02   0.748886E-03   0.141064E-05   0.157761E-03   0.226503E+00
 0.135713E+02   0.720350E-03   0.133271E-05   0.151772E-03   0.226503E+00
 0.135816E+02   0.692495E-03   0.125798E-05   0.145928E-03   0.226503E+00
 0.135917E+02   0.664533E-03   0.118756E-05   0.140059E-03   0.226503E+00
 0.136020E+02   0.634385E-03   0.111861E-05   0.133725E-03   0.226503E+00
 0.136121E+02   0.602920E-03   0.105448E-05   0.127101E-03   0.226503E+00
 0.136222E+02   0.569956E-03   0.994461E-06   0.120145E-03   0.226503E+00
 0.136326E+02   0.536184E-03   0.935789E-06   0.113021E-03   0.226503E+00
 0.136430E+02   0.505392E-03   0.880740E-06   0.106554E-03   0.226503E+00
 0.136530E+02   0.477957E-03   0.830422E-06   0.100801E-03   0.226503E+00
 0.136636E+02   0.450324E-03   0.780678E-06   0.949827E-04   0.226503E+00
 0.136737E+02   0.425261E-03   0.735893E-06   0.896865E-04   0.226503E+00
 0.136842E+02   0.401188E-03   0.691941E-06   0.845967E-04   0.226503E+00
 0.136945E+02   0.380016E-03   0.651404E-06   0.801281E-04   0.226503E+00
 0.137047E+02   0.361371E-03   0.613199E-06   0.762053E-04   0.226503E+00
 0.137148E+02   0.344982E-03   0.577650E-06   0.727646E-04   0.226503E+00
 0.137249E+02   0.329650E-03   0.543317E-06   0.695480E-04   0.226503E+00
 0.137351E+02   0.314994E-03   0.510226E-06   0.664716E-04   0.226503E+00
 0.137455E+02   0.300732E-03   0.478451E-06   0.634731E-04   0.226503E+00
 0.137557E+02   0.286861E-03   0.448458E-06   0.605500E-04   0.226503E+00
 0.137660E+02   0.273044E-03   0.419545E-06   0.576330E-04   0.226503E+00
 0.137763E+02   0.259664E-03   0.392384E-06   0.548061E-04   0.226503E+00
 0.137864E+02   0.246737E-03   0.366871E-06   0.520758E-04   0.226503E+00
 0.137970E+02   0.233619E-03   0.341653E-06   0.493082E-04   0.226503E+00
 0.138071E+02   0.221594E-03   0.319001E-06   0.467749E-04   0.226503E+00
 0.138174E+02   0.209813E-03   0.296970E-06   0.442947E-04   0.226503E+00
 0.138276E+02   0.198870E-03   0.276420E-06   0.419902E-04   0.226503E+00
 0.138382E+02   0.188251E-03   0.256190E-06   0.397518E-04   0.226503E+00
 0.138486E+02   0.178505E-03   0.237409E-06   0.376948E-04   0.226503E+00
 0.138588E+02   0.169174E-03   0.220093E-06   0.357240E-04   0.226503E+00
 0.138689E+02   0.159593E-03   0.203742E-06   0.337006E-04   0.226503E+00
 0.138790E+02   0.149543E-03   0.188404E-06   0.315800E-04   0.226503E+00
 0.138892E+02   0.139135E-03   0.174135E-06   0.293873E-04   0.226503E+00
 0.138995E+02   0.128933E-03   0.160637E-06   0.272388E-04   0.226503E+00
 0.139097E+02   0.119890E-03   0.148251E-06   0.253322E-04   0.226503E+00
 0.139200E+02   0.112103E-03   0.136626E-06   0.236877E-04   0.226503E+00
 0.139303E+02   0.105322E-03   0.125788E-06   0.222542E-04   0.226503E+00
 0.139403E+02   0.992438E-04   0.115855E-06   0.209694E-04   0.226503E+00
 0.139506E+02   0.933066E-04   0.106321E-06   0.197157E-04   0.226503E+00
 0.139607E+02   0.875488E-04   0.975040E-07   0.185013E-04   0.226503E+00
 0.139710E+02   0.816878E-04   0.891052E-07   0.172656E-04   0.226503E+00
 0.139811E+02   0.758963E-04   0.814194E-07   0.160436E-04   0.226503E+00
 0.139913E+02   0.701035E-04   0.742812E-07   0.148195E-04   0.226503E+00
 0.140013E+02   0.646896E-04   0.677933E-07   0.136749E-04   0.226503E+00
 0.140117E+02   0.596837E-04   0.616464E-07   0.126177E-04   0.226503E+00
 0.140221E+02   0.552820E-04   0.559193E-07   0.116899E-04   0.226503E+00
 0.140322E+02   0.514701E-04   0.508013E-07   0.108865E-04   0.226503E+00
 0.140423E+02   0.478806E-04   0.460139E-07   0.101284E-04   0.226503E+00
 0.140524E+02   0.444203E-04   0.415547E-07   0.939553E-05   0.226503E+00
 0.140628E+02   0.410162E-04   0.373481E-07   0.867384E-05   0.226503E+00
 0.140729E+02   0.378262E-04   0.335634E-07   0.799914E-05   0.226503E+00
 0.140834E+02   0.346955E-04   0.299794E-07   0.733989E-05   0.226503E+00
 0.140941E+02   0.317201E-04   0.266207E-07   0.671390E-05   0.226503E+00
 0.141042E+02   0.291842E-04   0.237348E-07   0.617853E-05   0.226503E+00
 0.141142E+02   0.268282E-04   0.210891E-07   0.567890E-05   0.226503E+00
 0.141244E+02   0.244056E-04   0.186261E-07   0.516451E-05   0.226503E+00
 0.141346E+02   0.219032E-04   0.164189E-07   0.463437E-05   0.226503E+00
 0.141448E+02   0.195311E-04   0.144465E-07   0.413288E-05   0.226503E+00
 0.141549E+02   0.175147E-04   0.126933E-07   0.370654E-05   0.226503E+00
 0.141649E+02   0.158190E-04   0.111332E-07   0.334779E-05   0.226503E+00
 0.141750E+02   0.143115E-04   0.971871E-08   0.302879E-05   0.226503E+00
 0.141850E+02   0.129447E-04   0.844927E-08   0.273962E-05   0.226503E+00
 0.141953E+02   0.116466E-04   0.728106E-08   0.246511E-05   0.226503E+00
 0.142053E+02   0.104454E-04   0.625261E-08   0.221119E-05   0.226503E+00
 0.142154E+02   0.928781E-05   0.532904E-08   0.196651E-05   0.226503E+00
 0.142256E+02   0.816693E-05   0.450471E-08   0.172950E-05   0.226503E+00
 0.142358E+02   0.710466E-05   0.378508E-08   0.150474E-05   0.226503E+00
 0.142461E+02   0.614135E-05   0.316025E-08   0.130077E-05   0.226503E+00
 0.142563E+02   0.533404E-05   0.262138E-08   0.112978E-05   0.226503E+00
 0.142664E+02   0.469278E-05   0.215681E-08   0.993952E-06   0.226503E+00
 0.142765E+02   0.408751E-05   0.175025E-08   0.865767E-06   0.226503E+00
 0.142866E+02   0.324360E-05   0.141184E-08   0.687112E-06   0.226503E+00
 0.142966E+02   0.265835E-05   0.114497E-08   0.563190E-06   0.226503E+00
 0.143067E+02   0.228743E-05   0.915846E-09   0.484631E-06   0.226503E+00
 0.143168E+02   0.191884E-05   0.723482E-09   0.406570E-06   0.226503E+00
 0.143270E+02   0.158323E-05   0.560913E-09   0.335471E-06   0.226503E+00
 0.143371E+02   0.131072E-05   0.428964E-09   0.277707E-06   0.226503E+00
 0.143471E+02   0.106055E-05   0.321024E-09   0.224691E-06   0.226503E+00
 0.143572E+02   0.816677E-06   0.235114E-09   0.173078E-06   0.226503E+00
 0.143673E+02   0.630184E-06   0.169941E-09   0.133587E-06   0.226503E+00
 0.143774E+02   0.487869E-06   0.119228E-09   0.103418E-06   0.226503E+00
 0.143874E+02   0.368185E-06   0.806627E-10   0.780504E-07   0.226503E+00
 0.143975E+02   0.267147E-06   0.520318E-10   0.566455E-07   0.226503E+00
 0.144075E+02   0.186745E-06   0.316863E-10   0.396022E-07   0.226503E+00
 0.144176E+02   0.124111E-06   0.177609E-10   0.263137E-07   0.226503E+00
 0.144276E+02   0.749652E-07   0.893095E-11   0.158928E-07   0.226503E+00
 0.144377E+02   0.421707E-07   0.380969E-11   0.894151E-08   0.226503E+00
 0.144476E+02   0.180319E-07   0.117296E-11   0.382403E-08   0.226503E+00
 0.144577E+02   0.529515E-08   0.185366E-12   0.112292E-08   0.226503E+00
