 0.000000E+00   0.124800E+01   0.112080E+00   0.249957E+00   0.249956E+00
 0.101768E-01   0.124800E+01   0.112080E+00   0.249956E+00   0.249956E+00
 0.204850E-01   0.124800E+01   0.112079E+00   0.249956E+00   0.249956E+00
 0.309033E-01   0.124800E+01   0.112079E+00   0.249956E+00   0.249956E+00
 0.410138E-01   0.124799E+01   0.112078E+00   0.249955E+00   0.249956E+00
 0.512041E-01   0.124799E+01   0.112077E+00   0.249955E+00   0.249956E+00
 0.618465E-01   0.124798E+01   0.112075E+00   0.249954E+00   0.249956E+00
 0.726871E-01   0.124798E+01   0.112073E+00   0.249953E+00   0.249956E+00
 0.834716E-01   0.124797E+01   0.112071E+00   0.249951E+00   0.249956E+00
 0.939491E-01   0.124796E+01   0.112069E+00   0.249950E+00   0.249956E+00
 0.105184E+00   0.124795E+01   0.112067E+00   0.249948E+00   0.249956E+00
 0.115819E+00   0.124795E+01   0.112064E+00   0.249946E+00   0.249956E+00
 0.127074E+00   0.124793E+01   0.112061E+00   0.249944E+00   0.249956E+00
 0.137443E+00   0.124792E+01   0.112057E+00   0.249942E+00   0.249956E+00
 0.148307E+00   0.124791E+01   0.112054E+00   0.249940E+00   0.249956E+00
 0.159667E+00   0.124790E+01   0.112050E+00   0.249937E+00   0.249956E+00
 0.169809E+00   0.124788E+01   0.112046E+00   0.249935E+00   0.249956E+00
 0.180331E+00   0.124787E+01   0.112041E+00   0.249932E+00   0.249956E+00
 0.191231E+00   0.124785E+01   0.112037E+00   0.249929E+00   0.249956E+00
 0.202522E+00   0.124783E+01   0.112031E+00   0.249926E+00   0.249956E+00
 0.214206E+00   0.124781E+01   0.112026E+00   0.249922E+00   0.249956E+00
 0.224246E+00   0.124779E+01   0.112021E+00   0.249919E+00   0.249956E+00
 0.234562E+00   0.124778E+01   0.112015E+00   0.249915E+00   0.249956E+00
 0.245157E+00   0.124775E+01   0.112009E+00   0.249911E+00   0.249956E+00
 0.256032E+00   0.124773E+01   0.112003E+00   0.249907E+00   0.249956E+00
 0.267197E+00   0.124771E+01   0.111996E+00   0.249903E+00   0.249956E+00
 0.278645E+00   0.124768E+01   0.111988E+00   0.249898E+00   0.249956E+00
 0.290386E+00   0.124766E+01   0.111981E+00   0.249893E+00   0.249956E+00
 0.302417E+00   0.124763E+01   0.111972E+00   0.249888E+00   0.249956E+00
 0.314741E+00   0.124759E+01   0.111963E+00   0.249882E+00   0.249956E+00
 0.324816E+00   0.124757E+01   0.111956E+00   0.249877E+00   0.249956E+00
 0.335081E+00   0.124754E+01   0.111948E+00   0.249872E+00   0.249956E+00
 0.345539E+00   0.124751E+01   0.111939E+00   0.249867E+00   0.249956E+00
 0.356192E+00   0.124748E+01   0.111930E+00   0.249861E+00   0.249956E+00
 0.367039E+00   0.124745E+01   0.111921E+00   0.249855E+00   0.249956E+00
 0.378083E+00   0.124742E+01   0.111912E+00   0.249849E+00   0.249956E+00
 0.389321E+00   0.124738E+01   0.111901E+00   0.249843E+00   0.249956E+00
 0.400759E+00   0.124734E+01   0.111891E+00   0.249836E+00   0.249956E+00
 0.412397E+00   0.124730E+01   0.111880E+00   0.249829E+00   0.249956E+00
 0.424233E+00   0.124726E+01   0.111868E+00   0.249821E+00   0.249956E+00
 0.436271E+00   0.124722E+01   0.111856E+00   0.249813E+00   0.249956E+00
 0.448515E+00   0.124718E+01   0.111843E+00   0.249805E+00   0.249956E+00
 0.460961E+00   0.124713E+01   0.111830E+00   0.249797E+00   0.249956E+00
 0.473610E+00   0.124708E+01   0.111816E+00   0.249788E+00   0.249956E+00
 0.486466E+00   0.124703E+01   0.111801E+00   0.249779E+00   0.249956E+00
 0.499529E+00   0.124698E+01   0.111786E+00   0.249769E+00   0.249956E+00
 0.512801E+00   0.124692E+01   0.111771E+00   0.249759E+00   0.249956E+00
 0.522891E+00   0.124688E+01   0.111758E+00   0.249751E+00   0.249956E+00
 0.533101E+00   0.124684E+01   0.111746E+00   0.249743E+00   0.249956E+00
 0.543431E+00   0.124679E+01   0.111733E+00   0.249734E+00   0.249956E+00
 0.553877E+00   0.124675E+01   0.111719E+00   0.249726E+00   0.249956E+00
 0.564444E+00   0.124670E+01   0.111705E+00   0.249717E+00   0.249956E+00
 0.575129E+00   0.124665E+01   0.111691E+00   0.249708E+00   0.249956E+00
 0.585936E+00   0.124660E+01   0.111676E+00   0.249698E+00   0.249956E+00
 0.596860E+00   0.124654E+01   0.111661E+00   0.249689E+00   0.249956E+00
 0.607907E+00   0.124649E+01   0.111645E+00   0.249679E+00   0.249956E+00
 0.619077E+00   0.124643E+01   0.111629E+00   0.249668E+00   0.249956E+00
 0.630367E+00   0.124637E+01   0.111613E+00   0.249658E+00   0.249956E+00
 0.641781E+00   0.124632E+01   0.111596E+00   0.249647E+00   0.249956E+00
 0.653315E+00   0.124625E+01   0.111578E+00   0.249636E+00   0.249956E+00
 0.664972E+00   0.124619E+01   0.111560E+00   0.249624E+00   0.249956E+00
 0.676754E+00   0.124613E+01   0.111542E+00   0.249612E+00   0.249956E+00
 0.688658E+00   0.124606E+01   0.111522E+00   0.249600E+00   0.249956E+00
 0.700688E+00   0.124599E+01   0.111503E+00   0.249587E+00   0.249956E+00
 0.712844E+00   0.124592E+01   0.111483E+00   0.249574E+00   0.249956E+00
 0.725123E+00   0.124585E+01   0.111462E+00   0.249561E+00   0.249956E+00
 0.737528E+00   0.124577E+01   0.111441E+00   0.249547E+00   0.249956E+00
 0.750059E+00   0.124570E+01   0.111419E+00   0.249533E+00   0.249956E+00
 0.762718E+00   0.124562E+01   0.111396E+00   0.249519E+00   0.249956E+00
 0.775503E+00   0.124554E+01   0.111373E+00   0.249504E+00   0.249956E+00
 0.788415E+00   0.124546E+01   0.111350E+00   0.249489E+00   0.249956E+00
 0.801455E+00   0.124537E+01   0.111325E+00   0.249473E+00   0.249956E+00
 0.814623E+00   0.124528E+01   0.111300E+00   0.249457E+00   0.249956E+00
 0.827915E+00   0.124519E+01   0.111275E+00   0.249441E+00   0.249956E+00
 0.841339E+00   0.124510E+01   0.111248E+00   0.249424E+00   0.249956E+00
 0.854891E+00   0.124501E+01   0.111221E+00   0.249407E+00   0.249956E+00
 0.868569E+00   0.124491E+01   0.111194E+00   0.249389E+00   0.249956E+00
 0.882378E+00   0.124481E+01   0.111166E+00   0.249371E+00   0.249956E+00
 0.896320E+00   0.124471E+01   0.111136E+00   0.249352E+00   0.249956E+00
 0.910392E+00   0.124461E+01   0.111107E+00   0.249333E+00   0.249956E+00
 0.924592E+00   0.124450E+01   0.111076E+00   0.249313E+00   0.249956E+00
 0.938926E+00   0.124439E+01   0.111045E+00   0.249293E+00   0.249956E+00
 0.953390E+00   0.124428E+01   0.111013E+00   0.249272E+00   0.249956E+00
 0.967987E+00   0.124416E+01   0.110980E+00   0.249251E+00   0.249956E+00
 0.982717E+00   0.124405E+01   0.110946E+00   0.249230E+00   0.249956E+00
 0.997578E+00   0.124393E+01   0.110912E+00   0.249207E+00   0.249956E+00
 0.101257E+01   0.124380E+01   0.110877E+00   0.249185E+00   0.249956E+00
 0.102264E+01   0.124372E+01   0.110853E+00   0.249169E+00   0.249956E+00
 0.103277E+01   0.124363E+01   0.110828E+00   0.249153E+00   0.249956E+00
 0.104296E+01   0.124355E+01   0.110804E+00   0.249137E+00   0.249956E+00
 0.105320E+01   0.124346E+01   0.110778E+00   0.249121E+00   0.249956E+00
 0.106351E+01   0.124337E+01   0.110753E+00   0.249105E+00   0.249956E+00
 0.107387E+01   0.124328E+01   0.110727E+00   0.249088E+00   0.249956E+00
 0.108430E+01   0.124318E+01   0.110701E+00   0.249071E+00   0.249956E+00
 0.109478E+01   0.124309E+01   0.110674E+00   0.249054E+00   0.249956E+00
 0.110533E+01   0.124300E+01   0.110647E+00   0.249036E+00   0.249956E+00
 0.111594E+01   0.124290E+01   0.110619E+00   0.249019E+00   0.249956E+00
 0.112661E+01   0.124280E+01   0.110591E+00   0.249000E+00   0.249956E+00
 0.113733E+01   0.124270E+01   0.110563E+00   0.248982E+00   0.249956E+00
 0.114812E+01   0.124260E+01   0.110534E+00   0.248964E+00   0.249956E+00
 0.115896E+01   0.124250E+01   0.110505E+00   0.248945E+00   0.249956E+00
 0.116987E+01   0.124239E+01   0.110475E+00   0.248925E+00   0.249956E+00
 0.118084E+01   0.124229E+01   0.110445E+00   0.248906E+00   0.249956E+00
 0.119187E+01   0.124218E+01   0.110414E+00   0.248886E+00   0.249956E+00
 0.120296E+01   0.124207E+01   0.110383E+00   0.248866E+00   0.249956E+00
 0.121411E+01   0.124196E+01   0.110352E+00   0.248846E+00   0.249956E+00
 0.122532E+01   0.124185E+01   0.110320E+00   0.248825E+00   0.249956E+00
 0.123659E+01   0.124173E+01   0.110288E+00   0.248804E+00   0.249956E+00
 0.124793E+01   0.124162E+01   0.110255E+00   0.248783E+00   0.249956E+00
 0.125932E+01   0.124150E+01   0.110221E+00   0.248761E+00   0.249956E+00
 0.127078E+01   0.124138E+01   0.110188E+00   0.248739E+00   0.249956E+00
 0.128229E+01   0.124126E+01   0.110153E+00   0.248717E+00   0.249956E+00
 0.129387E+01   0.124114E+01   0.110118E+00   0.248694E+00   0.249956E+00
 0.130551E+01   0.124101E+01   0.110083E+00   0.248672E+00   0.249956E+00
 0.131721E+01   0.124089E+01   0.110047E+00   0.248648E+00   0.249956E+00
 0.132897E+01   0.124076E+01   0.110011E+00   0.248625E+00   0.249956E+00
 0.134080E+01   0.124063E+01   0.109974E+00   0.248601E+00   0.249956E+00
 0.135268E+01   0.124050E+01   0.109937E+00   0.248577E+00   0.249956E+00
 0.136463E+01   0.124036E+01   0.109899E+00   0.248552E+00   0.249956E+00
 0.137664E+01   0.124023E+01   0.109861E+00   0.248527E+00   0.249956E+00
 0.138871E+01   0.124009E+01   0.109822E+00   0.248502E+00   0.249956E+00
 0.140085E+01   0.123995E+01   0.109782E+00   0.248476E+00   0.249956E+00
 0.141304E+01   0.123981E+01   0.109742E+00   0.248450E+00   0.249956E+00
 0.142530E+01   0.123967E+01   0.109702E+00   0.248424E+00   0.249956E+00
 0.143762E+01   0.123952E+01   0.109661E+00   0.248397E+00   0.249956E+00
 0.145000E+01   0.123938E+01   0.109619E+00   0.248370E+00   0.249956E+00
 0.146244E+01   0.123923E+01   0.109577E+00   0.248343E+00   0.249956E+00
 0.147495E+01   0.123908E+01   0.109534E+00   0.248315E+00   0.249956E+00
 0.148752E+01   0.123892E+01   0.109491E+00   0.248287E+00   0.249956E+00
 0.150015E+01   0.123877E+01   0.109447E+00   0.248258E+00   0.249956E+00
 0.151284E+01   0.123861E+01   0.109403E+00   0.248229E+00   0.249956E+00
 0.152560E+01   0.123845E+01   0.109357E+00   0.248200E+00   0.249956E+00
 0.153842E+01   0.123829E+01   0.109312E+00   0.248170E+00   0.249956E+00
 0.155130E+01   0.123812E+01   0.109266E+00   0.248140E+00   0.249956E+00
 0.156424E+01   0.123796E+01   0.109219E+00   0.248109E+00   0.249956E+00
 0.157725E+01   0.123779E+01   0.109171E+00   0.248078E+00   0.249956E+00
 0.159032E+01   0.123762E+01   0.109123E+00   0.248047E+00   0.249956E+00
 0.160346E+01   0.123745E+01   0.109074E+00   0.248015E+00   0.249956E+00
 0.161666E+01   0.123727E+01   0.109025E+00   0.247983E+00   0.249956E+00
 0.162992E+01   0.123709E+01   0.108975E+00   0.247950E+00   0.249956E+00
 0.164325E+01   0.123691E+01   0.108924E+00   0.247917E+00   0.249956E+00
 0.165663E+01   0.123673E+01   0.108873E+00   0.247883E+00   0.249956E+00
 0.167009E+01   0.123655E+01   0.108821E+00   0.247849E+00   0.249956E+00
 0.168360E+01   0.123636E+01   0.108769E+00   0.247815E+00   0.249956E+00
 0.169718E+01   0.123617E+01   0.108715E+00   0.247780E+00   0.249956E+00
 0.171082E+01   0.123598E+01   0.108661E+00   0.247744E+00   0.249956E+00
 0.172452E+01   0.123578E+01   0.108607E+00   0.247709E+00   0.249956E+00
 0.173829E+01   0.123559E+01   0.108552E+00   0.247672E+00   0.249956E+00
 0.175213E+01   0.123539E+01   0.108496E+00   0.247636E+00   0.249956E+00
 0.176602E+01   0.123519E+01   0.108439E+00   0.247598E+00   0.249956E+00
 0.177998E+01   0.123498E+01   0.108382E+00   0.247561E+00   0.249956E+00
 0.179400E+01   0.123478E+01   0.108324E+00   0.247523E+00   0.249956E+00
 0.180809E+01   0.123457E+01   0.108265E+00   0.247484E+00   0.249956E+00
 0.182224E+01   0.123435E+01   0.108205E+00   0.247445E+00   0.249956E+00
 0.183645E+01   0.123414E+01   0.108145E+00   0.247405E+00   0.249956E+00
 0.185073E+01   0.123392E+01   0.108084E+00   0.247365E+00   0.249956E+00
 0.186508E+01   0.123370E+01   0.108023E+00   0.247325E+00   0.249956E+00
 0.187949E+01   0.123348E+01   0.107960E+00   0.247284E+00   0.249956E+00
 0.189396E+01   0.123325E+01   0.107897E+00   0.247242E+00   0.249956E+00
 0.190849E+01   0.123302E+01   0.107833E+00   0.247200E+00   0.249956E+00
 0.192309E+01   0.123279E+01   0.107769E+00   0.247157E+00   0.249956E+00
 0.193775E+01   0.123256E+01   0.107703E+00   0.247114E+00   0.249956E+00
 0.195248E+01   0.123232E+01   0.107637E+00   0.247070E+00   0.249956E+00
 0.196727E+01   0.123208E+01   0.107570E+00   0.247026E+00   0.249956E+00
 0.198213E+01   0.123184E+01   0.107503E+00   0.246981E+00   0.249956E+00
 0.199704E+01   0.123159E+01   0.107434E+00   0.246936E+00   0.249956E+00
 0.201203E+01   0.123134E+01   0.107365E+00   0.246890E+00   0.249956E+00
 0.202708E+01   0.123109E+01   0.107295E+00   0.246844E+00   0.249956E+00
 0.204219E+01   0.123084E+01   0.107224E+00   0.246797E+00   0.249956E+00
 0.205737E+01   0.123058E+01   0.107152E+00   0.246749E+00   0.249956E+00
 0.207261E+01   0.123032E+01   0.107080E+00   0.246701E+00   0.249956E+00
 0.208792E+01   0.123005E+01   0.107007E+00   0.246652E+00   0.249956E+00
 0.210329E+01   0.122979E+01   0.106932E+00   0.246603E+00   0.249956E+00
 0.211873E+01   0.122952E+01   0.106857E+00   0.246553E+00   0.249956E+00
 0.213423E+01   0.122924E+01   0.106782E+00   0.246503E+00   0.249956E+00
 0.214979E+01   0.122897E+01   0.106705E+00   0.246452E+00   0.249956E+00
 0.216542E+01   0.122869E+01   0.106627E+00   0.246400E+00   0.249956E+00
 0.218112E+01   0.122840E+01   0.106549E+00   0.246348E+00   0.249956E+00
 0.219687E+01   0.122812E+01   0.106470E+00   0.246295E+00   0.249956E+00
 0.221270E+01   0.122783E+01   0.106390E+00   0.246241E+00   0.249956E+00
 0.222859E+01   0.122753E+01   0.106309E+00   0.246187E+00   0.249956E+00
 0.224454E+01   0.122724E+01   0.106227E+00   0.246133E+00   0.249956E+00
 0.226056E+01   0.122694E+01   0.106144E+00   0.246077E+00   0.249956E+00
 0.227664E+01   0.122663E+01   0.106060E+00   0.246021E+00   0.249956E+00
 0.229281E+01   0.122633E+01   0.105976E+00   0.245964E+00   0.249956E+00
 0.230903E+01   0.122602E+01   0.105890E+00   0.245907E+00   0.249956E+00
 0.232531E+01   0.122570E+01   0.105804E+00   0.245849E+00   0.249956E+00
 0.234165E+01   0.122539E+01   0.105717E+00   0.245791E+00   0.249956E+00
 0.235806E+01   0.122507E+01   0.105628E+00   0.245731E+00   0.249956E+00
 0.237453E+01   0.122474E+01   0.105539E+00   0.245671E+00   0.249956E+00
 0.239106E+01   0.122441E+01   0.105449E+00   0.245611E+00   0.249956E+00
 0.240766E+01   0.122408E+01   0.105358E+00   0.245550E+00   0.249956E+00
 0.242433E+01   0.122375E+01   0.105266E+00   0.245488E+00   0.249956E+00
 0.244106E+01   0.122341E+01   0.105173E+00   0.245425E+00   0.249956E+00
 0.245786E+01   0.122306E+01   0.105079E+00   0.245362E+00   0.249956E+00
 0.247472E+01   0.122272E+01   0.104984E+00   0.245298E+00   0.249956E+00
 0.249164E+01   0.122237E+01   0.104888E+00   0.245233E+00   0.249956E+00
 0.250864E+01   0.122201E+01   0.104791E+00   0.245167E+00   0.249956E+00
 0.252569E+01   0.122165E+01   0.104694E+00   0.245101E+00   0.249956E+00
 0.254281E+01   0.122129E+01   0.104595E+00   0.245034E+00   0.249956E+00
 0.255999E+01   0.122093E+01   0.104495E+00   0.244967E+00   0.249956E+00
 0.257725E+01   0.122056E+01   0.104394E+00   0.244898E+00   0.249956E+00
 0.259456E+01   0.122018E+01   0.104292E+00   0.244829E+00   0.249956E+00
 0.261194E+01   0.121980E+01   0.104189E+00   0.244759E+00   0.249956E+00
 0.262938E+01   0.121942E+01   0.104085E+00   0.244688E+00   0.249956E+00
 0.264689E+01   0.121903E+01   0.103981E+00   0.244617E+00   0.249956E+00
 0.266446E+01   0.121864E+01   0.103875E+00   0.244545E+00   0.249956E+00
 0.268210E+01   0.121825E+01   0.103768E+00   0.244472E+00   0.249956E+00
 0.269980E+01   0.121785E+01   0.103660E+00   0.244398E+00   0.249956E+00
 0.271756E+01   0.121745E+01   0.103550E+00   0.244324E+00   0.249956E+00
 0.273540E+01   0.121704E+01   0.103440E+00   0.244248E+00   0.249956E+00
 0.275329E+01   0.121663E+01   0.103329E+00   0.244172E+00   0.249956E+00
 0.277125E+01   0.121621E+01   0.103217E+00   0.244095E+00   0.249956E+00
 0.278928E+01   0.121579E+01   0.103103E+00   0.244017E+00   0.249956E+00
 0.280737E+01   0.121537E+01   0.102989E+00   0.243939E+00   0.249956E+00
 0.282552E+01   0.121494E+01   0.102873E+00   0.243860E+00   0.249956E+00
 0.284374E+01   0.121451E+01   0.102757E+00   0.243779E+00   0.249956E+00
 0.286202E+01   0.121407E+01   0.102639E+00   0.243698E+00   0.249956E+00
 0.288036E+01   0.121363E+01   0.102520E+00   0.243616E+00   0.249956E+00
 0.289877E+01   0.121318E+01   0.102400E+00   0.243534E+00   0.249956E+00
 0.291725E+01   0.121273E+01   0.102279E+00   0.243450E+00   0.249956E+00
 0.293579E+01   0.121227E+01   0.102157E+00   0.243366E+00   0.249956E+00
 0.295440E+01   0.121181E+01   0.102033E+00   0.243280E+00   0.249956E+00
 0.297306E+01   0.121134E+01   0.101909E+00   0.243194E+00   0.249956E+00
 0.299179E+01   0.121087E+01   0.101783E+00   0.243107E+00   0.249956E+00
 0.301059E+01   0.121040E+01   0.101656E+00   0.243019E+00   0.249956E+00
 0.302945E+01   0.120992E+01   0.101528E+00   0.242930E+00   0.249956E+00
 0.304838E+01   0.120943E+01   0.101399E+00   0.242840E+00   0.249956E+00
 0.306736E+01   0.120894E+01   0.101269E+00   0.242749E+00   0.249956E+00
 0.308641E+01   0.120845E+01   0.101137E+00   0.242658E+00   0.249956E+00
 0.310552E+01   0.120795E+01   0.101005E+00   0.242565E+00   0.249956E+00
 0.312470E+01   0.120745E+01   0.100871E+00   0.242472E+00   0.249956E+00
 0.314395E+01   0.120694E+01   0.100736E+00   0.242377E+00   0.249956E+00
 0.316325E+01   0.120642E+01   0.100600E+00   0.242282E+00   0.249956E+00
 0.318262E+01   0.120590E+01   0.100462E+00   0.242186E+00   0.249956E+00
 0.320206E+01   0.120538E+01   0.100324E+00   0.242088E+00   0.249956E+00
 0.322155E+01   0.120485E+01   0.100184E+00   0.241990E+00   0.249956E+00
 0.324111E+01   0.120431E+01   0.100043E+00   0.241891E+00   0.249956E+00
 0.326074E+01   0.120377E+01   0.999008E-01   0.241791E+00   0.249956E+00
 0.328042E+01   0.120323E+01   0.997574E-01   0.241690E+00   0.249956E+00
 0.330018E+01   0.120268E+01   0.996127E-01   0.241587E+00   0.249956E+00
 0.331999E+01   0.120212E+01   0.994667E-01   0.241484E+00   0.249956E+00
 0.333987E+01   0.120156E+01   0.993196E-01   0.241380E+00   0.249956E+00
 0.335981E+01   0.120099E+01   0.991712E-01   0.241275E+00   0.249956E+00
 0.337981E+01   0.120042E+01   0.990215E-01   0.241169E+00   0.249956E+00
 0.338984E+01   0.120013E+01   0.989462E-01   0.241115E+00   0.249956E+00
 0.339988E+01   0.119984E+01   0.988706E-01   0.241061E+00   0.249956E+00
 0.340993E+01   0.119955E+01   0.987947E-01   0.241007E+00   0.249956E+00
 0.342001E+01   0.119926E+01   0.987184E-01   0.240953E+00   0.249956E+00
 0.343011E+01   0.119896E+01   0.986418E-01   0.240898E+00   0.249956E+00
 0.344021E+01   0.119867E+01   0.985648E-01   0.240844E+00   0.249956E+00
 0.345034E+01   0.119837E+01   0.984876E-01   0.240789E+00   0.249956E+00
 0.346048E+01   0.119807E+01   0.984100E-01   0.240733E+00   0.249956E+00
 0.347064E+01   0.119777E+01   0.983322E-01   0.240678E+00   0.249956E+00
 0.348081E+01   0.119747E+01   0.982540E-01   0.240622E+00   0.249956E+00
 0.349099E+01   0.119717E+01   0.981755E-01   0.240565E+00   0.249956E+00
 0.350120E+01   0.119687E+01   0.980966E-01   0.240509E+00   0.249956E+00
 0.351142E+01   0.119656E+01   0.980175E-01   0.240452E+00   0.249956E+00
 0.352165E+01   0.119625E+01   0.979380E-01   0.240395E+00   0.249956E+00
 0.353190E+01   0.119595E+01   0.978582E-01   0.240338E+00   0.249956E+00
 0.354216E+01   0.119564E+01   0.977781E-01   0.240281E+00   0.249956E+00
 0.355244E+01   0.119533E+01   0.976977E-01   0.240223E+00   0.249956E+00
 0.356274E+01   0.119501E+01   0.976169E-01   0.240165E+00   0.249956E+00
 0.357305E+01   0.119470E+01   0.975358E-01   0.240106E+00   0.249956E+00
 0.358338E+01   0.119438E+01   0.974544E-01   0.240048E+00   0.249956E+00
 0.359372E+01   0.119407E+01   0.973726E-01   0.239989E+00   0.249956E+00
 0.360408E+01   0.119375E+01   0.972906E-01   0.239930E+00   0.249956E+00
 0.361446E+01   0.119343E+01   0.972082E-01   0.239870E+00   0.249956E+00
 0.362484E+01   0.119311E+01   0.971254E-01   0.239811E+00   0.249956E+00
 0.363525E+01   0.119278E+01   0.970424E-01   0.239751E+00   0.249956E+00
 0.364567E+01   0.119246E+01   0.969590E-01   0.239690E+00   0.249956E+00
 0.365611E+01   0.119213E+01   0.968753E-01   0.239630E+00   0.249956E+00
 0.366656E+01   0.119181E+01   0.967913E-01   0.239569E+00   0.249956E+00
 0.367702E+01   0.119148E+01   0.967069E-01   0.239508E+00   0.249956E+00
 0.368751E+01   0.119115E+01   0.966222E-01   0.239446E+00   0.249956E+00
 0.369800E+01   0.119082E+01   0.965372E-01   0.239385E+00   0.249956E+00
 0.370852E+01   0.119048E+01   0.964518E-01   0.239323E+00   0.249956E+00
 0.371904E+01   0.119015E+01   0.963661E-01   0.239260E+00   0.249956E+00
 0.372959E+01   0.118981E+01   0.962801E-01   0.239198E+00   0.249956E+00
 0.374015E+01   0.118947E+01   0.961938E-01   0.239135E+00   0.249956E+00
 0.375072E+01   0.118913E+01   0.961071E-01   0.239072E+00   0.249956E+00
 0.376131E+01   0.118879E+01   0.960201E-01   0.239008E+00   0.249956E+00
 0.377191E+01   0.118845E+01   0.959327E-01   0.238944E+00   0.249956E+00
 0.378253E+01   0.118811E+01   0.958450E-01   0.238880E+00   0.249956E+00
 0.379317E+01   0.118776E+01   0.957570E-01   0.238816E+00   0.249956E+00
 0.380382E+01   0.118741E+01   0.956686E-01   0.238751E+00   0.249956E+00
 0.381449E+01   0.118706E+01   0.955799E-01   0.238686E+00   0.249956E+00
 0.382517E+01   0.118671E+01   0.954909E-01   0.238621E+00   0.249956E+00
 0.383587E+01   0.118636E+01   0.954015E-01   0.238556E+00   0.249956E+00
 0.384658E+01   0.118601E+01   0.953118E-01   0.238490E+00   0.249956E+00
 0.385731E+01   0.118565E+01   0.952217E-01   0.238424E+00   0.249956E+00
 0.386805E+01   0.118529E+01   0.951314E-01   0.238357E+00   0.249956E+00
 0.387881E+01   0.118494E+01   0.950406E-01   0.238290E+00   0.249956E+00
 0.388958E+01   0.118458E+01   0.949496E-01   0.238223E+00   0.249956E+00
 0.390037E+01   0.118421E+01   0.948582E-01   0.238156E+00   0.249956E+00
 0.391117E+01   0.118385E+01   0.947664E-01   0.238088E+00   0.249956E+00
 0.392199E+01   0.118348E+01   0.946743E-01   0.238020E+00   0.249956E+00
 0.393282E+01   0.118312E+01   0.945819E-01   0.237952E+00   0.249956E+00
 0.394367E+01   0.118275E+01   0.944891E-01   0.237883E+00   0.249956E+00
 0.395454E+01   0.118238E+01   0.943960E-01   0.237815E+00   0.249956E+00
 0.396541E+01   0.118201E+01   0.943026E-01   0.237745E+00   0.249956E+00
 0.397631E+01   0.118163E+01   0.942088E-01   0.237676E+00   0.249956E+00
 0.398721E+01   0.118126E+01   0.941147E-01   0.237606E+00   0.249956E+00
 0.399814E+01   0.118088E+01   0.940202E-01   0.237536E+00   0.249956E+00
 0.400908E+01   0.118050E+01   0.939254E-01   0.237465E+00   0.249956E+00
 0.402003E+01   0.118012E+01   0.938302E-01   0.237394E+00   0.249956E+00
 0.403100E+01   0.117974E+01   0.937347E-01   0.237323E+00   0.249956E+00
 0.404198E+01   0.117936E+01   0.936388E-01   0.237252E+00   0.249956E+00
 0.405298E+01   0.117897E+01   0.935426E-01   0.237180E+00   0.249956E+00
 0.406400E+01   0.117859E+01   0.934461E-01   0.237108E+00   0.249956E+00
 0.407503E+01   0.117820E+01   0.933492E-01   0.237036E+00   0.249956E+00
 0.408607E+01   0.117781E+01   0.932520E-01   0.236963E+00   0.249956E+00
 0.409712E+01   0.117742E+01   0.931544E-01   0.236890E+00   0.249956E+00
 0.410820E+01   0.117702E+01   0.930565E-01   0.236816E+00   0.249956E+00
 0.411929E+01   0.117663E+01   0.929582E-01   0.236743E+00   0.249956E+00
 0.413039E+01   0.117623E+01   0.928596E-01   0.236669E+00   0.249956E+00
 0.414151E+01   0.117583E+01   0.927606E-01   0.236594E+00   0.249956E+00
 0.415264E+01   0.117543E+01   0.926613E-01   0.236519E+00   0.249956E+00
 0.416379E+01   0.117503E+01   0.925616E-01   0.236444E+00   0.249956E+00
 0.417495E+01   0.117463E+01   0.924616E-01   0.236369E+00   0.249956E+00
 0.418612E+01   0.117422E+01   0.923612E-01   0.236293E+00   0.249956E+00
 0.419731E+01   0.117381E+01   0.922605E-01   0.236217E+00   0.249956E+00
 0.420852E+01   0.117340E+01   0.921595E-01   0.236141E+00   0.249956E+00
 0.421974E+01   0.117299E+01   0.920580E-01   0.236064E+00   0.249956E+00
 0.423098E+01   0.117258E+01   0.919563E-01   0.235987E+00   0.249956E+00
 0.424244E+01   0.117216E+01   0.918523E-01   0.235908E+00   0.249956E+00
 0.425372E+01   0.117174E+01   0.917496E-01   0.235830E+00   0.249956E+00
 0.426501E+01   0.117132E+01   0.916467E-01   0.235752E+00   0.249956E+00
 0.427632E+01   0.117090E+01   0.915434E-01   0.235674E+00   0.249956E+00
 0.428764E+01   0.117048E+01   0.914398E-01   0.235595E+00   0.249956E+00
 0.429898E+01   0.117005E+01   0.913358E-01   0.235516E+00   0.249956E+00
 0.431033E+01   0.116963E+01   0.912314E-01   0.235436E+00   0.249956E+00
 0.432170E+01   0.116920E+01   0.911267E-01   0.235356E+00   0.249956E+00
 0.433308E+01   0.116877E+01   0.910217E-01   0.235276E+00   0.249956E+00
 0.434447E+01   0.116834E+01   0.909163E-01   0.235195E+00   0.249956E+00
 0.435588E+01   0.116790E+01   0.908105E-01   0.235114E+00   0.249956E+00
 0.436731E+01   0.116747E+01   0.907044E-01   0.235033E+00   0.249956E+00
 0.437875E+01   0.116703E+01   0.905979E-01   0.234951E+00   0.249956E+00
 0.439020E+01   0.116659E+01   0.904911E-01   0.234869E+00   0.249956E+00
 0.440167E+01   0.116615E+01   0.903839E-01   0.234787E+00   0.249956E+00
 0.441315E+01   0.116571E+01   0.902764E-01   0.234704E+00   0.249956E+00
 0.442464E+01   0.116526E+01   0.901685E-01   0.234621E+00   0.249956E+00
 0.443616E+01   0.116482E+01   0.900603E-01   0.234537E+00   0.249956E+00
 0.444768E+01   0.116437E+01   0.899517E-01   0.234454E+00   0.249956E+00
 0.445922E+01   0.116392E+01   0.898428E-01   0.234369E+00   0.249956E+00
 0.447077E+01   0.116346E+01   0.897335E-01   0.234285E+00   0.249956E+00
 0.448234E+01   0.116301E+01   0.896238E-01   0.234200E+00   0.249956E+00
 0.449392E+01   0.116255E+01   0.895138E-01   0.234115E+00   0.249956E+00
 0.450552E+01   0.116210E+01   0.894034E-01   0.234029E+00   0.249956E+00
 0.451713E+01   0.116164E+01   0.892927E-01   0.233943E+00   0.249956E+00
 0.452875E+01   0.116117E+01   0.891816E-01   0.233856E+00   0.249956E+00
 0.454039E+01   0.116071E+01   0.890702E-01   0.233770E+00   0.249956E+00
 0.455205E+01   0.116024E+01   0.889584E-01   0.233683E+00   0.249956E+00
 0.456371E+01   0.115978E+01   0.888463E-01   0.233595E+00   0.249956E+00
 0.457540E+01   0.115931E+01   0.887338E-01   0.233507E+00   0.249956E+00
 0.458709E+01   0.115883E+01   0.886209E-01   0.233419E+00   0.249956E+00
 0.459880E+01   0.115836E+01   0.885077E-01   0.233330E+00   0.249956E+00
 0.461052E+01   0.115788E+01   0.883942E-01   0.233241E+00   0.249956E+00
 0.462226E+01   0.115741E+01   0.882802E-01   0.233152E+00   0.249956E+00
 0.463401E+01   0.115693E+01   0.881660E-01   0.233062E+00   0.249956E+00
 0.464578E+01   0.115645E+01   0.880513E-01   0.232972E+00   0.249956E+00
 0.465756E+01   0.115596E+01   0.879364E-01   0.232881E+00   0.249956E+00
 0.466935E+01   0.115548E+01   0.878210E-01   0.232790E+00   0.249956E+00
 0.468116E+01   0.115499E+01   0.877053E-01   0.232699E+00   0.249956E+00
 0.469298E+01   0.115450E+01   0.875893E-01   0.232607E+00   0.249956E+00
 0.470481E+01   0.115401E+01   0.874729E-01   0.232515E+00   0.249956E+00
 0.471666E+01   0.115351E+01   0.873561E-01   0.232423E+00   0.249956E+00
 0.472852E+01   0.115302E+01   0.872390E-01   0.232330E+00   0.249956E+00
 0.474040E+01   0.115252E+01   0.871215E-01   0.232236E+00   0.249956E+00
 0.475229E+01   0.115202E+01   0.870037E-01   0.232143E+00   0.249956E+00
 0.476420E+01   0.115152E+01   0.868855E-01   0.232049E+00   0.249956E+00
 0.477612E+01   0.115101E+01   0.867670E-01   0.231954E+00   0.249956E+00
 0.478805E+01   0.115051E+01   0.866481E-01   0.231859E+00   0.249956E+00
 0.479999E+01   0.115000E+01   0.865289E-01   0.231764E+00   0.249956E+00
 0.481195E+01   0.114949E+01   0.864093E-01   0.231669E+00   0.249956E+00
 0.482392E+01   0.114898E+01   0.862893E-01   0.231572E+00   0.249956E+00
 0.483591E+01   0.114846E+01   0.861690E-01   0.231476E+00   0.249956E+00
 0.484790E+01   0.114794E+01   0.860484E-01   0.231379E+00   0.249956E+00
 0.485992E+01   0.114743E+01   0.859273E-01   0.231282E+00   0.249956E+00
 0.487194E+01   0.114691E+01   0.858060E-01   0.231184E+00   0.249956E+00
 0.488398E+01   0.114638E+01   0.856843E-01   0.231086E+00   0.249956E+00
 0.489603E+01   0.114586E+01   0.855622E-01   0.230988E+00   0.249956E+00
 0.490829E+01   0.114532E+01   0.854378E-01   0.230887E+00   0.249956E+00
 0.492040E+01   0.114479E+01   0.853148E-01   0.230788E+00   0.249956E+00
 0.493252E+01   0.114426E+01   0.851914E-01   0.230688E+00   0.249956E+00
 0.494464E+01   0.114372E+01   0.850676E-01   0.230587E+00   0.249956E+00
 0.495679E+01   0.114319E+01   0.849435E-01   0.230487E+00   0.249956E+00
 0.496895E+01   0.114265E+01   0.848191E-01   0.230385E+00   0.249956E+00
 0.498112E+01   0.114211E+01   0.846942E-01   0.230284E+00   0.249956E+00
 0.499331E+01   0.114156E+01   0.845690E-01   0.230182E+00   0.249956E+00
 0.500551E+01   0.114102E+01   0.844435E-01   0.230079E+00   0.249956E+00
 0.501772E+01   0.114047E+01   0.843176E-01   0.229976E+00   0.249956E+00
 0.502995E+01   0.113992E+01   0.841914E-01   0.229873E+00   0.249956E+00
 0.504219E+01   0.113937E+01   0.840648E-01   0.229769E+00   0.249956E+00
 0.505444E+01   0.113881E+01   0.839379E-01   0.229665E+00   0.249956E+00
 0.506670E+01   0.113825E+01   0.838106E-01   0.229561E+00   0.249956E+00
 0.507898E+01   0.113770E+01   0.836830E-01   0.229456E+00   0.249956E+00
 0.509127E+01   0.113713E+01   0.835549E-01   0.229350E+00   0.249956E+00
 0.510357E+01   0.113657E+01   0.834266E-01   0.229244E+00   0.249956E+00
 0.511589E+01   0.113601E+01   0.832979E-01   0.229138E+00   0.249956E+00
 0.512822E+01   0.113544E+01   0.831689E-01   0.229031E+00   0.249956E+00
 0.514057E+01   0.113487E+01   0.830395E-01   0.228924E+00   0.249956E+00
 0.515292E+01   0.113429E+01   0.829097E-01   0.228816E+00   0.249956E+00
 0.516529E+01   0.113372E+01   0.827796E-01   0.228708E+00   0.249956E+00
 0.517767E+01   0.113314E+01   0.826492E-01   0.228600E+00   0.249956E+00
 0.519006E+01   0.113256E+01   0.825184E-01   0.228491E+00   0.249956E+00
 0.520247E+01   0.113198E+01   0.823873E-01   0.228381E+00   0.249956E+00
 0.521489E+01   0.113140E+01   0.822558E-01   0.228272E+00   0.249956E+00
 0.522732E+01   0.113081E+01   0.821240E-01   0.228161E+00   0.249956E+00
 0.523976E+01   0.113022E+01   0.819919E-01   0.228051E+00   0.249956E+00
 0.525222E+01   0.112963E+01   0.818594E-01   0.227939E+00   0.249956E+00
 0.526469E+01   0.112904E+01   0.817265E-01   0.227828E+00   0.249956E+00
 0.527717E+01   0.112844E+01   0.815933E-01   0.227716E+00   0.249956E+00
 0.528966E+01   0.112784E+01   0.814597E-01   0.227603E+00   0.249956E+00
 0.530217E+01   0.112724E+01   0.813258E-01   0.227490E+00   0.249956E+00
 0.531469E+01   0.112664E+01   0.811916E-01   0.227377E+00   0.249956E+00
 0.532722E+01   0.112604E+01   0.810571E-01   0.227263E+00   0.249956E+00
 0.533976E+01   0.112543E+01   0.809221E-01   0.227149E+00   0.249956E+00
 0.535232E+01   0.112482E+01   0.807869E-01   0.227034E+00   0.249956E+00
 0.536489E+01   0.112421E+01   0.806512E-01   0.226918E+00   0.249956E+00
 0.537747E+01   0.112359E+01   0.805153E-01   0.226803E+00   0.249956E+00
 0.539006E+01   0.112298E+01   0.803790E-01   0.226686E+00   0.249956E+00
 0.540267E+01   0.112236E+01   0.802424E-01   0.226570E+00   0.249956E+00
 0.541529E+01   0.112174E+01   0.801054E-01   0.226453E+00   0.249956E+00
 0.542792E+01   0.112111E+01   0.799682E-01   0.226335E+00   0.249956E+00
 0.544056E+01   0.112048E+01   0.798305E-01   0.226217E+00   0.249956E+00
 0.545321E+01   0.111986E+01   0.796925E-01   0.226098E+00   0.249956E+00
 0.546588E+01   0.111922E+01   0.795542E-01   0.225979E+00   0.249956E+00
 0.547953E+01   0.111854E+01   0.794050E-01   0.225851E+00   0.249956E+00
 0.549226E+01   0.111790E+01   0.792655E-01   0.225730E+00   0.249956E+00
 0.550500E+01   0.111726E+01   0.791257E-01   0.225610E+00   0.249956E+00
 0.551776E+01   0.111662E+01   0.789856E-01   0.225488E+00   0.249956E+00
 0.553053E+01   0.111597E+01   0.788451E-01   0.225366E+00   0.249956E+00
 0.554330E+01   0.111532E+01   0.787043E-01   0.225244E+00   0.249956E+00
 0.555609E+01   0.111467E+01   0.785632E-01   0.225121E+00   0.249956E+00
 0.556890E+01   0.111402E+01   0.784217E-01   0.224998E+00   0.249956E+00
 0.558171E+01   0.111336E+01   0.782799E-01   0.224874E+00   0.249956E+00
 0.559454E+01   0.111271E+01   0.781378E-01   0.224750E+00   0.249956E+00
 0.560737E+01   0.111205E+01   0.779954E-01   0.224625E+00   0.249956E+00
 0.562022E+01   0.111138E+01   0.778526E-01   0.224500E+00   0.249956E+00
 0.563308E+01   0.111072E+01   0.777095E-01   0.224374E+00   0.249956E+00
 0.564595E+01   0.111005E+01   0.775661E-01   0.224248E+00   0.249956E+00
 0.565884E+01   0.110938E+01   0.774223E-01   0.224121E+00   0.249956E+00
 0.567173E+01   0.110870E+01   0.772782E-01   0.223994E+00   0.249956E+00
 0.568464E+01   0.110803E+01   0.771338E-01   0.223867E+00   0.249956E+00
 0.569755E+01   0.110735E+01   0.769891E-01   0.223738E+00   0.249956E+00
 0.571048E+01   0.110667E+01   0.768441E-01   0.223610E+00   0.249956E+00
 0.572342E+01   0.110598E+01   0.766987E-01   0.223480E+00   0.249956E+00
 0.573637E+01   0.110530E+01   0.765530E-01   0.223351E+00   0.249956E+00
 0.574933E+01   0.110461E+01   0.764070E-01   0.223220E+00   0.249956E+00
 0.576230E+01   0.110392E+01   0.762607E-01   0.223090E+00   0.249956E+00
 0.577528E+01   0.110322E+01   0.761141E-01   0.222959E+00   0.249956E+00
 0.578827E+01   0.110253E+01   0.759671E-01   0.222827E+00   0.249956E+00
 0.580128E+01   0.110183E+01   0.758198E-01   0.222695E+00   0.249956E+00
 0.581430E+01   0.110112E+01   0.756722E-01   0.222562E+00   0.249956E+00
 0.582732E+01   0.110042E+01   0.755243E-01   0.222429E+00   0.249956E+00
 0.584036E+01   0.109971E+01   0.753761E-01   0.222295E+00   0.249956E+00
 0.585341E+01   0.109900E+01   0.752276E-01   0.222160E+00   0.249956E+00
 0.586647E+01   0.109829E+01   0.750787E-01   0.222026E+00   0.249956E+00
 0.587954E+01   0.109757E+01   0.749296E-01   0.221890E+00   0.249956E+00
 0.589262E+01   0.109686E+01   0.747801E-01   0.221754E+00   0.249956E+00
 0.590571E+01   0.109614E+01   0.746304E-01   0.221618E+00   0.249956E+00
 0.591881E+01   0.109541E+01   0.744803E-01   0.221481E+00   0.249956E+00
 0.593192E+01   0.109469E+01   0.743299E-01   0.221344E+00   0.249956E+00
 0.594505E+01   0.109396E+01   0.741792E-01   0.221206E+00   0.249956E+00
 0.595818E+01   0.109323E+01   0.740282E-01   0.221067E+00   0.249956E+00
 0.597132E+01   0.109249E+01   0.738770E-01   0.220928E+00   0.249956E+00
 0.598500E+01   0.109173E+01   0.737193E-01   0.220783E+00   0.249956E+00
 0.599822E+01   0.109098E+01   0.735667E-01   0.220642E+00   0.249956E+00
 0.601145E+01   0.109024E+01   0.734139E-01   0.220501E+00   0.249956E+00
 0.602470E+01   0.108949E+01   0.732607E-01   0.220359E+00   0.249956E+00
 0.603795E+01   0.108874E+01   0.731072E-01   0.220217E+00   0.249956E+00
 0.605121E+01   0.108799E+01   0.729534E-01   0.220074E+00   0.249956E+00
 0.606449E+01   0.108723E+01   0.727993E-01   0.219931E+00   0.249956E+00
 0.607777E+01   0.108647E+01   0.726450E-01   0.219787E+00   0.249956E+00
 0.609106E+01   0.108571E+01   0.724903E-01   0.219642E+00   0.249956E+00
 0.610437E+01   0.108494E+01   0.723353E-01   0.219497E+00   0.249956E+00
 0.611768E+01   0.108417E+01   0.721801E-01   0.219351E+00   0.249956E+00
 0.613100E+01   0.108340E+01   0.720246E-01   0.219205E+00   0.249956E+00
 0.614433E+01   0.108263E+01   0.718688E-01   0.219058E+00   0.249956E+00
 0.615767E+01   0.108185E+01   0.717127E-01   0.218911E+00   0.249956E+00
 0.617102E+01   0.108108E+01   0.715564E-01   0.218763E+00   0.249956E+00
 0.618438E+01   0.108029E+01   0.713997E-01   0.218615E+00   0.249956E+00
 0.619775E+01   0.107951E+01   0.712428E-01   0.218466E+00   0.249956E+00
 0.621113E+01   0.107872E+01   0.710855E-01   0.218317E+00   0.249956E+00
 0.622452E+01   0.107793E+01   0.709280E-01   0.218167E+00   0.249956E+00
 0.623792E+01   0.107714E+01   0.707703E-01   0.218016E+00   0.249956E+00
 0.625132E+01   0.107634E+01   0.706122E-01   0.217865E+00   0.249956E+00
 0.626474E+01   0.107554E+01   0.704539E-01   0.217713E+00   0.249956E+00
 0.627816E+01   0.107474E+01   0.702954E-01   0.217561E+00   0.249956E+00
 0.629159E+01   0.107394E+01   0.701365E-01   0.217408E+00   0.249956E+00
 0.630503E+01   0.107313E+01   0.699774E-01   0.217254E+00   0.249956E+00
 0.631848E+01   0.107232E+01   0.698180E-01   0.217100E+00   0.249956E+00
 0.633194E+01   0.107151E+01   0.696583E-01   0.216946E+00   0.249956E+00
 0.634541E+01   0.107069E+01   0.694984E-01   0.216791E+00   0.249956E+00
 0.635888E+01   0.106987E+01   0.693383E-01   0.216635E+00   0.249956E+00
 0.637237E+01   0.106905E+01   0.691778E-01   0.216479E+00   0.249956E+00
 0.638586E+01   0.106823E+01   0.690171E-01   0.216322E+00   0.249956E+00
 0.639936E+01   0.106740E+01   0.688562E-01   0.216164E+00   0.249956E+00
 0.641287E+01   0.106657E+01   0.686950E-01   0.216006E+00   0.249956E+00
 0.642639E+01   0.106573E+01   0.685335E-01   0.215848E+00   0.249956E+00
 0.644001E+01   0.106489E+01   0.683708E-01   0.215688E+00   0.249956E+00
 0.645362E+01   0.106405E+01   0.682079E-01   0.215527E+00   0.249956E+00
 0.646724E+01   0.106320E+01   0.680447E-01   0.215366E+00   0.249956E+00
 0.648087E+01   0.106235E+01   0.678813E-01   0.215204E+00   0.249956E+00
 0.649451E+01   0.106150E+01   0.677176E-01   0.215041E+00   0.249956E+00
 0.650816E+01   0.106064E+01   0.675537E-01   0.214878E+00   0.249956E+00
 0.652181E+01   0.105978E+01   0.673896E-01   0.214715E+00   0.249956E+00
 0.653547E+01   0.105892E+01   0.672252E-01   0.214550E+00   0.249956E+00
 0.654914E+01   0.105805E+01   0.670606E-01   0.214385E+00   0.249956E+00
 0.656282E+01   0.105719E+01   0.668958E-01   0.214220E+00   0.249956E+00
 0.657650E+01   0.105632E+01   0.667307E-01   0.214054E+00   0.249956E+00
 0.659019E+01   0.105544E+01   0.665654E-01   0.213887E+00   0.249956E+00
 0.660389E+01   0.105456E+01   0.663998E-01   0.213720E+00   0.249956E+00
 0.661760E+01   0.105368E+01   0.662341E-01   0.213552E+00   0.249956E+00
 0.663131E+01   0.105280E+01   0.660681E-01   0.213384E+00   0.249956E+00
 0.664502E+01   0.105191E+01   0.659019E-01   0.213215E+00   0.249956E+00
 0.665875E+01   0.105103E+01   0.657355E-01   0.213045E+00   0.249956E+00
 0.667248E+01   0.105013E+01   0.655689E-01   0.212875E+00   0.249956E+00
 0.668622E+01   0.104924E+01   0.654020E-01   0.212704E+00   0.249956E+00
 0.669997E+01   0.104834E+01   0.652349E-01   0.212533E+00   0.249956E+00
 0.671372E+01   0.104744E+01   0.650677E-01   0.212361E+00   0.249956E+00
 0.672748E+01   0.104653E+01   0.649002E-01   0.212188E+00   0.249956E+00
 0.674124E+01   0.104563E+01   0.647325E-01   0.212015E+00   0.249956E+00
 0.675501E+01   0.104472E+01   0.645646E-01   0.211841E+00   0.249956E+00
 0.676879E+01   0.104380E+01   0.643965E-01   0.211666E+00   0.249956E+00
 0.678257E+01   0.104289E+01   0.642282E-01   0.211491E+00   0.249956E+00
 0.679636E+01   0.104197E+01   0.640597E-01   0.211316E+00   0.249956E+00
 0.681016E+01   0.104104E+01   0.638910E-01   0.211139E+00   0.249956E+00
 0.682396E+01   0.104012E+01   0.637222E-01   0.210962E+00   0.249956E+00
 0.683770E+01   0.103919E+01   0.635538E-01   0.210786E+00   0.249956E+00
 0.685162E+01   0.103825E+01   0.633833E-01   0.210606E+00   0.249956E+00
 0.686554E+01   0.103731E+01   0.632126E-01   0.210426E+00   0.249956E+00
 0.687947E+01   0.103637E+01   0.630417E-01   0.210245E+00   0.249956E+00
 0.689340E+01   0.103542E+01   0.628706E-01   0.210064E+00   0.249956E+00
 0.690734E+01   0.103447E+01   0.626994E-01   0.209882E+00   0.249956E+00
 0.692128E+01   0.103351E+01   0.625279E-01   0.209699E+00   0.249956E+00
 0.693522E+01   0.103255E+01   0.623563E-01   0.209516E+00   0.249956E+00
 0.694918E+01   0.103159E+01   0.621846E-01   0.209332E+00   0.249956E+00
 0.696313E+01   0.103063E+01   0.620127E-01   0.209147E+00   0.249956E+00
 0.697709E+01   0.102966E+01   0.618406E-01   0.208962E+00   0.249956E+00
 0.699105E+01   0.102869E+01   0.616683E-01   0.208777E+00   0.249956E+00
 0.700502E+01   0.102772E+01   0.614959E-01   0.208590E+00   0.249956E+00
 0.701900E+01   0.102674E+01   0.613233E-01   0.208403E+00   0.249956E+00
 0.703297E+01   0.102576E+01   0.611506E-01   0.208215E+00   0.249956E+00
 0.704696E+01   0.102478E+01   0.609777E-01   0.208027E+00   0.249956E+00
 0.706094E+01   0.102379E+01   0.608047E-01   0.207838E+00   0.249956E+00
 0.707493E+01   0.102280E+01   0.606316E-01   0.207649E+00   0.249956E+00
 0.708892E+01   0.102181E+01   0.604583E-01   0.207458E+00   0.249956E+00
 0.710292E+01   0.102082E+01   0.602848E-01   0.207268E+00   0.249956E+00
 0.711692E+01   0.101982E+01   0.601112E-01   0.207076E+00   0.249956E+00
 0.713093E+01   0.101881E+01   0.599375E-01   0.206884E+00   0.249956E+00
 0.714494E+01   0.101781E+01   0.597636E-01   0.206691E+00   0.249956E+00
 0.715895E+01   0.101680E+01   0.595896E-01   0.206498E+00   0.249956E+00
 0.717296E+01   0.101579E+01   0.594155E-01   0.206304E+00   0.249956E+00
 0.718698E+01   0.101478E+01   0.592412E-01   0.206109E+00   0.249956E+00
 0.719722E+01   0.101403E+01   0.591139E-01   0.205967E+00   0.249956E+00
 0.720929E+01   0.101315E+01   0.589638E-01   0.205798E+00   0.249956E+00
 0.722344E+01   0.101212E+01   0.587876E-01   0.205600E+00   0.249956E+00
 0.723759E+01   0.101109E+01   0.586114E-01   0.205401E+00   0.249956E+00
 0.725175E+01   0.101005E+01   0.584351E-01   0.205202E+00   0.249956E+00
 0.726590E+01   0.100901E+01   0.582587E-01   0.205002E+00   0.249956E+00
 0.728006E+01   0.100796E+01   0.580822E-01   0.204801E+00   0.249956E+00
 0.729422E+01   0.100692E+01   0.579056E-01   0.204600E+00   0.249956E+00
 0.730838E+01   0.100586E+01   0.577288E-01   0.204398E+00   0.249956E+00
 0.732254E+01   0.100481E+01   0.575521E-01   0.204195E+00   0.249956E+00
 0.733671E+01   0.100375E+01   0.573752E-01   0.203992E+00   0.249956E+00
 0.735087E+01   0.100269E+01   0.571982E-01   0.203788E+00   0.249956E+00
 0.736504E+01   0.100163E+01   0.570212E-01   0.203584E+00   0.249956E+00
 0.737921E+01   0.100056E+01   0.568440E-01   0.203378E+00   0.249956E+00
 0.739338E+01   0.999492E+00   0.566669E-01   0.203173E+00   0.249956E+00
 0.740755E+01   0.998418E+00   0.564896E-01   0.202966E+00   0.249956E+00
 0.742171E+01   0.997342E+00   0.563123E-01   0.202759E+00   0.249956E+00
 0.743588E+01   0.996262E+00   0.561349E-01   0.202551E+00   0.249956E+00
 0.745006E+01   0.995179E+00   0.559574E-01   0.202343E+00   0.249956E+00
 0.746423E+01   0.994093E+00   0.557799E-01   0.202134E+00   0.249956E+00
 0.747840E+01   0.993004E+00   0.556023E-01   0.201924E+00   0.249956E+00
 0.749257E+01   0.991912E+00   0.554247E-01   0.201714E+00   0.249956E+00
 0.750672E+01   0.990818E+00   0.552473E-01   0.201503E+00   0.249956E+00
 0.752085E+01   0.989722E+00   0.550701E-01   0.201292E+00   0.249956E+00
 0.753497E+01   0.988624E+00   0.548929E-01   0.201080E+00   0.249956E+00
 0.754541E+01   0.987810E+00   0.547619E-01   0.200923E+00   0.249956E+00
 0.756915E+01   0.985953E+00   0.544639E-01   0.200565E+00   0.249956E+00
 0.758319E+01   0.984851E+00   0.542877E-01   0.200353E+00   0.249956E+00
 0.759721E+01   0.983747E+00   0.541117E-01   0.200140E+00   0.249956E+00
 0.761121E+01   0.982641E+00   0.539358E-01   0.199927E+00   0.249956E+00
 0.762520E+01   0.981533E+00   0.537601E-01   0.199713E+00   0.249956E+00
 0.763917E+01   0.980423E+00   0.535845E-01   0.199499E+00   0.249956E+00
 0.765313E+01   0.979311E+00   0.534092E-01   0.199284E+00   0.249956E+00
 0.766707E+01   0.978198E+00   0.532340E-01   0.199069E+00   0.249956E+00
 0.768100E+01   0.977082E+00   0.530589E-01   0.198854E+00   0.249956E+00
 0.769490E+01   0.975965E+00   0.528841E-01   0.198638E+00   0.249956E+00
 0.770880E+01   0.974845E+00   0.527094E-01   0.198422E+00   0.249956E+00
 0.772268E+01   0.973724E+00   0.525349E-01   0.198206E+00   0.249956E+00
 0.773654E+01   0.972601E+00   0.523605E-01   0.197989E+00   0.249956E+00
 0.775039E+01   0.971476E+00   0.521863E-01   0.197771E+00   0.249956E+00
 0.776422E+01   0.970349E+00   0.520124E-01   0.197554E+00   0.249956E+00
 0.777804E+01   0.969220E+00   0.518385E-01   0.197335E+00   0.249956E+00
 0.779184E+01   0.968089E+00   0.516649E-01   0.197117E+00   0.249956E+00
 0.780562E+01   0.966956E+00   0.514914E-01   0.196898E+00   0.249956E+00
 0.781939E+01   0.965821E+00   0.513182E-01   0.196679E+00   0.249956E+00
 0.783315E+01   0.964685E+00   0.511450E-01   0.196459E+00   0.249956E+00
 0.784689E+01   0.963546E+00   0.509721E-01   0.196238E+00   0.249956E+00
 0.786062E+01   0.962405E+00   0.507994E-01   0.196018E+00   0.249956E+00
 0.787434E+01   0.961263E+00   0.506268E-01   0.195797E+00   0.249956E+00
 0.788806E+01   0.960116E+00   0.504541E-01   0.195575E+00   0.249956E+00
 0.790170E+01   0.958973E+00   0.502824E-01   0.195354E+00   0.249956E+00
 0.791533E+01   0.957828E+00   0.501109E-01   0.195132E+00   0.249956E+00
 0.792894E+01   0.956682E+00   0.499396E-01   0.194910E+00   0.249956E+00
 0.794254E+01   0.955533E+00   0.497686E-01   0.194688E+00   0.249956E+00
 0.795612E+01   0.954383E+00   0.495977E-01   0.194465E+00   0.249956E+00
 0.796968E+01   0.953231E+00   0.494271E-01   0.194242E+00   0.249956E+00
 0.798323E+01   0.952077E+00   0.492566E-01   0.194018E+00   0.249956E+00
 0.799676E+01   0.950922E+00   0.490864E-01   0.193794E+00   0.249956E+00
 0.801028E+01   0.949764E+00   0.489163E-01   0.193570E+00   0.249956E+00
 0.802378E+01   0.948605E+00   0.487465E-01   0.193345E+00   0.249956E+00
 0.803726E+01   0.947444E+00   0.485769E-01   0.193120E+00   0.249956E+00
 0.805073E+01   0.946281E+00   0.484075E-01   0.192895E+00   0.249956E+00
 0.806419E+01   0.945116E+00   0.482384E-01   0.192669E+00   0.249956E+00
 0.807763E+01   0.943950E+00   0.480694E-01   0.192442E+00   0.249956E+00
 0.809105E+01   0.942781E+00   0.479006E-01   0.192216E+00   0.249956E+00
 0.810446E+01   0.941611E+00   0.477321E-01   0.191989E+00   0.249956E+00
 0.811786E+01   0.940439E+00   0.475638E-01   0.191761E+00   0.249956E+00
 0.813124E+01   0.939265E+00   0.473956E-01   0.191533E+00   0.249956E+00
 0.814460E+01   0.938090E+00   0.472277E-01   0.191305E+00   0.249956E+00
 0.815795E+01   0.936912E+00   0.470600E-01   0.191077E+00   0.249956E+00
 0.816991E+01   0.935855E+00   0.469099E-01   0.190871E+00   0.249956E+00
 0.818068E+01   0.934900E+00   0.467747E-01   0.190686E+00   0.249956E+00
 0.819394E+01   0.933722E+00   0.466082E-01   0.190457E+00   0.249956E+00
 0.820719E+01   0.932542E+00   0.464419E-01   0.190228E+00   0.249956E+00
 0.822042E+01   0.931360E+00   0.462758E-01   0.189998E+00   0.249956E+00
 0.823364E+01   0.930177E+00   0.461100E-01   0.189768E+00   0.249956E+00
 0.824684E+01   0.928992E+00   0.459444E-01   0.189538E+00   0.249956E+00
 0.826003E+01   0.927805E+00   0.457791E-01   0.189307E+00   0.249956E+00
 0.827320E+01   0.926616E+00   0.456140E-01   0.189076E+00   0.249956E+00
 0.828635E+01   0.925426E+00   0.454492E-01   0.188844E+00   0.249956E+00
 0.829949E+01   0.924234E+00   0.452846E-01   0.188612E+00   0.249956E+00
 0.831261E+01   0.923041E+00   0.451202E-01   0.188380E+00   0.249956E+00
 0.832572E+01   0.921846E+00   0.449561E-01   0.188148E+00   0.249956E+00
 0.833881E+01   0.920649E+00   0.447922E-01   0.187915E+00   0.249956E+00
 0.835189E+01   0.919450E+00   0.446286E-01   0.187681E+00   0.249956E+00
 0.836495E+01   0.918250E+00   0.444652E-01   0.187448E+00   0.249956E+00
 0.837800E+01   0.917047E+00   0.443021E-01   0.187214E+00   0.249956E+00
 0.839103E+01   0.915844E+00   0.441392E-01   0.186979E+00   0.249956E+00
 0.840405E+01   0.914638E+00   0.439765E-01   0.186744E+00   0.249956E+00
 0.841705E+01   0.913431E+00   0.438141E-01   0.186509E+00   0.249956E+00
 0.843004E+01   0.912222E+00   0.436519E-01   0.186273E+00   0.249956E+00
 0.844301E+01   0.911011E+00   0.434899E-01   0.186038E+00   0.249956E+00
 0.845597E+01   0.909798E+00   0.433282E-01   0.185801E+00   0.249956E+00
 0.846956E+01   0.908524E+00   0.431588E-01   0.185553E+00   0.249956E+00
 0.848244E+01   0.907313E+00   0.429983E-01   0.185317E+00   0.249956E+00
 0.849530E+01   0.906101E+00   0.428380E-01   0.185080E+00   0.249956E+00
 0.850814E+01   0.904887E+00   0.426780E-01   0.184843E+00   0.249956E+00
 0.852097E+01   0.903671E+00   0.425183E-01   0.184606E+00   0.249956E+00
 0.853378E+01   0.902454E+00   0.423589E-01   0.184369E+00   0.249956E+00
 0.854658E+01   0.901235E+00   0.421997E-01   0.184131E+00   0.249956E+00
 0.855936E+01   0.900015E+00   0.420408E-01   0.183893E+00   0.249956E+00
 0.857212E+01   0.898793E+00   0.418821E-01   0.183654E+00   0.249956E+00
 0.858487E+01   0.897570E+00   0.417237E-01   0.183415E+00   0.249956E+00
 0.859761E+01   0.896345E+00   0.415656E-01   0.183176E+00   0.249956E+00
 0.861033E+01   0.895119E+00   0.414078E-01   0.182937E+00   0.249956E+00
 0.862303E+01   0.893891E+00   0.412502E-01   0.182697E+00   0.249956E+00
 0.863572E+01   0.892661E+00   0.410928E-01   0.182456E+00   0.249956E+00
 0.864840E+01   0.891430E+00   0.409358E-01   0.182216E+00   0.249956E+00
 0.866106E+01   0.890197E+00   0.407790E-01   0.181975E+00   0.249956E+00
 0.867371E+01   0.888962E+00   0.406225E-01   0.181734E+00   0.249956E+00
 0.868634E+01   0.887726E+00   0.404662E-01   0.181492E+00   0.249956E+00
 0.869896E+01   0.886489E+00   0.403102E-01   0.181250E+00   0.249956E+00
 0.871156E+01   0.885250E+00   0.401545E-01   0.181008E+00   0.249956E+00
 0.872414E+01   0.884009E+00   0.399990E-01   0.180765E+00   0.249956E+00
 0.873666E+01   0.882772E+00   0.398445E-01   0.180523E+00   0.249956E+00
 0.874916E+01   0.881534E+00   0.396904E-01   0.180281E+00   0.249956E+00
 0.876164E+01   0.880295E+00   0.395365E-01   0.180038E+00   0.249956E+00
 0.877411E+01   0.879054E+00   0.393829E-01   0.179795E+00   0.249956E+00
 0.878656E+01   0.877812E+00   0.392296E-01   0.179552E+00   0.249956E+00
 0.879899E+01   0.876569E+00   0.390766E-01   0.179309E+00   0.249956E+00
 0.881141E+01   0.875324E+00   0.389239E-01   0.179065E+00   0.249956E+00
 0.882382E+01   0.874078E+00   0.387715E-01   0.178821E+00   0.249956E+00
 0.883621E+01   0.872830E+00   0.386193E-01   0.178576E+00   0.249956E+00
 0.884858E+01   0.871581E+00   0.384675E-01   0.178331E+00   0.249956E+00
 0.886094E+01   0.870330E+00   0.383159E-01   0.178086E+00   0.249956E+00
 0.887328E+01   0.869078E+00   0.381646E-01   0.177841E+00   0.249956E+00
 0.888561E+01   0.867825E+00   0.380136E-01   0.177595E+00   0.249956E+00
 0.889792E+01   0.866570E+00   0.378629E-01   0.177349E+00   0.249956E+00
 0.891022E+01   0.865314E+00   0.377125E-01   0.177103E+00   0.249956E+00
 0.892251E+01   0.864056E+00   0.375624E-01   0.176856E+00   0.249956E+00
 0.893478E+01   0.862797E+00   0.374125E-01   0.176609E+00   0.249956E+00
 0.894703E+01   0.861537E+00   0.372629E-01   0.176362E+00   0.249956E+00
 0.895927E+01   0.860275E+00   0.371136E-01   0.176114E+00   0.249956E+00
 0.897566E+01   0.858581E+00   0.369140E-01   0.175782E+00   0.249956E+00
 0.898779E+01   0.857323E+00   0.367663E-01   0.175535E+00   0.249956E+00
 0.899992E+01   0.856064E+00   0.366188E-01   0.175288E+00   0.249956E+00
 0.901203E+01   0.854803E+00   0.364716E-01   0.175040E+00   0.249956E+00
 0.902412E+01   0.853541E+00   0.363247E-01   0.174792E+00   0.249956E+00
 0.903620E+01   0.852278E+00   0.361782E-01   0.174544E+00   0.249956E+00
 0.904826E+01   0.851013E+00   0.360319E-01   0.174296E+00   0.249956E+00
 0.906031E+01   0.849747E+00   0.358859E-01   0.174047E+00   0.249956E+00
 0.907234E+01   0.848481E+00   0.357403E-01   0.173798E+00   0.249956E+00
 0.908435E+01   0.847212E+00   0.355949E-01   0.173549E+00   0.249956E+00
 0.909635E+01   0.845943E+00   0.354499E-01   0.173299E+00   0.249956E+00
 0.910834E+01   0.844672E+00   0.353051E-01   0.173049E+00   0.249956E+00
 0.912031E+01   0.843400E+00   0.351607E-01   0.172799E+00   0.249956E+00
 0.913227E+01   0.842127E+00   0.350165E-01   0.172549E+00   0.249956E+00
 0.914421E+01   0.840852E+00   0.348727E-01   0.172298E+00   0.249956E+00
 0.915614E+01   0.839577E+00   0.347291E-01   0.172047E+00   0.249956E+00
 0.916805E+01   0.838299E+00   0.345859E-01   0.171795E+00   0.249956E+00
 0.917995E+01   0.837021E+00   0.344429E-01   0.171544E+00   0.249956E+00
 0.919183E+01   0.835741E+00   0.343003E-01   0.171292E+00   0.249956E+00
 0.920370E+01   0.834460E+00   0.341579E-01   0.171040E+00   0.249956E+00
 0.921556E+01   0.833178E+00   0.340159E-01   0.170787E+00   0.249956E+00
 0.922831E+01   0.831797E+00   0.338633E-01   0.170515E+00   0.249956E+00
 0.924006E+01   0.830520E+00   0.337228E-01   0.170264E+00   0.249956E+00
 0.925179E+01   0.829243E+00   0.335826E-01   0.170012E+00   0.249956E+00
 0.926351E+01   0.827965E+00   0.334428E-01   0.169760E+00   0.249956E+00
 0.927521E+01   0.826685E+00   0.333033E-01   0.169508E+00   0.249956E+00
 0.928689E+01   0.825405E+00   0.331641E-01   0.169256E+00   0.249956E+00
 0.929856E+01   0.824124E+00   0.330252E-01   0.169003E+00   0.249956E+00
 0.931022E+01   0.822841E+00   0.328866E-01   0.168750E+00   0.249956E+00
 0.932186E+01   0.821557E+00   0.327483E-01   0.168497E+00   0.249956E+00
 0.933349E+01   0.820272E+00   0.326103E-01   0.168243E+00   0.249956E+00
 0.934510E+01   0.818987E+00   0.324727E-01   0.167990E+00   0.249956E+00
 0.935670E+01   0.817699E+00   0.323353E-01   0.167736E+00   0.249956E+00
 0.936828E+01   0.816411E+00   0.321983E-01   0.167482E+00   0.249956E+00
 0.937985E+01   0.815122E+00   0.320616E-01   0.167227E+00   0.249956E+00
 0.939141E+01   0.813832E+00   0.319251E-01   0.166972E+00   0.249956E+00
 0.940294E+01   0.812541E+00   0.317890E-01   0.166717E+00   0.249956E+00
 0.941447E+01   0.811248E+00   0.316533E-01   0.166462E+00   0.249956E+00
 0.942598E+01   0.809955E+00   0.315178E-01   0.166207E+00   0.249956E+00
 0.943623E+01   0.808801E+00   0.313973E-01   0.165979E+00   0.249956E+00
 0.944887E+01   0.807375E+00   0.312488E-01   0.165697E+00   0.249956E+00
 0.946026E+01   0.806087E+00   0.311152E-01   0.165443E+00   0.249956E+00
 0.947163E+01   0.804799E+00   0.309820E-01   0.165188E+00   0.249956E+00
 0.948298E+01   0.803510E+00   0.308491E-01   0.164933E+00   0.249956E+00
 0.949432E+01   0.802220E+00   0.307165E-01   0.164678E+00   0.249956E+00
 0.950565E+01   0.800930E+00   0.305842E-01   0.164423E+00   0.249956E+00
 0.951696E+01   0.799638E+00   0.304522E-01   0.164168E+00   0.249956E+00
 0.952825E+01   0.798345E+00   0.303206E-01   0.163912E+00   0.249956E+00
 0.953953E+01   0.797052E+00   0.301893E-01   0.163656E+00   0.249956E+00
 0.955080E+01   0.795758E+00   0.300583E-01   0.163400E+00   0.249956E+00
 0.956205E+01   0.794462E+00   0.299276E-01   0.163144E+00   0.249956E+00
 0.957329E+01   0.793166E+00   0.297972E-01   0.162887E+00   0.249956E+00
 0.958451E+01   0.791869E+00   0.296672E-01   0.162630E+00   0.249956E+00
 0.959572E+01   0.790571E+00   0.295375E-01   0.162374E+00   0.249956E+00
 0.960691E+01   0.789272E+00   0.294081E-01   0.162116E+00   0.249956E+00
 0.961809E+01   0.787973E+00   0.292790E-01   0.161859E+00   0.249956E+00
 0.962926E+01   0.786672E+00   0.291502E-01   0.161601E+00   0.249956E+00
 0.964041E+01   0.785371E+00   0.290218E-01   0.161344E+00   0.249956E+00
 0.965154E+01   0.784068E+00   0.288936E-01   0.161085E+00   0.249956E+00
 0.966497E+01   0.782495E+00   0.287393E-01   0.160774E+00   0.249956E+00
 0.967597E+01   0.781203E+00   0.286132E-01   0.160518E+00   0.249956E+00
 0.968696E+01   0.779910E+00   0.284872E-01   0.160261E+00   0.249956E+00
 0.969794E+01   0.778615E+00   0.283615E-01   0.160005E+00   0.249956E+00
 0.970891E+01   0.777320E+00   0.282361E-01   0.159748E+00   0.249956E+00
 0.971986E+01   0.776025E+00   0.281111E-01   0.159491E+00   0.249956E+00
 0.973079E+01   0.774728E+00   0.279864E-01   0.159234E+00   0.249956E+00
 0.974171E+01   0.773431E+00   0.278620E-01   0.158976E+00   0.249956E+00
 0.975262E+01   0.772133E+00   0.277380E-01   0.158719E+00   0.249956E+00
 0.976351E+01   0.770834E+00   0.276142E-01   0.158461E+00   0.249956E+00
 0.977439E+01   0.769535E+00   0.274908E-01   0.158203E+00   0.249956E+00
 0.978525E+01   0.768235E+00   0.273677E-01   0.157945E+00   0.249956E+00
 0.979610E+01   0.766935E+00   0.272450E-01   0.157687E+00   0.249956E+00
 0.980694E+01   0.765633E+00   0.271225E-01   0.157429E+00   0.249956E+00
 0.981776E+01   0.764331E+00   0.270004E-01   0.157170E+00   0.249956E+00
 0.982856E+01   0.763028E+00   0.268785E-01   0.156911E+00   0.249956E+00
 0.983936E+01   0.761725E+00   0.267571E-01   0.156652E+00   0.249956E+00
 0.985013E+01   0.760421E+00   0.266359E-01   0.156393E+00   0.249956E+00
 0.986090E+01   0.759116E+00   0.265150E-01   0.156134E+00   0.249956E+00
 0.987733E+01   0.757120E+00   0.263309E-01   0.155737E+00   0.249956E+00
 0.988796E+01   0.755825E+00   0.262119E-01   0.155480E+00   0.249956E+00
 0.989858E+01   0.754530E+00   0.260933E-01   0.155222E+00   0.249956E+00
 0.990918E+01   0.753234E+00   0.259750E-01   0.154965E+00   0.249956E+00
 0.991977E+01   0.751938E+00   0.258570E-01   0.154707E+00   0.249956E+00
 0.993034E+01   0.750642E+00   0.257393E-01   0.154449E+00   0.249956E+00
 0.994090E+01   0.749345E+00   0.256220E-01   0.154191E+00   0.249956E+00
 0.995145E+01   0.748047E+00   0.255050E-01   0.153933E+00   0.249956E+00
 0.996198E+01   0.746749E+00   0.253883E-01   0.153674E+00   0.249956E+00
 0.997250E+01   0.745450E+00   0.252719E-01   0.153416E+00   0.249956E+00
 0.998300E+01   0.744151E+00   0.251559E-01   0.153157E+00   0.249956E+00
 0.999348E+01   0.742852E+00   0.250402E-01   0.152899E+00   0.249956E+00
 0.100040E+02   0.741552E+00   0.249248E-01   0.152640E+00   0.249956E+00
 0.100144E+02   0.740251E+00   0.248097E-01   0.152381E+00   0.249956E+00
 0.100249E+02   0.738950E+00   0.246950E-01   0.152121E+00   0.249956E+00
 0.100353E+02   0.737649E+00   0.245805E-01   0.151862E+00   0.249956E+00
 0.100457E+02   0.736346E+00   0.244664E-01   0.151603E+00   0.249956E+00
 0.100561E+02   0.735044E+00   0.243526E-01   0.151343E+00   0.249956E+00
 0.100665E+02   0.733741E+00   0.242391E-01   0.151083E+00   0.249956E+00
 0.100785E+02   0.732241E+00   0.241089E-01   0.150784E+00   0.249956E+00
 0.100887E+02   0.730951E+00   0.239972E-01   0.150527E+00   0.249956E+00
 0.100989E+02   0.729660E+00   0.238859E-01   0.150270E+00   0.249956E+00
 0.101092E+02   0.728369E+00   0.237750E-01   0.150012E+00   0.249956E+00
 0.101194E+02   0.727078E+00   0.236643E-01   0.149755E+00   0.249956E+00
 0.101296E+02   0.725787E+00   0.235540E-01   0.149497E+00   0.249956E+00
 0.101397E+02   0.724495E+00   0.234440E-01   0.149240E+00   0.249956E+00
 0.101499E+02   0.723203E+00   0.233343E-01   0.148982E+00   0.249956E+00
 0.101601E+02   0.721911E+00   0.232249E-01   0.148724E+00   0.249956E+00
 0.101702E+02   0.720618E+00   0.231158E-01   0.148466E+00   0.249956E+00
 0.101803E+02   0.719325E+00   0.230071E-01   0.148208E+00   0.249956E+00
 0.101904E+02   0.718032E+00   0.228987E-01   0.147949E+00   0.249956E+00
 0.102005E+02   0.716738E+00   0.227906E-01   0.147691E+00   0.249956E+00
 0.102106E+02   0.715444E+00   0.226828E-01   0.147433E+00   0.249956E+00
 0.102207E+02   0.714150E+00   0.225753E-01   0.147174E+00   0.249956E+00
 0.102307E+02   0.712856E+00   0.224681E-01   0.146916E+00   0.249956E+00
 0.102408E+02   0.711561E+00   0.223613E-01   0.146657E+00   0.249956E+00
 0.102508E+02   0.710266E+00   0.222547E-01   0.146398E+00   0.249956E+00
 0.102608E+02   0.708971E+00   0.221485E-01   0.146139E+00   0.249956E+00
 0.102763E+02   0.706965E+00   0.219847E-01   0.145738E+00   0.249956E+00
 0.102960E+02   0.704402E+00   0.217765E-01   0.145226E+00   0.249956E+00
 0.103157E+02   0.701838E+00   0.215695E-01   0.144713E+00   0.249956E+00
 0.103353E+02   0.699274E+00   0.213638E-01   0.144200E+00   0.249956E+00
 0.103549E+02   0.696709E+00   0.211593E-01   0.143687E+00   0.249956E+00
 0.103744E+02   0.694144E+00   0.209561E-01   0.143173E+00   0.249956E+00
 0.103938E+02   0.691578E+00   0.207541E-01   0.142659E+00   0.249956E+00
 0.104132E+02   0.689012E+00   0.205534E-01   0.142145E+00   0.249956E+00
 0.104326E+02   0.686446E+00   0.203539E-01   0.141631E+00   0.249956E+00
 0.104519E+02   0.683879E+00   0.201556E-01   0.141117E+00   0.249956E+00
 0.104638E+02   0.682295E+00   0.200338E-01   0.140799E+00   0.249956E+00
 0.104827E+02   0.679759E+00   0.198398E-01   0.140291E+00   0.249956E+00
 0.105017E+02   0.677222E+00   0.196470E-01   0.139782E+00   0.249956E+00
 0.105205E+02   0.674685E+00   0.194554E-01   0.139273E+00   0.249956E+00
 0.105394E+02   0.672149E+00   0.192649E-01   0.138764E+00   0.249956E+00
 0.105581E+02   0.669613E+00   0.190757E-01   0.138255E+00   0.249956E+00
 0.105768E+02   0.667077E+00   0.188878E-01   0.137746E+00   0.249956E+00
 0.105955E+02   0.664542E+00   0.187010E-01   0.137237E+00   0.249956E+00
 0.106141E+02   0.662007E+00   0.185153E-01   0.136728E+00   0.249956E+00
 0.106327E+02   0.659473E+00   0.183309E-01   0.136218E+00   0.249956E+00
 0.106517E+02   0.656865E+00   0.181423E-01   0.135694E+00   0.249956E+00
 0.106700E+02   0.654359E+00   0.179622E-01   0.135190E+00   0.249956E+00
 0.106882E+02   0.651854E+00   0.177833E-01   0.134687E+00   0.249956E+00
 0.107063E+02   0.649350E+00   0.176056E-01   0.134183E+00   0.249956E+00
 0.107244E+02   0.646847E+00   0.174291E-01   0.133679E+00   0.249956E+00
 0.107425E+02   0.644346E+00   0.172536E-01   0.133176E+00   0.249956E+00
 0.107605E+02   0.641845E+00   0.170794E-01   0.132672E+00   0.249956E+00
 0.107784E+02   0.639345E+00   0.169063E-01   0.132169E+00   0.249956E+00
 0.107963E+02   0.636847E+00   0.167343E-01   0.131666E+00   0.249956E+00
 0.108141E+02   0.634349E+00   0.165635E-01   0.131162E+00   0.249956E+00
 0.108281E+02   0.632388E+00   0.164301E-01   0.130767E+00   0.249956E+00
 0.108458E+02   0.629906E+00   0.162622E-01   0.130267E+00   0.249956E+00
 0.108633E+02   0.627438E+00   0.160962E-01   0.129769E+00   0.249956E+00
 0.108808E+02   0.624972E+00   0.159313E-01   0.129272E+00   0.249956E+00
 0.108982E+02   0.622507E+00   0.157676E-01   0.128775E+00   0.249956E+00
 0.109156E+02   0.620044E+00   0.156050E-01   0.128278E+00   0.249956E+00
 0.109329E+02   0.617582E+00   0.154434E-01   0.127781E+00   0.249956E+00
 0.109502E+02   0.615123E+00   0.152830E-01   0.127284E+00   0.249956E+00
 0.109674E+02   0.612665E+00   0.151236E-01   0.126788E+00   0.249956E+00
 0.109846E+02   0.610209E+00   0.149653E-01   0.126292E+00   0.249956E+00
 0.110017E+02   0.607755E+00   0.148081E-01   0.125796E+00   0.249956E+00
 0.110186E+02   0.605326E+00   0.146535E-01   0.125305E+00   0.249956E+00
 0.110357E+02   0.602872E+00   0.144982E-01   0.124809E+00   0.249956E+00
 0.110527E+02   0.600419E+00   0.143438E-01   0.124313E+00   0.249956E+00
 0.110697E+02   0.597968E+00   0.141906E-01   0.123818E+00   0.249956E+00
 0.110866E+02   0.595519E+00   0.140384E-01   0.123322E+00   0.249956E+00
 0.111035E+02   0.593073E+00   0.138872E-01   0.122827E+00   0.249956E+00
 0.111203E+02   0.590628E+00   0.137370E-01   0.122332E+00   0.249956E+00
 0.111371E+02   0.588186E+00   0.135879E-01   0.121838E+00   0.249956E+00
 0.111539E+02   0.585746E+00   0.134398E-01   0.121344E+00   0.249956E+00
 0.111671E+02   0.583816E+00   0.133233E-01   0.120953E+00   0.249956E+00
 0.111805E+02   0.581867E+00   0.132062E-01   0.120558E+00   0.249956E+00
 0.111972E+02   0.579414E+00   0.130595E-01   0.120061E+00   0.249956E+00
 0.112140E+02   0.576964E+00   0.129139E-01   0.119565E+00   0.249956E+00
 0.112306E+02   0.574516E+00   0.127693E-01   0.119068E+00   0.249956E+00
 0.112473E+02   0.572071E+00   0.126257E-01   0.118573E+00   0.249956E+00
 0.112639E+02   0.569629E+00   0.124830E-01   0.118077E+00   0.249956E+00
 0.112804E+02   0.567190E+00   0.123414E-01   0.117583E+00   0.249956E+00
 0.112970E+02   0.564753E+00   0.122007E-01   0.117088E+00   0.249956E+00
 0.113135E+02   0.562320E+00   0.120610E-01   0.116594E+00   0.249956E+00
 0.113299E+02   0.559889E+00   0.119222E-01   0.116101E+00   0.249956E+00
 0.113454E+02   0.557593E+00   0.117919E-01   0.115635E+00   0.249956E+00
 0.113638E+02   0.554867E+00   0.116379E-01   0.115081E+00   0.249956E+00
 0.113820E+02   0.552173E+00   0.114867E-01   0.114534E+00   0.249956E+00
 0.114000E+02   0.549510E+00   0.113379E-01   0.113992E+00   0.249956E+00
 0.114178E+02   0.546875E+00   0.111915E-01   0.113457E+00   0.249956E+00
 0.114354E+02   0.544267E+00   0.110472E-01   0.112926E+00   0.249956E+00
 0.114528E+02   0.541686E+00   0.109050E-01   0.112401E+00   0.249956E+00
 0.114701E+02   0.539130E+00   0.107646E-01   0.111881E+00   0.249956E+00
 0.114873E+02   0.536598E+00   0.106261E-01   0.111366E+00   0.249956E+00
 0.114973E+02   0.535118E+00   0.105453E-01   0.111065E+00   0.249956E+00
 0.115109E+02   0.533125E+00   0.104368E-01   0.110659E+00   0.249956E+00
 0.115226E+02   0.531401E+00   0.103432E-01   0.110308E+00   0.249956E+00
 0.115343E+02   0.529684E+00   0.102502E-01   0.109959E+00   0.249956E+00
 0.115459E+02   0.527973E+00   0.101579E-01   0.109610E+00   0.249956E+00
 0.115576E+02   0.526268E+00   0.100661E-01   0.109263E+00   0.249956E+00
 0.115691E+02   0.524569E+00   0.997505E-02   0.108917E+00   0.249956E+00
 0.115807E+02   0.522874E+00   0.988461E-02   0.108571E+00   0.249956E+00
 0.115922E+02   0.521184E+00   0.979479E-02   0.108227E+00   0.249956E+00
 0.116036E+02   0.519498E+00   0.970563E-02   0.107883E+00   0.249956E+00
 0.116150E+02   0.517817E+00   0.961713E-02   0.107540E+00   0.249956E+00
 0.116264E+02   0.516138E+00   0.952925E-02   0.107198E+00   0.249956E+00
 0.116377E+02   0.514463E+00   0.944204E-02   0.106857E+00   0.249956E+00
 0.116489E+02   0.512791E+00   0.935546E-02   0.106516E+00   0.249956E+00
 0.116602E+02   0.511122E+00   0.926953E-02   0.106175E+00   0.249956E+00
 0.116714E+02   0.509454E+00   0.918425E-02   0.105835E+00   0.249956E+00
 0.116849E+02   0.507433E+00   0.908156E-02   0.105422E+00   0.249956E+00
 0.116985E+02   0.505388E+00   0.897847E-02   0.105005E+00   0.249956E+00
 0.117121E+02   0.503342E+00   0.887611E-02   0.104587E+00   0.249956E+00
 0.117256E+02   0.501296E+00   0.877450E-02   0.104169E+00   0.249956E+00
 0.117392E+02   0.499249E+00   0.867362E-02   0.103751E+00   0.249956E+00
 0.117526E+02   0.497203E+00   0.857349E-02   0.103333E+00   0.249956E+00
 0.117661E+02   0.495157E+00   0.847409E-02   0.102915E+00   0.249956E+00
 0.117795E+02   0.493111E+00   0.837542E-02   0.102497E+00   0.249956E+00
 0.117928E+02   0.491066E+00   0.827746E-02   0.102079E+00   0.249956E+00
 0.118062E+02   0.489021E+00   0.818022E-02   0.101661E+00   0.249956E+00
 0.118194E+02   0.486977E+00   0.808370E-02   0.101243E+00   0.249956E+00
 0.118298E+02   0.485386E+00   0.800904E-02   0.100918E+00   0.249956E+00
 0.118416E+02   0.483561E+00   0.792387E-02   0.100544E+00   0.249956E+00
 0.118533E+02   0.481742E+00   0.783956E-02   0.100172E+00   0.249956E+00
 0.118650E+02   0.479927E+00   0.775590E-02   0.998006E-01   0.249956E+00
 0.118767E+02   0.478114E+00   0.767289E-02   0.994296E-01   0.249956E+00
 0.118883E+02   0.476304E+00   0.759054E-02   0.990591E-01   0.249956E+00
 0.118999E+02   0.474496E+00   0.750883E-02   0.986891E-01   0.249956E+00
 0.119114E+02   0.472692E+00   0.742777E-02   0.983195E-01   0.249956E+00
 0.119229E+02   0.470890E+00   0.734735E-02   0.979505E-01   0.249956E+00
 0.119343E+02   0.469090E+00   0.726756E-02   0.975818E-01   0.249956E+00
 0.119457E+02   0.467292E+00   0.718839E-02   0.972135E-01   0.249956E+00
 0.119571E+02   0.465497E+00   0.710985E-02   0.968457E-01   0.249956E+00
 0.119684E+02   0.463705E+00   0.703194E-02   0.964784E-01   0.249956E+00
 0.119797E+02   0.461914E+00   0.695464E-02   0.961114E-01   0.249956E+00
 0.119930E+02   0.459796E+00   0.686384E-02   0.956772E-01   0.249956E+00
 0.120040E+02   0.458047E+00   0.678941E-02   0.953186E-01   0.249956E+00
 0.120149E+02   0.456301E+00   0.671559E-02   0.949605E-01   0.249956E+00
 0.120257E+02   0.454557E+00   0.664235E-02   0.946028E-01   0.249956E+00
 0.120366E+02   0.452816E+00   0.656971E-02   0.942456E-01   0.249956E+00
 0.120474E+02   0.451077E+00   0.649764E-02   0.938889E-01   0.249956E+00
 0.120581E+02   0.449340E+00   0.642614E-02   0.935325E-01   0.249956E+00
 0.120688E+02   0.447606E+00   0.635521E-02   0.931765E-01   0.249956E+00
 0.120795E+02   0.445874E+00   0.628485E-02   0.928209E-01   0.249956E+00
 0.120902E+02   0.444144E+00   0.621505E-02   0.924658E-01   0.249956E+00
 0.121007E+02   0.442416E+00   0.614582E-02   0.921110E-01   0.249956E+00
 0.121113E+02   0.440691E+00   0.607713E-02   0.917566E-01   0.249956E+00
 0.121218E+02   0.438967E+00   0.600899E-02   0.914027E-01   0.249956E+00
 0.121323E+02   0.437246E+00   0.594139E-02   0.910491E-01   0.249956E+00
 0.121464E+02   0.434930E+00   0.585117E-02   0.905733E-01   0.249956E+00
 0.121613E+02   0.432460E+00   0.575584E-02   0.900657E-01   0.249956E+00
 0.121762E+02   0.429996E+00   0.566167E-02   0.895592E-01   0.249956E+00
 0.121909E+02   0.427537E+00   0.556864E-02   0.890536E-01   0.249956E+00
 0.122056E+02   0.425084E+00   0.547674E-02   0.885491E-01   0.249956E+00
 0.122202E+02   0.422635E+00   0.538596E-02   0.880455E-01   0.249956E+00
 0.122347E+02   0.420192E+00   0.529627E-02   0.875429E-01   0.249956E+00
 0.122492E+02   0.417754E+00   0.520767E-02   0.870411E-01   0.249956E+00
 0.122635E+02   0.415320E+00   0.512016E-02   0.865404E-01   0.249956E+00
 0.122778E+02   0.412892E+00   0.503372E-02   0.860405E-01   0.249956E+00
 0.122903E+02   0.410748E+00   0.495811E-02   0.855990E-01   0.249956E+00
 0.123039E+02   0.408423E+00   0.487689E-02   0.851202E-01   0.249956E+00
 0.123174E+02   0.406103E+00   0.479667E-02   0.846423E-01   0.249956E+00
 0.123308E+02   0.403788E+00   0.471745E-02   0.841655E-01   0.249956E+00
 0.123441E+02   0.401479E+00   0.463919E-02   0.836897E-01   0.249956E+00
 0.123574E+02   0.399175E+00   0.456190E-02   0.832148E-01   0.249956E+00
 0.123706E+02   0.396875E+00   0.448557E-02   0.827408E-01   0.249956E+00
 0.123836E+02   0.394581E+00   0.441018E-02   0.822679E-01   0.249956E+00
 0.123967E+02   0.392292E+00   0.433573E-02   0.817958E-01   0.249956E+00
 0.124096E+02   0.390008E+00   0.426219E-02   0.813246E-01   0.249956E+00
 0.124225E+02   0.387728E+00   0.418957E-02   0.808544E-01   0.249956E+00
 0.124349E+02   0.385513E+00   0.411972E-02   0.803975E-01   0.249956E+00
 0.124471E+02   0.383338E+00   0.405182E-02   0.799486E-01   0.249956E+00
 0.124592E+02   0.381168E+00   0.398476E-02   0.795007E-01   0.249956E+00
 0.124712E+02   0.379004E+00   0.391855E-02   0.790539E-01   0.249956E+00
 0.124832E+02   0.376844E+00   0.385317E-02   0.786081E-01   0.249956E+00
 0.124950E+02   0.374690E+00   0.378861E-02   0.781631E-01   0.249956E+00
 0.125069E+02   0.372540E+00   0.372486E-02   0.777192E-01   0.249956E+00
 0.125186E+02   0.370395E+00   0.366191E-02   0.772761E-01   0.249956E+00
 0.125302E+02   0.368255E+00   0.359975E-02   0.768339E-01   0.249956E+00
 0.125418E+02   0.366119E+00   0.353836E-02   0.763925E-01   0.249956E+00
 0.125523E+02   0.364188E+00   0.348339E-02   0.759933E-01   0.249956E+00
 0.125653E+02   0.361765E+00   0.341517E-02   0.754925E-01   0.249956E+00
 0.125762E+02   0.359737E+00   0.335870E-02   0.750732E-01   0.249956E+00
 0.125870E+02   0.357714E+00   0.330295E-02   0.746549E-01   0.249956E+00
 0.125977E+02   0.355696E+00   0.324790E-02   0.742376E-01   0.249956E+00
 0.126084E+02   0.353683E+00   0.319356E-02   0.738212E-01   0.249956E+00
 0.126190E+02   0.351674E+00   0.313991E-02   0.734057E-01   0.249956E+00
 0.126295E+02   0.349671E+00   0.308694E-02   0.729912E-01   0.249956E+00
 0.126400E+02   0.347672E+00   0.303465E-02   0.725775E-01   0.249956E+00
 0.126504E+02   0.345677E+00   0.298302E-02   0.721648E-01   0.249956E+00
 0.126607E+02   0.343687E+00   0.293205E-02   0.717528E-01   0.249956E+00
 0.126710E+02   0.341701E+00   0.288173E-02   0.713417E-01   0.249956E+00
 0.126821E+02   0.339533E+00   0.282738E-02   0.708927E-01   0.249956E+00
 0.126950E+02   0.337021E+00   0.276520E-02   0.703725E-01   0.249956E+00
 0.127078E+02   0.334517E+00   0.270409E-02   0.698540E-01   0.249956E+00
 0.127204E+02   0.332023E+00   0.264404E-02   0.693372E-01   0.249956E+00
 0.127329E+02   0.329537E+00   0.258501E-02   0.688221E-01   0.249956E+00
 0.127453E+02   0.327058E+00   0.252700E-02   0.683085E-01   0.249956E+00
 0.127576E+02   0.324588E+00   0.246999E-02   0.677964E-01   0.249956E+00
 0.127698E+02   0.322125E+00   0.241396E-02   0.672858E-01   0.249956E+00
 0.127819E+02   0.319669E+00   0.235889E-02   0.667766E-01   0.249956E+00
 0.127939E+02   0.317221E+00   0.230476E-02   0.662688E-01   0.249956E+00
 0.128056E+02   0.314821E+00   0.225247E-02   0.657711E-01   0.249956E+00
 0.128168E+02   0.312507E+00   0.220272E-02   0.652910E-01   0.249956E+00
 0.128279E+02   0.310201E+00   0.215385E-02   0.648126E-01   0.249956E+00
 0.128389E+02   0.307904E+00   0.210584E-02   0.643359E-01   0.249956E+00
 0.128497E+02   0.305614E+00   0.205867E-02   0.638607E-01   0.249956E+00
 0.128605E+02   0.303332E+00   0.201233E-02   0.633870E-01   0.249956E+00
 0.128712E+02   0.301057E+00   0.196679E-02   0.629147E-01   0.249956E+00
 0.128818E+02   0.298789E+00   0.192205E-02   0.624437E-01   0.249956E+00
 0.128923E+02   0.296527E+00   0.187809E-02   0.619741E-01   0.249956E+00
 0.129027E+02   0.294273E+00   0.183489E-02   0.615059E-01   0.249956E+00
 0.129130E+02   0.292025E+00   0.179244E-02   0.610389E-01   0.249956E+00
 0.129248E+02   0.289434E+00   0.174428E-02   0.605007E-01   0.249956E+00
 0.129367E+02   0.286794E+00   0.169604E-02   0.599520E-01   0.249956E+00
 0.129485E+02   0.284166E+00   0.164887E-02   0.594058E-01   0.249956E+00
 0.129601E+02   0.281549E+00   0.160276E-02   0.588618E-01   0.249956E+00
 0.129716E+02   0.278943E+00   0.155767E-02   0.583201E-01   0.249956E+00
 0.129830E+02   0.276347E+00   0.151358E-02   0.577803E-01   0.249956E+00
 0.129942E+02   0.273761E+00   0.147046E-02   0.572425E-01   0.249956E+00
 0.130053E+02   0.271184E+00   0.142828E-02   0.567065E-01   0.249956E+00
 0.130163E+02   0.268616E+00   0.138703E-02   0.561723E-01   0.249956E+00
 0.130271E+02   0.266062E+00   0.134674E-02   0.556409E-01   0.249956E+00
 0.130372E+02   0.263657E+00   0.130949E-02   0.551404E-01   0.249956E+00
 0.130492E+02   0.260786E+00   0.126591E-02   0.545429E-01   0.249956E+00
 0.130610E+02   0.257930E+00   0.122351E-02   0.539485E-01   0.249956E+00
 0.130726E+02   0.255088E+00   0.118226E-02   0.533568E-01   0.249956E+00
 0.130840E+02   0.252260E+00   0.114212E-02   0.527679E-01   0.249956E+00
 0.130953E+02   0.249443E+00   0.110305E-02   0.521814E-01   0.249956E+00
 0.131063E+02   0.246639E+00   0.106502E-02   0.515972E-01   0.249956E+00
 0.131173E+02   0.243846E+00   0.102799E-02   0.510155E-01   0.249956E+00
 0.131285E+02   0.240960E+00   0.990593E-03   0.504140E-01   0.249956E+00
 0.131400E+02   0.237943E+00   0.952472E-03   0.497854E-01   0.249956E+00
 0.131514E+02   0.234946E+00   0.915588E-03   0.491608E-01   0.249956E+00
 0.131625E+02   0.231967E+00   0.879888E-03   0.485397E-01   0.249956E+00
 0.131734E+02   0.229003E+00   0.845330E-03   0.479219E-01   0.249956E+00
 0.131841E+02   0.226054E+00   0.811867E-03   0.473070E-01   0.249956E+00
 0.131946E+02   0.223119E+00   0.779456E-03   0.466949E-01   0.249956E+00
 0.132050E+02   0.220196E+00   0.748052E-03   0.460854E-01   0.249956E+00
 0.132161E+02   0.217026E+00   0.714931E-03   0.454240E-01   0.249956E+00
 0.132267E+02   0.213936E+00   0.683614E-03   0.447794E-01   0.249956E+00
 0.132371E+02   0.210869E+00   0.653473E-03   0.441393E-01   0.249956E+00
 0.132473E+02   0.207821E+00   0.624455E-03   0.435033E-01   0.249956E+00
 0.132585E+02   0.204412E+00   0.593082E-03   0.427919E-01   0.249956E+00
 0.132694E+02   0.201024E+00   0.562989E-03   0.420845E-01   0.249956E+00
 0.132800E+02   0.197654E+00   0.534110E-03   0.413810E-01   0.249956E+00
 0.132901E+02   0.194439E+00   0.507486E-03   0.407096E-01   0.249956E+00
 0.133004E+02   0.191056E+00   0.480461E-03   0.400031E-01   0.249956E+00
 0.133104E+02   0.187708E+00   0.454750E-03   0.393038E-01   0.249956E+00
 0.133211E+02   0.184056E+00   0.427888E-03   0.385410E-01   0.249956E+00
 0.133315E+02   0.180430E+00   0.402411E-03   0.377833E-01   0.249956E+00
 0.133415E+02   0.176825E+00   0.378226E-03   0.370300E-01   0.249956E+00
 0.133521E+02   0.172913E+00   0.353209E-03   0.362126E-01   0.249956E+00
 0.133625E+02   0.169010E+00   0.329449E-03   0.353968E-01   0.249956E+00
 0.133732E+02   0.164837E+00   0.305374E-03   0.345243E-01   0.249956E+00
 0.133835E+02   0.160707E+00   0.282907E-03   0.336609E-01   0.249956E+00
 0.133940E+02   0.156317E+00   0.260450E-03   0.327431E-01   0.249956E+00
 0.134042E+02   0.151960E+00   0.239511E-03   0.318319E-01   0.249956E+00
 0.134145E+02   0.147368E+00   0.218783E-03   0.308713E-01   0.249956E+00
 0.134249E+02   0.142629E+00   0.198815E-03   0.298799E-01   0.249956E+00
 0.134350E+02   0.137731E+00   0.179873E-03   0.288553E-01   0.249956E+00
 0.134454E+02   0.132384E+00   0.161137E-03   0.277363E-01   0.249956E+00
 0.134556E+02   0.126807E+00   0.143554E-03   0.265693E-01   0.249956E+00
 0.134659E+02   0.120829E+00   0.126619E-03   0.253181E-01   0.249956E+00
 0.134762E+02   0.114438E+00   0.110576E-03   0.239804E-01   0.249956E+00
 0.134863E+02   0.107676E+00   0.957394E-04   0.225646E-01   0.249956E+00
 0.134965E+02   0.100327E+00   0.816851E-04   0.210259E-01   0.249956E+00
 0.135066E+02   0.924131E-01   0.688072E-04   0.193683E-01   0.249956E+00
 0.135167E+02   0.831511E-01   0.571277E-04   0.174284E-01   0.249956E+00
 0.135267E+02   0.723706E-01   0.468221E-04   0.151707E-01   0.249956E+00
 0.135368E+02   0.607120E-01   0.379818E-04   0.127288E-01   0.249956E+00
 0.135468E+02   0.494220E-01   0.307424E-04   0.103616E-01   0.249956E+00
 0.135570E+02   0.393326E-01   0.248568E-04   0.824494E-02   0.249956E+00
 0.135671E+02   0.312673E-01   0.202080E-04   0.655604E-02   0.249956E+00
 0.135772E+02   0.250419E-01   0.165066E-04   0.525629E-02   0.249956E+00
 0.135872E+02   0.202157E-01   0.135640E-04   0.424998E-02   0.249956E+00
 0.135973E+02   0.162977E-01   0.111708E-04   0.343224E-02   0.249956E+00
 0.136075E+02   0.131066E-01   0.924293E-05   0.276484E-02   0.249956E+00
 0.136175E+02   0.105241E-01   0.770854E-05   0.222334E-02   0.249956E+00
 0.136275E+02   0.842336E-02   0.648275E-05   0.178169E-02   0.249956E+00
 0.136376E+02   0.671305E-02   0.550191E-05   0.142121E-02   0.249956E+00
 0.136477E+02   0.532255E-02   0.471683E-05   0.112747E-02   0.249956E+00
 0.136578E+02   0.421262E-02   0.409853E-05   0.892528E-03   0.249956E+00
 0.136679E+02   0.332672E-02   0.361055E-05   0.704690E-03   0.249956E+00
 0.136781E+02   0.262002E-02   0.322485E-05   0.554632E-03   0.249956E+00
 0.136881E+02   0.206616E-02   0.292483E-05   0.436892E-03   0.249956E+00
 0.136982E+02   0.162369E-02   0.268659E-05   0.342743E-03   0.249956E+00
 0.137083E+02   0.127702E-02   0.250082E-05   0.268921E-03   0.249956E+00
 0.137183E+02   0.119129E-02   0.234656E-05   0.250662E-03   0.249956E+00
 0.137284E+02   0.115327E-02   0.219443E-05   0.242608E-03   0.249956E+00
 0.137387E+02   0.107636E-02   0.204862E-05   0.226436E-03   0.249956E+00
 0.137488E+02   0.991740E-03   0.191515E-05   0.208737E-03   0.249956E+00
 0.137592E+02   0.916623E-03   0.179013E-05   0.193009E-03   0.249956E+00
 0.137694E+02   0.857987E-03   0.167544E-05   0.180694E-03   0.249956E+00
 0.137796E+02   0.810264E-03   0.156791E-05   0.170660E-03   0.249956E+00
 0.137898E+02   0.769786E-03   0.146632E-05   0.162151E-03   0.249956E+00
 0.138002E+02   0.733252E-03   0.136802E-05   0.154479E-03   0.249956E+00
 0.138102E+02   0.700006E-03   0.127779E-05   0.147504E-03   0.249956E+00
 0.138203E+02   0.666145E-03   0.119146E-05   0.140398E-03   0.249956E+00
 0.138303E+02   0.630458E-03   0.111018E-05   0.132899E-03   0.249956E+00
 0.138405E+02   0.590742E-03   0.103164E-05   0.124533E-03   0.249956E+00
 0.138507E+02   0.549939E-03   0.959672E-06   0.115920E-03   0.249956E+00
 0.138609E+02   0.511534E-03   0.891929E-06   0.107842E-03   0.249956E+00
 0.138712E+02   0.477033E-03   0.828736E-06   0.100607E-03   0.249956E+00
 0.138814E+02   0.444556E-03   0.770391E-06   0.937647E-04   0.249956E+00
 0.138918E+02   0.413713E-03   0.715001E-06   0.872444E-04   0.249956E+00
 0.139021E+02   0.386549E-03   0.664180E-06   0.815057E-04   0.249956E+00
 0.139124E+02   0.362845E-03   0.616314E-06   0.765150E-04   0.249956E+00
 0.139228E+02   0.342079E-03   0.571209E-06   0.721556E-04   0.249956E+00
 0.139330E+02   0.323472E-03   0.529357E-06   0.682515E-04   0.249956E+00
 0.139431E+02   0.306132E-03   0.490391E-06   0.646091E-04   0.249956E+00
 0.139531E+02   0.289341E-03   0.453746E-06   0.610729E-04   0.249956E+00
 0.139635E+02   0.272260E-03   0.417930E-06   0.574673E-04   0.249956E+00
 0.139738E+02   0.255846E-03   0.384777E-06   0.539995E-04   0.249956E+00
 0.139839E+02   0.240131E-03   0.354090E-06   0.506815E-04   0.249956E+00
 0.139944E+02   0.224489E-03   0.324430E-06   0.473847E-04   0.249956E+00
 0.140049E+02   0.209621E-03   0.296610E-06   0.442541E-04   0.249956E+00
 0.140151E+02   0.196282E-03   0.271524E-06   0.414449E-04   0.249956E+00
 0.140252E+02   0.184135E-03   0.248241E-06   0.388833E-04   0.249956E+00
 0.140352E+02   0.172760E-03   0.226614E-06   0.364815E-04   0.249956E+00
 0.140453E+02   0.161182E-03   0.206339E-06   0.340362E-04   0.249956E+00
 0.140556E+02   0.148561E-03   0.187004E-06   0.313731E-04   0.249956E+00
 0.140659E+02   0.135591E-03   0.169445E-06   0.286411E-04   0.249956E+00
 0.140762E+02   0.123603E-03   0.153439E-06   0.261155E-04   0.249956E+00
 0.140864E+02   0.113577E-03   0.138906E-06   0.239992E-04   0.249956E+00
 0.140965E+02   0.105303E-03   0.125758E-06   0.222502E-04   0.249956E+00
 0.141067E+02   0.976738E-04   0.113304E-06   0.206377E-04   0.249956E+00
 0.141169E+02   0.904725E-04   0.101917E-06   0.191178E-04   0.249956E+00
 0.141270E+02   0.833676E-04   0.914490E-07   0.176198E-04   0.249956E+00
 0.141370E+02   0.762761E-04   0.819049E-07   0.161238E-04   0.249956E+00
 0.141473E+02   0.690454E-04   0.730109E-07   0.145958E-04   0.249956E+00
 0.141575E+02   0.624837E-04   0.651200E-07   0.132088E-04   0.249956E+00
 0.141676E+02   0.568272E-04   0.579633E-07   0.120155E-04   0.249956E+00
 0.141777E+02   0.519937E-04   0.515061E-07   0.109969E-04   0.249956E+00
 0.141877E+02   0.475543E-04   0.455856E-07   0.100594E-04   0.249956E+00
 0.141978E+02   0.433576E-04   0.402225E-07   0.917018E-05   0.249956E+00
 0.142079E+02   0.393093E-04   0.353044E-07   0.831250E-05   0.249956E+00
 0.142182E+02   0.354075E-04   0.307865E-07   0.748962E-05   0.249956E+00
 0.142284E+02   0.318442E-04   0.267609E-07   0.674003E-05   0.249956E+00
 0.142386E+02   0.286826E-04   0.231608E-07   0.607230E-05   0.249956E+00
 0.142486E+02   0.257725E-04   0.199750E-07   0.545470E-05   0.249956E+00
 0.142587E+02   0.227544E-04   0.171407E-07   0.481452E-05   0.249956E+00
 0.142688E+02   0.197500E-04   0.146300E-07   0.417916E-05   0.249956E+00
 0.142790E+02   0.172518E-04   0.124555E-07   0.365093E-05   0.249956E+00
 0.142890E+02   0.152082E-04   0.105607E-07   0.321854E-05   0.249956E+00
 0.142991E+02   0.134244E-04   0.889146E-08   0.284110E-05   0.249956E+00
 0.143093E+02   0.117909E-04   0.740851E-08   0.249563E-05   0.249956E+00
 0.143194E+02   0.102826E-04   0.611845E-08   0.217679E-05   0.249956E+00
 0.143295E+02   0.886011E-05   0.500634E-08   0.187608E-05   0.249956E+00
 0.143397E+02   0.750986E-05   0.405302E-08   0.159049E-05   0.249956E+00
 0.143497E+02   0.629050E-05   0.325720E-08   0.133236E-05   0.249956E+00
 0.143597E+02   0.529642E-05   0.259533E-08   0.112181E-05   0.249956E+00
 0.143697E+02   0.453270E-05   0.203454E-08   0.960048E-06   0.249956E+00
 0.143798E+02   0.365155E-05   0.155863E-08   0.773465E-06   0.249956E+00
 0.143898E+02   0.275151E-05   0.119875E-08   0.582919E-06   0.249956E+00
 0.143999E+02   0.227796E-05   0.910490E-09   0.482625E-06   0.249956E+00
 0.144100E+02   0.182269E-05   0.676487E-09   0.386204E-06   0.249956E+00
 0.144201E+02   0.143931E-05   0.490924E-09   0.304968E-06   0.249956E+00
 0.144301E+02   0.112085E-05   0.345087E-09   0.237465E-06   0.249956E+00
 0.144402E+02   0.816136E-06   0.234934E-09   0.172964E-06   0.249956E+00
 0.144503E+02   0.591421E-06   0.155867E-09   0.125371E-06   0.249956E+00
 0.144603E+02   0.425970E-06   0.986701E-10   0.902961E-07   0.249956E+00
 0.144704E+02   0.290491E-06   0.583307E-10   0.615912E-07   0.249956E+00
 0.144804E+02   0.187091E-06   0.317696E-10   0.396756E-07   0.249956E+00
 0.144904E+02   0.110980E-06   0.152228E-10   0.235284E-07   0.249956E+00
 0.145004E+02   0.567542E-07   0.603223E-11   0.120331E-07   0.249956E+00
 0.145104E+02   0.232871E-07   0.163701E-11   0.493791E-08   0.249956E+00
 0.145204E+02   0.529522E-08   0.185370E-12   0.112294E-08   0.249956E+00
