 0.000000E+00   0.136800E+01   0.150722E+00   0.271722E+00   0.271722E+00
 0.102299E-01   0.136800E+01   0.150722E+00   0.271722E+00   0.271722E+00
 0.203528E-01   0.136800E+01   0.150721E+00   0.271722E+00   0.271722E+00
 0.303642E-01   0.136800E+01   0.150720E+00   0.271721E+00   0.271722E+00
 0.406120E-01   0.136799E+01   0.150719E+00   0.271721E+00   0.271722E+00
 0.509810E-01   0.136799E+01   0.150718E+00   0.271720E+00   0.271722E+00
 0.618392E-01   0.136798E+01   0.150716E+00   0.271719E+00   0.271722E+00
 0.718724E-01   0.136798E+01   0.150714E+00   0.271718E+00   0.271722E+00
 0.828269E-01   0.136797E+01   0.150711E+00   0.271717E+00   0.271722E+00
 0.934932E-01   0.136796E+01   0.150709E+00   0.271715E+00   0.271722E+00
 0.103638E+00   0.136795E+01   0.150706E+00   0.271714E+00   0.271722E+00
 0.114417E+00   0.136794E+01   0.150702E+00   0.271712E+00   0.271722E+00
 0.125846E+00   0.136793E+01   0.150698E+00   0.271710E+00   0.271722E+00
 0.136387E+00   0.136792E+01   0.150694E+00   0.271708E+00   0.271722E+00
 0.147442E+00   0.136791E+01   0.150689E+00   0.271706E+00   0.271722E+00
 0.159017E+00   0.136789E+01   0.150684E+00   0.271703E+00   0.271722E+00
 0.169368E+00   0.136788E+01   0.150679E+00   0.271700E+00   0.271722E+00
 0.180109E+00   0.136786E+01   0.150673E+00   0.271697E+00   0.271722E+00
 0.191248E+00   0.136785E+01   0.150667E+00   0.271694E+00   0.271722E+00
 0.202791E+00   0.136783E+01   0.150660E+00   0.271691E+00   0.271722E+00
 0.214743E+00   0.136780E+01   0.150652E+00   0.271687E+00   0.271722E+00
 0.225019E+00   0.136779E+01   0.150645E+00   0.271684E+00   0.271722E+00
 0.235586E+00   0.136776E+01   0.150638E+00   0.271680E+00   0.271722E+00
 0.246447E+00   0.136774E+01   0.150630E+00   0.271676E+00   0.271722E+00
 0.257602E+00   0.136772E+01   0.150622E+00   0.271672E+00   0.271722E+00
 0.269058E+00   0.136769E+01   0.150613E+00   0.271667E+00   0.271722E+00
 0.280812E+00   0.136767E+01   0.150603E+00   0.271662E+00   0.271722E+00
 0.292868E+00   0.136764E+01   0.150592E+00   0.271657E+00   0.271722E+00
 0.305230E+00   0.136761E+01   0.150581E+00   0.271651E+00   0.271722E+00
 0.315343E+00   0.136758E+01   0.150572E+00   0.271647E+00   0.271722E+00
 0.325652E+00   0.136755E+01   0.150562E+00   0.271642E+00   0.271722E+00
 0.336163E+00   0.136752E+01   0.150551E+00   0.271636E+00   0.271722E+00
 0.346875E+00   0.136749E+01   0.150540E+00   0.271631E+00   0.271722E+00
 0.357792E+00   0.136746E+01   0.150529E+00   0.271625E+00   0.271722E+00
 0.368909E+00   0.136742E+01   0.150517E+00   0.271619E+00   0.271722E+00
 0.380230E+00   0.136739E+01   0.150504E+00   0.271612E+00   0.271722E+00
 0.391759E+00   0.136735E+01   0.150490E+00   0.271606E+00   0.271722E+00
 0.403495E+00   0.136731E+01   0.150476E+00   0.271599E+00   0.271722E+00
 0.415441E+00   0.136727E+01   0.150461E+00   0.271591E+00   0.271722E+00
 0.427597E+00   0.136723E+01   0.150446E+00   0.271583E+00   0.271722E+00
 0.439965E+00   0.136718E+01   0.150430E+00   0.271575E+00   0.271722E+00
 0.452544E+00   0.136713E+01   0.150413E+00   0.271567E+00   0.271722E+00
 0.465336E+00   0.136708E+01   0.150395E+00   0.271558E+00   0.271722E+00
 0.478342E+00   0.136703E+01   0.150377E+00   0.271549E+00   0.271722E+00
 0.491562E+00   0.136698E+01   0.150357E+00   0.271539E+00   0.271722E+00
 0.501620E+00   0.136693E+01   0.150342E+00   0.271531E+00   0.271722E+00
 0.511797E+00   0.136689E+01   0.150327E+00   0.271523E+00   0.271722E+00
 0.522100E+00   0.136685E+01   0.150311E+00   0.271515E+00   0.271722E+00
 0.532529E+00   0.136680E+01   0.150294E+00   0.271507E+00   0.271722E+00
 0.543077E+00   0.136675E+01   0.150277E+00   0.271498E+00   0.271722E+00
 0.553751E+00   0.136670E+01   0.150259E+00   0.271490E+00   0.271722E+00
 0.564552E+00   0.136665E+01   0.150241E+00   0.271480E+00   0.271722E+00
 0.575477E+00   0.136660E+01   0.150222E+00   0.271471E+00   0.271722E+00
 0.586526E+00   0.136654E+01   0.150203E+00   0.271461E+00   0.271722E+00
 0.597701E+00   0.136649E+01   0.150183E+00   0.271451E+00   0.271722E+00
 0.609005E+00   0.136643E+01   0.150163E+00   0.271441E+00   0.271722E+00
 0.620434E+00   0.136637E+01   0.150141E+00   0.271430E+00   0.271722E+00
 0.631991E+00   0.136631E+01   0.150120E+00   0.271419E+00   0.271722E+00
 0.643674E+00   0.136624E+01   0.150097E+00   0.271408E+00   0.271722E+00
 0.655488E+00   0.136618E+01   0.150074E+00   0.271396E+00   0.271722E+00
 0.667433E+00   0.136611E+01   0.150050E+00   0.271384E+00   0.271722E+00
 0.679505E+00   0.136604E+01   0.150026E+00   0.271372E+00   0.271722E+00
 0.691705E+00   0.136597E+01   0.150001E+00   0.271359E+00   0.271722E+00
 0.704035E+00   0.136590E+01   0.149975E+00   0.271346E+00   0.271722E+00
 0.716499E+00   0.136583E+01   0.149948E+00   0.271333E+00   0.271722E+00
 0.729090E+00   0.136575E+01   0.149921E+00   0.271319E+00   0.271722E+00
 0.741813E+00   0.136567E+01   0.149892E+00   0.271305E+00   0.271722E+00
 0.754669E+00   0.136559E+01   0.149863E+00   0.271290E+00   0.271722E+00
 0.767654E+00   0.136550E+01   0.149834E+00   0.271275E+00   0.271722E+00
 0.780772E+00   0.136542E+01   0.149803E+00   0.271260E+00   0.271722E+00
 0.794024E+00   0.136533E+01   0.149772E+00   0.271244E+00   0.271722E+00
 0.807408E+00   0.136524E+01   0.149739E+00   0.271228E+00   0.271722E+00
 0.820928E+00   0.136514E+01   0.149706E+00   0.271211E+00   0.271722E+00
 0.834583E+00   0.136505E+01   0.149672E+00   0.271194E+00   0.271722E+00
 0.848374E+00   0.136495E+01   0.149637E+00   0.271176E+00   0.271722E+00
 0.862299E+00   0.136485E+01   0.149602E+00   0.271158E+00   0.271722E+00
 0.876357E+00   0.136475E+01   0.149565E+00   0.271139E+00   0.271722E+00
 0.890551E+00   0.136464E+01   0.149527E+00   0.271120E+00   0.271722E+00
 0.904881E+00   0.136453E+01   0.149488E+00   0.271101E+00   0.271722E+00
 0.919347E+00   0.136442E+01   0.149449E+00   0.271081E+00   0.271722E+00
 0.933950E+00   0.136430E+01   0.149408E+00   0.271060E+00   0.271722E+00
 0.948688E+00   0.136419E+01   0.149366E+00   0.271039E+00   0.271722E+00
 0.963567E+00   0.136406E+01   0.149324E+00   0.271018E+00   0.271722E+00
 0.978582E+00   0.136394E+01   0.149280E+00   0.270995E+00   0.271722E+00
 0.988670E+00   0.136386E+01   0.149250E+00   0.270980E+00   0.271722E+00
 0.998819E+00   0.136377E+01   0.149220E+00   0.270965E+00   0.271722E+00
 0.100903E+01   0.136368E+01   0.149189E+00   0.270949E+00   0.271722E+00
 0.101930E+01   0.136360E+01   0.149158E+00   0.270934E+00   0.271722E+00
 0.102964E+01   0.136351E+01   0.149126E+00   0.270917E+00   0.271722E+00
 0.104003E+01   0.136341E+01   0.149094E+00   0.270901E+00   0.271722E+00
 0.105049E+01   0.136332E+01   0.149061E+00   0.270885E+00   0.271722E+00
 0.106101E+01   0.136323E+01   0.149027E+00   0.270868E+00   0.271722E+00
 0.107160E+01   0.136313E+01   0.148993E+00   0.270850E+00   0.271722E+00
 0.108225E+01   0.136303E+01   0.148959E+00   0.270833E+00   0.271722E+00
 0.109295E+01   0.136294E+01   0.148924E+00   0.270815E+00   0.271722E+00
 0.110372E+01   0.136284E+01   0.148889E+00   0.270797E+00   0.271722E+00
 0.111456E+01   0.136273E+01   0.148853E+00   0.270779E+00   0.271722E+00
 0.112545E+01   0.136263E+01   0.148816E+00   0.270760E+00   0.271722E+00
 0.113641E+01   0.136252E+01   0.148779E+00   0.270742E+00   0.271722E+00
 0.114743E+01   0.136242E+01   0.148741E+00   0.270722E+00   0.271722E+00
 0.115852E+01   0.136231E+01   0.148703E+00   0.270703E+00   0.271722E+00
 0.116967E+01   0.136220E+01   0.148664E+00   0.270683E+00   0.271722E+00
 0.118088E+01   0.136209E+01   0.148624E+00   0.270663E+00   0.271722E+00
 0.119216E+01   0.136197E+01   0.148584E+00   0.270643E+00   0.271722E+00
 0.120350E+01   0.136186E+01   0.148543E+00   0.270622E+00   0.271722E+00
 0.121490E+01   0.136174E+01   0.148502E+00   0.270601E+00   0.271722E+00
 0.122637E+01   0.136162E+01   0.148460E+00   0.270580E+00   0.271722E+00
 0.123790E+01   0.136150E+01   0.148417E+00   0.270558E+00   0.271722E+00
 0.124949E+01   0.136138E+01   0.148374E+00   0.270536E+00   0.271722E+00
 0.126115E+01   0.136125E+01   0.148330E+00   0.270514E+00   0.271722E+00
 0.127287E+01   0.136113E+01   0.148286E+00   0.270491E+00   0.271722E+00
 0.128465E+01   0.136100E+01   0.148241E+00   0.270468E+00   0.271722E+00
 0.129650E+01   0.136087E+01   0.148195E+00   0.270445E+00   0.271722E+00
 0.130842E+01   0.136074E+01   0.148149E+00   0.270422E+00   0.271722E+00
 0.132040E+01   0.136060E+01   0.148101E+00   0.270398E+00   0.271722E+00
 0.133244E+01   0.136047E+01   0.148054E+00   0.270373E+00   0.271722E+00
 0.134455E+01   0.136033E+01   0.148005E+00   0.270349E+00   0.271722E+00
 0.135672E+01   0.136019E+01   0.147956E+00   0.270323E+00   0.271722E+00
 0.136896E+01   0.136005E+01   0.147906E+00   0.270298E+00   0.271722E+00
 0.138126E+01   0.135990E+01   0.147855E+00   0.270272E+00   0.271722E+00
 0.139362E+01   0.135976E+01   0.147804E+00   0.270246E+00   0.271722E+00
 0.140605E+01   0.135961E+01   0.147752E+00   0.270220E+00   0.271722E+00
 0.141855E+01   0.135946E+01   0.147699E+00   0.270193E+00   0.271722E+00
 0.143111E+01   0.135931E+01   0.147646E+00   0.270165E+00   0.271722E+00
 0.144374E+01   0.135915E+01   0.147591E+00   0.270138E+00   0.271722E+00
 0.145643E+01   0.135900E+01   0.147536E+00   0.270110E+00   0.271722E+00
 0.146919E+01   0.135884E+01   0.147481E+00   0.270081E+00   0.271722E+00
 0.148201E+01   0.135868E+01   0.147424E+00   0.270052E+00   0.271722E+00
 0.149490E+01   0.135851E+01   0.147367E+00   0.270023E+00   0.271722E+00
 0.150785E+01   0.135835E+01   0.147309E+00   0.269993E+00   0.271722E+00
 0.152087E+01   0.135818E+01   0.147250E+00   0.269963E+00   0.271722E+00
 0.153395E+01   0.135801E+01   0.147190E+00   0.269933E+00   0.271722E+00
 0.154710E+01   0.135784E+01   0.147130E+00   0.269902E+00   0.271722E+00
 0.156032E+01   0.135766E+01   0.147069E+00   0.269870E+00   0.271722E+00
 0.157360E+01   0.135749E+01   0.147006E+00   0.269839E+00   0.271722E+00
 0.158695E+01   0.135731E+01   0.146943E+00   0.269807E+00   0.271722E+00
 0.160036E+01   0.135713E+01   0.146880E+00   0.269774E+00   0.271722E+00
 0.161384E+01   0.135694E+01   0.146815E+00   0.269741E+00   0.271722E+00
 0.162739E+01   0.135675E+01   0.146750E+00   0.269707E+00   0.271722E+00
 0.164100E+01   0.135656E+01   0.146683E+00   0.269673E+00   0.271722E+00
 0.165468E+01   0.135637E+01   0.146616E+00   0.269639E+00   0.271722E+00
 0.166842E+01   0.135618E+01   0.146548E+00   0.269604E+00   0.271722E+00
 0.168224E+01   0.135598E+01   0.146479E+00   0.269569E+00   0.271722E+00
 0.169612E+01   0.135578E+01   0.146409E+00   0.269533E+00   0.271722E+00
 0.171006E+01   0.135558E+01   0.146339E+00   0.269496E+00   0.271722E+00
 0.172407E+01   0.135537E+01   0.146267E+00   0.269460E+00   0.271722E+00
 0.173815E+01   0.135517E+01   0.146195E+00   0.269422E+00   0.271722E+00
 0.175229E+01   0.135496E+01   0.146121E+00   0.269385E+00   0.271722E+00
 0.176650E+01   0.135474E+01   0.146047E+00   0.269346E+00   0.271722E+00
 0.178078E+01   0.135453E+01   0.145971E+00   0.269308E+00   0.271722E+00
 0.179512E+01   0.135431E+01   0.145895E+00   0.269268E+00   0.271722E+00
 0.180953E+01   0.135409E+01   0.145818E+00   0.269228E+00   0.271722E+00
 0.182401E+01   0.135386E+01   0.145740E+00   0.269188E+00   0.271722E+00
 0.183855E+01   0.135363E+01   0.145661E+00   0.269147E+00   0.271722E+00
 0.185317E+01   0.135340E+01   0.145581E+00   0.269106E+00   0.271722E+00
 0.186785E+01   0.135317E+01   0.145499E+00   0.269064E+00   0.271722E+00
 0.188259E+01   0.135294E+01   0.145417E+00   0.269022E+00   0.271722E+00
 0.189740E+01   0.135270E+01   0.145334E+00   0.268979E+00   0.271722E+00
 0.191228E+01   0.135245E+01   0.145250E+00   0.268936E+00   0.271722E+00
 0.192723E+01   0.135221E+01   0.145165E+00   0.268892E+00   0.271722E+00
 0.194224E+01   0.135196E+01   0.145079E+00   0.268847E+00   0.271722E+00
 0.195732E+01   0.135171E+01   0.144992E+00   0.268802E+00   0.271722E+00
 0.197247E+01   0.135146E+01   0.144904E+00   0.268756E+00   0.271722E+00
 0.198769E+01   0.135120E+01   0.144814E+00   0.268710E+00   0.271722E+00
 0.200298E+01   0.135094E+01   0.144724E+00   0.268663E+00   0.271722E+00
 0.201833E+01   0.135067E+01   0.144633E+00   0.268616E+00   0.271722E+00
 0.203375E+01   0.135041E+01   0.144540E+00   0.268568E+00   0.271722E+00
 0.204923E+01   0.135014E+01   0.144446E+00   0.268519E+00   0.271722E+00
 0.206479E+01   0.134986E+01   0.144352E+00   0.268470E+00   0.271722E+00
 0.208041E+01   0.134959E+01   0.144256E+00   0.268421E+00   0.271722E+00
 0.209610E+01   0.134931E+01   0.144159E+00   0.268370E+00   0.271722E+00
 0.211185E+01   0.134902E+01   0.144061E+00   0.268319E+00   0.271722E+00
 0.212768E+01   0.134874E+01   0.143962E+00   0.268268E+00   0.271722E+00
 0.214357E+01   0.134845E+01   0.143862E+00   0.268216E+00   0.271722E+00
 0.215953E+01   0.134815E+01   0.143760E+00   0.268163E+00   0.271722E+00
 0.217556E+01   0.134786E+01   0.143658E+00   0.268109E+00   0.271722E+00
 0.219165E+01   0.134755E+01   0.143554E+00   0.268055E+00   0.271722E+00
 0.220781E+01   0.134725E+01   0.143449E+00   0.268000E+00   0.271722E+00
 0.222404E+01   0.134694E+01   0.143343E+00   0.267945E+00   0.271722E+00
 0.224034E+01   0.134663E+01   0.143236E+00   0.267889E+00   0.271722E+00
 0.225671E+01   0.134632E+01   0.143128E+00   0.267832E+00   0.271722E+00
 0.227314E+01   0.134600E+01   0.143018E+00   0.267775E+00   0.271722E+00
 0.228965E+01   0.134567E+01   0.142907E+00   0.267717E+00   0.271722E+00
 0.230622E+01   0.134535E+01   0.142795E+00   0.267658E+00   0.271722E+00
 0.232285E+01   0.134502E+01   0.142682E+00   0.267599E+00   0.271722E+00
 0.233956E+01   0.134468E+01   0.142567E+00   0.267539E+00   0.271722E+00
 0.235633E+01   0.134435E+01   0.142451E+00   0.267478E+00   0.271722E+00
 0.237317E+01   0.134400E+01   0.142334E+00   0.267417E+00   0.271722E+00
 0.239008E+01   0.134366E+01   0.142216E+00   0.267355E+00   0.271722E+00
 0.240705E+01   0.134331E+01   0.142096E+00   0.267292E+00   0.271722E+00
 0.242410E+01   0.134296E+01   0.141975E+00   0.267228E+00   0.271722E+00
 0.244121E+01   0.134260E+01   0.141853E+00   0.267164E+00   0.271722E+00
 0.245839E+01   0.134224E+01   0.141730E+00   0.267099E+00   0.271722E+00
 0.247564E+01   0.134187E+01   0.141605E+00   0.267033E+00   0.271722E+00
 0.249296E+01   0.134150E+01   0.141479E+00   0.266967E+00   0.271722E+00
 0.251035E+01   0.134113E+01   0.141351E+00   0.266899E+00   0.271722E+00
 0.252780E+01   0.134075E+01   0.141223E+00   0.266831E+00   0.271722E+00
 0.254532E+01   0.134037E+01   0.141093E+00   0.266763E+00   0.271722E+00
 0.256291E+01   0.133998E+01   0.140961E+00   0.266693E+00   0.271722E+00
 0.258056E+01   0.133959E+01   0.140828E+00   0.266623E+00   0.271722E+00
 0.259829E+01   0.133920E+01   0.140694E+00   0.266552E+00   0.271722E+00
 0.261608E+01   0.133880E+01   0.140559E+00   0.266480E+00   0.271722E+00
 0.263394E+01   0.133840E+01   0.140422E+00   0.266407E+00   0.271722E+00
 0.265187E+01   0.133799E+01   0.140283E+00   0.266334E+00   0.271722E+00
 0.266987E+01   0.133758E+01   0.140144E+00   0.266260E+00   0.271722E+00
 0.268793E+01   0.133716E+01   0.140002E+00   0.266185E+00   0.271722E+00
 0.270606E+01   0.133674E+01   0.139860E+00   0.266109E+00   0.271722E+00
 0.272426E+01   0.133631E+01   0.139716E+00   0.266032E+00   0.271722E+00
 0.274255E+01   0.133588E+01   0.139570E+00   0.265954E+00   0.271722E+00
 0.276089E+01   0.133545E+01   0.139423E+00   0.265876E+00   0.271722E+00
 0.277929E+01   0.133501E+01   0.139275E+00   0.265797E+00   0.271722E+00
 0.279777E+01   0.133457E+01   0.139125E+00   0.265717E+00   0.271722E+00
 0.281631E+01   0.133412E+01   0.138974E+00   0.265636E+00   0.271722E+00
 0.283492E+01   0.133366E+01   0.138821E+00   0.265554E+00   0.271722E+00
 0.285360E+01   0.133320E+01   0.138667E+00   0.265471E+00   0.271722E+00
 0.287234E+01   0.133274E+01   0.138511E+00   0.265388E+00   0.271722E+00
 0.289115E+01   0.133227E+01   0.138354E+00   0.265303E+00   0.271722E+00
 0.291003E+01   0.133180E+01   0.138195E+00   0.265218E+00   0.271722E+00
 0.292898E+01   0.133132E+01   0.138035E+00   0.265132E+00   0.271722E+00
 0.294799E+01   0.133084E+01   0.137873E+00   0.265045E+00   0.271722E+00
 0.296708E+01   0.133035E+01   0.137709E+00   0.264957E+00   0.271722E+00
 0.298623E+01   0.132986E+01   0.137545E+00   0.264868E+00   0.271722E+00
 0.300544E+01   0.132936E+01   0.137378E+00   0.264778E+00   0.271722E+00
 0.302473E+01   0.132886E+01   0.137210E+00   0.264687E+00   0.271722E+00
 0.304408E+01   0.132835E+01   0.137040E+00   0.264596E+00   0.271722E+00
 0.306349E+01   0.132784E+01   0.136869E+00   0.264503E+00   0.271722E+00
 0.308298E+01   0.132732E+01   0.136697E+00   0.264409E+00   0.271722E+00
 0.310253E+01   0.132680E+01   0.136522E+00   0.264315E+00   0.271722E+00
 0.312216E+01   0.132627E+01   0.136346E+00   0.264219E+00   0.271722E+00
 0.314184E+01   0.132573E+01   0.136169E+00   0.264123E+00   0.271722E+00
 0.316160E+01   0.132519E+01   0.135990E+00   0.264025E+00   0.271722E+00
 0.318142E+01   0.132465E+01   0.135809E+00   0.263927E+00   0.271722E+00
 0.320130E+01   0.132410E+01   0.135626E+00   0.263827E+00   0.271722E+00
 0.322126E+01   0.132354E+01   0.135442E+00   0.263727E+00   0.271722E+00
 0.323126E+01   0.132326E+01   0.135350E+00   0.263676E+00   0.271722E+00
 0.324128E+01   0.132298E+01   0.135257E+00   0.263625E+00   0.271722E+00
 0.325132E+01   0.132270E+01   0.135163E+00   0.263574E+00   0.271722E+00
 0.326137E+01   0.132241E+01   0.135069E+00   0.263523E+00   0.271722E+00
 0.327144E+01   0.132213E+01   0.134975E+00   0.263471E+00   0.271722E+00
 0.328152E+01   0.132184E+01   0.134880E+00   0.263419E+00   0.271722E+00
 0.329162E+01   0.132155E+01   0.134785E+00   0.263367E+00   0.271722E+00
 0.330174E+01   0.132126E+01   0.134689E+00   0.263314E+00   0.271722E+00
 0.331188E+01   0.132097E+01   0.134593E+00   0.263262E+00   0.271722E+00
 0.332203E+01   0.132068E+01   0.134497E+00   0.263209E+00   0.271722E+00
 0.333220E+01   0.132038E+01   0.134400E+00   0.263156E+00   0.271722E+00
 0.334239E+01   0.132009E+01   0.134303E+00   0.263102E+00   0.271722E+00
 0.335259E+01   0.131979E+01   0.134205E+00   0.263048E+00   0.271722E+00
 0.336281E+01   0.131949E+01   0.134107E+00   0.262994E+00   0.271722E+00
 0.337304E+01   0.131919E+01   0.134009E+00   0.262940E+00   0.271722E+00
 0.338329E+01   0.131889E+01   0.133910E+00   0.262886E+00   0.271722E+00
 0.339356E+01   0.131859E+01   0.133810E+00   0.262831E+00   0.271722E+00
 0.340385E+01   0.131829E+01   0.133711E+00   0.262776E+00   0.271722E+00
 0.341415E+01   0.131798E+01   0.133610E+00   0.262720E+00   0.271722E+00
 0.342446E+01   0.131767E+01   0.133510E+00   0.262665E+00   0.271722E+00
 0.343480E+01   0.131736E+01   0.133409E+00   0.262609E+00   0.271722E+00
 0.344515E+01   0.131705E+01   0.133307E+00   0.262553E+00   0.271722E+00
 0.345552E+01   0.131674E+01   0.133205E+00   0.262496E+00   0.271722E+00
 0.346590E+01   0.131643E+01   0.133103E+00   0.262440E+00   0.271722E+00
 0.347630E+01   0.131611E+01   0.133000E+00   0.262383E+00   0.271722E+00
 0.348671E+01   0.131580E+01   0.132897E+00   0.262326E+00   0.271722E+00
 0.349715E+01   0.131548E+01   0.132793E+00   0.262268E+00   0.271722E+00
 0.350760E+01   0.131516E+01   0.132689E+00   0.262210E+00   0.271722E+00
 0.351806E+01   0.131484E+01   0.132584E+00   0.262152E+00   0.271722E+00
 0.352855E+01   0.131452E+01   0.132479E+00   0.262094E+00   0.271722E+00
 0.353904E+01   0.131419E+01   0.132374E+00   0.262035E+00   0.271722E+00
 0.354956E+01   0.131387E+01   0.132268E+00   0.261976E+00   0.271722E+00
 0.356009E+01   0.131354E+01   0.132162E+00   0.261917E+00   0.271722E+00
 0.357064E+01   0.131321E+01   0.132055E+00   0.261858E+00   0.271722E+00
 0.358120E+01   0.131288E+01   0.131948E+00   0.261798E+00   0.271722E+00
 0.359178E+01   0.131255E+01   0.131840E+00   0.261738E+00   0.271722E+00
 0.360238E+01   0.131222E+01   0.131732E+00   0.261677E+00   0.271722E+00
 0.361299E+01   0.131189E+01   0.131624E+00   0.261617E+00   0.271722E+00
 0.362362E+01   0.131155E+01   0.131515E+00   0.261556E+00   0.271722E+00
 0.363426E+01   0.131121E+01   0.131405E+00   0.261495E+00   0.271722E+00
 0.364493E+01   0.131087E+01   0.131296E+00   0.261433E+00   0.271722E+00
 0.365560E+01   0.131053E+01   0.131185E+00   0.261371E+00   0.271722E+00
 0.366630E+01   0.131019E+01   0.131075E+00   0.261309E+00   0.271722E+00
 0.367701E+01   0.130984E+01   0.130963E+00   0.261247E+00   0.271722E+00
 0.368774E+01   0.130950E+01   0.130852E+00   0.261184E+00   0.271722E+00
 0.369848E+01   0.130915E+01   0.130740E+00   0.261121E+00   0.271722E+00
 0.370924E+01   0.130880E+01   0.130627E+00   0.261058E+00   0.271722E+00
 0.372001E+01   0.130845E+01   0.130514E+00   0.260994E+00   0.271722E+00
 0.373082E+01   0.130810E+01   0.130400E+00   0.260930E+00   0.271722E+00
 0.374164E+01   0.130775E+01   0.130286E+00   0.260866E+00   0.271722E+00
 0.375247E+01   0.130739E+01   0.130172E+00   0.260802E+00   0.271722E+00
 0.376332E+01   0.130703E+01   0.130057E+00   0.260737E+00   0.271722E+00
 0.377418E+01   0.130667E+01   0.129942E+00   0.260672E+00   0.271722E+00
 0.378506E+01   0.130631E+01   0.129826E+00   0.260606E+00   0.271722E+00
 0.379596E+01   0.130595E+01   0.129710E+00   0.260540E+00   0.271722E+00
 0.380687E+01   0.130559E+01   0.129593E+00   0.260474E+00   0.271722E+00
 0.381780E+01   0.130522E+01   0.129476E+00   0.260408E+00   0.271722E+00
 0.382874E+01   0.130485E+01   0.129358E+00   0.260341E+00   0.271722E+00
 0.383970E+01   0.130448E+01   0.129240E+00   0.260274E+00   0.271722E+00
 0.385068E+01   0.130411E+01   0.129122E+00   0.260207E+00   0.271722E+00
 0.386167E+01   0.130374E+01   0.129003E+00   0.260139E+00   0.271722E+00
 0.387268E+01   0.130337E+01   0.128883E+00   0.260072E+00   0.271722E+00
 0.388370E+01   0.130299E+01   0.128763E+00   0.260003E+00   0.271722E+00
 0.389474E+01   0.130261E+01   0.128643E+00   0.259935E+00   0.271722E+00
 0.390580E+01   0.130224E+01   0.128522E+00   0.259866E+00   0.271722E+00
 0.391687E+01   0.130185E+01   0.128401E+00   0.259797E+00   0.271722E+00
 0.392796E+01   0.130147E+01   0.128279E+00   0.259727E+00   0.271722E+00
 0.393906E+01   0.130109E+01   0.128157E+00   0.259657E+00   0.271722E+00
 0.395018E+01   0.130070E+01   0.128034E+00   0.259587E+00   0.271722E+00
 0.396132E+01   0.130031E+01   0.127911E+00   0.259517E+00   0.271722E+00
 0.397247E+01   0.129992E+01   0.127787E+00   0.259446E+00   0.271722E+00
 0.398364E+01   0.129953E+01   0.127663E+00   0.259375E+00   0.271722E+00
 0.399483E+01   0.129914E+01   0.127538E+00   0.259304E+00   0.271722E+00
 0.400603E+01   0.129875E+01   0.127413E+00   0.259232E+00   0.271722E+00
 0.401724E+01   0.129835E+01   0.127288E+00   0.259160E+00   0.271722E+00
 0.402847E+01   0.129795E+01   0.127162E+00   0.259087E+00   0.271722E+00
 0.403972E+01   0.129755E+01   0.127035E+00   0.259014E+00   0.271722E+00
 0.405098E+01   0.129715E+01   0.126908E+00   0.258941E+00   0.271722E+00
 0.406226E+01   0.129674E+01   0.126781E+00   0.258868E+00   0.271722E+00
 0.407356E+01   0.129634E+01   0.126653E+00   0.258794E+00   0.271722E+00
 0.408487E+01   0.129593E+01   0.126524E+00   0.258720E+00   0.271722E+00
 0.409620E+01   0.129552E+01   0.126395E+00   0.258646E+00   0.271722E+00
 0.410754E+01   0.129511E+01   0.126266E+00   0.258571E+00   0.271722E+00
 0.411890E+01   0.129470E+01   0.126136E+00   0.258496E+00   0.271722E+00
 0.413027E+01   0.129428E+01   0.126006E+00   0.258420E+00   0.271722E+00
 0.414166E+01   0.129387E+01   0.125875E+00   0.258345E+00   0.271722E+00
 0.415306E+01   0.129345E+01   0.125744E+00   0.258269E+00   0.271722E+00
 0.416448E+01   0.129303E+01   0.125612E+00   0.258192E+00   0.271722E+00
 0.417592E+01   0.129261E+01   0.125480E+00   0.258115E+00   0.271722E+00
 0.418737E+01   0.129218E+01   0.125347E+00   0.258038E+00   0.271722E+00
 0.419884E+01   0.129176E+01   0.125214E+00   0.257961E+00   0.271722E+00
 0.421032E+01   0.129133E+01   0.125081E+00   0.257883E+00   0.271722E+00
 0.422182E+01   0.129090E+01   0.124947E+00   0.257805E+00   0.271722E+00
 0.423333E+01   0.129047E+01   0.124812E+00   0.257726E+00   0.271722E+00
 0.424486E+01   0.129004E+01   0.124677E+00   0.257647E+00   0.271722E+00
 0.425640E+01   0.128960E+01   0.124541E+00   0.257568E+00   0.271722E+00
 0.426796E+01   0.128916E+01   0.124405E+00   0.257488E+00   0.271722E+00
 0.427954E+01   0.128873E+01   0.124269E+00   0.257408E+00   0.271722E+00
 0.429113E+01   0.128828E+01   0.124132E+00   0.257328E+00   0.271722E+00
 0.430273E+01   0.128784E+01   0.123994E+00   0.257248E+00   0.271722E+00
 0.431435E+01   0.128740E+01   0.123857E+00   0.257167E+00   0.271722E+00
 0.432599E+01   0.128695E+01   0.123718E+00   0.257085E+00   0.271722E+00
 0.433764E+01   0.128650E+01   0.123579E+00   0.257003E+00   0.271722E+00
 0.434931E+01   0.128605E+01   0.123440E+00   0.256921E+00   0.271722E+00
 0.436099E+01   0.128560E+01   0.123300E+00   0.256839E+00   0.271722E+00
 0.437269E+01   0.128515E+01   0.123160E+00   0.256756E+00   0.271722E+00
 0.438440E+01   0.128469E+01   0.123019E+00   0.256673E+00   0.271722E+00
 0.439613E+01   0.128423E+01   0.122877E+00   0.256589E+00   0.271722E+00
 0.440787E+01   0.128377E+01   0.122736E+00   0.256505E+00   0.271722E+00
 0.441963E+01   0.128331E+01   0.122593E+00   0.256421E+00   0.271722E+00
 0.443140E+01   0.128285E+01   0.122450E+00   0.256337E+00   0.271722E+00
 0.444319E+01   0.128238E+01   0.122307E+00   0.256252E+00   0.271722E+00
 0.445500E+01   0.128191E+01   0.122163E+00   0.256166E+00   0.271722E+00
 0.446682E+01   0.128144E+01   0.122019E+00   0.256080E+00   0.271722E+00
 0.447865E+01   0.128097E+01   0.121874E+00   0.255994E+00   0.271722E+00
 0.449052E+01   0.128049E+01   0.121729E+00   0.255908E+00   0.271722E+00
 0.450240E+01   0.128002E+01   0.121583E+00   0.255821E+00   0.271722E+00
 0.451429E+01   0.127954E+01   0.121437E+00   0.255733E+00   0.271722E+00
 0.452620E+01   0.127906E+01   0.121290E+00   0.255645E+00   0.271722E+00
 0.453813E+01   0.127857E+01   0.121142E+00   0.255557E+00   0.271722E+00
 0.455007E+01   0.127809E+01   0.120995E+00   0.255469E+00   0.271722E+00
 0.456203E+01   0.127760E+01   0.120846E+00   0.255380E+00   0.271722E+00
 0.457400E+01   0.127711E+01   0.120697E+00   0.255291E+00   0.271722E+00
 0.458599E+01   0.127662E+01   0.120548E+00   0.255201E+00   0.271722E+00
 0.459799E+01   0.127613E+01   0.120398E+00   0.255111E+00   0.271722E+00
 0.461000E+01   0.127563E+01   0.120248E+00   0.255020E+00   0.271722E+00
 0.462204E+01   0.127514E+01   0.120097E+00   0.254929E+00   0.271722E+00
 0.463408E+01   0.127464E+01   0.119946E+00   0.254838E+00   0.271722E+00
 0.464614E+01   0.127414E+01   0.119794E+00   0.254747E+00   0.271722E+00
 0.465821E+01   0.127363E+01   0.119642E+00   0.254654E+00   0.271722E+00
 0.467031E+01   0.127313E+01   0.119489E+00   0.254562E+00   0.271722E+00
 0.468241E+01   0.127262E+01   0.119335E+00   0.254469E+00   0.271722E+00
 0.469453E+01   0.127211E+01   0.119182E+00   0.254376E+00   0.271722E+00
 0.470666E+01   0.127160E+01   0.119027E+00   0.254282E+00   0.271722E+00
 0.471881E+01   0.127108E+01   0.118873E+00   0.254188E+00   0.271722E+00
 0.473098E+01   0.127057E+01   0.118717E+00   0.254094E+00   0.271722E+00
 0.474315E+01   0.127005E+01   0.118562E+00   0.253999E+00   0.271722E+00
 0.475534E+01   0.126953E+01   0.118405E+00   0.253904E+00   0.271722E+00
 0.476755E+01   0.126901E+01   0.118249E+00   0.253808E+00   0.271722E+00
 0.477977E+01   0.126848E+01   0.118092E+00   0.253712E+00   0.271722E+00
 0.479201E+01   0.126795E+01   0.117934E+00   0.253616E+00   0.271722E+00
 0.480426E+01   0.126742E+01   0.117776E+00   0.253519E+00   0.271722E+00
 0.481652E+01   0.126689E+01   0.117617E+00   0.253422E+00   0.271722E+00
 0.482880E+01   0.126636E+01   0.117458E+00   0.253324E+00   0.271722E+00
 0.484109E+01   0.126582E+01   0.117298E+00   0.253226E+00   0.271722E+00
 0.485340E+01   0.126529E+01   0.117138E+00   0.253127E+00   0.271722E+00
 0.486572E+01   0.126475E+01   0.116977E+00   0.253029E+00   0.271722E+00
 0.487806E+01   0.126420E+01   0.116816E+00   0.252929E+00   0.271722E+00
 0.489041E+01   0.126366E+01   0.116655E+00   0.252829E+00   0.271722E+00
 0.490278E+01   0.126311E+01   0.116492E+00   0.252729E+00   0.271722E+00
 0.491515E+01   0.126256E+01   0.116330E+00   0.252629E+00   0.271722E+00
 0.492754E+01   0.126201E+01   0.116167E+00   0.252528E+00   0.271722E+00
 0.493995E+01   0.126146E+01   0.116003E+00   0.252426E+00   0.271722E+00
 0.495237E+01   0.126090E+01   0.115839E+00   0.252324E+00   0.271722E+00
 0.496480E+01   0.126034E+01   0.115675E+00   0.252222E+00   0.271722E+00
 0.497725E+01   0.125978E+01   0.115510E+00   0.252119E+00   0.271722E+00
 0.498972E+01   0.125922E+01   0.115344E+00   0.252016E+00   0.271722E+00
 0.500219E+01   0.125866E+01   0.115178E+00   0.251913E+00   0.271722E+00
 0.501468E+01   0.125809E+01   0.115012E+00   0.251809E+00   0.271722E+00
 0.502719E+01   0.125752E+01   0.114844E+00   0.251704E+00   0.271722E+00
 0.503970E+01   0.125695E+01   0.114677E+00   0.251599E+00   0.271722E+00
 0.505224E+01   0.125637E+01   0.114509E+00   0.251494E+00   0.271722E+00
 0.506478E+01   0.125580E+01   0.114341E+00   0.251388E+00   0.271722E+00
 0.507734E+01   0.125522E+01   0.114172E+00   0.251282E+00   0.271722E+00
 0.508992E+01   0.125464E+01   0.114002E+00   0.251176E+00   0.271722E+00
 0.510251E+01   0.125405E+01   0.113832E+00   0.251069E+00   0.271722E+00
 0.511511E+01   0.125347E+01   0.113662E+00   0.250961E+00   0.271722E+00
 0.512686E+01   0.125292E+01   0.113503E+00   0.250860E+00   0.271722E+00
 0.513953E+01   0.125233E+01   0.113331E+00   0.250752E+00   0.271722E+00
 0.515221E+01   0.125174E+01   0.113158E+00   0.250643E+00   0.271722E+00
 0.516489E+01   0.125114E+01   0.112986E+00   0.250533E+00   0.271722E+00
 0.517759E+01   0.125054E+01   0.112812E+00   0.250423E+00   0.271722E+00
 0.519030E+01   0.124994E+01   0.112639E+00   0.250313E+00   0.271722E+00
 0.520303E+01   0.124934E+01   0.112465E+00   0.250202E+00   0.271722E+00
 0.521577E+01   0.124873E+01   0.112290E+00   0.250091E+00   0.271722E+00
 0.522852E+01   0.124812E+01   0.112115E+00   0.249979E+00   0.271722E+00
 0.524129E+01   0.124751E+01   0.111939E+00   0.249867E+00   0.271722E+00
 0.525407E+01   0.124690E+01   0.111763E+00   0.249754E+00   0.271722E+00
 0.526686E+01   0.124628E+01   0.111586E+00   0.249641E+00   0.271722E+00
 0.527967E+01   0.124566E+01   0.111409E+00   0.249527E+00   0.271722E+00
 0.529249E+01   0.124504E+01   0.111232E+00   0.249413E+00   0.271722E+00
 0.530532E+01   0.124442E+01   0.111053E+00   0.249299E+00   0.271722E+00
 0.531817E+01   0.124380E+01   0.110875E+00   0.249183E+00   0.271722E+00
 0.533103E+01   0.124317E+01   0.110696E+00   0.249068E+00   0.271722E+00
 0.534390E+01   0.124254E+01   0.110516E+00   0.248952E+00   0.271722E+00
 0.535679E+01   0.124190E+01   0.110336E+00   0.248836E+00   0.271722E+00
 0.536969E+01   0.124127E+01   0.110156E+00   0.248719E+00   0.271722E+00
 0.538260E+01   0.124063E+01   0.109975E+00   0.248601E+00   0.271722E+00
 0.539552E+01   0.123999E+01   0.109793E+00   0.248484E+00   0.271722E+00
 0.540846E+01   0.123935E+01   0.109612E+00   0.248365E+00   0.271722E+00
 0.542142E+01   0.123870E+01   0.109429E+00   0.248246E+00   0.271722E+00
 0.543438E+01   0.123806E+01   0.109246E+00   0.248127E+00   0.271722E+00
 0.544735E+01   0.123741E+01   0.109063E+00   0.248007E+00   0.271722E+00
 0.546034E+01   0.123675E+01   0.108879E+00   0.247887E+00   0.271722E+00
 0.547334E+01   0.123610E+01   0.108695E+00   0.247766E+00   0.271722E+00
 0.548636E+01   0.123544E+01   0.108510E+00   0.247645E+00   0.271722E+00
 0.549939E+01   0.123478E+01   0.108325E+00   0.247524E+00   0.271722E+00
 0.551243E+01   0.123412E+01   0.108139E+00   0.247401E+00   0.271722E+00
 0.552548E+01   0.123345E+01   0.107953E+00   0.247279E+00   0.271722E+00
 0.553854E+01   0.123278E+01   0.107767E+00   0.247156E+00   0.271722E+00
 0.555162E+01   0.123211E+01   0.107579E+00   0.247032E+00   0.271722E+00
 0.556471E+01   0.123144E+01   0.107392E+00   0.246908E+00   0.271722E+00
 0.557781E+01   0.123076E+01   0.107204E+00   0.246783E+00   0.271722E+00
 0.559093E+01   0.123009E+01   0.107015E+00   0.246658E+00   0.271722E+00
 0.560405E+01   0.122941E+01   0.106826E+00   0.246532E+00   0.271722E+00
 0.561719E+01   0.122872E+01   0.106637E+00   0.246406E+00   0.271722E+00
 0.563034E+01   0.122804E+01   0.106447E+00   0.246280E+00   0.271722E+00
 0.564350E+01   0.122735E+01   0.106257E+00   0.246153E+00   0.271722E+00
 0.565668E+01   0.122666E+01   0.106066E+00   0.246025E+00   0.271722E+00
 0.566987E+01   0.122596E+01   0.105875E+00   0.245897E+00   0.271722E+00
 0.568346E+01   0.122524E+01   0.105677E+00   0.245764E+00   0.271722E+00
 0.569672E+01   0.122454E+01   0.105484E+00   0.245635E+00   0.271722E+00
 0.571000E+01   0.122384E+01   0.105291E+00   0.245505E+00   0.271722E+00
 0.572328E+01   0.122313E+01   0.105097E+00   0.245374E+00   0.271722E+00
 0.573658E+01   0.122242E+01   0.104903E+00   0.245243E+00   0.271722E+00
 0.574989E+01   0.122171E+01   0.104708E+00   0.245111E+00   0.271722E+00
 0.576322E+01   0.122099E+01   0.104513E+00   0.244979E+00   0.271722E+00
 0.577655E+01   0.122027E+01   0.104317E+00   0.244846E+00   0.271722E+00
 0.578989E+01   0.121955E+01   0.104121E+00   0.244713E+00   0.271722E+00
 0.580325E+01   0.121883E+01   0.103925E+00   0.244579E+00   0.271722E+00
 0.581662E+01   0.121810E+01   0.103728E+00   0.244445E+00   0.271722E+00
 0.582999E+01   0.121737E+01   0.103530E+00   0.244310E+00   0.271722E+00
 0.584338E+01   0.121664E+01   0.103332E+00   0.244174E+00   0.271722E+00
 0.585679E+01   0.121591E+01   0.103134E+00   0.244039E+00   0.271722E+00
 0.587020E+01   0.121517E+01   0.102935E+00   0.243902E+00   0.271722E+00
 0.588363E+01   0.121443E+01   0.102736E+00   0.243765E+00   0.271722E+00
 0.589706E+01   0.121369E+01   0.102536E+00   0.243628E+00   0.271722E+00
 0.591051E+01   0.121294E+01   0.102336E+00   0.243490E+00   0.271722E+00
 0.592397E+01   0.121219E+01   0.102136E+00   0.243351E+00   0.271722E+00
 0.593744E+01   0.121144E+01   0.101935E+00   0.243212E+00   0.271722E+00
 0.595092E+01   0.121069E+01   0.101733E+00   0.243072E+00   0.271722E+00
 0.596441E+01   0.120993E+01   0.101531E+00   0.242932E+00   0.271722E+00
 0.597792E+01   0.120917E+01   0.101329E+00   0.242791E+00   0.271722E+00
 0.599143E+01   0.120841E+01   0.101126E+00   0.242650E+00   0.271722E+00
 0.600496E+01   0.120764E+01   0.100923E+00   0.242508E+00   0.271722E+00
 0.601849E+01   0.120688E+01   0.100720E+00   0.242366E+00   0.271722E+00
 0.603203E+01   0.120610E+01   0.100516E+00   0.242223E+00   0.271722E+00
 0.604559E+01   0.120533E+01   0.100311E+00   0.242080E+00   0.271722E+00
 0.605916E+01   0.120455E+01   0.100107E+00   0.241936E+00   0.271722E+00
 0.607274E+01   0.120377E+01   0.999013E-01   0.241791E+00   0.271722E+00
 0.608632E+01   0.120299E+01   0.996956E-01   0.241646E+00   0.271722E+00
 0.609992E+01   0.120221E+01   0.994895E-01   0.241500E+00   0.271722E+00
 0.611353E+01   0.120142E+01   0.992830E-01   0.241354E+00   0.271722E+00
 0.612715E+01   0.120063E+01   0.990761E-01   0.241207E+00   0.271722E+00
 0.614078E+01   0.119983E+01   0.988688E-01   0.241060E+00   0.271722E+00
 0.615442E+01   0.119904E+01   0.986611E-01   0.240912E+00   0.271722E+00
 0.616808E+01   0.119824E+01   0.984527E-01   0.240764E+00   0.271722E+00
 0.618182E+01   0.119743E+01   0.982430E-01   0.240614E+00   0.271722E+00
 0.619556E+01   0.119662E+01   0.980329E-01   0.240463E+00   0.271722E+00
 0.620931E+01   0.119581E+01   0.978224E-01   0.240312E+00   0.271722E+00
 0.622307E+01   0.119499E+01   0.976115E-01   0.240161E+00   0.271722E+00
 0.623684E+01   0.119417E+01   0.974002E-01   0.240009E+00   0.271722E+00
 0.625063E+01   0.119335E+01   0.971885E-01   0.239856E+00   0.271722E+00
 0.626442E+01   0.119253E+01   0.969764E-01   0.239703E+00   0.271722E+00
 0.627822E+01   0.119170E+01   0.967639E-01   0.239549E+00   0.271722E+00
 0.629203E+01   0.119087E+01   0.965510E-01   0.239395E+00   0.271722E+00
 0.630585E+01   0.119004E+01   0.963377E-01   0.239240E+00   0.271722E+00
 0.631968E+01   0.118920E+01   0.961241E-01   0.239084E+00   0.271722E+00
 0.633352E+01   0.118836E+01   0.959100E-01   0.238928E+00   0.271722E+00
 0.634737E+01   0.118752E+01   0.956956E-01   0.238771E+00   0.271722E+00
 0.636123E+01   0.118667E+01   0.954808E-01   0.238614E+00   0.271722E+00
 0.637509E+01   0.118582E+01   0.952655E-01   0.238456E+00   0.271722E+00
 0.638897E+01   0.118497E+01   0.950499E-01   0.238297E+00   0.271722E+00
 0.640285E+01   0.118412E+01   0.948340E-01   0.238138E+00   0.271722E+00
 0.641674E+01   0.118326E+01   0.946177E-01   0.237979E+00   0.271722E+00
 0.643065E+01   0.118240E+01   0.944009E-01   0.237818E+00   0.271722E+00
 0.644456E+01   0.118154E+01   0.941838E-01   0.237657E+00   0.271722E+00
 0.645848E+01   0.118067E+01   0.939664E-01   0.237496E+00   0.271722E+00
 0.647241E+01   0.117980E+01   0.937486E-01   0.237334E+00   0.271722E+00
 0.648634E+01   0.117893E+01   0.935304E-01   0.237171E+00   0.271722E+00
 0.650029E+01   0.117805E+01   0.933119E-01   0.237008E+00   0.271722E+00
 0.651424E+01   0.117717E+01   0.930930E-01   0.236844E+00   0.271722E+00
 0.652821E+01   0.117629E+01   0.928737E-01   0.236679E+00   0.271722E+00
 0.654218E+01   0.117540E+01   0.926541E-01   0.236514E+00   0.271722E+00
 0.655615E+01   0.117451E+01   0.924341E-01   0.236348E+00   0.271722E+00
 0.657014E+01   0.117362E+01   0.922138E-01   0.236182E+00   0.271722E+00
 0.658414E+01   0.117273E+01   0.919931E-01   0.236015E+00   0.271722E+00
 0.659814E+01   0.117183E+01   0.917721E-01   0.235847E+00   0.271722E+00
 0.661232E+01   0.117092E+01   0.915480E-01   0.235677E+00   0.271722E+00
 0.662644E+01   0.117001E+01   0.913248E-01   0.235507E+00   0.271722E+00
 0.664056E+01   0.116909E+01   0.911013E-01   0.235337E+00   0.271722E+00
 0.665469E+01   0.116818E+01   0.908773E-01   0.235165E+00   0.271722E+00
 0.666883E+01   0.116726E+01   0.906531E-01   0.234994E+00   0.271722E+00
 0.668297E+01   0.116633E+01   0.904285E-01   0.234821E+00   0.271722E+00
 0.669713E+01   0.116541E+01   0.902037E-01   0.234648E+00   0.271722E+00
 0.671129E+01   0.116448E+01   0.899784E-01   0.234474E+00   0.271722E+00
 0.672546E+01   0.116354E+01   0.897529E-01   0.234300E+00   0.271722E+00
 0.673963E+01   0.116261E+01   0.895270E-01   0.234125E+00   0.271722E+00
 0.675381E+01   0.116167E+01   0.893009E-01   0.233949E+00   0.271722E+00
 0.676800E+01   0.116073E+01   0.890744E-01   0.233773E+00   0.271722E+00
 0.678219E+01   0.115978E+01   0.888476E-01   0.233596E+00   0.271722E+00
 0.679639E+01   0.115883E+01   0.886205E-01   0.233419E+00   0.271722E+00
 0.681060E+01   0.115788E+01   0.883931E-01   0.233240E+00   0.271722E+00
 0.682481E+01   0.115693E+01   0.881655E-01   0.233062E+00   0.271722E+00
 0.683903E+01   0.115597E+01   0.879375E-01   0.232882E+00   0.271722E+00
 0.685326E+01   0.115500E+01   0.877092E-01   0.232702E+00   0.271722E+00
 0.686749E+01   0.115404E+01   0.874806E-01   0.232521E+00   0.271722E+00
 0.688173E+01   0.115307E+01   0.872518E-01   0.232340E+00   0.271722E+00
 0.689597E+01   0.115210E+01   0.870226E-01   0.232158E+00   0.271722E+00
 0.691022E+01   0.115112E+01   0.867932E-01   0.231975E+00   0.271722E+00
 0.692448E+01   0.115015E+01   0.865635E-01   0.231792E+00   0.271722E+00
 0.693874E+01   0.114916E+01   0.863335E-01   0.231608E+00   0.271722E+00
 0.695300E+01   0.114818E+01   0.861033E-01   0.231423E+00   0.271722E+00
 0.696728E+01   0.114719E+01   0.858727E-01   0.231238E+00   0.271722E+00
 0.698156E+01   0.114620E+01   0.856420E-01   0.231052E+00   0.271722E+00
 0.699584E+01   0.114521E+01   0.854109E-01   0.230865E+00   0.271722E+00
 0.700983E+01   0.114423E+01   0.851844E-01   0.230682E+00   0.271722E+00
 0.702426E+01   0.114322E+01   0.849507E-01   0.230492E+00   0.271722E+00
 0.703869E+01   0.114220E+01   0.847168E-01   0.230302E+00   0.271722E+00
 0.705311E+01   0.114119E+01   0.844827E-01   0.230111E+00   0.271722E+00
 0.706754E+01   0.114017E+01   0.842484E-01   0.229920E+00   0.271722E+00
 0.708198E+01   0.113914E+01   0.840139E-01   0.229728E+00   0.271722E+00
 0.709642E+01   0.113812E+01   0.837791E-01   0.229535E+00   0.271722E+00
 0.711087E+01   0.113709E+01   0.835441E-01   0.229341E+00   0.271722E+00
 0.712531E+01   0.113605E+01   0.833088E-01   0.229147E+00   0.271722E+00
 0.713977E+01   0.113502E+01   0.830734E-01   0.228952E+00   0.271722E+00
 0.715423E+01   0.113398E+01   0.828376E-01   0.228756E+00   0.271722E+00
 0.716868E+01   0.113293E+01   0.826017E-01   0.228560E+00   0.271722E+00
 0.718315E+01   0.113189E+01   0.823656E-01   0.228363E+00   0.271722E+00
 0.719761E+01   0.113083E+01   0.821293E-01   0.228166E+00   0.271722E+00
 0.721208E+01   0.112978E+01   0.818928E-01   0.227967E+00   0.271722E+00
 0.722656E+01   0.112872E+01   0.816561E-01   0.227769E+00   0.271722E+00
 0.724103E+01   0.112766E+01   0.814192E-01   0.227569E+00   0.271722E+00
 0.725551E+01   0.112660E+01   0.811821E-01   0.227369E+00   0.271722E+00
 0.726999E+01   0.112553E+01   0.809448E-01   0.227168E+00   0.271722E+00
 0.728447E+01   0.112446E+01   0.807073E-01   0.226966E+00   0.271722E+00
 0.729896E+01   0.112339E+01   0.804696E-01   0.226764E+00   0.271722E+00
 0.731345E+01   0.112231E+01   0.802318E-01   0.226561E+00   0.271722E+00
 0.732794E+01   0.112123E+01   0.799938E-01   0.226357E+00   0.271722E+00
 0.734243E+01   0.112014E+01   0.797556E-01   0.226153E+00   0.271722E+00
 0.735468E+01   0.111922E+01   0.795543E-01   0.225979E+00   0.271722E+00
 0.737048E+01   0.111804E+01   0.792944E-01   0.225755E+00   0.271722E+00
 0.738513E+01   0.111693E+01   0.790532E-01   0.225547E+00   0.271722E+00
 0.739979E+01   0.111582E+01   0.788119E-01   0.225338E+00   0.271722E+00
 0.741444E+01   0.111471E+01   0.785705E-01   0.225128E+00   0.271722E+00
 0.742910E+01   0.111359E+01   0.783289E-01   0.224917E+00   0.271722E+00
 0.744375E+01   0.111247E+01   0.780873E-01   0.224706E+00   0.271722E+00
 0.745838E+01   0.111135E+01   0.778459E-01   0.224494E+00   0.271722E+00
 0.747299E+01   0.111023E+01   0.776047E-01   0.224282E+00   0.271722E+00
 0.748759E+01   0.110910E+01   0.773636E-01   0.224070E+00   0.271722E+00
 0.750216E+01   0.110797E+01   0.771227E-01   0.223857E+00   0.271722E+00
 0.751673E+01   0.110685E+01   0.768820E-01   0.223643E+00   0.271722E+00
 0.753127E+01   0.110571E+01   0.766414E-01   0.223429E+00   0.271722E+00
 0.754580E+01   0.110458E+01   0.764010E-01   0.223215E+00   0.271722E+00
 0.756031E+01   0.110344E+01   0.761608E-01   0.223000E+00   0.271722E+00
 0.757481E+01   0.110231E+01   0.759208E-01   0.222785E+00   0.271722E+00
 0.758929E+01   0.110117E+01   0.756809E-01   0.222570E+00   0.271722E+00
 0.760375E+01   0.110002E+01   0.754413E-01   0.222354E+00   0.271722E+00
 0.761820E+01   0.109888E+01   0.752018E-01   0.222137E+00   0.271722E+00
 0.763263E+01   0.109773E+01   0.749624E-01   0.221920E+00   0.271722E+00
 0.764705E+01   0.109658E+01   0.747233E-01   0.221703E+00   0.271722E+00
 0.766145E+01   0.109543E+01   0.744843E-01   0.221485E+00   0.271722E+00
 0.767583E+01   0.109428E+01   0.742456E-01   0.221266E+00   0.271722E+00
 0.769020E+01   0.109312E+01   0.740070E-01   0.221048E+00   0.271722E+00
 0.770455E+01   0.109197E+01   0.737686E-01   0.220828E+00   0.271722E+00
 0.772040E+01   0.109068E+01   0.735053E-01   0.220586E+00   0.271722E+00
 0.773468E+01   0.108952E+01   0.732678E-01   0.220366E+00   0.271722E+00
 0.774895E+01   0.108836E+01   0.730306E-01   0.220146E+00   0.271722E+00
 0.776320E+01   0.108720E+01   0.727937E-01   0.219925E+00   0.271722E+00
 0.777743E+01   0.108604E+01   0.725570E-01   0.219704E+00   0.271722E+00
 0.779164E+01   0.108487E+01   0.723205E-01   0.219483E+00   0.271722E+00
 0.780583E+01   0.108370E+01   0.720843E-01   0.219261E+00   0.271722E+00
 0.782001E+01   0.108253E+01   0.718483E-01   0.219039E+00   0.271722E+00
 0.783417E+01   0.108136E+01   0.716125E-01   0.218816E+00   0.271722E+00
 0.784832E+01   0.108018E+01   0.713769E-01   0.218593E+00   0.271722E+00
 0.786244E+01   0.107900E+01   0.711416E-01   0.218370E+00   0.271722E+00
 0.787655E+01   0.107782E+01   0.709065E-01   0.218146E+00   0.271722E+00
 0.789065E+01   0.107664E+01   0.706717E-01   0.217922E+00   0.271722E+00
 0.790472E+01   0.107546E+01   0.704371E-01   0.217697E+00   0.271722E+00
 0.791878E+01   0.107427E+01   0.702027E-01   0.217472E+00   0.271722E+00
 0.793283E+01   0.107309E+01   0.699685E-01   0.217246E+00   0.271722E+00
 0.794685E+01   0.107190E+01   0.697347E-01   0.217020E+00   0.271722E+00
 0.796086E+01   0.107070E+01   0.695010E-01   0.216793E+00   0.271722E+00
 0.797486E+01   0.106951E+01   0.692676E-01   0.216566E+00   0.271722E+00
 0.798884E+01   0.106831E+01   0.690344E-01   0.216339E+00   0.271722E+00
 0.800280E+01   0.106712E+01   0.688015E-01   0.216111E+00   0.271722E+00
 0.802198E+01   0.106546E+01   0.684814E-01   0.215796E+00   0.271722E+00
 0.803587E+01   0.106427E+01   0.682497E-01   0.215568E+00   0.271722E+00
 0.804973E+01   0.106306E+01   0.680183E-01   0.215339E+00   0.271722E+00
 0.806358E+01   0.106186E+01   0.677872E-01   0.215110E+00   0.271722E+00
 0.807741E+01   0.106066E+01   0.675564E-01   0.214881E+00   0.271722E+00
 0.809122E+01   0.105945E+01   0.673259E-01   0.214651E+00   0.271722E+00
 0.810502E+01   0.105824E+01   0.670956E-01   0.214420E+00   0.271722E+00
 0.811880E+01   0.105703E+01   0.668656E-01   0.214190E+00   0.271722E+00
 0.813256E+01   0.105581E+01   0.666359E-01   0.213958E+00   0.271722E+00
 0.814630E+01   0.105460E+01   0.664065E-01   0.213727E+00   0.271722E+00
 0.816002E+01   0.105338E+01   0.661774E-01   0.213495E+00   0.271722E+00
 0.817373E+01   0.105216E+01   0.659486E-01   0.213262E+00   0.271722E+00
 0.818743E+01   0.105094E+01   0.657200E-01   0.213029E+00   0.271722E+00
 0.820110E+01   0.104972E+01   0.654918E-01   0.212796E+00   0.271722E+00
 0.821476E+01   0.104849E+01   0.652638E-01   0.212562E+00   0.271722E+00
 0.822840E+01   0.104727E+01   0.650361E-01   0.212328E+00   0.271722E+00
 0.824203E+01   0.104604E+01   0.648087E-01   0.212094E+00   0.271722E+00
 0.825564E+01   0.104481E+01   0.645816E-01   0.211858E+00   0.271722E+00
 0.826923E+01   0.104357E+01   0.643548E-01   0.211623E+00   0.271722E+00
 0.828281E+01   0.104234E+01   0.641282E-01   0.211387E+00   0.271722E+00
 0.829637E+01   0.104110E+01   0.639020E-01   0.211151E+00   0.271722E+00
 0.831883E+01   0.103905E+01   0.635273E-01   0.210758E+00   0.271722E+00
 0.833230E+01   0.103781E+01   0.633027E-01   0.210521E+00   0.271722E+00
 0.834575E+01   0.103657E+01   0.630783E-01   0.210284E+00   0.271722E+00
 0.835918E+01   0.103533E+01   0.628543E-01   0.210046E+00   0.271722E+00
 0.837260E+01   0.103408E+01   0.626306E-01   0.209809E+00   0.271722E+00
 0.838600E+01   0.103284E+01   0.624073E-01   0.209570E+00   0.271722E+00
 0.839938E+01   0.103159E+01   0.621842E-01   0.209332E+00   0.271722E+00
 0.841274E+01   0.103034E+01   0.619615E-01   0.209093E+00   0.271722E+00
 0.842609E+01   0.102909E+01   0.617392E-01   0.208853E+00   0.271722E+00
 0.843942E+01   0.102784E+01   0.615171E-01   0.208613E+00   0.271722E+00
 0.845273E+01   0.102658E+01   0.612954E-01   0.208373E+00   0.271722E+00
 0.846603E+01   0.102533E+01   0.610740E-01   0.208132E+00   0.271722E+00
 0.847931E+01   0.102407E+01   0.608529E-01   0.207891E+00   0.271722E+00
 0.849257E+01   0.102281E+01   0.606321E-01   0.207649E+00   0.271722E+00
 0.850582E+01   0.102154E+01   0.604117E-01   0.207407E+00   0.271722E+00
 0.851905E+01   0.102028E+01   0.601916E-01   0.207165E+00   0.271722E+00
 0.853226E+01   0.101901E+01   0.599719E-01   0.206922E+00   0.271722E+00
 0.854546E+01   0.101774E+01   0.597524E-01   0.206679E+00   0.271722E+00
 0.855864E+01   0.101647E+01   0.595333E-01   0.206435E+00   0.271722E+00
 0.857180E+01   0.101520E+01   0.593145E-01   0.206191E+00   0.271722E+00
 0.858276E+01   0.101414E+01   0.591325E-01   0.205987E+00   0.271722E+00
 0.859612E+01   0.101284E+01   0.589106E-01   0.205738E+00   0.271722E+00
 0.860918E+01   0.101157E+01   0.586937E-01   0.205494E+00   0.271722E+00
 0.862223E+01   0.101030E+01   0.584772E-01   0.205249E+00   0.271722E+00
 0.863525E+01   0.100902E+01   0.582610E-01   0.205004E+00   0.271722E+00
 0.864827E+01   0.100774E+01   0.580451E-01   0.204759E+00   0.271722E+00
 0.866126E+01   0.100646E+01   0.578296E-01   0.204513E+00   0.271722E+00
 0.867423E+01   0.100518E+01   0.576145E-01   0.204267E+00   0.271722E+00
 0.868719E+01   0.100390E+01   0.573998E-01   0.204020E+00   0.271722E+00
 0.870014E+01   0.100262E+01   0.571854E-01   0.203773E+00   0.271722E+00
 0.871306E+01   0.100133E+01   0.569713E-01   0.203526E+00   0.271722E+00
 0.872597E+01   0.100004E+01   0.567577E-01   0.203278E+00   0.271722E+00
 0.873886E+01   0.998750E+00   0.565444E-01   0.203030E+00   0.271722E+00
 0.875173E+01   0.997458E+00   0.563314E-01   0.202781E+00   0.271722E+00
 0.876459E+01   0.996165E+00   0.561188E-01   0.202532E+00   0.271722E+00
 0.877743E+01   0.994869E+00   0.559066E-01   0.202283E+00   0.271722E+00
 0.879026E+01   0.993572E+00   0.556948E-01   0.202033E+00   0.271722E+00
 0.880307E+01   0.992272E+00   0.554833E-01   0.201783E+00   0.271722E+00
 0.881586E+01   0.990971E+00   0.552721E-01   0.201532E+00   0.271722E+00
 0.882863E+01   0.989668E+00   0.550614E-01   0.201281E+00   0.271722E+00
 0.884139E+01   0.988363E+00   0.548509E-01   0.201030E+00   0.271722E+00
 0.885414E+01   0.987057E+00   0.546409E-01   0.200778E+00   0.271722E+00
 0.886713E+01   0.985722E+00   0.544269E-01   0.200521E+00   0.271722E+00
 0.887978E+01   0.984418E+00   0.542186E-01   0.200269E+00   0.271722E+00
 0.889241E+01   0.983112E+00   0.540107E-01   0.200018E+00   0.271722E+00
 0.890502E+01   0.981805E+00   0.538032E-01   0.199765E+00   0.271722E+00
 0.891762E+01   0.980496E+00   0.535961E-01   0.199513E+00   0.271722E+00
 0.893020E+01   0.979185E+00   0.533894E-01   0.199260E+00   0.271722E+00
 0.894276E+01   0.977873E+00   0.531830E-01   0.199007E+00   0.271722E+00
 0.895531E+01   0.976559E+00   0.529771E-01   0.198753E+00   0.271722E+00
 0.896784E+01   0.975244E+00   0.527715E-01   0.198499E+00   0.271722E+00
 0.898035E+01   0.973926E+00   0.525663E-01   0.198245E+00   0.271722E+00
 0.899285E+01   0.972607E+00   0.523615E-01   0.197990E+00   0.271722E+00
 0.900533E+01   0.971287E+00   0.521571E-01   0.197735E+00   0.271722E+00
 0.901779E+01   0.969964E+00   0.519531E-01   0.197479E+00   0.271722E+00
 0.903024E+01   0.968640E+00   0.517495E-01   0.197223E+00   0.271722E+00
 0.904267E+01   0.967314E+00   0.515462E-01   0.196967E+00   0.271722E+00
 0.905509E+01   0.965986E+00   0.513433E-01   0.196710E+00   0.271722E+00
 0.906748E+01   0.964657E+00   0.511408E-01   0.196453E+00   0.271722E+00
 0.907987E+01   0.963326E+00   0.509388E-01   0.196196E+00   0.271722E+00
 0.910178E+01   0.960962E+00   0.505815E-01   0.195739E+00   0.271722E+00
 0.911405E+01   0.959634E+00   0.503816E-01   0.195482E+00   0.271722E+00
 0.912630E+01   0.958304E+00   0.501821E-01   0.195224E+00   0.271722E+00
 0.913853E+01   0.956973E+00   0.499831E-01   0.194966E+00   0.271722E+00
 0.915075E+01   0.955639E+00   0.497844E-01   0.194708E+00   0.271722E+00
 0.916296E+01   0.954305E+00   0.495861E-01   0.194450E+00   0.271722E+00
 0.917514E+01   0.952969E+00   0.493882E-01   0.194191E+00   0.271722E+00
 0.918731E+01   0.951631E+00   0.491908E-01   0.193932E+00   0.271722E+00
 0.919946E+01   0.950291E+00   0.489937E-01   0.193672E+00   0.271722E+00
 0.921160E+01   0.948951E+00   0.487971E-01   0.193412E+00   0.271722E+00
 0.922372E+01   0.947608E+00   0.486009E-01   0.193152E+00   0.271722E+00
 0.923582E+01   0.946264E+00   0.484050E-01   0.192891E+00   0.271722E+00
 0.924791E+01   0.944918E+00   0.482096E-01   0.192630E+00   0.271722E+00
 0.925998E+01   0.943571E+00   0.480146E-01   0.192369E+00   0.271722E+00
 0.927203E+01   0.942222E+00   0.478200E-01   0.192107E+00   0.271722E+00
 0.928407E+01   0.940871E+00   0.476258E-01   0.191845E+00   0.271722E+00
 0.929610E+01   0.939519E+00   0.474320E-01   0.191583E+00   0.271722E+00
 0.930810E+01   0.938166E+00   0.472386E-01   0.191320E+00   0.271722E+00
 0.932009E+01   0.936811E+00   0.470456E-01   0.191057E+00   0.271722E+00
 0.933207E+01   0.935454E+00   0.468530E-01   0.190793E+00   0.271722E+00
 0.934360E+01   0.934144E+00   0.466678E-01   0.190539E+00   0.271722E+00
 0.935547E+01   0.932793E+00   0.464772E-01   0.190276E+00   0.271722E+00
 0.936732E+01   0.931440E+00   0.462870E-01   0.190014E+00   0.271722E+00
 0.937916E+01   0.930086E+00   0.460973E-01   0.189750E+00   0.271722E+00
 0.939098E+01   0.928730E+00   0.459080E-01   0.189487E+00   0.271722E+00
 0.940278E+01   0.927373E+00   0.457191E-01   0.189223E+00   0.271722E+00
 0.941456E+01   0.926015E+00   0.455307E-01   0.188959E+00   0.271722E+00
 0.942633E+01   0.924655E+00   0.453426E-01   0.188694E+00   0.271722E+00
 0.943809E+01   0.923294E+00   0.451550E-01   0.188429E+00   0.271722E+00
 0.944982E+01   0.921931E+00   0.449678E-01   0.188164E+00   0.271722E+00
 0.946154E+01   0.920567E+00   0.447811E-01   0.187899E+00   0.271722E+00
 0.947325E+01   0.919201E+00   0.445947E-01   0.187633E+00   0.271722E+00
 0.948494E+01   0.917834E+00   0.444088E-01   0.187367E+00   0.271722E+00
 0.949661E+01   0.916466E+00   0.442233E-01   0.187100E+00   0.271722E+00
 0.950827E+01   0.915096E+00   0.440382E-01   0.186833E+00   0.271722E+00
 0.951991E+01   0.913725E+00   0.438535E-01   0.186566E+00   0.271722E+00
 0.953154E+01   0.912352E+00   0.436693E-01   0.186299E+00   0.271722E+00
 0.954315E+01   0.910977E+00   0.434854E-01   0.186031E+00   0.271722E+00
 0.955474E+01   0.909602E+00   0.433020E-01   0.185763E+00   0.271722E+00
 0.956660E+01   0.908191E+00   0.431146E-01   0.185488E+00   0.271722E+00
 0.957809E+01   0.906822E+00   0.429333E-01   0.185221E+00   0.271722E+00
 0.958955E+01   0.905452E+00   0.427524E-01   0.184954E+00   0.271722E+00
 0.960100E+01   0.904080E+00   0.425720E-01   0.184686E+00   0.271722E+00
 0.961243E+01   0.902708E+00   0.423921E-01   0.184418E+00   0.271722E+00
 0.962385E+01   0.901334E+00   0.422125E-01   0.184150E+00   0.271722E+00
 0.963525E+01   0.899959E+00   0.420334E-01   0.183882E+00   0.271722E+00
 0.964663E+01   0.898582E+00   0.418548E-01   0.183613E+00   0.271722E+00
 0.965800E+01   0.897205E+00   0.416765E-01   0.183344E+00   0.271722E+00
 0.966935E+01   0.895826E+00   0.414987E-01   0.183075E+00   0.271722E+00
 0.968069E+01   0.894445E+00   0.413213E-01   0.182805E+00   0.271722E+00
 0.969201E+01   0.893064E+00   0.411443E-01   0.182535E+00   0.271722E+00
 0.970331E+01   0.891681E+00   0.409678E-01   0.182265E+00   0.271722E+00
 0.971460E+01   0.890297E+00   0.407917E-01   0.181994E+00   0.271722E+00
 0.972588E+01   0.888911E+00   0.406160E-01   0.181724E+00   0.271722E+00
 0.973713E+01   0.887525E+00   0.404408E-01   0.181452E+00   0.271722E+00
 0.974838E+01   0.886137E+00   0.402659E-01   0.181181E+00   0.271722E+00
 0.976645E+01   0.883899E+00   0.399853E-01   0.180743E+00   0.271722E+00
 0.977761E+01   0.882514E+00   0.398123E-01   0.180472E+00   0.271722E+00
 0.978871E+01   0.881132E+00   0.396404E-01   0.180202E+00   0.271722E+00
 0.979979E+01   0.879749E+00   0.394689E-01   0.179931E+00   0.271722E+00
 0.981086E+01   0.878366E+00   0.392979E-01   0.179660E+00   0.271722E+00
 0.982191E+01   0.876981E+00   0.391273E-01   0.179389E+00   0.271722E+00
 0.983294E+01   0.875595E+00   0.389571E-01   0.179118E+00   0.271722E+00
 0.984396E+01   0.874208E+00   0.387874E-01   0.178846E+00   0.271722E+00
 0.985497E+01   0.872820E+00   0.386181E-01   0.178574E+00   0.271722E+00
 0.986596E+01   0.871431E+00   0.384492E-01   0.178302E+00   0.271722E+00
 0.987693E+01   0.870040E+00   0.382808E-01   0.178030E+00   0.271722E+00
 0.988789E+01   0.868649E+00   0.381128E-01   0.177757E+00   0.271722E+00
 0.989883E+01   0.867256E+00   0.379452E-01   0.177484E+00   0.271722E+00
 0.990975E+01   0.865863E+00   0.377781E-01   0.177211E+00   0.271722E+00
 0.992067E+01   0.864468E+00   0.376114E-01   0.176937E+00   0.271722E+00
 0.993156E+01   0.863072E+00   0.374451E-01   0.176663E+00   0.271722E+00
 0.994245E+01   0.861675E+00   0.372793E-01   0.176389E+00   0.271722E+00
 0.995331E+01   0.860277E+00   0.371139E-01   0.176115E+00   0.271722E+00
 0.996659E+01   0.858564E+00   0.369120E-01   0.175779E+00   0.271722E+00
 0.997733E+01   0.857176E+00   0.367490E-01   0.175506E+00   0.271722E+00
 0.998805E+01   0.855786E+00   0.365864E-01   0.175233E+00   0.271722E+00
 0.999876E+01   0.854396E+00   0.364242E-01   0.174960E+00   0.271722E+00
 0.100095E+02   0.853005E+00   0.362625E-01   0.174687E+00   0.271722E+00
 0.100201E+02   0.851613E+00   0.361012E-01   0.174413E+00   0.271722E+00
 0.100308E+02   0.850219E+00   0.359403E-01   0.174140E+00   0.271722E+00
 0.100414E+02   0.848826E+00   0.357799E-01   0.173866E+00   0.271722E+00
 0.100521E+02   0.847431E+00   0.356199E-01   0.173591E+00   0.271722E+00
 0.100627E+02   0.846035E+00   0.354604E-01   0.173317E+00   0.271722E+00
 0.100733E+02   0.844638E+00   0.353013E-01   0.173042E+00   0.271722E+00
 0.100839E+02   0.843240E+00   0.351426E-01   0.172768E+00   0.271722E+00
 0.100944E+02   0.841842E+00   0.349843E-01   0.172492E+00   0.271722E+00
 0.101050E+02   0.840442E+00   0.348265E-01   0.172217E+00   0.271722E+00
 0.101155E+02   0.839042E+00   0.346691E-01   0.171942E+00   0.271722E+00
 0.101261E+02   0.837640E+00   0.345122E-01   0.171666E+00   0.271722E+00
 0.101366E+02   0.836238E+00   0.343556E-01   0.171390E+00   0.271722E+00
 0.101471E+02   0.834835E+00   0.341995E-01   0.171113E+00   0.271722E+00
 0.101593E+02   0.833201E+00   0.340184E-01   0.170792E+00   0.271722E+00
 0.101696E+02   0.831810E+00   0.338647E-01   0.170518E+00   0.271722E+00
 0.101800E+02   0.830417E+00   0.337115E-01   0.170243E+00   0.271722E+00
 0.101903E+02   0.829024E+00   0.335586E-01   0.169969E+00   0.271722E+00
 0.102006E+02   0.827630E+00   0.334063E-01   0.169694E+00   0.271722E+00
 0.102109E+02   0.826235E+00   0.332543E-01   0.169419E+00   0.271722E+00
 0.102212E+02   0.824840E+00   0.331028E-01   0.169144E+00   0.271722E+00
 0.102315E+02   0.823444E+00   0.329517E-01   0.168869E+00   0.271722E+00
 0.102417E+02   0.822047E+00   0.328010E-01   0.168593E+00   0.271722E+00
 0.102520E+02   0.820650E+00   0.326508E-01   0.168318E+00   0.271722E+00
 0.102622E+02   0.819251E+00   0.325010E-01   0.168042E+00   0.271722E+00
 0.102724E+02   0.817852E+00   0.323516E-01   0.167766E+00   0.271722E+00
 0.102826E+02   0.816453E+00   0.322027E-01   0.167490E+00   0.271722E+00
 0.102928E+02   0.815052E+00   0.320541E-01   0.167213E+00   0.271722E+00
 0.103029E+02   0.813651E+00   0.319061E-01   0.166937E+00   0.271722E+00
 0.103131E+02   0.812249E+00   0.317584E-01   0.166660E+00   0.271722E+00
 0.103232E+02   0.810847E+00   0.316112E-01   0.166383E+00   0.271722E+00
 0.103334E+02   0.809444E+00   0.314644E-01   0.166106E+00   0.271722E+00
 0.103446E+02   0.807878E+00   0.313011E-01   0.165796E+00   0.271722E+00
 0.103646E+02   0.805097E+00   0.310127E-01   0.165247E+00   0.271722E+00
 0.103845E+02   0.802313E+00   0.307260E-01   0.164697E+00   0.271722E+00
 0.104043E+02   0.799527E+00   0.304409E-01   0.164146E+00   0.271722E+00
 0.104241E+02   0.796739E+00   0.301576E-01   0.163594E+00   0.271722E+00
 0.104439E+02   0.793949E+00   0.298759E-01   0.163042E+00   0.271722E+00
 0.104635E+02   0.791156E+00   0.295959E-01   0.162489E+00   0.271722E+00
 0.104832E+02   0.788362E+00   0.293176E-01   0.161936E+00   0.271722E+00
 0.105027E+02   0.785565E+00   0.290410E-01   0.161382E+00   0.271722E+00
 0.105176E+02   0.783427E+00   0.288307E-01   0.160958E+00   0.271722E+00
 0.105327E+02   0.781256E+00   0.286183E-01   0.160528E+00   0.271722E+00
 0.105519E+02   0.778487E+00   0.283491E-01   0.159979E+00   0.271722E+00
 0.105710E+02   0.775717E+00   0.280815E-01   0.159430E+00   0.271722E+00
 0.105901E+02   0.772945E+00   0.278155E-01   0.158880E+00   0.271722E+00
 0.106091E+02   0.770172E+00   0.275512E-01   0.158330E+00   0.271722E+00
 0.106281E+02   0.767398E+00   0.272886E-01   0.157779E+00   0.271722E+00
 0.106470E+02   0.764622E+00   0.270276E-01   0.157228E+00   0.271722E+00
 0.106658E+02   0.761845E+00   0.267683E-01   0.156676E+00   0.271722E+00
 0.106846E+02   0.759067E+00   0.265105E-01   0.156124E+00   0.271722E+00
 0.106960E+02   0.757372E+00   0.263541E-01   0.155787E+00   0.271722E+00
 0.107145E+02   0.754626E+00   0.261020E-01   0.155241E+00   0.271722E+00
 0.107329E+02   0.751878E+00   0.258515E-01   0.154695E+00   0.271722E+00
 0.107513E+02   0.749129E+00   0.256025E-01   0.154148E+00   0.271722E+00
 0.107696E+02   0.746380E+00   0.253552E-01   0.153601E+00   0.271722E+00
 0.107879E+02   0.743630E+00   0.251094E-01   0.153053E+00   0.271722E+00
 0.108061E+02   0.740880E+00   0.248653E-01   0.152506E+00   0.271722E+00
 0.108243E+02   0.738129E+00   0.246227E-01   0.151958E+00   0.271722E+00
 0.108423E+02   0.735377E+00   0.243817E-01   0.151410E+00   0.271722E+00
 0.108562E+02   0.733268E+00   0.241980E-01   0.150989E+00   0.271722E+00
 0.108738E+02   0.730579E+00   0.239651E-01   0.150453E+00   0.271722E+00
 0.108915E+02   0.727862E+00   0.237315E-01   0.149911E+00   0.271722E+00
 0.109092E+02   0.725146E+00   0.234994E-01   0.149369E+00   0.271722E+00
 0.109268E+02   0.722430E+00   0.232688E-01   0.148827E+00   0.271722E+00
 0.109443E+02   0.719714E+00   0.230398E-01   0.148285E+00   0.271722E+00
 0.109618E+02   0.716999E+00   0.228123E-01   0.147743E+00   0.271722E+00
 0.109793E+02   0.714283E+00   0.225863E-01   0.147201E+00   0.271722E+00
 0.109966E+02   0.711568E+00   0.223619E-01   0.146658E+00   0.271722E+00
 0.110140E+02   0.708853E+00   0.221389E-01   0.146116E+00   0.271722E+00
 0.110240E+02   0.707284E+00   0.220107E-01   0.145802E+00   0.271722E+00
 0.110410E+02   0.704606E+00   0.217930E-01   0.145267E+00   0.271722E+00
 0.110580E+02   0.701928E+00   0.215767E-01   0.144731E+00   0.271722E+00
 0.110749E+02   0.699251E+00   0.213619E-01   0.144195E+00   0.271722E+00
 0.110918E+02   0.696574E+00   0.211486E-01   0.143660E+00   0.271722E+00
 0.111086E+02   0.693899E+00   0.209368E-01   0.143124E+00   0.271722E+00
 0.111254E+02   0.691224E+00   0.207264E-01   0.142588E+00   0.271722E+00
 0.111421E+02   0.688551E+00   0.205174E-01   0.142053E+00   0.271722E+00
 0.111588E+02   0.685878E+00   0.203099E-01   0.141517E+00   0.271722E+00
 0.111754E+02   0.683207E+00   0.201038E-01   0.140982E+00   0.271722E+00
 0.111923E+02   0.680484E+00   0.198951E-01   0.140436E+00   0.271722E+00
 0.112086E+02   0.677850E+00   0.196946E-01   0.139908E+00   0.271722E+00
 0.112249E+02   0.675219E+00   0.194955E-01   0.139380E+00   0.271722E+00
 0.112411E+02   0.672588E+00   0.192978E-01   0.138852E+00   0.271722E+00
 0.112572E+02   0.669959E+00   0.191015E-01   0.138325E+00   0.271722E+00
 0.112733E+02   0.667332E+00   0.189066E-01   0.137797E+00   0.271722E+00
 0.112894E+02   0.664706E+00   0.187130E-01   0.137270E+00   0.271722E+00
 0.113054E+02   0.662082E+00   0.185208E-01   0.136743E+00   0.271722E+00
 0.113213E+02   0.659460E+00   0.183300E-01   0.136216E+00   0.271722E+00
 0.113355E+02   0.657116E+00   0.181604E-01   0.135745E+00   0.271722E+00
 0.113512E+02   0.654528E+00   0.179743E-01   0.135224E+00   0.271722E+00
 0.113668E+02   0.651943E+00   0.177896E-01   0.134704E+00   0.271722E+00
 0.113824E+02   0.649360E+00   0.176063E-01   0.134185E+00   0.271722E+00
 0.113979E+02   0.646779E+00   0.174242E-01   0.133666E+00   0.271722E+00
 0.114134E+02   0.644200E+00   0.172435E-01   0.133147E+00   0.271722E+00
 0.114288E+02   0.641624E+00   0.170641E-01   0.132628E+00   0.271722E+00
 0.114442E+02   0.639049E+00   0.168859E-01   0.132109E+00   0.271722E+00
 0.114595E+02   0.636478E+00   0.167090E-01   0.131591E+00   0.271722E+00
 0.114748E+02   0.633908E+00   0.165334E-01   0.131074E+00   0.271722E+00
 0.114913E+02   0.631129E+00   0.163447E-01   0.130513E+00   0.271722E+00
 0.115063E+02   0.628593E+00   0.161737E-01   0.130002E+00   0.271722E+00
 0.115213E+02   0.626060E+00   0.160039E-01   0.129491E+00   0.271722E+00
 0.115362E+02   0.623529E+00   0.158354E-01   0.128981E+00   0.271722E+00
 0.115511E+02   0.621001E+00   0.156681E-01   0.128471E+00   0.271722E+00
 0.115659E+02   0.618476E+00   0.155020E-01   0.127961E+00   0.271722E+00
 0.115807E+02   0.615954E+00   0.153371E-01   0.127452E+00   0.271722E+00
 0.115955E+02   0.613435E+00   0.151734E-01   0.126944E+00   0.271722E+00
 0.116102E+02   0.610918E+00   0.150110E-01   0.126435E+00   0.271722E+00
 0.116234E+02   0.608648E+00   0.148652E-01   0.125977E+00   0.271722E+00
 0.116378E+02   0.606180E+00   0.147078E-01   0.125478E+00   0.271722E+00
 0.116524E+02   0.603667E+00   0.145484E-01   0.124970E+00   0.271722E+00
 0.116669E+02   0.601157E+00   0.143902E-01   0.124462E+00   0.271722E+00
 0.116814E+02   0.598650E+00   0.142332E-01   0.123956E+00   0.271722E+00
 0.116959E+02   0.596147E+00   0.140773E-01   0.123449E+00   0.271722E+00
 0.117103E+02   0.593647E+00   0.139226E-01   0.122943E+00   0.271722E+00
 0.117247E+02   0.591149E+00   0.137690E-01   0.122438E+00   0.271722E+00
 0.117391E+02   0.588655E+00   0.136165E-01   0.121933E+00   0.271722E+00
 0.117534E+02   0.586165E+00   0.134652E-01   0.121429E+00   0.271722E+00
 0.117649E+02   0.584163E+00   0.133442E-01   0.121023E+00   0.271722E+00
 0.117791E+02   0.581688E+00   0.131954E-01   0.120522E+00   0.271722E+00
 0.117934E+02   0.579187E+00   0.130460E-01   0.120015E+00   0.271722E+00
 0.118076E+02   0.576689E+00   0.128976E-01   0.119509E+00   0.271722E+00
 0.118219E+02   0.574195E+00   0.127504E-01   0.119003E+00   0.271722E+00
 0.118361E+02   0.571704E+00   0.126042E-01   0.118498E+00   0.271722E+00
 0.118502E+02   0.569218E+00   0.124591E-01   0.117994E+00   0.271722E+00
 0.118643E+02   0.566735E+00   0.123150E-01   0.117490E+00   0.271722E+00
 0.118784E+02   0.564256E+00   0.121721E-01   0.116987E+00   0.271722E+00
 0.118925E+02   0.561781E+00   0.120302E-01   0.116485E+00   0.271722E+00
 0.119041E+02   0.559732E+00   0.119133E-01   0.116069E+00   0.271722E+00
 0.119171E+02   0.557428E+00   0.117825E-01   0.115601E+00   0.271722E+00
 0.119326E+02   0.554699E+00   0.116285E-01   0.115047E+00   0.271722E+00
 0.119479E+02   0.551999E+00   0.114769E-01   0.114498E+00   0.271722E+00
 0.119630E+02   0.549326E+00   0.113277E-01   0.113955E+00   0.271722E+00
 0.119780E+02   0.546681E+00   0.111807E-01   0.113417E+00   0.271722E+00
 0.119928E+02   0.544061E+00   0.110358E-01   0.112884E+00   0.271722E+00
 0.120075E+02   0.541466E+00   0.108928E-01   0.112357E+00   0.271722E+00
 0.120222E+02   0.538895E+00   0.107518E-01   0.111834E+00   0.271722E+00
 0.120366E+02   0.536349E+00   0.106125E-01   0.111316E+00   0.271722E+00
 0.120502E+02   0.533977E+00   0.104832E-01   0.110833E+00   0.271722E+00
 0.120651E+02   0.531358E+00   0.103409E-01   0.110300E+00   0.271722E+00
 0.120800E+02   0.528755E+00   0.102000E-01   0.109769E+00   0.271722E+00
 0.120948E+02   0.526166E+00   0.100607E-01   0.109242E+00   0.271722E+00
 0.121096E+02   0.523591E+00   0.992282E-02   0.108717E+00   0.271722E+00
 0.121242E+02   0.521027E+00   0.978644E-02   0.108195E+00   0.271722E+00
 0.121388E+02   0.518472E+00   0.965158E-02   0.107674E+00   0.271722E+00
 0.121533E+02   0.515927E+00   0.951822E-02   0.107155E+00   0.271722E+00
 0.121677E+02   0.513389E+00   0.938637E-02   0.106638E+00   0.271722E+00
 0.121820E+02   0.510859E+00   0.925605E-02   0.106121E+00   0.271722E+00
 0.121957E+02   0.508424E+00   0.913183E-02   0.105625E+00   0.271722E+00
 0.122073E+02   0.506362E+00   0.902751E-02   0.105204E+00   0.271722E+00
 0.122188E+02   0.504300E+00   0.892398E-02   0.104783E+00   0.271722E+00
 0.122303E+02   0.502239E+00   0.882123E-02   0.104362E+00   0.271722E+00
 0.122418E+02   0.500177E+00   0.871926E-02   0.103941E+00   0.271722E+00
 0.122532E+02   0.498116E+00   0.861806E-02   0.103520E+00   0.271722E+00
 0.122646E+02   0.496055E+00   0.851763E-02   0.103099E+00   0.271722E+00
 0.122760E+02   0.493995E+00   0.841798E-02   0.102678E+00   0.271722E+00
 0.122873E+02   0.491937E+00   0.831908E-02   0.102257E+00   0.271722E+00
 0.122986E+02   0.489879E+00   0.822092E-02   0.101836E+00   0.271722E+00
 0.123099E+02   0.487822E+00   0.812352E-02   0.101416E+00   0.271722E+00
 0.123211E+02   0.485767E+00   0.802689E-02   0.100995E+00   0.271722E+00
 0.123361E+02   0.483022E+00   0.789882E-02   0.100434E+00   0.271722E+00
 0.123510E+02   0.480276E+00   0.777196E-02   0.998721E-01   0.271722E+00
 0.123658E+02   0.477538E+00   0.764662E-02   0.993117E-01   0.271722E+00
 0.123806E+02   0.474806E+00   0.752279E-02   0.987525E-01   0.271722E+00
 0.123952E+02   0.472081E+00   0.740047E-02   0.981945E-01   0.271722E+00
 0.124098E+02   0.469363E+00   0.727963E-02   0.976377E-01   0.271722E+00
 0.124243E+02   0.466651E+00   0.716026E-02   0.970821E-01   0.271722E+00
 0.124387E+02   0.463944E+00   0.704233E-02   0.965275E-01   0.271722E+00
 0.124520E+02   0.461434E+00   0.693400E-02   0.960130E-01   0.271722E+00
 0.124662E+02   0.458758E+00   0.681960E-02   0.954643E-01   0.271722E+00
 0.124801E+02   0.456124E+00   0.670813E-02   0.949242E-01   0.271722E+00
 0.124939E+02   0.453496E+00   0.659803E-02   0.943852E-01   0.271722E+00
 0.125076E+02   0.450874E+00   0.648926E-02   0.938472E-01   0.271722E+00
 0.125212E+02   0.448258E+00   0.638183E-02   0.933104E-01   0.271722E+00
 0.125348E+02   0.445648E+00   0.627572E-02   0.927746E-01   0.271722E+00
 0.125483E+02   0.443044E+00   0.617091E-02   0.922399E-01   0.271722E+00
 0.125617E+02   0.440445E+00   0.606738E-02   0.917062E-01   0.271722E+00
 0.125750E+02   0.437852E+00   0.596512E-02   0.911735E-01   0.271722E+00
 0.125882E+02   0.435292E+00   0.586522E-02   0.906477E-01   0.271722E+00
 0.126008E+02   0.432810E+00   0.576930E-02   0.901377E-01   0.271722E+00
 0.126134E+02   0.430335E+00   0.567457E-02   0.896289E-01   0.271722E+00
 0.126260E+02   0.427866E+00   0.558102E-02   0.891212E-01   0.271722E+00
 0.126384E+02   0.425403E+00   0.548864E-02   0.886147E-01   0.271722E+00
 0.126508E+02   0.422945E+00   0.539740E-02   0.881093E-01   0.271722E+00
 0.126631E+02   0.420494E+00   0.530729E-02   0.876049E-01   0.271722E+00
 0.126753E+02   0.418048E+00   0.521831E-02   0.871017E-01   0.271722E+00
 0.126874E+02   0.415607E+00   0.513043E-02   0.865994E-01   0.271722E+00
 0.126995E+02   0.413173E+00   0.504365E-02   0.860982E-01   0.271722E+00
 0.127117E+02   0.410720E+00   0.495712E-02   0.855932E-01   0.271722E+00
 0.127232E+02   0.408386E+00   0.487563E-02   0.851127E-01   0.271722E+00
 0.127346E+02   0.406059E+00   0.479516E-02   0.846333E-01   0.271722E+00
 0.127459E+02   0.403738E+00   0.471572E-02   0.841551E-01   0.271722E+00
 0.127572E+02   0.401422E+00   0.463727E-02   0.836779E-01   0.271722E+00
 0.127684E+02   0.399112E+00   0.455982E-02   0.832019E-01   0.271722E+00
 0.127796E+02   0.396808E+00   0.448333E-02   0.827269E-01   0.271722E+00
 0.127906E+02   0.394509E+00   0.440782E-02   0.822530E-01   0.271722E+00
 0.128016E+02   0.392216E+00   0.433325E-02   0.817800E-01   0.271722E+00
 0.128126E+02   0.389927E+00   0.425962E-02   0.813081E-01   0.271722E+00
 0.128236E+02   0.387614E+00   0.418595E-02   0.808309E-01   0.271722E+00
 0.128340E+02   0.385427E+00   0.411701E-02   0.803796E-01   0.271722E+00
 0.128443E+02   0.383246E+00   0.404895E-02   0.799295E-01   0.271722E+00
 0.128545E+02   0.381071E+00   0.398177E-02   0.794806E-01   0.271722E+00
 0.128647E+02   0.378902E+00   0.391544E-02   0.790328E-01   0.271722E+00
 0.128748E+02   0.376738E+00   0.384997E-02   0.785861E-01   0.271722E+00
 0.128849E+02   0.374580E+00   0.378533E-02   0.781404E-01   0.271722E+00
 0.128982E+02   0.371710E+00   0.370042E-02   0.775477E-01   0.271722E+00
 0.129114E+02   0.368850E+00   0.361696E-02   0.769568E-01   0.271722E+00
 0.129244E+02   0.365998E+00   0.353490E-02   0.763675E-01   0.271722E+00
 0.129353E+02   0.363612E+00   0.346711E-02   0.758743E-01   0.271722E+00
 0.129477E+02   0.360896E+00   0.339091E-02   0.753129E-01   0.271722E+00
 0.129599E+02   0.358189E+00   0.331601E-02   0.747533E-01   0.271722E+00
 0.129720E+02   0.355493E+00   0.324241E-02   0.741957E-01   0.271722E+00
 0.129840E+02   0.352806E+00   0.317008E-02   0.736400E-01   0.271722E+00
 0.129959E+02   0.350128E+00   0.309899E-02   0.730859E-01   0.271722E+00
 0.130077E+02   0.347459E+00   0.302913E-02   0.725336E-01   0.271722E+00
 0.130194E+02   0.344799E+00   0.296046E-02   0.719829E-01   0.271722E+00
 0.130310E+02   0.342147E+00   0.289298E-02   0.714340E-01   0.271722E+00
 0.130419E+02   0.339645E+00   0.283017E-02   0.709159E-01   0.271722E+00
 0.130528E+02   0.337126E+00   0.276779E-02   0.703943E-01   0.271722E+00
 0.130636E+02   0.334617E+00   0.270652E-02   0.698747E-01   0.271722E+00
 0.130743E+02   0.332118E+00   0.264631E-02   0.693569E-01   0.271722E+00
 0.130849E+02   0.329628E+00   0.258716E-02   0.688410E-01   0.271722E+00
 0.130954E+02   0.327146E+00   0.252904E-02   0.683267E-01   0.271722E+00
 0.131058E+02   0.324673E+00   0.247194E-02   0.678140E-01   0.271722E+00
 0.131161E+02   0.322207E+00   0.241582E-02   0.673029E-01   0.271722E+00
 0.131264E+02   0.319750E+00   0.236069E-02   0.667933E-01   0.271722E+00
 0.131365E+02   0.317300E+00   0.230651E-02   0.662853E-01   0.271722E+00
 0.131480E+02   0.314487E+00   0.224524E-02   0.657018E-01   0.271722E+00
 0.131599E+02   0.311591E+00   0.218323E-02   0.651010E-01   0.271722E+00
 0.131715E+02   0.308709E+00   0.212260E-02   0.645031E-01   0.271722E+00
 0.131831E+02   0.305841E+00   0.206332E-02   0.639078E-01   0.271722E+00
 0.131945E+02   0.302985E+00   0.200535E-02   0.633150E-01   0.271722E+00
 0.132057E+02   0.300141E+00   0.194866E-02   0.627246E-01   0.271722E+00
 0.132169E+02   0.297309E+00   0.189321E-02   0.621364E-01   0.271722E+00
 0.132279E+02   0.294488E+00   0.183898E-02   0.615505E-01   0.271722E+00
 0.132381E+02   0.291832E+00   0.178883E-02   0.609989E-01   0.271722E+00
 0.132483E+02   0.289176E+00   0.173952E-02   0.604470E-01   0.271722E+00
 0.132584E+02   0.286532E+00   0.169130E-02   0.598976E-01   0.271722E+00
 0.132704E+02   0.283376E+00   0.163487E-02   0.592417E-01   0.271722E+00
 0.132821E+02   0.280237E+00   0.157996E-02   0.585892E-01   0.271722E+00
 0.132937E+02   0.277115E+00   0.152653E-02   0.579399E-01   0.271722E+00
 0.133051E+02   0.274007E+00   0.147452E-02   0.572936E-01   0.271722E+00
 0.133164E+02   0.270913E+00   0.142390E-02   0.566502E-01   0.271722E+00
 0.133274E+02   0.267834E+00   0.137461E-02   0.560096E-01   0.271722E+00
 0.133378E+02   0.264923E+00   0.132901E-02   0.554038E-01   0.271722E+00
 0.133480E+02   0.262039E+00   0.128482E-02   0.548038E-01   0.271722E+00
 0.133580E+02   0.259173E+00   0.124185E-02   0.542072E-01   0.271722E+00
 0.133695E+02   0.255848E+00   0.119320E-02   0.535151E-01   0.271722E+00
 0.133808E+02   0.252543E+00   0.114609E-02   0.528268E-01   0.271722E+00
 0.133919E+02   0.249255E+00   0.110046E-02   0.521421E-01   0.271722E+00
 0.134028E+02   0.245984E+00   0.105626E-02   0.514608E-01   0.271722E+00
 0.134129E+02   0.242927E+00   0.101599E-02   0.508240E-01   0.271722E+00
 0.134242E+02   0.239458E+00   0.971491E-03   0.501011E-01   0.271722E+00
 0.134352E+02   0.236018E+00   0.928664E-03   0.493841E-01   0.271722E+00
 0.134460E+02   0.232603E+00   0.887430E-03   0.486724E-01   0.271722E+00
 0.134566E+02   0.229210E+00   0.847712E-03   0.479650E-01   0.271722E+00
 0.134669E+02   0.225837E+00   0.809441E-03   0.472618E-01   0.271722E+00
 0.134771E+02   0.222483E+00   0.772552E-03   0.465623E-01   0.271722E+00
 0.134880E+02   0.218819E+00   0.733536E-03   0.457980E-01   0.271722E+00
 0.134982E+02   0.215321E+00   0.697530E-03   0.450683E-01   0.271722E+00
 0.135092E+02   0.211472E+00   0.659329E-03   0.442653E-01   0.271722E+00
 0.135200E+02   0.207656E+00   0.622914E-03   0.434689E-01   0.271722E+00
 0.135305E+02   0.203869E+00   0.588179E-03   0.426784E-01   0.271722E+00
 0.135406E+02   0.200106E+00   0.555022E-03   0.418929E-01   0.271722E+00
 0.135515E+02   0.195995E+00   0.520259E-03   0.410345E-01   0.271722E+00
 0.135620E+02   0.191942E+00   0.487441E-03   0.401882E-01   0.271722E+00
 0.135723E+02   0.187912E+00   0.456285E-03   0.393464E-01   0.271722E+00
 0.135829E+02   0.183592E+00   0.424559E-03   0.384440E-01   0.271722E+00
 0.135931E+02   0.179308E+00   0.394767E-03   0.375490E-01   0.271722E+00
 0.136038E+02   0.174728E+00   0.364663E-03   0.365918E-01   0.271722E+00
 0.136142E+02   0.170074E+00   0.335809E-03   0.356192E-01   0.271722E+00
 0.136247E+02   0.165286E+00   0.307903E-03   0.346184E-01   0.271722E+00
 0.136352E+02   0.160267E+00   0.280591E-03   0.335689E-01   0.271722E+00
 0.136452E+02   0.155296E+00   0.255422E-03   0.325294E-01   0.271722E+00
 0.136553E+02   0.150078E+00   0.230855E-03   0.314382E-01   0.271722E+00
 0.136656E+02   0.144603E+00   0.206946E-03   0.302930E-01   0.271722E+00
 0.136756E+02   0.138937E+00   0.184374E-03   0.291076E-01   0.271722E+00
 0.136857E+02   0.132851E+00   0.162696E-03   0.278341E-01   0.271722E+00
 0.136958E+02   0.126302E+00   0.142050E-03   0.264635E-01   0.271722E+00
 0.137058E+02   0.119300E+00   0.122588E-03   0.249981E-01   0.271722E+00
 0.137159E+02   0.111615E+00   0.104134E-03   0.233893E-01   0.271722E+00
 0.137262E+02   0.103144E+00   0.868460E-04   0.216156E-01   0.271722E+00
 0.137362E+02   0.940277E-01   0.712075E-04   0.197065E-01   0.271722E+00
 0.137463E+02   0.832032E-01   0.571848E-04   0.174393E-01   0.271722E+00
 0.137564E+02   0.702307E-01   0.450606E-04   0.147225E-01   0.271722E+00
 0.137664E+02   0.564667E-01   0.351383E-04   0.118391E-01   0.271722E+00
 0.137764E+02   0.436274E-01   0.273311E-04   0.914573E-02   0.271722E+00
 0.137864E+02   0.332531E-01   0.213614E-04   0.697141E-02   0.271722E+00
 0.137964E+02   0.255410E-01   0.168084E-04   0.536036E-02   0.271722E+00
 0.138065E+02   0.197549E-01   0.132820E-04   0.415385E-02   0.271722E+00
 0.138166E+02   0.152884E-01   0.105580E-04   0.322132E-02   0.271722E+00
 0.138266E+02   0.117931E-01   0.845909E-05   0.248961E-02   0.271722E+00
 0.138368E+02   0.903110E-02   0.683509E-05   0.190957E-02   0.271722E+00
 0.138468E+02   0.690311E-02   0.561010E-05   0.146131E-02   0.271722E+00
 0.138569E+02   0.523908E-02   0.467007E-05   0.110982E-02   0.271722E+00
 0.138670E+02   0.395925E-02   0.395846E-05   0.838836E-03   0.271722E+00
 0.138771E+02   0.298938E-02   0.342604E-05   0.633085E-03   0.271722E+00
 0.138871E+02   0.225380E-02   0.302625E-05   0.476795E-03   0.271722E+00
 0.138971E+02   0.169572E-02   0.272528E-05   0.358075E-03   0.271722E+00
 0.139072E+02   0.127242E-02   0.249836E-05   0.267941E-03   0.271722E+00
 0.139172E+02   0.118806E-02   0.231370E-05   0.249975E-03   0.271722E+00
 0.139272E+02   0.112603E-02   0.213637E-05   0.236863E-03   0.271722E+00
 0.139374E+02   0.102695E-02   0.197004E-05   0.216098E-03   0.271722E+00
 0.139478E+02   0.930747E-03   0.181523E-05   0.195971E-03   0.271722E+00
 0.139579E+02   0.859220E-03   0.167804E-05   0.180953E-03   0.271722E+00
 0.139681E+02   0.802935E-03   0.155020E-05   0.169119E-03   0.271722E+00
 0.139786E+02   0.754993E-03   0.142709E-05   0.159043E-03   0.271722E+00
 0.139889E+02   0.713204E-03   0.131326E-05   0.150273E-03   0.271722E+00
 0.139989E+02   0.672943E-03   0.120813E-05   0.141825E-03   0.271722E+00
 0.140090E+02   0.630266E-03   0.110977E-05   0.132859E-03   0.271722E+00
 0.140193E+02   0.582320E-03   0.101636E-05   0.122755E-03   0.271722E+00
 0.140294E+02   0.533948E-03   0.931881E-06   0.112550E-03   0.271722E+00
 0.140395E+02   0.490891E-03   0.854133E-06   0.103515E-03   0.271722E+00
 0.140498E+02   0.451092E-03   0.782047E-06   0.951448E-04   0.271722E+00
 0.140599E+02   0.414914E-03   0.717188E-06   0.874984E-04   0.271722E+00
 0.140699E+02   0.383142E-03   0.657551E-06   0.807870E-04   0.271722E+00
 0.140801E+02   0.356076E-03   0.601889E-06   0.750932E-04   0.271722E+00
 0.140903E+02   0.332552E-03   0.549861E-06   0.701568E-04   0.271722E+00
 0.141005E+02   0.310945E-03   0.501134E-06   0.656209E-04   0.271722E+00
 0.141107E+02   0.290350E-03   0.455908E-06   0.612859E-04   0.271722E+00
 0.141210E+02   0.270060E-03   0.413419E-06   0.570027E-04   0.271722E+00
 0.141311E+02   0.250722E-03   0.374664E-06   0.529173E-04   0.271722E+00
 0.141413E+02   0.232122E-03   0.338815E-06   0.489927E-04   0.271722E+00
 0.141517E+02   0.213896E-03   0.304604E-06   0.451542E-04   0.271722E+00
 0.141619E+02   0.197578E-03   0.273978E-06   0.417180E-04   0.271722E+00
 0.141722E+02   0.182668E-03   0.245408E-06   0.385738E-04   0.271722E+00
 0.141824E+02   0.168766E-03   0.219365E-06   0.356379E-04   0.271722E+00
 0.141924E+02   0.154488E-03   0.195721E-06   0.326232E-04   0.271722E+00
 0.142027E+02   0.138926E-03   0.173858E-06   0.293434E-04   0.271722E+00
 0.142129E+02   0.124300E-03   0.154394E-06   0.262624E-04   0.271722E+00
 0.142231E+02   0.112302E-03   0.136935E-06   0.237296E-04   0.271722E+00
 0.142332E+02   0.102553E-03   0.121265E-06   0.216688E-04   0.271722E+00
 0.142435E+02   0.935914E-04   0.106769E-06   0.197758E-04   0.271722E+00
 0.142536E+02   0.849359E-04   0.936836E-07   0.179505E-04   0.271722E+00
 0.142637E+02   0.763260E-04   0.819688E-07   0.161343E-04   0.271722E+00
 0.142739E+02   0.677364E-04   0.714441E-07   0.143190E-04   0.271722E+00
 0.142842E+02   0.600386E-04   0.620935E-07   0.126926E-04   0.271722E+00
 0.142944E+02   0.537044E-04   0.538084E-07   0.113575E-04   0.271722E+00
 0.143045E+02   0.482012E-04   0.464362E-07   0.101962E-04   0.271722E+00
 0.143146E+02   0.430883E-04   0.398877E-07   0.911308E-05   0.271722E+00
 0.143247E+02   0.382485E-04   0.340559E-07   0.808829E-05   0.271722E+00
 0.143348E+02   0.337264E-04   0.288843E-07   0.713608E-05   0.271722E+00
 0.143448E+02   0.297420E-04   0.243737E-07   0.629654E-05   0.271722E+00
 0.143548E+02   0.261967E-04   0.204156E-07   0.554479E-05   0.271722E+00
 0.143649E+02   0.225215E-04   0.169413E-07   0.476521E-05   0.271722E+00
 0.143751E+02   0.189696E-04   0.139711E-07   0.401419E-05   0.271722E+00
 0.143852E+02   0.161948E-04   0.114834E-07   0.342729E-05   0.271722E+00
 0.143953E+02   0.139108E-04   0.934385E-08   0.294401E-05   0.271722E+00
 0.144054E+02   0.119073E-04   0.751174E-08   0.252022E-05   0.271722E+00
 0.144155E+02   0.100919E-04   0.596296E-08   0.213647E-05   0.271722E+00
 0.144255E+02   0.839776E-05   0.466884E-08   0.177832E-05   0.271722E+00
 0.144357E+02   0.680296E-05   0.358883E-08   0.144087E-05   0.271722E+00
 0.144458E+02   0.548905E-05   0.272759E-08   0.116261E-05   0.271722E+00
 0.144559E+02   0.452576E-05   0.202935E-08   0.958577E-06   0.271722E+00
 0.144659E+02   0.340515E-05   0.146958E-08   0.721308E-06   0.271722E+00
 0.144760E+02   0.253298E-05   0.106663E-08   0.536635E-06   0.271722E+00
 0.144861E+02   0.197484E-05   0.751225E-09   0.418431E-06   0.271722E+00
 0.144962E+02   0.148262E-05   0.512086E-09   0.314147E-06   0.271722E+00
 0.145062E+02   0.109284E-05   0.333751E-09   0.231532E-06   0.271722E+00
 0.145163E+02   0.735338E-06   0.207543E-09   0.155864E-06   0.271722E+00
 0.145263E+02   0.500016E-06   0.123401E-09   0.105993E-06   0.271722E+00
 0.145364E+02   0.322651E-06   0.673154E-10   0.684040E-07   0.271722E+00
 0.145464E+02   0.190585E-06   0.326129E-10   0.404167E-07   0.271722E+00
 0.145564E+02   0.992752E-07   0.130759E-10   0.210460E-07   0.271722E+00
 0.145664E+02   0.422756E-07   0.382488E-11   0.896376E-08   0.271722E+00
 0.145765E+02   0.105001E-07   0.513279E-12   0.222718E-08   0.271722E+00
