 0.000000E+00   0.148800E+01   0.197514E+00   0.292885E+00   0.292885E+00
 0.102300E-01   0.148800E+01   0.197514E+00   0.292885E+00   0.292885E+00
 0.205261E-01   0.148800E+01   0.197513E+00   0.292884E+00   0.292885E+00
 0.307480E-01   0.148800E+01   0.197512E+00   0.292884E+00   0.292885E+00
 0.412300E-01   0.148799E+01   0.197510E+00   0.292883E+00   0.292885E+00
 0.518559E-01   0.148799E+01   0.197509E+00   0.292883E+00   0.292885E+00
 0.620134E-01   0.148798E+01   0.197506E+00   0.292882E+00   0.292885E+00
 0.722139E-01   0.148798E+01   0.197504E+00   0.292881E+00   0.292885E+00
 0.833658E-01   0.148797E+01   0.197500E+00   0.292879E+00   0.292885E+00
 0.942360E-01   0.148796E+01   0.197497E+00   0.292878E+00   0.292885E+00
 0.104580E+00   0.148795E+01   0.197493E+00   0.292876E+00   0.292885E+00
 0.115578E+00   0.148794E+01   0.197488E+00   0.292874E+00   0.292885E+00
 0.125754E+00   0.148793E+01   0.197483E+00   0.292872E+00   0.292885E+00
 0.136448E+00   0.148792E+01   0.197478E+00   0.292870E+00   0.292885E+00
 0.147673E+00   0.148790E+01   0.197472E+00   0.292868E+00   0.292885E+00
 0.157720E+00   0.148789E+01   0.197466E+00   0.292865E+00   0.292885E+00
 0.168170E+00   0.148787E+01   0.197460E+00   0.292862E+00   0.292885E+00
 0.179021E+00   0.148785E+01   0.197452E+00   0.292859E+00   0.292885E+00
 0.190287E+00   0.148784E+01   0.197444E+00   0.292856E+00   0.292885E+00
 0.201966E+00   0.148782E+01   0.197436E+00   0.292853E+00   0.292885E+00
 0.212021E+00   0.148780E+01   0.197428E+00   0.292849E+00   0.292885E+00
 0.222369E+00   0.148778E+01   0.197419E+00   0.292846E+00   0.292885E+00
 0.233016E+00   0.148775E+01   0.197410E+00   0.292842E+00   0.292885E+00
 0.243965E+00   0.148773E+01   0.197400E+00   0.292838E+00   0.292885E+00
 0.255217E+00   0.148770E+01   0.197389E+00   0.292833E+00   0.292885E+00
 0.266777E+00   0.148768E+01   0.197377E+00   0.292829E+00   0.292885E+00
 0.278645E+00   0.148765E+01   0.197365E+00   0.292824E+00   0.292885E+00
 0.290825E+00   0.148762E+01   0.197352E+00   0.292818E+00   0.292885E+00
 0.303319E+00   0.148758E+01   0.197338E+00   0.292812E+00   0.292885E+00
 0.313542E+00   0.148755E+01   0.197326E+00   0.292807E+00   0.292885E+00
 0.323968E+00   0.148752E+01   0.197313E+00   0.292802E+00   0.292885E+00
 0.334600E+00   0.148749E+01   0.197299E+00   0.292797E+00   0.292885E+00
 0.345439E+00   0.148746E+01   0.197285E+00   0.292791E+00   0.292885E+00
 0.356487E+00   0.148742E+01   0.197270E+00   0.292785E+00   0.292885E+00
 0.367743E+00   0.148739E+01   0.197255E+00   0.292778E+00   0.292885E+00
 0.379209E+00   0.148735E+01   0.197238E+00   0.292771E+00   0.292885E+00
 0.390892E+00   0.148731E+01   0.197221E+00   0.292764E+00   0.292885E+00
 0.402785E+00   0.148726E+01   0.197203E+00   0.292757E+00   0.292885E+00
 0.414892E+00   0.148722E+01   0.197184E+00   0.292749E+00   0.292885E+00
 0.427217E+00   0.148717E+01   0.197164E+00   0.292741E+00   0.292885E+00
 0.439755E+00   0.148712E+01   0.197144E+00   0.292732E+00   0.292885E+00
 0.452514E+00   0.148707E+01   0.197122E+00   0.292723E+00   0.292885E+00
 0.465491E+00   0.148702E+01   0.197099E+00   0.292714E+00   0.292885E+00
 0.478689E+00   0.148696E+01   0.197075E+00   0.292704E+00   0.292885E+00
 0.488734E+00   0.148692E+01   0.197057E+00   0.292697E+00   0.292885E+00
 0.498906E+00   0.148687E+01   0.197037E+00   0.292689E+00   0.292885E+00
 0.509202E+00   0.148683E+01   0.197018E+00   0.292681E+00   0.292885E+00
 0.519626E+00   0.148678E+01   0.196997E+00   0.292672E+00   0.292885E+00
 0.530177E+00   0.148673E+01   0.196976E+00   0.292663E+00   0.292885E+00
 0.540856E+00   0.148667E+01   0.196954E+00   0.292654E+00   0.292885E+00
 0.551664E+00   0.148662E+01   0.196931E+00   0.292645E+00   0.292885E+00
 0.562598E+00   0.148657E+01   0.196908E+00   0.292635E+00   0.292885E+00
 0.573658E+00   0.148651E+01   0.196884E+00   0.292626E+00   0.292885E+00
 0.584848E+00   0.148645E+01   0.196859E+00   0.292615E+00   0.292885E+00
 0.596169E+00   0.148639E+01   0.196834E+00   0.292605E+00   0.292885E+00
 0.607621E+00   0.148633E+01   0.196807E+00   0.292594E+00   0.292885E+00
 0.619206E+00   0.148626E+01   0.196780E+00   0.292583E+00   0.292885E+00
 0.630916E+00   0.148620E+01   0.196752E+00   0.292571E+00   0.292885E+00
 0.642761E+00   0.148613E+01   0.196723E+00   0.292559E+00   0.292885E+00
 0.654739E+00   0.148606E+01   0.196694E+00   0.292547E+00   0.292885E+00
 0.666847E+00   0.148598E+01   0.196663E+00   0.292534E+00   0.292885E+00
 0.679087E+00   0.148591E+01   0.196632E+00   0.292521E+00   0.292885E+00
 0.691465E+00   0.148583E+01   0.196599E+00   0.292508E+00   0.292885E+00
 0.703975E+00   0.148575E+01   0.196566E+00   0.292494E+00   0.292885E+00
 0.716618E+00   0.148567E+01   0.196532E+00   0.292480E+00   0.292885E+00
 0.729396E+00   0.148559E+01   0.196496E+00   0.292466E+00   0.292885E+00
 0.742310E+00   0.148550E+01   0.196460E+00   0.292451E+00   0.292885E+00
 0.755362E+00   0.148541E+01   0.196423E+00   0.292435E+00   0.292885E+00
 0.768547E+00   0.148532E+01   0.196384E+00   0.292419E+00   0.292885E+00
 0.781869E+00   0.148523E+01   0.196345E+00   0.292403E+00   0.292885E+00
 0.795327E+00   0.148513E+01   0.196304E+00   0.292386E+00   0.292885E+00
 0.808925E+00   0.148503E+01   0.196263E+00   0.292369E+00   0.292885E+00
 0.822658E+00   0.148493E+01   0.196220E+00   0.292351E+00   0.292885E+00
 0.836532E+00   0.148483E+01   0.196176E+00   0.292333E+00   0.292885E+00
 0.850542E+00   0.148472E+01   0.196131E+00   0.292315E+00   0.292885E+00
 0.864691E+00   0.148461E+01   0.196085E+00   0.292296E+00   0.292885E+00
 0.878980E+00   0.148450E+01   0.196037E+00   0.292276E+00   0.292885E+00
 0.893408E+00   0.148438E+01   0.195988E+00   0.292256E+00   0.292885E+00
 0.907976E+00   0.148426E+01   0.195938E+00   0.292235E+00   0.292885E+00
 0.922685E+00   0.148414E+01   0.195887E+00   0.292214E+00   0.292885E+00
 0.937537E+00   0.148402E+01   0.195834E+00   0.292192E+00   0.292885E+00
 0.952528E+00   0.148389E+01   0.195780E+00   0.292170E+00   0.292885E+00
 0.962601E+00   0.148380E+01   0.195744E+00   0.292154E+00   0.292885E+00
 0.972734E+00   0.148371E+01   0.195706E+00   0.292139E+00   0.292885E+00
 0.982935E+00   0.148362E+01   0.195668E+00   0.292123E+00   0.292885E+00
 0.993198E+00   0.148353E+01   0.195629E+00   0.292107E+00   0.292885E+00
 0.100352E+01   0.148343E+01   0.195590E+00   0.292091E+00   0.292885E+00
 0.101391E+01   0.148334E+01   0.195550E+00   0.292074E+00   0.292885E+00
 0.102437E+01   0.148324E+01   0.195510E+00   0.292058E+00   0.292885E+00
 0.103488E+01   0.148314E+01   0.195468E+00   0.292041E+00   0.292885E+00
 0.104546E+01   0.148304E+01   0.195426E+00   0.292023E+00   0.292885E+00
 0.105611E+01   0.148294E+01   0.195384E+00   0.292006E+00   0.292885E+00
 0.106681E+01   0.148284E+01   0.195341E+00   0.291988E+00   0.292885E+00
 0.107759E+01   0.148274E+01   0.195297E+00   0.291969E+00   0.292885E+00
 0.108842E+01   0.148263E+01   0.195252E+00   0.291951E+00   0.292885E+00
 0.109933E+01   0.148252E+01   0.195206E+00   0.291932E+00   0.292885E+00
 0.111029E+01   0.148241E+01   0.195160E+00   0.291913E+00   0.292885E+00
 0.112132E+01   0.148230E+01   0.195113E+00   0.291893E+00   0.292885E+00
 0.113242E+01   0.148219E+01   0.195066E+00   0.291874E+00   0.292885E+00
 0.114358E+01   0.148207E+01   0.195018E+00   0.291854E+00   0.292885E+00
 0.115480E+01   0.148195E+01   0.194968E+00   0.291833E+00   0.292885E+00
 0.116610E+01   0.148183E+01   0.194919E+00   0.291813E+00   0.292885E+00
 0.117745E+01   0.148171E+01   0.194868E+00   0.291792E+00   0.292885E+00
 0.118888E+01   0.148159E+01   0.194817E+00   0.291770E+00   0.292885E+00
 0.120036E+01   0.148147E+01   0.194764E+00   0.291748E+00   0.292885E+00
 0.121192E+01   0.148134E+01   0.194711E+00   0.291726E+00   0.292885E+00
 0.122354E+01   0.148121E+01   0.194658E+00   0.291704E+00   0.292885E+00
 0.123522E+01   0.148108E+01   0.194603E+00   0.291681E+00   0.292885E+00
 0.124697E+01   0.148095E+01   0.194547E+00   0.291658E+00   0.292885E+00
 0.125878E+01   0.148081E+01   0.194491E+00   0.291635E+00   0.292885E+00
 0.127066E+01   0.148068E+01   0.194434E+00   0.291611E+00   0.292885E+00
 0.128261E+01   0.148054E+01   0.194376E+00   0.291587E+00   0.292885E+00
 0.129463E+01   0.148040E+01   0.194317E+00   0.291563E+00   0.292885E+00
 0.130670E+01   0.148026E+01   0.194258E+00   0.291538E+00   0.292885E+00
 0.131885E+01   0.148011E+01   0.194197E+00   0.291513E+00   0.292885E+00
 0.133106E+01   0.147997E+01   0.194136E+00   0.291487E+00   0.292885E+00
 0.134334E+01   0.147982E+01   0.194073E+00   0.291461E+00   0.292885E+00
 0.135569E+01   0.147966E+01   0.194010E+00   0.291435E+00   0.292885E+00
 0.136810E+01   0.147951E+01   0.193946E+00   0.291408E+00   0.292885E+00
 0.138057E+01   0.147936E+01   0.193881E+00   0.291381E+00   0.292885E+00
 0.139312E+01   0.147920E+01   0.193815E+00   0.291353E+00   0.292885E+00
 0.140574E+01   0.147904E+01   0.193748E+00   0.291326E+00   0.292885E+00
 0.141842E+01   0.147887E+01   0.193680E+00   0.291297E+00   0.292885E+00
 0.143116E+01   0.147871E+01   0.193611E+00   0.291268E+00   0.292885E+00
 0.144397E+01   0.147854E+01   0.193541E+00   0.291239E+00   0.292885E+00
 0.145685E+01   0.147837E+01   0.193470E+00   0.291210E+00   0.292885E+00
 0.146980E+01   0.147820E+01   0.193398E+00   0.291180E+00   0.292885E+00
 0.148281E+01   0.147803E+01   0.193326E+00   0.291149E+00   0.292885E+00
 0.149590E+01   0.147785E+01   0.193252E+00   0.291119E+00   0.292885E+00
 0.150905E+01   0.147767E+01   0.193177E+00   0.291087E+00   0.292885E+00
 0.152226E+01   0.147749E+01   0.193101E+00   0.291056E+00   0.292885E+00
 0.153555E+01   0.147730E+01   0.193024E+00   0.291024E+00   0.292885E+00
 0.154890E+01   0.147712E+01   0.192946E+00   0.290991E+00   0.292885E+00
 0.156233E+01   0.147693E+01   0.192867E+00   0.290958E+00   0.292885E+00
 0.157582E+01   0.147673E+01   0.192787E+00   0.290924E+00   0.292885E+00
 0.158938E+01   0.147654E+01   0.192706E+00   0.290890E+00   0.292885E+00
 0.160300E+01   0.147634E+01   0.192623E+00   0.290856E+00   0.292885E+00
 0.161669E+01   0.147614E+01   0.192540E+00   0.290821E+00   0.292885E+00
 0.163045E+01   0.147594E+01   0.192456E+00   0.290786E+00   0.292885E+00
 0.164429E+01   0.147573E+01   0.192370E+00   0.290750E+00   0.292885E+00
 0.165819E+01   0.147552E+01   0.192283E+00   0.290713E+00   0.292885E+00
 0.167215E+01   0.147531E+01   0.192195E+00   0.290677E+00   0.292885E+00
 0.168619E+01   0.147510E+01   0.192106E+00   0.290639E+00   0.292885E+00
 0.170029E+01   0.147488E+01   0.192016E+00   0.290601E+00   0.292885E+00
 0.171447E+01   0.147466E+01   0.191924E+00   0.290563E+00   0.292885E+00
 0.172871E+01   0.147444E+01   0.191832E+00   0.290524E+00   0.292885E+00
 0.174302E+01   0.147421E+01   0.191738E+00   0.290485E+00   0.292885E+00
 0.175739E+01   0.147398E+01   0.191643E+00   0.290445E+00   0.292885E+00
 0.177184E+01   0.147375E+01   0.191547E+00   0.290404E+00   0.292885E+00
 0.178636E+01   0.147352E+01   0.191449E+00   0.290364E+00   0.292885E+00
 0.180094E+01   0.147328E+01   0.191351E+00   0.290322E+00   0.292885E+00
 0.181560E+01   0.147304E+01   0.191251E+00   0.290280E+00   0.292885E+00
 0.183032E+01   0.147279E+01   0.191150E+00   0.290237E+00   0.292885E+00
 0.184511E+01   0.147255E+01   0.191047E+00   0.290194E+00   0.292885E+00
 0.185997E+01   0.147230E+01   0.190944E+00   0.290151E+00   0.292885E+00
 0.187490E+01   0.147204E+01   0.190838E+00   0.290106E+00   0.292885E+00
 0.188990E+01   0.147179E+01   0.190732E+00   0.290062E+00   0.292885E+00
 0.190497E+01   0.147153E+01   0.190624E+00   0.290016E+00   0.292885E+00
 0.192011E+01   0.147126E+01   0.190515E+00   0.289970E+00   0.292885E+00
 0.193532E+01   0.147100E+01   0.190405E+00   0.289924E+00   0.292885E+00
 0.195059E+01   0.147073E+01   0.190294E+00   0.289877E+00   0.292885E+00
 0.196594E+01   0.147045E+01   0.190180E+00   0.289829E+00   0.292885E+00
 0.198135E+01   0.147018E+01   0.190066E+00   0.289781E+00   0.292885E+00
 0.199684E+01   0.146990E+01   0.189950E+00   0.289732E+00   0.292885E+00
 0.201239E+01   0.146961E+01   0.189833E+00   0.289682E+00   0.292885E+00
 0.202801E+01   0.146932E+01   0.189715E+00   0.289632E+00   0.292885E+00
 0.204371E+01   0.146903E+01   0.189595E+00   0.289581E+00   0.292885E+00
 0.205947E+01   0.146874E+01   0.189473E+00   0.289530E+00   0.292885E+00
 0.207531E+01   0.146844E+01   0.189350E+00   0.289478E+00   0.292885E+00
 0.209121E+01   0.146814E+01   0.189226E+00   0.289425E+00   0.292885E+00
 0.210718E+01   0.146783E+01   0.189100E+00   0.289372E+00   0.292885E+00
 0.212323E+01   0.146753E+01   0.188973E+00   0.289318E+00   0.292885E+00
 0.213933E+01   0.146721E+01   0.188844E+00   0.289263E+00   0.292885E+00
 0.215552E+01   0.146690E+01   0.188714E+00   0.289208E+00   0.292885E+00
 0.217177E+01   0.146658E+01   0.188582E+00   0.289152E+00   0.292885E+00
 0.218809E+01   0.146625E+01   0.188449E+00   0.289095E+00   0.292885E+00
 0.220448E+01   0.146592E+01   0.188314E+00   0.289038E+00   0.292885E+00
 0.222095E+01   0.146559E+01   0.188178E+00   0.288980E+00   0.292885E+00
 0.223748E+01   0.146526E+01   0.188040E+00   0.288921E+00   0.292885E+00
 0.225409E+01   0.146492E+01   0.187901E+00   0.288862E+00   0.292885E+00
 0.227076E+01   0.146457E+01   0.187760E+00   0.288802E+00   0.292885E+00
 0.228750E+01   0.146422E+01   0.187617E+00   0.288741E+00   0.292885E+00
 0.230432E+01   0.146387E+01   0.187473E+00   0.288680E+00   0.292885E+00
 0.232120E+01   0.146352E+01   0.187327E+00   0.288617E+00   0.292885E+00
 0.233815E+01   0.146316E+01   0.187180E+00   0.288554E+00   0.292885E+00
 0.235517E+01   0.146279E+01   0.187031E+00   0.288491E+00   0.292885E+00
 0.237227E+01   0.146242E+01   0.186880E+00   0.288426E+00   0.292885E+00
 0.238943E+01   0.146205E+01   0.186728E+00   0.288361E+00   0.292885E+00
 0.240666E+01   0.146167E+01   0.186574E+00   0.288295E+00   0.292885E+00
 0.242397E+01   0.146129E+01   0.186418E+00   0.288228E+00   0.292885E+00
 0.244134E+01   0.146091E+01   0.186260E+00   0.288161E+00   0.292885E+00
 0.245878E+01   0.146052E+01   0.186101E+00   0.288093E+00   0.292885E+00
 0.247629E+01   0.146012E+01   0.185941E+00   0.288024E+00   0.292885E+00
 0.249388E+01   0.145972E+01   0.185778E+00   0.287954E+00   0.292885E+00
 0.251153E+01   0.145932E+01   0.185614E+00   0.287883E+00   0.292885E+00
 0.252926E+01   0.145891E+01   0.185448E+00   0.287812E+00   0.292885E+00
 0.254705E+01   0.145850E+01   0.185280E+00   0.287740E+00   0.292885E+00
 0.256492E+01   0.145808E+01   0.185110E+00   0.287667E+00   0.292885E+00
 0.258285E+01   0.145766E+01   0.184939E+00   0.287593E+00   0.292885E+00
 0.260086E+01   0.145724E+01   0.184766E+00   0.287519E+00   0.292885E+00
 0.261893E+01   0.145681E+01   0.184591E+00   0.287443E+00   0.292885E+00
 0.263708E+01   0.145637E+01   0.184414E+00   0.287367E+00   0.292885E+00
 0.265529E+01   0.145593E+01   0.184236E+00   0.287290E+00   0.292885E+00
 0.267357E+01   0.145548E+01   0.184055E+00   0.287212E+00   0.292885E+00
 0.269193E+01   0.145503E+01   0.183873E+00   0.287133E+00   0.292885E+00
 0.271035E+01   0.145458E+01   0.183689E+00   0.287053E+00   0.292885E+00
 0.272885E+01   0.145412E+01   0.183503E+00   0.286973E+00   0.292885E+00
 0.274741E+01   0.145366E+01   0.183315E+00   0.286891E+00   0.292885E+00
 0.276605E+01   0.145319E+01   0.183125E+00   0.286809E+00   0.292885E+00
 0.278475E+01   0.145271E+01   0.182933E+00   0.286726E+00   0.292885E+00
 0.280353E+01   0.145223E+01   0.182740E+00   0.286642E+00   0.292885E+00
 0.282238E+01   0.145175E+01   0.182544E+00   0.286557E+00   0.292885E+00
 0.284129E+01   0.145126E+01   0.182347E+00   0.286471E+00   0.292885E+00
 0.286028E+01   0.145076E+01   0.182147E+00   0.286384E+00   0.292885E+00
 0.287933E+01   0.145026E+01   0.181946E+00   0.286296E+00   0.292885E+00
 0.289846E+01   0.144976E+01   0.181743E+00   0.286207E+00   0.292885E+00
 0.291765E+01   0.144924E+01   0.181537E+00   0.286118E+00   0.292885E+00
 0.293692E+01   0.144873E+01   0.181330E+00   0.286027E+00   0.292885E+00
 0.295638E+01   0.144820E+01   0.181119E+00   0.285935E+00   0.292885E+00
 0.297578E+01   0.144768E+01   0.180908E+00   0.285842E+00   0.292885E+00
 0.299526E+01   0.144714E+01   0.180694E+00   0.285749E+00   0.292885E+00
 0.301481E+01   0.144661E+01   0.180479E+00   0.285654E+00   0.292885E+00
 0.303443E+01   0.144606E+01   0.180261E+00   0.285559E+00   0.292885E+00
 0.305412E+01   0.144551E+01   0.180041E+00   0.285463E+00   0.292885E+00
 0.307388E+01   0.144496E+01   0.179820E+00   0.285365E+00   0.292885E+00
 0.309370E+01   0.144440E+01   0.179596E+00   0.285267E+00   0.292885E+00
 0.311360E+01   0.144383E+01   0.179370E+00   0.285167E+00   0.292885E+00
 0.313357E+01   0.144326E+01   0.179142E+00   0.285067E+00   0.292885E+00
 0.314357E+01   0.144297E+01   0.179027E+00   0.285016E+00   0.292885E+00
 0.315360E+01   0.144268E+01   0.178912E+00   0.284965E+00   0.292885E+00
 0.316364E+01   0.144239E+01   0.178796E+00   0.284914E+00   0.292885E+00
 0.317370E+01   0.144210E+01   0.178679E+00   0.284863E+00   0.292885E+00
 0.318378E+01   0.144180E+01   0.178563E+00   0.284811E+00   0.292885E+00
 0.319388E+01   0.144151E+01   0.178445E+00   0.284759E+00   0.292885E+00
 0.320399E+01   0.144121E+01   0.178327E+00   0.284707E+00   0.292885E+00
 0.321413E+01   0.144091E+01   0.178208E+00   0.284654E+00   0.292885E+00
 0.322427E+01   0.144061E+01   0.178089E+00   0.284602E+00   0.292885E+00
 0.323444E+01   0.144031E+01   0.177970E+00   0.284549E+00   0.292885E+00
 0.324462E+01   0.144001E+01   0.177850E+00   0.284496E+00   0.292885E+00
 0.325482E+01   0.143971E+01   0.177729E+00   0.284442E+00   0.292885E+00
 0.326503E+01   0.143940E+01   0.177608E+00   0.284388E+00   0.292885E+00
 0.327527E+01   0.143909E+01   0.177486E+00   0.284334E+00   0.292885E+00
 0.328552E+01   0.143878E+01   0.177363E+00   0.284280E+00   0.292885E+00
 0.329579E+01   0.143847E+01   0.177241E+00   0.284225E+00   0.292885E+00
 0.330608E+01   0.143816E+01   0.177117E+00   0.284170E+00   0.292885E+00
 0.331638E+01   0.143785E+01   0.176993E+00   0.284115E+00   0.292885E+00
 0.332670E+01   0.143753E+01   0.176868E+00   0.284060E+00   0.292885E+00
 0.333704E+01   0.143722E+01   0.176743E+00   0.284004E+00   0.292885E+00
 0.334739E+01   0.143690E+01   0.176618E+00   0.283948E+00   0.292885E+00
 0.335776E+01   0.143658E+01   0.176492E+00   0.283892E+00   0.292885E+00
 0.336815E+01   0.143626E+01   0.176365E+00   0.283835E+00   0.292885E+00
 0.337856E+01   0.143593E+01   0.176237E+00   0.283779E+00   0.292885E+00
 0.338898E+01   0.143561E+01   0.176109E+00   0.283722E+00   0.292885E+00
 0.339942E+01   0.143528E+01   0.175981E+00   0.283664E+00   0.292885E+00
 0.340988E+01   0.143496E+01   0.175852E+00   0.283607E+00   0.292885E+00
 0.342035E+01   0.143463E+01   0.175722E+00   0.283549E+00   0.292885E+00
 0.343084E+01   0.143430E+01   0.175592E+00   0.283490E+00   0.292885E+00
 0.344135E+01   0.143397E+01   0.175462E+00   0.283432E+00   0.292885E+00
 0.345187E+01   0.143363E+01   0.175330E+00   0.283373E+00   0.292885E+00
 0.346242E+01   0.143330E+01   0.175198E+00   0.283314E+00   0.292885E+00
 0.347298E+01   0.143296E+01   0.175066E+00   0.283255E+00   0.292885E+00
 0.348356E+01   0.143262E+01   0.174933E+00   0.283195E+00   0.292885E+00
 0.349415E+01   0.143228E+01   0.174800E+00   0.283135E+00   0.292885E+00
 0.350476E+01   0.143194E+01   0.174665E+00   0.283075E+00   0.292885E+00
 0.351539E+01   0.143160E+01   0.174531E+00   0.283014E+00   0.292885E+00
 0.352604E+01   0.143125E+01   0.174395E+00   0.282954E+00   0.292885E+00
 0.353670E+01   0.143090E+01   0.174260E+00   0.282893E+00   0.292885E+00
 0.354738E+01   0.143056E+01   0.174123E+00   0.282831E+00   0.292885E+00
 0.355807E+01   0.143021E+01   0.173986E+00   0.282769E+00   0.292885E+00
 0.356879E+01   0.142985E+01   0.173848E+00   0.282707E+00   0.292885E+00
 0.357952E+01   0.142950E+01   0.173710E+00   0.282645E+00   0.292885E+00
 0.359026E+01   0.142915E+01   0.173572E+00   0.282583E+00   0.292885E+00
 0.360103E+01   0.142879E+01   0.173432E+00   0.282520E+00   0.292885E+00
 0.361181E+01   0.142843E+01   0.173292E+00   0.282457E+00   0.292885E+00
 0.362260E+01   0.142807E+01   0.173152E+00   0.282393E+00   0.292885E+00
 0.363342E+01   0.142771E+01   0.173011E+00   0.282329E+00   0.292885E+00
 0.364425E+01   0.142735E+01   0.172869E+00   0.282265E+00   0.292885E+00
 0.365510E+01   0.142698E+01   0.172727E+00   0.282201E+00   0.292885E+00
 0.366596E+01   0.142661E+01   0.172584E+00   0.282136E+00   0.292885E+00
 0.367685E+01   0.142625E+01   0.172440E+00   0.282071E+00   0.292885E+00
 0.368774E+01   0.142587E+01   0.172296E+00   0.282006E+00   0.292885E+00
 0.369866E+01   0.142550E+01   0.172152E+00   0.281940E+00   0.292885E+00
 0.370959E+01   0.142513E+01   0.172007E+00   0.281874E+00   0.292885E+00
 0.372054E+01   0.142475E+01   0.171861E+00   0.281808E+00   0.292885E+00
 0.373151E+01   0.142438E+01   0.171714E+00   0.281741E+00   0.292885E+00
 0.374249E+01   0.142400E+01   0.171567E+00   0.281674E+00   0.292885E+00
 0.375349E+01   0.142362E+01   0.171420E+00   0.281607E+00   0.292885E+00
 0.376451E+01   0.142324E+01   0.171271E+00   0.281540E+00   0.292885E+00
 0.377554E+01   0.142285E+01   0.171123E+00   0.281472E+00   0.292885E+00
 0.378659E+01   0.142246E+01   0.170973E+00   0.281404E+00   0.292885E+00
 0.379766E+01   0.142208E+01   0.170823E+00   0.281335E+00   0.292885E+00
 0.380874E+01   0.142169E+01   0.170673E+00   0.281267E+00   0.292885E+00
 0.381984E+01   0.142130E+01   0.170521E+00   0.281197E+00   0.292885E+00
 0.383096E+01   0.142090E+01   0.170370E+00   0.281128E+00   0.292885E+00
 0.384209E+01   0.142051E+01   0.170217E+00   0.281058E+00   0.292885E+00
 0.385324E+01   0.142011E+01   0.170064E+00   0.280988E+00   0.292885E+00
 0.386451E+01   0.141971E+01   0.169909E+00   0.280917E+00   0.292885E+00
 0.387570E+01   0.141931E+01   0.169755E+00   0.280846E+00   0.292885E+00
 0.388691E+01   0.141891E+01   0.169600E+00   0.280775E+00   0.292885E+00
 0.389814E+01   0.141850E+01   0.169444E+00   0.280704E+00   0.292885E+00
 0.390938E+01   0.141810E+01   0.169288E+00   0.280632E+00   0.292885E+00
 0.392063E+01   0.141769E+01   0.169131E+00   0.280560E+00   0.292885E+00
 0.393191E+01   0.141728E+01   0.168974E+00   0.280488E+00   0.292885E+00
 0.394320E+01   0.141687E+01   0.168816E+00   0.280415E+00   0.292885E+00
 0.395450E+01   0.141646E+01   0.168657E+00   0.280342E+00   0.292885E+00
 0.396583E+01   0.141604E+01   0.168498E+00   0.280268E+00   0.292885E+00
 0.397717E+01   0.141562E+01   0.168338E+00   0.280195E+00   0.292885E+00
 0.398852E+01   0.141520E+01   0.168177E+00   0.280120E+00   0.292885E+00
 0.399990E+01   0.141478E+01   0.168016E+00   0.280046E+00   0.292885E+00
 0.401129E+01   0.141436E+01   0.167855E+00   0.279971E+00   0.292885E+00
 0.402269E+01   0.141394E+01   0.167692E+00   0.279896E+00   0.292885E+00
 0.403411E+01   0.141351E+01   0.167529E+00   0.279821E+00   0.292885E+00
 0.404555E+01   0.141308E+01   0.167366E+00   0.279745E+00   0.292885E+00
 0.405701E+01   0.141265E+01   0.167201E+00   0.279669E+00   0.292885E+00
 0.406848E+01   0.141222E+01   0.167036E+00   0.279592E+00   0.292885E+00
 0.407997E+01   0.141179E+01   0.166871E+00   0.279515E+00   0.292885E+00
 0.409148E+01   0.141135E+01   0.166705E+00   0.279438E+00   0.292885E+00
 0.410300E+01   0.141091E+01   0.166538E+00   0.279361E+00   0.292885E+00
 0.411453E+01   0.141047E+01   0.166371E+00   0.279283E+00   0.292885E+00
 0.412608E+01   0.141003E+01   0.166203E+00   0.279205E+00   0.292885E+00
 0.413765E+01   0.140959E+01   0.166034E+00   0.279126E+00   0.292885E+00
 0.414924E+01   0.140914E+01   0.165865E+00   0.279047E+00   0.292885E+00
 0.416084E+01   0.140869E+01   0.165695E+00   0.278968E+00   0.292885E+00
 0.417246E+01   0.140824E+01   0.165525E+00   0.278888E+00   0.292885E+00
 0.418409E+01   0.140779E+01   0.165353E+00   0.278808E+00   0.292885E+00
 0.419575E+01   0.140734E+01   0.165182E+00   0.278728E+00   0.292885E+00
 0.420742E+01   0.140688E+01   0.165009E+00   0.278647E+00   0.292885E+00
 0.421909E+01   0.140643E+01   0.164836E+00   0.278566E+00   0.292885E+00
 0.423080E+01   0.140597E+01   0.164663E+00   0.278484E+00   0.292885E+00
 0.424251E+01   0.140551E+01   0.164488E+00   0.278403E+00   0.292885E+00
 0.425424E+01   0.140504E+01   0.164313E+00   0.278320E+00   0.292885E+00
 0.426599E+01   0.140458E+01   0.164138E+00   0.278238E+00   0.292885E+00
 0.427775E+01   0.140411E+01   0.163962E+00   0.278155E+00   0.292885E+00
 0.428953E+01   0.140364E+01   0.163785E+00   0.278072E+00   0.292885E+00
 0.430133E+01   0.140317E+01   0.163607E+00   0.277988E+00   0.292885E+00
 0.431314E+01   0.140270E+01   0.163429E+00   0.277904E+00   0.292885E+00
 0.432497E+01   0.140222E+01   0.163250E+00   0.277820E+00   0.292885E+00
 0.433681E+01   0.140174E+01   0.163071E+00   0.277735E+00   0.292885E+00
 0.434867E+01   0.140126E+01   0.162891E+00   0.277650E+00   0.292885E+00
 0.436054E+01   0.140078E+01   0.162710E+00   0.277564E+00   0.292885E+00
 0.437243E+01   0.140030E+01   0.162529E+00   0.277478E+00   0.292885E+00
 0.438434E+01   0.139981E+01   0.162347E+00   0.277392E+00   0.292885E+00
 0.439626E+01   0.139932E+01   0.162165E+00   0.277306E+00   0.292885E+00
 0.440820E+01   0.139883E+01   0.161981E+00   0.277219E+00   0.292885E+00
 0.442015E+01   0.139834E+01   0.161797E+00   0.277131E+00   0.292885E+00
 0.443212E+01   0.139785E+01   0.161613E+00   0.277043E+00   0.292885E+00
 0.444411E+01   0.139735E+01   0.161428E+00   0.276955E+00   0.292885E+00
 0.445611E+01   0.139685E+01   0.161242E+00   0.276867E+00   0.292885E+00
 0.446812E+01   0.139635E+01   0.161056E+00   0.276778E+00   0.292885E+00
 0.448015E+01   0.139585E+01   0.160869E+00   0.276689E+00   0.292885E+00
 0.449220E+01   0.139535E+01   0.160681E+00   0.276599E+00   0.292885E+00
 0.450427E+01   0.139484E+01   0.160492E+00   0.276509E+00   0.292885E+00
 0.451635E+01   0.139433E+01   0.160303E+00   0.276418E+00   0.292885E+00
 0.452844E+01   0.139382E+01   0.160114E+00   0.276327E+00   0.292885E+00
 0.454055E+01   0.139331E+01   0.159923E+00   0.276236E+00   0.292885E+00
 0.455268E+01   0.139279E+01   0.159732E+00   0.276145E+00   0.292885E+00
 0.456482E+01   0.139227E+01   0.159541E+00   0.276052E+00   0.292885E+00
 0.457698E+01   0.139175E+01   0.159348E+00   0.275960E+00   0.292885E+00
 0.458912E+01   0.139123E+01   0.159156E+00   0.275867E+00   0.292885E+00
 0.460133E+01   0.139071E+01   0.158962E+00   0.275774E+00   0.292885E+00
 0.461355E+01   0.139018E+01   0.158768E+00   0.275680E+00   0.292885E+00
 0.462579E+01   0.138965E+01   0.158573E+00   0.275586E+00   0.292885E+00
 0.463804E+01   0.138912E+01   0.158377E+00   0.275492E+00   0.292885E+00
 0.465030E+01   0.138859E+01   0.158180E+00   0.275397E+00   0.292885E+00
 0.466258E+01   0.138805E+01   0.157983E+00   0.275301E+00   0.292885E+00
 0.467488E+01   0.138752E+01   0.157786E+00   0.275206E+00   0.292885E+00
 0.468720E+01   0.138698E+01   0.157587E+00   0.275109E+00   0.292885E+00
 0.469953E+01   0.138643E+01   0.157388E+00   0.275013E+00   0.292885E+00
 0.471187E+01   0.138589E+01   0.157189E+00   0.274916E+00   0.292885E+00
 0.472423E+01   0.138534E+01   0.156988E+00   0.274818E+00   0.292885E+00
 0.473660E+01   0.138479E+01   0.156787E+00   0.274721E+00   0.292885E+00
 0.474899E+01   0.138424E+01   0.156586E+00   0.274622E+00   0.292885E+00
 0.476140E+01   0.138369E+01   0.156383E+00   0.274524E+00   0.292885E+00
 0.477382E+01   0.138313E+01   0.156180E+00   0.274425E+00   0.292885E+00
 0.478625E+01   0.138257E+01   0.155977E+00   0.274325E+00   0.292885E+00
 0.479870E+01   0.138201E+01   0.155772E+00   0.274225E+00   0.292885E+00
 0.481117E+01   0.138145E+01   0.155568E+00   0.274125E+00   0.292885E+00
 0.482365E+01   0.138089E+01   0.155362E+00   0.274024E+00   0.292885E+00
 0.483614E+01   0.138032E+01   0.155156E+00   0.273923E+00   0.292885E+00
 0.484865E+01   0.137975E+01   0.154949E+00   0.273821E+00   0.292885E+00
 0.486118E+01   0.137918E+01   0.154741E+00   0.273719E+00   0.292885E+00
 0.487372E+01   0.137860E+01   0.154533E+00   0.273617E+00   0.292885E+00
 0.488627E+01   0.137803E+01   0.154324E+00   0.273514E+00   0.292885E+00
 0.489884E+01   0.137745E+01   0.154115E+00   0.273411E+00   0.292885E+00
 0.491142E+01   0.137687E+01   0.153905E+00   0.273307E+00   0.292885E+00
 0.492402E+01   0.137628E+01   0.153694E+00   0.273203E+00   0.292885E+00
 0.493663E+01   0.137570E+01   0.153483E+00   0.273098E+00   0.292885E+00
 0.494926E+01   0.137511E+01   0.153271E+00   0.272993E+00   0.292885E+00
 0.496191E+01   0.137452E+01   0.153058E+00   0.272888E+00   0.292885E+00
 0.497456E+01   0.137393E+01   0.152845E+00   0.272782E+00   0.292885E+00
 0.498724E+01   0.137333E+01   0.152631E+00   0.272675E+00   0.292885E+00
 0.499992E+01   0.137274E+01   0.152416E+00   0.272569E+00   0.292885E+00
 0.501262E+01   0.137214E+01   0.152201E+00   0.272461E+00   0.292885E+00
 0.502534E+01   0.137153E+01   0.151985E+00   0.272354E+00   0.292885E+00
 0.503807E+01   0.137093E+01   0.151768E+00   0.272246E+00   0.292885E+00
 0.505081E+01   0.137032E+01   0.151551E+00   0.272137E+00   0.292885E+00
 0.506357E+01   0.136971E+01   0.151333E+00   0.272028E+00   0.292885E+00
 0.507635E+01   0.136910E+01   0.151114E+00   0.271919E+00   0.292885E+00
 0.508914E+01   0.136849E+01   0.150895E+00   0.271809E+00   0.292885E+00
 0.510194E+01   0.136787E+01   0.150675E+00   0.271699E+00   0.292885E+00
 0.511475E+01   0.136725E+01   0.150455E+00   0.271588E+00   0.292885E+00
 0.512759E+01   0.136663E+01   0.150233E+00   0.271476E+00   0.292885E+00
 0.514043E+01   0.136600E+01   0.150012E+00   0.271365E+00   0.292885E+00
 0.515329E+01   0.136538E+01   0.149789E+00   0.271253E+00   0.292885E+00
 0.516617E+01   0.136475E+01   0.149566E+00   0.271140E+00   0.292885E+00
 0.517905E+01   0.136412E+01   0.149342E+00   0.271027E+00   0.292885E+00
 0.519196E+01   0.136348E+01   0.149118E+00   0.270913E+00   0.292885E+00
 0.520525E+01   0.136283E+01   0.148886E+00   0.270796E+00   0.292885E+00
 0.521821E+01   0.136219E+01   0.148660E+00   0.270681E+00   0.292885E+00
 0.523119E+01   0.136154E+01   0.148433E+00   0.270566E+00   0.292885E+00
 0.524417E+01   0.136090E+01   0.148206E+00   0.270451E+00   0.292885E+00
 0.525718E+01   0.136025E+01   0.147977E+00   0.270334E+00   0.292885E+00
 0.527019E+01   0.135960E+01   0.147749E+00   0.270218E+00   0.292885E+00
 0.528322E+01   0.135895E+01   0.147519E+00   0.270101E+00   0.292885E+00
 0.529627E+01   0.135829E+01   0.147289E+00   0.269983E+00   0.292885E+00
 0.530933E+01   0.135763E+01   0.147058E+00   0.269865E+00   0.292885E+00
 0.532240E+01   0.135697E+01   0.146827E+00   0.269747E+00   0.292885E+00
 0.533549E+01   0.135631E+01   0.146595E+00   0.269628E+00   0.292885E+00
 0.534859E+01   0.135565E+01   0.146362E+00   0.269508E+00   0.292885E+00
 0.536170E+01   0.135498E+01   0.146129E+00   0.269388E+00   0.292885E+00
 0.537483E+01   0.135431E+01   0.145895E+00   0.269268E+00   0.292885E+00
 0.538797E+01   0.135363E+01   0.145660E+00   0.269147E+00   0.292885E+00
 0.540113E+01   0.135296E+01   0.145425E+00   0.269026E+00   0.292885E+00
 0.541430E+01   0.135228E+01   0.145189E+00   0.268904E+00   0.292885E+00
 0.542748E+01   0.135160E+01   0.144952E+00   0.268782E+00   0.292885E+00
 0.544067E+01   0.135091E+01   0.144715E+00   0.268659E+00   0.292885E+00
 0.545389E+01   0.135023E+01   0.144477E+00   0.268535E+00   0.292885E+00
 0.546711E+01   0.134954E+01   0.144239E+00   0.268412E+00   0.292885E+00
 0.548034E+01   0.134885E+01   0.144000E+00   0.268287E+00   0.292885E+00
 0.549359E+01   0.134815E+01   0.143760E+00   0.268163E+00   0.292885E+00
 0.550686E+01   0.134745E+01   0.143520E+00   0.268037E+00   0.292885E+00
 0.552013E+01   0.134676E+01   0.143279E+00   0.267911E+00   0.292885E+00
 0.553342E+01   0.134605E+01   0.143037E+00   0.267785E+00   0.292885E+00
 0.554672E+01   0.134535E+01   0.142795E+00   0.267658E+00   0.292885E+00
 0.556004E+01   0.134464E+01   0.142552E+00   0.267531E+00   0.292885E+00
 0.557337E+01   0.134393E+01   0.142309E+00   0.267403E+00   0.292885E+00
 0.558671E+01   0.134322E+01   0.142064E+00   0.267275E+00   0.292885E+00
 0.560006E+01   0.134250E+01   0.141820E+00   0.267146E+00   0.292885E+00
 0.561343E+01   0.134178E+01   0.141574E+00   0.267017E+00   0.292885E+00
 0.562681E+01   0.134106E+01   0.141328E+00   0.266887E+00   0.292885E+00
 0.564020E+01   0.134034E+01   0.141082E+00   0.266757E+00   0.292885E+00
 0.565361E+01   0.133961E+01   0.140835E+00   0.266626E+00   0.292885E+00
 0.566703E+01   0.133888E+01   0.140587E+00   0.266495E+00   0.292885E+00
 0.568046E+01   0.133815E+01   0.140338E+00   0.266363E+00   0.292885E+00
 0.569390E+01   0.133742E+01   0.140089E+00   0.266231E+00   0.292885E+00
 0.570736E+01   0.133668E+01   0.139839E+00   0.266098E+00   0.292885E+00
 0.572083E+01   0.133594E+01   0.139589E+00   0.265964E+00   0.292885E+00
 0.573349E+01   0.133524E+01   0.139354E+00   0.265839E+00   0.292885E+00
 0.574704E+01   0.133449E+01   0.139101E+00   0.265704E+00   0.292885E+00
 0.576059E+01   0.133374E+01   0.138848E+00   0.265568E+00   0.292885E+00
 0.577416E+01   0.133299E+01   0.138594E+00   0.265432E+00   0.292885E+00
 0.578773E+01   0.133223E+01   0.138340E+00   0.265296E+00   0.292885E+00
 0.580133E+01   0.133147E+01   0.138085E+00   0.265159E+00   0.292885E+00
 0.581493E+01   0.133071E+01   0.137830E+00   0.265022E+00   0.292885E+00
 0.582854E+01   0.132995E+01   0.137574E+00   0.264884E+00   0.292885E+00
 0.584217E+01   0.132918E+01   0.137317E+00   0.264745E+00   0.292885E+00
 0.585581E+01   0.132841E+01   0.137060E+00   0.264606E+00   0.292885E+00
 0.586946E+01   0.132764E+01   0.136802E+00   0.264466E+00   0.292885E+00
 0.588313E+01   0.132686E+01   0.136543E+00   0.264326E+00   0.292885E+00
 0.589680E+01   0.132608E+01   0.136284E+00   0.264185E+00   0.292885E+00
 0.591049E+01   0.132530E+01   0.136025E+00   0.264044E+00   0.292885E+00
 0.592419E+01   0.132451E+01   0.135764E+00   0.263902E+00   0.292885E+00
 0.593791E+01   0.132373E+01   0.135503E+00   0.263760E+00   0.292885E+00
 0.595163E+01   0.132294E+01   0.135242E+00   0.263617E+00   0.292885E+00
 0.596537E+01   0.132214E+01   0.134980E+00   0.263474E+00   0.292885E+00
 0.597911E+01   0.132135E+01   0.134717E+00   0.263330E+00   0.292885E+00
 0.599287E+01   0.132055E+01   0.134454E+00   0.263185E+00   0.292885E+00
 0.600664E+01   0.131975E+01   0.134190E+00   0.263040E+00   0.292885E+00
 0.602043E+01   0.131894E+01   0.133926E+00   0.262894E+00   0.292885E+00
 0.603422E+01   0.131813E+01   0.133661E+00   0.262748E+00   0.292885E+00
 0.604802E+01   0.131732E+01   0.133395E+00   0.262602E+00   0.292885E+00
 0.606184E+01   0.131651E+01   0.133129E+00   0.262454E+00   0.292885E+00
 0.607566E+01   0.131569E+01   0.132862E+00   0.262306E+00   0.292885E+00
 0.608950E+01   0.131487E+01   0.132595E+00   0.262158E+00   0.292885E+00
 0.610335E+01   0.131405E+01   0.132327E+00   0.262009E+00   0.292885E+00
 0.611721E+01   0.131323E+01   0.132059E+00   0.261860E+00   0.292885E+00
 0.613108E+01   0.131240E+01   0.131790E+00   0.261709E+00   0.292885E+00
 0.614496E+01   0.131157E+01   0.131520E+00   0.261559E+00   0.292885E+00
 0.615886E+01   0.131073E+01   0.131250E+00   0.261408E+00   0.292885E+00
 0.617276E+01   0.130989E+01   0.130979E+00   0.261256E+00   0.292885E+00
 0.618668E+01   0.130905E+01   0.130708E+00   0.261103E+00   0.292885E+00
 0.620060E+01   0.130821E+01   0.130436E+00   0.260951E+00   0.292885E+00
 0.621499E+01   0.130734E+01   0.130155E+00   0.260792E+00   0.292885E+00
 0.622901E+01   0.130648E+01   0.129881E+00   0.260637E+00   0.292885E+00
 0.624303E+01   0.130563E+01   0.129606E+00   0.260482E+00   0.292885E+00
 0.625707E+01   0.130477E+01   0.129331E+00   0.260326E+00   0.292885E+00
 0.627112E+01   0.130390E+01   0.129055E+00   0.260169E+00   0.292885E+00
 0.628518E+01   0.130304E+01   0.128778E+00   0.260012E+00   0.292885E+00
 0.629925E+01   0.130217E+01   0.128501E+00   0.259854E+00   0.292885E+00
 0.631333E+01   0.130130E+01   0.128223E+00   0.259696E+00   0.292885E+00
 0.632742E+01   0.130042E+01   0.127945E+00   0.259537E+00   0.292885E+00
 0.634152E+01   0.129955E+01   0.127667E+00   0.259377E+00   0.292885E+00
 0.635563E+01   0.129866E+01   0.127387E+00   0.259217E+00   0.292885E+00
 0.636975E+01   0.129778E+01   0.127108E+00   0.259056E+00   0.292885E+00
 0.638388E+01   0.129689E+01   0.126827E+00   0.258895E+00   0.292885E+00
 0.639802E+01   0.129600E+01   0.126547E+00   0.258733E+00   0.292885E+00
 0.641217E+01   0.129511E+01   0.126265E+00   0.258570E+00   0.292885E+00
 0.642633E+01   0.129421E+01   0.125983E+00   0.258407E+00   0.292885E+00
 0.644050E+01   0.129331E+01   0.125701E+00   0.258244E+00   0.292885E+00
 0.645468E+01   0.129241E+01   0.125418E+00   0.258079E+00   0.292885E+00
 0.646886E+01   0.129150E+01   0.125135E+00   0.257914E+00   0.292885E+00
 0.648306E+01   0.129059E+01   0.124851E+00   0.257749E+00   0.292885E+00
 0.649727E+01   0.128968E+01   0.124566E+00   0.257583E+00   0.292885E+00
 0.651148E+01   0.128877E+01   0.124281E+00   0.257416E+00   0.292885E+00
 0.652571E+01   0.128785E+01   0.123996E+00   0.257248E+00   0.292885E+00
 0.653994E+01   0.128693E+01   0.123710E+00   0.257080E+00   0.292885E+00
 0.655419E+01   0.128600E+01   0.123424E+00   0.256912E+00   0.292885E+00
 0.656844E+01   0.128507E+01   0.123137E+00   0.256743E+00   0.292885E+00
 0.658270E+01   0.128414E+01   0.122849E+00   0.256573E+00   0.292885E+00
 0.659697E+01   0.128321E+01   0.122562E+00   0.256402E+00   0.292885E+00
 0.661125E+01   0.128227E+01   0.122273E+00   0.256231E+00   0.292885E+00
 0.662553E+01   0.128133E+01   0.121984E+00   0.256060E+00   0.292885E+00
 0.663983E+01   0.128038E+01   0.121695E+00   0.255887E+00   0.292885E+00
 0.665393E+01   0.127945E+01   0.121409E+00   0.255717E+00   0.292885E+00
 0.666834E+01   0.127849E+01   0.121117E+00   0.255542E+00   0.292885E+00
 0.668276E+01   0.127753E+01   0.120824E+00   0.255367E+00   0.292885E+00
 0.669719E+01   0.127657E+01   0.120531E+00   0.255191E+00   0.292885E+00
 0.671162E+01   0.127560E+01   0.120238E+00   0.255014E+00   0.292885E+00
 0.672606E+01   0.127463E+01   0.119943E+00   0.254837E+00   0.292885E+00
 0.674051E+01   0.127366E+01   0.119649E+00   0.254659E+00   0.292885E+00
 0.675497E+01   0.127268E+01   0.119354E+00   0.254480E+00   0.292885E+00
 0.676943E+01   0.127170E+01   0.119058E+00   0.254301E+00   0.292885E+00
 0.678390E+01   0.127072E+01   0.118763E+00   0.254121E+00   0.292885E+00
 0.679838E+01   0.126973E+01   0.118466E+00   0.253941E+00   0.292885E+00
 0.681287E+01   0.126874E+01   0.118169E+00   0.253760E+00   0.292885E+00
 0.682736E+01   0.126775E+01   0.117872E+00   0.253578E+00   0.292885E+00
 0.684186E+01   0.126675E+01   0.117575E+00   0.253396E+00   0.292885E+00
 0.685637E+01   0.126575E+01   0.117277E+00   0.253213E+00   0.292885E+00
 0.687088E+01   0.126475E+01   0.116978E+00   0.253029E+00   0.292885E+00
 0.688541E+01   0.126374E+01   0.116679E+00   0.252845E+00   0.292885E+00
 0.689994E+01   0.126273E+01   0.116380E+00   0.252660E+00   0.292885E+00
 0.691447E+01   0.126172E+01   0.116080E+00   0.252474E+00   0.292885E+00
 0.692901E+01   0.126070E+01   0.115780E+00   0.252288E+00   0.292885E+00
 0.694356E+01   0.125968E+01   0.115480E+00   0.252101E+00   0.292885E+00
 0.695812E+01   0.125866E+01   0.115179E+00   0.251913E+00   0.292885E+00
 0.697268E+01   0.125763E+01   0.114878E+00   0.251725E+00   0.292885E+00
 0.698725E+01   0.125660E+01   0.114576E+00   0.251536E+00   0.292885E+00
 0.700182E+01   0.125557E+01   0.114274E+00   0.251346E+00   0.292885E+00
 0.701640E+01   0.125453E+01   0.113971E+00   0.251156E+00   0.292885E+00
 0.703098E+01   0.125349E+01   0.113668E+00   0.250965E+00   0.292885E+00
 0.704514E+01   0.125248E+01   0.113374E+00   0.250779E+00   0.292885E+00
 0.705988E+01   0.125142E+01   0.113068E+00   0.250585E+00   0.292885E+00
 0.707461E+01   0.125036E+01   0.112761E+00   0.250391E+00   0.292885E+00
 0.708934E+01   0.124930E+01   0.112454E+00   0.250195E+00   0.292885E+00
 0.710408E+01   0.124823E+01   0.112147E+00   0.249999E+00   0.292885E+00
 0.711883E+01   0.124716E+01   0.111839E+00   0.249803E+00   0.292885E+00
 0.713358E+01   0.124609E+01   0.111531E+00   0.249606E+00   0.292885E+00
 0.714833E+01   0.124501E+01   0.111223E+00   0.249408E+00   0.292885E+00
 0.716309E+01   0.124393E+01   0.110914E+00   0.249209E+00   0.292885E+00
 0.717786E+01   0.124285E+01   0.110605E+00   0.249010E+00   0.292885E+00
 0.719262E+01   0.124176E+01   0.110296E+00   0.248810E+00   0.292885E+00
 0.720740E+01   0.124067E+01   0.109986E+00   0.248609E+00   0.292885E+00
 0.722217E+01   0.123958E+01   0.109677E+00   0.248407E+00   0.292885E+00
 0.723695E+01   0.123848E+01   0.109366E+00   0.248205E+00   0.292885E+00
 0.725174E+01   0.123738E+01   0.109056E+00   0.248003E+00   0.292885E+00
 0.726652E+01   0.123628E+01   0.108745E+00   0.247799E+00   0.292885E+00
 0.728131E+01   0.123517E+01   0.108434E+00   0.247595E+00   0.292885E+00
 0.729611E+01   0.123406E+01   0.108122E+00   0.247390E+00   0.292885E+00
 0.731091E+01   0.123294E+01   0.107811E+00   0.247185E+00   0.292885E+00
 0.732571E+01   0.123182E+01   0.107499E+00   0.246979E+00   0.292885E+00
 0.734051E+01   0.123070E+01   0.107186E+00   0.246772E+00   0.292885E+00
 0.735532E+01   0.122958E+01   0.106874E+00   0.246564E+00   0.292885E+00
 0.737013E+01   0.122845E+01   0.106561E+00   0.246356E+00   0.292885E+00
 0.738494E+01   0.122731E+01   0.106248E+00   0.246147E+00   0.292885E+00
 0.739626E+01   0.122645E+01   0.106009E+00   0.245987E+00   0.292885E+00
 0.741174E+01   0.122526E+01   0.105681E+00   0.245767E+00   0.292885E+00
 0.742672E+01   0.122410E+01   0.105364E+00   0.245554E+00   0.292885E+00
 0.744171E+01   0.122294E+01   0.105047E+00   0.245340E+00   0.292885E+00
 0.745670E+01   0.122178E+01   0.104729E+00   0.245125E+00   0.292885E+00
 0.747168E+01   0.122062E+01   0.104411E+00   0.244910E+00   0.292885E+00
 0.748667E+01   0.121945E+01   0.104093E+00   0.244693E+00   0.292885E+00
 0.750166E+01   0.121828E+01   0.103775E+00   0.244477E+00   0.292885E+00
 0.751664E+01   0.121710E+01   0.103456E+00   0.244259E+00   0.292885E+00
 0.753160E+01   0.121592E+01   0.103139E+00   0.244042E+00   0.292885E+00
 0.754654E+01   0.121474E+01   0.102821E+00   0.243823E+00   0.292885E+00
 0.756146E+01   0.121356E+01   0.102503E+00   0.243605E+00   0.292885E+00
 0.757637E+01   0.121238E+01   0.102186E+00   0.243386E+00   0.292885E+00
 0.759126E+01   0.121119E+01   0.101869E+00   0.243166E+00   0.292885E+00
 0.760613E+01   0.121001E+01   0.101552E+00   0.242946E+00   0.292885E+00
 0.762099E+01   0.120882E+01   0.101235E+00   0.242726E+00   0.292885E+00
 0.763583E+01   0.120762E+01   0.100918E+00   0.242505E+00   0.292885E+00
 0.765065E+01   0.120643E+01   0.100602E+00   0.242283E+00   0.292885E+00
 0.766546E+01   0.120523E+01   0.100286E+00   0.242062E+00   0.292885E+00
 0.768025E+01   0.120403E+01   0.999697E-01   0.241839E+00   0.292885E+00
 0.769503E+01   0.120283E+01   0.996540E-01   0.241617E+00   0.292885E+00
 0.770978E+01   0.120163E+01   0.993384E-01   0.241393E+00   0.292885E+00
 0.772452E+01   0.120043E+01   0.990231E-01   0.241170E+00   0.292885E+00
 0.773654E+01   0.119944E+01   0.987659E-01   0.240987E+00   0.292885E+00
 0.775150E+01   0.119821E+01   0.984457E-01   0.240759E+00   0.292885E+00
 0.776616E+01   0.119700E+01   0.981317E-01   0.240534E+00   0.292885E+00
 0.778081E+01   0.119579E+01   0.978179E-01   0.240309E+00   0.292885E+00
 0.779543E+01   0.119458E+01   0.975045E-01   0.240084E+00   0.292885E+00
 0.781004E+01   0.119336E+01   0.971913E-01   0.239858E+00   0.292885E+00
 0.782463E+01   0.119215E+01   0.968784E-01   0.239632E+00   0.292885E+00
 0.783920E+01   0.119093E+01   0.965658E-01   0.239405E+00   0.292885E+00
 0.785375E+01   0.118971E+01   0.962534E-01   0.239178E+00   0.292885E+00
 0.786829E+01   0.118848E+01   0.959414E-01   0.238951E+00   0.292885E+00
 0.788281E+01   0.118726E+01   0.956296E-01   0.238723E+00   0.292885E+00
 0.789731E+01   0.118603E+01   0.953181E-01   0.238494E+00   0.292885E+00
 0.791179E+01   0.118480E+01   0.950068E-01   0.238266E+00   0.292885E+00
 0.792626E+01   0.118357E+01   0.946959E-01   0.238036E+00   0.292885E+00
 0.794070E+01   0.118234E+01   0.943853E-01   0.237807E+00   0.292885E+00
 0.795514E+01   0.118110E+01   0.940749E-01   0.237576E+00   0.292885E+00
 0.796955E+01   0.117986E+01   0.937648E-01   0.237346E+00   0.292885E+00
 0.798395E+01   0.117862E+01   0.934550E-01   0.237115E+00   0.292885E+00
 0.799832E+01   0.117738E+01   0.931455E-01   0.236883E+00   0.292885E+00
 0.801269E+01   0.117614E+01   0.928363E-01   0.236651E+00   0.292885E+00
 0.802703E+01   0.117489E+01   0.925274E-01   0.236419E+00   0.292885E+00
 0.804136E+01   0.117364E+01   0.922188E-01   0.236186E+00   0.292885E+00
 0.805420E+01   0.117252E+01   0.919423E-01   0.235977E+00   0.292885E+00
 0.806970E+01   0.117116E+01   0.916082E-01   0.235723E+00   0.292885E+00
 0.808394E+01   0.116991E+01   0.913013E-01   0.235489E+00   0.292885E+00
 0.809816E+01   0.116866E+01   0.909948E-01   0.235255E+00   0.292885E+00
 0.811236E+01   0.116740E+01   0.906887E-01   0.235021E+00   0.292885E+00
 0.812654E+01   0.116615E+01   0.903829E-01   0.234786E+00   0.292885E+00
 0.814071E+01   0.116489E+01   0.900775E-01   0.234551E+00   0.292885E+00
 0.815485E+01   0.116363E+01   0.897725E-01   0.234315E+00   0.292885E+00
 0.816898E+01   0.116236E+01   0.894677E-01   0.234079E+00   0.292885E+00
 0.818309E+01   0.116110E+01   0.891634E-01   0.233842E+00   0.292885E+00
 0.819718E+01   0.115983E+01   0.888593E-01   0.233605E+00   0.292885E+00
 0.821125E+01   0.115856E+01   0.885557E-01   0.233368E+00   0.292885E+00
 0.822530E+01   0.115729E+01   0.882524E-01   0.233130E+00   0.292885E+00
 0.823934E+01   0.115602E+01   0.879494E-01   0.232892E+00   0.292885E+00
 0.825336E+01   0.115474E+01   0.876468E-01   0.232653E+00   0.292885E+00
 0.826736E+01   0.115346E+01   0.873446E-01   0.232414E+00   0.292885E+00
 0.828135E+01   0.115218E+01   0.870427E-01   0.232174E+00   0.292885E+00
 0.829531E+01   0.115090E+01   0.867412E-01   0.231934E+00   0.292885E+00
 0.830926E+01   0.114962E+01   0.864401E-01   0.231693E+00   0.292885E+00
 0.832320E+01   0.114833E+01   0.861393E-01   0.231452E+00   0.292885E+00
 0.833711E+01   0.114705E+01   0.858389E-01   0.231211E+00   0.292885E+00
 0.835101E+01   0.114576E+01   0.855388E-01   0.230969E+00   0.292885E+00
 0.836463E+01   0.114449E+01   0.852448E-01   0.230731E+00   0.292885E+00
 0.837844E+01   0.114320E+01   0.849465E-01   0.230489E+00   0.292885E+00
 0.839224E+01   0.114191E+01   0.846486E-01   0.230247E+00   0.292885E+00
 0.840602E+01   0.114061E+01   0.843512E-01   0.230004E+00   0.292885E+00
 0.841977E+01   0.113932E+01   0.840542E-01   0.229761E+00   0.292885E+00
 0.843351E+01   0.113802E+01   0.837576E-01   0.229517E+00   0.292885E+00
 0.844723E+01   0.113672E+01   0.834614E-01   0.229273E+00   0.292885E+00
 0.846094E+01   0.113542E+01   0.831656E-01   0.229028E+00   0.292885E+00
 0.847462E+01   0.113412E+01   0.828703E-01   0.228784E+00   0.292885E+00
 0.848829E+01   0.113282E+01   0.825754E-01   0.228538E+00   0.292885E+00
 0.850193E+01   0.113151E+01   0.822809E-01   0.228293E+00   0.292885E+00
 0.851556E+01   0.113020E+01   0.819868E-01   0.228046E+00   0.292885E+00
 0.852917E+01   0.112889E+01   0.816931E-01   0.227800E+00   0.292885E+00
 0.854277E+01   0.112758E+01   0.813998E-01   0.227553E+00   0.292885E+00
 0.855634E+01   0.112626E+01   0.811070E-01   0.227305E+00   0.292885E+00
 0.856990E+01   0.112494E+01   0.808145E-01   0.227057E+00   0.292885E+00
 0.858344E+01   0.112363E+01   0.805225E-01   0.226809E+00   0.292885E+00
 0.859697E+01   0.112231E+01   0.802309E-01   0.226560E+00   0.292885E+00
 0.861047E+01   0.112098E+01   0.799397E-01   0.226311E+00   0.292885E+00
 0.862396E+01   0.111966E+01   0.796490E-01   0.226061E+00   0.292885E+00
 0.863743E+01   0.111833E+01   0.793587E-01   0.225811E+00   0.292885E+00
 0.865211E+01   0.111688E+01   0.790425E-01   0.225538E+00   0.292885E+00
 0.866549E+01   0.111555E+01   0.787542E-01   0.225287E+00   0.292885E+00
 0.867885E+01   0.111423E+01   0.784665E-01   0.225037E+00   0.292885E+00
 0.869218E+01   0.111290E+01   0.781793E-01   0.224786E+00   0.292885E+00
 0.870551E+01   0.111157E+01   0.778924E-01   0.224535E+00   0.292885E+00
 0.871881E+01   0.111023E+01   0.776061E-01   0.224283E+00   0.292885E+00
 0.873209E+01   0.110890E+01   0.773203E-01   0.224031E+00   0.292885E+00
 0.874536E+01   0.110756E+01   0.770349E-01   0.223779E+00   0.292885E+00
 0.875860E+01   0.110622E+01   0.767500E-01   0.223526E+00   0.292885E+00
 0.877183E+01   0.110488E+01   0.764655E-01   0.223273E+00   0.292885E+00
 0.878504E+01   0.110354E+01   0.761815E-01   0.223019E+00   0.292885E+00
 0.879823E+01   0.110220E+01   0.758980E-01   0.222765E+00   0.292885E+00
 0.881141E+01   0.110085E+01   0.756149E-01   0.222510E+00   0.292885E+00
 0.882456E+01   0.109950E+01   0.753323E-01   0.222255E+00   0.292885E+00
 0.883770E+01   0.109815E+01   0.750502E-01   0.222000E+00   0.292885E+00
 0.885083E+01   0.109680E+01   0.747685E-01   0.221744E+00   0.292885E+00
 0.886393E+01   0.109545E+01   0.744873E-01   0.221488E+00   0.292885E+00
 0.887702E+01   0.109409E+01   0.742066E-01   0.221231E+00   0.292885E+00
 0.889009E+01   0.109273E+01   0.739263E-01   0.220974E+00   0.292885E+00
 0.890438E+01   0.109124E+01   0.736199E-01   0.220691E+00   0.292885E+00
 0.891735E+01   0.108989E+01   0.733419E-01   0.220434E+00   0.292885E+00
 0.893030E+01   0.108853E+01   0.730645E-01   0.220177E+00   0.292885E+00
 0.894323E+01   0.108717E+01   0.727876E-01   0.219920E+00   0.292885E+00
 0.895614E+01   0.108581E+01   0.725112E-01   0.219662E+00   0.292885E+00
 0.896904E+01   0.108445E+01   0.722353E-01   0.219403E+00   0.292885E+00
 0.898191E+01   0.108308E+01   0.719600E-01   0.219144E+00   0.292885E+00
 0.899477E+01   0.108172E+01   0.716852E-01   0.218885E+00   0.292885E+00
 0.900760E+01   0.108035E+01   0.714108E-01   0.218626E+00   0.292885E+00
 0.902042E+01   0.107898E+01   0.711369E-01   0.218365E+00   0.292885E+00
 0.903323E+01   0.107761E+01   0.708636E-01   0.218105E+00   0.292885E+00
 0.904601E+01   0.107623E+01   0.705907E-01   0.217844E+00   0.292885E+00
 0.905878E+01   0.107486E+01   0.703183E-01   0.217583E+00   0.292885E+00
 0.907152E+01   0.107348E+01   0.700465E-01   0.217321E+00   0.292885E+00
 0.908425E+01   0.107210E+01   0.697752E-01   0.217059E+00   0.292885E+00
 0.909697E+01   0.107072E+01   0.695043E-01   0.216796E+00   0.292885E+00
 0.910966E+01   0.106934E+01   0.692339E-01   0.216533E+00   0.292885E+00
 0.912234E+01   0.106795E+01   0.689641E-01   0.216270E+00   0.292885E+00
 0.913500E+01   0.106657E+01   0.686948E-01   0.216006E+00   0.292885E+00
 0.914765E+01   0.106518E+01   0.684259E-01   0.215742E+00   0.292885E+00
 0.916021E+01   0.106379E+01   0.681590E-01   0.215479E+00   0.292885E+00
 0.917274E+01   0.106241E+01   0.678927E-01   0.215215E+00   0.292885E+00
 0.918526E+01   0.106102E+01   0.676269E-01   0.214951E+00   0.292885E+00
 0.919776E+01   0.105964E+01   0.673617E-01   0.214687E+00   0.292885E+00
 0.921024E+01   0.105825E+01   0.670970E-01   0.214422E+00   0.292885E+00
 0.922271E+01   0.105685E+01   0.668329E-01   0.214157E+00   0.292885E+00
 0.923515E+01   0.105546E+01   0.665693E-01   0.213891E+00   0.292885E+00
 0.924758E+01   0.105407E+01   0.663062E-01   0.213625E+00   0.292885E+00
 0.925999E+01   0.105267E+01   0.660436E-01   0.213359E+00   0.292885E+00
 0.927237E+01   0.105127E+01   0.657816E-01   0.213092E+00   0.292885E+00
 0.928475E+01   0.104987E+01   0.655202E-01   0.212825E+00   0.292885E+00
 0.929710E+01   0.104847E+01   0.652592E-01   0.212558E+00   0.292885E+00
 0.930944E+01   0.104707E+01   0.649988E-01   0.212290E+00   0.292885E+00
 0.932176E+01   0.104566E+01   0.647389E-01   0.212021E+00   0.292885E+00
 0.933406E+01   0.104425E+01   0.644796E-01   0.211753E+00   0.292885E+00
 0.934635E+01   0.104284E+01   0.642207E-01   0.211483E+00   0.292885E+00
 0.935861E+01   0.104143E+01   0.639624E-01   0.211214E+00   0.292885E+00
 0.936863E+01   0.104028E+01   0.637516E-01   0.210993E+00   0.292885E+00
 0.938091E+01   0.103886E+01   0.634935E-01   0.210722E+00   0.292885E+00
 0.939305E+01   0.103745E+01   0.632383E-01   0.210453E+00   0.292885E+00
 0.940517E+01   0.103604E+01   0.629836E-01   0.210184E+00   0.292885E+00
 0.941728E+01   0.103463E+01   0.627296E-01   0.209914E+00   0.292885E+00
 0.942937E+01   0.103322E+01   0.624761E-01   0.209644E+00   0.292885E+00
 0.944143E+01   0.103181E+01   0.622231E-01   0.209373E+00   0.292885E+00
 0.945348E+01   0.103039E+01   0.619707E-01   0.209102E+00   0.292885E+00
 0.946552E+01   0.102898E+01   0.617189E-01   0.208831E+00   0.292885E+00
 0.947753E+01   0.102756E+01   0.614676E-01   0.208560E+00   0.292885E+00
 0.948953E+01   0.102614E+01   0.612169E-01   0.208288E+00   0.292885E+00
 0.950151E+01   0.102472E+01   0.609667E-01   0.208015E+00   0.292885E+00
 0.951347E+01   0.102329E+01   0.607171E-01   0.207742E+00   0.292885E+00
 0.952542E+01   0.102187E+01   0.604680E-01   0.207469E+00   0.292885E+00
 0.953734E+01   0.102044E+01   0.602195E-01   0.207196E+00   0.292885E+00
 0.954925E+01   0.101901E+01   0.599715E-01   0.206922E+00   0.292885E+00
 0.956114E+01   0.101758E+01   0.597241E-01   0.206647E+00   0.292885E+00
 0.957302E+01   0.101615E+01   0.594772E-01   0.206373E+00   0.292885E+00
 0.958488E+01   0.101471E+01   0.592308E-01   0.206097E+00   0.292885E+00
 0.959908E+01   0.101299E+01   0.589361E-01   0.205767E+00   0.292885E+00
 0.961082E+01   0.101157E+01   0.586927E-01   0.205493E+00   0.292885E+00
 0.962254E+01   0.101014E+01   0.584499E-01   0.205219E+00   0.292885E+00
 0.963424E+01   0.100871E+01   0.582076E-01   0.204944E+00   0.292885E+00
 0.964593E+01   0.100727E+01   0.579659E-01   0.204669E+00   0.292885E+00
 0.965760E+01   0.100584E+01   0.577248E-01   0.204393E+00   0.292885E+00
 0.966924E+01   0.100441E+01   0.574842E-01   0.204117E+00   0.292885E+00
 0.968088E+01   0.100297E+01   0.572442E-01   0.203841E+00   0.292885E+00
 0.969249E+01   0.100153E+01   0.570048E-01   0.203565E+00   0.292885E+00
 0.970409E+01   0.100009E+01   0.567660E-01   0.203288E+00   0.292885E+00
 0.971566E+01   0.998649E+00   0.565277E-01   0.203010E+00   0.292885E+00
 0.972723E+01   0.997206E+00   0.562899E-01   0.202733E+00   0.292885E+00
 0.973878E+01   0.995761E+00   0.560527E-01   0.202455E+00   0.292885E+00
 0.975030E+01   0.994315E+00   0.558161E-01   0.202176E+00   0.292885E+00
 0.976181E+01   0.992868E+00   0.555801E-01   0.201898E+00   0.292885E+00
 0.977331E+01   0.991418E+00   0.553446E-01   0.201618E+00   0.292885E+00
 0.978479E+01   0.989967E+00   0.551097E-01   0.201339E+00   0.292885E+00
 0.979625E+01   0.988515E+00   0.548753E-01   0.201059E+00   0.292885E+00
 0.980769E+01   0.987061E+00   0.546415E-01   0.200779E+00   0.292885E+00
 0.981879E+01   0.985647E+00   0.544149E-01   0.200506E+00   0.292885E+00
 0.983012E+01   0.984201E+00   0.541840E-01   0.200228E+00   0.292885E+00
 0.984142E+01   0.982753E+00   0.539537E-01   0.199948E+00   0.292885E+00
 0.985271E+01   0.981305E+00   0.537240E-01   0.199669E+00   0.292885E+00
 0.986398E+01   0.979855E+00   0.534948E-01   0.199389E+00   0.292885E+00
 0.987523E+01   0.978403E+00   0.532663E-01   0.199109E+00   0.292885E+00
 0.988647E+01   0.976950E+00   0.530383E-01   0.198829E+00   0.292885E+00
 0.989768E+01   0.975496E+00   0.528108E-01   0.198548E+00   0.292885E+00
 0.990889E+01   0.974040E+00   0.525840E-01   0.198267E+00   0.292885E+00
 0.992007E+01   0.972583E+00   0.523577E-01   0.197985E+00   0.292885E+00
 0.993124E+01   0.971124E+00   0.521320E-01   0.197703E+00   0.292885E+00
 0.994239E+01   0.969664E+00   0.519069E-01   0.197421E+00   0.292885E+00
 0.995352E+01   0.968203E+00   0.516824E-01   0.197139E+00   0.292885E+00
 0.996463E+01   0.966740E+00   0.514583E-01   0.196856E+00   0.292885E+00
 0.997573E+01   0.965275E+00   0.512349E-01   0.196573E+00   0.292885E+00
 0.998682E+01   0.963809E+00   0.510120E-01   0.196289E+00   0.292885E+00
 0.999789E+01   0.962342E+00   0.507897E-01   0.196006E+00   0.292885E+00
 0.100089E+02   0.960873E+00   0.505680E-01   0.195721E+00   0.292885E+00
 0.100199E+02   0.959414E+00   0.503486E-01   0.195439E+00   0.292885E+00
 0.100308E+02   0.957955E+00   0.501299E-01   0.195157E+00   0.292885E+00
 0.100417E+02   0.956494E+00   0.499117E-01   0.194874E+00   0.292885E+00
 0.100526E+02   0.955033E+00   0.496941E-01   0.194591E+00   0.292885E+00
 0.100635E+02   0.953570E+00   0.494771E-01   0.194307E+00   0.292885E+00
 0.100743E+02   0.952105E+00   0.492607E-01   0.194024E+00   0.292885E+00
 0.100852E+02   0.950640E+00   0.490449E-01   0.193740E+00   0.292885E+00
 0.100960E+02   0.949172E+00   0.488296E-01   0.193455E+00   0.292885E+00
 0.101068E+02   0.947704E+00   0.486149E-01   0.193171E+00   0.292885E+00
 0.101176E+02   0.946235E+00   0.484008E-01   0.192886E+00   0.292885E+00
 0.101284E+02   0.944764E+00   0.481872E-01   0.192600E+00   0.292885E+00
 0.101391E+02   0.943291E+00   0.479742E-01   0.192315E+00   0.292885E+00
 0.101499E+02   0.941818E+00   0.477618E-01   0.192029E+00   0.292885E+00
 0.101606E+02   0.940343E+00   0.475499E-01   0.191743E+00   0.292885E+00
 0.101713E+02   0.938867E+00   0.473386E-01   0.191456E+00   0.292885E+00
 0.101820E+02   0.937389E+00   0.471279E-01   0.191169E+00   0.292885E+00
 0.101986E+02   0.935085E+00   0.468008E-01   0.190722E+00   0.292885E+00
 0.102092E+02   0.933617E+00   0.465933E-01   0.190436E+00   0.292885E+00
 0.102197E+02   0.932148E+00   0.463865E-01   0.190151E+00   0.292885E+00
 0.102302E+02   0.930679E+00   0.461803E-01   0.189866E+00   0.292885E+00
 0.102408E+02   0.929208E+00   0.459746E-01   0.189580E+00   0.292885E+00
 0.102512E+02   0.927736E+00   0.457695E-01   0.189293E+00   0.292885E+00
 0.102617E+02   0.926263E+00   0.455650E-01   0.189007E+00   0.292885E+00
 0.102722E+02   0.924789E+00   0.453611E-01   0.188720E+00   0.292885E+00
 0.102826E+02   0.923313E+00   0.451577E-01   0.188433E+00   0.292885E+00
 0.102930E+02   0.921837E+00   0.449549E-01   0.188146E+00   0.292885E+00
 0.103034E+02   0.920359E+00   0.447527E-01   0.187858E+00   0.292885E+00
 0.103138E+02   0.918881E+00   0.445510E-01   0.187570E+00   0.292885E+00
 0.103242E+02   0.917401E+00   0.443499E-01   0.187282E+00   0.292885E+00
 0.103346E+02   0.915919E+00   0.441494E-01   0.186994E+00   0.292885E+00
 0.103449E+02   0.914437E+00   0.439495E-01   0.186705E+00   0.292885E+00
 0.103552E+02   0.912954E+00   0.437501E-01   0.186416E+00   0.292885E+00
 0.103656E+02   0.911470E+00   0.435512E-01   0.186127E+00   0.292885E+00
 0.103780E+02   0.909679E+00   0.433123E-01   0.185778E+00   0.292885E+00
 0.103881E+02   0.908207E+00   0.431166E-01   0.185491E+00   0.292885E+00
 0.103983E+02   0.906733E+00   0.429215E-01   0.185203E+00   0.292885E+00
 0.104084E+02   0.905259E+00   0.427270E-01   0.184916E+00   0.292885E+00
 0.104186E+02   0.903783E+00   0.425330E-01   0.184628E+00   0.292885E+00
 0.104287E+02   0.902307E+00   0.423396E-01   0.184340E+00   0.292885E+00
 0.104388E+02   0.900829E+00   0.421467E-01   0.184052E+00   0.292885E+00
 0.104489E+02   0.899351E+00   0.419544E-01   0.183763E+00   0.292885E+00
 0.104589E+02   0.897871E+00   0.417627E-01   0.183474E+00   0.292885E+00
 0.104690E+02   0.896391E+00   0.415715E-01   0.183185E+00   0.292885E+00
 0.104790E+02   0.894910E+00   0.413809E-01   0.182896E+00   0.292885E+00
 0.104890E+02   0.893428E+00   0.411909E-01   0.182606E+00   0.292885E+00
 0.104990E+02   0.891944E+00   0.410013E-01   0.182316E+00   0.292885E+00
 0.105190E+02   0.888975E+00   0.406241E-01   0.181736E+00   0.292885E+00
 0.105389E+02   0.886002E+00   0.402489E-01   0.181155E+00   0.292885E+00
 0.105543E+02   0.883694E+00   0.399596E-01   0.180703E+00   0.292885E+00
 0.105739E+02   0.880745E+00   0.395923E-01   0.180126E+00   0.292885E+00
 0.105934E+02   0.877792E+00   0.392272E-01   0.179548E+00   0.292885E+00
 0.106128E+02   0.874837E+00   0.388643E-01   0.178969E+00   0.292885E+00
 0.106322E+02   0.871879E+00   0.385037E-01   0.178390E+00   0.292885E+00
 0.106516E+02   0.868917E+00   0.381452E-01   0.177809E+00   0.292885E+00
 0.106709E+02   0.865953E+00   0.377889E-01   0.177228E+00   0.292885E+00
 0.106901E+02   0.862985E+00   0.374348E-01   0.176646E+00   0.292885E+00
 0.107092E+02   0.860014E+00   0.370828E-01   0.176063E+00   0.292885E+00
 0.107280E+02   0.857088E+00   0.367386E-01   0.175489E+00   0.292885E+00
 0.107468E+02   0.854143E+00   0.363948E-01   0.174911E+00   0.292885E+00
 0.107656E+02   0.851197E+00   0.360531E-01   0.174332E+00   0.292885E+00
 0.107843E+02   0.848248E+00   0.357136E-01   0.173752E+00   0.292885E+00
 0.108030E+02   0.845297E+00   0.353762E-01   0.173172E+00   0.292885E+00
 0.108215E+02   0.842343E+00   0.350409E-01   0.172591E+00   0.292885E+00
 0.108401E+02   0.839387E+00   0.347078E-01   0.172009E+00   0.292885E+00
 0.108585E+02   0.836428E+00   0.343768E-01   0.171427E+00   0.292885E+00
 0.108729E+02   0.834126E+00   0.341209E-01   0.170974E+00   0.292885E+00
 0.108888E+02   0.831554E+00   0.338365E-01   0.170467E+00   0.292885E+00
 0.109069E+02   0.828624E+00   0.335149E-01   0.169890E+00   0.292885E+00
 0.109250E+02   0.825694E+00   0.331954E-01   0.169312E+00   0.292885E+00
 0.109429E+02   0.822761E+00   0.328779E-01   0.168734E+00   0.292885E+00
 0.109609E+02   0.819827E+00   0.325626E-01   0.168156E+00   0.292885E+00
 0.109787E+02   0.816892E+00   0.322493E-01   0.167576E+00   0.292885E+00
 0.109965E+02   0.813955E+00   0.319381E-01   0.166997E+00   0.292885E+00
 0.110143E+02   0.811016E+00   0.316289E-01   0.166416E+00   0.292885E+00
 0.110282E+02   0.808703E+00   0.313871E-01   0.165960E+00   0.292885E+00
 0.110422E+02   0.806368E+00   0.311443E-01   0.165498E+00   0.292885E+00
 0.110596E+02   0.803461E+00   0.308440E-01   0.164924E+00   0.292885E+00
 0.110770E+02   0.800553E+00   0.305457E-01   0.164349E+00   0.292885E+00
 0.110943E+02   0.797644E+00   0.302494E-01   0.163773E+00   0.292885E+00
 0.111115E+02   0.794735E+00   0.299550E-01   0.163198E+00   0.292885E+00
 0.111287E+02   0.791824E+00   0.296627E-01   0.162622E+00   0.292885E+00
 0.111458E+02   0.788912E+00   0.293723E-01   0.162045E+00   0.292885E+00
 0.111629E+02   0.786000E+00   0.290838E-01   0.161468E+00   0.292885E+00
 0.111757E+02   0.783794E+00   0.288667E-01   0.161031E+00   0.292885E+00
 0.111930E+02   0.780832E+00   0.285770E-01   0.160444E+00   0.292885E+00
 0.112097E+02   0.777956E+00   0.282977E-01   0.159874E+00   0.292885E+00
 0.112263E+02   0.775081E+00   0.280203E-01   0.159304E+00   0.292885E+00
 0.112429E+02   0.772206E+00   0.277449E-01   0.158733E+00   0.292885E+00
 0.112594E+02   0.769330E+00   0.274714E-01   0.158163E+00   0.292885E+00
 0.112759E+02   0.766454E+00   0.271997E-01   0.157592E+00   0.292885E+00
 0.112923E+02   0.763578E+00   0.269299E-01   0.157021E+00   0.292885E+00
 0.113087E+02   0.760702E+00   0.266620E-01   0.156449E+00   0.292885E+00
 0.113210E+02   0.758527E+00   0.264606E-01   0.156017E+00   0.292885E+00
 0.113372E+02   0.755659E+00   0.261967E-01   0.155447E+00   0.292885E+00
 0.113533E+02   0.752821E+00   0.259373E-01   0.154882E+00   0.292885E+00
 0.113692E+02   0.749984E+00   0.256798E-01   0.154318E+00   0.292885E+00
 0.113851E+02   0.747147E+00   0.254240E-01   0.153753E+00   0.292885E+00
 0.114010E+02   0.744310E+00   0.251701E-01   0.153189E+00   0.292885E+00
 0.114168E+02   0.741474E+00   0.249179E-01   0.152624E+00   0.292885E+00
 0.114325E+02   0.738639E+00   0.246676E-01   0.152060E+00   0.292885E+00
 0.114482E+02   0.735804E+00   0.244190E-01   0.151495E+00   0.292885E+00
 0.114607E+02   0.733540E+00   0.242216E-01   0.151043E+00   0.292885E+00
 0.114760E+02   0.730762E+00   0.239810E-01   0.150490E+00   0.292885E+00
 0.114914E+02   0.727970E+00   0.237407E-01   0.149933E+00   0.292885E+00
 0.115067E+02   0.725179E+00   0.235021E-01   0.149376E+00   0.292885E+00
 0.115219E+02   0.722389E+00   0.232653E-01   0.148819E+00   0.292885E+00
 0.115371E+02   0.719601E+00   0.230303E-01   0.148263E+00   0.292885E+00
 0.115522E+02   0.716814E+00   0.227969E-01   0.147706E+00   0.292885E+00
 0.115673E+02   0.714028E+00   0.225652E-01   0.147150E+00   0.292885E+00
 0.115824E+02   0.711243E+00   0.223351E-01   0.146593E+00   0.292885E+00
 0.115974E+02   0.708461E+00   0.221068E-01   0.146037E+00   0.292885E+00
 0.116122E+02   0.705701E+00   0.218818E-01   0.145485E+00   0.292885E+00
 0.116269E+02   0.702959E+00   0.216598E-01   0.144937E+00   0.292885E+00
 0.116415E+02   0.700220E+00   0.214395E-01   0.144389E+00   0.292885E+00
 0.116561E+02   0.697482E+00   0.212208E-01   0.143841E+00   0.292885E+00
 0.116707E+02   0.694746E+00   0.210037E-01   0.143294E+00   0.292885E+00
 0.116852E+02   0.692013E+00   0.207883E-01   0.142746E+00   0.292885E+00
 0.116996E+02   0.689281E+00   0.205743E-01   0.142199E+00   0.292885E+00
 0.117140E+02   0.686551E+00   0.203620E-01   0.141652E+00   0.292885E+00
 0.117284E+02   0.683823E+00   0.201512E-01   0.141105E+00   0.292885E+00
 0.117431E+02   0.681012E+00   0.199355E-01   0.140542E+00   0.292885E+00
 0.117572E+02   0.678326E+00   0.197307E-01   0.140003E+00   0.292885E+00
 0.117712E+02   0.675643E+00   0.195275E-01   0.139465E+00   0.292885E+00
 0.117852E+02   0.672962E+00   0.193259E-01   0.138927E+00   0.292885E+00
 0.117991E+02   0.670284E+00   0.191257E-01   0.138390E+00   0.292885E+00
 0.118130E+02   0.667608E+00   0.189270E-01   0.137853E+00   0.292885E+00
 0.118269E+02   0.664935E+00   0.187298E-01   0.137316E+00   0.292885E+00
 0.118406E+02   0.662264E+00   0.185341E-01   0.136779E+00   0.292885E+00
 0.118544E+02   0.659595E+00   0.183398E-01   0.136243E+00   0.292885E+00
 0.118678E+02   0.656978E+00   0.181505E-01   0.135717E+00   0.292885E+00
 0.118813E+02   0.654348E+00   0.179615E-01   0.135188E+00   0.292885E+00
 0.118948E+02   0.651722E+00   0.177739E-01   0.134660E+00   0.292885E+00
 0.119082E+02   0.649098E+00   0.175878E-01   0.134132E+00   0.292885E+00
 0.119215E+02   0.646477E+00   0.174030E-01   0.133605E+00   0.292885E+00
 0.119349E+02   0.643859E+00   0.172197E-01   0.133078E+00   0.292885E+00
 0.119481E+02   0.641244E+00   0.170377E-01   0.132551E+00   0.292885E+00
 0.119614E+02   0.638632E+00   0.168571E-01   0.132025E+00   0.292885E+00
 0.119745E+02   0.636023E+00   0.166779E-01   0.131500E+00   0.292885E+00
 0.119877E+02   0.633417E+00   0.165000E-01   0.130975E+00   0.292885E+00
 0.120005E+02   0.630875E+00   0.163276E-01   0.130462E+00   0.292885E+00
 0.120134E+02   0.628305E+00   0.161544E-01   0.129944E+00   0.292885E+00
 0.120263E+02   0.625739E+00   0.159825E-01   0.129427E+00   0.292885E+00
 0.120391E+02   0.623176E+00   0.158120E-01   0.128910E+00   0.292885E+00
 0.120519E+02   0.620617E+00   0.156427E-01   0.128393E+00   0.292885E+00
 0.120646E+02   0.618061E+00   0.154748E-01   0.127878E+00   0.292885E+00
 0.120773E+02   0.615509E+00   0.153081E-01   0.127362E+00   0.292885E+00
 0.120900E+02   0.612960E+00   0.151427E-01   0.126848E+00   0.292885E+00
 0.121026E+02   0.610415E+00   0.149786E-01   0.126334E+00   0.292885E+00
 0.121152E+02   0.607873E+00   0.148157E-01   0.125820E+00   0.292885E+00
 0.121272E+02   0.605455E+00   0.146617E-01   0.125331E+00   0.292885E+00
 0.121397E+02   0.602916E+00   0.145009E-01   0.124818E+00   0.292885E+00
 0.121522E+02   0.600380E+00   0.143414E-01   0.124305E+00   0.292885E+00
 0.121646E+02   0.597848E+00   0.141831E-01   0.123793E+00   0.292885E+00
 0.121771E+02   0.595321E+00   0.140261E-01   0.123282E+00   0.292885E+00
 0.121894E+02   0.592796E+00   0.138702E-01   0.122771E+00   0.292885E+00
 0.122018E+02   0.590276E+00   0.137155E-01   0.122261E+00   0.292885E+00
 0.122141E+02   0.587760E+00   0.135620E-01   0.121752E+00   0.292885E+00
 0.122264E+02   0.585247E+00   0.134097E-01   0.121243E+00   0.292885E+00
 0.122386E+02   0.582749E+00   0.132591E-01   0.120737E+00   0.292885E+00
 0.122508E+02   0.580224E+00   0.131079E-01   0.120225E+00   0.292885E+00
 0.122631E+02   0.577704E+00   0.129578E-01   0.119715E+00   0.292885E+00
 0.122753E+02   0.575187E+00   0.128088E-01   0.119205E+00   0.292885E+00
 0.122875E+02   0.572675E+00   0.126611E-01   0.118695E+00   0.292885E+00
 0.122997E+02   0.570168E+00   0.125144E-01   0.118187E+00   0.292885E+00
 0.123118E+02   0.567665E+00   0.123689E-01   0.117679E+00   0.292885E+00
 0.123239E+02   0.565167E+00   0.122245E-01   0.117172E+00   0.292885E+00
 0.123359E+02   0.562673E+00   0.120812E-01   0.116666E+00   0.292885E+00
 0.123480E+02   0.560184E+00   0.119390E-01   0.116161E+00   0.292885E+00
 0.123600E+02   0.557692E+00   0.117975E-01   0.115655E+00   0.292885E+00
 0.123733E+02   0.554922E+00   0.116411E-01   0.115092E+00   0.292885E+00
 0.123866E+02   0.552183E+00   0.114872E-01   0.114535E+00   0.292885E+00
 0.123996E+02   0.549472E+00   0.113359E-01   0.113985E+00   0.292885E+00
 0.124126E+02   0.546790E+00   0.111868E-01   0.113439E+00   0.292885E+00
 0.124254E+02   0.544135E+00   0.110399E-01   0.112900E+00   0.292885E+00
 0.124381E+02   0.541507E+00   0.108951E-01   0.112365E+00   0.292885E+00
 0.124507E+02   0.538903E+00   0.107522E-01   0.111835E+00   0.292885E+00
 0.124632E+02   0.536323E+00   0.106111E-01   0.111310E+00   0.292885E+00
 0.124749E+02   0.533921E+00   0.104802E-01   0.110821E+00   0.292885E+00
 0.124880E+02   0.531220E+00   0.103334E-01   0.110272E+00   0.292885E+00
 0.125008E+02   0.528595E+00   0.101914E-01   0.109737E+00   0.292885E+00
 0.125136E+02   0.525986E+00   0.100510E-01   0.109205E+00   0.292885E+00
 0.125262E+02   0.523389E+00   0.991207E-02   0.108676E+00   0.292885E+00
 0.125388E+02   0.520805E+00   0.977472E-02   0.108150E+00   0.292885E+00
 0.125514E+02   0.518231E+00   0.963891E-02   0.107625E+00   0.292885E+00
 0.125638E+02   0.515667E+00   0.950467E-02   0.107102E+00   0.292885E+00
 0.125762E+02   0.513112E+00   0.937200E-02   0.106581E+00   0.292885E+00
 0.125885E+02   0.510563E+00   0.924089E-02   0.106061E+00   0.292885E+00
 0.125988E+02   0.508401E+00   0.913064E-02   0.105620E+00   0.292885E+00
 0.126137E+02   0.505300E+00   0.897405E-02   0.104987E+00   0.292885E+00
 0.126285E+02   0.502200E+00   0.881930E-02   0.104354E+00   0.292885E+00
 0.126432E+02   0.499101E+00   0.866634E-02   0.103721E+00   0.292885E+00
 0.126578E+02   0.496004E+00   0.851517E-02   0.103088E+00   0.292885E+00
 0.126723E+02   0.492910E+00   0.836575E-02   0.102456E+00   0.292885E+00
 0.126868E+02   0.489819E+00   0.821808E-02   0.101824E+00   0.292885E+00
 0.127013E+02   0.486731E+00   0.807213E-02   0.101193E+00   0.292885E+00
 0.127118E+02   0.484477E+00   0.796655E-02   0.100732E+00   0.292885E+00
 0.127246E+02   0.481715E+00   0.783830E-02   0.100167E+00   0.292885E+00
 0.127374E+02   0.478962E+00   0.771164E-02   0.996031E-01   0.292885E+00
 0.127500E+02   0.476216E+00   0.758655E-02   0.990411E-01   0.292885E+00
 0.127626E+02   0.473477E+00   0.746300E-02   0.984804E-01   0.292885E+00
 0.127752E+02   0.470746E+00   0.734098E-02   0.979211E-01   0.292885E+00
 0.127876E+02   0.468022E+00   0.722047E-02   0.973630E-01   0.292885E+00
 0.128000E+02   0.465304E+00   0.710145E-02   0.968062E-01   0.292885E+00
 0.128123E+02   0.462594E+00   0.698392E-02   0.962507E-01   0.292885E+00
 0.128244E+02   0.459926E+00   0.686939E-02   0.957038E-01   0.292885E+00
 0.128363E+02   0.457281E+00   0.675696E-02   0.951615E-01   0.292885E+00
 0.128482E+02   0.454643E+00   0.664595E-02   0.946205E-01   0.292885E+00
 0.128600E+02   0.452012E+00   0.653631E-02   0.940806E-01   0.292885E+00
 0.128717E+02   0.449387E+00   0.642805E-02   0.935420E-01   0.292885E+00
 0.128833E+02   0.446768E+00   0.632113E-02   0.930046E-01   0.292885E+00
 0.128949E+02   0.444156E+00   0.621555E-02   0.924683E-01   0.292885E+00
 0.129064E+02   0.441550E+00   0.611127E-02   0.919331E-01   0.292885E+00
 0.129179E+02   0.438950E+00   0.600830E-02   0.913991E-01   0.292885E+00
 0.129282E+02   0.436585E+00   0.591556E-02   0.909133E-01   0.292885E+00
 0.129391E+02   0.434091E+00   0.581866E-02   0.904008E-01   0.292885E+00
 0.129500E+02   0.431606E+00   0.572309E-02   0.898901E-01   0.292885E+00
 0.129607E+02   0.429128E+00   0.562872E-02   0.893807E-01   0.292885E+00
 0.129714E+02   0.426656E+00   0.553554E-02   0.888725E-01   0.292885E+00
 0.129821E+02   0.424191E+00   0.544355E-02   0.883656E-01   0.292885E+00
 0.129926E+02   0.421732E+00   0.535271E-02   0.878598E-01   0.292885E+00
 0.130031E+02   0.419280E+00   0.526303E-02   0.873552E-01   0.292885E+00
 0.130135E+02   0.416833E+00   0.517447E-02   0.868517E-01   0.292885E+00
 0.130239E+02   0.414393E+00   0.508703E-02   0.863494E-01   0.292885E+00
 0.130342E+02   0.411958E+00   0.500069E-02   0.858482E-01   0.292885E+00
 0.130445E+02   0.409534E+00   0.491559E-02   0.853489E-01   0.292885E+00
 0.130575E+02   0.406422E+00   0.480765E-02   0.847080E-01   0.292885E+00
 0.130705E+02   0.403321E+00   0.470156E-02   0.840693E-01   0.292885E+00
 0.130833E+02   0.400232E+00   0.459726E-02   0.834327E-01   0.292885E+00
 0.130961E+02   0.397153E+00   0.449474E-02   0.827981E-01   0.292885E+00
 0.131087E+02   0.394085E+00   0.439397E-02   0.821655E-01   0.292885E+00
 0.131212E+02   0.391027E+00   0.429491E-02   0.815349E-01   0.292885E+00
 0.131318E+02   0.388434E+00   0.421197E-02   0.810000E-01   0.292885E+00
 0.131438E+02   0.385478E+00   0.411860E-02   0.803901E-01   0.292885E+00
 0.131556E+02   0.382566E+00   0.402787E-02   0.797892E-01   0.292885E+00
 0.131673E+02   0.379665E+00   0.393871E-02   0.791904E-01   0.292885E+00
 0.131788E+02   0.376775E+00   0.385108E-02   0.785937E-01   0.292885E+00
 0.131903E+02   0.373895E+00   0.376497E-02   0.779990E-01   0.292885E+00
 0.132016E+02   0.371025E+00   0.368033E-02   0.774062E-01   0.292885E+00
 0.132129E+02   0.368165E+00   0.359714E-02   0.768152E-01   0.292885E+00
 0.132240E+02   0.365314E+00   0.351538E-02   0.762261E-01   0.292885E+00
 0.132350E+02   0.362492E+00   0.343556E-02   0.756428E-01   0.292885E+00
 0.132456E+02   0.359775E+00   0.335977E-02   0.750811E-01   0.292885E+00
 0.132560E+02   0.357069E+00   0.328531E-02   0.745216E-01   0.292885E+00
 0.132663E+02   0.354373E+00   0.321214E-02   0.739641E-01   0.292885E+00
 0.132766E+02   0.351688E+00   0.314026E-02   0.734085E-01   0.292885E+00
 0.132867E+02   0.349011E+00   0.306962E-02   0.728547E-01   0.292885E+00
 0.132968E+02   0.346344E+00   0.300022E-02   0.723028E-01   0.292885E+00
 0.133092E+02   0.343023E+00   0.291516E-02   0.716153E-01   0.292885E+00
 0.133200E+02   0.340147E+00   0.284271E-02   0.710199E-01   0.292885E+00
 0.133316E+02   0.336987E+00   0.276439E-02   0.703656E-01   0.292885E+00
 0.133432E+02   0.333849E+00   0.268792E-02   0.697155E-01   0.292885E+00
 0.133546E+02   0.330726E+00   0.261313E-02   0.690684E-01   0.292885E+00
 0.133659E+02   0.327617E+00   0.254000E-02   0.684242E-01   0.292885E+00
 0.133770E+02   0.324522E+00   0.246849E-02   0.677828E-01   0.292885E+00
 0.133880E+02   0.321441E+00   0.239854E-02   0.671439E-01   0.292885E+00
 0.133989E+02   0.318372E+00   0.233012E-02   0.665076E-01   0.292885E+00
 0.134096E+02   0.315316E+00   0.226319E-02   0.658737E-01   0.292885E+00
 0.134198E+02   0.312411E+00   0.220067E-02   0.652711E-01   0.292885E+00
 0.134298E+02   0.309521E+00   0.213958E-02   0.646716E-01   0.292885E+00
 0.134417E+02   0.306072E+00   0.206806E-02   0.639558E-01   0.292885E+00
 0.134534E+02   0.302643E+00   0.199847E-02   0.632439E-01   0.292885E+00
 0.134649E+02   0.299231E+00   0.193072E-02   0.625355E-01   0.292885E+00
 0.134763E+02   0.295836E+00   0.186477E-02   0.618305E-01   0.292885E+00
 0.134875E+02   0.292458E+00   0.180057E-02   0.611288E-01   0.292885E+00
 0.134979E+02   0.289294E+00   0.174170E-02   0.604716E-01   0.292885E+00
 0.135082E+02   0.286117E+00   0.168382E-02   0.598114E-01   0.292885E+00
 0.135184E+02   0.282960E+00   0.162752E-02   0.591551E-01   0.292885E+00
 0.135284E+02   0.279820E+00   0.157275E-02   0.585024E-01   0.292885E+00
 0.135400E+02   0.276178E+00   0.151073E-02   0.577451E-01   0.292885E+00
 0.135513E+02   0.272557E+00   0.145065E-02   0.569920E-01   0.292885E+00
 0.135624E+02   0.268955E+00   0.139243E-02   0.562429E-01   0.292885E+00
 0.135728E+02   0.265538E+00   0.133858E-02   0.555319E-01   0.292885E+00
 0.135830E+02   0.262167E+00   0.128675E-02   0.548303E-01   0.292885E+00
 0.135944E+02   0.258343E+00   0.122958E-02   0.540344E-01   0.292885E+00
 0.136056E+02   0.254547E+00   0.117450E-02   0.532440E-01   0.292885E+00
 0.136165E+02   0.250775E+00   0.112141E-02   0.524588E-01   0.292885E+00
 0.136272E+02   0.247028E+00   0.107024E-02   0.516783E-01   0.292885E+00
 0.136377E+02   0.243303E+00   0.102088E-02   0.509022E-01   0.292885E+00
 0.136486E+02   0.239391E+00   0.970644E-03   0.500871E-01   0.292885E+00
 0.136592E+02   0.235518E+00   0.922547E-03   0.492799E-01   0.292885E+00
 0.136695E+02   0.231677E+00   0.876471E-03   0.484794E-01   0.292885E+00
 0.136796E+02   0.227865E+00   0.832308E-03   0.476846E-01   0.292885E+00
 0.136905E+02   0.223659E+00   0.785357E-03   0.468076E-01   0.292885E+00
 0.137012E+02   0.219496E+00   0.740653E-03   0.459393E-01   0.292885E+00
 0.137119E+02   0.215211E+00   0.696418E-03   0.450453E-01   0.292885E+00
 0.137222E+02   0.210975E+00   0.654502E-03   0.441615E-01   0.292885E+00
 0.137323E+02   0.206780E+00   0.614751E-03   0.432860E-01   0.292885E+00
 0.137429E+02   0.202241E+00   0.573680E-03   0.423387E-01   0.292885E+00
 0.137532E+02   0.197740E+00   0.534833E-03   0.413989E-01   0.292885E+00
 0.137632E+02   0.193225E+00   0.497668E-03   0.404561E-01   0.292885E+00
 0.137735E+02   0.188502E+00   0.460751E-03   0.394696E-01   0.292885E+00
 0.137840E+02   0.183509E+00   0.423966E-03   0.384266E-01   0.292885E+00
 0.137941E+02   0.178566E+00   0.389769E-03   0.373939E-01   0.292885E+00
 0.138043E+02   0.173337E+00   0.355865E-03   0.363013E-01   0.292885E+00
 0.138148E+02   0.167826E+00   0.322480E-03   0.351493E-01   0.292885E+00
 0.138250E+02   0.162180E+00   0.290770E-03   0.339689E-01   0.292885E+00
 0.138352E+02   0.156313E+00   0.260426E-03   0.327421E-01   0.292885E+00
 0.138454E+02   0.150217E+00   0.231489E-03   0.314673E-01   0.292885E+00
 0.138557E+02   0.143710E+00   0.203235E-03   0.301062E-01   0.292885E+00
 0.138659E+02   0.136834E+00   0.176593E-03   0.286676E-01   0.292885E+00
 0.138762E+02   0.129299E+00   0.151183E-03   0.270909E-01   0.292885E+00
 0.138862E+02   0.121244E+00   0.127735E-03   0.254050E-01   0.292885E+00
 0.138963E+02   0.112431E+00   0.105959E-03   0.235602E-01   0.292885E+00
 0.139064E+02   0.102654E+00   0.859290E-04   0.215130E-01   0.292885E+00
 0.139165E+02   0.917080E-01   0.677961E-04   0.192206E-01   0.292885E+00
 0.139265E+02   0.781659E-01   0.520194E-04   0.163843E-01   0.292885E+00
 0.139366E+02   0.621582E-01   0.389897E-04   0.130318E-01   0.292885E+00
 0.139466E+02   0.464632E-01   0.289854E-04   0.974076E-02   0.292885E+00
 0.139567E+02   0.337142E-01   0.216280E-04   0.706791E-02   0.292885E+00
 0.139668E+02   0.246506E-01   0.162696E-04   0.517468E-02   0.292885E+00
 0.139769E+02   0.182548E-01   0.123643E-04   0.384087E-02   0.292885E+00
 0.139870E+02   0.134653E-01   0.945807E-05   0.283994E-02   0.292885E+00
 0.139971E+02   0.987206E-02   0.732575E-05   0.208638E-02   0.292885E+00
 0.140072E+02   0.718697E-02   0.577207E-05   0.152119E-02   0.292885E+00
 0.140172E+02   0.520241E-02   0.464954E-05   0.110206E-02   0.292885E+00
 0.140274E+02   0.373784E-02   0.383639E-05   0.791896E-03   0.292885E+00
 0.140374E+02   0.268431E-02   0.325981E-05   0.568293E-03   0.292885E+00
 0.140475E+02   0.191643E-02   0.284407E-05   0.405042E-03   0.292885E+00
 0.140576E+02   0.136469E-02   0.254772E-05   0.287594E-03   0.292885E+00
 0.140676E+02   0.118967E-02   0.232632E-05   0.250317E-03   0.292885E+00
 0.140778E+02   0.111434E-02   0.211428E-05   0.234405E-03   0.292885E+00
 0.140880E+02   0.995307E-03   0.192074E-05   0.209483E-03   0.292885E+00
 0.140986E+02   0.890924E-03   0.174205E-05   0.187615E-03   0.292885E+00
 0.141090E+02   0.816769E-03   0.158337E-05   0.172027E-03   0.292885E+00
 0.141193E+02   0.759399E-03   0.143888E-05   0.159969E-03   0.292885E+00
 0.141293E+02   0.710948E-03   0.130715E-05   0.149800E-03   0.292885E+00
 0.141395E+02   0.662441E-03   0.118254E-05   0.139620E-03   0.292885E+00
 0.141496E+02   0.610270E-03   0.106878E-05   0.128650E-03   0.292885E+00
 0.141597E+02   0.553110E-03   0.965162E-06   0.116589E-03   0.292885E+00
 0.141698E+02   0.499764E-03   0.870433E-06   0.105375E-03   0.292885E+00
 0.141801E+02   0.452534E-03   0.784621E-06   0.954491E-04   0.292885E+00
 0.141902E+02   0.409494E-03   0.707290E-06   0.863524E-04   0.292885E+00
 0.142005E+02   0.372731E-03   0.636796E-06   0.785940E-04   0.292885E+00
 0.142108E+02   0.342609E-03   0.572387E-06   0.722668E-04   0.292885E+00
 0.142211E+02   0.316137E-03   0.512798E-06   0.667115E-04   0.292885E+00
 0.142311E+02   0.291981E-03   0.459413E-06   0.616298E-04   0.292885E+00
 0.142412E+02   0.268461E-03   0.410152E-06   0.566648E-04   0.292885E+00
 0.142514E+02   0.245483E-03   0.364431E-06   0.518111E-04   0.292885E+00
 0.142616E+02   0.223641E-03   0.322838E-06   0.472060E-04   0.292885E+00
 0.142720E+02   0.203050E-03   0.284293E-06   0.428706E-04   0.292885E+00
 0.142822E+02   0.185019E-03   0.249951E-06   0.390699E-04   0.292885E+00
 0.142924E+02   0.168532E-03   0.218947E-06   0.355884E-04   0.292885E+00
 0.143025E+02   0.151389E-03   0.191085E-06   0.319695E-04   0.292885E+00
 0.143126E+02   0.133108E-03   0.166168E-06   0.281181E-04   0.292885E+00
 0.143229E+02   0.117081E-03   0.144181E-06   0.247392E-04   0.292885E+00
 0.143329E+02   0.104887E-03   0.125079E-06   0.221621E-04   0.292885E+00
 0.143429E+02   0.943496E-04   0.107969E-06   0.199358E-04   0.292885E+00
 0.143530E+02   0.842030E-04   0.926337E-07   0.177959E-04   0.292885E+00
 0.143631E+02   0.738859E-04   0.788919E-07   0.156190E-04   0.292885E+00
 0.143732E+02   0.640323E-04   0.670008E-07   0.135360E-04   0.292885E+00
 0.143833E+02   0.558977E-04   0.567373E-07   0.118196E-04   0.292885E+00
 0.143935E+02   0.491191E-04   0.476525E-07   0.103902E-04   0.292885E+00
 0.144036E+02   0.430196E-04   0.398025E-07   0.909852E-05   0.292885E+00
 0.144137E+02   0.372664E-04   0.329146E-07   0.788108E-05   0.292885E+00
 0.144240E+02   0.319550E-04   0.268860E-07   0.676336E-05   0.292885E+00
 0.144342E+02   0.274888E-04   0.218135E-07   0.581912E-05   0.292885E+00
 0.144442E+02   0.232070E-04   0.175339E-07   0.491035E-05   0.292885E+00
 0.144542E+02   0.189812E-04   0.139811E-07   0.401665E-05   0.292885E+00
 0.144643E+02   0.157337E-04   0.110534E-07   0.332974E-05   0.292885E+00
 0.144745E+02   0.131149E-04   0.860562E-08   0.277562E-05   0.292885E+00
 0.144845E+02   0.108549E-04   0.659597E-08   0.229775E-05   0.292885E+00
 0.144946E+02   0.877138E-05   0.494066E-08   0.185732E-05   0.292885E+00
 0.145047E+02   0.686487E-05   0.362897E-08   0.145397E-05   0.292885E+00
 0.145148E+02   0.532341E-05   0.261404E-08   0.112753E-05   0.292885E+00
 0.145248E+02   0.421362E-05   0.182009E-08   0.892472E-06   0.292885E+00
 0.145349E+02   0.282556E-05   0.123796E-08   0.598601E-06   0.292885E+00
 0.145449E+02   0.212934E-05   0.829963E-09   0.451151E-06   0.292885E+00
 0.145550E+02   0.151303E-05   0.526902E-09   0.320594E-06   0.292885E+00
 0.145651E+02   0.104596E-05   0.315395E-09   0.221601E-06   0.292885E+00
 0.145752E+02   0.650150E-06   0.177187E-09   0.137819E-06   0.292885E+00
 0.145852E+02   0.403211E-06   0.914359E-10   0.854725E-07   0.292885E+00
 0.145952E+02   0.223735E-06   0.407956E-10   0.474456E-07   0.292885E+00
 0.146052E+02   0.106357E-06   0.143620E-10   0.225478E-07   0.292885E+00
 0.146152E+02   0.381743E-07   0.325505E-11   0.809417E-08   0.292885E+00
 0.146253E+02   0.542249E-08   0.192102E-12   0.114994E-08   0.292885E+00
