 0.000000E+00   0.162000E+01   0.257646E+00   0.315441E+00   0.315441E+00
 0.102309E-01   0.162000E+01   0.257646E+00   0.315441E+00   0.315441E+00
 0.206303E-01   0.162000E+01   0.257645E+00   0.315441E+00   0.315441E+00
 0.309738E-01   0.162000E+01   0.257644E+00   0.315440E+00   0.315441E+00
 0.415919E-01   0.161999E+01   0.257642E+00   0.315440E+00   0.315441E+00
 0.523659E-01   0.161999E+01   0.257640E+00   0.315439E+00   0.315441E+00
 0.626727E-01   0.161998E+01   0.257637E+00   0.315438E+00   0.315441E+00
 0.730263E-01   0.161997E+01   0.257633E+00   0.315437E+00   0.315441E+00
 0.831695E-01   0.161997E+01   0.257630E+00   0.315435E+00   0.315441E+00
 0.941193E-01   0.161996E+01   0.257625E+00   0.315434E+00   0.315441E+00
 0.104542E+00   0.161994E+01   0.257620E+00   0.315432E+00   0.315441E+00
 0.115633E+00   0.161993E+01   0.257614E+00   0.315430E+00   0.315441E+00
 0.125894E+00   0.161992E+01   0.257608E+00   0.315428E+00   0.315441E+00
 0.136687E+00   0.161991E+01   0.257601E+00   0.315425E+00   0.315441E+00
 0.148018E+00   0.161989E+01   0.257593E+00   0.315423E+00   0.315441E+00
 0.158163E+00   0.161987E+01   0.257585E+00   0.315420E+00   0.315441E+00
 0.168715E+00   0.161986E+01   0.257577E+00   0.315417E+00   0.315441E+00
 0.179678E+00   0.161984E+01   0.257567E+00   0.315414E+00   0.315441E+00
 0.191058E+00   0.161982E+01   0.257557E+00   0.315410E+00   0.315441E+00
 0.202865E+00   0.161979E+01   0.257546E+00   0.315406E+00   0.315441E+00
 0.213031E+00   0.161977E+01   0.257535E+00   0.315403E+00   0.315441E+00
 0.223495E+00   0.161975E+01   0.257524E+00   0.315399E+00   0.315441E+00
 0.234263E+00   0.161972E+01   0.257512E+00   0.315395E+00   0.315441E+00
 0.245336E+00   0.161970E+01   0.257499E+00   0.315390E+00   0.315441E+00
 0.256720E+00   0.161967E+01   0.257485E+00   0.315385E+00   0.315441E+00
 0.268417E+00   0.161964E+01   0.257470E+00   0.315380E+00   0.315441E+00
 0.280428E+00   0.161960E+01   0.257454E+00   0.315375E+00   0.315441E+00
 0.292753E+00   0.161957E+01   0.257436E+00   0.315369E+00   0.315441E+00
 0.302847E+00   0.161954E+01   0.257422E+00   0.315363E+00   0.315441E+00
 0.313148E+00   0.161951E+01   0.257406E+00   0.315358E+00   0.315441E+00
 0.323651E+00   0.161947E+01   0.257390E+00   0.315352E+00   0.315441E+00
 0.334366E+00   0.161944E+01   0.257372E+00   0.315346E+00   0.315441E+00
 0.345291E+00   0.161940E+01   0.257354E+00   0.315340E+00   0.315441E+00
 0.356430E+00   0.161936E+01   0.257335E+00   0.315334E+00   0.315441E+00
 0.367778E+00   0.161932E+01   0.257315E+00   0.315327E+00   0.315441E+00
 0.379343E+00   0.161927E+01   0.257294E+00   0.315319E+00   0.315441E+00
 0.391119E+00   0.161923E+01   0.257271E+00   0.315312E+00   0.315441E+00
 0.403115E+00   0.161918E+01   0.257248E+00   0.315304E+00   0.315441E+00
 0.415329E+00   0.161913E+01   0.257224E+00   0.315295E+00   0.315441E+00
 0.427763E+00   0.161908E+01   0.257198E+00   0.315286E+00   0.315441E+00
 0.440418E+00   0.161902E+01   0.257171E+00   0.315277E+00   0.315441E+00
 0.453295E+00   0.161896E+01   0.257143E+00   0.315267E+00   0.315441E+00
 0.466393E+00   0.161890E+01   0.257113E+00   0.315257E+00   0.315441E+00
 0.479719E+00   0.161884E+01   0.257082E+00   0.315246E+00   0.315441E+00
 0.489862E+00   0.161879E+01   0.257058E+00   0.315238E+00   0.315441E+00
 0.500130E+00   0.161874E+01   0.257033E+00   0.315229E+00   0.315441E+00
 0.510526E+00   0.161869E+01   0.257008E+00   0.315220E+00   0.315441E+00
 0.521049E+00   0.161863E+01   0.256981E+00   0.315211E+00   0.315441E+00
 0.531706E+00   0.161858E+01   0.256953E+00   0.315202E+00   0.315441E+00
 0.542489E+00   0.161852E+01   0.256925E+00   0.315192E+00   0.315441E+00
 0.553402E+00   0.161846E+01   0.256896E+00   0.315182E+00   0.315441E+00
 0.564444E+00   0.161839E+01   0.256866E+00   0.315171E+00   0.315441E+00
 0.575620E+00   0.161833E+01   0.256834E+00   0.315161E+00   0.315441E+00
 0.586930E+00   0.161826E+01   0.256802E+00   0.315149E+00   0.315441E+00
 0.598369E+00   0.161820E+01   0.256769E+00   0.315138E+00   0.315441E+00
 0.609941E+00   0.161813E+01   0.256735E+00   0.315126E+00   0.315441E+00
 0.621646E+00   0.161805E+01   0.256699E+00   0.315114E+00   0.315441E+00
 0.633482E+00   0.161798E+01   0.256663E+00   0.315101E+00   0.315441E+00
 0.645454E+00   0.161790E+01   0.256626E+00   0.315088E+00   0.315441E+00
 0.657559E+00   0.161782E+01   0.256587E+00   0.315075E+00   0.315441E+00
 0.669800E+00   0.161774E+01   0.256547E+00   0.315061E+00   0.315441E+00
 0.682177E+00   0.161766E+01   0.256506E+00   0.315047E+00   0.315441E+00
 0.694688E+00   0.161757E+01   0.256464E+00   0.315032E+00   0.315441E+00
 0.707336E+00   0.161748E+01   0.256421E+00   0.315017E+00   0.315441E+00
 0.720119E+00   0.161739E+01   0.256376E+00   0.315002E+00   0.315441E+00
 0.733038E+00   0.161729E+01   0.256330E+00   0.314986E+00   0.315441E+00
 0.746098E+00   0.161720E+01   0.256283E+00   0.314970E+00   0.315441E+00
 0.759293E+00   0.161709E+01   0.256234E+00   0.314953E+00   0.315441E+00
 0.772628E+00   0.161699E+01   0.256184E+00   0.314936E+00   0.315441E+00
 0.786104E+00   0.161689E+01   0.256133E+00   0.314918E+00   0.315441E+00
 0.799719E+00   0.161678E+01   0.256080E+00   0.314900E+00   0.315441E+00
 0.813473E+00   0.161667E+01   0.256026E+00   0.314881E+00   0.315441E+00
 0.827367E+00   0.161655E+01   0.255970E+00   0.314861E+00   0.315441E+00
 0.841400E+00   0.161643E+01   0.255913E+00   0.314842E+00   0.315441E+00
 0.855576E+00   0.161631E+01   0.255854E+00   0.314821E+00   0.315441E+00
 0.869892E+00   0.161619E+01   0.255794E+00   0.314800E+00   0.315441E+00
 0.884350E+00   0.161606E+01   0.255732E+00   0.314779E+00   0.315441E+00
 0.898953E+00   0.161593E+01   0.255668E+00   0.314757E+00   0.315441E+00
 0.913695E+00   0.161579E+01   0.255603E+00   0.314734E+00   0.315441E+00
 0.928583E+00   0.161566E+01   0.255536E+00   0.314711E+00   0.315441E+00
 0.938589E+00   0.161556E+01   0.255490E+00   0.314695E+00   0.315441E+00
 0.948657E+00   0.161547E+01   0.255444E+00   0.314679E+00   0.315441E+00
 0.958789E+00   0.161537E+01   0.255396E+00   0.314662E+00   0.315441E+00
 0.968985E+00   0.161527E+01   0.255348E+00   0.314646E+00   0.315441E+00
 0.979244E+00   0.161517E+01   0.255300E+00   0.314629E+00   0.315441E+00
 0.989569E+00   0.161507E+01   0.255250E+00   0.314612E+00   0.315441E+00
 0.999958E+00   0.161496E+01   0.255200E+00   0.314594E+00   0.315441E+00
 0.101041E+01   0.161486E+01   0.255148E+00   0.314576E+00   0.315441E+00
 0.102093E+01   0.161475E+01   0.255096E+00   0.314558E+00   0.315441E+00
 0.103152E+01   0.161464E+01   0.255043E+00   0.314540E+00   0.315441E+00
 0.104216E+01   0.161453E+01   0.254989E+00   0.314521E+00   0.315441E+00
 0.105288E+01   0.161441E+01   0.254934E+00   0.314502E+00   0.315441E+00
 0.106365E+01   0.161430E+01   0.254879E+00   0.314483E+00   0.315441E+00
 0.107450E+01   0.161418E+01   0.254822E+00   0.314463E+00   0.315441E+00
 0.108541E+01   0.161406E+01   0.254765E+00   0.314443E+00   0.315441E+00
 0.109638E+01   0.161394E+01   0.254706E+00   0.314423E+00   0.315441E+00
 0.110742E+01   0.161382E+01   0.254647E+00   0.314402E+00   0.315441E+00
 0.111853E+01   0.161370E+01   0.254587E+00   0.314381E+00   0.315441E+00
 0.112970E+01   0.161357E+01   0.254525E+00   0.314360E+00   0.315441E+00
 0.114094E+01   0.161344E+01   0.254463E+00   0.314338E+00   0.315441E+00
 0.115224E+01   0.161331E+01   0.254400E+00   0.314316E+00   0.315441E+00
 0.116361E+01   0.161318E+01   0.254336E+00   0.314294E+00   0.315441E+00
 0.117505E+01   0.161304E+01   0.254271E+00   0.314271E+00   0.315441E+00
 0.118655E+01   0.161291E+01   0.254205E+00   0.314248E+00   0.315441E+00
 0.119812E+01   0.161277E+01   0.254137E+00   0.314225E+00   0.315441E+00
 0.120976E+01   0.161263E+01   0.254069E+00   0.314201E+00   0.315441E+00
 0.122146E+01   0.161248E+01   0.254000E+00   0.314177E+00   0.315441E+00
 0.123323E+01   0.161234E+01   0.253929E+00   0.314153E+00   0.315441E+00
 0.124506E+01   0.161219E+01   0.253858E+00   0.314128E+00   0.315441E+00
 0.125697E+01   0.161204E+01   0.253785E+00   0.314102E+00   0.315441E+00
 0.126894E+01   0.161189E+01   0.253712E+00   0.314077E+00   0.315441E+00
 0.128097E+01   0.161173E+01   0.253637E+00   0.314051E+00   0.315441E+00
 0.129308E+01   0.161158E+01   0.253561E+00   0.314024E+00   0.315441E+00
 0.130525E+01   0.161142E+01   0.253484E+00   0.313997E+00   0.315441E+00
 0.131749E+01   0.161125E+01   0.253406E+00   0.313970E+00   0.315441E+00
 0.132980E+01   0.161109E+01   0.253327E+00   0.313943E+00   0.315441E+00
 0.134217E+01   0.161092E+01   0.253247E+00   0.313915E+00   0.315441E+00
 0.135461E+01   0.161075E+01   0.253165E+00   0.313886E+00   0.315441E+00
 0.136712E+01   0.161058E+01   0.253082E+00   0.313857E+00   0.315441E+00
 0.137970E+01   0.161041E+01   0.252998E+00   0.313828E+00   0.315441E+00
 0.139234E+01   0.161023E+01   0.252913E+00   0.313798E+00   0.315441E+00
 0.140506E+01   0.161005E+01   0.252827E+00   0.313768E+00   0.315441E+00
 0.141784E+01   0.160987E+01   0.252739E+00   0.313737E+00   0.315441E+00
 0.143069E+01   0.160969E+01   0.252650E+00   0.313706E+00   0.315441E+00
 0.144361E+01   0.160950E+01   0.252560E+00   0.313675E+00   0.315441E+00
 0.145659E+01   0.160931E+01   0.252468E+00   0.313643E+00   0.315441E+00
 0.146965E+01   0.160912E+01   0.252376E+00   0.313610E+00   0.315441E+00
 0.148277E+01   0.160892E+01   0.252282E+00   0.313578E+00   0.315441E+00
 0.149596E+01   0.160872E+01   0.252186E+00   0.313544E+00   0.315441E+00
 0.150923E+01   0.160852E+01   0.252090E+00   0.313510E+00   0.315441E+00
 0.152256E+01   0.160832E+01   0.251991E+00   0.313476E+00   0.315441E+00
 0.153596E+01   0.160811E+01   0.251892E+00   0.313441E+00   0.315441E+00
 0.154942E+01   0.160790E+01   0.251791E+00   0.313406E+00   0.315441E+00
 0.156296E+01   0.160769E+01   0.251689E+00   0.313370E+00   0.315441E+00
 0.157656E+01   0.160748E+01   0.251586E+00   0.313334E+00   0.315441E+00
 0.159024E+01   0.160726E+01   0.251481E+00   0.313297E+00   0.315441E+00
 0.160399E+01   0.160704E+01   0.251374E+00   0.313260E+00   0.315441E+00
 0.161780E+01   0.160681E+01   0.251266E+00   0.313222E+00   0.315441E+00
 0.163168E+01   0.160659E+01   0.251157E+00   0.313184E+00   0.315441E+00
 0.164563E+01   0.160636E+01   0.251046E+00   0.313145E+00   0.315441E+00
 0.165965E+01   0.160612E+01   0.250934E+00   0.313106E+00   0.315441E+00
 0.167374E+01   0.160589E+01   0.250821E+00   0.313066E+00   0.315441E+00
 0.168791E+01   0.160565E+01   0.250705E+00   0.313025E+00   0.315441E+00
 0.170214E+01   0.160540E+01   0.250589E+00   0.312984E+00   0.315441E+00
 0.171644E+01   0.160516E+01   0.250470E+00   0.312943E+00   0.315441E+00
 0.173080E+01   0.160491E+01   0.250351E+00   0.312901E+00   0.315441E+00
 0.174524E+01   0.160465E+01   0.250229E+00   0.312858E+00   0.315441E+00
 0.175975E+01   0.160440E+01   0.250106E+00   0.312815E+00   0.315441E+00
 0.177433E+01   0.160414E+01   0.249982E+00   0.312771E+00   0.315441E+00
 0.178898E+01   0.160388E+01   0.249856E+00   0.312727E+00   0.315441E+00
 0.180370E+01   0.160361E+01   0.249728E+00   0.312682E+00   0.315441E+00
 0.181849E+01   0.160334E+01   0.249599E+00   0.312636E+00   0.315441E+00
 0.183335E+01   0.160307E+01   0.249468E+00   0.312590E+00   0.315441E+00
 0.184828E+01   0.160279E+01   0.249335E+00   0.312543E+00   0.315441E+00
 0.186328E+01   0.160251E+01   0.249201E+00   0.312496E+00   0.315441E+00
 0.187835E+01   0.160223E+01   0.249065E+00   0.312448E+00   0.315441E+00
 0.189349E+01   0.160194E+01   0.248927E+00   0.312400E+00   0.315441E+00
 0.190870E+01   0.160165E+01   0.248788E+00   0.312350E+00   0.315441E+00
 0.192399E+01   0.160135E+01   0.248646E+00   0.312301E+00   0.315441E+00
 0.193934E+01   0.160105E+01   0.248504E+00   0.312250E+00   0.315441E+00
 0.195476E+01   0.160075E+01   0.248359E+00   0.312199E+00   0.315441E+00
 0.197026E+01   0.160044E+01   0.248212E+00   0.312147E+00   0.315441E+00
 0.198582E+01   0.160013E+01   0.248064E+00   0.312095E+00   0.315441E+00
 0.200146E+01   0.159982E+01   0.247914E+00   0.312042E+00   0.315441E+00
 0.201717E+01   0.159950E+01   0.247762E+00   0.311988E+00   0.315441E+00
 0.203295E+01   0.159918E+01   0.247609E+00   0.311934E+00   0.315441E+00
 0.204880E+01   0.159885E+01   0.247453E+00   0.311879E+00   0.315441E+00
 0.206472E+01   0.159852E+01   0.247296E+00   0.311823E+00   0.315441E+00
 0.208071E+01   0.159819E+01   0.247136E+00   0.311767E+00   0.315441E+00
 0.209677E+01   0.159785E+01   0.246975E+00   0.311710E+00   0.315441E+00
 0.211291E+01   0.159751E+01   0.246812E+00   0.311652E+00   0.315441E+00
 0.212911E+01   0.159716E+01   0.246647E+00   0.311593E+00   0.315441E+00
 0.214539E+01   0.159681E+01   0.246480E+00   0.311534E+00   0.315441E+00
 0.216173E+01   0.159646E+01   0.246311E+00   0.311474E+00   0.315441E+00
 0.217816E+01   0.159610E+01   0.246140E+00   0.311413E+00   0.315441E+00
 0.219464E+01   0.159574E+01   0.245968E+00   0.311352E+00   0.315441E+00
 0.221121E+01   0.159537E+01   0.245793E+00   0.311290E+00   0.315441E+00
 0.222784E+01   0.159500E+01   0.245616E+00   0.311227E+00   0.315441E+00
 0.224454E+01   0.159462E+01   0.245437E+00   0.311163E+00   0.315441E+00
 0.226131E+01   0.159424E+01   0.245256E+00   0.311099E+00   0.315441E+00
 0.227816E+01   0.159385E+01   0.245073E+00   0.311034E+00   0.315441E+00
 0.229507E+01   0.159346E+01   0.244888E+00   0.310968E+00   0.315441E+00
 0.231206E+01   0.159307E+01   0.244701E+00   0.310901E+00   0.315441E+00
 0.232912E+01   0.159267E+01   0.244512E+00   0.310834E+00   0.315441E+00
 0.234625E+01   0.159227E+01   0.244320E+00   0.310765E+00   0.315441E+00
 0.236346E+01   0.159186E+01   0.244127E+00   0.310696E+00   0.315441E+00
 0.238073E+01   0.159145E+01   0.243931E+00   0.310627E+00   0.315441E+00
 0.239807E+01   0.159103E+01   0.243733E+00   0.310556E+00   0.315441E+00
 0.241549E+01   0.159061E+01   0.243533E+00   0.310484E+00   0.315441E+00
 0.243298E+01   0.159018E+01   0.243331E+00   0.310412E+00   0.315441E+00
 0.245054E+01   0.158975E+01   0.243127E+00   0.310339E+00   0.315441E+00
 0.246817E+01   0.158931E+01   0.242920E+00   0.310265E+00   0.315441E+00
 0.248587E+01   0.158887E+01   0.242711E+00   0.310190E+00   0.315441E+00
 0.250365E+01   0.158842E+01   0.242500E+00   0.310114E+00   0.315441E+00
 0.252150E+01   0.158797E+01   0.242287E+00   0.310038E+00   0.315441E+00
 0.253941E+01   0.158751E+01   0.242071E+00   0.309961E+00   0.315441E+00
 0.255740E+01   0.158705E+01   0.241853E+00   0.309882E+00   0.315441E+00
 0.257546E+01   0.158659E+01   0.241633E+00   0.309803E+00   0.315441E+00
 0.259359E+01   0.158611E+01   0.241411E+00   0.309723E+00   0.315441E+00
 0.261179E+01   0.158564E+01   0.241186E+00   0.309642E+00   0.315441E+00
 0.263007E+01   0.158515E+01   0.240958E+00   0.309560E+00   0.315441E+00
 0.264842E+01   0.158467E+01   0.240729E+00   0.309478E+00   0.315441E+00
 0.266684E+01   0.158417E+01   0.240497E+00   0.309394E+00   0.315441E+00
 0.268532E+01   0.158367E+01   0.240262E+00   0.309310E+00   0.315441E+00
 0.270389E+01   0.158317E+01   0.240025E+00   0.309224E+00   0.315441E+00
 0.272252E+01   0.158266E+01   0.239786E+00   0.309138E+00   0.315441E+00
 0.274122E+01   0.158215E+01   0.239544E+00   0.309050E+00   0.315441E+00
 0.276000E+01   0.158162E+01   0.239300E+00   0.308962E+00   0.315441E+00
 0.277885E+01   0.158110E+01   0.239053E+00   0.308873E+00   0.315441E+00
 0.279777E+01   0.158057E+01   0.238804E+00   0.308783E+00   0.315441E+00
 0.281675E+01   0.158003E+01   0.238552E+00   0.308691E+00   0.315441E+00
 0.283581E+01   0.157949E+01   0.238298E+00   0.308599E+00   0.315441E+00
 0.285494E+01   0.157894E+01   0.238041E+00   0.308506E+00   0.315441E+00
 0.287414E+01   0.157838E+01   0.237782E+00   0.308412E+00   0.315441E+00
 0.289342E+01   0.157782E+01   0.237520E+00   0.308317E+00   0.315441E+00
 0.291277E+01   0.157726E+01   0.237255E+00   0.308221E+00   0.315441E+00
 0.293218E+01   0.157669E+01   0.236988E+00   0.308124E+00   0.315441E+00
 0.295167E+01   0.157611E+01   0.236719E+00   0.308025E+00   0.315441E+00
 0.297123E+01   0.157552E+01   0.236446E+00   0.307926E+00   0.315441E+00
 0.299086E+01   0.157494E+01   0.236171E+00   0.307826E+00   0.315441E+00
 0.301056E+01   0.157434E+01   0.235894E+00   0.307725E+00   0.315441E+00
 0.303033E+01   0.157374E+01   0.235613E+00   0.307622E+00   0.315441E+00
 0.305018E+01   0.157313E+01   0.235330E+00   0.307519E+00   0.315441E+00
 0.307009E+01   0.157251E+01   0.235045E+00   0.307415E+00   0.315441E+00
 0.309007E+01   0.157189E+01   0.234756E+00   0.307309E+00   0.315441E+00
 0.310009E+01   0.157158E+01   0.234611E+00   0.307256E+00   0.315441E+00
 0.311013E+01   0.157127E+01   0.234465E+00   0.307202E+00   0.315441E+00
 0.312018E+01   0.157095E+01   0.234319E+00   0.307149E+00   0.315441E+00
 0.313025E+01   0.157063E+01   0.234171E+00   0.307095E+00   0.315441E+00
 0.314034E+01   0.157032E+01   0.234024E+00   0.307040E+00   0.315441E+00
 0.315045E+01   0.157000E+01   0.233875E+00   0.306986E+00   0.315441E+00
 0.316057E+01   0.156967E+01   0.233726E+00   0.306931E+00   0.315441E+00
 0.317071E+01   0.156935E+01   0.233576E+00   0.306876E+00   0.315441E+00
 0.318087E+01   0.156902E+01   0.233425E+00   0.306821E+00   0.315441E+00
 0.319105E+01   0.156870E+01   0.233273E+00   0.306765E+00   0.315441E+00
 0.320125E+01   0.156837E+01   0.233121E+00   0.306709E+00   0.315441E+00
 0.321146E+01   0.156804E+01   0.232969E+00   0.306653E+00   0.315441E+00
 0.322169E+01   0.156771E+01   0.232815E+00   0.306596E+00   0.315441E+00
 0.323193E+01   0.156737E+01   0.232661E+00   0.306540E+00   0.315441E+00
 0.324220E+01   0.156704E+01   0.232506E+00   0.306482E+00   0.315441E+00
 0.325248E+01   0.156670E+01   0.232350E+00   0.306425E+00   0.315441E+00
 0.326278E+01   0.156636E+01   0.232194E+00   0.306368E+00   0.315441E+00
 0.327310E+01   0.156602E+01   0.232037E+00   0.306310E+00   0.315441E+00
 0.328344E+01   0.156568E+01   0.231879E+00   0.306251E+00   0.315441E+00
 0.329379E+01   0.156534E+01   0.231721E+00   0.306193E+00   0.315441E+00
 0.330416E+01   0.156499E+01   0.231561E+00   0.306134E+00   0.315441E+00
 0.331455E+01   0.156465E+01   0.231402E+00   0.306075E+00   0.315441E+00
 0.332496E+01   0.156430E+01   0.231241E+00   0.306016E+00   0.315441E+00
 0.333538E+01   0.156395E+01   0.231080E+00   0.305956E+00   0.315441E+00
 0.334586E+01   0.156360E+01   0.230917E+00   0.305896E+00   0.315441E+00
 0.335632E+01   0.156324E+01   0.230754E+00   0.305836E+00   0.315441E+00
 0.336679E+01   0.156289E+01   0.230591E+00   0.305775E+00   0.315441E+00
 0.337729E+01   0.156253E+01   0.230426E+00   0.305714E+00   0.315441E+00
 0.338780E+01   0.156217E+01   0.230261E+00   0.305653E+00   0.315441E+00
 0.339834E+01   0.156181E+01   0.230096E+00   0.305592E+00   0.315441E+00
 0.340889E+01   0.156145E+01   0.229929E+00   0.305530E+00   0.315441E+00
 0.341945E+01   0.156108E+01   0.229762E+00   0.305468E+00   0.315441E+00
 0.343004E+01   0.156072E+01   0.229594E+00   0.305405E+00   0.315441E+00
 0.344064E+01   0.156035E+01   0.229425E+00   0.305343E+00   0.315441E+00
 0.345126E+01   0.155998E+01   0.229256E+00   0.305280E+00   0.315441E+00
 0.346189E+01   0.155961E+01   0.229086E+00   0.305216E+00   0.315441E+00
 0.347255E+01   0.155924E+01   0.228915E+00   0.305153E+00   0.315441E+00
 0.348322E+01   0.155886E+01   0.228743E+00   0.305089E+00   0.315441E+00
 0.349391E+01   0.155849E+01   0.228571E+00   0.305025E+00   0.315441E+00
 0.350461E+01   0.155811E+01   0.228398E+00   0.304960E+00   0.315441E+00
 0.351534E+01   0.155773E+01   0.228224E+00   0.304895E+00   0.315441E+00
 0.352608E+01   0.155735E+01   0.228049E+00   0.304830E+00   0.315441E+00
 0.353684E+01   0.155697E+01   0.227874E+00   0.304765E+00   0.315441E+00
 0.354761E+01   0.155658E+01   0.227698E+00   0.304699E+00   0.315441E+00
 0.355841E+01   0.155619E+01   0.227521E+00   0.304633E+00   0.315441E+00
 0.356922E+01   0.155581E+01   0.227343E+00   0.304567E+00   0.315441E+00
 0.358005E+01   0.155541E+01   0.227165E+00   0.304500E+00   0.315441E+00
 0.359089E+01   0.155502E+01   0.226985E+00   0.304433E+00   0.315441E+00
 0.360175E+01   0.155463E+01   0.226806E+00   0.304365E+00   0.315441E+00
 0.361263E+01   0.155423E+01   0.226625E+00   0.304298E+00   0.315441E+00
 0.362353E+01   0.155383E+01   0.226444E+00   0.304230E+00   0.315441E+00
 0.363444E+01   0.155343E+01   0.226261E+00   0.304161E+00   0.315441E+00
 0.364538E+01   0.155303E+01   0.226078E+00   0.304093E+00   0.315441E+00
 0.365632E+01   0.155263E+01   0.225895E+00   0.304024E+00   0.315441E+00
 0.366729E+01   0.155222E+01   0.225710E+00   0.303955E+00   0.315441E+00
 0.367827E+01   0.155182E+01   0.225525E+00   0.303885E+00   0.315441E+00
 0.368927E+01   0.155141E+01   0.225339E+00   0.303815E+00   0.315441E+00
 0.370029E+01   0.155100E+01   0.225152E+00   0.303745E+00   0.315441E+00
 0.371133E+01   0.155058E+01   0.224964E+00   0.303674E+00   0.315441E+00
 0.372238E+01   0.155017E+01   0.224776E+00   0.303603E+00   0.315441E+00
 0.373345E+01   0.154975E+01   0.224587E+00   0.303532E+00   0.315441E+00
 0.374453E+01   0.154933E+01   0.224397E+00   0.303460E+00   0.315441E+00
 0.375564E+01   0.154891E+01   0.224206E+00   0.303388E+00   0.315441E+00
 0.376676E+01   0.154849E+01   0.224015E+00   0.303316E+00   0.315441E+00
 0.377790E+01   0.154807E+01   0.223823E+00   0.303244E+00   0.315441E+00
 0.378905E+01   0.154764E+01   0.223630E+00   0.303171E+00   0.315441E+00
 0.380022E+01   0.154721E+01   0.223436E+00   0.303097E+00   0.315441E+00
 0.381141E+01   0.154678E+01   0.223241E+00   0.303024E+00   0.315441E+00
 0.382262E+01   0.154635E+01   0.223046E+00   0.302950E+00   0.315441E+00
 0.383384E+01   0.154592E+01   0.222850E+00   0.302876E+00   0.315441E+00
 0.384508E+01   0.154548E+01   0.222653E+00   0.302801E+00   0.315441E+00
 0.385634E+01   0.154504E+01   0.222455E+00   0.302726E+00   0.315441E+00
 0.386761E+01   0.154460E+01   0.222256E+00   0.302651E+00   0.315441E+00
 0.387890E+01   0.154416E+01   0.222057E+00   0.302575E+00   0.315441E+00
 0.389021E+01   0.154372E+01   0.221857E+00   0.302499E+00   0.315441E+00
 0.390154E+01   0.154327E+01   0.221656E+00   0.302423E+00   0.315441E+00
 0.391288E+01   0.154283E+01   0.221454E+00   0.302346E+00   0.315441E+00
 0.392424E+01   0.154238E+01   0.221252E+00   0.302269E+00   0.315441E+00
 0.393561E+01   0.154192E+01   0.221048E+00   0.302191E+00   0.315441E+00
 0.394700E+01   0.154147E+01   0.220844E+00   0.302114E+00   0.315441E+00
 0.395841E+01   0.154102E+01   0.220639E+00   0.302036E+00   0.315441E+00
 0.396984E+01   0.154056E+01   0.220434E+00   0.301957E+00   0.315441E+00
 0.398128E+01   0.154010E+01   0.220227E+00   0.301878E+00   0.315441E+00
 0.399274E+01   0.153964E+01   0.220020E+00   0.301799E+00   0.315441E+00
 0.400422E+01   0.153917E+01   0.219812E+00   0.301720E+00   0.315441E+00
 0.401571E+01   0.153871E+01   0.219603E+00   0.301640E+00   0.315441E+00
 0.402723E+01   0.153824E+01   0.219393E+00   0.301559E+00   0.315441E+00
 0.403876E+01   0.153777E+01   0.219182E+00   0.301479E+00   0.315441E+00
 0.405030E+01   0.153730E+01   0.218971E+00   0.301398E+00   0.315441E+00
 0.406186E+01   0.153682E+01   0.218759E+00   0.301316E+00   0.315441E+00
 0.407344E+01   0.153635E+01   0.218546E+00   0.301235E+00   0.315441E+00
 0.408503E+01   0.153587E+01   0.218332E+00   0.301153E+00   0.315441E+00
 0.409664E+01   0.153539E+01   0.218118E+00   0.301070E+00   0.315441E+00
 0.410826E+01   0.153491E+01   0.217902E+00   0.300987E+00   0.315441E+00
 0.412000E+01   0.153442E+01   0.217684E+00   0.300904E+00   0.315441E+00
 0.413167E+01   0.153393E+01   0.217467E+00   0.300820E+00   0.315441E+00
 0.414335E+01   0.153344E+01   0.217249E+00   0.300736E+00   0.315441E+00
 0.415505E+01   0.153295E+01   0.217030E+00   0.300652E+00   0.315441E+00
 0.416677E+01   0.153246E+01   0.216810E+00   0.300567E+00   0.315441E+00
 0.417851E+01   0.153196E+01   0.216590E+00   0.300482E+00   0.315441E+00
 0.419026E+01   0.153147E+01   0.216369E+00   0.300396E+00   0.315441E+00
 0.420202E+01   0.153097E+01   0.216147E+00   0.300311E+00   0.315441E+00
 0.421381E+01   0.153046E+01   0.215924E+00   0.300224E+00   0.315441E+00
 0.422561E+01   0.152996E+01   0.215700E+00   0.300138E+00   0.315441E+00
 0.423743E+01   0.152946E+01   0.215475E+00   0.300051E+00   0.315441E+00
 0.424926E+01   0.152895E+01   0.215250E+00   0.299963E+00   0.315441E+00
 0.426111E+01   0.152844E+01   0.215024E+00   0.299876E+00   0.315441E+00
 0.427298E+01   0.152792E+01   0.214796E+00   0.299787E+00   0.315441E+00
 0.428486E+01   0.152741E+01   0.214568E+00   0.299699E+00   0.315441E+00
 0.429676E+01   0.152689E+01   0.214340E+00   0.299610E+00   0.315441E+00
 0.430868E+01   0.152637E+01   0.214110E+00   0.299521E+00   0.315441E+00
 0.432061E+01   0.152585E+01   0.213880E+00   0.299431E+00   0.315441E+00
 0.433256E+01   0.152533E+01   0.213649E+00   0.299341E+00   0.315441E+00
 0.434452E+01   0.152480E+01   0.213417E+00   0.299251E+00   0.315441E+00
 0.435650E+01   0.152428E+01   0.213184E+00   0.299160E+00   0.315441E+00
 0.436850E+01   0.152375E+01   0.212950E+00   0.299068E+00   0.315441E+00
 0.438051E+01   0.152321E+01   0.212715E+00   0.298977E+00   0.315441E+00
 0.439254E+01   0.152268E+01   0.212480E+00   0.298885E+00   0.315441E+00
 0.440459E+01   0.152214E+01   0.212244E+00   0.298792E+00   0.315441E+00
 0.441665E+01   0.152161E+01   0.212006E+00   0.298699E+00   0.315441E+00
 0.442873E+01   0.152106E+01   0.211769E+00   0.298606E+00   0.315441E+00
 0.444083E+01   0.152052E+01   0.211530E+00   0.298513E+00   0.315441E+00
 0.445294E+01   0.151998E+01   0.211290E+00   0.298419E+00   0.315441E+00
 0.446507E+01   0.151943E+01   0.211050E+00   0.298324E+00   0.315441E+00
 0.447721E+01   0.151888E+01   0.210808E+00   0.298229E+00   0.315441E+00
 0.448937E+01   0.151832E+01   0.210566E+00   0.298134E+00   0.315441E+00
 0.450155E+01   0.151777E+01   0.210323E+00   0.298038E+00   0.315441E+00
 0.451374E+01   0.151721E+01   0.210080E+00   0.297942E+00   0.315441E+00
 0.452595E+01   0.151665E+01   0.209835E+00   0.297846E+00   0.315441E+00
 0.453817E+01   0.151609E+01   0.209589E+00   0.297749E+00   0.315441E+00
 0.455041E+01   0.151553E+01   0.209343E+00   0.297652E+00   0.315441E+00
 0.456267E+01   0.151496E+01   0.209096E+00   0.297554E+00   0.315441E+00
 0.457494E+01   0.151439E+01   0.208848E+00   0.297456E+00   0.315441E+00
 0.458722E+01   0.151382E+01   0.208599E+00   0.297357E+00   0.315441E+00
 0.459953E+01   0.151325E+01   0.208349E+00   0.297258E+00   0.315441E+00
 0.461184E+01   0.151268E+01   0.208099E+00   0.297159E+00   0.315441E+00
 0.462417E+01   0.151210E+01   0.207847E+00   0.297059E+00   0.315441E+00
 0.463652E+01   0.151152E+01   0.207595E+00   0.296959E+00   0.315441E+00
 0.464889E+01   0.151094E+01   0.207342E+00   0.296859E+00   0.315441E+00
 0.466127E+01   0.151035E+01   0.207088E+00   0.296758E+00   0.315441E+00
 0.467367E+01   0.150976E+01   0.206833E+00   0.296656E+00   0.315441E+00
 0.468608E+01   0.150917E+01   0.206578E+00   0.296554E+00   0.315441E+00
 0.469851E+01   0.150858E+01   0.206321E+00   0.296452E+00   0.315441E+00
 0.471096E+01   0.150799E+01   0.206064E+00   0.296349E+00   0.315441E+00
 0.472342E+01   0.150739E+01   0.205806E+00   0.296246E+00   0.315441E+00
 0.473589E+01   0.150679E+01   0.205547E+00   0.296143E+00   0.315441E+00
 0.474838E+01   0.150619E+01   0.205287E+00   0.296039E+00   0.315441E+00
 0.476089E+01   0.150559E+01   0.205026E+00   0.295934E+00   0.315441E+00
 0.477413E+01   0.150495E+01   0.204749E+00   0.295823E+00   0.315441E+00
 0.478668E+01   0.150434E+01   0.204487E+00   0.295718E+00   0.315441E+00
 0.479925E+01   0.150373E+01   0.204223E+00   0.295612E+00   0.315441E+00
 0.481184E+01   0.150311E+01   0.203958E+00   0.295505E+00   0.315441E+00
 0.482444E+01   0.150249E+01   0.203693E+00   0.295399E+00   0.315441E+00
 0.483706E+01   0.150187E+01   0.203427E+00   0.295291E+00   0.315441E+00
 0.484969E+01   0.150125E+01   0.203160E+00   0.295184E+00   0.315441E+00
 0.486234E+01   0.150063E+01   0.202892E+00   0.295076E+00   0.315441E+00
 0.487500E+01   0.150000E+01   0.202623E+00   0.294967E+00   0.315441E+00
 0.488767E+01   0.149937E+01   0.202353E+00   0.294858E+00   0.315441E+00
 0.490037E+01   0.149874E+01   0.202083E+00   0.294749E+00   0.315441E+00
 0.491308E+01   0.149811E+01   0.201812E+00   0.294639E+00   0.315441E+00
 0.492580E+01   0.149747E+01   0.201539E+00   0.294529E+00   0.315441E+00
 0.493854E+01   0.149683E+01   0.201266E+00   0.294418E+00   0.315441E+00
 0.495129E+01   0.149619E+01   0.200992E+00   0.294307E+00   0.315441E+00
 0.496406E+01   0.149555E+01   0.200718E+00   0.294195E+00   0.315441E+00
 0.497685E+01   0.149490E+01   0.200442E+00   0.294083E+00   0.315441E+00
 0.498965E+01   0.149425E+01   0.200166E+00   0.293970E+00   0.315441E+00
 0.500246E+01   0.149360E+01   0.199888E+00   0.293857E+00   0.315441E+00
 0.501529E+01   0.149295E+01   0.199610E+00   0.293744E+00   0.315441E+00
 0.502813E+01   0.149229E+01   0.199331E+00   0.293630E+00   0.315441E+00
 0.504099E+01   0.149163E+01   0.199051E+00   0.293515E+00   0.315441E+00
 0.505386E+01   0.149097E+01   0.198771E+00   0.293401E+00   0.315441E+00
 0.506675E+01   0.149031E+01   0.198489E+00   0.293285E+00   0.315441E+00
 0.507965E+01   0.148964E+01   0.198207E+00   0.293169E+00   0.315441E+00
 0.509257E+01   0.148897E+01   0.197924E+00   0.293053E+00   0.315441E+00
 0.510550E+01   0.148830E+01   0.197640E+00   0.292936E+00   0.315441E+00
 0.511845E+01   0.148762E+01   0.197355E+00   0.292819E+00   0.315441E+00
 0.513142E+01   0.148695E+01   0.197069E+00   0.292702E+00   0.315441E+00
 0.514439E+01   0.148627E+01   0.196782E+00   0.292584E+00   0.315441E+00
 0.515738E+01   0.148559E+01   0.196495E+00   0.292465E+00   0.315441E+00
 0.517039E+01   0.148490E+01   0.196206E+00   0.292346E+00   0.315441E+00
 0.518341E+01   0.148421E+01   0.195917E+00   0.292226E+00   0.315441E+00
 0.519645E+01   0.148352E+01   0.195627E+00   0.292106E+00   0.315441E+00
 0.520950E+01   0.148283E+01   0.195336E+00   0.291986E+00   0.315441E+00
 0.522256E+01   0.148214E+01   0.195045E+00   0.291865E+00   0.315441E+00
 0.523564E+01   0.148144E+01   0.194752E+00   0.291743E+00   0.315441E+00
 0.524874E+01   0.148074E+01   0.194459E+00   0.291622E+00   0.315441E+00
 0.526184E+01   0.148003E+01   0.194165E+00   0.291499E+00   0.315441E+00
 0.527497E+01   0.147933E+01   0.193870E+00   0.291376E+00   0.315441E+00
 0.528810E+01   0.147862E+01   0.193574E+00   0.291253E+00   0.315441E+00
 0.530125E+01   0.147791E+01   0.193277E+00   0.291129E+00   0.315441E+00
 0.531442E+01   0.147720E+01   0.192979E+00   0.291005E+00   0.315441E+00
 0.532760E+01   0.147648E+01   0.192681E+00   0.290880E+00   0.315441E+00
 0.534082E+01   0.147576E+01   0.192381E+00   0.290754E+00   0.315441E+00
 0.535406E+01   0.147504E+01   0.192080E+00   0.290628E+00   0.315441E+00
 0.536731E+01   0.147431E+01   0.191779E+00   0.290502E+00   0.315441E+00
 0.538057E+01   0.147358E+01   0.191476E+00   0.290375E+00   0.315441E+00
 0.539385E+01   0.147285E+01   0.191173E+00   0.290247E+00   0.315441E+00
 0.540715E+01   0.147212E+01   0.190869E+00   0.290119E+00   0.315441E+00
 0.542045E+01   0.147138E+01   0.190564E+00   0.289991E+00   0.315441E+00
 0.543377E+01   0.147064E+01   0.190258E+00   0.289862E+00   0.315441E+00
 0.544711E+01   0.146990E+01   0.189951E+00   0.289732E+00   0.315441E+00
 0.546046E+01   0.146915E+01   0.189644E+00   0.289602E+00   0.315441E+00
 0.547382E+01   0.146841E+01   0.189336E+00   0.289472E+00   0.315441E+00
 0.548719E+01   0.146766E+01   0.189027E+00   0.289340E+00   0.315441E+00
 0.550058E+01   0.146690E+01   0.188717E+00   0.289209E+00   0.315441E+00
 0.551399E+01   0.146615E+01   0.188406E+00   0.289077E+00   0.315441E+00
 0.552740E+01   0.146539E+01   0.188094E+00   0.288944E+00   0.315441E+00
 0.554084E+01   0.146463E+01   0.187782E+00   0.288811E+00   0.315441E+00
 0.555428E+01   0.146386E+01   0.187469E+00   0.288678E+00   0.315441E+00
 0.556774E+01   0.146310E+01   0.187154E+00   0.288544E+00   0.315441E+00
 0.558121E+01   0.146233E+01   0.186840E+00   0.288409E+00   0.315441E+00
 0.559469E+01   0.146155E+01   0.186524E+00   0.288274E+00   0.315441E+00
 0.560819E+01   0.146078E+01   0.186207E+00   0.288138E+00   0.315441E+00
 0.562170E+01   0.146000E+01   0.185890E+00   0.288002E+00   0.315441E+00
 0.563523E+01   0.145922E+01   0.185572E+00   0.287865E+00   0.315441E+00
 0.564876E+01   0.145843E+01   0.185253E+00   0.287728E+00   0.315441E+00
 0.566232E+01   0.145765E+01   0.184933E+00   0.287591E+00   0.315441E+00
 0.567588E+01   0.145686E+01   0.184612E+00   0.287452E+00   0.315441E+00
 0.568946E+01   0.145607E+01   0.184291E+00   0.287314E+00   0.315441E+00
 0.570305E+01   0.145527E+01   0.183969E+00   0.287174E+00   0.315441E+00
 0.571665E+01   0.145447E+01   0.183646E+00   0.287035E+00   0.315441E+00
 0.573026E+01   0.145367E+01   0.183322E+00   0.286894E+00   0.315441E+00
 0.574389E+01   0.145287E+01   0.182997E+00   0.286753E+00   0.315441E+00
 0.575754E+01   0.145206E+01   0.182672E+00   0.286612E+00   0.315441E+00
 0.577119E+01   0.145125E+01   0.182346E+00   0.286470E+00   0.315441E+00
 0.578486E+01   0.145044E+01   0.182018E+00   0.286328E+00   0.315441E+00
 0.579854E+01   0.144963E+01   0.181691E+00   0.286185E+00   0.315441E+00
 0.581223E+01   0.144881E+01   0.181362E+00   0.286041E+00   0.315441E+00
 0.582594E+01   0.144799E+01   0.181032E+00   0.285897E+00   0.315441E+00
 0.584080E+01   0.144709E+01   0.180675E+00   0.285740E+00   0.315441E+00
 0.585458E+01   0.144627E+01   0.180342E+00   0.285595E+00   0.315441E+00
 0.586837E+01   0.144543E+01   0.180010E+00   0.285449E+00   0.315441E+00
 0.588217E+01   0.144460E+01   0.179676E+00   0.285302E+00   0.315441E+00
 0.589599E+01   0.144376E+01   0.179341E+00   0.285155E+00   0.315441E+00
 0.590981E+01   0.144292E+01   0.179006E+00   0.285007E+00   0.315441E+00
 0.592365E+01   0.144207E+01   0.178670E+00   0.284858E+00   0.315441E+00
 0.593750E+01   0.144123E+01   0.178333E+00   0.284710E+00   0.315441E+00
 0.595137E+01   0.144038E+01   0.177995E+00   0.284560E+00   0.315441E+00
 0.596525E+01   0.143952E+01   0.177657E+00   0.284410E+00   0.315441E+00
 0.597913E+01   0.143867E+01   0.177317E+00   0.284259E+00   0.315441E+00
 0.599304E+01   0.143781E+01   0.176977E+00   0.284108E+00   0.315441E+00
 0.600695E+01   0.143695E+01   0.176636E+00   0.283957E+00   0.315441E+00
 0.602087E+01   0.143608E+01   0.176295E+00   0.283804E+00   0.315441E+00
 0.603481E+01   0.143521E+01   0.175953E+00   0.283651E+00   0.315441E+00
 0.604876E+01   0.143434E+01   0.175609E+00   0.283498E+00   0.315441E+00
 0.606272E+01   0.143347E+01   0.175266E+00   0.283344E+00   0.315441E+00
 0.607669E+01   0.143259E+01   0.174921E+00   0.283190E+00   0.315441E+00
 0.609068E+01   0.143171E+01   0.174576E+00   0.283035E+00   0.315441E+00
 0.610467E+01   0.143083E+01   0.174229E+00   0.282879E+00   0.315441E+00
 0.611868E+01   0.142994E+01   0.173882E+00   0.282723E+00   0.315441E+00
 0.613270E+01   0.142905E+01   0.173535E+00   0.282566E+00   0.315441E+00
 0.614673E+01   0.142816E+01   0.173186E+00   0.282409E+00   0.315441E+00
 0.616077E+01   0.142726E+01   0.172837E+00   0.282251E+00   0.315441E+00
 0.617482E+01   0.142637E+01   0.172487E+00   0.282092E+00   0.315441E+00
 0.618889E+01   0.142546E+01   0.172137E+00   0.281933E+00   0.315441E+00
 0.620296E+01   0.142456E+01   0.171785E+00   0.281774E+00   0.315441E+00
 0.621705E+01   0.142365E+01   0.171433E+00   0.281613E+00   0.315441E+00
 0.623115E+01   0.142274E+01   0.171080E+00   0.281453E+00   0.315441E+00
 0.624526E+01   0.142183E+01   0.170727E+00   0.281291E+00   0.315441E+00
 0.625938E+01   0.142091E+01   0.170372E+00   0.281129E+00   0.315441E+00
 0.627351E+01   0.141999E+01   0.170017E+00   0.280967E+00   0.315441E+00
 0.628736E+01   0.141909E+01   0.169669E+00   0.280807E+00   0.315441E+00
 0.630158E+01   0.141816E+01   0.169311E+00   0.280643E+00   0.315441E+00
 0.631581E+01   0.141722E+01   0.168952E+00   0.280478E+00   0.315441E+00
 0.633005E+01   0.141629E+01   0.168592E+00   0.280312E+00   0.315441E+00
 0.634430E+01   0.141535E+01   0.168232E+00   0.280146E+00   0.315441E+00
 0.635856E+01   0.141440E+01   0.167871E+00   0.279979E+00   0.315441E+00
 0.637283E+01   0.141346E+01   0.167509E+00   0.279811E+00   0.315441E+00
 0.638711E+01   0.141251E+01   0.167147E+00   0.279643E+00   0.315441E+00
 0.640140E+01   0.141156E+01   0.166784E+00   0.279475E+00   0.315441E+00
 0.641571E+01   0.141060E+01   0.166420E+00   0.279306E+00   0.315441E+00
 0.643002E+01   0.140964E+01   0.166056E+00   0.279136E+00   0.315441E+00
 0.644434E+01   0.140868E+01   0.165690E+00   0.278965E+00   0.315441E+00
 0.645868E+01   0.140772E+01   0.165324E+00   0.278794E+00   0.315441E+00
 0.647302E+01   0.140675E+01   0.164958E+00   0.278623E+00   0.315441E+00
 0.648737E+01   0.140578E+01   0.164590E+00   0.278451E+00   0.315441E+00
 0.650174E+01   0.140480E+01   0.164223E+00   0.278278E+00   0.315441E+00
 0.651611E+01   0.140382E+01   0.163854E+00   0.278104E+00   0.315441E+00
 0.653049E+01   0.140284E+01   0.163485E+00   0.277930E+00   0.315441E+00
 0.654488E+01   0.140186E+01   0.163115E+00   0.277756E+00   0.315441E+00
 0.655928E+01   0.140087E+01   0.162744E+00   0.277580E+00   0.315441E+00
 0.657370E+01   0.139988E+01   0.162373E+00   0.277404E+00   0.315441E+00
 0.658812E+01   0.139889E+01   0.162001E+00   0.277228E+00   0.315441E+00
 0.660255E+01   0.139789E+01   0.161628E+00   0.277051E+00   0.315441E+00
 0.661699E+01   0.139689E+01   0.161255E+00   0.276873E+00   0.315441E+00
 0.663144E+01   0.139588E+01   0.160881E+00   0.276695E+00   0.315441E+00
 0.664590E+01   0.139488E+01   0.160507E+00   0.276516E+00   0.315441E+00
 0.666036E+01   0.139387E+01   0.160132E+00   0.276336E+00   0.315441E+00
 0.667484E+01   0.139285E+01   0.159756E+00   0.276156E+00   0.315441E+00
 0.668932E+01   0.139184E+01   0.159379E+00   0.275975E+00   0.315441E+00
 0.670513E+01   0.139072E+01   0.158968E+00   0.275777E+00   0.315441E+00
 0.671972E+01   0.138969E+01   0.158588E+00   0.275594E+00   0.315441E+00
 0.673432E+01   0.138866E+01   0.158207E+00   0.275410E+00   0.315441E+00
 0.674893E+01   0.138763E+01   0.157826E+00   0.275225E+00   0.315441E+00
 0.676355E+01   0.138659E+01   0.157444E+00   0.275040E+00   0.315441E+00
 0.677818E+01   0.138554E+01   0.157062E+00   0.274854E+00   0.315441E+00
 0.679281E+01   0.138450E+01   0.156679E+00   0.274668E+00   0.315441E+00
 0.680745E+01   0.138345E+01   0.156295E+00   0.274480E+00   0.315441E+00
 0.682210E+01   0.138239E+01   0.155911E+00   0.274293E+00   0.315441E+00
 0.683676E+01   0.138134E+01   0.155526E+00   0.274104E+00   0.315441E+00
 0.685143E+01   0.138028E+01   0.155140E+00   0.273915E+00   0.315441E+00
 0.686610E+01   0.137921E+01   0.154754E+00   0.273726E+00   0.315441E+00
 0.688078E+01   0.137815E+01   0.154368E+00   0.273535E+00   0.315441E+00
 0.689547E+01   0.137708E+01   0.153980E+00   0.273344E+00   0.315441E+00
 0.691017E+01   0.137600E+01   0.153593E+00   0.273153E+00   0.315441E+00
 0.692487E+01   0.137493E+01   0.153204E+00   0.272960E+00   0.315441E+00
 0.693958E+01   0.137385E+01   0.152815E+00   0.272767E+00   0.315441E+00
 0.695430E+01   0.137276E+01   0.152426E+00   0.272574E+00   0.315441E+00
 0.696903E+01   0.137168E+01   0.152036E+00   0.272379E+00   0.315441E+00
 0.698376E+01   0.137059E+01   0.151646E+00   0.272185E+00   0.315441E+00
 0.699850E+01   0.136949E+01   0.151255E+00   0.271989E+00   0.315441E+00
 0.701325E+01   0.136840E+01   0.150863E+00   0.271793E+00   0.315441E+00
 0.702800E+01   0.136730E+01   0.150471E+00   0.271596E+00   0.315441E+00
 0.704276E+01   0.136619E+01   0.150078E+00   0.271398E+00   0.315441E+00
 0.705753E+01   0.136508E+01   0.149685E+00   0.271200E+00   0.315441E+00
 0.707231E+01   0.136397E+01   0.149291E+00   0.271001E+00   0.315441E+00
 0.708709E+01   0.136286E+01   0.148897E+00   0.270802E+00   0.315441E+00
 0.710200E+01   0.136173E+01   0.148499E+00   0.270600E+00   0.315441E+00
 0.711691E+01   0.136060E+01   0.148101E+00   0.270397E+00   0.315441E+00
 0.713182E+01   0.135947E+01   0.147702E+00   0.270194E+00   0.315441E+00
 0.714675E+01   0.135833E+01   0.147303E+00   0.269990E+00   0.315441E+00
 0.716167E+01   0.135719E+01   0.146903E+00   0.269786E+00   0.315441E+00
 0.717661E+01   0.135605E+01   0.146503E+00   0.269581E+00   0.315441E+00
 0.719155E+01   0.135490E+01   0.146102E+00   0.269375E+00   0.315441E+00
 0.720649E+01   0.135375E+01   0.145701E+00   0.269168E+00   0.315441E+00
 0.722144E+01   0.135260E+01   0.145299E+00   0.268961E+00   0.315441E+00
 0.723639E+01   0.135144E+01   0.144897E+00   0.268753E+00   0.315441E+00
 0.725135E+01   0.135028E+01   0.144495E+00   0.268544E+00   0.315441E+00
 0.726631E+01   0.134911E+01   0.144092E+00   0.268335E+00   0.315441E+00
 0.728128E+01   0.134794E+01   0.143689E+00   0.268125E+00   0.315441E+00
 0.729625E+01   0.134677E+01   0.143285E+00   0.267915E+00   0.315441E+00
 0.731123E+01   0.134560E+01   0.142881E+00   0.267703E+00   0.315441E+00
 0.732621E+01   0.134442E+01   0.142476E+00   0.267491E+00   0.315441E+00
 0.734119E+01   0.134324E+01   0.142071E+00   0.267279E+00   0.315441E+00
 0.735618E+01   0.134205E+01   0.141666E+00   0.267065E+00   0.315441E+00
 0.737118E+01   0.134086E+01   0.141260E+00   0.266851E+00   0.315441E+00
 0.738617E+01   0.133967E+01   0.140854E+00   0.266636E+00   0.315441E+00
 0.740118E+01   0.133847E+01   0.140447E+00   0.266421E+00   0.315441E+00
 0.741618E+01   0.133727E+01   0.140040E+00   0.266205E+00   0.315441E+00
 0.743119E+01   0.133607E+01   0.139633E+00   0.265988E+00   0.315441E+00
 0.744633E+01   0.133485E+01   0.139222E+00   0.265768E+00   0.315441E+00
 0.746150E+01   0.133363E+01   0.138810E+00   0.265548E+00   0.315441E+00
 0.747667E+01   0.133240E+01   0.138397E+00   0.265327E+00   0.315441E+00
 0.749184E+01   0.133117E+01   0.137984E+00   0.265105E+00   0.315441E+00
 0.750701E+01   0.132994E+01   0.137571E+00   0.264882E+00   0.315441E+00
 0.752219E+01   0.132870E+01   0.137158E+00   0.264659E+00   0.315441E+00
 0.753737E+01   0.132746E+01   0.136744E+00   0.264435E+00   0.315441E+00
 0.755255E+01   0.132622E+01   0.136330E+00   0.264210E+00   0.315441E+00
 0.756773E+01   0.132497E+01   0.135916E+00   0.263985E+00   0.315441E+00
 0.758291E+01   0.132372E+01   0.135501E+00   0.263759E+00   0.315441E+00
 0.759809E+01   0.132247E+01   0.135086E+00   0.263532E+00   0.315441E+00
 0.761328E+01   0.132121E+01   0.134671E+00   0.263304E+00   0.315441E+00
 0.762846E+01   0.131995E+01   0.134256E+00   0.263076E+00   0.315441E+00
 0.764362E+01   0.131868E+01   0.133841E+00   0.262848E+00   0.315441E+00
 0.765876E+01   0.131742E+01   0.133426E+00   0.262619E+00   0.315441E+00
 0.767389E+01   0.131615E+01   0.133012E+00   0.262389E+00   0.315441E+00
 0.768900E+01   0.131488E+01   0.132598E+00   0.262160E+00   0.315441E+00
 0.770410E+01   0.131361E+01   0.132184E+00   0.261929E+00   0.315441E+00
 0.771918E+01   0.131234E+01   0.131770E+00   0.261698E+00   0.315441E+00
 0.773424E+01   0.131106E+01   0.131356E+00   0.261467E+00   0.315441E+00
 0.774929E+01   0.130978E+01   0.130943E+00   0.261235E+00   0.315441E+00
 0.776432E+01   0.130850E+01   0.130530E+00   0.261003E+00   0.315441E+00
 0.777934E+01   0.130722E+01   0.130117E+00   0.260771E+00   0.315441E+00
 0.779431E+01   0.130594E+01   0.129706E+00   0.260538E+00   0.315441E+00
 0.780927E+01   0.130465E+01   0.129294E+00   0.260305E+00   0.315441E+00
 0.782420E+01   0.130337E+01   0.128883E+00   0.260072E+00   0.315441E+00
 0.783912E+01   0.130208E+01   0.128472E+00   0.259838E+00   0.315441E+00
 0.785402E+01   0.130079E+01   0.128062E+00   0.259603E+00   0.315441E+00
 0.786890E+01   0.129950E+01   0.127651E+00   0.259369E+00   0.315441E+00
 0.788377E+01   0.129820E+01   0.127242E+00   0.259133E+00   0.315441E+00
 0.789862E+01   0.129691E+01   0.126832E+00   0.258898E+00   0.315441E+00
 0.791345E+01   0.129561E+01   0.126423E+00   0.258662E+00   0.315441E+00
 0.792826E+01   0.129431E+01   0.126014E+00   0.258425E+00   0.315441E+00
 0.794306E+01   0.129301E+01   0.125605E+00   0.258188E+00   0.315441E+00
 0.795783E+01   0.129170E+01   0.125197E+00   0.257951E+00   0.315441E+00
 0.797260E+01   0.129040E+01   0.124789E+00   0.257713E+00   0.315441E+00
 0.798734E+01   0.128909E+01   0.124382E+00   0.257475E+00   0.315441E+00
 0.800207E+01   0.128778E+01   0.123975E+00   0.257236E+00   0.315441E+00
 0.801678E+01   0.128647E+01   0.123568E+00   0.256997E+00   0.315441E+00
 0.803147E+01   0.128515E+01   0.123161E+00   0.256757E+00   0.315441E+00
 0.804615E+01   0.128383E+01   0.122755E+00   0.256517E+00   0.315441E+00
 0.806081E+01   0.128252E+01   0.122349E+00   0.256277E+00   0.315441E+00
 0.807546E+01   0.128120E+01   0.121944E+00   0.256036E+00   0.315441E+00
 0.809009E+01   0.127987E+01   0.121539E+00   0.255794E+00   0.315441E+00
 0.810511E+01   0.127851E+01   0.121123E+00   0.255545E+00   0.315441E+00
 0.811966E+01   0.127719E+01   0.120719E+00   0.255304E+00   0.315441E+00
 0.813420E+01   0.127586E+01   0.120316E+00   0.255062E+00   0.315441E+00
 0.814871E+01   0.127453E+01   0.119914E+00   0.254819E+00   0.315441E+00
 0.816321E+01   0.127320E+01   0.119512E+00   0.254576E+00   0.315441E+00
 0.817769E+01   0.127187E+01   0.119110E+00   0.254333E+00   0.315441E+00
 0.819215E+01   0.127054E+01   0.118709E+00   0.254089E+00   0.315441E+00
 0.820660E+01   0.126920E+01   0.118308E+00   0.253845E+00   0.315441E+00
 0.822102E+01   0.126787E+01   0.117908E+00   0.253600E+00   0.315441E+00
 0.823543E+01   0.126653E+01   0.117508E+00   0.253355E+00   0.315441E+00
 0.824982E+01   0.126519E+01   0.117109E+00   0.253109E+00   0.315441E+00
 0.826419E+01   0.126384E+01   0.116710E+00   0.252864E+00   0.315441E+00
 0.827855E+01   0.126250E+01   0.116311E+00   0.252617E+00   0.315441E+00
 0.829288E+01   0.126115E+01   0.115913E+00   0.252370E+00   0.315441E+00
 0.830720E+01   0.125980E+01   0.115515E+00   0.252123E+00   0.315441E+00
 0.832150E+01   0.125845E+01   0.115118E+00   0.251875E+00   0.315441E+00
 0.833579E+01   0.125710E+01   0.114721E+00   0.251627E+00   0.315441E+00
 0.835005E+01   0.125574E+01   0.114325E+00   0.251379E+00   0.315441E+00
 0.836430E+01   0.125439E+01   0.113929E+00   0.251129E+00   0.315441E+00
 0.838511E+01   0.125240E+01   0.113351E+00   0.250764E+00   0.315441E+00
 0.839927E+01   0.125104E+01   0.112957E+00   0.250515E+00   0.315441E+00
 0.841341E+01   0.124968E+01   0.112564E+00   0.250265E+00   0.315441E+00
 0.842753E+01   0.124832E+01   0.112172E+00   0.250015E+00   0.315441E+00
 0.844164E+01   0.124696E+01   0.111780E+00   0.249765E+00   0.315441E+00
 0.845572E+01   0.124559E+01   0.111388E+00   0.249514E+00   0.315441E+00
 0.846979E+01   0.124422E+01   0.110997E+00   0.249262E+00   0.315441E+00
 0.848383E+01   0.124286E+01   0.110607E+00   0.249010E+00   0.315441E+00
 0.849786E+01   0.124148E+01   0.110217E+00   0.248758E+00   0.315441E+00
 0.851187E+01   0.124011E+01   0.109827E+00   0.248506E+00   0.315441E+00
 0.852586E+01   0.123874E+01   0.109438E+00   0.248252E+00   0.315441E+00
 0.853983E+01   0.123736E+01   0.109050E+00   0.247999E+00   0.315441E+00
 0.855379E+01   0.123598E+01   0.108662E+00   0.247745E+00   0.315441E+00
 0.856773E+01   0.123460E+01   0.108275E+00   0.247490E+00   0.315441E+00
 0.858164E+01   0.123322E+01   0.107888E+00   0.247236E+00   0.315441E+00
 0.859554E+01   0.123183E+01   0.107502E+00   0.246980E+00   0.315441E+00
 0.860943E+01   0.123045E+01   0.107116E+00   0.246725E+00   0.315441E+00
 0.862329E+01   0.122906E+01   0.106730E+00   0.246469E+00   0.315441E+00
 0.863714E+01   0.122767E+01   0.106346E+00   0.246212E+00   0.315441E+00
 0.865097E+01   0.122628E+01   0.105961E+00   0.245955E+00   0.315441E+00
 0.866403E+01   0.122496E+01   0.105598E+00   0.245711E+00   0.315441E+00
 0.867777E+01   0.122357E+01   0.105217E+00   0.245455E+00   0.315441E+00
 0.869149E+01   0.122217E+01   0.104836E+00   0.245197E+00   0.315441E+00
 0.870518E+01   0.122078E+01   0.104455E+00   0.244940E+00   0.315441E+00
 0.871886E+01   0.121938E+01   0.104075E+00   0.244682E+00   0.315441E+00
 0.873252E+01   0.121799E+01   0.103696E+00   0.244423E+00   0.315441E+00
 0.874617E+01   0.121659E+01   0.103317E+00   0.244164E+00   0.315441E+00
 0.875979E+01   0.121518E+01   0.102939E+00   0.243905E+00   0.315441E+00
 0.877339E+01   0.121378E+01   0.102562E+00   0.243645E+00   0.315441E+00
 0.878697E+01   0.121238E+01   0.102185E+00   0.243385E+00   0.315441E+00
 0.880054E+01   0.121097E+01   0.101809E+00   0.243125E+00   0.315441E+00
 0.881409E+01   0.120956E+01   0.101433E+00   0.242864E+00   0.315441E+00
 0.882761E+01   0.120815E+01   0.101058E+00   0.242602E+00   0.315441E+00
 0.884112E+01   0.120674E+01   0.100683E+00   0.242340E+00   0.315441E+00
 0.885462E+01   0.120532E+01   0.100309E+00   0.242078E+00   0.315441E+00
 0.886809E+01   0.120390E+01   0.999355E-01   0.241815E+00   0.315441E+00
 0.888154E+01   0.120249E+01   0.995627E-01   0.241552E+00   0.315441E+00
 0.889498E+01   0.120107E+01   0.991905E-01   0.241289E+00   0.315441E+00
 0.890840E+01   0.119964E+01   0.988189E-01   0.241025E+00   0.315441E+00
 0.892180E+01   0.119822E+01   0.984478E-01   0.240760E+00   0.315441E+00
 0.893528E+01   0.119678E+01   0.980746E-01   0.240493E+00   0.315441E+00
 0.894858E+01   0.119536E+01   0.977066E-01   0.240229E+00   0.315441E+00
 0.896186E+01   0.119394E+01   0.973392E-01   0.239965E+00   0.315441E+00
 0.897512E+01   0.119251E+01   0.969725E-01   0.239700E+00   0.315441E+00
 0.898836E+01   0.119109E+01   0.966064E-01   0.239435E+00   0.315441E+00
 0.900158E+01   0.118966E+01   0.962410E-01   0.239169E+00   0.315441E+00
 0.901478E+01   0.118823E+01   0.958762E-01   0.238903E+00   0.315441E+00
 0.902796E+01   0.118680E+01   0.955121E-01   0.238637E+00   0.315441E+00
 0.904112E+01   0.118536E+01   0.951486E-01   0.238370E+00   0.315441E+00
 0.905426E+01   0.118393E+01   0.947858E-01   0.238103E+00   0.315441E+00
 0.906739E+01   0.118249E+01   0.944236E-01   0.237835E+00   0.315441E+00
 0.908049E+01   0.118105E+01   0.940620E-01   0.237567E+00   0.315441E+00
 0.909358E+01   0.117961E+01   0.937011E-01   0.237298E+00   0.315441E+00
 0.910665E+01   0.117817E+01   0.933408E-01   0.237029E+00   0.315441E+00
 0.911970E+01   0.117672E+01   0.929812E-01   0.236760E+00   0.315441E+00
 0.913273E+01   0.117527E+01   0.926222E-01   0.236490E+00   0.315441E+00
 0.914575E+01   0.117383E+01   0.922638E-01   0.236220E+00   0.315441E+00
 0.915697E+01   0.117257E+01   0.919548E-01   0.235986E+00   0.315441E+00
 0.917022E+01   0.117109E+01   0.915904E-01   0.235709E+00   0.315441E+00
 0.918311E+01   0.116964E+01   0.912359E-01   0.235439E+00   0.315441E+00
 0.919598E+01   0.116820E+01   0.908821E-01   0.235169E+00   0.315441E+00
 0.920883E+01   0.116675E+01   0.905290E-01   0.234898E+00   0.315441E+00
 0.922165E+01   0.116530E+01   0.901766E-01   0.234627E+00   0.315441E+00
 0.923446E+01   0.116384E+01   0.898249E-01   0.234356E+00   0.315441E+00
 0.924725E+01   0.116239E+01   0.894739E-01   0.234084E+00   0.315441E+00
 0.926003E+01   0.116093E+01   0.891236E-01   0.233811E+00   0.315441E+00
 0.927278E+01   0.115947E+01   0.887739E-01   0.233539E+00   0.315441E+00
 0.928551E+01   0.115801E+01   0.884250E-01   0.233265E+00   0.315441E+00
 0.929822E+01   0.115655E+01   0.880768E-01   0.232992E+00   0.315441E+00
 0.931092E+01   0.115509E+01   0.877292E-01   0.232718E+00   0.315441E+00
 0.932360E+01   0.115362E+01   0.873823E-01   0.232443E+00   0.315441E+00
 0.933625E+01   0.115216E+01   0.870361E-01   0.232169E+00   0.315441E+00
 0.934889E+01   0.115069E+01   0.866906E-01   0.231893E+00   0.315441E+00
 0.936151E+01   0.114922E+01   0.863458E-01   0.231618E+00   0.315441E+00
 0.937412E+01   0.114774E+01   0.860016E-01   0.231342E+00   0.315441E+00
 0.938670E+01   0.114627E+01   0.856581E-01   0.231065E+00   0.315441E+00
 0.939927E+01   0.114479E+01   0.853154E-01   0.230788E+00   0.315441E+00
 0.941237E+01   0.114325E+01   0.849581E-01   0.230498E+00   0.315441E+00
 0.942482E+01   0.114178E+01   0.846190E-01   0.230222E+00   0.315441E+00
 0.943725E+01   0.114031E+01   0.842806E-01   0.229946E+00   0.315441E+00
 0.944965E+01   0.113883E+01   0.839429E-01   0.229669E+00   0.315441E+00
 0.946204E+01   0.113736E+01   0.836060E-01   0.229392E+00   0.315441E+00
 0.947441E+01   0.113588E+01   0.832698E-01   0.229115E+00   0.315441E+00
 0.948676E+01   0.113440E+01   0.829343E-01   0.228837E+00   0.315441E+00
 0.949909E+01   0.113292E+01   0.825995E-01   0.228558E+00   0.315441E+00
 0.951140E+01   0.113144E+01   0.822655E-01   0.228280E+00   0.315441E+00
 0.952369E+01   0.112996E+01   0.819322E-01   0.228001E+00   0.315441E+00
 0.953596E+01   0.112847E+01   0.815996E-01   0.227721E+00   0.315441E+00
 0.954822E+01   0.112698E+01   0.812677E-01   0.227441E+00   0.315441E+00
 0.956046E+01   0.112549E+01   0.809365E-01   0.227161E+00   0.315441E+00
 0.957267E+01   0.112400E+01   0.806061E-01   0.226880E+00   0.315441E+00
 0.958488E+01   0.112251E+01   0.802763E-01   0.226599E+00   0.315441E+00
 0.959706E+01   0.112102E+01   0.799472E-01   0.226317E+00   0.315441E+00
 0.960922E+01   0.111952E+01   0.796189E-01   0.226035E+00   0.315441E+00
 0.962137E+01   0.111802E+01   0.792913E-01   0.225753E+00   0.315441E+00
 0.963395E+01   0.111646E+01   0.789520E-01   0.225459E+00   0.315441E+00
 0.964597E+01   0.111497E+01   0.786282E-01   0.225178E+00   0.315441E+00
 0.965797E+01   0.111348E+01   0.783052E-01   0.224896E+00   0.315441E+00
 0.966996E+01   0.111199E+01   0.779829E-01   0.224614E+00   0.315441E+00
 0.968192E+01   0.111049E+01   0.776614E-01   0.224332E+00   0.315441E+00
 0.969386E+01   0.110900E+01   0.773407E-01   0.224049E+00   0.315441E+00
 0.970578E+01   0.110750E+01   0.770207E-01   0.223766E+00   0.315441E+00
 0.971769E+01   0.110600E+01   0.767014E-01   0.223483E+00   0.315441E+00
 0.972958E+01   0.110449E+01   0.763828E-01   0.223199E+00   0.315441E+00
 0.974144E+01   0.110299E+01   0.760650E-01   0.222915E+00   0.315441E+00
 0.975329E+01   0.110148E+01   0.757480E-01   0.222630E+00   0.315441E+00
 0.976513E+01   0.109998E+01   0.754316E-01   0.222345E+00   0.315441E+00
 0.977694E+01   0.109847E+01   0.751160E-01   0.222059E+00   0.315441E+00
 0.978873E+01   0.109696E+01   0.748011E-01   0.221773E+00   0.315441E+00
 0.980051E+01   0.109545E+01   0.744870E-01   0.221487E+00   0.315441E+00
 0.981227E+01   0.109393E+01   0.741736E-01   0.221200E+00   0.315441E+00
 0.983127E+01   0.109148E+01   0.736676E-01   0.220735E+00   0.315441E+00
 0.984302E+01   0.108995E+01   0.733552E-01   0.220447E+00   0.315441E+00
 0.985462E+01   0.108844E+01   0.730470E-01   0.220161E+00   0.315441E+00
 0.986620E+01   0.108693E+01   0.727395E-01   0.219875E+00   0.315441E+00
 0.987776E+01   0.108542E+01   0.724328E-01   0.219588E+00   0.315441E+00
 0.988931E+01   0.108391E+01   0.721269E-01   0.219301E+00   0.315441E+00
 0.990083E+01   0.108240E+01   0.718217E-01   0.219014E+00   0.315441E+00
 0.991234E+01   0.108088E+01   0.715172E-01   0.218726E+00   0.315441E+00
 0.992382E+01   0.107936E+01   0.712135E-01   0.218438E+00   0.315441E+00
 0.993529E+01   0.107784E+01   0.709106E-01   0.218150E+00   0.315441E+00
 0.994674E+01   0.107632E+01   0.706085E-01   0.217861E+00   0.315441E+00
 0.995817E+01   0.107480E+01   0.703071E-01   0.217572E+00   0.315441E+00
 0.996958E+01   0.107328E+01   0.700064E-01   0.217282E+00   0.315441E+00
 0.998098E+01   0.107175E+01   0.697065E-01   0.216992E+00   0.315441E+00
 0.999236E+01   0.107023E+01   0.694073E-01   0.216702E+00   0.315441E+00
 0.100037E+02   0.106870E+01   0.691089E-01   0.216411E+00   0.315441E+00
 0.100151E+02   0.106717E+01   0.688111E-01   0.216120E+00   0.315441E+00
 0.100287E+02   0.106532E+01   0.684539E-01   0.215769E+00   0.315441E+00
 0.100399E+02   0.106380E+01   0.681606E-01   0.215480E+00   0.315441E+00
 0.100511E+02   0.106228E+01   0.678678E-01   0.215190E+00   0.315441E+00
 0.100622E+02   0.106076E+01   0.675759E-01   0.214900E+00   0.315441E+00
 0.100734E+02   0.105923E+01   0.672847E-01   0.214610E+00   0.315441E+00
 0.100845E+02   0.105771E+01   0.669943E-01   0.214319E+00   0.315441E+00
 0.100956E+02   0.105618E+01   0.667046E-01   0.214028E+00   0.315441E+00
 0.101067E+02   0.105465E+01   0.664157E-01   0.213736E+00   0.315441E+00
 0.101178E+02   0.105312E+01   0.661276E-01   0.213444E+00   0.315441E+00
 0.101289E+02   0.105158E+01   0.658402E-01   0.213152E+00   0.315441E+00
 0.101399E+02   0.105005E+01   0.655535E-01   0.212859E+00   0.315441E+00
 0.101509E+02   0.104852E+01   0.652676E-01   0.212566E+00   0.315441E+00
 0.101619E+02   0.104698E+01   0.649825E-01   0.212273E+00   0.315441E+00
 0.101729E+02   0.104544E+01   0.646981E-01   0.211979E+00   0.315441E+00
 0.101839E+02   0.104390E+01   0.644145E-01   0.211685E+00   0.315441E+00
 0.101948E+02   0.104236E+01   0.641315E-01   0.211391E+00   0.315441E+00
 0.102058E+02   0.104081E+01   0.638494E-01   0.211096E+00   0.315441E+00
 0.102183E+02   0.103904E+01   0.635264E-01   0.210757E+00   0.315441E+00
 0.102291E+02   0.103751E+01   0.632488E-01   0.210464E+00   0.315441E+00
 0.102399E+02   0.103598E+01   0.629716E-01   0.210171E+00   0.315441E+00
 0.102506E+02   0.103444E+01   0.626952E-01   0.209877E+00   0.315441E+00
 0.102614E+02   0.103291E+01   0.624195E-01   0.209583E+00   0.315441E+00
 0.102721E+02   0.103137E+01   0.621446E-01   0.209289E+00   0.315441E+00
 0.102828E+02   0.102983E+01   0.618704E-01   0.208995E+00   0.315441E+00
 0.102935E+02   0.102829E+01   0.615970E-01   0.208700E+00   0.315441E+00
 0.103042E+02   0.102675E+01   0.613244E-01   0.208404E+00   0.315441E+00
 0.103148E+02   0.102520E+01   0.610525E-01   0.208109E+00   0.315441E+00
 0.103255E+02   0.102366E+01   0.607814E-01   0.207813E+00   0.315441E+00
 0.103361E+02   0.102211E+01   0.605110E-01   0.207516E+00   0.315441E+00
 0.103467E+02   0.102057E+01   0.602413E-01   0.207220E+00   0.315441E+00
 0.103573E+02   0.101902E+01   0.599724E-01   0.206923E+00   0.315441E+00
 0.103678E+02   0.101747E+01   0.597042E-01   0.206625E+00   0.315441E+00
 0.103784E+02   0.101591E+01   0.594368E-01   0.206328E+00   0.315441E+00
 0.103889E+02   0.101436E+01   0.591701E-01   0.206029E+00   0.315441E+00
 0.103995E+02   0.101281E+01   0.589041E-01   0.205731E+00   0.315441E+00
 0.104101E+02   0.101122E+01   0.586343E-01   0.205427E+00   0.315441E+00
 0.104205E+02   0.100968E+01   0.583725E-01   0.205131E+00   0.315441E+00
 0.104309E+02   0.100814E+01   0.581114E-01   0.204834E+00   0.315441E+00
 0.104412E+02   0.100659E+01   0.578511E-01   0.204538E+00   0.315441E+00
 0.104515E+02   0.100505E+01   0.575916E-01   0.204241E+00   0.315441E+00
 0.104619E+02   0.100350E+01   0.573328E-01   0.203943E+00   0.315441E+00
 0.104721E+02   0.100195E+01   0.570748E-01   0.203646E+00   0.315441E+00
 0.104824E+02   0.100040E+01   0.568175E-01   0.203348E+00   0.315441E+00
 0.104927E+02   0.998850E+00   0.565609E-01   0.203049E+00   0.315441E+00
 0.105029E+02   0.997298E+00   0.563051E-01   0.202750E+00   0.315441E+00
 0.105131E+02   0.995745E+00   0.560500E-01   0.202451E+00   0.315441E+00
 0.105233E+02   0.994190E+00   0.557956E-01   0.202152E+00   0.315441E+00
 0.105335E+02   0.992633E+00   0.555420E-01   0.201853E+00   0.315441E+00
 0.105437E+02   0.991076E+00   0.552891E-01   0.201553E+00   0.315441E+00
 0.105539E+02   0.989517E+00   0.550369E-01   0.201252E+00   0.315441E+00
 0.105640E+02   0.987957E+00   0.547855E-01   0.200952E+00   0.315441E+00
 0.105832E+02   0.984997E+00   0.543111E-01   0.200381E+00   0.315441E+00
 0.106031E+02   0.981901E+00   0.538184E-01   0.199784E+00   0.315441E+00
 0.106230E+02   0.978800E+00   0.533287E-01   0.199186E+00   0.315441E+00
 0.106428E+02   0.975695E+00   0.528420E-01   0.198586E+00   0.315441E+00
 0.106626E+02   0.972585E+00   0.523581E-01   0.197986E+00   0.315441E+00
 0.106823E+02   0.969471E+00   0.518772E-01   0.197384E+00   0.315441E+00
 0.107019E+02   0.966352E+00   0.513991E-01   0.196781E+00   0.315441E+00
 0.107215E+02   0.963228E+00   0.509239E-01   0.196177E+00   0.315441E+00
 0.107364E+02   0.960833E+00   0.505621E-01   0.195714E+00   0.315441E+00
 0.107557E+02   0.957728E+00   0.500959E-01   0.195113E+00   0.315441E+00
 0.107749E+02   0.954626E+00   0.496338E-01   0.194512E+00   0.315441E+00
 0.107940E+02   0.951521E+00   0.491746E-01   0.193910E+00   0.315441E+00
 0.108130E+02   0.948411E+00   0.487182E-01   0.193308E+00   0.315441E+00
 0.108320E+02   0.945297E+00   0.482645E-01   0.192704E+00   0.315441E+00
 0.108509E+02   0.942179E+00   0.478138E-01   0.192099E+00   0.315441E+00
 0.108697E+02   0.939057E+00   0.473658E-01   0.191493E+00   0.315441E+00
 0.108841E+02   0.936662E+00   0.470245E-01   0.191028E+00   0.315441E+00
 0.109030E+02   0.933512E+00   0.465785E-01   0.190416E+00   0.315441E+00
 0.109215E+02   0.930414E+00   0.461432E-01   0.189814E+00   0.315441E+00
 0.109399E+02   0.927314E+00   0.457108E-01   0.189211E+00   0.315441E+00
 0.109582E+02   0.924209E+00   0.452811E-01   0.188608E+00   0.315441E+00
 0.109765E+02   0.921102E+00   0.448542E-01   0.188003E+00   0.315441E+00
 0.109947E+02   0.917991E+00   0.444301E-01   0.187397E+00   0.315441E+00
 0.110129E+02   0.914876E+00   0.440086E-01   0.186791E+00   0.315441E+00
 0.110309E+02   0.911758E+00   0.435898E-01   0.186183E+00   0.315441E+00
 0.110447E+02   0.909380E+00   0.432726E-01   0.185720E+00   0.315441E+00
 0.110626E+02   0.906269E+00   0.428602E-01   0.185113E+00   0.315441E+00
 0.110803E+02   0.903180E+00   0.424539E-01   0.184510E+00   0.315441E+00
 0.110980E+02   0.900087E+00   0.420501E-01   0.183907E+00   0.315441E+00
 0.111156E+02   0.896993E+00   0.416491E-01   0.183303E+00   0.315441E+00
 0.111331E+02   0.893895E+00   0.412507E-01   0.182698E+00   0.315441E+00
 0.111506E+02   0.890794E+00   0.408549E-01   0.182092E+00   0.315441E+00
 0.111680E+02   0.887691E+00   0.404618E-01   0.181485E+00   0.315441E+00
 0.111812E+02   0.885334E+00   0.401651E-01   0.181024E+00   0.315441E+00
 0.111985E+02   0.882221E+00   0.397759E-01   0.180415E+00   0.315441E+00
 0.112156E+02   0.879149E+00   0.393946E-01   0.179814E+00   0.315441E+00
 0.112326E+02   0.876074E+00   0.390159E-01   0.179212E+00   0.315441E+00
 0.112495E+02   0.872998E+00   0.386398E-01   0.178609E+00   0.315441E+00
 0.112664E+02   0.869920E+00   0.382663E-01   0.178006E+00   0.315441E+00
 0.112832E+02   0.866840E+00   0.378952E-01   0.177402E+00   0.315441E+00
 0.112999E+02   0.863757E+00   0.375267E-01   0.176798E+00   0.315441E+00
 0.113166E+02   0.860673E+00   0.371607E-01   0.176192E+00   0.315441E+00
 0.113293E+02   0.858323E+00   0.368836E-01   0.175731E+00   0.315441E+00
 0.113461E+02   0.855194E+00   0.365172E-01   0.175117E+00   0.315441E+00
 0.113625E+02   0.852144E+00   0.361627E-01   0.174518E+00   0.315441E+00
 0.113787E+02   0.849093E+00   0.358106E-01   0.173918E+00   0.315441E+00
 0.113950E+02   0.846040E+00   0.354609E-01   0.173318E+00   0.315441E+00
 0.114111E+02   0.842986E+00   0.351137E-01   0.172717E+00   0.315441E+00
 0.114273E+02   0.839930E+00   0.347689E-01   0.172116E+00   0.315441E+00
 0.114433E+02   0.836873E+00   0.344265E-01   0.171515E+00   0.315441E+00
 0.114558E+02   0.834489E+00   0.341611E-01   0.171045E+00   0.315441E+00
 0.114715E+02   0.831476E+00   0.338280E-01   0.170452E+00   0.315441E+00
 0.114872E+02   0.828457E+00   0.334966E-01   0.169857E+00   0.315441E+00
 0.115029E+02   0.825437E+00   0.331675E-01   0.169262E+00   0.315441E+00
 0.115185E+02   0.822417E+00   0.328409E-01   0.168666E+00   0.315441E+00
 0.115340E+02   0.819396E+00   0.325165E-01   0.168071E+00   0.315441E+00
 0.115495E+02   0.816375E+00   0.321944E-01   0.167474E+00   0.315441E+00
 0.115649E+02   0.813352E+00   0.318745E-01   0.166878E+00   0.315441E+00
 0.115803E+02   0.810330E+00   0.315570E-01   0.166281E+00   0.315441E+00
 0.115959E+02   0.807250E+00   0.312359E-01   0.165672E+00   0.315441E+00
 0.116110E+02   0.804266E+00   0.309270E-01   0.165083E+00   0.315441E+00
 0.116260E+02   0.801283E+00   0.306204E-01   0.164493E+00   0.315441E+00
 0.116410E+02   0.798300E+00   0.303159E-01   0.163903E+00   0.315441E+00
 0.116559E+02   0.795316E+00   0.300137E-01   0.163313E+00   0.315441E+00
 0.116708E+02   0.792333E+00   0.297136E-01   0.162722E+00   0.315441E+00
 0.116856E+02   0.789350E+00   0.294158E-01   0.162132E+00   0.315441E+00
 0.117004E+02   0.786367E+00   0.291200E-01   0.161541E+00   0.315441E+00
 0.117135E+02   0.783719E+00   0.288593E-01   0.161016E+00   0.315441E+00
 0.117281E+02   0.780749E+00   0.285689E-01   0.160428E+00   0.315441E+00
 0.117425E+02   0.777810E+00   0.282835E-01   0.159845E+00   0.315441E+00
 0.117569E+02   0.774872E+00   0.280002E-01   0.159262E+00   0.315441E+00
 0.117712E+02   0.771934E+00   0.277190E-01   0.158679E+00   0.315441E+00
 0.117854E+02   0.768998E+00   0.274399E-01   0.158097E+00   0.315441E+00
 0.117997E+02   0.766061E+00   0.271627E-01   0.157514E+00   0.315441E+00
 0.118138E+02   0.763126E+00   0.268877E-01   0.156931E+00   0.315441E+00
 0.118280E+02   0.760192E+00   0.266146E-01   0.156348E+00   0.315441E+00
 0.118420E+02   0.757258E+00   0.263436E-01   0.155765E+00   0.315441E+00
 0.118556E+02   0.754435E+00   0.260846E-01   0.155203E+00   0.315441E+00
 0.118694E+02   0.751544E+00   0.258212E-01   0.154628E+00   0.315441E+00
 0.118831E+02   0.748655E+00   0.255597E-01   0.154054E+00   0.315441E+00
 0.118968E+02   0.745767E+00   0.253002E-01   0.153479E+00   0.315441E+00
 0.119104E+02   0.742880E+00   0.250427E-01   0.152904E+00   0.315441E+00
 0.119241E+02   0.739995E+00   0.247871E-01   0.152330E+00   0.315441E+00
 0.119376E+02   0.737111E+00   0.245333E-01   0.151755E+00   0.315441E+00
 0.119511E+02   0.734229E+00   0.242815E-01   0.151181E+00   0.315441E+00
 0.119612E+02   0.732068E+00   0.240939E-01   0.150750E+00   0.315441E+00
 0.119752E+02   0.729077E+00   0.238357E-01   0.150154E+00   0.315441E+00
 0.119884E+02   0.726242E+00   0.235928E-01   0.149588E+00   0.315441E+00
 0.120015E+02   0.723409E+00   0.233518E-01   0.149023E+00   0.315441E+00
 0.120146E+02   0.720578E+00   0.231125E-01   0.148458E+00   0.315441E+00
 0.120277E+02   0.717749E+00   0.228750E-01   0.147893E+00   0.315441E+00
 0.120407E+02   0.714922E+00   0.226394E-01   0.147328E+00   0.315441E+00
 0.120537E+02   0.712098E+00   0.224055E-01   0.146764E+00   0.315441E+00
 0.120666E+02   0.709275E+00   0.221734E-01   0.146200E+00   0.315441E+00
 0.120826E+02   0.705765E+00   0.218871E-01   0.145498E+00   0.315441E+00
 0.120953E+02   0.702988E+00   0.216622E-01   0.144943E+00   0.315441E+00
 0.121079E+02   0.700213E+00   0.214390E-01   0.144388E+00   0.315441E+00
 0.121204E+02   0.697441E+00   0.212175E-01   0.143833E+00   0.315441E+00
 0.121329E+02   0.694671E+00   0.209978E-01   0.143279E+00   0.315441E+00
 0.121454E+02   0.691904E+00   0.207797E-01   0.142725E+00   0.315441E+00
 0.121578E+02   0.689140E+00   0.205633E-01   0.142171E+00   0.315441E+00
 0.121702E+02   0.686378E+00   0.203486E-01   0.141618E+00   0.315441E+00
 0.121826E+02   0.683619E+00   0.201355E-01   0.141065E+00   0.315441E+00
 0.121945E+02   0.680946E+00   0.199305E-01   0.140529E+00   0.315441E+00
 0.122066E+02   0.678232E+00   0.197236E-01   0.139985E+00   0.315441E+00
 0.122186E+02   0.675520E+00   0.195183E-01   0.139441E+00   0.315441E+00
 0.122307E+02   0.672812E+00   0.193146E-01   0.138897E+00   0.315441E+00
 0.122426E+02   0.670106E+00   0.191125E-01   0.138354E+00   0.315441E+00
 0.122546E+02   0.667404E+00   0.189119E-01   0.137812E+00   0.315441E+00
 0.122664E+02   0.664705E+00   0.187129E-01   0.137269E+00   0.315441E+00
 0.122783E+02   0.662009E+00   0.185154E-01   0.136728E+00   0.315441E+00
 0.122901E+02   0.659315E+00   0.183195E-01   0.136187E+00   0.315441E+00
 0.123050E+02   0.655909E+00   0.180735E-01   0.135502E+00   0.315441E+00
 0.123166E+02   0.653258E+00   0.178835E-01   0.134969E+00   0.315441E+00
 0.123281E+02   0.650610E+00   0.176949E-01   0.134436E+00   0.315441E+00
 0.123396E+02   0.647965E+00   0.175078E-01   0.133904E+00   0.315441E+00
 0.123511E+02   0.645324E+00   0.173221E-01   0.133373E+00   0.315441E+00
 0.123625E+02   0.642687E+00   0.171380E-01   0.132842E+00   0.315441E+00
 0.123739E+02   0.640053E+00   0.169552E-01   0.132311E+00   0.315441E+00
 0.123852E+02   0.637423E+00   0.167739E-01   0.131782E+00   0.315441E+00
 0.123965E+02   0.634796E+00   0.165940E-01   0.131252E+00   0.315441E+00
 0.124079E+02   0.632156E+00   0.164143E-01   0.130720E+00   0.315441E+00
 0.124190E+02   0.629566E+00   0.162392E-01   0.130198E+00   0.315441E+00
 0.124300E+02   0.626981E+00   0.160656E-01   0.129677E+00   0.315441E+00
 0.124411E+02   0.624399E+00   0.158932E-01   0.129156E+00   0.315441E+00
 0.124520E+02   0.621821E+00   0.157222E-01   0.128636E+00   0.315441E+00
 0.124630E+02   0.619247E+00   0.155526E-01   0.128117E+00   0.315441E+00
 0.124739E+02   0.616677E+00   0.153843E-01   0.127598E+00   0.315441E+00
 0.124848E+02   0.614111E+00   0.152173E-01   0.127080E+00   0.315441E+00
 0.124957E+02   0.611549E+00   0.150516E-01   0.126563E+00   0.315441E+00
 0.125065E+02   0.608992E+00   0.148873E-01   0.126046E+00   0.315441E+00
 0.125171E+02   0.606470E+00   0.147262E-01   0.125537E+00   0.315441E+00
 0.125279E+02   0.603916E+00   0.145641E-01   0.125020E+00   0.315441E+00
 0.125386E+02   0.601365E+00   0.144033E-01   0.124505E+00   0.315441E+00
 0.125493E+02   0.598819E+00   0.142437E-01   0.123990E+00   0.315441E+00
 0.125600E+02   0.596277E+00   0.140854E-01   0.123476E+00   0.315441E+00
 0.125706E+02   0.593740E+00   0.139283E-01   0.122962E+00   0.315441E+00
 0.125812E+02   0.591207E+00   0.137725E-01   0.122450E+00   0.315441E+00
 0.125918E+02   0.588678E+00   0.136179E-01   0.121938E+00   0.315441E+00
 0.126023E+02   0.586154E+00   0.134645E-01   0.121427E+00   0.315441E+00
 0.126159E+02   0.582898E+00   0.132680E-01   0.120767E+00   0.315441E+00
 0.126263E+02   0.580381E+00   0.131172E-01   0.120257E+00   0.315441E+00
 0.126368E+02   0.577852E+00   0.129666E-01   0.119745E+00   0.315441E+00
 0.126473E+02   0.575327E+00   0.128171E-01   0.119233E+00   0.315441E+00
 0.126578E+02   0.572807E+00   0.126688E-01   0.118722E+00   0.315441E+00
 0.126682E+02   0.570291E+00   0.125216E-01   0.118212E+00   0.315441E+00
 0.126786E+02   0.567781E+00   0.123756E-01   0.117702E+00   0.315441E+00
 0.126889E+02   0.565275E+00   0.122308E-01   0.117194E+00   0.315441E+00
 0.126993E+02   0.562775E+00   0.120870E-01   0.116687E+00   0.315441E+00
 0.127096E+02   0.560280E+00   0.119445E-01   0.116180E+00   0.315441E+00
 0.127210E+02   0.557509E+00   0.117871E-01   0.115618E+00   0.315441E+00
 0.127326E+02   0.554687E+00   0.116278E-01   0.115044E+00   0.315441E+00
 0.127441E+02   0.551898E+00   0.114713E-01   0.114478E+00   0.315441E+00
 0.127555E+02   0.549142E+00   0.113175E-01   0.113918E+00   0.315441E+00
 0.127667E+02   0.546417E+00   0.111661E-01   0.113363E+00   0.315441E+00
 0.127778E+02   0.543721E+00   0.110170E-01   0.112815E+00   0.315441E+00
 0.127889E+02   0.541054E+00   0.108702E-01   0.112273E+00   0.315441E+00
 0.127998E+02   0.538414E+00   0.107254E-01   0.111736E+00   0.315441E+00
 0.128106E+02   0.535801E+00   0.105826E-01   0.111204E+00   0.315441E+00
 0.128218E+02   0.533117E+00   0.104364E-01   0.110658E+00   0.315441E+00
 0.128329E+02   0.530460E+00   0.102922E-01   0.110117E+00   0.315441E+00
 0.128439E+02   0.527821E+00   0.101497E-01   0.109579E+00   0.315441E+00
 0.128548E+02   0.525197E+00   0.100087E-01   0.109045E+00   0.315441E+00
 0.128657E+02   0.522586E+00   0.986928E-02   0.108513E+00   0.315441E+00
 0.128765E+02   0.519988E+00   0.973150E-02   0.107983E+00   0.315441E+00
 0.128873E+02   0.517401E+00   0.959533E-02   0.107456E+00   0.315441E+00
 0.128980E+02   0.514824E+00   0.946078E-02   0.106930E+00   0.315441E+00
 0.129086E+02   0.512256E+00   0.932785E-02   0.106406E+00   0.315441E+00
 0.129200E+02   0.509494E+00   0.918629E-02   0.105843E+00   0.315441E+00
 0.129327E+02   0.506393E+00   0.902906E-02   0.105210E+00   0.315441E+00
 0.129454E+02   0.503292E+00   0.887364E-02   0.104577E+00   0.315441E+00
 0.129580E+02   0.500193E+00   0.872007E-02   0.103944E+00   0.315441E+00
 0.129705E+02   0.497097E+00   0.856831E-02   0.103311E+00   0.315441E+00
 0.129830E+02   0.494002E+00   0.841831E-02   0.102679E+00   0.315441E+00
 0.129954E+02   0.490912E+00   0.827011E-02   0.102047E+00   0.315441E+00
 0.130078E+02   0.487825E+00   0.812365E-02   0.101416E+00   0.315441E+00
 0.130196E+02   0.484849E+00   0.798391E-02   0.100808E+00   0.315441E+00
 0.130307E+02   0.482078E+00   0.785508E-02   0.100241E+00   0.315441E+00
 0.130416E+02   0.479316E+00   0.772787E-02   0.996756E-01   0.315441E+00
 0.130525E+02   0.476562E+00   0.760227E-02   0.991120E-01   0.315441E+00
 0.130633E+02   0.473817E+00   0.747825E-02   0.985500E-01   0.315441E+00
 0.130741E+02   0.471079E+00   0.735579E-02   0.979893E-01   0.315441E+00
 0.130848E+02   0.468349E+00   0.723486E-02   0.974300E-01   0.315441E+00
 0.130954E+02   0.465626E+00   0.711546E-02   0.968721E-01   0.315441E+00
 0.131060E+02   0.462910E+00   0.699756E-02   0.963155E-01   0.315441E+00
 0.131178E+02   0.459842E+00   0.686581E-02   0.956866E-01   0.315441E+00
 0.131281E+02   0.457192E+00   0.675321E-02   0.951433E-01   0.315441E+00
 0.131382E+02   0.454550E+00   0.664204E-02   0.946013E-01   0.315441E+00
 0.131484E+02   0.451915E+00   0.653229E-02   0.940607E-01   0.315441E+00
 0.131584E+02   0.449286E+00   0.642392E-02   0.935214E-01   0.315441E+00
 0.131717E+02   0.445792E+00   0.628155E-02   0.928042E-01   0.315441E+00
 0.131849E+02   0.442310E+00   0.614158E-02   0.920892E-01   0.315441E+00
 0.131980E+02   0.438840E+00   0.600396E-02   0.913765E-01   0.315441E+00
 0.132106E+02   0.435476E+00   0.587234E-02   0.906854E-01   0.315441E+00
 0.132230E+02   0.432153E+00   0.574403E-02   0.900025E-01   0.315441E+00
 0.132353E+02   0.428843E+00   0.561793E-02   0.893221E-01   0.315441E+00
 0.132475E+02   0.425546E+00   0.549399E-02   0.886442E-01   0.315441E+00
 0.132596E+02   0.422261E+00   0.537215E-02   0.879685E-01   0.315441E+00
 0.132716E+02   0.418987E+00   0.525238E-02   0.872950E-01   0.315441E+00
 0.132835E+02   0.415725E+00   0.513466E-02   0.866237E-01   0.315441E+00
 0.132936E+02   0.412952E+00   0.503583E-02   0.860528E-01   0.315441E+00
 0.133047E+02   0.409879E+00   0.492766E-02   0.854201E-01   0.315441E+00
 0.133159E+02   0.406761E+00   0.481936E-02   0.847780E-01   0.315441E+00
 0.133271E+02   0.403656E+00   0.471293E-02   0.841382E-01   0.315441E+00
 0.133381E+02   0.400562E+00   0.460833E-02   0.835007E-01   0.315441E+00
 0.133490E+02   0.397479E+00   0.450554E-02   0.828653E-01   0.315441E+00
 0.133598E+02   0.394408E+00   0.440451E-02   0.822321E-01   0.315441E+00
 0.133706E+02   0.391347E+00   0.430522E-02   0.816009E-01   0.315441E+00
 0.133809E+02   0.388395E+00   0.421074E-02   0.809921E-01   0.315441E+00
 0.133925E+02   0.385063E+00   0.410562E-02   0.803046E-01   0.315441E+00
 0.134026E+02   0.382149E+00   0.401499E-02   0.797032E-01   0.315441E+00
 0.134150E+02   0.378523E+00   0.390394E-02   0.789547E-01   0.315441E+00
 0.134274E+02   0.374914E+00   0.379529E-02   0.782094E-01   0.315441E+00
 0.134395E+02   0.371321E+00   0.368899E-02   0.774672E-01   0.315441E+00
 0.134516E+02   0.367744E+00   0.358500E-02   0.767283E-01   0.315441E+00
 0.134635E+02   0.364182E+00   0.348324E-02   0.759923E-01   0.315441E+00
 0.134748E+02   0.360790E+00   0.338795E-02   0.752909E-01   0.315441E+00
 0.134860E+02   0.357400E+00   0.329435E-02   0.745900E-01   0.315441E+00
 0.134971E+02   0.354027E+00   0.320281E-02   0.738924E-01   0.315441E+00
 0.135080E+02   0.350670E+00   0.311328E-02   0.731979E-01   0.315441E+00
 0.135189E+02   0.347328E+00   0.302572E-02   0.725065E-01   0.315441E+00
 0.135296E+02   0.344001E+00   0.294006E-02   0.718178E-01   0.315441E+00
 0.135401E+02   0.340689E+00   0.285627E-02   0.711320E-01   0.315441E+00
 0.135504E+02   0.337447E+00   0.277570E-02   0.704608E-01   0.315441E+00
 0.135623E+02   0.333675E+00   0.268372E-02   0.696796E-01   0.315441E+00
 0.135740E+02   0.329927E+00   0.259421E-02   0.689029E-01   0.315441E+00
 0.135855E+02   0.326199E+00   0.250709E-02   0.681304E-01   0.315441E+00
 0.135969E+02   0.322492E+00   0.242227E-02   0.673620E-01   0.315441E+00
 0.136081E+02   0.318805E+00   0.233970E-02   0.665974E-01   0.315441E+00
 0.136196E+02   0.314985E+00   0.225601E-02   0.658051E-01   0.315441E+00
 0.136300E+02   0.311498E+00   0.218126E-02   0.650817E-01   0.315441E+00
 0.136403E+02   0.308033E+00   0.210854E-02   0.643628E-01   0.315441E+00
 0.136504E+02   0.304590E+00   0.203779E-02   0.636481E-01   0.315441E+00
 0.136620E+02   0.300597E+00   0.195766E-02   0.628191E-01   0.315441E+00
 0.136734E+02   0.296628E+00   0.188002E-02   0.619949E-01   0.315441E+00
 0.136846E+02   0.292682E+00   0.180479E-02   0.611755E-01   0.315441E+00
 0.136952E+02   0.288915E+00   0.173473E-02   0.603928E-01   0.315441E+00
 0.137055E+02   0.285209E+00   0.166749E-02   0.596226E-01   0.315441E+00
 0.137156E+02   0.281529E+00   0.160241E-02   0.588577E-01   0.315441E+00
 0.137270E+02   0.277354E+00   0.153058E-02   0.579896E-01   0.315441E+00
 0.137381E+02   0.273207E+00   0.146132E-02   0.571272E-01   0.315441E+00
 0.137490E+02   0.269087E+00   0.139454E-02   0.562703E-01   0.315441E+00
 0.137593E+02   0.265138E+00   0.133235E-02   0.554486E-01   0.315441E+00
 0.137704E+02   0.260805E+00   0.126620E-02   0.545469E-01   0.315441E+00
 0.137813E+02   0.256512E+00   0.120281E-02   0.536533E-01   0.315441E+00
 0.137920E+02   0.252254E+00   0.114204E-02   0.527667E-01   0.315441E+00
 0.138023E+02   0.248028E+00   0.108374E-02   0.518865E-01   0.315441E+00
 0.138125E+02   0.243830E+00   0.102778E-02   0.510122E-01   0.315441E+00
 0.138229E+02   0.239458E+00   0.971496E-03   0.501011E-01   0.315441E+00
 0.138330E+02   0.235151E+00   0.918075E-03   0.492034E-01   0.315441E+00
 0.138437E+02   0.230460E+00   0.862199E-03   0.482256E-01   0.315441E+00
 0.138541E+02   0.225811E+00   0.809151E-03   0.472563E-01   0.315441E+00
 0.138643E+02   0.221200E+00   0.758744E-03   0.462948E-01   0.315441E+00
 0.138749E+02   0.216245E+00   0.706926E-03   0.452611E-01   0.315441E+00
 0.138854E+02   0.211225E+00   0.656927E-03   0.442137E-01   0.315441E+00
 0.138956E+02   0.206264E+00   0.609988E-03   0.431784E-01   0.315441E+00
 0.139061E+02   0.200976E+00   0.562570E-03   0.420745E-01   0.315441E+00
 0.139161E+02   0.195792E+00   0.518583E-03   0.409922E-01   0.315441E+00
 0.139265E+02   0.190247E+00   0.474157E-03   0.398342E-01   0.315441E+00
 0.139368E+02   0.184563E+00   0.431545E-03   0.386470E-01   0.315441E+00
 0.139472E+02   0.178622E+00   0.390143E-03   0.374056E-01   0.315441E+00
 0.139576E+02   0.172415E+00   0.350112E-03   0.361085E-01   0.315441E+00
 0.139679E+02   0.165967E+00   0.311761E-03   0.347608E-01   0.315441E+00
 0.139782E+02   0.159169E+00   0.274875E-03   0.333393E-01   0.315441E+00
 0.139883E+02   0.152171E+00   0.240493E-03   0.318759E-01   0.315441E+00
 0.139984E+02   0.144836E+00   0.207922E-03   0.303417E-01   0.315441E+00
 0.140084E+02   0.136954E+00   0.177027E-03   0.286927E-01   0.315441E+00
 0.140185E+02   0.128202E+00   0.147781E-03   0.268613E-01   0.315441E+00
 0.140287E+02   0.118482E+00   0.120481E-03   0.248267E-01   0.315441E+00
 0.140387E+02   0.107752E+00   0.958957E-04   0.225805E-01   0.315441E+00
 0.140487E+02   0.956679E-01   0.737689E-04   0.200500E-01   0.315441E+00
 0.140588E+02   0.806151E-01   0.544447E-04   0.168972E-01   0.315441E+00
 0.140689E+02   0.621052E-01   0.389524E-04   0.130207E-01   0.315441E+00
 0.140789E+02   0.438901E-01   0.274835E-04   0.920086E-02   0.315441E+00
 0.140890E+02   0.301627E-01   0.195617E-04   0.632514E-02   0.315441E+00
 0.140991E+02   0.210425E-01   0.140700E-04   0.442239E-02   0.315441E+00
 0.141092E+02   0.147579E-01   0.102370E-04   0.311041E-02   0.315441E+00
 0.141193E+02   0.102733E-01   0.756109E-05   0.217068E-02   0.315441E+00
 0.141293E+02   0.708792E-02   0.571550E-05   0.150030E-02   0.315441E+00
 0.141394E+02   0.484443E-02   0.444956E-05   0.102632E-02   0.315441E+00
 0.141494E+02   0.328413E-02   0.358721E-05   0.695652E-03   0.315441E+00
 0.141595E+02   0.221252E-02   0.300392E-05   0.468017E-03   0.315441E+00
 0.141697E+02   0.148502E-02   0.261219E-05   0.313221E-03   0.315441E+00
 0.141797E+02   0.119103E-02   0.234195E-05   0.250606E-03   0.315441E+00
 0.141898E+02   0.110379E-02   0.209526E-05   0.232189E-03   0.315441E+00
 0.141998E+02   0.966557E-03   0.187515E-05   0.203471E-03   0.315441E+00
 0.142099E+02   0.861333E-03   0.168248E-05   0.181397E-03   0.315441E+00
 0.142199E+02   0.786296E-03   0.150885E-05   0.165621E-03   0.315441E+00
 0.142299E+02   0.726460E-03   0.134942E-05   0.153054E-03   0.315441E+00
 0.142402E+02   0.669494E-03   0.119963E-05   0.141101E-03   0.315441E+00
 0.142503E+02   0.607598E-03   0.106353E-05   0.128087E-03   0.315441E+00
 0.142605E+02   0.539835E-03   0.942149E-06   0.113790E-03   0.315441E+00
 0.142705E+02   0.480845E-03   0.835700E-06   0.101408E-03   0.315441E+00
 0.142805E+02   0.427968E-03   0.740754E-06   0.902588E-04   0.315441E+00
 0.142905E+02   0.382663E-03   0.656615E-06   0.806862E-04   0.315441E+00
 0.143007E+02   0.346176E-03   0.580290E-06   0.730152E-04   0.315441E+00
 0.143107E+02   0.315646E-03   0.511694E-06   0.666085E-04   0.315441E+00
 0.143209E+02   0.286623E-03   0.447953E-06   0.604998E-04   0.315441E+00
 0.143311E+02   0.258745E-03   0.390549E-06   0.546121E-04   0.315441E+00
 0.143415E+02   0.231931E-03   0.338453E-06   0.489525E-04   0.315441E+00
 0.143516E+02   0.207525E-03   0.292688E-06   0.438130E-04   0.315441E+00
 0.143617E+02   0.186167E-03   0.252171E-06   0.393122E-04   0.315441E+00
 0.143717E+02   0.166858E-03   0.215991E-06   0.352347E-04   0.315441E+00
 0.143819E+02   0.145920E-03   0.183307E-06   0.308166E-04   0.315441E+00
 0.143919E+02   0.125165E-03   0.155572E-06   0.264447E-04   0.315441E+00
 0.144019E+02   0.109045E-03   0.131799E-06   0.230412E-04   0.315441E+00
 0.144120E+02   0.961250E-04   0.110805E-06   0.203106E-04   0.315441E+00
 0.144222E+02   0.839433E-04   0.922641E-07   0.177412E-04   0.315441E+00
 0.144324E+02   0.716958E-04   0.762055E-07   0.151561E-04   0.315441E+00
 0.144424E+02   0.606317E-04   0.628357E-07   0.128178E-04   0.315441E+00
 0.144525E+02   0.519607E-04   0.514616E-07   0.109899E-04   0.315441E+00
 0.144626E+02   0.445109E-04   0.416691E-07   0.941474E-05   0.315441E+00
 0.144726E+02   0.376861E-04   0.334006E-07   0.796959E-05   0.315441E+00
 0.144829E+02   0.313917E-04   0.262494E-07   0.664472E-05   0.315441E+00
 0.144930E+02   0.262109E-04   0.204305E-07   0.554780E-05   0.315441E+00
 0.145031E+02   0.210221E-04   0.156859E-07   0.444805E-05   0.315441E+00
 0.145132E+02   0.166581E-04   0.119123E-07   0.352532E-05   0.315441E+00
 0.145232E+02   0.134486E-04   0.891389E-08   0.284623E-05   0.315441E+00
 0.145333E+02   0.107486E-04   0.650603E-08   0.227527E-05   0.315441E+00
 0.145433E+02   0.831713E-05   0.461119E-08   0.176127E-05   0.315441E+00
 0.145534E+02   0.617117E-05   0.317966E-08   0.130708E-05   0.315441E+00
 0.145634E+02   0.464670E-05   0.212139E-08   0.984194E-06   0.315441E+00
 0.145734E+02   0.307080E-05   0.134693E-08   0.650530E-06   0.315441E+00
 0.145834E+02   0.214904E-05   0.840309E-09   0.455323E-06   0.315441E+00
 0.145935E+02   0.143638E-05   0.489492E-09   0.304346E-06   0.315441E+00
 0.146035E+02   0.893523E-06   0.260782E-09   0.189335E-06   0.315441E+00
 0.146136E+02   0.509947E-06   0.126843E-09   0.108098E-06   0.315441E+00
 0.146236E+02   0.267171E-06   0.520380E-10   0.566505E-07   0.315441E+00
 0.146336E+02   0.115147E-06   0.160130E-10   0.244121E-07   0.315441E+00
 0.146436E+02   0.334271E-07   0.266510E-11   0.708760E-08   0.315441E+00
 0.146536E+02   0.172548E-08   0.293247E-13   0.366071E-09   0.315441E+00
