 0.000000E+00   0.286500E+01   0.105990E+01   0.495881E+00   0.495881E+00
 0.102407E-01   0.286500E+01   0.105990E+01   0.495881E+00   0.495881E+00
 0.204617E-01   0.286499E+01   0.105990E+01   0.495880E+00   0.495881E+00
 0.307579E-01   0.286498E+01   0.105989E+01   0.495879E+00   0.495881E+00
 0.414580E-01   0.286497E+01   0.105988E+01   0.495877E+00   0.495881E+00
 0.516047E-01   0.286495E+01   0.105987E+01   0.495875E+00   0.495881E+00
 0.621852E-01   0.286493E+01   0.105985E+01   0.495872E+00   0.495881E+00
 0.729469E-01   0.286491E+01   0.105983E+01   0.495869E+00   0.495881E+00
 0.836403E-01   0.286488E+01   0.105981E+01   0.495865E+00   0.495881E+00
 0.940242E-01   0.286484E+01   0.105979E+01   0.495861E+00   0.495881E+00
 0.105150E+00   0.286480E+01   0.105976E+01   0.495856E+00   0.495881E+00
 0.115674E+00   0.286476E+01   0.105973E+01   0.495851E+00   0.495881E+00
 0.126809E+00   0.286471E+01   0.105969E+01   0.495845E+00   0.495881E+00
 0.137059E+00   0.286467E+01   0.105966E+01   0.495839E+00   0.495881E+00
 0.147792E+00   0.286461E+01   0.105962E+01   0.495832E+00   0.495881E+00
 0.159017E+00   0.286455E+01   0.105957E+01   0.495824E+00   0.495881E+00
 0.169031E+00   0.286449E+01   0.105953E+01   0.495817E+00   0.495881E+00
 0.179415E+00   0.286443E+01   0.105948E+01   0.495809E+00   0.495881E+00
 0.190178E+00   0.286436E+01   0.105943E+01   0.495800E+00   0.495881E+00
 0.201319E+00   0.286428E+01   0.105938E+01   0.495790E+00   0.495881E+00
 0.212844E+00   0.286419E+01   0.105931E+01   0.495779E+00   0.495881E+00
 0.224757E+00   0.286410E+01   0.105925E+01   0.495767E+00   0.495881E+00
 0.234985E+00   0.286402E+01   0.105919E+01   0.495757E+00   0.495881E+00
 0.245486E+00   0.286393E+01   0.105912E+01   0.495745E+00   0.495881E+00
 0.256262E+00   0.286383E+01   0.105905E+01   0.495733E+00   0.495881E+00
 0.267318E+00   0.286373E+01   0.105898E+01   0.495720E+00   0.495881E+00
 0.278655E+00   0.286362E+01   0.105890E+01   0.495706E+00   0.495881E+00
 0.290278E+00   0.286350E+01   0.105881E+01   0.495691E+00   0.495881E+00
 0.302190E+00   0.286338E+01   0.105872E+01   0.495676E+00   0.495881E+00
 0.314386E+00   0.286324E+01   0.105862E+01   0.495659E+00   0.495881E+00
 0.326875E+00   0.286310E+01   0.105852E+01   0.495641E+00   0.495881E+00
 0.337076E+00   0.286298E+01   0.105843E+01   0.495625E+00   0.495881E+00
 0.347468E+00   0.286286E+01   0.105834E+01   0.495609E+00   0.495881E+00
 0.358047E+00   0.286272E+01   0.105824E+01   0.495593E+00   0.495881E+00
 0.368817E+00   0.286258E+01   0.105814E+01   0.495575E+00   0.495881E+00
 0.379780E+00   0.286244E+01   0.105803E+01   0.495557E+00   0.495881E+00
 0.390938E+00   0.286229E+01   0.105792E+01   0.495537E+00   0.495881E+00
 0.402290E+00   0.286213E+01   0.105781E+01   0.495517E+00   0.495881E+00
 0.413836E+00   0.286196E+01   0.105769E+01   0.495496E+00   0.495881E+00
 0.425580E+00   0.286178E+01   0.105756E+01   0.495474E+00   0.495881E+00
 0.437521E+00   0.286160E+01   0.105742E+01   0.495451E+00   0.495881E+00
 0.449660E+00   0.286141E+01   0.105729E+01   0.495426E+00   0.495881E+00
 0.461998E+00   0.286121E+01   0.105714E+01   0.495401E+00   0.495881E+00
 0.474536E+00   0.286100E+01   0.105699E+01   0.495375E+00   0.495881E+00
 0.487279E+00   0.286078E+01   0.105683E+01   0.495347E+00   0.495881E+00
 0.500225E+00   0.286056E+01   0.105666E+01   0.495319E+00   0.495881E+00
 0.513375E+00   0.286032E+01   0.105649E+01   0.495289E+00   0.495881E+00
 0.526725E+00   0.286007E+01   0.105631E+01   0.495257E+00   0.495881E+00
 0.536875E+00   0.285988E+01   0.105617E+01   0.495233E+00   0.495881E+00
 0.547144E+00   0.285969E+01   0.105603E+01   0.495208E+00   0.495881E+00
 0.557528E+00   0.285948E+01   0.105588E+01   0.495183E+00   0.495881E+00
 0.568030E+00   0.285927E+01   0.105573E+01   0.495156E+00   0.495881E+00
 0.578645E+00   0.285906E+01   0.105557E+01   0.495129E+00   0.495881E+00
 0.589379E+00   0.285884E+01   0.105541E+01   0.495101E+00   0.495881E+00
 0.600229E+00   0.285861E+01   0.105524E+01   0.495072E+00   0.495881E+00
 0.611198E+00   0.285837E+01   0.105507E+01   0.495042E+00   0.495881E+00
 0.622290E+00   0.285813E+01   0.105490E+01   0.495011E+00   0.495881E+00
 0.633499E+00   0.285788E+01   0.105471E+01   0.494980E+00   0.495881E+00
 0.644827E+00   0.285762E+01   0.105453E+01   0.494947E+00   0.495881E+00
 0.656275E+00   0.285736E+01   0.105433E+01   0.494914E+00   0.495881E+00
 0.667847E+00   0.285709E+01   0.105414E+01   0.494879E+00   0.495881E+00
 0.679538E+00   0.285681E+01   0.105393E+01   0.494844E+00   0.495881E+00
 0.691349E+00   0.285652E+01   0.105373E+01   0.494808E+00   0.495881E+00
 0.703283E+00   0.285623E+01   0.105351E+01   0.494770E+00   0.495881E+00
 0.715339E+00   0.285593E+01   0.105329E+01   0.494732E+00   0.495881E+00
 0.727520E+00   0.285562E+01   0.105306E+01   0.494693E+00   0.495881E+00
 0.739822E+00   0.285530E+01   0.105283E+01   0.494652E+00   0.495881E+00
 0.752245E+00   0.285497E+01   0.105259E+01   0.494611E+00   0.495881E+00
 0.764795E+00   0.285463E+01   0.105235E+01   0.494568E+00   0.495881E+00
 0.777466E+00   0.285429E+01   0.105210E+01   0.494525E+00   0.495881E+00
 0.790262E+00   0.285393E+01   0.105184E+01   0.494480E+00   0.495881E+00
 0.803181E+00   0.285357E+01   0.105157E+01   0.494434E+00   0.495881E+00
 0.816225E+00   0.285319E+01   0.105130E+01   0.494386E+00   0.495881E+00
 0.829397E+00   0.285281E+01   0.105102E+01   0.494338E+00   0.495881E+00
 0.842695E+00   0.285242E+01   0.105074E+01   0.494288E+00   0.495881E+00
 0.856118E+00   0.285202E+01   0.105044E+01   0.494237E+00   0.495881E+00
 0.869667E+00   0.285160E+01   0.105014E+01   0.494185E+00   0.495881E+00
 0.883342E+00   0.285118E+01   0.104983E+01   0.494131E+00   0.495881E+00
 0.897145E+00   0.285075E+01   0.104952E+01   0.494076E+00   0.495881E+00
 0.911074E+00   0.285030E+01   0.104919E+01   0.494020E+00   0.495881E+00
 0.925130E+00   0.284985E+01   0.104886E+01   0.493962E+00   0.495881E+00
 0.939316E+00   0.284938E+01   0.104852E+01   0.493903E+00   0.495881E+00
 0.953631E+00   0.284890E+01   0.104817E+01   0.493843E+00   0.495881E+00
 0.968073E+00   0.284841E+01   0.104782E+01   0.493781E+00   0.495881E+00
 0.982644E+00   0.284791E+01   0.104745E+01   0.493717E+00   0.495881E+00
 0.997342E+00   0.284740E+01   0.104708E+01   0.493652E+00   0.495881E+00
 0.101217E+01   0.284688E+01   0.104670E+01   0.493586E+00   0.495881E+00
 0.102713E+01   0.284634E+01   0.104631E+01   0.493518E+00   0.495881E+00
 0.103718E+01   0.284597E+01   0.104604E+01   0.493471E+00   0.495881E+00
 0.104728E+01   0.284560E+01   0.104577E+01   0.493424E+00   0.495881E+00
 0.105744E+01   0.284523E+01   0.104550E+01   0.493377E+00   0.495881E+00
 0.106766E+01   0.284484E+01   0.104522E+01   0.493328E+00   0.495881E+00
 0.107794E+01   0.284446E+01   0.104494E+01   0.493279E+00   0.495881E+00
 0.108828E+01   0.284406E+01   0.104465E+01   0.493229E+00   0.495881E+00
 0.109867E+01   0.284366E+01   0.104436E+01   0.493179E+00   0.495881E+00
 0.110912E+01   0.284326E+01   0.104406E+01   0.493127E+00   0.495881E+00
 0.111963E+01   0.284285E+01   0.104376E+01   0.493075E+00   0.495881E+00
 0.113020E+01   0.284243E+01   0.104346E+01   0.493022E+00   0.495881E+00
 0.114083E+01   0.284200E+01   0.104315E+01   0.492968E+00   0.495881E+00
 0.115152E+01   0.284157E+01   0.104284E+01   0.492914E+00   0.495881E+00
 0.116226E+01   0.284114E+01   0.104252E+01   0.492858E+00   0.495881E+00
 0.117307E+01   0.284069E+01   0.104220E+01   0.492802E+00   0.495881E+00
 0.118393E+01   0.284024E+01   0.104187E+01   0.492745E+00   0.495881E+00
 0.119486E+01   0.283979E+01   0.104154E+01   0.492687E+00   0.495881E+00
 0.120584E+01   0.283933E+01   0.104120E+01   0.492628E+00   0.495881E+00
 0.121688E+01   0.283886E+01   0.104086E+01   0.492569E+00   0.495881E+00
 0.122799E+01   0.283838E+01   0.104051E+01   0.492509E+00   0.495881E+00
 0.123915E+01   0.283790E+01   0.104016E+01   0.492447E+00   0.495881E+00
 0.125037E+01   0.283741E+01   0.103980E+01   0.492385E+00   0.495881E+00
 0.126165E+01   0.283691E+01   0.103944E+01   0.492322E+00   0.495881E+00
 0.127299E+01   0.283641E+01   0.103908E+01   0.492258E+00   0.495881E+00
 0.128439E+01   0.283590E+01   0.103871E+01   0.492193E+00   0.495881E+00
 0.129585E+01   0.283538E+01   0.103833E+01   0.492128E+00   0.495881E+00
 0.130736E+01   0.283485E+01   0.103795E+01   0.492061E+00   0.495881E+00
 0.131894E+01   0.283432E+01   0.103756E+01   0.491993E+00   0.495881E+00
 0.133058E+01   0.283378E+01   0.103717E+01   0.491925E+00   0.495881E+00
 0.134228E+01   0.283323E+01   0.103677E+01   0.491855E+00   0.495881E+00
 0.135404E+01   0.283268E+01   0.103637E+01   0.491785E+00   0.495881E+00
 0.136586E+01   0.283212E+01   0.103596E+01   0.491713E+00   0.495881E+00
 0.137774E+01   0.283155E+01   0.103554E+01   0.491641E+00   0.495881E+00
 0.138968E+01   0.283097E+01   0.103512E+01   0.491568E+00   0.495881E+00
 0.140168E+01   0.283038E+01   0.103470E+01   0.491493E+00   0.495881E+00
 0.141374E+01   0.282979E+01   0.103426E+01   0.491418E+00   0.495881E+00
 0.142586E+01   0.282919E+01   0.103383E+01   0.491341E+00   0.495881E+00
 0.143804E+01   0.282858E+01   0.103338E+01   0.491264E+00   0.495881E+00
 0.145028E+01   0.282796E+01   0.103294E+01   0.491185E+00   0.495881E+00
 0.146258E+01   0.282734E+01   0.103248E+01   0.491106E+00   0.495881E+00
 0.147495E+01   0.282670E+01   0.103202E+01   0.491025E+00   0.495881E+00
 0.148703E+01   0.282608E+01   0.103157E+01   0.490946E+00   0.495881E+00
 0.149950E+01   0.282543E+01   0.103109E+01   0.490863E+00   0.495881E+00
 0.151203E+01   0.282477E+01   0.103062E+01   0.490780E+00   0.495881E+00
 0.152462E+01   0.282411E+01   0.103013E+01   0.490695E+00   0.495881E+00
 0.153727E+01   0.282343E+01   0.102964E+01   0.490609E+00   0.495881E+00
 0.154998E+01   0.282275E+01   0.102915E+01   0.490522E+00   0.495881E+00
 0.156276E+01   0.282205E+01   0.102864E+01   0.490434E+00   0.495881E+00
 0.157559E+01   0.282135E+01   0.102813E+01   0.490345E+00   0.495881E+00
 0.158848E+01   0.282064E+01   0.102762E+01   0.490254E+00   0.495881E+00
 0.160143E+01   0.281992E+01   0.102710E+01   0.490163E+00   0.495881E+00
 0.161444E+01   0.281920E+01   0.102657E+01   0.490070E+00   0.495881E+00
 0.162752E+01   0.281846E+01   0.102603E+01   0.489976E+00   0.495881E+00
 0.164065E+01   0.281771E+01   0.102549E+01   0.489881E+00   0.495881E+00
 0.165385E+01   0.281696E+01   0.102494E+01   0.489785E+00   0.495881E+00
 0.166710E+01   0.281619E+01   0.102439E+01   0.489687E+00   0.495881E+00
 0.168042E+01   0.281542E+01   0.102382E+01   0.489588E+00   0.495881E+00
 0.169380E+01   0.281464E+01   0.102326E+01   0.489488E+00   0.495881E+00
 0.170724E+01   0.281384E+01   0.102268E+01   0.489387E+00   0.495881E+00
 0.172074E+01   0.281304E+01   0.102210E+01   0.489285E+00   0.495881E+00
 0.173429E+01   0.281223E+01   0.102151E+01   0.489181E+00   0.495881E+00
 0.174791E+01   0.281141E+01   0.102091E+01   0.489076E+00   0.495881E+00
 0.176159E+01   0.281057E+01   0.102031E+01   0.488970E+00   0.495881E+00
 0.177533E+01   0.280973E+01   0.101970E+01   0.488863E+00   0.495881E+00
 0.178914E+01   0.280888E+01   0.101908E+01   0.488754E+00   0.495881E+00
 0.180301E+01   0.280802E+01   0.101846E+01   0.488644E+00   0.495881E+00
 0.181693E+01   0.280715E+01   0.101782E+01   0.488532E+00   0.495881E+00
 0.183092E+01   0.280626E+01   0.101718E+01   0.488420E+00   0.495881E+00
 0.184496E+01   0.280537E+01   0.101654E+01   0.488306E+00   0.495881E+00
 0.185907E+01   0.280447E+01   0.101588E+01   0.488190E+00   0.495881E+00
 0.187324E+01   0.280355E+01   0.101522E+01   0.488073E+00   0.495881E+00
 0.188748E+01   0.280263E+01   0.101455E+01   0.487955E+00   0.495881E+00
 0.190176E+01   0.280169E+01   0.101387E+01   0.487836E+00   0.495881E+00
 0.191612E+01   0.280075E+01   0.101319E+01   0.487715E+00   0.495881E+00
 0.193053E+01   0.279979E+01   0.101249E+01   0.487593E+00   0.495881E+00
 0.194501E+01   0.279883E+01   0.101179E+01   0.487469E+00   0.495881E+00
 0.195954E+01   0.279785E+01   0.101109E+01   0.487344E+00   0.495881E+00
 0.197414E+01   0.279686E+01   0.101037E+01   0.487217E+00   0.495881E+00
 0.198879E+01   0.279586E+01   0.100965E+01   0.487089E+00   0.495881E+00
 0.200351E+01   0.279485E+01   0.100891E+01   0.486960E+00   0.495881E+00
 0.201829E+01   0.279383E+01   0.100817E+01   0.486829E+00   0.495881E+00
 0.203313E+01   0.279279E+01   0.100742E+01   0.486696E+00   0.495881E+00
 0.204803E+01   0.279175E+01   0.100667E+01   0.486563E+00   0.495881E+00
 0.206300E+01   0.279069E+01   0.100590E+01   0.486427E+00   0.495881E+00
 0.207802E+01   0.278962E+01   0.100513E+01   0.486290E+00   0.495881E+00
 0.209310E+01   0.278854E+01   0.100435E+01   0.486152E+00   0.495881E+00
 0.210825E+01   0.278745E+01   0.100356E+01   0.486012E+00   0.495881E+00
 0.212349E+01   0.278635E+01   0.100276E+01   0.485870E+00   0.495881E+00
 0.213877E+01   0.278523E+01   0.100195E+01   0.485727E+00   0.495881E+00
 0.215412E+01   0.278410E+01   0.100114E+01   0.485582E+00   0.495881E+00
 0.216953E+01   0.278296E+01   0.100031E+01   0.485436E+00   0.495881E+00
 0.218500E+01   0.278181E+01   0.999480E+00   0.485288E+00   0.495881E+00
 0.220053E+01   0.278065E+01   0.998638E+00   0.485139E+00   0.495881E+00
 0.221612E+01   0.277947E+01   0.997787E+00   0.484988E+00   0.495881E+00
 0.223178E+01   0.277828E+01   0.996928E+00   0.484835E+00   0.495881E+00
 0.224750E+01   0.277708E+01   0.996060E+00   0.484681E+00   0.495881E+00
 0.226327E+01   0.277586E+01   0.995182E+00   0.484525E+00   0.495881E+00
 0.227912E+01   0.277464E+01   0.994296E+00   0.484367E+00   0.495881E+00
 0.229502E+01   0.277340E+01   0.993401E+00   0.484208E+00   0.495881E+00
 0.231098E+01   0.277215E+01   0.992496E+00   0.484047E+00   0.495881E+00
 0.232700E+01   0.277088E+01   0.991583E+00   0.483884E+00   0.495881E+00
 0.234309E+01   0.276960E+01   0.990660E+00   0.483720E+00   0.495881E+00
 0.235923E+01   0.276831E+01   0.989728E+00   0.483554E+00   0.495881E+00
 0.237544E+01   0.276701E+01   0.988787E+00   0.483386E+00   0.495881E+00
 0.239171E+01   0.276569E+01   0.987837E+00   0.483217E+00   0.495881E+00
 0.240804E+01   0.276436E+01   0.986877E+00   0.483045E+00   0.495881E+00
 0.242443E+01   0.276302E+01   0.985908E+00   0.482872E+00   0.495881E+00
 0.244089E+01   0.276166E+01   0.984929E+00   0.482698E+00   0.495881E+00
 0.245740E+01   0.276029E+01   0.983941E+00   0.482521E+00   0.495881E+00
 0.247397E+01   0.275891E+01   0.982943E+00   0.482343E+00   0.495881E+00
 0.249061E+01   0.275751E+01   0.981935E+00   0.482163E+00   0.495881E+00
 0.250731E+01   0.275610E+01   0.980918E+00   0.481981E+00   0.495881E+00
 0.252407E+01   0.275468E+01   0.979891E+00   0.481797E+00   0.495881E+00
 0.254089E+01   0.275324E+01   0.978854E+00   0.481611E+00   0.495881E+00
 0.255777E+01   0.275179E+01   0.977808E+00   0.481424E+00   0.495881E+00
 0.257472E+01   0.275032E+01   0.976752E+00   0.481235E+00   0.495881E+00
 0.259172E+01   0.274884E+01   0.975685E+00   0.481044E+00   0.495881E+00
 0.260856E+01   0.274737E+01   0.974623E+00   0.480853E+00   0.495881E+00
 0.262568E+01   0.274586E+01   0.973538E+00   0.480659E+00   0.495881E+00
 0.264285E+01   0.274434E+01   0.972442E+00   0.480462E+00   0.495881E+00
 0.266009E+01   0.274280E+01   0.971337E+00   0.480263E+00   0.495881E+00
 0.267738E+01   0.274125E+01   0.970221E+00   0.480063E+00   0.495881E+00
 0.269474E+01   0.273969E+01   0.969096E+00   0.479861E+00   0.495881E+00
 0.271215E+01   0.273811E+01   0.967960E+00   0.479656E+00   0.495881E+00
 0.272963E+01   0.273652E+01   0.966813E+00   0.479450E+00   0.495881E+00
 0.274717E+01   0.273491E+01   0.965657E+00   0.479242E+00   0.495881E+00
 0.276477E+01   0.273329E+01   0.964490E+00   0.479032E+00   0.495881E+00
 0.278242E+01   0.273165E+01   0.963313E+00   0.478820E+00   0.495881E+00
 0.280014E+01   0.273000E+01   0.962126E+00   0.478606E+00   0.495881E+00
 0.281792E+01   0.272833E+01   0.960928E+00   0.478389E+00   0.495881E+00
 0.283576E+01   0.272665E+01   0.959719E+00   0.478171E+00   0.495881E+00
 0.285365E+01   0.272495E+01   0.958500E+00   0.477951E+00   0.495881E+00
 0.287161E+01   0.272324E+01   0.957271E+00   0.477729E+00   0.495881E+00
 0.288962E+01   0.272151E+01   0.956031E+00   0.477505E+00   0.495881E+00
 0.290770E+01   0.271977E+01   0.954780E+00   0.477279E+00   0.495881E+00
 0.292583E+01   0.271802E+01   0.953519E+00   0.477050E+00   0.495881E+00
 0.294403E+01   0.271624E+01   0.952247E+00   0.476820E+00   0.495881E+00
 0.296228E+01   0.271445E+01   0.950964E+00   0.476588E+00   0.495881E+00
 0.298060E+01   0.271265E+01   0.949670E+00   0.476353E+00   0.495881E+00
 0.299897E+01   0.271083E+01   0.948366E+00   0.476117E+00   0.495881E+00
 0.301740E+01   0.270900E+01   0.947051E+00   0.475878E+00   0.495881E+00
 0.303590E+01   0.270715E+01   0.945724E+00   0.475637E+00   0.495881E+00
 0.305446E+01   0.270528E+01   0.944387E+00   0.475394E+00   0.495881E+00
 0.307307E+01   0.270340E+01   0.943038E+00   0.475149E+00   0.495881E+00
 0.309175E+01   0.270150E+01   0.941679E+00   0.474901E+00   0.495881E+00
 0.311048E+01   0.269959E+01   0.940308E+00   0.474652E+00   0.495881E+00
 0.312928E+01   0.269766E+01   0.938927E+00   0.474400E+00   0.495881E+00
 0.314813E+01   0.269571E+01   0.937534E+00   0.474147E+00   0.495881E+00
 0.316704E+01   0.269375E+01   0.936130E+00   0.473891E+00   0.495881E+00
 0.318601E+01   0.269178E+01   0.934715E+00   0.473632E+00   0.495881E+00
 0.320503E+01   0.268978E+01   0.933289E+00   0.473372E+00   0.495881E+00
 0.322412E+01   0.268777E+01   0.931852E+00   0.473109E+00   0.495881E+00
 0.324326E+01   0.268575E+01   0.930404E+00   0.472844E+00   0.495881E+00
 0.326246E+01   0.268371E+01   0.928944E+00   0.472577E+00   0.495881E+00
 0.328172E+01   0.268165E+01   0.927473E+00   0.472308E+00   0.495881E+00
 0.330104E+01   0.267957E+01   0.925991E+00   0.472037E+00   0.495881E+00
 0.332042E+01   0.267748E+01   0.924497E+00   0.471763E+00   0.495881E+00
 0.333985E+01   0.267537E+01   0.922992E+00   0.471487E+00   0.495881E+00
 0.335934E+01   0.267325E+01   0.921476E+00   0.471208E+00   0.495881E+00
 0.337889E+01   0.267111E+01   0.919948E+00   0.470928E+00   0.495881E+00
 0.339849E+01   0.266895E+01   0.918409E+00   0.470645E+00   0.495881E+00
 0.341815E+01   0.266678E+01   0.916859E+00   0.470360E+00   0.495881E+00
 0.343787E+01   0.266459E+01   0.915297E+00   0.470072E+00   0.495881E+00
 0.345765E+01   0.266238E+01   0.913723E+00   0.469782E+00   0.495881E+00
 0.347748E+01   0.266016E+01   0.912138E+00   0.469490E+00   0.495881E+00
 0.349738E+01   0.265792E+01   0.910542E+00   0.469195E+00   0.495881E+00
 0.351732E+01   0.265566E+01   0.908934E+00   0.468898E+00   0.495881E+00
 0.353733E+01   0.265338E+01   0.907314E+00   0.468599E+00   0.495881E+00
 0.354735E+01   0.265224E+01   0.906500E+00   0.468449E+00   0.495881E+00
 0.355739E+01   0.265109E+01   0.905683E+00   0.468298E+00   0.495881E+00
 0.356745E+01   0.264994E+01   0.904863E+00   0.468146E+00   0.495881E+00
 0.357751E+01   0.264878E+01   0.904040E+00   0.467993E+00   0.495881E+00
 0.358759E+01   0.264762E+01   0.903214E+00   0.467841E+00   0.495881E+00
 0.359769E+01   0.264646E+01   0.902386E+00   0.467687E+00   0.495881E+00
 0.360779E+01   0.264529E+01   0.901554E+00   0.467533E+00   0.495881E+00
 0.361792E+01   0.264412E+01   0.900720E+00   0.467378E+00   0.495881E+00
 0.362806E+01   0.264294E+01   0.899882E+00   0.467223E+00   0.495881E+00
 0.363821E+01   0.264176E+01   0.899042E+00   0.467067E+00   0.495881E+00
 0.364837E+01   0.264057E+01   0.898199E+00   0.466911E+00   0.495881E+00
 0.365855E+01   0.263938E+01   0.897353E+00   0.466754E+00   0.495881E+00
 0.366874E+01   0.263819E+01   0.896504E+00   0.466596E+00   0.495881E+00
 0.367895E+01   0.263699E+01   0.895652E+00   0.466438E+00   0.495881E+00
 0.368917E+01   0.263578E+01   0.894797E+00   0.466279E+00   0.495881E+00
 0.369940E+01   0.263458E+01   0.893940E+00   0.466119E+00   0.495881E+00
 0.370965E+01   0.263336E+01   0.893079E+00   0.465959E+00   0.495881E+00
 0.371998E+01   0.263214E+01   0.892210E+00   0.465797E+00   0.495881E+00
 0.373026E+01   0.263092E+01   0.891343E+00   0.465636E+00   0.495881E+00
 0.374055E+01   0.262969E+01   0.890474E+00   0.465474E+00   0.495881E+00
 0.375086E+01   0.262847E+01   0.889601E+00   0.465311E+00   0.495881E+00
 0.376117E+01   0.262723E+01   0.888726E+00   0.465148E+00   0.495881E+00
 0.377151E+01   0.262599E+01   0.887848E+00   0.464985E+00   0.495881E+00
 0.378186E+01   0.262475E+01   0.886967E+00   0.464820E+00   0.495881E+00
 0.379222E+01   0.262350E+01   0.886082E+00   0.464655E+00   0.495881E+00
 0.380259E+01   0.262225E+01   0.885195E+00   0.464489E+00   0.495881E+00
 0.381298E+01   0.262100E+01   0.884305E+00   0.464323E+00   0.495881E+00
 0.382338E+01   0.261974E+01   0.883412E+00   0.464156E+00   0.495881E+00
 0.383380E+01   0.261847E+01   0.882517E+00   0.463989E+00   0.495881E+00
 0.384423E+01   0.261721E+01   0.881618E+00   0.463821E+00   0.495881E+00
 0.385467E+01   0.261593E+01   0.880716E+00   0.463652E+00   0.495881E+00
 0.386513E+01   0.261466E+01   0.879812E+00   0.463483E+00   0.495881E+00
 0.387560E+01   0.261338E+01   0.878904E+00   0.463313E+00   0.495881E+00
 0.388608E+01   0.261209E+01   0.877994E+00   0.463142E+00   0.495881E+00
 0.389658E+01   0.261080E+01   0.877080E+00   0.462971E+00   0.495881E+00
 0.390709E+01   0.260950E+01   0.876164E+00   0.462799E+00   0.495881E+00
 0.391762E+01   0.260821E+01   0.875245E+00   0.462626E+00   0.495881E+00
 0.392816E+01   0.260690E+01   0.874323E+00   0.462453E+00   0.495881E+00
 0.393871E+01   0.260560E+01   0.873398E+00   0.462280E+00   0.495881E+00
 0.394927E+01   0.260428E+01   0.872470E+00   0.462105E+00   0.495881E+00
 0.395985E+01   0.260297E+01   0.871539E+00   0.461930E+00   0.495881E+00
 0.397045E+01   0.260165E+01   0.870605E+00   0.461755E+00   0.495881E+00
 0.398105E+01   0.260032E+01   0.869668E+00   0.461578E+00   0.495881E+00
 0.399167E+01   0.259899E+01   0.868728E+00   0.461402E+00   0.495881E+00
 0.400231E+01   0.259766E+01   0.867786E+00   0.461224E+00   0.495881E+00
 0.401295E+01   0.259632E+01   0.866840E+00   0.461046E+00   0.495881E+00
 0.402361E+01   0.259498E+01   0.865892E+00   0.460867E+00   0.495881E+00
 0.403431E+01   0.259363E+01   0.864938E+00   0.460687E+00   0.495881E+00
 0.404500E+01   0.259227E+01   0.863984E+00   0.460507E+00   0.495881E+00
 0.405570E+01   0.259092E+01   0.863026E+00   0.460327E+00   0.495881E+00
 0.406642E+01   0.258956E+01   0.862066E+00   0.460145E+00   0.495881E+00
 0.407715E+01   0.258819E+01   0.861103E+00   0.459963E+00   0.495881E+00
 0.408789E+01   0.258682E+01   0.860137E+00   0.459781E+00   0.495881E+00
 0.409864E+01   0.258545E+01   0.859168E+00   0.459597E+00   0.495881E+00
 0.410941E+01   0.258407E+01   0.858196E+00   0.459413E+00   0.495881E+00
 0.412019E+01   0.258269E+01   0.857221E+00   0.459229E+00   0.495881E+00
 0.413098E+01   0.258130E+01   0.856243E+00   0.459044E+00   0.495881E+00
 0.414179E+01   0.257991E+01   0.855263E+00   0.458858E+00   0.495881E+00
 0.415261E+01   0.257852E+01   0.854279E+00   0.458672E+00   0.495881E+00
 0.416345E+01   0.257712E+01   0.853292E+00   0.458484E+00   0.495881E+00
 0.417430E+01   0.257571E+01   0.852303E+00   0.458297E+00   0.495881E+00
 0.418516E+01   0.257430E+01   0.851310E+00   0.458108E+00   0.495881E+00
 0.419603E+01   0.257289E+01   0.850315E+00   0.457919E+00   0.495881E+00
 0.420692E+01   0.257147E+01   0.849317E+00   0.457730E+00   0.495881E+00
 0.421782E+01   0.257005E+01   0.848316E+00   0.457539E+00   0.495881E+00
 0.422873E+01   0.256862E+01   0.847312E+00   0.457348E+00   0.495881E+00
 0.423966E+01   0.256719E+01   0.846305E+00   0.457157E+00   0.495881E+00
 0.425060E+01   0.256576E+01   0.845296E+00   0.456964E+00   0.495881E+00
 0.426155E+01   0.256432E+01   0.844283E+00   0.456772E+00   0.495881E+00
 0.427251E+01   0.256287E+01   0.843268E+00   0.456578E+00   0.495881E+00
 0.428349E+01   0.256142E+01   0.842249E+00   0.456384E+00   0.495881E+00
 0.429448E+01   0.255997E+01   0.841228E+00   0.456189E+00   0.495881E+00
 0.430548E+01   0.255851E+01   0.840204E+00   0.455993E+00   0.495881E+00
 0.431650E+01   0.255705E+01   0.839177E+00   0.455797E+00   0.495881E+00
 0.432753E+01   0.255559E+01   0.838147E+00   0.455600E+00   0.495881E+00
 0.433858E+01   0.255411E+01   0.837114E+00   0.455403E+00   0.495881E+00
 0.434964E+01   0.255264E+01   0.836078E+00   0.455205E+00   0.495881E+00
 0.436071E+01   0.255116E+01   0.835039E+00   0.455006E+00   0.495881E+00
 0.437179E+01   0.254968E+01   0.833998E+00   0.454806E+00   0.495881E+00
 0.438289E+01   0.254819E+01   0.832953E+00   0.454606E+00   0.495881E+00
 0.439399E+01   0.254669E+01   0.831906E+00   0.454405E+00   0.495881E+00
 0.440512E+01   0.254520E+01   0.830855E+00   0.454204E+00   0.495881E+00
 0.441625E+01   0.254369E+01   0.829802E+00   0.454002E+00   0.495881E+00
 0.442740E+01   0.254219E+01   0.828746E+00   0.453799E+00   0.495881E+00
 0.443856E+01   0.254068E+01   0.827688E+00   0.453596E+00   0.495881E+00
 0.444973E+01   0.253916E+01   0.826626E+00   0.453392E+00   0.495881E+00
 0.446091E+01   0.253764E+01   0.825562E+00   0.453187E+00   0.495881E+00
 0.447211E+01   0.253612E+01   0.824494E+00   0.452982E+00   0.495881E+00
 0.448332E+01   0.253459E+01   0.823424E+00   0.452776E+00   0.495881E+00
 0.449454E+01   0.253306E+01   0.822351E+00   0.452569E+00   0.495881E+00
 0.450577E+01   0.253152E+01   0.821275E+00   0.452361E+00   0.495881E+00
 0.451702E+01   0.252998E+01   0.820197E+00   0.452153E+00   0.495881E+00
 0.452828E+01   0.252843E+01   0.819115E+00   0.451945E+00   0.495881E+00
 0.453955E+01   0.252688E+01   0.818031E+00   0.451735E+00   0.495881E+00
 0.455084E+01   0.252533E+01   0.816944E+00   0.451525E+00   0.495881E+00
 0.456214E+01   0.252377E+01   0.815854E+00   0.451315E+00   0.495881E+00
 0.457345E+01   0.252220E+01   0.814761E+00   0.451103E+00   0.495881E+00
 0.458477E+01   0.252064E+01   0.813665E+00   0.450891E+00   0.495881E+00
 0.459636E+01   0.251903E+01   0.812542E+00   0.450674E+00   0.495881E+00
 0.460772E+01   0.251745E+01   0.811440E+00   0.450460E+00   0.495881E+00
 0.461908E+01   0.251587E+01   0.810336E+00   0.450246E+00   0.495881E+00
 0.463045E+01   0.251428E+01   0.809229E+00   0.450031E+00   0.495881E+00
 0.464184E+01   0.251269E+01   0.808119E+00   0.449816E+00   0.495881E+00
 0.465324E+01   0.251109E+01   0.807006E+00   0.449600E+00   0.495881E+00
 0.466465E+01   0.250950E+01   0.805890E+00   0.449383E+00   0.495881E+00
 0.467608E+01   0.250789E+01   0.804772E+00   0.449166E+00   0.495881E+00
 0.468751E+01   0.250628E+01   0.803651E+00   0.448947E+00   0.495881E+00
 0.469896E+01   0.250467E+01   0.802527E+00   0.448729E+00   0.495881E+00
 0.471042E+01   0.250305E+01   0.801401E+00   0.448509E+00   0.495881E+00
 0.472189E+01   0.250143E+01   0.800271E+00   0.448289E+00   0.495881E+00
 0.473338E+01   0.249981E+01   0.799139E+00   0.448068E+00   0.495881E+00
 0.474487E+01   0.249818E+01   0.798005E+00   0.447847E+00   0.495881E+00
 0.475638E+01   0.249654E+01   0.796867E+00   0.447625E+00   0.495881E+00
 0.476790E+01   0.249490E+01   0.795727E+00   0.447402E+00   0.495881E+00
 0.477943E+01   0.249326E+01   0.794584E+00   0.447179E+00   0.495881E+00
 0.479097E+01   0.249161E+01   0.793438E+00   0.446955E+00   0.495881E+00
 0.480253E+01   0.248996E+01   0.792290E+00   0.446730E+00   0.495881E+00
 0.481410E+01   0.248830E+01   0.791139E+00   0.446504E+00   0.495881E+00
 0.482568E+01   0.248664E+01   0.789985E+00   0.446278E+00   0.495881E+00
 0.483727E+01   0.248498E+01   0.788828E+00   0.446051E+00   0.495881E+00
 0.484887E+01   0.248331E+01   0.787669E+00   0.445824E+00   0.495881E+00
 0.486054E+01   0.248163E+01   0.786502E+00   0.445595E+00   0.495881E+00
 0.487217E+01   0.247995E+01   0.785337E+00   0.445366E+00   0.495881E+00
 0.488381E+01   0.247827E+01   0.784169E+00   0.445136E+00   0.495881E+00
 0.489547E+01   0.247658E+01   0.782998E+00   0.444906E+00   0.495881E+00
 0.490714E+01   0.247489E+01   0.781825E+00   0.444675E+00   0.495881E+00
 0.491882E+01   0.247319E+01   0.780649E+00   0.444443E+00   0.495881E+00
 0.493051E+01   0.247149E+01   0.779471E+00   0.444211E+00   0.495881E+00
 0.494221E+01   0.246979E+01   0.778289E+00   0.443978E+00   0.495881E+00
 0.495392E+01   0.246808E+01   0.777106E+00   0.443744E+00   0.495881E+00
 0.496564E+01   0.246636E+01   0.775919E+00   0.443510E+00   0.495881E+00
 0.497738E+01   0.246465E+01   0.774730E+00   0.443275E+00   0.495881E+00
 0.498913E+01   0.246292E+01   0.773538E+00   0.443039E+00   0.495881E+00
 0.500089E+01   0.246120E+01   0.772344E+00   0.442803E+00   0.495881E+00
 0.501266E+01   0.245947E+01   0.771147E+00   0.442566E+00   0.495881E+00
 0.502444E+01   0.245773E+01   0.769948E+00   0.442328E+00   0.495881E+00
 0.503624E+01   0.245599E+01   0.768745E+00   0.442090E+00   0.495881E+00
 0.504804E+01   0.245425E+01   0.767541E+00   0.441851E+00   0.495881E+00
 0.505986E+01   0.245250E+01   0.766334E+00   0.441611E+00   0.495881E+00
 0.507168E+01   0.245075E+01   0.765124E+00   0.441371E+00   0.495881E+00
 0.508352E+01   0.244900E+01   0.763911E+00   0.441130E+00   0.495881E+00
 0.509537E+01   0.244724E+01   0.762696E+00   0.440888E+00   0.495881E+00
 0.510777E+01   0.244539E+01   0.761423E+00   0.440635E+00   0.495881E+00
 0.511965E+01   0.244362E+01   0.760203E+00   0.440391E+00   0.495881E+00
 0.513154E+01   0.244185E+01   0.758979E+00   0.440147E+00   0.495881E+00
 0.514344E+01   0.244007E+01   0.757753E+00   0.439903E+00   0.495881E+00
 0.515535E+01   0.243829E+01   0.756525E+00   0.439658E+00   0.495881E+00
 0.516728E+01   0.243650E+01   0.755294E+00   0.439412E+00   0.495881E+00
 0.517921E+01   0.243471E+01   0.754060E+00   0.439165E+00   0.495881E+00
 0.519116E+01   0.243291E+01   0.752824E+00   0.438918E+00   0.495881E+00
 0.520311E+01   0.243111E+01   0.751585E+00   0.438670E+00   0.495881E+00
 0.521508E+01   0.242931E+01   0.750344E+00   0.438421E+00   0.495881E+00
 0.522706E+01   0.242750E+01   0.749101E+00   0.438172E+00   0.495881E+00
 0.523905E+01   0.242569E+01   0.747855E+00   0.437922E+00   0.495881E+00
 0.525105E+01   0.242387E+01   0.746606E+00   0.437671E+00   0.495881E+00
 0.526306E+01   0.242205E+01   0.745355E+00   0.437420E+00   0.495881E+00
 0.527509E+01   0.242023E+01   0.744101E+00   0.437167E+00   0.495881E+00
 0.528712E+01   0.241840E+01   0.742846E+00   0.436915E+00   0.495881E+00
 0.529916E+01   0.241656E+01   0.741587E+00   0.436661E+00   0.495881E+00
 0.531122E+01   0.241473E+01   0.740326E+00   0.436407E+00   0.495881E+00
 0.532329E+01   0.241288E+01   0.739063E+00   0.436152E+00   0.495881E+00
 0.533536E+01   0.241104E+01   0.737798E+00   0.435897E+00   0.495881E+00
 0.534818E+01   0.240908E+01   0.736453E+00   0.435625E+00   0.495881E+00
 0.536029E+01   0.240722E+01   0.735181E+00   0.435368E+00   0.495881E+00
 0.537240E+01   0.240536E+01   0.733907E+00   0.435111E+00   0.495881E+00
 0.538453E+01   0.240350E+01   0.732631E+00   0.434852E+00   0.495881E+00
 0.539667E+01   0.240163E+01   0.731353E+00   0.434593E+00   0.495881E+00
 0.540882E+01   0.239976E+01   0.730072E+00   0.434334E+00   0.495881E+00
 0.542097E+01   0.239788E+01   0.728789E+00   0.434073E+00   0.495881E+00
 0.543314E+01   0.239600E+01   0.727503E+00   0.433812E+00   0.495881E+00
 0.544532E+01   0.239412E+01   0.726216E+00   0.433551E+00   0.495881E+00
 0.545751E+01   0.239223E+01   0.724925E+00   0.433288E+00   0.495881E+00
 0.546971E+01   0.239034E+01   0.723633E+00   0.433025E+00   0.495881E+00
 0.548192E+01   0.238844E+01   0.722338E+00   0.432761E+00   0.495881E+00
 0.549414E+01   0.238654E+01   0.721041E+00   0.432497E+00   0.495881E+00
 0.550637E+01   0.238464E+01   0.719741E+00   0.432232E+00   0.495881E+00
 0.551861E+01   0.238273E+01   0.718440E+00   0.431966E+00   0.495881E+00
 0.553086E+01   0.238082E+01   0.717135E+00   0.431699E+00   0.495881E+00
 0.554313E+01   0.237890E+01   0.715829E+00   0.431432E+00   0.495881E+00
 0.555540E+01   0.237698E+01   0.714520E+00   0.431164E+00   0.495881E+00
 0.556768E+01   0.237505E+01   0.713210E+00   0.430896E+00   0.495881E+00
 0.558093E+01   0.237298E+01   0.711795E+00   0.430606E+00   0.495881E+00
 0.559324E+01   0.237104E+01   0.710478E+00   0.430336E+00   0.495881E+00
 0.560556E+01   0.236910E+01   0.709160E+00   0.430065E+00   0.495881E+00
 0.561789E+01   0.236716E+01   0.707839E+00   0.429794E+00   0.495881E+00
 0.563023E+01   0.236521E+01   0.706516E+00   0.429522E+00   0.495881E+00
 0.564259E+01   0.236326E+01   0.705191E+00   0.429249E+00   0.495881E+00
 0.565495E+01   0.236131E+01   0.703863E+00   0.428975E+00   0.495881E+00
 0.566732E+01   0.235935E+01   0.702534E+00   0.428701E+00   0.495881E+00
 0.567970E+01   0.235739E+01   0.701202E+00   0.428426E+00   0.495881E+00
 0.569209E+01   0.235542E+01   0.699868E+00   0.428151E+00   0.495881E+00
 0.570449E+01   0.235345E+01   0.698532E+00   0.427875E+00   0.495881E+00
 0.571690E+01   0.235148E+01   0.697194E+00   0.427598E+00   0.495881E+00
 0.572933E+01   0.234950E+01   0.695853E+00   0.427320E+00   0.495881E+00
 0.574176E+01   0.234752E+01   0.694511E+00   0.427042E+00   0.495881E+00
 0.575420E+01   0.234553E+01   0.693166E+00   0.426763E+00   0.495881E+00
 0.576665E+01   0.234354E+01   0.691820E+00   0.426484E+00   0.495881E+00
 0.577911E+01   0.234155E+01   0.690471E+00   0.426204E+00   0.495881E+00
 0.579158E+01   0.233955E+01   0.689120E+00   0.425923E+00   0.495881E+00
 0.580478E+01   0.233743E+01   0.687689E+00   0.425625E+00   0.495881E+00
 0.581728E+01   0.233543E+01   0.686333E+00   0.425343E+00   0.495881E+00
 0.582979E+01   0.233342E+01   0.684974E+00   0.425059E+00   0.495881E+00
 0.584231E+01   0.233140E+01   0.683614E+00   0.424776E+00   0.495881E+00
 0.585484E+01   0.232938E+01   0.682252E+00   0.424491E+00   0.495881E+00
 0.586738E+01   0.232736E+01   0.680888E+00   0.424206E+00   0.495881E+00
 0.587992E+01   0.232533E+01   0.679522E+00   0.423920E+00   0.495881E+00
 0.589248E+01   0.232330E+01   0.678153E+00   0.423634E+00   0.495881E+00
 0.590504E+01   0.232127E+01   0.676783E+00   0.423346E+00   0.495881E+00
 0.591762E+01   0.231923E+01   0.675411E+00   0.423059E+00   0.495881E+00
 0.593020E+01   0.231719E+01   0.674037E+00   0.422770E+00   0.495881E+00
 0.594280E+01   0.231514E+01   0.672661E+00   0.422481E+00   0.495881E+00
 0.595540E+01   0.231309E+01   0.671283E+00   0.422191E+00   0.495881E+00
 0.596801E+01   0.231104E+01   0.669903E+00   0.421901E+00   0.495881E+00
 0.598063E+01   0.230898E+01   0.668521E+00   0.421609E+00   0.495881E+00
 0.599326E+01   0.230692E+01   0.667138E+00   0.421318E+00   0.495881E+00
 0.600590E+01   0.230486E+01   0.665752E+00   0.421025E+00   0.495881E+00
 0.601854E+01   0.230279E+01   0.664365E+00   0.420732E+00   0.495881E+00
 0.603122E+01   0.230072E+01   0.662973E+00   0.420438E+00   0.495881E+00
 0.604390E+01   0.229864E+01   0.661581E+00   0.420143E+00   0.495881E+00
 0.605658E+01   0.229656E+01   0.660187E+00   0.419848E+00   0.495881E+00
 0.606928E+01   0.229447E+01   0.658791E+00   0.419552E+00   0.495881E+00
 0.608198E+01   0.229239E+01   0.657393E+00   0.419255E+00   0.495881E+00
 0.609469E+01   0.229029E+01   0.655994E+00   0.418957E+00   0.495881E+00
 0.610741E+01   0.228820E+01   0.654592E+00   0.418659E+00   0.495881E+00
 0.612014E+01   0.228610E+01   0.653189E+00   0.418361E+00   0.495881E+00
 0.613288E+01   0.228400E+01   0.651784E+00   0.418061E+00   0.495881E+00
 0.614563E+01   0.228189E+01   0.650377E+00   0.417761E+00   0.495881E+00
 0.615838E+01   0.227978E+01   0.648969E+00   0.417460E+00   0.495881E+00
 0.617115E+01   0.227767E+01   0.647559E+00   0.417159E+00   0.495881E+00
 0.618392E+01   0.227555E+01   0.646147E+00   0.416857E+00   0.495881E+00
 0.619671E+01   0.227343E+01   0.644733E+00   0.416554E+00   0.495881E+00
 0.620950E+01   0.227130E+01   0.643318E+00   0.416251E+00   0.495881E+00
 0.622230E+01   0.226917E+01   0.641901E+00   0.415947E+00   0.495881E+00
 0.623547E+01   0.226698E+01   0.640441E+00   0.415634E+00   0.495881E+00
 0.624830E+01   0.226484E+01   0.639020E+00   0.415328E+00   0.495881E+00
 0.626114E+01   0.226270E+01   0.637596E+00   0.415022E+00   0.495881E+00
 0.627398E+01   0.226056E+01   0.636171E+00   0.414715E+00   0.495881E+00
 0.628683E+01   0.225841E+01   0.634745E+00   0.414407E+00   0.495881E+00
 0.629970E+01   0.225626E+01   0.633316E+00   0.414099E+00   0.495881E+00
 0.631257E+01   0.225410E+01   0.631887E+00   0.413790E+00   0.495881E+00
 0.632544E+01   0.225195E+01   0.630455E+00   0.413480E+00   0.495881E+00
 0.633833E+01   0.224978E+01   0.629022E+00   0.413170E+00   0.495881E+00
 0.635123E+01   0.224762E+01   0.627588E+00   0.412859E+00   0.495881E+00
 0.636413E+01   0.224545E+01   0.626152E+00   0.412548E+00   0.495881E+00
 0.637704E+01   0.224328E+01   0.624714E+00   0.412236E+00   0.495881E+00
 0.638995E+01   0.224110E+01   0.623275E+00   0.411923E+00   0.495881E+00
 0.640288E+01   0.223892E+01   0.621835E+00   0.411609E+00   0.495881E+00
 0.641582E+01   0.223674E+01   0.620393E+00   0.411295E+00   0.495881E+00
 0.642876E+01   0.223455E+01   0.618949E+00   0.410980E+00   0.495881E+00
 0.644173E+01   0.223236E+01   0.617502E+00   0.410664E+00   0.495881E+00
 0.645470E+01   0.223016E+01   0.616054E+00   0.410348E+00   0.495881E+00
 0.646768E+01   0.222797E+01   0.614605E+00   0.410031E+00   0.495881E+00
 0.648067E+01   0.222576E+01   0.613154E+00   0.409713E+00   0.495881E+00
 0.649367E+01   0.222356E+01   0.611702E+00   0.409395E+00   0.495881E+00
 0.650667E+01   0.222135E+01   0.610248E+00   0.409076E+00   0.495881E+00
 0.651968E+01   0.221914E+01   0.608793E+00   0.408756E+00   0.495881E+00
 0.653270E+01   0.221692E+01   0.607337E+00   0.408436E+00   0.495881E+00
 0.654573E+01   0.221470E+01   0.605879E+00   0.408115E+00   0.495881E+00
 0.655876E+01   0.221248E+01   0.604420E+00   0.407793E+00   0.495881E+00
 0.657180E+01   0.221026E+01   0.602959E+00   0.407471E+00   0.495881E+00
 0.658485E+01   0.220803E+01   0.601498E+00   0.407148E+00   0.495881E+00
 0.659790E+01   0.220580E+01   0.600035E+00   0.406825E+00   0.495881E+00
 0.661097E+01   0.220356E+01   0.598570E+00   0.406501E+00   0.495881E+00
 0.662404E+01   0.220132E+01   0.597105E+00   0.406176E+00   0.495881E+00
 0.663712E+01   0.219908E+01   0.595638E+00   0.405850E+00   0.495881E+00
 0.664991E+01   0.219689E+01   0.594203E+00   0.405531E+00   0.495881E+00
 0.666302E+01   0.219463E+01   0.592731E+00   0.405204E+00   0.495881E+00
 0.667614E+01   0.219238E+01   0.591259E+00   0.404876E+00   0.495881E+00
 0.668926E+01   0.219012E+01   0.589786E+00   0.404548E+00   0.495881E+00
 0.670239E+01   0.218786E+01   0.588311E+00   0.404219E+00   0.495881E+00
 0.671553E+01   0.218560E+01   0.586836E+00   0.403889E+00   0.495881E+00
 0.672867E+01   0.218333E+01   0.585359E+00   0.403559E+00   0.495881E+00
 0.674183E+01   0.218106E+01   0.583881E+00   0.403228E+00   0.495881E+00
 0.675498E+01   0.217879E+01   0.582401E+00   0.402897E+00   0.495881E+00
 0.676815E+01   0.217651E+01   0.580921E+00   0.402565E+00   0.495881E+00
 0.678132E+01   0.217424E+01   0.579440E+00   0.402232E+00   0.495881E+00
 0.679450E+01   0.217195E+01   0.577958E+00   0.401898E+00   0.495881E+00
 0.680768E+01   0.216967E+01   0.576475E+00   0.401564E+00   0.495881E+00
 0.682087E+01   0.216738E+01   0.574990E+00   0.401230E+00   0.495881E+00
 0.683407E+01   0.216509E+01   0.573505E+00   0.400894E+00   0.495881E+00
 0.684705E+01   0.216283E+01   0.572044E+00   0.400564E+00   0.495881E+00
 0.686028E+01   0.216053E+01   0.570554E+00   0.400227E+00   0.495881E+00
 0.687352E+01   0.215823E+01   0.569063E+00   0.399889E+00   0.495881E+00
 0.688676E+01   0.215592E+01   0.567572E+00   0.399551E+00   0.495881E+00
 0.690001E+01   0.215361E+01   0.566079E+00   0.399212E+00   0.495881E+00
 0.691327E+01   0.215130E+01   0.564586E+00   0.398872E+00   0.495881E+00
 0.692653E+01   0.214898E+01   0.563092E+00   0.398532E+00   0.495881E+00
 0.693979E+01   0.214667E+01   0.561597E+00   0.398192E+00   0.495881E+00
 0.695307E+01   0.214435E+01   0.560100E+00   0.397850E+00   0.495881E+00
 0.696635E+01   0.214202E+01   0.558604E+00   0.397508E+00   0.495881E+00
 0.697964E+01   0.213969E+01   0.557106E+00   0.397166E+00   0.495881E+00
 0.699293E+01   0.213736E+01   0.555607E+00   0.396822E+00   0.495881E+00
 0.700623E+01   0.213503E+01   0.554108E+00   0.396478E+00   0.495881E+00
 0.701953E+01   0.213270E+01   0.552608E+00   0.396134E+00   0.495881E+00
 0.703284E+01   0.213036E+01   0.551107E+00   0.395789E+00   0.495881E+00
 0.704605E+01   0.212803E+01   0.549617E+00   0.395446E+00   0.495881E+00
 0.705940E+01   0.212568E+01   0.548112E+00   0.395099E+00   0.495881E+00
 0.707275E+01   0.212333E+01   0.546606E+00   0.394751E+00   0.495881E+00
 0.708610E+01   0.212098E+01   0.545100E+00   0.394403E+00   0.495881E+00
 0.709946E+01   0.211862E+01   0.543593E+00   0.394055E+00   0.495881E+00
 0.711283E+01   0.211626E+01   0.542085E+00   0.393705E+00   0.495881E+00
 0.712620E+01   0.211390E+01   0.540577E+00   0.393355E+00   0.495881E+00
 0.713958E+01   0.211154E+01   0.539068E+00   0.393005E+00   0.495881E+00
 0.715296E+01   0.210917E+01   0.537558E+00   0.392654E+00   0.495881E+00
 0.716634E+01   0.210680E+01   0.536048E+00   0.392302E+00   0.495881E+00
 0.717974E+01   0.210443E+01   0.534537E+00   0.391950E+00   0.495881E+00
 0.719314E+01   0.210205E+01   0.533025E+00   0.391597E+00   0.495881E+00
 0.720654E+01   0.209967E+01   0.531514E+00   0.391243E+00   0.495881E+00
 0.721994E+01   0.209729E+01   0.530001E+00   0.390889E+00   0.495881E+00
 0.723299E+01   0.209497E+01   0.528529E+00   0.390544E+00   0.495881E+00
 0.724644E+01   0.209258E+01   0.527013E+00   0.390188E+00   0.495881E+00
 0.725989E+01   0.209019E+01   0.525496E+00   0.389832E+00   0.495881E+00
 0.727334E+01   0.208779E+01   0.523978E+00   0.389474E+00   0.495881E+00
 0.728680E+01   0.208540E+01   0.522461E+00   0.389117E+00   0.495881E+00
 0.730026E+01   0.208300E+01   0.520943E+00   0.388758E+00   0.495881E+00
 0.731373E+01   0.208059E+01   0.519424E+00   0.388399E+00   0.495881E+00
 0.732720E+01   0.207819E+01   0.517905E+00   0.388040E+00   0.495881E+00
 0.734068E+01   0.207578E+01   0.516386E+00   0.387680E+00   0.495881E+00
 0.735416E+01   0.207337E+01   0.514866E+00   0.387319E+00   0.495881E+00
 0.736764E+01   0.207095E+01   0.513346E+00   0.386958E+00   0.495881E+00
 0.738113E+01   0.206854E+01   0.511825E+00   0.386596E+00   0.495881E+00
 0.739463E+01   0.206612E+01   0.510305E+00   0.386233E+00   0.495881E+00
 0.740812E+01   0.206370E+01   0.508784E+00   0.385870E+00   0.495881E+00
 0.742151E+01   0.206130E+01   0.507276E+00   0.385510E+00   0.495881E+00
 0.743504E+01   0.205886E+01   0.505751E+00   0.385145E+00   0.495881E+00
 0.744858E+01   0.205643E+01   0.504226E+00   0.384780E+00   0.495881E+00
 0.746213E+01   0.205400E+01   0.502701E+00   0.384413E+00   0.495881E+00
 0.747567E+01   0.205156E+01   0.501175E+00   0.384047E+00   0.495881E+00
 0.748922E+01   0.204912E+01   0.499650E+00   0.383680E+00   0.495881E+00
 0.750278E+01   0.204667E+01   0.498124E+00   0.383312E+00   0.495881E+00
 0.751634E+01   0.204423E+01   0.496598E+00   0.382943E+00   0.495881E+00
 0.752990E+01   0.204178E+01   0.495072E+00   0.382574E+00   0.495881E+00
 0.754346E+01   0.203933E+01   0.493546E+00   0.382205E+00   0.495881E+00
 0.755703E+01   0.203688E+01   0.492020E+00   0.381835E+00   0.495881E+00
 0.757061E+01   0.203443E+01   0.490494E+00   0.381464E+00   0.495881E+00
 0.758418E+01   0.203197E+01   0.488968E+00   0.381093E+00   0.495881E+00
 0.759776E+01   0.202951E+01   0.487442E+00   0.380721E+00   0.495881E+00
 0.761205E+01   0.202692E+01   0.485836E+00   0.380329E+00   0.495881E+00
 0.762567E+01   0.202445E+01   0.484306E+00   0.379955E+00   0.495881E+00
 0.763929E+01   0.202198E+01   0.482776E+00   0.379581E+00   0.495881E+00
 0.765291E+01   0.201951E+01   0.481246E+00   0.379206E+00   0.495881E+00
 0.766654E+01   0.201703E+01   0.479717E+00   0.378830E+00   0.495881E+00
 0.768017E+01   0.201455E+01   0.478187E+00   0.378454E+00   0.495881E+00
 0.769380E+01   0.201207E+01   0.476657E+00   0.378078E+00   0.495881E+00
 0.770744E+01   0.200959E+01   0.475128E+00   0.377700E+00   0.495881E+00
 0.772108E+01   0.200711E+01   0.473599E+00   0.377323E+00   0.495881E+00
 0.773472E+01   0.200462E+01   0.472069E+00   0.376944E+00   0.495881E+00
 0.774837E+01   0.200213E+01   0.470540E+00   0.376565E+00   0.495881E+00
 0.776201E+01   0.199964E+01   0.469012E+00   0.376186E+00   0.495881E+00
 0.777566E+01   0.199715E+01   0.467483E+00   0.375806E+00   0.495881E+00
 0.778950E+01   0.199462E+01   0.465934E+00   0.375420E+00   0.495881E+00
 0.780315E+01   0.199212E+01   0.464407E+00   0.375039E+00   0.495881E+00
 0.781678E+01   0.198963E+01   0.462881E+00   0.374658E+00   0.495881E+00
 0.783041E+01   0.198713E+01   0.461357E+00   0.374277E+00   0.495881E+00
 0.784403E+01   0.198464E+01   0.459835E+00   0.373896E+00   0.495881E+00
 0.785764E+01   0.198214E+01   0.458313E+00   0.373514E+00   0.495881E+00
 0.787124E+01   0.197965E+01   0.456794E+00   0.373132E+00   0.495881E+00
 0.788484E+01   0.197715E+01   0.455276E+00   0.372749E+00   0.495881E+00
 0.789842E+01   0.197466E+01   0.453760E+00   0.372367E+00   0.495881E+00
 0.791200E+01   0.197216E+01   0.452245E+00   0.371984E+00   0.495881E+00
 0.792557E+01   0.196967E+01   0.450731E+00   0.371601E+00   0.495881E+00
 0.793913E+01   0.196717E+01   0.449220E+00   0.371218E+00   0.495881E+00
 0.795268E+01   0.196468E+01   0.447709E+00   0.370835E+00   0.495881E+00
 0.796519E+01   0.196237E+01   0.446316E+00   0.370480E+00   0.495881E+00
 0.797871E+01   0.195988E+01   0.444811E+00   0.370097E+00   0.495881E+00
 0.799222E+01   0.195739E+01   0.443307E+00   0.369713E+00   0.495881E+00
 0.800572E+01   0.195489E+01   0.441805E+00   0.369329E+00   0.495881E+00
 0.801921E+01   0.195240E+01   0.440304E+00   0.368945E+00   0.495881E+00
 0.803270E+01   0.194991E+01   0.438805E+00   0.368561E+00   0.495881E+00
 0.804617E+01   0.194742E+01   0.437308E+00   0.368176E+00   0.495881E+00
 0.805964E+01   0.194493E+01   0.435813E+00   0.367791E+00   0.495881E+00
 0.807309E+01   0.194244E+01   0.434319E+00   0.367406E+00   0.495881E+00
 0.808654E+01   0.193994E+01   0.432828E+00   0.367021E+00   0.495881E+00
 0.809998E+01   0.193745E+01   0.431337E+00   0.366635E+00   0.495881E+00
 0.811341E+01   0.193496E+01   0.429848E+00   0.366250E+00   0.495881E+00
 0.812683E+01   0.193247E+01   0.428362E+00   0.365864E+00   0.495881E+00
 0.813914E+01   0.193018E+01   0.426999E+00   0.365509E+00   0.495881E+00
 0.815252E+01   0.192770E+01   0.425518E+00   0.365124E+00   0.495881E+00
 0.816590E+01   0.192521E+01   0.424038E+00   0.364738E+00   0.495881E+00
 0.817927E+01   0.192272E+01   0.422560E+00   0.364351E+00   0.495881E+00
 0.819262E+01   0.192024E+01   0.421085E+00   0.363965E+00   0.495881E+00
 0.820597E+01   0.191775E+01   0.419610E+00   0.363578E+00   0.495881E+00
 0.821931E+01   0.191526E+01   0.418138E+00   0.363192E+00   0.495881E+00
 0.823263E+01   0.191278E+01   0.416668E+00   0.362805E+00   0.495881E+00
 0.824595E+01   0.191029E+01   0.415200E+00   0.362417E+00   0.495881E+00
 0.825926E+01   0.190781E+01   0.413733E+00   0.362030E+00   0.495881E+00
 0.827256E+01   0.190532E+01   0.412268E+00   0.361642E+00   0.495881E+00
 0.828585E+01   0.190284E+01   0.410806E+00   0.361255E+00   0.495881E+00
 0.829768E+01   0.190063E+01   0.409505E+00   0.360909E+00   0.495881E+00
 0.831070E+01   0.189819E+01   0.408073E+00   0.360528E+00   0.495881E+00
 0.832394E+01   0.189571E+01   0.406618E+00   0.360140E+00   0.495881E+00
 0.833718E+01   0.189323E+01   0.405165E+00   0.359752E+00   0.495881E+00
 0.835040E+01   0.189075E+01   0.403714E+00   0.359364E+00   0.495881E+00
 0.836361E+01   0.188827E+01   0.402265E+00   0.358976E+00   0.495881E+00
 0.837681E+01   0.188580E+01   0.400818E+00   0.358588E+00   0.495881E+00
 0.839000E+01   0.188332E+01   0.399373E+00   0.358199E+00   0.495881E+00
 0.840318E+01   0.188084E+01   0.397930E+00   0.357810E+00   0.495881E+00
 0.841635E+01   0.187836E+01   0.396489E+00   0.357421E+00   0.495881E+00
 0.842951E+01   0.187589E+01   0.395051E+00   0.357032E+00   0.495881E+00
 0.844267E+01   0.187341E+01   0.393614E+00   0.356642E+00   0.495881E+00
 0.845581E+01   0.187093E+01   0.392179E+00   0.356253E+00   0.495881E+00
 0.846695E+01   0.186883E+01   0.390963E+00   0.355922E+00   0.495881E+00
 0.848004E+01   0.186637E+01   0.389535E+00   0.355533E+00   0.495881E+00
 0.849313E+01   0.186390E+01   0.388110E+00   0.355144E+00   0.495881E+00
 0.850621E+01   0.186143E+01   0.386685E+00   0.354754E+00   0.495881E+00
 0.851927E+01   0.185896E+01   0.385264E+00   0.354364E+00   0.495881E+00
 0.853233E+01   0.185649E+01   0.383844E+00   0.353975E+00   0.495881E+00
 0.854537E+01   0.185402E+01   0.382426E+00   0.353585E+00   0.495881E+00
 0.855840E+01   0.185156E+01   0.381011E+00   0.353194E+00   0.495881E+00
 0.857143E+01   0.184909E+01   0.379598E+00   0.352804E+00   0.495881E+00
 0.858444E+01   0.184662E+01   0.378187E+00   0.352414E+00   0.495881E+00
 0.859744E+01   0.184416E+01   0.376778E+00   0.352023E+00   0.495881E+00
 0.861044E+01   0.184169E+01   0.375371E+00   0.351632E+00   0.495881E+00
 0.862342E+01   0.183923E+01   0.373966E+00   0.351241E+00   0.495881E+00
 0.863379E+01   0.183726E+01   0.372844E+00   0.350928E+00   0.495881E+00
 0.864622E+01   0.183489E+01   0.371501E+00   0.350553E+00   0.495881E+00
 0.865914E+01   0.183244E+01   0.370106E+00   0.350162E+00   0.495881E+00
 0.867205E+01   0.182998E+01   0.368713E+00   0.349772E+00   0.495881E+00
 0.868495E+01   0.182752E+01   0.367322E+00   0.349381E+00   0.495881E+00
 0.869784E+01   0.182507E+01   0.365934E+00   0.348990E+00   0.495881E+00
 0.871072E+01   0.182261E+01   0.364548E+00   0.348599E+00   0.495881E+00
 0.872359E+01   0.182016E+01   0.363164E+00   0.348207E+00   0.495881E+00
 0.873644E+01   0.181770E+01   0.361782E+00   0.347816E+00   0.495881E+00
 0.874929E+01   0.181525E+01   0.360402E+00   0.347424E+00   0.495881E+00
 0.876212E+01   0.181280E+01   0.359025E+00   0.347032E+00   0.495881E+00
 0.877495E+01   0.181035E+01   0.357651E+00   0.346640E+00   0.495881E+00
 0.878776E+01   0.180789E+01   0.356278E+00   0.346248E+00   0.495881E+00
 0.879778E+01   0.180597E+01   0.355205E+00   0.345941E+00   0.495881E+00
 0.881127E+01   0.180339E+01   0.353762E+00   0.345527E+00   0.495881E+00
 0.882402E+01   0.180095E+01   0.352399E+00   0.345136E+00   0.495881E+00
 0.883675E+01   0.179850E+01   0.351040E+00   0.344744E+00   0.495881E+00
 0.884947E+01   0.179606E+01   0.349682E+00   0.344352E+00   0.495881E+00
 0.886218E+01   0.179362E+01   0.348327E+00   0.343960E+00   0.495881E+00
 0.887488E+01   0.179118E+01   0.346975E+00   0.343568E+00   0.495881E+00
 0.888757E+01   0.178874E+01   0.345624E+00   0.343176E+00   0.495881E+00
 0.890025E+01   0.178630E+01   0.344276E+00   0.342784E+00   0.495881E+00
 0.891291E+01   0.178386E+01   0.342931E+00   0.342391E+00   0.495881E+00
 0.892557E+01   0.178142E+01   0.341588E+00   0.341999E+00   0.495881E+00
 0.893821E+01   0.177899E+01   0.340247E+00   0.341606E+00   0.495881E+00
 0.895084E+01   0.177655E+01   0.338909E+00   0.341213E+00   0.495881E+00
 0.897047E+01   0.177276E+01   0.336831E+00   0.340602E+00   0.495881E+00
 0.898303E+01   0.177033E+01   0.335504E+00   0.340210E+00   0.495881E+00
 0.899557E+01   0.176791E+01   0.334178E+00   0.339817E+00   0.495881E+00
 0.900811E+01   0.176548E+01   0.332856E+00   0.339425E+00   0.495881E+00
 0.902063E+01   0.176306E+01   0.331535E+00   0.339033E+00   0.495881E+00
 0.903314E+01   0.176063E+01   0.330217E+00   0.338640E+00   0.495881E+00
 0.904564E+01   0.175821E+01   0.328902E+00   0.338248E+00   0.495881E+00
 0.905813E+01   0.175579E+01   0.327589E+00   0.337855E+00   0.495881E+00
 0.907060E+01   0.175337E+01   0.326279E+00   0.337462E+00   0.495881E+00
 0.908307E+01   0.175094E+01   0.324971E+00   0.337069E+00   0.495881E+00
 0.909552E+01   0.174852E+01   0.323666E+00   0.336676E+00   0.495881E+00
 0.910796E+01   0.174610E+01   0.322363E+00   0.336283E+00   0.495881E+00
 0.911819E+01   0.174411E+01   0.321292E+00   0.335959E+00   0.495881E+00
 0.913039E+01   0.174173E+01   0.320016E+00   0.335572E+00   0.495881E+00
 0.914275E+01   0.173932E+01   0.318725E+00   0.335180E+00   0.495881E+00
 0.915510E+01   0.173692E+01   0.317437E+00   0.334787E+00   0.495881E+00
 0.916743E+01   0.173451E+01   0.316151E+00   0.334395E+00   0.495881E+00
 0.917975E+01   0.173210E+01   0.314868E+00   0.334002E+00   0.495881E+00
 0.919205E+01   0.172970E+01   0.313588E+00   0.333610E+00   0.495881E+00
 0.920435E+01   0.172729E+01   0.312310E+00   0.333217E+00   0.495881E+00
 0.921663E+01   0.172489E+01   0.311035E+00   0.332824E+00   0.495881E+00
 0.922890E+01   0.172249E+01   0.309762E+00   0.332431E+00   0.495881E+00
 0.924115E+01   0.172008E+01   0.308492E+00   0.332038E+00   0.495881E+00
 0.925340E+01   0.171768E+01   0.307224E+00   0.331645E+00   0.495881E+00
 0.926563E+01   0.171528E+01   0.305959E+00   0.331251E+00   0.495881E+00
 0.928644E+01   0.171119E+01   0.303811E+00   0.330581E+00   0.495881E+00
 0.929858E+01   0.170880E+01   0.302559E+00   0.330189E+00   0.495881E+00
 0.931071E+01   0.170642E+01   0.301309E+00   0.329797E+00   0.495881E+00
 0.932282E+01   0.170403E+01   0.300062E+00   0.329405E+00   0.495881E+00
 0.933493E+01   0.170164E+01   0.298818E+00   0.329013E+00   0.495881E+00
 0.934702E+01   0.169926E+01   0.297576E+00   0.328620E+00   0.495881E+00
 0.935909E+01   0.169687E+01   0.296337E+00   0.328228E+00   0.495881E+00
 0.937116E+01   0.169449E+01   0.295101E+00   0.327835E+00   0.495881E+00
 0.938321E+01   0.169211E+01   0.293867E+00   0.327442E+00   0.495881E+00
 0.939525E+01   0.168973E+01   0.292636E+00   0.327050E+00   0.495881E+00
 0.940728E+01   0.168734E+01   0.291408E+00   0.326657E+00   0.495881E+00
 0.941929E+01   0.168496E+01   0.290182E+00   0.326263E+00   0.495881E+00
 0.944018E+01   0.168082E+01   0.288053E+00   0.325578E+00   0.495881E+00
 0.945210E+01   0.167845E+01   0.286841E+00   0.325187E+00   0.495881E+00
 0.946400E+01   0.167609E+01   0.285632E+00   0.324795E+00   0.495881E+00
 0.947588E+01   0.167372E+01   0.284426E+00   0.324404E+00   0.495881E+00
 0.948776E+01   0.167136E+01   0.283222E+00   0.324012E+00   0.495881E+00
 0.949962E+01   0.166900E+01   0.282020E+00   0.323620E+00   0.495881E+00
 0.951146E+01   0.166663E+01   0.280822E+00   0.323228E+00   0.495881E+00
 0.952330E+01   0.166427E+01   0.279626E+00   0.322836E+00   0.495881E+00
 0.953512E+01   0.166191E+01   0.278433E+00   0.322444E+00   0.495881E+00
 0.954692E+01   0.165955E+01   0.277243E+00   0.322052E+00   0.495881E+00
 0.955872E+01   0.165719E+01   0.276055E+00   0.321659E+00   0.495881E+00
 0.957050E+01   0.165483E+01   0.274870E+00   0.321267E+00   0.495881E+00
 0.959047E+01   0.165083E+01   0.272864E+00   0.320600E+00   0.495881E+00
 0.960214E+01   0.164849E+01   0.271694E+00   0.320210E+00   0.495881E+00
 0.961380E+01   0.164615E+01   0.270526E+00   0.319819E+00   0.495881E+00
 0.962544E+01   0.164381E+01   0.269361E+00   0.319429E+00   0.495881E+00
 0.963707E+01   0.164147E+01   0.268199E+00   0.319038E+00   0.495881E+00
 0.964869E+01   0.163913E+01   0.267040E+00   0.318647E+00   0.495881E+00
 0.966029E+01   0.163679E+01   0.265883E+00   0.318256E+00   0.495881E+00
 0.967188E+01   0.163445E+01   0.264729E+00   0.317865E+00   0.495881E+00
 0.968346E+01   0.163212E+01   0.263578E+00   0.317474E+00   0.495881E+00
 0.969502E+01   0.162978E+01   0.262429E+00   0.317082E+00   0.495881E+00
 0.970657E+01   0.162745E+01   0.261283E+00   0.316691E+00   0.495881E+00
 0.971811E+01   0.162511E+01   0.260140E+00   0.316299E+00   0.495881E+00
 0.973878E+01   0.162092E+01   0.258094E+00   0.315596E+00   0.495881E+00
 0.975020E+01   0.161860E+01   0.256967E+00   0.315206E+00   0.495881E+00
 0.976160E+01   0.161629E+01   0.255842E+00   0.314817E+00   0.495881E+00
 0.977299E+01   0.161397E+01   0.254720E+00   0.314428E+00   0.495881E+00
 0.978436E+01   0.161166E+01   0.253601E+00   0.314038E+00   0.495881E+00
 0.979572E+01   0.160934E+01   0.252485E+00   0.313649E+00   0.495881E+00
 0.980706E+01   0.160703E+01   0.251372E+00   0.313259E+00   0.495881E+00
 0.981840E+01   0.160472E+01   0.250261E+00   0.312869E+00   0.495881E+00
 0.982971E+01   0.160241E+01   0.249153E+00   0.312479E+00   0.495881E+00
 0.984101E+01   0.160010E+01   0.248047E+00   0.312089E+00   0.495881E+00
 0.985231E+01   0.159779E+01   0.246945E+00   0.311699E+00   0.495881E+00
 0.986358E+01   0.159548E+01   0.245845E+00   0.311308E+00   0.495881E+00
 0.988430E+01   0.159123E+01   0.243828E+00   0.310590E+00   0.495881E+00
 0.989544E+01   0.158894E+01   0.242745E+00   0.310202E+00   0.495881E+00
 0.990657E+01   0.158665E+01   0.241664E+00   0.309814E+00   0.495881E+00
 0.991769E+01   0.158436E+01   0.240587E+00   0.309427E+00   0.495881E+00
 0.992879E+01   0.158208E+01   0.239512E+00   0.309039E+00   0.495881E+00
 0.993988E+01   0.157979E+01   0.238440E+00   0.308651E+00   0.495881E+00
 0.995095E+01   0.157751E+01   0.237371E+00   0.308263E+00   0.495881E+00
 0.996201E+01   0.157522E+01   0.236304E+00   0.307874E+00   0.495881E+00
 0.997305E+01   0.157294E+01   0.235240E+00   0.307486E+00   0.495881E+00
 0.998408E+01   0.157065E+01   0.234179E+00   0.307097E+00   0.495881E+00
 0.999510E+01   0.156837E+01   0.233121E+00   0.306709E+00   0.495881E+00
 0.100061E+02   0.156608E+01   0.232065E+00   0.306320E+00   0.495881E+00
 0.100171E+02   0.156380E+01   0.231012E+00   0.305931E+00   0.495881E+00
 0.100273E+02   0.156169E+01   0.230040E+00   0.305571E+00   0.495881E+00
 0.100381E+02   0.155943E+01   0.229002E+00   0.305185E+00   0.495881E+00
 0.100490E+02   0.155717E+01   0.227967E+00   0.304800E+00   0.495881E+00
 0.100598E+02   0.155491E+01   0.226935E+00   0.304414E+00   0.495881E+00
 0.100706E+02   0.155265E+01   0.225905E+00   0.304028E+00   0.495881E+00
 0.100814E+02   0.155039E+01   0.224878E+00   0.303642E+00   0.495881E+00
 0.100922E+02   0.154814E+01   0.223854E+00   0.303255E+00   0.495881E+00
 0.101030E+02   0.154588E+01   0.222832E+00   0.302869E+00   0.495881E+00
 0.101137E+02   0.154362E+01   0.221814E+00   0.302483E+00   0.495881E+00
 0.101245E+02   0.154137E+01   0.220798E+00   0.302096E+00   0.495881E+00
 0.101352E+02   0.153911E+01   0.219785E+00   0.301709E+00   0.495881E+00
 0.101459E+02   0.153686E+01   0.218774E+00   0.301322E+00   0.495881E+00
 0.101566E+02   0.153460E+01   0.217766E+00   0.300935E+00   0.495881E+00
 0.101666E+02   0.153249E+01   0.216824E+00   0.300572E+00   0.495881E+00
 0.101772E+02   0.153026E+01   0.215832E+00   0.300189E+00   0.495881E+00
 0.101878E+02   0.152803E+01   0.214843E+00   0.299805E+00   0.495881E+00
 0.101983E+02   0.152580E+01   0.213856E+00   0.299422E+00   0.495881E+00
 0.102088E+02   0.152357E+01   0.212872E+00   0.299038E+00   0.495881E+00
 0.102193E+02   0.152134E+01   0.211891E+00   0.298654E+00   0.495881E+00
 0.102298E+02   0.151911E+01   0.210912E+00   0.298270E+00   0.495881E+00
 0.102403E+02   0.151689E+01   0.209937E+00   0.297886E+00   0.495881E+00
 0.102507E+02   0.151466E+01   0.208964E+00   0.297502E+00   0.495881E+00
 0.102612E+02   0.151243E+01   0.207993E+00   0.297117E+00   0.495881E+00
 0.102716E+02   0.151021E+01   0.207026E+00   0.296733E+00   0.495881E+00
 0.102821E+02   0.150798E+01   0.206061E+00   0.296348E+00   0.495881E+00
 0.102925E+02   0.150576E+01   0.205098E+00   0.295963E+00   0.495881E+00
 0.103026E+02   0.150359E+01   0.204163E+00   0.295588E+00   0.495881E+00
 0.103128E+02   0.150139E+01   0.203217E+00   0.295207E+00   0.495881E+00
 0.103231E+02   0.149919E+01   0.202274E+00   0.294826E+00   0.495881E+00
 0.103333E+02   0.149699E+01   0.201333E+00   0.294445E+00   0.495881E+00
 0.103435E+02   0.149479E+01   0.200395E+00   0.294064E+00   0.495881E+00
 0.103537E+02   0.149259E+01   0.199460E+00   0.293682E+00   0.495881E+00
 0.103639E+02   0.149040E+01   0.198527E+00   0.293301E+00   0.495881E+00
 0.103741E+02   0.148820E+01   0.197598E+00   0.292919E+00   0.495881E+00
 0.103842E+02   0.148600E+01   0.196670E+00   0.292537E+00   0.495881E+00
 0.103944E+02   0.148381E+01   0.195746E+00   0.292155E+00   0.495881E+00
 0.104045E+02   0.148161E+01   0.194824E+00   0.291773E+00   0.495881E+00
 0.104146E+02   0.147941E+01   0.193905E+00   0.291391E+00   0.495881E+00
 0.104247E+02   0.147722E+01   0.192988E+00   0.291008E+00   0.495881E+00
 0.104348E+02   0.147502E+01   0.192074E+00   0.290626E+00   0.495881E+00
 0.104547E+02   0.147068E+01   0.190276E+00   0.289869E+00   0.495881E+00
 0.104745E+02   0.146635E+01   0.188490E+00   0.289113E+00   0.495881E+00
 0.104942E+02   0.146202E+01   0.186714E+00   0.288355E+00   0.495881E+00
 0.105139E+02   0.145769E+01   0.184948E+00   0.287597E+00   0.495881E+00
 0.105336E+02   0.145335E+01   0.183193E+00   0.286838E+00   0.495881E+00
 0.105532E+02   0.144902E+01   0.181448E+00   0.286079E+00   0.495881E+00
 0.105724E+02   0.144476E+01   0.179742E+00   0.285331E+00   0.495881E+00
 0.105916E+02   0.144049E+01   0.178042E+00   0.284581E+00   0.495881E+00
 0.106107E+02   0.143622E+01   0.176351E+00   0.283829E+00   0.495881E+00
 0.106298E+02   0.143195E+01   0.174671E+00   0.283077E+00   0.495881E+00
 0.106488E+02   0.142768E+01   0.173001E+00   0.282325E+00   0.495881E+00
 0.106678E+02   0.142341E+01   0.171341E+00   0.281571E+00   0.495881E+00
 0.106822E+02   0.142016E+01   0.170084E+00   0.280997E+00   0.495881E+00
 0.107009E+02   0.141593E+01   0.168455E+00   0.280248E+00   0.495881E+00
 0.107194E+02   0.141172E+01   0.166846E+00   0.279504E+00   0.495881E+00
 0.107379E+02   0.140751E+01   0.165248E+00   0.278759E+00   0.495881E+00
 0.107564E+02   0.140331E+01   0.163660E+00   0.278013E+00   0.495881E+00
 0.107747E+02   0.139910E+01   0.162081E+00   0.277266E+00   0.495881E+00
 0.107930E+02   0.139489E+01   0.160512E+00   0.276518E+00   0.495881E+00
 0.108069E+02   0.139171E+01   0.159331E+00   0.275952E+00   0.495881E+00
 0.108209E+02   0.138845E+01   0.158131E+00   0.275373E+00   0.495881E+00
 0.108388E+02   0.138431E+01   0.156611E+00   0.274635E+00   0.495881E+00
 0.108566E+02   0.138017E+01   0.155101E+00   0.273896E+00   0.495881E+00
 0.108744E+02   0.137602E+01   0.153600E+00   0.273156E+00   0.495881E+00
 0.108921E+02   0.137188E+01   0.152109E+00   0.272416E+00   0.495881E+00
 0.109098E+02   0.136773E+01   0.150627E+00   0.271674E+00   0.495881E+00
 0.109249E+02   0.136416E+01   0.149359E+00   0.271035E+00   0.495881E+00
 0.109426E+02   0.135998E+01   0.147882E+00   0.270286E+00   0.495881E+00
 0.109599E+02   0.135590E+01   0.146451E+00   0.269554E+00   0.495881E+00
 0.109770E+02   0.135182E+01   0.145030E+00   0.268822E+00   0.495881E+00
 0.109941E+02   0.134774E+01   0.143617E+00   0.268088E+00   0.495881E+00
 0.110111E+02   0.134365E+01   0.142214E+00   0.267354E+00   0.495881E+00
 0.110281E+02   0.133957E+01   0.140819E+00   0.266618E+00   0.495881E+00
 0.110410E+02   0.133647E+01   0.139768E+00   0.266060E+00   0.495881E+00
 0.110572E+02   0.133254E+01   0.138442E+00   0.265351E+00   0.495881E+00
 0.110738E+02   0.132852E+01   0.137096E+00   0.264626E+00   0.495881E+00
 0.110903E+02   0.132450E+01   0.135759E+00   0.263899E+00   0.495881E+00
 0.111067E+02   0.132048E+01   0.134430E+00   0.263172E+00   0.495881E+00
 0.111231E+02   0.131645E+01   0.133110E+00   0.262444E+00   0.495881E+00
 0.111395E+02   0.131243E+01   0.131799E+00   0.261715E+00   0.495881E+00
 0.111558E+02   0.130840E+01   0.130497E+00   0.260984E+00   0.495881E+00
 0.111720E+02   0.130437E+01   0.129204E+00   0.260254E+00   0.495881E+00
 0.111879E+02   0.130041E+01   0.127942E+00   0.259535E+00   0.495881E+00
 0.112037E+02   0.129645E+01   0.126688E+00   0.258815E+00   0.495881E+00
 0.112195E+02   0.129249E+01   0.125443E+00   0.258094E+00   0.495881E+00
 0.112352E+02   0.128852E+01   0.124206E+00   0.257371E+00   0.495881E+00
 0.112509E+02   0.128455E+01   0.122977E+00   0.256648E+00   0.495881E+00
 0.112636E+02   0.128132E+01   0.121983E+00   0.256059E+00   0.495881E+00
 0.112784E+02   0.127755E+01   0.120829E+00   0.255370E+00   0.495881E+00
 0.112937E+02   0.127365E+01   0.119645E+00   0.254657E+00   0.495881E+00
 0.113089E+02   0.126974E+01   0.118469E+00   0.253943E+00   0.495881E+00
 0.113240E+02   0.126583E+01   0.117301E+00   0.253228E+00   0.495881E+00
 0.113391E+02   0.126192E+01   0.116141E+00   0.252512E+00   0.495881E+00
 0.113542E+02   0.125801E+01   0.114989E+00   0.251795E+00   0.495881E+00
 0.113692E+02   0.125410E+01   0.113844E+00   0.251076E+00   0.495881E+00
 0.113840E+02   0.125022E+01   0.112719E+00   0.250364E+00   0.495881E+00
 0.113986E+02   0.124637E+01   0.111612E+00   0.249657E+00   0.495881E+00
 0.114132E+02   0.124252E+01   0.110511E+00   0.248949E+00   0.495881E+00
 0.114277E+02   0.123867E+01   0.109419E+00   0.248240E+00   0.495881E+00
 0.114422E+02   0.123481E+01   0.108334E+00   0.247529E+00   0.495881E+00
 0.114566E+02   0.123095E+01   0.107256E+00   0.246818E+00   0.495881E+00
 0.114710E+02   0.122709E+01   0.106186E+00   0.246105E+00   0.495881E+00
 0.114850E+02   0.122331E+01   0.105146E+00   0.245407E+00   0.495881E+00
 0.114990E+02   0.121951E+01   0.104110E+00   0.244705E+00   0.495881E+00
 0.115130E+02   0.121571E+01   0.103082E+00   0.244003E+00   0.495881E+00
 0.115269E+02   0.121191E+01   0.102060E+00   0.243299E+00   0.495881E+00
 0.115407E+02   0.120811E+01   0.101046E+00   0.242594E+00   0.495881E+00
 0.115546E+02   0.120430E+01   0.100039E+00   0.241888E+00   0.495881E+00
 0.115683E+02   0.120049E+01   0.990391E-01   0.241181E+00   0.495881E+00
 0.115785E+02   0.119767E+01   0.983053E-01   0.240658E+00   0.495881E+00
 0.115919E+02   0.119392E+01   0.973353E-01   0.239962E+00   0.495881E+00
 0.116053E+02   0.119017E+01   0.963730E-01   0.239265E+00   0.495881E+00
 0.116186E+02   0.118642E+01   0.954175E-01   0.238567E+00   0.495881E+00
 0.116319E+02   0.118267E+01   0.944688E-01   0.237868E+00   0.495881E+00
 0.116452E+02   0.117891E+01   0.935266E-01   0.237168E+00   0.495881E+00
 0.116584E+02   0.117515E+01   0.925911E-01   0.236467E+00   0.495881E+00
 0.116713E+02   0.117147E+01   0.916825E-01   0.235779E+00   0.495881E+00
 0.116841E+02   0.116776E+01   0.907765E-01   0.235088E+00   0.495881E+00
 0.116970E+02   0.116406E+01   0.898780E-01   0.234397E+00   0.495881E+00
 0.117097E+02   0.116036E+01   0.889858E-01   0.233704E+00   0.495881E+00
 0.117225E+02   0.115665E+01   0.881001E-01   0.233010E+00   0.495881E+00
 0.117352E+02   0.115294E+01   0.872207E-01   0.232315E+00   0.495881E+00
 0.117478E+02   0.114922E+01   0.863475E-01   0.231619E+00   0.495881E+00
 0.117578E+02   0.114627E+01   0.856581E-01   0.231065E+00   0.495881E+00
 0.117702E+02   0.114262E+01   0.848119E-01   0.230380E+00   0.495881E+00
 0.117825E+02   0.113896E+01   0.839721E-01   0.229693E+00   0.495881E+00
 0.117947E+02   0.113530E+01   0.831382E-01   0.229006E+00   0.495881E+00
 0.118069E+02   0.113164E+01   0.823104E-01   0.228317E+00   0.495881E+00
 0.118191E+02   0.112797E+01   0.814887E-01   0.227628E+00   0.495881E+00
 0.118312E+02   0.112431E+01   0.806729E-01   0.226937E+00   0.495881E+00
 0.118433E+02   0.112063E+01   0.798630E-01   0.226245E+00   0.495881E+00
 0.118583E+02   0.111605E+01   0.788617E-01   0.225381E+00   0.495881E+00
 0.118700E+02   0.111244E+01   0.780795E-01   0.224699E+00   0.495881E+00
 0.118817E+02   0.110882E+01   0.773032E-01   0.224016E+00   0.495881E+00
 0.118934E+02   0.110520E+01   0.765324E-01   0.223332E+00   0.495881E+00
 0.119051E+02   0.110158E+01   0.757674E-01   0.222647E+00   0.495881E+00
 0.119167E+02   0.109795E+01   0.750080E-01   0.221961E+00   0.495881E+00
 0.119282E+02   0.109432E+01   0.742540E-01   0.221274E+00   0.495881E+00
 0.119426E+02   0.108978E+01   0.733196E-01   0.220414E+00   0.495881E+00
 0.119539E+02   0.108620E+01   0.725913E-01   0.219736E+00   0.495881E+00
 0.119651E+02   0.108263E+01   0.718686E-01   0.219058E+00   0.495881E+00
 0.119763E+02   0.107905E+01   0.711512E-01   0.218379E+00   0.495881E+00
 0.119874E+02   0.107547E+01   0.704391E-01   0.217699E+00   0.495881E+00
 0.119985E+02   0.107188E+01   0.697323E-01   0.217018E+00   0.495881E+00
 0.120096E+02   0.106830E+01   0.690307E-01   0.216335E+00   0.495881E+00
 0.120206E+02   0.106470E+01   0.683338E-01   0.215651E+00   0.495881E+00
 0.120314E+02   0.106117E+01   0.676547E-01   0.214979E+00   0.495881E+00
 0.120422E+02   0.105763E+01   0.669807E-01   0.214305E+00   0.495881E+00
 0.120529E+02   0.105410E+01   0.663117E-01   0.213631E+00   0.495881E+00
 0.120635E+02   0.105056E+01   0.656477E-01   0.212956E+00   0.495881E+00
 0.120742E+02   0.104701E+01   0.649887E-01   0.212279E+00   0.495881E+00
 0.120848E+02   0.104347E+01   0.643347E-01   0.211602E+00   0.495881E+00
 0.120985E+02   0.103885E+01   0.634926E-01   0.210721E+00   0.495881E+00
 0.121085E+02   0.103547E+01   0.628795E-01   0.210073E+00   0.495881E+00
 0.121188E+02   0.103197E+01   0.622522E-01   0.209404E+00   0.495881E+00
 0.121291E+02   0.102847E+01   0.616296E-01   0.208735E+00   0.495881E+00
 0.121393E+02   0.102497E+01   0.610116E-01   0.208064E+00   0.495881E+00
 0.121495E+02   0.102147E+01   0.603984E-01   0.207393E+00   0.495881E+00
 0.121597E+02   0.101796E+01   0.597898E-01   0.206720E+00   0.495881E+00
 0.121698E+02   0.101445E+01   0.591859E-01   0.206047E+00   0.495881E+00
 0.121846E+02   0.100927E+01   0.583035E-01   0.205053E+00   0.495881E+00
 0.121994E+02   0.100409E+01   0.574309E-01   0.204056E+00   0.495881E+00
 0.122141E+02   0.998896E+00   0.565684E-01   0.203058E+00   0.495881E+00
 0.122287E+02   0.993699E+00   0.557156E-01   0.202058E+00   0.495881E+00
 0.122433E+02   0.988499E+00   0.548727E-01   0.201056E+00   0.495881E+00
 0.122570E+02   0.983559E+00   0.540818E-01   0.200104E+00   0.495881E+00
 0.122712E+02   0.978432E+00   0.532709E-01   0.199115E+00   0.495881E+00
 0.122853E+02   0.973302E+00   0.524694E-01   0.198124E+00   0.495881E+00
 0.122993E+02   0.968168E+00   0.516771E-01   0.197132E+00   0.495881E+00
 0.123132E+02   0.963030E+00   0.508940E-01   0.196139E+00   0.495881E+00
 0.123274E+02   0.957745E+00   0.500985E-01   0.195116E+00   0.495881E+00
 0.123410E+02   0.952681E+00   0.493457E-01   0.194135E+00   0.495881E+00
 0.123545E+02   0.947613E+00   0.486016E-01   0.193153E+00   0.495881E+00
 0.123679E+02   0.942542E+00   0.478661E-01   0.192169E+00   0.495881E+00
 0.123813E+02   0.937468E+00   0.471392E-01   0.191185E+00   0.495881E+00
 0.123923E+02   0.933261E+00   0.465432E-01   0.190367E+00   0.495881E+00
 0.124053E+02   0.928261E+00   0.458426E-01   0.189396E+00   0.495881E+00
 0.124182E+02   0.923258E+00   0.451501E-01   0.188423E+00   0.495881E+00
 0.124311E+02   0.918254E+00   0.444659E-01   0.187449E+00   0.495881E+00
 0.124439E+02   0.913249E+00   0.437897E-01   0.186474E+00   0.495881E+00
 0.124541E+02   0.909264E+00   0.432572E-01   0.185697E+00   0.495881E+00
 0.124666E+02   0.904332E+00   0.426050E-01   0.184735E+00   0.495881E+00
 0.124790E+02   0.899398E+00   0.419605E-01   0.183772E+00   0.495881E+00
 0.124914E+02   0.894464E+00   0.413236E-01   0.182809E+00   0.495881E+00
 0.125037E+02   0.889529E+00   0.406943E-01   0.181844E+00   0.495881E+00
 0.125138E+02   0.885429E+00   0.401770E-01   0.181043E+00   0.495881E+00
 0.125258E+02   0.880556E+00   0.395689E-01   0.180089E+00   0.495881E+00
 0.125378E+02   0.875694E+00   0.389693E-01   0.179137E+00   0.495881E+00
 0.125496E+02   0.870833E+00   0.383768E-01   0.178185E+00   0.495881E+00
 0.125614E+02   0.865973E+00   0.377913E-01   0.177232E+00   0.495881E+00
 0.125732E+02   0.861114E+00   0.372129E-01   0.176279E+00   0.495881E+00
 0.125851E+02   0.856153E+00   0.366292E-01   0.175305E+00   0.495881E+00
 0.125965E+02   0.851367E+00   0.360727E-01   0.174365E+00   0.495881E+00
 0.126079E+02   0.846583E+00   0.355229E-01   0.173425E+00   0.495881E+00
 0.126193E+02   0.841800E+00   0.349796E-01   0.172484E+00   0.495881E+00
 0.126305E+02   0.837021E+00   0.344429E-01   0.171544E+00   0.495881E+00
 0.126433E+02   0.831553E+00   0.338365E-01   0.170467E+00   0.495881E+00
 0.126543E+02   0.826848E+00   0.333209E-01   0.169540E+00   0.495881E+00
 0.126652E+02   0.822146E+00   0.328117E-01   0.168613E+00   0.495881E+00
 0.126761E+02   0.817449E+00   0.323086E-01   0.167686E+00   0.495881E+00
 0.126869E+02   0.812754E+00   0.318115E-01   0.166760E+00   0.495881E+00
 0.126991E+02   0.807418E+00   0.312534E-01   0.165706E+00   0.495881E+00
 0.127096E+02   0.802797E+00   0.307757E-01   0.164792E+00   0.495881E+00
 0.127201E+02   0.798181E+00   0.303039E-01   0.163880E+00   0.495881E+00
 0.127305E+02   0.793570E+00   0.298378E-01   0.162967E+00   0.495881E+00
 0.127408E+02   0.788963E+00   0.293773E-01   0.162055E+00   0.495881E+00
 0.127511E+02   0.784361E+00   0.289224E-01   0.161143E+00   0.495881E+00
 0.127629E+02   0.779088E+00   0.284073E-01   0.160098E+00   0.495881E+00
 0.127729E+02   0.774564E+00   0.279707E-01   0.159201E+00   0.495881E+00
 0.127862E+02   0.768542E+00   0.273968E-01   0.158006E+00   0.495881E+00
 0.127994E+02   0.762530E+00   0.268320E-01   0.156812E+00   0.495881E+00
 0.128111E+02   0.757201E+00   0.263384E-01   0.155753E+00   0.495881E+00
 0.128236E+02   0.751450E+00   0.258126E-01   0.154610E+00   0.495881E+00
 0.128363E+02   0.745552E+00   0.252810E-01   0.153436E+00   0.495881E+00
 0.128490E+02   0.739667E+00   0.247581E-01   0.152264E+00   0.495881E+00
 0.128616E+02   0.733794E+00   0.242437E-01   0.151094E+00   0.495881E+00
 0.128739E+02   0.728026E+00   0.237455E-01   0.149944E+00   0.495881E+00
 0.128861E+02   0.722264E+00   0.232548E-01   0.148794E+00   0.495881E+00
 0.128982E+02   0.716516E+00   0.227720E-01   0.147647E+00   0.495881E+00
 0.129103E+02   0.710782E+00   0.222972E-01   0.146501E+00   0.495881E+00
 0.129207E+02   0.705807E+00   0.218904E-01   0.145507E+00   0.495881E+00
 0.129324E+02   0.700177E+00   0.214361E-01   0.144381E+00   0.495881E+00
 0.129441E+02   0.694564E+00   0.209893E-01   0.143257E+00   0.495881E+00
 0.129557E+02   0.688966E+00   0.205498E-01   0.142136E+00   0.495881E+00
 0.129671E+02   0.683385E+00   0.201175E-01   0.141018E+00   0.495881E+00
 0.129785E+02   0.677861E+00   0.196954E-01   0.139910E+00   0.495881E+00
 0.129896E+02   0.672386E+00   0.192827E-01   0.138812E+00   0.495881E+00
 0.130007E+02   0.666929E+00   0.188768E-01   0.137716E+00   0.495881E+00
 0.130117E+02   0.661490E+00   0.184776E-01   0.136624E+00   0.495881E+00
 0.130227E+02   0.656040E+00   0.180829E-01   0.135528E+00   0.495881E+00
 0.130335E+02   0.650698E+00   0.177011E-01   0.134454E+00   0.495881E+00
 0.130441E+02   0.645373E+00   0.173256E-01   0.133383E+00   0.495881E+00
 0.130547E+02   0.640069E+00   0.169563E-01   0.132315E+00   0.495881E+00
 0.130652E+02   0.634783E+00   0.165931E-01   0.131250E+00   0.495881E+00
 0.130757E+02   0.629500E+00   0.162348E-01   0.130185E+00   0.495881E+00
 0.130860E+02   0.624307E+00   0.158871E-01   0.129138E+00   0.495881E+00
 0.130962E+02   0.619133E+00   0.155451E-01   0.128094E+00   0.495881E+00
 0.131063E+02   0.613980E+00   0.152088E-01   0.127054E+00   0.495881E+00
 0.131163E+02   0.608846E+00   0.148779E-01   0.126017E+00   0.495881E+00
 0.131288E+02   0.602451E+00   0.144716E-01   0.124724E+00   0.495881E+00
 0.131412E+02   0.596082E+00   0.140733E-01   0.123436E+00   0.495881E+00
 0.131535E+02   0.589746E+00   0.136831E-01   0.122154E+00   0.495881E+00
 0.131646E+02   0.583988E+00   0.133336E-01   0.120988E+00   0.495881E+00
 0.131766E+02   0.577774E+00   0.129620E-01   0.119729E+00   0.495881E+00
 0.131887E+02   0.571492E+00   0.125917E-01   0.118455E+00   0.495881E+00
 0.132006E+02   0.565244E+00   0.122290E-01   0.117188E+00   0.495881E+00
 0.132108E+02   0.559956E+00   0.119260E-01   0.116114E+00   0.495881E+00
 0.132219E+02   0.554165E+00   0.115984E-01   0.114938E+00   0.495881E+00
 0.132335E+02   0.548060E+00   0.112573E-01   0.113698E+00   0.495881E+00
 0.132448E+02   0.542184E+00   0.109323E-01   0.112503E+00   0.495881E+00
 0.132558E+02   0.536496E+00   0.106205E-01   0.111345E+00   0.495881E+00
 0.132660E+02   0.531221E+00   0.103335E-01   0.110272E+00   0.495881E+00
 0.132764E+02   0.525829E+00   0.100426E-01   0.109173E+00   0.495881E+00
 0.132867E+02   0.520506E+00   0.975889E-02   0.108089E+00   0.495881E+00
 0.132969E+02   0.515241E+00   0.948246E-02   0.107015E+00   0.495881E+00
 0.133072E+02   0.509892E+00   0.920657E-02   0.105924E+00   0.495881E+00
 0.133189E+02   0.503711E+00   0.889450E-02   0.104662E+00   0.495881E+00
 0.133305E+02   0.497557E+00   0.859078E-02   0.103406E+00   0.495881E+00
 0.133421E+02   0.491418E+00   0.829426E-02   0.102151E+00   0.495881E+00
 0.133521E+02   0.486028E+00   0.803912E-02   0.101049E+00   0.495881E+00
 0.133636E+02   0.479800E+00   0.775009E-02   0.997747E-01   0.495881E+00
 0.133738E+02   0.474272E+00   0.749871E-02   0.986431E-01   0.495881E+00
 0.133838E+02   0.468781E+00   0.725391E-02   0.975185E-01   0.495881E+00
 0.133953E+02   0.462419E+00   0.697639E-02   0.962149E-01   0.495881E+00
 0.134064E+02   0.456238E+00   0.671291E-02   0.949475E-01   0.495881E+00
 0.134174E+02   0.450072E+00   0.645620E-02   0.936826E-01   0.495881E+00
 0.134283E+02   0.443951E+00   0.620730E-02   0.924262E-01   0.495881E+00
 0.134389E+02   0.437872E+00   0.596592E-02   0.911777E-01   0.495881E+00
 0.134492E+02   0.431971E+00   0.573708E-02   0.899652E-01   0.495881E+00
 0.134592E+02   0.426171E+00   0.551734E-02   0.887727E-01   0.495881E+00
 0.134705E+02   0.419595E+00   0.527448E-02   0.874200E-01   0.495881E+00
 0.134815E+02   0.413071E+00   0.504006E-02   0.860774E-01   0.495881E+00
 0.134927E+02   0.406415E+00   0.480741E-02   0.847066E-01   0.495881E+00
 0.135030E+02   0.400200E+00   0.459620E-02   0.834261E-01   0.495881E+00
 0.135131E+02   0.394038E+00   0.439244E-02   0.821559E-01   0.495881E+00
 0.135241E+02   0.387272E+00   0.417511E-02   0.807602E-01   0.495881E+00
 0.135347E+02   0.380685E+00   0.396991E-02   0.794009E-01   0.495881E+00
 0.135451E+02   0.374165E+00   0.377298E-02   0.780547E-01   0.495881E+00
 0.135552E+02   0.367705E+00   0.358388E-02   0.767203E-01   0.495881E+00
 0.135659E+02   0.360794E+00   0.338809E-02   0.752919E-01   0.495881E+00
 0.135763E+02   0.354006E+00   0.320226E-02   0.738882E-01   0.495881E+00
 0.135864E+02   0.347292E+00   0.302478E-02   0.724990E-01   0.495881E+00
 0.135971E+02   0.340138E+00   0.284249E-02   0.710181E-01   0.495881E+00
 0.136074E+02   0.333109E+00   0.267008E-02   0.695622E-01   0.495881E+00
 0.136181E+02   0.325616E+00   0.249362E-02   0.680096E-01   0.495881E+00
 0.136286E+02   0.318215E+00   0.232665E-02   0.664750E-01   0.495881E+00
 0.136390E+02   0.310740E+00   0.216521E-02   0.649245E-01   0.495881E+00
 0.136492E+02   0.303243E+00   0.201053E-02   0.633685E-01   0.495881E+00
 0.136598E+02   0.295280E+00   0.185411E-02   0.617151E-01   0.495881E+00
 0.136704E+02   0.287087E+00   0.170135E-02   0.600128E-01   0.495881E+00
 0.136805E+02   0.279174E+00   0.156163E-02   0.583681E-01   0.495881E+00
 0.136908E+02   0.270865E+00   0.142312E-02   0.566402E-01   0.495881E+00
 0.137009E+02   0.262404E+00   0.129036E-02   0.548797E-01   0.495881E+00
 0.137110E+02   0.253796E+00   0.116381E-02   0.530878E-01   0.495881E+00
 0.137211E+02   0.244867E+00   0.104142E-02   0.512281E-01   0.495881E+00
 0.137313E+02   0.235495E+00   0.922274E-03   0.492753E-01   0.495881E+00
 0.137415E+02   0.225700E+00   0.807908E-03   0.472331E-01   0.495881E+00
 0.137517E+02   0.215505E+00   0.699393E-03   0.451067E-01   0.495881E+00
 0.137619E+02   0.204749E+00   0.596134E-03   0.428622E-01   0.495881E+00
 0.137721E+02   0.193270E+00   0.498031E-03   0.404655E-01   0.495881E+00
 0.137822E+02   0.181186E+00   0.407630E-03   0.379414E-01   0.495881E+00
 0.137923E+02   0.167932E+00   0.323100E-03   0.351715E-01   0.495881E+00
 0.138024E+02   0.153177E+00   0.245230E-03   0.320864E-01   0.495881E+00
 0.138124E+02   0.136563E+00   0.175613E-03   0.286109E-01   0.495881E+00
 0.138225E+02   0.116292E+00   0.115016E-03   0.243685E-01   0.495881E+00
 0.138325E+02   0.900119E-01   0.654535E-04   0.188654E-01   0.495881E+00
 0.138426E+02   0.509458E-01   0.316641E-04   0.106813E-01   0.495881E+00
 0.138526E+02   0.227422E-01   0.151086E-04   0.477679E-02   0.495881E+00
 0.138626E+02   0.104026E-01   0.763705E-05   0.219782E-02   0.495881E+00
 0.138726E+02   0.454516E-02   0.428298E-05   0.962964E-03   0.495881E+00
 0.138827E+02   0.191813E-02   0.284498E-05   0.405403E-03   0.495881E+00
 0.138927E+02   0.115549E-02   0.219978E-05   0.243077E-03   0.495881E+00
 0.139028E+02   0.881826E-03   0.172424E-05   0.185704E-03   0.495881E+00
 0.139128E+02   0.726771E-03   0.135027E-05   0.153119E-03   0.495881E+00
 0.139228E+02   0.595797E-03   0.104100E-05   0.125599E-03   0.495881E+00
 0.139330E+02   0.457982E-03   0.794358E-06   0.965981E-04   0.495881E+00
 0.139430E+02   0.358059E-03   0.606146E-06   0.755096E-04   0.495881E+00
 0.139530E+02   0.290586E-03   0.456413E-06   0.613355E-04   0.495881E+00
 0.139631E+02   0.230512E-03   0.335770E-06   0.486535E-04   0.495881E+00
 0.139732E+02   0.180507E-03   0.241244E-06   0.381176E-04   0.495881E+00
 0.139833E+02   0.134611E-03   0.168152E-06   0.284347E-04   0.495881E+00
 0.139933E+02   0.989048E-04   0.115303E-06   0.208978E-04   0.495881E+00
 0.140033E+02   0.717565E-04   0.762793E-07   0.151690E-04   0.495881E+00
 0.140134E+02   0.500427E-04   0.488849E-07   0.105853E-04   0.495881E+00
 0.140235E+02   0.343971E-04   0.296418E-07   0.727713E-05   0.495881E+00
 0.140335E+02   0.223305E-04   0.167789E-07   0.472478E-05   0.495881E+00
 0.140435E+02   0.134480E-04   0.891335E-08   0.284610E-05   0.495881E+00
 0.140535E+02   0.771017E-05   0.418832E-08   0.163288E-05   0.495881E+00
 0.140635E+02   0.390451E-05   0.166173E-08   0.827016E-06   0.495881E+00
 0.140736E+02   0.154766E-05   0.543705E-09   0.327932E-06   0.495881E+00
 0.140836E+02   0.483713E-06   0.117810E-09   0.102537E-06   0.495881E+00
 0.140936E+02   0.757072E-07   0.905225E-11   0.160501E-07   0.495881E+00
