 0.745400E-10   0.000000E+00   0.000000E+00   0.000000E+00   0.158100E-10
 0.900000E-02   0.474920E+00   0.165761E+03   0.478637E+00   0.188863E-02
 0.180000E-01   0.408684E+00   0.153046E+03   0.411732E+00   0.377621E-02
 0.270000E-01   0.367436E+00   0.147494E+03   0.370087E+00   0.566077E-02
 0.360000E-01   0.317009E+00   0.137472E+03   0.319190E+00   0.754425E-02
 0.450000E-01   0.306345E+00   0.134186E+03   0.308427E+00   0.942577E-02
 0.540000E-01   0.289836E+00   0.131187E+03   0.291773E+00   0.113078E-01
 0.630000E-01   0.296082E+00   0.138427E+03   0.298086E+00   0.131884E-01
 0.720000E-01   0.290503E+00   0.139916E+03   0.292465E+00   0.150693E-01
 0.810000E-01   0.286185E+00   0.142361E+03   0.288117E+00   0.169492E-01
 0.900000E-01   0.301268E+00   0.154408E+03   0.303350E+00   0.188285E-01
 0.990000E-01   0.332244E+00   0.176045E+03   0.334644E+00   0.207074E-01
 0.108000E+00   0.336554E+00   0.185206E+03   0.339008E+00   0.225854E-01
 0.117000E+00   0.317049E+00   0.181722E+03   0.319326E+00   0.244629E-01
 0.126000E+00   0.305394E+00   0.183015E+03   0.307571E+00   0.263399E-01
 0.135000E+00   0.290862E+00   0.182960E+03   0.292912E+00   0.282161E-01
 0.144000E+00   0.271430E+00   0.180105E+03   0.273309E+00   0.300917E-01
 0.153000E+00   0.252881E+00   0.177726E+03   0.254599E+00   0.319669E-01
 0.162000E+00   0.232736E+00   0.173983E+03   0.234281E+00   0.338413E-01
 0.171000E+00   0.219996E+00   0.175356E+03   0.221434E+00   0.357152E-01
 0.180000E+00   0.198480E+00   0.169262E+03   0.199734E+00   0.375884E-01
 0.189000E+00   0.176243E+00   0.160724E+03   0.177308E+00   0.394610E-01
 0.198000E+00   0.158207E+00   0.153832E+03   0.159120E+00   0.413331E-01
 0.207000E+00   0.142115E+00   0.146322E+03   0.142893E+00   0.432046E-01
 0.216000E+00   0.129550E+00   0.140229E+03   0.130223E+00   0.450755E-01
 0.225000E+00   0.116551E+00   0.129381E+03   0.117114E+00   0.469459E-01
 0.234000E+00   0.106074E+00   0.117531E+03   0.106548E+00   0.488155E-01
 0.243000E+00   0.100366E+00   0.111579E+03   0.100792E+00   0.506847E-01
 0.252000E+00   0.964541E-01   0.107080E+03   0.968465E-01   0.525535E-01
 0.261000E+00   0.940011E-01   0.104676E+03   0.943723E-01   0.544215E-01
 0.270000E+00   0.926588E-01   0.105083E+03   0.930186E-01   0.562890E-01
 0.279000E+00   0.910852E-01   0.101884E+03   0.914311E-01   0.581562E-01
 0.288000E+00   0.896177E-01   0.946598E+02   0.899499E-01   0.600226E-01
 0.297000E+00   0.888783E-01   0.883885E+02   0.892031E-01   0.618887E-01
 0.306000E+00   0.884661E-01   0.803398E+02   0.887864E-01   0.637540E-01
 0.315000E+00   0.884971E-01   0.732109E+02   0.888170E-01   0.656190E-01
 0.324000E+00   0.889170E-01   0.685935E+02   0.892402E-01   0.674834E-01
 0.333000E+00   0.894897E-01   0.636248E+02   0.898178E-01   0.693475E-01
 0.342000E+00   0.902073E-01   0.592992E+02   0.905419E-01   0.712109E-01
 0.351000E+00   0.910418E-01   0.551533E+02   0.913841E-01   0.730738E-01
 0.360000E+00   0.918805E-01   0.519935E+02   0.922309E-01   0.749364E-01
 0.369000E+00   0.927506E-01   0.492950E+02   0.931095E-01   0.767982E-01
 0.378000E+00   0.938297E-01   0.469052E+02   0.941994E-01   0.786605E-01
 0.387000E+00   0.947761E-01   0.461395E+02   0.951555E-01   0.805196E-01
 0.396000E+00   0.961532E-01   0.438448E+02   0.965470E-01   0.823856E-01
 0.405000E+00   0.997291E-01   0.410545E+02   0.100163E+00   0.842828E-01
 0.414000E+00   0.104284E+00   0.400486E+02   0.104773E+00   0.861796E-01
 0.423000E+00   0.107370E+00   0.390271E+02   0.107899E+00   0.880484E-01
 0.432000E+00   0.109285E+00   0.392307E+02   0.109840E+00   0.898993E-01
 0.441000E+00   0.111220E+00   0.383868E+02   0.111802E+00   0.917487E-01
 0.450000E+00   0.113730E+00   0.366050E+02   0.114347E+00   0.936043E-01
 0.459000E+00   0.116559E+00   0.342720E+02   0.117218E+00   0.954625E-01
 0.468000E+00   0.119420E+00   0.323138E+02   0.120122E+00   0.973190E-01
 0.477000E+00   0.122254E+00   0.306763E+02   0.123000E+00   0.991731E-01
 0.486000E+00   0.125143E+00   0.292400E+02   0.125935E+00   0.101026E+00
 0.495000E+00   0.128153E+00   0.279597E+02   0.128995E+00   0.102878E+00
 0.504000E+00   0.131286E+00   0.267940E+02   0.132181E+00   0.104730E+00
 0.513000E+00   0.134526E+00   0.257520E+02   0.135478E+00   0.106581E+00
 0.522000E+00   0.137863E+00   0.248055E+02   0.138875E+00   0.108432E+00
 0.531000E+00   0.141300E+00   0.239473E+02   0.142376E+00   0.110281E+00
 0.540000E+00   0.144841E+00   0.231793E+02   0.145984E+00   0.112129E+00
 0.549000E+00   0.148480E+00   0.224674E+02   0.149695E+00   0.113977E+00
 0.558000E+00   0.152208E+00   0.218239E+02   0.153498E+00   0.115823E+00
 0.567000E+00   0.156017E+00   0.212445E+02   0.157385E+00   0.117669E+00
 0.576000E+00   0.159917E+00   0.206973E+02   0.161368E+00   0.119514E+00
 0.585000E+00   0.163924E+00   0.202006E+02   0.165464E+00   0.121357E+00
 0.594000E+00   0.168053E+00   0.197405E+02   0.169686E+00   0.123200E+00
 0.603000E+00   0.172308E+00   0.193144E+02   0.174039E+00   0.125042E+00
 0.612000E+00   0.176693E+00   0.189154E+02   0.178529E+00   0.126883E+00
 0.621000E+00   0.181212E+00   0.185501E+02   0.183159E+00   0.128722E+00
 0.630000E+00   0.185872E+00   0.182053E+02   0.187936E+00   0.130561E+00
 0.639000E+00   0.190678E+00   0.178761E+02   0.192866E+00   0.132399E+00
 0.648000E+00   0.195636E+00   0.175705E+02   0.197955E+00   0.134235E+00
 0.657000E+00   0.200749E+00   0.172925E+02   0.203208E+00   0.136070E+00
 0.666000E+00   0.206024E+00   0.170221E+02   0.208631E+00   0.137905E+00
 0.675000E+00   0.211465E+00   0.167717E+02   0.214229E+00   0.139738E+00
 0.684000E+00   0.217076E+00   0.165406E+02   0.220006E+00   0.141569E+00
 0.693000E+00   0.222862E+00   0.163203E+02   0.225969E+00   0.143400E+00
 0.702000E+00   0.228827E+00   0.161040E+02   0.232121E+00   0.145229E+00
 0.711000E+00   0.234977E+00   0.159115E+02   0.238468E+00   0.147057E+00
 0.720000E+00   0.241313E+00   0.157259E+02   0.245015E+00   0.148884E+00
 0.729000E+00   0.247842E+00   0.155619E+02   0.251766E+00   0.150709E+00
 0.738000E+00   0.254566E+00   0.153978E+02   0.258725E+00   0.152533E+00
 0.747000E+00   0.261489E+00   0.152468E+02   0.265897E+00   0.154355E+00
 0.756000E+00   0.268615E+00   0.151059E+02   0.273287E+00   0.156176E+00
 0.765000E+00   0.275946E+00   0.149663E+02   0.280897E+00   0.157996E+00
 0.774000E+00   0.283487E+00   0.148448E+02   0.288733E+00   0.159814E+00
 0.783000E+00   0.291240E+00   0.147259E+02   0.296798E+00   0.161630E+00
 0.792000E+00   0.299209E+00   0.146164E+02   0.305095E+00   0.163445E+00
 0.801000E+00   0.307394E+00   0.145089E+02   0.313628E+00   0.165258E+00
 0.810000E+00   0.315800E+00   0.144152E+02   0.322401E+00   0.167070E+00
 0.819000E+00   0.324428E+00   0.143251E+02   0.331416E+00   0.168880E+00
 0.828000E+00   0.333281E+00   0.142436E+02   0.340676E+00   0.170688E+00
 0.837000E+00   0.342360E+00   0.141647E+02   0.350185E+00   0.172494E+00
 0.846000E+00   0.351667E+00   0.140856E+02   0.359945E+00   0.174299E+00
 0.855000E+00   0.361204E+00   0.140185E+02   0.369958E+00   0.176102E+00
 0.864000E+00   0.370971E+00   0.139519E+02   0.380226E+00   0.177903E+00
 0.873000E+00   0.380970E+00   0.138964E+02   0.390752E+00   0.179702E+00
 0.882000E+00   0.391202E+00   0.138400E+02   0.401537E+00   0.181499E+00
 0.891000E+00   0.401666E+00   0.137949E+02   0.412584E+00   0.183294E+00
 0.900000E+00   0.412365E+00   0.137459E+02   0.423892E+00   0.185087E+00
 0.909000E+00   0.423296E+00   0.136988E+02   0.435464E+00   0.186878E+00
 0.918000E+00   0.434462E+00   0.136619E+02   0.447301E+00   0.188668E+00
 0.927000E+00   0.445860E+00   0.136253E+02   0.459402E+00   0.190455E+00
 0.936000E+00   0.457491E+00   0.135877E+02   0.471769E+00   0.192239E+00
 0.945000E+00   0.469353E+00   0.135634E+02   0.484402E+00   0.194022E+00
 0.954000E+00   0.481446E+00   0.135368E+02   0.497301E+00   0.195803E+00
 0.963000E+00   0.493768E+00   0.135132E+02   0.510464E+00   0.197581E+00
 0.972000E+00   0.506318E+00   0.134893E+02   0.523893E+00   0.199357E+00
 0.981000E+00   0.519093E+00   0.134667E+02   0.537586E+00   0.201130E+00
 0.990000E+00   0.532091E+00   0.134549E+02   0.551541E+00   0.202902E+00
 0.999000E+00   0.545311E+00   0.134362E+02   0.565758E+00   0.204670E+00
 0.100800E+01   0.558748E+00   0.134210E+02   0.580234E+00   0.206437E+00
 0.101700E+01   0.572401E+00   0.134172E+02   0.594969E+00   0.208201E+00
 0.102600E+01   0.586266E+00   0.134012E+02   0.609959E+00   0.209962E+00
 0.103500E+01   0.600340E+00   0.133940E+02   0.625202E+00   0.211721E+00
 0.104400E+01   0.614618E+00   0.133872E+02   0.640695E+00   0.213477E+00
 0.105300E+01   0.629097E+00   0.133821E+02   0.656435E+00   0.215231E+00
 0.106200E+01   0.643772E+00   0.133788E+02   0.672419E+00   0.216982E+00
 0.107100E+01   0.658640E+00   0.133783E+02   0.688643E+00   0.218730E+00
 0.108000E+01   0.673694E+00   0.133780E+02   0.705103E+00   0.220476E+00
 0.108900E+01   0.688931E+00   0.133843E+02   0.721795E+00   0.222219E+00
 0.109800E+01   0.704345E+00   0.133839E+02   0.738715E+00   0.223959E+00
 0.110700E+01   0.719930E+00   0.133931E+02   0.755856E+00   0.225696E+00
 0.111600E+01   0.735681E+00   0.133882E+02   0.773215E+00   0.227431E+00
 0.112500E+01   0.751591E+00   0.134018E+02   0.790786E+00   0.229162E+00
 0.113400E+01   0.767656E+00   0.134086E+02   0.808564E+00   0.230891E+00
 0.114300E+01   0.783867E+00   0.134101E+02   0.826542E+00   0.232616E+00
 0.115200E+01   0.800220E+00   0.134224E+02   0.844715E+00   0.234339E+00
 0.116100E+01   0.816707E+00   0.134306E+02   0.863075E+00   0.236059E+00
 0.117000E+01   0.833321E+00   0.134324E+02   0.881618E+00   0.237775E+00
 0.117900E+01   0.850056E+00   0.134456E+02   0.900335E+00   0.239488E+00
 0.118800E+01   0.866904E+00   0.134571E+02   0.919221E+00   0.241199E+00
 0.119700E+01   0.883858E+00   0.134600E+02   0.938267E+00   0.242906E+00
 0.120600E+01   0.900912E+00   0.134779E+02   0.957467E+00   0.244610E+00
 0.121500E+01   0.918056E+00   0.134815E+02   0.976813E+00   0.246311E+00
 0.122400E+01   0.935285E+00   0.134968E+02   0.996298E+00   0.248008E+00
 0.123300E+01   0.952590E+00   0.135090E+02   0.101591E+01   0.249703E+00
 0.124200E+01   0.969964E+00   0.135239E+02   0.103565E+01   0.251394E+00
 0.125100E+01   0.987400E+00   0.135352E+02   0.105551E+01   0.253082E+00
 0.126000E+01   0.100489E+01   0.135511E+02   0.107547E+01   0.254766E+00
 0.126900E+01   0.102243E+01   0.135633E+02   0.109553E+01   0.256447E+00
 0.127800E+01   0.104000E+01   0.135761E+02   0.111568E+01   0.258125E+00
 0.128700E+01   0.105761E+01   0.135891E+02   0.113591E+01   0.259799E+00
 0.129600E+01   0.107523E+01   0.135951E+02   0.115622E+01   0.261470E+00
 0.130500E+01   0.109288E+01   0.136092E+02   0.117659E+01   0.263137E+00
 0.131400E+01   0.111053E+01   0.136190E+02   0.119703E+01   0.264801E+00
 0.132300E+01   0.112819E+01   0.136422E+02   0.121751E+01   0.266462E+00
 0.133200E+01   0.114584E+01   0.136468E+02   0.123803E+01   0.268119E+00
 0.134100E+01   0.116348E+01   0.136641E+02   0.125859E+01   0.269772E+00
 0.135000E+01   0.118109E+01   0.136723E+02   0.127918E+01   0.271422E+00
 0.135900E+01   0.119869E+01   0.136918E+02   0.129978E+01   0.273069E+00
 0.136800E+01   0.121624E+01   0.136977E+02   0.132040E+01   0.274712E+00
 0.137700E+01   0.123376E+01   0.137183E+02   0.134101E+01   0.276351E+00
 0.138600E+01   0.125123E+01   0.137273E+02   0.136162E+01   0.277987E+00
 0.139500E+01   0.126865E+01   0.137453E+02   0.138222E+01   0.279619E+00
 0.140400E+01   0.128602E+01   0.137509E+02   0.140280E+01   0.281247E+00
 0.141300E+01   0.130332E+01   0.137675E+02   0.142336E+01   0.282872E+00
 0.142200E+01   0.132054E+01   0.137755E+02   0.144388E+01   0.284494E+00
 0.143100E+01   0.133770E+01   0.137916E+02   0.146435E+01   0.286111E+00
 0.144000E+01   0.135477E+01   0.138025E+02   0.148479E+01   0.287725E+00
 0.144900E+01   0.137176E+01   0.138176E+02   0.150517E+01   0.289335E+00
 0.145800E+01   0.138866E+01   0.138286E+02   0.152548E+01   0.290942E+00
 0.146700E+01   0.140546E+01   0.138369E+02   0.154574E+01   0.292545E+00
 0.147600E+01   0.142216E+01   0.138502E+02   0.156592E+01   0.294144E+00
 0.148500E+01   0.143876E+01   0.138555E+02   0.158602E+01   0.295740E+00
 0.149400E+01   0.145526E+01   0.138720E+02   0.160604E+01   0.297332E+00
 0.150300E+01   0.147164E+01   0.138811E+02   0.162598E+01   0.298920E+00
 0.151200E+01   0.148791E+01   0.138861E+02   0.164582E+01   0.300505E+00
 0.152100E+01   0.150405E+01   0.139029E+02   0.166556E+01   0.302086E+00
 0.153000E+01   0.152008E+01   0.139042E+02   0.168520E+01   0.303663E+00
 0.153900E+01   0.153598E+01   0.139141E+02   0.170473E+01   0.305237E+00
 0.154800E+01   0.155176E+01   0.139255E+02   0.172415E+01   0.306806E+00
 0.155700E+01   0.156740E+01   0.139368E+02   0.174345E+01   0.308373E+00
 0.156600E+01   0.158291E+01   0.139445E+02   0.176264E+01   0.309935E+00
 0.157500E+01   0.159829E+01   0.139556E+02   0.178170E+01   0.311494E+00
 0.158400E+01   0.161353E+01   0.139636E+02   0.180064E+01   0.313049E+00
 0.159300E+01   0.162863E+01   0.139649E+02   0.181944E+01   0.314601E+00
 0.160200E+01   0.164359E+01   0.139760E+02   0.183812E+01   0.316148E+00
 0.161100E+01   0.165841E+01   0.139879E+02   0.185666E+01   0.317693E+00
 0.162000E+01   0.167308E+01   0.139941E+02   0.187505E+01   0.319233E+00
 0.162900E+01   0.168761E+01   0.139971E+02   0.189331E+01   0.320770E+00
 0.163800E+01   0.170199E+01   0.140104E+02   0.191143E+01   0.322303E+00
 0.164700E+01   0.171623E+01   0.140096E+02   0.192940E+01   0.323833E+00
 0.165600E+01   0.173032E+01   0.140216E+02   0.194722E+01   0.325359E+00
 0.166500E+01   0.174426E+01   0.140229E+02   0.196489E+01   0.326881E+00
 0.167400E+01   0.175805E+01   0.140273E+02   0.198241E+01   0.328400E+00
 0.168300E+01   0.177169E+01   0.140373E+02   0.199978E+01   0.329915E+00
 0.169200E+01   0.178518E+01   0.140389E+02   0.201700E+01   0.331426E+00
 0.170100E+01   0.179852E+01   0.140480E+02   0.203406E+01   0.332934E+00
 0.171000E+01   0.181171E+01   0.140483E+02   0.205096E+01   0.334438E+00
 0.171900E+01   0.182475E+01   0.140539E+02   0.206771E+01   0.335939E+00
 0.172800E+01   0.183764E+01   0.140594E+02   0.208430E+01   0.337436E+00
 0.173700E+01   0.185038E+01   0.140711E+02   0.210073E+01   0.338930E+00
 0.174600E+01   0.186297E+01   0.140752E+02   0.211700E+01   0.340420E+00
 0.175500E+01   0.187541E+01   0.140714E+02   0.213311E+01   0.341907E+00
 0.176400E+01   0.188771E+01   0.140784E+02   0.214907E+01   0.343390E+00
 0.177300E+01   0.189985E+01   0.140797E+02   0.216486E+01   0.344869E+00
 0.178200E+01   0.191185E+01   0.140829E+02   0.218049E+01   0.346345E+00
 0.179100E+01   0.192370E+01   0.140864E+02   0.219596E+01   0.347818E+00
 0.180000E+01   0.193540E+01   0.140872E+02   0.221127E+01   0.349287E+00
 0.180900E+01   0.194696E+01   0.140963E+02   0.222642E+01   0.350753E+00
 0.181800E+01   0.195837E+01   0.140971E+02   0.224141E+01   0.352215E+00
 0.182700E+01   0.196964E+01   0.140962E+02   0.225624E+01   0.353674E+00
 0.183600E+01   0.198077E+01   0.141061E+02   0.227091E+01   0.355129E+00
 0.184500E+01   0.199176E+01   0.141034E+02   0.228542E+01   0.356581E+00
 0.185400E+01   0.200260E+01   0.141066E+02   0.229977E+01   0.358030E+00
 0.186300E+01   0.201331E+01   0.141075E+02   0.231396E+01   0.359475E+00
 0.187200E+01   0.202387E+01   0.141099E+02   0.232800E+01   0.360917E+00
 0.188100E+01   0.203430E+01   0.141130E+02   0.234188E+01   0.362355E+00
 0.189000E+01   0.204460E+01   0.141103E+02   0.235561E+01   0.363791E+00
 0.189900E+01   0.205475E+01   0.141133E+02   0.236917E+01   0.365223E+00
 0.190800E+01   0.206478E+01   0.141182E+02   0.238259E+01   0.366651E+00
 0.191700E+01   0.207467E+01   0.141148E+02   0.239585E+01   0.368076E+00
 0.192600E+01   0.208443E+01   0.141196E+02   0.240896E+01   0.369498E+00
 0.193500E+01   0.209406E+01   0.141133E+02   0.242192E+01   0.370917E+00
 0.194400E+01   0.210356E+01   0.141173E+02   0.243473E+01   0.372333E+00
 0.195300E+01   0.211294E+01   0.141145E+02   0.244738E+01   0.373745E+00
 0.196200E+01   0.212219E+01   0.141209E+02   0.245989E+01   0.375154E+00
 0.197100E+01   0.213131E+01   0.141146E+02   0.247226E+01   0.376560E+00
 0.198000E+01   0.214031E+01   0.141176E+02   0.248447E+01   0.377962E+00
 0.198900E+01   0.214919E+01   0.141127E+02   0.249654E+01   0.379362E+00
 0.199800E+01   0.215795E+01   0.141199E+02   0.250847E+01   0.380758E+00
 0.200700E+01   0.216659E+01   0.141153E+02   0.252025E+01   0.382151E+00
 0.201600E+01   0.217511E+01   0.141150E+02   0.253190E+01   0.383541E+00
 0.202500E+01   0.218352E+01   0.141145E+02   0.254340E+01   0.384928E+00
 0.203400E+01   0.219181E+01   0.141147E+02   0.255476E+01   0.386312E+00
 0.204300E+01   0.219998E+01   0.141092E+02   0.256599E+01   0.387693E+00
 0.205200E+01   0.220805E+01   0.141151E+02   0.257708E+01   0.389070E+00
 0.206100E+01   0.221600E+01   0.141148E+02   0.258804E+01   0.390445E+00
 0.207000E+01   0.222384E+01   0.141139E+02   0.259886E+01   0.391816E+00
 0.207900E+01   0.223158E+01   0.141055E+02   0.260955E+01   0.393185E+00
 0.208800E+01   0.223921E+01   0.141081E+02   0.262010E+01   0.394551E+00
 0.209700E+01   0.224673E+01   0.141080E+02   0.263053E+01   0.395913E+00
 0.210600E+01   0.225415E+01   0.141014E+02   0.264083E+01   0.397273E+00
 0.211500E+01   0.226147E+01   0.141029E+02   0.265100E+01   0.398629E+00
 0.212400E+01   0.226868E+01   0.141026E+02   0.266105E+01   0.399983E+00
 0.213300E+01   0.227580E+01   0.140934E+02   0.267097E+01   0.401334E+00
 0.214200E+01   0.228282E+01   0.140989E+02   0.268077E+01   0.402681E+00
 0.215100E+01   0.228974E+01   0.140964E+02   0.269044E+01   0.404026E+00
 0.216000E+01   0.229656E+01   0.140957E+02   0.270000E+01   0.405368E+00
 0.216900E+01   0.230329E+01   0.140874E+02   0.270943E+01   0.406707E+00
 0.217800E+01   0.230992E+01   0.140867E+02   0.271875E+01   0.408043E+00
 0.218700E+01   0.231646E+01   0.140874E+02   0.272795E+01   0.409377E+00
 0.219600E+01   0.232291E+01   0.140852E+02   0.273704E+01   0.410707E+00
 0.220500E+01   0.232927E+01   0.140816E+02   0.274601E+01   0.412035E+00
 0.221400E+01   0.233555E+01   0.140735E+02   0.275487E+01   0.413360E+00
 0.222300E+01   0.234173E+01   0.140728E+02   0.276362E+01   0.414682E+00
 0.223200E+01   0.234783E+01   0.140747E+02   0.277225E+01   0.416002E+00
 0.224100E+01   0.235384E+01   0.140743E+02   0.278078E+01   0.417318E+00
 0.225000E+01   0.235977E+01   0.140679E+02   0.278920E+01   0.418632E+00
 0.225900E+01   0.236562E+01   0.140680E+02   0.279751E+01   0.419943E+00
 0.226800E+01   0.237138E+01   0.140607E+02   0.280572E+01   0.421251E+00
 0.227700E+01   0.237707E+01   0.140622E+02   0.281383E+01   0.422557E+00
 0.228600E+01   0.238267E+01   0.140541E+02   0.282183E+01   0.423860E+00
 0.229500E+01   0.238820E+01   0.140514E+02   0.282973E+01   0.425160E+00
 0.230400E+01   0.239365E+01   0.140453E+02   0.283753E+01   0.426458E+00
 0.231300E+01   0.239903E+01   0.140471E+02   0.284523E+01   0.427753E+00
 0.232200E+01   0.240432E+01   0.140458E+02   0.285283E+01   0.429045E+00
 0.233100E+01   0.240955E+01   0.140404E+02   0.286033E+01   0.430335E+00
 0.234000E+01   0.241470E+01   0.140403E+02   0.286774E+01   0.431622E+00
 0.234900E+01   0.241978E+01   0.140343E+02   0.287506E+01   0.432907E+00
 0.235800E+01   0.242479E+01   0.140325E+02   0.288228E+01   0.434189E+00
 0.236700E+01   0.242973E+01   0.140249E+02   0.288941E+01   0.435468E+00
 0.237600E+01   0.243460E+01   0.140230E+02   0.289645E+01   0.436745E+00
 0.238500E+01   0.243941E+01   0.140154E+02   0.290340E+01   0.438019E+00
 0.239400E+01   0.244414E+01   0.140137E+02   0.291026E+01   0.439291E+00
 0.240300E+01   0.244881E+01   0.140079E+02   0.291703E+01   0.440560E+00
 0.241200E+01   0.245342E+01   0.140122E+02   0.292372E+01   0.441827E+00
 0.242100E+01   0.245796E+01   0.139996E+02   0.293032E+01   0.443091E+00
 0.243000E+01   0.246243E+01   0.139977E+02   0.293683E+01   0.444353E+00
 0.243900E+01   0.246685E+01   0.139956E+02   0.294327E+01   0.445612E+00
 0.244800E+01   0.247120E+01   0.139917E+02   0.294962E+01   0.446869E+00
 0.245700E+01   0.247550E+01   0.139901E+02   0.295588E+01   0.448123E+00
 0.246600E+01   0.247973E+01   0.139857E+02   0.296207E+01   0.449375E+00
 0.247500E+01   0.248391E+01   0.139761E+02   0.296818E+01   0.450624E+00
 0.248400E+01   0.248802E+01   0.139737E+02   0.297421E+01   0.451872E+00
 0.249300E+01   0.249208E+01   0.139687E+02   0.298016E+01   0.453116E+00
 0.250200E+01   0.249609E+01   0.139644E+02   0.298604E+01   0.454359E+00
 0.251100E+01   0.250003E+01   0.139608E+02   0.299184E+01   0.455599E+00
 0.252000E+01   0.250393E+01   0.139613E+02   0.299756E+01   0.456836E+00
 0.252900E+01   0.250776E+01   0.139614E+02   0.300322E+01   0.458071E+00
 0.253800E+01   0.251155E+01   0.139533E+02   0.300880E+01   0.459304E+00
 0.254700E+01   0.251528E+01   0.139474E+02   0.301430E+01   0.460535E+00
 0.255600E+01   0.251896E+01   0.139481E+02   0.301974E+01   0.461763E+00
 0.256500E+01   0.252259E+01   0.139435E+02   0.302511E+01   0.462989E+00
 0.257400E+01   0.252617E+01   0.139333E+02   0.303041E+01   0.464213E+00
 0.258300E+01   0.252970E+01   0.139281E+02   0.303563E+01   0.465434E+00
 0.259200E+01   0.253319E+01   0.139237E+02   0.304080E+01   0.466654E+00
 0.260100E+01   0.253662E+01   0.139249E+02   0.304589E+01   0.467870E+00
 0.261000E+01   0.254000E+01   0.139151E+02   0.305092E+01   0.469085E+00
 0.261900E+01   0.254334E+01   0.139153E+02   0.305589E+01   0.470298E+00
 0.262800E+01   0.254664E+01   0.139059E+02   0.306079E+01   0.471508E+00
 0.263700E+01   0.254988E+01   0.139015E+02   0.306562E+01   0.472716E+00
 0.264600E+01   0.255308E+01   0.139062E+02   0.307040E+01   0.473922E+00
 0.265500E+01   0.255624E+01   0.138992E+02   0.307511E+01   0.475125E+00
 0.266400E+01   0.255936E+01   0.138919E+02   0.307976E+01   0.476327E+00
 0.267300E+01   0.256243E+01   0.138926E+02   0.308436E+01   0.477526E+00
 0.268200E+01   0.256546E+01   0.138828E+02   0.308889E+01   0.478723E+00
 0.269100E+01   0.256844E+01   0.138775E+02   0.309336E+01   0.479918E+00
 0.270000E+01   0.257139E+01   0.138770E+02   0.309778E+01   0.481111E+00
 0.270900E+01   0.257429E+01   0.138690E+02   0.310214E+01   0.482302E+00
 0.271800E+01   0.257716E+01   0.138647E+02   0.310644E+01   0.483490E+00
 0.272700E+01   0.257998E+01   0.138656E+02   0.311068E+01   0.484677E+00
 0.273600E+01   0.258277E+01   0.138529E+02   0.311488E+01   0.485861E+00
 0.274500E+01   0.258551E+01   0.138497E+02   0.311901E+01   0.487044E+00
 0.275400E+01   0.258822E+01   0.138495E+02   0.312310E+01   0.488224E+00
 0.276300E+01   0.259089E+01   0.138412E+02   0.312713E+01   0.489402E+00
 0.277200E+01   0.259353E+01   0.138394E+02   0.313110E+01   0.490579E+00
 0.278100E+01   0.259613E+01   0.138375E+02   0.313503E+01   0.491753E+00
 0.279000E+01   0.259869E+01   0.138342E+02   0.313890E+01   0.492925E+00
 0.279900E+01   0.260122E+01   0.138268E+02   0.314273E+01   0.494095E+00
 0.280800E+01   0.260371E+01   0.138197E+02   0.314650E+01   0.495263E+00
 0.281700E+01   0.260617E+01   0.138129E+02   0.315023E+01   0.496429E+00
 0.282600E+01   0.260859E+01   0.138169E+02   0.315390E+01   0.497593E+00
 0.283500E+01   0.261098E+01   0.138096E+02   0.315753E+01   0.498755E+00
 0.284400E+01   0.261334E+01   0.138006E+02   0.316111E+01   0.499915E+00
 0.285300E+01   0.261566E+01   0.137996E+02   0.316464E+01   0.501074E+00
 0.286200E+01   0.261795E+01   0.137925E+02   0.316813E+01   0.502230E+00
 0.287100E+01   0.262021E+01   0.137927E+02   0.317157E+01   0.503384E+00
 0.288000E+01   0.262244E+01   0.137895E+02   0.317497E+01   0.504536E+00
 0.288900E+01   0.262464E+01   0.137836E+02   0.317832E+01   0.505687E+00
 0.289800E+01   0.262681E+01   0.137743E+02   0.318163E+01   0.506835E+00
 0.290700E+01   0.262894E+01   0.137696E+02   0.318490E+01   0.507982E+00
 0.291600E+01   0.263105E+01   0.137697E+02   0.318812E+01   0.509126E+00
 0.292500E+01   0.263313E+01   0.137585E+02   0.319130E+01   0.510269E+00
 0.293400E+01   0.263518E+01   0.137592E+02   0.319443E+01   0.511410E+00
 0.294300E+01   0.263720E+01   0.137506E+02   0.319753E+01   0.512549E+00
 0.295200E+01   0.263919E+01   0.137502E+02   0.320058E+01   0.513686E+00
 0.296100E+01   0.264116E+01   0.137447E+02   0.320360E+01   0.514822E+00
 0.297000E+01   0.264309E+01   0.137429E+02   0.320657E+01   0.515955E+00
 0.297900E+01   0.264500E+01   0.137371E+02   0.320951E+01   0.517087E+00
 0.298800E+01   0.264689E+01   0.137252E+02   0.321240E+01   0.518216E+00
 0.299700E+01   0.264875E+01   0.137287E+02   0.321526E+01   0.519344E+00
 0.300600E+01   0.265058E+01   0.137187E+02   0.321808E+01   0.520471E+00
 0.301500E+01   0.265238E+01   0.137181E+02   0.322086E+01   0.521595E+00
 0.302400E+01   0.265416E+01   0.137091E+02   0.322361E+01   0.522718E+00
 0.303300E+01   0.265592E+01   0.137106E+02   0.322632E+01   0.523838E+00
 0.304200E+01   0.265765E+01   0.137031E+02   0.322899E+01   0.524957E+00
 0.305100E+01   0.265936E+01   0.136997E+02   0.323162E+01   0.526074E+00
 0.306000E+01   0.266104E+01   0.136937E+02   0.323422E+01   0.527190E+00
 0.306900E+01   0.266270E+01   0.136923E+02   0.323679E+01   0.528304E+00
 0.307800E+01   0.266434E+01   0.136788E+02   0.323932E+01   0.529416E+00
 0.308700E+01   0.266595E+01   0.136758E+02   0.324182E+01   0.530526E+00
 0.309600E+01   0.266754E+01   0.136725E+02   0.324428E+01   0.531634E+00
 0.310500E+01   0.266910E+01   0.136691E+02   0.324671E+01   0.532741E+00
 0.311400E+01   0.267065E+01   0.136681E+02   0.324911E+01   0.533846E+00
 0.312300E+01   0.267217E+01   0.136581E+02   0.325147E+01   0.534949E+00
 0.313200E+01   0.267367E+01   0.136566E+02   0.325381E+01   0.536051E+00
 0.314100E+01   0.267516E+01   0.136533E+02   0.325611E+01   0.537151E+00
 0.315000E+01   0.267661E+01   0.136423E+02   0.325838E+01   0.538249E+00
 0.315900E+01   0.267805E+01   0.136425E+02   0.326062E+01   0.539346E+00
 0.316800E+01   0.267947E+01   0.136381E+02   0.326282E+01   0.540440E+00
 0.317700E+01   0.268087E+01   0.136308E+02   0.326500E+01   0.541534E+00
 0.318600E+01   0.268225E+01   0.136276E+02   0.326715E+01   0.542625E+00
 0.319500E+01   0.268360E+01   0.136258E+02   0.326927E+01   0.543715E+00
 0.320400E+01   0.268494E+01   0.136202E+02   0.327136E+01   0.544803E+00
 0.321300E+01   0.268626E+01   0.136120E+02   0.327342E+01   0.545890E+00
 0.322200E+01   0.268756E+01   0.136104E+02   0.327545E+01   0.546975E+00
 0.323100E+01   0.268884E+01   0.136040E+02   0.327745E+01   0.548058E+00
 0.324000E+01   0.269011E+01   0.136020E+02   0.327943E+01   0.549140E+00
 0.324900E+01   0.269135E+01   0.135954E+02   0.328137E+01   0.550220E+00
 0.325800E+01   0.269258E+01   0.135952E+02   0.328329E+01   0.551299E+00
 0.326700E+01   0.269378E+01   0.135872E+02   0.328519E+01   0.552376E+00
 0.327600E+01   0.269498E+01   0.135866E+02   0.328706E+01   0.553451E+00
 0.328500E+01   0.269615E+01   0.135737E+02   0.328890E+01   0.554525E+00
 0.329400E+01   0.269731E+01   0.135742E+02   0.329071E+01   0.555597E+00
 0.330300E+01   0.269844E+01   0.135667E+02   0.329250E+01   0.556668E+00
 0.331200E+01   0.269957E+01   0.135640E+02   0.329427E+01   0.557737E+00
 0.332100E+01   0.270067E+01   0.135620E+02   0.329600E+01   0.558804E+00
 0.333000E+01   0.270176E+01   0.135592E+02   0.329772E+01   0.559870E+00
 0.333900E+01   0.270284E+01   0.135497E+02   0.329941E+01   0.560935E+00
 0.334800E+01   0.270389E+01   0.135407E+02   0.330107E+01   0.561998E+00
 0.335700E+01   0.270494E+01   0.135441E+02   0.330271E+01   0.563059E+00
 0.336600E+01   0.270596E+01   0.135392E+02   0.330433E+01   0.564119E+00
 0.337500E+01   0.270697E+01   0.135280E+02   0.330593E+01   0.565177E+00
 0.338400E+01   0.270797E+01   0.135311E+02   0.330750E+01   0.566234E+00
 0.339300E+01   0.270895E+01   0.135220E+02   0.330905E+01   0.567289E+00
 0.340200E+01   0.270992E+01   0.135148E+02   0.331057E+01   0.568343E+00
 0.341100E+01   0.271087E+01   0.135108E+02   0.331207E+01   0.569395E+00
 0.342000E+01   0.271180E+01   0.135126E+02   0.331356E+01   0.570446E+00
 0.342900E+01   0.271273E+01   0.135041E+02   0.331502E+01   0.571496E+00
 0.343800E+01   0.271363E+01   0.135007E+02   0.331645E+01   0.572544E+00
 0.344700E+01   0.271453E+01   0.134954E+02   0.331787E+01   0.573590E+00
 0.345600E+01   0.271541E+01   0.134911E+02   0.331926E+01   0.574635E+00
 0.346500E+01   0.271628E+01   0.134869E+02   0.332064E+01   0.575679E+00
 0.347400E+01   0.271713E+01   0.134858E+02   0.332199E+01   0.576721E+00
 0.348300E+01   0.271797E+01   0.134739E+02   0.332333E+01   0.577761E+00
 0.349200E+01   0.271880E+01   0.134731E+02   0.332464E+01   0.578800E+00
 0.350100E+01   0.271961E+01   0.134649E+02   0.332593E+01   0.579838E+00
 0.351000E+01   0.272042E+01   0.134600E+02   0.332721E+01   0.580875E+00
 0.351900E+01   0.272120E+01   0.134646E+02   0.332846E+01   0.581909E+00
 0.352800E+01   0.272198E+01   0.134512E+02   0.332969E+01   0.582943E+00
 0.353700E+01   0.272274E+01   0.134503E+02   0.333091E+01   0.583975E+00
 0.354600E+01   0.272350E+01   0.134444E+02   0.333211E+01   0.585006E+00
 0.355500E+01   0.272424E+01   0.134405E+02   0.333328E+01   0.586035E+00
 0.356400E+01   0.272496E+01   0.134418E+02   0.333444E+01   0.587063E+00
 0.357300E+01   0.272568E+01   0.134368E+02   0.333559E+01   0.588090E+00
 0.358200E+01   0.272639E+01   0.134300E+02   0.333671E+01   0.589115E+00
 0.359100E+01   0.272708E+01   0.134293E+02   0.333781E+01   0.590138E+00
 0.360000E+01   0.272776E+01   0.134238E+02   0.333890E+01   0.591161E+00
 0.360900E+01   0.272843E+01   0.134172E+02   0.333997E+01   0.592182E+00
 0.361800E+01   0.272909E+01   0.134120E+02   0.334103E+01   0.593202E+00
 0.362700E+01   0.272974E+01   0.134057E+02   0.334206E+01   0.594220E+00
 0.363600E+01   0.273038E+01   0.134063E+02   0.334308E+01   0.595237E+00
 0.364500E+01   0.273100E+01   0.134034E+02   0.334408E+01   0.596253E+00
 0.365400E+01   0.273162E+01   0.133988E+02   0.334507E+01   0.597267E+00
 0.366300E+01   0.273223E+01   0.133942E+02   0.334604E+01   0.598280E+00
 0.367200E+01   0.273282E+01   0.133842E+02   0.334699E+01   0.599291E+00
 0.368100E+01   0.273341E+01   0.133856E+02   0.334793E+01   0.600302E+00
 0.369000E+01   0.273398E+01   0.133776E+02   0.334885E+01   0.601311E+00
 0.369900E+01   0.273455E+01   0.133684E+02   0.334976E+01   0.602318E+00
 0.370800E+01   0.273510E+01   0.133695E+02   0.335065E+01   0.603325E+00
 0.371700E+01   0.273565E+01   0.133652E+02   0.335152E+01   0.604330E+00
 0.372600E+01   0.273618E+01   0.133622E+02   0.335238E+01   0.605334E+00
 0.373500E+01   0.273671E+01   0.133543E+02   0.335323E+01   0.606336E+00
 0.374400E+01   0.273723E+01   0.133534E+02   0.335406E+01   0.607337E+00
 0.375300E+01   0.273774E+01   0.133509E+02   0.335488E+01   0.608337E+00
 0.376200E+01   0.273823E+01   0.133420E+02   0.335568E+01   0.609336E+00
 0.377100E+01   0.273872E+01   0.133426E+02   0.335647E+01   0.610333E+00
 0.378000E+01   0.273920E+01   0.133349E+02   0.335724E+01   0.611329E+00
 0.378900E+01   0.273968E+01   0.133319E+02   0.335800E+01   0.612324E+00
 0.379800E+01   0.274014E+01   0.133278E+02   0.335874E+01   0.613318E+00
 0.380700E+01   0.274059E+01   0.133273E+02   0.335947E+01   0.614310E+00
 0.381600E+01   0.274104E+01   0.133218E+02   0.336019E+01   0.615301E+00
 0.382500E+01   0.274148E+01   0.133171E+02   0.336090E+01   0.616291E+00
 0.383400E+01   0.274190E+01   0.133075E+02   0.336159E+01   0.617280E+00
 0.384300E+01   0.274233E+01   0.133040E+02   0.336227E+01   0.618267E+00
 0.385200E+01   0.274274E+01   0.132965E+02   0.336293E+01   0.619253E+00
 0.386100E+01   0.274314E+01   0.133007E+02   0.336358E+01   0.620238E+00
 0.387000E+01   0.274354E+01   0.132892E+02   0.336422E+01   0.621222E+00
 0.387900E+01   0.274393E+01   0.132923E+02   0.336485E+01   0.622204E+00
 0.388800E+01   0.274431E+01   0.132844E+02   0.336546E+01   0.623185E+00
 0.389700E+01   0.274468E+01   0.132839E+02   0.336607E+01   0.624166E+00
 0.390600E+01   0.274504E+01   0.132813E+02   0.336666E+01   0.625144E+00
 0.391500E+01   0.274540E+01   0.132680E+02   0.336723E+01   0.626122E+00
 0.392400E+01   0.274575E+01   0.132637E+02   0.336780E+01   0.627098E+00
 0.393300E+01   0.274609E+01   0.132631E+02   0.336835E+01   0.628074E+00
 0.394200E+01   0.274643E+01   0.132647E+02   0.336890E+01   0.629048E+00
 0.395100E+01   0.274676E+01   0.132561E+02   0.336943E+01   0.630021E+00
 0.396000E+01   0.274708E+01   0.132563E+02   0.336995E+01   0.630992E+00
 0.396900E+01   0.274739E+01   0.132432E+02   0.337045E+01   0.631963E+00
 0.397800E+01   0.274770E+01   0.132449E+02   0.337095E+01   0.632932E+00
 0.398700E+01   0.274800E+01   0.132428E+02   0.337144E+01   0.633901E+00
 0.399600E+01   0.274829E+01   0.132339E+02   0.337191E+01   0.634868E+00
 0.400500E+01   0.274858E+01   0.132331E+02   0.337238E+01   0.635834E+00
 0.401400E+01   0.274885E+01   0.132233E+02   0.337283E+01   0.636798E+00
 0.402300E+01   0.274913E+01   0.132192E+02   0.337327E+01   0.637762E+00
 0.403200E+01   0.274939E+01   0.132173E+02   0.337370E+01   0.638724E+00
 0.404100E+01   0.274965E+01   0.132157E+02   0.337413E+01   0.639686E+00
 0.405000E+01   0.274991E+01   0.132157E+02   0.337454E+01   0.640646E+00
 0.405900E+01   0.275015E+01   0.132092E+02   0.337494E+01   0.641605E+00
 0.406800E+01   0.275039E+01   0.132008E+02   0.337533E+01   0.642563E+00
 0.407700E+01   0.275063E+01   0.131963E+02   0.337571E+01   0.643519E+00
 0.408600E+01   0.275086E+01   0.131961E+02   0.337608E+01   0.644475E+00
 0.409500E+01   0.275108E+01   0.131907E+02   0.337645E+01   0.645430E+00
 0.410400E+01   0.275130E+01   0.131914E+02   0.337680E+01   0.646383E+00
 0.411300E+01   0.275151E+01   0.131836E+02   0.337714E+01   0.647335E+00
 0.412200E+01   0.275171E+01   0.131816E+02   0.337747E+01   0.648287E+00
 0.413100E+01   0.275191E+01   0.131792E+02   0.337780E+01   0.649237E+00
 0.414000E+01   0.275210E+01   0.131710E+02   0.337811E+01   0.650186E+00
 0.414900E+01   0.275229E+01   0.131688E+02   0.337842E+01   0.651134E+00
 0.415800E+01   0.275247E+01   0.131624E+02   0.337871E+01   0.652081E+00
 0.416700E+01   0.275265E+01   0.131593E+02   0.337900E+01   0.653026E+00
 0.417600E+01   0.275282E+01   0.131541E+02   0.337928E+01   0.653971E+00
 0.418500E+01   0.275298E+01   0.131544E+02   0.337955E+01   0.654915E+00
 0.419400E+01   0.275314E+01   0.131525E+02   0.337981E+01   0.655857E+00
 0.420300E+01   0.275330E+01   0.131403E+02   0.338006E+01   0.656799E+00
 0.421200E+01   0.275345E+01   0.131368E+02   0.338031E+01   0.657739E+00
 0.422100E+01   0.275359E+01   0.131323E+02   0.338054E+01   0.658678E+00
 0.423000E+01   0.275373E+01   0.131321E+02   0.338077E+01   0.659617E+00
 0.423900E+01   0.275386E+01   0.131274E+02   0.338099E+01   0.660554E+00
 0.424800E+01   0.275399E+01   0.131293E+02   0.338120E+01   0.661490E+00
 0.425700E+01   0.275411E+01   0.131218E+02   0.338140E+01   0.662425E+00
 0.426600E+01   0.275423E+01   0.131153E+02   0.338159E+01   0.663359E+00
 0.427500E+01   0.275435E+01   0.131160E+02   0.338178E+01   0.664292E+00
 0.428400E+01   0.275446E+01   0.131110E+02   0.338196E+01   0.665224E+00
 0.429300E+01   0.275456E+01   0.131020E+02   0.338213E+01   0.666155E+00
 0.430200E+01   0.275466E+01   0.130999E+02   0.338229E+01   0.667085E+00
 0.431100E+01   0.275476E+01   0.130951E+02   0.338245E+01   0.668014E+00
 0.432000E+01   0.275485E+01   0.130979E+02   0.338260E+01   0.668942E+00
 0.432900E+01   0.275493E+01   0.130942E+02   0.338274E+01   0.669868E+00
 0.433800E+01   0.275501E+01   0.130893E+02   0.338287E+01   0.670794E+00
 0.434700E+01   0.275509E+01   0.130864E+02   0.338300E+01   0.671719E+00
 0.435600E+01   0.275516E+01   0.130841E+02   0.338312E+01   0.672643E+00
 0.436500E+01   0.275523E+01   0.130791E+02   0.338323E+01   0.673566E+00
 0.437400E+01   0.275529E+01   0.130757E+02   0.338333E+01   0.674487E+00
 0.438300E+01   0.275535E+01   0.130689E+02   0.338343E+01   0.675408E+00
 0.439200E+01   0.275541E+01   0.130610E+02   0.338352E+01   0.676328E+00
 0.440100E+01   0.275546E+01   0.130639E+02   0.338360E+01   0.677247E+00
 0.441000E+01   0.275550E+01   0.130598E+02   0.338368E+01   0.678164E+00
 0.441900E+01   0.275555E+01   0.130512E+02   0.338375E+01   0.679081E+00
 0.442800E+01   0.275559E+01   0.130541E+02   0.338381E+01   0.679997E+00
 0.443700E+01   0.275562E+01   0.130460E+02   0.338387E+01   0.680912E+00
 0.444600E+01   0.275565E+01   0.130439E+02   0.338392E+01   0.681826E+00
 0.445500E+01   0.275568E+01   0.130347E+02   0.338396E+01   0.682738E+00
 0.446400E+01   0.275570E+01   0.130316E+02   0.338400E+01   0.683650E+00
 0.447300E+01   0.275572E+01   0.130277E+02   0.338403E+01   0.684561E+00
 0.448200E+01   0.275573E+01   0.130262E+02   0.338406E+01   0.685471E+00
 0.449100E+01   0.275574E+01   0.130233E+02   0.338407E+01   0.686380E+00
 0.450000E+01   0.275575E+01   0.130199E+02   0.338409E+01   0.687288E+00
 0.450900E+01   0.275576E+01   0.130179E+02   0.338409E+01   0.688195E+00
 0.451800E+01   0.275576E+01   0.130151E+02   0.338409E+01   0.689101E+00
 0.452700E+01   0.275575E+01   0.130125E+02   0.338409E+01   0.690006E+00
 0.453600E+01   0.275575E+01   0.130100E+02   0.338408E+01   0.690911E+00
 0.454500E+01   0.275573E+01   0.130031E+02   0.338406E+01   0.691814E+00
 0.455400E+01   0.275572E+01   0.130029E+02   0.338404E+01   0.692716E+00
 0.456300E+01   0.275570E+01   0.129921E+02   0.338401E+01   0.693618E+00
 0.457200E+01   0.275568E+01   0.129948E+02   0.338397E+01   0.694518E+00
 0.458100E+01   0.275566E+01   0.129893E+02   0.338393E+01   0.695418E+00
 0.459000E+01   0.275563E+01   0.129876E+02   0.338389E+01   0.696316E+00
 0.459900E+01   0.275560E+01   0.129851E+02   0.338383E+01   0.697214E+00
 0.460800E+01   0.275556E+01   0.129796E+02   0.338378E+01   0.698111E+00
 0.461700E+01   0.275553E+01   0.129782E+02   0.338372E+01   0.699006E+00
 0.462600E+01   0.275549E+01   0.129729E+02   0.338365E+01   0.699901E+00
 0.463500E+01   0.275544E+01   0.129637E+02   0.338357E+01   0.700795E+00
 0.464400E+01   0.275539E+01   0.129677E+02   0.338350E+01   0.701688E+00
 0.465300E+01   0.275534E+01   0.129589E+02   0.338341E+01   0.702580E+00
 0.466200E+01   0.275529E+01   0.129546E+02   0.338332E+01   0.703472E+00
 0.467100E+01   0.275523E+01   0.129585E+02   0.338323E+01   0.704362E+00
 0.468000E+01   0.275517E+01   0.129526E+02   0.338313E+01   0.705251E+00
 0.468900E+01   0.275511E+01   0.129503E+02   0.338303E+01   0.706140E+00
 0.469800E+01   0.275505E+01   0.129447E+02   0.338292E+01   0.707027E+00
 0.470700E+01   0.275498E+01   0.129400E+02   0.338281E+01   0.707914E+00
 0.471600E+01   0.275491E+01   0.129333E+02   0.338269E+01   0.708800E+00
 0.472500E+01   0.275483E+01   0.129290E+02   0.338257E+01   0.709685E+00
 0.473400E+01   0.275476E+01   0.129301E+02   0.338244E+01   0.710569E+00
 0.474300E+01   0.275468E+01   0.129300E+02   0.338231E+01   0.711452E+00
 0.475200E+01   0.275459E+01   0.129191E+02   0.338217E+01   0.712334E+00
 0.476100E+01   0.275451E+01   0.129172E+02   0.338203E+01   0.713216E+00
 0.477000E+01   0.275442E+01   0.129198E+02   0.338188E+01   0.714096E+00
 0.477900E+01   0.275433E+01   0.129122E+02   0.338173E+01   0.714976E+00
 0.478800E+01   0.275423E+01   0.129040E+02   0.338158E+01   0.715855E+00
 0.479700E+01   0.275414E+01   0.129076E+02   0.338142E+01   0.716733E+00
 0.480600E+01   0.275404E+01   0.129019E+02   0.338125E+01   0.717610E+00
 0.481500E+01   0.275394E+01   0.129035E+02   0.338108E+01   0.718486E+00
 0.482400E+01   0.275383E+01   0.128998E+02   0.338091E+01   0.719361E+00
 0.483300E+01   0.275373E+01   0.128886E+02   0.338073E+01   0.720236E+00
 0.484200E+01   0.275362E+01   0.128857E+02   0.338055E+01   0.721109E+00
 0.485100E+01   0.275351E+01   0.128852E+02   0.338037E+01   0.721982E+00
 0.486000E+01   0.275339E+01   0.128854E+02   0.338018E+01   0.722854E+00
 0.486900E+01   0.275328E+01   0.128806E+02   0.337999E+01   0.723725E+00
 0.487800E+01   0.275316E+01   0.128773E+02   0.337979E+01   0.724595E+00
 0.488700E+01   0.275304E+01   0.128754E+02   0.337959E+01   0.725465E+00
 0.489600E+01   0.275291E+01   0.128727E+02   0.337938E+01   0.726333E+00
 0.490500E+01   0.275279E+01   0.128699E+02   0.337917E+01   0.727201E+00
 0.491400E+01   0.275266E+01   0.128661E+02   0.337896E+01   0.728068E+00
 0.492300E+01   0.275253E+01   0.128616E+02   0.337874E+01   0.728934E+00
 0.493200E+01   0.275240E+01   0.128580E+02   0.337852E+01   0.729799E+00
 0.494100E+01   0.275226E+01   0.128521E+02   0.337830E+01   0.730663E+00
 0.495000E+01   0.275212E+01   0.128486E+02   0.337807E+01   0.731527E+00
 0.495900E+01   0.275199E+01   0.128456E+02   0.337784E+01   0.732390E+00
 0.496800E+01   0.275184E+01   0.128461E+02   0.337760E+01   0.733252E+00
 0.497700E+01   0.275170E+01   0.128429E+02   0.337736E+01   0.734113E+00
 0.498600E+01   0.275155E+01   0.128336E+02   0.337712E+01   0.734973E+00
 0.499500E+01   0.275141E+01   0.128344E+02   0.337687E+01   0.735832E+00
 0.500400E+01   0.275126E+01   0.128275E+02   0.337662E+01   0.736691E+00
 0.501300E+01   0.275110E+01   0.128286E+02   0.337637E+01   0.737549E+00
 0.502200E+01   0.275095E+01   0.128177E+02   0.337611E+01   0.738406E+00
 0.503100E+01   0.275079E+01   0.128143E+02   0.337585E+01   0.739262E+00
 0.504000E+01   0.275064E+01   0.128209E+02   0.337559E+01   0.740117E+00
 0.504900E+01   0.275048E+01   0.128083E+02   0.337532E+01   0.740972E+00
 0.505800E+01   0.275031E+01   0.128089E+02   0.337505E+01   0.741826E+00
 0.506700E+01   0.275015E+01   0.128088E+02   0.337478E+01   0.742679E+00
 0.507600E+01   0.274998E+01   0.127994E+02   0.337450E+01   0.743531E+00
 0.508500E+01   0.274982E+01   0.127959E+02   0.337422E+01   0.744383E+00
 0.509400E+01   0.274965E+01   0.127934E+02   0.337394E+01   0.745233E+00
 0.510300E+01   0.274947E+01   0.127938E+02   0.337365E+01   0.746083E+00
 0.511200E+01   0.274930E+01   0.127864E+02   0.337336E+01   0.746932E+00
 0.512100E+01   0.274913E+01   0.127919E+02   0.337307E+01   0.747780E+00
 0.513000E+01   0.274895E+01   0.127861E+02   0.337278E+01   0.748628E+00
 0.513900E+01   0.274877E+01   0.127780E+02   0.337248E+01   0.749475E+00
 0.514800E+01   0.274859E+01   0.127795E+02   0.337218E+01   0.750321E+00
 0.515700E+01   0.274841E+01   0.127765E+02   0.337187E+01   0.751166E+00
 0.516600E+01   0.274822E+01   0.127721E+02   0.337156E+01   0.752010E+00
 0.517500E+01   0.274804E+01   0.127709E+02   0.337125E+01   0.752854E+00
 0.518400E+01   0.274785E+01   0.127643E+02   0.337094E+01   0.753697E+00
 0.519300E+01   0.274766E+01   0.127667E+02   0.337062E+01   0.754539E+00
 0.520200E+01   0.274747E+01   0.127583E+02   0.337030E+01   0.755380E+00
 0.521100E+01   0.274728E+01   0.127571E+02   0.336998E+01   0.756221E+00
 0.522000E+01   0.274708E+01   0.127518E+02   0.336966E+01   0.757060E+00
 0.522900E+01   0.274689E+01   0.127486E+02   0.336933E+01   0.757899E+00
 0.523800E+01   0.274669E+01   0.127470E+02   0.336900E+01   0.758738E+00
 0.524700E+01   0.274649E+01   0.127466E+02   0.336867E+01   0.759575E+00
 0.525600E+01   0.274629E+01   0.127415E+02   0.336833E+01   0.760412E+00
 0.526500E+01   0.274609E+01   0.127402E+02   0.336800E+01   0.761248E+00
 0.527400E+01   0.274589E+01   0.127331E+02   0.336766E+01   0.762083E+00
 0.528300E+01   0.274568E+01   0.127351E+02   0.336731E+01   0.762918E+00
 0.529200E+01   0.274548E+01   0.127286E+02   0.336697E+01   0.763752E+00
 0.530100E+01   0.274527E+01   0.127205E+02   0.336662E+01   0.764585E+00
 0.531000E+01   0.274506E+01   0.127215E+02   0.336627E+01   0.765417E+00
 0.531900E+01   0.274485E+01   0.127218E+02   0.336592E+01   0.766249E+00
 0.532800E+01   0.274464E+01   0.127196E+02   0.336556E+01   0.767080E+00
 0.533700E+01   0.274442E+01   0.127116E+02   0.336520E+01   0.767910E+00
 0.534600E+01   0.274421E+01   0.127146E+02   0.336484E+01   0.768739E+00
 0.535500E+01   0.274399E+01   0.127099E+02   0.336448E+01   0.769568E+00
 0.536400E+01   0.274377E+01   0.127083E+02   0.336411E+01   0.770396E+00
 0.537300E+01   0.274355E+01   0.126991E+02   0.336375E+01   0.771223E+00
 0.538200E+01   0.274333E+01   0.126993E+02   0.336338E+01   0.772049E+00
 0.539100E+01   0.274311E+01   0.126949E+02   0.336300E+01   0.772875E+00
 0.540000E+01   0.274289E+01   0.126910E+02   0.336263E+01   0.773700E+00
 0.540900E+01   0.274266E+01   0.126891E+02   0.336225E+01   0.774525E+00
 0.541800E+01   0.274244E+01   0.126895E+02   0.336187E+01   0.775348E+00
 0.542700E+01   0.274221E+01   0.126839E+02   0.336149E+01   0.776171E+00
 0.543600E+01   0.274198E+01   0.126753E+02   0.336111E+01   0.776993E+00
 0.544500E+01   0.274175E+01   0.126760E+02   0.336073E+01   0.777815E+00
 0.545400E+01   0.274152E+01   0.126707E+02   0.336034E+01   0.778636E+00
 0.546300E+01   0.274129E+01   0.126703E+02   0.335995E+01   0.779456E+00
 0.547200E+01   0.274106E+01   0.126656E+02   0.335956E+01   0.780275E+00
 0.548100E+01   0.274082E+01   0.126659E+02   0.335916E+01   0.781094E+00
 0.549000E+01   0.274059E+01   0.126577E+02   0.335877E+01   0.781912E+00
 0.549900E+01   0.274035E+01   0.126606E+02   0.335837E+01   0.782729E+00
 0.550800E+01   0.274011E+01   0.126575E+02   0.335797E+01   0.783545E+00
 0.551700E+01   0.273987E+01   0.126575E+02   0.335757E+01   0.784361E+00
 0.552600E+01   0.273963E+01   0.126485E+02   0.335717E+01   0.785176E+00
 0.553500E+01   0.273939E+01   0.126489E+02   0.335676E+01   0.785991E+00
 0.554400E+01   0.273915E+01   0.126495E+02   0.335635E+01   0.786805E+00
 0.555300E+01   0.273891E+01   0.126443E+02   0.335594E+01   0.787618E+00
 0.556200E+01   0.273866E+01   0.126420E+02   0.335553E+01   0.788430E+00
 0.557100E+01   0.273842E+01   0.126402E+02   0.335512E+01   0.789242E+00
 0.558000E+01   0.273817E+01   0.126358E+02   0.335470E+01   0.790053E+00
 0.558900E+01   0.273792E+01   0.126343E+02   0.335429E+01   0.790863E+00
 0.559800E+01   0.273767E+01   0.126296E+02   0.335387E+01   0.791673E+00
 0.560700E+01   0.273742E+01   0.126251E+02   0.335345E+01   0.792482E+00
 0.561600E+01   0.273717E+01   0.126223E+02   0.335303E+01   0.793290E+00
 0.562500E+01   0.273692E+01   0.126228E+02   0.335260E+01   0.794098E+00
 0.563400E+01   0.273667E+01   0.126119E+02   0.335218E+01   0.794905E+00
 0.564300E+01   0.273641E+01   0.126180E+02   0.335175E+01   0.795711E+00
 0.565200E+01   0.273616E+01   0.126115E+02   0.335132E+01   0.796517E+00
 0.566100E+01   0.273590E+01   0.126040E+02   0.335089E+01   0.797322E+00
 0.567000E+01   0.273565E+01   0.126064E+02   0.335046E+01   0.798126E+00
 0.567900E+01   0.273539E+01   0.126047E+02   0.335002E+01   0.798930E+00
 0.568800E+01   0.273513E+01   0.125975E+02   0.334959E+01   0.799733E+00
 0.569700E+01   0.273487E+01   0.125967E+02   0.334915E+01   0.800535E+00
 0.570600E+01   0.273461E+01   0.125903E+02   0.334871E+01   0.801337E+00
 0.571500E+01   0.273435E+01   0.125903E+02   0.334827E+01   0.802138E+00
 0.572400E+01   0.273409E+01   0.125855E+02   0.334783E+01   0.802938E+00
 0.573300E+01   0.273382E+01   0.125863E+02   0.334739E+01   0.803738E+00
 0.574200E+01   0.273356E+01   0.125845E+02   0.334694E+01   0.804537E+00
 0.575100E+01   0.273329E+01   0.125774E+02   0.334650E+01   0.805335E+00
 0.576000E+01   0.273303E+01   0.125818E+02   0.334605E+01   0.806133E+00
 0.576900E+01   0.273276E+01   0.125700E+02   0.334560E+01   0.806930E+00
 0.577800E+01   0.273249E+01   0.125679E+02   0.334515E+01   0.807726E+00
 0.578700E+01   0.273222E+01   0.125658E+02   0.334470E+01   0.808522E+00
 0.579600E+01   0.273196E+01   0.125688E+02   0.334424E+01   0.809317E+00
 0.580500E+01   0.273169E+01   0.125593E+02   0.334379E+01   0.810112E+00
 0.581400E+01   0.273142E+01   0.125600E+02   0.334333E+01   0.810905E+00
 0.582300E+01   0.273114E+01   0.125565E+02   0.334287E+01   0.811699E+00
 0.583200E+01   0.273087E+01   0.125509E+02   0.334241E+01   0.812491E+00
 0.584100E+01   0.273060E+01   0.125573E+02   0.334195E+01   0.813283E+00
 0.585000E+01   0.273032E+01   0.125477E+02   0.334149E+01   0.814075E+00
 0.585900E+01   0.273005E+01   0.125426E+02   0.334103E+01   0.814865E+00
 0.586800E+01   0.272977E+01   0.125401E+02   0.334056E+01   0.815655E+00
 0.587700E+01   0.272950E+01   0.125416E+02   0.334010E+01   0.816445E+00
 0.588600E+01   0.272922E+01   0.125423E+02   0.333963E+01   0.817233E+00
 0.589500E+01   0.272894E+01   0.125349E+02   0.333916E+01   0.818022E+00
 0.590400E+01   0.272867E+01   0.125366E+02   0.333869E+01   0.818809E+00
 0.591300E+01   0.272839E+01   0.125339E+02   0.333822E+01   0.819596E+00
 0.592200E+01   0.272811E+01   0.125314E+02   0.333775E+01   0.820382E+00
 0.593100E+01   0.272783E+01   0.125279E+02   0.333728E+01   0.821168E+00
 0.594000E+01   0.272755E+01   0.125276E+02   0.333680E+01   0.821953E+00
 0.594900E+01   0.272726E+01   0.125182E+02   0.333632E+01   0.822738E+00
 0.595800E+01   0.272698E+01   0.125140E+02   0.333585E+01   0.823521E+00
 0.596700E+01   0.272670E+01   0.125144E+02   0.333537E+01   0.824305E+00
 0.597600E+01   0.272642E+01   0.125119E+02   0.333489E+01   0.825087E+00
 0.598500E+01   0.272613E+01   0.125072E+02   0.333441E+01   0.825869E+00
 0.599400E+01   0.272585E+01   0.125081E+02   0.333393E+01   0.826651E+00
 0.600300E+01   0.272556E+01   0.125054E+02   0.333345E+01   0.827431E+00
 0.601200E+01   0.272527E+01   0.124984E+02   0.333296E+01   0.828211E+00
 0.602100E+01   0.272499E+01   0.124988E+02   0.333248E+01   0.828991E+00
 0.603000E+01   0.272470E+01   0.124965E+02   0.333199E+01   0.829770E+00
 0.603900E+01   0.272441E+01   0.124945E+02   0.333150E+01   0.830548E+00
 0.604800E+01   0.272412E+01   0.124890E+02   0.333102E+01   0.831326E+00
 0.605700E+01   0.272383E+01   0.124846E+02   0.333053E+01   0.832103E+00
 0.606600E+01   0.272354E+01   0.124828E+02   0.333004E+01   0.832880E+00
 0.607500E+01   0.272325E+01   0.124810E+02   0.332955E+01   0.833656E+00
 0.608400E+01   0.272296E+01   0.124798E+02   0.332905E+01   0.834431E+00
 0.609300E+01   0.272267E+01   0.124782E+02   0.332856E+01   0.835206E+00
 0.610200E+01   0.272238E+01   0.124791E+02   0.332807E+01   0.835980E+00
 0.611100E+01   0.272209E+01   0.124728E+02   0.332757E+01   0.836753E+00
 0.612000E+01   0.272179E+01   0.124725E+02   0.332708E+01   0.837526E+00
 0.612900E+01   0.272150E+01   0.124632E+02   0.332658E+01   0.838299E+00
 0.613800E+01   0.272121E+01   0.124647E+02   0.332608E+01   0.839070E+00
 0.614700E+01   0.272091E+01   0.124594E+02   0.332558E+01   0.839842E+00
 0.615600E+01   0.272062E+01   0.124591E+02   0.332508E+01   0.840612E+00
 0.616500E+01   0.272032E+01   0.124540E+02   0.332458E+01   0.841382E+00
 0.617400E+01   0.272002E+01   0.124602E+02   0.332408E+01   0.842152E+00
 0.618300E+01   0.271973E+01   0.124533E+02   0.332358E+01   0.842921E+00
 0.619200E+01   0.271943E+01   0.124462E+02   0.332307E+01   0.843689E+00
 0.620100E+01   0.271913E+01   0.124463E+02   0.332257E+01   0.844457E+00
 0.621000E+01   0.271883E+01   0.124405E+02   0.332207E+01   0.845224E+00
 0.621900E+01   0.271854E+01   0.124395E+02   0.332156E+01   0.845990E+00
 0.622800E+01   0.271824E+01   0.124400E+02   0.332105E+01   0.846756E+00
 0.623700E+01   0.271794E+01   0.124349E+02   0.332055E+01   0.847522E+00
 0.624600E+01   0.271764E+01   0.124326E+02   0.332004E+01   0.848287E+00
 0.625500E+01   0.271734E+01   0.124292E+02   0.331953E+01   0.849051E+00
 0.626400E+01   0.271704E+01   0.124309E+02   0.331902E+01   0.849815E+00
 0.627300E+01   0.271673E+01   0.124271E+02   0.331851E+01   0.850578E+00
 0.628200E+01   0.271643E+01   0.124204E+02   0.331800E+01   0.851340E+00
 0.629100E+01   0.271613E+01   0.124191E+02   0.331748E+01   0.852102E+00
 0.630000E+01   0.271583E+01   0.124201E+02   0.331697E+01   0.852864E+00
 0.630900E+01   0.271552E+01   0.124169E+02   0.331646E+01   0.853625E+00
 0.631800E+01   0.271522E+01   0.124158E+02   0.331594E+01   0.854385E+00
 0.632700E+01   0.271492E+01   0.124112E+02   0.331543E+01   0.855145E+00
 0.633600E+01   0.271461E+01   0.124099E+02   0.331491E+01   0.855904E+00
 0.634500E+01   0.271431E+01   0.124041E+02   0.331440E+01   0.856663E+00
 0.635400E+01   0.271400E+01   0.124025E+02   0.331388E+01   0.857421E+00
 0.636300E+01   0.271370E+01   0.123996E+02   0.331336E+01   0.858178E+00
 0.637200E+01   0.271339E+01   0.124023E+02   0.331284E+01   0.858935E+00
 0.638100E+01   0.271309E+01   0.123990E+02   0.331232E+01   0.859692E+00
 0.639000E+01   0.271278E+01   0.123922E+02   0.331180E+01   0.860447E+00
 0.639900E+01   0.271247E+01   0.123920E+02   0.331128E+01   0.861203E+00
 0.640800E+01   0.271216E+01   0.123874E+02   0.331076E+01   0.861957E+00
 0.641700E+01   0.271186E+01   0.123897E+02   0.331024E+01   0.862712E+00
 0.642600E+01   0.271155E+01   0.123903E+02   0.330972E+01   0.863465E+00
 0.643500E+01   0.271124E+01   0.123882E+02   0.330919E+01   0.864218E+00
 0.644400E+01   0.271093E+01   0.123823E+02   0.330867E+01   0.864971E+00
 0.645300E+01   0.271062E+01   0.123804E+02   0.330814E+01   0.865723E+00
 0.646200E+01   0.271031E+01   0.123813E+02   0.330762E+01   0.866475E+00
 0.647100E+01   0.271000E+01   0.123778E+02   0.330709E+01   0.867225E+00
 0.648000E+01   0.270969E+01   0.123744E+02   0.330657E+01   0.867976E+00
 0.648900E+01   0.270938E+01   0.123676E+02   0.330604E+01   0.868726E+00
 0.649800E+01   0.270907E+01   0.123625E+02   0.330551E+01   0.869475E+00
 0.650700E+01   0.270876E+01   0.123672E+02   0.330499E+01   0.870224E+00
 0.651600E+01   0.270845E+01   0.123597E+02   0.330446E+01   0.870972E+00
 0.652500E+01   0.270814E+01   0.123645E+02   0.330393E+01   0.871720E+00
 0.653400E+01   0.270783E+01   0.123584E+02   0.330340E+01   0.872467E+00
 0.654300E+01   0.270752E+01   0.123581E+02   0.330287E+01   0.873214E+00
 0.655200E+01   0.270720E+01   0.123534E+02   0.330234E+01   0.873960E+00
 0.656100E+01   0.270689E+01   0.123488E+02   0.330181E+01   0.874705E+00
 0.657000E+01   0.270658E+01   0.123437E+02   0.330128E+01   0.875451E+00
 0.657900E+01   0.270626E+01   0.123414E+02   0.330074E+01   0.876195E+00
 0.658800E+01   0.270595E+01   0.123443E+02   0.330021E+01   0.876939E+00
 0.659700E+01   0.270564E+01   0.123392E+02   0.329968E+01   0.877683E+00
 0.660600E+01   0.270532E+01   0.123387E+02   0.329915E+01   0.878426E+00
 0.661500E+01   0.270501E+01   0.123392E+02   0.329861E+01   0.879168E+00
 0.662400E+01   0.270469E+01   0.123313E+02   0.329808E+01   0.879910E+00
 0.663300E+01   0.270438E+01   0.123308E+02   0.329754E+01   0.880651E+00
 0.664200E+01   0.270407E+01   0.123317E+02   0.329701E+01   0.881392E+00
 0.665100E+01   0.270375E+01   0.123302E+02   0.329647E+01   0.882133E+00
 0.666000E+01   0.270343E+01   0.123277E+02   0.329593E+01   0.882873E+00
 0.666900E+01   0.270312E+01   0.123262E+02   0.329540E+01   0.883612E+00
 0.667800E+01   0.270280E+01   0.123230E+02   0.329486E+01   0.884351E+00
 0.668700E+01   0.270249E+01   0.123199E+02   0.329432E+01   0.885089E+00
 0.669600E+01   0.270217E+01   0.123186E+02   0.329379E+01   0.885827E+00
 0.670500E+01   0.270185E+01   0.123105E+02   0.329325E+01   0.886564E+00
 0.671400E+01   0.270154E+01   0.123095E+02   0.329271E+01   0.887301E+00
 0.672300E+01   0.270122E+01   0.123130E+02   0.329217E+01   0.888037E+00
 0.673200E+01   0.270090E+01   0.123097E+02   0.329163E+01   0.888773E+00
 0.674100E+01   0.270059E+01   0.123047E+02   0.329109E+01   0.889508E+00
 0.675000E+01   0.270027E+01   0.123063E+02   0.329055E+01   0.890243E+00
 0.675900E+01   0.269995E+01   0.123023E+02   0.329001E+01   0.890977E+00
 0.676800E+01   0.269963E+01   0.122925E+02   0.328947E+01   0.891711E+00
 0.677700E+01   0.269931E+01   0.122963E+02   0.328893E+01   0.892444E+00
 0.678600E+01   0.269900E+01   0.122892E+02   0.328839E+01   0.893177E+00
 0.679500E+01   0.269868E+01   0.122952E+02   0.328784E+01   0.893909E+00
 0.680400E+01   0.269836E+01   0.122894E+02   0.328730E+01   0.894641E+00
 0.681300E+01   0.269804E+01   0.122823E+02   0.328676E+01   0.895372E+00
 0.682200E+01   0.269772E+01   0.122847E+02   0.328622E+01   0.896103E+00
 0.683100E+01   0.269740E+01   0.122847E+02   0.328567E+01   0.896833E+00
 0.684000E+01   0.269708E+01   0.122759E+02   0.328513E+01   0.897563E+00
 0.684900E+01   0.269676E+01   0.122789E+02   0.328458E+01   0.898292E+00
 0.685800E+01   0.269644E+01   0.122729E+02   0.328404E+01   0.899021E+00
 0.686700E+01   0.269612E+01   0.122696E+02   0.328350E+01   0.899749E+00
 0.687600E+01   0.269580E+01   0.122747E+02   0.328295E+01   0.900477E+00
 0.688500E+01   0.269548E+01   0.122686E+02   0.328241E+01   0.901204E+00
 0.689400E+01   0.269516E+01   0.122697E+02   0.328186E+01   0.901931E+00
 0.690300E+01   0.269484E+01   0.122602E+02   0.328132E+01   0.902657E+00
 0.691200E+01   0.269452E+01   0.122629E+02   0.328077E+01   0.903383E+00
 0.692100E+01   0.269420E+01   0.122629E+02   0.328022E+01   0.904108E+00
 0.693000E+01   0.269388E+01   0.122606E+02   0.327968E+01   0.904833E+00
 0.693900E+01   0.269356E+01   0.122566E+02   0.327913E+01   0.905557E+00
 0.694800E+01   0.269324E+01   0.122552E+02   0.327858E+01   0.906281E+00
 0.695700E+01   0.269292E+01   0.122539E+02   0.327804E+01   0.907005E+00
 0.696600E+01   0.269259E+01   0.122499E+02   0.327749E+01   0.907727E+00
 0.697500E+01   0.269227E+01   0.122478E+02   0.327694E+01   0.908450E+00
 0.698400E+01   0.269195E+01   0.122425E+02   0.327639E+01   0.909172E+00
 0.699300E+01   0.269163E+01   0.122437E+02   0.327584E+01   0.909893E+00
 0.700200E+01   0.269131E+01   0.122356E+02   0.327530E+01   0.910614E+00
 0.701100E+01   0.269099E+01   0.122381E+02   0.327475E+01   0.911335E+00
 0.702000E+01   0.269066E+01   0.122369E+02   0.327420E+01   0.912055E+00
 0.702900E+01   0.269034E+01   0.122376E+02   0.327365E+01   0.912774E+00
 0.703800E+01   0.269002E+01   0.122263E+02   0.327310E+01   0.913493E+00
 0.704700E+01   0.268970E+01   0.122318E+02   0.327255E+01   0.914212E+00
 0.705600E+01   0.268937E+01   0.122312E+02   0.327200E+01   0.914930E+00
 0.706500E+01   0.268905E+01   0.122262E+02   0.327145E+01   0.915648E+00
 0.707400E+01   0.268873E+01   0.122264E+02   0.327090E+01   0.916365E+00
 0.708300E+01   0.268841E+01   0.122224E+02   0.327035E+01   0.917082E+00
 0.709200E+01   0.268808E+01   0.122207E+02   0.326980E+01   0.917798E+00
 0.710100E+01   0.268776E+01   0.122141E+02   0.326925E+01   0.918514E+00
 0.711000E+01   0.268744E+01   0.122181E+02   0.326870E+01   0.919229E+00
 0.711900E+01   0.268711E+01   0.122136E+02   0.326815E+01   0.919944E+00
 0.712800E+01   0.268679E+01   0.122131E+02   0.326760E+01   0.920658E+00
 0.713700E+01   0.268647E+01   0.122065E+02   0.326705E+01   0.921372E+00
 0.714600E+01   0.268614E+01   0.122063E+02   0.326650E+01   0.922086E+00
 0.715500E+01   0.268582E+01   0.122073E+02   0.326594E+01   0.922799E+00
 0.716400E+01   0.268550E+01   0.122055E+02   0.326539E+01   0.923511E+00
 0.717300E+01   0.268517E+01   0.121970E+02   0.326484E+01   0.924223E+00
 0.718200E+01   0.268485E+01   0.121944E+02   0.326429E+01   0.924935E+00
 0.719100E+01   0.268453E+01   0.121907E+02   0.326374E+01   0.925646E+00
 0.720000E+01   0.268420E+01   0.121882E+02   0.326319E+01   0.926357E+00
 0.720900E+01   0.268388E+01   0.121884E+02   0.326263E+01   0.927067E+00
 0.721800E+01   0.268356E+01   0.121858E+02   0.326208E+01   0.927777E+00
 0.722700E+01   0.268323E+01   0.121819E+02   0.326153E+01   0.928486E+00
 0.723600E+01   0.268291E+01   0.121831E+02   0.326098E+01   0.929195E+00
 0.724500E+01   0.268258E+01   0.121802E+02   0.326042E+01   0.929904E+00
 0.725400E+01   0.268226E+01   0.121801E+02   0.325987E+01   0.930612E+00
 0.726300E+01   0.268194E+01   0.121825E+02   0.325932E+01   0.931319E+00
 0.727200E+01   0.268161E+01   0.121745E+02   0.325877E+01   0.932026E+00
 0.728100E+01   0.268129E+01   0.121786E+02   0.325821E+01   0.932733E+00
 0.729000E+01   0.268096E+01   0.121679E+02   0.325766E+01   0.933439E+00
 0.729900E+01   0.268064E+01   0.121681E+02   0.325711E+01   0.934145E+00
 0.730800E+01   0.268032E+01   0.121669E+02   0.325655E+01   0.934850E+00
 0.731700E+01   0.267999E+01   0.121611E+02   0.325600E+01   0.935555E+00
 0.732600E+01   0.267967E+01   0.121649E+02   0.325545E+01   0.936259E+00
 0.733500E+01   0.267934E+01   0.121608E+02   0.325489E+01   0.936963E+00
 0.734400E+01   0.267902E+01   0.121615E+02   0.325434E+01   0.937667E+00
 0.735300E+01   0.267869E+01   0.121563E+02   0.325379E+01   0.938370E+00
 0.736200E+01   0.267837E+01   0.121606E+02   0.325323E+01   0.939072E+00
 0.737100E+01   0.267805E+01   0.121555E+02   0.325268E+01   0.939774E+00
 0.738000E+01   0.267772E+01   0.121538E+02   0.325213E+01   0.940476E+00
 0.738900E+01   0.267740E+01   0.121527E+02   0.325157E+01   0.941177E+00
 0.739800E+01   0.267707E+01   0.121512E+02   0.325102E+01   0.941878E+00
 0.740700E+01   0.267675E+01   0.121450E+02   0.325046E+01   0.942579E+00
 0.741600E+01   0.267642E+01   0.121482E+02   0.324991E+01   0.943279E+00
 0.742500E+01   0.267610E+01   0.121450E+02   0.324936E+01   0.943978E+00
 0.743400E+01   0.267577E+01   0.121424E+02   0.324880E+01   0.944677E+00
 0.744300E+01   0.267545E+01   0.121400E+02   0.324825E+01   0.945376E+00
 0.745200E+01   0.267513E+01   0.121396E+02   0.324769E+01   0.946074E+00
 0.746100E+01   0.267480E+01   0.121334E+02   0.324714E+01   0.946772E+00
 0.747000E+01   0.267448E+01   0.121349E+02   0.324659E+01   0.947470E+00
 0.747900E+01   0.267415E+01   0.121296E+02   0.324603E+01   0.948166E+00
 0.748800E+01   0.267383E+01   0.121276E+02   0.324548E+01   0.948863E+00
 0.749700E+01   0.267350E+01   0.121305E+02   0.324492E+01   0.949559E+00
 0.750600E+01   0.267318E+01   0.121277E+02   0.324437E+01   0.950255E+00
 0.751500E+01   0.267285E+01   0.121247E+02   0.324382E+01   0.950950E+00
 0.752400E+01   0.267253E+01   0.121244E+02   0.324326E+01   0.951645E+00
 0.753300E+01   0.267221E+01   0.121222E+02   0.324271E+01   0.952339E+00
 0.754200E+01   0.267188E+01   0.121180E+02   0.324215E+01   0.953033E+00
 0.755100E+01   0.267156E+01   0.121181E+02   0.324160E+01   0.953727E+00
 0.756000E+01   0.267123E+01   0.121148E+02   0.324105E+01   0.954420E+00
 0.756900E+01   0.267091E+01   0.121146E+02   0.324049E+01   0.955112E+00
 0.757800E+01   0.267058E+01   0.121037E+02   0.323994E+01   0.955805E+00
 0.758700E+01   0.267026E+01   0.121067E+02   0.323938E+01   0.956496E+00
 0.759600E+01   0.266994E+01   0.120992E+02   0.323883E+01   0.957188E+00
 0.760500E+01   0.266961E+01   0.121058E+02   0.323828E+01   0.957879E+00
 0.761400E+01   0.266929E+01   0.120956E+02   0.323772E+01   0.958569E+00
 0.762300E+01   0.266896E+01   0.120998E+02   0.323717E+01   0.959260E+00
 0.763200E+01   0.266864E+01   0.120921E+02   0.323661E+01   0.959949E+00
 0.764100E+01   0.266832E+01   0.120974E+02   0.323606E+01   0.960639E+00
 0.765000E+01   0.266799E+01   0.120883E+02   0.323551E+01   0.961328E+00
 0.765900E+01   0.266767E+01   0.120858E+02   0.323495E+01   0.962016E+00
 0.766800E+01   0.266734E+01   0.120849E+02   0.323440E+01   0.962704E+00
 0.767700E+01   0.266702E+01   0.120830E+02   0.323385E+01   0.963392E+00
 0.768600E+01   0.266670E+01   0.120810E+02   0.323329E+01   0.964079E+00
 0.769500E+01   0.266637E+01   0.120865E+02   0.323274E+01   0.964766E+00
 0.770400E+01   0.266605E+01   0.120781E+02   0.323219E+01   0.965452E+00
 0.771300E+01   0.266572E+01   0.120835E+02   0.323163E+01   0.966138E+00
 0.772200E+01   0.266540E+01   0.120814E+02   0.323108E+01   0.966824E+00
 0.773100E+01   0.266508E+01   0.120710E+02   0.323053E+01   0.967509E+00
 0.774000E+01   0.266475E+01   0.120698E+02   0.322997E+01   0.968194E+00
 0.774900E+01   0.266443E+01   0.120750E+02   0.322942E+01   0.968878E+00
 0.775800E+01   0.266411E+01   0.120661E+02   0.322887E+01   0.969562E+00
 0.776700E+01   0.266378E+01   0.120715E+02   0.322831E+01   0.970246E+00
 0.777600E+01   0.266346E+01   0.120662E+02   0.322776E+01   0.970929E+00
 0.778500E+01   0.266314E+01   0.120593E+02   0.322721E+01   0.971612E+00
 0.779400E+01   0.266281E+01   0.120619E+02   0.322666E+01   0.972294E+00
 0.780300E+01   0.266249E+01   0.120570E+02   0.322610E+01   0.972976E+00
 0.781200E+01   0.266217E+01   0.120540E+02   0.322555E+01   0.973658E+00
 0.782100E+01   0.266184E+01   0.120586E+02   0.322500E+01   0.974339E+00
 0.783000E+01   0.266152E+01   0.120575E+02   0.322445E+01   0.975019E+00
 0.783900E+01   0.266120E+01   0.120485E+02   0.322389E+01   0.975700E+00
 0.784800E+01   0.266088E+01   0.120466E+02   0.322334E+01   0.976380E+00
 0.785700E+01   0.266055E+01   0.120501E+02   0.322279E+01   0.977059E+00
 0.786600E+01   0.266023E+01   0.120433E+02   0.322224E+01   0.977738E+00
 0.787500E+01   0.265991E+01   0.120460E+02   0.322168E+01   0.978417E+00
 0.788400E+01   0.265958E+01   0.120478E+02   0.322113E+01   0.979096E+00
 0.789300E+01   0.265926E+01   0.120382E+02   0.322058E+01   0.979773E+00
 0.790200E+01   0.265894E+01   0.120363E+02   0.322003E+01   0.980451E+00
 0.791100E+01   0.265862E+01   0.120400E+02   0.321948E+01   0.981128E+00
 0.792000E+01   0.265829E+01   0.120395E+02   0.321893E+01   0.981805E+00
 0.792900E+01   0.265797E+01   0.120361E+02   0.321838E+01   0.982481E+00
 0.793800E+01   0.265765E+01   0.120358E+02   0.321782E+01   0.983157E+00
 0.794700E+01   0.265733E+01   0.120344E+02   0.321727E+01   0.983833E+00
 0.795600E+01   0.265701E+01   0.120240E+02   0.321672E+01   0.984508E+00
 0.796500E+01   0.265668E+01   0.120310E+02   0.321617E+01   0.985183E+00
 0.797400E+01   0.265636E+01   0.120289E+02   0.321562E+01   0.985857E+00
 0.798300E+01   0.265604E+01   0.120212E+02   0.321507E+01   0.986531E+00
 0.799200E+01   0.265572E+01   0.120242E+02   0.321452E+01   0.987205E+00
 0.800100E+01   0.265540E+01   0.120223E+02   0.321397E+01   0.987878E+00
 0.801000E+01   0.265508E+01   0.120128E+02   0.321342E+01   0.988551E+00
 0.801900E+01   0.265475E+01   0.120163E+02   0.321287E+01   0.989224E+00
 0.802800E+01   0.265443E+01   0.120115E+02   0.321232E+01   0.989896E+00
 0.803700E+01   0.265411E+01   0.120114E+02   0.321177E+01   0.990567E+00
 0.804600E+01   0.265379E+01   0.120086E+02   0.321122E+01   0.991239E+00
 0.805500E+01   0.265347E+01   0.120075E+02   0.321067E+01   0.991910E+00
 0.806400E+01   0.265315E+01   0.120065E+02   0.321012E+01   0.992580E+00
 0.807300E+01   0.265283E+01   0.120002E+02   0.320957E+01   0.993250E+00
 0.808200E+01   0.265251E+01   0.120044E+02   0.320902E+01   0.993920E+00
 0.809100E+01   0.265219E+01   0.120046E+02   0.320847E+01   0.994589E+00
 0.810000E+01   0.265187E+01   0.120025E+02   0.320793E+01   0.995258E+00
 0.810900E+01   0.265155E+01   0.119975E+02   0.320738E+01   0.995927E+00
 0.811800E+01   0.265122E+01   0.119957E+02   0.320683E+01   0.996595E+00
 0.812700E+01   0.265090E+01   0.119957E+02   0.320628E+01   0.997263E+00
 0.813600E+01   0.265058E+01   0.119966E+02   0.320573E+01   0.997931E+00
 0.814500E+01   0.265026E+01   0.119870E+02   0.320518E+01   0.998598E+00
 0.815400E+01   0.264994E+01   0.119855E+02   0.320464E+01   0.999265E+00
 0.816300E+01   0.264962E+01   0.119844E+02   0.320409E+01   0.999931E+00
 0.817200E+01   0.264930E+01   0.119886E+02   0.320354E+01   0.100060E+01
 0.818100E+01   0.264898E+01   0.119808E+02   0.320299E+01   0.100126E+01
 0.819000E+01   0.264867E+01   0.119854E+02   0.320245E+01   0.100193E+01
 0.819900E+01   0.264835E+01   0.119808E+02   0.320190E+01   0.100259E+01
 0.820800E+01   0.264803E+01   0.119790E+02   0.320135E+01   0.100326E+01
 0.821700E+01   0.264771E+01   0.119729E+02   0.320081E+01   0.100392E+01
 0.822600E+01   0.264739E+01   0.119767E+02   0.320026E+01   0.100459E+01
 0.823500E+01   0.264707E+01   0.119728E+02   0.319971E+01   0.100525E+01
 0.824400E+01   0.264675E+01   0.119752E+02   0.319917E+01   0.100591E+01
 0.825300E+01   0.264643E+01   0.119670E+02   0.319862E+01   0.100657E+01
 0.826200E+01   0.264611E+01   0.119730E+02   0.319808E+01   0.100724E+01
 0.827100E+01   0.264579E+01   0.119687E+02   0.319753E+01   0.100790E+01
 0.828000E+01   0.264548E+01   0.119624E+02   0.319699E+01   0.100856E+01
 0.828900E+01   0.264516E+01   0.119636E+02   0.319644E+01   0.100922E+01
 0.829800E+01   0.264484E+01   0.119591E+02   0.319590E+01   0.100988E+01
 0.830700E+01   0.264452E+01   0.119602E+02   0.319535E+01   0.101054E+01
 0.831600E+01   0.264420E+01   0.119557E+02   0.319481E+01   0.101120E+01
 0.832500E+01   0.264388E+01   0.119584E+02   0.319426E+01   0.101186E+01
 0.833400E+01   0.264357E+01   0.119531E+02   0.319372E+01   0.101252E+01
 0.834300E+01   0.264325E+01   0.119479E+02   0.319317E+01   0.101318E+01
 0.835200E+01   0.264293E+01   0.119517E+02   0.319263E+01   0.101384E+01
 0.836100E+01   0.264261E+01   0.119541E+02   0.319209E+01   0.101450E+01
 0.837000E+01   0.264230E+01   0.119426E+02   0.319154E+01   0.101516E+01
 0.837900E+01   0.264198E+01   0.119409E+02   0.319100E+01   0.101581E+01
 0.838800E+01   0.264166E+01   0.119450E+02   0.319046E+01   0.101647E+01
 0.839700E+01   0.264135E+01   0.119454E+02   0.318991E+01   0.101713E+01
 0.840600E+01   0.264103E+01   0.119455E+02   0.318937E+01   0.101778E+01
 0.841500E+01   0.264071E+01   0.119361E+02   0.318883E+01   0.101844E+01
 0.842400E+01   0.264040E+01   0.119353E+02   0.318828E+01   0.101910E+01
 0.843300E+01   0.264008E+01   0.119312E+02   0.318774E+01   0.101975E+01
 0.844200E+01   0.263976E+01   0.119386E+02   0.318720E+01   0.102041E+01
 0.845100E+01   0.263945E+01   0.119353E+02   0.318666E+01   0.102106E+01
 0.846000E+01   0.263913E+01   0.119339E+02   0.318612E+01   0.102171E+01
 0.846900E+01   0.263881E+01   0.119271E+02   0.318558E+01   0.102237E+01
 0.847800E+01   0.263850E+01   0.119228E+02   0.318503E+01   0.102302E+01
 0.848700E+01   0.263818E+01   0.119252E+02   0.318449E+01   0.102368E+01
 0.849600E+01   0.263787E+01   0.119285E+02   0.318395E+01   0.102433E+01
 0.850500E+01   0.263755E+01   0.119183E+02   0.318341E+01   0.102498E+01
 0.851400E+01   0.263724E+01   0.119179E+02   0.318287E+01   0.102563E+01
 0.852300E+01   0.263692E+01   0.119192E+02   0.318233E+01   0.102628E+01
 0.853200E+01   0.263661E+01   0.119199E+02   0.318179E+01   0.102694E+01
 0.854100E+01   0.263629E+01   0.119111E+02   0.318125E+01   0.102759E+01
 0.855000E+01   0.263598E+01   0.119120E+02   0.318071E+01   0.102824E+01
 0.855900E+01   0.263566E+01   0.119113E+02   0.318017E+01   0.102889E+01
 0.856800E+01   0.263535E+01   0.119114E+02   0.317964E+01   0.102954E+01
 0.857700E+01   0.263503E+01   0.119041E+02   0.317910E+01   0.103019E+01
 0.858600E+01   0.263472E+01   0.119073E+02   0.317856E+01   0.103084E+01
 0.859500E+01   0.263440E+01   0.119037E+02   0.317802E+01   0.103149E+01
 0.860400E+01   0.263409E+01   0.119070E+02   0.317748E+01   0.103214E+01
 0.861300E+01   0.263378E+01   0.119046E+02   0.317694E+01   0.103278E+01
 0.862200E+01   0.263346E+01   0.119036E+02   0.317641E+01   0.103343E+01
 0.863100E+01   0.263315E+01   0.118987E+02   0.317587E+01   0.103408E+01
 0.864000E+01   0.263284E+01   0.118962E+02   0.317533E+01   0.103473E+01
 0.864900E+01   0.263252E+01   0.118993E+02   0.317480E+01   0.103537E+01
 0.865800E+01   0.263221E+01   0.118931E+02   0.317426E+01   0.103602E+01
 0.866700E+01   0.263190E+01   0.118960E+02   0.317372E+01   0.103667E+01
 0.867600E+01   0.263158E+01   0.118864E+02   0.317319E+01   0.103731E+01
 0.868500E+01   0.263127E+01   0.118929E+02   0.317265E+01   0.103796E+01
 0.869400E+01   0.263096E+01   0.118860E+02   0.317211E+01   0.103860E+01
 0.870300E+01   0.263065E+01   0.118860E+02   0.317158E+01   0.103925E+01
 0.871200E+01   0.263033E+01   0.118855E+02   0.317104E+01   0.103989E+01
 0.872100E+01   0.263002E+01   0.118810E+02   0.317051E+01   0.104054E+01
 0.873000E+01   0.262971E+01   0.118832E+02   0.316997E+01   0.104118E+01
 0.873900E+01   0.262940E+01   0.118789E+02   0.316944E+01   0.104182E+01
 0.874800E+01   0.262909E+01   0.118773E+02   0.316891E+01   0.104247E+01
 0.875700E+01   0.262877E+01   0.118730E+02   0.316837E+01   0.104311E+01
 0.876600E+01   0.262846E+01   0.118742E+02   0.316784E+01   0.104375E+01
 0.877500E+01   0.262815E+01   0.118700E+02   0.316730E+01   0.104440E+01
 0.878400E+01   0.262784E+01   0.118724E+02   0.316677E+01   0.104504E+01
 0.879300E+01   0.262753E+01   0.118654E+02   0.316624E+01   0.104568E+01
 0.880200E+01   0.262722E+01   0.118686E+02   0.316570E+01   0.104632E+01
 0.881100E+01   0.262691E+01   0.118690E+02   0.316517E+01   0.104696E+01
 0.882000E+01   0.262660E+01   0.118649E+02   0.316464E+01   0.104760E+01
 0.882900E+01   0.262629E+01   0.118646E+02   0.316411E+01   0.104824E+01
 0.883800E+01   0.262598E+01   0.118609E+02   0.316358E+01   0.104888E+01
 0.884700E+01   0.262567E+01   0.118596E+02   0.316304E+01   0.104952E+01
 0.885600E+01   0.262536E+01   0.118626E+02   0.316251E+01   0.105016E+01
 0.886500E+01   0.262505E+01   0.118605E+02   0.316198E+01   0.105080E+01
 0.887400E+01   0.262474E+01   0.118516E+02   0.316145E+01   0.105144E+01
 0.888300E+01   0.262443E+01   0.118505E+02   0.316092E+01   0.105208E+01
 0.889200E+01   0.262412E+01   0.118492E+02   0.316039E+01   0.105271E+01
 0.890100E+01   0.262381E+01   0.118509E+02   0.315986E+01   0.105335E+01
 0.891000E+01   0.262350E+01   0.118528E+02   0.315933E+01   0.105399E+01
 0.891900E+01   0.262319E+01   0.118496E+02   0.315880E+01   0.105463E+01
 0.892800E+01   0.262288E+01   0.118480E+02   0.315827E+01   0.105526E+01
 0.893700E+01   0.262257E+01   0.118424E+02   0.315774E+01   0.105590E+01
 0.894600E+01   0.262227E+01   0.118416E+02   0.315721E+01   0.105653E+01
 0.895500E+01   0.262196E+01   0.118379E+02   0.315668E+01   0.105717E+01
 0.896400E+01   0.262165E+01   0.118361E+02   0.315616E+01   0.105781E+01
 0.897300E+01   0.262134E+01   0.118428E+02   0.315563E+01   0.105844E+01
 0.898200E+01   0.262103E+01   0.118366E+02   0.315510E+01   0.105908E+01
 0.899100E+01   0.262073E+01   0.118354E+02   0.315457E+01   0.105971E+01
