 0.000000E+00   0.112058E+01   0.798514E-01   0.226235E+00   0.226235E+00
 0.100761E-01   0.112058E+01   0.798513E-01   0.226235E+00   0.226235E+00
 0.204312E-01   0.112058E+01   0.798510E-01   0.226235E+00   0.226235E+00
 0.304924E-01   0.112058E+01   0.798506E-01   0.226234E+00   0.226235E+00
 0.409079E-01   0.112057E+01   0.798499E-01   0.226234E+00   0.226235E+00
 0.515785E-01   0.112057E+01   0.798490E-01   0.226233E+00   0.226235E+00
 0.619331E-01   0.112056E+01   0.798480E-01   0.226232E+00   0.226235E+00
 0.724462E-01   0.112056E+01   0.798467E-01   0.226231E+00   0.226235E+00
 0.828721E-01   0.112055E+01   0.798453E-01   0.226230E+00   0.226235E+00
 0.929844E-01   0.112054E+01   0.798437E-01   0.226228E+00   0.226235E+00
 0.103810E+00   0.112054E+01   0.798418E-01   0.226227E+00   0.226235E+00
 0.114040E+00   0.112053E+01   0.798398E-01   0.226225E+00   0.226235E+00
 0.124855E+00   0.112052E+01   0.798375E-01   0.226223E+00   0.226235E+00
 0.136261E+00   0.112050E+01   0.798349E-01   0.226221E+00   0.226235E+00
 0.146742E+00   0.112049E+01   0.798322E-01   0.226218E+00   0.226235E+00
 0.157692E+00   0.112048E+01   0.798292E-01   0.226216E+00   0.226235E+00
 0.169119E+00   0.112046E+01   0.798259E-01   0.226213E+00   0.226235E+00
 0.179299E+00   0.112045E+01   0.798228E-01   0.226210E+00   0.226235E+00
 0.189839E+00   0.112043E+01   0.798193E-01   0.226207E+00   0.226235E+00
 0.200740E+00   0.112042E+01   0.798155E-01   0.226204E+00   0.226235E+00
 0.212017E+00   0.112040E+01   0.798113E-01   0.226201E+00   0.226235E+00
 0.223661E+00   0.112038E+01   0.798068E-01   0.226197E+00   0.226235E+00
 0.235681E+00   0.112035E+01   0.798019E-01   0.226192E+00   0.226235E+00
 0.245989E+00   0.112033E+01   0.797975E-01   0.226189E+00   0.226235E+00
 0.256562E+00   0.112031E+01   0.797927E-01   0.226185E+00   0.226235E+00
 0.267404E+00   0.112029E+01   0.797877E-01   0.226180E+00   0.226235E+00
 0.278517E+00   0.112027E+01   0.797823E-01   0.226176E+00   0.226235E+00
 0.289901E+00   0.112024E+01   0.797765E-01   0.226171E+00   0.226235E+00
 0.301564E+00   0.112021E+01   0.797704E-01   0.226165E+00   0.226235E+00
 0.313500E+00   0.112018E+01   0.797638E-01   0.226160E+00   0.226235E+00
 0.325716E+00   0.112015E+01   0.797569E-01   0.226154E+00   0.226235E+00
 0.338213E+00   0.112012E+01   0.797495E-01   0.226147E+00   0.226235E+00
 0.348413E+00   0.112009E+01   0.797432E-01   0.226142E+00   0.226235E+00
 0.358800E+00   0.112006E+01   0.797367E-01   0.226136E+00   0.226235E+00
 0.369368E+00   0.112003E+01   0.797298E-01   0.226131E+00   0.226235E+00
 0.380121E+00   0.111999E+01   0.797227E-01   0.226124E+00   0.226235E+00
 0.391060E+00   0.111996E+01   0.797151E-01   0.226118E+00   0.226235E+00
 0.402184E+00   0.111992E+01   0.797073E-01   0.226111E+00   0.226235E+00
 0.413500E+00   0.111989E+01   0.796991E-01   0.226104E+00   0.226235E+00
 0.425004E+00   0.111985E+01   0.796905E-01   0.226097E+00   0.226235E+00
 0.436699E+00   0.111981E+01   0.796815E-01   0.226089E+00   0.226235E+00
 0.448583E+00   0.111976E+01   0.796721E-01   0.226081E+00   0.226235E+00
 0.460657E+00   0.111972E+01   0.796624E-01   0.226073E+00   0.226235E+00
 0.472922E+00   0.111967E+01   0.796522E-01   0.226064E+00   0.226235E+00
 0.485383E+00   0.111962E+01   0.796415E-01   0.226055E+00   0.226235E+00
 0.498040E+00   0.111957E+01   0.796304E-01   0.226045E+00   0.226235E+00
 0.510894E+00   0.111952E+01   0.796189E-01   0.226035E+00   0.226235E+00
 0.523942E+00   0.111946E+01   0.796069E-01   0.226025E+00   0.226235E+00
 0.537189E+00   0.111941E+01   0.795944E-01   0.226014E+00   0.226235E+00
 0.547256E+00   0.111936E+01   0.795847E-01   0.226006E+00   0.226235E+00
 0.557433E+00   0.111932E+01   0.795747E-01   0.225997E+00   0.226235E+00
 0.567723E+00   0.111927E+01   0.795644E-01   0.225988E+00   0.226235E+00
 0.578124E+00   0.111922E+01   0.795537E-01   0.225979E+00   0.226235E+00
 0.588640E+00   0.111917E+01   0.795428E-01   0.225970E+00   0.226235E+00
 0.599270E+00   0.111912E+01   0.795316E-01   0.225960E+00   0.226235E+00
 0.610014E+00   0.111907E+01   0.795200E-01   0.225950E+00   0.226235E+00
 0.620875E+00   0.111901E+01   0.795081E-01   0.225940E+00   0.226235E+00
 0.631847E+00   0.111896E+01   0.794959E-01   0.225929E+00   0.226235E+00
 0.642932E+00   0.111890E+01   0.794834E-01   0.225918E+00   0.226235E+00
 0.654137E+00   0.111884E+01   0.794704E-01   0.225907E+00   0.226235E+00
 0.665458E+00   0.111878E+01   0.794571E-01   0.225896E+00   0.226235E+00
 0.676893E+00   0.111872E+01   0.794435E-01   0.225884E+00   0.226235E+00
 0.688447E+00   0.111865E+01   0.794295E-01   0.225872E+00   0.226235E+00
 0.700115E+00   0.111859E+01   0.794151E-01   0.225860E+00   0.226235E+00
 0.711902E+00   0.111852E+01   0.794003E-01   0.225847E+00   0.226235E+00
 0.723806E+00   0.111845E+01   0.793851E-01   0.225834E+00   0.226235E+00
 0.735831E+00   0.111838E+01   0.793695E-01   0.225820E+00   0.226235E+00
 0.747970E+00   0.111831E+01   0.793535E-01   0.225806E+00   0.226235E+00
 0.760232E+00   0.111823E+01   0.793370E-01   0.225792E+00   0.226235E+00
 0.772613E+00   0.111815E+01   0.793202E-01   0.225778E+00   0.226235E+00
 0.785111E+00   0.111807E+01   0.793029E-01   0.225763E+00   0.226235E+00
 0.797731E+00   0.111799E+01   0.792851E-01   0.225747E+00   0.226235E+00
 0.810472E+00   0.111791E+01   0.792669E-01   0.225732E+00   0.226235E+00
 0.823333E+00   0.111782E+01   0.792483E-01   0.225716E+00   0.226235E+00
 0.836314E+00   0.111774E+01   0.792291E-01   0.225699E+00   0.226235E+00
 0.849418E+00   0.111765E+01   0.792095E-01   0.225682E+00   0.226235E+00
 0.862643E+00   0.111755E+01   0.791894E-01   0.225665E+00   0.226235E+00
 0.875988E+00   0.111746E+01   0.791688E-01   0.225647E+00   0.226235E+00
 0.889456E+00   0.111736E+01   0.791477E-01   0.225629E+00   0.226235E+00
 0.903048E+00   0.111726E+01   0.791261E-01   0.225610E+00   0.226235E+00
 0.916760E+00   0.111716E+01   0.791039E-01   0.225591E+00   0.226235E+00
 0.930595E+00   0.111706E+01   0.790813E-01   0.225571E+00   0.226235E+00
 0.944555E+00   0.111695E+01   0.790580E-01   0.225551E+00   0.226235E+00
 0.958637E+00   0.111684E+01   0.790343E-01   0.225530E+00   0.226235E+00
 0.972846E+00   0.111673E+01   0.790099E-01   0.225509E+00   0.226235E+00
 0.987176E+00   0.111662E+01   0.789850E-01   0.225488E+00   0.226235E+00
 0.100163E+01   0.111650E+01   0.789595E-01   0.225466E+00   0.226235E+00
 0.101621E+01   0.111638E+01   0.789334E-01   0.225443E+00   0.226235E+00
 0.103092E+01   0.111626E+01   0.789068E-01   0.225420E+00   0.226235E+00
 0.104575E+01   0.111613E+01   0.788795E-01   0.225396E+00   0.226235E+00
 0.106071E+01   0.111600E+01   0.788516E-01   0.225372E+00   0.226235E+00
 0.107075E+01   0.111592E+01   0.788326E-01   0.225356E+00   0.226235E+00
 0.108085E+01   0.111583E+01   0.788134E-01   0.225339E+00   0.226235E+00
 0.109100E+01   0.111574E+01   0.787938E-01   0.225322E+00   0.226235E+00
 0.110121E+01   0.111565E+01   0.787740E-01   0.225305E+00   0.226235E+00
 0.111148E+01   0.111555E+01   0.787539E-01   0.225287E+00   0.226235E+00
 0.112180E+01   0.111546E+01   0.787335E-01   0.225269E+00   0.226235E+00
 0.113218E+01   0.111536E+01   0.787128E-01   0.225251E+00   0.226235E+00
 0.114262E+01   0.111527E+01   0.786918E-01   0.225233E+00   0.226235E+00
 0.115311E+01   0.111517E+01   0.786704E-01   0.225215E+00   0.226235E+00
 0.116366E+01   0.111507E+01   0.786488E-01   0.225196E+00   0.226235E+00
 0.117426E+01   0.111497E+01   0.786269E-01   0.225177E+00   0.226235E+00
 0.118493E+01   0.111487E+01   0.786046E-01   0.225157E+00   0.226235E+00
 0.119565E+01   0.111476E+01   0.785820E-01   0.225138E+00   0.226235E+00
 0.120643E+01   0.111466E+01   0.785591E-01   0.225118E+00   0.226235E+00
 0.121726E+01   0.111455E+01   0.785359E-01   0.225098E+00   0.226235E+00
 0.122815E+01   0.111444E+01   0.785124E-01   0.225077E+00   0.226235E+00
 0.123910E+01   0.111433E+01   0.784885E-01   0.225056E+00   0.226235E+00
 0.125011E+01   0.111422E+01   0.784643E-01   0.225035E+00   0.226235E+00
 0.126118E+01   0.111410E+01   0.784397E-01   0.225014E+00   0.226235E+00
 0.127230E+01   0.111399E+01   0.784148E-01   0.224992E+00   0.226235E+00
 0.128348E+01   0.111387E+01   0.783896E-01   0.224970E+00   0.226235E+00
 0.129472E+01   0.111375E+01   0.783640E-01   0.224948E+00   0.226235E+00
 0.130602E+01   0.111363E+01   0.783380E-01   0.224925E+00   0.226235E+00
 0.131737E+01   0.111351E+01   0.783117E-01   0.224902E+00   0.226235E+00
 0.132878E+01   0.111339E+01   0.782851E-01   0.224879E+00   0.226235E+00
 0.134025E+01   0.111326E+01   0.782580E-01   0.224855E+00   0.226235E+00
 0.135178E+01   0.111314E+01   0.782306E-01   0.224831E+00   0.226235E+00
 0.136336E+01   0.111301E+01   0.782029E-01   0.224807E+00   0.226235E+00
 0.137501E+01   0.111288E+01   0.781747E-01   0.224782E+00   0.226235E+00
 0.138671E+01   0.111275E+01   0.781462E-01   0.224757E+00   0.226235E+00
 0.139847E+01   0.111261E+01   0.781173E-01   0.224732E+00   0.226235E+00
 0.141029E+01   0.111248E+01   0.780881E-01   0.224706E+00   0.226235E+00
 0.142217E+01   0.111234E+01   0.780584E-01   0.224680E+00   0.226235E+00
 0.143410E+01   0.111220E+01   0.780284E-01   0.224654E+00   0.226235E+00
 0.144610E+01   0.111206E+01   0.779979E-01   0.224628E+00   0.226235E+00
 0.145815E+01   0.111191E+01   0.779671E-01   0.224600E+00   0.226235E+00
 0.147026E+01   0.111177E+01   0.779358E-01   0.224573E+00   0.226235E+00
 0.148243E+01   0.111162E+01   0.779042E-01   0.224545E+00   0.226235E+00
 0.149466E+01   0.111147E+01   0.778721E-01   0.224517E+00   0.226235E+00
 0.150695E+01   0.111132E+01   0.778396E-01   0.224489E+00   0.226235E+00
 0.151930E+01   0.111117E+01   0.778067E-01   0.224460E+00   0.226235E+00
 0.153170E+01   0.111101E+01   0.777734E-01   0.224431E+00   0.226235E+00
 0.154416E+01   0.111086E+01   0.777397E-01   0.224401E+00   0.226235E+00
 0.155669E+01   0.111070E+01   0.777055E-01   0.224371E+00   0.226235E+00
 0.156927E+01   0.111054E+01   0.776709E-01   0.224340E+00   0.226235E+00
 0.158192E+01   0.111037E+01   0.776359E-01   0.224310E+00   0.226235E+00
 0.159462E+01   0.111021E+01   0.776004E-01   0.224278E+00   0.226235E+00
 0.160738E+01   0.111004E+01   0.775645E-01   0.224247E+00   0.226235E+00
 0.162020E+01   0.110987E+01   0.775281E-01   0.224215E+00   0.226235E+00
 0.163308E+01   0.110970E+01   0.774913E-01   0.224182E+00   0.226235E+00
 0.164602E+01   0.110952E+01   0.774541E-01   0.224149E+00   0.226235E+00
 0.165902E+01   0.110935E+01   0.774163E-01   0.224116E+00   0.226235E+00
 0.167208E+01   0.110917E+01   0.773781E-01   0.224082E+00   0.226235E+00
 0.168519E+01   0.110899E+01   0.773395E-01   0.224048E+00   0.226235E+00
 0.169837E+01   0.110881E+01   0.773004E-01   0.224014E+00   0.226235E+00
 0.171161E+01   0.110862E+01   0.772608E-01   0.223979E+00   0.226235E+00
 0.172490E+01   0.110843E+01   0.772207E-01   0.223943E+00   0.226235E+00
 0.173826E+01   0.110824E+01   0.771801E-01   0.223907E+00   0.226235E+00
 0.175168E+01   0.110805E+01   0.771391E-01   0.223871E+00   0.226235E+00
 0.176515E+01   0.110786E+01   0.770976E-01   0.223834E+00   0.226235E+00
 0.177869E+01   0.110766E+01   0.770555E-01   0.223797E+00   0.226235E+00
 0.179229E+01   0.110746E+01   0.770130E-01   0.223759E+00   0.226235E+00
 0.180594E+01   0.110726E+01   0.769700E-01   0.223721E+00   0.226235E+00
 0.181966E+01   0.110705E+01   0.769264E-01   0.223683E+00   0.226235E+00
 0.183343E+01   0.110685E+01   0.768824E-01   0.223644E+00   0.226235E+00
 0.184726E+01   0.110664E+01   0.768379E-01   0.223604E+00   0.226235E+00
 0.186116E+01   0.110643E+01   0.767928E-01   0.223564E+00   0.226235E+00
 0.187512E+01   0.110621E+01   0.767472E-01   0.223523E+00   0.226235E+00
 0.188913E+01   0.110599E+01   0.767011E-01   0.223482E+00   0.226235E+00
 0.190321E+01   0.110577E+01   0.766544E-01   0.223441E+00   0.226235E+00
 0.191735E+01   0.110555E+01   0.766072E-01   0.223399E+00   0.226235E+00
 0.193155E+01   0.110533E+01   0.765595E-01   0.223356E+00   0.226235E+00
 0.194581E+01   0.110510E+01   0.765112E-01   0.223313E+00   0.226235E+00
 0.196013E+01   0.110487E+01   0.764624E-01   0.223270E+00   0.226235E+00
 0.197450E+01   0.110464E+01   0.764130E-01   0.223226E+00   0.226235E+00
 0.198894E+01   0.110440E+01   0.763631E-01   0.223181E+00   0.226235E+00
 0.200344E+01   0.110416E+01   0.763126E-01   0.223136E+00   0.226235E+00
 0.201800E+01   0.110392E+01   0.762616E-01   0.223091E+00   0.226235E+00
 0.203262E+01   0.110368E+01   0.762100E-01   0.223044E+00   0.226235E+00
 0.204730E+01   0.110343E+01   0.761578E-01   0.222998E+00   0.226235E+00
 0.206204E+01   0.110318E+01   0.761050E-01   0.222950E+00   0.226235E+00
 0.207684E+01   0.110293E+01   0.760517E-01   0.222903E+00   0.226235E+00
 0.209171E+01   0.110267E+01   0.759978E-01   0.222854E+00   0.226235E+00
 0.210663E+01   0.110241E+01   0.759433E-01   0.222805E+00   0.226235E+00
 0.212162E+01   0.110215E+01   0.758882E-01   0.222756E+00   0.226235E+00
 0.213666E+01   0.110189E+01   0.758325E-01   0.222706E+00   0.226235E+00
 0.215177E+01   0.110162E+01   0.757762E-01   0.222655E+00   0.226235E+00
 0.216694E+01   0.110135E+01   0.757193E-01   0.222604E+00   0.226235E+00
 0.218216E+01   0.110107E+01   0.756617E-01   0.222552E+00   0.226235E+00
 0.219745E+01   0.110080E+01   0.756036E-01   0.222500E+00   0.226235E+00
 0.221280E+01   0.110052E+01   0.755449E-01   0.222447E+00   0.226235E+00
 0.222821E+01   0.110023E+01   0.754855E-01   0.222394E+00   0.226235E+00
 0.224368E+01   0.109995E+01   0.754255E-01   0.222339E+00   0.226235E+00
 0.225921E+01   0.109966E+01   0.753649E-01   0.222285E+00   0.226235E+00
 0.227481E+01   0.109937E+01   0.753037E-01   0.222229E+00   0.226235E+00
 0.229046E+01   0.109907E+01   0.752418E-01   0.222173E+00   0.226235E+00
 0.230617E+01   0.109877E+01   0.751793E-01   0.222117E+00   0.226235E+00
 0.232194E+01   0.109847E+01   0.751161E-01   0.222059E+00   0.226235E+00
 0.233778E+01   0.109816E+01   0.750523E-01   0.222002E+00   0.226235E+00
 0.235367E+01   0.109785E+01   0.749878E-01   0.221943E+00   0.226235E+00
 0.236963E+01   0.109754E+01   0.749227E-01   0.221884E+00   0.226235E+00
 0.238564E+01   0.109723E+01   0.748569E-01   0.221824E+00   0.226235E+00
 0.240172E+01   0.109691E+01   0.747904E-01   0.221764E+00   0.226235E+00
 0.241786E+01   0.109658E+01   0.747233E-01   0.221703E+00   0.226235E+00
 0.243406E+01   0.109626E+01   0.746555E-01   0.221641E+00   0.226235E+00
 0.245032E+01   0.109593E+01   0.745870E-01   0.221578E+00   0.226235E+00
 0.246664E+01   0.109559E+01   0.745178E-01   0.221515E+00   0.226235E+00
 0.248302E+01   0.109526E+01   0.744479E-01   0.221452E+00   0.226235E+00
 0.249947E+01   0.109492E+01   0.743774E-01   0.221387E+00   0.226235E+00
 0.251597E+01   0.109457E+01   0.743061E-01   0.221322E+00   0.226235E+00
 0.253253E+01   0.109422E+01   0.742342E-01   0.221256E+00   0.226235E+00
 0.254916E+01   0.109387E+01   0.741615E-01   0.221189E+00   0.226235E+00
 0.256585E+01   0.109352E+01   0.740882E-01   0.221122E+00   0.226235E+00
 0.258259E+01   0.109316E+01   0.740141E-01   0.221054E+00   0.226235E+00
 0.259940E+01   0.109280E+01   0.739393E-01   0.220985E+00   0.226235E+00
 0.261635E+01   0.109243E+01   0.738634E-01   0.220916E+00   0.226235E+00
 0.263329E+01   0.109206E+01   0.737871E-01   0.220846E+00   0.226235E+00
 0.265028E+01   0.109168E+01   0.737102E-01   0.220775E+00   0.226235E+00
 0.266733E+01   0.109130E+01   0.736325E-01   0.220703E+00   0.226235E+00
 0.268445E+01   0.109092E+01   0.735540E-01   0.220631E+00   0.226235E+00
 0.270162E+01   0.109054E+01   0.734748E-01   0.220557E+00   0.226235E+00
 0.271886E+01   0.109015E+01   0.733949E-01   0.220483E+00   0.226235E+00
 0.273615E+01   0.108975E+01   0.733142E-01   0.220409E+00   0.226235E+00
 0.275351E+01   0.108935E+01   0.732328E-01   0.220333E+00   0.226235E+00
 0.277092E+01   0.108895E+01   0.731506E-01   0.220257E+00   0.226235E+00
 0.278840E+01   0.108855E+01   0.730676E-01   0.220180E+00   0.226235E+00
 0.280594E+01   0.108813E+01   0.729839E-01   0.220102E+00   0.226235E+00
 0.282354E+01   0.108772E+01   0.728994E-01   0.220024E+00   0.226235E+00
 0.284120E+01   0.108730E+01   0.728142E-01   0.219944E+00   0.226235E+00
 0.285892E+01   0.108688E+01   0.727281E-01   0.219864E+00   0.226235E+00
 0.287670E+01   0.108645E+01   0.726413E-01   0.219783E+00   0.226235E+00
 0.289454E+01   0.108602E+01   0.725537E-01   0.219701E+00   0.226235E+00
 0.291244E+01   0.108558E+01   0.724653E-01   0.219619E+00   0.226235E+00
 0.293040E+01   0.108514E+01   0.723762E-01   0.219535E+00   0.226235E+00
 0.294842E+01   0.108470E+01   0.722862E-01   0.219451E+00   0.226235E+00
 0.296650E+01   0.108425E+01   0.721954E-01   0.219366E+00   0.226235E+00
 0.298465E+01   0.108380E+01   0.721038E-01   0.219280E+00   0.226235E+00
 0.300285E+01   0.108334E+01   0.720114E-01   0.219193E+00   0.226235E+00
 0.302111E+01   0.108288E+01   0.719182E-01   0.219105E+00   0.226235E+00
 0.303944E+01   0.108241E+01   0.718242E-01   0.219016E+00   0.226235E+00
 0.305782E+01   0.108194E+01   0.717294E-01   0.218927E+00   0.226235E+00
 0.307626E+01   0.108146E+01   0.716338E-01   0.218837E+00   0.226235E+00
 0.309476E+01   0.108098E+01   0.715373E-01   0.218745E+00   0.226235E+00
 0.311332E+01   0.108050E+01   0.714400E-01   0.218653E+00   0.226235E+00
 0.313194E+01   0.108000E+01   0.713419E-01   0.218560E+00   0.226235E+00
 0.315063E+01   0.107951E+01   0.712429E-01   0.218466E+00   0.226235E+00
 0.316937E+01   0.107901E+01   0.711431E-01   0.218371E+00   0.226235E+00
 0.318817E+01   0.107851E+01   0.710425E-01   0.218276E+00   0.226235E+00
 0.320703E+01   0.107800E+01   0.709410E-01   0.218179E+00   0.226235E+00
 0.322595E+01   0.107748E+01   0.708386E-01   0.218081E+00   0.226235E+00
 0.324493E+01   0.107696E+01   0.707354E-01   0.217983E+00   0.226235E+00
 0.326397E+01   0.107644E+01   0.706314E-01   0.217883E+00   0.226235E+00
 0.328307E+01   0.107591E+01   0.705265E-01   0.217783E+00   0.226235E+00
 0.330223E+01   0.107538E+01   0.704207E-01   0.217681E+00   0.226235E+00
 0.332144E+01   0.107484E+01   0.703140E-01   0.217579E+00   0.226235E+00
 0.334072E+01   0.107429E+01   0.702065E-01   0.217475E+00   0.226235E+00
 0.336005E+01   0.107374E+01   0.700982E-01   0.217371E+00   0.226235E+00
 0.337945E+01   0.107319E+01   0.699889E-01   0.217266E+00   0.226235E+00
 0.339890E+01   0.107263E+01   0.698788E-01   0.217159E+00   0.226235E+00
 0.341841E+01   0.107206E+01   0.697677E-01   0.217052E+00   0.226235E+00
 0.343799E+01   0.107149E+01   0.696558E-01   0.216943E+00   0.226235E+00
 0.345762E+01   0.107092E+01   0.695430E-01   0.216834E+00   0.226235E+00
 0.347731E+01   0.107034E+01   0.694294E-01   0.216724E+00   0.226235E+00
 0.349706E+01   0.106975E+01   0.693148E-01   0.216612E+00   0.226235E+00
 0.351686E+01   0.106916E+01   0.691993E-01   0.216500E+00   0.226235E+00
 0.353673E+01   0.106856E+01   0.690829E-01   0.216386E+00   0.226235E+00
 0.355665E+01   0.106796E+01   0.689657E-01   0.216271E+00   0.226235E+00
 0.357664E+01   0.106735E+01   0.688475E-01   0.216156E+00   0.226235E+00
 0.358665E+01   0.106705E+01   0.687880E-01   0.216098E+00   0.226235E+00
 0.359667E+01   0.106674E+01   0.687284E-01   0.216039E+00   0.226235E+00
 0.360672E+01   0.106643E+01   0.686685E-01   0.215980E+00   0.226235E+00
 0.361717E+01   0.106611E+01   0.686060E-01   0.215919E+00   0.226235E+00
 0.362725E+01   0.106580E+01   0.685456E-01   0.215860E+00   0.226235E+00
 0.363734E+01   0.106548E+01   0.684850E-01   0.215800E+00   0.226235E+00
 0.364745E+01   0.106517E+01   0.684241E-01   0.215740E+00   0.226235E+00
 0.365757E+01   0.106485E+01   0.683631E-01   0.215680E+00   0.226235E+00
 0.366771E+01   0.106453E+01   0.683018E-01   0.215620E+00   0.226235E+00
 0.367786E+01   0.106422E+01   0.682402E-01   0.215559E+00   0.226235E+00
 0.368802E+01   0.106390E+01   0.681785E-01   0.215498E+00   0.226235E+00
 0.369820E+01   0.106357E+01   0.681165E-01   0.215437E+00   0.226235E+00
 0.370839E+01   0.106325E+01   0.680542E-01   0.215375E+00   0.226235E+00
 0.371860E+01   0.106293E+01   0.679918E-01   0.215313E+00   0.226235E+00
 0.372882E+01   0.106260E+01   0.679291E-01   0.215251E+00   0.226235E+00
 0.373906E+01   0.106227E+01   0.678662E-01   0.215189E+00   0.226235E+00
 0.374931E+01   0.106194E+01   0.678030E-01   0.215126E+00   0.226235E+00
 0.375958E+01   0.106161E+01   0.677396E-01   0.215063E+00   0.226235E+00
 0.376986E+01   0.106128E+01   0.676760E-01   0.215000E+00   0.226235E+00
 0.378015E+01   0.106095E+01   0.676121E-01   0.214936E+00   0.226235E+00
 0.379046E+01   0.106061E+01   0.675481E-01   0.214873E+00   0.226235E+00
 0.380078E+01   0.106027E+01   0.674837E-01   0.214808E+00   0.226235E+00
 0.381112E+01   0.105994E+01   0.674192E-01   0.214744E+00   0.226235E+00
 0.382148E+01   0.105960E+01   0.673544E-01   0.214679E+00   0.226235E+00
 0.383184E+01   0.105926E+01   0.672894E-01   0.214614E+00   0.226235E+00
 0.384222E+01   0.105891E+01   0.672241E-01   0.214549E+00   0.226235E+00
 0.385262E+01   0.105857E+01   0.671586E-01   0.214484E+00   0.226235E+00
 0.386303E+01   0.105822E+01   0.670929E-01   0.214418E+00   0.226235E+00
 0.387345E+01   0.105788E+01   0.670269E-01   0.214352E+00   0.226235E+00
 0.388389E+01   0.105753E+01   0.669607E-01   0.214285E+00   0.226235E+00
 0.389434E+01   0.105718E+01   0.668943E-01   0.214218E+00   0.226235E+00
 0.390481E+01   0.105683E+01   0.668276E-01   0.214151E+00   0.226235E+00
 0.391529E+01   0.105647E+01   0.667607E-01   0.214084E+00   0.226235E+00
 0.392579E+01   0.105612E+01   0.666935E-01   0.214017E+00   0.226235E+00
 0.393630E+01   0.105576E+01   0.666261E-01   0.213949E+00   0.226235E+00
 0.394682E+01   0.105540E+01   0.665585E-01   0.213880E+00   0.226235E+00
 0.395735E+01   0.105505E+01   0.664907E-01   0.213812E+00   0.226235E+00
 0.396790E+01   0.105468E+01   0.664226E-01   0.213743E+00   0.226235E+00
 0.397847E+01   0.105432E+01   0.663542E-01   0.213674E+00   0.226235E+00
 0.398905E+01   0.105396E+01   0.662857E-01   0.213605E+00   0.226235E+00
 0.399964E+01   0.105359E+01   0.662168E-01   0.213535E+00   0.226235E+00
 0.401025E+01   0.105322E+01   0.661478E-01   0.213465E+00   0.226235E+00
 0.402087E+01   0.105286E+01   0.660785E-01   0.213394E+00   0.226235E+00
 0.403151E+01   0.105249E+01   0.660090E-01   0.213324E+00   0.226235E+00
 0.404216E+01   0.105211E+01   0.659392E-01   0.213253E+00   0.226235E+00
 0.405283E+01   0.105174E+01   0.658692E-01   0.213182E+00   0.226235E+00
 0.406350E+01   0.105136E+01   0.657990E-01   0.213110E+00   0.226235E+00
 0.407420E+01   0.105099E+01   0.657285E-01   0.213038E+00   0.226235E+00
 0.408490E+01   0.105061E+01   0.656577E-01   0.212966E+00   0.226235E+00
 0.409562E+01   0.105023E+01   0.655868E-01   0.212893E+00   0.226235E+00
 0.410636E+01   0.104985E+01   0.655155E-01   0.212820E+00   0.226235E+00
 0.411711E+01   0.104946E+01   0.654441E-01   0.212747E+00   0.226235E+00
 0.412787E+01   0.104908E+01   0.653724E-01   0.212674E+00   0.226235E+00
 0.413865E+01   0.104869E+01   0.653005E-01   0.212600E+00   0.226235E+00
 0.414944E+01   0.104830E+01   0.652283E-01   0.212526E+00   0.226235E+00
 0.416024E+01   0.104791E+01   0.651559E-01   0.212451E+00   0.226235E+00
 0.417106E+01   0.104752E+01   0.650832E-01   0.212377E+00   0.226235E+00
 0.418189E+01   0.104713E+01   0.650103E-01   0.212302E+00   0.226235E+00
 0.419274E+01   0.104673E+01   0.649372E-01   0.212226E+00   0.226235E+00
 0.420360E+01   0.104634E+01   0.648638E-01   0.212150E+00   0.226235E+00
 0.421447E+01   0.104594E+01   0.647902E-01   0.212074E+00   0.226235E+00
 0.422536E+01   0.104554E+01   0.647163E-01   0.211998E+00   0.226235E+00
 0.423626E+01   0.104514E+01   0.646422E-01   0.211921E+00   0.226235E+00
 0.424717E+01   0.104473E+01   0.645679E-01   0.211844E+00   0.226235E+00
 0.425810E+01   0.104433E+01   0.644933E-01   0.211767E+00   0.226235E+00
 0.426905E+01   0.104392E+01   0.644185E-01   0.211689E+00   0.226235E+00
 0.428000E+01   0.104351E+01   0.643434E-01   0.211611E+00   0.226235E+00
 0.429097E+01   0.104310E+01   0.642681E-01   0.211533E+00   0.226235E+00
 0.430195E+01   0.104269E+01   0.641925E-01   0.211454E+00   0.226235E+00
 0.431295E+01   0.104228E+01   0.641167E-01   0.211375E+00   0.226235E+00
 0.432396E+01   0.104186E+01   0.640407E-01   0.211296E+00   0.226235E+00
 0.433499E+01   0.104144E+01   0.639644E-01   0.211216E+00   0.226235E+00
 0.434603E+01   0.104103E+01   0.638878E-01   0.211136E+00   0.226235E+00
 0.435708E+01   0.104060E+01   0.638111E-01   0.211056E+00   0.226235E+00
 0.436814E+01   0.104018E+01   0.637340E-01   0.210975E+00   0.226235E+00
 0.438032E+01   0.103972E+01   0.636491E-01   0.210886E+00   0.226235E+00
 0.439143E+01   0.103929E+01   0.635715E-01   0.210804E+00   0.226235E+00
 0.440255E+01   0.103886E+01   0.634936E-01   0.210722E+00   0.226235E+00
 0.441368E+01   0.103843E+01   0.634155E-01   0.210640E+00   0.226235E+00
 0.442483E+01   0.103800E+01   0.633372E-01   0.210557E+00   0.226235E+00
 0.443599E+01   0.103756E+01   0.632586E-01   0.210474E+00   0.226235E+00
 0.444717E+01   0.103713E+01   0.631797E-01   0.210391E+00   0.226235E+00
 0.445836E+01   0.103669E+01   0.631006E-01   0.210308E+00   0.226235E+00
 0.446956E+01   0.103625E+01   0.630213E-01   0.210224E+00   0.226235E+00
 0.448078E+01   0.103581E+01   0.629417E-01   0.210139E+00   0.226235E+00
 0.449201E+01   0.103537E+01   0.628619E-01   0.210054E+00   0.226235E+00
 0.450325E+01   0.103492E+01   0.627818E-01   0.209969E+00   0.226235E+00
 0.451451E+01   0.103448E+01   0.627015E-01   0.209884E+00   0.226235E+00
 0.452578E+01   0.103403E+01   0.626209E-01   0.209798E+00   0.226235E+00
 0.453706E+01   0.103358E+01   0.625401E-01   0.209712E+00   0.226235E+00
 0.454835E+01   0.103313E+01   0.624591E-01   0.209626E+00   0.226235E+00
 0.455966E+01   0.103267E+01   0.623778E-01   0.209539E+00   0.226235E+00
 0.457099E+01   0.103222E+01   0.622963E-01   0.209452E+00   0.226235E+00
 0.458232E+01   0.103176E+01   0.622145E-01   0.209364E+00   0.226235E+00
 0.459367E+01   0.103130E+01   0.621324E-01   0.209276E+00   0.226235E+00
 0.460504E+01   0.103084E+01   0.620502E-01   0.209188E+00   0.226235E+00
 0.461641E+01   0.103038E+01   0.619677E-01   0.209099E+00   0.226235E+00
 0.462780E+01   0.102991E+01   0.618849E-01   0.209010E+00   0.226235E+00
 0.463920E+01   0.102944E+01   0.618019E-01   0.208921E+00   0.226235E+00
 0.465062E+01   0.102897E+01   0.617187E-01   0.208831E+00   0.226235E+00
 0.466204E+01   0.102850E+01   0.616352E-01   0.208741E+00   0.226235E+00
 0.467348E+01   0.102803E+01   0.615515E-01   0.208650E+00   0.226235E+00
 0.468494E+01   0.102756E+01   0.614675E-01   0.208559E+00   0.226235E+00
 0.469640E+01   0.102708E+01   0.613833E-01   0.208468E+00   0.226235E+00
 0.470788E+01   0.102660E+01   0.612988E-01   0.208377E+00   0.226235E+00
 0.471938E+01   0.102612E+01   0.612141E-01   0.208285E+00   0.226235E+00
 0.473088E+01   0.102564E+01   0.611292E-01   0.208192E+00   0.226235E+00
 0.474240E+01   0.102516E+01   0.610440E-01   0.208099E+00   0.226235E+00
 0.475393E+01   0.102467E+01   0.609586E-01   0.208006E+00   0.226235E+00
 0.476547E+01   0.102418E+01   0.608729E-01   0.207913E+00   0.226235E+00
 0.477703E+01   0.102369E+01   0.607870E-01   0.207819E+00   0.226235E+00
 0.478860E+01   0.102320E+01   0.607008E-01   0.207725E+00   0.226235E+00
 0.480019E+01   0.102271E+01   0.606144E-01   0.207630E+00   0.226235E+00
 0.481178E+01   0.102221E+01   0.605278E-01   0.207535E+00   0.226235E+00
 0.482339E+01   0.102171E+01   0.604409E-01   0.207439E+00   0.226235E+00
 0.483501E+01   0.102121E+01   0.603538E-01   0.207344E+00   0.226235E+00
 0.484665E+01   0.102071E+01   0.602664E-01   0.207247E+00   0.226235E+00
 0.485830E+01   0.102021E+01   0.601788E-01   0.207151E+00   0.226235E+00
 0.486996E+01   0.101970E+01   0.600910E-01   0.207054E+00   0.226235E+00
 0.488163E+01   0.101919E+01   0.600029E-01   0.206956E+00   0.226235E+00
 0.489331E+01   0.101868E+01   0.599145E-01   0.206859E+00   0.226235E+00
 0.490501E+01   0.101817E+01   0.598259E-01   0.206760E+00   0.226235E+00
 0.491672E+01   0.101766E+01   0.597371E-01   0.206662E+00   0.226235E+00
 0.492845E+01   0.101714E+01   0.596481E-01   0.206563E+00   0.226235E+00
 0.494018E+01   0.101662E+01   0.595588E-01   0.206464E+00   0.226235E+00
 0.495193E+01   0.101610E+01   0.594692E-01   0.206364E+00   0.226235E+00
 0.496369E+01   0.101558E+01   0.593794E-01   0.206264E+00   0.226235E+00
 0.497547E+01   0.101506E+01   0.592894E-01   0.206163E+00   0.226235E+00
 0.498726E+01   0.101453E+01   0.591991E-01   0.206062E+00   0.226235E+00
 0.499906E+01   0.101400E+01   0.591086E-01   0.205961E+00   0.226235E+00
 0.501012E+01   0.101350E+01   0.590236E-01   0.205865E+00   0.226235E+00
 0.502198E+01   0.101297E+01   0.589324E-01   0.205763E+00   0.226235E+00
 0.503384E+01   0.101244E+01   0.588410E-01   0.205660E+00   0.226235E+00
 0.504571E+01   0.101190E+01   0.587493E-01   0.205557E+00   0.226235E+00
 0.505760E+01   0.101136E+01   0.586575E-01   0.205453E+00   0.226235E+00
 0.506950E+01   0.101082E+01   0.585654E-01   0.205349E+00   0.226235E+00
 0.508141E+01   0.101027E+01   0.584730E-01   0.205245E+00   0.226235E+00
 0.509333E+01   0.100973E+01   0.583804E-01   0.205140E+00   0.226235E+00
 0.510526E+01   0.100918E+01   0.582876E-01   0.205035E+00   0.226235E+00
 0.511721E+01   0.100863E+01   0.581945E-01   0.204929E+00   0.226235E+00
 0.512917E+01   0.100808E+01   0.581012E-01   0.204823E+00   0.226235E+00
 0.514114E+01   0.100752E+01   0.580077E-01   0.204716E+00   0.226235E+00
 0.515312E+01   0.100697E+01   0.579139E-01   0.204609E+00   0.226235E+00
 0.516512E+01   0.100641E+01   0.578199E-01   0.204502E+00   0.226235E+00
 0.517712E+01   0.100585E+01   0.577257E-01   0.204394E+00   0.226235E+00
 0.518914E+01   0.100528E+01   0.576312E-01   0.204286E+00   0.226235E+00
 0.520117E+01   0.100472E+01   0.575365E-01   0.204177E+00   0.226235E+00
 0.521322E+01   0.100415E+01   0.574415E-01   0.204068E+00   0.226235E+00
 0.522527E+01   0.100358E+01   0.573463E-01   0.203959E+00   0.226235E+00
 0.523734E+01   0.100301E+01   0.572509E-01   0.203849E+00   0.226235E+00
 0.524942E+01   0.100243E+01   0.571553E-01   0.203739E+00   0.226235E+00
 0.526151E+01   0.100186E+01   0.570594E-01   0.203628E+00   0.226235E+00
 0.527361E+01   0.100128E+01   0.569632E-01   0.203517E+00   0.226235E+00
 0.528573E+01   0.100070E+01   0.568669E-01   0.203405E+00   0.226235E+00
 0.529785E+01   0.100012E+01   0.567703E-01   0.203293E+00   0.226235E+00
 0.530999E+01   0.999532E+00   0.566735E-01   0.203180E+00   0.226235E+00
 0.532214E+01   0.998945E+00   0.565765E-01   0.203067E+00   0.226235E+00
 0.533430E+01   0.998355E+00   0.564792E-01   0.202954E+00   0.226235E+00
 0.534648E+01   0.997764E+00   0.563817E-01   0.202840E+00   0.226235E+00
 0.535867E+01   0.997170E+00   0.562839E-01   0.202726E+00   0.226235E+00
 0.537086E+01   0.996573E+00   0.561860E-01   0.202611E+00   0.226235E+00
 0.538307E+01   0.995975E+00   0.560878E-01   0.202496E+00   0.226235E+00
 0.539529E+01   0.995375E+00   0.559894E-01   0.202380E+00   0.226235E+00
 0.540752E+01   0.994772E+00   0.558907E-01   0.202264E+00   0.226235E+00
 0.541976E+01   0.994167E+00   0.557918E-01   0.202148E+00   0.226235E+00
 0.543202E+01   0.993559E+00   0.556927E-01   0.202031E+00   0.226235E+00
 0.544428E+01   0.992949E+00   0.555934E-01   0.201913E+00   0.226235E+00
 0.545656E+01   0.992337E+00   0.554939E-01   0.201796E+00   0.226235E+00
 0.546885E+01   0.991723E+00   0.553941E-01   0.201677E+00   0.226235E+00
 0.548115E+01   0.991107E+00   0.552941E-01   0.201558E+00   0.226235E+00
 0.549346E+01   0.990488E+00   0.551938E-01   0.201439E+00   0.226235E+00
 0.550578E+01   0.989867E+00   0.550934E-01   0.201320E+00   0.226235E+00
 0.551811E+01   0.989243E+00   0.549927E-01   0.201199E+00   0.226235E+00
 0.553046E+01   0.988617E+00   0.548918E-01   0.201079E+00   0.226235E+00
 0.554281E+01   0.987989E+00   0.547907E-01   0.200958E+00   0.226235E+00
 0.555470E+01   0.987383E+00   0.546933E-01   0.200841E+00   0.226235E+00
 0.556712E+01   0.986748E+00   0.545914E-01   0.200719E+00   0.226235E+00
 0.557955E+01   0.986111E+00   0.544893E-01   0.200596E+00   0.226235E+00
 0.559199E+01   0.985472E+00   0.543870E-01   0.200473E+00   0.226235E+00
 0.560444E+01   0.984830E+00   0.542845E-01   0.200349E+00   0.226235E+00
 0.561690E+01   0.984186E+00   0.541817E-01   0.200225E+00   0.226235E+00
 0.562937E+01   0.983540E+00   0.540788E-01   0.200100E+00   0.226235E+00
 0.564185E+01   0.982891E+00   0.539756E-01   0.199975E+00   0.226235E+00
 0.565434E+01   0.982240E+00   0.538722E-01   0.199849E+00   0.226235E+00
 0.566684E+01   0.981587E+00   0.537686E-01   0.199723E+00   0.226235E+00
 0.567935E+01   0.980931E+00   0.536648E-01   0.199597E+00   0.226235E+00
 0.569188E+01   0.980272E+00   0.535608E-01   0.199470E+00   0.226235E+00
 0.570441E+01   0.979612E+00   0.534565E-01   0.199342E+00   0.226235E+00
 0.571696E+01   0.978948E+00   0.533520E-01   0.199214E+00   0.226235E+00
 0.572951E+01   0.978283E+00   0.532474E-01   0.199086E+00   0.226235E+00
 0.574208E+01   0.977615E+00   0.531425E-01   0.198957E+00   0.226235E+00
 0.575465E+01   0.976945E+00   0.530374E-01   0.198828E+00   0.226235E+00
 0.576724E+01   0.976272E+00   0.529321E-01   0.198698E+00   0.226235E+00
 0.577984E+01   0.975596E+00   0.528265E-01   0.198567E+00   0.226235E+00
 0.579245E+01   0.974919E+00   0.527208E-01   0.198436E+00   0.226235E+00
 0.580507E+01   0.974238E+00   0.526149E-01   0.198305E+00   0.226235E+00
 0.581770E+01   0.973556E+00   0.525087E-01   0.198173E+00   0.226235E+00
 0.583034E+01   0.972871E+00   0.524024E-01   0.198041E+00   0.226235E+00
 0.584299E+01   0.972183E+00   0.522958E-01   0.197908E+00   0.226235E+00
 0.585564E+01   0.971493E+00   0.521891E-01   0.197775E+00   0.226235E+00
 0.586831E+01   0.970801E+00   0.520821E-01   0.197641E+00   0.226235E+00
 0.588099E+01   0.970106E+00   0.519749E-01   0.197507E+00   0.226235E+00
 0.589368E+01   0.969408E+00   0.518676E-01   0.197372E+00   0.226235E+00
 0.590638E+01   0.968709E+00   0.517600E-01   0.197237E+00   0.226235E+00
 0.591909E+01   0.968006E+00   0.516522E-01   0.197101E+00   0.226235E+00
 0.593181E+01   0.967301E+00   0.515442E-01   0.196965E+00   0.226235E+00
 0.594454E+01   0.966594E+00   0.514361E-01   0.196828E+00   0.226235E+00
 0.595728E+01   0.965884E+00   0.513277E-01   0.196691E+00   0.226235E+00
 0.597003E+01   0.965171E+00   0.512191E-01   0.196553E+00   0.226235E+00
 0.598279E+01   0.964456E+00   0.511104E-01   0.196415E+00   0.226235E+00
 0.599556E+01   0.963739E+00   0.510014E-01   0.196276E+00   0.226235E+00
 0.600834E+01   0.963019E+00   0.508922E-01   0.196137E+00   0.226235E+00
 0.602112E+01   0.962296E+00   0.507829E-01   0.195997E+00   0.226235E+00
 0.603392E+01   0.961571E+00   0.506733E-01   0.195856E+00   0.226235E+00
 0.604678E+01   0.960841E+00   0.505632E-01   0.195715E+00   0.226235E+00
 0.605965E+01   0.960107E+00   0.504528E-01   0.195573E+00   0.226235E+00
 0.607253E+01   0.959372E+00   0.503422E-01   0.195431E+00   0.226235E+00
 0.608542E+01   0.958633E+00   0.502314E-01   0.195288E+00   0.226235E+00
 0.609832E+01   0.957892E+00   0.501205E-01   0.195144E+00   0.226235E+00
 0.611123E+01   0.957149E+00   0.500094E-01   0.195000E+00   0.226235E+00
 0.612414E+01   0.956403E+00   0.498980E-01   0.194856E+00   0.226235E+00
 0.613707E+01   0.955654E+00   0.497865E-01   0.194711E+00   0.226235E+00
 0.615000E+01   0.954903E+00   0.496748E-01   0.194566E+00   0.226235E+00
 0.616295E+01   0.954149E+00   0.495630E-01   0.194420E+00   0.226235E+00
 0.617590E+01   0.953392E+00   0.494509E-01   0.194273E+00   0.226235E+00
 0.618886E+01   0.952633E+00   0.493387E-01   0.194126E+00   0.226235E+00
 0.620183E+01   0.951871E+00   0.492262E-01   0.193978E+00   0.226235E+00
 0.621481E+01   0.951107E+00   0.491136E-01   0.193830E+00   0.226235E+00
 0.622780E+01   0.950340E+00   0.490009E-01   0.193682E+00   0.226235E+00
 0.624080E+01   0.949570E+00   0.488879E-01   0.193532E+00   0.226235E+00
 0.625381E+01   0.948798E+00   0.487748E-01   0.193383E+00   0.226235E+00
 0.626682E+01   0.948023E+00   0.486615E-01   0.193232E+00   0.226235E+00
 0.627984E+01   0.947246E+00   0.485480E-01   0.193082E+00   0.226235E+00
 0.629287E+01   0.946465E+00   0.484344E-01   0.192930E+00   0.226235E+00
 0.630591E+01   0.945683E+00   0.483205E-01   0.192779E+00   0.226235E+00
 0.631896E+01   0.944897E+00   0.482065E-01   0.192626E+00   0.226235E+00
 0.633202E+01   0.944109E+00   0.480924E-01   0.192473E+00   0.226235E+00
 0.634508E+01   0.943318E+00   0.479781E-01   0.192320E+00   0.226235E+00
 0.635816E+01   0.942525E+00   0.478636E-01   0.192166E+00   0.226235E+00
 0.637124E+01   0.941729E+00   0.477490E-01   0.192012E+00   0.226235E+00
 0.638433E+01   0.940930E+00   0.476341E-01   0.191857E+00   0.226235E+00
 0.639742E+01   0.940128E+00   0.475192E-01   0.191701E+00   0.226235E+00
 0.641053E+01   0.939324E+00   0.474040E-01   0.191545E+00   0.226235E+00
 0.642364E+01   0.938517E+00   0.472887E-01   0.191388E+00   0.226235E+00
 0.643677E+01   0.937708E+00   0.471733E-01   0.191231E+00   0.226235E+00
 0.644990E+01   0.936895E+00   0.470576E-01   0.191073E+00   0.226235E+00
 0.646303E+01   0.936080E+00   0.469419E-01   0.190915E+00   0.226235E+00
 0.647557E+01   0.935300E+00   0.468313E-01   0.190764E+00   0.226235E+00
 0.648879E+01   0.934476E+00   0.467146E-01   0.190603E+00   0.226235E+00
 0.650203E+01   0.933648E+00   0.465977E-01   0.190443E+00   0.226235E+00
 0.651526E+01   0.932818E+00   0.464808E-01   0.190281E+00   0.226235E+00
 0.652851E+01   0.931986E+00   0.463636E-01   0.190120E+00   0.226235E+00
 0.654176E+01   0.931150E+00   0.462463E-01   0.189957E+00   0.226235E+00
 0.655502E+01   0.930312E+00   0.461289E-01   0.189794E+00   0.226235E+00
 0.656828E+01   0.929471E+00   0.460113E-01   0.189631E+00   0.226235E+00
 0.658156E+01   0.928627E+00   0.458936E-01   0.189467E+00   0.226235E+00
 0.659484E+01   0.927781E+00   0.457757E-01   0.189302E+00   0.226235E+00
 0.660812E+01   0.926931E+00   0.456577E-01   0.189137E+00   0.226235E+00
 0.662142E+01   0.926079E+00   0.455396E-01   0.188971E+00   0.226235E+00
 0.663472E+01   0.925225E+00   0.454213E-01   0.188805E+00   0.226235E+00
 0.664802E+01   0.924367E+00   0.453029E-01   0.188638E+00   0.226235E+00
 0.666134E+01   0.923507E+00   0.451844E-01   0.188471E+00   0.226235E+00
 0.667466E+01   0.922644E+00   0.450657E-01   0.188303E+00   0.226235E+00
 0.668798E+01   0.921778E+00   0.449469E-01   0.188135E+00   0.226235E+00
 0.670132E+01   0.920910E+00   0.448280E-01   0.187965E+00   0.226235E+00
 0.671466E+01   0.920038E+00   0.447089E-01   0.187796E+00   0.226235E+00
 0.672800E+01   0.919164E+00   0.445897E-01   0.187626E+00   0.226235E+00
 0.674136E+01   0.918287E+00   0.444704E-01   0.187455E+00   0.226235E+00
 0.675471E+01   0.917408E+00   0.443509E-01   0.187284E+00   0.226235E+00
 0.676808E+01   0.916525E+00   0.442314E-01   0.187112E+00   0.226235E+00
 0.678145E+01   0.915640E+00   0.441117E-01   0.186939E+00   0.226235E+00
 0.679483E+01   0.914752E+00   0.439919E-01   0.186767E+00   0.226235E+00
 0.680821E+01   0.913861E+00   0.438720E-01   0.186593E+00   0.226235E+00
 0.682160E+01   0.912968E+00   0.437519E-01   0.186419E+00   0.226235E+00
 0.683499E+01   0.912071E+00   0.436318E-01   0.186244E+00   0.226235E+00
 0.684839E+01   0.911172E+00   0.435115E-01   0.186069E+00   0.226235E+00
 0.686180E+01   0.910270E+00   0.433911E-01   0.185893E+00   0.226235E+00
 0.687492E+01   0.909385E+00   0.432732E-01   0.185721E+00   0.226235E+00
 0.688843E+01   0.908472E+00   0.431518E-01   0.185542E+00   0.226235E+00
 0.690194E+01   0.907555E+00   0.430303E-01   0.185364E+00   0.226235E+00
 0.691545E+01   0.906636E+00   0.429087E-01   0.185185E+00   0.226235E+00
 0.692897E+01   0.905714E+00   0.427871E-01   0.185005E+00   0.226235E+00
 0.694250E+01   0.904790E+00   0.426653E-01   0.184824E+00   0.226235E+00
 0.695603E+01   0.903862E+00   0.425434E-01   0.184643E+00   0.226235E+00
 0.696956E+01   0.902932E+00   0.424214E-01   0.184462E+00   0.226235E+00
 0.698310E+01   0.901999E+00   0.422994E-01   0.184280E+00   0.226235E+00
 0.699664E+01   0.901063E+00   0.421772E-01   0.184097E+00   0.226235E+00
 0.701019E+01   0.900124E+00   0.420550E-01   0.183914E+00   0.226235E+00
 0.702374E+01   0.899183E+00   0.419326E-01   0.183730E+00   0.226235E+00
 0.703729E+01   0.898239E+00   0.418102E-01   0.183546E+00   0.226235E+00
 0.705085E+01   0.897291E+00   0.416877E-01   0.183361E+00   0.226235E+00
 0.706442E+01   0.896341E+00   0.415651E-01   0.183175E+00   0.226235E+00
 0.707798E+01   0.895389E+00   0.414424E-01   0.182989E+00   0.226235E+00
 0.709155E+01   0.894433E+00   0.413197E-01   0.182803E+00   0.226235E+00
 0.710513E+01   0.893475E+00   0.411969E-01   0.182615E+00   0.226235E+00
 0.711871E+01   0.892513E+00   0.410740E-01   0.182428E+00   0.226235E+00
 0.713229E+01   0.891549E+00   0.409510E-01   0.182239E+00   0.226235E+00
 0.714588E+01   0.890582E+00   0.408280E-01   0.182050E+00   0.226235E+00
 0.715947E+01   0.889613E+00   0.407049E-01   0.181861E+00   0.226235E+00
 0.717306E+01   0.888640E+00   0.405817E-01   0.181671E+00   0.226235E+00
 0.718666E+01   0.887665E+00   0.404584E-01   0.181480E+00   0.226235E+00
 0.720026E+01   0.886687E+00   0.403351E-01   0.181289E+00   0.226235E+00
 0.721386E+01   0.885706E+00   0.402118E-01   0.181097E+00   0.226235E+00
 0.722427E+01   0.884954E+00   0.401174E-01   0.180950E+00   0.226235E+00
 0.723443E+01   0.884218E+00   0.400252E-01   0.180806E+00   0.226235E+00
 0.724815E+01   0.883222E+00   0.399007E-01   0.180611E+00   0.226235E+00
 0.726187E+01   0.882223E+00   0.397762E-01   0.180415E+00   0.226235E+00
 0.727559E+01   0.881222E+00   0.396516E-01   0.180219E+00   0.226235E+00
 0.728931E+01   0.880218E+00   0.395270E-01   0.180023E+00   0.226235E+00
 0.730304E+01   0.879211E+00   0.394023E-01   0.179826E+00   0.226235E+00
 0.731676E+01   0.878201E+00   0.392776E-01   0.179628E+00   0.226235E+00
 0.733049E+01   0.877189E+00   0.391529E-01   0.179430E+00   0.226235E+00
 0.734422E+01   0.876173E+00   0.390281E-01   0.179231E+00   0.226235E+00
 0.735795E+01   0.875155E+00   0.389033E-01   0.179032E+00   0.226235E+00
 0.737169E+01   0.874134E+00   0.387784E-01   0.178832E+00   0.226235E+00
 0.738542E+01   0.873111E+00   0.386535E-01   0.178631E+00   0.226235E+00
 0.739916E+01   0.872084E+00   0.385286E-01   0.178430E+00   0.226235E+00
 0.741290E+01   0.871055E+00   0.384037E-01   0.178228E+00   0.226235E+00
 0.742664E+01   0.870023E+00   0.382787E-01   0.178026E+00   0.226235E+00
 0.744038E+01   0.868988E+00   0.381537E-01   0.177823E+00   0.226235E+00
 0.745412E+01   0.867950E+00   0.380287E-01   0.177620E+00   0.226235E+00
 0.746786E+01   0.866910E+00   0.379037E-01   0.177416E+00   0.226235E+00
 0.748160E+01   0.865867E+00   0.377786E-01   0.177211E+00   0.226235E+00
 0.749535E+01   0.864821E+00   0.376536E-01   0.177006E+00   0.226235E+00
 0.750909E+01   0.863772E+00   0.375285E-01   0.176801E+00   0.226235E+00
 0.752283E+01   0.862721E+00   0.374034E-01   0.176594E+00   0.226235E+00
 0.753657E+01   0.861668E+00   0.372784E-01   0.176388E+00   0.226235E+00
 0.755029E+01   0.860613E+00   0.371536E-01   0.176181E+00   0.226235E+00
 0.756399E+01   0.859556E+00   0.370288E-01   0.175973E+00   0.226235E+00
 0.757897E+01   0.858399E+00   0.368925E-01   0.175746E+00   0.226235E+00
 0.759261E+01   0.857341E+00   0.367684E-01   0.175538E+00   0.226235E+00
 0.760624E+01   0.856282E+00   0.366444E-01   0.175331E+00   0.226235E+00
 0.761985E+01   0.855222E+00   0.365205E-01   0.175122E+00   0.226235E+00
 0.763344E+01   0.854160E+00   0.363967E-01   0.174914E+00   0.226235E+00
 0.764703E+01   0.853097E+00   0.362731E-01   0.174705E+00   0.226235E+00
 0.766060E+01   0.852031E+00   0.361496E-01   0.174496E+00   0.226235E+00
 0.767415E+01   0.850965E+00   0.360263E-01   0.174286E+00   0.226235E+00
 0.768769E+01   0.849897E+00   0.359031E-01   0.174076E+00   0.226235E+00
 0.770121E+01   0.848827E+00   0.357800E-01   0.173866E+00   0.226235E+00
 0.771473E+01   0.847755E+00   0.356571E-01   0.173655E+00   0.226235E+00
 0.772822E+01   0.846683E+00   0.355343E-01   0.173444E+00   0.226235E+00
 0.774171E+01   0.845608E+00   0.354117E-01   0.173233E+00   0.226235E+00
 0.775518E+01   0.844532E+00   0.352892E-01   0.173022E+00   0.226235E+00
 0.776863E+01   0.843455E+00   0.351668E-01   0.172810E+00   0.226235E+00
 0.778208E+01   0.842375E+00   0.350446E-01   0.172597E+00   0.226235E+00
 0.779551E+01   0.841295E+00   0.349225E-01   0.172385E+00   0.226235E+00
 0.780892E+01   0.840212E+00   0.348006E-01   0.172172E+00   0.226235E+00
 0.782232E+01   0.839128E+00   0.346788E-01   0.171958E+00   0.226235E+00
 0.783571E+01   0.838043E+00   0.345572E-01   0.171745E+00   0.226235E+00
 0.784909E+01   0.836956E+00   0.344356E-01   0.171531E+00   0.226235E+00
 0.786245E+01   0.835867E+00   0.343143E-01   0.171317E+00   0.226235E+00
 0.787580E+01   0.834777E+00   0.341931E-01   0.171102E+00   0.226235E+00
 0.789449E+01   0.833246E+00   0.340234E-01   0.170800E+00   0.226235E+00
 0.790775E+01   0.832156E+00   0.339030E-01   0.170586E+00   0.226235E+00
 0.792101E+01   0.831065E+00   0.337827E-01   0.170371E+00   0.226235E+00
 0.793426E+01   0.829971E+00   0.336625E-01   0.170155E+00   0.226235E+00
 0.794749E+01   0.828877E+00   0.335426E-01   0.169940E+00   0.226235E+00
 0.796070E+01   0.827781E+00   0.334227E-01   0.169724E+00   0.226235E+00
 0.797390E+01   0.826684E+00   0.333031E-01   0.169508E+00   0.226235E+00
 0.798709E+01   0.825585E+00   0.331836E-01   0.169291E+00   0.226235E+00
 0.800026E+01   0.824485E+00   0.330642E-01   0.169074E+00   0.226235E+00
 0.801342E+01   0.823383E+00   0.329451E-01   0.168857E+00   0.226235E+00
 0.802657E+01   0.822280E+00   0.328261E-01   0.168639E+00   0.226235E+00
 0.803970E+01   0.821175E+00   0.327072E-01   0.168421E+00   0.226235E+00
 0.805281E+01   0.820069E+00   0.325885E-01   0.168203E+00   0.226235E+00
 0.806592E+01   0.818962E+00   0.324700E-01   0.167985E+00   0.226235E+00
 0.807900E+01   0.817853E+00   0.323517E-01   0.167766E+00   0.226235E+00
 0.809208E+01   0.816743E+00   0.322335E-01   0.167547E+00   0.226235E+00
 0.810514E+01   0.815632E+00   0.321155E-01   0.167328E+00   0.226235E+00
 0.811819E+01   0.814519E+00   0.319977E-01   0.167108E+00   0.226235E+00
 0.813122E+01   0.813404E+00   0.318800E-01   0.166888E+00   0.226235E+00
 0.814425E+01   0.812288E+00   0.317625E-01   0.166668E+00   0.226235E+00
 0.815726E+01   0.811171E+00   0.316451E-01   0.166447E+00   0.226235E+00
 0.817025E+01   0.810052E+00   0.315279E-01   0.166226E+00   0.226235E+00
 0.818323E+01   0.808932E+00   0.314109E-01   0.166005E+00   0.226235E+00
 0.819620E+01   0.807810E+00   0.312941E-01   0.165783E+00   0.226235E+00
 0.820911E+01   0.806692E+00   0.311779E-01   0.165562E+00   0.226235E+00
 0.822200E+01   0.805572E+00   0.310618E-01   0.165341E+00   0.226235E+00
 0.823488E+01   0.804451E+00   0.309460E-01   0.165119E+00   0.226235E+00
 0.824774E+01   0.803328E+00   0.308303E-01   0.164897E+00   0.226235E+00
 0.826058E+01   0.802205E+00   0.307149E-01   0.164675E+00   0.226235E+00
 0.827342E+01   0.801080E+00   0.305996E-01   0.164453E+00   0.226235E+00
 0.828623E+01   0.799954E+00   0.304844E-01   0.164230E+00   0.226235E+00
 0.829904E+01   0.798826E+00   0.303695E-01   0.164007E+00   0.226235E+00
 0.831183E+01   0.797698E+00   0.302548E-01   0.163784E+00   0.226235E+00
 0.832461E+01   0.796568E+00   0.301402E-01   0.163560E+00   0.226235E+00
 0.833737E+01   0.795437E+00   0.300258E-01   0.163337E+00   0.226235E+00
 0.835012E+01   0.794304E+00   0.299117E-01   0.163112E+00   0.226235E+00
 0.836285E+01   0.793170E+00   0.297977E-01   0.162888E+00   0.226235E+00
 0.837558E+01   0.792035E+00   0.296838E-01   0.162663E+00   0.226235E+00
 0.838828E+01   0.790899E+00   0.295702E-01   0.162438E+00   0.226235E+00
 0.840098E+01   0.789762E+00   0.294568E-01   0.162213E+00   0.226235E+00
 0.841366E+01   0.788623E+00   0.293435E-01   0.161988E+00   0.226235E+00
 0.842633E+01   0.787483E+00   0.292304E-01   0.161762E+00   0.226235E+00
 0.843898E+01   0.786341E+00   0.291176E-01   0.161536E+00   0.226235E+00
 0.845162E+01   0.785199E+00   0.290048E-01   0.161309E+00   0.226235E+00
 0.846425E+01   0.784055E+00   0.288923E-01   0.161083E+00   0.226235E+00
 0.848110E+01   0.782525E+00   0.287424E-01   0.160780E+00   0.226235E+00
 0.849363E+01   0.781385E+00   0.286309E-01   0.160554E+00   0.226235E+00
 0.850615E+01   0.780243E+00   0.285196E-01   0.160327E+00   0.226235E+00
 0.851866E+01   0.779099E+00   0.284084E-01   0.160101E+00   0.226235E+00
 0.853115E+01   0.777955E+00   0.282975E-01   0.159874E+00   0.226235E+00
 0.854362E+01   0.776810E+00   0.281868E-01   0.159647E+00   0.226235E+00
 0.855609E+01   0.775663E+00   0.280763E-01   0.159419E+00   0.226235E+00
 0.856854E+01   0.774516E+00   0.279660E-01   0.159192E+00   0.226235E+00
 0.858097E+01   0.773367E+00   0.278559E-01   0.158964E+00   0.226235E+00
 0.859339E+01   0.772217E+00   0.277460E-01   0.158736E+00   0.226235E+00
 0.860580E+01   0.771066E+00   0.276363E-01   0.158507E+00   0.226235E+00
 0.861819E+01   0.769915E+00   0.275268E-01   0.158279E+00   0.226235E+00
 0.863057E+01   0.768762E+00   0.274175E-01   0.158050E+00   0.226235E+00
 0.864294E+01   0.767608E+00   0.273084E-01   0.157821E+00   0.226235E+00
 0.865529E+01   0.766452E+00   0.271995E-01   0.157591E+00   0.226235E+00
 0.866763E+01   0.765296E+00   0.270908E-01   0.157362E+00   0.226235E+00
 0.867995E+01   0.764139E+00   0.269823E-01   0.157132E+00   0.226235E+00
 0.869226E+01   0.762980E+00   0.268740E-01   0.156902E+00   0.226235E+00
 0.870456E+01   0.761821E+00   0.267660E-01   0.156671E+00   0.226235E+00
 0.871685E+01   0.760660E+00   0.266581E-01   0.156441E+00   0.226235E+00
 0.872912E+01   0.759498E+00   0.265504E-01   0.156210E+00   0.226235E+00
 0.874138E+01   0.758335E+00   0.264429E-01   0.155979E+00   0.226235E+00
 0.875437E+01   0.757101E+00   0.263291E-01   0.155733E+00   0.226235E+00
 0.876653E+01   0.755942E+00   0.262227E-01   0.155503E+00   0.226235E+00
 0.877868E+01   0.754783E+00   0.261164E-01   0.155273E+00   0.226235E+00
 0.879082E+01   0.753623E+00   0.260104E-01   0.155042E+00   0.226235E+00
 0.880294E+01   0.752462E+00   0.259046E-01   0.154811E+00   0.226235E+00
 0.881504E+01   0.751299E+00   0.257990E-01   0.154580E+00   0.226235E+00
 0.882713E+01   0.750136E+00   0.256936E-01   0.154348E+00   0.226235E+00
 0.883921E+01   0.748973E+00   0.255884E-01   0.154117E+00   0.226235E+00
 0.885128E+01   0.747808E+00   0.254834E-01   0.153885E+00   0.226235E+00
 0.886333E+01   0.746642E+00   0.253787E-01   0.153653E+00   0.226235E+00
 0.887536E+01   0.745475E+00   0.252742E-01   0.153421E+00   0.226235E+00
 0.888739E+01   0.744308E+00   0.251698E-01   0.153188E+00   0.226235E+00
 0.889939E+01   0.743139E+00   0.250657E-01   0.152956E+00   0.226235E+00
 0.891139E+01   0.741970E+00   0.249618E-01   0.152723E+00   0.226235E+00
 0.892337E+01   0.740799E+00   0.248582E-01   0.152490E+00   0.226235E+00
 0.893534E+01   0.739628E+00   0.247547E-01   0.152257E+00   0.226235E+00
 0.894730E+01   0.738456E+00   0.246515E-01   0.152023E+00   0.226235E+00
 0.895924E+01   0.737283E+00   0.245484E-01   0.151789E+00   0.226235E+00
 0.897117E+01   0.736109E+00   0.244456E-01   0.151555E+00   0.226235E+00
 0.898308E+01   0.734934E+00   0.243430E-01   0.151321E+00   0.226235E+00
 0.899499E+01   0.733758E+00   0.242406E-01   0.151087E+00   0.226235E+00
 0.900959E+01   0.732313E+00   0.241151E-01   0.150799E+00   0.226235E+00
 0.902136E+01   0.731145E+00   0.240140E-01   0.150566E+00   0.226235E+00
 0.903314E+01   0.729975E+00   0.239130E-01   0.150333E+00   0.226235E+00
 0.904490E+01   0.728803E+00   0.238123E-01   0.150099E+00   0.226235E+00
 0.905665E+01   0.727632E+00   0.237117E-01   0.149865E+00   0.226235E+00
 0.906839E+01   0.726459E+00   0.236114E-01   0.149631E+00   0.226235E+00
 0.908011E+01   0.725286E+00   0.235113E-01   0.149397E+00   0.226235E+00
 0.909181E+01   0.724112E+00   0.234114E-01   0.149163E+00   0.226235E+00
 0.910351E+01   0.722938E+00   0.233118E-01   0.148929E+00   0.226235E+00
 0.911518E+01   0.721762E+00   0.232124E-01   0.148694E+00   0.226235E+00
 0.912685E+01   0.720586E+00   0.231132E-01   0.148459E+00   0.226235E+00
 0.913850E+01   0.719409E+00   0.230142E-01   0.148225E+00   0.226235E+00
 0.915014E+01   0.718232E+00   0.229154E-01   0.147989E+00   0.226235E+00
 0.916176E+01   0.717054E+00   0.228169E-01   0.147754E+00   0.226235E+00
 0.917338E+01   0.715874E+00   0.227186E-01   0.147519E+00   0.226235E+00
 0.918497E+01   0.714695E+00   0.226205E-01   0.147283E+00   0.226235E+00
 0.919656E+01   0.713514E+00   0.225226E-01   0.147047E+00   0.226235E+00
 0.920813E+01   0.712333E+00   0.224250E-01   0.146811E+00   0.226235E+00
 0.921969E+01   0.711151E+00   0.223275E-01   0.146575E+00   0.226235E+00
 0.923123E+01   0.709969E+00   0.222303E-01   0.146339E+00   0.226235E+00
 0.924277E+01   0.708785E+00   0.221333E-01   0.146102E+00   0.226235E+00
 0.925741E+01   0.707279E+00   0.220103E-01   0.145801E+00   0.226235E+00
 0.926882E+01   0.706105E+00   0.219146E-01   0.145566E+00   0.226235E+00
 0.928022E+01   0.704928E+00   0.218191E-01   0.145331E+00   0.226235E+00
 0.929161E+01   0.703751E+00   0.217238E-01   0.145096E+00   0.226235E+00
 0.930298E+01   0.702574E+00   0.216288E-01   0.144860E+00   0.226235E+00
 0.931434E+01   0.701396E+00   0.215339E-01   0.144624E+00   0.226235E+00
 0.932568E+01   0.700217E+00   0.214394E-01   0.144389E+00   0.226235E+00
 0.933701E+01   0.699038E+00   0.213450E-01   0.144153E+00   0.226235E+00
 0.934833E+01   0.697859E+00   0.212509E-01   0.143917E+00   0.226235E+00
 0.935963E+01   0.696679E+00   0.211570E-01   0.143681E+00   0.226235E+00
 0.937092E+01   0.695498E+00   0.210633E-01   0.143444E+00   0.226235E+00
 0.938220E+01   0.694317E+00   0.209698E-01   0.143208E+00   0.226235E+00
 0.939346E+01   0.693136E+00   0.208766E-01   0.142971E+00   0.226235E+00
 0.940471E+01   0.691953E+00   0.207836E-01   0.142734E+00   0.226235E+00
 0.941595E+01   0.690771E+00   0.206908E-01   0.142498E+00   0.226235E+00
 0.942717E+01   0.689588E+00   0.205983E-01   0.142261E+00   0.226235E+00
 0.943838E+01   0.688404E+00   0.205060E-01   0.142023E+00   0.226235E+00
 0.944957E+01   0.687219E+00   0.204139E-01   0.141786E+00   0.226235E+00
 0.946076E+01   0.686035E+00   0.203220E-01   0.141549E+00   0.226235E+00
 0.947193E+01   0.684849E+00   0.202304E-01   0.141311E+00   0.226235E+00
 0.948309E+01   0.683663E+00   0.201389E-01   0.141074E+00   0.226235E+00
 0.949689E+01   0.682194E+00   0.200260E-01   0.140779E+00   0.226235E+00
 0.950791E+01   0.681018E+00   0.199360E-01   0.140543E+00   0.226235E+00
 0.951893E+01   0.679841E+00   0.198461E-01   0.140307E+00   0.226235E+00
 0.952994E+01   0.678664E+00   0.197564E-01   0.140071E+00   0.226235E+00
 0.954093E+01   0.677486E+00   0.196670E-01   0.139835E+00   0.226235E+00
 0.955191E+01   0.676307E+00   0.195778E-01   0.139599E+00   0.226235E+00
 0.956287E+01   0.675129E+00   0.194888E-01   0.139362E+00   0.226235E+00
 0.957382E+01   0.673950E+00   0.194000E-01   0.139126E+00   0.226235E+00
 0.958476E+01   0.672771E+00   0.193115E-01   0.138889E+00   0.226235E+00
 0.959569E+01   0.671591E+00   0.192232E-01   0.138652E+00   0.226235E+00
 0.960660E+01   0.670411E+00   0.191352E-01   0.138415E+00   0.226235E+00
 0.961749E+01   0.669231E+00   0.190474E-01   0.138178E+00   0.226235E+00
 0.962838E+01   0.668051E+00   0.189598E-01   0.137941E+00   0.226235E+00
 0.963925E+01   0.666870E+00   0.188724E-01   0.137704E+00   0.226235E+00
 0.965011E+01   0.665688E+00   0.187852E-01   0.137467E+00   0.226235E+00
 0.966095E+01   0.664507E+00   0.186983E-01   0.137230E+00   0.226235E+00
 0.967178E+01   0.663325E+00   0.186117E-01   0.136992E+00   0.226235E+00
 0.968260E+01   0.662142E+00   0.185252E-01   0.136755E+00   0.226235E+00
 0.969341E+01   0.660960E+00   0.184390E-01   0.136517E+00   0.226235E+00
 0.970420E+01   0.659777E+00   0.183530E-01   0.136279E+00   0.226235E+00
 0.971498E+01   0.658594E+00   0.182672E-01   0.136042E+00   0.226235E+00
 0.972575E+01   0.657410E+00   0.181817E-01   0.135804E+00   0.226235E+00
 0.973628E+01   0.656251E+00   0.180981E-01   0.135571E+00   0.226235E+00
 0.974693E+01   0.655077E+00   0.180137E-01   0.135335E+00   0.226235E+00
 0.975757E+01   0.653903E+00   0.179296E-01   0.135099E+00   0.226235E+00
 0.976819E+01   0.652728E+00   0.178457E-01   0.134862E+00   0.226235E+00
 0.977880E+01   0.651554E+00   0.177620E-01   0.134626E+00   0.226235E+00
 0.978940E+01   0.650379E+00   0.176785E-01   0.134390E+00   0.226235E+00
 0.979998E+01   0.649204E+00   0.175953E-01   0.134154E+00   0.226235E+00
 0.981056E+01   0.648029E+00   0.175123E-01   0.133917E+00   0.226235E+00
 0.982111E+01   0.646854E+00   0.174295E-01   0.133681E+00   0.226235E+00
 0.983166E+01   0.645679E+00   0.173470E-01   0.133444E+00   0.226235E+00
 0.984219E+01   0.644503E+00   0.172647E-01   0.133207E+00   0.226235E+00
 0.985271E+01   0.643327E+00   0.171826E-01   0.132971E+00   0.226235E+00
 0.986321E+01   0.642152E+00   0.171007E-01   0.132734E+00   0.226235E+00
 0.987370E+01   0.640976E+00   0.170191E-01   0.132497E+00   0.226235E+00
 0.988418E+01   0.639800E+00   0.169377E-01   0.132260E+00   0.226235E+00
 0.989465E+01   0.638624E+00   0.168565E-01   0.132024E+00   0.226235E+00
 0.990511E+01   0.637447E+00   0.167756E-01   0.131787E+00   0.226235E+00
 0.991555E+01   0.636271E+00   0.166948E-01   0.131550E+00   0.226235E+00
 0.992598E+01   0.635094E+00   0.166143E-01   0.131313E+00   0.226235E+00
 0.993639E+01   0.633917E+00   0.165341E-01   0.131075E+00   0.226235E+00
 0.994923E+01   0.632464E+00   0.164353E-01   0.130783E+00   0.226235E+00
 0.995953E+01   0.631299E+00   0.163562E-01   0.130548E+00   0.226235E+00
 0.996982E+01   0.630131E+00   0.162773E-01   0.130312E+00   0.226235E+00
 0.998009E+01   0.628964E+00   0.161987E-01   0.130077E+00   0.226235E+00
 0.999036E+01   0.627797E+00   0.161202E-01   0.129842E+00   0.226235E+00
 0.100006E+02   0.626630E+00   0.160420E-01   0.129606E+00   0.226235E+00
 0.100108E+02   0.625462E+00   0.159641E-01   0.129371E+00   0.226235E+00
 0.100211E+02   0.624295E+00   0.158863E-01   0.129135E+00   0.226235E+00
 0.100313E+02   0.623128E+00   0.158088E-01   0.128900E+00   0.226235E+00
 0.100415E+02   0.621961E+00   0.157315E-01   0.128665E+00   0.226235E+00
 0.100517E+02   0.620794E+00   0.156544E-01   0.128429E+00   0.226235E+00
 0.100618E+02   0.619627E+00   0.155775E-01   0.128193E+00   0.226235E+00
 0.100720E+02   0.618459E+00   0.155009E-01   0.127958E+00   0.226235E+00
 0.100821E+02   0.617292E+00   0.154245E-01   0.127722E+00   0.226235E+00
 0.100923E+02   0.616125E+00   0.153483E-01   0.127487E+00   0.226235E+00
 0.101024E+02   0.614958E+00   0.152723E-01   0.127251E+00   0.226235E+00
 0.101125E+02   0.613791E+00   0.151965E-01   0.127016E+00   0.226235E+00
 0.101226E+02   0.612625E+00   0.151210E-01   0.126780E+00   0.226235E+00
 0.101327E+02   0.611458E+00   0.150457E-01   0.126544E+00   0.226235E+00
 0.101428E+02   0.610291E+00   0.149706E-01   0.126309E+00   0.226235E+00
 0.101528E+02   0.609125E+00   0.148958E-01   0.126073E+00   0.226235E+00
 0.101629E+02   0.607958E+00   0.148211E-01   0.125837E+00   0.226235E+00
 0.101822E+02   0.605717E+00   0.146783E-01   0.125384E+00   0.226235E+00
 0.101922E+02   0.604549E+00   0.146042E-01   0.125148E+00   0.226235E+00
 0.102022E+02   0.603381E+00   0.145303E-01   0.124912E+00   0.226235E+00
 0.102122E+02   0.602213E+00   0.144566E-01   0.124676E+00   0.226235E+00
 0.102322E+02   0.599877E+00   0.143099E-01   0.124204E+00   0.226235E+00
 0.102521E+02   0.597542E+00   0.141640E-01   0.123731E+00   0.226235E+00
 0.102720E+02   0.595207E+00   0.140190E-01   0.123259E+00   0.226235E+00
 0.102919E+02   0.592872E+00   0.138749E-01   0.122787E+00   0.226235E+00
 0.103117E+02   0.590539E+00   0.137316E-01   0.122314E+00   0.226235E+00
 0.103314E+02   0.588206E+00   0.135891E-01   0.121842E+00   0.226235E+00
 0.103511E+02   0.585873E+00   0.134475E-01   0.121370E+00   0.226235E+00
 0.103668E+02   0.584008E+00   0.133349E-01   0.120992E+00   0.226235E+00
 0.103863E+02   0.581692E+00   0.131957E-01   0.120523E+00   0.226235E+00
 0.104061E+02   0.579346E+00   0.130555E-01   0.120048E+00   0.226235E+00
 0.104257E+02   0.577001E+00   0.129161E-01   0.119572E+00   0.226235E+00
 0.104454E+02   0.574657E+00   0.127776E-01   0.119097E+00   0.226235E+00
 0.104650E+02   0.572314E+00   0.126399E-01   0.118622E+00   0.226235E+00
 0.104845E+02   0.569972E+00   0.125030E-01   0.118147E+00   0.226235E+00
 0.105040E+02   0.567631E+00   0.123669E-01   0.117672E+00   0.226235E+00
 0.105235E+02   0.565292E+00   0.122317E-01   0.117197E+00   0.226235E+00
 0.105429E+02   0.562954E+00   0.120973E-01   0.116723E+00   0.226235E+00
 0.105623E+02   0.560617E+00   0.119637E-01   0.116249E+00   0.226235E+00
 0.105817E+02   0.558283E+00   0.118309E-01   0.115775E+00   0.226235E+00
 0.105921E+02   0.557017E+00   0.117593E-01   0.115518E+00   0.226235E+00
 0.106031E+02   0.555693E+00   0.116845E-01   0.115249E+00   0.226235E+00
 0.106141E+02   0.554363E+00   0.116096E-01   0.114978E+00   0.226235E+00
 0.106251E+02   0.553028E+00   0.115346E-01   0.114707E+00   0.226235E+00
 0.106362E+02   0.551687E+00   0.114595E-01   0.114435E+00   0.226235E+00
 0.106473E+02   0.550341E+00   0.113843E-01   0.114161E+00   0.226235E+00
 0.106585E+02   0.548990E+00   0.113090E-01   0.113887E+00   0.226235E+00
 0.106697E+02   0.547639E+00   0.112339E-01   0.113612E+00   0.226235E+00
 0.106807E+02   0.546299E+00   0.111595E-01   0.113339E+00   0.226235E+00
 0.106917E+02   0.544967E+00   0.110859E-01   0.113069E+00   0.226235E+00
 0.107027E+02   0.543645E+00   0.110129E-01   0.112800E+00   0.226235E+00
 0.107135E+02   0.542332E+00   0.109405E-01   0.112533E+00   0.226235E+00
 0.107243E+02   0.541028E+00   0.108687E-01   0.112268E+00   0.226235E+00
 0.107351E+02   0.539731E+00   0.107976E-01   0.112004E+00   0.226235E+00
 0.107457E+02   0.538443E+00   0.107270E-01   0.111742E+00   0.226235E+00
 0.107563E+02   0.537163E+00   0.106570E-01   0.111481E+00   0.226235E+00
 0.107669E+02   0.535890E+00   0.105875E-01   0.111222E+00   0.226235E+00
 0.107824E+02   0.534027E+00   0.104859E-01   0.110843E+00   0.226235E+00
 0.107962E+02   0.532359E+00   0.103952E-01   0.110504E+00   0.226235E+00
 0.108103E+02   0.530667E+00   0.103034E-01   0.110159E+00   0.226235E+00
 0.108243E+02   0.528981E+00   0.102123E-01   0.109816E+00   0.226235E+00
 0.108383E+02   0.527302E+00   0.101217E-01   0.109473E+00   0.226235E+00
 0.108522E+02   0.525628E+00   0.100318E-01   0.109132E+00   0.226235E+00
 0.108661E+02   0.523959E+00   0.994247E-02   0.108792E+00   0.226235E+00
 0.108799E+02   0.522295E+00   0.985379E-02   0.108453E+00   0.226235E+00
 0.108937E+02   0.520635E+00   0.976573E-02   0.108115E+00   0.226235E+00
 0.109074E+02   0.518980E+00   0.967829E-02   0.107778E+00   0.226235E+00
 0.109210E+02   0.517328E+00   0.959147E-02   0.107441E+00   0.226235E+00
 0.109346E+02   0.515679E+00   0.950528E-02   0.107105E+00   0.226235E+00
 0.109482E+02   0.514033E+00   0.941970E-02   0.106769E+00   0.226235E+00
 0.109617E+02   0.512390E+00   0.933474E-02   0.106434E+00   0.226235E+00
 0.109751E+02   0.510749E+00   0.925040E-02   0.106099E+00   0.226235E+00
 0.109904E+02   0.508879E+00   0.915494E-02   0.105717E+00   0.226235E+00
 0.110067E+02   0.506880E+00   0.905362E-02   0.105309E+00   0.226235E+00
 0.110229E+02   0.504879E+00   0.895296E-02   0.104901E+00   0.226235E+00
 0.110391E+02   0.502877E+00   0.885298E-02   0.104492E+00   0.226235E+00
 0.110552E+02   0.500874E+00   0.875366E-02   0.104083E+00   0.226235E+00
 0.110713E+02   0.498870E+00   0.865500E-02   0.103674E+00   0.226235E+00
 0.110874E+02   0.496864E+00   0.855699E-02   0.103264E+00   0.226235E+00
 0.111034E+02   0.494858E+00   0.845964E-02   0.102854E+00   0.226235E+00
 0.111194E+02   0.492852E+00   0.836295E-02   0.102444E+00   0.226235E+00
 0.111354E+02   0.490845E+00   0.826692E-02   0.102034E+00   0.226235E+00
 0.111513E+02   0.488837E+00   0.817154E-02   0.101623E+00   0.226235E+00
 0.111671E+02   0.486830E+00   0.807681E-02   0.101213E+00   0.226235E+00
 0.111829E+02   0.484823E+00   0.798272E-02   0.100802E+00   0.226235E+00
 0.111971E+02   0.483020E+00   0.789876E-02   0.100434E+00   0.226235E+00
 0.112112E+02   0.481230E+00   0.781589E-02   0.100067E+00   0.226235E+00
 0.112252E+02   0.479442E+00   0.773364E-02   0.997014E-01   0.226235E+00
 0.112391E+02   0.477656E+00   0.765201E-02   0.993359E-01   0.226235E+00
 0.112530E+02   0.475873E+00   0.757099E-02   0.989708E-01   0.226235E+00
 0.112669E+02   0.474091E+00   0.749058E-02   0.986061E-01   0.226235E+00
 0.112807E+02   0.472311E+00   0.741076E-02   0.982416E-01   0.226235E+00
 0.112944E+02   0.470534E+00   0.733154E-02   0.978776E-01   0.226235E+00
 0.113081E+02   0.468758E+00   0.725291E-02   0.975138E-01   0.226235E+00
 0.113218E+02   0.466984E+00   0.717489E-02   0.971505E-01   0.226235E+00
 0.113354E+02   0.465212E+00   0.709744E-02   0.967874E-01   0.226235E+00
 0.113490E+02   0.463442E+00   0.702059E-02   0.964246E-01   0.226235E+00
 0.113625E+02   0.461674E+00   0.694430E-02   0.960622E-01   0.226235E+00
 0.113755E+02   0.459960E+00   0.687085E-02   0.957108E-01   0.226235E+00
 0.113887E+02   0.458232E+00   0.679724E-02   0.953564E-01   0.226235E+00
 0.114018E+02   0.456505E+00   0.672420E-02   0.950024E-01   0.226235E+00
 0.114148E+02   0.454781E+00   0.665172E-02   0.946487E-01   0.226235E+00
 0.114278E+02   0.453058E+00   0.657978E-02   0.942953E-01   0.226235E+00
 0.114408E+02   0.451338E+00   0.650840E-02   0.939423E-01   0.226235E+00
 0.114537E+02   0.449618E+00   0.643755E-02   0.935895E-01   0.226235E+00
 0.114666E+02   0.447901E+00   0.636725E-02   0.932371E-01   0.226235E+00
 0.114794E+02   0.446186E+00   0.629749E-02   0.928850E-01   0.226235E+00
 0.114922E+02   0.444472E+00   0.622826E-02   0.925332E-01   0.226235E+00
 0.115049E+02   0.442760E+00   0.615956E-02   0.921816E-01   0.226235E+00
 0.115176E+02   0.441050E+00   0.609139E-02   0.918304E-01   0.226235E+00
 0.115302E+02   0.439341E+00   0.602375E-02   0.914796E-01   0.226235E+00
 0.115428E+02   0.437635E+00   0.595662E-02   0.911290E-01   0.226235E+00
 0.115570E+02   0.435701E+00   0.588110E-02   0.907317E-01   0.226235E+00
 0.115690E+02   0.434068E+00   0.581776E-02   0.903960E-01   0.226235E+00
 0.115810E+02   0.432436E+00   0.575492E-02   0.900608E-01   0.226235E+00
 0.115929E+02   0.430807E+00   0.569256E-02   0.897259E-01   0.226235E+00
 0.116047E+02   0.429180E+00   0.563069E-02   0.893914E-01   0.226235E+00
 0.116166E+02   0.427555E+00   0.556930E-02   0.890573E-01   0.226235E+00
 0.116283E+02   0.425932E+00   0.550839E-02   0.887235E-01   0.226235E+00
 0.116400E+02   0.424310E+00   0.544797E-02   0.883901E-01   0.226235E+00
 0.116517E+02   0.422691E+00   0.538801E-02   0.880570E-01   0.226235E+00
 0.116634E+02   0.421074E+00   0.532853E-02   0.877243E-01   0.226235E+00
 0.116750E+02   0.419458E+00   0.526951E-02   0.873919E-01   0.226235E+00
 0.116865E+02   0.417844E+00   0.521096E-02   0.870598E-01   0.226235E+00
 0.116980E+02   0.416233E+00   0.515286E-02   0.867281E-01   0.226235E+00
 0.117095E+02   0.414623E+00   0.509522E-02   0.863967E-01   0.226235E+00
 0.117209E+02   0.413014E+00   0.503804E-02   0.860656E-01   0.226235E+00
 0.117343E+02   0.411134E+00   0.497166E-02   0.856785E-01   0.226235E+00
 0.117452E+02   0.409592E+00   0.491763E-02   0.853610E-01   0.226235E+00
 0.117560E+02   0.408053E+00   0.486404E-02   0.850439E-01   0.226235E+00
 0.117668E+02   0.406515E+00   0.481087E-02   0.847273E-01   0.226235E+00
 0.117776E+02   0.404980E+00   0.475813E-02   0.844109E-01   0.226235E+00
 0.117883E+02   0.403446E+00   0.470580E-02   0.840950E-01   0.226235E+00
 0.117990E+02   0.401915E+00   0.465390E-02   0.837794E-01   0.226235E+00
 0.118097E+02   0.400385E+00   0.460240E-02   0.834642E-01   0.226235E+00
 0.118203E+02   0.398857E+00   0.455132E-02   0.831494E-01   0.226235E+00
 0.118308E+02   0.397332E+00   0.450065E-02   0.828349E-01   0.226235E+00
 0.118414E+02   0.395808E+00   0.445039E-02   0.825207E-01   0.226235E+00
 0.118518E+02   0.394286E+00   0.440053E-02   0.822069E-01   0.226235E+00
 0.118623E+02   0.392766E+00   0.435107E-02   0.818935E-01   0.226235E+00
 0.118727E+02   0.391247E+00   0.430200E-02   0.815803E-01   0.226235E+00
 0.118831E+02   0.389731E+00   0.425333E-02   0.812675E-01   0.226235E+00
 0.118949E+02   0.387993E+00   0.419797E-02   0.809091E-01   0.226235E+00
 0.119096E+02   0.385827E+00   0.412957E-02   0.804622E-01   0.226235E+00
 0.119243E+02   0.383665E+00   0.406195E-02   0.800159E-01   0.226235E+00
 0.119388E+02   0.381507E+00   0.399517E-02   0.795706E-01   0.226235E+00
 0.119533E+02   0.379354E+00   0.392920E-02   0.791262E-01   0.226235E+00
 0.119677E+02   0.377205E+00   0.386404E-02   0.786826E-01   0.226235E+00
 0.119819E+02   0.375061E+00   0.379967E-02   0.782398E-01   0.226235E+00
 0.119961E+02   0.372921E+00   0.373609E-02   0.777978E-01   0.226235E+00
 0.120103E+02   0.370785E+00   0.367329E-02   0.773566E-01   0.226235E+00
 0.120243E+02   0.368653E+00   0.361126E-02   0.769162E-01   0.226235E+00
 0.120383E+02   0.366525E+00   0.354998E-02   0.764765E-01   0.226235E+00
 0.120521E+02   0.364402E+00   0.348946E-02   0.760376E-01   0.226235E+00
 0.120644E+02   0.362520E+00   0.343635E-02   0.756486E-01   0.226235E+00
 0.120775E+02   0.360491E+00   0.337965E-02   0.752292E-01   0.226235E+00
 0.120906E+02   0.358467E+00   0.332366E-02   0.748107E-01   0.226235E+00
 0.121036E+02   0.356447E+00   0.326837E-02   0.743930E-01   0.226235E+00
 0.121165E+02   0.354432E+00   0.321375E-02   0.739762E-01   0.226235E+00
 0.121293E+02   0.352421E+00   0.315982E-02   0.735602E-01   0.226235E+00
 0.121421E+02   0.350414E+00   0.310656E-02   0.731449E-01   0.226235E+00
 0.121547E+02   0.348411E+00   0.305396E-02   0.727305E-01   0.226235E+00
 0.121673E+02   0.346412E+00   0.300201E-02   0.723168E-01   0.226235E+00
 0.121799E+02   0.344417E+00   0.295071E-02   0.719039E-01   0.226235E+00
 0.121923E+02   0.342426E+00   0.290005E-02   0.714917E-01   0.226235E+00
 0.122047E+02   0.340439E+00   0.285002E-02   0.710803E-01   0.226235E+00
 0.122168E+02   0.338473E+00   0.280103E-02   0.706732E-01   0.226235E+00
 0.122283E+02   0.336612E+00   0.275514E-02   0.702879E-01   0.226235E+00
 0.122397E+02   0.334756E+00   0.270984E-02   0.699035E-01   0.226235E+00
 0.122511E+02   0.332905E+00   0.266511E-02   0.695200E-01   0.226235E+00
 0.122623E+02   0.331058E+00   0.262095E-02   0.691373E-01   0.226235E+00
 0.122735E+02   0.329215E+00   0.257735E-02   0.687555E-01   0.226235E+00
 0.122846E+02   0.327377E+00   0.253431E-02   0.683745E-01   0.226235E+00
 0.122957E+02   0.325542E+00   0.249181E-02   0.679941E-01   0.226235E+00
 0.123067E+02   0.323711E+00   0.244985E-02   0.676146E-01   0.226235E+00
 0.123175E+02   0.321883E+00   0.240843E-02   0.672357E-01   0.226235E+00
 0.123284E+02   0.320059E+00   0.236753E-02   0.668576E-01   0.226235E+00
 0.123391E+02   0.318239E+00   0.232715E-02   0.664801E-01   0.226235E+00
 0.123498E+02   0.316423E+00   0.228728E-02   0.661033E-01   0.226235E+00
 0.123620E+02   0.314350E+00   0.224233E-02   0.656735E-01   0.226235E+00
 0.123723E+02   0.312582E+00   0.220441E-02   0.653066E-01   0.226235E+00
 0.123825E+02   0.310817E+00   0.216697E-02   0.649405E-01   0.226235E+00
 0.123927E+02   0.309056E+00   0.213001E-02   0.645751E-01   0.226235E+00
 0.124028E+02   0.307299E+00   0.209353E-02   0.642105E-01   0.226235E+00
 0.124128E+02   0.305546E+00   0.205752E-02   0.638466E-01   0.226235E+00
 0.124261E+02   0.303214E+00   0.201021E-02   0.633625E-01   0.226235E+00
 0.124393E+02   0.300888E+00   0.196371E-02   0.628797E-01   0.226235E+00
 0.124523E+02   0.298569E+00   0.191799E-02   0.623982E-01   0.226235E+00
 0.124653E+02   0.296257E+00   0.187305E-02   0.619179E-01   0.226235E+00
 0.124781E+02   0.293951E+00   0.182888E-02   0.614390E-01   0.226235E+00
 0.124885E+02   0.292076E+00   0.179341E-02   0.610495E-01   0.226235E+00
 0.124995E+02   0.290083E+00   0.175617E-02   0.606355E-01   0.226235E+00
 0.125106E+02   0.288065E+00   0.171892E-02   0.602161E-01   0.226235E+00
 0.125215E+02   0.286056E+00   0.168235E-02   0.597986E-01   0.226235E+00
 0.125324E+02   0.284054E+00   0.164642E-02   0.593826E-01   0.226235E+00
 0.125431E+02   0.282060E+00   0.161113E-02   0.589680E-01   0.226235E+00
 0.125538E+02   0.280071E+00   0.157647E-02   0.585547E-01   0.226235E+00
 0.125643E+02   0.278089E+00   0.154242E-02   0.581425E-01   0.226235E+00
 0.125747E+02   0.276112E+00   0.150899E-02   0.577313E-01   0.226235E+00
 0.125850E+02   0.274139E+00   0.147615E-02   0.573211E-01   0.226235E+00
 0.125952E+02   0.272171E+00   0.144389E-02   0.569117E-01   0.226235E+00
 0.126053E+02   0.270206E+00   0.141221E-02   0.565031E-01   0.226235E+00
 0.126154E+02   0.268246E+00   0.138108E-02   0.560953E-01   0.226235E+00
 0.126271E+02   0.265925E+00   0.134487E-02   0.556124E-01   0.226235E+00
 0.126384E+02   0.263683E+00   0.131051E-02   0.551459E-01   0.226235E+00
 0.126496E+02   0.261434E+00   0.127661E-02   0.546778E-01   0.226235E+00
 0.126607E+02   0.259178E+00   0.124316E-02   0.542082E-01   0.226235E+00
 0.126719E+02   0.256918E+00   0.121015E-02   0.537377E-01   0.226235E+00
 0.126830E+02   0.254655E+00   0.117759E-02   0.532665E-01   0.226235E+00
 0.126940E+02   0.252390E+00   0.114546E-02   0.527949E-01   0.226235E+00
 0.127050E+02   0.250125E+00   0.111377E-02   0.523233E-01   0.226235E+00
 0.127159E+02   0.247861E+00   0.108251E-02   0.518519E-01   0.226235E+00
 0.127269E+02   0.245601E+00   0.105169E-02   0.513810E-01   0.226235E+00
 0.127373E+02   0.243437E+00   0.102253E-02   0.509303E-01   0.226235E+00
 0.127478E+02   0.241246E+00   0.993372E-03   0.504738E-01   0.226235E+00
 0.127582E+02   0.239078E+00   0.964994E-03   0.500219E-01   0.226235E+00
 0.127683E+02   0.236926E+00   0.937409E-03   0.495735E-01   0.226235E+00
 0.127799E+02   0.234429E+00   0.906227E-03   0.490531E-01   0.226235E+00
 0.127913E+02   0.231940E+00   0.876107E-03   0.485343E-01   0.226235E+00
 0.128024E+02   0.229454E+00   0.847023E-03   0.480158E-01   0.226235E+00
 0.128132E+02   0.226963E+00   0.818938E-03   0.474966E-01   0.226235E+00
 0.128238E+02   0.224466E+00   0.791814E-03   0.469759E-01   0.226235E+00
 0.128341E+02   0.221959E+00   0.765608E-03   0.464530E-01   0.226235E+00
 0.128443E+02   0.219439E+00   0.740280E-03   0.459274E-01   0.226235E+00
 0.128554E+02   0.216589E+00   0.712703E-03   0.453328E-01   0.226235E+00
 0.128661E+02   0.213835E+00   0.686828E-03   0.447584E-01   0.226235E+00
 0.128763E+02   0.211171E+00   0.662238E-03   0.442025E-01   0.226235E+00
 0.128877E+02   0.208224E+00   0.635290E-03   0.435874E-01   0.226235E+00
 0.128989E+02   0.205377E+00   0.609274E-03   0.429932E-01   0.226235E+00
 0.129099E+02   0.202629E+00   0.583966E-03   0.424197E-01   0.226235E+00
 0.129208E+02   0.199983E+00   0.559184E-03   0.418672E-01   0.226235E+00
 0.129317E+02   0.197439E+00   0.534765E-03   0.413361E-01   0.226235E+00
 0.129426E+02   0.195025E+00   0.510815E-03   0.408320E-01   0.226235E+00
 0.129529E+02   0.192804E+00   0.488437E-03   0.403683E-01   0.226235E+00
 0.129638E+02   0.190407E+00   0.465169E-03   0.398676E-01   0.226235E+00
 0.129740E+02   0.187976E+00   0.443506E-03   0.393598E-01   0.226235E+00
 0.129844E+02   0.185242E+00   0.421858E-03   0.387888E-01   0.226235E+00
 0.129948E+02   0.182132E+00   0.400439E-03   0.381390E-01   0.226235E+00
 0.130053E+02   0.178574E+00   0.379364E-03   0.373957E-01   0.226235E+00
 0.130158E+02   0.174512E+00   0.358714E-03   0.365468E-01   0.226235E+00
 0.130262E+02   0.169929E+00   0.338624E-03   0.355888E-01   0.226235E+00
 0.130364E+02   0.165154E+00   0.319647E-03   0.345906E-01   0.226235E+00
 0.130466E+02   0.160486E+00   0.301333E-03   0.336145E-01   0.226235E+00
 0.130568E+02   0.156192E+00   0.283404E-03   0.327166E-01   0.226235E+00
 0.130675E+02   0.152408E+00   0.264998E-03   0.319254E-01   0.226235E+00
 0.130777E+02   0.149770E+00   0.247964E-03   0.313738E-01   0.226235E+00
 0.130879E+02   0.148261E+00   0.231209E-03   0.310581E-01   0.226235E+00
 0.130983E+02   0.148069E+00   0.214318E-03   0.310179E-01   0.226235E+00
 0.131084E+02   0.148483E+00   0.197748E-03   0.311046E-01   0.226235E+00
 0.131186E+02   0.147689E+00   0.181165E-03   0.309385E-01   0.226235E+00
 0.131286E+02   0.143998E+00   0.165082E-03   0.301666E-01   0.226235E+00
 0.131387E+02   0.135974E+00   0.149382E-03   0.284884E-01   0.226235E+00
 0.131488E+02   0.123509E+00   0.135075E-03   0.258790E-01   0.226235E+00
 0.131588E+02   0.107783E+00   0.122278E-03   0.225814E-01   0.226235E+00
 0.131690E+02   0.920759E-01   0.111191E-03   0.192842E-01   0.226235E+00
 0.131791E+02   0.784540E-01   0.101810E-03   0.164252E-01   0.226235E+00
 0.131893E+02   0.671692E-01   0.936924E-04   0.140589E-01   0.226235E+00
 0.131995E+02   0.583147E-01   0.867139E-04   0.122047E-01   0.226235E+00
 0.132097E+02   0.515522E-01   0.806377E-04   0.107905E-01   0.226235E+00
 0.132201E+02   0.464225E-01   0.751540E-04   0.971912E-02   0.226235E+00
 0.132302E+02   0.427893E-01   0.702769E-04   0.896108E-02   0.226235E+00
 0.132404E+02   0.402239E-01   0.656709E-04   0.842619E-02   0.226235E+00
 0.132505E+02   0.383820E-01   0.614018E-04   0.804213E-02   0.226235E+00
 0.132605E+02   0.368468E-01   0.573357E-04   0.772186E-02   0.226235E+00
 0.132709E+02   0.352827E-01   0.532713E-04   0.739533E-02   0.226235E+00
 0.132812E+02   0.336312E-01   0.494641E-04   0.705016E-02   0.226235E+00
 0.132915E+02   0.318950E-01   0.458215E-04   0.668689E-02   0.226235E+00
 0.133016E+02   0.301962E-01   0.424647E-04   0.633110E-02   0.226235E+00
 0.133118E+02   0.285076E-01   0.392424E-04   0.597713E-02   0.226235E+00
 0.133222E+02   0.268699E-01   0.361670E-04   0.563355E-02   0.226235E+00
 0.133323E+02   0.253557E-01   0.333513E-04   0.531576E-02   0.226235E+00
 0.133425E+02   0.238932E-01   0.306868E-04   0.500894E-02   0.226235E+00
 0.133527E+02   0.224674E-01   0.281669E-04   0.471015E-02   0.226235E+00
 0.133629E+02   0.210853E-01   0.258130E-04   0.442104E-02   0.226235E+00
 0.133733E+02   0.197084E-01   0.235552E-04   0.413330E-02   0.226235E+00
 0.133835E+02   0.184015E-01   0.214885E-04   0.386017E-02   0.226235E+00
 0.133936E+02   0.171650E-01   0.195980E-04   0.360146E-02   0.226235E+00
 0.134039E+02   0.159418E-01   0.177913E-04   0.334518E-02   0.226235E+00
 0.134140E+02   0.147976E-01   0.161625E-04   0.310521E-02   0.226235E+00
 0.134242E+02   0.136883E-01   0.146411E-04   0.287236E-02   0.226235E+00
 0.134342E+02   0.126322E-01   0.132482E-04   0.265062E-02   0.226235E+00
 0.134444E+02   0.116137E-01   0.119597E-04   0.243677E-02   0.226235E+00
 0.134545E+02   0.106422E-01   0.107826E-04   0.223292E-02   0.226235E+00
 0.134645E+02   0.972144E-02   0.971529E-05   0.203985E-02   0.226235E+00
 0.134746E+02   0.884223E-02   0.874348E-05   0.185556E-02   0.226235E+00
 0.134846E+02   0.800903E-02   0.786608E-05   0.168094E-02   0.226235E+00
 0.134948E+02   0.720176E-02   0.705758E-05   0.151169E-02   0.226235E+00
 0.135050E+02   0.644033E-02   0.633387E-05   0.135188E-02   0.226235E+00
 0.135151E+02   0.573275E-02   0.569548E-05   0.120320E-02   0.226235E+00
 0.135252E+02   0.507525E-02   0.513474E-05   0.106534E-02   0.226235E+00
 0.135354E+02   0.444872E-02   0.463091E-05   0.934435E-03   0.226235E+00
 0.135457E+02   0.387175E-02   0.419183E-05   0.813445E-03   0.226235E+00
 0.135557E+02   0.335136E-02   0.381805E-05   0.704097E-03   0.226235E+00
 0.135660E+02   0.286870E-02   0.349234E-05   0.602958E-03   0.226235E+00
 0.135762E+02   0.243335E-02   0.321504E-05   0.511485E-03   0.226235E+00
 0.135862E+02   0.205783E-02   0.298389E-05   0.432648E-03   0.226235E+00
 0.135963E+02   0.172460E-02   0.278920E-05   0.362611E-03   0.226235E+00
 0.136065E+02   0.146122E-02   0.262465E-05   0.307440E-03   0.226235E+00
 0.136165E+02   0.124889E-02   0.248546E-05   0.262934E-03   0.226235E+00
 0.136268E+02   0.119195E-02   0.236043E-05   0.250803E-03   0.226235E+00
 0.136370E+02   0.117025E-02   0.223661E-05   0.246199E-03   0.226235E+00
 0.136473E+02   0.111706E-02   0.211746E-05   0.234980E-03   0.226235E+00
 0.136577E+02   0.104875E-02   0.200322E-05   0.220658E-03   0.226235E+00
 0.136679E+02   0.981249E-03   0.189831E-05   0.206544E-03   0.226235E+00
 0.136781E+02   0.922668E-03   0.180114E-05   0.194277E-03   0.226235E+00
 0.136888E+02   0.871583E-03   0.170404E-05   0.183551E-03   0.226235E+00
 0.136992E+02   0.830327E-03   0.161516E-05   0.174878E-03   0.226235E+00
 0.137097E+02   0.794445E-03   0.152955E-05   0.167333E-03   0.226235E+00
 0.137199E+02   0.763530E-03   0.144992E-05   0.160837E-03   0.226235E+00
 0.137304E+02   0.734318E-03   0.137087E-05   0.154703E-03   0.226235E+00
 0.137408E+02   0.706985E-03   0.129635E-05   0.148968E-03   0.226235E+00
 0.137511E+02   0.679850E-03   0.122534E-05   0.143275E-03   0.226235E+00
 0.137612E+02   0.652202E-03   0.115840E-05   0.137470E-03   0.226235E+00
 0.137715E+02   0.622101E-03   0.109264E-05   0.131141E-03   0.226235E+00
 0.137822E+02   0.589161E-03   0.102874E-05   0.124199E-03   0.226235E+00
 0.137922E+02   0.557026E-03   0.971948E-06   0.117415E-03   0.226235E+00
 0.138025E+02   0.525262E-03   0.916585E-06   0.110723E-03   0.226235E+00
 0.138130E+02   0.496160E-03   0.863815E-06   0.104619E-03   0.226235E+00
 0.138237E+02   0.468328E-03   0.812945E-06   0.987774E-04   0.226235E+00
 0.138340E+02   0.442481E-03   0.766692E-06   0.933265E-04   0.226235E+00
 0.138442E+02   0.418614E-03   0.723903E-06   0.882809E-04   0.226235E+00
 0.138543E+02   0.396536E-03   0.683230E-06   0.836138E-04   0.226235E+00
 0.138644E+02   0.376926E-03   0.645259E-06   0.794772E-04   0.226235E+00
 0.138747E+02   0.358988E-03   0.608132E-06   0.757048E-04   0.226235E+00
 0.138850E+02   0.342927E-03   0.573093E-06   0.723334E-04   0.226235E+00
 0.138953E+02   0.327825E-03   0.539196E-06   0.691651E-04   0.226235E+00
 0.139058E+02   0.313336E-03   0.506496E-06   0.661231E-04   0.226235E+00
 0.139158E+02   0.299954E-03   0.476741E-06   0.633092E-04   0.226235E+00
 0.139263E+02   0.286179E-03   0.447010E-06   0.604062E-04   0.226235E+00
 0.139364E+02   0.273181E-03   0.419827E-06   0.576620E-04   0.226235E+00
 0.139469E+02   0.259795E-03   0.392647E-06   0.548339E-04   0.226235E+00
 0.139574E+02   0.246863E-03   0.367116E-06   0.521024E-04   0.226235E+00
 0.139676E+02   0.234522E-03   0.343369E-06   0.494986E-04   0.226235E+00
 0.139778E+02   0.222715E-03   0.321102E-06   0.470110E-04   0.226235E+00
 0.139885E+02   0.210824E-03   0.298861E-06   0.445075E-04   0.226235E+00
 0.139991E+02   0.199692E-03   0.277971E-06   0.421634E-04   0.226235E+00
 0.140094E+02   0.189636E-03   0.258853E-06   0.400440E-04   0.226235E+00
 0.140197E+02   0.180224E-03   0.240699E-06   0.380577E-04   0.226235E+00
 0.140299E+02   0.171149E-03   0.223661E-06   0.361413E-04   0.226235E+00
 0.140401E+02   0.161855E-03   0.207452E-06   0.341783E-04   0.226235E+00
 0.140504E+02   0.152120E-03   0.192162E-06   0.321235E-04   0.226235E+00
 0.140608E+02   0.141774E-03   0.177662E-06   0.299432E-04   0.226235E+00
 0.140711E+02   0.131670E-03   0.164269E-06   0.278153E-04   0.226235E+00
 0.140814E+02   0.122516E-03   0.151939E-06   0.258863E-04   0.226235E+00
 0.140918E+02   0.114493E-03   0.140304E-06   0.241926E-04   0.226235E+00
 0.141022E+02   0.107602E-03   0.129484E-06   0.227363E-04   0.226235E+00
 0.141123E+02   0.101498E-03   0.119539E-06   0.214459E-04   0.226235E+00
 0.141227E+02   0.956010E-04   0.109964E-06   0.202000E-04   0.226235E+00
 0.141328E+02   0.899751E-04   0.101156E-06   0.190129E-04   0.226235E+00
 0.141429E+02   0.844146E-04   0.929359E-07   0.178405E-04   0.226235E+00
 0.141532E+02   0.787059E-04   0.850718E-07   0.166366E-04   0.226235E+00
 0.141636E+02   0.729661E-04   0.777567E-07   0.154246E-04   0.226235E+00
 0.141736E+02   0.675262E-04   0.711928E-07   0.142746E-04   0.226235E+00
 0.141840E+02   0.623498E-04   0.649564E-07   0.131805E-04   0.226235E+00
 0.141942E+02   0.578147E-04   0.592525E-07   0.122236E-04   0.226235E+00
 0.142043E+02   0.538979E-04   0.540682E-07   0.113983E-04   0.226235E+00
 0.142144E+02   0.502821E-04   0.492056E-07   0.106358E-04   0.226235E+00
 0.142246E+02   0.468243E-04   0.446329E-07   0.990494E-05   0.226235E+00
 0.142347E+02   0.435257E-04   0.404321E-07   0.920583E-05   0.226235E+00
 0.142449E+02   0.402976E-04   0.364824E-07   0.852164E-05   0.226235E+00
 0.142553E+02   0.371649E-04   0.327974E-07   0.785968E-05   0.226235E+00
 0.142658E+02   0.341505E-04   0.293631E-07   0.722527E-05   0.226235E+00
 0.142763E+02   0.313509E-04   0.262032E-07   0.663612E-05   0.226235E+00
 0.142865E+02   0.288932E-04   0.234014E-07   0.611690E-05   0.226235E+00
 0.142967E+02   0.265750E-04   0.208166E-07   0.562513E-05   0.226235E+00
 0.143069E+02   0.242282E-04   0.184591E-07   0.512685E-05   0.226235E+00
 0.143172E+02   0.217656E-04   0.163038E-07   0.460527E-05   0.226235E+00
 0.143275E+02   0.194537E-04   0.143814E-07   0.411652E-05   0.226235E+00
 0.143379E+02   0.174690E-04   0.126521E-07   0.369686E-05   0.226235E+00
 0.143482E+02   0.157841E-04   0.111005E-07   0.334040E-05   0.226235E+00
 0.143583E+02   0.143269E-04   0.973320E-08   0.303206E-05   0.226235E+00
 0.143683E+02   0.129969E-04   0.849719E-08   0.275067E-05   0.226235E+00
 0.143785E+02   0.117442E-04   0.736714E-08   0.248574E-05   0.226235E+00
 0.143886E+02   0.105611E-04   0.634876E-08   0.223564E-05   0.226235E+00
 0.143986E+02   0.944496E-05   0.545016E-08   0.199973E-05   0.226235E+00
 0.144088E+02   0.835708E-05   0.463971E-08   0.176971E-05   0.226235E+00
 0.144191E+02   0.731346E-05   0.392232E-08   0.154893E-05   0.226235E+00
 0.144293E+02   0.634971E-05   0.329558E-08   0.134490E-05   0.226235E+00
 0.144394E+02   0.554335E-05   0.276441E-08   0.117411E-05   0.226235E+00
 0.144494E+02   0.488358E-05   0.230037E-08   0.103437E-05   0.226235E+00
 0.144595E+02   0.432286E-05   0.188739E-08   0.915604E-06   0.226235E+00
 0.144696E+02   0.357563E-05   0.153061E-08   0.757394E-06   0.226235E+00
 0.144797E+02   0.284331E-05   0.124689E-08   0.602361E-06   0.226235E+00
 0.144898E+02   0.244571E-05   0.101095E-08   0.518152E-06   0.226235E+00
 0.144999E+02   0.209097E-05   0.810036E-09   0.443026E-06   0.226235E+00
 0.145099E+02   0.174824E-05   0.640460E-09   0.370434E-06   0.226235E+00
 0.145200E+02   0.145344E-05   0.497829E-09   0.307962E-06   0.226235E+00
 0.145301E+02   0.120427E-05   0.380489E-09   0.255142E-06   0.226235E+00
 0.145402E+02   0.962511E-06   0.284594E-09   0.203934E-06   0.226235E+00
 0.145503E+02   0.740384E-06   0.209294E-09   0.156932E-06   0.226235E+00
 0.145604E+02   0.578779E-06   0.151295E-09   0.122691E-06   0.226235E+00
 0.145705E+02   0.449227E-06   0.106248E-09   0.952259E-07   0.226235E+00
 0.145806E+02   0.338433E-06   0.718576E-10   0.717472E-07   0.226235E+00
 0.145907E+02   0.245512E-06   0.463562E-10   0.520612E-07   0.226235E+00
 0.146007E+02   0.172537E-06   0.283051E-10   0.365883E-07   0.226235E+00
 0.146107E+02   0.114639E-06   0.159160E-10   0.243044E-07   0.226235E+00
 0.146207E+02   0.693032E-07   0.801428E-11   0.146928E-07   0.226235E+00
 0.146307E+02   0.392906E-07   0.340489E-11   0.833084E-08   0.226235E+00
 0.146408E+02   0.166810E-07   0.104644E-11   0.353767E-08   0.226235E+00
 0.146508E+02   0.486378E-08   0.163034E-12   0.103140E-08   0.226235E+00
