 0.000000E+00   0.124668E+01   0.111700E+00   0.249714E+00   0.249714E+00
 0.100572E-01   0.124668E+01   0.111700E+00   0.249714E+00   0.249714E+00
 0.202985E-01   0.124668E+01   0.111700E+00   0.249714E+00   0.249714E+00
 0.306635E-01   0.124668E+01   0.111699E+00   0.249713E+00   0.249714E+00
 0.407249E-01   0.124667E+01   0.111698E+00   0.249713E+00   0.249714E+00
 0.508720E-01   0.124667E+01   0.111697E+00   0.249712E+00   0.249714E+00
 0.614711E-01   0.124666E+01   0.111696E+00   0.249711E+00   0.249714E+00
 0.722656E-01   0.124666E+01   0.111694E+00   0.249710E+00   0.249714E+00
 0.830074E-01   0.124665E+01   0.111692E+00   0.249709E+00   0.249714E+00
 0.934510E-01   0.124664E+01   0.111690E+00   0.249707E+00   0.249714E+00
 0.104647E+00   0.124664E+01   0.111688E+00   0.249706E+00   0.249714E+00
 0.115245E+00   0.124663E+01   0.111685E+00   0.249704E+00   0.249714E+00
 0.126461E+00   0.124661E+01   0.111682E+00   0.249702E+00   0.249714E+00
 0.136796E+00   0.124660E+01   0.111678E+00   0.249700E+00   0.249714E+00
 0.147627E+00   0.124659E+01   0.111675E+00   0.249698E+00   0.249714E+00
 0.158956E+00   0.124658E+01   0.111671E+00   0.249695E+00   0.249714E+00
 0.169069E+00   0.124656E+01   0.111667E+00   0.249692E+00   0.249714E+00
 0.179559E+00   0.124655E+01   0.111663E+00   0.249690E+00   0.249714E+00
 0.190433E+00   0.124653E+01   0.111658E+00   0.249687E+00   0.249714E+00
 0.201693E+00   0.124651E+01   0.111653E+00   0.249683E+00   0.249714E+00
 0.213342E+00   0.124649E+01   0.111647E+00   0.249680E+00   0.249714E+00
 0.223351E+00   0.124648E+01   0.111642E+00   0.249676E+00   0.249714E+00
 0.233639E+00   0.124646E+01   0.111636E+00   0.249673E+00   0.249714E+00
 0.244204E+00   0.124644E+01   0.111630E+00   0.249669E+00   0.249714E+00
 0.255054E+00   0.124641E+01   0.111624E+00   0.249665E+00   0.249714E+00
 0.266190E+00   0.124639E+01   0.111617E+00   0.249661E+00   0.249714E+00
 0.277612E+00   0.124637E+01   0.111610E+00   0.249656E+00   0.249714E+00
 0.289324E+00   0.124634E+01   0.111602E+00   0.249651E+00   0.249714E+00
 0.301328E+00   0.124631E+01   0.111594E+00   0.249646E+00   0.249714E+00
 0.313624E+00   0.124628E+01   0.111585E+00   0.249640E+00   0.249714E+00
 0.323676E+00   0.124625E+01   0.111577E+00   0.249635E+00   0.249714E+00
 0.333919E+00   0.124622E+01   0.111570E+00   0.249630E+00   0.249714E+00
 0.344353E+00   0.124620E+01   0.111561E+00   0.249625E+00   0.249714E+00
 0.354982E+00   0.124616E+01   0.111553E+00   0.249619E+00   0.249714E+00
 0.365805E+00   0.124613E+01   0.111543E+00   0.249613E+00   0.249714E+00
 0.376824E+00   0.124610E+01   0.111534E+00   0.249607E+00   0.249714E+00
 0.388037E+00   0.124606E+01   0.111524E+00   0.249601E+00   0.249714E+00
 0.399451E+00   0.124603E+01   0.111513E+00   0.249594E+00   0.249714E+00
 0.411065E+00   0.124599E+01   0.111502E+00   0.249587E+00   0.249714E+00
 0.422876E+00   0.124595E+01   0.111491E+00   0.249579E+00   0.249714E+00
 0.434886E+00   0.124591E+01   0.111479E+00   0.249572E+00   0.249714E+00
 0.447102E+00   0.124586E+01   0.111466E+00   0.249564E+00   0.249714E+00
 0.459520E+00   0.124582E+01   0.111453E+00   0.249555E+00   0.249714E+00
 0.472142E+00   0.124577E+01   0.111439E+00   0.249546E+00   0.249714E+00
 0.484971E+00   0.124572E+01   0.111425E+00   0.249537E+00   0.249714E+00
 0.498006E+00   0.124567E+01   0.111410E+00   0.249527E+00   0.249714E+00
 0.511251E+00   0.124561E+01   0.111394E+00   0.249517E+00   0.249714E+00
 0.521319E+00   0.124557E+01   0.111382E+00   0.249510E+00   0.249714E+00
 0.531505E+00   0.124552E+01   0.111369E+00   0.249501E+00   0.249714E+00
 0.541810E+00   0.124548E+01   0.111356E+00   0.249493E+00   0.249714E+00
 0.552234E+00   0.124543E+01   0.111343E+00   0.249485E+00   0.249714E+00
 0.562776E+00   0.124538E+01   0.111329E+00   0.249476E+00   0.249714E+00
 0.573438E+00   0.124534E+01   0.111315E+00   0.249467E+00   0.249714E+00
 0.584223E+00   0.124528E+01   0.111300E+00   0.249457E+00   0.249714E+00
 0.595126E+00   0.124523E+01   0.111285E+00   0.249448E+00   0.249714E+00
 0.606150E+00   0.124518E+01   0.111270E+00   0.249438E+00   0.249714E+00
 0.617297E+00   0.124512E+01   0.111254E+00   0.249427E+00   0.249714E+00
 0.628564E+00   0.124506E+01   0.111237E+00   0.249417E+00   0.249714E+00
 0.639953E+00   0.124501E+01   0.111220E+00   0.249406E+00   0.249714E+00
 0.651466E+00   0.124494E+01   0.111203E+00   0.249395E+00   0.249714E+00
 0.663104E+00   0.124488E+01   0.111185E+00   0.249383E+00   0.249714E+00
 0.674861E+00   0.124482E+01   0.111167E+00   0.249371E+00   0.249714E+00
 0.686744E+00   0.124475E+01   0.111148E+00   0.249359E+00   0.249714E+00
 0.698751E+00   0.124468E+01   0.111128E+00   0.249347E+00   0.249714E+00
 0.710882E+00   0.124461E+01   0.111108E+00   0.249334E+00   0.249714E+00
 0.723138E+00   0.124454E+01   0.111088E+00   0.249321E+00   0.249714E+00
 0.735519E+00   0.124447E+01   0.111067E+00   0.249307E+00   0.249714E+00
 0.748029E+00   0.124439E+01   0.111045E+00   0.249293E+00   0.249714E+00
 0.760665E+00   0.124431E+01   0.111023E+00   0.249279E+00   0.249714E+00
 0.773424E+00   0.124423E+01   0.111000E+00   0.249264E+00   0.249714E+00
 0.786313E+00   0.124415E+01   0.110976E+00   0.249249E+00   0.249714E+00
 0.799329E+00   0.124407E+01   0.110952E+00   0.249233E+00   0.249714E+00
 0.812472E+00   0.124398E+01   0.110927E+00   0.249217E+00   0.249714E+00
 0.825742E+00   0.124389E+01   0.110902E+00   0.249201E+00   0.249714E+00
 0.839145E+00   0.124380E+01   0.110876E+00   0.249184E+00   0.249714E+00
 0.852674E+00   0.124370E+01   0.110849E+00   0.249167E+00   0.249714E+00
 0.866333E+00   0.124361E+01   0.110822E+00   0.249149E+00   0.249714E+00
 0.880118E+00   0.124351E+01   0.110793E+00   0.249131E+00   0.249714E+00
 0.894033E+00   0.124341E+01   0.110765E+00   0.249112E+00   0.249714E+00
 0.908079E+00   0.124331E+01   0.110735E+00   0.249093E+00   0.249714E+00
 0.922256E+00   0.124320E+01   0.110705E+00   0.249074E+00   0.249714E+00
 0.936562E+00   0.124309E+01   0.110674E+00   0.249054E+00   0.249714E+00
 0.951003E+00   0.124298E+01   0.110642E+00   0.249033E+00   0.249714E+00
 0.965575E+00   0.124286E+01   0.110609E+00   0.249012E+00   0.249714E+00
 0.980276E+00   0.124275E+01   0.110576E+00   0.248990E+00   0.249714E+00
 0.995110E+00   0.124263E+01   0.110542E+00   0.248968E+00   0.249714E+00
 0.101008E+01   0.124250E+01   0.110507E+00   0.248946E+00   0.249714E+00
 0.102013E+01   0.124242E+01   0.110483E+00   0.248930E+00   0.249714E+00
 0.103025E+01   0.124233E+01   0.110459E+00   0.248915E+00   0.249714E+00
 0.104042E+01   0.124225E+01   0.110434E+00   0.248899E+00   0.249714E+00
 0.105064E+01   0.124216E+01   0.110409E+00   0.248883E+00   0.249714E+00
 0.106093E+01   0.124207E+01   0.110384E+00   0.248866E+00   0.249714E+00
 0.107128E+01   0.124198E+01   0.110358E+00   0.248850E+00   0.249714E+00
 0.108169E+01   0.124189E+01   0.110332E+00   0.248833E+00   0.249714E+00
 0.109216E+01   0.124180E+01   0.110305E+00   0.248815E+00   0.249714E+00
 0.110269E+01   0.124170E+01   0.110278E+00   0.248798E+00   0.249714E+00
 0.111328E+01   0.124160E+01   0.110251E+00   0.248780E+00   0.249714E+00
 0.112392E+01   0.124151E+01   0.110223E+00   0.248762E+00   0.249714E+00
 0.113463E+01   0.124141E+01   0.110195E+00   0.248744E+00   0.249714E+00
 0.114540E+01   0.124131E+01   0.110166E+00   0.248726E+00   0.249714E+00
 0.115623E+01   0.124120E+01   0.110137E+00   0.248707E+00   0.249714E+00
 0.116712E+01   0.124110E+01   0.110108E+00   0.248688E+00   0.249714E+00
 0.117807E+01   0.124100E+01   0.110078E+00   0.248668E+00   0.249714E+00
 0.118908E+01   0.124089E+01   0.110048E+00   0.248648E+00   0.249714E+00
 0.120015E+01   0.124078E+01   0.110017E+00   0.248628E+00   0.249714E+00
 0.121128E+01   0.124067E+01   0.109985E+00   0.248608E+00   0.249714E+00
 0.122247E+01   0.124056E+01   0.109954E+00   0.248588E+00   0.249714E+00
 0.123372E+01   0.124044E+01   0.109922E+00   0.248567E+00   0.249714E+00
 0.124503E+01   0.124033E+01   0.109889E+00   0.248546E+00   0.249714E+00
 0.125641E+01   0.124021E+01   0.109856E+00   0.248524E+00   0.249714E+00
 0.126784E+01   0.124009E+01   0.109822E+00   0.248502E+00   0.249714E+00
 0.127934E+01   0.123997E+01   0.109788E+00   0.248480E+00   0.249714E+00
 0.129090E+01   0.123985E+01   0.109754E+00   0.248458E+00   0.249714E+00
 0.130252E+01   0.123973E+01   0.109718E+00   0.248435E+00   0.249714E+00
 0.131420E+01   0.123960E+01   0.109683E+00   0.248412E+00   0.249714E+00
 0.132595E+01   0.123947E+01   0.109647E+00   0.248388E+00   0.249714E+00
 0.133775E+01   0.123934E+01   0.109610E+00   0.248364E+00   0.249714E+00
 0.134961E+01   0.123921E+01   0.109573E+00   0.248340E+00   0.249714E+00
 0.136154E+01   0.123908E+01   0.109536E+00   0.248316E+00   0.249714E+00
 0.137353E+01   0.123895E+01   0.109498E+00   0.248291E+00   0.249714E+00
 0.138558E+01   0.123881E+01   0.109459E+00   0.248266E+00   0.249714E+00
 0.139770E+01   0.123867E+01   0.109420E+00   0.248240E+00   0.249714E+00
 0.140987E+01   0.123853E+01   0.109380E+00   0.248214E+00   0.249714E+00
 0.142211E+01   0.123839E+01   0.109340E+00   0.248188E+00   0.249714E+00
 0.143441E+01   0.123824E+01   0.109299E+00   0.248161E+00   0.249714E+00
 0.144677E+01   0.123810E+01   0.109258E+00   0.248135E+00   0.249714E+00
 0.145919E+01   0.123795E+01   0.109216E+00   0.248107E+00   0.249714E+00
 0.147168E+01   0.123780E+01   0.109173E+00   0.248079E+00   0.249714E+00
 0.148423E+01   0.123764E+01   0.109130E+00   0.248051E+00   0.249714E+00
 0.149684E+01   0.123749E+01   0.109087E+00   0.248023E+00   0.249714E+00
 0.150951E+01   0.123733E+01   0.109042E+00   0.247994E+00   0.249714E+00
 0.152225E+01   0.123717E+01   0.108998E+00   0.247965E+00   0.249714E+00
 0.153505E+01   0.123701E+01   0.108952E+00   0.247935E+00   0.249714E+00
 0.154791E+01   0.123685E+01   0.108906E+00   0.247905E+00   0.249714E+00
 0.156084E+01   0.123668E+01   0.108860E+00   0.247874E+00   0.249714E+00
 0.157382E+01   0.123652E+01   0.108813E+00   0.247843E+00   0.249714E+00
 0.158687E+01   0.123635E+01   0.108765E+00   0.247812E+00   0.249714E+00
 0.159999E+01   0.123617E+01   0.108716E+00   0.247780E+00   0.249714E+00
 0.161317E+01   0.123600E+01   0.108667E+00   0.247748E+00   0.249714E+00
 0.162641E+01   0.123582E+01   0.108618E+00   0.247716E+00   0.249714E+00
 0.163971E+01   0.123564E+01   0.108567E+00   0.247683E+00   0.249714E+00
 0.165308E+01   0.123546E+01   0.108516E+00   0.247649E+00   0.249714E+00
 0.166651E+01   0.123528E+01   0.108465E+00   0.247615E+00   0.249714E+00
 0.168000E+01   0.123509E+01   0.108413E+00   0.247581E+00   0.249714E+00
 0.169356E+01   0.123490E+01   0.108360E+00   0.247546E+00   0.249714E+00
 0.170718E+01   0.123471E+01   0.108306E+00   0.247511E+00   0.249714E+00
 0.172086E+01   0.123452E+01   0.108252E+00   0.247475E+00   0.249714E+00
 0.173461E+01   0.123432E+01   0.108197E+00   0.247439E+00   0.249714E+00
 0.174842E+01   0.123412E+01   0.108141E+00   0.247403E+00   0.249714E+00
 0.176229E+01   0.123392E+01   0.108085E+00   0.247366E+00   0.249714E+00
 0.177623E+01   0.123372E+01   0.108028E+00   0.247328E+00   0.249714E+00
 0.179023E+01   0.123351E+01   0.107970E+00   0.247290E+00   0.249714E+00
 0.180430E+01   0.123330E+01   0.107912E+00   0.247252E+00   0.249714E+00
 0.181843E+01   0.123309E+01   0.107853E+00   0.247213E+00   0.249714E+00
 0.183262E+01   0.123288E+01   0.107793E+00   0.247173E+00   0.249714E+00
 0.184688E+01   0.123266E+01   0.107733E+00   0.247133E+00   0.249714E+00
 0.186120E+01   0.123244E+01   0.107671E+00   0.247093E+00   0.249714E+00
 0.187558E+01   0.123222E+01   0.107610E+00   0.247052E+00   0.249714E+00
 0.189003E+01   0.123200E+01   0.107547E+00   0.247010E+00   0.249714E+00
 0.190454E+01   0.123177E+01   0.107483E+00   0.246968E+00   0.249714E+00
 0.191912E+01   0.123154E+01   0.107419E+00   0.246926E+00   0.249714E+00
 0.193376E+01   0.123130E+01   0.107354E+00   0.246883E+00   0.249714E+00
 0.194847E+01   0.123107E+01   0.107288E+00   0.246839E+00   0.249714E+00
 0.196324E+01   0.123083E+01   0.107222E+00   0.246795E+00   0.249714E+00
 0.197807E+01   0.123059E+01   0.107155E+00   0.246751E+00   0.249714E+00
 0.199297E+01   0.123034E+01   0.107087E+00   0.246705E+00   0.249714E+00
 0.200793E+01   0.123009E+01   0.107018E+00   0.246660E+00   0.249714E+00
 0.202296E+01   0.122984E+01   0.106948E+00   0.246613E+00   0.249714E+00
 0.203805E+01   0.122959E+01   0.106878E+00   0.246567E+00   0.249714E+00
 0.205321E+01   0.122933E+01   0.106807E+00   0.246519E+00   0.249714E+00
 0.206843E+01   0.122907E+01   0.106734E+00   0.246471E+00   0.249714E+00
 0.208371E+01   0.122881E+01   0.106662E+00   0.246423E+00   0.249714E+00
 0.209906E+01   0.122854E+01   0.106588E+00   0.246374E+00   0.249714E+00
 0.211448E+01   0.122828E+01   0.106513E+00   0.246324E+00   0.249714E+00
 0.212995E+01   0.122800E+01   0.106438E+00   0.246274E+00   0.249714E+00
 0.214550E+01   0.122773E+01   0.106362E+00   0.246223E+00   0.249714E+00
 0.216110E+01   0.122745E+01   0.106285E+00   0.246171E+00   0.249714E+00
 0.217677E+01   0.122717E+01   0.106207E+00   0.246119E+00   0.249714E+00
 0.219251E+01   0.122688E+01   0.106128E+00   0.246067E+00   0.249714E+00
 0.220831E+01   0.122659E+01   0.106049E+00   0.246013E+00   0.249714E+00
 0.222421E+01   0.122630E+01   0.105968E+00   0.245959E+00   0.249714E+00
 0.224014E+01   0.122600E+01   0.105887E+00   0.245905E+00   0.249714E+00
 0.225614E+01   0.122571E+01   0.105804E+00   0.245850E+00   0.249714E+00
 0.227220E+01   0.122540E+01   0.105721E+00   0.245794E+00   0.249714E+00
 0.228833E+01   0.122510E+01   0.105637E+00   0.245737E+00   0.249714E+00
 0.230452E+01   0.122479E+01   0.105552E+00   0.245680E+00   0.249714E+00
 0.232077E+01   0.122448E+01   0.105466E+00   0.245622E+00   0.249714E+00
 0.233709E+01   0.122416E+01   0.105379E+00   0.245564E+00   0.249714E+00
 0.235348E+01   0.122384E+01   0.105292E+00   0.245505E+00   0.249714E+00
 0.236993E+01   0.122352E+01   0.105203E+00   0.245445E+00   0.249714E+00
 0.238644E+01   0.122319E+01   0.105114E+00   0.245385E+00   0.249714E+00
 0.240302E+01   0.122286E+01   0.105023E+00   0.245324E+00   0.249714E+00
 0.241966E+01   0.122252E+01   0.104932E+00   0.245262E+00   0.249714E+00
 0.243637E+01   0.122219E+01   0.104839E+00   0.245200E+00   0.249714E+00
 0.245314E+01   0.122184E+01   0.104746E+00   0.245136E+00   0.249714E+00
 0.246998E+01   0.122150E+01   0.104651E+00   0.245073E+00   0.249714E+00
 0.248689E+01   0.122115E+01   0.104556E+00   0.245008E+00   0.249714E+00
 0.250385E+01   0.122080E+01   0.104460E+00   0.244943E+00   0.249714E+00
 0.252089E+01   0.122044E+01   0.104363E+00   0.244877E+00   0.249714E+00
 0.253798E+01   0.122008E+01   0.104264E+00   0.244810E+00   0.249714E+00
 0.255514E+01   0.121971E+01   0.104165E+00   0.244743E+00   0.249714E+00
 0.257237E+01   0.121935E+01   0.104065E+00   0.244674E+00   0.249714E+00
 0.258966E+01   0.121897E+01   0.103964E+00   0.244605E+00   0.249714E+00
 0.260701E+01   0.121860E+01   0.103861E+00   0.244536E+00   0.249714E+00
 0.262443E+01   0.121821E+01   0.103758E+00   0.244465E+00   0.249714E+00
 0.264192E+01   0.121783E+01   0.103654E+00   0.244394E+00   0.249714E+00
 0.265947E+01   0.121744E+01   0.103548E+00   0.244322E+00   0.249714E+00
 0.267708E+01   0.121705E+01   0.103442E+00   0.244250E+00   0.249714E+00
 0.269476E+01   0.121665E+01   0.103335E+00   0.244176E+00   0.249714E+00
 0.271250E+01   0.121625E+01   0.103226E+00   0.244102E+00   0.249714E+00
 0.273031E+01   0.121584E+01   0.103117E+00   0.244027E+00   0.249714E+00
 0.274818E+01   0.121543E+01   0.103006E+00   0.243951E+00   0.249714E+00
 0.276611E+01   0.121502E+01   0.102894E+00   0.243874E+00   0.249714E+00
 0.278412E+01   0.121460E+01   0.102782E+00   0.243797E+00   0.249714E+00
 0.280218E+01   0.121418E+01   0.102668E+00   0.243718E+00   0.249714E+00
 0.282031E+01   0.121375E+01   0.102553E+00   0.243639E+00   0.249714E+00
 0.283851E+01   0.121332E+01   0.102437E+00   0.243559E+00   0.249714E+00
 0.285676E+01   0.121288E+01   0.102320E+00   0.243478E+00   0.249714E+00
 0.287509E+01   0.121244E+01   0.102202E+00   0.243397E+00   0.249714E+00
 0.289347E+01   0.121199E+01   0.102082E+00   0.243314E+00   0.249714E+00
 0.291193E+01   0.121154E+01   0.101962E+00   0.243231E+00   0.249714E+00
 0.293044E+01   0.121109E+01   0.101840E+00   0.243147E+00   0.249714E+00
 0.294902E+01   0.121063E+01   0.101718E+00   0.243062E+00   0.249714E+00
 0.296766E+01   0.121017E+01   0.101594E+00   0.242976E+00   0.249714E+00
 0.298637E+01   0.120970E+01   0.101469E+00   0.242889E+00   0.249714E+00
 0.300514E+01   0.120922E+01   0.101343E+00   0.242801E+00   0.249714E+00
 0.302397E+01   0.120874E+01   0.101216E+00   0.242712E+00   0.249714E+00
 0.304288E+01   0.120826E+01   0.101087E+00   0.242623E+00   0.249714E+00
 0.306184E+01   0.120777E+01   0.100958E+00   0.242533E+00   0.249714E+00
 0.308087E+01   0.120728E+01   0.100827E+00   0.242441E+00   0.249714E+00
 0.309996E+01   0.120678E+01   0.100695E+00   0.242349E+00   0.249714E+00
 0.311912E+01   0.120628E+01   0.100562E+00   0.242256E+00   0.249714E+00
 0.313833E+01   0.120577E+01   0.100428E+00   0.242162E+00   0.249714E+00
 0.315761E+01   0.120526E+01   0.100293E+00   0.242067E+00   0.249714E+00
 0.317696E+01   0.120474E+01   0.100156E+00   0.241971E+00   0.249714E+00
 0.319637E+01   0.120422E+01   0.100018E+00   0.241874E+00   0.249714E+00
 0.321584E+01   0.120369E+01   0.998792E-01   0.241776E+00   0.249714E+00
 0.323537E+01   0.120316E+01   0.997390E-01   0.241677E+00   0.249714E+00
 0.325497E+01   0.120262E+01   0.995976E-01   0.241577E+00   0.249714E+00
 0.327463E+01   0.120208E+01   0.994550E-01   0.241476E+00   0.249714E+00
 0.329436E+01   0.120153E+01   0.993111E-01   0.241374E+00   0.249714E+00
 0.331415E+01   0.120097E+01   0.991660E-01   0.241271E+00   0.249714E+00
 0.333400E+01   0.120041E+01   0.990197E-01   0.241167E+00   0.249714E+00
 0.335392E+01   0.119985E+01   0.988721E-01   0.241062E+00   0.249714E+00
 0.337389E+01   0.119928E+01   0.987233E-01   0.240957E+00   0.249714E+00
 0.338393E+01   0.119899E+01   0.986482E-01   0.240903E+00   0.249714E+00
 0.339396E+01   0.119870E+01   0.985730E-01   0.240849E+00   0.249714E+00
 0.340401E+01   0.119841E+01   0.984975E-01   0.240796E+00   0.249714E+00
 0.341408E+01   0.119812E+01   0.984216E-01   0.240741E+00   0.249714E+00
 0.342415E+01   0.119783E+01   0.983455E-01   0.240687E+00   0.249714E+00
 0.343425E+01   0.119753E+01   0.982690E-01   0.240632E+00   0.249714E+00
 0.344436E+01   0.119723E+01   0.981921E-01   0.240577E+00   0.249714E+00
 0.345449E+01   0.119694E+01   0.981150E-01   0.240522E+00   0.249714E+00
 0.346463E+01   0.119664E+01   0.980376E-01   0.240467E+00   0.249714E+00
 0.347479E+01   0.119634E+01   0.979599E-01   0.240411E+00   0.249714E+00
 0.348497E+01   0.119604E+01   0.978818E-01   0.240355E+00   0.249714E+00
 0.349516E+01   0.119573E+01   0.978034E-01   0.240299E+00   0.249714E+00
 0.350536E+01   0.119543E+01   0.977247E-01   0.240242E+00   0.249714E+00
 0.351558E+01   0.119512E+01   0.976456E-01   0.240185E+00   0.249714E+00
 0.352582E+01   0.119482E+01   0.975663E-01   0.240128E+00   0.249714E+00
 0.353607E+01   0.119451E+01   0.974866E-01   0.240071E+00   0.249714E+00
 0.354634E+01   0.119420E+01   0.974066E-01   0.240013E+00   0.249714E+00
 0.355662E+01   0.119389E+01   0.973263E-01   0.239956E+00   0.249714E+00
 0.356693E+01   0.119357E+01   0.972456E-01   0.239897E+00   0.249714E+00
 0.357724E+01   0.119326E+01   0.971647E-01   0.239839E+00   0.249714E+00
 0.358757E+01   0.119294E+01   0.970834E-01   0.239780E+00   0.249714E+00
 0.359792E+01   0.119263E+01   0.970017E-01   0.239721E+00   0.249714E+00
 0.360828E+01   0.119231E+01   0.969198E-01   0.239662E+00   0.249714E+00
 0.361866E+01   0.119199E+01   0.968375E-01   0.239602E+00   0.249714E+00
 0.362905E+01   0.119167E+01   0.967549E-01   0.239543E+00   0.249714E+00
 0.363946E+01   0.119134E+01   0.966720E-01   0.239482E+00   0.249714E+00
 0.364988E+01   0.119102E+01   0.965888E-01   0.239422E+00   0.249714E+00
 0.366032E+01   0.119069E+01   0.965052E-01   0.239361E+00   0.249714E+00
 0.367078E+01   0.119036E+01   0.964213E-01   0.239300E+00   0.249714E+00
 0.368125E+01   0.119003E+01   0.963371E-01   0.239239E+00   0.249714E+00
 0.369173E+01   0.118970E+01   0.962525E-01   0.239178E+00   0.249714E+00
 0.370223E+01   0.118937E+01   0.961676E-01   0.239116E+00   0.249714E+00
 0.371275E+01   0.118904E+01   0.960824E-01   0.239054E+00   0.249714E+00
 0.372328E+01   0.118870E+01   0.959968E-01   0.238991E+00   0.249714E+00
 0.373382E+01   0.118836E+01   0.959110E-01   0.238929E+00   0.249714E+00
 0.374439E+01   0.118803E+01   0.958247E-01   0.238866E+00   0.249714E+00
 0.375496E+01   0.118769E+01   0.957382E-01   0.238802E+00   0.249714E+00
 0.376556E+01   0.118734E+01   0.956513E-01   0.238739E+00   0.249714E+00
 0.377616E+01   0.118700E+01   0.955641E-01   0.238675E+00   0.249714E+00
 0.378679E+01   0.118666E+01   0.954766E-01   0.238611E+00   0.249714E+00
 0.379742E+01   0.118631E+01   0.953887E-01   0.238546E+00   0.249714E+00
 0.380808E+01   0.118596E+01   0.953005E-01   0.238481E+00   0.249714E+00
 0.381875E+01   0.118561E+01   0.952119E-01   0.238416E+00   0.249714E+00
 0.382943E+01   0.118526E+01   0.951230E-01   0.238351E+00   0.249714E+00
 0.384013E+01   0.118491E+01   0.950338E-01   0.238285E+00   0.249714E+00
 0.385084E+01   0.118455E+01   0.949443E-01   0.238219E+00   0.249714E+00
 0.386157E+01   0.118420E+01   0.948544E-01   0.238153E+00   0.249714E+00
 0.387232E+01   0.118384E+01   0.947641E-01   0.238087E+00   0.249714E+00
 0.388308E+01   0.118348E+01   0.946736E-01   0.238020E+00   0.249714E+00
 0.389386E+01   0.118312E+01   0.945826E-01   0.237953E+00   0.249714E+00
 0.390465E+01   0.118276E+01   0.944914E-01   0.237885E+00   0.249714E+00
 0.391545E+01   0.118239E+01   0.943998E-01   0.237817E+00   0.249714E+00
 0.392627E+01   0.118203E+01   0.943079E-01   0.237749E+00   0.249714E+00
 0.393711E+01   0.118166E+01   0.942156E-01   0.237681E+00   0.249714E+00
 0.394796E+01   0.118129E+01   0.941230E-01   0.237612E+00   0.249714E+00
 0.395882E+01   0.118092E+01   0.940301E-01   0.237543E+00   0.249714E+00
 0.396970E+01   0.118055E+01   0.939368E-01   0.237474E+00   0.249714E+00
 0.398060E+01   0.118018E+01   0.938432E-01   0.237404E+00   0.249714E+00
 0.399151E+01   0.117980E+01   0.937492E-01   0.237334E+00   0.249714E+00
 0.400244E+01   0.117942E+01   0.936549E-01   0.237264E+00   0.249714E+00
 0.401338E+01   0.117905E+01   0.935603E-01   0.237193E+00   0.249714E+00
 0.402434E+01   0.117866E+01   0.934652E-01   0.237122E+00   0.249714E+00
 0.403531E+01   0.117828E+01   0.933699E-01   0.237051E+00   0.249714E+00
 0.404629E+01   0.117790E+01   0.932742E-01   0.236979E+00   0.249714E+00
 0.405729E+01   0.117751E+01   0.931782E-01   0.236908E+00   0.249714E+00
 0.406831E+01   0.117713E+01   0.930818E-01   0.236835E+00   0.249714E+00
 0.407934E+01   0.117674E+01   0.929851E-01   0.236763E+00   0.249714E+00
 0.409038E+01   0.117635E+01   0.928881E-01   0.236690E+00   0.249714E+00
 0.410145E+01   0.117595E+01   0.927907E-01   0.236617E+00   0.249714E+00
 0.411252E+01   0.117556E+01   0.926929E-01   0.236543E+00   0.249714E+00
 0.412361E+01   0.117516E+01   0.925948E-01   0.236469E+00   0.249714E+00
 0.413471E+01   0.117477E+01   0.924964E-01   0.236395E+00   0.249714E+00
 0.414583E+01   0.117437E+01   0.923976E-01   0.236321E+00   0.249714E+00
 0.415697E+01   0.117397E+01   0.922985E-01   0.236246E+00   0.249714E+00
 0.416812E+01   0.117356E+01   0.921990E-01   0.236171E+00   0.249714E+00
 0.417928E+01   0.117316E+01   0.920992E-01   0.236095E+00   0.249714E+00
 0.419046E+01   0.117275E+01   0.919990E-01   0.236019E+00   0.249714E+00
 0.420165E+01   0.117234E+01   0.918985E-01   0.235943E+00   0.249714E+00
 0.421304E+01   0.117193E+01   0.917960E-01   0.235866E+00   0.249714E+00
 0.422427E+01   0.117151E+01   0.916947E-01   0.235789E+00   0.249714E+00
 0.423552E+01   0.117110E+01   0.915930E-01   0.235711E+00   0.249714E+00
 0.424679E+01   0.117068E+01   0.914909E-01   0.235634E+00   0.249714E+00
 0.425807E+01   0.117027E+01   0.913885E-01   0.235556E+00   0.249714E+00
 0.426936E+01   0.116985E+01   0.912858E-01   0.235477E+00   0.249714E+00
 0.428067E+01   0.116943E+01   0.911827E-01   0.235399E+00   0.249714E+00
 0.429199E+01   0.116900E+01   0.910793E-01   0.235320E+00   0.249714E+00
 0.430333E+01   0.116858E+01   0.909755E-01   0.235241E+00   0.249714E+00
 0.431468E+01   0.116815E+01   0.908713E-01   0.235161E+00   0.249714E+00
 0.432605E+01   0.116772E+01   0.907668E-01   0.235081E+00   0.249714E+00
 0.433743E+01   0.116729E+01   0.906620E-01   0.235000E+00   0.249714E+00
 0.434883E+01   0.116686E+01   0.905568E-01   0.234920E+00   0.249714E+00
 0.436024E+01   0.116643E+01   0.904512E-01   0.234839E+00   0.249714E+00
 0.437167E+01   0.116599E+01   0.903453E-01   0.234757E+00   0.249714E+00
 0.438311E+01   0.116555E+01   0.902391E-01   0.234675E+00   0.249714E+00
 0.439456E+01   0.116511E+01   0.901325E-01   0.234593E+00   0.249714E+00
 0.440603E+01   0.116467E+01   0.900255E-01   0.234511E+00   0.249714E+00
 0.441752E+01   0.116423E+01   0.899182E-01   0.234428E+00   0.249714E+00
 0.442901E+01   0.116378E+01   0.898106E-01   0.234345E+00   0.249714E+00
 0.444052E+01   0.116334E+01   0.897025E-01   0.234261E+00   0.249714E+00
 0.445205E+01   0.116289E+01   0.895942E-01   0.234177E+00   0.249714E+00
 0.446359E+01   0.116244E+01   0.894855E-01   0.234093E+00   0.249714E+00
 0.447514E+01   0.116198E+01   0.893764E-01   0.234008E+00   0.249714E+00
 0.448671E+01   0.116153E+01   0.892670E-01   0.233923E+00   0.249714E+00
 0.449829E+01   0.116107E+01   0.891572E-01   0.233837E+00   0.249714E+00
 0.450989E+01   0.116061E+01   0.890470E-01   0.233752E+00   0.249714E+00
 0.452150E+01   0.116015E+01   0.889366E-01   0.233666E+00   0.249714E+00
 0.453313E+01   0.115969E+01   0.888257E-01   0.233579E+00   0.249714E+00
 0.454477E+01   0.115923E+01   0.887145E-01   0.233492E+00   0.249714E+00
 0.455642E+01   0.115876E+01   0.886030E-01   0.233405E+00   0.249714E+00
 0.456809E+01   0.115829E+01   0.884911E-01   0.233317E+00   0.249714E+00
 0.457977E+01   0.115782E+01   0.883788E-01   0.233229E+00   0.249714E+00
 0.459147E+01   0.115735E+01   0.882662E-01   0.233141E+00   0.249714E+00
 0.460318E+01   0.115687E+01   0.881533E-01   0.233052E+00   0.249714E+00
 0.461490E+01   0.115640E+01   0.880399E-01   0.232963E+00   0.249714E+00
 0.462664E+01   0.115592E+01   0.879263E-01   0.232873E+00   0.249714E+00
 0.463839E+01   0.115544E+01   0.878122E-01   0.232783E+00   0.249714E+00
 0.465016E+01   0.115496E+01   0.876978E-01   0.232693E+00   0.249714E+00
 0.466194E+01   0.115447E+01   0.875831E-01   0.232602E+00   0.249714E+00
 0.467373E+01   0.115399E+01   0.874680E-01   0.232511E+00   0.249714E+00
 0.468554E+01   0.115350E+01   0.873526E-01   0.232420E+00   0.249714E+00
 0.469736E+01   0.115301E+01   0.872368E-01   0.232328E+00   0.249714E+00
 0.470919E+01   0.115252E+01   0.871206E-01   0.232236E+00   0.249714E+00
 0.472105E+01   0.115202E+01   0.870041E-01   0.232143E+00   0.249714E+00
 0.473291E+01   0.115152E+01   0.868873E-01   0.232050E+00   0.249714E+00
 0.474478E+01   0.115103E+01   0.867701E-01   0.231957E+00   0.249714E+00
 0.475668E+01   0.115053E+01   0.866525E-01   0.231863E+00   0.249714E+00
 0.476858E+01   0.115002E+01   0.865346E-01   0.231769E+00   0.249714E+00
 0.478050E+01   0.114952E+01   0.864163E-01   0.231674E+00   0.249714E+00
 0.479243E+01   0.114901E+01   0.862977E-01   0.231579E+00   0.249714E+00
 0.480437E+01   0.114850E+01   0.861787E-01   0.231484E+00   0.249714E+00
 0.481633E+01   0.114799E+01   0.860594E-01   0.231388E+00   0.249714E+00
 0.482830E+01   0.114748E+01   0.859397E-01   0.231292E+00   0.249714E+00
 0.484029E+01   0.114696E+01   0.858197E-01   0.231195E+00   0.249714E+00
 0.485229E+01   0.114645E+01   0.856993E-01   0.231098E+00   0.249714E+00
 0.486430E+01   0.114593E+01   0.855785E-01   0.231001E+00   0.249714E+00
 0.487632E+01   0.114541E+01   0.854575E-01   0.230903E+00   0.249714E+00
 0.488839E+01   0.114488E+01   0.853357E-01   0.230805E+00   0.249714E+00
 0.490047E+01   0.114435E+01   0.852137E-01   0.230706E+00   0.249714E+00
 0.491256E+01   0.114383E+01   0.850913E-01   0.230606E+00   0.249714E+00
 0.492467E+01   0.114329E+01   0.849685E-01   0.230507E+00   0.249714E+00
 0.493678E+01   0.114276E+01   0.848454E-01   0.230407E+00   0.249714E+00
 0.494892E+01   0.114223E+01   0.847219E-01   0.230306E+00   0.249714E+00
 0.496106E+01   0.114169E+01   0.845981E-01   0.230205E+00   0.249714E+00
 0.497322E+01   0.114115E+01   0.844739E-01   0.230104E+00   0.249714E+00
 0.498539E+01   0.114061E+01   0.843494E-01   0.230002E+00   0.249714E+00
 0.499758E+01   0.114006E+01   0.842245E-01   0.229900E+00   0.249714E+00
 0.500978E+01   0.113952E+01   0.840993E-01   0.229798E+00   0.249714E+00
 0.502199E+01   0.113897E+01   0.839737E-01   0.229695E+00   0.249714E+00
 0.503421E+01   0.113842E+01   0.838478E-01   0.229591E+00   0.249714E+00
 0.504645E+01   0.113786E+01   0.837215E-01   0.229487E+00   0.249714E+00
 0.505870E+01   0.113731E+01   0.835949E-01   0.229383E+00   0.249714E+00
 0.507096E+01   0.113675E+01   0.834679E-01   0.229278E+00   0.249714E+00
 0.508324E+01   0.113619E+01   0.833406E-01   0.229173E+00   0.249714E+00
 0.509553E+01   0.113563E+01   0.832129E-01   0.229068E+00   0.249714E+00
 0.510783E+01   0.113507E+01   0.830849E-01   0.228962E+00   0.249714E+00
 0.512014E+01   0.113450E+01   0.829565E-01   0.228855E+00   0.249714E+00
 0.513247E+01   0.113393E+01   0.828278E-01   0.228748E+00   0.249714E+00
 0.514481E+01   0.113336E+01   0.826987E-01   0.228641E+00   0.249714E+00
 0.515717E+01   0.113279E+01   0.825693E-01   0.228533E+00   0.249714E+00
 0.516953E+01   0.113221E+01   0.824396E-01   0.228425E+00   0.249714E+00
 0.518191E+01   0.113164E+01   0.823094E-01   0.228316E+00   0.249714E+00
 0.519431E+01   0.113106E+01   0.821790E-01   0.228207E+00   0.249714E+00
 0.520671E+01   0.113047E+01   0.820482E-01   0.228098E+00   0.249714E+00
 0.521913E+01   0.112989E+01   0.819170E-01   0.227988E+00   0.249714E+00
 0.523156E+01   0.112930E+01   0.817856E-01   0.227877E+00   0.249714E+00
 0.524400E+01   0.112871E+01   0.816537E-01   0.227767E+00   0.249714E+00
 0.525646E+01   0.112812E+01   0.815215E-01   0.227655E+00   0.249714E+00
 0.526893E+01   0.112753E+01   0.813890E-01   0.227544E+00   0.249714E+00
 0.528140E+01   0.112693E+01   0.812562E-01   0.227431E+00   0.249714E+00
 0.529390E+01   0.112633E+01   0.811229E-01   0.227319E+00   0.249714E+00
 0.530640E+01   0.112573E+01   0.809894E-01   0.227206E+00   0.249714E+00
 0.531892E+01   0.112513E+01   0.808555E-01   0.227092E+00   0.249714E+00
 0.533145E+01   0.112452E+01   0.807213E-01   0.226978E+00   0.249714E+00
 0.534399E+01   0.112392E+01   0.805867E-01   0.226863E+00   0.249714E+00
 0.535655E+01   0.112331E+01   0.804518E-01   0.226749E+00   0.249714E+00
 0.536911E+01   0.112269E+01   0.803165E-01   0.226633E+00   0.249714E+00
 0.538169E+01   0.112208E+01   0.801809E-01   0.226517E+00   0.249714E+00
 0.539429E+01   0.112146E+01   0.800450E-01   0.226401E+00   0.249714E+00
 0.540689E+01   0.112084E+01   0.799087E-01   0.226284E+00   0.249714E+00
 0.541950E+01   0.112022E+01   0.797721E-01   0.226167E+00   0.249714E+00
 0.543213E+01   0.111959E+01   0.796352E-01   0.226049E+00   0.249714E+00
 0.544477E+01   0.111897E+01   0.794979E-01   0.225931E+00   0.249714E+00
 0.545647E+01   0.111838E+01   0.793706E-01   0.225821E+00   0.249714E+00
 0.546919E+01   0.111775E+01   0.792321E-01   0.225702E+00   0.249714E+00
 0.548190E+01   0.111711E+01   0.790934E-01   0.225582E+00   0.249714E+00
 0.549463E+01   0.111648E+01   0.789544E-01   0.225461E+00   0.249714E+00
 0.550737E+01   0.111583E+01   0.788151E-01   0.225340E+00   0.249714E+00
 0.552012E+01   0.111519E+01   0.786754E-01   0.225219E+00   0.249714E+00
 0.553288E+01   0.111455E+01   0.785353E-01   0.225097E+00   0.249714E+00
 0.554566E+01   0.111390E+01   0.783950E-01   0.224975E+00   0.249714E+00
 0.555844E+01   0.111325E+01   0.782543E-01   0.224852E+00   0.249714E+00
 0.557124E+01   0.111259E+01   0.781133E-01   0.224729E+00   0.249714E+00
 0.558405E+01   0.111194E+01   0.779719E-01   0.224605E+00   0.249714E+00
 0.559687E+01   0.111128E+01   0.778302E-01   0.224480E+00   0.249714E+00
 0.560970E+01   0.111062E+01   0.776882E-01   0.224356E+00   0.249714E+00
 0.562255E+01   0.110995E+01   0.775459E-01   0.224230E+00   0.249714E+00
 0.563540E+01   0.110929E+01   0.774032E-01   0.224105E+00   0.249714E+00
 0.564827E+01   0.110862E+01   0.772602E-01   0.223978E+00   0.249714E+00
 0.566115E+01   0.110795E+01   0.771169E-01   0.223852E+00   0.249714E+00
 0.567404E+01   0.110727E+01   0.769733E-01   0.223724E+00   0.249714E+00
 0.568694E+01   0.110660E+01   0.768293E-01   0.223597E+00   0.249714E+00
 0.569985E+01   0.110592E+01   0.766851E-01   0.223468E+00   0.249714E+00
 0.571277E+01   0.110524E+01   0.765405E-01   0.223339E+00   0.249714E+00
 0.572571E+01   0.110455E+01   0.763955E-01   0.223210E+00   0.249714E+00
 0.573865E+01   0.110387E+01   0.762503E-01   0.223080E+00   0.249714E+00
 0.575161E+01   0.110318E+01   0.761047E-01   0.222950E+00   0.249714E+00
 0.576458E+01   0.110249E+01   0.759589E-01   0.222819E+00   0.249714E+00
 0.577755E+01   0.110179E+01   0.758127E-01   0.222688E+00   0.249714E+00
 0.579054E+01   0.110110E+01   0.756662E-01   0.222556E+00   0.249714E+00
 0.580354E+01   0.110040E+01   0.755193E-01   0.222424E+00   0.249714E+00
 0.581656E+01   0.109969E+01   0.753722E-01   0.222291E+00   0.249714E+00
 0.582958E+01   0.109899E+01   0.752247E-01   0.222158E+00   0.249714E+00
 0.584261E+01   0.109828E+01   0.750770E-01   0.222024E+00   0.249714E+00
 0.585566E+01   0.109757E+01   0.749289E-01   0.221890E+00   0.249714E+00
 0.586871E+01   0.109686E+01   0.747805E-01   0.221755E+00   0.249714E+00
 0.588178E+01   0.109614E+01   0.746318E-01   0.221619E+00   0.249714E+00
 0.589486E+01   0.109542E+01   0.744828E-01   0.221483E+00   0.249714E+00
 0.590794E+01   0.109470E+01   0.743335E-01   0.221347E+00   0.249714E+00
 0.592104E+01   0.109398E+01   0.741839E-01   0.221210E+00   0.249714E+00
 0.593415E+01   0.109325E+01   0.740340E-01   0.221072E+00   0.249714E+00
 0.594726E+01   0.109253E+01   0.738838E-01   0.220934E+00   0.249714E+00
 0.596046E+01   0.109179E+01   0.737325E-01   0.220795E+00   0.249714E+00
 0.597366E+01   0.109105E+01   0.735810E-01   0.220656E+00   0.249714E+00
 0.598686E+01   0.109031E+01   0.734292E-01   0.220515E+00   0.249714E+00
 0.600008E+01   0.108957E+01   0.732772E-01   0.220375E+00   0.249714E+00
 0.601331E+01   0.108883E+01   0.731248E-01   0.220233E+00   0.249714E+00
 0.602655E+01   0.108808E+01   0.729721E-01   0.220091E+00   0.249714E+00
 0.603979E+01   0.108733E+01   0.728191E-01   0.219949E+00   0.249714E+00
 0.605305E+01   0.108657E+01   0.726658E-01   0.219806E+00   0.249714E+00
 0.606632E+01   0.108582E+01   0.725123E-01   0.219663E+00   0.249714E+00
 0.607960E+01   0.108506E+01   0.723584E-01   0.219519E+00   0.249714E+00
 0.609288E+01   0.108429E+01   0.722043E-01   0.219374E+00   0.249714E+00
 0.610618E+01   0.108353E+01   0.720498E-01   0.219229E+00   0.249714E+00
 0.611949E+01   0.108276E+01   0.718951E-01   0.219083E+00   0.249714E+00
 0.613280E+01   0.108199E+01   0.717401E-01   0.218937E+00   0.249714E+00
 0.614613E+01   0.108122E+01   0.715848E-01   0.218790E+00   0.249714E+00
 0.615946E+01   0.108044E+01   0.714292E-01   0.218643E+00   0.249714E+00
 0.617281E+01   0.107966E+01   0.712734E-01   0.218495E+00   0.249714E+00
 0.618616E+01   0.107888E+01   0.711172E-01   0.218347E+00   0.249714E+00
 0.619952E+01   0.107810E+01   0.709608E-01   0.218198E+00   0.249714E+00
 0.621290E+01   0.107731E+01   0.708042E-01   0.218048E+00   0.249714E+00
 0.622628E+01   0.107652E+01   0.706472E-01   0.217898E+00   0.249714E+00
 0.623967E+01   0.107573E+01   0.704899E-01   0.217748E+00   0.249714E+00
 0.625307E+01   0.107493E+01   0.703324E-01   0.217596E+00   0.249714E+00
 0.626648E+01   0.107413E+01   0.701747E-01   0.217445E+00   0.249714E+00
 0.627989E+01   0.107333E+01   0.700166E-01   0.217292E+00   0.249714E+00
 0.629332E+01   0.107253E+01   0.698583E-01   0.217139E+00   0.249714E+00
 0.630675E+01   0.107172E+01   0.696997E-01   0.216986E+00   0.249714E+00
 0.632020E+01   0.107091E+01   0.695409E-01   0.216832E+00   0.249714E+00
 0.633365E+01   0.107009E+01   0.693818E-01   0.216677E+00   0.249714E+00
 0.634711E+01   0.106928E+01   0.692224E-01   0.216522E+00   0.249714E+00
 0.636058E+01   0.106846E+01   0.690628E-01   0.216366E+00   0.249714E+00
 0.637406E+01   0.106764E+01   0.689029E-01   0.216210E+00   0.249714E+00
 0.638754E+01   0.106681E+01   0.687428E-01   0.216053E+00   0.249714E+00
 0.640103E+01   0.106599E+01   0.685824E-01   0.215896E+00   0.249714E+00
 0.641369E+01   0.106521E+01   0.684319E-01   0.215748E+00   0.249714E+00
 0.642729E+01   0.106437E+01   0.682699E-01   0.215588E+00   0.249714E+00
 0.644088E+01   0.106353E+01   0.681079E-01   0.215428E+00   0.249714E+00
 0.645449E+01   0.106268E+01   0.679455E-01   0.215267E+00   0.249714E+00
 0.646810E+01   0.106184E+01   0.677830E-01   0.215106E+00   0.249714E+00
 0.648173E+01   0.106099E+01   0.676201E-01   0.214944E+00   0.249714E+00
 0.649535E+01   0.106014E+01   0.674571E-01   0.214782E+00   0.249714E+00
 0.650899E+01   0.105928E+01   0.672938E-01   0.214619E+00   0.249714E+00
 0.652264E+01   0.105842E+01   0.671302E-01   0.214455E+00   0.249714E+00
 0.653629E+01   0.105756E+01   0.669665E-01   0.214291E+00   0.249714E+00
 0.654995E+01   0.105669E+01   0.668025E-01   0.214126E+00   0.249714E+00
 0.656362E+01   0.105583E+01   0.666382E-01   0.213961E+00   0.249714E+00
 0.657729E+01   0.105496E+01   0.664738E-01   0.213795E+00   0.249714E+00
 0.659097E+01   0.105408E+01   0.663090E-01   0.213628E+00   0.249714E+00
 0.660466E+01   0.105321E+01   0.661441E-01   0.213461E+00   0.249714E+00
 0.661836E+01   0.105233E+01   0.659790E-01   0.213293E+00   0.249714E+00
 0.663206E+01   0.105144E+01   0.658136E-01   0.213125E+00   0.249714E+00
 0.664577E+01   0.105056E+01   0.656480E-01   0.212956E+00   0.249714E+00
 0.665949E+01   0.104967E+01   0.654822E-01   0.212786E+00   0.249714E+00
 0.667321E+01   0.104878E+01   0.653162E-01   0.212616E+00   0.249714E+00
 0.668694E+01   0.104788E+01   0.651499E-01   0.212445E+00   0.249714E+00
 0.670068E+01   0.104698E+01   0.649834E-01   0.212274E+00   0.249714E+00
 0.671442E+01   0.104608E+01   0.648168E-01   0.212102E+00   0.249714E+00
 0.672817E+01   0.104518E+01   0.646499E-01   0.211929E+00   0.249714E+00
 0.674193E+01   0.104427E+01   0.644828E-01   0.211756E+00   0.249714E+00
 0.675569E+01   0.104336E+01   0.643156E-01   0.211582E+00   0.249714E+00
 0.676946E+01   0.104245E+01   0.641481E-01   0.211408E+00   0.249714E+00
 0.678323E+01   0.104153E+01   0.639804E-01   0.211233E+00   0.249714E+00
 0.679701E+01   0.104061E+01   0.638125E-01   0.211057E+00   0.249714E+00
 0.681080E+01   0.103969E+01   0.636444E-01   0.210881E+00   0.249714E+00
 0.682433E+01   0.103878E+01   0.634794E-01   0.210707E+00   0.249714E+00
 0.683823E+01   0.103785E+01   0.633096E-01   0.210528E+00   0.249714E+00
 0.685214E+01   0.103691E+01   0.631398E-01   0.210349E+00   0.249714E+00
 0.686605E+01   0.103597E+01   0.629697E-01   0.210169E+00   0.249714E+00
 0.687997E+01   0.103502E+01   0.627994E-01   0.209988E+00   0.249714E+00
 0.689389E+01   0.103407E+01   0.626290E-01   0.209807E+00   0.249714E+00
 0.690782E+01   0.103312E+01   0.624584E-01   0.209625E+00   0.249714E+00
 0.692175E+01   0.103217E+01   0.622877E-01   0.209442E+00   0.249714E+00
 0.693568E+01   0.103121E+01   0.621167E-01   0.209259E+00   0.249714E+00
 0.694962E+01   0.103025E+01   0.619456E-01   0.209075E+00   0.249714E+00
 0.696357E+01   0.102929E+01   0.617743E-01   0.208891E+00   0.249714E+00
 0.697752E+01   0.102832E+01   0.616029E-01   0.208706E+00   0.249714E+00
 0.699147E+01   0.102735E+01   0.614313E-01   0.208520E+00   0.249714E+00
 0.700543E+01   0.102638E+01   0.612596E-01   0.208334E+00   0.249714E+00
 0.701939E+01   0.102540E+01   0.610877E-01   0.208147E+00   0.249714E+00
 0.703336E+01   0.102442E+01   0.609156E-01   0.207959E+00   0.249714E+00
 0.704733E+01   0.102344E+01   0.607434E-01   0.207771E+00   0.249714E+00
 0.706130E+01   0.102246E+01   0.605711E-01   0.207582E+00   0.249714E+00
 0.707528E+01   0.102147E+01   0.603986E-01   0.207393E+00   0.249714E+00
 0.708927E+01   0.102048E+01   0.602259E-01   0.207203E+00   0.249714E+00
 0.710325E+01   0.101948E+01   0.600531E-01   0.207012E+00   0.249714E+00
 0.711724E+01   0.101848E+01   0.598802E-01   0.206821E+00   0.249714E+00
 0.713124E+01   0.101748E+01   0.597072E-01   0.206629E+00   0.249714E+00
 0.714524E+01   0.101648E+01   0.595340E-01   0.206436E+00   0.249714E+00
 0.715924E+01   0.101547E+01   0.593606E-01   0.206243E+00   0.249714E+00
 0.717324E+01   0.101446E+01   0.591872E-01   0.206049E+00   0.249714E+00
 0.718725E+01   0.101345E+01   0.590136E-01   0.205854E+00   0.249714E+00
 0.720123E+01   0.101243E+01   0.588403E-01   0.205659E+00   0.249714E+00
 0.721537E+01   0.101140E+01   0.586649E-01   0.205462E+00   0.249714E+00
 0.722951E+01   0.101037E+01   0.584895E-01   0.205263E+00   0.249714E+00
 0.724365E+01   0.100933E+01   0.583139E-01   0.205065E+00   0.249714E+00
 0.725779E+01   0.100830E+01   0.581383E-01   0.204865E+00   0.249714E+00
 0.727193E+01   0.100725E+01   0.579625E-01   0.204665E+00   0.249714E+00
 0.728608E+01   0.100621E+01   0.577867E-01   0.204464E+00   0.249714E+00
 0.730023E+01   0.100516E+01   0.576108E-01   0.204263E+00   0.249714E+00
 0.731438E+01   0.100411E+01   0.574347E-01   0.204060E+00   0.249714E+00
 0.732853E+01   0.100305E+01   0.572586E-01   0.203858E+00   0.249714E+00
 0.734268E+01   0.100200E+01   0.570824E-01   0.203654E+00   0.249714E+00
 0.735684E+01   0.100094E+01   0.569061E-01   0.203450E+00   0.249714E+00
 0.737099E+01   0.999872E+00   0.567297E-01   0.203246E+00   0.249714E+00
 0.738515E+01   0.998804E+00   0.565532E-01   0.203040E+00   0.249714E+00
 0.739931E+01   0.997734E+00   0.563767E-01   0.202834E+00   0.249714E+00
 0.741346E+01   0.996660E+00   0.562001E-01   0.202628E+00   0.249714E+00
 0.742762E+01   0.995583E+00   0.560235E-01   0.202420E+00   0.249714E+00
 0.744178E+01   0.994503E+00   0.558467E-01   0.202212E+00   0.249714E+00
 0.745594E+01   0.993419E+00   0.556699E-01   0.202004E+00   0.249714E+00
 0.747011E+01   0.992333E+00   0.554931E-01   0.201795E+00   0.249714E+00
 0.748427E+01   0.991243E+00   0.553161E-01   0.201585E+00   0.249714E+00
 0.749843E+01   0.990150E+00   0.551392E-01   0.201374E+00   0.249714E+00
 0.751257E+01   0.989056E+00   0.549625E-01   0.201163E+00   0.249714E+00
 0.752669E+01   0.987959E+00   0.547859E-01   0.200952E+00   0.249714E+00
 0.753961E+01   0.986954E+00   0.546243E-01   0.200758E+00   0.249714E+00
 0.755368E+01   0.985856E+00   0.544484E-01   0.200547E+00   0.249714E+00
 0.756773E+01   0.984756E+00   0.542726E-01   0.200335E+00   0.249714E+00
 0.758176E+01   0.983654E+00   0.540970E-01   0.200122E+00   0.249714E+00
 0.759578E+01   0.982551E+00   0.539215E-01   0.199909E+00   0.249714E+00
 0.760978E+01   0.981445E+00   0.537462E-01   0.199696E+00   0.249714E+00
 0.762377E+01   0.980338E+00   0.535711E-01   0.199482E+00   0.249714E+00
 0.763774E+01   0.979228E+00   0.533961E-01   0.199268E+00   0.249714E+00
 0.765169E+01   0.978117E+00   0.532213E-01   0.199054E+00   0.249714E+00
 0.766563E+01   0.977004E+00   0.530467E-01   0.198839E+00   0.249714E+00
 0.767956E+01   0.975889E+00   0.528723E-01   0.198624E+00   0.249714E+00
 0.769346E+01   0.974772E+00   0.526979E-01   0.198408E+00   0.249714E+00
 0.770736E+01   0.973653E+00   0.525238E-01   0.198192E+00   0.249714E+00
 0.772123E+01   0.972532E+00   0.523499E-01   0.197976E+00   0.249714E+00
 0.773510E+01   0.971410E+00   0.521761E-01   0.197759E+00   0.249714E+00
 0.774894E+01   0.970285E+00   0.520025E-01   0.197541E+00   0.249714E+00
 0.776278E+01   0.969158E+00   0.518291E-01   0.197324E+00   0.249714E+00
 0.777659E+01   0.968030E+00   0.516558E-01   0.197105E+00   0.249714E+00
 0.779039E+01   0.966899E+00   0.514827E-01   0.196887E+00   0.249714E+00
 0.780418E+01   0.965767E+00   0.513098E-01   0.196668E+00   0.249714E+00
 0.781795E+01   0.964632E+00   0.511371E-01   0.196449E+00   0.249714E+00
 0.783171E+01   0.963496E+00   0.509646E-01   0.196229E+00   0.249714E+00
 0.784545E+01   0.962358E+00   0.507922E-01   0.196009E+00   0.249714E+00
 0.785918E+01   0.961218E+00   0.506200E-01   0.195788E+00   0.249714E+00
 0.787286E+01   0.960078E+00   0.504484E-01   0.195568E+00   0.249714E+00
 0.788652E+01   0.958937E+00   0.502770E-01   0.195347E+00   0.249714E+00
 0.790016E+01   0.957795E+00   0.501059E-01   0.195126E+00   0.249714E+00
 0.791379E+01   0.956651E+00   0.499350E-01   0.194904E+00   0.249714E+00
 0.792740E+01   0.955504E+00   0.497643E-01   0.194682E+00   0.249714E+00
 0.794100E+01   0.954357E+00   0.495938E-01   0.194460E+00   0.249714E+00
 0.795457E+01   0.953207E+00   0.494235E-01   0.194237E+00   0.249714E+00
 0.796814E+01   0.952056E+00   0.492534E-01   0.194014E+00   0.249714E+00
 0.798168E+01   0.950902E+00   0.490835E-01   0.193791E+00   0.249714E+00
 0.799522E+01   0.949747E+00   0.489138E-01   0.193567E+00   0.249714E+00
 0.800873E+01   0.948590E+00   0.487444E-01   0.193342E+00   0.249714E+00
 0.802223E+01   0.947431E+00   0.485751E-01   0.193118E+00   0.249714E+00
 0.803572E+01   0.946271E+00   0.484060E-01   0.192893E+00   0.249714E+00
 0.804919E+01   0.945108E+00   0.482372E-01   0.192667E+00   0.249714E+00
 0.806264E+01   0.943944E+00   0.480686E-01   0.192441E+00   0.249714E+00
 0.807608E+01   0.942778E+00   0.479001E-01   0.192215E+00   0.249714E+00
 0.808951E+01   0.941610E+00   0.477319E-01   0.191989E+00   0.249714E+00
 0.810292E+01   0.940440E+00   0.475639E-01   0.191762E+00   0.249714E+00
 0.811631E+01   0.939269E+00   0.473961E-01   0.191534E+00   0.249714E+00
 0.812969E+01   0.938096E+00   0.472286E-01   0.191306E+00   0.249714E+00
 0.814306E+01   0.936920E+00   0.470612E-01   0.191078E+00   0.249714E+00
 0.815350E+01   0.936000E+00   0.469305E-01   0.190899E+00   0.249714E+00
 0.817636E+01   0.933978E+00   0.466443E-01   0.190507E+00   0.249714E+00
 0.818963E+01   0.932801E+00   0.464783E-01   0.190278E+00   0.249714E+00
 0.820288E+01   0.931622E+00   0.463125E-01   0.190049E+00   0.249714E+00
 0.821612E+01   0.930441E+00   0.461470E-01   0.189819E+00   0.249714E+00
 0.822934E+01   0.929258E+00   0.459816E-01   0.189589E+00   0.249714E+00
 0.824254E+01   0.928074E+00   0.458166E-01   0.189359E+00   0.249714E+00
 0.825573E+01   0.926888E+00   0.456517E-01   0.189129E+00   0.249714E+00
 0.826891E+01   0.925700E+00   0.454871E-01   0.188898E+00   0.249714E+00
 0.828206E+01   0.924511E+00   0.453228E-01   0.188666E+00   0.249714E+00
 0.829521E+01   0.923320E+00   0.451587E-01   0.188435E+00   0.249714E+00
 0.830833E+01   0.922127E+00   0.449948E-01   0.188202E+00   0.249714E+00
 0.832144E+01   0.920933E+00   0.448311E-01   0.187970E+00   0.249714E+00
 0.833454E+01   0.919737E+00   0.446677E-01   0.187737E+00   0.249714E+00
 0.834762E+01   0.918539E+00   0.445046E-01   0.187504E+00   0.249714E+00
 0.836069E+01   0.917339E+00   0.443417E-01   0.187270E+00   0.249714E+00
 0.837374E+01   0.916138E+00   0.441790E-01   0.187036E+00   0.249714E+00
 0.838677E+01   0.914935E+00   0.440165E-01   0.186802E+00   0.249714E+00
 0.839980E+01   0.913730E+00   0.438543E-01   0.186567E+00   0.249714E+00
 0.841280E+01   0.912524E+00   0.436924E-01   0.186332E+00   0.249714E+00
 0.842580E+01   0.911316E+00   0.435307E-01   0.186097E+00   0.249714E+00
 0.844268E+01   0.909741E+00   0.433206E-01   0.185790E+00   0.249714E+00
 0.845558E+01   0.908535E+00   0.431602E-01   0.185555E+00   0.249714E+00
 0.846847E+01   0.907326E+00   0.430000E-01   0.185319E+00   0.249714E+00
 0.848134E+01   0.906116E+00   0.428400E-01   0.185083E+00   0.249714E+00
 0.849420E+01   0.904904E+00   0.426803E-01   0.184847E+00   0.249714E+00
 0.850705E+01   0.903690E+00   0.425208E-01   0.184610E+00   0.249714E+00
 0.851988E+01   0.902475E+00   0.423616E-01   0.184373E+00   0.249714E+00
 0.853269E+01   0.901259E+00   0.422027E-01   0.184135E+00   0.249714E+00
 0.854548E+01   0.900040E+00   0.420440E-01   0.183898E+00   0.249714E+00
 0.855826E+01   0.898821E+00   0.418856E-01   0.183660E+00   0.249714E+00
 0.857103E+01   0.897599E+00   0.417275E-01   0.183421E+00   0.249714E+00
 0.858378E+01   0.896376E+00   0.415696E-01   0.183182E+00   0.249714E+00
 0.859652E+01   0.895152E+00   0.414120E-01   0.182943E+00   0.249714E+00
 0.860924E+01   0.893926E+00   0.412547E-01   0.182704E+00   0.249714E+00
 0.862195E+01   0.892698E+00   0.410976E-01   0.182464E+00   0.249714E+00
 0.863464E+01   0.891469E+00   0.409408E-01   0.182224E+00   0.249714E+00
 0.864731E+01   0.890238E+00   0.407843E-01   0.181983E+00   0.249714E+00
 0.865997E+01   0.889006E+00   0.406280E-01   0.181742E+00   0.249714E+00
 0.867262E+01   0.887772E+00   0.404720E-01   0.181501E+00   0.249714E+00
 0.868525E+01   0.886536E+00   0.403162E-01   0.181259E+00   0.249714E+00
 0.869787E+01   0.885299E+00   0.401607E-01   0.181017E+00   0.249714E+00
 0.871047E+01   0.884060E+00   0.400055E-01   0.180775E+00   0.249714E+00
 0.872307E+01   0.882820E+00   0.398505E-01   0.180532E+00   0.249714E+00
 0.873558E+01   0.881584E+00   0.396966E-01   0.180290E+00   0.249714E+00
 0.874808E+01   0.880347E+00   0.395430E-01   0.180048E+00   0.249714E+00
 0.876056E+01   0.879108E+00   0.393896E-01   0.179806E+00   0.249714E+00
 0.877302E+01   0.877868E+00   0.392366E-01   0.179563E+00   0.249714E+00
 0.878547E+01   0.876627E+00   0.390838E-01   0.179320E+00   0.249714E+00
 0.879791E+01   0.875384E+00   0.389313E-01   0.179077E+00   0.249714E+00
 0.881033E+01   0.874140E+00   0.387791E-01   0.178833E+00   0.249714E+00
 0.882273E+01   0.872894E+00   0.386271E-01   0.178589E+00   0.249714E+00
 0.883512E+01   0.871647E+00   0.384755E-01   0.178344E+00   0.249714E+00
 0.884749E+01   0.870399E+00   0.383242E-01   0.178100E+00   0.249714E+00
 0.885985E+01   0.869149E+00   0.381731E-01   0.177855E+00   0.249714E+00
 0.887220E+01   0.867897E+00   0.380223E-01   0.177609E+00   0.249714E+00
 0.888453E+01   0.866644E+00   0.378718E-01   0.177364E+00   0.249714E+00
 0.889684E+01   0.865390E+00   0.377216E-01   0.177118E+00   0.249714E+00
 0.890914E+01   0.864134E+00   0.375717E-01   0.176872E+00   0.249714E+00
 0.892143E+01   0.862877E+00   0.374220E-01   0.176625E+00   0.249714E+00
 0.893370E+01   0.861619E+00   0.372726E-01   0.176378E+00   0.249714E+00
 0.894596E+01   0.860358E+00   0.371235E-01   0.176131E+00   0.249714E+00
 0.896424E+01   0.858473E+00   0.369014E-01   0.175761E+00   0.249714E+00
 0.897639E+01   0.857217E+00   0.367538E-01   0.175514E+00   0.249714E+00
 0.898853E+01   0.855959E+00   0.366066E-01   0.175267E+00   0.249714E+00
 0.900065E+01   0.854700E+00   0.364596E-01   0.175020E+00   0.249714E+00
 0.901276E+01   0.853440E+00   0.363130E-01   0.174772E+00   0.249714E+00
 0.902485E+01   0.852178E+00   0.361667E-01   0.174525E+00   0.249714E+00
 0.903692E+01   0.850916E+00   0.360206E-01   0.174276E+00   0.249714E+00
 0.904899E+01   0.849651E+00   0.358749E-01   0.174028E+00   0.249714E+00
 0.906103E+01   0.848386E+00   0.357294E-01   0.173779E+00   0.249714E+00
 0.907306E+01   0.847119E+00   0.355843E-01   0.173530E+00   0.249714E+00
 0.908508E+01   0.845852E+00   0.354395E-01   0.173281E+00   0.249714E+00
 0.909708E+01   0.844582E+00   0.352949E-01   0.173031E+00   0.249714E+00
 0.910907E+01   0.843312E+00   0.351507E-01   0.172782E+00   0.249714E+00
 0.912104E+01   0.842040E+00   0.350067E-01   0.172531E+00   0.249714E+00
 0.913299E+01   0.840767E+00   0.348631E-01   0.172281E+00   0.249714E+00
 0.914494E+01   0.839493E+00   0.347197E-01   0.172030E+00   0.249714E+00
 0.915686E+01   0.838217E+00   0.345767E-01   0.171779E+00   0.249714E+00
 0.916878E+01   0.836940E+00   0.344339E-01   0.171528E+00   0.249714E+00
 0.918068E+01   0.835662E+00   0.342915E-01   0.171276E+00   0.249714E+00
 0.919256E+01   0.834383E+00   0.341493E-01   0.171024E+00   0.249714E+00
 0.920443E+01   0.833102E+00   0.340075E-01   0.170772E+00   0.249714E+00
 0.921640E+01   0.831808E+00   0.338646E-01   0.170517E+00   0.249714E+00
 0.922817E+01   0.830534E+00   0.337243E-01   0.170266E+00   0.249714E+00
 0.923992E+01   0.829258E+00   0.335843E-01   0.170015E+00   0.249714E+00
 0.925165E+01   0.827981E+00   0.334446E-01   0.169763E+00   0.249714E+00
 0.926336E+01   0.826703E+00   0.333052E-01   0.169511E+00   0.249714E+00
 0.927507E+01   0.825425E+00   0.331662E-01   0.169259E+00   0.249714E+00
 0.928675E+01   0.824145E+00   0.330275E-01   0.169007E+00   0.249714E+00
 0.929842E+01   0.822864E+00   0.328890E-01   0.168754E+00   0.249714E+00
 0.931008E+01   0.821582E+00   0.327509E-01   0.168502E+00   0.249714E+00
 0.932172E+01   0.820298E+00   0.326131E-01   0.168248E+00   0.249714E+00
 0.933335E+01   0.819014E+00   0.324756E-01   0.167995E+00   0.249714E+00
 0.934496E+01   0.817729E+00   0.323384E-01   0.167741E+00   0.249714E+00
 0.935656E+01   0.816442E+00   0.322016E-01   0.167488E+00   0.249714E+00
 0.936814E+01   0.815155E+00   0.320650E-01   0.167234E+00   0.249714E+00
 0.937971E+01   0.813866E+00   0.319288E-01   0.166979E+00   0.249714E+00
 0.939127E+01   0.812576E+00   0.317928E-01   0.166724E+00   0.249714E+00
 0.940281E+01   0.811285E+00   0.316572E-01   0.166470E+00   0.249714E+00
 0.941434E+01   0.809994E+00   0.315218E-01   0.166214E+00   0.249714E+00
 0.942585E+01   0.808701E+00   0.313868E-01   0.165959E+00   0.249714E+00
 0.943783E+01   0.807352E+00   0.312464E-01   0.165693E+00   0.249714E+00
 0.944924E+01   0.806066E+00   0.311130E-01   0.165438E+00   0.249714E+00
 0.946062E+01   0.804779E+00   0.309799E-01   0.165184E+00   0.249714E+00
 0.947199E+01   0.803491E+00   0.308471E-01   0.164930E+00   0.249714E+00
 0.948335E+01   0.802203E+00   0.307147E-01   0.164675E+00   0.249714E+00
 0.949469E+01   0.800914E+00   0.305825E-01   0.164420E+00   0.249714E+00
 0.950601E+01   0.799623E+00   0.304507E-01   0.164165E+00   0.249714E+00
 0.951733E+01   0.798332E+00   0.303192E-01   0.163909E+00   0.249714E+00
 0.952862E+01   0.797040E+00   0.301881E-01   0.163654E+00   0.249714E+00
 0.953990E+01   0.795747E+00   0.300572E-01   0.163398E+00   0.249714E+00
 0.955117E+01   0.794453E+00   0.299267E-01   0.163142E+00   0.249714E+00
 0.956242E+01   0.793158E+00   0.297965E-01   0.162886E+00   0.249714E+00
 0.957366E+01   0.791863E+00   0.296666E-01   0.162629E+00   0.249714E+00
 0.958488E+01   0.790566E+00   0.295370E-01   0.162373E+00   0.249714E+00
 0.959609E+01   0.789269E+00   0.294077E-01   0.162116E+00   0.249714E+00
 0.960729E+01   0.787970E+00   0.292788E-01   0.161858E+00   0.249714E+00
 0.961847E+01   0.786671E+00   0.291501E-01   0.161601E+00   0.249714E+00
 0.962963E+01   0.785371E+00   0.290218E-01   0.161344E+00   0.249714E+00
 0.964079E+01   0.784070E+00   0.288938E-01   0.161086E+00   0.249714E+00
 0.965419E+01   0.782502E+00   0.287401E-01   0.160775E+00   0.249714E+00
 0.966523E+01   0.781209E+00   0.286138E-01   0.160519E+00   0.249714E+00
 0.967624E+01   0.779917E+00   0.284879E-01   0.160263E+00   0.249714E+00
 0.968724E+01   0.778624E+00   0.283623E-01   0.160006E+00   0.249714E+00
 0.969822E+01   0.777330E+00   0.282371E-01   0.159750E+00   0.249714E+00
 0.970919E+01   0.776035E+00   0.281122E-01   0.159493E+00   0.249714E+00
 0.972014E+01   0.774740E+00   0.279876E-01   0.159236E+00   0.249714E+00
 0.973107E+01   0.773444E+00   0.278633E-01   0.158979E+00   0.249714E+00
 0.974200E+01   0.772148E+00   0.277394E-01   0.158722E+00   0.249714E+00
 0.975290E+01   0.770850E+00   0.276157E-01   0.158464E+00   0.249714E+00
 0.976380E+01   0.769552E+00   0.274924E-01   0.158207E+00   0.249714E+00
 0.977468E+01   0.768254E+00   0.273695E-01   0.157949E+00   0.249714E+00
 0.978554E+01   0.766954E+00   0.272468E-01   0.157691E+00   0.249714E+00
 0.979639E+01   0.765654E+00   0.271244E-01   0.157433E+00   0.249714E+00
 0.980723E+01   0.764353E+00   0.270024E-01   0.157174E+00   0.249714E+00
 0.981805E+01   0.763052E+00   0.268807E-01   0.156916E+00   0.249714E+00
 0.982886E+01   0.761749E+00   0.267593E-01   0.156657E+00   0.249714E+00
 0.983965E+01   0.760446E+00   0.266383E-01   0.156398E+00   0.249714E+00
 0.985043E+01   0.759143E+00   0.265175E-01   0.156139E+00   0.249714E+00
 0.986798E+01   0.757016E+00   0.263213E-01   0.155716E+00   0.249714E+00
 0.987863E+01   0.755722E+00   0.262024E-01   0.155459E+00   0.249714E+00
 0.988926E+01   0.754428E+00   0.260839E-01   0.155202E+00   0.249714E+00
 0.989988E+01   0.753133E+00   0.259658E-01   0.154945E+00   0.249714E+00
 0.991048E+01   0.751838E+00   0.258479E-01   0.154687E+00   0.249714E+00
 0.992107E+01   0.750543E+00   0.257304E-01   0.154429E+00   0.249714E+00
 0.993164E+01   0.749247E+00   0.256131E-01   0.154171E+00   0.249714E+00
 0.994220E+01   0.747950E+00   0.254963E-01   0.153913E+00   0.249714E+00
 0.995275E+01   0.746653E+00   0.253797E-01   0.153655E+00   0.249714E+00
 0.996328E+01   0.745355E+00   0.252634E-01   0.153397E+00   0.249714E+00
 0.997380E+01   0.744058E+00   0.251475E-01   0.153139E+00   0.249714E+00
 0.998430E+01   0.742759E+00   0.250319E-01   0.152880E+00   0.249714E+00
 0.999479E+01   0.741460E+00   0.249166E-01   0.152621E+00   0.249714E+00
 0.100053E+02   0.740160E+00   0.248017E-01   0.152363E+00   0.249714E+00
 0.100157E+02   0.738860E+00   0.246870E-01   0.152104E+00   0.249714E+00
 0.100262E+02   0.737560E+00   0.245727E-01   0.151844E+00   0.249714E+00
 0.100366E+02   0.736258E+00   0.244587E-01   0.151585E+00   0.249714E+00
 0.100470E+02   0.734957E+00   0.243450E-01   0.151326E+00   0.249714E+00
 0.100574E+02   0.733655E+00   0.242316E-01   0.151066E+00   0.249714E+00
 0.100678E+02   0.732352E+00   0.241185E-01   0.150807E+00   0.249714E+00
 0.100779E+02   0.731090E+00   0.240093E-01   0.150555E+00   0.249714E+00
 0.100881E+02   0.729800E+00   0.238980E-01   0.150298E+00   0.249714E+00
 0.100984E+02   0.728510E+00   0.237871E-01   0.150041E+00   0.249714E+00
 0.101086E+02   0.727220E+00   0.236765E-01   0.149783E+00   0.249714E+00
 0.101188E+02   0.725930E+00   0.235662E-01   0.149526E+00   0.249714E+00
 0.101290E+02   0.724639E+00   0.234562E-01   0.149268E+00   0.249714E+00
 0.101392E+02   0.723348E+00   0.233466E-01   0.149011E+00   0.249714E+00
 0.101494E+02   0.722057E+00   0.232372E-01   0.148753E+00   0.249714E+00
 0.101595E+02   0.720765E+00   0.231282E-01   0.148495E+00   0.249714E+00
 0.101697E+02   0.719473E+00   0.230195E-01   0.148237E+00   0.249714E+00
 0.101798E+02   0.718181E+00   0.229111E-01   0.147979E+00   0.249714E+00
 0.101899E+02   0.716888E+00   0.228031E-01   0.147721E+00   0.249714E+00
 0.102000E+02   0.715595E+00   0.226953E-01   0.147463E+00   0.249714E+00
 0.102101E+02   0.714302E+00   0.225879E-01   0.147205E+00   0.249714E+00
 0.102202E+02   0.713008E+00   0.224808E-01   0.146946E+00   0.249714E+00
 0.102302E+02   0.711715E+00   0.223739E-01   0.146688E+00   0.249714E+00
 0.102403E+02   0.710421E+00   0.222674E-01   0.146429E+00   0.249714E+00
 0.102503E+02   0.709126E+00   0.221612E-01   0.146170E+00   0.249714E+00
 0.102660E+02   0.707102E+00   0.219958E-01   0.145766E+00   0.249714E+00
 0.102761E+02   0.705791E+00   0.218892E-01   0.145504E+00   0.249714E+00
 0.102958E+02   0.703229E+00   0.216817E-01   0.144991E+00   0.249714E+00
 0.103155E+02   0.700667E+00   0.214754E-01   0.144479E+00   0.249714E+00
 0.103351E+02   0.698104E+00   0.212704E-01   0.143966E+00   0.249714E+00
 0.103547E+02   0.695541E+00   0.210666E-01   0.143453E+00   0.249714E+00
 0.103742E+02   0.692977E+00   0.208641E-01   0.142939E+00   0.249714E+00
 0.103937E+02   0.690413E+00   0.206628E-01   0.142426E+00   0.249714E+00
 0.104131E+02   0.687848E+00   0.204627E-01   0.141912E+00   0.249714E+00
 0.104324E+02   0.685283E+00   0.202639E-01   0.141398E+00   0.249714E+00
 0.104473E+02   0.683310E+00   0.201117E-01   0.141003E+00   0.249714E+00
 0.104664E+02   0.680759E+00   0.199162E-01   0.140491E+00   0.249714E+00
 0.104854E+02   0.678223E+00   0.197230E-01   0.139983E+00   0.249714E+00
 0.105043E+02   0.675688E+00   0.195310E-01   0.139474E+00   0.249714E+00
 0.105232E+02   0.673153E+00   0.193402E-01   0.138966E+00   0.249714E+00
 0.105420E+02   0.670618E+00   0.191506E-01   0.138457E+00   0.249714E+00
 0.105608E+02   0.668084E+00   0.189622E-01   0.137948E+00   0.249714E+00
 0.105795E+02   0.665550E+00   0.187751E-01   0.137439E+00   0.249714E+00
 0.105982E+02   0.663016E+00   0.185891E-01   0.136930E+00   0.249714E+00
 0.106168E+02   0.660483E+00   0.184042E-01   0.136421E+00   0.249714E+00
 0.106313E+02   0.658500E+00   0.182604E-01   0.136023E+00   0.249714E+00
 0.106499E+02   0.655957E+00   0.180769E-01   0.135512E+00   0.249714E+00
 0.106682E+02   0.653452E+00   0.178974E-01   0.135008E+00   0.249714E+00
 0.106864E+02   0.650949E+00   0.177190E-01   0.134505E+00   0.249714E+00
 0.107045E+02   0.648447E+00   0.175418E-01   0.134001E+00   0.249714E+00
 0.107226E+02   0.645946E+00   0.173657E-01   0.133498E+00   0.249714E+00
 0.107407E+02   0.643445E+00   0.171908E-01   0.132995E+00   0.249714E+00
 0.107587E+02   0.640946E+00   0.170170E-01   0.132491E+00   0.249714E+00
 0.107767E+02   0.638448E+00   0.168444E-01   0.131988E+00   0.249714E+00
 0.107946E+02   0.635951E+00   0.166729E-01   0.131485E+00   0.249714E+00
 0.108124E+02   0.633455E+00   0.165026E-01   0.130982E+00   0.249714E+00
 0.108305E+02   0.630916E+00   0.163304E-01   0.130471E+00   0.249714E+00
 0.108481E+02   0.628449E+00   0.161640E-01   0.129973E+00   0.249714E+00
 0.108656E+02   0.625983E+00   0.159988E-01   0.129476E+00   0.249714E+00
 0.108831E+02   0.623518E+00   0.158347E-01   0.128979E+00   0.249714E+00
 0.109005E+02   0.621056E+00   0.156716E-01   0.128482E+00   0.249714E+00
 0.109179E+02   0.618594E+00   0.155097E-01   0.127985E+00   0.249714E+00
 0.109352E+02   0.616135E+00   0.153489E-01   0.127489E+00   0.249714E+00
 0.109525E+02   0.613677E+00   0.151891E-01   0.126992E+00   0.249714E+00
 0.109697E+02   0.611221E+00   0.150305E-01   0.126496E+00   0.249714E+00
 0.109869E+02   0.608767E+00   0.148729E-01   0.126001E+00   0.249714E+00
 0.110040E+02   0.606313E+00   0.147162E-01   0.125505E+00   0.249714E+00
 0.110212E+02   0.603858E+00   0.145605E-01   0.125009E+00   0.249714E+00
 0.110382E+02   0.601405E+00   0.144058E-01   0.124513E+00   0.249714E+00
 0.110553E+02   0.598954E+00   0.142522E-01   0.124017E+00   0.249714E+00
 0.110722E+02   0.596505E+00   0.140996E-01   0.123522E+00   0.249714E+00
 0.110892E+02   0.594059E+00   0.139480E-01   0.123027E+00   0.249714E+00
 0.111060E+02   0.591614E+00   0.137975E-01   0.122532E+00   0.249714E+00
 0.111229E+02   0.589172E+00   0.136480E-01   0.122038E+00   0.249714E+00
 0.111397E+02   0.586732E+00   0.134996E-01   0.121544E+00   0.249714E+00
 0.111564E+02   0.584294E+00   0.133521E-01   0.121050E+00   0.249714E+00
 0.111711E+02   0.582157E+00   0.132235E-01   0.120617E+00   0.249714E+00
 0.111879E+02   0.579705E+00   0.130768E-01   0.120120E+00   0.249714E+00
 0.112047E+02   0.577255E+00   0.129311E-01   0.119624E+00   0.249714E+00
 0.112214E+02   0.574807E+00   0.127864E-01   0.119127E+00   0.249714E+00
 0.112381E+02   0.572362E+00   0.126427E-01   0.118632E+00   0.249714E+00
 0.112547E+02   0.569920E+00   0.125000E-01   0.118137E+00   0.249714E+00
 0.112713E+02   0.567481E+00   0.123583E-01   0.117642E+00   0.249714E+00
 0.112879E+02   0.565045E+00   0.122175E-01   0.117147E+00   0.249714E+00
 0.113044E+02   0.562612E+00   0.120777E-01   0.116654E+00   0.249714E+00
 0.113208E+02   0.560182E+00   0.119389E-01   0.116160E+00   0.249714E+00
 0.113381E+02   0.557630E+00   0.117940E-01   0.115642E+00   0.249714E+00
 0.113566E+02   0.554904E+00   0.116400E-01   0.115088E+00   0.249714E+00
 0.113748E+02   0.552210E+00   0.114887E-01   0.114541E+00   0.249714E+00
 0.113928E+02   0.549546E+00   0.113399E-01   0.114000E+00   0.249714E+00
 0.114106E+02   0.546910E+00   0.111935E-01   0.113464E+00   0.249714E+00
 0.114283E+02   0.544302E+00   0.110491E-01   0.112934E+00   0.249714E+00
 0.114458E+02   0.541721E+00   0.109068E-01   0.112409E+00   0.249714E+00
 0.114631E+02   0.539164E+00   0.107665E-01   0.111888E+00   0.249714E+00
 0.114803E+02   0.536632E+00   0.106280E-01   0.111373E+00   0.249714E+00
 0.114903E+02   0.535158E+00   0.105476E-01   0.111073E+00   0.249714E+00
 0.115016E+02   0.533505E+00   0.104575E-01   0.110737E+00   0.249714E+00
 0.115134E+02   0.531779E+00   0.103637E-01   0.110385E+00   0.249714E+00
 0.115251E+02   0.530061E+00   0.102706E-01   0.110035E+00   0.249714E+00
 0.115368E+02   0.528349E+00   0.101781E-01   0.109687E+00   0.249714E+00
 0.115484E+02   0.526643E+00   0.100863E-01   0.109339E+00   0.249714E+00
 0.115600E+02   0.524943E+00   0.999507E-02   0.108993E+00   0.249714E+00
 0.115716E+02   0.523247E+00   0.990449E-02   0.108647E+00   0.249714E+00
 0.115831E+02   0.521557E+00   0.981456E-02   0.108303E+00   0.249714E+00
 0.115946E+02   0.519871E+00   0.972528E-02   0.107959E+00   0.249714E+00
 0.116060E+02   0.518188E+00   0.963664E-02   0.107616E+00   0.249714E+00
 0.116174E+02   0.516509E+00   0.954864E-02   0.107274E+00   0.249714E+00
 0.116287E+02   0.514834E+00   0.946129E-02   0.106932E+00   0.249714E+00
 0.116400E+02   0.513161E+00   0.937458E-02   0.106591E+00   0.249714E+00
 0.116513E+02   0.511491E+00   0.928851E-02   0.106250E+00   0.249714E+00
 0.116616E+02   0.509957E+00   0.920991E-02   0.105937E+00   0.249714E+00
 0.116754E+02   0.507899E+00   0.910520E-02   0.105517E+00   0.249714E+00
 0.116891E+02   0.505855E+00   0.900194E-02   0.105100E+00   0.249714E+00
 0.117027E+02   0.503809E+00   0.889943E-02   0.104682E+00   0.249714E+00
 0.117163E+02   0.501763E+00   0.879766E-02   0.104265E+00   0.249714E+00
 0.117298E+02   0.499717E+00   0.869663E-02   0.103847E+00   0.249714E+00
 0.117433E+02   0.497671E+00   0.859634E-02   0.103429E+00   0.249714E+00
 0.117568E+02   0.495625E+00   0.849678E-02   0.103011E+00   0.249714E+00
 0.117702E+02   0.493580E+00   0.839795E-02   0.102593E+00   0.249714E+00
 0.117836E+02   0.491534E+00   0.829984E-02   0.102175E+00   0.249714E+00
 0.117970E+02   0.489490E+00   0.820246E-02   0.101757E+00   0.249714E+00
 0.118103E+02   0.487446E+00   0.810580E-02   0.101339E+00   0.249714E+00
 0.118211E+02   0.485780E+00   0.802752E-02   0.100998E+00   0.249714E+00
 0.118328E+02   0.483986E+00   0.794366E-02   0.100631E+00   0.249714E+00
 0.118446E+02   0.482167E+00   0.785920E-02   0.100259E+00   0.249714E+00
 0.118563E+02   0.480351E+00   0.777540E-02   0.998874E-01   0.249714E+00
 0.118680E+02   0.478538E+00   0.769226E-02   0.995164E-01   0.249714E+00
 0.118796E+02   0.476727E+00   0.760976E-02   0.991458E-01   0.249714E+00
 0.118912E+02   0.474919E+00   0.752791E-02   0.987757E-01   0.249714E+00
 0.119028E+02   0.473114E+00   0.744670E-02   0.984060E-01   0.249714E+00
 0.119143E+02   0.471312E+00   0.736614E-02   0.980369E-01   0.249714E+00
 0.119258E+02   0.469512E+00   0.728622E-02   0.976682E-01   0.249714E+00
 0.119372E+02   0.467714E+00   0.720691E-02   0.972999E-01   0.249714E+00
 0.119486E+02   0.465918E+00   0.712823E-02   0.969320E-01   0.249714E+00
 0.119600E+02   0.464125E+00   0.705018E-02   0.965646E-01   0.249714E+00
 0.119713E+02   0.462334E+00   0.697273E-02   0.961975E-01   0.249714E+00
 0.119825E+02   0.460546E+00   0.689589E-02   0.958309E-01   0.249714E+00
 0.119937E+02   0.458773E+00   0.682023E-02   0.954674E-01   0.249714E+00
 0.120046E+02   0.457026E+00   0.674617E-02   0.951091E-01   0.249714E+00
 0.120156E+02   0.455281E+00   0.667270E-02   0.947513E-01   0.249714E+00
 0.120264E+02   0.453539E+00   0.659981E-02   0.943939E-01   0.249714E+00
 0.120373E+02   0.451799E+00   0.652749E-02   0.940370E-01   0.249714E+00
 0.120480E+02   0.450061E+00   0.645576E-02   0.936804E-01   0.249714E+00
 0.120588E+02   0.448326E+00   0.638459E-02   0.933242E-01   0.249714E+00
 0.120695E+02   0.446593E+00   0.631399E-02   0.929685E-01   0.249714E+00
 0.120802E+02   0.444862E+00   0.624396E-02   0.926131E-01   0.249714E+00
 0.120908E+02   0.443133E+00   0.617448E-02   0.922582E-01   0.249714E+00
 0.121014E+02   0.441406E+00   0.610556E-02   0.919036E-01   0.249714E+00
 0.121120E+02   0.439682E+00   0.603719E-02   0.915495E-01   0.249714E+00
 0.121225E+02   0.437960E+00   0.596937E-02   0.911957E-01   0.249714E+00
 0.121330E+02   0.436240E+00   0.590209E-02   0.908424E-01   0.249714E+00
 0.121478E+02   0.433790E+00   0.580703E-02   0.903389E-01   0.249714E+00
 0.121628E+02   0.431323E+00   0.571226E-02   0.898319E-01   0.249714E+00
 0.121776E+02   0.428862E+00   0.561864E-02   0.893260E-01   0.249714E+00
 0.121924E+02   0.426406E+00   0.552615E-02   0.888210E-01   0.249714E+00
 0.122070E+02   0.423955E+00   0.543479E-02   0.883171E-01   0.249714E+00
 0.122216E+02   0.421510E+00   0.534454E-02   0.878141E-01   0.249714E+00
 0.122361E+02   0.419070E+00   0.525539E-02   0.873120E-01   0.249714E+00
 0.122505E+02   0.416635E+00   0.516731E-02   0.868108E-01   0.249714E+00
 0.122649E+02   0.414204E+00   0.508032E-02   0.863107E-01   0.249714E+00
 0.122764E+02   0.412249E+00   0.501096E-02   0.859080E-01   0.249714E+00
 0.122900E+02   0.409921E+00   0.492915E-02   0.854288E-01   0.249714E+00
 0.123036E+02   0.407597E+00   0.484825E-02   0.849501E-01   0.249714E+00
 0.123171E+02   0.405278E+00   0.476836E-02   0.844725E-01   0.249714E+00
 0.123305E+02   0.402965E+00   0.468945E-02   0.839959E-01   0.249714E+00
 0.123438E+02   0.400656E+00   0.461151E-02   0.835202E-01   0.249714E+00
 0.123571E+02   0.398353E+00   0.453454E-02   0.830455E-01   0.249714E+00
 0.123702E+02   0.396055E+00   0.445852E-02   0.825717E-01   0.249714E+00
 0.123833E+02   0.393762E+00   0.438343E-02   0.820988E-01   0.249714E+00
 0.123964E+02   0.391473E+00   0.430927E-02   0.816269E-01   0.249714E+00
 0.124093E+02   0.389189E+00   0.423603E-02   0.811559E-01   0.249714E+00
 0.124220E+02   0.386943E+00   0.416471E-02   0.806924E-01   0.249714E+00
 0.124342E+02   0.384767E+00   0.409632E-02   0.802433E-01   0.249714E+00
 0.124464E+02   0.382596E+00   0.402880E-02   0.797954E-01   0.249714E+00
 0.124585E+02   0.380431E+00   0.396212E-02   0.793485E-01   0.249714E+00
 0.124705E+02   0.378271E+00   0.389627E-02   0.789026E-01   0.249714E+00
 0.124824E+02   0.376116E+00   0.383125E-02   0.784576E-01   0.249714E+00
 0.124943E+02   0.373966E+00   0.376705E-02   0.780136E-01   0.249714E+00
 0.125061E+02   0.371820E+00   0.370365E-02   0.775705E-01   0.249714E+00
 0.125178E+02   0.369680E+00   0.364104E-02   0.771282E-01   0.249714E+00
 0.125294E+02   0.367544E+00   0.357923E-02   0.766869E-01   0.249714E+00
 0.125410E+02   0.365412E+00   0.351818E-02   0.762464E-01   0.249714E+00
 0.125533E+02   0.363139E+00   0.345377E-02   0.757766E-01   0.249714E+00
 0.125643E+02   0.361101E+00   0.339663E-02   0.753552E-01   0.249714E+00
 0.125752E+02   0.359068E+00   0.334022E-02   0.749349E-01   0.249714E+00
 0.125860E+02   0.357040E+00   0.328453E-02   0.745156E-01   0.249714E+00
 0.125968E+02   0.355017E+00   0.322955E-02   0.740972E-01   0.249714E+00
 0.126075E+02   0.352999E+00   0.317527E-02   0.736798E-01   0.249714E+00
 0.126181E+02   0.350985E+00   0.312167E-02   0.732632E-01   0.249714E+00
 0.126287E+02   0.348976E+00   0.306876E-02   0.728476E-01   0.249714E+00
 0.126392E+02   0.346972E+00   0.301651E-02   0.724328E-01   0.249714E+00
 0.126496E+02   0.344972E+00   0.296494E-02   0.720189E-01   0.249714E+00
 0.126599E+02   0.342977E+00   0.291402E-02   0.716058E-01   0.249714E+00
 0.126702E+02   0.340986E+00   0.286374E-02   0.711937E-01   0.249714E+00
 0.126816E+02   0.338781E+00   0.280868E-02   0.707371E-01   0.249714E+00
 0.126944E+02   0.336291E+00   0.274728E-02   0.702214E-01   0.249714E+00
 0.127070E+02   0.333811E+00   0.268694E-02   0.697076E-01   0.249714E+00
 0.127195E+02   0.331339E+00   0.262764E-02   0.691955E-01   0.249714E+00
 0.127320E+02   0.328876E+00   0.256937E-02   0.686851E-01   0.249714E+00
 0.127443E+02   0.326420E+00   0.251210E-02   0.681762E-01   0.249714E+00
 0.127564E+02   0.323972E+00   0.245582E-02   0.676688E-01   0.249714E+00
 0.127685E+02   0.321532E+00   0.240051E-02   0.671629E-01   0.249714E+00
 0.127805E+02   0.319098E+00   0.234615E-02   0.666583E-01   0.249714E+00
 0.127924E+02   0.316672E+00   0.229273E-02   0.661551E-01   0.249714E+00
 0.128036E+02   0.314363E+00   0.224260E-02   0.656761E-01   0.249714E+00
 0.128150E+02   0.312002E+00   0.219205E-02   0.651862E-01   0.249714E+00
 0.128264E+02   0.309648E+00   0.214239E-02   0.646979E-01   0.249714E+00
 0.128376E+02   0.307302E+00   0.209358E-02   0.642110E-01   0.249714E+00
 0.128487E+02   0.304963E+00   0.204562E-02   0.637255E-01   0.249714E+00
 0.128597E+02   0.302631E+00   0.199848E-02   0.632414E-01   0.249714E+00
 0.128706E+02   0.300306E+00   0.195216E-02   0.627588E-01   0.249714E+00
 0.128814E+02   0.297988E+00   0.190663E-02   0.622774E-01   0.249714E+00
 0.128922E+02   0.295677E+00   0.186189E-02   0.617975E-01   0.249714E+00
 0.129028E+02   0.293374E+00   0.181791E-02   0.613190E-01   0.249714E+00
 0.129134E+02   0.291077E+00   0.177468E-02   0.608420E-01   0.249714E+00
 0.129249E+02   0.288539E+00   0.172762E-02   0.603146E-01   0.249714E+00
 0.129364E+02   0.286016E+00   0.168162E-02   0.597903E-01   0.249714E+00
 0.129477E+02   0.283506E+00   0.163667E-02   0.592687E-01   0.249714E+00
 0.129588E+02   0.281009E+00   0.159274E-02   0.587495E-01   0.249714E+00
 0.129698E+02   0.278521E+00   0.154981E-02   0.582324E-01   0.249714E+00
 0.129807E+02   0.276043E+00   0.150784E-02   0.577172E-01   0.249714E+00
 0.129914E+02   0.273574E+00   0.146683E-02   0.572035E-01   0.249714E+00
 0.130019E+02   0.271111E+00   0.142674E-02   0.566914E-01   0.249714E+00
 0.130124E+02   0.268656E+00   0.138755E-02   0.561806E-01   0.249714E+00
 0.130243E+02   0.265822E+00   0.134328E-02   0.555910E-01   0.249714E+00
 0.130359E+02   0.263040E+00   0.130076E-02   0.550120E-01   0.249714E+00
 0.130474E+02   0.260246E+00   0.125893E-02   0.544305E-01   0.249714E+00
 0.130589E+02   0.257444E+00   0.121779E-02   0.538472E-01   0.249714E+00
 0.130703E+02   0.254636E+00   0.117733E-02   0.532627E-01   0.249714E+00
 0.130817E+02   0.251827E+00   0.113755E-02   0.526777E-01   0.249714E+00
 0.130930E+02   0.249018E+00   0.109844E-02   0.520928E-01   0.249714E+00
 0.131042E+02   0.246213E+00   0.106000E-02   0.515085E-01   0.249714E+00
 0.131156E+02   0.243368E+00   0.102160E-02   0.509159E-01   0.249714E+00
 0.131259E+02   0.240777E+00   0.987187E-03   0.503760E-01   0.249714E+00
 0.131360E+02   0.238237E+00   0.954138E-03   0.498466E-01   0.249714E+00
 0.131472E+02   0.235360E+00   0.917742E-03   0.492471E-01   0.249714E+00
 0.131581E+02   0.232500E+00   0.882793E-03   0.486510E-01   0.249714E+00
 0.131686E+02   0.229647E+00   0.849245E-03   0.480561E-01   0.249714E+00
 0.131790E+02   0.226792E+00   0.817039E-03   0.474608E-01   0.249714E+00
 0.131890E+02   0.223929E+00   0.786110E-03   0.468638E-01   0.249714E+00
 0.132000E+02   0.220692E+00   0.752757E-03   0.461889E-01   0.249714E+00
 0.132110E+02   0.217340E+00   0.719877E-03   0.454895E-01   0.249714E+00
 0.132213E+02   0.214118E+00   0.689458E-03   0.448174E-01   0.249714E+00
 0.132323E+02   0.210654E+00   0.657495E-03   0.440945E-01   0.249714E+00
 0.132430E+02   0.207331E+00   0.627140E-03   0.434011E-01   0.249714E+00
 0.132535E+02   0.204141E+00   0.597932E-03   0.427353E-01   0.249714E+00
 0.132638E+02   0.201083E+00   0.569549E-03   0.420969E-01   0.249714E+00
 0.132741E+02   0.198157E+00   0.541732E-03   0.414860E-01   0.249714E+00
 0.132842E+02   0.195406E+00   0.514647E-03   0.409115E-01   0.249714E+00
 0.132944E+02   0.192751E+00   0.487900E-03   0.403570E-01   0.249714E+00
 0.133049E+02   0.189930E+00   0.460746E-03   0.397679E-01   0.249714E+00
 0.133154E+02   0.186844E+00   0.434200E-03   0.391234E-01   0.249714E+00
 0.133256E+02   0.183375E+00   0.408624E-03   0.383987E-01   0.249714E+00
 0.133357E+02   0.179416E+00   0.384064E-03   0.375715E-01   0.249714E+00
 0.133461E+02   0.174626E+00   0.359251E-03   0.365706E-01   0.249714E+00
 0.133566E+02   0.169013E+00   0.334894E-03   0.353973E-01   0.249714E+00
 0.133669E+02   0.163165E+00   0.311894E-03   0.341747E-01   0.249714E+00
 0.133773E+02   0.157618E+00   0.289575E-03   0.330149E-01   0.249714E+00
 0.133875E+02   0.153047E+00   0.268413E-03   0.320589E-01   0.249714E+00
 0.133979E+02   0.149709E+00   0.247472E-03   0.313610E-01   0.249714E+00
 0.134079E+02   0.148101E+00   0.227545E-03   0.310246E-01   0.249714E+00
 0.134181E+02   0.148271E+00   0.207347E-03   0.310602E-01   0.249714E+00
 0.134283E+02   0.148245E+00   0.187344E-03   0.310547E-01   0.249714E+00
 0.134383E+02   0.144848E+00   0.167640E-03   0.303444E-01   0.249714E+00
 0.134484E+02   0.135551E+00   0.148770E-03   0.283998E-01   0.249714E+00
 0.134585E+02   0.119749E+00   0.131715E-03   0.250910E-01   0.249714E+00
 0.134686E+02   0.100462E+00   0.117013E-03   0.210448E-01   0.249714E+00
 0.134787E+02   0.827730E-01   0.104803E-03   0.173315E-01   0.249714E+00
 0.134888E+02   0.685378E-01   0.947110E-04   0.143457E-01   0.249714E+00
 0.134990E+02   0.577840E-01   0.862672E-04   0.120936E-01   0.249714E+00
 0.135090E+02   0.500942E-01   0.791840E-04   0.104859E-01   0.249714E+00
 0.135193E+02   0.445486E-01   0.727966E-04   0.932806E-02   0.249714E+00
 0.135293E+02   0.409823E-01   0.671799E-04   0.858431E-02   0.249714E+00
 0.135395E+02   0.385585E-01   0.618471E-04   0.807895E-02   0.249714E+00
 0.135496E+02   0.366778E-01   0.568814E-04   0.768660E-02   0.249714E+00
 0.135600E+02   0.347632E-01   0.520247E-04   0.728679E-02   0.249714E+00
 0.135704E+02   0.326951E-01   0.474662E-04   0.685435E-02   0.249714E+00
 0.135807E+02   0.305761E-01   0.432029E-04   0.641070E-02   0.249714E+00
 0.135911E+02   0.284931E-01   0.392150E-04   0.597408E-02   0.249714E+00
 0.136013E+02   0.265558E-01   0.355798E-04   0.556763E-02   0.249714E+00
 0.136116E+02   0.247139E-01   0.321735E-04   0.518108E-02   0.249714E+00
 0.136217E+02   0.229733E-01   0.290509E-04   0.481611E-02   0.249714E+00
 0.136319E+02   0.212675E-01   0.261182E-04   0.445913E-02   0.249714E+00
 0.136420E+02   0.196487E-01   0.234593E-04   0.412084E-02   0.249714E+00
 0.136523E+02   0.180718E-01   0.209783E-04   0.379122E-02   0.249714E+00
 0.136625E+02   0.165675E-01   0.187074E-04   0.347633E-02   0.249714E+00
 0.136725E+02   0.151564E-01   0.166668E-04   0.318048E-02   0.249714E+00
 0.136825E+02   0.138126E-01   0.148087E-04   0.289846E-02   0.249714E+00
 0.136926E+02   0.125218E-01   0.131058E-04   0.262742E-02   0.249714E+00
 0.137027E+02   0.113038E-01   0.115788E-04   0.237173E-02   0.249714E+00
 0.137128E+02   0.101375E-01   0.101914E-04   0.212707E-02   0.249714E+00
 0.137230E+02   0.903106E-02   0.894822E-05   0.189514E-02   0.249714E+00
 0.137331E+02   0.800516E-02   0.786211E-05   0.168013E-02   0.249714E+00
 0.137432E+02   0.704089E-02   0.690153E-05   0.147794E-02   0.249714E+00
 0.137532E+02   0.614829E-02   0.606630E-05   0.129052E-02   0.249714E+00
 0.137632E+02   0.532094E-02   0.534042E-05   0.111678E-02   0.249714E+00
 0.137734E+02   0.454954E-02   0.471004E-05   0.955506E-03   0.249714E+00
 0.137834E+02   0.385765E-02   0.418141E-05   0.810482E-03   0.249714E+00
 0.137934E+02   0.323256E-02   0.373598E-05   0.679193E-03   0.249714E+00
 0.138036E+02   0.266281E-02   0.335953E-05   0.559734E-03   0.249714E+00
 0.138137E+02   0.217177E-02   0.305323E-05   0.456546E-03   0.249714E+00
 0.138238E+02   0.175495E-02   0.280669E-05   0.368997E-03   0.249714E+00
 0.138338E+02   0.143799E-02   0.260802E-05   0.302607E-03   0.249714E+00
 0.138438E+02   0.119788E-02   0.244425E-05   0.252061E-03   0.249714E+00
 0.138538E+02   0.118578E-02   0.229576E-05   0.249490E-03   0.249714E+00
 0.138641E+02   0.113290E-02   0.214788E-05   0.238313E-03   0.249714E+00
 0.138742E+02   0.105310E-02   0.201007E-05   0.221569E-03   0.249714E+00
 0.138843E+02   0.972164E-03   0.188394E-05   0.204644E-03   0.249714E+00
 0.138946E+02   0.902298E-03   0.176401E-05   0.190003E-03   0.249714E+00
 0.139051E+02   0.846539E-03   0.165128E-05   0.178287E-03   0.249714E+00
 0.139151E+02   0.802445E-03   0.154931E-05   0.169015E-03   0.249714E+00
 0.139253E+02   0.763891E-03   0.145088E-05   0.160912E-03   0.249714E+00
 0.139356E+02   0.729315E-03   0.135716E-05   0.153653E-03   0.249714E+00
 0.139457E+02   0.696419E-03   0.126818E-05   0.146751E-03   0.249714E+00
 0.139560E+02   0.662705E-03   0.118310E-05   0.139676E-03   0.249714E+00
 0.139661E+02   0.627026E-03   0.110289E-05   0.132177E-03   0.249714E+00
 0.139763E+02   0.588357E-03   0.102727E-05   0.124029E-03   0.249714E+00
 0.139865E+02   0.548403E-03   0.957014E-06   0.115596E-03   0.249714E+00
 0.139969E+02   0.510697E-03   0.890408E-06   0.107666E-03   0.249714E+00
 0.140070E+02   0.477553E-03   0.829685E-06   0.100717E-03   0.249714E+00
 0.140171E+02   0.446056E-03   0.773066E-06   0.940816E-04   0.249714E+00
 0.140274E+02   0.416241E-03   0.719600E-06   0.877790E-04   0.249714E+00
 0.140375E+02   0.389829E-03   0.670495E-06   0.821978E-04   0.249714E+00
 0.140477E+02   0.366471E-03   0.623911E-06   0.772772E-04   0.249714E+00
 0.140579E+02   0.346105E-03   0.580132E-06   0.730002E-04   0.249714E+00
 0.140680E+02   0.327863E-03   0.539282E-06   0.691731E-04   0.249714E+00
 0.140785E+02   0.310082E-03   0.499203E-06   0.654396E-04   0.249714E+00
 0.140886E+02   0.293562E-03   0.462822E-06   0.619630E-04   0.249714E+00
 0.140988E+02   0.277132E-03   0.428003E-06   0.584963E-04   0.249714E+00
 0.141088E+02   0.261296E-03   0.395656E-06   0.551510E-04   0.249714E+00
 0.141193E+02   0.245342E-03   0.364158E-06   0.517813E-04   0.249714E+00
 0.141295E+02   0.230205E-03   0.335189E-06   0.485887E-04   0.249714E+00
 0.141397E+02   0.215873E-03   0.308298E-06   0.455704E-04   0.249714E+00
 0.141500E+02   0.202285E-03   0.282855E-06   0.427095E-04   0.249714E+00
 0.141603E+02   0.189707E-03   0.258989E-06   0.400589E-04   0.249714E+00
 0.141704E+02   0.178294E-03   0.237007E-06   0.376503E-04   0.249714E+00
 0.141805E+02   0.167085E-03   0.216389E-06   0.352827E-04   0.249714E+00
 0.141907E+02   0.155402E-03   0.197122E-06   0.328161E-04   0.249714E+00
 0.142010E+02   0.142762E-03   0.178992E-06   0.301512E-04   0.249714E+00
 0.142111E+02   0.130609E-03   0.162864E-06   0.275919E-04   0.249714E+00
 0.142213E+02   0.119648E-03   0.147905E-06   0.252811E-04   0.249714E+00
 0.142315E+02   0.110580E-03   0.134236E-06   0.233657E-04   0.249714E+00
 0.142419E+02   0.102605E-03   0.121350E-06   0.216797E-04   0.249714E+00
 0.142521E+02   0.953497E-04   0.109562E-06   0.201469E-04   0.249714E+00
 0.142624E+02   0.882439E-04   0.985404E-07   0.186479E-04   0.249714E+00
 0.142726E+02   0.812843E-04   0.885498E-07   0.171805E-04   0.249714E+00
 0.142827E+02   0.743384E-04   0.794548E-07   0.157146E-04   0.249714E+00
 0.142930E+02   0.673572E-04   0.709907E-07   0.142388E-04   0.249714E+00
 0.143033E+02   0.610565E-04   0.633639E-07   0.129074E-04   0.249714E+00
 0.143136E+02   0.556568E-04   0.564176E-07   0.117689E-04   0.249714E+00
 0.143237E+02   0.510457E-04   0.502304E-07   0.107969E-04   0.249714E+00
 0.143340E+02   0.466879E-04   0.444559E-07   0.987605E-05   0.249714E+00
 0.143440E+02   0.426379E-04   0.393301E-07   0.901758E-05   0.249714E+00
 0.143540E+02   0.387608E-04   0.346569E-07   0.819654E-05   0.249714E+00
 0.143643E+02   0.350196E-04   0.303464E-07   0.740804E-05   0.249714E+00
 0.143743E+02   0.316286E-04   0.265173E-07   0.669462E-05   0.249714E+00
 0.143844E+02   0.286124E-04   0.230806E-07   0.605742E-05   0.249714E+00
 0.143944E+02   0.257727E-04   0.199752E-07   0.545474E-05   0.249714E+00
 0.144044E+02   0.228278E-04   0.172039E-07   0.483004E-05   0.249714E+00
 0.144146E+02   0.198786E-04   0.147374E-07   0.420634E-05   0.249714E+00
 0.144247E+02   0.174387E-04   0.126247E-07   0.369046E-05   0.249714E+00
 0.144349E+02   0.153962E-04   0.107372E-07   0.325832E-05   0.249714E+00
 0.144450E+02   0.136192E-04   0.907222E-08   0.288232E-05   0.249714E+00
 0.144552E+02   0.120151E-04   0.760784E-08   0.254303E-05   0.249714E+00
 0.144654E+02   0.105261E-04   0.631959E-08   0.222824E-05   0.249714E+00
 0.144755E+02   0.912571E-05   0.520554E-08   0.193224E-05   0.249714E+00
 0.144856E+02   0.778943E-05   0.424244E-08   0.164965E-05   0.249714E+00
 0.144957E+02   0.657065E-05   0.343853E-08   0.139168E-05   0.249714E+00
 0.145058E+02   0.553191E-05   0.275666E-08   0.117169E-05   0.249714E+00
 0.145159E+02   0.472696E-05   0.218294E-08   0.100119E-05   0.249714E+00
 0.145259E+02   0.397367E-05   0.169358E-08   0.841660E-06   0.249714E+00
 0.145360E+02   0.297266E-05   0.130671E-08   0.629751E-06   0.249714E+00
 0.145461E+02   0.243891E-05   0.100666E-08   0.516712E-06   0.249714E+00
 0.145561E+02   0.199414E-05   0.760868E-09   0.422519E-06   0.249714E+00
 0.145661E+02   0.158786E-05   0.563151E-09   0.336453E-06   0.249714E+00
 0.145761E+02   0.126014E-05   0.405512E-09   0.266985E-06   0.249714E+00
 0.145861E+02   0.958488E-06   0.283168E-09   0.203082E-06   0.249714E+00
 0.145962E+02   0.693629E-06   0.192839E-09   0.147031E-06   0.249714E+00
 0.146062E+02   0.510139E-06   0.126910E-09   0.108139E-06   0.249714E+00
 0.146163E+02   0.362812E-06   0.790489E-10   0.769119E-07   0.249714E+00
 0.146263E+02   0.244052E-06   0.459785E-10   0.517517E-07   0.249714E+00
 0.146363E+02   0.155308E-06   0.243534E-10   0.329329E-07   0.249714E+00
 0.146463E+02   0.885895E-07   0.112067E-10   0.187806E-07   0.249714E+00
 0.146563E+02   0.446103E-07   0.416960E-11   0.945875E-08   0.249714E+00
 0.146663E+02   0.159495E-07   0.977609E-12   0.338261E-08   0.249714E+00
 0.146763E+02   0.274200E-08   0.635661E-13   0.581504E-09   0.249714E+00
