 0.000000E+00   0.136705E+01   0.150384E+00   0.271552E+00   0.271552E+00
 0.100714E-01   0.136705E+01   0.150383E+00   0.271552E+00   0.271552E+00
 0.201040E-01   0.136705E+01   0.150383E+00   0.271552E+00   0.271552E+00
 0.306690E-01   0.136705E+01   0.150382E+00   0.271551E+00   0.271552E+00
 0.409715E-01   0.136704E+01   0.150381E+00   0.271551E+00   0.271552E+00
 0.513970E-01   0.136704E+01   0.150380E+00   0.271550E+00   0.271552E+00
 0.623104E-01   0.136703E+01   0.150378E+00   0.271549E+00   0.271552E+00
 0.723831E-01   0.136703E+01   0.150376E+00   0.271548E+00   0.271552E+00
 0.833832E-01   0.136702E+01   0.150373E+00   0.271547E+00   0.271552E+00
 0.940943E-01   0.136701E+01   0.150370E+00   0.271545E+00   0.271552E+00
 0.104274E+00   0.136700E+01   0.150367E+00   0.271544E+00   0.271552E+00
 0.115093E+00   0.136699E+01   0.150364E+00   0.271542E+00   0.271552E+00
 0.126558E+00   0.136698E+01   0.150359E+00   0.271540E+00   0.271552E+00
 0.137134E+00   0.136697E+01   0.150355E+00   0.271538E+00   0.271552E+00
 0.148224E+00   0.136696E+01   0.150350E+00   0.271535E+00   0.271552E+00
 0.159835E+00   0.136694E+01   0.150345E+00   0.271533E+00   0.271552E+00
 0.170211E+00   0.136693E+01   0.150340E+00   0.271530E+00   0.271552E+00
 0.180979E+00   0.136691E+01   0.150334E+00   0.271527E+00   0.271552E+00
 0.192147E+00   0.136689E+01   0.150328E+00   0.271524E+00   0.271552E+00
 0.203718E+00   0.136687E+01   0.150321E+00   0.271521E+00   0.271552E+00
 0.215702E+00   0.136685E+01   0.150313E+00   0.271517E+00   0.271552E+00
 0.226005E+00   0.136683E+01   0.150307E+00   0.271513E+00   0.271552E+00
 0.236598E+00   0.136681E+01   0.150299E+00   0.271510E+00   0.271552E+00
 0.247483E+00   0.136679E+01   0.150291E+00   0.271506E+00   0.271552E+00
 0.258664E+00   0.136677E+01   0.150283E+00   0.271501E+00   0.271552E+00
 0.270146E+00   0.136674E+01   0.150274E+00   0.271497E+00   0.271552E+00
 0.281929E+00   0.136671E+01   0.150264E+00   0.271492E+00   0.271552E+00
 0.294015E+00   0.136668E+01   0.150253E+00   0.271486E+00   0.271552E+00
 0.306403E+00   0.136665E+01   0.150242E+00   0.271481E+00   0.271552E+00
 0.316536E+00   0.136663E+01   0.150233E+00   0.271476E+00   0.271552E+00
 0.326870E+00   0.136660E+01   0.150223E+00   0.271471E+00   0.271552E+00
 0.337405E+00   0.136657E+01   0.150212E+00   0.271466E+00   0.271552E+00
 0.348140E+00   0.136654E+01   0.150201E+00   0.271460E+00   0.271552E+00
 0.359077E+00   0.136650E+01   0.150189E+00   0.271454E+00   0.271552E+00
 0.370217E+00   0.136647E+01   0.150177E+00   0.271448E+00   0.271552E+00
 0.381561E+00   0.136643E+01   0.150164E+00   0.271442E+00   0.271552E+00
 0.393114E+00   0.136640E+01   0.150151E+00   0.271435E+00   0.271552E+00
 0.404875E+00   0.136636E+01   0.150137E+00   0.271428E+00   0.271552E+00
 0.416842E+00   0.136631E+01   0.150122E+00   0.271420E+00   0.271552E+00
 0.429014E+00   0.136627E+01   0.150106E+00   0.271413E+00   0.271552E+00
 0.441403E+00   0.136623E+01   0.150090E+00   0.271404E+00   0.271552E+00
 0.454003E+00   0.136618E+01   0.150073E+00   0.271396E+00   0.271552E+00
 0.466818E+00   0.136613E+01   0.150055E+00   0.271387E+00   0.271552E+00
 0.479846E+00   0.136608E+01   0.150037E+00   0.271378E+00   0.271552E+00
 0.493088E+00   0.136602E+01   0.150017E+00   0.271368E+00   0.271552E+00
 0.503163E+00   0.136598E+01   0.150002E+00   0.271360E+00   0.271552E+00
 0.513360E+00   0.136593E+01   0.149987E+00   0.271352E+00   0.271552E+00
 0.523679E+00   0.136589E+01   0.149971E+00   0.271344E+00   0.271552E+00
 0.534123E+00   0.136584E+01   0.149954E+00   0.271336E+00   0.271552E+00
 0.544690E+00   0.136579E+01   0.149937E+00   0.271327E+00   0.271552E+00
 0.555382E+00   0.136574E+01   0.149919E+00   0.271318E+00   0.271552E+00
 0.566197E+00   0.136569E+01   0.149901E+00   0.271309E+00   0.271552E+00
 0.577138E+00   0.136564E+01   0.149882E+00   0.271300E+00   0.271552E+00
 0.588205E+00   0.136558E+01   0.149863E+00   0.271290E+00   0.271552E+00
 0.599397E+00   0.136553E+01   0.149843E+00   0.271280E+00   0.271552E+00
 0.610718E+00   0.136547E+01   0.149822E+00   0.271269E+00   0.271552E+00
 0.622166E+00   0.136541E+01   0.149801E+00   0.271259E+00   0.271552E+00
 0.633741E+00   0.136535E+01   0.149779E+00   0.271248E+00   0.271552E+00
 0.645443E+00   0.136529E+01   0.149757E+00   0.271236E+00   0.271552E+00
 0.657274E+00   0.136522E+01   0.149733E+00   0.271225E+00   0.271552E+00
 0.669231E+00   0.136515E+01   0.149710E+00   0.271213E+00   0.271552E+00
 0.681321E+00   0.136508E+01   0.149685E+00   0.271200E+00   0.271552E+00
 0.693539E+00   0.136501E+01   0.149660E+00   0.271187E+00   0.271552E+00
 0.705888E+00   0.136494E+01   0.149634E+00   0.271174E+00   0.271552E+00
 0.718367E+00   0.136486E+01   0.149607E+00   0.271161E+00   0.271552E+00
 0.730976E+00   0.136479E+01   0.149580E+00   0.271147E+00   0.271552E+00
 0.743715E+00   0.136471E+01   0.149551E+00   0.271133E+00   0.271552E+00
 0.756588E+00   0.136463E+01   0.149522E+00   0.271118E+00   0.271552E+00
 0.769594E+00   0.136454E+01   0.149493E+00   0.271103E+00   0.271552E+00
 0.782731E+00   0.136446E+01   0.149462E+00   0.271087E+00   0.271552E+00
 0.795999E+00   0.136437E+01   0.149431E+00   0.271072E+00   0.271552E+00
 0.809405E+00   0.136428E+01   0.149398E+00   0.271055E+00   0.271552E+00
 0.822941E+00   0.136418E+01   0.149365E+00   0.271038E+00   0.271552E+00
 0.836613E+00   0.136409E+01   0.149331E+00   0.271021E+00   0.271552E+00
 0.850421E+00   0.136399E+01   0.149296E+00   0.271004E+00   0.271552E+00
 0.864362E+00   0.136389E+01   0.149260E+00   0.270985E+00   0.271552E+00
 0.878439E+00   0.136378E+01   0.149223E+00   0.270967E+00   0.271552E+00
 0.892650E+00   0.136367E+01   0.149185E+00   0.270948E+00   0.271552E+00
 0.906999E+00   0.136356E+01   0.149147E+00   0.270928E+00   0.271552E+00
 0.921483E+00   0.136345E+01   0.149107E+00   0.270908E+00   0.271552E+00
 0.936105E+00   0.136334E+01   0.149066E+00   0.270887E+00   0.271552E+00
 0.950864E+00   0.136322E+01   0.149024E+00   0.270866E+00   0.271552E+00
 0.965761E+00   0.136310E+01   0.148982E+00   0.270844E+00   0.271552E+00
 0.975767E+00   0.136302E+01   0.148953E+00   0.270830E+00   0.271552E+00
 0.985837E+00   0.136293E+01   0.148923E+00   0.270815E+00   0.271552E+00
 0.995967E+00   0.136285E+01   0.148893E+00   0.270799E+00   0.271552E+00
 0.100616E+01   0.136276E+01   0.148862E+00   0.270784E+00   0.271552E+00
 0.101641E+01   0.136267E+01   0.148831E+00   0.270768E+00   0.271552E+00
 0.102673E+01   0.136258E+01   0.148800E+00   0.270752E+00   0.271552E+00
 0.103711E+01   0.136249E+01   0.148767E+00   0.270736E+00   0.271552E+00
 0.104755E+01   0.136240E+01   0.148735E+00   0.270719E+00   0.271552E+00
 0.105805E+01   0.136231E+01   0.148702E+00   0.270703E+00   0.271552E+00
 0.106862E+01   0.136221E+01   0.148668E+00   0.270685E+00   0.271552E+00
 0.107924E+01   0.136211E+01   0.148634E+00   0.270668E+00   0.271552E+00
 0.108994E+01   0.136202E+01   0.148599E+00   0.270650E+00   0.271552E+00
 0.110069E+01   0.136192E+01   0.148564E+00   0.270633E+00   0.271552E+00
 0.111150E+01   0.136181E+01   0.148528E+00   0.270614E+00   0.271552E+00
 0.112238E+01   0.136171E+01   0.148492E+00   0.270596E+00   0.271552E+00
 0.113332E+01   0.136161E+01   0.148455E+00   0.270577E+00   0.271552E+00
 0.114432E+01   0.136150E+01   0.148417E+00   0.270558E+00   0.271552E+00
 0.115539E+01   0.136139E+01   0.148379E+00   0.270539E+00   0.271552E+00
 0.116652E+01   0.136128E+01   0.148340E+00   0.270519E+00   0.271552E+00
 0.117772E+01   0.136117E+01   0.148301E+00   0.270499E+00   0.271552E+00
 0.118897E+01   0.136106E+01   0.148261E+00   0.270479E+00   0.271552E+00
 0.120029E+01   0.136094E+01   0.148221E+00   0.270458E+00   0.271552E+00
 0.121167E+01   0.136083E+01   0.148180E+00   0.270437E+00   0.271552E+00
 0.122312E+01   0.136071E+01   0.148138E+00   0.270416E+00   0.271552E+00
 0.123463E+01   0.136059E+01   0.148096E+00   0.270395E+00   0.271552E+00
 0.124620E+01   0.136047E+01   0.148053E+00   0.270373E+00   0.271552E+00
 0.125784E+01   0.136034E+01   0.148009E+00   0.270351E+00   0.271552E+00
 0.126954E+01   0.136022E+01   0.147965E+00   0.270328E+00   0.271552E+00
 0.128131E+01   0.136009E+01   0.147920E+00   0.270305E+00   0.271552E+00
 0.129314E+01   0.135996E+01   0.147875E+00   0.270282E+00   0.271552E+00
 0.130503E+01   0.135983E+01   0.147828E+00   0.270259E+00   0.271552E+00
 0.131699E+01   0.135969E+01   0.147782E+00   0.270235E+00   0.271552E+00
 0.132902E+01   0.135956E+01   0.147734E+00   0.270210E+00   0.271552E+00
 0.134110E+01   0.135942E+01   0.147686E+00   0.270186E+00   0.271552E+00
 0.135325E+01   0.135928E+01   0.147637E+00   0.270161E+00   0.271552E+00
 0.136547E+01   0.135914E+01   0.147587E+00   0.270136E+00   0.271552E+00
 0.137775E+01   0.135900E+01   0.147537E+00   0.270110E+00   0.271552E+00
 0.139010E+01   0.135885E+01   0.147486E+00   0.270084E+00   0.271552E+00
 0.140251E+01   0.135871E+01   0.147434E+00   0.270057E+00   0.271552E+00
 0.141499E+01   0.135856E+01   0.147382E+00   0.270031E+00   0.271552E+00
 0.142753E+01   0.135841E+01   0.147329E+00   0.270003E+00   0.271552E+00
 0.144013E+01   0.135825E+01   0.147275E+00   0.269976E+00   0.271552E+00
 0.145280E+01   0.135810E+01   0.147220E+00   0.269948E+00   0.271552E+00
 0.146554E+01   0.135794E+01   0.147165E+00   0.269920E+00   0.271552E+00
 0.147834E+01   0.135778E+01   0.147108E+00   0.269891E+00   0.271552E+00
 0.149121E+01   0.135762E+01   0.147051E+00   0.269862E+00   0.271552E+00
 0.150414E+01   0.135745E+01   0.146994E+00   0.269832E+00   0.271552E+00
 0.151714E+01   0.135728E+01   0.146935E+00   0.269802E+00   0.271552E+00
 0.153021E+01   0.135711E+01   0.146876E+00   0.269772E+00   0.271552E+00
 0.154334E+01   0.135694E+01   0.146816E+00   0.269741E+00   0.271552E+00
 0.155653E+01   0.135677E+01   0.146755E+00   0.269710E+00   0.271552E+00
 0.156980E+01   0.135659E+01   0.146693E+00   0.269678E+00   0.271552E+00
 0.158312E+01   0.135641E+01   0.146630E+00   0.269646E+00   0.271552E+00
 0.159652E+01   0.135623E+01   0.146567E+00   0.269614E+00   0.271552E+00
 0.160997E+01   0.135605E+01   0.146503E+00   0.269581E+00   0.271552E+00
 0.162350E+01   0.135586E+01   0.146438E+00   0.269547E+00   0.271552E+00
 0.163709E+01   0.135567E+01   0.146372E+00   0.269513E+00   0.271552E+00
 0.165075E+01   0.135548E+01   0.146305E+00   0.269479E+00   0.271552E+00
 0.166447E+01   0.135529E+01   0.146237E+00   0.269444E+00   0.271552E+00
 0.167826E+01   0.135509E+01   0.146169E+00   0.269409E+00   0.271552E+00
 0.169211E+01   0.135489E+01   0.146100E+00   0.269373E+00   0.271552E+00
 0.170604E+01   0.135469E+01   0.146029E+00   0.269337E+00   0.271552E+00
 0.172002E+01   0.135449E+01   0.145958E+00   0.269301E+00   0.271552E+00
 0.173408E+01   0.135428E+01   0.145886E+00   0.269264E+00   0.271552E+00
 0.174820E+01   0.135407E+01   0.145813E+00   0.269226E+00   0.271552E+00
 0.176239E+01   0.135386E+01   0.145739E+00   0.269188E+00   0.271552E+00
 0.177665E+01   0.135364E+01   0.145664E+00   0.269149E+00   0.271552E+00
 0.179097E+01   0.135343E+01   0.145588E+00   0.269110E+00   0.271552E+00
 0.180536E+01   0.135321E+01   0.145511E+00   0.269070E+00   0.271552E+00
 0.181982E+01   0.135298E+01   0.145434E+00   0.269030E+00   0.271552E+00
 0.183434E+01   0.135276E+01   0.145355E+00   0.268990E+00   0.271552E+00
 0.184893E+01   0.135253E+01   0.145275E+00   0.268949E+00   0.271552E+00
 0.186359E+01   0.135229E+01   0.145195E+00   0.268907E+00   0.271552E+00
 0.187832E+01   0.135206E+01   0.145113E+00   0.268865E+00   0.271552E+00
 0.189311E+01   0.135182E+01   0.145030E+00   0.268822E+00   0.271552E+00
 0.190796E+01   0.135158E+01   0.144947E+00   0.268779E+00   0.271552E+00
 0.192289E+01   0.135134E+01   0.144862E+00   0.268735E+00   0.271552E+00
 0.193788E+01   0.135109E+01   0.144777E+00   0.268691E+00   0.271552E+00
 0.195294E+01   0.135084E+01   0.144690E+00   0.268646E+00   0.271552E+00
 0.196806E+01   0.135059E+01   0.144602E+00   0.268600E+00   0.271552E+00
 0.198326E+01   0.135033E+01   0.144513E+00   0.268554E+00   0.271552E+00
 0.199852E+01   0.135007E+01   0.144423E+00   0.268507E+00   0.271552E+00
 0.201385E+01   0.134981E+01   0.144333E+00   0.268460E+00   0.271552E+00
 0.202925E+01   0.134954E+01   0.144241E+00   0.268413E+00   0.271552E+00
 0.204472E+01   0.134927E+01   0.144148E+00   0.268364E+00   0.271552E+00
 0.206025E+01   0.134900E+01   0.144053E+00   0.268315E+00   0.271552E+00
 0.207584E+01   0.134873E+01   0.143958E+00   0.268266E+00   0.271552E+00
 0.209151E+01   0.134845E+01   0.143862E+00   0.268216E+00   0.271552E+00
 0.210725E+01   0.134816E+01   0.143764E+00   0.268165E+00   0.271552E+00
 0.212305E+01   0.134788E+01   0.143666E+00   0.268113E+00   0.271552E+00
 0.213892E+01   0.134759E+01   0.143566E+00   0.268061E+00   0.271552E+00
 0.215486E+01   0.134730E+01   0.143465E+00   0.268009E+00   0.271552E+00
 0.217086E+01   0.134700E+01   0.143363E+00   0.267956E+00   0.271552E+00
 0.218693E+01   0.134670E+01   0.143260E+00   0.267902E+00   0.271552E+00
 0.220307E+01   0.134640E+01   0.143156E+00   0.267847E+00   0.271552E+00
 0.221928E+01   0.134609E+01   0.143050E+00   0.267792E+00   0.271552E+00
 0.223556E+01   0.134578E+01   0.142944E+00   0.267736E+00   0.271552E+00
 0.225190E+01   0.134547E+01   0.142836E+00   0.267680E+00   0.271552E+00
 0.226831E+01   0.134515E+01   0.142727E+00   0.267623E+00   0.271552E+00
 0.228479E+01   0.134483E+01   0.142616E+00   0.267565E+00   0.271552E+00
 0.230133E+01   0.134450E+01   0.142505E+00   0.267506E+00   0.271552E+00
 0.231795E+01   0.134417E+01   0.142392E+00   0.267447E+00   0.271552E+00
 0.233463E+01   0.134384E+01   0.142278E+00   0.267387E+00   0.271552E+00
 0.235139E+01   0.134351E+01   0.142163E+00   0.267327E+00   0.271552E+00
 0.236821E+01   0.134316E+01   0.142047E+00   0.267266E+00   0.271552E+00
 0.238510E+01   0.134282E+01   0.141929E+00   0.267204E+00   0.271552E+00
 0.240205E+01   0.134247E+01   0.141810E+00   0.267141E+00   0.271552E+00
 0.241907E+01   0.134212E+01   0.141690E+00   0.267078E+00   0.271552E+00
 0.243617E+01   0.134176E+01   0.141568E+00   0.267014E+00   0.271552E+00
 0.245332E+01   0.134140E+01   0.141445E+00   0.266949E+00   0.271552E+00
 0.247055E+01   0.134104E+01   0.141321E+00   0.266883E+00   0.271552E+00
 0.248784E+01   0.134067E+01   0.141196E+00   0.266817E+00   0.271552E+00
 0.250521E+01   0.134030E+01   0.141069E+00   0.266750E+00   0.271552E+00
 0.252264E+01   0.133992E+01   0.140941E+00   0.266682E+00   0.271552E+00
 0.254013E+01   0.133954E+01   0.140811E+00   0.266614E+00   0.271552E+00
 0.255770E+01   0.133916E+01   0.140681E+00   0.266545E+00   0.271552E+00
 0.257534E+01   0.133877E+01   0.140548E+00   0.266475E+00   0.271552E+00
 0.259304E+01   0.133838E+01   0.140415E+00   0.266404E+00   0.271552E+00
 0.261080E+01   0.133798E+01   0.140280E+00   0.266332E+00   0.271552E+00
 0.262864E+01   0.133758E+01   0.140144E+00   0.266260E+00   0.271552E+00
 0.264655E+01   0.133717E+01   0.140006E+00   0.266187E+00   0.271552E+00
 0.266452E+01   0.133676E+01   0.139867E+00   0.266113E+00   0.271552E+00
 0.268256E+01   0.133635E+01   0.139727E+00   0.266038E+00   0.271552E+00
 0.270067E+01   0.133593E+01   0.139585E+00   0.265962E+00   0.271552E+00
 0.271885E+01   0.133550E+01   0.139442E+00   0.265886E+00   0.271552E+00
 0.273709E+01   0.133507E+01   0.139297E+00   0.265808E+00   0.271552E+00
 0.275541E+01   0.133464E+01   0.139151E+00   0.265730E+00   0.271552E+00
 0.277379E+01   0.133420E+01   0.139003E+00   0.265651E+00   0.271552E+00
 0.279224E+01   0.133376E+01   0.138854E+00   0.265572E+00   0.271552E+00
 0.281076E+01   0.133331E+01   0.138703E+00   0.265491E+00   0.271552E+00
 0.282934E+01   0.133286E+01   0.138551E+00   0.265409E+00   0.271552E+00
 0.284800E+01   0.133241E+01   0.138398E+00   0.265327E+00   0.271552E+00
 0.286672E+01   0.133194E+01   0.138243E+00   0.265244E+00   0.271552E+00
 0.288551E+01   0.133148E+01   0.138086E+00   0.265160E+00   0.271552E+00
 0.290436E+01   0.133101E+01   0.137929E+00   0.265075E+00   0.271552E+00
 0.292328E+01   0.133053E+01   0.137769E+00   0.264989E+00   0.271552E+00
 0.294228E+01   0.133005E+01   0.137608E+00   0.264902E+00   0.271552E+00
 0.296134E+01   0.132956E+01   0.137445E+00   0.264814E+00   0.271552E+00
 0.298046E+01   0.132907E+01   0.137281E+00   0.264726E+00   0.271552E+00
 0.299965E+01   0.132858E+01   0.137116E+00   0.264636E+00   0.271552E+00
 0.301892E+01   0.132808E+01   0.136948E+00   0.264546E+00   0.271552E+00
 0.303825E+01   0.132757E+01   0.136780E+00   0.264454E+00   0.271552E+00
 0.305764E+01   0.132706E+01   0.136609E+00   0.264362E+00   0.271552E+00
 0.307711E+01   0.132654E+01   0.136437E+00   0.264269E+00   0.271552E+00
 0.309664E+01   0.132602E+01   0.136264E+00   0.264174E+00   0.271552E+00
 0.311623E+01   0.132549E+01   0.136089E+00   0.264079E+00   0.271552E+00
 0.313590E+01   0.132496E+01   0.135912E+00   0.263983E+00   0.271552E+00
 0.315563E+01   0.132442E+01   0.135734E+00   0.263886E+00   0.271552E+00
 0.317542E+01   0.132388E+01   0.135554E+00   0.263788E+00   0.271552E+00
 0.319529E+01   0.132333E+01   0.135372E+00   0.263688E+00   0.271552E+00
 0.321522E+01   0.132278E+01   0.135189E+00   0.263588E+00   0.271552E+00
 0.323522E+01   0.132222E+01   0.135004E+00   0.263487E+00   0.271552E+00
 0.324524E+01   0.132194E+01   0.134911E+00   0.263436E+00   0.271552E+00
 0.325528E+01   0.132165E+01   0.134818E+00   0.263385E+00   0.271552E+00
 0.326534E+01   0.132137E+01   0.134724E+00   0.263333E+00   0.271552E+00
 0.327541E+01   0.132108E+01   0.134630E+00   0.263282E+00   0.271552E+00
 0.328551E+01   0.132079E+01   0.134535E+00   0.263230E+00   0.271552E+00
 0.329561E+01   0.132051E+01   0.134440E+00   0.263177E+00   0.271552E+00
 0.330574E+01   0.132021E+01   0.134344E+00   0.263125E+00   0.271552E+00
 0.331588E+01   0.131992E+01   0.134248E+00   0.263072E+00   0.271552E+00
 0.332603E+01   0.131963E+01   0.134152E+00   0.263019E+00   0.271552E+00
 0.333621E+01   0.131934E+01   0.134055E+00   0.262966E+00   0.271552E+00
 0.334640E+01   0.131904E+01   0.133958E+00   0.262912E+00   0.271552E+00
 0.335660E+01   0.131874E+01   0.133860E+00   0.262859E+00   0.271552E+00
 0.336682E+01   0.131844E+01   0.133762E+00   0.262804E+00   0.271552E+00
 0.337707E+01   0.131814E+01   0.133664E+00   0.262750E+00   0.271552E+00
 0.338732E+01   0.131784E+01   0.133565E+00   0.262695E+00   0.271552E+00
 0.339759E+01   0.131754E+01   0.133466E+00   0.262641E+00   0.271552E+00
 0.340789E+01   0.131723E+01   0.133366E+00   0.262585E+00   0.271552E+00
 0.341819E+01   0.131693E+01   0.133266E+00   0.262530E+00   0.271552E+00
 0.342852E+01   0.131662E+01   0.133165E+00   0.262474E+00   0.271552E+00
 0.343885E+01   0.131631E+01   0.133064E+00   0.262418E+00   0.271552E+00
 0.344921E+01   0.131600E+01   0.132963E+00   0.262362E+00   0.271552E+00
 0.345958E+01   0.131569E+01   0.132861E+00   0.262306E+00   0.271552E+00
 0.346997E+01   0.131537E+01   0.132758E+00   0.262249E+00   0.271552E+00
 0.348037E+01   0.131506E+01   0.132656E+00   0.262192E+00   0.271552E+00
 0.349080E+01   0.131474E+01   0.132553E+00   0.262134E+00   0.271552E+00
 0.350123E+01   0.131442E+01   0.132449E+00   0.262077E+00   0.271552E+00
 0.351169E+01   0.131410E+01   0.132345E+00   0.262019E+00   0.271552E+00
 0.352216E+01   0.131378E+01   0.132240E+00   0.261961E+00   0.271552E+00
 0.353265E+01   0.131346E+01   0.132135E+00   0.261902E+00   0.271552E+00
 0.354315E+01   0.131314E+01   0.132030E+00   0.261844E+00   0.271552E+00
 0.355367E+01   0.131281E+01   0.131924E+00   0.261784E+00   0.271552E+00
 0.356421E+01   0.131248E+01   0.131818E+00   0.261725E+00   0.271552E+00
 0.357476E+01   0.131215E+01   0.131711E+00   0.261666E+00   0.271552E+00
 0.358533E+01   0.131182E+01   0.131604E+00   0.261606E+00   0.271552E+00
 0.359591E+01   0.131149E+01   0.131497E+00   0.261546E+00   0.271552E+00
 0.360652E+01   0.131116E+01   0.131389E+00   0.261485E+00   0.271552E+00
 0.361714E+01   0.131082E+01   0.131280E+00   0.261424E+00   0.271552E+00
 0.362777E+01   0.131049E+01   0.131171E+00   0.261363E+00   0.271552E+00
 0.363842E+01   0.131015E+01   0.131062E+00   0.261302E+00   0.271552E+00
 0.364908E+01   0.130981E+01   0.130952E+00   0.261240E+00   0.271552E+00
 0.365977E+01   0.130947E+01   0.130842E+00   0.261179E+00   0.271552E+00
 0.367047E+01   0.130913E+01   0.130731E+00   0.261116E+00   0.271552E+00
 0.368118E+01   0.130878E+01   0.130620E+00   0.261054E+00   0.271552E+00
 0.369192E+01   0.130843E+01   0.130508E+00   0.260991E+00   0.271552E+00
 0.370272E+01   0.130808E+01   0.130396E+00   0.260928E+00   0.271552E+00
 0.371349E+01   0.130773E+01   0.130283E+00   0.260864E+00   0.271552E+00
 0.372428E+01   0.130738E+01   0.130170E+00   0.260800E+00   0.271552E+00
 0.373508E+01   0.130703E+01   0.130057E+00   0.260736E+00   0.271552E+00
 0.374590E+01   0.130668E+01   0.129943E+00   0.260672E+00   0.271552E+00
 0.375674E+01   0.130632E+01   0.129828E+00   0.260608E+00   0.271552E+00
 0.376759E+01   0.130596E+01   0.129714E+00   0.260543E+00   0.271552E+00
 0.377846E+01   0.130560E+01   0.129598E+00   0.260477E+00   0.271552E+00
 0.378934E+01   0.130524E+01   0.129483E+00   0.260412E+00   0.271552E+00
 0.380024E+01   0.130488E+01   0.129366E+00   0.260346E+00   0.271552E+00
 0.381116E+01   0.130451E+01   0.129250E+00   0.260280E+00   0.271552E+00
 0.382209E+01   0.130415E+01   0.129133E+00   0.260213E+00   0.271552E+00
 0.383304E+01   0.130378E+01   0.129015E+00   0.260147E+00   0.271552E+00
 0.384400E+01   0.130341E+01   0.128897E+00   0.260080E+00   0.271552E+00
 0.385498E+01   0.130304E+01   0.128779E+00   0.260012E+00   0.271552E+00
 0.386598E+01   0.130267E+01   0.128660E+00   0.259944E+00   0.271552E+00
 0.387699E+01   0.130229E+01   0.128540E+00   0.259876E+00   0.271552E+00
 0.388802E+01   0.130192E+01   0.128420E+00   0.259808E+00   0.271552E+00
 0.389906E+01   0.130154E+01   0.128300E+00   0.259739E+00   0.271552E+00
 0.391013E+01   0.130116E+01   0.128179E+00   0.259670E+00   0.271552E+00
 0.392120E+01   0.130078E+01   0.128058E+00   0.259601E+00   0.271552E+00
 0.393229E+01   0.130039E+01   0.127936E+00   0.259532E+00   0.271552E+00
 0.394340E+01   0.130001E+01   0.127814E+00   0.259462E+00   0.271552E+00
 0.395453E+01   0.129962E+01   0.127691E+00   0.259391E+00   0.271552E+00
 0.396567E+01   0.129924E+01   0.127568E+00   0.259321E+00   0.271552E+00
 0.397683E+01   0.129885E+01   0.127445E+00   0.259250E+00   0.271552E+00
 0.398800E+01   0.129845E+01   0.127321E+00   0.259179E+00   0.271552E+00
 0.399919E+01   0.129806E+01   0.127196E+00   0.259107E+00   0.271552E+00
 0.401039E+01   0.129766E+01   0.127071E+00   0.259035E+00   0.271552E+00
 0.402161E+01   0.129727E+01   0.126946E+00   0.258963E+00   0.271552E+00
 0.403284E+01   0.129687E+01   0.126820E+00   0.258891E+00   0.271552E+00
 0.404410E+01   0.129647E+01   0.126693E+00   0.258818E+00   0.271552E+00
 0.405536E+01   0.129607E+01   0.126566E+00   0.258745E+00   0.271552E+00
 0.406665E+01   0.129566E+01   0.126439E+00   0.258671E+00   0.271552E+00
 0.407795E+01   0.129526E+01   0.126311E+00   0.258597E+00   0.271552E+00
 0.408926E+01   0.129485E+01   0.126183E+00   0.258523E+00   0.271552E+00
 0.410059E+01   0.129444E+01   0.126054E+00   0.258448E+00   0.271552E+00
 0.411194E+01   0.129403E+01   0.125925E+00   0.258374E+00   0.271552E+00
 0.412330E+01   0.129361E+01   0.125795E+00   0.258298E+00   0.271552E+00
 0.413468E+01   0.129320E+01   0.125665E+00   0.258223E+00   0.271552E+00
 0.414607E+01   0.129278E+01   0.125534E+00   0.258147E+00   0.271552E+00
 0.415748E+01   0.129236E+01   0.125403E+00   0.258071E+00   0.271552E+00
 0.416891E+01   0.129194E+01   0.125272E+00   0.257994E+00   0.271552E+00
 0.418035E+01   0.129152E+01   0.125140E+00   0.257917E+00   0.271552E+00
 0.419180E+01   0.129109E+01   0.125007E+00   0.257840E+00   0.271552E+00
 0.420328E+01   0.129067E+01   0.124874E+00   0.257762E+00   0.271552E+00
 0.421476E+01   0.129024E+01   0.124740E+00   0.257684E+00   0.271552E+00
 0.422626E+01   0.128981E+01   0.124606E+00   0.257606E+00   0.271552E+00
 0.423778E+01   0.128938E+01   0.124472E+00   0.257527E+00   0.271552E+00
 0.424932E+01   0.128894E+01   0.124337E+00   0.257448E+00   0.271552E+00
 0.426086E+01   0.128851E+01   0.124202E+00   0.257369E+00   0.271552E+00
 0.427243E+01   0.128807E+01   0.124066E+00   0.257289E+00   0.271552E+00
 0.428401E+01   0.128763E+01   0.123929E+00   0.257209E+00   0.271552E+00
 0.429560E+01   0.128719E+01   0.123792E+00   0.257129E+00   0.271552E+00
 0.430721E+01   0.128675E+01   0.123655E+00   0.257048E+00   0.271552E+00
 0.431884E+01   0.128630E+01   0.123517E+00   0.256967E+00   0.271552E+00
 0.433048E+01   0.128586E+01   0.123379E+00   0.256885E+00   0.271552E+00
 0.434213E+01   0.128541E+01   0.123240E+00   0.256804E+00   0.271552E+00
 0.435380E+01   0.128496E+01   0.123101E+00   0.256721E+00   0.271552E+00
 0.436549E+01   0.128450E+01   0.122961E+00   0.256639E+00   0.271552E+00
 0.437719E+01   0.128405E+01   0.122821E+00   0.256556E+00   0.271552E+00
 0.438891E+01   0.128359E+01   0.122680E+00   0.256473E+00   0.271552E+00
 0.440064E+01   0.128313E+01   0.122539E+00   0.256389E+00   0.271552E+00
 0.441239E+01   0.128267E+01   0.122397E+00   0.256305E+00   0.271552E+00
 0.442415E+01   0.128221E+01   0.122255E+00   0.256220E+00   0.271552E+00
 0.443592E+01   0.128174E+01   0.122112E+00   0.256136E+00   0.271552E+00
 0.444772E+01   0.128128E+01   0.121969E+00   0.256051E+00   0.271552E+00
 0.445952E+01   0.128081E+01   0.121825E+00   0.255965E+00   0.271552E+00
 0.447129E+01   0.128034E+01   0.121682E+00   0.255880E+00   0.271552E+00
 0.448315E+01   0.127987E+01   0.121537E+00   0.255793E+00   0.271552E+00
 0.449502E+01   0.127939E+01   0.121392E+00   0.255706E+00   0.271552E+00
 0.450690E+01   0.127891E+01   0.121246E+00   0.255619E+00   0.271552E+00
 0.451880E+01   0.127844E+01   0.121100E+00   0.255532E+00   0.271552E+00
 0.453072E+01   0.127795E+01   0.120953E+00   0.255444E+00   0.271552E+00
 0.454265E+01   0.127747E+01   0.120806E+00   0.255356E+00   0.271552E+00
 0.455459E+01   0.127698E+01   0.120658E+00   0.255267E+00   0.271552E+00
 0.456655E+01   0.127650E+01   0.120510E+00   0.255178E+00   0.271552E+00
 0.457852E+01   0.127601E+01   0.120361E+00   0.255088E+00   0.271552E+00
 0.459051E+01   0.127552E+01   0.120212E+00   0.254999E+00   0.271552E+00
 0.460251E+01   0.127502E+01   0.120062E+00   0.254908E+00   0.271552E+00
 0.461453E+01   0.127453E+01   0.119912E+00   0.254818E+00   0.271552E+00
 0.462656E+01   0.127403E+01   0.119761E+00   0.254727E+00   0.271552E+00
 0.463861E+01   0.127353E+01   0.119610E+00   0.254636E+00   0.271552E+00
 0.465068E+01   0.127303E+01   0.119458E+00   0.254544E+00   0.271552E+00
 0.466275E+01   0.127252E+01   0.119306E+00   0.254452E+00   0.271552E+00
 0.467484E+01   0.127202E+01   0.119154E+00   0.254359E+00   0.271552E+00
 0.468695E+01   0.127151E+01   0.119001E+00   0.254266E+00   0.271552E+00
 0.469907E+01   0.127100E+01   0.118847E+00   0.254173E+00   0.271552E+00
 0.471121E+01   0.127049E+01   0.118693E+00   0.254079E+00   0.271552E+00
 0.472336E+01   0.126997E+01   0.118538E+00   0.253985E+00   0.271552E+00
 0.473552E+01   0.126945E+01   0.118383E+00   0.253890E+00   0.271552E+00
 0.474770E+01   0.126894E+01   0.118228E+00   0.253795E+00   0.271552E+00
 0.475990E+01   0.126841E+01   0.118072E+00   0.253700E+00   0.271552E+00
 0.477210E+01   0.126789E+01   0.117915E+00   0.253604E+00   0.271552E+00
 0.478433E+01   0.126737E+01   0.117758E+00   0.253508E+00   0.271552E+00
 0.479656E+01   0.126684E+01   0.117601E+00   0.253412E+00   0.271552E+00
 0.480881E+01   0.126631E+01   0.117443E+00   0.253315E+00   0.271552E+00
 0.482108E+01   0.126578E+01   0.117284E+00   0.253217E+00   0.271552E+00
 0.483336E+01   0.126524E+01   0.117125E+00   0.253119E+00   0.271552E+00
 0.484566E+01   0.126471E+01   0.116966E+00   0.253021E+00   0.271552E+00
 0.485797E+01   0.126417E+01   0.116806E+00   0.252923E+00   0.271552E+00
 0.487029E+01   0.126363E+01   0.116645E+00   0.252824E+00   0.271552E+00
 0.488263E+01   0.126308E+01   0.116484E+00   0.252724E+00   0.271552E+00
 0.489498E+01   0.126254E+01   0.116323E+00   0.252624E+00   0.271552E+00
 0.490735E+01   0.126199E+01   0.116161E+00   0.252524E+00   0.271552E+00
 0.491973E+01   0.126144E+01   0.115998E+00   0.252423E+00   0.271552E+00
 0.493213E+01   0.126089E+01   0.115835E+00   0.252322E+00   0.271552E+00
 0.494454E+01   0.126033E+01   0.115672E+00   0.252220E+00   0.271552E+00
 0.495696E+01   0.125978E+01   0.115508E+00   0.252118E+00   0.271552E+00
 0.496940E+01   0.125922E+01   0.115344E+00   0.252016E+00   0.271552E+00
 0.498185E+01   0.125866E+01   0.115179E+00   0.251913E+00   0.271552E+00
 0.499432E+01   0.125810E+01   0.115013E+00   0.251810E+00   0.271552E+00
 0.500680E+01   0.125753E+01   0.114848E+00   0.251706E+00   0.271552E+00
 0.501929E+01   0.125696E+01   0.114681E+00   0.251602E+00   0.271552E+00
 0.503180E+01   0.125639E+01   0.114514E+00   0.251497E+00   0.271552E+00
 0.504432E+01   0.125582E+01   0.114347E+00   0.251392E+00   0.271552E+00
 0.505686E+01   0.125525E+01   0.114179E+00   0.251287E+00   0.271552E+00
 0.506940E+01   0.125467E+01   0.114011E+00   0.251181E+00   0.271552E+00
 0.508196E+01   0.125409E+01   0.113842E+00   0.251075E+00   0.271552E+00
 0.509454E+01   0.125351E+01   0.113673E+00   0.250968E+00   0.271552E+00
 0.510682E+01   0.125294E+01   0.113508E+00   0.250864E+00   0.271552E+00
 0.511946E+01   0.125235E+01   0.113337E+00   0.250756E+00   0.271552E+00
 0.513211E+01   0.125176E+01   0.113166E+00   0.250647E+00   0.271552E+00
 0.514477E+01   0.125117E+01   0.112994E+00   0.250539E+00   0.271552E+00
 0.515744E+01   0.125057E+01   0.112822E+00   0.250429E+00   0.271552E+00
 0.517013E+01   0.124998E+01   0.112649E+00   0.250320E+00   0.271552E+00
 0.518283E+01   0.124938E+01   0.112476E+00   0.250210E+00   0.271552E+00
 0.519555E+01   0.124878E+01   0.112303E+00   0.250099E+00   0.271552E+00
 0.520828E+01   0.124817E+01   0.112129E+00   0.249988E+00   0.271552E+00
 0.522102E+01   0.124756E+01   0.111954E+00   0.249876E+00   0.271552E+00
 0.523378E+01   0.124696E+01   0.111779E+00   0.249765E+00   0.271552E+00
 0.524654E+01   0.124634E+01   0.111604E+00   0.249652E+00   0.271552E+00
 0.525933E+01   0.124573E+01   0.111428E+00   0.249539E+00   0.271552E+00
 0.527212E+01   0.124511E+01   0.111252E+00   0.249426E+00   0.271552E+00
 0.528493E+01   0.124450E+01   0.111075E+00   0.249312E+00   0.271552E+00
 0.529775E+01   0.124387E+01   0.110897E+00   0.249198E+00   0.271552E+00
 0.531059E+01   0.124325E+01   0.110719E+00   0.249083E+00   0.271552E+00
 0.532344E+01   0.124262E+01   0.110541E+00   0.248968E+00   0.271552E+00
 0.533630E+01   0.124200E+01   0.110362E+00   0.248852E+00   0.271552E+00
 0.534917E+01   0.124137E+01   0.110183E+00   0.248736E+00   0.271552E+00
 0.536206E+01   0.124073E+01   0.110003E+00   0.248620E+00   0.271552E+00
 0.537496E+01   0.124010E+01   0.109823E+00   0.248503E+00   0.271552E+00
 0.538788E+01   0.123946E+01   0.109642E+00   0.248385E+00   0.271552E+00
 0.540080E+01   0.123882E+01   0.109461E+00   0.248267E+00   0.271552E+00
 0.541374E+01   0.123817E+01   0.109279E+00   0.248149E+00   0.271552E+00
 0.542670E+01   0.123753E+01   0.109097E+00   0.248030E+00   0.271552E+00
 0.543966E+01   0.123688E+01   0.108914E+00   0.247910E+00   0.271552E+00
 0.545264E+01   0.123623E+01   0.108731E+00   0.247790E+00   0.271552E+00
 0.546563E+01   0.123557E+01   0.108548E+00   0.247670E+00   0.271552E+00
 0.547863E+01   0.123492E+01   0.108364E+00   0.247549E+00   0.271552E+00
 0.549165E+01   0.123426E+01   0.108179E+00   0.247428E+00   0.271552E+00
 0.550468E+01   0.123360E+01   0.107994E+00   0.247306E+00   0.271552E+00
 0.551772E+01   0.123294E+01   0.107809E+00   0.247183E+00   0.271552E+00
 0.553077E+01   0.123227E+01   0.107623E+00   0.247061E+00   0.271552E+00
 0.554384E+01   0.123160E+01   0.107436E+00   0.246937E+00   0.271552E+00
 0.555692E+01   0.123093E+01   0.107250E+00   0.246814E+00   0.271552E+00
 0.557001E+01   0.123025E+01   0.107062E+00   0.246689E+00   0.271552E+00
 0.558311E+01   0.122958E+01   0.106874E+00   0.246564E+00   0.271552E+00
 0.559623E+01   0.122890E+01   0.106686E+00   0.246439E+00   0.271552E+00
 0.560936E+01   0.122822E+01   0.106498E+00   0.246313E+00   0.271552E+00
 0.562249E+01   0.122753E+01   0.106308E+00   0.246187E+00   0.271552E+00
 0.563564E+01   0.122685E+01   0.106119E+00   0.246060E+00   0.271552E+00
 0.564881E+01   0.122616E+01   0.105929E+00   0.245933E+00   0.271552E+00
 0.566169E+01   0.122548E+01   0.105742E+00   0.245808E+00   0.271552E+00
 0.567493E+01   0.122478E+01   0.105551E+00   0.245679E+00   0.271552E+00
 0.568818E+01   0.122408E+01   0.105358E+00   0.245550E+00   0.271552E+00
 0.570145E+01   0.122338E+01   0.105166E+00   0.245420E+00   0.271552E+00
 0.571472E+01   0.122267E+01   0.104973E+00   0.245290E+00   0.271552E+00
 0.572800E+01   0.122197E+01   0.104779E+00   0.245159E+00   0.271552E+00
 0.574130E+01   0.122126E+01   0.104585E+00   0.245028E+00   0.271552E+00
 0.575461E+01   0.122054E+01   0.104391E+00   0.244896E+00   0.271552E+00
 0.576793E+01   0.121983E+01   0.104196E+00   0.244763E+00   0.271552E+00
 0.578127E+01   0.121911E+01   0.104000E+00   0.244631E+00   0.271552E+00
 0.579461E+01   0.121839E+01   0.103805E+00   0.244497E+00   0.271552E+00
 0.580797E+01   0.121766E+01   0.103608E+00   0.244363E+00   0.271552E+00
 0.582133E+01   0.121694E+01   0.103412E+00   0.244229E+00   0.271552E+00
 0.583471E+01   0.121621E+01   0.103215E+00   0.244094E+00   0.271552E+00
 0.584810E+01   0.121547E+01   0.103017E+00   0.243958E+00   0.271552E+00
 0.586150E+01   0.121474E+01   0.102819E+00   0.243822E+00   0.271552E+00
 0.587491E+01   0.121400E+01   0.102621E+00   0.243686E+00   0.271552E+00
 0.588834E+01   0.121326E+01   0.102422E+00   0.243549E+00   0.271552E+00
 0.590178E+01   0.121252E+01   0.102222E+00   0.243411E+00   0.271552E+00
 0.591522E+01   0.121177E+01   0.102023E+00   0.243273E+00   0.271552E+00
 0.592868E+01   0.121102E+01   0.101822E+00   0.243134E+00   0.271552E+00
 0.594215E+01   0.121027E+01   0.101622E+00   0.242995E+00   0.271552E+00
 0.595563E+01   0.120951E+01   0.101421E+00   0.242855E+00   0.271552E+00
 0.596912E+01   0.120876E+01   0.101219E+00   0.242715E+00   0.271552E+00
 0.598262E+01   0.120800E+01   0.101017E+00   0.242574E+00   0.271552E+00
 0.599613E+01   0.120723E+01   0.100815E+00   0.242432E+00   0.271552E+00
 0.600966E+01   0.120647E+01   0.100612E+00   0.242290E+00   0.271552E+00
 0.602319E+01   0.120570E+01   0.100409E+00   0.242148E+00   0.271552E+00
 0.603674E+01   0.120493E+01   0.100205E+00   0.242005E+00   0.271552E+00
 0.605030E+01   0.120415E+01   0.100001E+00   0.241861E+00   0.271552E+00
 0.606386E+01   0.120338E+01   0.997964E-01   0.241717E+00   0.271552E+00
 0.607744E+01   0.120260E+01   0.995914E-01   0.241572E+00   0.271552E+00
 0.609103E+01   0.120181E+01   0.993861E-01   0.241427E+00   0.271552E+00
 0.610463E+01   0.120103E+01   0.991803E-01   0.241281E+00   0.271552E+00
 0.611823E+01   0.120024E+01   0.989741E-01   0.241135E+00   0.271552E+00
 0.613185E+01   0.119945E+01   0.987676E-01   0.240988E+00   0.271552E+00
 0.614564E+01   0.119864E+01   0.985581E-01   0.240839E+00   0.271552E+00
 0.615935E+01   0.119784E+01   0.983496E-01   0.240690E+00   0.271552E+00
 0.617307E+01   0.119704E+01   0.981407E-01   0.240541E+00   0.271552E+00
 0.618680E+01   0.119623E+01   0.979314E-01   0.240391E+00   0.271552E+00
 0.620054E+01   0.119542E+01   0.977217E-01   0.240240E+00   0.271552E+00
 0.621430E+01   0.119461E+01   0.975115E-01   0.240089E+00   0.271552E+00
 0.622806E+01   0.119379E+01   0.973010E-01   0.239937E+00   0.271552E+00
 0.624183E+01   0.119297E+01   0.970901E-01   0.239785E+00   0.271552E+00
 0.625561E+01   0.119215E+01   0.968787E-01   0.239632E+00   0.271552E+00
 0.626940E+01   0.119132E+01   0.966670E-01   0.239479E+00   0.271552E+00
 0.628320E+01   0.119049E+01   0.964549E-01   0.239325E+00   0.271552E+00
 0.629700E+01   0.118966E+01   0.962424E-01   0.239170E+00   0.271552E+00
 0.631082E+01   0.118883E+01   0.960295E-01   0.239015E+00   0.271552E+00
 0.632465E+01   0.118799E+01   0.958162E-01   0.238859E+00   0.271552E+00
 0.633849E+01   0.118715E+01   0.956025E-01   0.238703E+00   0.271552E+00
 0.635233E+01   0.118631E+01   0.953884E-01   0.238546E+00   0.271552E+00
 0.636619E+01   0.118546E+01   0.951740E-01   0.238389E+00   0.271552E+00
 0.638005E+01   0.118461E+01   0.949592E-01   0.238230E+00   0.271552E+00
 0.639392E+01   0.118376E+01   0.947440E-01   0.238072E+00   0.271552E+00
 0.640780E+01   0.118291E+01   0.945284E-01   0.237913E+00   0.271552E+00
 0.642170E+01   0.118205E+01   0.943124E-01   0.237753E+00   0.271552E+00
 0.643560E+01   0.118119E+01   0.940961E-01   0.237592E+00   0.271552E+00
 0.644951E+01   0.118032E+01   0.938794E-01   0.237431E+00   0.271552E+00
 0.646342E+01   0.117945E+01   0.936623E-01   0.237269E+00   0.271552E+00
 0.647735E+01   0.117858E+01   0.934449E-01   0.237107E+00   0.271552E+00
 0.649129E+01   0.117771E+01   0.932271E-01   0.236944E+00   0.271552E+00
 0.650523E+01   0.117683E+01   0.930090E-01   0.236781E+00   0.271552E+00
 0.651918E+01   0.117595E+01   0.927904E-01   0.236617E+00   0.271552E+00
 0.653314E+01   0.117507E+01   0.925716E-01   0.236452E+00   0.271552E+00
 0.654711E+01   0.117418E+01   0.923524E-01   0.236287E+00   0.271552E+00
 0.656108E+01   0.117329E+01   0.921328E-01   0.236121E+00   0.271552E+00
 0.657507E+01   0.117240E+01   0.919129E-01   0.235954E+00   0.271552E+00
 0.658879E+01   0.117152E+01   0.916969E-01   0.235790E+00   0.271552E+00
 0.660289E+01   0.117062E+01   0.914748E-01   0.235621E+00   0.271552E+00
 0.661699E+01   0.116971E+01   0.912523E-01   0.235452E+00   0.271552E+00
 0.663111E+01   0.116880E+01   0.910295E-01   0.235282E+00   0.271552E+00
 0.664523E+01   0.116789E+01   0.908064E-01   0.235111E+00   0.271552E+00
 0.665936E+01   0.116697E+01   0.905829E-01   0.234940E+00   0.271552E+00
 0.667349E+01   0.116605E+01   0.903591E-01   0.234768E+00   0.271552E+00
 0.668763E+01   0.116512E+01   0.901350E-01   0.234595E+00   0.271552E+00
 0.670178E+01   0.116420E+01   0.899106E-01   0.234422E+00   0.271552E+00
 0.671594E+01   0.116327E+01   0.896858E-01   0.234248E+00   0.271552E+00
 0.673010E+01   0.116233E+01   0.894607E-01   0.234073E+00   0.271552E+00
 0.674427E+01   0.116140E+01   0.892353E-01   0.233898E+00   0.271552E+00
 0.675845E+01   0.116046E+01   0.890096E-01   0.233722E+00   0.271552E+00
 0.677263E+01   0.115951E+01   0.887836E-01   0.233546E+00   0.271552E+00
 0.678682E+01   0.115857E+01   0.885573E-01   0.233369E+00   0.271552E+00
 0.680101E+01   0.115762E+01   0.883307E-01   0.233191E+00   0.271552E+00
 0.681522E+01   0.115667E+01   0.881037E-01   0.233013E+00   0.271552E+00
 0.682943E+01   0.115571E+01   0.878765E-01   0.232834E+00   0.271552E+00
 0.684364E+01   0.115475E+01   0.876490E-01   0.232654E+00   0.271552E+00
 0.685786E+01   0.115379E+01   0.874212E-01   0.232474E+00   0.271552E+00
 0.687209E+01   0.115282E+01   0.871931E-01   0.232293E+00   0.271552E+00
 0.688633E+01   0.115185E+01   0.869647E-01   0.232112E+00   0.271552E+00
 0.690057E+01   0.115088E+01   0.867360E-01   0.231930E+00   0.271552E+00
 0.691481E+01   0.114991E+01   0.865071E-01   0.231747E+00   0.271552E+00
 0.692907E+01   0.114893E+01   0.862778E-01   0.231563E+00   0.271552E+00
 0.694332E+01   0.114794E+01   0.860483E-01   0.231379E+00   0.271552E+00
 0.695759E+01   0.114696E+01   0.858186E-01   0.231194E+00   0.271552E+00
 0.697185E+01   0.114597E+01   0.855885E-01   0.231009E+00   0.271552E+00
 0.698613E+01   0.114498E+01   0.853582E-01   0.230823E+00   0.271552E+00
 0.700055E+01   0.114397E+01   0.851254E-01   0.230634E+00   0.271552E+00
 0.701496E+01   0.114297E+01   0.848925E-01   0.230445E+00   0.271552E+00
 0.702937E+01   0.114196E+01   0.846594E-01   0.230255E+00   0.271552E+00
 0.704379E+01   0.114094E+01   0.844261E-01   0.230065E+00   0.271552E+00
 0.705821E+01   0.113992E+01   0.841926E-01   0.229874E+00   0.271552E+00
 0.707264E+01   0.113890E+01   0.839588E-01   0.229682E+00   0.271552E+00
 0.708707E+01   0.113788E+01   0.837247E-01   0.229490E+00   0.271552E+00
 0.710150E+01   0.113685E+01   0.834905E-01   0.229297E+00   0.271552E+00
 0.711594E+01   0.113582E+01   0.832560E-01   0.229103E+00   0.271552E+00
 0.713038E+01   0.113479E+01   0.830213E-01   0.228909E+00   0.271552E+00
 0.714483E+01   0.113375E+01   0.827863E-01   0.228714E+00   0.271552E+00
 0.715928E+01   0.113271E+01   0.825512E-01   0.228518E+00   0.271552E+00
 0.717373E+01   0.113166E+01   0.823158E-01   0.228322E+00   0.271552E+00
 0.718819E+01   0.113062E+01   0.820802E-01   0.228125E+00   0.271552E+00
 0.720265E+01   0.112957E+01   0.818444E-01   0.227927E+00   0.271552E+00
 0.721711E+01   0.112851E+01   0.816084E-01   0.227728E+00   0.271552E+00
 0.723158E+01   0.112745E+01   0.813723E-01   0.227529E+00   0.271552E+00
 0.724605E+01   0.112639E+01   0.811359E-01   0.227330E+00   0.271552E+00
 0.726052E+01   0.112533E+01   0.808993E-01   0.227129E+00   0.271552E+00
 0.727500E+01   0.112426E+01   0.806626E-01   0.226928E+00   0.271552E+00
 0.728947E+01   0.112319E+01   0.804257E-01   0.226726E+00   0.271552E+00
 0.730396E+01   0.112211E+01   0.801885E-01   0.226524E+00   0.271552E+00
 0.731844E+01   0.112103E+01   0.799512E-01   0.226321E+00   0.271552E+00
 0.733293E+01   0.111995E+01   0.797138E-01   0.226117E+00   0.271552E+00
 0.734299E+01   0.111920E+01   0.795486E-01   0.225975E+00   0.271552E+00
 0.735748E+01   0.111811E+01   0.793110E-01   0.225770E+00   0.271552E+00
 0.737212E+01   0.111701E+01   0.790706E-01   0.225562E+00   0.271552E+00
 0.738677E+01   0.111590E+01   0.788300E-01   0.225353E+00   0.271552E+00
 0.740141E+01   0.111479E+01   0.785893E-01   0.225144E+00   0.271552E+00
 0.741606E+01   0.111368E+01   0.783485E-01   0.224934E+00   0.271552E+00
 0.743071E+01   0.111257E+01   0.781075E-01   0.224723E+00   0.271552E+00
 0.744535E+01   0.111145E+01   0.778665E-01   0.224512E+00   0.271552E+00
 0.745998E+01   0.111033E+01   0.776257E-01   0.224301E+00   0.271552E+00
 0.747458E+01   0.110920E+01   0.773850E-01   0.224088E+00   0.271552E+00
 0.748918E+01   0.110808E+01   0.771445E-01   0.223876E+00   0.271552E+00
 0.750375E+01   0.110695E+01   0.769042E-01   0.223663E+00   0.271552E+00
 0.751831E+01   0.110582E+01   0.766640E-01   0.223449E+00   0.271552E+00
 0.753285E+01   0.110469E+01   0.764240E-01   0.223236E+00   0.271552E+00
 0.754738E+01   0.110355E+01   0.761842E-01   0.223021E+00   0.271552E+00
 0.756188E+01   0.110242E+01   0.759445E-01   0.222807E+00   0.271552E+00
 0.757638E+01   0.110128E+01   0.757050E-01   0.222591E+00   0.271552E+00
 0.759085E+01   0.110014E+01   0.754657E-01   0.222376E+00   0.271552E+00
 0.760531E+01   0.109900E+01   0.752266E-01   0.222160E+00   0.271552E+00
 0.761976E+01   0.109785E+01   0.749877E-01   0.221943E+00   0.271552E+00
 0.763418E+01   0.109671E+01   0.747489E-01   0.221726E+00   0.271552E+00
 0.764860E+01   0.109556E+01   0.745103E-01   0.221509E+00   0.271552E+00
 0.766299E+01   0.109441E+01   0.742719E-01   0.221291E+00   0.271552E+00
 0.767737E+01   0.109325E+01   0.740337E-01   0.221072E+00   0.271552E+00
 0.769173E+01   0.109210E+01   0.737957E-01   0.220853E+00   0.271552E+00
 0.770495E+01   0.109103E+01   0.735766E-01   0.220651E+00   0.271552E+00
 0.771925E+01   0.108988E+01   0.733395E-01   0.220432E+00   0.271552E+00
 0.773353E+01   0.108872E+01   0.731026E-01   0.220213E+00   0.271552E+00
 0.774780E+01   0.108756E+01   0.728660E-01   0.219993E+00   0.271552E+00
 0.776204E+01   0.108639E+01   0.726296E-01   0.219772E+00   0.271552E+00
 0.777627E+01   0.108523E+01   0.723934E-01   0.219551E+00   0.271552E+00
 0.779048E+01   0.108406E+01   0.721574E-01   0.219330E+00   0.271552E+00
 0.780467E+01   0.108289E+01   0.719217E-01   0.219108E+00   0.271552E+00
 0.781885E+01   0.108172E+01   0.716862E-01   0.218886E+00   0.271552E+00
 0.783301E+01   0.108055E+01   0.714510E-01   0.218664E+00   0.271552E+00
 0.784715E+01   0.107937E+01   0.712159E-01   0.218441E+00   0.271552E+00
 0.786128E+01   0.107820E+01   0.709811E-01   0.218217E+00   0.271552E+00
 0.787539E+01   0.107702E+01   0.707465E-01   0.217993E+00   0.271552E+00
 0.788948E+01   0.107584E+01   0.705122E-01   0.217769E+00   0.271552E+00
 0.790356E+01   0.107465E+01   0.702781E-01   0.217544E+00   0.271552E+00
 0.791762E+01   0.107347E+01   0.700442E-01   0.217319E+00   0.271552E+00
 0.793166E+01   0.107228E+01   0.698106E-01   0.217093E+00   0.271552E+00
 0.794569E+01   0.107109E+01   0.695772E-01   0.216867E+00   0.271552E+00
 0.795970E+01   0.106990E+01   0.693441E-01   0.216641E+00   0.271552E+00
 0.797369E+01   0.106871E+01   0.691111E-01   0.216414E+00   0.271552E+00
 0.798767E+01   0.106751E+01   0.688784E-01   0.216186E+00   0.271552E+00
 0.800163E+01   0.106631E+01   0.686460E-01   0.215958E+00   0.271552E+00
 0.801554E+01   0.106512E+01   0.684145E-01   0.215731E+00   0.271552E+00
 0.802943E+01   0.106392E+01   0.681833E-01   0.215503E+00   0.271552E+00
 0.804330E+01   0.106272E+01   0.679523E-01   0.215274E+00   0.271552E+00
 0.805715E+01   0.106152E+01   0.677216E-01   0.215045E+00   0.271552E+00
 0.807099E+01   0.106031E+01   0.674912E-01   0.214816E+00   0.271552E+00
 0.808480E+01   0.105911E+01   0.672611E-01   0.214586E+00   0.271552E+00
 0.809861E+01   0.105790E+01   0.670312E-01   0.214356E+00   0.271552E+00
 0.811239E+01   0.105669E+01   0.668016E-01   0.214125E+00   0.271552E+00
 0.812615E+01   0.105548E+01   0.665723E-01   0.213894E+00   0.271552E+00
 0.813991E+01   0.105426E+01   0.663433E-01   0.213663E+00   0.271552E+00
 0.815364E+01   0.105305E+01   0.661145E-01   0.213431E+00   0.271552E+00
 0.816736E+01   0.105183E+01   0.658861E-01   0.213199E+00   0.271552E+00
 0.818105E+01   0.105061E+01   0.656579E-01   0.212966E+00   0.271552E+00
 0.819473E+01   0.104939E+01   0.654300E-01   0.212733E+00   0.271552E+00
 0.820840E+01   0.104816E+01   0.652025E-01   0.212499E+00   0.271552E+00
 0.822205E+01   0.104694E+01   0.649751E-01   0.212265E+00   0.271552E+00
 0.823568E+01   0.104571E+01   0.647481E-01   0.212031E+00   0.271552E+00
 0.824929E+01   0.104448E+01   0.645214E-01   0.211796E+00   0.271552E+00
 0.826289E+01   0.104325E+01   0.642949E-01   0.211561E+00   0.271552E+00
 0.827648E+01   0.104201E+01   0.640688E-01   0.211325E+00   0.271552E+00
 0.829004E+01   0.104078E+01   0.638429E-01   0.211089E+00   0.271552E+00
 0.830763E+01   0.103917E+01   0.635502E-01   0.210782E+00   0.271552E+00
 0.832110E+01   0.103794E+01   0.633260E-01   0.210546E+00   0.271552E+00
 0.833456E+01   0.103670E+01   0.631019E-01   0.210309E+00   0.271552E+00
 0.834801E+01   0.103546E+01   0.628781E-01   0.210072E+00   0.271552E+00
 0.836144E+01   0.103422E+01   0.626547E-01   0.209834E+00   0.271552E+00
 0.837485E+01   0.103297E+01   0.624315E-01   0.209596E+00   0.271552E+00
 0.838825E+01   0.103173E+01   0.622087E-01   0.209358E+00   0.271552E+00
 0.840162E+01   0.103048E+01   0.619862E-01   0.209119E+00   0.271552E+00
 0.841498E+01   0.102923E+01   0.617641E-01   0.208880E+00   0.271552E+00
 0.842833E+01   0.102798E+01   0.615423E-01   0.208640E+00   0.271552E+00
 0.844165E+01   0.102673E+01   0.613208E-01   0.208400E+00   0.271552E+00
 0.845496E+01   0.102547E+01   0.610996E-01   0.208160E+00   0.271552E+00
 0.846825E+01   0.102421E+01   0.608788E-01   0.207919E+00   0.271552E+00
 0.848153E+01   0.102296E+01   0.606583E-01   0.207678E+00   0.271552E+00
 0.849479E+01   0.102169E+01   0.604381E-01   0.207436E+00   0.271552E+00
 0.850803E+01   0.102043E+01   0.602182E-01   0.207194E+00   0.271552E+00
 0.852125E+01   0.101917E+01   0.599986E-01   0.206952E+00   0.271552E+00
 0.853446E+01   0.101790E+01   0.597794E-01   0.206709E+00   0.271552E+00
 0.854766E+01   0.101663E+01   0.595605E-01   0.206465E+00   0.271552E+00
 0.856083E+01   0.101536E+01   0.593420E-01   0.206222E+00   0.271552E+00
 0.857399E+01   0.101409E+01   0.591238E-01   0.205978E+00   0.271552E+00
 0.858780E+01   0.101275E+01   0.588949E-01   0.205721E+00   0.271552E+00
 0.860087E+01   0.101148E+01   0.586783E-01   0.205477E+00   0.271552E+00
 0.861393E+01   0.101021E+01   0.584620E-01   0.205232E+00   0.271552E+00
 0.862697E+01   0.100893E+01   0.582461E-01   0.204987E+00   0.271552E+00
 0.863998E+01   0.100766E+01   0.580305E-01   0.204742E+00   0.271552E+00
 0.865299E+01   0.100638E+01   0.578153E-01   0.204497E+00   0.271552E+00
 0.866597E+01   0.100510E+01   0.576004E-01   0.204251E+00   0.271552E+00
 0.867894E+01   0.100382E+01   0.573860E-01   0.204004E+00   0.271552E+00
 0.869189E+01   0.100253E+01   0.571718E-01   0.203758E+00   0.271552E+00
 0.870483E+01   0.100125E+01   0.569580E-01   0.203511E+00   0.271552E+00
 0.871775E+01   0.999962E+00   0.567446E-01   0.203263E+00   0.271552E+00
 0.873065E+01   0.998673E+00   0.565316E-01   0.203015E+00   0.271552E+00
 0.874353E+01   0.997382E+00   0.563189E-01   0.202767E+00   0.271552E+00
 0.875640E+01   0.996090E+00   0.561066E-01   0.202518E+00   0.271552E+00
 0.876925E+01   0.994795E+00   0.558946E-01   0.202269E+00   0.271552E+00
 0.878209E+01   0.993499E+00   0.556830E-01   0.202019E+00   0.271552E+00
 0.879490E+01   0.992201E+00   0.554717E-01   0.201769E+00   0.271552E+00
 0.880771E+01   0.990901E+00   0.552608E-01   0.201519E+00   0.271552E+00
 0.882049E+01   0.989600E+00   0.550503E-01   0.201268E+00   0.271552E+00
 0.883326E+01   0.988296E+00   0.548401E-01   0.201017E+00   0.271552E+00
 0.884602E+01   0.986991E+00   0.546303E-01   0.200765E+00   0.271552E+00
 0.885875E+01   0.985684E+00   0.544209E-01   0.200514E+00   0.271552E+00
 0.887141E+01   0.984381E+00   0.542128E-01   0.200262E+00   0.271552E+00
 0.888405E+01   0.983077E+00   0.540052E-01   0.200011E+00   0.271552E+00
 0.889668E+01   0.981771E+00   0.537979E-01   0.199759E+00   0.271552E+00
 0.890929E+01   0.980464E+00   0.535910E-01   0.199507E+00   0.271552E+00
 0.892188E+01   0.979154E+00   0.533845E-01   0.199254E+00   0.271552E+00
 0.893445E+01   0.977844E+00   0.531784E-01   0.199001E+00   0.271552E+00
 0.894700E+01   0.976531E+00   0.529726E-01   0.198748E+00   0.271552E+00
 0.895954E+01   0.975217E+00   0.527673E-01   0.198494E+00   0.271552E+00
 0.897207E+01   0.973901E+00   0.525623E-01   0.198240E+00   0.271552E+00
 0.898457E+01   0.972583E+00   0.523577E-01   0.197985E+00   0.271552E+00
 0.899706E+01   0.971263E+00   0.521535E-01   0.197730E+00   0.271552E+00
 0.900954E+01   0.969942E+00   0.519497E-01   0.197475E+00   0.271552E+00
 0.902200E+01   0.968619E+00   0.517463E-01   0.197219E+00   0.271552E+00
 0.903444E+01   0.967295E+00   0.515432E-01   0.196963E+00   0.271552E+00
 0.904686E+01   0.965968E+00   0.513405E-01   0.196707E+00   0.271552E+00
 0.905928E+01   0.964640E+00   0.511382E-01   0.196450E+00   0.271552E+00
 0.907167E+01   0.963310E+00   0.509363E-01   0.196193E+00   0.271552E+00
 0.909334E+01   0.960976E+00   0.505835E-01   0.195741E+00   0.271552E+00
 0.910563E+01   0.959649E+00   0.503838E-01   0.195484E+00   0.271552E+00
 0.911789E+01   0.958320E+00   0.501845E-01   0.195227E+00   0.271552E+00
 0.913014E+01   0.956990E+00   0.499856E-01   0.194970E+00   0.271552E+00
 0.914237E+01   0.955658E+00   0.497871E-01   0.194712E+00   0.271552E+00
 0.915458E+01   0.954324E+00   0.495890E-01   0.194454E+00   0.271552E+00
 0.916678E+01   0.952990E+00   0.493913E-01   0.194195E+00   0.271552E+00
 0.917896E+01   0.951653E+00   0.491941E-01   0.193936E+00   0.271552E+00
 0.919112E+01   0.950315E+00   0.489972E-01   0.193677E+00   0.271552E+00
 0.920327E+01   0.948975E+00   0.488007E-01   0.193417E+00   0.271552E+00
 0.921540E+01   0.947634E+00   0.486046E-01   0.193157E+00   0.271552E+00
 0.922751E+01   0.946291E+00   0.484090E-01   0.192897E+00   0.271552E+00
 0.923961E+01   0.944947E+00   0.482137E-01   0.192636E+00   0.271552E+00
 0.925169E+01   0.943601E+00   0.480189E-01   0.192375E+00   0.271552E+00
 0.926376E+01   0.942253E+00   0.478244E-01   0.192113E+00   0.271552E+00
 0.927581E+01   0.940904E+00   0.476304E-01   0.191851E+00   0.271552E+00
 0.928784E+01   0.939553E+00   0.474368E-01   0.191589E+00   0.271552E+00
 0.929986E+01   0.938200E+00   0.472435E-01   0.191327E+00   0.271552E+00
 0.931186E+01   0.936846E+00   0.470507E-01   0.191064E+00   0.271552E+00
 0.932385E+01   0.935491E+00   0.468583E-01   0.190801E+00   0.271552E+00
 0.933690E+01   0.934011E+00   0.466489E-01   0.190513E+00   0.271552E+00
 0.934878E+01   0.932660E+00   0.464585E-01   0.190251E+00   0.271552E+00
 0.936064E+01   0.931308E+00   0.462685E-01   0.189988E+00   0.271552E+00
 0.937249E+01   0.929955E+00   0.460790E-01   0.189725E+00   0.271552E+00
 0.938431E+01   0.928600E+00   0.458899E-01   0.189462E+00   0.271552E+00
 0.939613E+01   0.927244E+00   0.457012E-01   0.189198E+00   0.271552E+00
 0.940792E+01   0.925887E+00   0.455130E-01   0.188934E+00   0.271552E+00
 0.941970E+01   0.924528E+00   0.453251E-01   0.188670E+00   0.271552E+00
 0.943146E+01   0.923168E+00   0.451377E-01   0.188405E+00   0.271552E+00
 0.944321E+01   0.921806E+00   0.449507E-01   0.188140E+00   0.271552E+00
 0.945494E+01   0.920443E+00   0.447641E-01   0.187875E+00   0.271552E+00
 0.946665E+01   0.919078E+00   0.445780E-01   0.187609E+00   0.271552E+00
 0.947835E+01   0.917712E+00   0.443922E-01   0.187343E+00   0.271552E+00
 0.949003E+01   0.916345E+00   0.442069E-01   0.187077E+00   0.271552E+00
 0.950170E+01   0.914976E+00   0.440220E-01   0.186810E+00   0.271552E+00
 0.951335E+01   0.913605E+00   0.438375E-01   0.186543E+00   0.271552E+00
 0.952499E+01   0.912233E+00   0.436534E-01   0.186276E+00   0.271552E+00
 0.953661E+01   0.910860E+00   0.434698E-01   0.186008E+00   0.271552E+00
 0.954821E+01   0.909485E+00   0.432865E-01   0.185740E+00   0.271552E+00
 0.955973E+01   0.908118E+00   0.431049E-01   0.185473E+00   0.271552E+00
 0.957122E+01   0.906750E+00   0.429237E-01   0.185207E+00   0.271552E+00
 0.958269E+01   0.905381E+00   0.427431E-01   0.184940E+00   0.271552E+00
 0.959415E+01   0.904010E+00   0.425628E-01   0.184672E+00   0.271552E+00
 0.960559E+01   0.902639E+00   0.423830E-01   0.184405E+00   0.271552E+00
 0.961702E+01   0.901266E+00   0.422036E-01   0.184137E+00   0.271552E+00
 0.962843E+01   0.899892E+00   0.420247E-01   0.183869E+00   0.271552E+00
 0.963982E+01   0.898516E+00   0.418462E-01   0.183600E+00   0.271552E+00
 0.965120E+01   0.897140E+00   0.416681E-01   0.183331E+00   0.271552E+00
 0.966256E+01   0.895762E+00   0.414904E-01   0.183062E+00   0.271552E+00
 0.967391E+01   0.894382E+00   0.413132E-01   0.182793E+00   0.271552E+00
 0.968524E+01   0.893001E+00   0.411363E-01   0.182523E+00   0.271552E+00
 0.969655E+01   0.891620E+00   0.409600E-01   0.182253E+00   0.271552E+00
 0.970785E+01   0.890236E+00   0.407840E-01   0.181983E+00   0.271552E+00
 0.971914E+01   0.888852E+00   0.406085E-01   0.181712E+00   0.271552E+00
 0.973040E+01   0.887466E+00   0.404334E-01   0.181441E+00   0.271552E+00
 0.974166E+01   0.886079E+00   0.402587E-01   0.181170E+00   0.271552E+00
 0.975954E+01   0.883869E+00   0.399816E-01   0.180737E+00   0.271552E+00
 0.977067E+01   0.882488E+00   0.398092E-01   0.180467E+00   0.271552E+00
 0.978178E+01   0.881108E+00   0.396374E-01   0.180197E+00   0.271552E+00
 0.979288E+01   0.879726E+00   0.394660E-01   0.179927E+00   0.271552E+00
 0.980395E+01   0.878343E+00   0.392951E-01   0.179656E+00   0.271552E+00
 0.981502E+01   0.876959E+00   0.391246E-01   0.179385E+00   0.271552E+00
 0.982606E+01   0.875574E+00   0.389545E-01   0.179114E+00   0.271552E+00
 0.983709E+01   0.874188E+00   0.387849E-01   0.178842E+00   0.271552E+00
 0.984811E+01   0.872801E+00   0.386157E-01   0.178570E+00   0.271552E+00
 0.985911E+01   0.871412E+00   0.384470E-01   0.178298E+00   0.271552E+00
 0.987009E+01   0.870023E+00   0.382787E-01   0.178026E+00   0.271552E+00
 0.988106E+01   0.868632E+00   0.381108E-01   0.177754E+00   0.271552E+00
 0.989201E+01   0.867241E+00   0.379434E-01   0.177481E+00   0.271552E+00
 0.990295E+01   0.865848E+00   0.377763E-01   0.177208E+00   0.271552E+00
 0.991387E+01   0.864454E+00   0.376098E-01   0.176934E+00   0.271552E+00
 0.992478E+01   0.863059E+00   0.374436E-01   0.176661E+00   0.271552E+00
 0.993567E+01   0.861663E+00   0.372779E-01   0.176387E+00   0.271552E+00
 0.994654E+01   0.860265E+00   0.371125E-01   0.176112E+00   0.271552E+00
 0.995934E+01   0.858618E+00   0.369183E-01   0.175789E+00   0.271552E+00
 0.997009E+01   0.857231E+00   0.367554E-01   0.175517E+00   0.271552E+00
 0.998082E+01   0.855842E+00   0.365929E-01   0.175244E+00   0.271552E+00
 0.999155E+01   0.854452E+00   0.364307E-01   0.174971E+00   0.271552E+00
 0.100023E+02   0.853062E+00   0.362691E-01   0.174698E+00   0.271552E+00
 0.100129E+02   0.851670E+00   0.361079E-01   0.174425E+00   0.271552E+00
 0.100236E+02   0.850278E+00   0.359471E-01   0.174151E+00   0.271552E+00
 0.100343E+02   0.848885E+00   0.357867E-01   0.173877E+00   0.271552E+00
 0.100449E+02   0.847491E+00   0.356268E-01   0.173603E+00   0.271552E+00
 0.100555E+02   0.846096E+00   0.354673E-01   0.173329E+00   0.271552E+00
 0.100661E+02   0.844700E+00   0.353083E-01   0.173055E+00   0.271552E+00
 0.100767E+02   0.843303E+00   0.351497E-01   0.172780E+00   0.271552E+00
 0.100873E+02   0.841905E+00   0.349915E-01   0.172505E+00   0.271552E+00
 0.100979E+02   0.840506E+00   0.348337E-01   0.172230E+00   0.271552E+00
 0.101084E+02   0.839107E+00   0.346764E-01   0.171954E+00   0.271552E+00
 0.101190E+02   0.837706E+00   0.345195E-01   0.171679E+00   0.271552E+00
 0.101295E+02   0.836305E+00   0.343630E-01   0.171403E+00   0.271552E+00
 0.101400E+02   0.834903E+00   0.342070E-01   0.171127E+00   0.271552E+00
 0.101531E+02   0.833147E+00   0.340124E-01   0.170781E+00   0.271552E+00
 0.101635E+02   0.831757E+00   0.338589E-01   0.170507E+00   0.271552E+00
 0.101739E+02   0.830365E+00   0.337057E-01   0.170233E+00   0.271552E+00
 0.101842E+02   0.828972E+00   0.335530E-01   0.169959E+00   0.271552E+00
 0.101945E+02   0.827579E+00   0.334007E-01   0.169684E+00   0.271552E+00
 0.102048E+02   0.826185E+00   0.332488E-01   0.169409E+00   0.271552E+00
 0.102151E+02   0.824791E+00   0.330974E-01   0.169134E+00   0.271552E+00
 0.102254E+02   0.823395E+00   0.329464E-01   0.168859E+00   0.271552E+00
 0.102357E+02   0.821999E+00   0.327959E-01   0.168584E+00   0.271552E+00
 0.102459E+02   0.820603E+00   0.326457E-01   0.168308E+00   0.271552E+00
 0.102562E+02   0.819205E+00   0.324960E-01   0.168033E+00   0.271552E+00
 0.102664E+02   0.817806E+00   0.323467E-01   0.167757E+00   0.271552E+00
 0.102766E+02   0.816408E+00   0.321979E-01   0.167481E+00   0.271552E+00
 0.102868E+02   0.815008E+00   0.320495E-01   0.167205E+00   0.271552E+00
 0.102970E+02   0.813608E+00   0.319015E-01   0.166928E+00   0.271552E+00
 0.103071E+02   0.812206E+00   0.317539E-01   0.166651E+00   0.271552E+00
 0.103173E+02   0.810805E+00   0.316067E-01   0.166375E+00   0.271552E+00
 0.103274E+02   0.809402E+00   0.314600E-01   0.166098E+00   0.271552E+00
 0.103386E+02   0.807855E+00   0.312987E-01   0.165792E+00   0.271552E+00
 0.103585E+02   0.805076E+00   0.310106E-01   0.165243E+00   0.271552E+00
 0.103785E+02   0.802294E+00   0.307240E-01   0.164693E+00   0.271552E+00
 0.103983E+02   0.799509E+00   0.304391E-01   0.164142E+00   0.271552E+00
 0.104181E+02   0.796722E+00   0.301559E-01   0.163591E+00   0.271552E+00
 0.104379E+02   0.793933E+00   0.298743E-01   0.163039E+00   0.271552E+00
 0.104576E+02   0.791142E+00   0.295945E-01   0.162487E+00   0.271552E+00
 0.104772E+02   0.788349E+00   0.293163E-01   0.161933E+00   0.271552E+00
 0.104968E+02   0.785554E+00   0.290398E-01   0.161380E+00   0.271552E+00
 0.105117E+02   0.783417E+00   0.288297E-01   0.160956E+00   0.271552E+00
 0.105267E+02   0.781262E+00   0.286189E-01   0.160529E+00   0.271552E+00
 0.105459E+02   0.778494E+00   0.283497E-01   0.159981E+00   0.271552E+00
 0.105651E+02   0.775725E+00   0.280822E-01   0.159431E+00   0.271552E+00
 0.105842E+02   0.772954E+00   0.278164E-01   0.158882E+00   0.271552E+00
 0.106032E+02   0.770182E+00   0.275523E-01   0.158332E+00   0.271552E+00
 0.106222E+02   0.767410E+00   0.272897E-01   0.157781E+00   0.271552E+00
 0.106411E+02   0.764635E+00   0.270288E-01   0.157230E+00   0.271552E+00
 0.106600E+02   0.761860E+00   0.267696E-01   0.156679E+00   0.271552E+00
 0.106788E+02   0.759083E+00   0.265119E-01   0.156127E+00   0.271552E+00
 0.106907E+02   0.757323E+00   0.263496E-01   0.155778E+00   0.271552E+00
 0.107092E+02   0.754578E+00   0.260977E-01   0.155232E+00   0.271552E+00
 0.107276E+02   0.751831E+00   0.258473E-01   0.154686E+00   0.271552E+00
 0.107460E+02   0.749084E+00   0.255984E-01   0.154139E+00   0.271552E+00
 0.107643E+02   0.746335E+00   0.253512E-01   0.153592E+00   0.271552E+00
 0.107826E+02   0.743586E+00   0.251055E-01   0.153045E+00   0.271552E+00
 0.108008E+02   0.740837E+00   0.248615E-01   0.152497E+00   0.271552E+00
 0.108190E+02   0.738087E+00   0.246190E-01   0.151949E+00   0.271552E+00
 0.108371E+02   0.735336E+00   0.243781E-01   0.151401E+00   0.271552E+00
 0.108511E+02   0.733209E+00   0.241928E-01   0.150977E+00   0.271552E+00
 0.108670E+02   0.730787E+00   0.239831E-01   0.150495E+00   0.271552E+00
 0.108847E+02   0.728071E+00   0.237494E-01   0.149953E+00   0.271552E+00
 0.109024E+02   0.725356E+00   0.235172E-01   0.149411E+00   0.271552E+00
 0.109200E+02   0.722641E+00   0.232866E-01   0.148869E+00   0.271552E+00
 0.109376E+02   0.719926E+00   0.230576E-01   0.148328E+00   0.271552E+00
 0.109551E+02   0.717211E+00   0.228300E-01   0.147786E+00   0.271552E+00
 0.109726E+02   0.714496E+00   0.226040E-01   0.147243E+00   0.271552E+00
 0.109900E+02   0.711782E+00   0.223795E-01   0.146701E+00   0.271552E+00
 0.110074E+02   0.709068E+00   0.221564E-01   0.146159E+00   0.271552E+00
 0.110205E+02   0.707010E+00   0.219883E-01   0.145747E+00   0.271552E+00
 0.110376E+02   0.704318E+00   0.217697E-01   0.145209E+00   0.271552E+00
 0.110546E+02   0.701641E+00   0.215536E-01   0.144673E+00   0.271552E+00
 0.110716E+02   0.698964E+00   0.213391E-01   0.144138E+00   0.271552E+00
 0.110885E+02   0.696289E+00   0.211260E-01   0.143603E+00   0.271552E+00
 0.111053E+02   0.693614E+00   0.209143E-01   0.143067E+00   0.271552E+00
 0.111221E+02   0.690940E+00   0.207041E-01   0.142532E+00   0.271552E+00
 0.111388E+02   0.688267E+00   0.204953E-01   0.141996E+00   0.271552E+00
 0.111555E+02   0.685596E+00   0.202880E-01   0.141461E+00   0.271552E+00
 0.111687E+02   0.683487E+00   0.201253E-01   0.141038E+00   0.271552E+00
 0.111851E+02   0.680843E+00   0.199226E-01   0.140508E+00   0.271552E+00
 0.112014E+02   0.678209E+00   0.197219E-01   0.139980E+00   0.271552E+00
 0.112177E+02   0.675578E+00   0.195226E-01   0.139452E+00   0.271552E+00
 0.112339E+02   0.672947E+00   0.193248E-01   0.138924E+00   0.271552E+00
 0.112501E+02   0.670319E+00   0.191283E-01   0.138397E+00   0.271552E+00
 0.112662E+02   0.667692E+00   0.189332E-01   0.137869E+00   0.271552E+00
 0.112823E+02   0.665067E+00   0.187395E-01   0.137342E+00   0.271552E+00
 0.112983E+02   0.662443E+00   0.185471E-01   0.136815E+00   0.271552E+00
 0.113143E+02   0.659820E+00   0.183561E-01   0.136288E+00   0.271552E+00
 0.113302E+02   0.657200E+00   0.181665E-01   0.135761E+00   0.271552E+00
 0.113461E+02   0.654579E+00   0.179780E-01   0.135235E+00   0.271552E+00
 0.113618E+02   0.651995E+00   0.177933E-01   0.134715E+00   0.271552E+00
 0.113773E+02   0.649412E+00   0.176100E-01   0.134195E+00   0.271552E+00
 0.113929E+02   0.646832E+00   0.174280E-01   0.133676E+00   0.271552E+00
 0.114084E+02   0.644254E+00   0.172472E-01   0.133157E+00   0.271552E+00
 0.114238E+02   0.641678E+00   0.170678E-01   0.132639E+00   0.271552E+00
 0.114392E+02   0.639104E+00   0.168896E-01   0.132120E+00   0.271552E+00
 0.114546E+02   0.636533E+00   0.167128E-01   0.131602E+00   0.271552E+00
 0.114699E+02   0.633963E+00   0.165372E-01   0.131085E+00   0.271552E+00
 0.114859E+02   0.631271E+00   0.163544E-01   0.130542E+00   0.271552E+00
 0.115009E+02   0.628736E+00   0.161833E-01   0.130031E+00   0.271552E+00
 0.115159E+02   0.626203E+00   0.160135E-01   0.129520E+00   0.271552E+00
 0.115309E+02   0.623672E+00   0.158449E-01   0.129010E+00   0.271552E+00
 0.115458E+02   0.621145E+00   0.156775E-01   0.128500E+00   0.271552E+00
 0.115606E+02   0.618620E+00   0.155114E-01   0.127990E+00   0.271552E+00
 0.115754E+02   0.616098E+00   0.153465E-01   0.127481E+00   0.271552E+00
 0.115902E+02   0.613579E+00   0.151828E-01   0.126973E+00   0.271552E+00
 0.116049E+02   0.611063E+00   0.150203E-01   0.126464E+00   0.271552E+00
 0.116196E+02   0.608549E+00   0.148589E-01   0.125957E+00   0.271552E+00
 0.116336E+02   0.606137E+00   0.147050E-01   0.125469E+00   0.271552E+00
 0.116483E+02   0.603624E+00   0.145457E-01   0.124961E+00   0.271552E+00
 0.116628E+02   0.601115E+00   0.143875E-01   0.124454E+00   0.271552E+00
 0.116774E+02   0.598608E+00   0.142305E-01   0.123947E+00   0.271552E+00
 0.116919E+02   0.596105E+00   0.140747E-01   0.123441E+00   0.271552E+00
 0.117063E+02   0.593605E+00   0.139200E-01   0.122935E+00   0.271552E+00
 0.117207E+02   0.591109E+00   0.137665E-01   0.122430E+00   0.271552E+00
 0.117351E+02   0.588615E+00   0.136141E-01   0.121925E+00   0.271552E+00
 0.117494E+02   0.586125E+00   0.134628E-01   0.121421E+00   0.271552E+00
 0.117608E+02   0.584148E+00   0.133433E-01   0.121020E+00   0.271552E+00
 0.117750E+02   0.581668E+00   0.131943E-01   0.120518E+00   0.271552E+00
 0.117893E+02   0.579168E+00   0.130448E-01   0.120011E+00   0.271552E+00
 0.118036E+02   0.576670E+00   0.128965E-01   0.119505E+00   0.271552E+00
 0.118178E+02   0.574176E+00   0.127493E-01   0.119000E+00   0.271552E+00
 0.118321E+02   0.571686E+00   0.126031E-01   0.118495E+00   0.271552E+00
 0.118462E+02   0.569200E+00   0.124580E-01   0.117990E+00   0.271552E+00
 0.118604E+02   0.566717E+00   0.123140E-01   0.117487E+00   0.271552E+00
 0.118745E+02   0.564239E+00   0.121711E-01   0.116984E+00   0.271552E+00
 0.118885E+02   0.561764E+00   0.120292E-01   0.116481E+00   0.271552E+00
 0.118996E+02   0.559808E+00   0.119176E-01   0.116084E+00   0.271552E+00
 0.119174E+02   0.556678E+00   0.117401E-01   0.115449E+00   0.271552E+00
 0.119328E+02   0.553956E+00   0.115867E-01   0.114896E+00   0.271552E+00
 0.119481E+02   0.551264E+00   0.114359E-01   0.114349E+00   0.271552E+00
 0.119632E+02   0.548600E+00   0.112873E-01   0.113807E+00   0.271552E+00
 0.119781E+02   0.545961E+00   0.111409E-01   0.113271E+00   0.271552E+00
 0.119930E+02   0.543349E+00   0.109965E-01   0.112740E+00   0.271552E+00
 0.120077E+02   0.540761E+00   0.108541E-01   0.112213E+00   0.271552E+00
 0.120223E+02   0.538197E+00   0.107135E-01   0.111692E+00   0.271552E+00
 0.120367E+02   0.535657E+00   0.105747E-01   0.111175E+00   0.271552E+00
 0.120516E+02   0.533066E+00   0.104336E-01   0.110647E+00   0.271552E+00
 0.120665E+02   0.530453E+00   0.102919E-01   0.110115E+00   0.271552E+00
 0.120814E+02   0.527856E+00   0.101516E-01   0.109586E+00   0.271552E+00
 0.120962E+02   0.525272E+00   0.100127E-01   0.109060E+00   0.271552E+00
 0.121109E+02   0.522701E+00   0.987539E-02   0.108536E+00   0.271552E+00
 0.121255E+02   0.520140E+00   0.973954E-02   0.108014E+00   0.271552E+00
 0.121401E+02   0.517590E+00   0.960521E-02   0.107494E+00   0.271552E+00
 0.121546E+02   0.515047E+00   0.947239E-02   0.106976E+00   0.271552E+00
 0.121690E+02   0.512513E+00   0.934108E-02   0.106459E+00   0.271552E+00
 0.121799E+02   0.510589E+00   0.924222E-02   0.106066E+00   0.271552E+00
 0.121908E+02   0.508648E+00   0.914321E-02   0.105670E+00   0.271552E+00
 0.122024E+02   0.506587E+00   0.903882E-02   0.105249E+00   0.271552E+00
 0.122139E+02   0.504525E+00   0.893520E-02   0.104829E+00   0.271552E+00
 0.122255E+02   0.502463E+00   0.883236E-02   0.104408E+00   0.271552E+00
 0.122370E+02   0.500401E+00   0.873030E-02   0.103986E+00   0.271552E+00
 0.122484E+02   0.498340E+00   0.862902E-02   0.103565E+00   0.271552E+00
 0.122598E+02   0.496279E+00   0.852852E-02   0.103144E+00   0.271552E+00
 0.122712E+02   0.494219E+00   0.842877E-02   0.102724E+00   0.271552E+00
 0.122826E+02   0.492160E+00   0.832980E-02   0.102303E+00   0.271552E+00
 0.122939E+02   0.490103E+00   0.823158E-02   0.101882E+00   0.271552E+00
 0.123052E+02   0.488046E+00   0.813409E-02   0.101461E+00   0.271552E+00
 0.123164E+02   0.485990E+00   0.803737E-02   0.101041E+00   0.271552E+00
 0.123296E+02   0.483572E+00   0.792438E-02   0.100546E+00   0.271552E+00
 0.123446E+02   0.480825E+00   0.779721E-02   0.999844E-01   0.271552E+00
 0.123594E+02   0.478085E+00   0.767155E-02   0.994236E-01   0.271552E+00
 0.123742E+02   0.475352E+00   0.754742E-02   0.988642E-01   0.271552E+00
 0.123889E+02   0.472626E+00   0.742482E-02   0.983060E-01   0.271552E+00
 0.124035E+02   0.469906E+00   0.730370E-02   0.977491E-01   0.271552E+00
 0.124181E+02   0.467193E+00   0.718404E-02   0.971932E-01   0.271552E+00
 0.124325E+02   0.464486E+00   0.706584E-02   0.966385E-01   0.271552E+00
 0.124469E+02   0.461785E+00   0.694907E-02   0.960849E-01   0.271552E+00
 0.124585E+02   0.459586E+00   0.685488E-02   0.956341E-01   0.271552E+00
 0.124725E+02   0.456950E+00   0.674297E-02   0.950936E-01   0.271552E+00
 0.124863E+02   0.454320E+00   0.663243E-02   0.945542E-01   0.271552E+00
 0.125001E+02   0.451696E+00   0.652325E-02   0.940159E-01   0.271552E+00
 0.125138E+02   0.449079E+00   0.641540E-02   0.934787E-01   0.271552E+00
 0.125274E+02   0.446466E+00   0.630887E-02   0.929426E-01   0.271552E+00
 0.125409E+02   0.443860E+00   0.620364E-02   0.924075E-01   0.271552E+00
 0.125544E+02   0.441259E+00   0.609971E-02   0.918734E-01   0.271552E+00
 0.125677E+02   0.438664E+00   0.599706E-02   0.913405E-01   0.271552E+00
 0.125808E+02   0.436125E+00   0.589761E-02   0.908188E-01   0.271552E+00
 0.125935E+02   0.433641E+00   0.580130E-02   0.903084E-01   0.271552E+00
 0.126061E+02   0.431164E+00   0.570620E-02   0.897993E-01   0.271552E+00
 0.126187E+02   0.428693E+00   0.561227E-02   0.892914E-01   0.271552E+00
 0.126312E+02   0.426229E+00   0.551951E-02   0.887846E-01   0.271552E+00
 0.126436E+02   0.423770E+00   0.542791E-02   0.882789E-01   0.271552E+00
 0.126559E+02   0.421317E+00   0.533744E-02   0.877743E-01   0.271552E+00
 0.126682E+02   0.418869E+00   0.524810E-02   0.872707E-01   0.271552E+00
 0.126804E+02   0.416428E+00   0.515987E-02   0.867683E-01   0.271552E+00
 0.126925E+02   0.413991E+00   0.507274E-02   0.862668E-01   0.271552E+00
 0.127048E+02   0.411511E+00   0.498493E-02   0.857561E-01   0.271552E+00
 0.127163E+02   0.409175E+00   0.490307E-02   0.852750E-01   0.271552E+00
 0.127278E+02   0.406844E+00   0.482223E-02   0.847951E-01   0.271552E+00
 0.127392E+02   0.404520E+00   0.474241E-02   0.843163E-01   0.271552E+00
 0.127505E+02   0.402202E+00   0.466360E-02   0.838386E-01   0.271552E+00
 0.127618E+02   0.399889E+00   0.458578E-02   0.833620E-01   0.271552E+00
 0.127729E+02   0.397582E+00   0.450893E-02   0.828864E-01   0.271552E+00
 0.127841E+02   0.395280E+00   0.443305E-02   0.824119E-01   0.271552E+00
 0.127951E+02   0.392983E+00   0.435813E-02   0.819384E-01   0.271552E+00
 0.128061E+02   0.390692E+00   0.428415E-02   0.814659E-01   0.271552E+00
 0.128170E+02   0.388407E+00   0.421111E-02   0.809944E-01   0.271552E+00
 0.128277E+02   0.386164E+00   0.414015E-02   0.805317E-01   0.271552E+00
 0.128380E+02   0.383983E+00   0.407188E-02   0.800817E-01   0.271552E+00
 0.128483E+02   0.381809E+00   0.400447E-02   0.796329E-01   0.271552E+00
 0.128585E+02   0.379640E+00   0.393794E-02   0.791853E-01   0.271552E+00
 0.128686E+02   0.377477E+00   0.387225E-02   0.787388E-01   0.271552E+00
 0.128787E+02   0.375320E+00   0.380740E-02   0.782932E-01   0.271552E+00
 0.128887E+02   0.373168E+00   0.374338E-02   0.778487E-01   0.271552E+00
 0.129019E+02   0.370306E+00   0.365929E-02   0.772576E-01   0.271552E+00
 0.129151E+02   0.367454E+00   0.357663E-02   0.766683E-01   0.271552E+00
 0.129281E+02   0.364610E+00   0.349536E-02   0.760806E-01   0.271552E+00
 0.129410E+02   0.361776E+00   0.341550E-02   0.754948E-01   0.271552E+00
 0.129533E+02   0.359058E+00   0.333996E-02   0.749330E-01   0.271552E+00
 0.129655E+02   0.356350E+00   0.326572E-02   0.743730E-01   0.271552E+00
 0.129776E+02   0.353652E+00   0.319277E-02   0.738149E-01   0.271552E+00
 0.129896E+02   0.350963E+00   0.312107E-02   0.732585E-01   0.271552E+00
 0.130015E+02   0.348282E+00   0.305059E-02   0.727039E-01   0.271552E+00
 0.130133E+02   0.345610E+00   0.298133E-02   0.721509E-01   0.271552E+00
 0.130250E+02   0.342947E+00   0.291326E-02   0.715997E-01   0.271552E+00
 0.130366E+02   0.340292E+00   0.284635E-02   0.710500E-01   0.271552E+00
 0.130484E+02   0.337573E+00   0.277878E-02   0.704868E-01   0.271552E+00
 0.130591E+02   0.335082E+00   0.271775E-02   0.699709E-01   0.271552E+00
 0.130698E+02   0.332600E+00   0.265779E-02   0.694568E-01   0.271552E+00
 0.130803E+02   0.330128E+00   0.259889E-02   0.689446E-01   0.271552E+00
 0.130908E+02   0.327665E+00   0.254103E-02   0.684342E-01   0.271552E+00
 0.131011E+02   0.325210E+00   0.248417E-02   0.679254E-01   0.271552E+00
 0.131114E+02   0.322763E+00   0.242832E-02   0.674181E-01   0.271552E+00
 0.131216E+02   0.320324E+00   0.237343E-02   0.669124E-01   0.271552E+00
 0.131316E+02   0.317892E+00   0.231950E-02   0.664082E-01   0.271552E+00
 0.131436E+02   0.314979E+00   0.225592E-02   0.658040E-01   0.271552E+00
 0.131557E+02   0.312023E+00   0.219251E-02   0.651907E-01   0.271552E+00
 0.131676E+02   0.309080E+00   0.213050E-02   0.645800E-01   0.271552E+00
 0.131794E+02   0.306148E+00   0.206985E-02   0.639716E-01   0.271552E+00
 0.131911E+02   0.303229E+00   0.201051E-02   0.633656E-01   0.271552E+00
 0.132027E+02   0.300321E+00   0.195246E-02   0.627619E-01   0.271552E+00
 0.132141E+02   0.297425E+00   0.189567E-02   0.621605E-01   0.271552E+00
 0.132253E+02   0.294540E+00   0.184010E-02   0.615613E-01   0.271552E+00
 0.132355E+02   0.291931E+00   0.179069E-02   0.610195E-01   0.271552E+00
 0.132465E+02   0.289083E+00   0.173764E-02   0.604276E-01   0.271552E+00
 0.132581E+02   0.286043E+00   0.168212E-02   0.597960E-01   0.271552E+00
 0.132696E+02   0.283025E+00   0.162814E-02   0.591686E-01   0.271552E+00
 0.132808E+02   0.280024E+00   0.157565E-02   0.585448E-01   0.271552E+00
 0.132919E+02   0.277039E+00   0.152460E-02   0.579241E-01   0.271552E+00
 0.133028E+02   0.274067E+00   0.147496E-02   0.573062E-01   0.271552E+00
 0.133136E+02   0.271107E+00   0.142668E-02   0.566906E-01   0.271552E+00
 0.133241E+02   0.268158E+00   0.137970E-02   0.560770E-01   0.271552E+00
 0.133344E+02   0.265271E+00   0.133479E-02   0.554764E-01   0.271552E+00
 0.133460E+02   0.261947E+00   0.128430E-02   0.547846E-01   0.271552E+00
 0.133576E+02   0.258608E+00   0.123479E-02   0.540896E-01   0.271552E+00
 0.133691E+02   0.255260E+00   0.118626E-02   0.533927E-01   0.271552E+00
 0.133805E+02   0.251909E+00   0.113870E-02   0.526948E-01   0.271552E+00
 0.133919E+02   0.248558E+00   0.109210E-02   0.519970E-01   0.271552E+00
 0.134032E+02   0.245213E+00   0.104644E-02   0.513002E-01   0.271552E+00
 0.134135E+02   0.242172E+00   0.100564E-02   0.506667E-01   0.271552E+00
 0.134245E+02   0.238872E+00   0.962330E-03   0.499790E-01   0.271552E+00
 0.134352E+02   0.235616E+00   0.920932E-03   0.493005E-01   0.271552E+00
 0.134456E+02   0.232385E+00   0.881418E-03   0.486271E-01   0.271552E+00
 0.134556E+02   0.229165E+00   0.843715E-03   0.479557E-01   0.271552E+00
 0.134664E+02   0.225585E+00   0.803834E-03   0.472091E-01   0.271552E+00
 0.134769E+02   0.221991E+00   0.765935E-03   0.464596E-01   0.271552E+00
 0.134880E+02   0.218003E+00   0.726264E-03   0.456278E-01   0.271552E+00
 0.134980E+02   0.214300E+00   0.691154E-03   0.448553E-01   0.271552E+00
 0.135085E+02   0.210412E+00   0.655278E-03   0.440440E-01   0.271552E+00
 0.135185E+02   0.206709E+00   0.621457E-03   0.432712E-01   0.271552E+00
 0.135293E+02   0.202832E+00   0.585841E-03   0.424619E-01   0.271552E+00
 0.135400E+02   0.199156E+00   0.551323E-03   0.416946E-01   0.271552E+00
 0.135501E+02   0.195867E+00   0.519263E-03   0.410078E-01   0.271552E+00
 0.135604E+02   0.192663E+00   0.487032E-03   0.403389E-01   0.271552E+00
 0.135705E+02   0.189417E+00   0.456084E-03   0.396609E-01   0.271552E+00
 0.135809E+02   0.185656E+00   0.424954E-03   0.388752E-01   0.271552E+00
 0.135913E+02   0.181167E+00   0.394398E-03   0.379375E-01   0.271552E+00
 0.136017E+02   0.175752E+00   0.364692E-03   0.368060E-01   0.271552E+00
 0.136122E+02   0.169245E+00   0.335832E-03   0.354458E-01   0.271552E+00
 0.136222E+02   0.162507E+00   0.309321E-03   0.340371E-01   0.271552E+00
 0.136323E+02   0.156265E+00   0.283730E-03   0.327320E-01   0.271552E+00
 0.136425E+02   0.151324E+00   0.258723E-03   0.316987E-01   0.271552E+00
 0.136527E+02   0.148471E+00   0.234659E-03   0.311020E-01   0.271552E+00
 0.136630E+02   0.148176E+00   0.210424E-03   0.310404E-01   0.271552E+00
 0.136730E+02   0.148218E+00   0.186915E-03   0.310491E-01   0.271552E+00
 0.136831E+02   0.143452E+00   0.163599E-03   0.300524E-01   0.271552E+00
 0.136931E+02   0.130042E+00   0.141778E-03   0.272470E-01   0.271552E+00
 0.137032E+02   0.108376E+00   0.122717E-03   0.227058E-01   0.271552E+00
 0.137133E+02   0.862894E-01   0.107221E-03   0.180695E-01   0.271552E+00
 0.137235E+02   0.687406E-01   0.948609E-04   0.143882E-01   0.271552E+00
 0.137337E+02   0.562076E-01   0.849144E-04   0.117638E-01   0.271552E+00
 0.137439E+02   0.477804E-01   0.767183E-04   0.100026E-01   0.271552E+00
 0.137539E+02   0.424068E-01   0.696726E-04   0.888130E-02   0.271552E+00
 0.137639E+02   0.391587E-01   0.633064E-04   0.820409E-02   0.271552E+00
 0.137742E+02   0.368025E-01   0.572165E-04   0.771262E-02   0.271552E+00
 0.137845E+02   0.345416E-01   0.515081E-04   0.724048E-02   0.271552E+00
 0.137947E+02   0.320785E-01   0.461945E-04   0.672531E-02   0.271552E+00
 0.138050E+02   0.295771E-01   0.412737E-04   0.620136E-02   0.271552E+00
 0.138153E+02   0.271717E-01   0.367321E-04   0.569688E-02   0.271552E+00
 0.138254E+02   0.249775E-01   0.326559E-04   0.523640E-02   0.271552E+00
 0.138356E+02   0.228920E-01   0.289082E-04   0.479910E-02   0.271552E+00
 0.138457E+02   0.208995E-01   0.255033E-04   0.438219E-02   0.271552E+00
 0.138559E+02   0.189613E-01   0.223650E-04   0.397719E-02   0.271552E+00
 0.138662E+02   0.171152E-01   0.195233E-04   0.359105E-02   0.271552E+00
 0.138763E+02   0.153850E-01   0.169912E-04   0.322844E-02   0.271552E+00
 0.138864E+02   0.137733E-01   0.147556E-04   0.289020E-02   0.271552E+00
 0.138966E+02   0.122273E-01   0.127293E-04   0.256558E-02   0.271552E+00
 0.139066E+02   0.108019E-01   0.109726E-04   0.226642E-02   0.271552E+00
 0.139166E+02   0.945846E-02   0.941969E-05   0.198472E-02   0.271552E+00
 0.139267E+02   0.821010E-02   0.807392E-05   0.172308E-02   0.271552E+00
 0.139368E+02   0.704500E-02   0.690549E-05   0.147880E-02   0.271552E+00
 0.139469E+02   0.597594E-02   0.591103E-05   0.125430E-02   0.271552E+00
 0.139569E+02   0.500850E-02   0.507966E-05   0.105138E-02   0.271552E+00
 0.139670E+02   0.413052E-02   0.438582E-05   0.867802E-03   0.271552E+00
 0.139771E+02   0.334887E-02   0.381631E-05   0.703575E-03   0.271552E+00
 0.139872E+02   0.266278E-02   0.335951E-05   0.559727E-03   0.271552E+00
 0.139974E+02   0.208388E-02   0.299964E-05   0.438111E-03   0.271552E+00
 0.140075E+02   0.160839E-02   0.272062E-05   0.338194E-03   0.271552E+00
 0.140175E+02   0.128309E-02   0.250452E-05   0.270200E-03   0.271552E+00
 0.140276E+02   0.118983E-02   0.232266E-05   0.250351E-03   0.271552E+00
 0.140378E+02   0.113139E-02   0.214486E-05   0.237994E-03   0.271552E+00
 0.140481E+02   0.103324E-02   0.197903E-05   0.217414E-03   0.271552E+00
 0.140583E+02   0.938876E-03   0.182932E-05   0.197675E-03   0.271552E+00
 0.140684E+02   0.866608E-03   0.169385E-05   0.182505E-03   0.271552E+00
 0.140787E+02   0.809455E-03   0.156631E-05   0.170489E-03   0.271552E+00
 0.140888E+02   0.763157E-03   0.144893E-05   0.160758E-03   0.271552E+00
 0.140989E+02   0.722541E-03   0.133860E-05   0.152232E-03   0.271552E+00
 0.141090E+02   0.682968E-03   0.123326E-05   0.143929E-03   0.271552E+00
 0.141192E+02   0.641403E-03   0.113395E-05   0.135201E-03   0.271552E+00
 0.141294E+02   0.596125E-03   0.104161E-05   0.125669E-03   0.271552E+00
 0.141396E+02   0.547518E-03   0.955482E-06   0.115409E-03   0.271552E+00
 0.141497E+02   0.503830E-03   0.877882E-06   0.106227E-03   0.271552E+00
 0.141601E+02   0.463617E-03   0.804461E-06   0.977855E-04   0.271552E+00
 0.141702E+02   0.426896E-03   0.738831E-06   0.900323E-04   0.271552E+00
 0.141803E+02   0.394203E-03   0.678826E-06   0.831212E-04   0.271552E+00
 0.141905E+02   0.365624E-03   0.622144E-06   0.770990E-04   0.271552E+00
 0.142008E+02   0.341250E-03   0.569362E-06   0.719816E-04   0.271552E+00
 0.142112E+02   0.319261E-03   0.519845E-06   0.673677E-04   0.271552E+00
 0.142216E+02   0.298457E-03   0.473462E-06   0.629941E-04   0.271552E+00
 0.142318E+02   0.278541E-03   0.430939E-06   0.587940E-04   0.271552E+00
 0.142422E+02   0.258792E-03   0.390643E-06   0.546220E-04   0.271552E+00
 0.142524E+02   0.240025E-03   0.353887E-06   0.506592E-04   0.271552E+00
 0.142630E+02   0.221435E-03   0.318704E-06   0.467415E-04   0.271552E+00
 0.142731E+02   0.204947E-03   0.287856E-06   0.432702E-04   0.271552E+00
 0.142834E+02   0.189707E-03   0.258988E-06   0.400589E-04   0.271552E+00
 0.142934E+02   0.176020E-03   0.232695E-06   0.371700E-04   0.271552E+00
 0.143035E+02   0.162386E-03   0.208336E-06   0.342902E-04   0.271552E+00
 0.143138E+02   0.147610E-03   0.185661E-06   0.311726E-04   0.271552E+00
 0.143240E+02   0.132501E-03   0.165367E-06   0.279904E-04   0.271552E+00
 0.143342E+02   0.119204E-03   0.147270E-06   0.251874E-04   0.271552E+00
 0.143443E+02   0.108467E-03   0.130874E-06   0.229191E-04   0.271552E+00
 0.143546E+02   0.992559E-04   0.115875E-06   0.209720E-04   0.271552E+00
 0.143647E+02   0.907218E-04   0.102299E-06   0.191704E-04   0.271552E+00
 0.143748E+02   0.823127E-04   0.899711E-07   0.173974E-04   0.271552E+00
 0.143848E+02   0.739466E-04   0.789673E-07   0.156318E-04   0.271552E+00
 0.143951E+02   0.656315E-04   0.689249E-07   0.138740E-04   0.271552E+00
 0.144054E+02   0.583928E-04   0.599998E-07   0.123455E-04   0.271552E+00
 0.144156E+02   0.524360E-04   0.521018E-07   0.110901E-04   0.271552E+00
 0.144257E+02   0.471540E-04   0.450622E-07   0.997474E-05   0.271552E+00
 0.144358E+02   0.422094E-04   0.388025E-07   0.892673E-05   0.271552E+00
 0.144459E+02   0.375185E-04   0.332062E-07   0.793423E-05   0.271552E+00
 0.144561E+02   0.331065E-04   0.281851E-07   0.700569E-05   0.271552E+00
 0.144662E+02   0.292575E-04   0.238188E-07   0.619405E-05   0.271552E+00
 0.144763E+02   0.257694E-04   0.199718E-07   0.545403E-05   0.271552E+00
 0.144864E+02   0.221381E-04   0.166164E-07   0.468407E-05   0.271552E+00
 0.144964E+02   0.187691E-04   0.137992E-07   0.397181E-05   0.271552E+00
 0.145065E+02   0.160975E-04   0.113929E-07   0.340671E-05   0.271552E+00
 0.145166E+02   0.138795E-04   0.931467E-08   0.293739E-05   0.271552E+00
 0.145267E+02   0.119166E-04   0.752002E-08   0.252219E-05   0.271552E+00
 0.145368E+02   0.101390E-04   0.600120E-08   0.214643E-05   0.271552E+00
 0.145469E+02   0.846258E-05   0.471546E-08   0.179203E-05   0.271552E+00
 0.145570E+02   0.690639E-05   0.365592E-08   0.146277E-05   0.271552E+00
 0.145670E+02   0.560453E-05   0.280566E-08   0.118707E-05   0.271552E+00
 0.145771E+02   0.463039E-05   0.210884E-08   0.980738E-06   0.271552E+00
 0.145871E+02   0.360109E-05   0.153992E-08   0.762782E-06   0.271552E+00
 0.145972E+02   0.262481E-05   0.112452E-08   0.556085E-06   0.271552E+00
 0.146072E+02   0.208174E-05   0.805285E-09   0.441071E-06   0.271552E+00
 0.146172E+02   0.157812E-05   0.558446E-09   0.334389E-06   0.271552E+00
 0.146273E+02   0.118549E-05   0.372310E-09   0.251163E-06   0.271552E+00
 0.146373E+02   0.820897E-06   0.236521E-09   0.173971E-06   0.271552E+00
 0.146474E+02   0.560206E-06   0.144614E-09   0.118754E-06   0.271552E+00
 0.146574E+02   0.373021E-06   0.821237E-10   0.790749E-07   0.271552E+00
 0.146674E+02   0.229273E-06   0.421953E-10   0.486194E-07   0.271552E+00
 0.146775E+02   0.128243E-06   0.185886E-10   0.271902E-07   0.271552E+00
 0.146875E+02   0.592855E-07   0.642705E-11   0.125696E-07   0.271552E+00
 0.146975E+02   0.196506E-07   0.131941E-11   0.416713E-08   0.271552E+00
 0.147075E+02   0.239842E-08   0.500710E-13   0.508695E-09   0.271552E+00
