 0.000000E+00   0.161926E+01   0.257286E+00   0.315317E+00   0.315317E+00
 0.101436E-01   0.161926E+01   0.257286E+00   0.315317E+00   0.315317E+00
 0.204941E-01   0.161926E+01   0.257285E+00   0.315316E+00   0.315317E+00
 0.307969E-01   0.161926E+01   0.257284E+00   0.315316E+00   0.315317E+00
 0.413817E-01   0.161925E+01   0.257282E+00   0.315315E+00   0.315317E+00
 0.521201E-01   0.161925E+01   0.257280E+00   0.315314E+00   0.315317E+00
 0.623968E-01   0.161924E+01   0.257277E+00   0.315313E+00   0.315317E+00
 0.727214E-01   0.161923E+01   0.257273E+00   0.315312E+00   0.315317E+00
 0.828397E-01   0.161923E+01   0.257270E+00   0.315311E+00   0.315317E+00
 0.937668E-01   0.161922E+01   0.257265E+00   0.315309E+00   0.315317E+00
 0.104166E+00   0.161921E+01   0.257260E+00   0.315308E+00   0.315317E+00
 0.115230E+00   0.161919E+01   0.257254E+00   0.315306E+00   0.315317E+00
 0.125471E+00   0.161918E+01   0.257248E+00   0.315303E+00   0.315317E+00
 0.136238E+00   0.161917E+01   0.257241E+00   0.315301E+00   0.315317E+00
 0.147543E+00   0.161915E+01   0.257233E+00   0.315298E+00   0.315317E+00
 0.157666E+00   0.161913E+01   0.257225E+00   0.315296E+00   0.315317E+00
 0.168197E+00   0.161912E+01   0.257217E+00   0.315293E+00   0.315317E+00
 0.179144E+00   0.161910E+01   0.257208E+00   0.315290E+00   0.315317E+00
 0.190508E+00   0.161908E+01   0.257197E+00   0.315286E+00   0.315317E+00
 0.202293E+00   0.161905E+01   0.257186E+00   0.315282E+00   0.315317E+00
 0.212441E+00   0.161903E+01   0.257176E+00   0.315279E+00   0.315317E+00
 0.222888E+00   0.161901E+01   0.257165E+00   0.315275E+00   0.315317E+00
 0.233641E+00   0.161899E+01   0.257153E+00   0.315271E+00   0.315317E+00
 0.244699E+00   0.161896E+01   0.257140E+00   0.315266E+00   0.315317E+00
 0.256064E+00   0.161893E+01   0.257126E+00   0.315261E+00   0.315317E+00
 0.267737E+00   0.161890E+01   0.257111E+00   0.315256E+00   0.315317E+00
 0.279729E+00   0.161887E+01   0.257095E+00   0.315251E+00   0.315317E+00
 0.292037E+00   0.161883E+01   0.257077E+00   0.315245E+00   0.315317E+00
 0.302111E+00   0.161880E+01   0.257063E+00   0.315240E+00   0.315317E+00
 0.312395E+00   0.161877E+01   0.257047E+00   0.315234E+00   0.315317E+00
 0.322886E+00   0.161874E+01   0.257031E+00   0.315229E+00   0.315317E+00
 0.333583E+00   0.161870E+01   0.257014E+00   0.315223E+00   0.315317E+00
 0.344494E+00   0.161866E+01   0.256996E+00   0.315216E+00   0.315317E+00
 0.355616E+00   0.161862E+01   0.256977E+00   0.315210E+00   0.315317E+00
 0.366949E+00   0.161858E+01   0.256957E+00   0.315203E+00   0.315317E+00
 0.378497E+00   0.161854E+01   0.256936E+00   0.315196E+00   0.315317E+00
 0.390262E+00   0.161849E+01   0.256913E+00   0.315188E+00   0.315317E+00
 0.402242E+00   0.161845E+01   0.256890E+00   0.315180E+00   0.315317E+00
 0.414439E+00   0.161840E+01   0.256866E+00   0.315171E+00   0.315317E+00
 0.426855E+00   0.161834E+01   0.256840E+00   0.315163E+00   0.315317E+00
 0.439491E+00   0.161829E+01   0.256813E+00   0.315153E+00   0.315317E+00
 0.452352E+00   0.161823E+01   0.256785E+00   0.315144E+00   0.315317E+00
 0.465435E+00   0.161817E+01   0.256756E+00   0.315133E+00   0.315317E+00
 0.478740E+00   0.161811E+01   0.256725E+00   0.315123E+00   0.315317E+00
 0.488869E+00   0.161806E+01   0.256701E+00   0.315115E+00   0.315317E+00
 0.499126E+00   0.161801E+01   0.256676E+00   0.315106E+00   0.315317E+00
 0.509511E+00   0.161795E+01   0.256651E+00   0.315097E+00   0.315317E+00
 0.520025E+00   0.161790E+01   0.256624E+00   0.315088E+00   0.315317E+00
 0.530667E+00   0.161784E+01   0.256597E+00   0.315078E+00   0.315317E+00
 0.541438E+00   0.161778E+01   0.256569E+00   0.315069E+00   0.315317E+00
 0.552338E+00   0.161772E+01   0.256540E+00   0.315059E+00   0.315317E+00
 0.563365E+00   0.161766E+01   0.256509E+00   0.315048E+00   0.315317E+00
 0.574527E+00   0.161760E+01   0.256478E+00   0.315037E+00   0.315317E+00
 0.585817E+00   0.161753E+01   0.256446E+00   0.315026E+00   0.315317E+00
 0.597243E+00   0.161746E+01   0.256413E+00   0.315015E+00   0.315317E+00
 0.608799E+00   0.161739E+01   0.256379E+00   0.315003E+00   0.315317E+00
 0.620489E+00   0.161732E+01   0.256344E+00   0.314991E+00   0.315317E+00
 0.632312E+00   0.161725E+01   0.256308E+00   0.314978E+00   0.315317E+00
 0.644269E+00   0.161717E+01   0.256271E+00   0.314965E+00   0.315317E+00
 0.656362E+00   0.161709E+01   0.256232E+00   0.314952E+00   0.315317E+00
 0.668591E+00   0.161701E+01   0.256192E+00   0.314938E+00   0.315317E+00
 0.680951E+00   0.161693E+01   0.256152E+00   0.314924E+00   0.315317E+00
 0.693448E+00   0.161684E+01   0.256110E+00   0.314910E+00   0.315317E+00
 0.706081E+00   0.161675E+01   0.256067E+00   0.314895E+00   0.315317E+00
 0.718852E+00   0.161666E+01   0.256022E+00   0.314879E+00   0.315317E+00
 0.731761E+00   0.161656E+01   0.255976E+00   0.314864E+00   0.315317E+00
 0.744807E+00   0.161647E+01   0.255929E+00   0.314847E+00   0.315317E+00
 0.757990E+00   0.161637E+01   0.255881E+00   0.314830E+00   0.315317E+00
 0.771313E+00   0.161626E+01   0.255831E+00   0.314813E+00   0.315317E+00
 0.784773E+00   0.161616E+01   0.255780E+00   0.314795E+00   0.315317E+00
 0.798374E+00   0.161605E+01   0.255727E+00   0.314777E+00   0.315317E+00
 0.812114E+00   0.161594E+01   0.255673E+00   0.314759E+00   0.315317E+00
 0.825995E+00   0.161582E+01   0.255618E+00   0.314739E+00   0.315317E+00
 0.840014E+00   0.161571E+01   0.255561E+00   0.314719E+00   0.315317E+00
 0.854174E+00   0.161559E+01   0.255502E+00   0.314699E+00   0.315317E+00
 0.868477E+00   0.161546E+01   0.255442E+00   0.314678E+00   0.315317E+00
 0.882921E+00   0.161533E+01   0.255380E+00   0.314657E+00   0.315317E+00
 0.897510E+00   0.161520E+01   0.255317E+00   0.314635E+00   0.315317E+00
 0.912241E+00   0.161507E+01   0.255252E+00   0.314612E+00   0.315317E+00
 0.927114E+00   0.161493E+01   0.255185E+00   0.314589E+00   0.315317E+00
 0.942130E+00   0.161479E+01   0.255117E+00   0.314565E+00   0.315317E+00
 0.952219E+00   0.161469E+01   0.255070E+00   0.314549E+00   0.315317E+00
 0.962374E+00   0.161460E+01   0.255023E+00   0.314533E+00   0.315317E+00
 0.972589E+00   0.161450E+01   0.254974E+00   0.314516E+00   0.315317E+00
 0.982873E+00   0.161440E+01   0.254925E+00   0.314499E+00   0.315317E+00
 0.993220E+00   0.161429E+01   0.254875E+00   0.314482E+00   0.315317E+00
 0.100363E+01   0.161419E+01   0.254825E+00   0.314464E+00   0.315317E+00
 0.101411E+01   0.161408E+01   0.254773E+00   0.314446E+00   0.315317E+00
 0.102465E+01   0.161397E+01   0.254721E+00   0.314428E+00   0.315317E+00
 0.103526E+01   0.161386E+01   0.254668E+00   0.314409E+00   0.315317E+00
 0.104593E+01   0.161375E+01   0.254613E+00   0.314391E+00   0.315317E+00
 0.105666E+01   0.161364E+01   0.254558E+00   0.314371E+00   0.315317E+00
 0.106746E+01   0.161352E+01   0.254503E+00   0.314352E+00   0.315317E+00
 0.107833E+01   0.161341E+01   0.254446E+00   0.314332E+00   0.315317E+00
 0.108926E+01   0.161329E+01   0.254388E+00   0.314312E+00   0.315317E+00
 0.110026E+01   0.161316E+01   0.254329E+00   0.314292E+00   0.315317E+00
 0.111133E+01   0.161304E+01   0.254270E+00   0.314271E+00   0.315317E+00
 0.112246E+01   0.161292E+01   0.254209E+00   0.314250E+00   0.315317E+00
 0.113365E+01   0.161279E+01   0.254148E+00   0.314229E+00   0.315317E+00
 0.114491E+01   0.161266E+01   0.254085E+00   0.314207E+00   0.315317E+00
 0.115624E+01   0.161253E+01   0.254022E+00   0.314185E+00   0.315317E+00
 0.116764E+01   0.161240E+01   0.253957E+00   0.314162E+00   0.315317E+00
 0.117910E+01   0.161226E+01   0.253892E+00   0.314139E+00   0.315317E+00
 0.119062E+01   0.161212E+01   0.253825E+00   0.314116E+00   0.315317E+00
 0.120222E+01   0.161198E+01   0.253758E+00   0.314093E+00   0.315317E+00
 0.121388E+01   0.161184E+01   0.253689E+00   0.314069E+00   0.315317E+00
 0.122560E+01   0.161170E+01   0.253620E+00   0.314045E+00   0.315317E+00
 0.123740E+01   0.161155E+01   0.253549E+00   0.314020E+00   0.315317E+00
 0.124926E+01   0.161140E+01   0.253478E+00   0.313995E+00   0.315317E+00
 0.126119E+01   0.161125E+01   0.253405E+00   0.313970E+00   0.315317E+00
 0.127318E+01   0.161110E+01   0.253331E+00   0.313944E+00   0.315317E+00
 0.128524E+01   0.161094E+01   0.253256E+00   0.313918E+00   0.315317E+00
 0.129737E+01   0.161079E+01   0.253180E+00   0.313891E+00   0.315317E+00
 0.130956E+01   0.161063E+01   0.253102E+00   0.313864E+00   0.315317E+00
 0.132182E+01   0.161046E+01   0.253024E+00   0.313837E+00   0.315317E+00
 0.133415E+01   0.161030E+01   0.252945E+00   0.313809E+00   0.315317E+00
 0.134655E+01   0.161013E+01   0.252864E+00   0.313781E+00   0.315317E+00
 0.135901E+01   0.160996E+01   0.252782E+00   0.313752E+00   0.315317E+00
 0.137154E+01   0.160979E+01   0.252699E+00   0.313723E+00   0.315317E+00
 0.138415E+01   0.160961E+01   0.252615E+00   0.313694E+00   0.315317E+00
 0.139681E+01   0.160944E+01   0.252529E+00   0.313664E+00   0.315317E+00
 0.140955E+01   0.160926E+01   0.252442E+00   0.313634E+00   0.315317E+00
 0.142236E+01   0.160907E+01   0.252354E+00   0.313603E+00   0.315317E+00
 0.143523E+01   0.160889E+01   0.252265E+00   0.313572E+00   0.315317E+00
 0.144817E+01   0.160870E+01   0.252175E+00   0.313540E+00   0.315317E+00
 0.146119E+01   0.160851E+01   0.252083E+00   0.313508E+00   0.315317E+00
 0.147426E+01   0.160832E+01   0.251990E+00   0.313475E+00   0.315317E+00
 0.148741E+01   0.160812E+01   0.251895E+00   0.313442E+00   0.315317E+00
 0.150062E+01   0.160792E+01   0.251800E+00   0.313409E+00   0.315317E+00
 0.151391E+01   0.160772E+01   0.251703E+00   0.313375E+00   0.315317E+00
 0.152726E+01   0.160752E+01   0.251604E+00   0.313340E+00   0.315317E+00
 0.154069E+01   0.160731E+01   0.251504E+00   0.313305E+00   0.315317E+00
 0.155418E+01   0.160710E+01   0.251403E+00   0.313270E+00   0.315317E+00
 0.156774E+01   0.160689E+01   0.251301E+00   0.313234E+00   0.315317E+00
 0.158137E+01   0.160667E+01   0.251197E+00   0.313198E+00   0.315317E+00
 0.159507E+01   0.160645E+01   0.251092E+00   0.313161E+00   0.315317E+00
 0.160883E+01   0.160623E+01   0.250985E+00   0.313123E+00   0.315317E+00
 0.162267E+01   0.160600E+01   0.250877E+00   0.313085E+00   0.315317E+00
 0.163658E+01   0.160577E+01   0.250767E+00   0.313047E+00   0.315317E+00
 0.165056E+01   0.160554E+01   0.250656E+00   0.313008E+00   0.315317E+00
 0.166460E+01   0.160531E+01   0.250543E+00   0.312968E+00   0.315317E+00
 0.167872E+01   0.160507E+01   0.250429E+00   0.312928E+00   0.315317E+00
 0.169290E+01   0.160483E+01   0.250314E+00   0.312888E+00   0.315317E+00
 0.170716E+01   0.160459E+01   0.250197E+00   0.312847E+00   0.315317E+00
 0.172148E+01   0.160434E+01   0.250078E+00   0.312805E+00   0.315317E+00
 0.173588E+01   0.160409E+01   0.249958E+00   0.312763E+00   0.315317E+00
 0.175034E+01   0.160384E+01   0.249836E+00   0.312720E+00   0.315317E+00
 0.176487E+01   0.160358E+01   0.249713E+00   0.312676E+00   0.315317E+00
 0.177948E+01   0.160332E+01   0.249588E+00   0.312632E+00   0.315317E+00
 0.179415E+01   0.160305E+01   0.249461E+00   0.312588E+00   0.315317E+00
 0.180890E+01   0.160279E+01   0.249333E+00   0.312543E+00   0.315317E+00
 0.182371E+01   0.160252E+01   0.249204E+00   0.312497E+00   0.315317E+00
 0.183860E+01   0.160224E+01   0.249072E+00   0.312451E+00   0.315317E+00
 0.185355E+01   0.160196E+01   0.248939E+00   0.312404E+00   0.315317E+00
 0.186858E+01   0.160168E+01   0.248804E+00   0.312356E+00   0.315317E+00
 0.188367E+01   0.160140E+01   0.248668E+00   0.312308E+00   0.315317E+00
 0.189884E+01   0.160111E+01   0.248530E+00   0.312259E+00   0.315317E+00
 0.191407E+01   0.160081E+01   0.248390E+00   0.312210E+00   0.315317E+00
 0.192938E+01   0.160052E+01   0.248248E+00   0.312160E+00   0.315317E+00
 0.194476E+01   0.160022E+01   0.248105E+00   0.312109E+00   0.315317E+00
 0.196021E+01   0.159992E+01   0.247960E+00   0.312058E+00   0.315317E+00
 0.197573E+01   0.159961E+01   0.247813E+00   0.312006E+00   0.315317E+00
 0.199132E+01   0.159930E+01   0.247664E+00   0.311954E+00   0.315317E+00
 0.200698E+01   0.159898E+01   0.247514E+00   0.311900E+00   0.315317E+00
 0.202271E+01   0.159866E+01   0.247362E+00   0.311846E+00   0.315317E+00
 0.203851E+01   0.159834E+01   0.247208E+00   0.311792E+00   0.315317E+00
 0.205438E+01   0.159801E+01   0.247052E+00   0.311737E+00   0.315317E+00
 0.207033E+01   0.159768E+01   0.246894E+00   0.311681E+00   0.315317E+00
 0.208635E+01   0.159735E+01   0.246734E+00   0.311624E+00   0.315317E+00
 0.210243E+01   0.159701E+01   0.246572E+00   0.311567E+00   0.315317E+00
 0.211859E+01   0.159666E+01   0.246409E+00   0.311509E+00   0.315317E+00
 0.213482E+01   0.159632E+01   0.246243E+00   0.311450E+00   0.315317E+00
 0.215112E+01   0.159596E+01   0.246076E+00   0.311391E+00   0.315317E+00
 0.216749E+01   0.159561E+01   0.245907E+00   0.311330E+00   0.315317E+00
 0.218393E+01   0.159525E+01   0.245735E+00   0.311269E+00   0.315317E+00
 0.220044E+01   0.159488E+01   0.245562E+00   0.311208E+00   0.315317E+00
 0.221703E+01   0.159451E+01   0.245387E+00   0.311145E+00   0.315317E+00
 0.223368E+01   0.159414E+01   0.245210E+00   0.311082E+00   0.315317E+00
 0.225041E+01   0.159376E+01   0.245030E+00   0.311018E+00   0.315317E+00
 0.226723E+01   0.159338E+01   0.244849E+00   0.310954E+00   0.315317E+00
 0.228410E+01   0.159299E+01   0.244665E+00   0.310888E+00   0.315317E+00
 0.230104E+01   0.159260E+01   0.244480E+00   0.310822E+00   0.315317E+00
 0.231805E+01   0.159221E+01   0.244292E+00   0.310755E+00   0.315317E+00
 0.233514E+01   0.159181E+01   0.244102E+00   0.310688E+00   0.315317E+00
 0.235229E+01   0.159140E+01   0.243910E+00   0.310619E+00   0.315317E+00
 0.236952E+01   0.159099E+01   0.243716E+00   0.310550E+00   0.315317E+00
 0.238682E+01   0.159058E+01   0.243520E+00   0.310480E+00   0.315317E+00
 0.240419E+01   0.159016E+01   0.243322E+00   0.310409E+00   0.315317E+00
 0.242163E+01   0.158974E+01   0.243122E+00   0.310337E+00   0.315317E+00
 0.243915E+01   0.158931E+01   0.242919E+00   0.310264E+00   0.315317E+00
 0.245673E+01   0.158887E+01   0.242714E+00   0.310191E+00   0.315317E+00
 0.247439E+01   0.158844E+01   0.242507E+00   0.310117E+00   0.315317E+00
 0.249212E+01   0.158799E+01   0.242298E+00   0.310042E+00   0.315317E+00
 0.250991E+01   0.158755E+01   0.242086E+00   0.309966E+00   0.315317E+00
 0.252778E+01   0.158709E+01   0.241872E+00   0.309889E+00   0.315317E+00
 0.254573E+01   0.158663E+01   0.241656E+00   0.309811E+00   0.315317E+00
 0.256374E+01   0.158617E+01   0.241437E+00   0.309733E+00   0.315317E+00
 0.258183E+01   0.158570E+01   0.241217E+00   0.309653E+00   0.315317E+00
 0.259998E+01   0.158523E+01   0.240993E+00   0.309573E+00   0.315317E+00
 0.261821E+01   0.158475E+01   0.240768E+00   0.309492E+00   0.315317E+00
 0.263651E+01   0.158426E+01   0.240540E+00   0.309410E+00   0.315317E+00
 0.265488E+01   0.158378E+01   0.240310E+00   0.309327E+00   0.315317E+00
 0.267332E+01   0.158328E+01   0.240077E+00   0.309243E+00   0.315317E+00
 0.269184E+01   0.158278E+01   0.239842E+00   0.309158E+00   0.315317E+00
 0.271042E+01   0.158228E+01   0.239605E+00   0.309072E+00   0.315317E+00
 0.272908E+01   0.158176E+01   0.239365E+00   0.308986E+00   0.315317E+00
 0.274781E+01   0.158125E+01   0.239123E+00   0.308898E+00   0.315317E+00
 0.276661E+01   0.158073E+01   0.238878E+00   0.308809E+00   0.315317E+00
 0.278548E+01   0.158020E+01   0.238631E+00   0.308720E+00   0.315317E+00
 0.280442E+01   0.157967E+01   0.238381E+00   0.308629E+00   0.315317E+00
 0.282343E+01   0.157913E+01   0.238129E+00   0.308538E+00   0.315317E+00
 0.284252E+01   0.157858E+01   0.237874E+00   0.308446E+00   0.315317E+00
 0.286167E+01   0.157803E+01   0.237617E+00   0.308352E+00   0.315317E+00
 0.288090E+01   0.157748E+01   0.237357E+00   0.308258E+00   0.315317E+00
 0.290020E+01   0.157691E+01   0.237094E+00   0.308162E+00   0.315317E+00
 0.291957E+01   0.157635E+01   0.236829E+00   0.308066E+00   0.315317E+00
 0.293901E+01   0.157577E+01   0.236562E+00   0.307968E+00   0.315317E+00
 0.295853E+01   0.157519E+01   0.236291E+00   0.307870E+00   0.315317E+00
 0.297811E+01   0.157461E+01   0.236019E+00   0.307770E+00   0.315317E+00
 0.299776E+01   0.157402E+01   0.235743E+00   0.307670E+00   0.315317E+00
 0.301749E+01   0.157342E+01   0.235465E+00   0.307568E+00   0.315317E+00
 0.303728E+01   0.157281E+01   0.235184E+00   0.307465E+00   0.315317E+00
 0.305715E+01   0.157220E+01   0.234901E+00   0.307362E+00   0.315317E+00
 0.307708E+01   0.157159E+01   0.234614E+00   0.307257E+00   0.315317E+00
 0.309709E+01   0.157097E+01   0.234325E+00   0.307151E+00   0.315317E+00
 0.310712E+01   0.157065E+01   0.234180E+00   0.307098E+00   0.315317E+00
 0.311717E+01   0.157034E+01   0.234034E+00   0.307044E+00   0.315317E+00
 0.312723E+01   0.157002E+01   0.233887E+00   0.306990E+00   0.315317E+00
 0.313732E+01   0.156970E+01   0.233739E+00   0.306936E+00   0.315317E+00
 0.314742E+01   0.156938E+01   0.233591E+00   0.306882E+00   0.315317E+00
 0.315753E+01   0.156906E+01   0.233442E+00   0.306827E+00   0.315317E+00
 0.316767E+01   0.156874E+01   0.233293E+00   0.306772E+00   0.315317E+00
 0.317783E+01   0.156841E+01   0.233142E+00   0.306717E+00   0.315317E+00
 0.318800E+01   0.156809E+01   0.232991E+00   0.306661E+00   0.315317E+00
 0.319819E+01   0.156776E+01   0.232840E+00   0.306605E+00   0.315317E+00
 0.320839E+01   0.156743E+01   0.232687E+00   0.306549E+00   0.315317E+00
 0.321862E+01   0.156710E+01   0.232534E+00   0.306493E+00   0.315317E+00
 0.322886E+01   0.156677E+01   0.232380E+00   0.306436E+00   0.315317E+00
 0.323912E+01   0.156643E+01   0.232226E+00   0.306379E+00   0.315317E+00
 0.324940E+01   0.156610E+01   0.232071E+00   0.306322E+00   0.315317E+00
 0.325969E+01   0.156576E+01   0.231915E+00   0.306265E+00   0.315317E+00
 0.327001E+01   0.156542E+01   0.231758E+00   0.306207E+00   0.315317E+00
 0.328034E+01   0.156508E+01   0.231601E+00   0.306149E+00   0.315317E+00
 0.329069E+01   0.156474E+01   0.231443E+00   0.306090E+00   0.315317E+00
 0.330105E+01   0.156439E+01   0.231284E+00   0.306032E+00   0.315317E+00
 0.331143E+01   0.156405E+01   0.231125E+00   0.305973E+00   0.315317E+00
 0.332202E+01   0.156369E+01   0.230962E+00   0.305912E+00   0.315317E+00
 0.333244E+01   0.156334E+01   0.230801E+00   0.305853E+00   0.315317E+00
 0.334288E+01   0.156299E+01   0.230639E+00   0.305793E+00   0.315317E+00
 0.335333E+01   0.156264E+01   0.230476E+00   0.305733E+00   0.315317E+00
 0.336381E+01   0.156228E+01   0.230313E+00   0.305672E+00   0.315317E+00
 0.337430E+01   0.156193E+01   0.230150E+00   0.305612E+00   0.315317E+00
 0.338481E+01   0.156157E+01   0.229985E+00   0.305550E+00   0.315317E+00
 0.339533E+01   0.156121E+01   0.229820E+00   0.305489E+00   0.315317E+00
 0.340588E+01   0.156085E+01   0.229654E+00   0.305427E+00   0.315317E+00
 0.341644E+01   0.156049E+01   0.229487E+00   0.305366E+00   0.315317E+00
 0.342701E+01   0.156012E+01   0.229319E+00   0.305303E+00   0.315317E+00
 0.343761E+01   0.155975E+01   0.229151E+00   0.305241E+00   0.315317E+00
 0.344823E+01   0.155939E+01   0.228982E+00   0.305178E+00   0.315317E+00
 0.345886E+01   0.155902E+01   0.228812E+00   0.305115E+00   0.315317E+00
 0.346951E+01   0.155864E+01   0.228642E+00   0.305051E+00   0.315317E+00
 0.348017E+01   0.155827E+01   0.228471E+00   0.304987E+00   0.315317E+00
 0.349086E+01   0.155789E+01   0.228299E+00   0.304923E+00   0.315317E+00
 0.350156E+01   0.155752E+01   0.228126E+00   0.304859E+00   0.315317E+00
 0.351228E+01   0.155714E+01   0.227953E+00   0.304794E+00   0.315317E+00
 0.352301E+01   0.155676E+01   0.227778E+00   0.304729E+00   0.315317E+00
 0.353376E+01   0.155638E+01   0.227604E+00   0.304664E+00   0.315317E+00
 0.354454E+01   0.155599E+01   0.227428E+00   0.304598E+00   0.315317E+00
 0.355532E+01   0.155560E+01   0.227251E+00   0.304532E+00   0.315317E+00
 0.356613E+01   0.155522E+01   0.227074E+00   0.304466E+00   0.315317E+00
 0.357695E+01   0.155483E+01   0.226896E+00   0.304399E+00   0.315317E+00
 0.358779E+01   0.155444E+01   0.226718E+00   0.304332E+00   0.315317E+00
 0.359865E+01   0.155404E+01   0.226538E+00   0.304265E+00   0.315317E+00
 0.360952E+01   0.155365E+01   0.226358E+00   0.304198E+00   0.315317E+00
 0.362041E+01   0.155325E+01   0.226177E+00   0.304130E+00   0.315317E+00
 0.363132E+01   0.155285E+01   0.225995E+00   0.304062E+00   0.315317E+00
 0.364225E+01   0.155245E+01   0.225813E+00   0.303993E+00   0.315317E+00
 0.365319E+01   0.155205E+01   0.225630E+00   0.303924E+00   0.315317E+00
 0.366415E+01   0.155164E+01   0.225445E+00   0.303855E+00   0.315317E+00
 0.367513E+01   0.155124E+01   0.225261E+00   0.303786E+00   0.315317E+00
 0.368613E+01   0.155083E+01   0.225075E+00   0.303716E+00   0.315317E+00
 0.369714E+01   0.155042E+01   0.224889E+00   0.303646E+00   0.315317E+00
 0.370817E+01   0.155001E+01   0.224702E+00   0.303575E+00   0.315317E+00
 0.371922E+01   0.154959E+01   0.224514E+00   0.303504E+00   0.315317E+00
 0.373028E+01   0.154918E+01   0.224325E+00   0.303433E+00   0.315317E+00
 0.374136E+01   0.154876E+01   0.224136E+00   0.303362E+00   0.315317E+00
 0.375246E+01   0.154834E+01   0.223945E+00   0.303290E+00   0.315317E+00
 0.376358E+01   0.154792E+01   0.223755E+00   0.303218E+00   0.315317E+00
 0.377471E+01   0.154749E+01   0.223563E+00   0.303145E+00   0.315317E+00
 0.378586E+01   0.154707E+01   0.223370E+00   0.303073E+00   0.315317E+00
 0.379703E+01   0.154664E+01   0.223177E+00   0.302999E+00   0.315317E+00
 0.380821E+01   0.154621E+01   0.222983E+00   0.302926E+00   0.315317E+00
 0.381941E+01   0.154578E+01   0.222788E+00   0.302852E+00   0.315317E+00
 0.383063E+01   0.154535E+01   0.222592E+00   0.302778E+00   0.315317E+00
 0.384186E+01   0.154491E+01   0.222396E+00   0.302704E+00   0.315317E+00
 0.385311E+01   0.154448E+01   0.222198E+00   0.302629E+00   0.315317E+00
 0.386438E+01   0.154404E+01   0.222000E+00   0.302554E+00   0.315317E+00
 0.387567E+01   0.154360E+01   0.221802E+00   0.302478E+00   0.315317E+00
 0.388697E+01   0.154315E+01   0.221602E+00   0.302402E+00   0.315317E+00
 0.389829E+01   0.154271E+01   0.221402E+00   0.302326E+00   0.315317E+00
 0.390962E+01   0.154226E+01   0.221200E+00   0.302249E+00   0.315317E+00
 0.392098E+01   0.154181E+01   0.220998E+00   0.302172E+00   0.315317E+00
 0.393235E+01   0.154136E+01   0.220796E+00   0.302095E+00   0.315317E+00
 0.394374E+01   0.154091E+01   0.220592E+00   0.302017E+00   0.315317E+00
 0.395514E+01   0.154045E+01   0.220387E+00   0.301939E+00   0.315317E+00
 0.396657E+01   0.154000E+01   0.220182E+00   0.301861E+00   0.315317E+00
 0.397800E+01   0.153954E+01   0.219976E+00   0.301782E+00   0.315317E+00
 0.398946E+01   0.153908E+01   0.219769E+00   0.301703E+00   0.315317E+00
 0.400093E+01   0.153862E+01   0.219562E+00   0.301624E+00   0.315317E+00
 0.401241E+01   0.153815E+01   0.219353E+00   0.301544E+00   0.315317E+00
 0.402392E+01   0.153768E+01   0.219144E+00   0.301464E+00   0.315317E+00
 0.403544E+01   0.153721E+01   0.218934E+00   0.301384E+00   0.315317E+00
 0.404698E+01   0.153674E+01   0.218723E+00   0.301303E+00   0.315317E+00
 0.405853E+01   0.153627E+01   0.218512E+00   0.301222E+00   0.315317E+00
 0.407010E+01   0.153580E+01   0.218299E+00   0.301140E+00   0.315317E+00
 0.408169E+01   0.153532E+01   0.218086E+00   0.301058E+00   0.315317E+00
 0.409329E+01   0.153484E+01   0.217872E+00   0.300976E+00   0.315317E+00
 0.410534E+01   0.153434E+01   0.217649E+00   0.300890E+00   0.315317E+00
 0.411699E+01   0.153386E+01   0.217433E+00   0.300807E+00   0.315317E+00
 0.412866E+01   0.153337E+01   0.217217E+00   0.300724E+00   0.315317E+00
 0.414034E+01   0.153288E+01   0.216999E+00   0.300640E+00   0.315317E+00
 0.415203E+01   0.153239E+01   0.216781E+00   0.300555E+00   0.315317E+00
 0.416375E+01   0.153190E+01   0.216562E+00   0.300471E+00   0.315317E+00
 0.417547E+01   0.153141E+01   0.216342E+00   0.300386E+00   0.315317E+00
 0.418722E+01   0.153091E+01   0.216121E+00   0.300301E+00   0.315317E+00
 0.419899E+01   0.153041E+01   0.215899E+00   0.300215E+00   0.315317E+00
 0.421077E+01   0.152991E+01   0.215677E+00   0.300129E+00   0.315317E+00
 0.422257E+01   0.152941E+01   0.215453E+00   0.300042E+00   0.315317E+00
 0.423438E+01   0.152890E+01   0.215229E+00   0.299955E+00   0.315317E+00
 0.424621E+01   0.152839E+01   0.215004E+00   0.299868E+00   0.315317E+00
 0.425805E+01   0.152788E+01   0.214779E+00   0.299781E+00   0.315317E+00
 0.426992E+01   0.152737E+01   0.214552E+00   0.299693E+00   0.315317E+00
 0.428180E+01   0.152686E+01   0.214325E+00   0.299604E+00   0.315317E+00
 0.429369E+01   0.152634E+01   0.214096E+00   0.299515E+00   0.315317E+00
 0.430561E+01   0.152583E+01   0.213867E+00   0.299426E+00   0.315317E+00
 0.431753E+01   0.152531E+01   0.213638E+00   0.299337E+00   0.315317E+00
 0.432948E+01   0.152478E+01   0.213407E+00   0.299247E+00   0.315317E+00
 0.434144E+01   0.152426E+01   0.213175E+00   0.299156E+00   0.315317E+00
 0.435341E+01   0.152373E+01   0.212943E+00   0.299066E+00   0.315317E+00
 0.436541E+01   0.152320E+01   0.212710E+00   0.298975E+00   0.315317E+00
 0.437742E+01   0.152267E+01   0.212476E+00   0.298883E+00   0.315317E+00
 0.438944E+01   0.152214E+01   0.212241E+00   0.298791E+00   0.315317E+00
 0.440148E+01   0.152160E+01   0.212005E+00   0.298699E+00   0.315317E+00
 0.441354E+01   0.152106E+01   0.211768E+00   0.298606E+00   0.315317E+00
 0.442561E+01   0.152052E+01   0.211531E+00   0.298513E+00   0.315317E+00
 0.443770E+01   0.151998E+01   0.211293E+00   0.298420E+00   0.315317E+00
 0.444981E+01   0.151944E+01   0.211054E+00   0.298326E+00   0.315317E+00
 0.446193E+01   0.151889E+01   0.210814E+00   0.298232E+00   0.315317E+00
 0.447407E+01   0.151834E+01   0.210573E+00   0.298137E+00   0.315317E+00
 0.448622E+01   0.151779E+01   0.210332E+00   0.298042E+00   0.315317E+00
 0.449839E+01   0.151724E+01   0.210089E+00   0.297946E+00   0.315317E+00
 0.451058E+01   0.151668E+01   0.209846E+00   0.297850E+00   0.315317E+00
 0.452278E+01   0.151612E+01   0.209602E+00   0.297754E+00   0.315317E+00
 0.453500E+01   0.151556E+01   0.209357E+00   0.297657E+00   0.315317E+00
 0.454723E+01   0.151500E+01   0.209111E+00   0.297560E+00   0.315317E+00
 0.455948E+01   0.151443E+01   0.208865E+00   0.297463E+00   0.315317E+00
 0.457174E+01   0.151387E+01   0.208617E+00   0.297365E+00   0.315317E+00
 0.458403E+01   0.151330E+01   0.208369E+00   0.297266E+00   0.315317E+00
 0.459632E+01   0.151272E+01   0.208120E+00   0.297168E+00   0.315317E+00
 0.460864E+01   0.151215E+01   0.207870E+00   0.297068E+00   0.315317E+00
 0.462097E+01   0.151157E+01   0.207619E+00   0.296969E+00   0.315317E+00
 0.463331E+01   0.151099E+01   0.207367E+00   0.296869E+00   0.315317E+00
 0.464567E+01   0.151041E+01   0.207115E+00   0.296768E+00   0.315317E+00
 0.465805E+01   0.150983E+01   0.206861E+00   0.296667E+00   0.315317E+00
 0.467044E+01   0.150924E+01   0.206607E+00   0.296566E+00   0.315317E+00
 0.468285E+01   0.150865E+01   0.206352E+00   0.296464E+00   0.315317E+00
 0.469528E+01   0.150806E+01   0.206096E+00   0.296362E+00   0.315317E+00
 0.470772E+01   0.150747E+01   0.205839E+00   0.296260E+00   0.315317E+00
 0.472017E+01   0.150687E+01   0.205582E+00   0.296157E+00   0.315317E+00
 0.473264E+01   0.150628E+01   0.205323E+00   0.296053E+00   0.315317E+00
 0.474513E+01   0.150568E+01   0.205064E+00   0.295949E+00   0.315317E+00
 0.475765E+01   0.150507E+01   0.204804E+00   0.295845E+00   0.315317E+00
 0.477018E+01   0.150447E+01   0.204542E+00   0.295740E+00   0.315317E+00
 0.478273E+01   0.150386E+01   0.204280E+00   0.295635E+00   0.315317E+00
 0.479529E+01   0.150325E+01   0.204017E+00   0.295529E+00   0.315317E+00
 0.480787E+01   0.150263E+01   0.203753E+00   0.295423E+00   0.315317E+00
 0.482047E+01   0.150202E+01   0.203488E+00   0.295316E+00   0.315317E+00
 0.483308E+01   0.150140E+01   0.203223E+00   0.295209E+00   0.315317E+00
 0.484571E+01   0.150078E+01   0.202956E+00   0.295102E+00   0.315317E+00
 0.485835E+01   0.150016E+01   0.202689E+00   0.294994E+00   0.315317E+00
 0.487101E+01   0.149953E+01   0.202421E+00   0.294886E+00   0.315317E+00
 0.488368E+01   0.149890E+01   0.202152E+00   0.294777E+00   0.315317E+00
 0.489637E+01   0.149827E+01   0.201882E+00   0.294668E+00   0.315317E+00
 0.490907E+01   0.149764E+01   0.201611E+00   0.294558E+00   0.315317E+00
 0.492179E+01   0.149700E+01   0.201340E+00   0.294448E+00   0.315317E+00
 0.493452E+01   0.149637E+01   0.201067E+00   0.294337E+00   0.315317E+00
 0.494727E+01   0.149573E+01   0.200794E+00   0.294226E+00   0.315317E+00
 0.496003E+01   0.149508E+01   0.200520E+00   0.294115E+00   0.315317E+00
 0.497281E+01   0.149444E+01   0.200245E+00   0.294003E+00   0.315317E+00
 0.498560E+01   0.149379E+01   0.199969E+00   0.293890E+00   0.315317E+00
 0.499841E+01   0.149314E+01   0.199693E+00   0.293777E+00   0.315317E+00
 0.501124E+01   0.149249E+01   0.199415E+00   0.293664E+00   0.315317E+00
 0.502408E+01   0.149183E+01   0.199137E+00   0.293550E+00   0.315317E+00
 0.503693E+01   0.149117E+01   0.198858E+00   0.293436E+00   0.315317E+00
 0.504980E+01   0.149051E+01   0.198578E+00   0.293321E+00   0.315317E+00
 0.506268E+01   0.148985E+01   0.198297E+00   0.293206E+00   0.315317E+00
 0.507558E+01   0.148919E+01   0.198015E+00   0.293091E+00   0.315317E+00
 0.508849E+01   0.148852E+01   0.197733E+00   0.292975E+00   0.315317E+00
 0.510142E+01   0.148785E+01   0.197449E+00   0.292858E+00   0.315317E+00
 0.511436E+01   0.148717E+01   0.197165E+00   0.292741E+00   0.315317E+00
 0.512732E+01   0.148650E+01   0.196880E+00   0.292624E+00   0.315317E+00
 0.514029E+01   0.148582E+01   0.196594E+00   0.292506E+00   0.315317E+00
 0.515328E+01   0.148514E+01   0.196307E+00   0.292387E+00   0.315317E+00
 0.516628E+01   0.148446E+01   0.196019E+00   0.292269E+00   0.315317E+00
 0.517929E+01   0.148377E+01   0.195731E+00   0.292149E+00   0.315317E+00
 0.519233E+01   0.148308E+01   0.195441E+00   0.292029E+00   0.315317E+00
 0.520537E+01   0.148239E+01   0.195151E+00   0.291909E+00   0.315317E+00
 0.521843E+01   0.148170E+01   0.194860E+00   0.291788E+00   0.315317E+00
 0.523150E+01   0.148100E+01   0.194568E+00   0.291667E+00   0.315317E+00
 0.524459E+01   0.148030E+01   0.194276E+00   0.291545E+00   0.315317E+00
 0.525769E+01   0.147960E+01   0.193982E+00   0.291423E+00   0.315317E+00
 0.527081E+01   0.147889E+01   0.193688E+00   0.291301E+00   0.315317E+00
 0.528394E+01   0.147819E+01   0.193393E+00   0.291177E+00   0.315317E+00
 0.529708E+01   0.147748E+01   0.193097E+00   0.291054E+00   0.315317E+00
 0.531024E+01   0.147676E+01   0.192800E+00   0.290930E+00   0.315317E+00
 0.532325E+01   0.147606E+01   0.192506E+00   0.290807E+00   0.315317E+00
 0.533647E+01   0.147534E+01   0.192206E+00   0.290681E+00   0.315317E+00
 0.534970E+01   0.147462E+01   0.191906E+00   0.290555E+00   0.315317E+00
 0.536295E+01   0.147389E+01   0.191605E+00   0.290429E+00   0.315317E+00
 0.537621E+01   0.147317E+01   0.191304E+00   0.290302E+00   0.315317E+00
 0.538948E+01   0.147244E+01   0.191001E+00   0.290175E+00   0.315317E+00
 0.540277E+01   0.147170E+01   0.190698E+00   0.290047E+00   0.315317E+00
 0.541607E+01   0.147097E+01   0.190393E+00   0.289919E+00   0.315317E+00
 0.542938E+01   0.147023E+01   0.190088E+00   0.289790E+00   0.315317E+00
 0.544271E+01   0.146949E+01   0.189782E+00   0.289661E+00   0.315317E+00
 0.545605E+01   0.146874E+01   0.189476E+00   0.289531E+00   0.315317E+00
 0.546941E+01   0.146800E+01   0.189168E+00   0.289400E+00   0.315317E+00
 0.548278E+01   0.146725E+01   0.188860E+00   0.289270E+00   0.315317E+00
 0.549616E+01   0.146650E+01   0.188550E+00   0.289138E+00   0.315317E+00
 0.550956E+01   0.146574E+01   0.188240E+00   0.289007E+00   0.315317E+00
 0.552297E+01   0.146499E+01   0.187929E+00   0.288874E+00   0.315317E+00
 0.553640E+01   0.146423E+01   0.187618E+00   0.288741E+00   0.315317E+00
 0.554984E+01   0.146346E+01   0.187305E+00   0.288608E+00   0.315317E+00
 0.556329E+01   0.146270E+01   0.186992E+00   0.288474E+00   0.315317E+00
 0.557676E+01   0.146193E+01   0.186678E+00   0.288340E+00   0.315317E+00
 0.559024E+01   0.146116E+01   0.186363E+00   0.288205E+00   0.315317E+00
 0.560373E+01   0.146038E+01   0.186047E+00   0.288069E+00   0.315317E+00
 0.561724E+01   0.145961E+01   0.185730E+00   0.287933E+00   0.315317E+00
 0.563076E+01   0.145883E+01   0.185413E+00   0.287797E+00   0.315317E+00
 0.564429E+01   0.145804E+01   0.185094E+00   0.287660E+00   0.315317E+00
 0.565784E+01   0.145726E+01   0.184775E+00   0.287523E+00   0.315317E+00
 0.567140E+01   0.145647E+01   0.184455E+00   0.287385E+00   0.315317E+00
 0.568497E+01   0.145568E+01   0.184135E+00   0.287246E+00   0.315317E+00
 0.569855E+01   0.145489E+01   0.183813E+00   0.287107E+00   0.315317E+00
 0.571215E+01   0.145409E+01   0.183491E+00   0.286967E+00   0.315317E+00
 0.572576E+01   0.145329E+01   0.183168E+00   0.286827E+00   0.315317E+00
 0.573939E+01   0.145249E+01   0.182844E+00   0.286687E+00   0.315317E+00
 0.575302E+01   0.145168E+01   0.182519E+00   0.286546E+00   0.315317E+00
 0.576667E+01   0.145088E+01   0.182193E+00   0.286404E+00   0.315317E+00
 0.578034E+01   0.145007E+01   0.181867E+00   0.286262E+00   0.315317E+00
 0.579401E+01   0.144925E+01   0.181540E+00   0.286119E+00   0.315317E+00
 0.580770E+01   0.144843E+01   0.181212E+00   0.285976E+00   0.315317E+00
 0.582237E+01   0.144756E+01   0.180860E+00   0.285822E+00   0.315317E+00
 0.583613E+01   0.144673E+01   0.180529E+00   0.285677E+00   0.315317E+00
 0.584990E+01   0.144590E+01   0.180198E+00   0.285531E+00   0.315317E+00
 0.586368E+01   0.144507E+01   0.179866E+00   0.285385E+00   0.315317E+00
 0.587748E+01   0.144424E+01   0.179533E+00   0.285239E+00   0.315317E+00
 0.589129E+01   0.144340E+01   0.179199E+00   0.285092E+00   0.315317E+00
 0.590511E+01   0.144256E+01   0.178864E+00   0.284944E+00   0.315317E+00
 0.591894E+01   0.144172E+01   0.178529E+00   0.284796E+00   0.315317E+00
 0.593279E+01   0.144087E+01   0.178193E+00   0.284647E+00   0.315317E+00
 0.594665E+01   0.144002E+01   0.177856E+00   0.284498E+00   0.315317E+00
 0.596052E+01   0.143917E+01   0.177518E+00   0.284348E+00   0.315317E+00
 0.597440E+01   0.143832E+01   0.177179E+00   0.284198E+00   0.315317E+00
 0.598830E+01   0.143746E+01   0.176840E+00   0.284047E+00   0.315317E+00
 0.600220E+01   0.143660E+01   0.176500E+00   0.283896E+00   0.315317E+00
 0.601612E+01   0.143574E+01   0.176159E+00   0.283744E+00   0.315317E+00
 0.603005E+01   0.143487E+01   0.175818E+00   0.283591E+00   0.315317E+00
 0.604400E+01   0.143400E+01   0.175475E+00   0.283438E+00   0.315317E+00
 0.605795E+01   0.143313E+01   0.175132E+00   0.283284E+00   0.315317E+00
 0.607192E+01   0.143225E+01   0.174788E+00   0.283130E+00   0.315317E+00
 0.608590E+01   0.143137E+01   0.174444E+00   0.282975E+00   0.315317E+00
 0.609989E+01   0.143049E+01   0.174098E+00   0.282820E+00   0.315317E+00
 0.611389E+01   0.142961E+01   0.173752E+00   0.282664E+00   0.315317E+00
 0.612791E+01   0.142872E+01   0.173405E+00   0.282508E+00   0.315317E+00
 0.614193E+01   0.142783E+01   0.173057E+00   0.282350E+00   0.315317E+00
 0.615597E+01   0.142693E+01   0.172709E+00   0.282193E+00   0.315317E+00
 0.617002E+01   0.142604E+01   0.172360E+00   0.282034E+00   0.315317E+00
 0.618408E+01   0.142514E+01   0.172010E+00   0.281876E+00   0.315317E+00
 0.619815E+01   0.142423E+01   0.171659E+00   0.281716E+00   0.315317E+00
 0.621223E+01   0.142333E+01   0.171308E+00   0.281556E+00   0.315317E+00
 0.622632E+01   0.142242E+01   0.170956E+00   0.281396E+00   0.315317E+00
 0.624043E+01   0.142151E+01   0.170603E+00   0.281235E+00   0.315317E+00
 0.625454E+01   0.142059E+01   0.170249E+00   0.281073E+00   0.315317E+00
 0.626867E+01   0.141967E+01   0.169895E+00   0.280911E+00   0.315317E+00
 0.628287E+01   0.141875E+01   0.169538E+00   0.280747E+00   0.315317E+00
 0.629709E+01   0.141782E+01   0.169181E+00   0.280583E+00   0.315317E+00
 0.631131E+01   0.141689E+01   0.168823E+00   0.280418E+00   0.315317E+00
 0.632555E+01   0.141595E+01   0.168464E+00   0.280253E+00   0.315317E+00
 0.633979E+01   0.141501E+01   0.168104E+00   0.280087E+00   0.315317E+00
 0.635405E+01   0.141407E+01   0.167744E+00   0.279920E+00   0.315317E+00
 0.636831E+01   0.141313E+01   0.167383E+00   0.279753E+00   0.315317E+00
 0.638259E+01   0.141218E+01   0.167022E+00   0.279585E+00   0.315317E+00
 0.639687E+01   0.141123E+01   0.166659E+00   0.279417E+00   0.315317E+00
 0.641117E+01   0.141028E+01   0.166296E+00   0.279248E+00   0.315317E+00
 0.642548E+01   0.140932E+01   0.165932E+00   0.279078E+00   0.315317E+00
 0.643980E+01   0.140836E+01   0.165568E+00   0.278908E+00   0.315317E+00
 0.645412E+01   0.140740E+01   0.165203E+00   0.278738E+00   0.315317E+00
 0.646846E+01   0.140643E+01   0.164837E+00   0.278566E+00   0.315317E+00
 0.648281E+01   0.140546E+01   0.164471E+00   0.278394E+00   0.315317E+00
 0.649717E+01   0.140449E+01   0.164103E+00   0.278222E+00   0.315317E+00
 0.651153E+01   0.140351E+01   0.163735E+00   0.278048E+00   0.315317E+00
 0.652591E+01   0.140253E+01   0.163367E+00   0.277875E+00   0.315317E+00
 0.654030E+01   0.140155E+01   0.162998E+00   0.277700E+00   0.315317E+00
 0.655470E+01   0.140056E+01   0.162628E+00   0.277525E+00   0.315317E+00
 0.656910E+01   0.139957E+01   0.162257E+00   0.277350E+00   0.315317E+00
 0.658352E+01   0.139858E+01   0.161886E+00   0.277173E+00   0.315317E+00
 0.659794E+01   0.139758E+01   0.161514E+00   0.276996E+00   0.315317E+00
 0.661238E+01   0.139658E+01   0.161142E+00   0.276819E+00   0.315317E+00
 0.662682E+01   0.139558E+01   0.160769E+00   0.276641E+00   0.315317E+00
 0.664128E+01   0.139458E+01   0.160395E+00   0.276462E+00   0.315317E+00
 0.665574E+01   0.139357E+01   0.160020E+00   0.276283E+00   0.315317E+00
 0.667021E+01   0.139256E+01   0.159645E+00   0.276103E+00   0.315317E+00
 0.668288E+01   0.139167E+01   0.159317E+00   0.275945E+00   0.315317E+00
 0.669555E+01   0.139078E+01   0.158988E+00   0.275786E+00   0.315317E+00
 0.671013E+01   0.138975E+01   0.158609E+00   0.275604E+00   0.315317E+00
 0.672472E+01   0.138872E+01   0.158229E+00   0.275420E+00   0.315317E+00
 0.673932E+01   0.138769E+01   0.157849E+00   0.275236E+00   0.315317E+00
 0.675393E+01   0.138665E+01   0.157468E+00   0.275051E+00   0.315317E+00
 0.676855E+01   0.138561E+01   0.157086E+00   0.274866E+00   0.315317E+00
 0.678318E+01   0.138457E+01   0.156704E+00   0.274680E+00   0.315317E+00
 0.679781E+01   0.138352E+01   0.156321E+00   0.274493E+00   0.315317E+00
 0.681246E+01   0.138247E+01   0.155938E+00   0.274306E+00   0.315317E+00
 0.682711E+01   0.138141E+01   0.155554E+00   0.274118E+00   0.315317E+00
 0.684176E+01   0.138036E+01   0.155170E+00   0.273930E+00   0.315317E+00
 0.685643E+01   0.137930E+01   0.154785E+00   0.273741E+00   0.315317E+00
 0.687110E+01   0.137823E+01   0.154399E+00   0.273551E+00   0.315317E+00
 0.688578E+01   0.137717E+01   0.154013E+00   0.273360E+00   0.315317E+00
 0.690047E+01   0.137610E+01   0.153626E+00   0.273169E+00   0.315317E+00
 0.691517E+01   0.137502E+01   0.153239E+00   0.272977E+00   0.315317E+00
 0.692987E+01   0.137394E+01   0.152851E+00   0.272785E+00   0.315317E+00
 0.694458E+01   0.137286E+01   0.152462E+00   0.272592E+00   0.315317E+00
 0.695930E+01   0.137178E+01   0.152073E+00   0.272398E+00   0.315317E+00
 0.697402E+01   0.137069E+01   0.151684E+00   0.272204E+00   0.315317E+00
 0.698876E+01   0.136960E+01   0.151294E+00   0.272009E+00   0.315317E+00
 0.700350E+01   0.136851E+01   0.150903E+00   0.271813E+00   0.315317E+00
 0.701825E+01   0.136741E+01   0.150512E+00   0.271616E+00   0.315317E+00
 0.703300E+01   0.136631E+01   0.150120E+00   0.271419E+00   0.315317E+00
 0.704776E+01   0.136520E+01   0.149728E+00   0.271222E+00   0.315317E+00
 0.706253E+01   0.136410E+01   0.149335E+00   0.271023E+00   0.315317E+00
 0.707730E+01   0.136299E+01   0.148942E+00   0.270824E+00   0.315317E+00
 0.709241E+01   0.136185E+01   0.148539E+00   0.270620E+00   0.315317E+00
 0.710731E+01   0.136072E+01   0.148142E+00   0.270418E+00   0.315317E+00
 0.712222E+01   0.135959E+01   0.147744E+00   0.270216E+00   0.315317E+00
 0.713713E+01   0.135845E+01   0.147346E+00   0.270012E+00   0.315317E+00
 0.715206E+01   0.135732E+01   0.146947E+00   0.269808E+00   0.315317E+00
 0.716698E+01   0.135618E+01   0.146547E+00   0.269604E+00   0.315317E+00
 0.718191E+01   0.135503E+01   0.146148E+00   0.269398E+00   0.315317E+00
 0.719685E+01   0.135388E+01   0.145747E+00   0.269192E+00   0.315317E+00
 0.721179E+01   0.135273E+01   0.145347E+00   0.268985E+00   0.315317E+00
 0.722674E+01   0.135158E+01   0.144946E+00   0.268778E+00   0.315317E+00
 0.724169E+01   0.135042E+01   0.144544E+00   0.268570E+00   0.315317E+00
 0.725665E+01   0.134926E+01   0.144142E+00   0.268361E+00   0.315317E+00
 0.727161E+01   0.134809E+01   0.143740E+00   0.268152E+00   0.315317E+00
 0.728658E+01   0.134692E+01   0.143337E+00   0.267942E+00   0.315317E+00
 0.730154E+01   0.134575E+01   0.142933E+00   0.267731E+00   0.315317E+00
 0.731652E+01   0.134458E+01   0.142530E+00   0.267519E+00   0.315317E+00
 0.733150E+01   0.134340E+01   0.142126E+00   0.267307E+00   0.315317E+00
 0.734648E+01   0.134221E+01   0.141721E+00   0.267094E+00   0.315317E+00
 0.736147E+01   0.134103E+01   0.141316E+00   0.266881E+00   0.315317E+00
 0.737646E+01   0.133984E+01   0.140911E+00   0.266667E+00   0.315317E+00
 0.739146E+01   0.133864E+01   0.140505E+00   0.266452E+00   0.315317E+00
 0.740646E+01   0.133745E+01   0.140099E+00   0.266236E+00   0.315317E+00
 0.742146E+01   0.133625E+01   0.139693E+00   0.266020E+00   0.315317E+00
 0.743647E+01   0.133504E+01   0.139286E+00   0.265803E+00   0.315317E+00
 0.745176E+01   0.133381E+01   0.138871E+00   0.265581E+00   0.315317E+00
 0.746692E+01   0.133259E+01   0.138460E+00   0.265360E+00   0.315317E+00
 0.748209E+01   0.133136E+01   0.138048E+00   0.265139E+00   0.315317E+00
 0.749726E+01   0.133013E+01   0.137635E+00   0.264917E+00   0.315317E+00
 0.751243E+01   0.132890E+01   0.137223E+00   0.264694E+00   0.315317E+00
 0.752760E+01   0.132766E+01   0.136810E+00   0.264471E+00   0.315317E+00
 0.754277E+01   0.132642E+01   0.136397E+00   0.264247E+00   0.315317E+00
 0.755795E+01   0.132518E+01   0.135983E+00   0.264022E+00   0.315317E+00
 0.757312E+01   0.132393E+01   0.135570E+00   0.263796E+00   0.315317E+00
 0.758830E+01   0.132268E+01   0.135156E+00   0.263570E+00   0.315317E+00
 0.760348E+01   0.132142E+01   0.134741E+00   0.263343E+00   0.315317E+00
 0.761866E+01   0.132016E+01   0.134327E+00   0.263115E+00   0.315317E+00
 0.763383E+01   0.131890E+01   0.133912E+00   0.262887E+00   0.315317E+00
 0.764899E+01   0.131764E+01   0.133498E+00   0.262658E+00   0.315317E+00
 0.766413E+01   0.131637E+01   0.133084E+00   0.262429E+00   0.315317E+00
 0.767925E+01   0.131510E+01   0.132670E+00   0.262200E+00   0.315317E+00
 0.769435E+01   0.131383E+01   0.132257E+00   0.261970E+00   0.315317E+00
 0.770944E+01   0.131256E+01   0.131843E+00   0.261739E+00   0.315317E+00
 0.772452E+01   0.131129E+01   0.131430E+00   0.261508E+00   0.315317E+00
 0.773957E+01   0.131001E+01   0.131017E+00   0.261277E+00   0.315317E+00
 0.775462E+01   0.130873E+01   0.130605E+00   0.261045E+00   0.315317E+00
 0.776964E+01   0.130745E+01   0.130192E+00   0.260813E+00   0.315317E+00
 0.778556E+01   0.130609E+01   0.129755E+00   0.260566E+00   0.315317E+00
 0.780052E+01   0.130481E+01   0.129344E+00   0.260333E+00   0.315317E+00
 0.781546E+01   0.130353E+01   0.128933E+00   0.260100E+00   0.315317E+00
 0.783039E+01   0.130224E+01   0.128523E+00   0.259867E+00   0.315317E+00
 0.784530E+01   0.130095E+01   0.128113E+00   0.259633E+00   0.315317E+00
 0.786019E+01   0.129966E+01   0.127703E+00   0.259398E+00   0.315317E+00
 0.787507E+01   0.129837E+01   0.127294E+00   0.259163E+00   0.315317E+00
 0.788992E+01   0.129707E+01   0.126885E+00   0.258928E+00   0.315317E+00
 0.790476E+01   0.129578E+01   0.126476E+00   0.258692E+00   0.315317E+00
 0.791959E+01   0.129448E+01   0.126067E+00   0.258456E+00   0.315317E+00
 0.793439E+01   0.129318E+01   0.125659E+00   0.258219E+00   0.315317E+00
 0.794918E+01   0.129188E+01   0.125251E+00   0.257982E+00   0.315317E+00
 0.796395E+01   0.129057E+01   0.124844E+00   0.257745E+00   0.315317E+00
 0.797871E+01   0.128926E+01   0.124437E+00   0.257507E+00   0.315317E+00
 0.799344E+01   0.128796E+01   0.124030E+00   0.257268E+00   0.315317E+00
 0.800816E+01   0.128664E+01   0.123623E+00   0.257029E+00   0.315317E+00
 0.802287E+01   0.128533E+01   0.123217E+00   0.256790E+00   0.315317E+00
 0.803755E+01   0.128402E+01   0.122811E+00   0.256550E+00   0.315317E+00
 0.805222E+01   0.128270E+01   0.122406E+00   0.256310E+00   0.315317E+00
 0.806688E+01   0.128138E+01   0.122001E+00   0.256069E+00   0.315317E+00
 0.808151E+01   0.128006E+01   0.121596E+00   0.255828E+00   0.315317E+00
 0.809623E+01   0.127873E+01   0.121189E+00   0.255585E+00   0.315317E+00
 0.811080E+01   0.127740E+01   0.120786E+00   0.255344E+00   0.315317E+00
 0.812534E+01   0.127608E+01   0.120383E+00   0.255102E+00   0.315317E+00
 0.813987E+01   0.127475E+01   0.119981E+00   0.254860E+00   0.315317E+00
 0.815438E+01   0.127343E+01   0.119579E+00   0.254617E+00   0.315317E+00
 0.816887E+01   0.127210E+01   0.119178E+00   0.254374E+00   0.315317E+00
 0.818334E+01   0.127077E+01   0.118777E+00   0.254130E+00   0.315317E+00
 0.819779E+01   0.126943E+01   0.118377E+00   0.253886E+00   0.315317E+00
 0.821223E+01   0.126810E+01   0.117977E+00   0.253642E+00   0.315317E+00
 0.822665E+01   0.126676E+01   0.117577E+00   0.253397E+00   0.315317E+00
 0.824105E+01   0.126542E+01   0.117178E+00   0.253152E+00   0.315317E+00
 0.825543E+01   0.126408E+01   0.116779E+00   0.252906E+00   0.315317E+00
 0.826979E+01   0.126273E+01   0.116381E+00   0.252660E+00   0.315317E+00
 0.828414E+01   0.126139E+01   0.115983E+00   0.252414E+00   0.315317E+00
 0.829847E+01   0.126004E+01   0.115586E+00   0.252167E+00   0.315317E+00
 0.831278E+01   0.125869E+01   0.115189E+00   0.251919E+00   0.315317E+00
 0.832708E+01   0.125734E+01   0.114792E+00   0.251671E+00   0.315317E+00
 0.834135E+01   0.125599E+01   0.114396E+00   0.251423E+00   0.315317E+00
 0.835561E+01   0.125463E+01   0.114000E+00   0.251174E+00   0.315317E+00
 0.837962E+01   0.125234E+01   0.113334E+00   0.250754E+00   0.315317E+00
 0.839379E+01   0.125098E+01   0.112941E+00   0.250505E+00   0.315317E+00
 0.840794E+01   0.124962E+01   0.112548E+00   0.250255E+00   0.315317E+00
 0.842207E+01   0.124826E+01   0.112156E+00   0.250005E+00   0.315317E+00
 0.843618E+01   0.124690E+01   0.111764E+00   0.249755E+00   0.315317E+00
 0.845027E+01   0.124554E+01   0.111373E+00   0.249504E+00   0.315317E+00
 0.846434E+01   0.124417E+01   0.110982E+00   0.249253E+00   0.315317E+00
 0.847839E+01   0.124280E+01   0.110592E+00   0.249001E+00   0.315317E+00
 0.849243E+01   0.124143E+01   0.110203E+00   0.248749E+00   0.315317E+00
 0.850644E+01   0.124006E+01   0.109814E+00   0.248497E+00   0.315317E+00
 0.852044E+01   0.123869E+01   0.109425E+00   0.248244E+00   0.315317E+00
 0.853442E+01   0.123731E+01   0.109037E+00   0.247990E+00   0.315317E+00
 0.854838E+01   0.123594E+01   0.108649E+00   0.247737E+00   0.315317E+00
 0.856232E+01   0.123456E+01   0.108262E+00   0.247482E+00   0.315317E+00
 0.857625E+01   0.123318E+01   0.107876E+00   0.247228E+00   0.315317E+00
 0.859015E+01   0.123179E+01   0.107490E+00   0.246973E+00   0.315317E+00
 0.860404E+01   0.123041E+01   0.107104E+00   0.246717E+00   0.315317E+00
 0.861791E+01   0.122902E+01   0.106719E+00   0.246461E+00   0.315317E+00
 0.863177E+01   0.122763E+01   0.106335E+00   0.246205E+00   0.315317E+00
 0.864349E+01   0.122645E+01   0.106010E+00   0.245987E+00   0.315317E+00
 0.865751E+01   0.122504E+01   0.105621E+00   0.245726E+00   0.315317E+00
 0.867125E+01   0.122365E+01   0.105239E+00   0.245470E+00   0.315317E+00
 0.868498E+01   0.122226E+01   0.104858E+00   0.245213E+00   0.315317E+00
 0.869869E+01   0.122086E+01   0.104478E+00   0.244955E+00   0.315317E+00
 0.871237E+01   0.121947E+01   0.104099E+00   0.244697E+00   0.315317E+00
 0.872604E+01   0.121807E+01   0.103720E+00   0.244439E+00   0.315317E+00
 0.873969E+01   0.121667E+01   0.103341E+00   0.244180E+00   0.315317E+00
 0.875332E+01   0.121527E+01   0.102963E+00   0.243921E+00   0.315317E+00
 0.876694E+01   0.121387E+01   0.102586E+00   0.243662E+00   0.315317E+00
 0.878053E+01   0.121247E+01   0.102209E+00   0.243402E+00   0.315317E+00
 0.879410E+01   0.121106E+01   0.101833E+00   0.243142E+00   0.315317E+00
 0.880766E+01   0.120965E+01   0.101458E+00   0.242881E+00   0.315317E+00
 0.882119E+01   0.120824E+01   0.101083E+00   0.242620E+00   0.315317E+00
 0.883471E+01   0.120683E+01   0.100708E+00   0.242358E+00   0.315317E+00
 0.884821E+01   0.120542E+01   0.100335E+00   0.242096E+00   0.315317E+00
 0.886169E+01   0.120400E+01   0.999613E-01   0.241833E+00   0.315317E+00
 0.887516E+01   0.120259E+01   0.995887E-01   0.241571E+00   0.315317E+00
 0.888860E+01   0.120117E+01   0.992167E-01   0.241307E+00   0.315317E+00
 0.890203E+01   0.119974E+01   0.988453E-01   0.241043E+00   0.315317E+00
 0.891544E+01   0.119832E+01   0.984744E-01   0.240779E+00   0.315317E+00
 0.892985E+01   0.119679E+01   0.980758E-01   0.240494E+00   0.315317E+00
 0.894316E+01   0.119537E+01   0.977080E-01   0.240230E+00   0.315317E+00
 0.895645E+01   0.119394E+01   0.973409E-01   0.239966E+00   0.315317E+00
 0.896972E+01   0.119252E+01   0.969744E-01   0.239701E+00   0.315317E+00
 0.898296E+01   0.119109E+01   0.966085E-01   0.239436E+00   0.315317E+00
 0.899619E+01   0.118967E+01   0.962433E-01   0.239171E+00   0.315317E+00
 0.900940E+01   0.118824E+01   0.958788E-01   0.238905E+00   0.315317E+00
 0.902259E+01   0.118681E+01   0.955149E-01   0.238639E+00   0.315317E+00
 0.903576E+01   0.118537E+01   0.951517E-01   0.238372E+00   0.315317E+00
 0.904891E+01   0.118394E+01   0.947890E-01   0.238105E+00   0.315317E+00
 0.906204E+01   0.118250E+01   0.944271E-01   0.237838E+00   0.315317E+00
 0.907515E+01   0.118106E+01   0.940658E-01   0.237570E+00   0.315317E+00
 0.908825E+01   0.117962E+01   0.937051E-01   0.237301E+00   0.315317E+00
 0.910132E+01   0.117818E+01   0.933450E-01   0.237032E+00   0.315317E+00
 0.911438E+01   0.117674E+01   0.929856E-01   0.236763E+00   0.315317E+00
 0.912742E+01   0.117529E+01   0.926268E-01   0.236494E+00   0.315317E+00
 0.914044E+01   0.117384E+01   0.922687E-01   0.236223E+00   0.315317E+00
 0.915345E+01   0.117240E+01   0.919112E-01   0.235953E+00   0.315317E+00
 0.916536E+01   0.117106E+01   0.915837E-01   0.235704E+00   0.315317E+00
 0.917826E+01   0.116962E+01   0.912295E-01   0.235435E+00   0.315317E+00
 0.919113E+01   0.116817E+01   0.908759E-01   0.235164E+00   0.315317E+00
 0.920399E+01   0.116672E+01   0.905231E-01   0.234894E+00   0.315317E+00
 0.921683E+01   0.116527E+01   0.901709E-01   0.234623E+00   0.315317E+00
 0.922964E+01   0.116382E+01   0.898195E-01   0.234351E+00   0.315317E+00
 0.924244E+01   0.116237E+01   0.894687E-01   0.234080E+00   0.315317E+00
 0.925522E+01   0.116091E+01   0.891186E-01   0.233807E+00   0.315317E+00
 0.926797E+01   0.115945E+01   0.887692E-01   0.233535E+00   0.315317E+00
 0.928071E+01   0.115800E+01   0.884205E-01   0.233262E+00   0.315317E+00
 0.929343E+01   0.115653E+01   0.880725E-01   0.232988E+00   0.315317E+00
 0.930614E+01   0.115507E+01   0.877251E-01   0.232715E+00   0.315317E+00
 0.931882E+01   0.115361E+01   0.873784E-01   0.232440E+00   0.315317E+00
 0.933148E+01   0.115214E+01   0.870325E-01   0.232166E+00   0.315317E+00
 0.934413E+01   0.115067E+01   0.866872E-01   0.231891E+00   0.315317E+00
 0.935676E+01   0.114920E+01   0.863426E-01   0.231615E+00   0.315317E+00
 0.936937E+01   0.114773E+01   0.859986E-01   0.231339E+00   0.315317E+00
 0.938196E+01   0.114626E+01   0.856554E-01   0.231063E+00   0.315317E+00
 0.939453E+01   0.114478E+01   0.853128E-01   0.230786E+00   0.315317E+00
 0.940805E+01   0.114319E+01   0.849446E-01   0.230487E+00   0.315317E+00
 0.942051E+01   0.114172E+01   0.846057E-01   0.230212E+00   0.315317E+00
 0.943294E+01   0.114025E+01   0.842675E-01   0.229935E+00   0.315317E+00
 0.944535E+01   0.113878E+01   0.839301E-01   0.229659E+00   0.315317E+00
 0.945775E+01   0.113730E+01   0.835934E-01   0.229382E+00   0.315317E+00
 0.947012E+01   0.113583E+01   0.832574E-01   0.229104E+00   0.315317E+00
 0.948248E+01   0.113435E+01   0.829221E-01   0.228827E+00   0.315317E+00
 0.949481E+01   0.113287E+01   0.825875E-01   0.228548E+00   0.315317E+00
 0.950713E+01   0.113139E+01   0.822537E-01   0.228270E+00   0.315317E+00
 0.951943E+01   0.112990E+01   0.819206E-01   0.227991E+00   0.315317E+00
 0.953171E+01   0.112842E+01   0.815882E-01   0.227711E+00   0.315317E+00
 0.954397E+01   0.112693E+01   0.812565E-01   0.227432E+00   0.315317E+00
 0.955622E+01   0.112544E+01   0.809255E-01   0.227151E+00   0.315317E+00
 0.956844E+01   0.112395E+01   0.805952E-01   0.226871E+00   0.315317E+00
 0.958065E+01   0.112246E+01   0.802657E-01   0.226590E+00   0.315317E+00
 0.959284E+01   0.112097E+01   0.799368E-01   0.226308E+00   0.315317E+00
 0.960501E+01   0.111947E+01   0.796087E-01   0.226026E+00   0.315317E+00
 0.961716E+01   0.111798E+01   0.792812E-01   0.225744E+00   0.315317E+00
 0.962942E+01   0.111646E+01   0.789512E-01   0.225458E+00   0.315317E+00
 0.964145E+01   0.111497E+01   0.786276E-01   0.225177E+00   0.315317E+00
 0.965345E+01   0.111348E+01   0.783047E-01   0.224896E+00   0.315317E+00
 0.966544E+01   0.111199E+01   0.779826E-01   0.224614E+00   0.315317E+00
 0.967741E+01   0.111049E+01   0.776613E-01   0.224332E+00   0.315317E+00
 0.968936E+01   0.110900E+01   0.773407E-01   0.224049E+00   0.315317E+00
 0.970129E+01   0.110750E+01   0.770209E-01   0.223766E+00   0.315317E+00
 0.971320E+01   0.110600E+01   0.767017E-01   0.223483E+00   0.315317E+00
 0.972510E+01   0.110450E+01   0.763834E-01   0.223199E+00   0.315317E+00
 0.973697E+01   0.110299E+01   0.760657E-01   0.222915E+00   0.315317E+00
 0.974883E+01   0.110149E+01   0.757489E-01   0.222631E+00   0.315317E+00
 0.976066E+01   0.109998E+01   0.754327E-01   0.222346E+00   0.315317E+00
 0.977248E+01   0.109847E+01   0.751173E-01   0.222061E+00   0.315317E+00
 0.978429E+01   0.109696E+01   0.748025E-01   0.221775E+00   0.315317E+00
 0.979607E+01   0.109545E+01   0.744886E-01   0.221489E+00   0.315317E+00
 0.980783E+01   0.109394E+01   0.741754E-01   0.221202E+00   0.315317E+00
 0.982692E+01   0.109148E+01   0.736677E-01   0.220735E+00   0.315317E+00
 0.983868E+01   0.108995E+01   0.733554E-01   0.220447E+00   0.315317E+00
 0.985028E+01   0.108845E+01   0.730473E-01   0.220161E+00   0.315317E+00
 0.986187E+01   0.108694E+01   0.727400E-01   0.219875E+00   0.315317E+00
 0.987344E+01   0.108543E+01   0.724334E-01   0.219589E+00   0.315317E+00
 0.988499E+01   0.108391E+01   0.721276E-01   0.219302E+00   0.315317E+00
 0.989652E+01   0.108240E+01   0.718225E-01   0.219015E+00   0.315317E+00
 0.990804E+01   0.108089E+01   0.715182E-01   0.218727E+00   0.315317E+00
 0.991953E+01   0.107937E+01   0.712147E-01   0.218439E+00   0.315317E+00
 0.993100E+01   0.107785E+01   0.709119E-01   0.218151E+00   0.315317E+00
 0.994246E+01   0.107633E+01   0.706099E-01   0.217862E+00   0.315317E+00
 0.995390E+01   0.107481E+01   0.703086E-01   0.217573E+00   0.315317E+00
 0.996532E+01   0.107329E+01   0.700081E-01   0.217284E+00   0.315317E+00
 0.997672E+01   0.107176E+01   0.697083E-01   0.216994E+00   0.315317E+00
 0.998811E+01   0.107024E+01   0.694092E-01   0.216704E+00   0.315317E+00
 0.999948E+01   0.106871E+01   0.691109E-01   0.216413E+00   0.315317E+00
 0.100108E+02   0.106718E+01   0.688133E-01   0.216122E+00   0.315317E+00
 0.100245E+02   0.106533E+01   0.684561E-01   0.215772E+00   0.315317E+00
 0.100357E+02   0.106381E+01   0.681627E-01   0.215482E+00   0.315317E+00
 0.100469E+02   0.106229E+01   0.678702E-01   0.215193E+00   0.315317E+00
 0.100580E+02   0.106077E+01   0.675783E-01   0.214903E+00   0.315317E+00
 0.100692E+02   0.105925E+01   0.672872E-01   0.214612E+00   0.315317E+00
 0.100803E+02   0.105772E+01   0.669969E-01   0.214322E+00   0.315317E+00
 0.100915E+02   0.105619E+01   0.667074E-01   0.214030E+00   0.315317E+00
 0.101026E+02   0.105466E+01   0.664186E-01   0.213739E+00   0.315317E+00
 0.101136E+02   0.105313E+01   0.661305E-01   0.213447E+00   0.315317E+00
 0.101247E+02   0.105160E+01   0.658432E-01   0.213155E+00   0.315317E+00
 0.101358E+02   0.105007E+01   0.655566E-01   0.212863E+00   0.315317E+00
 0.101468E+02   0.104853E+01   0.652709E-01   0.212570E+00   0.315317E+00
 0.101578E+02   0.104700E+01   0.649858E-01   0.212276E+00   0.315317E+00
 0.101688E+02   0.104546E+01   0.647015E-01   0.211983E+00   0.315317E+00
 0.101798E+02   0.104392E+01   0.644180E-01   0.211689E+00   0.315317E+00
 0.101907E+02   0.104238E+01   0.641352E-01   0.211394E+00   0.315317E+00
 0.102017E+02   0.104084E+01   0.638531E-01   0.211100E+00   0.315317E+00
 0.102139E+02   0.103911E+01   0.635389E-01   0.210770E+00   0.315317E+00
 0.102247E+02   0.103758E+01   0.632616E-01   0.210478E+00   0.315317E+00
 0.102355E+02   0.103605E+01   0.629844E-01   0.210184E+00   0.315317E+00
 0.102462E+02   0.103451E+01   0.627081E-01   0.209891E+00   0.315317E+00
 0.102570E+02   0.103298E+01   0.624325E-01   0.209597E+00   0.315317E+00
 0.102677E+02   0.103144E+01   0.621576E-01   0.209303E+00   0.315317E+00
 0.102784E+02   0.102990E+01   0.618836E-01   0.209009E+00   0.315317E+00
 0.102891E+02   0.102836E+01   0.616103E-01   0.208714E+00   0.315317E+00
 0.102998E+02   0.102682E+01   0.613377E-01   0.208419E+00   0.315317E+00
 0.103105E+02   0.102528E+01   0.610658E-01   0.208123E+00   0.315317E+00
 0.103211E+02   0.102374E+01   0.607948E-01   0.207827E+00   0.315317E+00
 0.103317E+02   0.102219E+01   0.605244E-01   0.207531E+00   0.315317E+00
 0.103423E+02   0.102064E+01   0.602549E-01   0.207235E+00   0.315317E+00
 0.103529E+02   0.101909E+01   0.599860E-01   0.206938E+00   0.315317E+00
 0.103635E+02   0.101755E+01   0.597179E-01   0.206641E+00   0.315317E+00
 0.103741E+02   0.101599E+01   0.594506E-01   0.206343E+00   0.315317E+00
 0.103846E+02   0.101444E+01   0.591839E-01   0.206045E+00   0.315317E+00
 0.103951E+02   0.101289E+01   0.589180E-01   0.205747E+00   0.315317E+00
 0.104055E+02   0.101136E+01   0.586570E-01   0.205453E+00   0.315317E+00
 0.104159E+02   0.100981E+01   0.583952E-01   0.205157E+00   0.315317E+00
 0.104262E+02   0.100827E+01   0.581342E-01   0.204860E+00   0.315317E+00
 0.104366E+02   0.100673E+01   0.578739E-01   0.204564E+00   0.315317E+00
 0.104469E+02   0.100518E+01   0.576144E-01   0.204267E+00   0.315317E+00
 0.104572E+02   0.100364E+01   0.573556E-01   0.203969E+00   0.315317E+00
 0.104675E+02   0.100209E+01   0.570976E-01   0.203672E+00   0.315317E+00
 0.104778E+02   0.100054E+01   0.568403E-01   0.203374E+00   0.315317E+00
 0.104881E+02   0.998989E+00   0.565838E-01   0.203076E+00   0.315317E+00
 0.104983E+02   0.997437E+00   0.563280E-01   0.202777E+00   0.315317E+00
 0.105086E+02   0.995884E+00   0.560729E-01   0.202478E+00   0.315317E+00
 0.105188E+02   0.994330E+00   0.558186E-01   0.202179E+00   0.315317E+00
 0.105290E+02   0.992774E+00   0.555649E-01   0.201880E+00   0.315317E+00
 0.105392E+02   0.991217E+00   0.553120E-01   0.201580E+00   0.315317E+00
 0.105493E+02   0.989659E+00   0.550599E-01   0.201280E+00   0.315317E+00
 0.105595E+02   0.988100E+00   0.548085E-01   0.200979E+00   0.315317E+00
 0.105701E+02   0.986460E+00   0.545452E-01   0.200663E+00   0.315317E+00
 0.105801E+02   0.984914E+00   0.542978E-01   0.200365E+00   0.315317E+00
 0.106001E+02   0.981819E+00   0.538054E-01   0.199768E+00   0.315317E+00
 0.106200E+02   0.978719E+00   0.533159E-01   0.199170E+00   0.315317E+00
 0.106398E+02   0.975614E+00   0.528294E-01   0.198571E+00   0.315317E+00
 0.106596E+02   0.972505E+00   0.523457E-01   0.197970E+00   0.315317E+00
 0.106793E+02   0.969392E+00   0.518650E-01   0.197369E+00   0.315317E+00
 0.106989E+02   0.966273E+00   0.513871E-01   0.196766E+00   0.315317E+00
 0.107185E+02   0.963150E+00   0.509121E-01   0.196162E+00   0.315317E+00
 0.107335E+02   0.960751E+00   0.505497E-01   0.195698E+00   0.315317E+00
 0.107527E+02   0.957654E+00   0.500848E-01   0.195098E+00   0.315317E+00
 0.107719E+02   0.954553E+00   0.496229E-01   0.194498E+00   0.315317E+00
 0.107910E+02   0.951448E+00   0.491638E-01   0.193896E+00   0.315317E+00
 0.108101E+02   0.948338E+00   0.487075E-01   0.193294E+00   0.315317E+00
 0.108291E+02   0.945225E+00   0.482541E-01   0.192690E+00   0.315317E+00
 0.108480E+02   0.942108E+00   0.478035E-01   0.192085E+00   0.315317E+00
 0.108669E+02   0.938986E+00   0.473557E-01   0.191479E+00   0.315317E+00
 0.108812E+02   0.936602E+00   0.470159E-01   0.191016E+00   0.315317E+00
 0.108999E+02   0.933485E+00   0.465747E-01   0.190411E+00   0.315317E+00
 0.109184E+02   0.930388E+00   0.461396E-01   0.189809E+00   0.315317E+00
 0.109368E+02   0.927288E+00   0.457073E-01   0.189206E+00   0.315317E+00
 0.109551E+02   0.924184E+00   0.452777E-01   0.188603E+00   0.315317E+00
 0.109734E+02   0.921077E+00   0.448509E-01   0.187998E+00   0.315317E+00
 0.109917E+02   0.917967E+00   0.444268E-01   0.187393E+00   0.315317E+00
 0.110098E+02   0.914853E+00   0.440055E-01   0.186786E+00   0.315317E+00
 0.110279E+02   0.911736E+00   0.435868E-01   0.186179E+00   0.315317E+00
 0.110416E+02   0.909364E+00   0.432704E-01   0.185717E+00   0.315317E+00
 0.110595E+02   0.906264E+00   0.428595E-01   0.185112E+00   0.315317E+00
 0.110772E+02   0.903175E+00   0.424532E-01   0.184509E+00   0.315317E+00
 0.110949E+02   0.900083E+00   0.420496E-01   0.183906E+00   0.315317E+00
 0.111125E+02   0.896989E+00   0.416486E-01   0.183302E+00   0.315317E+00
 0.111301E+02   0.893892E+00   0.412503E-01   0.182697E+00   0.315317E+00
 0.111476E+02   0.890792E+00   0.408546E-01   0.182091E+00   0.315317E+00
 0.111650E+02   0.887689E+00   0.404615E-01   0.181485E+00   0.315317E+00
 0.111782E+02   0.885332E+00   0.401649E-01   0.181024E+00   0.315317E+00
 0.111955E+02   0.882220E+00   0.397758E-01   0.180415E+00   0.315317E+00
 0.112126E+02   0.879148E+00   0.393946E-01   0.179814E+00   0.315317E+00
 0.112296E+02   0.876075E+00   0.390159E-01   0.179212E+00   0.315317E+00
 0.112465E+02   0.872999E+00   0.386399E-01   0.178609E+00   0.315317E+00
 0.112634E+02   0.869921E+00   0.382663E-01   0.178006E+00   0.315317E+00
 0.112802E+02   0.866841E+00   0.378953E-01   0.177402E+00   0.315317E+00
 0.112970E+02   0.863759E+00   0.375269E-01   0.176798E+00   0.315317E+00
 0.113137E+02   0.860675E+00   0.371609E-01   0.176193E+00   0.315317E+00
 0.113264E+02   0.858323E+00   0.368837E-01   0.175731E+00   0.315317E+00
 0.113433E+02   0.855193E+00   0.365171E-01   0.175117E+00   0.315317E+00
 0.113596E+02   0.852144E+00   0.361626E-01   0.174518E+00   0.315317E+00
 0.113759E+02   0.849093E+00   0.358106E-01   0.173918E+00   0.315317E+00
 0.113921E+02   0.846040E+00   0.354610E-01   0.173318E+00   0.315317E+00
 0.114083E+02   0.842986E+00   0.351138E-01   0.172718E+00   0.315317E+00
 0.114245E+02   0.839931E+00   0.347690E-01   0.172117E+00   0.315317E+00
 0.114405E+02   0.836875E+00   0.344266E-01   0.171515E+00   0.315317E+00
 0.114530E+02   0.834489E+00   0.341611E-01   0.171045E+00   0.315317E+00
 0.114688E+02   0.831478E+00   0.338281E-01   0.170452E+00   0.315317E+00
 0.114845E+02   0.828459E+00   0.334968E-01   0.169857E+00   0.315317E+00
 0.115001E+02   0.825440E+00   0.331678E-01   0.169262E+00   0.315317E+00
 0.115157E+02   0.822420E+00   0.328412E-01   0.168667E+00   0.315317E+00
 0.115313E+02   0.819399E+00   0.325168E-01   0.168071E+00   0.315317E+00
 0.115468E+02   0.816378E+00   0.321947E-01   0.167475E+00   0.315317E+00
 0.115622E+02   0.813356E+00   0.318750E-01   0.166878E+00   0.315317E+00
 0.115776E+02   0.810334E+00   0.315575E-01   0.166282E+00   0.315317E+00
 0.115932E+02   0.807264E+00   0.312373E-01   0.165675E+00   0.315317E+00
 0.116083E+02   0.804281E+00   0.309284E-01   0.165086E+00   0.315317E+00
 0.116233E+02   0.801297E+00   0.306218E-01   0.164496E+00   0.315317E+00
 0.116383E+02   0.798314E+00   0.303174E-01   0.163906E+00   0.315317E+00
 0.116533E+02   0.795331E+00   0.300152E-01   0.163316E+00   0.315317E+00
 0.116681E+02   0.792348E+00   0.297152E-01   0.162725E+00   0.315317E+00
 0.116830E+02   0.789366E+00   0.294174E-01   0.162135E+00   0.315317E+00
 0.116978E+02   0.786383E+00   0.291216E-01   0.161544E+00   0.315317E+00
 0.117112E+02   0.783660E+00   0.288536E-01   0.161005E+00   0.315317E+00
 0.117258E+02   0.780699E+00   0.285640E-01   0.160418E+00   0.315317E+00
 0.117402E+02   0.777760E+00   0.282787E-01   0.159835E+00   0.315317E+00
 0.117546E+02   0.774822E+00   0.279954E-01   0.159252E+00   0.315317E+00
 0.117689E+02   0.771885E+00   0.277143E-01   0.158670E+00   0.315317E+00
 0.117832E+02   0.768948E+00   0.274351E-01   0.158087E+00   0.315317E+00
 0.117974E+02   0.766012E+00   0.271581E-01   0.157504E+00   0.315317E+00
 0.118116E+02   0.763077E+00   0.268831E-01   0.156921E+00   0.315317E+00
 0.118258E+02   0.760143E+00   0.266101E-01   0.156338E+00   0.315317E+00
 0.118399E+02   0.757209E+00   0.263391E-01   0.155755E+00   0.315317E+00
 0.118535E+02   0.754366E+00   0.260783E-01   0.155190E+00   0.315317E+00
 0.118673E+02   0.751476E+00   0.258150E-01   0.154615E+00   0.315317E+00
 0.118810E+02   0.748586E+00   0.255536E-01   0.154040E+00   0.315317E+00
 0.118947E+02   0.745699E+00   0.252942E-01   0.153465E+00   0.315317E+00
 0.119084E+02   0.742812E+00   0.250367E-01   0.152891E+00   0.315317E+00
 0.119220E+02   0.739927E+00   0.247811E-01   0.152316E+00   0.315317E+00
 0.119356E+02   0.737044E+00   0.245274E-01   0.151742E+00   0.315317E+00
 0.119491E+02   0.734162E+00   0.242757E-01   0.151167E+00   0.315317E+00
 0.119592E+02   0.732014E+00   0.240892E-01   0.150739E+00   0.315317E+00
 0.119726E+02   0.729134E+00   0.238407E-01   0.150165E+00   0.315317E+00
 0.119858E+02   0.726299E+00   0.235977E-01   0.149600E+00   0.315317E+00
 0.119990E+02   0.723467E+00   0.233566E-01   0.149034E+00   0.315317E+00
 0.120121E+02   0.720636E+00   0.231174E-01   0.148469E+00   0.315317E+00
 0.120251E+02   0.717807E+00   0.228799E-01   0.147905E+00   0.315317E+00
 0.120382E+02   0.714981E+00   0.226442E-01   0.147340E+00   0.315317E+00
 0.120511E+02   0.712156E+00   0.224103E-01   0.146776E+00   0.315317E+00
 0.120641E+02   0.709334E+00   0.221782E-01   0.146212E+00   0.315317E+00
 0.120743E+02   0.707090E+00   0.219949E-01   0.145763E+00   0.315317E+00
 0.120868E+02   0.704368E+00   0.217738E-01   0.145219E+00   0.315317E+00
 0.120994E+02   0.701593E+00   0.215498E-01   0.144664E+00   0.315317E+00
 0.121120E+02   0.698819E+00   0.213275E-01   0.144109E+00   0.315317E+00
 0.121245E+02   0.696048E+00   0.211069E-01   0.143554E+00   0.315317E+00
 0.121370E+02   0.693280E+00   0.208880E-01   0.143000E+00   0.315317E+00
 0.121495E+02   0.690514E+00   0.206707E-01   0.142446E+00   0.315317E+00
 0.121619E+02   0.687751E+00   0.204552E-01   0.141893E+00   0.315317E+00
 0.121743E+02   0.684990E+00   0.202412E-01   0.141339E+00   0.315317E+00
 0.121866E+02   0.682232E+00   0.200289E-01   0.140787E+00   0.315317E+00
 0.121986E+02   0.679545E+00   0.198235E-01   0.140248E+00   0.315317E+00
 0.122107E+02   0.676832E+00   0.196174E-01   0.139704E+00   0.315317E+00
 0.122227E+02   0.674122E+00   0.194130E-01   0.139160E+00   0.315317E+00
 0.122347E+02   0.671415E+00   0.192101E-01   0.138617E+00   0.315317E+00
 0.122467E+02   0.668711E+00   0.190087E-01   0.138074E+00   0.315317E+00
 0.122586E+02   0.666010E+00   0.188090E-01   0.137532E+00   0.315317E+00
 0.122705E+02   0.663313E+00   0.186108E-01   0.136990E+00   0.315317E+00
 0.122823E+02   0.660618E+00   0.184141E-01   0.136448E+00   0.315317E+00
 0.122973E+02   0.657212E+00   0.181674E-01   0.135764E+00   0.315317E+00
 0.123094E+02   0.654450E+00   0.179687E-01   0.135209E+00   0.315317E+00
 0.123209E+02   0.651800E+00   0.177795E-01   0.134676E+00   0.315317E+00
 0.123324E+02   0.649154E+00   0.175917E-01   0.134143E+00   0.315317E+00
 0.123439E+02   0.646511E+00   0.174054E-01   0.133612E+00   0.315317E+00
 0.123554E+02   0.643872E+00   0.172206E-01   0.133080E+00   0.315317E+00
 0.123668E+02   0.641236E+00   0.170372E-01   0.132550E+00   0.315317E+00
 0.123781E+02   0.638605E+00   0.168552E-01   0.132020E+00   0.315317E+00
 0.123895E+02   0.635977E+00   0.166747E-01   0.131490E+00   0.315317E+00
 0.124008E+02   0.633352E+00   0.164956E-01   0.130962E+00   0.315317E+00
 0.124119E+02   0.630771E+00   0.163206E-01   0.130441E+00   0.315317E+00
 0.124229E+02   0.628184E+00   0.161462E-01   0.129920E+00   0.315317E+00
 0.124340E+02   0.625600E+00   0.159733E-01   0.129399E+00   0.315317E+00
 0.124450E+02   0.623021E+00   0.158017E-01   0.128878E+00   0.315317E+00
 0.124560E+02   0.620445E+00   0.156314E-01   0.128359E+00   0.315317E+00
 0.124669E+02   0.617874E+00   0.154625E-01   0.127840E+00   0.315317E+00
 0.124779E+02   0.615306E+00   0.152949E-01   0.127321E+00   0.315317E+00
 0.124887E+02   0.612742E+00   0.151286E-01   0.126804E+00   0.315317E+00
 0.124996E+02   0.610183E+00   0.149637E-01   0.126287E+00   0.315317E+00
 0.125104E+02   0.607627E+00   0.148000E-01   0.125770E+00   0.315317E+00
 0.125211E+02   0.605080E+00   0.146379E-01   0.125256E+00   0.315317E+00
 0.125319E+02   0.602528E+00   0.144765E-01   0.124740E+00   0.315317E+00
 0.125426E+02   0.599980E+00   0.143163E-01   0.124224E+00   0.315317E+00
 0.125533E+02   0.597436E+00   0.141574E-01   0.123710E+00   0.315317E+00
 0.125640E+02   0.594896E+00   0.139998E-01   0.123196E+00   0.315317E+00
 0.125746E+02   0.592361E+00   0.138434E-01   0.122683E+00   0.315317E+00
 0.125852E+02   0.589831E+00   0.136883E-01   0.122171E+00   0.315317E+00
 0.125957E+02   0.587305E+00   0.135343E-01   0.121660E+00   0.315317E+00
 0.126062E+02   0.584783E+00   0.133816E-01   0.121149E+00   0.315317E+00
 0.126197E+02   0.581552E+00   0.131873E-01   0.120495E+00   0.315317E+00
 0.126302E+02   0.579021E+00   0.130361E-01   0.119982E+00   0.315317E+00
 0.126407E+02   0.576494E+00   0.128861E-01   0.119469E+00   0.315317E+00
 0.126512E+02   0.573971E+00   0.127372E-01   0.118958E+00   0.315317E+00
 0.126616E+02   0.571454E+00   0.125895E-01   0.118448E+00   0.315317E+00
 0.126720E+02   0.568941E+00   0.124430E-01   0.117938E+00   0.315317E+00
 0.126824E+02   0.566433E+00   0.122976E-01   0.117429E+00   0.315317E+00
 0.126928E+02   0.563931E+00   0.121534E-01   0.116921E+00   0.315317E+00
 0.127031E+02   0.561433E+00   0.120103E-01   0.116414E+00   0.315317E+00
 0.127132E+02   0.558981E+00   0.118706E-01   0.115916E+00   0.315317E+00
 0.127245E+02   0.556257E+00   0.117163E-01   0.115363E+00   0.315317E+00
 0.127360E+02   0.553450E+00   0.115583E-01   0.114793E+00   0.315317E+00
 0.127475E+02   0.550676E+00   0.114030E-01   0.114229E+00   0.315317E+00
 0.127588E+02   0.547934E+00   0.112503E-01   0.113672E+00   0.315317E+00
 0.127700E+02   0.545223E+00   0.111000E-01   0.113121E+00   0.315317E+00
 0.127811E+02   0.542540E+00   0.109519E-01   0.112575E+00   0.315317E+00
 0.127921E+02   0.539885E+00   0.108060E-01   0.112035E+00   0.315317E+00
 0.128030E+02   0.537257E+00   0.106621E-01   0.111500E+00   0.315317E+00
 0.128168E+02   0.533940E+00   0.104812E-01   0.110825E+00   0.315317E+00
 0.128277E+02   0.531329E+00   0.103393E-01   0.110294E+00   0.315317E+00
 0.128387E+02   0.528684E+00   0.101962E-01   0.109755E+00   0.315317E+00
 0.128497E+02   0.526056E+00   0.100547E-01   0.109220E+00   0.315317E+00
 0.128606E+02   0.523441E+00   0.991481E-02   0.108687E+00   0.315317E+00
 0.128714E+02   0.520839E+00   0.977651E-02   0.108157E+00   0.315317E+00
 0.128822E+02   0.518249E+00   0.963982E-02   0.107629E+00   0.315317E+00
 0.128929E+02   0.515669E+00   0.950475E-02   0.107102E+00   0.315317E+00
 0.129036E+02   0.513098E+00   0.937129E-02   0.106578E+00   0.315317E+00
 0.129142E+02   0.510535E+00   0.923947E-02   0.106055E+00   0.315317E+00
 0.129257E+02   0.507732E+00   0.909674E-02   0.105483E+00   0.315317E+00
 0.129384E+02   0.504631E+00   0.894052E-02   0.104850E+00   0.315317E+00
 0.129510E+02   0.501531E+00   0.878616E-02   0.104217E+00   0.315317E+00
 0.129636E+02   0.498433E+00   0.863361E-02   0.103585E+00   0.315317E+00
 0.129761E+02   0.495338E+00   0.848285E-02   0.102952E+00   0.315317E+00
 0.129886E+02   0.492245E+00   0.833387E-02   0.102320E+00   0.315317E+00
 0.130010E+02   0.489157E+00   0.818667E-02   0.101689E+00   0.315317E+00
 0.130133E+02   0.486072E+00   0.804119E-02   0.101058E+00   0.315317E+00
 0.130256E+02   0.482985E+00   0.789713E-02   0.100426E+00   0.315317E+00
 0.130366E+02   0.480221E+00   0.776941E-02   0.998608E-01   0.315317E+00
 0.130475E+02   0.477464E+00   0.764328E-02   0.992967E-01   0.315317E+00
 0.130584E+02   0.474716E+00   0.751874E-02   0.987341E-01   0.315317E+00
 0.130692E+02   0.471976E+00   0.739577E-02   0.981730E-01   0.315317E+00
 0.130799E+02   0.469243E+00   0.727435E-02   0.976133E-01   0.315317E+00
 0.130905E+02   0.466518E+00   0.715445E-02   0.970549E-01   0.315317E+00
 0.131011E+02   0.463800E+00   0.703606E-02   0.964979E-01   0.315317E+00
 0.131116E+02   0.461101E+00   0.691968E-02   0.959446E-01   0.315317E+00
 0.131235E+02   0.458015E+00   0.678806E-02   0.953121E-01   0.315317E+00
 0.131337E+02   0.455370E+00   0.667644E-02   0.947696E-01   0.315317E+00
 0.131439E+02   0.452733E+00   0.656624E-02   0.942286E-01   0.315317E+00
 0.131539E+02   0.450102E+00   0.645745E-02   0.936888E-01   0.315317E+00
 0.131640E+02   0.447479E+00   0.635002E-02   0.931503E-01   0.315317E+00
 0.131772E+02   0.443991E+00   0.620890E-02   0.924343E-01   0.315317E+00
 0.131904E+02   0.440514E+00   0.607014E-02   0.917204E-01   0.315317E+00
 0.132034E+02   0.437050E+00   0.593371E-02   0.910087E-01   0.315317E+00
 0.132160E+02   0.433679E+00   0.580276E-02   0.903162E-01   0.315317E+00
 0.132284E+02   0.430364E+00   0.567567E-02   0.896348E-01   0.315317E+00
 0.132407E+02   0.427062E+00   0.555076E-02   0.889559E-01   0.315317E+00
 0.132528E+02   0.423772E+00   0.542797E-02   0.882793E-01   0.315317E+00
 0.132649E+02   0.420493E+00   0.530728E-02   0.876049E-01   0.315317E+00
 0.132768E+02   0.417226E+00   0.518863E-02   0.869326E-01   0.315317E+00
 0.132887E+02   0.413971E+00   0.507201E-02   0.862626E-01   0.315317E+00
 0.133006E+02   0.410692E+00   0.495614E-02   0.855874E-01   0.315317E+00
 0.133118E+02   0.407570E+00   0.484731E-02   0.849445E-01   0.315317E+00
 0.133230E+02   0.404460E+00   0.474035E-02   0.843039E-01   0.315317E+00
 0.133341E+02   0.401362E+00   0.463524E-02   0.836655E-01   0.315317E+00
 0.133450E+02   0.398275E+00   0.453194E-02   0.830293E-01   0.315317E+00
 0.133559E+02   0.395199E+00   0.443042E-02   0.823953E-01   0.315317E+00
 0.133667E+02   0.392135E+00   0.433063E-02   0.817633E-01   0.315317E+00
 0.133774E+02   0.389080E+00   0.423255E-02   0.811334E-01   0.315317E+00
 0.133886E+02   0.385860E+00   0.413059E-02   0.804689E-01   0.315317E+00
 0.133987E+02   0.382946E+00   0.403963E-02   0.798676E-01   0.315317E+00
 0.134087E+02   0.380043E+00   0.395026E-02   0.792685E-01   0.315317E+00
 0.134211E+02   0.376431E+00   0.384073E-02   0.785227E-01   0.315317E+00
 0.134333E+02   0.372836E+00   0.373358E-02   0.777802E-01   0.315317E+00
 0.134454E+02   0.369257E+00   0.362875E-02   0.770409E-01   0.315317E+00
 0.134574E+02   0.365693E+00   0.352619E-02   0.763045E-01   0.315317E+00
 0.134692E+02   0.362157E+00   0.342617E-02   0.755736E-01   0.315317E+00
 0.134805E+02   0.358750E+00   0.333146E-02   0.748692E-01   0.315317E+00
 0.134917E+02   0.355360E+00   0.323884E-02   0.741682E-01   0.315317E+00
 0.135027E+02   0.351987E+00   0.314825E-02   0.734704E-01   0.315317E+00
 0.135136E+02   0.348629E+00   0.305965E-02   0.727756E-01   0.315317E+00
 0.135244E+02   0.345286E+00   0.297298E-02   0.720837E-01   0.315317E+00
 0.135351E+02   0.341957E+00   0.288820E-02   0.713947E-01   0.315317E+00
 0.135464E+02   0.338399E+00   0.279921E-02   0.706580E-01   0.315317E+00
 0.135582E+02   0.334648E+00   0.270722E-02   0.698811E-01   0.315317E+00
 0.135699E+02   0.330922E+00   0.261771E-02   0.691090E-01   0.315317E+00
 0.135814E+02   0.327217E+00   0.253060E-02   0.683414E-01   0.315317E+00
 0.135928E+02   0.323534E+00   0.244582E-02   0.675778E-01   0.315317E+00
 0.136039E+02   0.319869E+00   0.236329E-02   0.668181E-01   0.315317E+00
 0.136149E+02   0.316224E+00   0.228295E-02   0.660621E-01   0.315317E+00
 0.136264E+02   0.312383E+00   0.220016E-02   0.652653E-01   0.315317E+00
 0.136369E+02   0.308845E+00   0.212560E-02   0.645312E-01   0.315317E+00
 0.136473E+02   0.305326E+00   0.205303E-02   0.638010E-01   0.315317E+00
 0.136575E+02   0.301826E+00   0.198238E-02   0.630745E-01   0.315317E+00
 0.136675E+02   0.298344E+00   0.191359E-02   0.623515E-01   0.315317E+00
 0.136791E+02   0.294305E+00   0.183561E-02   0.615125E-01   0.315317E+00
 0.136897E+02   0.290562E+00   0.176508E-02   0.607350E-01   0.315317E+00
 0.136997E+02   0.286986E+00   0.169922E-02   0.599919E-01   0.315317E+00
 0.137110E+02   0.282939E+00   0.162662E-02   0.591508E-01   0.315317E+00
 0.137219E+02   0.278927E+00   0.155676E-02   0.583168E-01   0.315317E+00
 0.137327E+02   0.274945E+00   0.148951E-02   0.574888E-01   0.315317E+00
 0.137432E+02   0.270988E+00   0.142474E-02   0.566656E-01   0.315317E+00
 0.137535E+02   0.267046E+00   0.136228E-02   0.558457E-01   0.315317E+00
 0.137647E+02   0.262658E+00   0.129499E-02   0.549326E-01   0.315317E+00
 0.137759E+02   0.258243E+00   0.122945E-02   0.540137E-01   0.315317E+00
 0.137870E+02   0.253814E+00   0.116562E-02   0.530915E-01   0.315317E+00
 0.137980E+02   0.249382E+00   0.110346E-02   0.521685E-01   0.315317E+00
 0.138089E+02   0.244957E+00   0.104298E-02   0.512469E-01   0.315317E+00
 0.138195E+02   0.240640E+00   0.985381E-03   0.503474E-01   0.315317E+00
 0.138301E+02   0.236243E+00   0.928790E-03   0.494312E-01   0.315317E+00
 0.138403E+02   0.231907E+00   0.875713E-03   0.485274E-01   0.315317E+00
 0.138508E+02   0.227234E+00   0.821941E-03   0.475531E-01   0.315317E+00
 0.138608E+02   0.222552E+00   0.771720E-03   0.465767E-01   0.315317E+00
 0.138709E+02   0.217632E+00   0.722681E-03   0.455504E-01   0.315317E+00
 0.138814E+02   0.212271E+00   0.672353E-03   0.444320E-01   0.315317E+00
 0.138919E+02   0.206944E+00   0.623608E-03   0.433203E-01   0.315317E+00
 0.139020E+02   0.201976E+00   0.577890E-03   0.422832E-01   0.315317E+00
 0.139127E+02   0.197028E+00   0.530742E-03   0.412502E-01   0.315317E+00
 0.139229E+02   0.192660E+00   0.487002E-03   0.403382E-01   0.315317E+00
 0.139329E+02   0.188142E+00   0.444918E-03   0.393946E-01   0.315317E+00
 0.139432E+02   0.182482E+00   0.402700E-03   0.382123E-01   0.315317E+00
 0.139533E+02   0.175397E+00   0.362951E-03   0.367317E-01   0.315317E+00
 0.139636E+02   0.166412E+00   0.324564E-03   0.348537E-01   0.315317E+00
 0.139737E+02   0.157372E+00   0.288530E-03   0.329635E-01   0.315317E+00
 0.139840E+02   0.150570E+00   0.253849E-03   0.315409E-01   0.315317E+00
 0.139941E+02   0.147982E+00   0.221216E-03   0.309999E-01   0.315317E+00
 0.140042E+02   0.148315E+00   0.188615E-03   0.310694E-01   0.315317E+00
 0.140142E+02   0.140327E+00   0.156636E-03   0.293988E-01   0.315317E+00
 0.140243E+02   0.115768E+00   0.128409E-03   0.242563E-01   0.315317E+00
 0.140344E+02   0.850797E-01   0.106391E-03   0.178156E-01   0.315317E+00
 0.140445E+02   0.627965E-01   0.903434E-04   0.131429E-01   0.315317E+00
 0.140547E+02   0.491198E-01   0.781721E-04   0.102823E-01   0.315317E+00
 0.140647E+02   0.416725E-01   0.684389E-04   0.872819E-02   0.315317E+00
 0.140748E+02   0.377729E-01   0.598199E-04   0.791510E-02   0.315317E+00
 0.140850E+02   0.346839E-01   0.518389E-04   0.727022E-02   0.315317E+00
 0.140952E+02   0.313040E-01   0.446359E-04   0.656316E-02   0.315317E+00
 0.141053E+02   0.279680E-01   0.382261E-04   0.586396E-02   0.315317E+00
 0.141155E+02   0.248627E-01   0.324454E-04   0.521230E-02   0.315317E+00
 0.141256E+02   0.220210E-01   0.273968E-04   0.461673E-02   0.315317E+00
 0.141358E+02   0.193073E-01   0.229132E-04   0.404949E-02   0.315317E+00
 0.141458E+02   0.167920E-01   0.190402E-04   0.352335E-02   0.315317E+00
 0.141559E+02   0.144734E-01   0.157119E-04   0.303717E-02   0.315317E+00
 0.141660E+02   0.123065E-01   0.128302E-04   0.258222E-02   0.315317E+00
 0.141761E+02   0.103308E-01   0.104162E-04   0.216762E-02   0.315317E+00
 0.141862E+02   0.852441E-02   0.840380E-05   0.178895E-02   0.315317E+00
 0.141963E+02   0.690443E-02   0.677048E-05   0.144931E-02   0.315317E+00
 0.142063E+02   0.547297E-02   0.547001E-05   0.114866E-02   0.315317E+00
 0.142163E+02   0.421586E-02   0.445087E-05   0.885698E-03   0.315317E+00
 0.142264E+02   0.314301E-02   0.367495E-05   0.660434E-03   0.315317E+00
 0.142364E+02   0.226621E-02   0.311136E-05   0.476363E-03   0.315317E+00
 0.142464E+02   0.159171E-02   0.271041E-05   0.334695E-03   0.315317E+00
 0.142565E+02   0.119022E-02   0.242340E-05   0.250435E-03   0.315317E+00
 0.142667E+02   0.114498E-02   0.217312E-05   0.240860E-03   0.315317E+00
 0.142768E+02   0.101129E-02   0.194507E-05   0.212825E-03   0.315317E+00
 0.142870E+02   0.892234E-03   0.174491E-05   0.187889E-03   0.315317E+00
 0.142973E+02   0.808140E-03   0.156314E-05   0.170213E-03   0.315317E+00
 0.143075E+02   0.744747E-03   0.139938E-05   0.156892E-03   0.315317E+00
 0.143176E+02   0.689696E-03   0.125059E-05   0.145341E-03   0.315317E+00
 0.143277E+02   0.631334E-03   0.111202E-05   0.133084E-03   0.315317E+00
 0.143379E+02   0.565675E-03   0.986980E-06   0.119241E-03   0.315317E+00
 0.143480E+02   0.502451E-03   0.875357E-06   0.105938E-03   0.315317E+00
 0.143581E+02   0.448524E-03   0.777466E-06   0.946026E-04   0.315317E+00
 0.143681E+02   0.400333E-03   0.690348E-06   0.844161E-04   0.315317E+00
 0.143784E+02   0.360202E-03   0.610719E-06   0.759598E-04   0.315317E+00
 0.143884E+02   0.328322E-03   0.540318E-06   0.692693E-04   0.315317E+00
 0.143986E+02   0.299410E-03   0.475548E-06   0.631947E-04   0.315317E+00
 0.144087E+02   0.271653E-03   0.416684E-06   0.573392E-04   0.315317E+00
 0.144190E+02   0.244775E-03   0.363056E-06   0.516615E-04   0.315317E+00
 0.144292E+02   0.219606E-03   0.315279E-06   0.463563E-04   0.315317E+00
 0.144393E+02   0.196896E-03   0.272687E-06   0.415743E-04   0.315317E+00
 0.144495E+02   0.176873E-03   0.234307E-06   0.373503E-04   0.315317E+00
 0.144596E+02   0.157317E-03   0.200106E-06   0.332202E-04   0.315317E+00
 0.144698E+02   0.136077E-03   0.170086E-06   0.287433E-04   0.315317E+00
 0.144798E+02   0.117434E-03   0.144701E-06   0.248139E-04   0.315317E+00
 0.144899E+02   0.103360E-03   0.122585E-06   0.218393E-04   0.315317E+00
 0.145000E+02   0.911738E-04   0.102995E-06   0.192657E-04   0.315317E+00
 0.145100E+02   0.793519E-04   0.859318E-07   0.167729E-04   0.315317E+00
 0.145200E+02   0.676125E-04   0.712959E-07   0.142928E-04   0.315317E+00
 0.145302E+02   0.573763E-04   0.586821E-07   0.121312E-04   0.315317E+00
 0.145403E+02   0.493750E-04   0.479931E-07   0.104443E-04   0.315317E+00
 0.145505E+02   0.422120E-04   0.388058E-07   0.892728E-05   0.315317E+00
 0.145605E+02   0.356759E-04   0.310919E-07   0.754611E-05   0.315317E+00
 0.145706E+02   0.299093E-04   0.245650E-07   0.633191E-05   0.315317E+00
 0.145807E+02   0.249347E-04   0.191351E-07   0.527679E-05   0.315317E+00
 0.145907E+02   0.198464E-04   0.147105E-07   0.419953E-05   0.315317E+00
 0.146008E+02   0.158924E-04   0.112017E-07   0.336331E-05   0.315317E+00
 0.146108E+02   0.128798E-04   0.838986E-08   0.272590E-05   0.315317E+00
 0.146208E+02   0.102947E-04   0.612833E-08   0.217933E-05   0.315317E+00
 0.146309E+02   0.792806E-05   0.433788E-08   0.167897E-05   0.315317E+00
 0.146410E+02   0.587960E-05   0.298875E-08   0.124533E-05   0.315317E+00
 0.146511E+02   0.446802E-05   0.198692E-08   0.946347E-06   0.315317E+00
 0.146611E+02   0.288807E-05   0.126860E-08   0.611839E-06   0.315317E+00
 0.146711E+02   0.205424E-05   0.791211E-09   0.435246E-06   0.315317E+00
 0.146812E+02   0.138025E-05   0.462174E-09   0.292446E-06   0.315317E+00
 0.146912E+02   0.851966E-06   0.246868E-09   0.180544E-06   0.315317E+00
 0.147012E+02   0.492147E-06   0.120693E-09   0.104325E-06   0.315317E+00
 0.147112E+02   0.258154E-06   0.496539E-10   0.547401E-07   0.315317E+00
 0.147213E+02   0.111437E-06   0.153088E-10   0.236253E-07   0.315317E+00
 0.147313E+02   0.325599E-07   0.256550E-11   0.690375E-08   0.315317E+00
 0.147413E+02   0.173297E-08   0.295202E-13   0.367659E-09   0.315317E+00
