 0.000000E+00   0.161926E+01   0.257286E+00   0.315317E+00   0.315317E+00
 0.101398E-01   0.161926E+01   0.257286E+00   0.315317E+00   0.315317E+00
 0.204898E-01   0.161926E+01   0.257285E+00   0.315316E+00   0.315317E+00
 0.307946E-01   0.161926E+01   0.257284E+00   0.315316E+00   0.315317E+00
 0.413818E-01   0.161925E+01   0.257282E+00   0.315315E+00   0.315317E+00
 0.521223E-01   0.161925E+01   0.257280E+00   0.315314E+00   0.315317E+00
 0.624021E-01   0.161924E+01   0.257277E+00   0.315313E+00   0.315317E+00
 0.727250E-01   0.161923E+01   0.257273E+00   0.315312E+00   0.315317E+00
 0.828494E-01   0.161923E+01   0.257270E+00   0.315311E+00   0.315317E+00
 0.937738E-01   0.161922E+01   0.257265E+00   0.315309E+00   0.315317E+00
 0.104176E+00   0.161921E+01   0.257260E+00   0.315308E+00   0.315317E+00
 0.115244E+00   0.161919E+01   0.257254E+00   0.315306E+00   0.315317E+00
 0.125485E+00   0.161918E+01   0.257248E+00   0.315303E+00   0.315317E+00
 0.136255E+00   0.161917E+01   0.257241E+00   0.315301E+00   0.315317E+00
 0.147569E+00   0.161915E+01   0.257233E+00   0.315298E+00   0.315317E+00
 0.157692E+00   0.161913E+01   0.257225E+00   0.315296E+00   0.315317E+00
 0.168227E+00   0.161912E+01   0.257217E+00   0.315293E+00   0.315317E+00
 0.179170E+00   0.161910E+01   0.257208E+00   0.315290E+00   0.315317E+00
 0.190533E+00   0.161908E+01   0.257197E+00   0.315286E+00   0.315317E+00
 0.202319E+00   0.161905E+01   0.257186E+00   0.315282E+00   0.315317E+00
 0.212466E+00   0.161903E+01   0.257176E+00   0.315279E+00   0.315317E+00
 0.222916E+00   0.161901E+01   0.257165E+00   0.315275E+00   0.315317E+00
 0.233670E+00   0.161899E+01   0.257153E+00   0.315271E+00   0.315317E+00
 0.244726E+00   0.161896E+01   0.257140E+00   0.315266E+00   0.315317E+00
 0.256090E+00   0.161893E+01   0.257126E+00   0.315261E+00   0.315317E+00
 0.267771E+00   0.161890E+01   0.257111E+00   0.315256E+00   0.315317E+00
 0.279763E+00   0.161887E+01   0.257095E+00   0.315251E+00   0.315317E+00
 0.292070E+00   0.161883E+01   0.257077E+00   0.315245E+00   0.315317E+00
 0.302149E+00   0.161880E+01   0.257063E+00   0.315240E+00   0.315317E+00
 0.312433E+00   0.161877E+01   0.257047E+00   0.315234E+00   0.315317E+00
 0.322924E+00   0.161873E+01   0.257031E+00   0.315229E+00   0.315317E+00
 0.333625E+00   0.161870E+01   0.257014E+00   0.315223E+00   0.315317E+00
 0.344535E+00   0.161866E+01   0.256996E+00   0.315216E+00   0.315317E+00
 0.355659E+00   0.161862E+01   0.256977E+00   0.315210E+00   0.315317E+00
 0.366992E+00   0.161858E+01   0.256957E+00   0.315203E+00   0.315317E+00
 0.378540E+00   0.161854E+01   0.256935E+00   0.315196E+00   0.315317E+00
 0.390306E+00   0.161849E+01   0.256913E+00   0.315188E+00   0.315317E+00
 0.402288E+00   0.161845E+01   0.256890E+00   0.315180E+00   0.315317E+00
 0.414487E+00   0.161839E+01   0.256866E+00   0.315171E+00   0.315317E+00
 0.426904E+00   0.161834E+01   0.256840E+00   0.315163E+00   0.315317E+00
 0.439541E+00   0.161829E+01   0.256813E+00   0.315153E+00   0.315317E+00
 0.452403E+00   0.161823E+01   0.256785E+00   0.315144E+00   0.315317E+00
 0.465488E+00   0.161817E+01   0.256756E+00   0.315133E+00   0.315317E+00
 0.478797E+00   0.161811E+01   0.256725E+00   0.315123E+00   0.315317E+00
 0.488924E+00   0.161806E+01   0.256701E+00   0.315114E+00   0.315317E+00
 0.499181E+00   0.161801E+01   0.256676E+00   0.315106E+00   0.315317E+00
 0.509563E+00   0.161795E+01   0.256651E+00   0.315097E+00   0.315317E+00
 0.520076E+00   0.161790E+01   0.256624E+00   0.315088E+00   0.315317E+00
 0.530717E+00   0.161784E+01   0.256597E+00   0.315078E+00   0.315317E+00
 0.541487E+00   0.161778E+01   0.256569E+00   0.315069E+00   0.315317E+00
 0.552390E+00   0.161772E+01   0.256539E+00   0.315059E+00   0.315317E+00
 0.563423E+00   0.161766E+01   0.256509E+00   0.315048E+00   0.315317E+00
 0.574587E+00   0.161760E+01   0.256478E+00   0.315037E+00   0.315317E+00
 0.585879E+00   0.161753E+01   0.256446E+00   0.315026E+00   0.315317E+00
 0.597305E+00   0.161746E+01   0.256413E+00   0.315015E+00   0.315317E+00
 0.608864E+00   0.161739E+01   0.256379E+00   0.315003E+00   0.315317E+00
 0.620554E+00   0.161732E+01   0.256344E+00   0.314991E+00   0.315317E+00
 0.632380E+00   0.161725E+01   0.256308E+00   0.314978E+00   0.315317E+00
 0.644336E+00   0.161717E+01   0.256270E+00   0.314965E+00   0.315317E+00
 0.656429E+00   0.161709E+01   0.256232E+00   0.314952E+00   0.315317E+00
 0.668658E+00   0.161701E+01   0.256192E+00   0.314938E+00   0.315317E+00
 0.681022E+00   0.161692E+01   0.256151E+00   0.314924E+00   0.315317E+00
 0.693521E+00   0.161684E+01   0.256109E+00   0.314910E+00   0.315317E+00
 0.706156E+00   0.161675E+01   0.256066E+00   0.314895E+00   0.315317E+00
 0.718927E+00   0.161666E+01   0.256022E+00   0.314879E+00   0.315317E+00
 0.731838E+00   0.161656E+01   0.255976E+00   0.314863E+00   0.315317E+00
 0.744883E+00   0.161647E+01   0.255929E+00   0.314847E+00   0.315317E+00
 0.758067E+00   0.161637E+01   0.255881E+00   0.314830E+00   0.315317E+00
 0.771391E+00   0.161626E+01   0.255831E+00   0.314813E+00   0.315317E+00
 0.784849E+00   0.161616E+01   0.255780E+00   0.314795E+00   0.315317E+00
 0.798452E+00   0.161605E+01   0.255727E+00   0.314777E+00   0.315317E+00
 0.812194E+00   0.161594E+01   0.255673E+00   0.314758E+00   0.315317E+00
 0.826074E+00   0.161582E+01   0.255617E+00   0.314739E+00   0.315317E+00
 0.840097E+00   0.161571E+01   0.255560E+00   0.314719E+00   0.315317E+00
 0.854259E+00   0.161559E+01   0.255502E+00   0.314699E+00   0.315317E+00
 0.868561E+00   0.161546E+01   0.255442E+00   0.314678E+00   0.315317E+00
 0.883008E+00   0.161533E+01   0.255380E+00   0.314657E+00   0.315317E+00
 0.897597E+00   0.161520E+01   0.255316E+00   0.314635E+00   0.315317E+00
 0.912327E+00   0.161507E+01   0.255251E+00   0.314612E+00   0.315317E+00
 0.927203E+00   0.161493E+01   0.255185E+00   0.314589E+00   0.315317E+00
 0.942222E+00   0.161479E+01   0.255116E+00   0.314565E+00   0.315317E+00
 0.952314E+00   0.161469E+01   0.255070E+00   0.314549E+00   0.315317E+00
 0.962471E+00   0.161460E+01   0.255022E+00   0.314533E+00   0.315317E+00
 0.972690E+00   0.161450E+01   0.254974E+00   0.314516E+00   0.315317E+00
 0.982975E+00   0.161439E+01   0.254925E+00   0.314499E+00   0.315317E+00
 0.993324E+00   0.161429E+01   0.254875E+00   0.314481E+00   0.315317E+00
 0.100374E+01   0.161419E+01   0.254824E+00   0.314464E+00   0.315317E+00
 0.101422E+01   0.161408E+01   0.254773E+00   0.314446E+00   0.315317E+00
 0.102476E+01   0.161397E+01   0.254720E+00   0.314428E+00   0.315317E+00
 0.103537E+01   0.161386E+01   0.254667E+00   0.314409E+00   0.315317E+00
 0.104604E+01   0.161375E+01   0.254613E+00   0.314390E+00   0.315317E+00
 0.105678E+01   0.161364E+01   0.254558E+00   0.314371E+00   0.315317E+00
 0.106758E+01   0.161352E+01   0.254502E+00   0.314352E+00   0.315317E+00
 0.107845E+01   0.161340E+01   0.254445E+00   0.314332E+00   0.315317E+00
 0.108938E+01   0.161328E+01   0.254387E+00   0.314312E+00   0.315317E+00
 0.110038E+01   0.161316E+01   0.254329E+00   0.314292E+00   0.315317E+00
 0.111144E+01   0.161304E+01   0.254269E+00   0.314271E+00   0.315317E+00
 0.112257E+01   0.161291E+01   0.254209E+00   0.314250E+00   0.315317E+00
 0.113377E+01   0.161279E+01   0.254147E+00   0.314228E+00   0.315317E+00
 0.114503E+01   0.161266E+01   0.254085E+00   0.314207E+00   0.315317E+00
 0.115636E+01   0.161253E+01   0.254021E+00   0.314184E+00   0.315317E+00
 0.116775E+01   0.161239E+01   0.253957E+00   0.314162E+00   0.315317E+00
 0.117921E+01   0.161226E+01   0.253891E+00   0.314139E+00   0.315317E+00
 0.119074E+01   0.161212E+01   0.253825E+00   0.314116E+00   0.315317E+00
 0.120234E+01   0.161198E+01   0.253757E+00   0.314093E+00   0.315317E+00
 0.121400E+01   0.161184E+01   0.253689E+00   0.314069E+00   0.315317E+00
 0.122572E+01   0.161170E+01   0.253619E+00   0.314044E+00   0.315317E+00
 0.123752E+01   0.161155E+01   0.253548E+00   0.314020E+00   0.315317E+00
 0.124938E+01   0.161140E+01   0.253477E+00   0.313995E+00   0.315317E+00
 0.126130E+01   0.161125E+01   0.253404E+00   0.313969E+00   0.315317E+00
 0.127330E+01   0.161110E+01   0.253330E+00   0.313944E+00   0.315317E+00
 0.128536E+01   0.161094E+01   0.253255E+00   0.313917E+00   0.315317E+00
 0.129748E+01   0.161078E+01   0.253179E+00   0.313891E+00   0.315317E+00
 0.130968E+01   0.161062E+01   0.253102E+00   0.313864E+00   0.315317E+00
 0.132195E+01   0.161046E+01   0.253023E+00   0.313837E+00   0.315317E+00
 0.133428E+01   0.161030E+01   0.252944E+00   0.313809E+00   0.315317E+00
 0.134668E+01   0.161013E+01   0.252863E+00   0.313781E+00   0.315317E+00
 0.135915E+01   0.160996E+01   0.252781E+00   0.313752E+00   0.315317E+00
 0.137168E+01   0.160979E+01   0.252698E+00   0.313723E+00   0.315317E+00
 0.138429E+01   0.160961E+01   0.252614E+00   0.313694E+00   0.315317E+00
 0.139696E+01   0.160943E+01   0.252528E+00   0.313664E+00   0.315317E+00
 0.140970E+01   0.160925E+01   0.252441E+00   0.313633E+00   0.315317E+00
 0.142250E+01   0.160907E+01   0.252353E+00   0.313603E+00   0.315317E+00
 0.143537E+01   0.160889E+01   0.252264E+00   0.313571E+00   0.315317E+00
 0.144831E+01   0.160870E+01   0.252174E+00   0.313540E+00   0.315317E+00
 0.146132E+01   0.160851E+01   0.252082E+00   0.313508E+00   0.315317E+00
 0.147441E+01   0.160831E+01   0.251989E+00   0.313475E+00   0.315317E+00
 0.148755E+01   0.160812E+01   0.251894E+00   0.313442E+00   0.315317E+00
 0.150077E+01   0.160792E+01   0.251799E+00   0.313408E+00   0.315317E+00
 0.151405E+01   0.160772E+01   0.251702E+00   0.313374E+00   0.315317E+00
 0.152741E+01   0.160751E+01   0.251603E+00   0.313340E+00   0.315317E+00
 0.154083E+01   0.160731E+01   0.251503E+00   0.313305E+00   0.315317E+00
 0.155433E+01   0.160710E+01   0.251402E+00   0.313270E+00   0.315317E+00
 0.156789E+01   0.160688E+01   0.251300E+00   0.313234E+00   0.315317E+00
 0.158152E+01   0.160667E+01   0.251196E+00   0.313197E+00   0.315317E+00
 0.159522E+01   0.160645E+01   0.251090E+00   0.313160E+00   0.315317E+00
 0.160899E+01   0.160623E+01   0.250984E+00   0.313123E+00   0.315317E+00
 0.162283E+01   0.160600E+01   0.250876E+00   0.313085E+00   0.315317E+00
 0.163673E+01   0.160577E+01   0.250766E+00   0.313046E+00   0.315317E+00
 0.165071E+01   0.160554E+01   0.250655E+00   0.313007E+00   0.315317E+00
 0.166476E+01   0.160531E+01   0.250542E+00   0.312968E+00   0.315317E+00
 0.167887E+01   0.160507E+01   0.250428E+00   0.312928E+00   0.315317E+00
 0.169306E+01   0.160483E+01   0.250312E+00   0.312887E+00   0.315317E+00
 0.170731E+01   0.160458E+01   0.250195E+00   0.312846E+00   0.315317E+00
 0.172164E+01   0.160434E+01   0.250077E+00   0.312804E+00   0.315317E+00
 0.173603E+01   0.160409E+01   0.249957E+00   0.312762E+00   0.315317E+00
 0.175050E+01   0.160383E+01   0.249835E+00   0.312719E+00   0.315317E+00
 0.176503E+01   0.160358E+01   0.249711E+00   0.312676E+00   0.315317E+00
 0.177964E+01   0.160331E+01   0.249587E+00   0.312632E+00   0.315317E+00
 0.179431E+01   0.160305E+01   0.249460E+00   0.312587E+00   0.315317E+00
 0.180906E+01   0.160278E+01   0.249332E+00   0.312542E+00   0.315317E+00
 0.182387E+01   0.160251E+01   0.249202E+00   0.312497E+00   0.315317E+00
 0.183876E+01   0.160224E+01   0.249071E+00   0.312450E+00   0.315317E+00
 0.185371E+01   0.160196E+01   0.248938E+00   0.312403E+00   0.315317E+00
 0.186874E+01   0.160168E+01   0.248803E+00   0.312356E+00   0.315317E+00
 0.188384E+01   0.160139E+01   0.248666E+00   0.312308E+00   0.315317E+00
 0.189901E+01   0.160110E+01   0.248528E+00   0.312259E+00   0.315317E+00
 0.191424E+01   0.160081E+01   0.248388E+00   0.312209E+00   0.315317E+00
 0.192955E+01   0.160052E+01   0.248247E+00   0.312159E+00   0.315317E+00
 0.194493E+01   0.160022E+01   0.248103E+00   0.312109E+00   0.315317E+00
 0.196037E+01   0.159991E+01   0.247958E+00   0.312058E+00   0.315317E+00
 0.197589E+01   0.159960E+01   0.247811E+00   0.312006E+00   0.315317E+00
 0.199148E+01   0.159929E+01   0.247663E+00   0.311953E+00   0.315317E+00
 0.200715E+01   0.159898E+01   0.247512E+00   0.311900E+00   0.315317E+00
 0.202288E+01   0.159866E+01   0.247360E+00   0.311846E+00   0.315317E+00
 0.203869E+01   0.159834E+01   0.247206E+00   0.311791E+00   0.315317E+00
 0.205456E+01   0.159801E+01   0.247050E+00   0.311736E+00   0.315317E+00
 0.207051E+01   0.159768E+01   0.246892E+00   0.311680E+00   0.315317E+00
 0.208653E+01   0.159734E+01   0.246732E+00   0.311623E+00   0.315317E+00
 0.210261E+01   0.159700E+01   0.246571E+00   0.311566E+00   0.315317E+00
 0.211877E+01   0.159666E+01   0.246407E+00   0.311508E+00   0.315317E+00
 0.213500E+01   0.159631E+01   0.246242E+00   0.311449E+00   0.315317E+00
 0.215130E+01   0.159596E+01   0.246074E+00   0.311390E+00   0.315317E+00
 0.216767E+01   0.159560E+01   0.245905E+00   0.311330E+00   0.315317E+00
 0.218412E+01   0.159524E+01   0.245733E+00   0.311269E+00   0.315317E+00
 0.220063E+01   0.159488E+01   0.245560E+00   0.311207E+00   0.315317E+00
 0.221722E+01   0.159451E+01   0.245385E+00   0.311145E+00   0.315317E+00
 0.223388E+01   0.159414E+01   0.245207E+00   0.311082E+00   0.315317E+00
 0.225061E+01   0.159376E+01   0.245028E+00   0.311018E+00   0.315317E+00
 0.226743E+01   0.159338E+01   0.244846E+00   0.310953E+00   0.315317E+00
 0.228430E+01   0.159299E+01   0.244663E+00   0.310888E+00   0.315317E+00
 0.230125E+01   0.159260E+01   0.244477E+00   0.310821E+00   0.315317E+00
 0.231826E+01   0.159220E+01   0.244290E+00   0.310754E+00   0.315317E+00
 0.233535E+01   0.159180E+01   0.244100E+00   0.310687E+00   0.315317E+00
 0.235250E+01   0.159140E+01   0.243908E+00   0.310618E+00   0.315317E+00
 0.236973E+01   0.159099E+01   0.243714E+00   0.310549E+00   0.315317E+00
 0.238703E+01   0.159057E+01   0.243518E+00   0.310479E+00   0.315317E+00
 0.240440E+01   0.159016E+01   0.243320E+00   0.310408E+00   0.315317E+00
 0.242185E+01   0.158973E+01   0.243119E+00   0.310336E+00   0.315317E+00
 0.243936E+01   0.158930E+01   0.242916E+00   0.310264E+00   0.315317E+00
 0.245694E+01   0.158887E+01   0.242711E+00   0.310190E+00   0.315317E+00
 0.247460E+01   0.158843E+01   0.242504E+00   0.310116E+00   0.315317E+00
 0.249233E+01   0.158799E+01   0.242295E+00   0.310041E+00   0.315317E+00
 0.251013E+01   0.158754E+01   0.242083E+00   0.309965E+00   0.315317E+00
 0.252800E+01   0.158709E+01   0.241869E+00   0.309888E+00   0.315317E+00
 0.254595E+01   0.158663E+01   0.241653E+00   0.309810E+00   0.315317E+00
 0.256396E+01   0.158616E+01   0.241435E+00   0.309732E+00   0.315317E+00
 0.258205E+01   0.158570E+01   0.241214E+00   0.309652E+00   0.315317E+00
 0.260020E+01   0.158522E+01   0.240991E+00   0.309572E+00   0.315317E+00
 0.261843E+01   0.158474E+01   0.240765E+00   0.309491E+00   0.315317E+00
 0.263673E+01   0.158426E+01   0.240537E+00   0.309409E+00   0.315317E+00
 0.265510E+01   0.158377E+01   0.240307E+00   0.309326E+00   0.315317E+00
 0.267354E+01   0.158327E+01   0.240075E+00   0.309242E+00   0.315317E+00
 0.269206E+01   0.158277E+01   0.239840E+00   0.309157E+00   0.315317E+00
 0.271065E+01   0.158227E+01   0.239602E+00   0.309071E+00   0.315317E+00
 0.272931E+01   0.158176E+01   0.239362E+00   0.308985E+00   0.315317E+00
 0.274804E+01   0.158124E+01   0.239120E+00   0.308897E+00   0.315317E+00
 0.276683E+01   0.158072E+01   0.238875E+00   0.308808E+00   0.315317E+00
 0.278571E+01   0.158019E+01   0.238628E+00   0.308719E+00   0.315317E+00
 0.280465E+01   0.157966E+01   0.238378E+00   0.308628E+00   0.315317E+00
 0.282366E+01   0.157912E+01   0.238126E+00   0.308537E+00   0.315317E+00
 0.284275E+01   0.157858E+01   0.237871E+00   0.308444E+00   0.315317E+00
 0.286191E+01   0.157802E+01   0.237614E+00   0.308351E+00   0.315317E+00
 0.288113E+01   0.157747E+01   0.237354E+00   0.308256E+00   0.315317E+00
 0.290043E+01   0.157691E+01   0.237091E+00   0.308161E+00   0.315317E+00
 0.291981E+01   0.157634E+01   0.236826E+00   0.308065E+00   0.315317E+00
 0.293925E+01   0.157577E+01   0.236558E+00   0.307967E+00   0.315317E+00
 0.295876E+01   0.157519E+01   0.236288E+00   0.307869E+00   0.315317E+00
 0.297835E+01   0.157460E+01   0.236015E+00   0.307769E+00   0.315317E+00
 0.299800E+01   0.157401E+01   0.235740E+00   0.307668E+00   0.315317E+00
 0.301772E+01   0.157341E+01   0.235461E+00   0.307567E+00   0.315317E+00
 0.303752E+01   0.157281E+01   0.235181E+00   0.307464E+00   0.315317E+00
 0.305739E+01   0.157220E+01   0.234897E+00   0.307360E+00   0.315317E+00
 0.307733E+01   0.157158E+01   0.234611E+00   0.307256E+00   0.315317E+00
 0.309734E+01   0.157096E+01   0.234322E+00   0.307150E+00   0.315317E+00
 0.310737E+01   0.157065E+01   0.234176E+00   0.307096E+00   0.315317E+00
 0.311742E+01   0.157033E+01   0.234030E+00   0.307043E+00   0.315317E+00
 0.312748E+01   0.157001E+01   0.233883E+00   0.306989E+00   0.315317E+00
 0.313757E+01   0.156970E+01   0.233736E+00   0.306935E+00   0.315317E+00
 0.314767E+01   0.156938E+01   0.233587E+00   0.306880E+00   0.315317E+00
 0.315779E+01   0.156905E+01   0.233438E+00   0.306826E+00   0.315317E+00
 0.316793E+01   0.156873E+01   0.233289E+00   0.306771E+00   0.315317E+00
 0.317808E+01   0.156841E+01   0.233139E+00   0.306715E+00   0.315317E+00
 0.318826E+01   0.156808E+01   0.232987E+00   0.306660E+00   0.315317E+00
 0.319845E+01   0.156775E+01   0.232836E+00   0.306604E+00   0.315317E+00
 0.320865E+01   0.156742E+01   0.232683E+00   0.306548E+00   0.315317E+00
 0.321888E+01   0.156709E+01   0.232530E+00   0.306491E+00   0.315317E+00
 0.322912E+01   0.156676E+01   0.232376E+00   0.306435E+00   0.315317E+00
 0.323938E+01   0.156642E+01   0.232222E+00   0.306378E+00   0.315317E+00
 0.324966E+01   0.156609E+01   0.232067E+00   0.306321E+00   0.315317E+00
 0.325995E+01   0.156575E+01   0.231911E+00   0.306263E+00   0.315317E+00
 0.327027E+01   0.156541E+01   0.231754E+00   0.306205E+00   0.315317E+00
 0.328060E+01   0.156507E+01   0.231597E+00   0.306147E+00   0.315317E+00
 0.329095E+01   0.156473E+01   0.231439E+00   0.306089E+00   0.315317E+00
 0.330131E+01   0.156438E+01   0.231280E+00   0.306030E+00   0.315317E+00
 0.331170E+01   0.156404E+01   0.231120E+00   0.305971E+00   0.315317E+00
 0.332228E+01   0.156368E+01   0.230958E+00   0.305911E+00   0.315317E+00
 0.333270E+01   0.156333E+01   0.230797E+00   0.305851E+00   0.315317E+00
 0.334314E+01   0.156298E+01   0.230635E+00   0.305791E+00   0.315317E+00
 0.335360E+01   0.156263E+01   0.230472E+00   0.305731E+00   0.315317E+00
 0.336407E+01   0.156228E+01   0.230309E+00   0.305671E+00   0.315317E+00
 0.337456E+01   0.156192E+01   0.230145E+00   0.305610E+00   0.315317E+00
 0.338507E+01   0.156156E+01   0.229981E+00   0.305549E+00   0.315317E+00
 0.339560E+01   0.156120E+01   0.229815E+00   0.305488E+00   0.315317E+00
 0.340614E+01   0.156084E+01   0.229649E+00   0.305426E+00   0.315317E+00
 0.341671E+01   0.156048E+01   0.229483E+00   0.305364E+00   0.315317E+00
 0.342729E+01   0.156011E+01   0.229315E+00   0.305302E+00   0.315317E+00
 0.343788E+01   0.155974E+01   0.229147E+00   0.305239E+00   0.315317E+00
 0.344850E+01   0.155938E+01   0.228978E+00   0.305176E+00   0.315317E+00
 0.345913E+01   0.155901E+01   0.228808E+00   0.305113E+00   0.315317E+00
 0.346978E+01   0.155863E+01   0.228638E+00   0.305050E+00   0.315317E+00
 0.348044E+01   0.155826E+01   0.228466E+00   0.304986E+00   0.315317E+00
 0.349113E+01   0.155789E+01   0.228294E+00   0.304922E+00   0.315317E+00
 0.350183E+01   0.155751E+01   0.228122E+00   0.304857E+00   0.315317E+00
 0.351255E+01   0.155713E+01   0.227948E+00   0.304793E+00   0.315317E+00
 0.352328E+01   0.155675E+01   0.227774E+00   0.304728E+00   0.315317E+00
 0.353404E+01   0.155637E+01   0.227599E+00   0.304662E+00   0.315317E+00
 0.354481E+01   0.155598E+01   0.227423E+00   0.304597E+00   0.315317E+00
 0.355560E+01   0.155559E+01   0.227247E+00   0.304531E+00   0.315317E+00
 0.356640E+01   0.155521E+01   0.227070E+00   0.304464E+00   0.315317E+00
 0.357723E+01   0.155482E+01   0.226892E+00   0.304398E+00   0.315317E+00
 0.358807E+01   0.155443E+01   0.226713E+00   0.304331E+00   0.315317E+00
 0.359892E+01   0.155403E+01   0.226534E+00   0.304264E+00   0.315317E+00
 0.360980E+01   0.155364E+01   0.226353E+00   0.304196E+00   0.315317E+00
 0.362069E+01   0.155324E+01   0.226172E+00   0.304128E+00   0.315317E+00
 0.363160E+01   0.155284E+01   0.225991E+00   0.304060E+00   0.315317E+00
 0.364253E+01   0.155244E+01   0.225808E+00   0.303991E+00   0.315317E+00
 0.365347E+01   0.155204E+01   0.225625E+00   0.303923E+00   0.315317E+00
 0.366443E+01   0.155163E+01   0.225441E+00   0.303853E+00   0.315317E+00
 0.367541E+01   0.155123E+01   0.225256E+00   0.303784E+00   0.315317E+00
 0.368641E+01   0.155082E+01   0.225070E+00   0.303714E+00   0.315317E+00
 0.369742E+01   0.155041E+01   0.224884E+00   0.303644E+00   0.315317E+00
 0.370845E+01   0.155000E+01   0.224697E+00   0.303573E+00   0.315317E+00
 0.371949E+01   0.154958E+01   0.224509E+00   0.303503E+00   0.315317E+00
 0.373056E+01   0.154917E+01   0.224320E+00   0.303432E+00   0.315317E+00
 0.374164E+01   0.154875E+01   0.224131E+00   0.303360E+00   0.315317E+00
 0.375273E+01   0.154833E+01   0.223941E+00   0.303288E+00   0.315317E+00
 0.376385E+01   0.154791E+01   0.223750E+00   0.303216E+00   0.315317E+00
 0.377498E+01   0.154748E+01   0.223558E+00   0.303144E+00   0.315317E+00
 0.378613E+01   0.154706E+01   0.223365E+00   0.303071E+00   0.315317E+00
 0.379730E+01   0.154663E+01   0.223172E+00   0.302998E+00   0.315317E+00
 0.380848E+01   0.154620E+01   0.222978E+00   0.302924E+00   0.315317E+00
 0.381969E+01   0.154577E+01   0.222783E+00   0.302850E+00   0.315317E+00
 0.383091E+01   0.154534E+01   0.222587E+00   0.302776E+00   0.315317E+00
 0.384214E+01   0.154490E+01   0.222391E+00   0.302702E+00   0.315317E+00
 0.385339E+01   0.154447E+01   0.222194E+00   0.302627E+00   0.315317E+00
 0.386466E+01   0.154403E+01   0.221995E+00   0.302552E+00   0.315317E+00
 0.387595E+01   0.154359E+01   0.221797E+00   0.302476E+00   0.315317E+00
 0.388725E+01   0.154314E+01   0.221597E+00   0.302400E+00   0.315317E+00
 0.389857E+01   0.154270E+01   0.221397E+00   0.302324E+00   0.315317E+00
 0.390991E+01   0.154225E+01   0.221195E+00   0.302247E+00   0.315317E+00
 0.392126E+01   0.154180E+01   0.220993E+00   0.302170E+00   0.315317E+00
 0.393263E+01   0.154135E+01   0.220790E+00   0.302093E+00   0.315317E+00
 0.394402E+01   0.154090E+01   0.220587E+00   0.302016E+00   0.315317E+00
 0.395542E+01   0.154044E+01   0.220382E+00   0.301938E+00   0.315317E+00
 0.396684E+01   0.153999E+01   0.220177E+00   0.301859E+00   0.315317E+00
 0.397828E+01   0.153953E+01   0.219971E+00   0.301780E+00   0.315317E+00
 0.398974E+01   0.153907E+01   0.219764E+00   0.301701E+00   0.315317E+00
 0.400121E+01   0.153860E+01   0.219557E+00   0.301622E+00   0.315317E+00
 0.401270E+01   0.153814E+01   0.219348E+00   0.301542E+00   0.315317E+00
 0.402420E+01   0.153767E+01   0.219139E+00   0.301462E+00   0.315317E+00
 0.403572E+01   0.153720E+01   0.218929E+00   0.301382E+00   0.315317E+00
 0.404726E+01   0.153673E+01   0.218718E+00   0.301301E+00   0.315317E+00
 0.405882E+01   0.153626E+01   0.218507E+00   0.301220E+00   0.315317E+00
 0.407039E+01   0.153578E+01   0.218294E+00   0.301138E+00   0.315317E+00
 0.408197E+01   0.153531E+01   0.218081E+00   0.301056E+00   0.315317E+00
 0.409358E+01   0.153483E+01   0.217867E+00   0.300974E+00   0.315317E+00
 0.410570E+01   0.153433E+01   0.217643E+00   0.300888E+00   0.315317E+00
 0.411735E+01   0.153384E+01   0.217427E+00   0.300804E+00   0.315317E+00
 0.412901E+01   0.153335E+01   0.217210E+00   0.300721E+00   0.315317E+00
 0.414069E+01   0.153287E+01   0.216992E+00   0.300637E+00   0.315317E+00
 0.415239E+01   0.153238E+01   0.216774E+00   0.300553E+00   0.315317E+00
 0.416410E+01   0.153188E+01   0.216555E+00   0.300468E+00   0.315317E+00
 0.417583E+01   0.153139E+01   0.216335E+00   0.300383E+00   0.315317E+00
 0.418758E+01   0.153089E+01   0.216114E+00   0.300298E+00   0.315317E+00
 0.419934E+01   0.153039E+01   0.215893E+00   0.300212E+00   0.315317E+00
 0.421112E+01   0.152989E+01   0.215670E+00   0.300126E+00   0.315317E+00
 0.422292E+01   0.152939E+01   0.215447E+00   0.300040E+00   0.315317E+00
 0.423473E+01   0.152889E+01   0.215223E+00   0.299953E+00   0.315317E+00
 0.424656E+01   0.152838E+01   0.214998E+00   0.299866E+00   0.315317E+00
 0.425841E+01   0.152787E+01   0.214772E+00   0.299778E+00   0.315317E+00
 0.427027E+01   0.152736E+01   0.214545E+00   0.299690E+00   0.315317E+00
 0.428215E+01   0.152684E+01   0.214318E+00   0.299602E+00   0.315317E+00
 0.429404E+01   0.152633E+01   0.214090E+00   0.299513E+00   0.315317E+00
 0.430596E+01   0.152581E+01   0.213861E+00   0.299424E+00   0.315317E+00
 0.431788E+01   0.152529E+01   0.213631E+00   0.299334E+00   0.315317E+00
 0.432983E+01   0.152477E+01   0.213400E+00   0.299244E+00   0.315317E+00
 0.434179E+01   0.152424E+01   0.213168E+00   0.299154E+00   0.315317E+00
 0.435377E+01   0.152372E+01   0.212936E+00   0.299063E+00   0.315317E+00
 0.436576E+01   0.152319E+01   0.212703E+00   0.298972E+00   0.315317E+00
 0.437777E+01   0.152266E+01   0.212469E+00   0.298880E+00   0.315317E+00
 0.438979E+01   0.152212E+01   0.212234E+00   0.298789E+00   0.315317E+00
 0.440183E+01   0.152159E+01   0.211998E+00   0.298696E+00   0.315317E+00
 0.441389E+01   0.152105E+01   0.211762E+00   0.298604E+00   0.315317E+00
 0.442597E+01   0.152051E+01   0.211524E+00   0.298510E+00   0.315317E+00
 0.443806E+01   0.151997E+01   0.211286E+00   0.298417E+00   0.315317E+00
 0.445017E+01   0.151942E+01   0.211047E+00   0.298323E+00   0.315317E+00
 0.446229E+01   0.151887E+01   0.210807E+00   0.298229E+00   0.315317E+00
 0.447443E+01   0.151832E+01   0.210566E+00   0.298134E+00   0.315317E+00
 0.448659E+01   0.151777E+01   0.210324E+00   0.298039E+00   0.315317E+00
 0.449876E+01   0.151722E+01   0.210082E+00   0.297943E+00   0.315317E+00
 0.451094E+01   0.151666E+01   0.209839E+00   0.297847E+00   0.315317E+00
 0.452315E+01   0.151610E+01   0.209595E+00   0.297751E+00   0.315317E+00
 0.453536E+01   0.151554E+01   0.209350E+00   0.297654E+00   0.315317E+00
 0.454760E+01   0.151498E+01   0.209104E+00   0.297557E+00   0.315317E+00
 0.455985E+01   0.151442E+01   0.208857E+00   0.297460E+00   0.315317E+00
 0.457212E+01   0.151385E+01   0.208610E+00   0.297362E+00   0.315317E+00
 0.458440E+01   0.151328E+01   0.208361E+00   0.297263E+00   0.315317E+00
 0.459670E+01   0.151271E+01   0.208112E+00   0.297164E+00   0.315317E+00
 0.460902E+01   0.151213E+01   0.207862E+00   0.297065E+00   0.315317E+00
 0.462135E+01   0.151155E+01   0.207611E+00   0.296966E+00   0.315317E+00
 0.463369E+01   0.151098E+01   0.207360E+00   0.296866E+00   0.315317E+00
 0.464605E+01   0.151039E+01   0.207107E+00   0.296765E+00   0.315317E+00
 0.465843E+01   0.150981E+01   0.206854E+00   0.296664E+00   0.315317E+00
 0.467082E+01   0.150922E+01   0.206599E+00   0.296563E+00   0.315317E+00
 0.468323E+01   0.150864E+01   0.206344E+00   0.296461E+00   0.315317E+00
 0.469566E+01   0.150804E+01   0.206088E+00   0.296359E+00   0.315317E+00
 0.470810E+01   0.150745E+01   0.205832E+00   0.296256E+00   0.315317E+00
 0.472055E+01   0.150686E+01   0.205574E+00   0.296153E+00   0.315317E+00
 0.473302E+01   0.150626E+01   0.205315E+00   0.296050E+00   0.315317E+00
 0.474551E+01   0.150566E+01   0.205056E+00   0.295946E+00   0.315317E+00
 0.475936E+01   0.150499E+01   0.204768E+00   0.295831E+00   0.315317E+00
 0.477189E+01   0.150438E+01   0.204506E+00   0.295726E+00   0.315317E+00
 0.478444E+01   0.150377E+01   0.204244E+00   0.295620E+00   0.315317E+00
 0.479701E+01   0.150316E+01   0.203981E+00   0.295515E+00   0.315317E+00
 0.480959E+01   0.150255E+01   0.203717E+00   0.295408E+00   0.315317E+00
 0.482219E+01   0.150193E+01   0.203452E+00   0.295302E+00   0.315317E+00
 0.483480E+01   0.150132E+01   0.203187E+00   0.295195E+00   0.315317E+00
 0.484743E+01   0.150069E+01   0.202920E+00   0.295087E+00   0.315317E+00
 0.486007E+01   0.150007E+01   0.202653E+00   0.294979E+00   0.315317E+00
 0.487273E+01   0.149945E+01   0.202384E+00   0.294871E+00   0.315317E+00
 0.488541E+01   0.149882E+01   0.202115E+00   0.294762E+00   0.315317E+00
 0.489809E+01   0.149819E+01   0.201845E+00   0.294653E+00   0.315317E+00
 0.491080E+01   0.149755E+01   0.201574E+00   0.294543E+00   0.315317E+00
 0.492352E+01   0.149692E+01   0.201303E+00   0.294433E+00   0.315317E+00
 0.493625E+01   0.149628E+01   0.201030E+00   0.294322E+00   0.315317E+00
 0.494900E+01   0.149564E+01   0.200757E+00   0.294211E+00   0.315317E+00
 0.496177E+01   0.149500E+01   0.200483E+00   0.294099E+00   0.315317E+00
 0.497455E+01   0.149435E+01   0.200208E+00   0.293987E+00   0.315317E+00
 0.498734E+01   0.149370E+01   0.199932E+00   0.293875E+00   0.315317E+00
 0.500015E+01   0.149305E+01   0.199655E+00   0.293762E+00   0.315317E+00
 0.501298E+01   0.149240E+01   0.199377E+00   0.293649E+00   0.315317E+00
 0.502582E+01   0.149174E+01   0.199099E+00   0.293535E+00   0.315317E+00
 0.503867E+01   0.149109E+01   0.198820E+00   0.293421E+00   0.315317E+00
 0.505155E+01   0.149042E+01   0.198540E+00   0.293306E+00   0.315317E+00
 0.506443E+01   0.148976E+01   0.198259E+00   0.293191E+00   0.315317E+00
 0.507733E+01   0.148910E+01   0.197977E+00   0.293075E+00   0.315317E+00
 0.509025E+01   0.148843E+01   0.197694E+00   0.292959E+00   0.315317E+00
 0.510318E+01   0.148776E+01   0.197411E+00   0.292842E+00   0.315317E+00
 0.511612E+01   0.148708E+01   0.197126E+00   0.292725E+00   0.315317E+00
 0.512908E+01   0.148641E+01   0.196841E+00   0.292608E+00   0.315317E+00
 0.514205E+01   0.148573E+01   0.196555E+00   0.292490E+00   0.315317E+00
 0.515504E+01   0.148505E+01   0.196268E+00   0.292371E+00   0.315317E+00
 0.516805E+01   0.148436E+01   0.195980E+00   0.292252E+00   0.315317E+00
 0.518106E+01   0.148368E+01   0.195692E+00   0.292133E+00   0.315317E+00
 0.519410E+01   0.148299E+01   0.195402E+00   0.292013E+00   0.315317E+00
 0.520714E+01   0.148230E+01   0.195112E+00   0.291893E+00   0.315317E+00
 0.522021E+01   0.148160E+01   0.194821E+00   0.291772E+00   0.315317E+00
 0.523328E+01   0.148090E+01   0.194529E+00   0.291651E+00   0.315317E+00
 0.524637E+01   0.148020E+01   0.194236E+00   0.291529E+00   0.315317E+00
 0.525948E+01   0.147950E+01   0.193942E+00   0.291407E+00   0.315317E+00
 0.527260E+01   0.147880E+01   0.193648E+00   0.291284E+00   0.315317E+00
 0.528573E+01   0.147809E+01   0.193352E+00   0.291161E+00   0.315317E+00
 0.529888E+01   0.147738E+01   0.193056E+00   0.291037E+00   0.315317E+00
 0.531204E+01   0.147667E+01   0.192759E+00   0.290913E+00   0.315317E+00
 0.532593E+01   0.147591E+01   0.192445E+00   0.290781E+00   0.315317E+00
 0.533915E+01   0.147519E+01   0.192146E+00   0.290656E+00   0.315317E+00
 0.535238E+01   0.147447E+01   0.191845E+00   0.290530E+00   0.315317E+00
 0.536563E+01   0.147375E+01   0.191544E+00   0.290403E+00   0.315317E+00
 0.537889E+01   0.147302E+01   0.191242E+00   0.290276E+00   0.315317E+00
 0.539217E+01   0.147229E+01   0.190940E+00   0.290149E+00   0.315317E+00
 0.540546E+01   0.147155E+01   0.190636E+00   0.290021E+00   0.315317E+00
 0.541876E+01   0.147082E+01   0.190332E+00   0.289893E+00   0.315317E+00
 0.543207E+01   0.147008E+01   0.190027E+00   0.289764E+00   0.315317E+00
 0.544540E+01   0.146934E+01   0.189720E+00   0.289634E+00   0.315317E+00
 0.545875E+01   0.146859E+01   0.189414E+00   0.289504E+00   0.315317E+00
 0.547211E+01   0.146785E+01   0.189106E+00   0.289374E+00   0.315317E+00
 0.548548E+01   0.146710E+01   0.188797E+00   0.289243E+00   0.315317E+00
 0.549887E+01   0.146635E+01   0.188488E+00   0.289112E+00   0.315317E+00
 0.551227E+01   0.146559E+01   0.188178E+00   0.288980E+00   0.315317E+00
 0.552568E+01   0.146483E+01   0.187867E+00   0.288847E+00   0.315317E+00
 0.553911E+01   0.146407E+01   0.187555E+00   0.288714E+00   0.315317E+00
 0.555255E+01   0.146331E+01   0.187242E+00   0.288581E+00   0.315317E+00
 0.556601E+01   0.146254E+01   0.186928E+00   0.288447E+00   0.315317E+00
 0.557948E+01   0.146177E+01   0.186614E+00   0.288312E+00   0.315317E+00
 0.559296E+01   0.146100E+01   0.186299E+00   0.288178E+00   0.315317E+00
 0.560645E+01   0.146023E+01   0.185983E+00   0.288042E+00   0.315317E+00
 0.561996E+01   0.145945E+01   0.185666E+00   0.287906E+00   0.315317E+00
 0.563348E+01   0.145867E+01   0.185348E+00   0.287769E+00   0.315317E+00
 0.564702E+01   0.145789E+01   0.185030E+00   0.287632E+00   0.315317E+00
 0.566057E+01   0.145710E+01   0.184711E+00   0.287495E+00   0.315317E+00
 0.567413E+01   0.145631E+01   0.184391E+00   0.287357E+00   0.315317E+00
 0.568770E+01   0.145552E+01   0.184070E+00   0.287218E+00   0.315317E+00
 0.570129E+01   0.145473E+01   0.183748E+00   0.287079E+00   0.315317E+00
 0.571489E+01   0.145393E+01   0.183426E+00   0.286939E+00   0.315317E+00
 0.572850E+01   0.145313E+01   0.183102E+00   0.286799E+00   0.315317E+00
 0.574213E+01   0.145233E+01   0.182778E+00   0.286658E+00   0.315317E+00
 0.575577E+01   0.145152E+01   0.182453E+00   0.286517E+00   0.315317E+00
 0.576942E+01   0.145071E+01   0.182128E+00   0.286375E+00   0.315317E+00
 0.578309E+01   0.144990E+01   0.181801E+00   0.286233E+00   0.315317E+00
 0.579676E+01   0.144909E+01   0.181474E+00   0.286090E+00   0.315317E+00
 0.581045E+01   0.144827E+01   0.181146E+00   0.285947E+00   0.315317E+00
 0.582373E+01   0.144748E+01   0.180827E+00   0.285807E+00   0.315317E+00
 0.583749E+01   0.144665E+01   0.180497E+00   0.285662E+00   0.315317E+00
 0.585126E+01   0.144582E+01   0.180165E+00   0.285517E+00   0.315317E+00
 0.586505E+01   0.144499E+01   0.179833E+00   0.285371E+00   0.315317E+00
 0.587885E+01   0.144416E+01   0.179500E+00   0.285224E+00   0.315317E+00
 0.589266E+01   0.144332E+01   0.179166E+00   0.285077E+00   0.315317E+00
 0.590648E+01   0.144248E+01   0.178831E+00   0.284930E+00   0.315317E+00
 0.592032E+01   0.144164E+01   0.178496E+00   0.284781E+00   0.315317E+00
 0.593416E+01   0.144079E+01   0.178159E+00   0.284633E+00   0.315317E+00
 0.594803E+01   0.143994E+01   0.177822E+00   0.284483E+00   0.315317E+00
 0.596190E+01   0.143909E+01   0.177484E+00   0.284334E+00   0.315317E+00
 0.597578E+01   0.143823E+01   0.177146E+00   0.284183E+00   0.315317E+00
 0.598968E+01   0.143738E+01   0.176806E+00   0.284032E+00   0.315317E+00
 0.600359E+01   0.143651E+01   0.176466E+00   0.283881E+00   0.315317E+00
 0.601751E+01   0.143565E+01   0.176125E+00   0.283729E+00   0.315317E+00
 0.603144E+01   0.143478E+01   0.175784E+00   0.283576E+00   0.315317E+00
 0.604538E+01   0.143391E+01   0.175441E+00   0.283423E+00   0.315317E+00
 0.605934E+01   0.143304E+01   0.175098E+00   0.283269E+00   0.315317E+00
 0.607331E+01   0.143216E+01   0.174754E+00   0.283115E+00   0.315317E+00
 0.608729E+01   0.143129E+01   0.174409E+00   0.282960E+00   0.315317E+00
 0.610128E+01   0.143040E+01   0.174064E+00   0.282804E+00   0.315317E+00
 0.611528E+01   0.142952E+01   0.173718E+00   0.282648E+00   0.315317E+00
 0.612930E+01   0.142863E+01   0.173371E+00   0.282492E+00   0.315317E+00
 0.614333E+01   0.142774E+01   0.173023E+00   0.282335E+00   0.315317E+00
 0.615736E+01   0.142685E+01   0.172674E+00   0.282177E+00   0.315317E+00
 0.617141E+01   0.142595E+01   0.172325E+00   0.282019E+00   0.315317E+00
 0.618547E+01   0.142505E+01   0.171975E+00   0.281860E+00   0.315317E+00
 0.619955E+01   0.142415E+01   0.171624E+00   0.281700E+00   0.315317E+00
 0.621363E+01   0.142324E+01   0.171273E+00   0.281540E+00   0.315317E+00
 0.622772E+01   0.142233E+01   0.170921E+00   0.281380E+00   0.315317E+00
 0.624183E+01   0.142142E+01   0.170568E+00   0.281219E+00   0.315317E+00
 0.625594E+01   0.142050E+01   0.170214E+00   0.281057E+00   0.315317E+00
 0.627007E+01   0.141958E+01   0.169860E+00   0.280895E+00   0.315317E+00
 0.628362E+01   0.141870E+01   0.169519E+00   0.280738E+00   0.315317E+00
 0.629784E+01   0.141777E+01   0.169162E+00   0.280574E+00   0.315317E+00
 0.631207E+01   0.141684E+01   0.168804E+00   0.280409E+00   0.315317E+00
 0.632630E+01   0.141590E+01   0.168445E+00   0.280244E+00   0.315317E+00
 0.634055E+01   0.141496E+01   0.168085E+00   0.280078E+00   0.315317E+00
 0.635480E+01   0.141402E+01   0.167725E+00   0.279911E+00   0.315317E+00
 0.636907E+01   0.141308E+01   0.167364E+00   0.279744E+00   0.315317E+00
 0.638335E+01   0.141213E+01   0.167002E+00   0.279576E+00   0.315317E+00
 0.639763E+01   0.141118E+01   0.166640E+00   0.279408E+00   0.315317E+00
 0.641193E+01   0.141023E+01   0.166277E+00   0.279239E+00   0.315317E+00
 0.642624E+01   0.140927E+01   0.165913E+00   0.279069E+00   0.315317E+00
 0.644056E+01   0.140831E+01   0.165549E+00   0.278899E+00   0.315317E+00
 0.645489E+01   0.140734E+01   0.165183E+00   0.278728E+00   0.315317E+00
 0.646923E+01   0.140638E+01   0.164818E+00   0.278557E+00   0.315317E+00
 0.648357E+01   0.140541E+01   0.164451E+00   0.278385E+00   0.315317E+00
 0.649793E+01   0.140443E+01   0.164084E+00   0.278212E+00   0.315317E+00
 0.651230E+01   0.140346E+01   0.163716E+00   0.278039E+00   0.315317E+00
 0.652668E+01   0.140248E+01   0.163347E+00   0.277865E+00   0.315317E+00
 0.654106E+01   0.140149E+01   0.162978E+00   0.277691E+00   0.315317E+00
 0.655546E+01   0.140051E+01   0.162608E+00   0.277516E+00   0.315317E+00
 0.656986E+01   0.139952E+01   0.162238E+00   0.277340E+00   0.315317E+00
 0.658428E+01   0.139853E+01   0.161867E+00   0.277164E+00   0.315317E+00
 0.659871E+01   0.139753E+01   0.161495E+00   0.276987E+00   0.315317E+00
 0.661314E+01   0.139653E+01   0.161122E+00   0.276810E+00   0.315317E+00
 0.662758E+01   0.139553E+01   0.160749E+00   0.276631E+00   0.315317E+00
 0.664204E+01   0.139452E+01   0.160375E+00   0.276453E+00   0.315317E+00
 0.665650E+01   0.139352E+01   0.160001E+00   0.276273E+00   0.315317E+00
 0.667097E+01   0.139250E+01   0.159626E+00   0.276093E+00   0.315317E+00
 0.668393E+01   0.139159E+01   0.159289E+00   0.275932E+00   0.315317E+00
 0.669626E+01   0.139073E+01   0.158969E+00   0.275777E+00   0.315317E+00
 0.671085E+01   0.138970E+01   0.158590E+00   0.275595E+00   0.315317E+00
 0.672544E+01   0.138867E+01   0.158210E+00   0.275411E+00   0.315317E+00
 0.674004E+01   0.138764E+01   0.157830E+00   0.275227E+00   0.315317E+00
 0.675465E+01   0.138660E+01   0.157449E+00   0.275042E+00   0.315317E+00
 0.676927E+01   0.138556E+01   0.157067E+00   0.274857E+00   0.315317E+00
 0.678390E+01   0.138451E+01   0.156685E+00   0.274671E+00   0.315317E+00
 0.679853E+01   0.138347E+01   0.156303E+00   0.274484E+00   0.315317E+00
 0.681318E+01   0.138242E+01   0.155919E+00   0.274297E+00   0.315317E+00
 0.682783E+01   0.138136E+01   0.155535E+00   0.274109E+00   0.315317E+00
 0.684249E+01   0.138031E+01   0.155151E+00   0.273920E+00   0.315317E+00
 0.685715E+01   0.137924E+01   0.154766E+00   0.273731E+00   0.315317E+00
 0.687183E+01   0.137818E+01   0.154380E+00   0.273541E+00   0.315317E+00
 0.688651E+01   0.137711E+01   0.153994E+00   0.273351E+00   0.315317E+00
 0.690120E+01   0.137604E+01   0.153607E+00   0.273160E+00   0.315317E+00
 0.691589E+01   0.137497E+01   0.153219E+00   0.272968E+00   0.315317E+00
 0.693060E+01   0.137389E+01   0.152831E+00   0.272775E+00   0.315317E+00
 0.694531E+01   0.137281E+01   0.152443E+00   0.272582E+00   0.315317E+00
 0.696003E+01   0.137173E+01   0.152054E+00   0.272388E+00   0.315317E+00
 0.697475E+01   0.137064E+01   0.151664E+00   0.272194E+00   0.315317E+00
 0.698949E+01   0.136955E+01   0.151274E+00   0.271999E+00   0.315317E+00
 0.700423E+01   0.136845E+01   0.150884E+00   0.271803E+00   0.315317E+00
 0.701897E+01   0.136736E+01   0.150492E+00   0.271607E+00   0.315317E+00
 0.703373E+01   0.136625E+01   0.150101E+00   0.271410E+00   0.315317E+00
 0.704849E+01   0.136515E+01   0.149708E+00   0.271212E+00   0.315317E+00
 0.706325E+01   0.136404E+01   0.149316E+00   0.271013E+00   0.315317E+00
 0.707803E+01   0.136293E+01   0.148922E+00   0.270814E+00   0.315317E+00
 0.709296E+01   0.136180E+01   0.148524E+00   0.270613E+00   0.315317E+00
 0.710787E+01   0.136068E+01   0.148127E+00   0.270411E+00   0.315317E+00
 0.712278E+01   0.135955E+01   0.147729E+00   0.270208E+00   0.315317E+00
 0.713769E+01   0.135841E+01   0.147331E+00   0.270005E+00   0.315317E+00
 0.715261E+01   0.135727E+01   0.146932E+00   0.269801E+00   0.315317E+00
 0.716754E+01   0.135613E+01   0.146532E+00   0.269596E+00   0.315317E+00
 0.718247E+01   0.135499E+01   0.146133E+00   0.269390E+00   0.315317E+00
 0.719741E+01   0.135384E+01   0.145732E+00   0.269184E+00   0.315317E+00
 0.721235E+01   0.135269E+01   0.145332E+00   0.268978E+00   0.315317E+00
 0.722730E+01   0.135153E+01   0.144931E+00   0.268770E+00   0.315317E+00
 0.724225E+01   0.135038E+01   0.144529E+00   0.268562E+00   0.315317E+00
 0.725721E+01   0.134921E+01   0.144127E+00   0.268353E+00   0.315317E+00
 0.727217E+01   0.134805E+01   0.143725E+00   0.268144E+00   0.315317E+00
 0.728713E+01   0.134688E+01   0.143322E+00   0.267934E+00   0.315317E+00
 0.730210E+01   0.134571E+01   0.142918E+00   0.267723E+00   0.315317E+00
 0.731708E+01   0.134453E+01   0.142515E+00   0.267512E+00   0.315317E+00
 0.733206E+01   0.134335E+01   0.142111E+00   0.267299E+00   0.315317E+00
 0.734704E+01   0.134217E+01   0.141706E+00   0.267086E+00   0.315317E+00
 0.736203E+01   0.134098E+01   0.141301E+00   0.266873E+00   0.315317E+00
 0.737702E+01   0.133979E+01   0.140896E+00   0.266659E+00   0.315317E+00
 0.739202E+01   0.133860E+01   0.140490E+00   0.266444E+00   0.315317E+00
 0.740702E+01   0.133740E+01   0.140084E+00   0.266228E+00   0.315317E+00
 0.742202E+01   0.133620E+01   0.139677E+00   0.266012E+00   0.315317E+00
 0.743703E+01   0.133500E+01   0.139271E+00   0.265794E+00   0.315317E+00
 0.745222E+01   0.133377E+01   0.138859E+00   0.265574E+00   0.315317E+00
 0.746738E+01   0.133255E+01   0.138447E+00   0.265354E+00   0.315317E+00
 0.748255E+01   0.133132E+01   0.138035E+00   0.265132E+00   0.315317E+00
 0.749771E+01   0.133009E+01   0.137623E+00   0.264910E+00   0.315317E+00
 0.751288E+01   0.132886E+01   0.137210E+00   0.264687E+00   0.315317E+00
 0.752805E+01   0.132762E+01   0.136798E+00   0.264464E+00   0.315317E+00
 0.754323E+01   0.132638E+01   0.136384E+00   0.264240E+00   0.315317E+00
 0.755840E+01   0.132514E+01   0.135971E+00   0.264015E+00   0.315317E+00
 0.757358E+01   0.132389E+01   0.135557E+00   0.263789E+00   0.315317E+00
 0.758876E+01   0.132264E+01   0.135143E+00   0.263563E+00   0.315317E+00
 0.760394E+01   0.132138E+01   0.134729E+00   0.263336E+00   0.315317E+00
 0.761912E+01   0.132012E+01   0.134314E+00   0.263108E+00   0.315317E+00
 0.763429E+01   0.131886E+01   0.133900E+00   0.262880E+00   0.315317E+00
 0.764944E+01   0.131760E+01   0.133486E+00   0.262652E+00   0.315317E+00
 0.766458E+01   0.131633E+01   0.133072E+00   0.262422E+00   0.315317E+00
 0.767970E+01   0.131507E+01   0.132658E+00   0.262193E+00   0.315317E+00
 0.769481E+01   0.131380E+01   0.132244E+00   0.261963E+00   0.315317E+00
 0.770990E+01   0.131252E+01   0.131831E+00   0.261732E+00   0.315317E+00
 0.772497E+01   0.131125E+01   0.131418E+00   0.261501E+00   0.315317E+00
 0.774003E+01   0.130997E+01   0.131005E+00   0.261270E+00   0.315317E+00
 0.775507E+01   0.130869E+01   0.130592E+00   0.261038E+00   0.315317E+00
 0.777010E+01   0.130741E+01   0.130180E+00   0.260806E+00   0.315317E+00
 0.778560E+01   0.130609E+01   0.129754E+00   0.260566E+00   0.315317E+00
 0.780056E+01   0.130481E+01   0.129343E+00   0.260333E+00   0.315317E+00
 0.781551E+01   0.130352E+01   0.128932E+00   0.260100E+00   0.315317E+00
 0.783043E+01   0.130224E+01   0.128522E+00   0.259866E+00   0.315317E+00
 0.784534E+01   0.130095E+01   0.128112E+00   0.259632E+00   0.315317E+00
 0.786023E+01   0.129966E+01   0.127702E+00   0.259397E+00   0.315317E+00
 0.787511E+01   0.129836E+01   0.127293E+00   0.259163E+00   0.315317E+00
 0.788997E+01   0.129707E+01   0.126883E+00   0.258927E+00   0.315317E+00
 0.790481E+01   0.129577E+01   0.126475E+00   0.258691E+00   0.315317E+00
 0.791963E+01   0.129448E+01   0.126066E+00   0.258455E+00   0.315317E+00
 0.793444E+01   0.129317E+01   0.125658E+00   0.258219E+00   0.315317E+00
 0.794922E+01   0.129187E+01   0.125250E+00   0.257981E+00   0.315317E+00
 0.796399E+01   0.129057E+01   0.124842E+00   0.257744E+00   0.315317E+00
 0.797875E+01   0.128926E+01   0.124435E+00   0.257506E+00   0.315317E+00
 0.799349E+01   0.128795E+01   0.124028E+00   0.257267E+00   0.315317E+00
 0.800821E+01   0.128664E+01   0.123622E+00   0.257029E+00   0.315317E+00
 0.802291E+01   0.128533E+01   0.123216E+00   0.256789E+00   0.315317E+00
 0.803760E+01   0.128401E+01   0.122810E+00   0.256549E+00   0.315317E+00
 0.805227E+01   0.128270E+01   0.122404E+00   0.256309E+00   0.315317E+00
 0.806692E+01   0.128138E+01   0.121999E+00   0.256069E+00   0.315317E+00
 0.808156E+01   0.128005E+01   0.121595E+00   0.255827E+00   0.315317E+00
 0.809646E+01   0.127871E+01   0.121182E+00   0.255581E+00   0.315317E+00
 0.811102E+01   0.127738E+01   0.120779E+00   0.255340E+00   0.315317E+00
 0.812557E+01   0.127606E+01   0.120377E+00   0.255098E+00   0.315317E+00
 0.814009E+01   0.127473E+01   0.119975E+00   0.254856E+00   0.315317E+00
 0.815460E+01   0.127341E+01   0.119573E+00   0.254613E+00   0.315317E+00
 0.816909E+01   0.127208E+01   0.119172E+00   0.254370E+00   0.315317E+00
 0.818356E+01   0.127075E+01   0.118771E+00   0.254127E+00   0.315317E+00
 0.819802E+01   0.126941E+01   0.118370E+00   0.253883E+00   0.315317E+00
 0.821245E+01   0.126808E+01   0.117970E+00   0.253638E+00   0.315317E+00
 0.822687E+01   0.126674E+01   0.117571E+00   0.253393E+00   0.315317E+00
 0.824127E+01   0.126540E+01   0.117172E+00   0.253148E+00   0.315317E+00
 0.825565E+01   0.126406E+01   0.116773E+00   0.252902E+00   0.315317E+00
 0.827002E+01   0.126271E+01   0.116375E+00   0.252656E+00   0.315317E+00
 0.828437E+01   0.126137E+01   0.115977E+00   0.252410E+00   0.315317E+00
 0.829869E+01   0.126002E+01   0.115579E+00   0.252163E+00   0.315317E+00
 0.831301E+01   0.125867E+01   0.115182E+00   0.251915E+00   0.315317E+00
 0.832730E+01   0.125732E+01   0.114786E+00   0.251668E+00   0.315317E+00
 0.834158E+01   0.125597E+01   0.114390E+00   0.251419E+00   0.315317E+00
 0.835584E+01   0.125461E+01   0.113994E+00   0.251170E+00   0.315317E+00
 0.837963E+01   0.125234E+01   0.113334E+00   0.250754E+00   0.315317E+00
 0.839380E+01   0.125098E+01   0.112940E+00   0.250504E+00   0.315317E+00
 0.840795E+01   0.124962E+01   0.112548E+00   0.250255E+00   0.315317E+00
 0.842208E+01   0.124826E+01   0.112155E+00   0.250005E+00   0.315317E+00
 0.843619E+01   0.124690E+01   0.111764E+00   0.249755E+00   0.315317E+00
 0.845028E+01   0.124554E+01   0.111373E+00   0.249504E+00   0.315317E+00
 0.846435E+01   0.124417E+01   0.110982E+00   0.249253E+00   0.315317E+00
 0.847840E+01   0.124280E+01   0.110592E+00   0.249001E+00   0.315317E+00
 0.849244E+01   0.124143E+01   0.110202E+00   0.248749E+00   0.315317E+00
 0.850645E+01   0.124006E+01   0.109813E+00   0.248496E+00   0.315317E+00
 0.852045E+01   0.123869E+01   0.109425E+00   0.248243E+00   0.315317E+00
 0.853443E+01   0.123731E+01   0.109036E+00   0.247990E+00   0.315317E+00
 0.854839E+01   0.123593E+01   0.108649E+00   0.247736E+00   0.315317E+00
 0.856234E+01   0.123456E+01   0.108262E+00   0.247482E+00   0.315317E+00
 0.857626E+01   0.123317E+01   0.107875E+00   0.247227E+00   0.315317E+00
 0.859017E+01   0.123179E+01   0.107489E+00   0.246972E+00   0.315317E+00
 0.860405E+01   0.123040E+01   0.107104E+00   0.246717E+00   0.315317E+00
 0.861793E+01   0.122902E+01   0.106719E+00   0.246461E+00   0.315317E+00
 0.863178E+01   0.122763E+01   0.106334E+00   0.246204E+00   0.315317E+00
 0.864346E+01   0.122645E+01   0.106010E+00   0.245988E+00   0.315317E+00
 0.865745E+01   0.122504E+01   0.105622E+00   0.245727E+00   0.315317E+00
 0.867120E+01   0.122365E+01   0.105241E+00   0.245471E+00   0.315317E+00
 0.868493E+01   0.122226E+01   0.104860E+00   0.245214E+00   0.315317E+00
 0.869864E+01   0.122087E+01   0.104480E+00   0.244956E+00   0.315317E+00
 0.871233E+01   0.121947E+01   0.104100E+00   0.244698E+00   0.315317E+00
 0.872599E+01   0.121808E+01   0.103721E+00   0.244440E+00   0.315317E+00
 0.873964E+01   0.121668E+01   0.103343E+00   0.244181E+00   0.315317E+00
 0.875327E+01   0.121528E+01   0.102965E+00   0.243922E+00   0.315317E+00
 0.876688E+01   0.121388E+01   0.102587E+00   0.243663E+00   0.315317E+00
 0.878048E+01   0.121247E+01   0.102211E+00   0.243403E+00   0.315317E+00
 0.879405E+01   0.121107E+01   0.101835E+00   0.243143E+00   0.315317E+00
 0.880761E+01   0.120966E+01   0.101459E+00   0.242882E+00   0.315317E+00
 0.882114E+01   0.120825E+01   0.101084E+00   0.242621E+00   0.315317E+00
 0.883466E+01   0.120684E+01   0.100710E+00   0.242359E+00   0.315317E+00
 0.884816E+01   0.120542E+01   0.100336E+00   0.242097E+00   0.315317E+00
 0.886164E+01   0.120401E+01   0.999627E-01   0.241834E+00   0.315317E+00
 0.887511E+01   0.120259E+01   0.995901E-01   0.241572E+00   0.315317E+00
 0.888855E+01   0.120117E+01   0.992181E-01   0.241308E+00   0.315317E+00
 0.890198E+01   0.119975E+01   0.988466E-01   0.241044E+00   0.315317E+00
 0.891539E+01   0.119833E+01   0.984758E-01   0.240780E+00   0.315317E+00
 0.892990E+01   0.119678E+01   0.980745E-01   0.240493E+00   0.315317E+00
 0.894321E+01   0.119536E+01   0.977066E-01   0.240229E+00   0.315317E+00
 0.895650E+01   0.119394E+01   0.973395E-01   0.239965E+00   0.315317E+00
 0.896976E+01   0.119251E+01   0.969731E-01   0.239700E+00   0.315317E+00
 0.898301E+01   0.119109E+01   0.966072E-01   0.239435E+00   0.315317E+00
 0.899624E+01   0.118966E+01   0.962421E-01   0.239170E+00   0.315317E+00
 0.900944E+01   0.118823E+01   0.958775E-01   0.238904E+00   0.315317E+00
 0.902263E+01   0.118680E+01   0.955136E-01   0.238638E+00   0.315317E+00
 0.903580E+01   0.118537E+01   0.951504E-01   0.238371E+00   0.315317E+00
 0.904895E+01   0.118393E+01   0.947877E-01   0.238104E+00   0.315317E+00
 0.906209E+01   0.118250E+01   0.944258E-01   0.237837E+00   0.315317E+00
 0.907520E+01   0.118106E+01   0.940645E-01   0.237569E+00   0.315317E+00
 0.908829E+01   0.117962E+01   0.937038E-01   0.237300E+00   0.315317E+00
 0.910137E+01   0.117818E+01   0.933438E-01   0.237032E+00   0.315317E+00
 0.911443E+01   0.117673E+01   0.929844E-01   0.236762E+00   0.315317E+00
 0.912747E+01   0.117529E+01   0.926256E-01   0.236493E+00   0.315317E+00
 0.914049E+01   0.117384E+01   0.922675E-01   0.236223E+00   0.315317E+00
 0.915349E+01   0.117239E+01   0.919100E-01   0.235952E+00   0.315317E+00
 0.916525E+01   0.117108E+01   0.915868E-01   0.235707E+00   0.315317E+00
 0.917815E+01   0.116963E+01   0.912326E-01   0.235437E+00   0.315317E+00
 0.919102E+01   0.116818E+01   0.908790E-01   0.235167E+00   0.315317E+00
 0.920388E+01   0.116674E+01   0.905261E-01   0.234896E+00   0.315317E+00
 0.921671E+01   0.116528E+01   0.901740E-01   0.234625E+00   0.315317E+00
 0.922953E+01   0.116383E+01   0.898224E-01   0.234354E+00   0.315317E+00
 0.924233E+01   0.116238E+01   0.894717E-01   0.234082E+00   0.315317E+00
 0.925511E+01   0.116092E+01   0.891215E-01   0.233810E+00   0.315317E+00
 0.926787E+01   0.115947E+01   0.887721E-01   0.233537E+00   0.315317E+00
 0.928061E+01   0.115801E+01   0.884234E-01   0.233264E+00   0.315317E+00
 0.929333E+01   0.115655E+01   0.880753E-01   0.232991E+00   0.315317E+00
 0.930603E+01   0.115508E+01   0.877280E-01   0.232717E+00   0.315317E+00
 0.931872E+01   0.115362E+01   0.873813E-01   0.232443E+00   0.315317E+00
 0.933138E+01   0.115215E+01   0.870353E-01   0.232168E+00   0.315317E+00
 0.934403E+01   0.115069E+01   0.866900E-01   0.231893E+00   0.315317E+00
 0.935666E+01   0.114922E+01   0.863454E-01   0.231617E+00   0.315317E+00
 0.936926E+01   0.114774E+01   0.860014E-01   0.231341E+00   0.315317E+00
 0.938186E+01   0.114627E+01   0.856582E-01   0.231065E+00   0.315317E+00
 0.939443E+01   0.114479E+01   0.853156E-01   0.230788E+00   0.315317E+00
 0.940754E+01   0.114325E+01   0.849587E-01   0.230499E+00   0.315317E+00
 0.941999E+01   0.114178E+01   0.846197E-01   0.230223E+00   0.315317E+00
 0.943243E+01   0.114031E+01   0.842815E-01   0.229947E+00   0.315317E+00
 0.944484E+01   0.113884E+01   0.839440E-01   0.229670E+00   0.315317E+00
 0.945724E+01   0.113736E+01   0.836073E-01   0.229393E+00   0.315317E+00
 0.946961E+01   0.113589E+01   0.832712E-01   0.229116E+00   0.315317E+00
 0.948197E+01   0.113441E+01   0.829359E-01   0.228838E+00   0.315317E+00
 0.949431E+01   0.113293E+01   0.826013E-01   0.228560E+00   0.315317E+00
 0.950662E+01   0.113145E+01   0.822674E-01   0.228281E+00   0.315317E+00
 0.951892E+01   0.112997E+01   0.819343E-01   0.228002E+00   0.315317E+00
 0.953121E+01   0.112848E+01   0.816019E-01   0.227723E+00   0.315317E+00
 0.954347E+01   0.112699E+01   0.812701E-01   0.227443E+00   0.315317E+00
 0.955571E+01   0.112551E+01   0.809391E-01   0.227163E+00   0.315317E+00
 0.956794E+01   0.112402E+01   0.806088E-01   0.226882E+00   0.315317E+00
 0.958014E+01   0.112252E+01   0.802792E-01   0.226601E+00   0.315317E+00
 0.959234E+01   0.112103E+01   0.799503E-01   0.226320E+00   0.315317E+00
 0.960451E+01   0.111953E+01   0.796221E-01   0.226038E+00   0.315317E+00
 0.961666E+01   0.111804E+01   0.792947E-01   0.225756E+00   0.315317E+00
 0.962942E+01   0.111646E+01   0.789512E-01   0.225458E+00   0.315317E+00
 0.964145E+01   0.111497E+01   0.786275E-01   0.225177E+00   0.315317E+00
 0.965345E+01   0.111348E+01   0.783047E-01   0.224896E+00   0.315317E+00
 0.966544E+01   0.111199E+01   0.779826E-01   0.224614E+00   0.315317E+00
 0.967741E+01   0.111049E+01   0.776613E-01   0.224332E+00   0.315317E+00
 0.968936E+01   0.110900E+01   0.773407E-01   0.224049E+00   0.315317E+00
 0.970129E+01   0.110750E+01   0.770208E-01   0.223766E+00   0.315317E+00
 0.971321E+01   0.110600E+01   0.767017E-01   0.223483E+00   0.315317E+00
 0.972510E+01   0.110450E+01   0.763833E-01   0.223199E+00   0.315317E+00
 0.973697E+01   0.110299E+01   0.760657E-01   0.222915E+00   0.315317E+00
 0.974883E+01   0.110149E+01   0.757487E-01   0.222631E+00   0.315317E+00
 0.976067E+01   0.109998E+01   0.754326E-01   0.222346E+00   0.315317E+00
 0.977249E+01   0.109847E+01   0.751171E-01   0.222060E+00   0.315317E+00
 0.978429E+01   0.109696E+01   0.748024E-01   0.221775E+00   0.315317E+00
 0.979607E+01   0.109545E+01   0.744884E-01   0.221488E+00   0.315317E+00
 0.980784E+01   0.109394E+01   0.741752E-01   0.221202E+00   0.315317E+00
 0.982693E+01   0.109147E+01   0.736675E-01   0.220735E+00   0.315317E+00
 0.983868E+01   0.108995E+01   0.733552E-01   0.220447E+00   0.315317E+00
 0.985029E+01   0.108845E+01   0.730472E-01   0.220161E+00   0.315317E+00
 0.986188E+01   0.108694E+01   0.727399E-01   0.219875E+00   0.315317E+00
 0.987344E+01   0.108543E+01   0.724333E-01   0.219589E+00   0.315317E+00
 0.988499E+01   0.108391E+01   0.721276E-01   0.219302E+00   0.315317E+00
 0.989652E+01   0.108240E+01   0.718225E-01   0.219015E+00   0.315317E+00
 0.990803E+01   0.108089E+01   0.715183E-01   0.218727E+00   0.315317E+00
 0.991953E+01   0.107937E+01   0.712147E-01   0.218439E+00   0.315317E+00
 0.993100E+01   0.107785E+01   0.709120E-01   0.218151E+00   0.315317E+00
 0.994246E+01   0.107633E+01   0.706099E-01   0.217863E+00   0.315317E+00
 0.995390E+01   0.107481E+01   0.703086E-01   0.217573E+00   0.315317E+00
 0.996532E+01   0.107329E+01   0.700081E-01   0.217284E+00   0.315317E+00
 0.997672E+01   0.107176E+01   0.697083E-01   0.216994E+00   0.315317E+00
 0.998811E+01   0.107024E+01   0.694092E-01   0.216704E+00   0.315317E+00
 0.999947E+01   0.106871E+01   0.691109E-01   0.216413E+00   0.315317E+00
 0.100108E+02   0.106718E+01   0.688133E-01   0.216122E+00   0.315317E+00
 0.100245E+02   0.106533E+01   0.684561E-01   0.215772E+00   0.315317E+00
 0.100357E+02   0.106381E+01   0.681629E-01   0.215482E+00   0.315317E+00
 0.100469E+02   0.106229E+01   0.678702E-01   0.215193E+00   0.315317E+00
 0.100580E+02   0.106077E+01   0.675784E-01   0.214903E+00   0.315317E+00
 0.100692E+02   0.105925E+01   0.672873E-01   0.214612E+00   0.315317E+00
 0.100803E+02   0.105772E+01   0.669970E-01   0.214322E+00   0.315317E+00
 0.100915E+02   0.105619E+01   0.667074E-01   0.214031E+00   0.315317E+00
 0.101026E+02   0.105466E+01   0.664187E-01   0.213739E+00   0.315317E+00
 0.101136E+02   0.105313E+01   0.661306E-01   0.213447E+00   0.315317E+00
 0.101247E+02   0.105160E+01   0.658433E-01   0.213155E+00   0.315317E+00
 0.101358E+02   0.105007E+01   0.655567E-01   0.212863E+00   0.315317E+00
 0.101468E+02   0.104853E+01   0.652709E-01   0.212570E+00   0.315317E+00
 0.101578E+02   0.104700E+01   0.649859E-01   0.212276E+00   0.315317E+00
 0.101688E+02   0.104546E+01   0.647016E-01   0.211983E+00   0.315317E+00
 0.101798E+02   0.104392E+01   0.644181E-01   0.211689E+00   0.315317E+00
 0.101907E+02   0.104238E+01   0.641353E-01   0.211394E+00   0.315317E+00
 0.102017E+02   0.104084E+01   0.638532E-01   0.211100E+00   0.315317E+00
 0.102139E+02   0.103911E+01   0.635390E-01   0.210770E+00   0.315317E+00
 0.102247E+02   0.103758E+01   0.632611E-01   0.210477E+00   0.315317E+00
 0.102355E+02   0.103605E+01   0.629840E-01   0.210184E+00   0.315317E+00
 0.102462E+02   0.103451E+01   0.627076E-01   0.209891E+00   0.315317E+00
 0.102570E+02   0.103298E+01   0.624320E-01   0.209597E+00   0.315317E+00
 0.102677E+02   0.103144E+01   0.621572E-01   0.209303E+00   0.315317E+00
 0.102784E+02   0.102990E+01   0.618831E-01   0.209008E+00   0.315317E+00
 0.102891E+02   0.102836E+01   0.616098E-01   0.208713E+00   0.315317E+00
 0.102998E+02   0.102682E+01   0.613372E-01   0.208418E+00   0.315317E+00
 0.103105E+02   0.102528E+01   0.610653E-01   0.208123E+00   0.315317E+00
 0.103211E+02   0.102373E+01   0.607943E-01   0.207827E+00   0.315317E+00
 0.103318E+02   0.102219E+01   0.605239E-01   0.207531E+00   0.315317E+00
 0.103424E+02   0.102064E+01   0.602543E-01   0.207234E+00   0.315317E+00
 0.103530E+02   0.101909E+01   0.599855E-01   0.206937E+00   0.315317E+00
 0.103635E+02   0.101754E+01   0.597173E-01   0.206640E+00   0.315317E+00
 0.103741E+02   0.101599E+01   0.594500E-01   0.206342E+00   0.315317E+00
 0.103846E+02   0.101444E+01   0.591833E-01   0.206044E+00   0.315317E+00
 0.103952E+02   0.101288E+01   0.589174E-01   0.205746E+00   0.315317E+00
 0.104055E+02   0.101135E+01   0.586559E-01   0.205451E+00   0.315317E+00
 0.104159E+02   0.100981E+01   0.583942E-01   0.205155E+00   0.315317E+00
 0.104263E+02   0.100827E+01   0.581331E-01   0.204859E+00   0.315317E+00
 0.104366E+02   0.100672E+01   0.578729E-01   0.204563E+00   0.315317E+00
 0.104470E+02   0.100518E+01   0.576133E-01   0.204266E+00   0.315317E+00
 0.104573E+02   0.100363E+01   0.573546E-01   0.203968E+00   0.315317E+00
 0.104676E+02   0.100208E+01   0.570965E-01   0.203671E+00   0.315317E+00
 0.104779E+02   0.100053E+01   0.568392E-01   0.203373E+00   0.315317E+00
 0.104881E+02   0.998982E+00   0.565827E-01   0.203075E+00   0.315317E+00
 0.104984E+02   0.997431E+00   0.563269E-01   0.202776E+00   0.315317E+00
 0.105086E+02   0.995878E+00   0.560718E-01   0.202477E+00   0.315317E+00
 0.105188E+02   0.994324E+00   0.558175E-01   0.202178E+00   0.315317E+00
 0.105290E+02   0.992768E+00   0.555639E-01   0.201878E+00   0.315317E+00
 0.105392E+02   0.991211E+00   0.553110E-01   0.201579E+00   0.315317E+00
 0.105494E+02   0.989653E+00   0.550589E-01   0.201278E+00   0.315317E+00
 0.105595E+02   0.988093E+00   0.548074E-01   0.200978E+00   0.315317E+00
 0.105703E+02   0.986436E+00   0.545414E-01   0.200659E+00   0.315317E+00
 0.105803E+02   0.984890E+00   0.542940E-01   0.200360E+00   0.315317E+00
 0.106003E+02   0.981795E+00   0.538016E-01   0.199764E+00   0.315317E+00
 0.106202E+02   0.978695E+00   0.533121E-01   0.199165E+00   0.315317E+00
 0.106400E+02   0.975590E+00   0.528256E-01   0.198566E+00   0.315317E+00
 0.106598E+02   0.972481E+00   0.523420E-01   0.197966E+00   0.315317E+00
 0.106795E+02   0.969367E+00   0.518612E-01   0.197364E+00   0.315317E+00
 0.106991E+02   0.966249E+00   0.513833E-01   0.196761E+00   0.315317E+00
 0.107187E+02   0.963125E+00   0.509083E-01   0.196157E+00   0.315317E+00
 0.107338E+02   0.960699E+00   0.505419E-01   0.195688E+00   0.315317E+00
 0.107531E+02   0.957602E+00   0.500771E-01   0.195088E+00   0.315317E+00
 0.107722E+02   0.954501E+00   0.496152E-01   0.194488E+00   0.315317E+00
 0.107914E+02   0.951396E+00   0.491562E-01   0.193886E+00   0.315317E+00
 0.108104E+02   0.948287E+00   0.487000E-01   0.193284E+00   0.315317E+00
 0.108294E+02   0.945173E+00   0.482466E-01   0.192680E+00   0.315317E+00
 0.108483E+02   0.942056E+00   0.477961E-01   0.192075E+00   0.315317E+00
 0.108672E+02   0.938934E+00   0.473483E-01   0.191469E+00   0.315317E+00
 0.108815E+02   0.936546E+00   0.470080E-01   0.191005E+00   0.315317E+00
 0.109002E+02   0.933435E+00   0.465677E-01   0.190401E+00   0.315317E+00
 0.109187E+02   0.930338E+00   0.461326E-01   0.189799E+00   0.315317E+00
 0.109371E+02   0.927238E+00   0.457003E-01   0.189197E+00   0.315317E+00
 0.109554E+02   0.924135E+00   0.452709E-01   0.188593E+00   0.315317E+00
 0.109737E+02   0.921028E+00   0.448441E-01   0.187988E+00   0.315317E+00
 0.109919E+02   0.917917E+00   0.444201E-01   0.187383E+00   0.315317E+00
 0.110101E+02   0.914804E+00   0.439988E-01   0.186777E+00   0.315317E+00
 0.110282E+02   0.911686E+00   0.435802E-01   0.186169E+00   0.315317E+00
 0.110420E+02   0.909312E+00   0.432635E-01   0.185706E+00   0.315317E+00
 0.110597E+02   0.906224E+00   0.428543E-01   0.185104E+00   0.315317E+00
 0.110775E+02   0.903135E+00   0.424480E-01   0.184502E+00   0.315317E+00
 0.110951E+02   0.900044E+00   0.420444E-01   0.183898E+00   0.315317E+00
 0.111127E+02   0.896949E+00   0.416435E-01   0.183294E+00   0.315317E+00
 0.111303E+02   0.893852E+00   0.412452E-01   0.182689E+00   0.315317E+00
 0.111478E+02   0.890752E+00   0.408495E-01   0.182083E+00   0.315317E+00
 0.111652E+02   0.887649E+00   0.404565E-01   0.181477E+00   0.315317E+00
 0.111784E+02   0.885294E+00   0.401601E-01   0.181016E+00   0.315317E+00
 0.111957E+02   0.882197E+00   0.397729E-01   0.180410E+00   0.315317E+00
 0.112127E+02   0.879125E+00   0.393917E-01   0.179809E+00   0.315317E+00
 0.112297E+02   0.876052E+00   0.390131E-01   0.179207E+00   0.315317E+00
 0.112467E+02   0.872976E+00   0.386371E-01   0.178605E+00   0.315317E+00
 0.112635E+02   0.869898E+00   0.382636E-01   0.178002E+00   0.315317E+00
 0.112804E+02   0.866818E+00   0.378926E-01   0.177398E+00   0.315317E+00
 0.112971E+02   0.863736E+00   0.375242E-01   0.176793E+00   0.315317E+00
 0.113138E+02   0.860652E+00   0.371582E-01   0.176188E+00   0.315317E+00
 0.113265E+02   0.858308E+00   0.368819E-01   0.175728E+00   0.315317E+00
 0.113432E+02   0.855201E+00   0.365180E-01   0.175118E+00   0.315317E+00
 0.113596E+02   0.852151E+00   0.361635E-01   0.174519E+00   0.315317E+00
 0.113759E+02   0.849100E+00   0.358115E-01   0.173920E+00   0.315317E+00
 0.113921E+02   0.846048E+00   0.354619E-01   0.173320E+00   0.315317E+00
 0.114083E+02   0.842994E+00   0.351147E-01   0.172719E+00   0.315317E+00
 0.114244E+02   0.839940E+00   0.347700E-01   0.172118E+00   0.315317E+00
 0.114405E+02   0.836883E+00   0.344276E-01   0.171517E+00   0.315317E+00
 0.114530E+02   0.834490E+00   0.341612E-01   0.171045E+00   0.315317E+00
 0.114688E+02   0.831477E+00   0.338281E-01   0.170452E+00   0.315317E+00
 0.114845E+02   0.828458E+00   0.334967E-01   0.169857E+00   0.315317E+00
 0.115001E+02   0.825439E+00   0.331677E-01   0.169262E+00   0.315317E+00
 0.115157E+02   0.822419E+00   0.328410E-01   0.168667E+00   0.315317E+00
 0.115313E+02   0.819398E+00   0.325167E-01   0.168071E+00   0.315317E+00
 0.115468E+02   0.816377E+00   0.321946E-01   0.167475E+00   0.315317E+00
 0.115622E+02   0.813355E+00   0.318748E-01   0.166878E+00   0.315317E+00
 0.115776E+02   0.810332E+00   0.315573E-01   0.166281E+00   0.315317E+00
 0.115932E+02   0.807259E+00   0.312367E-01   0.165674E+00   0.315317E+00
 0.116083E+02   0.804275E+00   0.309279E-01   0.165085E+00   0.315317E+00
 0.116234E+02   0.801292E+00   0.306213E-01   0.164495E+00   0.315317E+00
 0.116383E+02   0.798309E+00   0.303169E-01   0.163905E+00   0.315317E+00
 0.116533E+02   0.795326E+00   0.300147E-01   0.163315E+00   0.315317E+00
 0.116682E+02   0.792344E+00   0.297147E-01   0.162724E+00   0.315317E+00
 0.116830E+02   0.789361E+00   0.294169E-01   0.162134E+00   0.315317E+00
 0.116978E+02   0.786378E+00   0.291212E-01   0.161543E+00   0.315317E+00
 0.117111E+02   0.783678E+00   0.288553E-01   0.161008E+00   0.315317E+00
 0.117257E+02   0.780716E+00   0.285656E-01   0.160421E+00   0.315317E+00
 0.117401E+02   0.777777E+00   0.282803E-01   0.159838E+00   0.315317E+00
 0.117545E+02   0.774839E+00   0.279970E-01   0.159256E+00   0.315317E+00
 0.117688E+02   0.771901E+00   0.277158E-01   0.158673E+00   0.315317E+00
 0.117831E+02   0.768964E+00   0.274367E-01   0.158090E+00   0.315317E+00
 0.117974E+02   0.766028E+00   0.271596E-01   0.157507E+00   0.315317E+00
 0.118115E+02   0.763093E+00   0.268846E-01   0.156924E+00   0.315317E+00
 0.118257E+02   0.760159E+00   0.266116E-01   0.156341E+00   0.315317E+00
 0.118398E+02   0.757226E+00   0.263406E-01   0.155758E+00   0.315317E+00
 0.118531E+02   0.754434E+00   0.260845E-01   0.155203E+00   0.315317E+00
 0.118670E+02   0.751543E+00   0.258211E-01   0.154628E+00   0.315317E+00
 0.118807E+02   0.748654E+00   0.255597E-01   0.154053E+00   0.315317E+00
 0.118944E+02   0.745766E+00   0.253002E-01   0.153479E+00   0.315317E+00
 0.119081E+02   0.742880E+00   0.250427E-01   0.152904E+00   0.315317E+00
 0.119217E+02   0.739995E+00   0.247871E-01   0.152330E+00   0.315317E+00
 0.119353E+02   0.737111E+00   0.245334E-01   0.151755E+00   0.315317E+00
 0.119488E+02   0.734229E+00   0.242815E-01   0.151181E+00   0.315317E+00
 0.119589E+02   0.732069E+00   0.240939E-01   0.150750E+00   0.315317E+00
 0.119729E+02   0.729077E+00   0.238357E-01   0.150154E+00   0.315317E+00
 0.119861E+02   0.726242E+00   0.235929E-01   0.149588E+00   0.315317E+00
 0.119992E+02   0.723410E+00   0.233518E-01   0.149023E+00   0.315317E+00
 0.120123E+02   0.720579E+00   0.231125E-01   0.148458E+00   0.315317E+00
 0.120254E+02   0.717750E+00   0.228751E-01   0.147893E+00   0.315317E+00
 0.120384E+02   0.714924E+00   0.226395E-01   0.147329E+00   0.315317E+00
 0.120514E+02   0.712099E+00   0.224056E-01   0.146764E+00   0.315317E+00
 0.120643E+02   0.709276E+00   0.221735E-01   0.146200E+00   0.315317E+00
 0.120804E+02   0.705773E+00   0.218877E-01   0.145500E+00   0.315317E+00
 0.120930E+02   0.702996E+00   0.216628E-01   0.144945E+00   0.315317E+00
 0.121056E+02   0.700221E+00   0.214396E-01   0.144389E+00   0.315317E+00
 0.121182E+02   0.697449E+00   0.212182E-01   0.143835E+00   0.315317E+00
 0.121307E+02   0.694679E+00   0.209984E-01   0.143280E+00   0.315317E+00
 0.121432E+02   0.691912E+00   0.207804E-01   0.142726E+00   0.315317E+00
 0.121556E+02   0.689148E+00   0.205640E-01   0.142173E+00   0.315317E+00
 0.121680E+02   0.686386E+00   0.203492E-01   0.141619E+00   0.315317E+00
 0.121804E+02   0.683627E+00   0.201361E-01   0.141066E+00   0.315317E+00
 0.121922E+02   0.680990E+00   0.199338E-01   0.140538E+00   0.315317E+00
 0.122043E+02   0.678275E+00   0.197269E-01   0.139993E+00   0.315317E+00
 0.122163E+02   0.675563E+00   0.195215E-01   0.139449E+00   0.315317E+00
 0.122284E+02   0.672855E+00   0.193178E-01   0.138906E+00   0.315317E+00
 0.122403E+02   0.670149E+00   0.191156E-01   0.138363E+00   0.315317E+00
 0.122523E+02   0.667447E+00   0.189151E-01   0.137820E+00   0.315317E+00
 0.122642E+02   0.664747E+00   0.187160E-01   0.137278E+00   0.315317E+00
 0.122761E+02   0.662051E+00   0.185185E-01   0.136736E+00   0.315317E+00
 0.122879E+02   0.659358E+00   0.183226E-01   0.136195E+00   0.315317E+00
 0.123029E+02   0.655921E+00   0.180743E-01   0.135504E+00   0.315317E+00
 0.123145E+02   0.653269E+00   0.178842E-01   0.134971E+00   0.315317E+00
 0.123261E+02   0.650621E+00   0.176956E-01   0.134438E+00   0.315317E+00
 0.123376E+02   0.647976E+00   0.175085E-01   0.133906E+00   0.315317E+00
 0.123490E+02   0.645335E+00   0.173229E-01   0.133375E+00   0.315317E+00
 0.123605E+02   0.642697E+00   0.171387E-01   0.132844E+00   0.315317E+00
 0.123718E+02   0.640063E+00   0.169559E-01   0.132314E+00   0.315317E+00
 0.123832E+02   0.637433E+00   0.167746E-01   0.131784E+00   0.315317E+00
 0.123945E+02   0.634806E+00   0.165946E-01   0.131254E+00   0.315317E+00
 0.124058E+02   0.632173E+00   0.164155E-01   0.130724E+00   0.315317E+00
 0.124170E+02   0.629583E+00   0.162404E-01   0.130202E+00   0.315317E+00
 0.124280E+02   0.626997E+00   0.160666E-01   0.129680E+00   0.315317E+00
 0.124391E+02   0.624416E+00   0.158943E-01   0.129160E+00   0.315317E+00
 0.124501E+02   0.621838E+00   0.157233E-01   0.128640E+00   0.315317E+00
 0.124610E+02   0.619264E+00   0.155537E-01   0.128120E+00   0.315317E+00
 0.124720E+02   0.616694E+00   0.153854E-01   0.127602E+00   0.315317E+00
 0.124829E+02   0.614128E+00   0.152184E-01   0.127084E+00   0.315317E+00
 0.124937E+02   0.611567E+00   0.150527E-01   0.126566E+00   0.315317E+00
 0.125045E+02   0.609009E+00   0.148884E-01   0.126050E+00   0.315317E+00
 0.125152E+02   0.606495E+00   0.147278E-01   0.125542E+00   0.315317E+00
 0.125259E+02   0.603941E+00   0.145657E-01   0.125025E+00   0.315317E+00
 0.125367E+02   0.601390E+00   0.144049E-01   0.124510E+00   0.315317E+00
 0.125474E+02   0.598844E+00   0.142453E-01   0.123995E+00   0.315317E+00
 0.125581E+02   0.596303E+00   0.140870E-01   0.123481E+00   0.315317E+00
 0.125687E+02   0.593765E+00   0.139299E-01   0.122967E+00   0.315317E+00
 0.125793E+02   0.591232E+00   0.137741E-01   0.122455E+00   0.315317E+00
 0.125899E+02   0.588704E+00   0.136195E-01   0.121943E+00   0.315317E+00
 0.126004E+02   0.586180E+00   0.134661E-01   0.121432E+00   0.315317E+00
 0.126140E+02   0.582912E+00   0.132689E-01   0.120770E+00   0.315317E+00
 0.126245E+02   0.580401E+00   0.131184E-01   0.120261E+00   0.315317E+00
 0.126350E+02   0.577871E+00   0.129677E-01   0.119749E+00   0.315317E+00
 0.126455E+02   0.575346E+00   0.128182E-01   0.119237E+00   0.315317E+00
 0.126560E+02   0.572826E+00   0.126699E-01   0.118726E+00   0.315317E+00
 0.126664E+02   0.570311E+00   0.125228E-01   0.118216E+00   0.315317E+00
 0.126768E+02   0.567800E+00   0.123767E-01   0.117706E+00   0.315317E+00
 0.126871E+02   0.565295E+00   0.122319E-01   0.117198E+00   0.315317E+00
 0.126975E+02   0.562794E+00   0.120882E-01   0.116691E+00   0.315317E+00
 0.127078E+02   0.560299E+00   0.119456E-01   0.116184E+00   0.315317E+00
 0.127215E+02   0.556985E+00   0.117575E-01   0.115511E+00   0.315317E+00
 0.127331E+02   0.554169E+00   0.115987E-01   0.114939E+00   0.315317E+00
 0.127445E+02   0.551387E+00   0.114427E-01   0.114374E+00   0.315317E+00
 0.127559E+02   0.548638E+00   0.112894E-01   0.113815E+00   0.315317E+00
 0.127671E+02   0.545919E+00   0.111385E-01   0.113262E+00   0.315317E+00
 0.127782E+02   0.543228E+00   0.109899E-01   0.112715E+00   0.315317E+00
 0.127892E+02   0.540566E+00   0.108434E-01   0.112174E+00   0.315317E+00
 0.128002E+02   0.537932E+00   0.106990E-01   0.111638E+00   0.315317E+00
 0.128110E+02   0.535324E+00   0.105566E-01   0.111107E+00   0.315317E+00
 0.128225E+02   0.532557E+00   0.104060E-01   0.110544E+00   0.315317E+00
 0.128336E+02   0.529904E+00   0.102622E-01   0.110004E+00   0.315317E+00
 0.128446E+02   0.527268E+00   0.101199E-01   0.109467E+00   0.315317E+00
 0.128555E+02   0.524647E+00   0.997926E-02   0.108933E+00   0.315317E+00
 0.128664E+02   0.522040E+00   0.984022E-02   0.108401E+00   0.315317E+00
 0.128772E+02   0.519444E+00   0.970278E-02   0.107872E+00   0.315317E+00
 0.128880E+02   0.516859E+00   0.956694E-02   0.107345E+00   0.315317E+00
 0.128987E+02   0.514284E+00   0.943273E-02   0.106820E+00   0.315317E+00
 0.129093E+02   0.511718E+00   0.930014E-02   0.106297E+00   0.315317E+00
 0.129223E+02   0.508563E+00   0.913888E-02   0.105653E+00   0.315317E+00
 0.129350E+02   0.505461E+00   0.898216E-02   0.105020E+00   0.315317E+00
 0.129477E+02   0.502361E+00   0.882730E-02   0.104387E+00   0.315317E+00
 0.129602E+02   0.499262E+00   0.867426E-02   0.103754E+00   0.315317E+00
 0.129728E+02   0.496166E+00   0.852303E-02   0.103121E+00   0.315317E+00
 0.129852E+02   0.493073E+00   0.837359E-02   0.102489E+00   0.315317E+00
 0.129977E+02   0.489983E+00   0.822590E-02   0.101858E+00   0.315317E+00
 0.130100E+02   0.486897E+00   0.807997E-02   0.101227E+00   0.315317E+00
 0.130218E+02   0.483934E+00   0.794125E-02   0.100621E+00   0.315317E+00
 0.130328E+02   0.481166E+00   0.781295E-02   0.100054E+00   0.315317E+00
 0.130438E+02   0.478407E+00   0.768627E-02   0.994896E-01   0.315317E+00
 0.130547E+02   0.475656E+00   0.756119E-02   0.989265E-01   0.315317E+00
 0.130655E+02   0.472913E+00   0.743768E-02   0.983648E-01   0.315317E+00
 0.130762E+02   0.470178E+00   0.731573E-02   0.978046E-01   0.315317E+00
 0.130869E+02   0.467450E+00   0.719532E-02   0.972458E-01   0.315317E+00
 0.130975E+02   0.464729E+00   0.707641E-02   0.966883E-01   0.315317E+00
 0.131081E+02   0.462016E+00   0.695901E-02   0.961322E-01   0.315317E+00
 0.131199E+02   0.458972E+00   0.682871E-02   0.955082E-01   0.315317E+00
 0.131301E+02   0.456325E+00   0.671658E-02   0.949653E-01   0.315317E+00
 0.131402E+02   0.453684E+00   0.660587E-02   0.944238E-01   0.315317E+00
 0.131503E+02   0.451051E+00   0.649657E-02   0.938836E-01   0.315317E+00
 0.131604E+02   0.448425E+00   0.638865E-02   0.933446E-01   0.315317E+00
 0.131736E+02   0.444934E+00   0.624687E-02   0.926280E-01   0.315317E+00
 0.131868E+02   0.441454E+00   0.610747E-02   0.919135E-01   0.315317E+00
 0.131999E+02   0.437987E+00   0.597043E-02   0.912013E-01   0.315317E+00
 0.132125E+02   0.434629E+00   0.583948E-02   0.905113E-01   0.315317E+00
 0.132249E+02   0.431310E+00   0.571176E-02   0.898293E-01   0.315317E+00
 0.132372E+02   0.428004E+00   0.558623E-02   0.891496E-01   0.315317E+00
 0.132494E+02   0.424710E+00   0.546283E-02   0.884723E-01   0.315317E+00
 0.132614E+02   0.421429E+00   0.534156E-02   0.877974E-01   0.315317E+00
 0.132734E+02   0.418159E+00   0.522233E-02   0.871245E-01   0.315317E+00
 0.132853E+02   0.414900E+00   0.510514E-02   0.864539E-01   0.315317E+00
 0.132978E+02   0.411453E+00   0.498289E-02   0.857442E-01   0.315317E+00
 0.133091E+02   0.408328E+00   0.487360E-02   0.851006E-01   0.315317E+00
 0.133203E+02   0.405215E+00   0.476619E-02   0.844594E-01   0.315317E+00
 0.133314E+02   0.402114E+00   0.466063E-02   0.838205E-01   0.315317E+00
 0.133424E+02   0.399024E+00   0.455688E-02   0.831838E-01   0.315317E+00
 0.133533E+02   0.395946E+00   0.445492E-02   0.825492E-01   0.315317E+00
 0.133641E+02   0.392878E+00   0.435472E-02   0.819167E-01   0.315317E+00
 0.133748E+02   0.389822E+00   0.425623E-02   0.812863E-01   0.315317E+00
 0.133863E+02   0.386524E+00   0.415150E-02   0.806060E-01   0.315317E+00
 0.133964E+02   0.383607E+00   0.406017E-02   0.800041E-01   0.315317E+00
 0.134064E+02   0.380702E+00   0.397044E-02   0.794045E-01   0.315317E+00
 0.134188E+02   0.377087E+00   0.386046E-02   0.786581E-01   0.315317E+00
 0.134311E+02   0.373488E+00   0.375289E-02   0.779150E-01   0.315317E+00
 0.134432E+02   0.369906E+00   0.364764E-02   0.771751E-01   0.315317E+00
 0.134552E+02   0.366340E+00   0.354467E-02   0.764382E-01   0.315317E+00
 0.134670E+02   0.362811E+00   0.344454E-02   0.757088E-01   0.315317E+00
 0.134783E+02   0.359401E+00   0.334942E-02   0.750038E-01   0.315317E+00
 0.134895E+02   0.356008E+00   0.325641E-02   0.743022E-01   0.315317E+00
 0.135006E+02   0.352631E+00   0.316544E-02   0.736037E-01   0.315317E+00
 0.135115E+02   0.349270E+00   0.307646E-02   0.729084E-01   0.315317E+00
 0.135223E+02   0.345924E+00   0.298942E-02   0.722159E-01   0.315317E+00
 0.135330E+02   0.342593E+00   0.290428E-02   0.715264E-01   0.315317E+00
 0.135450E+02   0.338845E+00   0.281026E-02   0.707502E-01   0.315317E+00
 0.135569E+02   0.335091E+00   0.271797E-02   0.699728E-01   0.315317E+00
 0.135685E+02   0.331362E+00   0.262817E-02   0.692002E-01   0.315317E+00
 0.135801E+02   0.327655E+00   0.254078E-02   0.684320E-01   0.315317E+00
 0.135914E+02   0.323968E+00   0.245573E-02   0.676680E-01   0.315317E+00
 0.136026E+02   0.320302E+00   0.237294E-02   0.669078E-01   0.315317E+00
 0.136136E+02   0.316654E+00   0.229234E-02   0.661514E-01   0.315317E+00
 0.136243E+02   0.313085E+00   0.221515E-02   0.654110E-01   0.315317E+00
 0.136349E+02   0.309544E+00   0.214020E-02   0.646762E-01   0.315317E+00
 0.136452E+02   0.306022E+00   0.206725E-02   0.639453E-01   0.315317E+00
 0.136555E+02   0.302518E+00   0.199623E-02   0.632181E-01   0.315317E+00
 0.136655E+02   0.299033E+00   0.192707E-02   0.624944E-01   0.315317E+00
 0.136771E+02   0.294989E+00   0.184869E-02   0.616546E-01   0.315317E+00
 0.136883E+02   0.291048E+00   0.177414E-02   0.608359E-01   0.315317E+00
 0.136984E+02   0.287466E+00   0.170797E-02   0.600917E-01   0.315317E+00
 0.137097E+02   0.283414E+00   0.163504E-02   0.592496E-01   0.315317E+00
 0.137207E+02   0.279399E+00   0.156486E-02   0.584149E-01   0.315317E+00
 0.137314E+02   0.275414E+00   0.149731E-02   0.575862E-01   0.315317E+00
 0.137419E+02   0.271453E+00   0.143226E-02   0.567625E-01   0.315317E+00
 0.137521E+02   0.267567E+00   0.137042E-02   0.559541E-01   0.315317E+00
 0.137635E+02   0.263156E+00   0.130251E-02   0.550361E-01   0.315317E+00
 0.137747E+02   0.258743E+00   0.123677E-02   0.541177E-01   0.315317E+00
 0.137858E+02   0.254315E+00   0.117274E-02   0.531957E-01   0.315317E+00
 0.137968E+02   0.249882E+00   0.111040E-02   0.522727E-01   0.315317E+00
 0.138077E+02   0.245456E+00   0.104973E-02   0.513509E-01   0.315317E+00
 0.138183E+02   0.241158E+00   0.992209E-03   0.504554E-01   0.315317E+00
 0.138289E+02   0.236752E+00   0.935200E-03   0.495371E-01   0.315317E+00
 0.138391E+02   0.232411E+00   0.881722E-03   0.486323E-01   0.315317E+00
 0.138497E+02   0.227736E+00   0.827546E-03   0.476578E-01   0.315317E+00
 0.138598E+02   0.223057E+00   0.776961E-03   0.466820E-01   0.315317E+00
 0.138699E+02   0.218101E+00   0.727215E-03   0.456484E-01   0.315317E+00
 0.138806E+02   0.212696E+00   0.676269E-03   0.445206E-01   0.315317E+00
 0.138911E+02   0.207339E+00   0.627212E-03   0.434027E-01   0.315317E+00
 0.139012E+02   0.202344E+00   0.581319E-03   0.423602E-01   0.315317E+00
 0.139119E+02   0.197369E+00   0.534079E-03   0.413214E-01   0.315317E+00
 0.139223E+02   0.192890E+00   0.489288E-03   0.403861E-01   0.315317E+00
 0.139324E+02   0.188374E+00   0.446901E-03   0.394429E-01   0.315317E+00
 0.139424E+02   0.182965E+00   0.405871E-03   0.383130E-01   0.315317E+00
 0.139526E+02   0.175944E+00   0.365637E-03   0.368460E-01   0.315317E+00
 0.139627E+02   0.167237E+00   0.327810E-03   0.350262E-01   0.315317E+00
 0.139729E+02   0.158069E+00   0.291472E-03   0.331092E-01   0.315317E+00
 0.139829E+02   0.151133E+00   0.257537E-03   0.316588E-01   0.315317E+00
 0.139931E+02   0.148012E+00   0.224200E-03   0.310061E-01   0.315317E+00
 0.140032E+02   0.148429E+00   0.191598E-03   0.310933E-01   0.315317E+00
 0.140133E+02   0.141731E+00   0.159505E-03   0.296926E-01   0.315317E+00
 0.140234E+02   0.118442E+00   0.130605E-03   0.248170E-01   0.315317E+00
 0.140335E+02   0.876459E-01   0.108151E-03   0.183543E-01   0.315317E+00
 0.140435E+02   0.646214E-01   0.917604E-04   0.135251E-01   0.315317E+00
 0.140536E+02   0.502741E-01   0.793671E-04   0.105234E-01   0.315317E+00
 0.140636E+02   0.422503E-01   0.694183E-04   0.884868E-02   0.315317E+00
 0.140738E+02   0.380875E-01   0.606451E-04   0.798072E-02   0.315317E+00
 0.140839E+02   0.350512E-01   0.527091E-04   0.734695E-02   0.315317E+00
 0.140939E+02   0.317464E-01   0.455213E-04   0.665578E-02   0.315317E+00
 0.141039E+02   0.284153E-01   0.390683E-04   0.595778E-02   0.315317E+00
 0.141140E+02   0.252940E-01   0.332375E-04   0.530281E-02   0.315317E+00
 0.141242E+02   0.224115E-01   0.280699E-04   0.469845E-02   0.315317E+00
 0.141342E+02   0.197101E-01   0.235579E-04   0.413366E-02   0.315317E+00
 0.141443E+02   0.171618E-01   0.195933E-04   0.360080E-02   0.315317E+00
 0.141544E+02   0.147971E-01   0.161618E-04   0.310511E-02   0.315317E+00
 0.141644E+02   0.126342E-01   0.132507E-04   0.265102E-02   0.315317E+00
 0.141745E+02   0.106399E-01   0.107798E-04   0.223243E-02   0.315317E+00
 0.141845E+02   0.881426E-02   0.871333E-05   0.184970E-02   0.315317E+00
 0.141946E+02   0.715651E-02   0.701352E-05   0.150220E-02   0.315317E+00
 0.142048E+02   0.567826E-02   0.564777E-05   0.119176E-02   0.315317E+00
 0.142148E+02   0.439462E-02   0.458874E-05   0.923121E-03   0.315317E+00
 0.142249E+02   0.329307E-02   0.377763E-05   0.691876E-03   0.315317E+00
 0.142350E+02   0.237718E-02   0.318008E-05   0.499677E-03   0.315317E+00
 0.142451E+02   0.166844E-02   0.275648E-05   0.350800E-03   0.315317E+00
 0.142551E+02   0.120884E-02   0.245800E-05   0.254395E-03   0.315317E+00
 0.142652E+02   0.115991E-02   0.220816E-05   0.244013E-03   0.315317E+00
 0.142753E+02   0.103206E-02   0.197721E-05   0.217168E-03   0.315317E+00
 0.142854E+02   0.907478E-03   0.177364E-05   0.191090E-03   0.315317E+00
 0.142955E+02   0.821148E-03   0.159400E-05   0.172948E-03   0.315317E+00
 0.143057E+02   0.755150E-03   0.142754E-05   0.159077E-03   0.315317E+00
 0.143158E+02   0.699171E-03   0.127547E-05   0.147329E-03   0.315317E+00
 0.143260E+02   0.641719E-03   0.113465E-05   0.135267E-03   0.315317E+00
 0.143360E+02   0.577943E-03   0.100855E-05   0.121831E-03   0.315317E+00
 0.143462E+02   0.513153E-03   0.894863E-06   0.108181E-03   0.315317E+00
 0.143564E+02   0.457098E-03   0.792776E-06   0.964117E-04   0.315317E+00
 0.143665E+02   0.407603E-03   0.703815E-06   0.859525E-04   0.315317E+00
 0.143765E+02   0.366907E-03   0.624818E-06   0.773689E-04   0.315317E+00
 0.143868E+02   0.333342E-03   0.551642E-06   0.703227E-04   0.315317E+00
 0.143968E+02   0.304384E-03   0.486513E-06   0.642416E-04   0.315317E+00
 0.144071E+02   0.276085E-03   0.425830E-06   0.582753E-04   0.315317E+00
 0.144174E+02   0.248903E-03   0.371098E-06   0.525331E-04   0.315317E+00
 0.144274E+02   0.223722E-03   0.322990E-06   0.472231E-04   0.315317E+00
 0.144378E+02   0.200049E-03   0.278644E-06   0.422386E-04   0.315317E+00
 0.144480E+02   0.179682E-03   0.239660E-06   0.379433E-04   0.315317E+00
 0.144580E+02   0.160548E-03   0.205297E-06   0.339023E-04   0.315317E+00
 0.144682E+02   0.139399E-03   0.174487E-06   0.294430E-04   0.315317E+00
 0.144784E+02   0.119845E-03   0.148187E-06   0.253228E-04   0.315317E+00
 0.144886E+02   0.104996E-03   0.125258E-06   0.221853E-04   0.315317E+00
 0.144986E+02   0.927540E-04   0.105453E-06   0.195991E-04   0.315317E+00
 0.145086E+02   0.809671E-04   0.881154E-07   0.171136E-04   0.315317E+00
 0.145188E+02   0.690100E-04   0.729685E-07   0.145883E-04   0.315317E+00
 0.145289E+02   0.585329E-04   0.601801E-07   0.123750E-04   0.315317E+00
 0.145390E+02   0.503134E-04   0.492474E-07   0.106424E-04   0.315317E+00
 0.145491E+02   0.431491E-04   0.399632E-07   0.912597E-05   0.315317E+00
 0.145592E+02   0.365075E-04   0.320414E-07   0.772115E-05   0.315317E+00
 0.145692E+02   0.306579E-04   0.254176E-07   0.648999E-05   0.315317E+00
 0.145792E+02   0.256564E-04   0.198562E-07   0.543004E-05   0.315317E+00
 0.145893E+02   0.205123E-04   0.152637E-07   0.434028E-05   0.315317E+00
 0.145994E+02   0.163853E-04   0.116603E-07   0.346761E-05   0.315317E+00
 0.146094E+02   0.132633E-04   0.874251E-08   0.280704E-05   0.315317E+00
 0.146195E+02   0.106313E-04   0.640744E-08   0.225048E-05   0.315317E+00
 0.146295E+02   0.824670E-05   0.456111E-08   0.174637E-05   0.315317E+00
 0.146395E+02   0.614385E-05   0.316188E-08   0.130130E-05   0.315317E+00
 0.146496E+02   0.464213E-05   0.211787E-08   0.983224E-06   0.315317E+00
 0.146596E+02   0.308699E-05   0.135326E-08   0.653957E-06   0.315317E+00
 0.146697E+02   0.217011E-05   0.851476E-09   0.459786E-06   0.315317E+00
 0.146797E+02   0.146347E-05   0.502732E-09   0.310088E-06   0.315317E+00
 0.146897E+02   0.925319E-06   0.271601E-09   0.196063E-06   0.315317E+00
 0.146997E+02   0.533430E-06   0.135080E-09   0.113077E-06   0.315317E+00
 0.147098E+02   0.287029E-06   0.573848E-10   0.608577E-07   0.315317E+00
 0.147198E+02   0.128981E-06   0.187380E-10   0.273469E-07   0.315317E+00
 0.147298E+02   0.407340E-07   0.360464E-11   0.863688E-08   0.315317E+00
 0.147398E+02   0.367907E-08   0.105436E-12   0.780138E-09   0.315317E+00
