 0.745400E-10   0.000000E+00   0.000000E+00   0.000000E+00   0.158100E-10
 0.900000E-02   0.474920E+00   0.165761E+03   0.478637E+00   0.188863E-02
 0.180000E-01   0.408684E+00   0.153046E+03   0.411732E+00   0.377621E-02
 0.270000E-01   0.367436E+00   0.147494E+03   0.370087E+00   0.566077E-02
 0.360000E-01   0.317009E+00   0.137472E+03   0.319190E+00   0.754425E-02
 0.450000E-01   0.306345E+00   0.134186E+03   0.308427E+00   0.942577E-02
 0.540000E-01   0.289836E+00   0.131187E+03   0.291773E+00   0.113078E-01
 0.630000E-01   0.296082E+00   0.138427E+03   0.298086E+00   0.131884E-01
 0.720000E-01   0.290503E+00   0.139916E+03   0.292465E+00   0.150693E-01
 0.810000E-01   0.286185E+00   0.142361E+03   0.288117E+00   0.169492E-01
 0.900000E-01   0.301268E+00   0.154408E+03   0.303350E+00   0.188285E-01
 0.990000E-01   0.332244E+00   0.176045E+03   0.334644E+00   0.207074E-01
 0.108000E+00   0.336554E+00   0.185206E+03   0.339008E+00   0.225854E-01
 0.117000E+00   0.317049E+00   0.181722E+03   0.319326E+00   0.244629E-01
 0.126000E+00   0.305394E+00   0.183015E+03   0.307571E+00   0.263399E-01
 0.135000E+00   0.289269E+00   0.181993E+03   0.291304E+00   0.282161E-01
 0.144000E+00   0.271903E+00   0.180404E+03   0.273787E+00   0.300917E-01
 0.153000E+00   0.251750E+00   0.176972E+03   0.253459E+00   0.319669E-01
 0.162000E+00   0.233089E+00   0.174235E+03   0.234637E+00   0.338413E-01
 0.171000E+00   0.219903E+00   0.175284E+03   0.221340E+00   0.357152E-01
 0.180000E+00   0.199143E+00   0.169830E+03   0.200403E+00   0.375884E-01
 0.189000E+00   0.175772E+00   0.160271E+03   0.176832E+00   0.394610E-01
 0.198000E+00   0.157039E+00   0.152546E+03   0.157942E+00   0.413331E-01
 0.207000E+00   0.142511E+00   0.146829E+03   0.143292E+00   0.432046E-01
 0.216000E+00   0.128344E+00   0.138398E+03   0.129006E+00   0.450755E-01
 0.225000E+00   0.116172E+00   0.128680E+03   0.116732E+00   0.469459E-01
 0.234000E+00   0.106529E+00   0.118580E+03   0.107008E+00   0.488155E-01
 0.243000E+00   0.100489E+00   0.111926E+03   0.100916E+00   0.506847E-01
 0.252000E+00   0.963371E-01   0.106672E+03   0.967285E-01   0.525535E-01
 0.261000E+00   0.940009E-01   0.104675E+03   0.943721E-01   0.544215E-01
 0.270000E+00   0.927727E-01   0.105713E+03   0.931336E-01   0.562890E-01
 0.279000E+00   0.911249E-01   0.102171E+03   0.914711E-01   0.581562E-01
 0.288000E+00   0.896351E-01   0.948228E+02   0.899674E-01   0.600226E-01
 0.297000E+00   0.888873E-01   0.884980E+02   0.892123E-01   0.618887E-01
 0.306000E+00   0.884724E-01   0.804344E+02   0.887928E-01   0.637540E-01
 0.315000E+00   0.884846E-01   0.729826E+02   0.888044E-01   0.656190E-01
 0.324000E+00   0.889134E-01   0.685112E+02   0.892366E-01   0.674834E-01
 0.333000E+00   0.894893E-01   0.636116E+02   0.898174E-01   0.693475E-01
 0.342000E+00   0.902046E-01   0.592174E+02   0.905392E-01   0.712109E-01
 0.351000E+00   0.910447E-01   0.552338E+02   0.913871E-01   0.730738E-01
 0.360000E+00   0.918783E-01   0.520209E+02   0.922286E-01   0.749364E-01
 0.369000E+00   0.927602E-01   0.493052E+02   0.931192E-01   0.767983E-01
 0.378000E+00   0.938009E-01   0.469498E+02   0.941703E-01   0.786603E-01
 0.387000E+00   0.948590E-01   0.459016E+02   0.952393E-01   0.805201E-01
 0.396000E+00   0.959140E-01   0.442385E+02   0.963053E-01   0.823843E-01
 0.405000E+00   0.969687E-01   0.424146E+02   0.973713E-01   0.842694E-01
 0.414000E+00   0.981264E-01   0.420794E+02   0.985418E-01   0.861546E-01
 0.423000E+00   0.994390E-01   0.410173E+02   0.998694E-01   0.880217E-01
 0.432000E+00   0.100888E+00   0.400887E+02   0.101335E+00   0.898767E-01
 0.441000E+00   0.102424E+00   0.403477E+02   0.102890E+00   0.917307E-01
 0.450000E+00   0.104015E+00   0.398031E+02   0.104501E+00   0.935885E-01
 0.459000E+00   0.105678E+00   0.396189E+02   0.106186E+00   0.954479E-01
 0.468000E+00   0.107434E+00   0.390348E+02   0.107965E+00   0.973061E-01
 0.477000E+00   0.109293E+00   0.389630E+02   0.109848E+00   0.991625E-01
 0.486000E+00   0.111256E+00   0.382182E+02   0.111838E+00   0.101018E+00
 0.495000E+00   0.113325E+00   0.360890E+02   0.113936E+00   0.102873E+00
 0.504000E+00   0.115506E+00   0.341695E+02   0.116150E+00   0.104727E+00
 0.513000E+00   0.117808E+00   0.324437E+02   0.118485E+00   0.106581E+00
 0.522000E+00   0.120235E+00   0.308666E+02   0.120950E+00   0.108434E+00
 0.531000E+00   0.122792E+00   0.294448E+02   0.123547E+00   0.110286E+00
 0.540000E+00   0.125480E+00   0.281494E+02   0.126278E+00   0.112138E+00
 0.549000E+00   0.128298E+00   0.269642E+02   0.129142E+00   0.113988E+00
 0.558000E+00   0.131240E+00   0.258840E+02   0.132135E+00   0.115838E+00
 0.567000E+00   0.134304E+00   0.249049E+02   0.135252E+00   0.117687E+00
 0.576000E+00   0.137499E+00   0.240175E+02   0.138505E+00   0.119535E+00
 0.585000E+00   0.140839E+00   0.231892E+02   0.141907E+00   0.121382E+00
 0.594000E+00   0.144336E+00   0.224363E+02   0.145470E+00   0.123228E+00
 0.603000E+00   0.147995E+00   0.217320E+02   0.149201E+00   0.125073E+00
 0.612000E+00   0.151822E+00   0.210847E+02   0.153105E+00   0.126917E+00
 0.621000E+00   0.155821E+00   0.204860E+02   0.157188E+00   0.128761E+00
 0.630000E+00   0.159999E+00   0.199313E+02   0.161456E+00   0.130603E+00
 0.639000E+00   0.164362E+00   0.194106E+02   0.165915E+00   0.132444E+00
 0.648000E+00   0.168915E+00   0.189346E+02   0.170572E+00   0.134284E+00
 0.657000E+00   0.173663E+00   0.184956E+02   0.175432E+00   0.136123E+00
 0.666000E+00   0.178611E+00   0.180781E+02   0.180500E+00   0.137961E+00
 0.675000E+00   0.183764E+00   0.177023E+02   0.185782E+00   0.139797E+00
 0.684000E+00   0.189126E+00   0.173434E+02   0.191283E+00   0.141633E+00
 0.693000E+00   0.194702E+00   0.170153E+02   0.197007E+00   0.143467E+00
 0.702000E+00   0.200495E+00   0.167038E+02   0.202960E+00   0.145300E+00
 0.711000E+00   0.206510E+00   0.164218E+02   0.209146E+00   0.147132E+00
 0.720000E+00   0.212749E+00   0.161550E+02   0.215568E+00   0.148962E+00
 0.729000E+00   0.219217E+00   0.159092E+02   0.222232E+00   0.150791E+00
 0.738000E+00   0.225916E+00   0.156861E+02   0.229140E+00   0.152618E+00
 0.747000E+00   0.232850E+00   0.154774E+02   0.236298E+00   0.154444E+00
 0.756000E+00   0.240021E+00   0.152819E+02   0.243707E+00   0.156269E+00
 0.765000E+00   0.247431E+00   0.150929E+02   0.251372E+00   0.158092E+00
 0.774000E+00   0.255083E+00   0.149236E+02   0.259296E+00   0.159914E+00
 0.783000E+00   0.262979E+00   0.147712E+02   0.267482E+00   0.161734E+00
 0.792000E+00   0.271121E+00   0.146249E+02   0.275931E+00   0.163552E+00
 0.801000E+00   0.279510E+00   0.144852E+02   0.284648E+00   0.165369E+00
 0.810000E+00   0.288148E+00   0.143620E+02   0.293633E+00   0.167184E+00
 0.819000E+00   0.297036E+00   0.142499E+02   0.302890E+00   0.168997E+00
 0.828000E+00   0.306175E+00   0.141455E+02   0.312420E+00   0.170809E+00
 0.837000E+00   0.315565E+00   0.140456E+02   0.322224E+00   0.172619E+00
 0.846000E+00   0.325207E+00   0.139550E+02   0.332305E+00   0.174427E+00
 0.855000E+00   0.335102E+00   0.138696E+02   0.342664E+00   0.176233E+00
 0.864000E+00   0.345249E+00   0.138013E+02   0.353302E+00   0.178037E+00
 0.873000E+00   0.355649E+00   0.137290E+02   0.364219E+00   0.179839E+00
 0.882000E+00   0.366300E+00   0.136666E+02   0.375416E+00   0.181640E+00
 0.891000E+00   0.377203E+00   0.136084E+02   0.386895E+00   0.183438E+00
 0.900000E+00   0.388356E+00   0.135483E+02   0.398654E+00   0.185234E+00
 0.909000E+00   0.399758E+00   0.135006E+02   0.410695E+00   0.187028E+00
 0.918000E+00   0.411408E+00   0.134605E+02   0.423016E+00   0.188820E+00
 0.927000E+00   0.423305E+00   0.134188E+02   0.435618E+00   0.190610E+00
 0.936000E+00   0.435446E+00   0.133830E+02   0.448499E+00   0.192398E+00
 0.945000E+00   0.447830E+00   0.133544E+02   0.461659E+00   0.194183E+00
 0.954000E+00   0.460454E+00   0.133254E+02   0.475097E+00   0.195967E+00
 0.963000E+00   0.473316E+00   0.133024E+02   0.488811E+00   0.197748E+00
 0.972000E+00   0.486414E+00   0.132782E+02   0.502800E+00   0.199526E+00
 0.981000E+00   0.499743E+00   0.132615E+02   0.517061E+00   0.201302E+00
 0.990000E+00   0.513301E+00   0.132500E+02   0.531593E+00   0.203076E+00
 0.999000E+00   0.527085E+00   0.132361E+02   0.546393E+00   0.204847E+00
 0.100800E+01   0.541090E+00   0.132230E+02   0.561458E+00   0.206616E+00
 0.101700E+01   0.555314E+00   0.132158E+02   0.576786E+00   0.208382E+00
 0.102600E+01   0.569750E+00   0.132052E+02   0.592373E+00   0.210146E+00
 0.103500E+01   0.584396E+00   0.132033E+02   0.608216E+00   0.211907E+00
 0.104400E+01   0.599247E+00   0.131929E+02   0.624311E+00   0.213666E+00
 0.105300E+01   0.614297E+00   0.131936E+02   0.640654E+00   0.215421E+00
 0.106200E+01   0.629541E+00   0.131981E+02   0.657241E+00   0.217175E+00
 0.107100E+01   0.644975E+00   0.132018E+02   0.674067E+00   0.218925E+00
 0.108000E+01   0.660593E+00   0.131965E+02   0.691128E+00   0.220672E+00
 0.108900E+01   0.676389E+00   0.132072E+02   0.708418E+00   0.222417E+00
 0.109800E+01   0.692356E+00   0.132120E+02   0.725933E+00   0.224159E+00
 0.110700E+01   0.708490E+00   0.132192E+02   0.743667E+00   0.225898E+00
 0.111600E+01   0.724783E+00   0.132250E+02   0.761613E+00   0.227634E+00
 0.112500E+01   0.741230E+00   0.132293E+02   0.779767E+00   0.229367E+00
 0.113400E+01   0.757823E+00   0.132395E+02   0.798122E+00   0.231098E+00
 0.114300E+01   0.774555E+00   0.132500E+02   0.816671E+00   0.232825E+00
 0.115200E+01   0.791421E+00   0.132610E+02   0.835409E+00   0.234549E+00
 0.116100E+01   0.808412E+00   0.132786E+02   0.854327E+00   0.236270E+00
 0.117000E+01   0.825521E+00   0.132884E+02   0.873420E+00   0.237988E+00
 0.117900E+01   0.842742E+00   0.132966E+02   0.892679E+00   0.239703E+00
 0.118800E+01   0.860067E+00   0.133092E+02   0.912099E+00   0.241414E+00
 0.119700E+01   0.877488E+00   0.133216E+02   0.931670E+00   0.243123E+00
 0.120600E+01   0.894997E+00   0.133347E+02   0.951386E+00   0.244828E+00
 0.121500E+01   0.912588E+00   0.133503E+02   0.971239E+00   0.246530E+00
 0.122400E+01   0.930252E+00   0.133715E+02   0.991220E+00   0.248229E+00
 0.123300E+01   0.947982E+00   0.133829E+02   0.101132E+01   0.249924E+00
 0.124200E+01   0.965771E+00   0.133993E+02   0.103154E+01   0.251616E+00
 0.125100E+01   0.983610E+00   0.134127E+02   0.105186E+01   0.253305E+00
 0.126000E+01   0.100149E+01   0.134239E+02   0.107228E+01   0.254990E+00
 0.126900E+01   0.101941E+01   0.134437E+02   0.109278E+01   0.256672E+00
 0.127800E+01   0.103735E+01   0.134599E+02   0.111337E+01   0.258351E+00
 0.128700E+01   0.105532E+01   0.134745E+02   0.113403E+01   0.260026E+00
 0.129600E+01   0.107330E+01   0.134859E+02   0.115475E+01   0.261698E+00
 0.130500E+01   0.109128E+01   0.134997E+02   0.117553E+01   0.263366E+00
 0.131400E+01   0.110926E+01   0.135160E+02   0.119635E+01   0.265031E+00
 0.132300E+01   0.112723E+01   0.135367E+02   0.121722E+01   0.266692E+00
 0.133200E+01   0.114519E+01   0.135480E+02   0.123812E+01   0.268350E+00
 0.134100E+01   0.116312E+01   0.135632E+02   0.125904E+01   0.270004E+00
 0.135000E+01   0.118102E+01   0.135769E+02   0.127997E+01   0.271654E+00
 0.135900E+01   0.119889E+01   0.135976E+02   0.130092E+01   0.273301E+00
 0.136800E+01   0.121671E+01   0.136080E+02   0.132186E+01   0.274945E+00
 0.137700E+01   0.123448E+01   0.136234E+02   0.134280E+01   0.276585E+00
 0.138600E+01   0.125220E+01   0.136414E+02   0.136372E+01   0.278221E+00
 0.139500E+01   0.126985E+01   0.136553E+02   0.138462E+01   0.279853E+00
 0.140400E+01   0.128744E+01   0.136679E+02   0.140549E+01   0.281482E+00
 0.141300E+01   0.130496E+01   0.136856E+02   0.142632E+01   0.283108E+00
 0.142200E+01   0.132239E+01   0.136993E+02   0.144711E+01   0.284729E+00
 0.143100E+01   0.133975E+01   0.137086E+02   0.146785E+01   0.286347E+00
 0.144000E+01   0.135701E+01   0.137276E+02   0.148854E+01   0.287961E+00
 0.144900E+01   0.137418E+01   0.137314E+02   0.150916E+01   0.289572E+00
 0.145800E+01   0.139125E+01   0.137501E+02   0.152972E+01   0.291179E+00
 0.146700E+01   0.140822E+01   0.137647E+02   0.155020E+01   0.292782E+00
 0.147600E+01   0.142509E+01   0.137727E+02   0.157060E+01   0.294382E+00
 0.148500E+01   0.144184E+01   0.137862E+02   0.159091E+01   0.295978E+00
 0.149400E+01   0.145848E+01   0.137993E+02   0.161113E+01   0.297570E+00
 0.150300E+01   0.147500E+01   0.138107E+02   0.163126E+01   0.299158E+00
 0.151200E+01   0.149139E+01   0.138188E+02   0.165129E+01   0.300743E+00
 0.152100E+01   0.150767E+01   0.138301E+02   0.167121E+01   0.302324E+00
 0.153000E+01   0.152381E+01   0.138469E+02   0.169102E+01   0.303902E+00
 0.153900E+01   0.153983E+01   0.138571E+02   0.171072E+01   0.305475E+00
 0.154800E+01   0.155571E+01   0.138682E+02   0.173030E+01   0.307045E+00
 0.155700E+01   0.157145E+01   0.138769E+02   0.174976E+01   0.308612E+00
 0.156600E+01   0.158706E+01   0.138795E+02   0.176909E+01   0.310174E+00
 0.157500E+01   0.160253E+01   0.138966E+02   0.178829E+01   0.311733E+00
 0.158400E+01   0.161785E+01   0.139076E+02   0.180737E+01   0.313288E+00
 0.159300E+01   0.163303E+01   0.139159E+02   0.182630E+01   0.314840E+00
 0.160200E+01   0.164807E+01   0.139190E+02   0.184510E+01   0.316388E+00
 0.161100E+01   0.166296E+01   0.139284E+02   0.186375E+01   0.317932E+00
 0.162000E+01   0.167770E+01   0.139341E+02   0.188227E+01   0.319472E+00
 0.162900E+01   0.169230E+01   0.139496E+02   0.190063E+01   0.321009E+00
 0.163800E+01   0.170674E+01   0.139557E+02   0.191885E+01   0.322542E+00
 0.164700E+01   0.172103E+01   0.139650E+02   0.193692E+01   0.324072E+00
 0.165600E+01   0.173517E+01   0.139719E+02   0.195484E+01   0.325598E+00
 0.166500E+01   0.174916E+01   0.139760E+02   0.197260E+01   0.327120E+00
 0.167400E+01   0.176300E+01   0.139806E+02   0.199021E+01   0.328639E+00
 0.168300E+01   0.177668E+01   0.139875E+02   0.200766E+01   0.330154E+00
 0.169200E+01   0.179021E+01   0.139944E+02   0.202495E+01   0.331665E+00
 0.170100E+01   0.180359E+01   0.140002E+02   0.204209E+01   0.333173E+00
 0.171000E+01   0.181681E+01   0.140024E+02   0.205906E+01   0.334677E+00
 0.171900E+01   0.182988E+01   0.140143E+02   0.207588E+01   0.336178E+00
 0.172800E+01   0.184280E+01   0.140171E+02   0.209253E+01   0.337675E+00
 0.173700E+01   0.185557E+01   0.140238E+02   0.210902E+01   0.339168E+00
 0.174600E+01   0.186818E+01   0.140211E+02   0.212535E+01   0.340658E+00
 0.175500E+01   0.188065E+01   0.140327E+02   0.214151E+01   0.342145E+00
 0.176400E+01   0.189296E+01   0.140305E+02   0.215752E+01   0.343628E+00
 0.177300E+01   0.190512E+01   0.140346E+02   0.217336E+01   0.345107E+00
 0.178200E+01   0.191714E+01   0.140442E+02   0.218903E+01   0.346583E+00
 0.179100E+01   0.192900E+01   0.140479E+02   0.220455E+01   0.348056E+00
 0.180000E+01   0.194071E+01   0.140503E+02   0.221990E+01   0.349525E+00
 0.180900E+01   0.195228E+01   0.140485E+02   0.223509E+01   0.350990E+00
 0.181800E+01   0.196371E+01   0.140565E+02   0.225011E+01   0.352452E+00
 0.182700E+01   0.197498E+01   0.140626E+02   0.226498E+01   0.353911E+00
 0.183600E+01   0.198612E+01   0.140629E+02   0.227968E+01   0.355366E+00
 0.184500E+01   0.199711E+01   0.140679E+02   0.229422E+01   0.356818E+00
 0.185400E+01   0.200796E+01   0.140658E+02   0.230860E+01   0.358266E+00
 0.186300E+01   0.201866E+01   0.140657E+02   0.232282E+01   0.359711E+00
 0.187200E+01   0.202923E+01   0.140756E+02   0.233688E+01   0.361153E+00
 0.188100E+01   0.203966E+01   0.140688E+02   0.235079E+01   0.362591E+00
 0.189000E+01   0.204995E+01   0.140792E+02   0.236453E+01   0.364026E+00
 0.189900E+01   0.206011E+01   0.140807E+02   0.237812E+01   0.365458E+00
 0.190800E+01   0.207013E+01   0.140804E+02   0.239156E+01   0.366886E+00
 0.191700E+01   0.208002E+01   0.140812E+02   0.240484E+01   0.368311E+00
 0.192600E+01   0.208977E+01   0.140830E+02   0.241796E+01   0.369733E+00
 0.193500E+01   0.209940E+01   0.140773E+02   0.243093E+01   0.371152E+00
 0.194400E+01   0.210889E+01   0.140834E+02   0.244375E+01   0.372567E+00
 0.195300E+01   0.211826E+01   0.140801E+02   0.245642E+01   0.373979E+00
 0.196200E+01   0.212750E+01   0.140859E+02   0.246894E+01   0.375388E+00
 0.197100E+01   0.213662E+01   0.140820E+02   0.248131E+01   0.376794E+00
 0.198000E+01   0.214561E+01   0.140835E+02   0.249354E+01   0.378196E+00
 0.198900E+01   0.215448E+01   0.140870E+02   0.250562E+01   0.379595E+00
 0.199800E+01   0.216323E+01   0.140812E+02   0.251755E+01   0.380991E+00
 0.200700E+01   0.217186E+01   0.140872E+02   0.252934E+01   0.382384E+00
 0.201600E+01   0.218037E+01   0.140848E+02   0.254099E+01   0.383774E+00
 0.202500E+01   0.218876E+01   0.140803E+02   0.255250E+01   0.385161E+00
 0.203400E+01   0.219704E+01   0.140790E+02   0.256386E+01   0.386544E+00
 0.204300E+01   0.220521E+01   0.140833E+02   0.257509E+01   0.387925E+00
 0.205200E+01   0.221326E+01   0.140834E+02   0.258618E+01   0.389302E+00
 0.206100E+01   0.222120E+01   0.140824E+02   0.259714E+01   0.390676E+00
 0.207000E+01   0.222903E+01   0.140798E+02   0.260796E+01   0.392048E+00
 0.207900E+01   0.223675E+01   0.140740E+02   0.261865E+01   0.393416E+00
 0.208800E+01   0.224437E+01   0.140784E+02   0.262921E+01   0.394781E+00
 0.209700E+01   0.225188E+01   0.140802E+02   0.263963E+01   0.396144E+00
 0.210600E+01   0.225928E+01   0.140759E+02   0.264993E+01   0.397503E+00
 0.211500E+01   0.226659E+01   0.140757E+02   0.266010E+01   0.398859E+00
 0.212400E+01   0.227379E+01   0.140723E+02   0.267014E+01   0.400213E+00
 0.213300E+01   0.228089E+01   0.140717E+02   0.268006E+01   0.401563E+00
 0.214200E+01   0.228789E+01   0.140709E+02   0.268985E+01   0.402911E+00
 0.215100E+01   0.229479E+01   0.140682E+02   0.269952E+01   0.404255E+00
 0.216000E+01   0.230160E+01   0.140612E+02   0.270907E+01   0.405597E+00
 0.216900E+01   0.230831E+01   0.140630E+02   0.271850E+01   0.406936E+00
 0.217800E+01   0.231493E+01   0.140602E+02   0.272781E+01   0.408272E+00
 0.218700E+01   0.232146E+01   0.140591E+02   0.273700E+01   0.409605E+00
 0.219600E+01   0.232789E+01   0.140563E+02   0.274608E+01   0.410935E+00
 0.220500E+01   0.233424E+01   0.140489E+02   0.275505E+01   0.412263E+00
 0.221400E+01   0.234050E+01   0.140473E+02   0.276390E+01   0.413587E+00
 0.222300E+01   0.234667E+01   0.140462E+02   0.277264E+01   0.414909E+00
 0.223200E+01   0.235275E+01   0.140484E+02   0.278127E+01   0.416228E+00
 0.224100E+01   0.235875E+01   0.140400E+02   0.278978E+01   0.417545E+00
 0.225000E+01   0.236466E+01   0.140372E+02   0.279820E+01   0.418858E+00
 0.225900E+01   0.237049E+01   0.140355E+02   0.280650E+01   0.420169E+00
 0.226800E+01   0.237624E+01   0.140312E+02   0.281470E+01   0.421477E+00
 0.227700E+01   0.238191E+01   0.140344E+02   0.282279E+01   0.422783E+00
 0.228600E+01   0.238750E+01   0.140314E+02   0.283078E+01   0.424085E+00
 0.229500E+01   0.239301E+01   0.140298E+02   0.283867E+01   0.425385E+00
 0.230400E+01   0.239844E+01   0.140195E+02   0.284646E+01   0.426683E+00
 0.231300E+01   0.240380E+01   0.140196E+02   0.285415E+01   0.427978E+00
 0.232200E+01   0.240909E+01   0.140195E+02   0.286175E+01   0.429270E+00
 0.233100E+01   0.241429E+01   0.140104E+02   0.286924E+01   0.430559E+00
 0.234000E+01   0.241943E+01   0.140116E+02   0.287664E+01   0.431846E+00
 0.234900E+01   0.242450E+01   0.140128E+02   0.288394E+01   0.433130E+00
 0.235800E+01   0.242949E+01   0.140054E+02   0.289115E+01   0.434412E+00
 0.236700E+01   0.243441E+01   0.140029E+02   0.289827E+01   0.435691E+00
 0.237600E+01   0.243927E+01   0.139945E+02   0.290530E+01   0.436968E+00
 0.238500E+01   0.244406E+01   0.139980E+02   0.291224E+01   0.438242E+00
 0.239400E+01   0.244878E+01   0.139920E+02   0.291909E+01   0.439513E+00
 0.240300E+01   0.245343E+01   0.139929E+02   0.292585E+01   0.440782E+00
 0.241200E+01   0.245802E+01   0.139806E+02   0.293252E+01   0.442048E+00
 0.242100E+01   0.246255E+01   0.139814E+02   0.293911E+01   0.443312E+00
 0.243000E+01   0.246701E+01   0.139739E+02   0.294561E+01   0.444574E+00
 0.243900E+01   0.247141E+01   0.139782E+02   0.295203E+01   0.445833E+00
 0.244800E+01   0.247575E+01   0.139668E+02   0.295837E+01   0.447089E+00
 0.245700E+01   0.248002E+01   0.139654E+02   0.296462E+01   0.448343E+00
 0.246600E+01   0.248424E+01   0.139640E+02   0.297080E+01   0.449595E+00
 0.247500E+01   0.248840E+01   0.139607E+02   0.297690E+01   0.450844E+00
 0.248400E+01   0.249250E+01   0.139537E+02   0.298291E+01   0.452091E+00
 0.249300E+01   0.249655E+01   0.139525E+02   0.298885E+01   0.453336E+00
 0.250200E+01   0.250054E+01   0.139442E+02   0.299472E+01   0.454578E+00
 0.251100E+01   0.250447E+01   0.139476E+02   0.300050E+01   0.455817E+00
 0.252000E+01   0.250835E+01   0.139399E+02   0.300622E+01   0.457055E+00
 0.252900E+01   0.251217E+01   0.139381E+02   0.301186E+01   0.458290E+00
 0.253800E+01   0.251594E+01   0.139364E+02   0.301742E+01   0.459523E+00
 0.254700E+01   0.251966E+01   0.139292E+02   0.302292E+01   0.460753E+00
 0.255600E+01   0.252333E+01   0.139202E+02   0.302834E+01   0.461981E+00
 0.256500E+01   0.252695E+01   0.139205E+02   0.303370E+01   0.463207E+00
 0.257400E+01   0.253051E+01   0.139115E+02   0.303898E+01   0.464430E+00
 0.258300E+01   0.253403E+01   0.139125E+02   0.304420E+01   0.465651E+00
 0.259200E+01   0.253749E+01   0.139056E+02   0.304935E+01   0.466870E+00
 0.260100E+01   0.254091E+01   0.139010E+02   0.305443E+01   0.468087E+00
 0.261000E+01   0.254429E+01   0.138998E+02   0.305945E+01   0.469301E+00
 0.261900E+01   0.254761E+01   0.138977E+02   0.306440E+01   0.470513E+00
 0.262800E+01   0.255089E+01   0.138880E+02   0.306929E+01   0.471723E+00
 0.263700E+01   0.255412E+01   0.138879E+02   0.307411E+01   0.472931E+00
 0.264600E+01   0.255731E+01   0.138862E+02   0.307887E+01   0.474137E+00
 0.265500E+01   0.256046E+01   0.138763E+02   0.308357E+01   0.475340E+00
 0.266400E+01   0.256356E+01   0.138781E+02   0.308821E+01   0.476541E+00
 0.267300E+01   0.256661E+01   0.138645E+02   0.309279E+01   0.477740E+00
 0.268200E+01   0.256963E+01   0.138648E+02   0.309731E+01   0.478937E+00
 0.269100E+01   0.257260E+01   0.138603E+02   0.310177E+01   0.480132E+00
 0.270000E+01   0.257554E+01   0.138608E+02   0.310618E+01   0.481325E+00
 0.270900E+01   0.257843E+01   0.138478E+02   0.311052E+01   0.482515E+00
 0.271800E+01   0.258128E+01   0.138515E+02   0.311481E+01   0.483704E+00
 0.272700E+01   0.258409E+01   0.138460E+02   0.311905E+01   0.484890E+00
 0.273600E+01   0.258686E+01   0.138409E+02   0.312322E+01   0.486074E+00
 0.274500E+01   0.258960E+01   0.138352E+02   0.312735E+01   0.487256E+00
 0.275400E+01   0.259230E+01   0.138334E+02   0.313142E+01   0.488436E+00
 0.276300E+01   0.259495E+01   0.138236E+02   0.313544E+01   0.489614E+00
 0.277200E+01   0.259758E+01   0.138232E+02   0.313940E+01   0.490790E+00
 0.278100E+01   0.260016E+01   0.138136E+02   0.314331E+01   0.491964E+00
 0.279000E+01   0.260271E+01   0.138136E+02   0.314718E+01   0.493136E+00
 0.279900E+01   0.260523E+01   0.138095E+02   0.315099E+01   0.494306E+00
 0.280800E+01   0.260771E+01   0.138018E+02   0.315475E+01   0.495474E+00
 0.281700E+01   0.261015E+01   0.138018E+02   0.315846E+01   0.496640E+00
 0.282600E+01   0.261257E+01   0.137951E+02   0.316213E+01   0.497803E+00
 0.283500E+01   0.261494E+01   0.137913E+02   0.316574E+01   0.498965E+00
 0.284400E+01   0.261729E+01   0.137814E+02   0.316931E+01   0.500125E+00
 0.285300E+01   0.261960E+01   0.137810E+02   0.317283E+01   0.501283E+00
 0.286200E+01   0.262188E+01   0.137765E+02   0.317631E+01   0.502439E+00
 0.287100E+01   0.262413E+01   0.137741E+02   0.317974E+01   0.503593E+00
 0.288000E+01   0.262635E+01   0.137699E+02   0.318312E+01   0.504745E+00
 0.288900E+01   0.262854E+01   0.137610E+02   0.318646E+01   0.505895E+00
 0.289800E+01   0.263069E+01   0.137620E+02   0.318976E+01   0.507044E+00
 0.290700E+01   0.263282E+01   0.137552E+02   0.319301E+01   0.508190E+00
 0.291600E+01   0.263492E+01   0.137448E+02   0.319622E+01   0.509334E+00
 0.292500E+01   0.263698E+01   0.137398E+02   0.319939E+01   0.510477E+00
 0.293400E+01   0.263902E+01   0.137394E+02   0.320251E+01   0.511618E+00
 0.294300E+01   0.264103E+01   0.137351E+02   0.320560E+01   0.512756E+00
 0.295200E+01   0.264301E+01   0.137269E+02   0.320864E+01   0.513893E+00
 0.296100E+01   0.264497E+01   0.137313E+02   0.321164E+01   0.515028E+00
 0.297000E+01   0.264690E+01   0.137249E+02   0.321460E+01   0.516162E+00
 0.297900E+01   0.264880E+01   0.137169E+02   0.321753E+01   0.517293E+00
 0.298800E+01   0.265067E+01   0.137078E+02   0.322041E+01   0.518423E+00
 0.299700E+01   0.265252E+01   0.137089E+02   0.322326E+01   0.519550E+00
 0.300600E+01   0.265434E+01   0.137080E+02   0.322607E+01   0.520676E+00
 0.301500E+01   0.265613E+01   0.137037E+02   0.322884E+01   0.521800E+00
 0.302400E+01   0.265791E+01   0.136914E+02   0.323157E+01   0.522923E+00
 0.303300E+01   0.265965E+01   0.136935E+02   0.323427E+01   0.524043E+00
 0.304200E+01   0.266137E+01   0.136863E+02   0.323693E+01   0.525162E+00
 0.305100E+01   0.266307E+01   0.136836E+02   0.323955E+01   0.526279E+00
 0.306000E+01   0.266474E+01   0.136745E+02   0.324214E+01   0.527394E+00
 0.306900E+01   0.266639E+01   0.136668E+02   0.324470E+01   0.528508E+00
 0.307800E+01   0.266802E+01   0.136708E+02   0.324722E+01   0.529619E+00
 0.308700E+01   0.266962E+01   0.136657E+02   0.324970E+01   0.530729E+00
 0.309600E+01   0.267120E+01   0.136597E+02   0.325215E+01   0.531838E+00
 0.310500E+01   0.267276E+01   0.136552E+02   0.325457E+01   0.532944E+00
 0.311400E+01   0.267430E+01   0.136523E+02   0.325696E+01   0.534049E+00
 0.312300E+01   0.267581E+01   0.136401E+02   0.325931E+01   0.535152E+00
 0.313200E+01   0.267730E+01   0.136385E+02   0.326164E+01   0.536253E+00
 0.314100E+01   0.267877E+01   0.136381E+02   0.326393E+01   0.537353E+00
 0.315000E+01   0.268022E+01   0.136259E+02   0.326618E+01   0.538451E+00
 0.315900E+01   0.268165E+01   0.136238E+02   0.326841E+01   0.539547E+00
 0.316800E+01   0.268306E+01   0.136186E+02   0.327061E+01   0.540642E+00
 0.317700E+01   0.268445E+01   0.136152E+02   0.327278E+01   0.541735E+00
 0.318600E+01   0.268582E+01   0.136117E+02   0.327491E+01   0.542826E+00
 0.319500E+01   0.268717E+01   0.136099E+02   0.327702E+01   0.543916E+00
 0.320400E+01   0.268850E+01   0.136048E+02   0.327910E+01   0.545004E+00
 0.321300E+01   0.268981E+01   0.135985E+02   0.328115E+01   0.546090E+00
 0.322200E+01   0.269110E+01   0.135950E+02   0.328317E+01   0.547175E+00
 0.323100E+01   0.269237E+01   0.135935E+02   0.328516E+01   0.548258E+00
 0.324000E+01   0.269363E+01   0.135888E+02   0.328713E+01   0.549340E+00
 0.324900E+01   0.269486E+01   0.135833E+02   0.328907E+01   0.550420E+00
 0.325800E+01   0.269608E+01   0.135721E+02   0.329098E+01   0.551498E+00
 0.326700E+01   0.269728E+01   0.135698E+02   0.329286E+01   0.552575E+00
 0.327600E+01   0.269847E+01   0.135666E+02   0.329472E+01   0.553650E+00
 0.328500E+01   0.269963E+01   0.135596E+02   0.329655E+01   0.554724E+00
 0.329400E+01   0.270078E+01   0.135552E+02   0.329835E+01   0.555796E+00
 0.330300E+01   0.270191E+01   0.135520E+02   0.330013E+01   0.556866E+00
 0.331200E+01   0.270303E+01   0.135491E+02   0.330189E+01   0.557935E+00
 0.332100E+01   0.270412E+01   0.135443E+02   0.330362E+01   0.559002E+00
 0.333000E+01   0.270521E+01   0.135421E+02   0.330532E+01   0.560068E+00
 0.333900E+01   0.270627E+01   0.135381E+02   0.330700E+01   0.561132E+00
 0.334800E+01   0.270732E+01   0.135292E+02   0.330866E+01   0.562195E+00
 0.335700E+01   0.270836E+01   0.135291E+02   0.331029E+01   0.563256E+00
 0.336600E+01   0.270938E+01   0.135216E+02   0.331190E+01   0.564316E+00
 0.337500E+01   0.271038E+01   0.135158E+02   0.331348E+01   0.565374E+00
 0.338400E+01   0.271137E+01   0.135149E+02   0.331504E+01   0.566431E+00
 0.339300E+01   0.271234E+01   0.135105E+02   0.331658E+01   0.567486E+00
 0.340200E+01   0.271330E+01   0.135072E+02   0.331810E+01   0.568539E+00
 0.341100E+01   0.271424E+01   0.135044E+02   0.331959E+01   0.569591E+00
 0.342000E+01   0.271517E+01   0.134910E+02   0.332106E+01   0.570642E+00
 0.342900E+01   0.271609E+01   0.134902E+02   0.332251E+01   0.571691E+00
 0.343800E+01   0.271699E+01   0.134888E+02   0.332394E+01   0.572739E+00
 0.344700E+01   0.271788E+01   0.134823E+02   0.332535E+01   0.573785E+00
 0.345600E+01   0.271875E+01   0.134789E+02   0.332673E+01   0.574830E+00
 0.346500E+01   0.271961E+01   0.134708E+02   0.332810E+01   0.575873E+00
 0.347400E+01   0.272046E+01   0.134678E+02   0.332944E+01   0.576915E+00
 0.348300E+01   0.272129E+01   0.134634E+02   0.333077E+01   0.577956E+00
 0.349200E+01   0.272211E+01   0.134559E+02   0.333207E+01   0.578995E+00
 0.350100E+01   0.272292E+01   0.134549E+02   0.333336E+01   0.580032E+00
 0.351000E+01   0.272371E+01   0.134504E+02   0.333462E+01   0.581068E+00
 0.351900E+01   0.272450E+01   0.134485E+02   0.333587E+01   0.582103E+00
 0.352800E+01   0.272527E+01   0.134425E+02   0.333709E+01   0.583136E+00
 0.353700E+01   0.272602E+01   0.134405E+02   0.333830E+01   0.584168E+00
 0.354600E+01   0.272677E+01   0.134325E+02   0.333949E+01   0.585199E+00
 0.355500E+01   0.272750E+01   0.134255E+02   0.334066E+01   0.586228E+00
 0.356400E+01   0.272822E+01   0.134202E+02   0.334181E+01   0.587255E+00
 0.357300E+01   0.272893E+01   0.134165E+02   0.334294E+01   0.588282E+00
 0.358200E+01   0.272963E+01   0.134122E+02   0.334405E+01   0.589307E+00
 0.359100E+01   0.273032E+01   0.134106E+02   0.334515E+01   0.590330E+00
 0.360000E+01   0.273100E+01   0.134074E+02   0.334623E+01   0.591353E+00
 0.360900E+01   0.273166E+01   0.134032E+02   0.334729E+01   0.592373E+00
 0.361800E+01   0.273231E+01   0.133981E+02   0.334834E+01   0.593393E+00
 0.362700E+01   0.273296E+01   0.133993E+02   0.334936E+01   0.594411E+00
 0.363600E+01   0.273359E+01   0.133951E+02   0.335037E+01   0.595428E+00
 0.364500E+01   0.273421E+01   0.133888E+02   0.335137E+01   0.596443E+00
 0.365400E+01   0.273482E+01   0.133793E+02   0.335235E+01   0.597457E+00
 0.366300E+01   0.273542E+01   0.133794E+02   0.335331E+01   0.598470E+00
 0.367200E+01   0.273601E+01   0.133751E+02   0.335425E+01   0.599482E+00
 0.368100E+01   0.273659E+01   0.133701E+02   0.335518E+01   0.600492E+00
 0.369000E+01   0.273716E+01   0.133688E+02   0.335610E+01   0.601501E+00
 0.369900E+01   0.273772E+01   0.133556E+02   0.335699E+01   0.602508E+00
 0.370800E+01   0.273827E+01   0.133540E+02   0.335788E+01   0.603514E+00
 0.371700E+01   0.273881E+01   0.133498E+02   0.335874E+01   0.604519E+00
 0.372600E+01   0.273934E+01   0.133445E+02   0.335960E+01   0.605523E+00
 0.373500E+01   0.273986E+01   0.133439E+02   0.336043E+01   0.606525E+00
 0.374400E+01   0.274037E+01   0.133414E+02   0.336126E+01   0.607526E+00
 0.375300E+01   0.274087E+01   0.133378E+02   0.336206E+01   0.608526E+00
 0.376200E+01   0.274136E+01   0.133300E+02   0.336286E+01   0.609524E+00
 0.377100E+01   0.274185E+01   0.133244E+02   0.336364E+01   0.610521E+00
 0.378000E+01   0.274232E+01   0.133261E+02   0.336440E+01   0.611517E+00
 0.378900E+01   0.274279E+01   0.133183E+02   0.336515E+01   0.612512E+00
 0.379800E+01   0.274325E+01   0.133123E+02   0.336589E+01   0.613505E+00
 0.380700E+01   0.274370E+01   0.133064E+02   0.336661E+01   0.614498E+00
 0.381600E+01   0.274414E+01   0.133084E+02   0.336732E+01   0.615488E+00
 0.382500E+01   0.274457E+01   0.133029E+02   0.336802E+01   0.616478E+00
 0.383400E+01   0.274499E+01   0.132971E+02   0.336870E+01   0.617467E+00
 0.384300E+01   0.274541E+01   0.132899E+02   0.336937E+01   0.618454E+00
 0.385200E+01   0.274581E+01   0.132938E+02   0.337003E+01   0.619440E+00
 0.386100E+01   0.274621E+01   0.132843E+02   0.337068E+01   0.620424E+00
 0.387000E+01   0.274660E+01   0.132852E+02   0.337131E+01   0.621408E+00
 0.387900E+01   0.274699E+01   0.132815E+02   0.337193E+01   0.622390E+00
 0.388800E+01   0.274736E+01   0.132741E+02   0.337253E+01   0.623371E+00
 0.389700E+01   0.274773E+01   0.132642E+02   0.337313E+01   0.624351E+00
 0.390600E+01   0.274809E+01   0.132678E+02   0.337371E+01   0.625330E+00
 0.391500E+01   0.274844E+01   0.132627E+02   0.337428E+01   0.626307E+00
 0.392400E+01   0.274879E+01   0.132583E+02   0.337484E+01   0.627284E+00
 0.393300E+01   0.274912E+01   0.132555E+02   0.337539E+01   0.628259E+00
 0.394200E+01   0.274945E+01   0.132432E+02   0.337592E+01   0.629233E+00
 0.395100E+01   0.274978E+01   0.132436E+02   0.337645E+01   0.630205E+00
 0.396000E+01   0.275009E+01   0.132396E+02   0.337696E+01   0.631177E+00
 0.396900E+01   0.275040E+01   0.132408E+02   0.337746E+01   0.632147E+00
 0.397800E+01   0.275070E+01   0.132324E+02   0.337795E+01   0.633116E+00
 0.398700E+01   0.275100E+01   0.132319E+02   0.337843E+01   0.634084E+00
 0.399600E+01   0.275129E+01   0.132269E+02   0.337890E+01   0.635051E+00
 0.400500E+01   0.275157E+01   0.132191E+02   0.337935E+01   0.636017E+00
 0.401400E+01   0.275184E+01   0.132164E+02   0.337980E+01   0.636982E+00
 0.402300E+01   0.275211E+01   0.132146E+02   0.338024E+01   0.637945E+00
 0.403200E+01   0.275237E+01   0.132093E+02   0.338066E+01   0.638907E+00
 0.404100E+01   0.275263E+01   0.132069E+02   0.338108E+01   0.639868E+00
 0.405000E+01   0.275287E+01   0.132022E+02   0.338148E+01   0.640828E+00
 0.405900E+01   0.275312E+01   0.131974E+02   0.338188E+01   0.641787E+00
 0.406800E+01   0.275335E+01   0.131882E+02   0.338226E+01   0.642745E+00
 0.407700E+01   0.275358E+01   0.131903E+02   0.338264E+01   0.643702E+00
 0.408600E+01   0.275381E+01   0.131829E+02   0.338300E+01   0.644657E+00
 0.409500E+01   0.275402E+01   0.131818E+02   0.338336E+01   0.645612E+00
 0.410400E+01   0.275424E+01   0.131794E+02   0.338370E+01   0.646565E+00
 0.411300E+01   0.275444E+01   0.131733E+02   0.338404E+01   0.647517E+00
 0.412200E+01   0.275464E+01   0.131721E+02   0.338436E+01   0.648468E+00
 0.413100E+01   0.275484E+01   0.131609E+02   0.338468E+01   0.649418E+00
 0.414000E+01   0.275503E+01   0.131583E+02   0.338499E+01   0.650367E+00
 0.414900E+01   0.275521E+01   0.131534E+02   0.338529E+01   0.651315E+00
 0.415800E+01   0.275539E+01   0.131480E+02   0.338558E+01   0.652261E+00
 0.416700E+01   0.275556E+01   0.131525E+02   0.338586E+01   0.653207E+00
 0.417600E+01   0.275572E+01   0.131414E+02   0.338613E+01   0.654151E+00
 0.418500E+01   0.275589E+01   0.131402E+02   0.338639E+01   0.655095E+00
 0.419400E+01   0.275604E+01   0.131409E+02   0.338665E+01   0.656037E+00
 0.420300E+01   0.275619E+01   0.131347E+02   0.338689E+01   0.656978E+00
 0.421200E+01   0.275634E+01   0.131310E+02   0.338713E+01   0.657919E+00
 0.422100E+01   0.275648E+01   0.131259E+02   0.338736E+01   0.658858E+00
 0.423000E+01   0.275661E+01   0.131198E+02   0.338758E+01   0.659796E+00
 0.423900E+01   0.275674E+01   0.131189E+02   0.338779E+01   0.660733E+00
 0.424800E+01   0.275687E+01   0.131124E+02   0.338800E+01   0.661669E+00
 0.425700E+01   0.275699E+01   0.131096E+02   0.338819E+01   0.662604E+00
 0.426600E+01   0.275710E+01   0.131060E+02   0.338838E+01   0.663538E+00
 0.427500E+01   0.275721E+01   0.131031E+02   0.338856E+01   0.664471E+00
 0.428400E+01   0.275732E+01   0.131007E+02   0.338873E+01   0.665402E+00
 0.429300E+01   0.275742E+01   0.130945E+02   0.338890E+01   0.666333E+00
 0.430200E+01   0.275751E+01   0.130905E+02   0.338906E+01   0.667263E+00
 0.431100E+01   0.275760E+01   0.130843E+02   0.338920E+01   0.668192E+00
 0.432000E+01   0.275769E+01   0.130879E+02   0.338935E+01   0.669119E+00
 0.432900E+01   0.275777E+01   0.130834E+02   0.338948E+01   0.670046E+00
 0.433800E+01   0.275785E+01   0.130771E+02   0.338961E+01   0.670972E+00
 0.434700E+01   0.275792E+01   0.130747E+02   0.338973E+01   0.671896E+00
 0.435600E+01   0.275799E+01   0.130710E+02   0.338984E+01   0.672820E+00
 0.436500E+01   0.275805E+01   0.130655E+02   0.338995E+01   0.673743E+00
 0.437400E+01   0.275811E+01   0.130644E+02   0.339004E+01   0.674664E+00
 0.438300E+01   0.275817E+01   0.130570E+02   0.339014E+01   0.675585E+00
 0.439200E+01   0.275822E+01   0.130572E+02   0.339022E+01   0.676504E+00
 0.440100E+01   0.275827E+01   0.130540E+02   0.339030E+01   0.677423E+00
 0.441000E+01   0.275831E+01   0.130465E+02   0.339037E+01   0.678341E+00
 0.441900E+01   0.275835E+01   0.130470E+02   0.339043E+01   0.679257E+00
 0.442800E+01   0.275838E+01   0.130433E+02   0.339049E+01   0.680173E+00
 0.443700E+01   0.275842E+01   0.130400E+02   0.339054E+01   0.681088E+00
 0.444600E+01   0.275844E+01   0.130334E+02   0.339059E+01   0.682001E+00
 0.445500E+01   0.275847E+01   0.130284E+02   0.339062E+01   0.682914E+00
 0.446400E+01   0.275849E+01   0.130262E+02   0.339066E+01   0.683826E+00
 0.447300E+01   0.275850E+01   0.130212E+02   0.339068E+01   0.684736E+00
 0.448200E+01   0.275851E+01   0.130140E+02   0.339070E+01   0.685646E+00
 0.449100E+01   0.275852E+01   0.130162E+02   0.339071E+01   0.686555E+00
 0.450000E+01   0.275852E+01   0.130106E+02   0.339072E+01   0.687463E+00
 0.450900E+01   0.275852E+01   0.130101E+02   0.339072E+01   0.688370E+00
 0.451800E+01   0.275852E+01   0.130056E+02   0.339071E+01   0.689276E+00
 0.452700E+01   0.275851E+01   0.129979E+02   0.339070E+01   0.690181E+00
 0.453600E+01   0.275850E+01   0.130001E+02   0.339069E+01   0.691085E+00
 0.454500E+01   0.275849E+01   0.129953E+02   0.339066E+01   0.691988E+00
 0.455400E+01   0.275847E+01   0.129885E+02   0.339063E+01   0.692890E+00
 0.456300E+01   0.275845E+01   0.129862E+02   0.339060E+01   0.693791E+00
 0.457200E+01   0.275843E+01   0.129822E+02   0.339056E+01   0.694692E+00
 0.458100E+01   0.275840E+01   0.129735E+02   0.339051E+01   0.695591E+00
 0.459000E+01   0.275837E+01   0.129793E+02   0.339046E+01   0.696489E+00
 0.459900E+01   0.275833E+01   0.129725E+02   0.339041E+01   0.697387E+00
 0.460800E+01   0.275830E+01   0.129719E+02   0.339034E+01   0.698283E+00
 0.461700E+01   0.275826E+01   0.129611E+02   0.339028E+01   0.699179E+00
 0.462600E+01   0.275821E+01   0.129597E+02   0.339020E+01   0.700074E+00
 0.463500E+01   0.275816E+01   0.129562E+02   0.339013E+01   0.700968E+00
 0.464400E+01   0.275811E+01   0.129577E+02   0.339004E+01   0.701861E+00
 0.465300E+01   0.275806E+01   0.129460E+02   0.338995E+01   0.702753E+00
 0.466200E+01   0.275800E+01   0.129441E+02   0.338986E+01   0.703644E+00
 0.467100E+01   0.275794E+01   0.129399E+02   0.338976E+01   0.704534E+00
 0.468000E+01   0.275788E+01   0.129386E+02   0.338966E+01   0.705423E+00
 0.468900E+01   0.275782E+01   0.129313E+02   0.338955E+01   0.706312E+00
 0.469800E+01   0.275775E+01   0.129375E+02   0.338943E+01   0.707199E+00
 0.470700E+01   0.275768E+01   0.129274E+02   0.338932E+01   0.708086E+00
 0.471600E+01   0.275760E+01   0.129248E+02   0.338919E+01   0.708971E+00
 0.472500E+01   0.275752E+01   0.129212E+02   0.338906E+01   0.709856E+00
 0.473400E+01   0.275744E+01   0.129207E+02   0.338893E+01   0.710740E+00
 0.474300E+01   0.275736E+01   0.129155E+02   0.338879E+01   0.711623E+00
 0.475200E+01   0.275728E+01   0.129079E+02   0.338865E+01   0.712505E+00
 0.476100E+01   0.275719E+01   0.129081E+02   0.338851E+01   0.713386E+00
 0.477000E+01   0.275710E+01   0.129015E+02   0.338835E+01   0.714267E+00
 0.477900E+01   0.275700E+01   0.128976E+02   0.338820E+01   0.715146E+00
 0.478800E+01   0.275691E+01   0.128969E+02   0.338804E+01   0.716025E+00
 0.479700E+01   0.275681E+01   0.128969E+02   0.338787E+01   0.716903E+00
 0.480600E+01   0.275671E+01   0.128886E+02   0.338771E+01   0.717780E+00
 0.481500E+01   0.275660E+01   0.128868E+02   0.338753E+01   0.718656E+00
 0.482400E+01   0.275649E+01   0.128849E+02   0.338735E+01   0.719531E+00
 0.483300E+01   0.275638E+01   0.128834E+02   0.338717E+01   0.720405E+00
 0.484200E+01   0.275627E+01   0.128782E+02   0.338699E+01   0.721279E+00
 0.485100E+01   0.275616E+01   0.128712E+02   0.338680E+01   0.722151E+00
 0.486000E+01   0.275604E+01   0.128726E+02   0.338660E+01   0.723023E+00
 0.486900E+01   0.275592E+01   0.128691E+02   0.338640E+01   0.723894E+00
 0.487800E+01   0.275580E+01   0.128670E+02   0.338620E+01   0.724764E+00
 0.488700E+01   0.275568E+01   0.128637E+02   0.338600E+01   0.725633E+00
 0.489600E+01   0.275555E+01   0.128574E+02   0.338579E+01   0.726502E+00
 0.490500E+01   0.275542E+01   0.128599E+02   0.338557E+01   0.727369E+00
 0.491400E+01   0.275529E+01   0.128554E+02   0.338535E+01   0.728236E+00
 0.492300E+01   0.275516E+01   0.128509E+02   0.338513E+01   0.729102E+00
 0.493200E+01   0.275502E+01   0.128443E+02   0.338491E+01   0.729967E+00
 0.494100E+01   0.275489E+01   0.128409E+02   0.338468E+01   0.730831E+00
 0.495000E+01   0.275475E+01   0.128401E+02   0.338445E+01   0.731695E+00
 0.495900E+01   0.275460E+01   0.128352E+02   0.338421E+01   0.732557E+00
 0.496800E+01   0.275446E+01   0.128367E+02   0.338397E+01   0.733419E+00
 0.497700E+01   0.275431E+01   0.128300E+02   0.338372E+01   0.734280E+00
 0.498600E+01   0.275416E+01   0.128300E+02   0.338348E+01   0.735140E+00
 0.499500E+01   0.275401E+01   0.128232E+02   0.338323E+01   0.735999E+00
 0.500400E+01   0.275386E+01   0.128184E+02   0.338297E+01   0.736858E+00
 0.501300E+01   0.275371E+01   0.128118E+02   0.338271E+01   0.737716E+00
 0.502200E+01   0.275355E+01   0.128167E+02   0.338245E+01   0.738573E+00
 0.503100E+01   0.275339E+01   0.128096E+02   0.338219E+01   0.739429E+00
 0.504000E+01   0.275323E+01   0.128066E+02   0.338192E+01   0.740284E+00
 0.504900E+01   0.275307E+01   0.128068E+02   0.338165E+01   0.741138E+00
 0.505800E+01   0.275290E+01   0.127983E+02   0.338137E+01   0.741992E+00
 0.506700E+01   0.275274E+01   0.127976E+02   0.338110E+01   0.742845E+00
 0.507600E+01   0.275257E+01   0.127946E+02   0.338081E+01   0.743697E+00
 0.508500E+01   0.275240E+01   0.127947E+02   0.338053E+01   0.744548E+00
 0.509400E+01   0.275223E+01   0.127907E+02   0.338024E+01   0.745399E+00
 0.510300E+01   0.275205E+01   0.127864E+02   0.337995E+01   0.746249E+00
 0.511200E+01   0.275188E+01   0.127834E+02   0.337966E+01   0.747097E+00
 0.512100E+01   0.275170E+01   0.127762E+02   0.337936E+01   0.747946E+00
 0.513000E+01   0.275152E+01   0.127720E+02   0.337906E+01   0.748793E+00
 0.513900E+01   0.275134E+01   0.127708E+02   0.337876E+01   0.749640E+00
 0.514800E+01   0.275116E+01   0.127661E+02   0.337845E+01   0.750485E+00
 0.515700E+01   0.275097E+01   0.127650E+02   0.337814E+01   0.751330E+00
 0.516600E+01   0.275079E+01   0.127605E+02   0.337783E+01   0.752175E+00
 0.517500E+01   0.275060E+01   0.127543E+02   0.337752E+01   0.753018E+00
 0.518400E+01   0.275041E+01   0.127550E+02   0.337720E+01   0.753861E+00
 0.519300E+01   0.275022E+01   0.127573E+02   0.337688E+01   0.754703E+00
 0.520200E+01   0.275002E+01   0.127476E+02   0.337656E+01   0.755544E+00
 0.521100E+01   0.274983E+01   0.127450E+02   0.337623E+01   0.756385E+00
 0.522000E+01   0.274963E+01   0.127482E+02   0.337590E+01   0.757224E+00
 0.522900E+01   0.274943E+01   0.127436E+02   0.337557E+01   0.758063E+00
 0.523800E+01   0.274923E+01   0.127370E+02   0.337524E+01   0.758901E+00
 0.524700E+01   0.274903E+01   0.127295E+02   0.337490E+01   0.759739E+00
 0.525600E+01   0.274883E+01   0.127359E+02   0.337456E+01   0.760575E+00
 0.526500E+01   0.274863E+01   0.127277E+02   0.337422E+01   0.761411E+00
 0.527400E+01   0.274842E+01   0.127269E+02   0.337387E+01   0.762247E+00
 0.528300E+01   0.274821E+01   0.127234E+02   0.337353E+01   0.763081E+00
 0.529200E+01   0.274801E+01   0.127210E+02   0.337318E+01   0.763915E+00
 0.530100E+01   0.274780E+01   0.127154E+02   0.337282E+01   0.764748E+00
 0.531000E+01   0.274758E+01   0.127128E+02   0.337247E+01   0.765580E+00
 0.531900E+01   0.274737E+01   0.127115E+02   0.337211E+01   0.766411E+00
 0.532800E+01   0.274716E+01   0.127051E+02   0.337175E+01   0.767242E+00
 0.533700E+01   0.274694E+01   0.126998E+02   0.337139E+01   0.768072E+00
 0.534600E+01   0.274672E+01   0.126976E+02   0.337103E+01   0.768901E+00
 0.535500E+01   0.274650E+01   0.126936E+02   0.337066E+01   0.769730E+00
 0.536400E+01   0.274628E+01   0.126915E+02   0.337029E+01   0.770558E+00
 0.537300E+01   0.274606E+01   0.126889E+02   0.336992E+01   0.771385E+00
 0.538200E+01   0.274584E+01   0.126888E+02   0.336954E+01   0.772211E+00
 0.539100E+01   0.274562E+01   0.126860E+02   0.336917E+01   0.773037E+00
 0.540000E+01   0.274539E+01   0.126826E+02   0.336879E+01   0.773862E+00
 0.540900E+01   0.274516E+01   0.126801E+02   0.336841E+01   0.774686E+00
 0.541800E+01   0.274494E+01   0.126778E+02   0.336803E+01   0.775509E+00
 0.542700E+01   0.274471E+01   0.126752E+02   0.336764E+01   0.776332E+00
 0.543600E+01   0.274448E+01   0.126714E+02   0.336726E+01   0.777154E+00
 0.544500E+01   0.274425E+01   0.126714E+02   0.336687E+01   0.777976E+00
 0.545400E+01   0.274401E+01   0.126680E+02   0.336648E+01   0.778796E+00
 0.546300E+01   0.274378E+01   0.126657E+02   0.336608E+01   0.779616E+00
 0.547200E+01   0.274354E+01   0.126608E+02   0.336569E+01   0.780435E+00
 0.548100E+01   0.274331E+01   0.126573E+02   0.336529E+01   0.781254E+00
 0.549000E+01   0.274307E+01   0.126527E+02   0.336489E+01   0.782072E+00
 0.549900E+01   0.274283E+01   0.126512E+02   0.336449E+01   0.782889E+00
 0.550800E+01   0.274259E+01   0.126440E+02   0.336408E+01   0.783705E+00
 0.551700E+01   0.274235E+01   0.126454E+02   0.336368E+01   0.784521E+00
 0.552600E+01   0.274211E+01   0.126429E+02   0.336327E+01   0.785336E+00
 0.553500E+01   0.274186E+01   0.126417E+02   0.336286E+01   0.786151E+00
 0.554400E+01   0.274162E+01   0.126344E+02   0.336245E+01   0.786964E+00
 0.555300E+01   0.274137E+01   0.126335E+02   0.336204E+01   0.787777E+00
 0.556200E+01   0.274113E+01   0.126340E+02   0.336162E+01   0.788589E+00
 0.557100E+01   0.274088E+01   0.126284E+02   0.336121E+01   0.789401E+00
 0.558000E+01   0.274063E+01   0.126216E+02   0.336079E+01   0.790212E+00
 0.558900E+01   0.274038E+01   0.126260E+02   0.336037E+01   0.791022E+00
 0.559800E+01   0.274013E+01   0.126224E+02   0.335995E+01   0.791832E+00
 0.560700E+01   0.273988E+01   0.126203E+02   0.335952E+01   0.792641E+00
 0.561600E+01   0.273963E+01   0.126175E+02   0.335910E+01   0.793449E+00
 0.562500E+01   0.273937E+01   0.126083E+02   0.335867E+01   0.794256E+00
 0.563400E+01   0.273912E+01   0.126119E+02   0.335824E+01   0.795063E+00
 0.564300E+01   0.273886E+01   0.126080E+02   0.335781E+01   0.795869E+00
 0.565200E+01   0.273861E+01   0.125969E+02   0.335738E+01   0.796675E+00
 0.566100E+01   0.273835E+01   0.126005E+02   0.335694E+01   0.797480E+00
 0.567000E+01   0.273809E+01   0.125927E+02   0.335651E+01   0.798284E+00
 0.567900E+01   0.273783E+01   0.125976E+02   0.335607E+01   0.799088E+00
 0.568800E+01   0.273757E+01   0.125889E+02   0.335563E+01   0.799890E+00
 0.569700E+01   0.273731E+01   0.125883E+02   0.335519E+01   0.800693E+00
 0.570600E+01   0.273705E+01   0.125896E+02   0.335475E+01   0.801494E+00
 0.571500E+01   0.273678E+01   0.125809E+02   0.335430E+01   0.802295E+00
 0.572400E+01   0.273652E+01   0.125839E+02   0.335386E+01   0.803095E+00
 0.573300E+01   0.273625E+01   0.125795E+02   0.335341E+01   0.803895E+00
 0.574200E+01   0.273599E+01   0.125712E+02   0.335296E+01   0.804694E+00
 0.575100E+01   0.273572E+01   0.125705E+02   0.335251E+01   0.805492E+00
 0.576000E+01   0.273545E+01   0.125716E+02   0.335206E+01   0.806290E+00
 0.576900E+01   0.273519E+01   0.125688E+02   0.335161E+01   0.807087E+00
 0.577800E+01   0.273492E+01   0.125619E+02   0.335115E+01   0.807883E+00
 0.578700E+01   0.273465E+01   0.125609E+02   0.335070E+01   0.808679E+00
 0.579600E+01   0.273438E+01   0.125592E+02   0.335024E+01   0.809474E+00
 0.580500E+01   0.273410E+01   0.125592E+02   0.334978E+01   0.810268E+00
 0.581400E+01   0.273383E+01   0.125480E+02   0.334932E+01   0.811062E+00
 0.582300E+01   0.273356E+01   0.125512E+02   0.334886E+01   0.811855E+00
 0.583200E+01   0.273328E+01   0.125486E+02   0.334840E+01   0.812647E+00
 0.584100E+01   0.273301E+01   0.125435E+02   0.334793E+01   0.813439E+00
 0.585000E+01   0.273273E+01   0.125457E+02   0.334747E+01   0.814230E+00
 0.585900E+01   0.273246E+01   0.125393E+02   0.334700E+01   0.815021E+00
 0.586800E+01   0.273218E+01   0.125374E+02   0.334653E+01   0.815811E+00
 0.587700E+01   0.273190E+01   0.125284E+02   0.334606E+01   0.816600E+00
 0.588600E+01   0.273162E+01   0.125255E+02   0.334559E+01   0.817389E+00
 0.589500E+01   0.273134E+01   0.125285E+02   0.334512E+01   0.818177E+00
 0.590400E+01   0.273106E+01   0.125290E+02   0.334465E+01   0.818964E+00
 0.591300E+01   0.273078E+01   0.125251E+02   0.334417E+01   0.819751E+00
 0.592200E+01   0.273050E+01   0.125199E+02   0.334370E+01   0.820537E+00
 0.593100E+01   0.273022E+01   0.125186E+02   0.334322E+01   0.821323E+00
 0.594000E+01   0.272994E+01   0.125182E+02   0.334274E+01   0.822108E+00
 0.594900E+01   0.272965E+01   0.125146E+02   0.334226E+01   0.822892E+00
 0.595800E+01   0.272937E+01   0.125078E+02   0.334178E+01   0.823676E+00
 0.596700E+01   0.272909E+01   0.125071E+02   0.334130E+01   0.824459E+00
 0.597600E+01   0.272880E+01   0.124998E+02   0.334082E+01   0.825241E+00
 0.598500E+01   0.272851E+01   0.124969E+02   0.334034E+01   0.826023E+00
 0.599400E+01   0.272823E+01   0.124981E+02   0.333985E+01   0.826805E+00
 0.600300E+01   0.272794E+01   0.124932E+02   0.333937E+01   0.827585E+00
 0.601200E+01   0.272765E+01   0.124951E+02   0.333888E+01   0.828365E+00
 0.602100E+01   0.272737E+01   0.124882E+02   0.333839E+01   0.829145E+00
 0.603000E+01   0.272708E+01   0.124852E+02   0.333790E+01   0.829924E+00
 0.603900E+01   0.272679E+01   0.124855E+02   0.333741E+01   0.830702E+00
 0.604800E+01   0.272650E+01   0.124808E+02   0.333692E+01   0.831479E+00
 0.605700E+01   0.272621E+01   0.124781E+02   0.333643E+01   0.832256E+00
 0.606600E+01   0.272591E+01   0.124753E+02   0.333593E+01   0.833033E+00
 0.607500E+01   0.272562E+01   0.124730E+02   0.333544E+01   0.833809E+00
 0.608400E+01   0.272533E+01   0.124709E+02   0.333494E+01   0.834584E+00
 0.609300E+01   0.272504E+01   0.124703E+02   0.333445E+01   0.835359E+00
 0.610200E+01   0.272474E+01   0.124719E+02   0.333395E+01   0.836133E+00
 0.611100E+01   0.272445E+01   0.124633E+02   0.333345E+01   0.836906E+00
 0.612000E+01   0.272415E+01   0.124581E+02   0.333295E+01   0.837679E+00
 0.612900E+01   0.272386E+01   0.124556E+02   0.333245E+01   0.838451E+00
 0.613800E+01   0.272356E+01   0.124551E+02   0.333195E+01   0.839223E+00
 0.614700E+01   0.272327E+01   0.124588E+02   0.333145E+01   0.839994E+00
 0.615600E+01   0.272297E+01   0.124570E+02   0.333095E+01   0.840765E+00
 0.616500E+01   0.272267E+01   0.124464E+02   0.333044E+01   0.841535E+00
 0.617400E+01   0.272238E+01   0.124443E+02   0.332994E+01   0.842304E+00
 0.618300E+01   0.272208E+01   0.124438E+02   0.332943E+01   0.843073E+00
 0.619200E+01   0.272178E+01   0.124400E+02   0.332893E+01   0.843841E+00
 0.620100E+01   0.272148E+01   0.124390E+02   0.332842E+01   0.844608E+00
 0.621000E+01   0.272118E+01   0.124362E+02   0.332791E+01   0.845376E+00
 0.621900E+01   0.272088E+01   0.124331E+02   0.332740E+01   0.846142E+00
 0.622800E+01   0.272058E+01   0.124308E+02   0.332689E+01   0.846908E+00
 0.623700E+01   0.272028E+01   0.124274E+02   0.332638E+01   0.847673E+00
 0.624600E+01   0.271998E+01   0.124299E+02   0.332587E+01   0.848438E+00
 0.625500E+01   0.271967E+01   0.124264E+02   0.332536E+01   0.849202E+00
 0.626400E+01   0.271937E+01   0.124191E+02   0.332485E+01   0.849966E+00
 0.627300E+01   0.271907E+01   0.124222E+02   0.332433E+01   0.850729E+00
 0.628200E+01   0.271877E+01   0.124130E+02   0.332382E+01   0.851491E+00
 0.629100E+01   0.271846E+01   0.124110E+02   0.332330E+01   0.852253E+00
 0.630000E+01   0.271816E+01   0.124139E+02   0.332279E+01   0.853014E+00
 0.630900E+01   0.271785E+01   0.124068E+02   0.332227E+01   0.853775E+00
 0.631800E+01   0.271755E+01   0.124114E+02   0.332175E+01   0.854535E+00
 0.632700E+01   0.271724E+01   0.124030E+02   0.332124E+01   0.855295E+00
 0.633600E+01   0.271694E+01   0.123974E+02   0.332072E+01   0.856054E+00
 0.634500E+01   0.271663E+01   0.124035E+02   0.332020E+01   0.856813E+00
 0.635400E+01   0.271633E+01   0.123989E+02   0.331968E+01   0.857571E+00
 0.636300E+01   0.271602E+01   0.123963E+02   0.331916E+01   0.858328E+00
 0.637200E+01   0.271571E+01   0.123883E+02   0.331864E+01   0.859085E+00
 0.638100E+01   0.271540E+01   0.123910E+02   0.331811E+01   0.859841E+00
 0.639000E+01   0.271510E+01   0.123873E+02   0.331759E+01   0.860597E+00
 0.639900E+01   0.271479E+01   0.123889E+02   0.331707E+01   0.861352E+00
 0.640800E+01   0.271448E+01   0.123852E+02   0.331654E+01   0.862107E+00
 0.641700E+01   0.271417E+01   0.123851E+02   0.331602E+01   0.862861E+00
 0.642600E+01   0.271386E+01   0.123752E+02   0.331549E+01   0.863615E+00
 0.643500E+01   0.271355E+01   0.123748E+02   0.331497E+01   0.864368E+00
 0.644400E+01   0.271324E+01   0.123769E+02   0.331444E+01   0.865120E+00
 0.645300E+01   0.271293E+01   0.123704E+02   0.331391E+01   0.865872E+00
 0.646200E+01   0.271262E+01   0.123666E+02   0.331339E+01   0.866624E+00
 0.647100E+01   0.271231E+01   0.123683E+02   0.331286E+01   0.867374E+00
 0.648000E+01   0.271200E+01   0.123645E+02   0.331233E+01   0.868125E+00
 0.648900E+01   0.271169E+01   0.123657E+02   0.331180E+01   0.868874E+00
 0.649800E+01   0.271137E+01   0.123633E+02   0.331127E+01   0.869624E+00
 0.650700E+01   0.271106E+01   0.123572E+02   0.331074E+01   0.870372E+00
 0.651600E+01   0.271075E+01   0.123493E+02   0.331021E+01   0.871121E+00
 0.652500E+01   0.271044E+01   0.123561E+02   0.330967E+01   0.871868E+00
 0.653400E+01   0.271012E+01   0.123497E+02   0.330914E+01   0.872615E+00
 0.654300E+01   0.270981E+01   0.123422E+02   0.330861E+01   0.873362E+00
 0.655200E+01   0.270950E+01   0.123475E+02   0.330808E+01   0.874108E+00
 0.656100E+01   0.270918E+01   0.123449E+02   0.330754E+01   0.874853E+00
 0.657000E+01   0.270887E+01   0.123426E+02   0.330701E+01   0.875598E+00
 0.657900E+01   0.270855E+01   0.123397E+02   0.330647E+01   0.876343E+00
 0.658800E+01   0.270824E+01   0.123382E+02   0.330594E+01   0.877087E+00
 0.659700E+01   0.270792E+01   0.123358E+02   0.330540E+01   0.877830E+00
 0.660600E+01   0.270761E+01   0.123338E+02   0.330487E+01   0.878573E+00
 0.661500E+01   0.270729E+01   0.123303E+02   0.330433E+01   0.879315E+00
 0.662400E+01   0.270698E+01   0.123302E+02   0.330379E+01   0.880057E+00
 0.663300E+01   0.270666E+01   0.123229E+02   0.330325E+01   0.880799E+00
 0.664200E+01   0.270635E+01   0.123177E+02   0.330272E+01   0.881539E+00
 0.665100E+01   0.270603E+01   0.123229E+02   0.330218E+01   0.882280E+00
 0.666000E+01   0.270571E+01   0.123215E+02   0.330164E+01   0.883020E+00
 0.666900E+01   0.270540E+01   0.123182E+02   0.330110E+01   0.883759E+00
 0.667800E+01   0.270508E+01   0.123166E+02   0.330056E+01   0.884497E+00
 0.668700E+01   0.270476E+01   0.123068E+02   0.330002E+01   0.885236E+00
 0.669600E+01   0.270444E+01   0.123041E+02   0.329948E+01   0.885973E+00
 0.670500E+01   0.270413E+01   0.123051E+02   0.329894E+01   0.886711E+00
 0.671400E+01   0.270381E+01   0.123001E+02   0.329840E+01   0.887447E+00
 0.672300E+01   0.270349E+01   0.122967E+02   0.329786E+01   0.888183E+00
 0.673200E+01   0.270317E+01   0.122972E+02   0.329731E+01   0.888919E+00
 0.674100E+01   0.270285E+01   0.122985E+02   0.329677E+01   0.889654E+00
 0.675000E+01   0.270253E+01   0.122913E+02   0.329623E+01   0.890389E+00
 0.675900E+01   0.270222E+01   0.122877E+02   0.329569E+01   0.891123E+00
 0.676800E+01   0.270190E+01   0.122889E+02   0.329514E+01   0.891857E+00
 0.677700E+01   0.270158E+01   0.122905E+02   0.329460E+01   0.892590E+00
 0.678600E+01   0.270126E+01   0.122827E+02   0.329405E+01   0.893323E+00
 0.679500E+01   0.270094E+01   0.122873E+02   0.329351E+01   0.894055E+00
 0.680400E+01   0.270062E+01   0.122821E+02   0.329296E+01   0.894786E+00
 0.681300E+01   0.270030E+01   0.122773E+02   0.329242E+01   0.895517E+00
 0.682200E+01   0.269998E+01   0.122753E+02   0.329187E+01   0.896248E+00
 0.683100E+01   0.269966E+01   0.122729E+02   0.329133E+01   0.896978E+00
 0.684000E+01   0.269934E+01   0.122707E+02   0.329078E+01   0.897708E+00
 0.684900E+01   0.269902E+01   0.122702E+02   0.329023E+01   0.898437E+00
 0.685800E+01   0.269869E+01   0.122688E+02   0.328969E+01   0.899166E+00
 0.686700E+01   0.269837E+01   0.122656E+02   0.328914E+01   0.899894E+00
 0.687600E+01   0.269805E+01   0.122595E+02   0.328859E+01   0.900622E+00
 0.688500E+01   0.269773E+01   0.122585E+02   0.328805E+01   0.901349E+00
 0.689400E+01   0.269741E+01   0.122596E+02   0.328750E+01   0.902075E+00
 0.690300E+01   0.269709E+01   0.122509E+02   0.328695E+01   0.902802E+00
 0.691200E+01   0.269677E+01   0.122559E+02   0.328640E+01   0.903527E+00
 0.692100E+01   0.269644E+01   0.122528E+02   0.328585E+01   0.904253E+00
 0.693000E+01   0.269612E+01   0.122520E+02   0.328530E+01   0.904977E+00
 0.693900E+01   0.269580E+01   0.122428E+02   0.328475E+01   0.905702E+00
 0.694800E+01   0.269548E+01   0.122477E+02   0.328421E+01   0.906425E+00
 0.695700E+01   0.269516E+01   0.122414E+02   0.328366E+01   0.907149E+00
 0.696600E+01   0.269483E+01   0.122431E+02   0.328311E+01   0.907871E+00
 0.697500E+01   0.269451E+01   0.122367E+02   0.328256E+01   0.908594E+00
 0.698400E+01   0.269419E+01   0.122335E+02   0.328201E+01   0.909316E+00
 0.699300E+01   0.269386E+01   0.122290E+02   0.328145E+01   0.910037E+00
 0.700200E+01   0.269354E+01   0.122319E+02   0.328090E+01   0.910758E+00
 0.701100E+01   0.269322E+01   0.122329E+02   0.328035E+01   0.911478E+00
 0.702000E+01   0.269290E+01   0.122255E+02   0.327980E+01   0.912198E+00
 0.702900E+01   0.269257E+01   0.122238E+02   0.327925E+01   0.912918E+00
 0.703800E+01   0.269225E+01   0.122191E+02   0.327870E+01   0.913637E+00
 0.704700E+01   0.269193E+01   0.122188E+02   0.327815E+01   0.914355E+00
 0.705600E+01   0.269160E+01   0.122210E+02   0.327759E+01   0.915073E+00
 0.706500E+01   0.269128E+01   0.122201E+02   0.327704E+01   0.915791E+00
 0.707400E+01   0.269095E+01   0.122142E+02   0.327649E+01   0.916508E+00
 0.708300E+01   0.269063E+01   0.122086E+02   0.327594E+01   0.917225E+00
 0.709200E+01   0.269031E+01   0.122154E+02   0.327539E+01   0.917941E+00
 0.710100E+01   0.268998E+01   0.122053E+02   0.327483E+01   0.918657E+00
 0.711000E+01   0.268966E+01   0.122100E+02   0.327428E+01   0.919372E+00
 0.711900E+01   0.268933E+01   0.122070E+02   0.327373E+01   0.920087E+00
 0.712800E+01   0.268901E+01   0.122055E+02   0.327317E+01   0.920801E+00
 0.713700E+01   0.268869E+01   0.121994E+02   0.327262E+01   0.921515E+00
 0.714600E+01   0.268836E+01   0.121928E+02   0.327207E+01   0.922228E+00
 0.715500E+01   0.268804E+01   0.121964E+02   0.327151E+01   0.922941E+00
 0.716400E+01   0.268771E+01   0.121910E+02   0.327096E+01   0.923653E+00
 0.717300E+01   0.268739E+01   0.121957E+02   0.327040E+01   0.924366E+00
 0.718200E+01   0.268706E+01   0.121926E+02   0.326985E+01   0.925077E+00
 0.719100E+01   0.268674E+01   0.121893E+02   0.326930E+01   0.925788E+00
 0.720000E+01   0.268641E+01   0.121812E+02   0.326874E+01   0.926499E+00
 0.720900E+01   0.268609E+01   0.121867E+02   0.326819E+01   0.927209E+00
 0.721800E+01   0.268576E+01   0.121778E+02   0.326763E+01   0.927919E+00
 0.722700E+01   0.268544E+01   0.121792E+02   0.326708E+01   0.928628E+00
 0.723600E+01   0.268512E+01   0.121816E+02   0.326652E+01   0.929337E+00
 0.724500E+01   0.268479E+01   0.121736E+02   0.326597E+01   0.930045E+00
 0.725400E+01   0.268447E+01   0.121681E+02   0.326541E+01   0.930753E+00
 0.726300E+01   0.268414E+01   0.121691E+02   0.326486E+01   0.931460E+00
 0.727200E+01   0.268382E+01   0.121678E+02   0.326430E+01   0.932167E+00
 0.728100E+01   0.268349E+01   0.121655E+02   0.326375E+01   0.932874E+00
 0.729000E+01   0.268316E+01   0.121617E+02   0.326319E+01   0.933580E+00
 0.729900E+01   0.268284E+01   0.121621E+02   0.326264E+01   0.934286E+00
 0.730800E+01   0.268251E+01   0.121650E+02   0.326208E+01   0.934991E+00
 0.731700E+01   0.268219E+01   0.121550E+02   0.326153E+01   0.935696E+00
 0.732600E+01   0.268186E+01   0.121562E+02   0.326097E+01   0.936400E+00
 0.733500E+01   0.268154E+01   0.121571E+02   0.326041E+01   0.937104E+00
 0.734400E+01   0.268121E+01   0.121519E+02   0.325986E+01   0.937807E+00
 0.735300E+01   0.268089E+01   0.121545E+02   0.325930E+01   0.938510E+00
 0.736200E+01   0.268056E+01   0.121458E+02   0.325875E+01   0.939213E+00
 0.737100E+01   0.268024E+01   0.121500E+02   0.325819E+01   0.939915E+00
 0.738000E+01   0.267991E+01   0.121397E+02   0.325764E+01   0.940616E+00
 0.738900E+01   0.267959E+01   0.121446E+02   0.325708E+01   0.941318E+00
 0.739800E+01   0.267926E+01   0.121395E+02   0.325652E+01   0.942018E+00
 0.740700E+01   0.267894E+01   0.121390E+02   0.325597E+01   0.942719E+00
 0.741600E+01   0.267861E+01   0.121396E+02   0.325541E+01   0.943419E+00
 0.742500E+01   0.267829E+01   0.121300E+02   0.325486E+01   0.944118E+00
 0.743400E+01   0.267796E+01   0.121319E+02   0.325430E+01   0.944817E+00
 0.744300E+01   0.267763E+01   0.121339E+02   0.325374E+01   0.945516E+00
 0.745200E+01   0.267731E+01   0.121300E+02   0.325319E+01   0.946214E+00
 0.746100E+01   0.267698E+01   0.121290E+02   0.325263E+01   0.946912E+00
 0.747000E+01   0.267666E+01   0.121274E+02   0.325207E+01   0.947609E+00
 0.747900E+01   0.267633E+01   0.121187E+02   0.325152E+01   0.948306E+00
 0.748800E+01   0.267601E+01   0.121171E+02   0.325096E+01   0.949002E+00
 0.749700E+01   0.267568E+01   0.121140E+02   0.325041E+01   0.949698E+00
 0.750600E+01   0.267536E+01   0.121190E+02   0.324985E+01   0.950394E+00
 0.751500E+01   0.267503E+01   0.121169E+02   0.324929E+01   0.951089E+00
 0.752400E+01   0.267471E+01   0.121166E+02   0.324874E+01   0.951784E+00
 0.753300E+01   0.267438E+01   0.121076E+02   0.324818E+01   0.952478E+00
 0.754200E+01   0.267406E+01   0.121074E+02   0.324762E+01   0.953172E+00
 0.755100E+01   0.267373E+01   0.121091E+02   0.324707E+01   0.953865E+00
 0.756000E+01   0.267341E+01   0.121046E+02   0.324651E+01   0.954558E+00
 0.756900E+01   0.267308E+01   0.121000E+02   0.324596E+01   0.955251E+00
 0.757800E+01   0.267276E+01   0.120977E+02   0.324540E+01   0.955943E+00
 0.758700E+01   0.267243E+01   0.121001E+02   0.324484E+01   0.956635E+00
 0.759600E+01   0.267211E+01   0.120946E+02   0.324429E+01   0.957326E+00
 0.760500E+01   0.267178E+01   0.120964E+02   0.324373E+01   0.958017E+00
 0.761400E+01   0.267146E+01   0.120972E+02   0.324318E+01   0.958708E+00
 0.762300E+01   0.267113E+01   0.120925E+02   0.324262E+01   0.959398E+00
 0.763200E+01   0.267081E+01   0.120841E+02   0.324206E+01   0.960087E+00
 0.764100E+01   0.267048E+01   0.120877E+02   0.324151E+01   0.960777E+00
 0.765000E+01   0.267016E+01   0.120830E+02   0.324095E+01   0.961466E+00
 0.765900E+01   0.266983E+01   0.120864E+02   0.324040E+01   0.962154E+00
 0.766800E+01   0.266951E+01   0.120795E+02   0.323984E+01   0.962842E+00
 0.767700E+01   0.266918E+01   0.120840E+02   0.323929E+01   0.963530E+00
 0.768600E+01   0.266886E+01   0.120799E+02   0.323873E+01   0.964217E+00
 0.769500E+01   0.266853E+01   0.120771E+02   0.323817E+01   0.964904E+00
 0.770400E+01   0.266821E+01   0.120765E+02   0.323762E+01   0.965590E+00
 0.771300E+01   0.266788E+01   0.120762E+02   0.323706E+01   0.966276E+00
 0.772200E+01   0.266756E+01   0.120725E+02   0.323651E+01   0.966961E+00
 0.773100E+01   0.266723E+01   0.120691E+02   0.323595E+01   0.967646E+00
 0.774000E+01   0.266691E+01   0.120708E+02   0.323540E+01   0.968331E+00
 0.774900E+01   0.266658E+01   0.120593E+02   0.323484E+01   0.969015E+00
 0.775800E+01   0.266626E+01   0.120639E+02   0.323429E+01   0.969699E+00
 0.776700E+01   0.266594E+01   0.120636E+02   0.323373E+01   0.970383E+00
 0.777600E+01   0.266561E+01   0.120598E+02   0.323318E+01   0.971066E+00
 0.778500E+01   0.266529E+01   0.120552E+02   0.323262E+01   0.971749E+00
 0.779400E+01   0.266496E+01   0.120560E+02   0.323207E+01   0.972431E+00
 0.780300E+01   0.266464E+01   0.120540E+02   0.323151E+01   0.973113E+00
 0.781200E+01   0.266432E+01   0.120530E+02   0.323096E+01   0.973794E+00
 0.782100E+01   0.266399E+01   0.120502E+02   0.323040E+01   0.974475E+00
 0.783000E+01   0.266367E+01   0.120439E+02   0.322985E+01   0.975156E+00
 0.783900E+01   0.266334E+01   0.120479E+02   0.322930E+01   0.975836E+00
 0.784800E+01   0.266302E+01   0.120450E+02   0.322874E+01   0.976516E+00
 0.785700E+01   0.266270E+01   0.120411E+02   0.322819E+01   0.977196E+00
 0.786600E+01   0.266237E+01   0.120416E+02   0.322763E+01   0.977875E+00
 0.787500E+01   0.266205E+01   0.120339E+02   0.322708E+01   0.978553E+00
 0.788400E+01   0.266173E+01   0.120401E+02   0.322653E+01   0.979232E+00
 0.789300E+01   0.266140E+01   0.120304E+02   0.322597E+01   0.979909E+00
 0.790200E+01   0.266108E+01   0.120289E+02   0.322542E+01   0.980587E+00
 0.791100E+01   0.266076E+01   0.120261E+02   0.322487E+01   0.981264E+00
 0.792000E+01   0.266043E+01   0.120308E+02   0.322431E+01   0.981941E+00
 0.792900E+01   0.266011E+01   0.120315E+02   0.322376E+01   0.982617E+00
 0.793800E+01   0.265979E+01   0.120288E+02   0.322321E+01   0.983293E+00
 0.794700E+01   0.265946E+01   0.120208E+02   0.322265E+01   0.983968E+00
 0.795600E+01   0.265914E+01   0.120248E+02   0.322210E+01   0.984644E+00
 0.796500E+01   0.265882E+01   0.120243E+02   0.322155E+01   0.985318E+00
 0.797400E+01   0.265850E+01   0.120212E+02   0.322099E+01   0.985993E+00
 0.798300E+01   0.265817E+01   0.120111E+02   0.322044E+01   0.986667E+00
 0.799200E+01   0.265785E+01   0.120161E+02   0.321989E+01   0.987340E+00
 0.800100E+01   0.265753E+01   0.120168E+02   0.321934E+01   0.988013E+00
 0.801000E+01   0.265721E+01   0.120084E+02   0.321879E+01   0.988686E+00
 0.801900E+01   0.265688E+01   0.120093E+02   0.321823E+01   0.989359E+00
 0.802800E+01   0.265656E+01   0.120034E+02   0.321768E+01   0.990031E+00
 0.803700E+01   0.265624E+01   0.120091E+02   0.321713E+01   0.990702E+00
 0.804600E+01   0.265592E+01   0.120054E+02   0.321658E+01   0.991373E+00
 0.805500E+01   0.265560E+01   0.119984E+02   0.321603E+01   0.992044E+00
 0.806400E+01   0.265527E+01   0.119977E+02   0.321548E+01   0.992715E+00
 0.807300E+01   0.265495E+01   0.120019E+02   0.321493E+01   0.993385E+00
 0.808200E+01   0.265463E+01   0.119995E+02   0.321437E+01   0.994055E+00
 0.809100E+01   0.265431E+01   0.119985E+02   0.321382E+01   0.994724E+00
 0.810000E+01   0.265399E+01   0.119953E+02   0.321327E+01   0.995393E+00
 0.810900E+01   0.265367E+01   0.119885E+02   0.321272E+01   0.996061E+00
 0.811800E+01   0.265335E+01   0.119865E+02   0.321217E+01   0.996730E+00
 0.812700E+01   0.265303E+01   0.119837E+02   0.321162E+01   0.997397E+00
 0.813600E+01   0.265270E+01   0.119827E+02   0.321107E+01   0.998065E+00
 0.814500E+01   0.265238E+01   0.119808E+02   0.321052E+01   0.998732E+00
 0.815400E+01   0.265206E+01   0.119797E+02   0.320997E+01   0.999399E+00
 0.816300E+01   0.265174E+01   0.119766E+02   0.320942E+01   0.100006E+01
 0.817200E+01   0.265142E+01   0.119800E+02   0.320887E+01   0.100073E+01
 0.818100E+01   0.265110E+01   0.119741E+02   0.320832E+01   0.100140E+01
 0.819000E+01   0.265078E+01   0.119746E+02   0.320778E+01   0.100206E+01
 0.819900E+01   0.265046E+01   0.119722E+02   0.320723E+01   0.100273E+01
 0.820800E+01   0.265014E+01   0.119683E+02   0.320668E+01   0.100339E+01
 0.821700E+01   0.264982E+01   0.119662E+02   0.320613E+01   0.100405E+01
 0.822600E+01   0.264950E+01   0.119704E+02   0.320558E+01   0.100472E+01
 0.823500E+01   0.264918E+01   0.119653E+02   0.320503E+01   0.100538E+01
 0.824400E+01   0.264886E+01   0.119643E+02   0.320449E+01   0.100604E+01
 0.825300E+01   0.264854E+01   0.119616E+02   0.320394E+01   0.100671E+01
 0.826200E+01   0.264822E+01   0.119575E+02   0.320339E+01   0.100737E+01
 0.827100E+01   0.264790E+01   0.119632E+02   0.320284E+01   0.100803E+01
 0.828000E+01   0.264758E+01   0.119621E+02   0.320230E+01   0.100869E+01
 0.828900E+01   0.264726E+01   0.119525E+02   0.320175E+01   0.100935E+01
 0.829800E+01   0.264695E+01   0.119495E+02   0.320120E+01   0.101001E+01
 0.830700E+01   0.264663E+01   0.119572E+02   0.320066E+01   0.101068E+01
 0.831600E+01   0.264631E+01   0.119534E+02   0.320011E+01   0.101134E+01
 0.832500E+01   0.264599E+01   0.119440E+02   0.319956E+01   0.101199E+01
 0.833400E+01   0.264567E+01   0.119447E+02   0.319902E+01   0.101265E+01
 0.834300E+01   0.264535E+01   0.119436E+02   0.319847E+01   0.101331E+01
 0.835200E+01   0.264503E+01   0.119449E+02   0.319792E+01   0.101397E+01
 0.836100E+01   0.264472E+01   0.119450E+02   0.319738E+01   0.101463E+01
 0.837000E+01   0.264440E+01   0.119389E+02   0.319683E+01   0.101529E+01
 0.837900E+01   0.264408E+01   0.119337E+02   0.319629E+01   0.101595E+01
 0.838800E+01   0.264376E+01   0.119346E+02   0.319574E+01   0.101660E+01
 0.839700E+01   0.264344E+01   0.119327E+02   0.319520E+01   0.101726E+01
 0.840600E+01   0.264313E+01   0.119309E+02   0.319465E+01   0.101792E+01
 0.841500E+01   0.264281E+01   0.119323E+02   0.319411E+01   0.101857E+01
 0.842400E+01   0.264249E+01   0.119331E+02   0.319357E+01   0.101923E+01
 0.843300E+01   0.264217E+01   0.119299E+02   0.319302E+01   0.101988E+01
 0.844200E+01   0.264186E+01   0.119230E+02   0.319248E+01   0.102054E+01
 0.845100E+01   0.264154E+01   0.119260E+02   0.319194E+01   0.102119E+01
 0.846000E+01   0.264122E+01   0.119191E+02   0.319139E+01   0.102185E+01
 0.846900E+01   0.264091E+01   0.119194E+02   0.319085E+01   0.102250E+01
 0.847800E+01   0.264059E+01   0.119187E+02   0.319031E+01   0.102315E+01
 0.848700E+01   0.264027E+01   0.119170E+02   0.318976E+01   0.102381E+01
 0.849600E+01   0.263996E+01   0.119138E+02   0.318922E+01   0.102446E+01
 0.850500E+01   0.263964E+01   0.119166E+02   0.318868E+01   0.102511E+01
 0.851400E+01   0.263933E+01   0.119126E+02   0.318814E+01   0.102576E+01
 0.852300E+01   0.263901E+01   0.119123E+02   0.318760E+01   0.102642E+01
 0.853200E+01   0.263869E+01   0.119141E+02   0.318705E+01   0.102707E+01
 0.854100E+01   0.263838E+01   0.119065E+02   0.318651E+01   0.102772E+01
 0.855000E+01   0.263806E+01   0.119059E+02   0.318597E+01   0.102837E+01
 0.855900E+01   0.263775E+01   0.119049E+02   0.318543E+01   0.102902E+01
 0.856800E+01   0.263743E+01   0.119039E+02   0.318489E+01   0.102967E+01
 0.857700E+01   0.263712E+01   0.119017E+02   0.318435E+01   0.103032E+01
 0.858600E+01   0.263680E+01   0.118999E+02   0.318381E+01   0.103097E+01
 0.859500E+01   0.263649E+01   0.118999E+02   0.318327E+01   0.103162E+01
 0.860400E+01   0.263617E+01   0.118969E+02   0.318273E+01   0.103227E+01
 0.861300E+01   0.263586E+01   0.118950E+02   0.318219E+01   0.103291E+01
 0.862200E+01   0.263555E+01   0.118938E+02   0.318165E+01   0.103356E+01
 0.863100E+01   0.263523E+01   0.118959E+02   0.318111E+01   0.103421E+01
 0.864000E+01   0.263492E+01   0.118939E+02   0.318057E+01   0.103486E+01
 0.864900E+01   0.263460E+01   0.118927E+02   0.318004E+01   0.103550E+01
 0.865800E+01   0.263429E+01   0.118896E+02   0.317950E+01   0.103615E+01
 0.866700E+01   0.263398E+01   0.118871E+02   0.317896E+01   0.103680E+01
 0.867600E+01   0.263366E+01   0.118836E+02   0.317842E+01   0.103744E+01
 0.868500E+01   0.263335E+01   0.118835E+02   0.317788E+01   0.103809E+01
 0.869400E+01   0.263304E+01   0.118820E+02   0.317735E+01   0.103873E+01
 0.870300E+01   0.263272E+01   0.118788E+02   0.317681E+01   0.103938E+01
 0.871200E+01   0.263241E+01   0.118798E+02   0.317627E+01   0.104002E+01
 0.872100E+01   0.263210E+01   0.118710E+02   0.317573E+01   0.104067E+01
 0.873000E+01   0.263178E+01   0.118700E+02   0.317520E+01   0.104131E+01
 0.873900E+01   0.263147E+01   0.118746E+02   0.317466E+01   0.104195E+01
 0.874800E+01   0.263116E+01   0.118708E+02   0.317413E+01   0.104260E+01
 0.875700E+01   0.263085E+01   0.118651E+02   0.317359E+01   0.104324E+01
 0.876600E+01   0.263053E+01   0.118658E+02   0.317306E+01   0.104388E+01
 0.877500E+01   0.263022E+01   0.118698E+02   0.317252E+01   0.104453E+01
 0.878400E+01   0.262991E+01   0.118682E+02   0.317199E+01   0.104517E+01
 0.879300E+01   0.262960E+01   0.118627E+02   0.317145E+01   0.104581E+01
 0.880200E+01   0.262929E+01   0.118633E+02   0.317092E+01   0.104645E+01
 0.881100E+01   0.262898E+01   0.118624E+02   0.317038E+01   0.104709E+01
 0.882000E+01   0.262867E+01   0.118549E+02   0.316985E+01   0.104773E+01
 0.882900E+01   0.262835E+01   0.118553E+02   0.316931E+01   0.104837E+01
 0.883800E+01   0.262804E+01   0.118537E+02   0.316878E+01   0.104901E+01
 0.884700E+01   0.262773E+01   0.118486E+02   0.316825E+01   0.104965E+01
 0.885600E+01   0.262742E+01   0.118507E+02   0.316771E+01   0.105029E+01
 0.886500E+01   0.262711E+01   0.118487E+02   0.316718E+01   0.105093E+01
 0.887400E+01   0.262680E+01   0.118525E+02   0.316665E+01   0.105157E+01
 0.888300E+01   0.262649E+01   0.118511E+02   0.316612E+01   0.105221E+01
 0.889200E+01   0.262618E+01   0.118458E+02   0.316559E+01   0.105284E+01
 0.890100E+01   0.262587E+01   0.118477E+02   0.316505E+01   0.105348E+01
 0.891000E+01   0.262556E+01   0.118387E+02   0.316452E+01   0.105412E+01
 0.891900E+01   0.262525E+01   0.118379E+02   0.316399E+01   0.105475E+01
 0.892800E+01   0.262494E+01   0.118373E+02   0.316346E+01   0.105539E+01
 0.893700E+01   0.262463E+01   0.118373E+02   0.316293E+01   0.105603E+01
 0.894600E+01   0.262433E+01   0.118374E+02   0.316240E+01   0.105666E+01
 0.895500E+01   0.262402E+01   0.118381E+02   0.316187E+01   0.105730E+01
 0.896400E+01   0.262371E+01   0.118377E+02   0.316134E+01   0.105793E+01
 0.897300E+01   0.262340E+01   0.118325E+02   0.316081E+01   0.105857E+01
 0.898200E+01   0.262309E+01   0.118273E+02   0.316028E+01   0.105920E+01
 0.899100E+01   0.262278E+01   0.118332E+02   0.315975E+01   0.105984E+01
