 0.745400E-10   0.000000E+00   0.000000E+00   0.000000E+00   0.158100E-10
 0.200000E-02   0.595376E+00   0.209479E+03   0.600429E+00   0.422824E-03
 0.400000E-02   0.544413E+00   0.182856E+03   0.548941E+00   0.847513E-03
 0.600000E-02   0.526964E+00   0.181931E+03   0.531361E+00   0.127072E-02
 0.800000E-02   0.524684E+00   0.185902E+03   0.529077E+00   0.169254E-02
 0.100000E-01   0.528385E+00   0.191022E+03   0.532816E+00   0.211307E-02
 0.120000E-01   0.529507E+00   0.193531E+03   0.533939E+00   0.253240E-02
 0.140000E-01   0.531026E+00   0.195677E+03   0.535460E+00   0.295062E-02
 0.160000E-01   0.533450E+00   0.198087E+03   0.537896E+00   0.336783E-02
 0.180000E-01   0.531806E+00   0.197945E+03   0.536221E+00   0.378412E-02
 0.200000E-01   0.531564E+00   0.198673E+03   0.535965E+00   0.419958E-02
 0.220000E-01   0.530309E+00   0.198930E+03   0.534686E+00   0.461430E-02
 0.240000E-01   0.528531E+00   0.199118E+03   0.532879E+00   0.502839E-02
 0.260000E-01   0.527470E+00   0.200070E+03   0.531797E+00   0.544192E-02
 0.280000E-01   0.527207E+00   0.201973E+03   0.531523E+00   0.585501E-02
 0.300000E-01   0.520290E+00   0.200832E+03   0.524522E+00   0.626773E-02
 0.320000E-01   0.524514E+00   0.206951E+03   0.528785E+00   0.668018E-02
 0.340000E-01   0.518833E+00   0.208900E+03   0.523034E+00   0.709246E-02
 0.360000E-01   0.506469E+00   0.209202E+03   0.510529E+00   0.750466E-02
 0.380000E-01   0.501588E+00   0.216690E+03   0.505589E+00   0.791687E-02
 0.400000E-01   0.492183E+00   0.226104E+03   0.496076E+00   0.832919E-02
 0.420000E-01   0.461518E+00   0.229533E+03   0.465086E+00   0.874170E-02
 0.440000E-01   0.426555E+00   0.238882E+03   0.429759E+00   0.915451E-02
 0.460000E-01   0.360318E+00   0.240640E+03   0.362858E+00   0.956770E-02
 0.480000E-01   0.250401E+00   0.222094E+03   0.251888E+00   0.998137E-02
 0.500000E-01   0.134261E+00   0.167405E+03   0.134663E+00   0.103956E-01
 0.520000E-01   0.963825E-01   0.114478E+03   0.963573E-01   0.108104E-01
 0.540000E-01   0.990263E-01   0.687738E+02   0.988942E-01   0.112256E-01
 0.560000E-01   0.113765E+00   0.502991E+02   0.113635E+00   0.116413E-01
 0.580000E-01   0.131639E+00   0.429848E+02   0.131553E+00   0.120574E-01
 0.600000E-01   0.150592E+00   0.404863E+02   0.150581E+00   0.124739E-01
 0.620000E-01   0.169515E+00   0.407912E+02   0.169602E+00   0.128908E-01
 0.640000E-01   0.187586E+00   0.422359E+02   0.187785E+00   0.133079E-01
 0.660000E-01   0.204222E+00   0.419348E+02   0.204541E+00   0.137252E-01
 0.680000E-01   0.219060E+00   0.421458E+02   0.219497E+00   0.141428E-01
 0.700000E-01   0.231926E+00   0.416098E+02   0.232476E+00   0.145605E-01
 0.720000E-01   0.242812E+00   0.409195E+02   0.243463E+00   0.149784E-01
 0.740000E-01   0.251824E+00   0.403350E+02   0.252562E+00   0.153963E-01
 0.760000E-01   0.259136E+00   0.399005E+02   0.259948E+00   0.158143E-01
 0.780000E-01   0.264954E+00   0.395715E+02   0.265827E+00   0.162323E-01
 0.800000E-01   0.269491E+00   0.393137E+02   0.270414E+00   0.166503E-01
 0.820000E-01   0.272949E+00   0.391177E+02   0.273910E+00   0.170681E-01
 0.840000E-01   0.275509E+00   0.389613E+02   0.276501E+00   0.174859E-01
 0.860000E-01   0.277330E+00   0.388333E+02   0.278346E+00   0.179035E-01
 0.880000E-01   0.278548E+00   0.387256E+02   0.279581E+00   0.183209E-01
 0.900000E-01   0.279277E+00   0.386327E+02   0.280322E+00   0.187380E-01
 0.920000E-01   0.279609E+00   0.385598E+02   0.280664E+00   0.191548E-01
 0.940000E-01   0.279622E+00   0.384975E+02   0.280683E+00   0.195714E-01
 0.960000E-01   0.279380E+00   0.384390E+02   0.280444E+00   0.199875E-01
 0.980000E-01   0.278932E+00   0.383892E+02   0.279997E+00   0.204033E-01
 0.100000E+00   0.278321E+00   0.383436E+02   0.279387E+00   0.208186E-01
 0.102000E+00   0.277583E+00   0.383039E+02   0.278647E+00   0.212336E-01
 0.104000E+00   0.276745E+00   0.382596E+02   0.277807E+00   0.216483E-01
 0.106000E+00   0.275831E+00   0.382226E+02   0.276890E+00   0.220626E-01
 0.108000E+00   0.274861E+00   0.381777E+02   0.275916E+00   0.224766E-01
 0.110000E+00   0.273851E+00   0.381355E+02   0.274901E+00   0.228903E-01
 0.112000E+00   0.272815E+00   0.380974E+02   0.273862E+00   0.233037E-01
 0.114000E+00   0.271767E+00   0.380500E+02   0.272810E+00   0.237169E-01
 0.116000E+00   0.270720E+00   0.379921E+02   0.271758E+00   0.241298E-01
 0.118000E+00   0.269684E+00   0.379367E+02   0.270718E+00   0.245425E-01
 0.120000E+00   0.268671E+00   0.378760E+02   0.269702E+00   0.249550E-01
 0.122000E+00   0.267692E+00   0.378089E+02   0.268721E+00   0.253674E-01
 0.124000E+00   0.266759E+00   0.377345E+02   0.267785E+00   0.257796E-01
 0.126000E+00   0.265882E+00   0.376525E+02   0.266908E+00   0.261916E-01
 0.128000E+00   0.265074E+00   0.375665E+02   0.266099E+00   0.266035E-01
 0.130000E+00   0.264344E+00   0.374661E+02   0.265371E+00   0.270154E-01
 0.132000E+00   0.263704E+00   0.373547E+02   0.264733E+00   0.274271E-01
 0.134000E+00   0.263164E+00   0.372417E+02   0.264198E+00   0.278388E-01
 0.136000E+00   0.262733E+00   0.371044E+02   0.263773E+00   0.282505E-01
 0.138000E+00   0.262419E+00   0.369735E+02   0.263466E+00   0.286621E-01
 0.140000E+00   0.262228E+00   0.368188E+02   0.263283E+00   0.290737E-01
 0.142000E+00   0.262162E+00   0.366608E+02   0.263228E+00   0.294854E-01
 0.144000E+00   0.262222E+00   0.364961E+02   0.263301E+00   0.298971E-01
 0.146000E+00   0.262405E+00   0.363265E+02   0.263498E+00   0.303088E-01
 0.148000E+00   0.262704E+00   0.361458E+02   0.263812E+00   0.307206E-01
 0.150000E+00   0.263110E+00   0.359665E+02   0.264236E+00   0.311325E-01
 0.152000E+00   0.263614E+00   0.357782E+02   0.264758E+00   0.315443E-01
 0.154000E+00   0.264205E+00   0.355939E+02   0.265368E+00   0.319562E-01
 0.156000E+00   0.264872E+00   0.354058E+02   0.266056E+00   0.323682E-01
 0.158000E+00   0.265604E+00   0.352185E+02   0.266809E+00   0.327801E-01
 0.160000E+00   0.266390E+00   0.350321E+02   0.267616E+00   0.331920E-01
 0.162000E+00   0.267220E+00   0.348508E+02   0.268468E+00   0.336039E-01
 0.164000E+00   0.268085E+00   0.346736E+02   0.269356E+00   0.340158E-01
 0.166000E+00   0.268976E+00   0.344945E+02   0.270269E+00   0.344277E-01
 0.168000E+00   0.269885E+00   0.343273E+02   0.271201E+00   0.348395E-01
 0.170000E+00   0.270805E+00   0.341551E+02   0.272145E+00   0.352512E-01
 0.172000E+00   0.271731E+00   0.339891E+02   0.273094E+00   0.356629E-01
 0.174000E+00   0.272657E+00   0.338279E+02   0.274043E+00   0.360745E-01
 0.176000E+00   0.273580E+00   0.336811E+02   0.274988E+00   0.364861E-01
 0.178000E+00   0.274495E+00   0.335227E+02   0.275926E+00   0.368975E-01
 0.180000E+00   0.275400E+00   0.333787E+02   0.276853E+00   0.373089E-01
 0.182000E+00   0.276292E+00   0.332369E+02   0.277767E+00   0.377201E-01
 0.184000E+00   0.277171E+00   0.330953E+02   0.278668E+00   0.381312E-01
 0.186000E+00   0.278035E+00   0.329564E+02   0.279554E+00   0.385422E-01
 0.188000E+00   0.278885E+00   0.328299E+02   0.280425E+00   0.389531E-01
 0.190000E+00   0.279720E+00   0.327041E+02   0.281281E+00   0.393637E-01
 0.192000E+00   0.280541E+00   0.325693E+02   0.282122E+00   0.397743E-01
 0.194000E+00   0.281348E+00   0.324552E+02   0.282950E+00   0.401846E-01
 0.196000E+00   0.282144E+00   0.323263E+02   0.283766E+00   0.405948E-01
 0.198000E+00   0.282929E+00   0.322077E+02   0.284570E+00   0.410049E-01
 0.200000E+00   0.283704E+00   0.320989E+02   0.285366E+00   0.414147E-01
 0.202000E+00   0.284472E+00   0.319827E+02   0.286153E+00   0.418244E-01
 0.204000E+00   0.285232E+00   0.318638E+02   0.286933E+00   0.422340E-01
 0.206000E+00   0.285987E+00   0.317528E+02   0.287707E+00   0.426435E-01
 0.208000E+00   0.286737E+00   0.316463E+02   0.288477E+00   0.430528E-01
 0.210000E+00   0.287483E+00   0.315408E+02   0.289242E+00   0.434620E-01
 0.212000E+00   0.288227E+00   0.314300E+02   0.290005E+00   0.438711E-01
 0.214000E+00   0.288969E+00   0.313213E+02   0.290766E+00   0.442801E-01
 0.216000E+00   0.289709E+00   0.312183E+02   0.291526E+00   0.446890E-01
 0.218000E+00   0.290450E+00   0.311075E+02   0.292286E+00   0.450978E-01
 0.220000E+00   0.291190E+00   0.310067E+02   0.293045E+00   0.455066E-01
 0.222000E+00   0.291932E+00   0.309019E+02   0.293806E+00   0.459152E-01
 0.224000E+00   0.292674E+00   0.308018E+02   0.294568E+00   0.463239E-01
 0.226000E+00   0.293419E+00   0.307002E+02   0.295332E+00   0.467324E-01
 0.228000E+00   0.294165E+00   0.306060E+02   0.296098E+00   0.471409E-01
 0.230000E+00   0.294914E+00   0.305006E+02   0.296867E+00   0.475494E-01
 0.232000E+00   0.295665E+00   0.304106E+02   0.297638E+00   0.479579E-01
 0.234000E+00   0.296419E+00   0.303104E+02   0.298411E+00   0.483663E-01
 0.236000E+00   0.297176E+00   0.302154E+02   0.299187E+00   0.487747E-01
 0.238000E+00   0.297935E+00   0.301119E+02   0.299966E+00   0.491831E-01
 0.240000E+00   0.298696E+00   0.300199E+02   0.300747E+00   0.495916E-01
 0.242000E+00   0.299459E+00   0.299267E+02   0.301530E+00   0.500000E-01
 0.244000E+00   0.300224E+00   0.298332E+02   0.302315E+00   0.504084E-01
 0.246000E+00   0.300990E+00   0.297356E+02   0.303101E+00   0.508169E-01
 0.248000E+00   0.301756E+00   0.296489E+02   0.303888E+00   0.512254E-01
 0.250000E+00   0.302524E+00   0.295605E+02   0.304675E+00   0.516339E-01
 0.252000E+00   0.303291E+00   0.294636E+02   0.305463E+00   0.520423E-01
 0.254000E+00   0.304058E+00   0.293762E+02   0.306250E+00   0.524508E-01
 0.256000E+00   0.304824E+00   0.292964E+02   0.307036E+00   0.528593E-01
 0.258000E+00   0.305590E+00   0.292072E+02   0.307822E+00   0.532677E-01
 0.260000E+00   0.306354E+00   0.291251E+02   0.308606E+00   0.536761E-01
 0.262000E+00   0.307117E+00   0.290395E+02   0.309389E+00   0.540845E-01
 0.264000E+00   0.307877E+00   0.289479E+02   0.310170E+00   0.544929E-01
 0.266000E+00   0.308636E+00   0.288728E+02   0.310949E+00   0.549012E-01
 0.268000E+00   0.309392E+00   0.287912E+02   0.311725E+00   0.553095E-01
 0.270000E+00   0.310146E+00   0.287124E+02   0.312500E+00   0.557177E-01
 0.272000E+00   0.310898E+00   0.286298E+02   0.313271E+00   0.561259E-01
 0.274000E+00   0.311646E+00   0.285477E+02   0.314039E+00   0.565340E-01
 0.276000E+00   0.312392E+00   0.284719E+02   0.314805E+00   0.569421E-01
 0.278000E+00   0.313134E+00   0.283946E+02   0.315568E+00   0.573501E-01
 0.280000E+00   0.313874E+00   0.283168E+02   0.316327E+00   0.577580E-01
 0.282000E+00   0.314610E+00   0.282429E+02   0.317083E+00   0.581658E-01
 0.284000E+00   0.315343E+00   0.281743E+02   0.317836E+00   0.585736E-01
 0.286000E+00   0.316073E+00   0.281014E+02   0.318586E+00   0.589813E-01
 0.288000E+00   0.316800E+00   0.280286E+02   0.319333E+00   0.593888E-01
 0.290000E+00   0.317524E+00   0.279557E+02   0.320076E+00   0.597963E-01
 0.292000E+00   0.318244E+00   0.278855E+02   0.320816E+00   0.602037E-01
 0.294000E+00   0.318962E+00   0.278139E+02   0.321553E+00   0.606109E-01
 0.296000E+00   0.319676E+00   0.277441E+02   0.322288E+00   0.610181E-01
 0.298000E+00   0.320388E+00   0.276767E+02   0.323019E+00   0.614252E-01
 0.300000E+00   0.321097E+00   0.276048E+02   0.323747E+00   0.618322E-01
 0.302000E+00   0.321803E+00   0.275360E+02   0.324473E+00   0.622391E-01
 0.304000E+00   0.322507E+00   0.274724E+02   0.325196E+00   0.626459E-01
 0.306000E+00   0.323207E+00   0.274119E+02   0.325916E+00   0.630526E-01
 0.308000E+00   0.323906E+00   0.273399E+02   0.326634E+00   0.634593E-01
 0.310000E+00   0.324602E+00   0.272847E+02   0.327350E+00   0.638659E-01
 0.312000E+00   0.325296E+00   0.272190E+02   0.328063E+00   0.642724E-01
 0.314000E+00   0.325987E+00   0.271566E+02   0.328773E+00   0.646788E-01
 0.316000E+00   0.326676E+00   0.270861E+02   0.329482E+00   0.650853E-01
 0.318000E+00   0.327363E+00   0.270335E+02   0.330188E+00   0.654916E-01
 0.320000E+00   0.328047E+00   0.269631E+02   0.330892E+00   0.658979E-01
 0.322000E+00   0.328730E+00   0.269108E+02   0.331594E+00   0.663042E-01
 0.324000E+00   0.329410E+00   0.268519E+02   0.332293E+00   0.667104E-01
 0.326000E+00   0.330089E+00   0.267837E+02   0.332991E+00   0.671166E-01
 0.328000E+00   0.330765E+00   0.267320E+02   0.333687E+00   0.675228E-01
 0.330000E+00   0.331439E+00   0.266751E+02   0.334380E+00   0.679289E-01
 0.332000E+00   0.332112E+00   0.266118E+02   0.335072E+00   0.683350E-01
 0.334000E+00   0.332782E+00   0.265544E+02   0.335761E+00   0.687411E-01
 0.336000E+00   0.333450E+00   0.264984E+02   0.336449E+00   0.691472E-01
 0.338000E+00   0.334117E+00   0.264433E+02   0.337135E+00   0.695533E-01
 0.340000E+00   0.334781E+00   0.263837E+02   0.337818E+00   0.699594E-01
 0.342000E+00   0.335444E+00   0.263294E+02   0.338500E+00   0.703655E-01
 0.344000E+00   0.336104E+00   0.262759E+02   0.339179E+00   0.707715E-01
 0.346000E+00   0.336763E+00   0.262250E+02   0.339857E+00   0.711776E-01
 0.348000E+00   0.337419E+00   0.261663E+02   0.340533E+00   0.715837E-01
 0.350000E+00   0.338074E+00   0.261170E+02   0.341206E+00   0.719897E-01
 0.352000E+00   0.338726E+00   0.260615E+02   0.341878E+00   0.723957E-01
 0.354000E+00   0.339377E+00   0.260091E+02   0.342547E+00   0.728017E-01
 0.356000E+00   0.340025E+00   0.259589E+02   0.343214E+00   0.732077E-01
 0.358000E+00   0.340671E+00   0.259024E+02   0.343880E+00   0.736137E-01
 0.360000E+00   0.341315E+00   0.258587E+02   0.344543E+00   0.740196E-01
 0.362000E+00   0.341958E+00   0.258001E+02   0.345204E+00   0.744254E-01
 0.364000E+00   0.342597E+00   0.257549E+02   0.345863E+00   0.748313E-01
 0.366000E+00   0.343235E+00   0.257011E+02   0.346520E+00   0.752371E-01
 0.368000E+00   0.343871E+00   0.256582E+02   0.347174E+00   0.756428E-01
 0.370000E+00   0.344505E+00   0.256064E+02   0.347827E+00   0.760484E-01
 0.372000E+00   0.345136E+00   0.255533E+02   0.348477E+00   0.764541E-01
 0.374000E+00   0.345766E+00   0.255056E+02   0.349125E+00   0.768596E-01
 0.376000E+00   0.346393E+00   0.254657E+02   0.349772E+00   0.772651E-01
 0.378000E+00   0.347018E+00   0.254163E+02   0.350416E+00   0.776705E-01
 0.380000E+00   0.347641E+00   0.253620E+02   0.351057E+00   0.780758E-01
 0.382000E+00   0.348262E+00   0.253237E+02   0.351697E+00   0.784811E-01
 0.384000E+00   0.348881E+00   0.252717E+02   0.352335E+00   0.788863E-01
 0.386000E+00   0.349498E+00   0.252315E+02   0.352970E+00   0.792913E-01
 0.388000E+00   0.350113E+00   0.251788E+02   0.353604E+00   0.796963E-01
 0.390000E+00   0.350725E+00   0.251330E+02   0.354235E+00   0.801012E-01
 0.392000E+00   0.351336E+00   0.250895E+02   0.354864E+00   0.805060E-01
 0.394000E+00   0.351944E+00   0.250458E+02   0.355491E+00   0.809107E-01
 0.396000E+00   0.352551E+00   0.250005E+02   0.356117E+00   0.813153E-01
 0.398000E+00   0.353155E+00   0.249622E+02   0.356740E+00   0.817198E-01
 0.400000E+00   0.353758E+00   0.249160E+02   0.357361E+00   0.821243E-01
 0.402000E+00   0.354358E+00   0.248767E+02   0.357980E+00   0.825286E-01
 0.404000E+00   0.354957E+00   0.248355E+02   0.358597E+00   0.829329E-01
 0.406000E+00   0.355553E+00   0.247938E+02   0.359212E+00   0.833371E-01
 0.408000E+00   0.356148E+00   0.247495E+02   0.359825E+00   0.837413E-01
 0.410000E+00   0.356741E+00   0.247020E+02   0.360436E+00   0.841454E-01
 0.412000E+00   0.357331E+00   0.246669E+02   0.361045E+00   0.845494E-01
 0.414000E+00   0.357920E+00   0.246269E+02   0.361653E+00   0.849534E-01
 0.416000E+00   0.358507E+00   0.245839E+02   0.362258E+00   0.853573E-01
 0.418000E+00   0.359093E+00   0.245449E+02   0.362862E+00   0.857612E-01
 0.420000E+00   0.359676E+00   0.244994E+02   0.363464E+00   0.861650E-01
 0.422000E+00   0.360258E+00   0.244662E+02   0.364064E+00   0.865688E-01
 0.424000E+00   0.360837E+00   0.244243E+02   0.364662E+00   0.869725E-01
 0.426000E+00   0.361415E+00   0.243897E+02   0.365258E+00   0.873763E-01
 0.428000E+00   0.361991E+00   0.243485E+02   0.365852E+00   0.877800E-01
 0.430000E+00   0.362566E+00   0.243118E+02   0.366445E+00   0.881836E-01
 0.432000E+00   0.363138E+00   0.242663E+02   0.367036E+00   0.885873E-01
 0.434000E+00   0.363709E+00   0.242340E+02   0.367625E+00   0.889909E-01
 0.436000E+00   0.364279E+00   0.241920E+02   0.368213E+00   0.893946E-01
 0.438000E+00   0.364846E+00   0.241513E+02   0.368798E+00   0.897982E-01
 0.440000E+00   0.365412E+00   0.241170E+02   0.369382E+00   0.902018E-01
 0.442000E+00   0.365976E+00   0.240782E+02   0.369964E+00   0.906054E-01
 0.444000E+00   0.366538E+00   0.240469E+02   0.370545E+00   0.910090E-01
 0.446000E+00   0.367099E+00   0.240032E+02   0.371124E+00   0.914126E-01
 0.448000E+00   0.367658E+00   0.239739E+02   0.371701E+00   0.918162E-01
 0.450000E+00   0.368215E+00   0.239362E+02   0.372276E+00   0.922198E-01
 0.452000E+00   0.368771E+00   0.238993E+02   0.372850E+00   0.926233E-01
 0.454000E+00   0.369325E+00   0.238685E+02   0.373422E+00   0.930268E-01
 0.456000E+00   0.369877E+00   0.238244E+02   0.373993E+00   0.934303E-01
 0.458000E+00   0.370428E+00   0.237917E+02   0.374561E+00   0.938338E-01
 0.460000E+00   0.370977E+00   0.237613E+02   0.375128E+00   0.942372E-01
 0.462000E+00   0.371524E+00   0.237229E+02   0.375693E+00   0.946406E-01
 0.464000E+00   0.372070E+00   0.236880E+02   0.376257E+00   0.950439E-01
 0.466000E+00   0.372614E+00   0.236578E+02   0.376819E+00   0.954472E-01
 0.468000E+00   0.373156E+00   0.236211E+02   0.377379E+00   0.958505E-01
 0.470000E+00   0.373697E+00   0.235922E+02   0.377937E+00   0.962537E-01
 0.472000E+00   0.374235E+00   0.235555E+02   0.378494E+00   0.966568E-01
 0.474000E+00   0.374773E+00   0.235176E+02   0.379049E+00   0.970598E-01
 0.476000E+00   0.375308E+00   0.234915E+02   0.379603E+00   0.974628E-01
 0.478000E+00   0.375842E+00   0.234588E+02   0.380155E+00   0.978658E-01
 0.480000E+00   0.376375E+00   0.234193E+02   0.380705E+00   0.982686E-01
 0.482000E+00   0.376905E+00   0.233927E+02   0.381253E+00   0.986714E-01
 0.484000E+00   0.377434E+00   0.233551E+02   0.381800E+00   0.990741E-01
 0.486000E+00   0.377962E+00   0.233244E+02   0.382345E+00   0.994767E-01
 0.488000E+00   0.378487E+00   0.232961E+02   0.382889E+00   0.998793E-01
 0.490000E+00   0.379011E+00   0.232606E+02   0.383430E+00   0.100282E+00
 0.492000E+00   0.379534E+00   0.232351E+02   0.383971E+00   0.100684E+00
 0.494000E+00   0.380055E+00   0.232065E+02   0.384509E+00   0.101086E+00
 0.496000E+00   0.380574E+00   0.231753E+02   0.385046E+00   0.101488E+00
 0.498000E+00   0.381092E+00   0.231420E+02   0.385581E+00   0.101891E+00
 0.500000E+00   0.381608E+00   0.231083E+02   0.386115E+00   0.102293E+00
 0.502000E+00   0.382122E+00   0.230808E+02   0.386647E+00   0.102695E+00
 0.504000E+00   0.382635E+00   0.230502E+02   0.387178E+00   0.103096E+00
 0.506000E+00   0.383147E+00   0.230171E+02   0.387707E+00   0.103498E+00
 0.508000E+00   0.383657E+00   0.229854E+02   0.388234E+00   0.103900E+00
 0.510000E+00   0.384165E+00   0.229585E+02   0.388760E+00   0.104302E+00
 0.512000E+00   0.384672E+00   0.229331E+02   0.389285E+00   0.104703E+00
 0.514000E+00   0.385178E+00   0.229018E+02   0.389808E+00   0.105105E+00
 0.516000E+00   0.385682E+00   0.228715E+02   0.390330E+00   0.105506E+00
 0.518000E+00   0.386185E+00   0.228387E+02   0.390850E+00   0.105908E+00
 0.520000E+00   0.386686E+00   0.228145E+02   0.391369E+00   0.106309E+00
 0.522000E+00   0.387186E+00   0.227890E+02   0.391886E+00   0.106710E+00
 0.524000E+00   0.387685E+00   0.227556E+02   0.392402E+00   0.107112E+00
 0.526000E+00   0.388182E+00   0.227340E+02   0.392917E+00   0.107513E+00
 0.528000E+00   0.388678E+00   0.227055E+02   0.393430E+00   0.107914E+00
 0.530000E+00   0.389173E+00   0.226723E+02   0.393942E+00   0.108315E+00
 0.532000E+00   0.389666E+00   0.226482E+02   0.394453E+00   0.108716E+00
 0.534000E+00   0.390158E+00   0.226174E+02   0.394962E+00   0.109118E+00
 0.536000E+00   0.390649E+00   0.225921E+02   0.395470E+00   0.109519E+00
 0.538000E+00   0.391139E+00   0.225650E+02   0.395977E+00   0.109920E+00
 0.540000E+00   0.391627E+00   0.225328E+02   0.396482E+00   0.110321E+00
 0.542000E+00   0.392114E+00   0.225066E+02   0.396987E+00   0.110722E+00
 0.544000E+00   0.392600E+00   0.224860E+02   0.397490E+00   0.111123E+00
 0.546000E+00   0.393084E+00   0.224538E+02   0.397991E+00   0.111524E+00
 0.548000E+00   0.393567E+00   0.224313E+02   0.398492E+00   0.111925E+00
 0.550000E+00   0.394049E+00   0.224056E+02   0.398991E+00   0.112326E+00
 0.552000E+00   0.394530E+00   0.223731E+02   0.399489E+00   0.112727E+00
 0.554000E+00   0.395010E+00   0.223474E+02   0.399985E+00   0.113128E+00
 0.556000E+00   0.395488E+00   0.223269E+02   0.400481E+00   0.113529E+00
 0.558000E+00   0.395965E+00   0.222994E+02   0.400975E+00   0.113929E+00
 0.560000E+00   0.396440E+00   0.222715E+02   0.401467E+00   0.114330E+00
 0.562000E+00   0.396914E+00   0.222422E+02   0.401959E+00   0.114731E+00
 0.564000E+00   0.397387E+00   0.222202E+02   0.402449E+00   0.115132E+00
 0.566000E+00   0.397859E+00   0.221943E+02   0.402937E+00   0.115533E+00
 0.568000E+00   0.398329E+00   0.221735E+02   0.403425E+00   0.115933E+00
 0.570000E+00   0.398798E+00   0.221443E+02   0.403911E+00   0.116334E+00
 0.572000E+00   0.399266E+00   0.221207E+02   0.404395E+00   0.116735E+00
 0.574000E+00   0.399732E+00   0.220991E+02   0.404878E+00   0.117136E+00
 0.576000E+00   0.400197E+00   0.220738E+02   0.405360E+00   0.117536E+00
 0.578000E+00   0.400661E+00   0.220491E+02   0.405841E+00   0.117937E+00
 0.580000E+00   0.401123E+00   0.220266E+02   0.406320E+00   0.118338E+00
 0.582000E+00   0.401584E+00   0.219954E+02   0.406798E+00   0.118738E+00
 0.584000E+00   0.402043E+00   0.219703E+02   0.407274E+00   0.119139E+00
 0.586000E+00   0.402501E+00   0.219520E+02   0.407749E+00   0.119539E+00
 0.588000E+00   0.402958E+00   0.219255E+02   0.408223E+00   0.119940E+00
 0.590000E+00   0.403413E+00   0.219059E+02   0.408695E+00   0.120340E+00
 0.592000E+00   0.403867E+00   0.218806E+02   0.409165E+00   0.120741E+00
 0.594000E+00   0.404320E+00   0.218572E+02   0.409635E+00   0.121141E+00
 0.596000E+00   0.404771E+00   0.218365E+02   0.410103E+00   0.121542E+00
 0.598000E+00   0.405221E+00   0.218102E+02   0.410569E+00   0.121942E+00
 0.600000E+00   0.405670E+00   0.217900E+02   0.411035E+00   0.122343E+00
 0.602000E+00   0.406117E+00   0.217617E+02   0.411498E+00   0.122743E+00
 0.604000E+00   0.406563E+00   0.217407E+02   0.411961E+00   0.123143E+00
 0.606000E+00   0.407008E+00   0.217128E+02   0.412422E+00   0.123544E+00
 0.608000E+00   0.407451E+00   0.216937E+02   0.412882E+00   0.123944E+00
 0.610000E+00   0.407893E+00   0.216746E+02   0.413341E+00   0.124344E+00
 0.612000E+00   0.408334E+00   0.216499E+02   0.413798E+00   0.124744E+00
 0.614000E+00   0.408774E+00   0.216231E+02   0.414254E+00   0.125144E+00
 0.616000E+00   0.409212E+00   0.216031E+02   0.414709E+00   0.125544E+00
 0.618000E+00   0.409649E+00   0.215840E+02   0.415163E+00   0.125944E+00
 0.620000E+00   0.410085E+00   0.215650E+02   0.415615E+00   0.126344E+00
 0.622000E+00   0.410520E+00   0.215404E+02   0.416066E+00   0.126744E+00
 0.624000E+00   0.410953E+00   0.215218E+02   0.416516E+00   0.127144E+00
 0.626000E+00   0.411386E+00   0.215017E+02   0.416965E+00   0.127543E+00
 0.628000E+00   0.411817E+00   0.214720E+02   0.417413E+00   0.127943E+00
 0.630000E+00   0.412247E+00   0.214520E+02   0.417859E+00   0.128343E+00
 0.632000E+00   0.412676E+00   0.214286E+02   0.418304E+00   0.128742E+00
 0.634000E+00   0.413103E+00   0.214162E+02   0.418748E+00   0.129142E+00
 0.636000E+00   0.413530E+00   0.213877E+02   0.419191E+00   0.129541E+00
 0.638000E+00   0.413955E+00   0.213654E+02   0.419633E+00   0.129940E+00
 0.640000E+00   0.414380E+00   0.213509E+02   0.420074E+00   0.130339E+00
 0.642000E+00   0.414803E+00   0.213303E+02   0.420513E+00   0.130738E+00
 0.644000E+00   0.415225E+00   0.213122E+02   0.420952E+00   0.131137E+00
 0.646000E+00   0.415646E+00   0.212886E+02   0.421389E+00   0.131536E+00
 0.648000E+00   0.416067E+00   0.212689E+02   0.421825E+00   0.131935E+00
 0.650000E+00   0.416485E+00   0.212425E+02   0.422260E+00   0.132334E+00
 0.652000E+00   0.416903E+00   0.212248E+02   0.422695E+00   0.132733E+00
 0.654000E+00   0.417320E+00   0.212052E+02   0.423128E+00   0.133131E+00
 0.656000E+00   0.417736E+00   0.211864E+02   0.423559E+00   0.133530E+00
 0.658000E+00   0.418151E+00   0.211672E+02   0.423990E+00   0.133928E+00
 0.660000E+00   0.418564E+00   0.211499E+02   0.424420E+00   0.134327E+00
 0.662000E+00   0.418977E+00   0.211261E+02   0.424849E+00   0.134725E+00
 0.664000E+00   0.419389E+00   0.211038E+02   0.425277E+00   0.135124E+00
 0.666000E+00   0.419799E+00   0.210896E+02   0.425703E+00   0.135522E+00
 0.668000E+00   0.420209E+00   0.210619E+02   0.426129E+00   0.135920E+00
 0.670000E+00   0.420617E+00   0.210452E+02   0.426553E+00   0.136318E+00
 0.672000E+00   0.421025E+00   0.210266E+02   0.426977E+00   0.136716E+00
 0.674000E+00   0.421431E+00   0.210115E+02   0.427399E+00   0.137115E+00
 0.676000E+00   0.421837E+00   0.209850E+02   0.427821E+00   0.137513E+00
 0.678000E+00   0.422241E+00   0.209690E+02   0.428241E+00   0.137911E+00
 0.680000E+00   0.422645E+00   0.209499E+02   0.428661E+00   0.138309E+00
 0.682000E+00   0.423047E+00   0.209291E+02   0.429079E+00   0.138707E+00
 0.684000E+00   0.423449E+00   0.209142E+02   0.429496E+00   0.139105E+00
 0.686000E+00   0.423849E+00   0.208932E+02   0.429913E+00   0.139503E+00
 0.688000E+00   0.424249E+00   0.208709E+02   0.430328E+00   0.139901E+00
 0.690000E+00   0.424647E+00   0.208532E+02   0.430743E+00   0.140298E+00
 0.692000E+00   0.425045E+00   0.208377E+02   0.431156E+00   0.140696E+00
 0.694000E+00   0.425442E+00   0.208194E+02   0.431569E+00   0.141094E+00
 0.696000E+00   0.425837E+00   0.208050E+02   0.431980E+00   0.141492E+00
 0.698000E+00   0.426232E+00   0.207806E+02   0.432391E+00   0.141890E+00
 0.700000E+00   0.426626E+00   0.207627E+02   0.432800E+00   0.142288E+00
 0.702000E+00   0.427019E+00   0.207443E+02   0.433209E+00   0.142685E+00
 0.704000E+00   0.427411E+00   0.207274E+02   0.433617E+00   0.143083E+00
 0.706000E+00   0.427802E+00   0.207112E+02   0.434023E+00   0.143481E+00
 0.708000E+00   0.428192E+00   0.206908E+02   0.434429E+00   0.143879E+00
 0.710000E+00   0.428582E+00   0.206734E+02   0.434834E+00   0.144276E+00
 0.712000E+00   0.428970E+00   0.206582E+02   0.435239E+00   0.144674E+00
 0.714000E+00   0.429358E+00   0.206407E+02   0.435642E+00   0.145072E+00
 0.716000E+00   0.429744E+00   0.206170E+02   0.436044E+00   0.145469E+00
 0.718000E+00   0.430130E+00   0.206076E+02   0.436446E+00   0.145867E+00
 0.720000E+00   0.430515E+00   0.205815E+02   0.436846E+00   0.146264E+00
 0.722000E+00   0.430900E+00   0.205652E+02   0.437246E+00   0.146662E+00
 0.724000E+00   0.431283E+00   0.205538E+02   0.437645E+00   0.147059E+00
 0.726000E+00   0.431666E+00   0.205377E+02   0.438043E+00   0.147457E+00
 0.728000E+00   0.432047E+00   0.205176E+02   0.438441E+00   0.147854E+00
 0.730000E+00   0.432428E+00   0.205009E+02   0.438837E+00   0.148252E+00
 0.732000E+00   0.432808E+00   0.204795E+02   0.439233E+00   0.148649E+00
 0.734000E+00   0.433188E+00   0.204652E+02   0.439628E+00   0.149046E+00
 0.736000E+00   0.433567E+00   0.204494E+02   0.440022E+00   0.149444E+00
 0.738000E+00   0.433944E+00   0.204360E+02   0.440416E+00   0.149841E+00
 0.740000E+00   0.434322E+00   0.204122E+02   0.440808E+00   0.150238E+00
 0.742000E+00   0.434698E+00   0.203975E+02   0.441200E+00   0.150636E+00
 0.744000E+00   0.435074E+00   0.203767E+02   0.441591E+00   0.151033E+00
 0.746000E+00   0.435448E+00   0.203691E+02   0.441981E+00   0.151430E+00
 0.748000E+00   0.435822E+00   0.203468E+02   0.442371E+00   0.151827E+00
 0.750000E+00   0.436196E+00   0.203342E+02   0.442760E+00   0.152224E+00
 0.752000E+00   0.436568E+00   0.203135E+02   0.443147E+00   0.152621E+00
 0.754000E+00   0.436940E+00   0.203006E+02   0.443534E+00   0.153018E+00
 0.756000E+00   0.437310E+00   0.202838E+02   0.443921E+00   0.153415E+00
 0.758000E+00   0.437680E+00   0.202672E+02   0.444306E+00   0.153812E+00
 0.760000E+00   0.438049E+00   0.202479E+02   0.444690E+00   0.154209E+00
 0.762000E+00   0.438418E+00   0.202345E+02   0.445074E+00   0.154606E+00
 0.764000E+00   0.438785E+00   0.202198E+02   0.445457E+00   0.155003E+00
 0.766000E+00   0.439151E+00   0.202038E+02   0.445838E+00   0.155400E+00
 0.768000E+00   0.439517E+00   0.201893E+02   0.446219E+00   0.155796E+00
 0.770000E+00   0.439882E+00   0.201657E+02   0.446599E+00   0.156193E+00
 0.772000E+00   0.440245E+00   0.201516E+02   0.446978E+00   0.156590E+00
 0.774000E+00   0.440608E+00   0.201362E+02   0.447356E+00   0.156986E+00
 0.776000E+00   0.440970E+00   0.201231E+02   0.447734E+00   0.157383E+00
 0.778000E+00   0.441331E+00   0.201055E+02   0.448110E+00   0.157780E+00
 0.780000E+00   0.441691E+00   0.200867E+02   0.448485E+00   0.158176E+00
 0.782000E+00   0.442050E+00   0.200748E+02   0.448859E+00   0.158573E+00
 0.784000E+00   0.442408E+00   0.200602E+02   0.449232E+00   0.158969E+00
 0.786000E+00   0.442765E+00   0.200456E+02   0.449604E+00   0.159366E+00
 0.788000E+00   0.443121E+00   0.200269E+02   0.449976E+00   0.159762E+00
 0.790000E+00   0.443477E+00   0.200090E+02   0.450346E+00   0.160159E+00
 0.792000E+00   0.443831E+00   0.199988E+02   0.450715E+00   0.160555E+00
 0.794000E+00   0.444184E+00   0.199843E+02   0.451083E+00   0.160951E+00
 0.796000E+00   0.444536E+00   0.199631E+02   0.451450E+00   0.161348E+00
 0.798000E+00   0.444887E+00   0.199535E+02   0.451816E+00   0.161744E+00
 0.800000E+00   0.445237E+00   0.199380E+02   0.452182E+00   0.162140E+00
 0.802000E+00   0.445587E+00   0.199232E+02   0.452546E+00   0.162536E+00
 0.804000E+00   0.445935E+00   0.199119E+02   0.452909E+00   0.162932E+00
 0.806000E+00   0.446283E+00   0.198937E+02   0.453272E+00   0.163328E+00
 0.808000E+00   0.446629E+00   0.198789E+02   0.453633E+00   0.163725E+00
 0.810000E+00   0.446975E+00   0.198615E+02   0.453994E+00   0.164121E+00
 0.812000E+00   0.447320E+00   0.198516E+02   0.454354E+00   0.164517E+00
 0.814000E+00   0.447664E+00   0.198309E+02   0.454713E+00   0.164913E+00
 0.816000E+00   0.448008E+00   0.198168E+02   0.455071E+00   0.165309E+00
 0.818000E+00   0.448350E+00   0.198084E+02   0.455429E+00   0.165705E+00
 0.820000E+00   0.448692E+00   0.197938E+02   0.455785E+00   0.166101E+00
 0.822000E+00   0.449034E+00   0.197749E+02   0.456141E+00   0.166497E+00
 0.824000E+00   0.449374E+00   0.197583E+02   0.456496E+00   0.166893E+00
 0.826000E+00   0.449714E+00   0.197526E+02   0.456851E+00   0.167288E+00
 0.828000E+00   0.450053E+00   0.197303E+02   0.457205E+00   0.167684E+00
 0.830000E+00   0.450391E+00   0.197200E+02   0.457558E+00   0.168080E+00
 0.832000E+00   0.450729E+00   0.197002E+02   0.457910E+00   0.168476E+00
 0.834000E+00   0.451066E+00   0.196867E+02   0.458262E+00   0.168872E+00
 0.836000E+00   0.451403E+00   0.196721E+02   0.458613E+00   0.169268E+00
 0.838000E+00   0.451738E+00   0.196636E+02   0.458964E+00   0.169664E+00
 0.840000E+00   0.452074E+00   0.196528E+02   0.459314E+00   0.170059E+00
 0.842000E+00   0.452409E+00   0.196311E+02   0.459663E+00   0.170455E+00
 0.844000E+00   0.452743E+00   0.196175E+02   0.460012E+00   0.170851E+00
 0.846000E+00   0.453076E+00   0.196078E+02   0.460360E+00   0.171247E+00
 0.848000E+00   0.453409E+00   0.195967E+02   0.460708E+00   0.171642E+00
 0.850000E+00   0.453742E+00   0.195836E+02   0.461055E+00   0.172038E+00
 0.852000E+00   0.454073E+00   0.195618E+02   0.461401E+00   0.172434E+00
 0.854000E+00   0.454405E+00   0.195504E+02   0.461747E+00   0.172829E+00
 0.856000E+00   0.454735E+00   0.195401E+02   0.462092E+00   0.173225E+00
 0.858000E+00   0.455065E+00   0.195285E+02   0.462437E+00   0.173621E+00
 0.860000E+00   0.455395E+00   0.195068E+02   0.462781E+00   0.174016E+00
 0.862000E+00   0.455723E+00   0.194967E+02   0.463124E+00   0.174412E+00
 0.864000E+00   0.456051E+00   0.194837E+02   0.463467E+00   0.174807E+00
 0.866000E+00   0.456379E+00   0.194723E+02   0.463809E+00   0.175202E+00
 0.868000E+00   0.456706E+00   0.194595E+02   0.464150E+00   0.175598E+00
 0.870000E+00   0.457032E+00   0.194472E+02   0.464491E+00   0.175993E+00
 0.872000E+00   0.457357E+00   0.194280E+02   0.464831E+00   0.176388E+00
 0.874000E+00   0.457682E+00   0.194207E+02   0.465170E+00   0.176783E+00
 0.876000E+00   0.458006E+00   0.194018E+02   0.465509E+00   0.177178E+00
 0.878000E+00   0.458329E+00   0.193912E+02   0.465847E+00   0.177573E+00
 0.880000E+00   0.458652E+00   0.193780E+02   0.466184E+00   0.177968E+00
 0.882000E+00   0.458974E+00   0.193665E+02   0.466520E+00   0.178363E+00
 0.884000E+00   0.459296E+00   0.193535E+02   0.466856E+00   0.178757E+00
 0.886000E+00   0.459616E+00   0.193369E+02   0.467191E+00   0.179152E+00
 0.888000E+00   0.459936E+00   0.193313E+02   0.467525E+00   0.179546E+00
 0.890000E+00   0.460255E+00   0.193097E+02   0.467859E+00   0.179941E+00
 0.892000E+00   0.460574E+00   0.193044E+02   0.468192E+00   0.180335E+00
 0.894000E+00   0.460892E+00   0.192897E+02   0.468524E+00   0.180729E+00
 0.896000E+00   0.461209E+00   0.192793E+02   0.468855E+00   0.181123E+00
 0.898000E+00   0.461525E+00   0.192618E+02   0.469186E+00   0.181517E+00
 0.900000E+00   0.461841E+00   0.192538E+02   0.469516E+00   0.181911E+00
 0.902000E+00   0.462156E+00   0.192336E+02   0.469845E+00   0.182305E+00
 0.904000E+00   0.462470E+00   0.192232E+02   0.470174E+00   0.182699E+00
 0.906000E+00   0.462783E+00   0.192138E+02   0.470502E+00   0.183093E+00
 0.908000E+00   0.463096E+00   0.191964E+02   0.470829E+00   0.183486E+00
 0.910000E+00   0.463408E+00   0.191836E+02   0.471155E+00   0.183880E+00
 0.912000E+00   0.463720E+00   0.191759E+02   0.471481E+00   0.184273E+00
 0.914000E+00   0.464031E+00   0.191658E+02   0.471806E+00   0.184667E+00
 0.916000E+00   0.464341E+00   0.191497E+02   0.472130E+00   0.185060E+00
 0.918000E+00   0.464650E+00   0.191334E+02   0.472454E+00   0.185454E+00
 0.920000E+00   0.464959E+00   0.191251E+02   0.472777E+00   0.185847E+00
 0.922000E+00   0.465267E+00   0.191102E+02   0.473099E+00   0.186241E+00
 0.924000E+00   0.465575E+00   0.190976E+02   0.473421E+00   0.186634E+00
 0.926000E+00   0.465882E+00   0.190889E+02   0.473742E+00   0.187028E+00
 0.928000E+00   0.466188E+00   0.190727E+02   0.474062E+00   0.187421E+00
 0.930000E+00   0.466494E+00   0.190608E+02   0.474382E+00   0.187815E+00
 0.932000E+00   0.466798E+00   0.190535E+02   0.474701E+00   0.188209E+00
 0.934000E+00   0.467103E+00   0.190416E+02   0.475019E+00   0.188602E+00
 0.936000E+00   0.467406E+00   0.190321E+02   0.475337E+00   0.188996E+00
 0.938000E+00   0.467710E+00   0.190128E+02   0.475654E+00   0.189390E+00
 0.940000E+00   0.468012E+00   0.190081E+02   0.475970E+00   0.189783E+00
 0.942000E+00   0.468314E+00   0.189887E+02   0.476286E+00   0.190177E+00
 0.944000E+00   0.468615E+00   0.189769E+02   0.476601E+00   0.190571E+00
 0.946000E+00   0.468916E+00   0.189744E+02   0.476916E+00   0.190965E+00
 0.948000E+00   0.469216E+00   0.189548E+02   0.477230E+00   0.191359E+00
 0.950000E+00   0.469515E+00   0.189426E+02   0.477543E+00   0.191753E+00
 0.952000E+00   0.469814E+00   0.189344E+02   0.477856E+00   0.192147E+00
 0.954000E+00   0.470112E+00   0.189205E+02   0.478168E+00   0.192541E+00
 0.956000E+00   0.470410E+00   0.189123E+02   0.478479E+00   0.192936E+00
 0.958000E+00   0.470707E+00   0.188956E+02   0.478790E+00   0.193330E+00
 0.960000E+00   0.471003E+00   0.188900E+02   0.479100E+00   0.193724E+00
 0.962000E+00   0.471299E+00   0.188792E+02   0.479410E+00   0.194118E+00
 0.964000E+00   0.471594E+00   0.188681E+02   0.479719E+00   0.194512E+00
 0.966000E+00   0.471888E+00   0.188574E+02   0.480027E+00   0.194906E+00
 0.968000E+00   0.472182E+00   0.188419E+02   0.480335E+00   0.195300E+00
 0.970000E+00   0.472475E+00   0.188309E+02   0.480642E+00   0.195694E+00
 0.972000E+00   0.472768E+00   0.188181E+02   0.480948E+00   0.196088E+00
 0.974000E+00   0.473060E+00   0.188050E+02   0.481254E+00   0.196481E+00
 0.976000E+00   0.473352E+00   0.187950E+02   0.481559E+00   0.196875E+00
 0.978000E+00   0.473642E+00   0.187845E+02   0.481864E+00   0.197269E+00
 0.980000E+00   0.473933E+00   0.187761E+02   0.482168E+00   0.197662E+00
 0.982000E+00   0.474222E+00   0.187596E+02   0.482471E+00   0.198055E+00
 0.984000E+00   0.474511E+00   0.187504E+02   0.482774E+00   0.198448E+00
 0.986000E+00   0.474800E+00   0.187439E+02   0.483076E+00   0.198841E+00
 0.988000E+00   0.475087E+00   0.187351E+02   0.483377E+00   0.199234E+00
 0.990000E+00   0.475375E+00   0.187244E+02   0.483678E+00   0.199627E+00
 0.992000E+00   0.475661E+00   0.187106E+02   0.483978E+00   0.200020E+00
 0.994000E+00   0.475947E+00   0.187009E+02   0.484278E+00   0.200412E+00
 0.996000E+00   0.476232E+00   0.186887E+02   0.484577E+00   0.200804E+00
 0.998000E+00   0.476517E+00   0.186798E+02   0.484875E+00   0.201196E+00
 0.100000E+01   0.476801E+00   0.186618E+02   0.485173E+00   0.201588E+00
 0.100200E+01   0.477085E+00   0.186513E+02   0.485470E+00   0.201980E+00
 0.100400E+01   0.477368E+00   0.186479E+02   0.485766E+00   0.202372E+00
 0.100600E+01   0.477650E+00   0.186320E+02   0.486062E+00   0.202763E+00
 0.100800E+01   0.477932E+00   0.186216E+02   0.486358E+00   0.203154E+00
 0.101000E+01   0.478213E+00   0.186150E+02   0.486652E+00   0.203546E+00
 0.101200E+01   0.478494E+00   0.186057E+02   0.486947E+00   0.203937E+00
 0.101400E+01   0.478774E+00   0.185860E+02   0.487240E+00   0.204328E+00
 0.101600E+01   0.479054E+00   0.185766E+02   0.487533E+00   0.204719E+00
 0.101800E+01   0.479333E+00   0.185681E+02   0.487826E+00   0.205110E+00
 0.102000E+01   0.479611E+00   0.185578E+02   0.488118E+00   0.205502E+00
 0.102200E+01   0.479889E+00   0.185467E+02   0.488409E+00   0.205893E+00
 0.102400E+01   0.480167E+00   0.185409E+02   0.488700E+00   0.206284E+00
 0.102600E+01   0.480444E+00   0.185312E+02   0.488990E+00   0.206675E+00
 0.102800E+01   0.480720E+00   0.185124E+02   0.489280E+00   0.207066E+00
 0.103000E+01   0.480996E+00   0.185070E+02   0.489569E+00   0.207457E+00
 0.103200E+01   0.481271E+00   0.184989E+02   0.489858E+00   0.207848E+00
 0.103400E+01   0.481546E+00   0.184896E+02   0.490146E+00   0.208239E+00
 0.103600E+01   0.481821E+00   0.184778E+02   0.490434E+00   0.208630E+00
 0.103800E+01   0.482095E+00   0.184682E+02   0.490721E+00   0.209021E+00
 0.104000E+01   0.482368E+00   0.184501E+02   0.491008E+00   0.209413E+00
 0.104200E+01   0.482641E+00   0.184403E+02   0.491294E+00   0.209804E+00
 0.104400E+01   0.482914E+00   0.184391E+02   0.491580E+00   0.210196E+00
 0.104600E+01   0.483186E+00   0.184201E+02   0.491866E+00   0.210587E+00
 0.104800E+01   0.483457E+00   0.184109E+02   0.492150E+00   0.210979E+00
 0.105000E+01   0.483728E+00   0.184049E+02   0.492435E+00   0.211371E+00
 0.105200E+01   0.483999E+00   0.183920E+02   0.492719E+00   0.211763E+00
 0.105400E+01   0.484269E+00   0.183848E+02   0.493002E+00   0.212155E+00
 0.105600E+01   0.484539E+00   0.183713E+02   0.493285E+00   0.212547E+00
 0.105800E+01   0.484808E+00   0.183652E+02   0.493567E+00   0.212939E+00
 0.106000E+01   0.485077E+00   0.183529E+02   0.493849E+00   0.213331E+00
 0.106200E+01   0.485345E+00   0.183419E+02   0.494131E+00   0.213724E+00
 0.106400E+01   0.485613E+00   0.183326E+02   0.494412E+00   0.214116E+00
 0.106600E+01   0.485880E+00   0.183230E+02   0.494692E+00   0.214508E+00
 0.106800E+01   0.486147E+00   0.183097E+02   0.494972E+00   0.214901E+00
 0.107000E+01   0.486413E+00   0.183029E+02   0.495251E+00   0.215293E+00
 0.107200E+01   0.486679E+00   0.182951E+02   0.495530E+00   0.215685E+00
 0.107400E+01   0.486944E+00   0.182890E+02   0.495808E+00   0.216078E+00
 0.107600E+01   0.487209E+00   0.182755E+02   0.496086E+00   0.216470E+00
 0.107800E+01   0.487473E+00   0.182659E+02   0.496363E+00   0.216862E+00
 0.108000E+01   0.487737E+00   0.182519E+02   0.496640E+00   0.217255E+00
 0.108200E+01   0.488000E+00   0.182499E+02   0.496916E+00   0.217647E+00
 0.108400E+01   0.488262E+00   0.182320E+02   0.497192E+00   0.218039E+00
 0.108600E+01   0.488524E+00   0.182232E+02   0.497467E+00   0.218432E+00
 0.108800E+01   0.488786E+00   0.182169E+02   0.497742E+00   0.218824E+00
 0.109000E+01   0.489047E+00   0.182042E+02   0.498016E+00   0.219216E+00
 0.109200E+01   0.489308E+00   0.182000E+02   0.498289E+00   0.219608E+00
 0.109400E+01   0.489568E+00   0.181846E+02   0.498562E+00   0.220000E+00
 0.109600E+01   0.489827E+00   0.181801E+02   0.498834E+00   0.220392E+00
 0.109800E+01   0.490086E+00   0.181702E+02   0.499106E+00   0.220784E+00
 0.110000E+01   0.490344E+00   0.181635E+02   0.499378E+00   0.221176E+00
 0.110200E+01   0.490602E+00   0.181525E+02   0.499648E+00   0.221567E+00
 0.110400E+01   0.490860E+00   0.181419E+02   0.499919E+00   0.221959E+00
 0.110600E+01   0.491116E+00   0.181325E+02   0.500188E+00   0.222351E+00
 0.110800E+01   0.491373E+00   0.181232E+02   0.500458E+00   0.222743E+00
 0.111000E+01   0.491629E+00   0.181161E+02   0.500727E+00   0.223134E+00
 0.111200E+01   0.491884E+00   0.181076E+02   0.500995E+00   0.223526E+00
 0.111400E+01   0.492140E+00   0.180911E+02   0.501263E+00   0.223918E+00
 0.111600E+01   0.492394E+00   0.180836E+02   0.501530E+00   0.224310E+00
 0.111800E+01   0.492649E+00   0.180758E+02   0.501798E+00   0.224701E+00
 0.112000E+01   0.492902E+00   0.180610E+02   0.502064E+00   0.225093E+00
 0.112200E+01   0.493156E+00   0.180602E+02   0.502331E+00   0.225485E+00
 0.112400E+01   0.493409E+00   0.180433E+02   0.502597E+00   0.225877E+00
 0.112600E+01   0.493662E+00   0.180374E+02   0.502862E+00   0.226269E+00
 0.112800E+01   0.493914E+00   0.180340E+02   0.503127E+00   0.226661E+00
 0.113000E+01   0.494167E+00   0.180196E+02   0.503392E+00   0.227054E+00
 0.113200E+01   0.494418E+00   0.180150E+02   0.503657E+00   0.227446E+00
 0.113400E+01   0.494670E+00   0.180057E+02   0.503921E+00   0.227839E+00
 0.113600E+01   0.494921E+00   0.179886E+02   0.504185E+00   0.228231E+00
 0.113800E+01   0.495172E+00   0.179798E+02   0.504449E+00   0.228624E+00
 0.114000E+01   0.495423E+00   0.179709E+02   0.504712E+00   0.229017E+00
 0.114200E+01   0.495673E+00   0.179624E+02   0.504976E+00   0.229410E+00
 0.114400E+01   0.495923E+00   0.179547E+02   0.505239E+00   0.229803E+00
 0.114600E+01   0.496173E+00   0.179447E+02   0.505501E+00   0.230197E+00
 0.114800E+01   0.496423E+00   0.179385E+02   0.505764E+00   0.230590E+00
 0.115000E+01   0.496672E+00   0.179295E+02   0.506026E+00   0.230984E+00
 0.115200E+01   0.496921E+00   0.179252E+02   0.506288E+00   0.231378E+00
 0.115400E+01   0.497170E+00   0.179146E+02   0.506549E+00   0.231772E+00
 0.115600E+01   0.497419E+00   0.179071E+02   0.506811E+00   0.232166E+00
 0.115800E+01   0.497667E+00   0.178911E+02   0.507071E+00   0.232560E+00
 0.116000E+01   0.497915E+00   0.178832E+02   0.507332E+00   0.232954E+00
 0.116200E+01   0.498162E+00   0.178751E+02   0.507592E+00   0.233348E+00
 0.116400E+01   0.498409E+00   0.178691E+02   0.507851E+00   0.233742E+00
 0.116600E+01   0.498655E+00   0.178564E+02   0.508111E+00   0.234135E+00
 0.116800E+01   0.498901E+00   0.178455E+02   0.508369E+00   0.234529E+00
 0.117000E+01   0.499146E+00   0.178364E+02   0.508627E+00   0.234922E+00
 0.117200E+01   0.499391E+00   0.178293E+02   0.508885E+00   0.235315E+00
 0.117400E+01   0.499635E+00   0.178193E+02   0.509142E+00   0.235708E+00
 0.117600E+01   0.499879E+00   0.178110E+02   0.509398E+00   0.236100E+00
 0.117800E+01   0.500122E+00   0.178034E+02   0.509654E+00   0.236492E+00
 0.118000E+01   0.500365E+00   0.177949E+02   0.509909E+00   0.236884E+00
 0.118200E+01   0.500606E+00   0.177880E+02   0.510163E+00   0.237275E+00
 0.118400E+01   0.500847E+00   0.177816E+02   0.510417E+00   0.237666E+00
 0.118600E+01   0.501088E+00   0.177746E+02   0.510670E+00   0.238057E+00
 0.118800E+01   0.501327E+00   0.177661E+02   0.510922E+00   0.238447E+00
 0.119000E+01   0.501566E+00   0.177581E+02   0.511173E+00   0.238836E+00
 0.119200E+01   0.501804E+00   0.177486E+02   0.511424E+00   0.239225E+00
 0.119400E+01   0.502042E+00   0.177331E+02   0.511673E+00   0.239613E+00
 0.119600E+01   0.502278E+00   0.177318E+02   0.511922E+00   0.240000E+00
 0.119800E+01   0.502514E+00   0.177171E+02   0.512170E+00   0.240387E+00
 0.120000E+01   0.502748E+00   0.177109E+02   0.512417E+00   0.240773E+00
 0.120200E+01   0.502982E+00   0.177045E+02   0.512664E+00   0.241158E+00
 0.120400E+01   0.503216E+00   0.176964E+02   0.512909E+00   0.241543E+00
 0.120600E+01   0.503448E+00   0.176884E+02   0.513154E+00   0.241928E+00
 0.120800E+01   0.503680E+00   0.176803E+02   0.513398E+00   0.242312E+00
 0.121000E+01   0.503911E+00   0.176714E+02   0.513642E+00   0.242696E+00
 0.121200E+01   0.504142E+00   0.176661E+02   0.513884E+00   0.243079E+00
 0.121400E+01   0.504372E+00   0.176510E+02   0.514127E+00   0.243463E+00
 0.121600E+01   0.504602E+00   0.176499E+02   0.514369E+00   0.243846E+00
 0.121800E+01   0.504831E+00   0.176360E+02   0.514610E+00   0.244229E+00
 0.122000E+01   0.505060E+00   0.176284E+02   0.514851E+00   0.244612E+00
 0.122200E+01   0.505288E+00   0.176257E+02   0.515091E+00   0.244994E+00
 0.122400E+01   0.505517E+00   0.176139E+02   0.515331E+00   0.245377E+00
 0.122600E+01   0.505744E+00   0.176069E+02   0.515571E+00   0.245761E+00
 0.122800E+01   0.505972E+00   0.175995E+02   0.515811E+00   0.246144E+00
 0.123000E+01   0.506199E+00   0.175891E+02   0.516050E+00   0.246528E+00
 0.123200E+01   0.506426E+00   0.175779E+02   0.516289E+00   0.246911E+00
 0.123400E+01   0.506653E+00   0.175753E+02   0.516528E+00   0.247296E+00
 0.123600E+01   0.506880E+00   0.175674E+02   0.516767E+00   0.247680E+00
 0.123800E+01   0.507106E+00   0.175631E+02   0.517006E+00   0.248065E+00
 0.124000E+01   0.507333E+00   0.175458E+02   0.517244E+00   0.248451E+00
 0.124200E+01   0.507559E+00   0.175476E+02   0.517483E+00   0.248837E+00
 0.124400E+01   0.507786E+00   0.175314E+02   0.517722E+00   0.249224E+00
 0.124600E+01   0.508013E+00   0.175239E+02   0.517960E+00   0.249612E+00
 0.124800E+01   0.508239E+00   0.175206E+02   0.518199E+00   0.250000E+00
 0.125000E+01   0.508466E+00   0.175140E+02   0.518438E+00   0.250389E+00
 0.125200E+01   0.508693E+00   0.175074E+02   0.518677E+00   0.250779E+00
 0.125400E+01   0.508920E+00   0.174971E+02   0.518916E+00   0.251170E+00
 0.125600E+01   0.509147E+00   0.174851E+02   0.519156E+00   0.251561E+00
 0.125800E+01   0.509374E+00   0.174789E+02   0.519395E+00   0.251953E+00
 0.126000E+01   0.509601E+00   0.174753E+02   0.519634E+00   0.252345E+00
 0.126200E+01   0.509828E+00   0.174598E+02   0.519873E+00   0.252738E+00
 0.126400E+01   0.510055E+00   0.174539E+02   0.520112E+00   0.253131E+00
 0.126600E+01   0.510281E+00   0.174470E+02   0.520350E+00   0.253524E+00
 0.126800E+01   0.510508E+00   0.174394E+02   0.520589E+00   0.253918E+00
 0.127000E+01   0.510733E+00   0.174317E+02   0.520827E+00   0.254312E+00
 0.127200E+01   0.510959E+00   0.174217E+02   0.521065E+00   0.254706E+00
 0.127400E+01   0.511184E+00   0.174172E+02   0.521302E+00   0.255100E+00
 0.127600E+01   0.511409E+00   0.174093E+02   0.521539E+00   0.255493E+00
 0.127800E+01   0.511634E+00   0.173982E+02   0.521775E+00   0.255887E+00
 0.128000E+01   0.511858E+00   0.173943E+02   0.522012E+00   0.256281E+00
 0.128200E+01   0.512081E+00   0.173818E+02   0.522247E+00   0.256674E+00
 0.128400E+01   0.512304E+00   0.173786E+02   0.522482E+00   0.257067E+00
 0.128600E+01   0.512526E+00   0.173698E+02   0.522716E+00   0.257460E+00
 0.128800E+01   0.512748E+00   0.173603E+02   0.522950E+00   0.257853E+00
 0.129000E+01   0.512969E+00   0.173543E+02   0.523183E+00   0.258244E+00
 0.129200E+01   0.513189E+00   0.173473E+02   0.523415E+00   0.258636E+00
 0.129400E+01   0.513409E+00   0.173427E+02   0.523647E+00   0.259026E+00
 0.129600E+01   0.513627E+00   0.173347E+02   0.523877E+00   0.259416E+00
 0.129800E+01   0.513845E+00   0.173289E+02   0.524107E+00   0.259806E+00
 0.130000E+01   0.514062E+00   0.173132E+02   0.524336E+00   0.260194E+00
 0.130200E+01   0.514278E+00   0.173086E+02   0.524564E+00   0.260582E+00
 0.130400E+01   0.514494E+00   0.173026E+02   0.524791E+00   0.260969E+00
 0.130600E+01   0.514708E+00   0.172981E+02   0.525017E+00   0.261355E+00
 0.130800E+01   0.514922E+00   0.172911E+02   0.525243E+00   0.261740E+00
 0.131000E+01   0.515135E+00   0.172805E+02   0.525467E+00   0.262125E+00
 0.131200E+01   0.515348E+00   0.172673E+02   0.525691E+00   0.262510E+00
 0.131400E+01   0.515559E+00   0.172657E+02   0.525915E+00   0.262894E+00
 0.131600E+01   0.515771E+00   0.172607E+02   0.526138E+00   0.263277E+00
 0.131800E+01   0.515981E+00   0.172543E+02   0.526360E+00   0.263661E+00
 0.132000E+01   0.516192E+00   0.172405E+02   0.526582E+00   0.264044E+00
 0.132200E+01   0.516402E+00   0.172396E+02   0.526803E+00   0.264427E+00
 0.132400E+01   0.516611E+00   0.172328E+02   0.527024E+00   0.264810E+00
 0.132600E+01   0.516820E+00   0.172206E+02   0.527245E+00   0.265193E+00
 0.132800E+01   0.517029E+00   0.172165E+02   0.527465E+00   0.265575E+00
 0.133000E+01   0.517237E+00   0.172029E+02   0.527685E+00   0.265958E+00
 0.133200E+01   0.517446E+00   0.171961E+02   0.527905E+00   0.266341E+00
 0.133400E+01   0.517654E+00   0.171897E+02   0.528124E+00   0.266725E+00
 0.133600E+01   0.517861E+00   0.171878E+02   0.528343E+00   0.267108E+00
 0.133800E+01   0.518069E+00   0.171811E+02   0.528563E+00   0.267492E+00
 0.134000E+01   0.518277E+00   0.171701E+02   0.528782E+00   0.267876E+00
 0.134200E+01   0.518485E+00   0.171679E+02   0.529001E+00   0.268261E+00
 0.134400E+01   0.518693E+00   0.171606E+02   0.529220E+00   0.268646E+00
 0.134600E+01   0.518900E+00   0.171479E+02   0.529440E+00   0.269032E+00
 0.134800E+01   0.519108E+00   0.171416E+02   0.529659E+00   0.269419E+00
 0.135000E+01   0.519316E+00   0.171342E+02   0.529879E+00   0.269806E+00
 0.135200E+01   0.519525E+00   0.171296E+02   0.530099E+00   0.270194E+00
 0.135400E+01   0.519733E+00   0.171223E+02   0.530318E+00   0.270583E+00
 0.135600E+01   0.519941E+00   0.171165E+02   0.530539E+00   0.270973E+00
 0.135800E+01   0.520150E+00   0.171124E+02   0.530759E+00   0.271363E+00
 0.136000E+01   0.520359E+00   0.171049E+02   0.530979E+00   0.271754E+00
 0.136200E+01   0.520568E+00   0.170884E+02   0.531200E+00   0.272145E+00
 0.136400E+01   0.520776E+00   0.170847E+02   0.531420E+00   0.272537E+00
 0.136600E+01   0.520985E+00   0.170799E+02   0.531640E+00   0.272930E+00
 0.136800E+01   0.521194E+00   0.170734E+02   0.531861E+00   0.273322E+00
 0.137000E+01   0.521402E+00   0.170629E+02   0.532081E+00   0.273715E+00
 0.137200E+01   0.521611E+00   0.170598E+02   0.532301E+00   0.274109E+00
 0.137400E+01   0.521819E+00   0.170558E+02   0.532521E+00   0.274502E+00
 0.137600E+01   0.522027E+00   0.170473E+02   0.532741E+00   0.274896E+00
 0.137800E+01   0.522235E+00   0.170319E+02   0.532960E+00   0.275290E+00
 0.138000E+01   0.522443E+00   0.170254E+02   0.533179E+00   0.275684E+00
 0.138200E+01   0.522650E+00   0.170182E+02   0.533398E+00   0.276077E+00
 0.138400E+01   0.522857E+00   0.170141E+02   0.533617E+00   0.276471E+00
 0.138600E+01   0.523063E+00   0.170136E+02   0.533835E+00   0.276865E+00
 0.138800E+01   0.523269E+00   0.170065E+02   0.534052E+00   0.277258E+00
 0.139000E+01   0.523475E+00   0.169904E+02   0.534270E+00   0.277651E+00
 0.139200E+01   0.523680E+00   0.169840E+02   0.534486E+00   0.278044E+00
 0.139400E+01   0.523885E+00   0.169816E+02   0.534702E+00   0.278436E+00
 0.139600E+01   0.524089E+00   0.169736E+02   0.534918E+00   0.278828E+00
 0.139800E+01   0.524292E+00   0.169666E+02   0.535133E+00   0.279219E+00
 0.140000E+01   0.524495E+00   0.169618E+02   0.535347E+00   0.279610E+00
 0.140200E+01   0.524697E+00   0.169546E+02   0.535561E+00   0.280000E+00
 0.140400E+01   0.524899E+00   0.169487E+02   0.535774E+00   0.280389E+00
 0.140600E+01   0.525099E+00   0.169434E+02   0.535986E+00   0.280778E+00
 0.140800E+01   0.525300E+00   0.169374E+02   0.536198E+00   0.281166E+00
 0.141000E+01   0.525499E+00   0.169305E+02   0.536408E+00   0.281554E+00
 0.141200E+01   0.525698E+00   0.169151E+02   0.536619E+00   0.281941E+00
 0.141400E+01   0.525896E+00   0.169115E+02   0.536828E+00   0.282328E+00
 0.141600E+01   0.526094E+00   0.169049E+02   0.537037E+00   0.282714E+00
 0.141800E+01   0.526291E+00   0.169009E+02   0.537246E+00   0.283099E+00
 0.142000E+01   0.526488E+00   0.168898E+02   0.537454E+00   0.283484E+00
 0.142200E+01   0.526684E+00   0.168899E+02   0.537661E+00   0.283869E+00
 0.142400E+01   0.526880E+00   0.168836E+02   0.537868E+00   0.284253E+00
 0.142600E+01   0.527075E+00   0.168710E+02   0.538074E+00   0.284638E+00
 0.142800E+01   0.527269E+00   0.168624E+02   0.538280E+00   0.285021E+00
 0.143000E+01   0.527464E+00   0.168577E+02   0.538485E+00   0.285405E+00
 0.143200E+01   0.527657E+00   0.168533E+02   0.538690E+00   0.285788E+00
 0.143400E+01   0.527851E+00   0.168450E+02   0.538894E+00   0.286171E+00
 0.143600E+01   0.528044E+00   0.168407E+02   0.539098E+00   0.286554E+00
 0.143800E+01   0.528236E+00   0.168343E+02   0.539302E+00   0.286937E+00
 0.144000E+01   0.528428E+00   0.168268E+02   0.539505E+00   0.287320E+00
 0.144200E+01   0.528620E+00   0.168171E+02   0.539708E+00   0.287703E+00
 0.144400E+01   0.528812E+00   0.168192E+02   0.539911E+00   0.288085E+00
 0.144600E+01   0.529003E+00   0.168099E+02   0.540113E+00   0.288468E+00
 0.144800E+01   0.529194E+00   0.167992E+02   0.540315E+00   0.288851E+00
 0.145000E+01   0.529385E+00   0.167967E+02   0.540517E+00   0.289234E+00
 0.145200E+01   0.529575E+00   0.167879E+02   0.540718E+00   0.289617E+00
 0.145400E+01   0.529765E+00   0.167814E+02   0.540919E+00   0.290000E+00
 0.145600E+01   0.529955E+00   0.167737E+02   0.541120E+00   0.290383E+00
 0.145800E+01   0.530145E+00   0.167654E+02   0.541321E+00   0.290767E+00
 0.146000E+01   0.530334E+00   0.167634E+02   0.541521E+00   0.291150E+00
 0.146200E+01   0.530524E+00   0.167555E+02   0.541721E+00   0.291534E+00
 0.146400E+01   0.530713E+00   0.167543E+02   0.541921E+00   0.291918E+00
 0.146600E+01   0.530902E+00   0.167446E+02   0.542121E+00   0.292302E+00
 0.146800E+01   0.531090E+00   0.167399E+02   0.542321E+00   0.292687E+00
 0.147000E+01   0.531279E+00   0.167363E+02   0.542520E+00   0.293071E+00
 0.147200E+01   0.531467E+00   0.167230E+02   0.542719E+00   0.293455E+00
 0.147400E+01   0.531655E+00   0.167214E+02   0.542918E+00   0.293840E+00
 0.147600E+01   0.531842E+00   0.167182E+02   0.543116E+00   0.294225E+00
 0.147800E+01   0.532030E+00   0.167049E+02   0.543315E+00   0.294609E+00
 0.148000E+01   0.532217E+00   0.167057E+02   0.543513E+00   0.294994E+00
 0.148200E+01   0.532404E+00   0.166956E+02   0.543710E+00   0.295379E+00
 0.148400E+01   0.532590E+00   0.166844E+02   0.543908E+00   0.295764E+00
 0.148600E+01   0.532777E+00   0.166781E+02   0.544105E+00   0.296149E+00
 0.148800E+01   0.532963E+00   0.166730E+02   0.544302E+00   0.296534E+00
 0.149000E+01   0.533149E+00   0.166675E+02   0.544499E+00   0.296919E+00
 0.149200E+01   0.533334E+00   0.166673E+02   0.544695E+00   0.297304E+00
 0.149400E+01   0.533520E+00   0.166526E+02   0.544891E+00   0.297689E+00
 0.149600E+01   0.533705E+00   0.166540E+02   0.545087E+00   0.298075E+00
 0.149800E+01   0.533890E+00   0.166443E+02   0.545283E+00   0.298460E+00
 0.150000E+01   0.534074E+00   0.166393E+02   0.545478E+00   0.298845E+00
 0.150200E+01   0.534258E+00   0.166296E+02   0.545674E+00   0.299230E+00
 0.150400E+01   0.534442E+00   0.166253E+02   0.545868E+00   0.299615E+00
 0.150600E+01   0.534626E+00   0.166241E+02   0.546063E+00   0.300000E+00
 0.150800E+01   0.534810E+00   0.166137E+02   0.546257E+00   0.300385E+00
 0.151000E+01   0.534993E+00   0.166083E+02   0.546451E+00   0.300770E+00
 0.151200E+01   0.535176E+00   0.166070E+02   0.546645E+00   0.301155E+00
 0.151400E+01   0.535359E+00   0.165967E+02   0.546838E+00   0.301540E+00
 0.151600E+01   0.535541E+00   0.165925E+02   0.547031E+00   0.301924E+00
 0.151800E+01   0.535723E+00   0.165880E+02   0.547224E+00   0.302309E+00
 0.152000E+01   0.535905E+00   0.165809E+02   0.547417E+00   0.302694E+00
 0.152200E+01   0.536087E+00   0.165707E+02   0.547609E+00   0.303079E+00
 0.152400E+01   0.536268E+00   0.165652E+02   0.547801E+00   0.303463E+00
 0.152600E+01   0.536449E+00   0.165576E+02   0.547993E+00   0.303848E+00
 0.152800E+01   0.536630E+00   0.165529E+02   0.548185E+00   0.304232E+00
 0.153000E+01   0.536811E+00   0.165473E+02   0.548376E+00   0.304617E+00
 0.153200E+01   0.536991E+00   0.165428E+02   0.548567E+00   0.305002E+00
 0.153400E+01   0.537171E+00   0.165411E+02   0.548757E+00   0.305386E+00
 0.153600E+01   0.537351E+00   0.165310E+02   0.548948E+00   0.305771E+00
 0.153800E+01   0.537530E+00   0.165262E+02   0.549138E+00   0.306155E+00
 0.154000E+01   0.537710E+00   0.165199E+02   0.549328E+00   0.306540E+00
 0.154200E+01   0.537889E+00   0.165103E+02   0.549518E+00   0.306924E+00
 0.154400E+01   0.538068E+00   0.165054E+02   0.549707E+00   0.307309E+00
 0.154600E+01   0.538246E+00   0.164961E+02   0.549897E+00   0.307693E+00
 0.154800E+01   0.538425E+00   0.164947E+02   0.550086E+00   0.308078E+00
 0.155000E+01   0.538603E+00   0.164901E+02   0.550274E+00   0.308462E+00
 0.155200E+01   0.538781E+00   0.164851E+02   0.550463E+00   0.308847E+00
 0.155400E+01   0.538958E+00   0.164768E+02   0.550651E+00   0.309231E+00
 0.155600E+01   0.539136E+00   0.164693E+02   0.550839E+00   0.309616E+00
 0.155800E+01   0.539313E+00   0.164622E+02   0.551027E+00   0.310000E+00
 0.156000E+01   0.539490E+00   0.164611E+02   0.551214E+00   0.310384E+00
 0.156200E+01   0.539667E+00   0.164568E+02   0.551402E+00   0.310769E+00
 0.156400E+01   0.539843E+00   0.164464E+02   0.551589E+00   0.311154E+00
 0.156600E+01   0.540020E+00   0.164388E+02   0.551776E+00   0.311538E+00
 0.156800E+01   0.540196E+00   0.164383E+02   0.551962E+00   0.311923E+00
 0.157000E+01   0.540372E+00   0.164289E+02   0.552149E+00   0.312307E+00
 0.157200E+01   0.540547E+00   0.164286E+02   0.552335E+00   0.312692E+00
 0.157400E+01   0.540723E+00   0.164231E+02   0.552520E+00   0.313076E+00
 0.157600E+01   0.540898E+00   0.164126E+02   0.552706E+00   0.313461E+00
 0.157800E+01   0.541073E+00   0.164068E+02   0.552891E+00   0.313845E+00
 0.158000E+01   0.541247E+00   0.164016E+02   0.553077E+00   0.314230E+00
 0.158200E+01   0.541422E+00   0.163945E+02   0.553262E+00   0.314615E+00
 0.158400E+01   0.541596E+00   0.163894E+02   0.553446E+00   0.314999E+00
 0.158600E+01   0.541770E+00   0.163837E+02   0.553631E+00   0.315384E+00
 0.158800E+01   0.541944E+00   0.163822E+02   0.553815E+00   0.315768E+00
 0.159000E+01   0.542117E+00   0.163687E+02   0.553999E+00   0.316153E+00
 0.159200E+01   0.542290E+00   0.163683E+02   0.554182E+00   0.316538E+00
 0.159400E+01   0.542463E+00   0.163635E+02   0.554366E+00   0.316922E+00
 0.159600E+01   0.542636E+00   0.163586E+02   0.554549E+00   0.317307E+00
 0.159800E+01   0.542809E+00   0.163553E+02   0.554732E+00   0.317692E+00
 0.160000E+01   0.542981E+00   0.163472E+02   0.554914E+00   0.318076E+00
 0.160200E+01   0.543153E+00   0.163360E+02   0.555097E+00   0.318461E+00
 0.160400E+01   0.543325E+00   0.163299E+02   0.555279E+00   0.318846E+00
 0.160600E+01   0.543496E+00   0.163236E+02   0.555461E+00   0.319231E+00
 0.160800E+01   0.543667E+00   0.163181E+02   0.555643E+00   0.319615E+00
 0.161000E+01   0.543839E+00   0.163125E+02   0.555824E+00   0.320000E+00
 0.161200E+01   0.544009E+00   0.163093E+02   0.556005E+00   0.320385E+00
 0.161400E+01   0.544180E+00   0.163045E+02   0.556186E+00   0.320769E+00
 0.161600E+01   0.544350E+00   0.163013E+02   0.556367E+00   0.321154E+00
 0.161800E+01   0.544520E+00   0.162974E+02   0.556547E+00   0.321539E+00
 0.162000E+01   0.544690E+00   0.162902E+02   0.556727E+00   0.321924E+00
 0.162200E+01   0.544860E+00   0.162880E+02   0.556907E+00   0.322309E+00
 0.162400E+01   0.545029E+00   0.162798E+02   0.557087E+00   0.322693E+00
 0.162600E+01   0.545198E+00   0.162707E+02   0.557266E+00   0.323078E+00
 0.162800E+01   0.545367E+00   0.162632E+02   0.557445E+00   0.323463E+00
 0.163000E+01   0.545535E+00   0.162595E+02   0.557624E+00   0.323847E+00
 0.163200E+01   0.545704E+00   0.162521E+02   0.557802E+00   0.324232E+00
 0.163400E+01   0.545872E+00   0.162463E+02   0.557981E+00   0.324617E+00
 0.163600E+01   0.546040E+00   0.162399E+02   0.558159E+00   0.325002E+00
 0.163800E+01   0.546207E+00   0.162364E+02   0.558336E+00   0.325386E+00
 0.164000E+01   0.546374E+00   0.162333E+02   0.558514E+00   0.325771E+00
 0.164200E+01   0.546542E+00   0.162300E+02   0.558691E+00   0.326155E+00
 0.164400E+01   0.546708E+00   0.162235E+02   0.558868E+00   0.326540E+00
 0.164600E+01   0.546875E+00   0.162198E+02   0.559045E+00   0.326925E+00
 0.164800E+01   0.547041E+00   0.162073E+02   0.559222E+00   0.327309E+00
 0.165000E+01   0.547207E+00   0.162029E+02   0.559398E+00   0.327694E+00
 0.165200E+01   0.547373E+00   0.162028E+02   0.559574E+00   0.328078E+00
 0.165400E+01   0.547539E+00   0.161919E+02   0.559750E+00   0.328463E+00
 0.165600E+01   0.547704E+00   0.161869E+02   0.559925E+00   0.328847E+00
 0.165800E+01   0.547869E+00   0.161821E+02   0.560100E+00   0.329231E+00
 0.166000E+01   0.548034E+00   0.161788E+02   0.560275E+00   0.329616E+00
 0.166200E+01   0.548199E+00   0.161741E+02   0.560450E+00   0.330000E+00
 0.166400E+01   0.548363E+00   0.161674E+02   0.560624E+00   0.330384E+00
 0.166600E+01   0.548527E+00   0.161666E+02   0.560799E+00   0.330768E+00
 0.166800E+01   0.548691E+00   0.161554E+02   0.560973E+00   0.331153E+00
 0.167000E+01   0.548855E+00   0.161500E+02   0.561146E+00   0.331537E+00
 0.167200E+01   0.549018E+00   0.161493E+02   0.561320E+00   0.331921E+00
 0.167400E+01   0.549181E+00   0.161445E+02   0.561493E+00   0.332305E+00
 0.167600E+01   0.549344E+00   0.161386E+02   0.561666E+00   0.332689E+00
 0.167800E+01   0.549507E+00   0.161333E+02   0.561839E+00   0.333073E+00
 0.168000E+01   0.549669E+00   0.161275E+02   0.562011E+00   0.333457E+00
 0.168200E+01   0.549832E+00   0.161244E+02   0.562184E+00   0.333842E+00
 0.168400E+01   0.549994E+00   0.161181E+02   0.562356E+00   0.334226E+00
 0.168600E+01   0.550156E+00   0.161143E+02   0.562528E+00   0.334610E+00
 0.168800E+01   0.550317E+00   0.161093E+02   0.562700E+00   0.334995E+00
 0.169000E+01   0.550479E+00   0.160963E+02   0.562871E+00   0.335379E+00
 0.169200E+01   0.550640E+00   0.160920E+02   0.563042E+00   0.335763E+00
 0.169400E+01   0.550801E+00   0.160879E+02   0.563214E+00   0.336148E+00
 0.169600E+01   0.550962E+00   0.160814E+02   0.563385E+00   0.336533E+00
 0.169800E+01   0.551123E+00   0.160774E+02   0.563555E+00   0.336917E+00
 0.170000E+01   0.551284E+00   0.160735E+02   0.563726E+00   0.337302E+00
 0.170200E+01   0.551444E+00   0.160682E+02   0.563896E+00   0.337687E+00
 0.170400E+01   0.551605E+00   0.160632E+02   0.564067E+00   0.338072E+00
 0.170600E+01   0.551765E+00   0.160535E+02   0.564237E+00   0.338458E+00
 0.170800E+01   0.551925E+00   0.160562E+02   0.564407E+00   0.338843E+00
 0.171000E+01   0.552085E+00   0.160522E+02   0.564577E+00   0.339228E+00
 0.171200E+01   0.552244E+00   0.160469E+02   0.564746E+00   0.339614E+00
 0.171400E+01   0.552404E+00   0.160369E+02   0.564916E+00   0.340000E+00
 0.171600E+01   0.552563E+00   0.160302E+02   0.565085E+00   0.340386E+00
 0.171800E+01   0.552723E+00   0.160268E+02   0.565254E+00   0.340772E+00
 0.172000E+01   0.552882E+00   0.160222E+02   0.565423E+00   0.341158E+00
 0.172200E+01   0.553041E+00   0.160136E+02   0.565592E+00   0.341545E+00
 0.172400E+01   0.553199E+00   0.160073E+02   0.565761E+00   0.341931E+00
 0.172600E+01   0.553358E+00   0.160068E+02   0.565930E+00   0.342318E+00
 0.172800E+01   0.553516E+00   0.160022E+02   0.566098E+00   0.342704E+00
 0.173000E+01   0.553674E+00   0.159925E+02   0.566266E+00   0.343090E+00
 0.173200E+01   0.553832E+00   0.159924E+02   0.566434E+00   0.343477E+00
 0.173400E+01   0.553990E+00   0.159842E+02   0.566601E+00   0.343863E+00
 0.173600E+01   0.554147E+00   0.159825E+02   0.566768E+00   0.344249E+00
 0.173800E+01   0.554304E+00   0.159739E+02   0.566935E+00   0.344635E+00
 0.174000E+01   0.554461E+00   0.159718E+02   0.567102E+00   0.345020E+00
 0.174200E+01   0.554617E+00   0.159674E+02   0.567268E+00   0.345406E+00
 0.174400E+01   0.554773E+00   0.159632E+02   0.567434E+00   0.345791E+00
 0.174600E+01   0.554929E+00   0.159521E+02   0.567600E+00   0.346176E+00
 0.174800E+01   0.555085E+00   0.159511E+02   0.567765E+00   0.346560E+00
 0.175000E+01   0.555240E+00   0.159464E+02   0.567930E+00   0.346944E+00
 0.175200E+01   0.555394E+00   0.159423E+02   0.568094E+00   0.347328E+00
 0.175400E+01   0.555549E+00   0.159394E+02   0.568258E+00   0.347711E+00
 0.175600E+01   0.555702E+00   0.159324E+02   0.568422E+00   0.348094E+00
 0.175800E+01   0.555856E+00   0.159275E+02   0.568585E+00   0.348476E+00
 0.176000E+01   0.556009E+00   0.159230E+02   0.568748E+00   0.348858E+00
 0.176200E+01   0.556162E+00   0.159208E+02   0.568910E+00   0.349239E+00
 0.176400E+01   0.556314E+00   0.159131E+02   0.569072E+00   0.349620E+00
 0.176600E+01   0.556465E+00   0.159012E+02   0.569233E+00   0.350000E+00
 0.176800E+01   0.556617E+00   0.158965E+02   0.569394E+00   0.350379E+00
 0.177000E+01   0.556767E+00   0.158991E+02   0.569554E+00   0.350758E+00
 0.177200E+01   0.556918E+00   0.158906E+02   0.569714E+00   0.351136E+00
 0.177400E+01   0.557068E+00   0.158859E+02   0.569874E+00   0.351514E+00
 0.177600E+01   0.557217E+00   0.158787E+02   0.570033E+00   0.351891E+00
 0.177800E+01   0.557366E+00   0.158741E+02   0.570191E+00   0.352268E+00
 0.178000E+01   0.557515E+00   0.158695E+02   0.570350E+00   0.352645E+00
 0.178200E+01   0.557664E+00   0.158692E+02   0.570508E+00   0.353021E+00
 0.178400E+01   0.557812E+00   0.158661E+02   0.570665E+00   0.353397E+00
 0.178600E+01   0.557960E+00   0.158618E+02   0.570823E+00   0.353773E+00
 0.178800E+01   0.558108E+00   0.158511E+02   0.570980E+00   0.354149E+00
 0.179000E+01   0.558255E+00   0.158532E+02   0.571137E+00   0.354525E+00
 0.179200E+01   0.558402E+00   0.158392E+02   0.571294E+00   0.354901E+00
 0.179400E+01   0.558550E+00   0.158342E+02   0.571450E+00   0.355276E+00
 0.179600E+01   0.558697E+00   0.158314E+02   0.571607E+00   0.355652E+00
 0.179800E+01   0.558844E+00   0.158268E+02   0.571763E+00   0.356028E+00
 0.180000E+01   0.558990E+00   0.158257E+02   0.571919E+00   0.356405E+00
 0.180200E+01   0.559137E+00   0.158191E+02   0.572076E+00   0.356781E+00
 0.180400E+01   0.559284E+00   0.158145E+02   0.572232E+00   0.357158E+00
 0.180600E+01   0.559431E+00   0.158090E+02   0.572388E+00   0.357535E+00
 0.180800E+01   0.559577E+00   0.158053E+02   0.572544E+00   0.357913E+00
 0.181000E+01   0.559724E+00   0.158021E+02   0.572700E+00   0.358291E+00
 0.181200E+01   0.559871E+00   0.157933E+02   0.572856E+00   0.358670E+00
 0.181400E+01   0.560017E+00   0.157928E+02   0.573012E+00   0.359049E+00
 0.181600E+01   0.560164E+00   0.157866E+02   0.573169E+00   0.359429E+00
 0.181800E+01   0.560311E+00   0.157847E+02   0.573325E+00   0.359809E+00
 0.182000E+01   0.560459E+00   0.157804E+02   0.573482E+00   0.360191E+00
 0.182200E+01   0.560606E+00   0.157746E+02   0.573639E+00   0.360573E+00
 0.182400E+01   0.560753E+00   0.157719E+02   0.573796E+00   0.360956E+00
 0.182600E+01   0.560901E+00   0.157610E+02   0.573953E+00   0.361339E+00
 0.182800E+01   0.561048E+00   0.157628E+02   0.574110E+00   0.361723E+00
 0.183000E+01   0.561196E+00   0.157514E+02   0.574267E+00   0.362108E+00
 0.183200E+01   0.561343E+00   0.157469E+02   0.574424E+00   0.362492E+00
 0.183400E+01   0.561491E+00   0.157422E+02   0.574581E+00   0.362878E+00
 0.183600E+01   0.561638E+00   0.157386E+02   0.574738E+00   0.363263E+00
 0.183800E+01   0.561786E+00   0.157376E+02   0.574895E+00   0.363649E+00
 0.184000E+01   0.561933E+00   0.157253E+02   0.575052E+00   0.364035E+00
 0.184200E+01   0.562080E+00   0.157288E+02   0.575208E+00   0.364422E+00
 0.184400E+01   0.562227E+00   0.157156E+02   0.575365E+00   0.364808E+00
 0.184600E+01   0.562374E+00   0.157113E+02   0.575521E+00   0.365194E+00
 0.184800E+01   0.562521E+00   0.157069E+02   0.575677E+00   0.365580E+00
 0.185000E+01   0.562667E+00   0.157019E+02   0.575833E+00   0.365967E+00
 0.185200E+01   0.562813E+00   0.156986E+02   0.575989E+00   0.366353E+00
 0.185400E+01   0.562959E+00   0.156994E+02   0.576144E+00   0.366738E+00
 0.185600E+01   0.563105E+00   0.156929E+02   0.576299E+00   0.367124E+00
 0.185800E+01   0.563250E+00   0.156881E+02   0.576454E+00   0.367509E+00
 0.186000E+01   0.563395E+00   0.156859E+02   0.576608E+00   0.367894E+00
 0.186200E+01   0.563539E+00   0.156831E+02   0.576762E+00   0.368278E+00
 0.186400E+01   0.563683E+00   0.156766E+02   0.576916E+00   0.368662E+00
 0.186600E+01   0.563827E+00   0.156669E+02   0.577069E+00   0.369045E+00
 0.186800E+01   0.563970E+00   0.156682E+02   0.577221E+00   0.369428E+00
 0.187000E+01   0.564113E+00   0.156577E+02   0.577373E+00   0.369809E+00
 0.187200E+01   0.564255E+00   0.156536E+02   0.577524E+00   0.370190E+00
 0.187400E+01   0.564397E+00   0.156532E+02   0.577675E+00   0.370571E+00
 0.187600E+01   0.564538E+00   0.156494E+02   0.577826E+00   0.370950E+00
 0.187800E+01   0.564678E+00   0.156466E+02   0.577976E+00   0.371329E+00
 0.188000E+01   0.564819E+00   0.156326E+02   0.578125E+00   0.371707E+00
 0.188200E+01   0.564959E+00   0.156306E+02   0.578274E+00   0.372085E+00
 0.188400E+01   0.565098E+00   0.156263E+02   0.578422E+00   0.372462E+00
 0.188600E+01   0.565237E+00   0.156269E+02   0.578571E+00   0.372839E+00
 0.188800E+01   0.565376E+00   0.156242E+02   0.578719E+00   0.373216E+00
 0.189000E+01   0.565514E+00   0.156199E+02   0.578866E+00   0.373592E+00
 0.189200E+01   0.565652E+00   0.156070E+02   0.579013E+00   0.373968E+00
 0.189400E+01   0.565790E+00   0.156022E+02   0.579160E+00   0.374344E+00
 0.189600E+01   0.565928E+00   0.156024E+02   0.579307E+00   0.374719E+00
 0.189800E+01   0.566066E+00   0.155926E+02   0.579454E+00   0.375095E+00
 0.190000E+01   0.566203E+00   0.155883E+02   0.579600E+00   0.375471E+00
 0.190200E+01   0.566340E+00   0.155869E+02   0.579746E+00   0.375846E+00
 0.190400E+01   0.566477E+00   0.155851E+02   0.579892E+00   0.376222E+00
 0.190600E+01   0.566614E+00   0.155782E+02   0.580038E+00   0.376598E+00
 0.190800E+01   0.566751E+00   0.155725E+02   0.580184E+00   0.376974E+00
 0.191000E+01   0.566888E+00   0.155705E+02   0.580330E+00   0.377351E+00
 0.191200E+01   0.567025E+00   0.155679E+02   0.580476E+00   0.377728E+00
 0.191400E+01   0.567162E+00   0.155573E+02   0.580622E+00   0.378105E+00
 0.191600E+01   0.567298E+00   0.155607E+02   0.580768E+00   0.378483E+00
 0.191800E+01   0.567435E+00   0.155511E+02   0.580914E+00   0.378861E+00
 0.192000E+01   0.567572E+00   0.155491E+02   0.581060E+00   0.379240E+00
 0.192200E+01   0.567709E+00   0.155459E+02   0.581206E+00   0.379620E+00
 0.192400E+01   0.567847E+00   0.155417E+02   0.581352E+00   0.380000E+00
 0.192600E+01   0.567984E+00   0.155405E+02   0.581499E+00   0.380381E+00
 0.192800E+01   0.568122E+00   0.155311E+02   0.581645E+00   0.380763E+00
 0.193000E+01   0.568259E+00   0.155301E+02   0.581792E+00   0.381145E+00
 0.193200E+01   0.568397E+00   0.155273E+02   0.581939E+00   0.381528E+00
 0.193400E+01   0.568535E+00   0.155224E+02   0.582085E+00   0.381912E+00
 0.193600E+01   0.568672E+00   0.155143E+02   0.582232E+00   0.382296E+00
 0.193800E+01   0.568810E+00   0.155103E+02   0.582379E+00   0.382681E+00
 0.194000E+01   0.568948E+00   0.155098E+02   0.582526E+00   0.383066E+00
 0.194200E+01   0.569086E+00   0.154977E+02   0.582673E+00   0.383451E+00
 0.194400E+01   0.569224E+00   0.154975E+02   0.582820E+00   0.383837E+00
 0.194600E+01   0.569361E+00   0.154872E+02   0.582967E+00   0.384222E+00
 0.194800E+01   0.569499E+00   0.154846E+02   0.583114E+00   0.384609E+00
 0.195000E+01   0.569636E+00   0.154819E+02   0.583260E+00   0.384995E+00
 0.195200E+01   0.569773E+00   0.154776E+02   0.583407E+00   0.385381E+00
 0.195400E+01   0.569911E+00   0.154731E+02   0.583553E+00   0.385767E+00
 0.195600E+01   0.570048E+00   0.154689E+02   0.583699E+00   0.386153E+00
 0.195800E+01   0.570184E+00   0.154672E+02   0.583845E+00   0.386539E+00
 0.196000E+01   0.570321E+00   0.154632E+02   0.583991E+00   0.386925E+00
 0.196200E+01   0.570457E+00   0.154523E+02   0.584136E+00   0.387311E+00
 0.196400E+01   0.570593E+00   0.154484E+02   0.584281E+00   0.387696E+00
 0.196600E+01   0.570729E+00   0.154505E+02   0.584426E+00   0.388081E+00
 0.196800E+01   0.570864E+00   0.154477E+02   0.584570E+00   0.388466E+00
 0.197000E+01   0.570999E+00   0.154428E+02   0.584714E+00   0.388850E+00
 0.197200E+01   0.571134E+00   0.154362E+02   0.584858E+00   0.389234E+00
 0.197400E+01   0.571269E+00   0.154268E+02   0.585002E+00   0.389617E+00
 0.197600E+01   0.571402E+00   0.154229E+02   0.585144E+00   0.390000E+00
 0.197800E+01   0.571536E+00   0.154248E+02   0.585287E+00   0.390382E+00
 0.198000E+01   0.571669E+00   0.154199E+02   0.585429E+00   0.390763E+00
 0.198200E+01   0.571802E+00   0.154090E+02   0.585571E+00   0.391144E+00
 0.198400E+01   0.571934E+00   0.154068E+02   0.585712E+00   0.391524E+00
 0.198600E+01   0.572066E+00   0.154099E+02   0.585853E+00   0.391904E+00
 0.198800E+01   0.572198E+00   0.154057E+02   0.585993E+00   0.392283E+00
 0.199000E+01   0.572329E+00   0.154013E+02   0.586133E+00   0.392662E+00
 0.199200E+01   0.572460E+00   0.153922E+02   0.586273E+00   0.393041E+00
 0.199400E+01   0.572591E+00   0.153887E+02   0.586412E+00   0.393418E+00
 0.199600E+01   0.572721E+00   0.153838E+02   0.586552E+00   0.393796E+00
 0.199800E+01   0.572851E+00   0.153834E+02   0.586690E+00   0.394173E+00
