 0.100000E+00   0.267965E+00   0.132810E+03   0.269722E+00   0.209388E-01
 0.107900E+00   0.259255E+00   0.129817E+03   0.260936E+00   0.225910E-01
 0.115800E+00   0.270722E+00   0.136279E+03   0.272512E+00   0.242418E-01
 0.123700E+00   0.299804E+00   0.151616E+03   0.301874E+00   0.258919E-01
 0.131600E+00   0.327153E+00   0.167534E+03   0.329489E+00   0.275418E-01
 0.139500E+00   0.332693E+00   0.173759E+03   0.335097E+00   0.291917E-01
 0.147400E+00   0.327977E+00   0.175446E+03   0.330346E+00   0.308412E-01
 0.155300E+00   0.333699E+00   0.183340E+03   0.336138E+00   0.324902E-01
 0.163200E+00   0.322305E+00   0.183016E+03   0.324645E+00   0.341386E-01
 0.171100E+00   0.311037E+00   0.183571E+03   0.313282E+00   0.357866E-01
 0.179000E+00   0.294061E+00   0.181729E+03   0.296160E+00   0.374342E-01
 0.186900E+00   0.280635E+00   0.182567E+03   0.282622E+00   0.390812E-01
 0.194800E+00   0.261871E+00   0.180833E+03   0.263698E+00   0.407279E-01
 0.202700E+00   0.250066E+00   0.184089E+03   0.251797E+00   0.423740E-01
 0.210600E+00   0.226469E+00   0.179862E+03   0.228000E+00   0.440196E-01
 0.218500E+00   0.206236E+00   0.177822E+03   0.207598E+00   0.456647E-01
 0.226400E+00   0.190135E+00   0.179030E+03   0.191365E+00   0.473092E-01
 0.234300E+00   0.164678E+00   0.170384E+03   0.165695E+00   0.489533E-01
 0.242200E+00   0.142777E+00   0.161696E+03   0.143613E+00   0.505969E-01
 0.250100E+00   0.121307E+00   0.147362E+03   0.121966E+00   0.522399E-01
 0.258000E+00   0.102662E+00   0.126804E+03   0.103168E+00   0.538824E-01
 0.265900E+00   0.955127E-01   0.121633E+03   0.959614E-01   0.555243E-01
 0.273800E+00   0.920108E-01   0.123365E+03   0.924340E-01   0.571657E-01
 0.281700E+00   0.874364E-01   0.114574E+03   0.878228E-01   0.588065E-01
 0.289600E+00   0.842071E-01   0.988026E+02   0.845668E-01   0.604468E-01
 0.297500E+00   0.830560E-01   0.834583E+02   0.834070E-01   0.620865E-01
 0.305400E+00   0.833723E-01   0.717764E+02   0.837279E-01   0.637257E-01
 0.313300E+00   0.845028E-01   0.628056E+02   0.848709E-01   0.653643E-01
 0.321200E+00   0.861014E-01   0.551813E+02   0.864872E-01   0.670023E-01
 0.329100E+00   0.880234E-01   0.494557E+02   0.884306E-01   0.686397E-01
 0.337000E+00   0.901840E-01   0.469906E+02   0.906159E-01   0.702766E-01
 0.344900E+00   0.924686E-01   0.436143E+02   0.929273E-01   0.719128E-01
 0.352800E+00   0.948791E-01   0.421927E+02   0.953670E-01   0.735485E-01
 0.360700E+00   0.973765E-01   0.404873E+02   0.978954E-01   0.751836E-01
 0.368600E+00   0.999560E-01   0.406958E+02   0.100508E+00   0.768181E-01
 0.376500E+00   0.102602E+00   0.405808E+02   0.103189E+00   0.784519E-01
 0.384400E+00   0.105311E+00   0.394132E+02   0.105934E+00   0.800852E-01
 0.392300E+00   0.108079E+00   0.391150E+02   0.108742E+00   0.817178E-01
 0.400200E+00   0.110905E+00   0.366499E+02   0.111608E+00   0.833498E-01
 0.408100E+00   0.113785E+00   0.344112E+02   0.114531E+00   0.849812E-01
 0.416000E+00   0.116718E+00   0.324950E+02   0.117509E+00   0.866119E-01
 0.423900E+00   0.119703E+00   0.308546E+02   0.120540E+00   0.882420E-01
 0.431800E+00   0.122740E+00   0.294148E+02   0.123626E+00   0.898715E-01
 0.439700E+00   0.125829E+00   0.281631E+02   0.126766E+00   0.915003E-01
 0.447600E+00   0.128970E+00   0.270438E+02   0.129961E+00   0.931284E-01
 0.455500E+00   0.132164E+00   0.260551E+02   0.133211E+00   0.947559E-01
 0.463400E+00   0.135413E+00   0.251699E+02   0.136518E+00   0.963827E-01
 0.471300E+00   0.138718E+00   0.243675E+02   0.139883E+00   0.980088E-01
 0.479200E+00   0.142079E+00   0.236358E+02   0.143307E+00   0.996342E-01
 0.487100E+00   0.145497E+00   0.229831E+02   0.146792E+00   0.101259E+00
 0.495000E+00   0.148975E+00   0.223749E+02   0.150338E+00   0.102883E+00
 0.502900E+00   0.152515E+00   0.218202E+02   0.153950E+00   0.104506E+00
 0.510800E+00   0.156121E+00   0.213116E+02   0.157632E+00   0.106129E+00
 0.518700E+00   0.159795E+00   0.208479E+02   0.161385E+00   0.107751E+00
 0.526600E+00   0.163535E+00   0.204112E+02   0.165206E+00   0.109372E+00
 0.534500E+00   0.167335E+00   0.200072E+02   0.169091E+00   0.110992E+00
 0.542400E+00   0.171190E+00   0.196313E+02   0.173035E+00   0.112611E+00
 0.550300E+00   0.175093E+00   0.192940E+02   0.177030E+00   0.114230E+00
 0.558200E+00   0.179037E+00   0.189683E+02   0.181068E+00   0.115848E+00
 0.566100E+00   0.183016E+00   0.186760E+02   0.185146E+00   0.117465E+00
 0.574000E+00   0.187039E+00   0.183962E+02   0.189270E+00   0.119082E+00
 0.581900E+00   0.191117E+00   0.181315E+02   0.193453E+00   0.120697E+00
 0.589800E+00   0.195263E+00   0.178892E+02   0.197709E+00   0.122312E+00
 0.597700E+00   0.199482E+00   0.176596E+02   0.202041E+00   0.123926E+00
 0.605600E+00   0.203775E+00   0.174395E+02   0.206452E+00   0.125539E+00
 0.613500E+00   0.208145E+00   0.172336E+02   0.210945E+00   0.127152E+00
 0.621400E+00   0.212594E+00   0.170461E+02   0.215523E+00   0.128763E+00
 0.629300E+00   0.217127E+00   0.168610E+02   0.220190E+00   0.130374E+00
 0.637200E+00   0.221748E+00   0.166797E+02   0.224949E+00   0.131983E+00
 0.645100E+00   0.226460E+00   0.165211E+02   0.229806E+00   0.133592E+00
 0.653000E+00   0.231265E+00   0.163556E+02   0.234762E+00   0.135200E+00
 0.660900E+00   0.236168E+00   0.162067E+02   0.239822E+00   0.136807E+00
 0.668800E+00   0.241170E+00   0.160623E+02   0.244988E+00   0.138413E+00
 0.676700E+00   0.246276E+00   0.159243E+02   0.250265E+00   0.140018E+00
 0.684600E+00   0.251487E+00   0.157984E+02   0.255654E+00   0.141622E+00
 0.692500E+00   0.256808E+00   0.156776E+02   0.261161E+00   0.143226E+00
 0.700400E+00   0.262241E+00   0.155557E+02   0.266787E+00   0.144828E+00
 0.708300E+00   0.267788E+00   0.154460E+02   0.272537E+00   0.146429E+00
 0.716200E+00   0.273453E+00   0.153377E+02   0.278413E+00   0.148029E+00
 0.724100E+00   0.279238E+00   0.152381E+02   0.284418E+00   0.149628E+00
 0.732000E+00   0.285146E+00   0.151355E+02   0.290556E+00   0.151226E+00
 0.739900E+00   0.291180E+00   0.150444E+02   0.296830E+00   0.152823E+00
 0.747800E+00   0.297343E+00   0.149523E+02   0.303242E+00   0.154419E+00
 0.755700E+00   0.303636E+00   0.148644E+02   0.309795E+00   0.156013E+00
 0.763600E+00   0.310062E+00   0.147877E+02   0.316493E+00   0.157607E+00
 0.771500E+00   0.316624E+00   0.147117E+02   0.323339E+00   0.159199E+00
 0.779400E+00   0.323324E+00   0.146358E+02   0.330335E+00   0.160790E+00
 0.787300E+00   0.330164E+00   0.145634E+02   0.337483E+00   0.162380E+00
 0.795200E+00   0.337147E+00   0.144962E+02   0.344788E+00   0.163969E+00
 0.803100E+00   0.344275E+00   0.144320E+02   0.352250E+00   0.165557E+00
 0.811000E+00   0.351549E+00   0.143748E+02   0.359874E+00   0.167143E+00
 0.818900E+00   0.358972E+00   0.143167E+02   0.367660E+00   0.168728E+00
 0.826800E+00   0.366546E+00   0.142614E+02   0.375613E+00   0.170312E+00
 0.834700E+00   0.374271E+00   0.142116E+02   0.383734E+00   0.171894E+00
 0.842600E+00   0.382151E+00   0.141603E+02   0.392025E+00   0.173475E+00
 0.850500E+00   0.390187E+00   0.141190E+02   0.400488E+00   0.175055E+00
 0.858400E+00   0.398379E+00   0.140704E+02   0.409126E+00   0.176633E+00
 0.866300E+00   0.406730E+00   0.140312E+02   0.417941E+00   0.178210E+00
 0.874200E+00   0.415240E+00   0.139878E+02   0.426934E+00   0.179785E+00
 0.882100E+00   0.423911E+00   0.139566E+02   0.436108E+00   0.181359E+00
 0.890000E+00   0.432745E+00   0.139152E+02   0.445464E+00   0.182931E+00
 0.897900E+00   0.441741E+00   0.138828E+02   0.455003E+00   0.184502E+00
 0.905800E+00   0.450900E+00   0.138571E+02   0.464726E+00   0.186072E+00
 0.913700E+00   0.460224E+00   0.138272E+02   0.474637E+00   0.187640E+00
 0.921600E+00   0.469712E+00   0.138018E+02   0.484734E+00   0.189206E+00
 0.929500E+00   0.479366E+00   0.137715E+02   0.495021E+00   0.190771E+00
 0.937400E+00   0.489185E+00   0.137483E+02   0.505496E+00   0.192334E+00
 0.945300E+00   0.499170E+00   0.137306E+02   0.516162E+00   0.193895E+00
 0.953200E+00   0.509320E+00   0.137022E+02   0.527019E+00   0.195455E+00
 0.961100E+00   0.519635E+00   0.136881E+02   0.538067E+00   0.197013E+00
 0.969000E+00   0.530115E+00   0.136660E+02   0.549307E+00   0.198569E+00
 0.976900E+00   0.540759E+00   0.136592E+02   0.560738E+00   0.200124E+00
 0.984800E+00   0.551568E+00   0.136390E+02   0.572362E+00   0.201677E+00
 0.992700E+00   0.562539E+00   0.136240E+02   0.584178E+00   0.203228E+00
 0.100060E+01   0.573672E+00   0.136185E+02   0.596185E+00   0.204777E+00
 0.100850E+01   0.584966E+00   0.136061E+02   0.608383E+00   0.206325E+00
 0.101640E+01   0.596420E+00   0.135974E+02   0.620772E+00   0.207870E+00
 0.102430E+01   0.608031E+00   0.135855E+02   0.633350E+00   0.209414E+00
 0.103220E+01   0.619799E+00   0.135804E+02   0.646117E+00   0.210956E+00
 0.104010E+01   0.631722E+00   0.135736E+02   0.659071E+00   0.212495E+00
 0.104800E+01   0.643797E+00   0.135632E+02   0.672212E+00   0.214033E+00
 0.105590E+01   0.656023E+00   0.135629E+02   0.685537E+00   0.215569E+00
 0.106380E+01   0.668397E+00   0.135559E+02   0.699045E+00   0.217103E+00
 0.107170E+01   0.680917E+00   0.135588E+02   0.712734E+00   0.218635E+00
 0.107960E+01   0.693579E+00   0.135547E+02   0.726602E+00   0.220165E+00
 0.108750E+01   0.706383E+00   0.135524E+02   0.740647E+00   0.221692E+00
 0.109540E+01   0.719324E+00   0.135505E+02   0.754866E+00   0.223218E+00
 0.110330E+01   0.732399E+00   0.135556E+02   0.769257E+00   0.224742E+00
 0.111120E+01   0.745605E+00   0.135570E+02   0.783816E+00   0.226263E+00
 0.111910E+01   0.758939E+00   0.135603E+02   0.798542E+00   0.227782E+00
 0.112700E+01   0.772397E+00   0.135670E+02   0.813431E+00   0.229299E+00
 0.113490E+01   0.785975E+00   0.135701E+02   0.828479E+00   0.230814E+00
 0.114280E+01   0.799671E+00   0.135644E+02   0.843683E+00   0.232326E+00
 0.115070E+01   0.813479E+00   0.135746E+02   0.859040E+00   0.233837E+00
 0.115860E+01   0.827395E+00   0.135829E+02   0.874545E+00   0.235345E+00
 0.116650E+01   0.841417E+00   0.135882E+02   0.890196E+00   0.236850E+00
 0.117440E+01   0.855538E+00   0.135927E+02   0.905987E+00   0.238354E+00
 0.118230E+01   0.869756E+00   0.135924E+02   0.921914E+00   0.239855E+00
 0.119020E+01   0.884065E+00   0.136025E+02   0.937974E+00   0.241353E+00
 0.119810E+01   0.898461E+00   0.136074E+02   0.954161E+00   0.242850E+00
 0.120600E+01   0.912939E+00   0.136183E+02   0.970471E+00   0.244344E+00
 0.121390E+01   0.927494E+00   0.136259E+02   0.986900E+00   0.245835E+00
 0.122180E+01   0.942122E+00   0.136311E+02   0.100344E+01   0.247324E+00
 0.122970E+01   0.956819E+00   0.136391E+02   0.102009E+01   0.248811E+00
 0.123760E+01   0.971578E+00   0.136476E+02   0.103685E+01   0.250295E+00
 0.124550E+01   0.986395E+00   0.136522E+02   0.105370E+01   0.251776E+00
 0.125340E+01   0.100127E+01   0.136644E+02   0.107065E+01   0.253255E+00
 0.126130E+01   0.101618E+01   0.136752E+02   0.108769E+01   0.254732E+00
 0.126920E+01   0.103115E+01   0.136778E+02   0.110480E+01   0.256206E+00
 0.127710E+01   0.104615E+01   0.136877E+02   0.112200E+01   0.257677E+00
 0.128500E+01   0.106118E+01   0.136988E+02   0.113927E+01   0.259146E+00
 0.129290E+01   0.107624E+01   0.137054E+02   0.115660E+01   0.260612E+00
 0.130080E+01   0.109133E+01   0.137170E+02   0.117400E+01   0.262076E+00
 0.130870E+01   0.110643E+01   0.137251E+02   0.119145E+01   0.263537E+00
 0.131660E+01   0.112154E+01   0.137375E+02   0.120896E+01   0.264995E+00
 0.132450E+01   0.113667E+01   0.137455E+02   0.122651E+01   0.266451E+00
 0.133240E+01   0.115180E+01   0.137607E+02   0.124410E+01   0.267904E+00
 0.134030E+01   0.116692E+01   0.137687E+02   0.126172E+01   0.269355E+00
 0.134820E+01   0.118204E+01   0.137731E+02   0.127937E+01   0.270802E+00
 0.135610E+01   0.119715E+01   0.137896E+02   0.129705E+01   0.272247E+00
 0.136400E+01   0.121225E+01   0.137988E+02   0.131474E+01   0.273690E+00
 0.137190E+01   0.122733E+01   0.138035E+02   0.133245E+01   0.275129E+00
 0.137980E+01   0.124238E+01   0.138206E+02   0.135017E+01   0.276566E+00
 0.138770E+01   0.125740E+01   0.138216E+02   0.136789E+01   0.278000E+00
 0.139560E+01   0.127239E+01   0.138396E+02   0.138560E+01   0.279432E+00
 0.140350E+01   0.128734E+01   0.138405E+02   0.140332E+01   0.280860E+00
 0.141140E+01   0.130226E+01   0.138498E+02   0.142101E+01   0.282286E+00
 0.141930E+01   0.131712E+01   0.138621E+02   0.143870E+01   0.283709E+00
 0.142720E+01   0.133194E+01   0.138672E+02   0.145636E+01   0.285129E+00
 0.143510E+01   0.134671E+01   0.138811E+02   0.147399E+01   0.286547E+00
 0.144300E+01   0.136142E+01   0.138942E+02   0.149160E+01   0.287962E+00
 0.145090E+01   0.137607E+01   0.138971E+02   0.150917E+01   0.289374E+00
 0.145880E+01   0.139066E+01   0.139049E+02   0.152670E+01   0.290783E+00
 0.146670E+01   0.140519E+01   0.139132E+02   0.154418E+01   0.292189E+00
 0.147460E+01   0.141964E+01   0.139249E+02   0.156162E+01   0.293593E+00
 0.148250E+01   0.143402E+01   0.139330E+02   0.157901E+01   0.294993E+00
 0.149040E+01   0.144833E+01   0.139365E+02   0.159634E+01   0.296391E+00
 0.149830E+01   0.146256E+01   0.139520E+02   0.161362E+01   0.297786E+00
 0.150620E+01   0.147670E+01   0.139605E+02   0.163083E+01   0.299179E+00
 0.151410E+01   0.149077E+01   0.139675E+02   0.164797E+01   0.300568E+00
 0.152200E+01   0.150475E+01   0.139728E+02   0.166505E+01   0.301955E+00
 0.152990E+01   0.151864E+01   0.139759E+02   0.168205E+01   0.303339E+00
 0.153780E+01   0.153244E+01   0.139875E+02   0.169898E+01   0.304720E+00
 0.154570E+01   0.154615E+01   0.139977E+02   0.171582E+01   0.306098E+00
 0.155360E+01   0.155976E+01   0.140049E+02   0.173259E+01   0.307473E+00
 0.156150E+01   0.157328E+01   0.140099E+02   0.174927E+01   0.308846E+00
 0.156940E+01   0.158670E+01   0.140139E+02   0.176586E+01   0.310216E+00
 0.157730E+01   0.160003E+01   0.140197E+02   0.178237E+01   0.311583E+00
 0.158520E+01   0.161325E+01   0.140287E+02   0.179878E+01   0.312947E+00
 0.159310E+01   0.162637E+01   0.140285E+02   0.181509E+01   0.314308E+00
 0.160100E+01   0.163938E+01   0.140429E+02   0.183131E+01   0.315666E+00
 0.160890E+01   0.165229E+01   0.140449E+02   0.184743E+01   0.317022E+00
 0.161680E+01   0.166510E+01   0.140520E+02   0.186345E+01   0.318375E+00
 0.162470E+01   0.167779E+01   0.140506E+02   0.187937E+01   0.319725E+00
 0.163260E+01   0.169038E+01   0.140635E+02   0.189518E+01   0.321072E+00
 0.164050E+01   0.170286E+01   0.140693E+02   0.191089E+01   0.322417E+00
 0.164840E+01   0.171523E+01   0.140739E+02   0.192649E+01   0.323758E+00
 0.165630E+01   0.172749E+01   0.140786E+02   0.194198E+01   0.325097E+00
 0.166420E+01   0.173964E+01   0.140813E+02   0.195736E+01   0.326434E+00
 0.167210E+01   0.175168E+01   0.140888E+02   0.197262E+01   0.327767E+00
 0.168000E+01   0.176361E+01   0.140896E+02   0.198778E+01   0.329097E+00
 0.168790E+01   0.177543E+01   0.140897E+02   0.200282E+01   0.330425E+00
 0.169580E+01   0.178713E+01   0.140947E+02   0.201774E+01   0.331750E+00
 0.170370E+01   0.179872E+01   0.140969E+02   0.203255E+01   0.333073E+00
 0.171160E+01   0.181020E+01   0.141093E+02   0.204724E+01   0.334392E+00
 0.171950E+01   0.182156E+01   0.141099E+02   0.206182E+01   0.335709E+00
 0.172740E+01   0.183281E+01   0.141123E+02   0.207627E+01   0.337023E+00
 0.173530E+01   0.184395E+01   0.141183E+02   0.209061E+01   0.338335E+00
 0.174320E+01   0.185498E+01   0.141216E+02   0.210483E+01   0.339643E+00
 0.175110E+01   0.186590E+01   0.141165E+02   0.211893E+01   0.340949E+00
 0.175900E+01   0.187670E+01   0.141193E+02   0.213290E+01   0.342252E+00
 0.176690E+01   0.188739E+01   0.141262E+02   0.214676E+01   0.343553E+00
 0.177480E+01   0.189797E+01   0.141276E+02   0.216050E+01   0.344851E+00
 0.178270E+01   0.190843E+01   0.141318E+02   0.217412E+01   0.346146E+00
 0.179060E+01   0.191879E+01   0.141380E+02   0.218761E+01   0.347438E+00
 0.179850E+01   0.192903E+01   0.141410E+02   0.220099E+01   0.348728E+00
 0.180640E+01   0.193917E+01   0.141389E+02   0.221424E+01   0.350016E+00
 0.181430E+01   0.194919E+01   0.141399E+02   0.222738E+01   0.351300E+00
 0.182220E+01   0.195911E+01   0.141458E+02   0.224039E+01   0.352582E+00
 0.183010E+01   0.196892E+01   0.141396E+02   0.225328E+01   0.353861E+00
 0.183800E+01   0.197862E+01   0.141436E+02   0.226605E+01   0.355138E+00
 0.184590E+01   0.198821E+01   0.141507E+02   0.227871E+01   0.356412E+00
 0.185380E+01   0.199770E+01   0.141522E+02   0.229124E+01   0.357683E+00
 0.186170E+01   0.200707E+01   0.141515E+02   0.230365E+01   0.358952E+00
 0.186960E+01   0.201635E+01   0.141523E+02   0.231594E+01   0.360218E+00
 0.187750E+01   0.202552E+01   0.141549E+02   0.232812E+01   0.361482E+00
 0.188540E+01   0.203458E+01   0.141480E+02   0.234017E+01   0.362743E+00
 0.189330E+01   0.204355E+01   0.141539E+02   0.235211E+01   0.364002E+00
 0.190120E+01   0.205241E+01   0.141531E+02   0.236393E+01   0.365258E+00
 0.190910E+01   0.206117E+01   0.141535E+02   0.237563E+01   0.366511E+00
 0.191700E+01   0.206982E+01   0.141577E+02   0.238722E+01   0.367762E+00
 0.192490E+01   0.207838E+01   0.141575E+02   0.239869E+01   0.369011E+00
 0.193280E+01   0.208684E+01   0.141510E+02   0.241005E+01   0.370257E+00
 0.194070E+01   0.209520E+01   0.141491E+02   0.242129E+01   0.371500E+00
 0.194860E+01   0.210346E+01   0.141575E+02   0.243242E+01   0.372741E+00
 0.195650E+01   0.211163E+01   0.141509E+02   0.244343E+01   0.373979E+00
 0.196440E+01   0.211970E+01   0.141501E+02   0.245433E+01   0.375215E+00
 0.197230E+01   0.212768E+01   0.141494E+02   0.246513E+01   0.376449E+00
 0.198020E+01   0.213556E+01   0.141490E+02   0.247580E+01   0.377680E+00
 0.198810E+01   0.214335E+01   0.141478E+02   0.248637E+01   0.378908E+00
 0.199600E+01   0.215105E+01   0.141548E+02   0.249683E+01   0.380135E+00
 0.200390E+01   0.215865E+01   0.141461E+02   0.250718E+01   0.381358E+00
 0.201180E+01   0.216617E+01   0.141482E+02   0.251742E+01   0.382580E+00
 0.201970E+01   0.217359E+01   0.141511E+02   0.252756E+01   0.383799E+00
 0.202760E+01   0.218093E+01   0.141509E+02   0.253759E+01   0.385015E+00
 0.203550E+01   0.218818E+01   0.141456E+02   0.254751E+01   0.386229E+00
 0.204340E+01   0.219534E+01   0.141455E+02   0.255733E+01   0.387441E+00
 0.205130E+01   0.220242E+01   0.141450E+02   0.256704E+01   0.388651E+00
 0.205920E+01   0.220941E+01   0.141430E+02   0.257665E+01   0.389858E+00
 0.206710E+01   0.221632E+01   0.141428E+02   0.258616E+01   0.391062E+00
 0.207500E+01   0.222314E+01   0.141449E+02   0.259557E+01   0.392265E+00
 0.208290E+01   0.222989E+01   0.141355E+02   0.260488E+01   0.393465E+00
 0.209080E+01   0.223655E+01   0.141411E+02   0.261408E+01   0.394663E+00
 0.209870E+01   0.224313E+01   0.141324E+02   0.262319E+01   0.395858E+00
 0.210660E+01   0.224963E+01   0.141375E+02   0.263220E+01   0.397051E+00
 0.211450E+01   0.225605E+01   0.141324E+02   0.264111E+01   0.398242E+00
 0.212240E+01   0.226240E+01   0.141300E+02   0.264993E+01   0.399431E+00
 0.213030E+01   0.226867E+01   0.141296E+02   0.265865E+01   0.400617E+00
 0.213820E+01   0.227486E+01   0.141256E+02   0.266727E+01   0.401801E+00
 0.214610E+01   0.228098E+01   0.141306E+02   0.267581E+01   0.402983E+00
 0.215400E+01   0.228702E+01   0.141207E+02   0.268425E+01   0.404163E+00
 0.216190E+01   0.229299E+01   0.141171E+02   0.269259E+01   0.405340E+00
 0.216980E+01   0.229889E+01   0.141165E+02   0.270085E+01   0.406516E+00
 0.217770E+01   0.230471E+01   0.141171E+02   0.270901E+01   0.407689E+00
 0.218560E+01   0.231047E+01   0.141108E+02   0.271709E+01   0.408859E+00
 0.219350E+01   0.231615E+01   0.141159E+02   0.272508E+01   0.410028E+00
 0.220140E+01   0.232176E+01   0.141099E+02   0.273298E+01   0.411195E+00
 0.220930E+01   0.232731E+01   0.141053E+02   0.274079E+01   0.412359E+00
 0.221720E+01   0.233279E+01   0.141058E+02   0.274852E+01   0.413521E+00
 0.222510E+01   0.233820E+01   0.141033E+02   0.275616E+01   0.414681E+00
 0.223300E+01   0.234355E+01   0.140992E+02   0.276372E+01   0.415839E+00
 0.224090E+01   0.234883E+01   0.141009E+02   0.277120E+01   0.416994E+00
 0.224880E+01   0.235404E+01   0.140927E+02   0.277859E+01   0.418148E+00
 0.225670E+01   0.235920E+01   0.140923E+02   0.278590E+01   0.419300E+00
 0.226460E+01   0.236429E+01   0.140941E+02   0.279313E+01   0.420449E+00
 0.227250E+01   0.236931E+01   0.140872E+02   0.280028E+01   0.421596E+00
 0.228040E+01   0.237428E+01   0.140863E+02   0.280735E+01   0.422742E+00
 0.228830E+01   0.237919E+01   0.140763E+02   0.281434E+01   0.423885E+00
 0.229620E+01   0.238403E+01   0.140759E+02   0.282126E+01   0.425026E+00
 0.230410E+01   0.238882E+01   0.140714E+02   0.282809E+01   0.426165E+00
 0.231200E+01   0.239355E+01   0.140726E+02   0.283485E+01   0.427302E+00
 0.231990E+01   0.239822E+01   0.140655E+02   0.284154E+01   0.428437E+00
 0.232780E+01   0.240283E+01   0.140703E+02   0.284815E+01   0.429570E+00
 0.233570E+01   0.240739E+01   0.140643E+02   0.285469E+01   0.430701E+00
 0.234360E+01   0.241189E+01   0.140613E+02   0.286116E+01   0.431830E+00
 0.235150E+01   0.241633E+01   0.140598E+02   0.286755E+01   0.432957E+00
 0.235940E+01   0.242073E+01   0.140569E+02   0.287387E+01   0.434082E+00
 0.236730E+01   0.242507E+01   0.140482E+02   0.288012E+01   0.435205E+00
 0.237520E+01   0.242935E+01   0.140427E+02   0.288630E+01   0.436326E+00
 0.238310E+01   0.243358E+01   0.140441E+02   0.289242E+01   0.437445E+00
 0.239100E+01   0.243777E+01   0.140380E+02   0.289846E+01   0.438562E+00
 0.239890E+01   0.244190E+01   0.140365E+02   0.290444E+01   0.439677E+00
 0.240680E+01   0.244598E+01   0.140382E+02   0.291034E+01   0.440790E+00
 0.241470E+01   0.245001E+01   0.140308E+02   0.291619E+01   0.441901E+00
 0.242260E+01   0.245399E+01   0.140243E+02   0.292197E+01   0.443011E+00
 0.243050E+01   0.245792E+01   0.140233E+02   0.292768E+01   0.444118E+00
 0.243840E+01   0.246181E+01   0.140249E+02   0.293333E+01   0.445224E+00
 0.244630E+01   0.246564E+01   0.140188E+02   0.293891E+01   0.446327E+00
 0.245420E+01   0.246944E+01   0.140169E+02   0.294444E+01   0.447429E+00
 0.246210E+01   0.247318E+01   0.140140E+02   0.294990E+01   0.448529E+00
 0.247000E+01   0.247688E+01   0.140014E+02   0.295530E+01   0.449627E+00
 0.247790E+01   0.248053E+01   0.140064E+02   0.296063E+01   0.450723E+00
 0.248580E+01   0.248414E+01   0.140023E+02   0.296591E+01   0.451818E+00
 0.249370E+01   0.248771E+01   0.139954E+02   0.297113E+01   0.452910E+00
 0.250160E+01   0.249123E+01   0.139897E+02   0.297629E+01   0.454001E+00
 0.250950E+01   0.249471E+01   0.139858E+02   0.298140E+01   0.455090E+00
 0.251740E+01   0.249815E+01   0.139813E+02   0.298644E+01   0.456177E+00
 0.252530E+01   0.250154E+01   0.139814E+02   0.299143E+01   0.457262E+00
 0.253320E+01   0.250490E+01   0.139754E+02   0.299636E+01   0.458345E+00
 0.254110E+01   0.250821E+01   0.139722E+02   0.300124E+01   0.459427E+00
 0.254900E+01   0.251148E+01   0.139723E+02   0.300606E+01   0.460507E+00
 0.255690E+01   0.251472E+01   0.139645E+02   0.301083E+01   0.461585E+00
 0.256480E+01   0.251791E+01   0.139657E+02   0.301554E+01   0.462661E+00
 0.257270E+01   0.252107E+01   0.139538E+02   0.302020E+01   0.463736E+00
 0.258060E+01   0.252418E+01   0.139508E+02   0.302481E+01   0.464808E+00
 0.258850E+01   0.252726E+01   0.139467E+02   0.302936E+01   0.465879E+00
 0.259640E+01   0.253030E+01   0.139450E+02   0.303387E+01   0.466949E+00
 0.260430E+01   0.253331E+01   0.139419E+02   0.303832E+01   0.468016E+00
 0.261220E+01   0.253628E+01   0.139363E+02   0.304272E+01   0.469082E+00
 0.262010E+01   0.253921E+01   0.139335E+02   0.304708E+01   0.470146E+00
 0.262800E+01   0.254211E+01   0.139342E+02   0.305138E+01   0.471209E+00
 0.263590E+01   0.254497E+01   0.139276E+02   0.305564E+01   0.472269E+00
 0.264380E+01   0.254780E+01   0.139216E+02   0.305985E+01   0.473328E+00
 0.265170E+01   0.255059E+01   0.139155E+02   0.306400E+01   0.474386E+00
 0.265960E+01   0.255335E+01   0.139166E+02   0.306812E+01   0.475441E+00
 0.266750E+01   0.255607E+01   0.139135E+02   0.307218E+01   0.476495E+00
 0.267540E+01   0.255877E+01   0.139063E+02   0.307620E+01   0.477548E+00
 0.268330E+01   0.256143E+01   0.139088E+02   0.308018E+01   0.478598E+00
 0.269120E+01   0.256405E+01   0.138984E+02   0.308411E+01   0.479647E+00
 0.269910E+01   0.256665E+01   0.138938E+02   0.308799E+01   0.480695E+00
 0.270700E+01   0.256921E+01   0.138952E+02   0.309183E+01   0.481740E+00
 0.271490E+01   0.257175E+01   0.138901E+02   0.309563E+01   0.482785E+00
 0.272280E+01   0.257425E+01   0.138885E+02   0.309938E+01   0.483827E+00
 0.273070E+01   0.257672E+01   0.138832E+02   0.310309E+01   0.484868E+00
 0.273860E+01   0.257916E+01   0.138796E+02   0.310676E+01   0.485907E+00
 0.274650E+01   0.258158E+01   0.138686E+02   0.311039E+01   0.486945E+00
 0.275440E+01   0.258396E+01   0.138718E+02   0.311398E+01   0.487981E+00
 0.276230E+01   0.258631E+01   0.138625E+02   0.311752E+01   0.489016E+00
 0.277020E+01   0.258864E+01   0.138592E+02   0.312103E+01   0.490049E+00
 0.277810E+01   0.259094E+01   0.138563E+02   0.312449E+01   0.491080E+00
 0.278600E+01   0.259321E+01   0.138505E+02   0.312792E+01   0.492109E+00
 0.279390E+01   0.259545E+01   0.138485E+02   0.313130E+01   0.493136E+00
 0.280180E+01   0.259767E+01   0.138453E+02   0.313465E+01   0.494162E+00
 0.280970E+01   0.259986E+01   0.138351E+02   0.313796E+01   0.495188E+00
