 0.100000E+00   0.301769E+00   0.139587E+03   0.303825E+00   0.209494E-01
 0.107900E+00   0.307261E+00   0.141584E+03   0.309369E+00   0.226034E-01
 0.115800E+00   0.307703E+00   0.141173E+03   0.309815E+00   0.242558E-01
 0.123700E+00   0.317373E+00   0.144988E+03   0.319580E+00   0.259075E-01
 0.131600E+00   0.313204E+00   0.143511E+03   0.315373E+00   0.275592E-01
 0.139500E+00   0.313771E+00   0.144857E+03   0.315950E+00   0.292109E-01
 0.147400E+00   0.303776E+00   0.142340E+03   0.305865E+00   0.308623E-01
 0.155300E+00   0.329433E+00   0.155747E+03   0.331778E+00   0.325132E-01
 0.163200E+00   0.365918E+00   0.175827E+03   0.368629E+00   0.341636E-01
 0.171100E+00   0.383280E+00   0.189157E+03   0.386185E+00   0.358135E-01
 0.179000E+00   0.379799E+00   0.193888E+03   0.382682E+00   0.374629E-01
 0.186900E+00   0.367143E+00   0.195480E+03   0.369916E+00   0.391119E-01
 0.194800E+00   0.347908E+00   0.195101E+03   0.350512E+00   0.407604E-01
 0.202700E+00   0.323974E+00   0.193584E+03   0.326368E+00   0.424083E-01
 0.210600E+00   0.301824E+00   0.194390E+03   0.304029E+00   0.440557E-01
 0.218500E+00   0.279679E+00   0.196727E+03   0.281698E+00   0.457026E-01
 0.226400E+00   0.248368E+00   0.194535E+03   0.250121E+00   0.473488E-01
 0.234300E+00   0.221990E+00   0.196385E+03   0.223524E+00   0.489945E-01
 0.242200E+00   0.186092E+00   0.190019E+03   0.187324E+00   0.506395E-01
 0.250100E+00   0.147705E+00   0.175618E+03   0.148618E+00   0.522840E-01
 0.258000E+00   0.119044E+00   0.161550E+03   0.119723E+00   0.539278E-01
 0.265900E+00   0.102045E+00   0.154219E+03   0.102591E+00   0.555709E-01
 0.273800E+00   0.888815E-01   0.140168E+03   0.893225E-01   0.572134E-01
 0.281700E+00   0.799196E-01   0.106095E+03   0.802860E-01   0.588552E-01
 0.289600E+00   0.782594E-01   0.829772E+02   0.786143E-01   0.604963E-01
 0.297500E+00   0.793830E-01   0.657485E+02   0.797519E-01   0.621367E-01
 0.305400E+00   0.817883E-01   0.538924E+02   0.821843E-01   0.637764E-01
 0.313300E+00   0.848616E-01   0.484403E+02   0.852929E-01   0.654154E-01
 0.321200E+00   0.882614E-01   0.432636E+02   0.887332E-01   0.670536E-01
 0.329100E+00   0.919131E-01   0.412650E+02   0.924302E-01   0.686911E-01
 0.337000E+00   0.957398E-01   0.404161E+02   0.963063E-01   0.703278E-01
 0.344900E+00   0.997108E-01   0.399566E+02   0.100331E+00   0.719637E-01
 0.352800E+00   0.103808E+00   0.391234E+02   0.104486E+00   0.735989E-01
 0.360700E+00   0.108018E+00   0.355139E+02   0.108757E+00   0.752333E-01
 0.368600E+00   0.112330E+00   0.326257E+02   0.113135E+00   0.768668E-01
 0.376500E+00   0.116734E+00   0.303273E+02   0.117609E+00   0.784996E-01
 0.384400E+00   0.121225E+00   0.284546E+02   0.122173E+00   0.801316E-01
 0.392300E+00   0.125797E+00   0.268997E+02   0.126823E+00   0.817627E-01
 0.400200E+00   0.130447E+00   0.255978E+02   0.131555E+00   0.833930E-01
 0.408100E+00   0.135169E+00   0.244857E+02   0.136364E+00   0.850225E-01
 0.416000E+00   0.139963E+00   0.235354E+02   0.141248E+00   0.866511E-01
 0.423900E+00   0.144824E+00   0.227084E+02   0.146205E+00   0.882788E-01
 0.431800E+00   0.149751E+00   0.219832E+02   0.151232E+00   0.899057E-01
 0.439700E+00   0.154742E+00   0.213414E+02   0.156327E+00   0.915317E-01
 0.447600E+00   0.159795E+00   0.207695E+02   0.161490E+00   0.931568E-01
 0.455500E+00   0.164910E+00   0.202626E+02   0.166719E+00   0.947810E-01
 0.463400E+00   0.170085E+00   0.198134E+02   0.172013E+00   0.964044E-01
 0.471300E+00   0.175320E+00   0.194028E+02   0.177372E+00   0.980268E-01
 0.479200E+00   0.180612E+00   0.190347E+02   0.182793E+00   0.996483E-01
 0.487100E+00   0.185960E+00   0.186969E+02   0.188275E+00   0.101269E+00
 0.495000E+00   0.191362E+00   0.183911E+02   0.193817E+00   0.102888E+00
 0.502900E+00   0.196824E+00   0.181101E+02   0.199423E+00   0.104507E+00
 0.510800E+00   0.202350E+00   0.178495E+02   0.205100E+00   0.106125E+00
 0.518700E+00   0.207941E+00   0.176158E+02   0.210847E+00   0.107742E+00
 0.526600E+00   0.213580E+00   0.173963E+02   0.216649E+00   0.109358E+00
 0.534500E+00   0.219250E+00   0.171922E+02   0.222486E+00   0.110972E+00
 0.542400E+00   0.224933E+00   0.170073E+02   0.228340E+00   0.112586E+00
 0.550300E+00   0.230622E+00   0.168382E+02   0.234205E+00   0.114199E+00
 0.558200E+00   0.236310E+00   0.166751E+02   0.240074E+00   0.115811E+00
 0.566100E+00   0.241996E+00   0.165297E+02   0.245944E+00   0.117422E+00
 0.574000E+00   0.247687E+00   0.163945E+02   0.251824E+00   0.119032E+00
 0.581900E+00   0.253397E+00   0.162725E+02   0.257728E+00   0.120641E+00
 0.589800E+00   0.259138E+00   0.161503E+02   0.263668E+00   0.122249E+00
 0.597700E+00   0.264915E+00   0.160373E+02   0.269650E+00   0.123856E+00
 0.605600E+00   0.270729E+00   0.159369E+02   0.275675E+00   0.125462E+00
 0.613500E+00   0.276582E+00   0.158363E+02   0.281744E+00   0.127067E+00
 0.621400E+00   0.282474E+00   0.157399E+02   0.287859E+00   0.128671E+00
 0.629300E+00   0.288410E+00   0.156517E+02   0.294023E+00   0.130274E+00
 0.637200E+00   0.294392E+00   0.155746E+02   0.300241E+00   0.131876E+00
 0.645100E+00   0.300424E+00   0.154890E+02   0.306514E+00   0.133477E+00
 0.653000E+00   0.306507E+00   0.154147E+02   0.312845E+00   0.135077E+00
 0.660900E+00   0.312643E+00   0.153452E+02   0.319237E+00   0.136675E+00
 0.668800E+00   0.318835E+00   0.152743E+02   0.325693E+00   0.138273E+00
 0.676700E+00   0.325086E+00   0.152121E+02   0.332214E+00   0.139870E+00
 0.684600E+00   0.331396E+00   0.151531E+02   0.338803E+00   0.141465E+00
 0.692500E+00   0.337770E+00   0.150939E+02   0.345463E+00   0.143060E+00
 0.700400E+00   0.344208E+00   0.150426E+02   0.352196E+00   0.144653E+00
 0.708300E+00   0.350714E+00   0.149807E+02   0.359006E+00   0.146245E+00
 0.716200E+00   0.357289E+00   0.149332E+02   0.365893E+00   0.147836E+00
 0.724100E+00   0.363936E+00   0.148825E+02   0.372861E+00   0.149426E+00
 0.732000E+00   0.370657E+00   0.148397E+02   0.379913E+00   0.151015E+00
 0.739900E+00   0.377454E+00   0.147994E+02   0.387051E+00   0.152603E+00
 0.747800E+00   0.384329E+00   0.147528E+02   0.394277E+00   0.154189E+00
 0.755700E+00   0.391284E+00   0.147156E+02   0.401594E+00   0.155774E+00
 0.763600E+00   0.398323E+00   0.146731E+02   0.409004E+00   0.157358E+00
 0.771500E+00   0.405446E+00   0.146351E+02   0.416510E+00   0.158941E+00
 0.779400E+00   0.412656E+00   0.146019E+02   0.424115E+00   0.160523E+00
 0.787300E+00   0.419955E+00   0.145695E+02   0.431820E+00   0.162103E+00
 0.795200E+00   0.427345E+00   0.145353E+02   0.439629E+00   0.163682E+00
 0.803100E+00   0.434828E+00   0.145035E+02   0.447544E+00   0.165260E+00
 0.811000E+00   0.442407E+00   0.144703E+02   0.455568E+00   0.166836E+00
 0.818900E+00   0.450083E+00   0.144378E+02   0.463702E+00   0.168411E+00
 0.826800E+00   0.457859E+00   0.144175E+02   0.471950E+00   0.169985E+00
 0.834700E+00   0.465736E+00   0.143874E+02   0.480313E+00   0.171557E+00
 0.842600E+00   0.473716E+00   0.143650E+02   0.488794E+00   0.173128E+00
 0.850500E+00   0.481802E+00   0.143367E+02   0.497396E+00   0.174698E+00
 0.858400E+00   0.489994E+00   0.143185E+02   0.506121E+00   0.176266E+00
 0.866300E+00   0.498295E+00   0.142951E+02   0.514971E+00   0.177833E+00
 0.874200E+00   0.506707E+00   0.142782E+02   0.523948E+00   0.179399E+00
 0.882100E+00   0.515232E+00   0.142496E+02   0.533054E+00   0.180963E+00
 0.890000E+00   0.523870E+00   0.142366E+02   0.542292E+00   0.182525E+00
 0.897900E+00   0.532624E+00   0.142184E+02   0.551664E+00   0.184086E+00
 0.905800E+00   0.541494E+00   0.142004E+02   0.561172E+00   0.185646E+00
 0.913700E+00   0.550483E+00   0.141848E+02   0.570817E+00   0.187204E+00
 0.921600E+00   0.559592E+00   0.141694E+02   0.580602E+00   0.188760E+00
 0.929500E+00   0.568822E+00   0.141565E+02   0.590528E+00   0.190315E+00
 0.937400E+00   0.578174E+00   0.141337E+02   0.600598E+00   0.191868E+00
 0.945300E+00   0.587650E+00   0.141210E+02   0.610812E+00   0.193420E+00
 0.953200E+00   0.597249E+00   0.141180E+02   0.621173E+00   0.194970E+00
 0.961100E+00   0.606974E+00   0.141032E+02   0.631681E+00   0.196518E+00
 0.969000E+00   0.616825E+00   0.140907E+02   0.642339E+00   0.198065E+00
 0.976900E+00   0.626802E+00   0.140782E+02   0.653147E+00   0.199610E+00
 0.984800E+00   0.636906E+00   0.140757E+02   0.664106E+00   0.201153E+00
 0.992700E+00   0.647138E+00   0.140631E+02   0.675218E+00   0.202695E+00
 0.100060E+01   0.657497E+00   0.140565E+02   0.686483E+00   0.204235E+00
 0.100850E+01   0.667984E+00   0.140502E+02   0.697902E+00   0.205773E+00
 0.101640E+01   0.678599E+00   0.140373E+02   0.709476E+00   0.207309E+00
 0.102430E+01   0.689342E+00   0.140322E+02   0.721205E+00   0.208844E+00
 0.103220E+01   0.700213E+00   0.140265E+02   0.733090E+00   0.210376E+00
 0.104010E+01   0.711210E+00   0.140233E+02   0.745129E+00   0.211907E+00
 0.104800E+01   0.722334E+00   0.140187E+02   0.757325E+00   0.213436E+00
 0.105590E+01   0.733584E+00   0.140176E+02   0.769676E+00   0.214963E+00
 0.106380E+01   0.744959E+00   0.140066E+02   0.782182E+00   0.216488E+00
 0.107170E+01   0.756457E+00   0.140027E+02   0.794843E+00   0.218011E+00
 0.107960E+01   0.768079E+00   0.140069E+02   0.807657E+00   0.219532E+00
 0.108750E+01   0.779822E+00   0.140011E+02   0.820625E+00   0.221051E+00
 0.109540E+01   0.791685E+00   0.139968E+02   0.833745E+00   0.222568E+00
 0.110330E+01   0.803666E+00   0.140000E+02   0.847016E+00   0.224084E+00
 0.111120E+01   0.815764E+00   0.139956E+02   0.860437E+00   0.225597E+00
 0.111910E+01   0.827976E+00   0.139972E+02   0.874005E+00   0.227108E+00
 0.112700E+01   0.840301E+00   0.139989E+02   0.887721E+00   0.228616E+00
 0.113490E+01   0.852735E+00   0.140007E+02   0.901580E+00   0.230123E+00
 0.114280E+01   0.865278E+00   0.139931E+02   0.915582E+00   0.231628E+00
 0.115070E+01   0.877925E+00   0.140028E+02   0.929724E+00   0.233130E+00
 0.115860E+01   0.890675E+00   0.139961E+02   0.944004E+00   0.234630E+00
 0.116650E+01   0.903524E+00   0.140011E+02   0.958419E+00   0.236128E+00
 0.117440E+01   0.916470E+00   0.140004E+02   0.972966E+00   0.237624E+00
 0.118230E+01   0.929509E+00   0.140029E+02   0.987643E+00   0.239118E+00
 0.119020E+01   0.942639E+00   0.140092E+02   0.100245E+01   0.240609E+00
 0.119810E+01   0.955855E+00   0.140098E+02   0.101737E+01   0.242098E+00
 0.120600E+01   0.969154E+00   0.140154E+02   0.103242E+01   0.243585E+00
 0.121390E+01   0.982533E+00   0.140172E+02   0.104758E+01   0.245069E+00
 0.122180E+01   0.995987E+00   0.140242E+02   0.106286E+01   0.246551E+00
 0.122970E+01   0.100951E+01   0.140213E+02   0.107824E+01   0.248031E+00
 0.123760E+01   0.102311E+01   0.140277E+02   0.109373E+01   0.249508E+00
 0.124550E+01   0.103677E+01   0.140285E+02   0.110932E+01   0.250983E+00
 0.125340E+01   0.105049E+01   0.140316E+02   0.112501E+01   0.252455E+00
 0.126130E+01   0.106426E+01   0.140361E+02   0.114079E+01   0.253925E+00
 0.126920E+01   0.107809E+01   0.140411E+02   0.115666E+01   0.255393E+00
 0.127710E+01   0.109196E+01   0.140476E+02   0.117261E+01   0.256858E+00
 0.128500E+01   0.110588E+01   0.140514E+02   0.118864E+01   0.258321E+00
 0.129290E+01   0.111984E+01   0.140587E+02   0.120474E+01   0.259781E+00
 0.130080E+01   0.113383E+01   0.140655E+02   0.122092E+01   0.261238E+00
 0.130870E+01   0.114785E+01   0.140737E+02   0.123716E+01   0.262693E+00
 0.131660E+01   0.116190E+01   0.140737E+02   0.125346E+01   0.264146E+00
 0.132450E+01   0.117597E+01   0.140759E+02   0.126982E+01   0.265596E+00
 0.133240E+01   0.119005E+01   0.140825E+02   0.128623E+01   0.267043E+00
 0.134030E+01   0.120415E+01   0.140880E+02   0.130268E+01   0.268488E+00
 0.134820E+01   0.121826E+01   0.140934E+02   0.131918E+01   0.269930E+00
 0.135610E+01   0.123237E+01   0.140982E+02   0.133571E+01   0.271370E+00
 0.136400E+01   0.124648E+01   0.141108E+02   0.135227E+01   0.272807E+00
 0.137190E+01   0.126059E+01   0.141168E+02   0.136886E+01   0.274241E+00
 0.137980E+01   0.127469E+01   0.141171E+02   0.138548E+01   0.275673E+00
 0.138770E+01   0.128877E+01   0.141269E+02   0.140210E+01   0.277102E+00
 0.139560E+01   0.130284E+01   0.141281E+02   0.141875E+01   0.278529E+00
 0.140350E+01   0.131689E+01   0.141301E+02   0.143540E+01   0.279952E+00
 0.141140E+01   0.133091E+01   0.141358E+02   0.145205E+01   0.281373E+00
 0.141930E+01   0.134490E+01   0.141495E+02   0.146870E+01   0.282792E+00
 0.142720E+01   0.135887E+01   0.141505E+02   0.148534E+01   0.284207E+00
 0.143510E+01   0.137279E+01   0.141549E+02   0.150198E+01   0.285620E+00
 0.144300E+01   0.138668E+01   0.141569E+02   0.151860E+01   0.287030E+00
 0.145090E+01   0.140052E+01   0.141715E+02   0.153520E+01   0.288438E+00
 0.145880E+01   0.141432E+01   0.141692E+02   0.155178E+01   0.289843E+00
 0.146670E+01   0.142806E+01   0.141759E+02   0.156832E+01   0.291245E+00
 0.147460E+01   0.144176E+01   0.141852E+02   0.158484E+01   0.292644E+00
 0.148250E+01   0.145539E+01   0.141897E+02   0.160132E+01   0.294041E+00
 0.149040E+01   0.146897E+01   0.141917E+02   0.161776E+01   0.295435E+00
 0.149830E+01   0.148249E+01   0.141934E+02   0.163416E+01   0.296826E+00
 0.150620E+01   0.149594E+01   0.142003E+02   0.165051E+01   0.298214E+00
 0.151410E+01   0.150932E+01   0.142072E+02   0.166682E+01   0.299600E+00
 0.152200E+01   0.152263E+01   0.142078E+02   0.168306E+01   0.300983E+00
 0.152990E+01   0.153587E+01   0.142098E+02   0.169925E+01   0.302363E+00
 0.153780E+01   0.154903E+01   0.142231E+02   0.171538E+01   0.303740E+00
 0.154570E+01   0.156212E+01   0.142255E+02   0.173144E+01   0.305115E+00
 0.155360E+01   0.157513E+01   0.142296E+02   0.174744E+01   0.306487E+00
 0.156150E+01   0.158805E+01   0.142293E+02   0.176337E+01   0.307856E+00
 0.156940E+01   0.160089E+01   0.142326E+02   0.177922E+01   0.309222E+00
 0.157730E+01   0.161365E+01   0.142430E+02   0.179500E+01   0.310585E+00
 0.158520E+01   0.162632E+01   0.142467E+02   0.181070E+01   0.311946E+00
 0.159310E+01   0.163889E+01   0.142493E+02   0.182632E+01   0.313304E+00
 0.160100E+01   0.165138E+01   0.142499E+02   0.184186E+01   0.314660E+00
 0.160890E+01   0.166378E+01   0.142477E+02   0.185731E+01   0.316012E+00
 0.161680E+01   0.167608E+01   0.142565E+02   0.187268E+01   0.317362E+00
 0.162470E+01   0.168829E+01   0.142573E+02   0.188796E+01   0.318709E+00
 0.163260E+01   0.170041E+01   0.142607E+02   0.190314E+01   0.320053E+00
 0.164050E+01   0.171242E+01   0.142649E+02   0.191823E+01   0.321395E+00
 0.164840E+01   0.172434E+01   0.142640E+02   0.193323E+01   0.322734E+00
 0.165630E+01   0.173616E+01   0.142684E+02   0.194813E+01   0.324070E+00
 0.166420E+01   0.174788E+01   0.142769E+02   0.196293E+01   0.325403E+00
 0.167210E+01   0.175950E+01   0.142754E+02   0.197763E+01   0.326734E+00
 0.168000E+01   0.177102E+01   0.142818E+02   0.199223E+01   0.328062E+00
 0.168790E+01   0.178243E+01   0.142832E+02   0.200673E+01   0.329387E+00
 0.169580E+01   0.179375E+01   0.142861E+02   0.202112E+01   0.330709E+00
 0.170370E+01   0.180496E+01   0.142800E+02   0.203541E+01   0.332029E+00
 0.171160E+01   0.181607E+01   0.142859E+02   0.204960E+01   0.333346E+00
 0.171950E+01   0.182707E+01   0.142904E+02   0.206367E+01   0.334661E+00
 0.172740E+01   0.183798E+01   0.142908E+02   0.207764E+01   0.335972E+00
 0.173530E+01   0.184878E+01   0.142882E+02   0.209151E+01   0.337281E+00
 0.174320E+01   0.185947E+01   0.142945E+02   0.210526E+01   0.338588E+00
 0.175110E+01   0.187006E+01   0.142901E+02   0.211890E+01   0.339891E+00
 0.175900E+01   0.188055E+01   0.142911E+02   0.213243E+01   0.341192E+00
 0.176690E+01   0.189093E+01   0.142992E+02   0.214586E+01   0.342491E+00
 0.177480E+01   0.190121E+01   0.142986E+02   0.215917E+01   0.343786E+00
 0.178270E+01   0.191139E+01   0.142946E+02   0.217237E+01   0.345079E+00
 0.179060E+01   0.192146E+01   0.143015E+02   0.218546E+01   0.346370E+00
 0.179850E+01   0.193143E+01   0.143002E+02   0.219843E+01   0.347658E+00
 0.180640E+01   0.194130E+01   0.142940E+02   0.221129E+01   0.348943E+00
 0.181430E+01   0.195106E+01   0.142978E+02   0.222405E+01   0.350225E+00
 0.182220E+01   0.196072E+01   0.142992E+02   0.223668E+01   0.351505E+00
 0.183010E+01   0.197028E+01   0.143014E+02   0.224921E+01   0.352783E+00
 0.183800E+01   0.197974E+01   0.143032E+02   0.226162E+01   0.354058E+00
 0.184590E+01   0.198910E+01   0.142956E+02   0.227393E+01   0.355330E+00
 0.185380E+01   0.199835E+01   0.142945E+02   0.228612E+01   0.356599E+00
 0.186170E+01   0.200751E+01   0.143009E+02   0.229819E+01   0.357866E+00
 0.186960E+01   0.201657E+01   0.142986E+02   0.231016E+01   0.359131E+00
 0.187750E+01   0.202553E+01   0.143013E+02   0.232201E+01   0.360393E+00
 0.188540E+01   0.203439E+01   0.143015E+02   0.233375E+01   0.361652E+00
 0.189330E+01   0.204315E+01   0.142999E+02   0.234538E+01   0.362909E+00
 0.190120E+01   0.205182E+01   0.142952E+02   0.235690E+01   0.364164E+00
 0.190910E+01   0.206038E+01   0.142980E+02   0.236831E+01   0.365416E+00
 0.191700E+01   0.206886E+01   0.142897E+02   0.237961E+01   0.366665E+00
 0.192490E+01   0.207724E+01   0.142919E+02   0.239080E+01   0.367912E+00
 0.193280E+01   0.208552E+01   0.142930E+02   0.240189E+01   0.369156E+00
 0.194070E+01   0.209371E+01   0.142886E+02   0.241286E+01   0.370398E+00
 0.194860E+01   0.210181E+01   0.142948E+02   0.242372E+01   0.371638E+00
 0.195650E+01   0.210981E+01   0.142925E+02   0.243448E+01   0.372875E+00
 0.196440E+01   0.211773E+01   0.142862E+02   0.244513E+01   0.374109E+00
 0.197230E+01   0.212555E+01   0.142842E+02   0.245567E+01   0.375341E+00
 0.198020E+01   0.213328E+01   0.142852E+02   0.246611E+01   0.376571E+00
 0.198810E+01   0.214093E+01   0.142781E+02   0.247645E+01   0.377798E+00
 0.199600E+01   0.214848E+01   0.142773E+02   0.248667E+01   0.379023E+00
 0.200390E+01   0.215595E+01   0.142844E+02   0.249680E+01   0.380246E+00
 0.201180E+01   0.216334E+01   0.142779E+02   0.250682E+01   0.381466E+00
 0.201970E+01   0.217063E+01   0.142796E+02   0.251674E+01   0.382684E+00
 0.202760E+01   0.217784E+01   0.142755E+02   0.252656E+01   0.383899E+00
 0.203550E+01   0.218497E+01   0.142672E+02   0.253627E+01   0.385112E+00
 0.204340E+01   0.219201E+01   0.142696E+02   0.254589E+01   0.386323E+00
 0.205130E+01   0.219897E+01   0.142645E+02   0.255540E+01   0.387531E+00
 0.205920E+01   0.220585E+01   0.142693E+02   0.256482E+01   0.388737E+00
 0.206710E+01   0.221265E+01   0.142626E+02   0.257414E+01   0.389941E+00
 0.207500E+01   0.221937E+01   0.142586E+02   0.258336E+01   0.391142E+00
 0.208290E+01   0.222600E+01   0.142544E+02   0.259248E+01   0.392341E+00
 0.209080E+01   0.223256E+01   0.142523E+02   0.260151E+01   0.393538E+00
 0.209870E+01   0.223905E+01   0.142592E+02   0.261045E+01   0.394732E+00
 0.210660E+01   0.224545E+01   0.142544E+02   0.261929E+01   0.395924E+00
 0.211450E+01   0.225178E+01   0.142508E+02   0.262803E+01   0.397114E+00
 0.212240E+01   0.225803E+01   0.142460E+02   0.263668E+01   0.398302E+00
 0.213030E+01   0.226421E+01   0.142392E+02   0.264525E+01   0.399487E+00
 0.213820E+01   0.227032E+01   0.142400E+02   0.265371E+01   0.400671E+00
 0.214610E+01   0.227635E+01   0.142342E+02   0.266209E+01   0.401852E+00
 0.215400E+01   0.228231E+01   0.142358E+02   0.267038E+01   0.403030E+00
 0.216190E+01   0.228820E+01   0.142378E+02   0.267858E+01   0.404207E+00
 0.216980E+01   0.229402E+01   0.142321E+02   0.268670E+01   0.405381E+00
 0.217770E+01   0.229977E+01   0.142276E+02   0.269472E+01   0.406554E+00
 0.218560E+01   0.230545E+01   0.142279E+02   0.270266E+01   0.407724E+00
 0.219350E+01   0.231106E+01   0.142261E+02   0.271052E+01   0.408891E+00
 0.220140E+01   0.231661E+01   0.142152E+02   0.271829E+01   0.410057E+00
 0.220930E+01   0.232209E+01   0.142140E+02   0.272597E+01   0.411221E+00
 0.221720E+01   0.232750E+01   0.142101E+02   0.273357E+01   0.412382E+00
 0.222510E+01   0.233285E+01   0.142090E+02   0.274109E+01   0.413541E+00
 0.223300E+01   0.233813E+01   0.142076E+02   0.274853E+01   0.414699E+00
 0.224090E+01   0.234335E+01   0.142035E+02   0.275588E+01   0.415854E+00
 0.224880E+01   0.234851E+01   0.141983E+02   0.276316E+01   0.417006E+00
 0.225670E+01   0.235360E+01   0.141960E+02   0.277036E+01   0.418157E+00
 0.226460E+01   0.235864E+01   0.141962E+02   0.277748E+01   0.419306E+00
 0.227250E+01   0.236361E+01   0.141848E+02   0.278452E+01   0.420453E+00
 0.228040E+01   0.236852E+01   0.141829E+02   0.279148E+01   0.421597E+00
 0.228830E+01   0.237338E+01   0.141834E+02   0.279837E+01   0.422740E+00
 0.229620E+01   0.237817E+01   0.141810E+02   0.280518E+01   0.423881E+00
 0.230410E+01   0.238291E+01   0.141786E+02   0.281192E+01   0.425019E+00
 0.231200E+01   0.238759E+01   0.141682E+02   0.281858E+01   0.426156E+00
 0.231990E+01   0.239221E+01   0.141635E+02   0.282517E+01   0.427290E+00
 0.232780E+01   0.239678E+01   0.141651E+02   0.283169E+01   0.428422E+00
 0.233570E+01   0.240130E+01   0.141633E+02   0.283814E+01   0.429553E+00
 0.234360E+01   0.240575E+01   0.141607E+02   0.284451E+01   0.430681E+00
 0.235150E+01   0.241016E+01   0.141543E+02   0.285082E+01   0.431808E+00
 0.235940E+01   0.241451E+01   0.141531E+02   0.285706E+01   0.432932E+00
 0.236730E+01   0.241881E+01   0.141475E+02   0.286322E+01   0.434055E+00
 0.237520E+01   0.242306E+01   0.141418E+02   0.286932E+01   0.435175E+00
 0.238310E+01   0.242725E+01   0.141426E+02   0.287535E+01   0.436294E+00
 0.239100E+01   0.243140E+01   0.141333E+02   0.288132E+01   0.437411E+00
 0.239890E+01   0.243550E+01   0.141320E+02   0.288722E+01   0.438525E+00
 0.240680E+01   0.243954E+01   0.141256E+02   0.289305E+01   0.439638E+00
 0.241470E+01   0.244354E+01   0.141200E+02   0.289882E+01   0.440749E+00
 0.242260E+01   0.244749E+01   0.141171E+02   0.290452E+01   0.441858E+00
 0.243050E+01   0.245139E+01   0.141113E+02   0.291017E+01   0.442965E+00
 0.243840E+01   0.245525E+01   0.141130E+02   0.291574E+01   0.444070E+00
 0.244630E+01   0.245905E+01   0.141069E+02   0.292126E+01   0.445174E+00
 0.245420E+01   0.246282E+01   0.140998E+02   0.292672E+01   0.446275E+00
 0.246210E+01   0.246653E+01   0.140992E+02   0.293211E+01   0.447375E+00
 0.247000E+01   0.247021E+01   0.140942E+02   0.293745E+01   0.448472E+00
 0.247790E+01   0.247383E+01   0.140875E+02   0.294272E+01   0.449568E+00
 0.248580E+01   0.247742E+01   0.140917E+02   0.294794E+01   0.450662E+00
 0.249370E+01   0.248096E+01   0.140878E+02   0.295310E+01   0.451755E+00
 0.250160E+01   0.248446E+01   0.140751E+02   0.295820E+01   0.452845E+00
 0.250950E+01   0.248791E+01   0.140743E+02   0.296325E+01   0.453934E+00
 0.251740E+01   0.249133E+01   0.140738E+02   0.296824E+01   0.455020E+00
 0.252530E+01   0.249470E+01   0.140651E+02   0.297317E+01   0.456105E+00
 0.253320E+01   0.249803E+01   0.140683E+02   0.297805E+01   0.457189E+00
 0.254110E+01   0.250133E+01   0.140552E+02   0.298287E+01   0.458270E+00
 0.254900E+01   0.250458E+01   0.140509E+02   0.298764E+01   0.459350E+00
 0.255690E+01   0.250779E+01   0.140494E+02   0.299236E+01   0.460427E+00
 0.256480E+01   0.251097E+01   0.140454E+02   0.299702E+01   0.461504E+00
 0.257270E+01   0.251411E+01   0.140418E+02   0.300163E+01   0.462578E+00
 0.258060E+01   0.251721E+01   0.140421E+02   0.300619E+01   0.463650E+00
 0.258850E+01   0.252027E+01   0.140358E+02   0.301070E+01   0.464721E+00
 0.259640E+01   0.252329E+01   0.140281E+02   0.301516E+01   0.465791E+00
 0.260430E+01   0.252628E+01   0.140271E+02   0.301957E+01   0.466858E+00
 0.261220E+01   0.252923E+01   0.140236E+02   0.302393E+01   0.467924E+00
 0.262010E+01   0.253215E+01   0.140136E+02   0.302824E+01   0.468988E+00
 0.262800E+01   0.253503E+01   0.140160E+02   0.303250E+01   0.470050E+00
 0.263590E+01   0.253788E+01   0.140130E+02   0.303672E+01   0.471110E+00
 0.264380E+01   0.254069E+01   0.140015E+02   0.304089E+01   0.472169E+00
 0.265170E+01   0.254347E+01   0.140048E+02   0.304501E+01   0.473227E+00
 0.265960E+01   0.254622E+01   0.139986E+02   0.304908E+01   0.474282E+00
 0.266750E+01   0.254893E+01   0.139904E+02   0.305311E+01   0.475336E+00
 0.267540E+01   0.255161E+01   0.139858E+02   0.305709E+01   0.476388E+00
 0.268330E+01   0.255426E+01   0.139820E+02   0.306103E+01   0.477439E+00
 0.269120E+01   0.255688E+01   0.139841E+02   0.306492E+01   0.478488E+00
 0.269910E+01   0.255946E+01   0.139764E+02   0.306878E+01   0.479535E+00
 0.270700E+01   0.256202E+01   0.139696E+02   0.307258E+01   0.480581E+00
 0.271490E+01   0.256454E+01   0.139624E+02   0.307635E+01   0.481625E+00
 0.272280E+01   0.256703E+01   0.139667E+02   0.308007E+01   0.482667E+00
 0.273070E+01   0.256950E+01   0.139549E+02   0.308375E+01   0.483708E+00
 0.273860E+01   0.257193E+01   0.139574E+02   0.308739E+01   0.484747E+00
 0.274650E+01   0.257434E+01   0.139452E+02   0.309098E+01   0.485785E+00
 0.275440E+01   0.257671E+01   0.139440E+02   0.309454E+01   0.486821E+00
 0.276230E+01   0.257906E+01   0.139388E+02   0.309806E+01   0.487856E+00
 0.277020E+01   0.258137E+01   0.139381E+02   0.310153E+01   0.488889E+00
 0.277810E+01   0.258367E+01   0.139353E+02   0.310497E+01   0.489920E+00
 0.278600E+01   0.258593E+01   0.139313E+02   0.310837E+01   0.490950E+00
 0.279390E+01   0.258817E+01   0.139225E+02   0.311173E+01   0.491977E+00
 0.280180E+01   0.259038E+01   0.139213E+02   0.311505E+01   0.493003E+00
 0.280970E+01   0.259256E+01   0.139105E+02   0.311834E+01   0.494028E+00
 0.281760E+01   0.259471E+01   0.139075E+02   0.312158E+01   0.495052E+00
